[2023-01-09T16:45:57.989-0500] {processor.py:153} INFO - Started process (PID=39075) to work on /Library/Frameworks/Python.framework/Versions/3.9/lib/python3.9/site-packages/airflow/example_dags/subdags/subdag.py
[2023-01-09T16:45:57.994-0500] {processor.py:743} INFO - Processing file /Library/Frameworks/Python.framework/Versions/3.9/lib/python3.9/site-packages/airflow/example_dags/subdags/subdag.py for tasks to queue
[2023-01-09T16:45:57.994-0500] {logging_mixin.py:137} INFO - [2023-01-09T16:45:57.994-0500] {dagbag.py:538} INFO - Filling up the DagBag from /Library/Frameworks/Python.framework/Versions/3.9/lib/python3.9/site-packages/airflow/example_dags/subdags/subdag.py
[2023-01-09T16:45:58.010-0500] {processor.py:755} WARNING - No viable dags retrieved from /Library/Frameworks/Python.framework/Versions/3.9/lib/python3.9/site-packages/airflow/example_dags/subdags/subdag.py
[2023-01-09T16:45:58.647-0500] {processor.py:175} INFO - Processing /Library/Frameworks/Python.framework/Versions/3.9/lib/python3.9/site-packages/airflow/example_dags/subdags/subdag.py took 0.658 seconds
[2023-01-09T16:47:57.049-0500] {processor.py:153} INFO - Started process (PID=39220) to work on /Library/Frameworks/Python.framework/Versions/3.9/lib/python3.9/site-packages/airflow/example_dags/subdags/subdag.py
[2023-01-09T16:47:57.054-0500] {processor.py:743} INFO - Processing file /Library/Frameworks/Python.framework/Versions/3.9/lib/python3.9/site-packages/airflow/example_dags/subdags/subdag.py for tasks to queue
[2023-01-09T16:47:57.055-0500] {logging_mixin.py:137} INFO - [2023-01-09T16:47:57.054-0500] {dagbag.py:538} INFO - Filling up the DagBag from /Library/Frameworks/Python.framework/Versions/3.9/lib/python3.9/site-packages/airflow/example_dags/subdags/subdag.py
[2023-01-09T16:47:57.070-0500] {processor.py:755} WARNING - No viable dags retrieved from /Library/Frameworks/Python.framework/Versions/3.9/lib/python3.9/site-packages/airflow/example_dags/subdags/subdag.py
[2023-01-09T16:47:57.799-0500] {processor.py:175} INFO - Processing /Library/Frameworks/Python.framework/Versions/3.9/lib/python3.9/site-packages/airflow/example_dags/subdags/subdag.py took 0.751 seconds
[2023-01-09T16:49:23.623-0500] {processor.py:153} INFO - Started process (PID=39277) to work on /Library/Frameworks/Python.framework/Versions/3.9/lib/python3.9/site-packages/airflow/example_dags/subdags/subdag.py
[2023-01-09T16:49:23.628-0500] {processor.py:743} INFO - Processing file /Library/Frameworks/Python.framework/Versions/3.9/lib/python3.9/site-packages/airflow/example_dags/subdags/subdag.py for tasks to queue
[2023-01-09T16:49:23.628-0500] {logging_mixin.py:137} INFO - [2023-01-09T16:49:23.628-0500] {dagbag.py:538} INFO - Filling up the DagBag from /Library/Frameworks/Python.framework/Versions/3.9/lib/python3.9/site-packages/airflow/example_dags/subdags/subdag.py
[2023-01-09T16:49:23.646-0500] {processor.py:755} WARNING - No viable dags retrieved from /Library/Frameworks/Python.framework/Versions/3.9/lib/python3.9/site-packages/airflow/example_dags/subdags/subdag.py
[2023-01-09T16:49:24.356-0500] {processor.py:175} INFO - Processing /Library/Frameworks/Python.framework/Versions/3.9/lib/python3.9/site-packages/airflow/example_dags/subdags/subdag.py took 0.733 seconds
[2023-01-09T16:50:46.349-0500] {processor.py:153} INFO - Started process (PID=39315) to work on /Library/Frameworks/Python.framework/Versions/3.9/lib/python3.9/site-packages/airflow/example_dags/subdags/subdag.py
[2023-01-09T16:50:46.355-0500] {processor.py:743} INFO - Processing file /Library/Frameworks/Python.framework/Versions/3.9/lib/python3.9/site-packages/airflow/example_dags/subdags/subdag.py for tasks to queue
[2023-01-09T16:50:46.356-0500] {logging_mixin.py:137} INFO - [2023-01-09T16:50:46.355-0500] {dagbag.py:538} INFO - Filling up the DagBag from /Library/Frameworks/Python.framework/Versions/3.9/lib/python3.9/site-packages/airflow/example_dags/subdags/subdag.py
[2023-01-09T16:50:46.372-0500] {processor.py:755} WARNING - No viable dags retrieved from /Library/Frameworks/Python.framework/Versions/3.9/lib/python3.9/site-packages/airflow/example_dags/subdags/subdag.py
[2023-01-09T16:50:47.142-0500] {processor.py:175} INFO - Processing /Library/Frameworks/Python.framework/Versions/3.9/lib/python3.9/site-packages/airflow/example_dags/subdags/subdag.py took 0.793 seconds
[2023-01-09T16:52:15.086-0500] {processor.py:153} INFO - Started process (PID=39367) to work on /Library/Frameworks/Python.framework/Versions/3.9/lib/python3.9/site-packages/airflow/example_dags/subdags/subdag.py
[2023-01-09T16:52:15.092-0500] {processor.py:743} INFO - Processing file /Library/Frameworks/Python.framework/Versions/3.9/lib/python3.9/site-packages/airflow/example_dags/subdags/subdag.py for tasks to queue
[2023-01-09T16:52:15.092-0500] {logging_mixin.py:137} INFO - [2023-01-09T16:52:15.092-0500] {dagbag.py:538} INFO - Filling up the DagBag from /Library/Frameworks/Python.framework/Versions/3.9/lib/python3.9/site-packages/airflow/example_dags/subdags/subdag.py
[2023-01-09T16:52:15.107-0500] {processor.py:755} WARNING - No viable dags retrieved from /Library/Frameworks/Python.framework/Versions/3.9/lib/python3.9/site-packages/airflow/example_dags/subdags/subdag.py
[2023-01-09T16:52:15.742-0500] {processor.py:175} INFO - Processing /Library/Frameworks/Python.framework/Versions/3.9/lib/python3.9/site-packages/airflow/example_dags/subdags/subdag.py took 0.656 seconds
[2023-01-09T16:53:37.056-0500] {processor.py:153} INFO - Started process (PID=39411) to work on /Library/Frameworks/Python.framework/Versions/3.9/lib/python3.9/site-packages/airflow/example_dags/subdags/subdag.py
[2023-01-09T16:53:37.061-0500] {processor.py:743} INFO - Processing file /Library/Frameworks/Python.framework/Versions/3.9/lib/python3.9/site-packages/airflow/example_dags/subdags/subdag.py for tasks to queue
[2023-01-09T16:53:37.061-0500] {logging_mixin.py:137} INFO - [2023-01-09T16:53:37.061-0500] {dagbag.py:538} INFO - Filling up the DagBag from /Library/Frameworks/Python.framework/Versions/3.9/lib/python3.9/site-packages/airflow/example_dags/subdags/subdag.py
[2023-01-09T16:53:37.076-0500] {processor.py:755} WARNING - No viable dags retrieved from /Library/Frameworks/Python.framework/Versions/3.9/lib/python3.9/site-packages/airflow/example_dags/subdags/subdag.py
[2023-01-09T16:53:37.748-0500] {processor.py:175} INFO - Processing /Library/Frameworks/Python.framework/Versions/3.9/lib/python3.9/site-packages/airflow/example_dags/subdags/subdag.py took 0.693 seconds
[2023-01-09T16:55:01.639-0500] {processor.py:153} INFO - Started process (PID=39467) to work on /Library/Frameworks/Python.framework/Versions/3.9/lib/python3.9/site-packages/airflow/example_dags/subdags/subdag.py
[2023-01-09T16:55:01.644-0500] {processor.py:743} INFO - Processing file /Library/Frameworks/Python.framework/Versions/3.9/lib/python3.9/site-packages/airflow/example_dags/subdags/subdag.py for tasks to queue
[2023-01-09T16:55:01.645-0500] {logging_mixin.py:137} INFO - [2023-01-09T16:55:01.645-0500] {dagbag.py:538} INFO - Filling up the DagBag from /Library/Frameworks/Python.framework/Versions/3.9/lib/python3.9/site-packages/airflow/example_dags/subdags/subdag.py
[2023-01-09T16:55:01.660-0500] {processor.py:755} WARNING - No viable dags retrieved from /Library/Frameworks/Python.framework/Versions/3.9/lib/python3.9/site-packages/airflow/example_dags/subdags/subdag.py
[2023-01-09T16:55:02.361-0500] {processor.py:175} INFO - Processing /Library/Frameworks/Python.framework/Versions/3.9/lib/python3.9/site-packages/airflow/example_dags/subdags/subdag.py took 0.722 seconds
[2023-01-09T16:56:31.002-0500] {processor.py:153} INFO - Started process (PID=40846) to work on /Library/Frameworks/Python.framework/Versions/3.9/lib/python3.9/site-packages/airflow/example_dags/subdags/subdag.py
[2023-01-09T16:56:31.008-0500] {processor.py:743} INFO - Processing file /Library/Frameworks/Python.framework/Versions/3.9/lib/python3.9/site-packages/airflow/example_dags/subdags/subdag.py for tasks to queue
[2023-01-09T16:56:31.009-0500] {logging_mixin.py:137} INFO - [2023-01-09T16:56:31.009-0500] {dagbag.py:538} INFO - Filling up the DagBag from /Library/Frameworks/Python.framework/Versions/3.9/lib/python3.9/site-packages/airflow/example_dags/subdags/subdag.py
[2023-01-09T16:56:31.026-0500] {processor.py:755} WARNING - No viable dags retrieved from /Library/Frameworks/Python.framework/Versions/3.9/lib/python3.9/site-packages/airflow/example_dags/subdags/subdag.py
[2023-01-09T16:56:31.905-0500] {processor.py:175} INFO - Processing /Library/Frameworks/Python.framework/Versions/3.9/lib/python3.9/site-packages/airflow/example_dags/subdags/subdag.py took 0.904 seconds
[2023-01-09T16:58:03.976-0500] {processor.py:153} INFO - Started process (PID=40998) to work on /Library/Frameworks/Python.framework/Versions/3.9/lib/python3.9/site-packages/airflow/example_dags/subdags/subdag.py
[2023-01-09T16:58:03.982-0500] {processor.py:743} INFO - Processing file /Library/Frameworks/Python.framework/Versions/3.9/lib/python3.9/site-packages/airflow/example_dags/subdags/subdag.py for tasks to queue
[2023-01-09T16:58:03.982-0500] {logging_mixin.py:137} INFO - [2023-01-09T16:58:03.982-0500] {dagbag.py:538} INFO - Filling up the DagBag from /Library/Frameworks/Python.framework/Versions/3.9/lib/python3.9/site-packages/airflow/example_dags/subdags/subdag.py
[2023-01-09T16:58:03.997-0500] {processor.py:755} WARNING - No viable dags retrieved from /Library/Frameworks/Python.framework/Versions/3.9/lib/python3.9/site-packages/airflow/example_dags/subdags/subdag.py
[2023-01-09T16:58:04.722-0500] {processor.py:175} INFO - Processing /Library/Frameworks/Python.framework/Versions/3.9/lib/python3.9/site-packages/airflow/example_dags/subdags/subdag.py took 0.747 seconds
[2023-01-09T16:59:25.147-0500] {processor.py:153} INFO - Started process (PID=41242) to work on /Library/Frameworks/Python.framework/Versions/3.9/lib/python3.9/site-packages/airflow/example_dags/subdags/subdag.py
[2023-01-09T16:59:25.152-0500] {processor.py:743} INFO - Processing file /Library/Frameworks/Python.framework/Versions/3.9/lib/python3.9/site-packages/airflow/example_dags/subdags/subdag.py for tasks to queue
[2023-01-09T16:59:25.152-0500] {logging_mixin.py:137} INFO - [2023-01-09T16:59:25.152-0500] {dagbag.py:538} INFO - Filling up the DagBag from /Library/Frameworks/Python.framework/Versions/3.9/lib/python3.9/site-packages/airflow/example_dags/subdags/subdag.py
[2023-01-09T16:59:25.168-0500] {processor.py:755} WARNING - No viable dags retrieved from /Library/Frameworks/Python.framework/Versions/3.9/lib/python3.9/site-packages/airflow/example_dags/subdags/subdag.py
[2023-01-09T16:59:25.850-0500] {processor.py:175} INFO - Processing /Library/Frameworks/Python.framework/Versions/3.9/lib/python3.9/site-packages/airflow/example_dags/subdags/subdag.py took 0.704 seconds
[2023-01-09T17:00:52.346-0500] {processor.py:153} INFO - Started process (PID=41314) to work on /Library/Frameworks/Python.framework/Versions/3.9/lib/python3.9/site-packages/airflow/example_dags/subdags/subdag.py
[2023-01-09T17:00:52.352-0500] {processor.py:743} INFO - Processing file /Library/Frameworks/Python.framework/Versions/3.9/lib/python3.9/site-packages/airflow/example_dags/subdags/subdag.py for tasks to queue
[2023-01-09T17:00:52.352-0500] {logging_mixin.py:137} INFO - [2023-01-09T17:00:52.352-0500] {dagbag.py:538} INFO - Filling up the DagBag from /Library/Frameworks/Python.framework/Versions/3.9/lib/python3.9/site-packages/airflow/example_dags/subdags/subdag.py
[2023-01-09T17:00:52.370-0500] {processor.py:755} WARNING - No viable dags retrieved from /Library/Frameworks/Python.framework/Versions/3.9/lib/python3.9/site-packages/airflow/example_dags/subdags/subdag.py
[2023-01-09T17:00:53.069-0500] {processor.py:175} INFO - Processing /Library/Frameworks/Python.framework/Versions/3.9/lib/python3.9/site-packages/airflow/example_dags/subdags/subdag.py took 0.724 seconds
[2023-01-09T17:02:27.808-0500] {processor.py:153} INFO - Started process (PID=41398) to work on /Library/Frameworks/Python.framework/Versions/3.9/lib/python3.9/site-packages/airflow/example_dags/subdags/subdag.py
[2023-01-09T17:02:27.813-0500] {processor.py:743} INFO - Processing file /Library/Frameworks/Python.framework/Versions/3.9/lib/python3.9/site-packages/airflow/example_dags/subdags/subdag.py for tasks to queue
[2023-01-09T17:02:27.814-0500] {logging_mixin.py:137} INFO - [2023-01-09T17:02:27.814-0500] {dagbag.py:538} INFO - Filling up the DagBag from /Library/Frameworks/Python.framework/Versions/3.9/lib/python3.9/site-packages/airflow/example_dags/subdags/subdag.py
[2023-01-09T17:02:27.830-0500] {processor.py:755} WARNING - No viable dags retrieved from /Library/Frameworks/Python.framework/Versions/3.9/lib/python3.9/site-packages/airflow/example_dags/subdags/subdag.py
[2023-01-09T17:02:28.527-0500] {processor.py:175} INFO - Processing /Library/Frameworks/Python.framework/Versions/3.9/lib/python3.9/site-packages/airflow/example_dags/subdags/subdag.py took 0.721 seconds
[2023-01-09T17:04:03.206-0500] {processor.py:153} INFO - Started process (PID=41562) to work on /Library/Frameworks/Python.framework/Versions/3.9/lib/python3.9/site-packages/airflow/example_dags/subdags/subdag.py
[2023-01-09T17:04:03.221-0500] {processor.py:743} INFO - Processing file /Library/Frameworks/Python.framework/Versions/3.9/lib/python3.9/site-packages/airflow/example_dags/subdags/subdag.py for tasks to queue
[2023-01-09T17:04:03.222-0500] {logging_mixin.py:137} INFO - [2023-01-09T17:04:03.221-0500] {dagbag.py:538} INFO - Filling up the DagBag from /Library/Frameworks/Python.framework/Versions/3.9/lib/python3.9/site-packages/airflow/example_dags/subdags/subdag.py
[2023-01-09T17:04:03.240-0500] {processor.py:755} WARNING - No viable dags retrieved from /Library/Frameworks/Python.framework/Versions/3.9/lib/python3.9/site-packages/airflow/example_dags/subdags/subdag.py
[2023-01-09T17:04:03.938-0500] {processor.py:175} INFO - Processing /Library/Frameworks/Python.framework/Versions/3.9/lib/python3.9/site-packages/airflow/example_dags/subdags/subdag.py took 0.733 seconds
[2023-01-09T17:05:35.764-0500] {processor.py:153} INFO - Started process (PID=41850) to work on /Library/Frameworks/Python.framework/Versions/3.9/lib/python3.9/site-packages/airflow/example_dags/subdags/subdag.py
[2023-01-09T17:05:35.769-0500] {processor.py:743} INFO - Processing file /Library/Frameworks/Python.framework/Versions/3.9/lib/python3.9/site-packages/airflow/example_dags/subdags/subdag.py for tasks to queue
[2023-01-09T17:05:35.770-0500] {logging_mixin.py:137} INFO - [2023-01-09T17:05:35.770-0500] {dagbag.py:538} INFO - Filling up the DagBag from /Library/Frameworks/Python.framework/Versions/3.9/lib/python3.9/site-packages/airflow/example_dags/subdags/subdag.py
[2023-01-09T17:05:35.785-0500] {processor.py:755} WARNING - No viable dags retrieved from /Library/Frameworks/Python.framework/Versions/3.9/lib/python3.9/site-packages/airflow/example_dags/subdags/subdag.py
[2023-01-09T17:05:36.408-0500] {processor.py:175} INFO - Processing /Library/Frameworks/Python.framework/Versions/3.9/lib/python3.9/site-packages/airflow/example_dags/subdags/subdag.py took 0.644 seconds
[2023-01-09T17:07:00.084-0500] {processor.py:153} INFO - Started process (PID=41902) to work on /Library/Frameworks/Python.framework/Versions/3.9/lib/python3.9/site-packages/airflow/example_dags/subdags/subdag.py
[2023-01-09T17:07:00.090-0500] {processor.py:743} INFO - Processing file /Library/Frameworks/Python.framework/Versions/3.9/lib/python3.9/site-packages/airflow/example_dags/subdags/subdag.py for tasks to queue
[2023-01-09T17:07:00.090-0500] {logging_mixin.py:137} INFO - [2023-01-09T17:07:00.090-0500] {dagbag.py:538} INFO - Filling up the DagBag from /Library/Frameworks/Python.framework/Versions/3.9/lib/python3.9/site-packages/airflow/example_dags/subdags/subdag.py
[2023-01-09T17:07:00.113-0500] {processor.py:755} WARNING - No viable dags retrieved from /Library/Frameworks/Python.framework/Versions/3.9/lib/python3.9/site-packages/airflow/example_dags/subdags/subdag.py
[2023-01-09T17:07:00.788-0500] {processor.py:175} INFO - Processing /Library/Frameworks/Python.framework/Versions/3.9/lib/python3.9/site-packages/airflow/example_dags/subdags/subdag.py took 0.705 seconds
[2023-01-09T17:08:24.003-0500] {processor.py:153} INFO - Started process (PID=42022) to work on /Library/Frameworks/Python.framework/Versions/3.9/lib/python3.9/site-packages/airflow/example_dags/subdags/subdag.py
[2023-01-09T17:08:24.008-0500] {processor.py:743} INFO - Processing file /Library/Frameworks/Python.framework/Versions/3.9/lib/python3.9/site-packages/airflow/example_dags/subdags/subdag.py for tasks to queue
[2023-01-09T17:08:24.009-0500] {logging_mixin.py:137} INFO - [2023-01-09T17:08:24.009-0500] {dagbag.py:538} INFO - Filling up the DagBag from /Library/Frameworks/Python.framework/Versions/3.9/lib/python3.9/site-packages/airflow/example_dags/subdags/subdag.py
[2023-01-09T17:08:24.024-0500] {processor.py:755} WARNING - No viable dags retrieved from /Library/Frameworks/Python.framework/Versions/3.9/lib/python3.9/site-packages/airflow/example_dags/subdags/subdag.py
[2023-01-09T17:08:24.786-0500] {processor.py:175} INFO - Processing /Library/Frameworks/Python.framework/Versions/3.9/lib/python3.9/site-packages/airflow/example_dags/subdags/subdag.py took 0.784 seconds
[2023-01-09T17:09:47.717-0500] {processor.py:153} INFO - Started process (PID=42164) to work on /Library/Frameworks/Python.framework/Versions/3.9/lib/python3.9/site-packages/airflow/example_dags/subdags/subdag.py
[2023-01-09T17:09:47.723-0500] {processor.py:743} INFO - Processing file /Library/Frameworks/Python.framework/Versions/3.9/lib/python3.9/site-packages/airflow/example_dags/subdags/subdag.py for tasks to queue
[2023-01-09T17:09:47.723-0500] {logging_mixin.py:137} INFO - [2023-01-09T17:09:47.723-0500] {dagbag.py:538} INFO - Filling up the DagBag from /Library/Frameworks/Python.framework/Versions/3.9/lib/python3.9/site-packages/airflow/example_dags/subdags/subdag.py
[2023-01-09T17:09:47.738-0500] {processor.py:755} WARNING - No viable dags retrieved from /Library/Frameworks/Python.framework/Versions/3.9/lib/python3.9/site-packages/airflow/example_dags/subdags/subdag.py
[2023-01-09T17:09:48.421-0500] {processor.py:175} INFO - Processing /Library/Frameworks/Python.framework/Versions/3.9/lib/python3.9/site-packages/airflow/example_dags/subdags/subdag.py took 0.705 seconds
[2023-01-09T17:11:10.721-0500] {processor.py:153} INFO - Started process (PID=42333) to work on /Library/Frameworks/Python.framework/Versions/3.9/lib/python3.9/site-packages/airflow/example_dags/subdags/subdag.py
[2023-01-09T17:11:10.726-0500] {processor.py:743} INFO - Processing file /Library/Frameworks/Python.framework/Versions/3.9/lib/python3.9/site-packages/airflow/example_dags/subdags/subdag.py for tasks to queue
[2023-01-09T17:11:10.727-0500] {logging_mixin.py:137} INFO - [2023-01-09T17:11:10.726-0500] {dagbag.py:538} INFO - Filling up the DagBag from /Library/Frameworks/Python.framework/Versions/3.9/lib/python3.9/site-packages/airflow/example_dags/subdags/subdag.py
[2023-01-09T17:11:10.741-0500] {processor.py:755} WARNING - No viable dags retrieved from /Library/Frameworks/Python.framework/Versions/3.9/lib/python3.9/site-packages/airflow/example_dags/subdags/subdag.py
[2023-01-09T17:11:11.411-0500] {processor.py:175} INFO - Processing /Library/Frameworks/Python.framework/Versions/3.9/lib/python3.9/site-packages/airflow/example_dags/subdags/subdag.py took 0.691 seconds
[2023-01-09T17:11:55.282-0500] {processor.py:153} INFO - Started process (PID=42428) to work on /Library/Frameworks/Python.framework/Versions/3.9/lib/python3.9/site-packages/airflow/example_dags/subdags/subdag.py
[2023-01-09T17:11:55.287-0500] {processor.py:743} INFO - Processing file /Library/Frameworks/Python.framework/Versions/3.9/lib/python3.9/site-packages/airflow/example_dags/subdags/subdag.py for tasks to queue
[2023-01-09T17:11:55.288-0500] {logging_mixin.py:137} INFO - [2023-01-09T17:11:55.288-0500] {dagbag.py:538} INFO - Filling up the DagBag from /Library/Frameworks/Python.framework/Versions/3.9/lib/python3.9/site-packages/airflow/example_dags/subdags/subdag.py
[2023-01-09T17:11:55.302-0500] {processor.py:755} WARNING - No viable dags retrieved from /Library/Frameworks/Python.framework/Versions/3.9/lib/python3.9/site-packages/airflow/example_dags/subdags/subdag.py
[2023-01-09T17:11:55.980-0500] {processor.py:175} INFO - Processing /Library/Frameworks/Python.framework/Versions/3.9/lib/python3.9/site-packages/airflow/example_dags/subdags/subdag.py took 0.699 seconds
[2023-01-09T17:12:31.890-0500] {processor.py:153} INFO - Started process (PID=42465) to work on /Library/Frameworks/Python.framework/Versions/3.9/lib/python3.9/site-packages/airflow/example_dags/subdags/subdag.py
[2023-01-09T17:12:31.895-0500] {processor.py:743} INFO - Processing file /Library/Frameworks/Python.framework/Versions/3.9/lib/python3.9/site-packages/airflow/example_dags/subdags/subdag.py for tasks to queue
[2023-01-09T17:12:31.896-0500] {logging_mixin.py:137} INFO - [2023-01-09T17:12:31.896-0500] {dagbag.py:538} INFO - Filling up the DagBag from /Library/Frameworks/Python.framework/Versions/3.9/lib/python3.9/site-packages/airflow/example_dags/subdags/subdag.py
[2023-01-09T17:12:31.911-0500] {processor.py:755} WARNING - No viable dags retrieved from /Library/Frameworks/Python.framework/Versions/3.9/lib/python3.9/site-packages/airflow/example_dags/subdags/subdag.py
[2023-01-09T17:12:32.574-0500] {processor.py:175} INFO - Processing /Library/Frameworks/Python.framework/Versions/3.9/lib/python3.9/site-packages/airflow/example_dags/subdags/subdag.py took 0.685 seconds
[2023-01-09T17:13:51.624-0500] {processor.py:153} INFO - Started process (PID=42600) to work on /Library/Frameworks/Python.framework/Versions/3.9/lib/python3.9/site-packages/airflow/example_dags/subdags/subdag.py
[2023-01-09T17:13:51.630-0500] {processor.py:743} INFO - Processing file /Library/Frameworks/Python.framework/Versions/3.9/lib/python3.9/site-packages/airflow/example_dags/subdags/subdag.py for tasks to queue
[2023-01-09T17:13:51.630-0500] {logging_mixin.py:137} INFO - [2023-01-09T17:13:51.630-0500] {dagbag.py:538} INFO - Filling up the DagBag from /Library/Frameworks/Python.framework/Versions/3.9/lib/python3.9/site-packages/airflow/example_dags/subdags/subdag.py
[2023-01-09T17:13:51.646-0500] {processor.py:755} WARNING - No viable dags retrieved from /Library/Frameworks/Python.framework/Versions/3.9/lib/python3.9/site-packages/airflow/example_dags/subdags/subdag.py
[2023-01-09T17:13:52.451-0500] {processor.py:175} INFO - Processing /Library/Frameworks/Python.framework/Versions/3.9/lib/python3.9/site-packages/airflow/example_dags/subdags/subdag.py took 0.827 seconds
[2023-01-09T17:13:58.996-0500] {processor.py:153} INFO - Started process (PID=42611) to work on /Library/Frameworks/Python.framework/Versions/3.9/lib/python3.9/site-packages/airflow/example_dags/subdags/subdag.py
[2023-01-09T17:13:59.001-0500] {processor.py:743} INFO - Processing file /Library/Frameworks/Python.framework/Versions/3.9/lib/python3.9/site-packages/airflow/example_dags/subdags/subdag.py for tasks to queue
[2023-01-09T17:13:59.002-0500] {logging_mixin.py:137} INFO - [2023-01-09T17:13:59.001-0500] {dagbag.py:538} INFO - Filling up the DagBag from /Library/Frameworks/Python.framework/Versions/3.9/lib/python3.9/site-packages/airflow/example_dags/subdags/subdag.py
[2023-01-09T17:13:59.016-0500] {processor.py:755} WARNING - No viable dags retrieved from /Library/Frameworks/Python.framework/Versions/3.9/lib/python3.9/site-packages/airflow/example_dags/subdags/subdag.py
[2023-01-09T17:13:59.726-0500] {processor.py:175} INFO - Processing /Library/Frameworks/Python.framework/Versions/3.9/lib/python3.9/site-packages/airflow/example_dags/subdags/subdag.py took 0.730 seconds
[2023-01-09T17:15:09.440-0500] {processor.py:153} INFO - Started process (PID=42694) to work on /Library/Frameworks/Python.framework/Versions/3.9/lib/python3.9/site-packages/airflow/example_dags/subdags/subdag.py
[2023-01-09T17:15:09.445-0500] {processor.py:743} INFO - Processing file /Library/Frameworks/Python.framework/Versions/3.9/lib/python3.9/site-packages/airflow/example_dags/subdags/subdag.py for tasks to queue
[2023-01-09T17:15:09.445-0500] {logging_mixin.py:137} INFO - [2023-01-09T17:15:09.445-0500] {dagbag.py:538} INFO - Filling up the DagBag from /Library/Frameworks/Python.framework/Versions/3.9/lib/python3.9/site-packages/airflow/example_dags/subdags/subdag.py
[2023-01-09T17:15:09.460-0500] {processor.py:755} WARNING - No viable dags retrieved from /Library/Frameworks/Python.framework/Versions/3.9/lib/python3.9/site-packages/airflow/example_dags/subdags/subdag.py
[2023-01-09T17:15:10.154-0500] {processor.py:175} INFO - Processing /Library/Frameworks/Python.framework/Versions/3.9/lib/python3.9/site-packages/airflow/example_dags/subdags/subdag.py took 0.714 seconds
[2023-01-09T17:15:14.728-0500] {processor.py:153} INFO - Started process (PID=42699) to work on /Library/Frameworks/Python.framework/Versions/3.9/lib/python3.9/site-packages/airflow/example_dags/subdags/subdag.py
[2023-01-09T17:15:14.733-0500] {processor.py:743} INFO - Processing file /Library/Frameworks/Python.framework/Versions/3.9/lib/python3.9/site-packages/airflow/example_dags/subdags/subdag.py for tasks to queue
[2023-01-09T17:15:14.734-0500] {logging_mixin.py:137} INFO - [2023-01-09T17:15:14.734-0500] {dagbag.py:538} INFO - Filling up the DagBag from /Library/Frameworks/Python.framework/Versions/3.9/lib/python3.9/site-packages/airflow/example_dags/subdags/subdag.py
[2023-01-09T17:15:14.748-0500] {processor.py:755} WARNING - No viable dags retrieved from /Library/Frameworks/Python.framework/Versions/3.9/lib/python3.9/site-packages/airflow/example_dags/subdags/subdag.py
[2023-01-09T17:15:15.407-0500] {processor.py:175} INFO - Processing /Library/Frameworks/Python.framework/Versions/3.9/lib/python3.9/site-packages/airflow/example_dags/subdags/subdag.py took 0.680 seconds
[2023-01-09T17:16:29.555-0500] {processor.py:153} INFO - Started process (PID=42819) to work on /Library/Frameworks/Python.framework/Versions/3.9/lib/python3.9/site-packages/airflow/example_dags/subdags/subdag.py
[2023-01-09T17:16:29.560-0500] {processor.py:743} INFO - Processing file /Library/Frameworks/Python.framework/Versions/3.9/lib/python3.9/site-packages/airflow/example_dags/subdags/subdag.py for tasks to queue
[2023-01-09T17:16:29.561-0500] {logging_mixin.py:137} INFO - [2023-01-09T17:16:29.561-0500] {dagbag.py:538} INFO - Filling up the DagBag from /Library/Frameworks/Python.framework/Versions/3.9/lib/python3.9/site-packages/airflow/example_dags/subdags/subdag.py
[2023-01-09T17:16:29.577-0500] {processor.py:755} WARNING - No viable dags retrieved from /Library/Frameworks/Python.framework/Versions/3.9/lib/python3.9/site-packages/airflow/example_dags/subdags/subdag.py
[2023-01-09T17:16:30.211-0500] {processor.py:153} INFO - Started process (PID=42820) to work on /Library/Frameworks/Python.framework/Versions/3.9/lib/python3.9/site-packages/airflow/example_dags/subdags/subdag.py
[2023-01-09T17:16:30.216-0500] {processor.py:743} INFO - Processing file /Library/Frameworks/Python.framework/Versions/3.9/lib/python3.9/site-packages/airflow/example_dags/subdags/subdag.py for tasks to queue
[2023-01-09T17:16:30.217-0500] {logging_mixin.py:137} INFO - [2023-01-09T17:16:30.217-0500] {dagbag.py:538} INFO - Filling up the DagBag from /Library/Frameworks/Python.framework/Versions/3.9/lib/python3.9/site-packages/airflow/example_dags/subdags/subdag.py
[2023-01-09T17:16:30.231-0500] {processor.py:755} WARNING - No viable dags retrieved from /Library/Frameworks/Python.framework/Versions/3.9/lib/python3.9/site-packages/airflow/example_dags/subdags/subdag.py
[2023-01-09T17:16:30.337-0500] {processor.py:175} INFO - Processing /Library/Frameworks/Python.framework/Versions/3.9/lib/python3.9/site-packages/airflow/example_dags/subdags/subdag.py took 0.783 seconds
[2023-01-09T17:16:30.936-0500] {processor.py:175} INFO - Processing /Library/Frameworks/Python.framework/Versions/3.9/lib/python3.9/site-packages/airflow/example_dags/subdags/subdag.py took 0.725 seconds
[2023-01-09T17:17:48.357-0500] {processor.py:153} INFO - Started process (PID=43164) to work on /Library/Frameworks/Python.framework/Versions/3.9/lib/python3.9/site-packages/airflow/example_dags/subdags/subdag.py
[2023-01-09T17:17:48.363-0500] {processor.py:743} INFO - Processing file /Library/Frameworks/Python.framework/Versions/3.9/lib/python3.9/site-packages/airflow/example_dags/subdags/subdag.py for tasks to queue
[2023-01-09T17:17:48.363-0500] {logging_mixin.py:137} INFO - [2023-01-09T17:17:48.363-0500] {dagbag.py:538} INFO - Filling up the DagBag from /Library/Frameworks/Python.framework/Versions/3.9/lib/python3.9/site-packages/airflow/example_dags/subdags/subdag.py
[2023-01-09T17:17:48.378-0500] {processor.py:755} WARNING - No viable dags retrieved from /Library/Frameworks/Python.framework/Versions/3.9/lib/python3.9/site-packages/airflow/example_dags/subdags/subdag.py
[2023-01-09T17:17:49.041-0500] {processor.py:175} INFO - Processing /Library/Frameworks/Python.framework/Versions/3.9/lib/python3.9/site-packages/airflow/example_dags/subdags/subdag.py took 0.684 seconds
[2023-01-09T17:17:49.466-0500] {processor.py:153} INFO - Started process (PID=43165) to work on /Library/Frameworks/Python.framework/Versions/3.9/lib/python3.9/site-packages/airflow/example_dags/subdags/subdag.py
[2023-01-09T17:17:49.471-0500] {processor.py:743} INFO - Processing file /Library/Frameworks/Python.framework/Versions/3.9/lib/python3.9/site-packages/airflow/example_dags/subdags/subdag.py for tasks to queue
[2023-01-09T17:17:49.471-0500] {logging_mixin.py:137} INFO - [2023-01-09T17:17:49.471-0500] {dagbag.py:538} INFO - Filling up the DagBag from /Library/Frameworks/Python.framework/Versions/3.9/lib/python3.9/site-packages/airflow/example_dags/subdags/subdag.py
[2023-01-09T17:17:49.485-0500] {processor.py:755} WARNING - No viable dags retrieved from /Library/Frameworks/Python.framework/Versions/3.9/lib/python3.9/site-packages/airflow/example_dags/subdags/subdag.py
[2023-01-09T17:17:50.255-0500] {processor.py:175} INFO - Processing /Library/Frameworks/Python.framework/Versions/3.9/lib/python3.9/site-packages/airflow/example_dags/subdags/subdag.py took 0.789 seconds
[2023-01-09T17:19:04.830-0500] {processor.py:153} INFO - Started process (PID=43228) to work on /Library/Frameworks/Python.framework/Versions/3.9/lib/python3.9/site-packages/airflow/example_dags/subdags/subdag.py
[2023-01-09T17:19:04.836-0500] {processor.py:743} INFO - Processing file /Library/Frameworks/Python.framework/Versions/3.9/lib/python3.9/site-packages/airflow/example_dags/subdags/subdag.py for tasks to queue
[2023-01-09T17:19:04.836-0500] {logging_mixin.py:137} INFO - [2023-01-09T17:19:04.836-0500] {dagbag.py:538} INFO - Filling up the DagBag from /Library/Frameworks/Python.framework/Versions/3.9/lib/python3.9/site-packages/airflow/example_dags/subdags/subdag.py
[2023-01-09T17:19:04.852-0500] {processor.py:755} WARNING - No viable dags retrieved from /Library/Frameworks/Python.framework/Versions/3.9/lib/python3.9/site-packages/airflow/example_dags/subdags/subdag.py
[2023-01-09T17:19:05.071-0500] {processor.py:153} INFO - Started process (PID=43229) to work on /Library/Frameworks/Python.framework/Versions/3.9/lib/python3.9/site-packages/airflow/example_dags/subdags/subdag.py
[2023-01-09T17:19:05.076-0500] {processor.py:743} INFO - Processing file /Library/Frameworks/Python.framework/Versions/3.9/lib/python3.9/site-packages/airflow/example_dags/subdags/subdag.py for tasks to queue
[2023-01-09T17:19:05.077-0500] {logging_mixin.py:137} INFO - [2023-01-09T17:19:05.077-0500] {dagbag.py:538} INFO - Filling up the DagBag from /Library/Frameworks/Python.framework/Versions/3.9/lib/python3.9/site-packages/airflow/example_dags/subdags/subdag.py
[2023-01-09T17:19:05.092-0500] {processor.py:755} WARNING - No viable dags retrieved from /Library/Frameworks/Python.framework/Versions/3.9/lib/python3.9/site-packages/airflow/example_dags/subdags/subdag.py
[2023-01-09T17:19:05.495-0500] {processor.py:175} INFO - Processing /Library/Frameworks/Python.framework/Versions/3.9/lib/python3.9/site-packages/airflow/example_dags/subdags/subdag.py took 0.665 seconds
[2023-01-09T17:19:05.741-0500] {processor.py:175} INFO - Processing /Library/Frameworks/Python.framework/Versions/3.9/lib/python3.9/site-packages/airflow/example_dags/subdags/subdag.py took 0.670 seconds
[2023-01-09T17:20:20.263-0500] {processor.py:153} INFO - Started process (PID=43289) to work on /Library/Frameworks/Python.framework/Versions/3.9/lib/python3.9/site-packages/airflow/example_dags/subdags/subdag.py
[2023-01-09T17:20:20.269-0500] {processor.py:743} INFO - Processing file /Library/Frameworks/Python.framework/Versions/3.9/lib/python3.9/site-packages/airflow/example_dags/subdags/subdag.py for tasks to queue
[2023-01-09T17:20:20.269-0500] {logging_mixin.py:137} INFO - [2023-01-09T17:20:20.269-0500] {dagbag.py:538} INFO - Filling up the DagBag from /Library/Frameworks/Python.framework/Versions/3.9/lib/python3.9/site-packages/airflow/example_dags/subdags/subdag.py
[2023-01-09T17:20:20.285-0500] {processor.py:755} WARNING - No viable dags retrieved from /Library/Frameworks/Python.framework/Versions/3.9/lib/python3.9/site-packages/airflow/example_dags/subdags/subdag.py
[2023-01-09T17:20:20.951-0500] {processor.py:175} INFO - Processing /Library/Frameworks/Python.framework/Versions/3.9/lib/python3.9/site-packages/airflow/example_dags/subdags/subdag.py took 0.688 seconds
[2023-01-09T17:20:21.358-0500] {processor.py:153} INFO - Started process (PID=43290) to work on /Library/Frameworks/Python.framework/Versions/3.9/lib/python3.9/site-packages/airflow/example_dags/subdags/subdag.py
[2023-01-09T17:20:21.363-0500] {processor.py:743} INFO - Processing file /Library/Frameworks/Python.framework/Versions/3.9/lib/python3.9/site-packages/airflow/example_dags/subdags/subdag.py for tasks to queue
[2023-01-09T17:20:21.363-0500] {logging_mixin.py:137} INFO - [2023-01-09T17:20:21.363-0500] {dagbag.py:538} INFO - Filling up the DagBag from /Library/Frameworks/Python.framework/Versions/3.9/lib/python3.9/site-packages/airflow/example_dags/subdags/subdag.py
[2023-01-09T17:20:21.377-0500] {processor.py:755} WARNING - No viable dags retrieved from /Library/Frameworks/Python.framework/Versions/3.9/lib/python3.9/site-packages/airflow/example_dags/subdags/subdag.py
[2023-01-09T17:20:22.145-0500] {processor.py:175} INFO - Processing /Library/Frameworks/Python.framework/Versions/3.9/lib/python3.9/site-packages/airflow/example_dags/subdags/subdag.py took 0.787 seconds
[2023-01-09T17:21:36.381-0500] {processor.py:153} INFO - Started process (PID=43362) to work on /Library/Frameworks/Python.framework/Versions/3.9/lib/python3.9/site-packages/airflow/example_dags/subdags/subdag.py
[2023-01-09T17:21:36.386-0500] {processor.py:743} INFO - Processing file /Library/Frameworks/Python.framework/Versions/3.9/lib/python3.9/site-packages/airflow/example_dags/subdags/subdag.py for tasks to queue
[2023-01-09T17:21:36.386-0500] {logging_mixin.py:137} INFO - [2023-01-09T17:21:36.386-0500] {dagbag.py:538} INFO - Filling up the DagBag from /Library/Frameworks/Python.framework/Versions/3.9/lib/python3.9/site-packages/airflow/example_dags/subdags/subdag.py
[2023-01-09T17:21:36.401-0500] {processor.py:755} WARNING - No viable dags retrieved from /Library/Frameworks/Python.framework/Versions/3.9/lib/python3.9/site-packages/airflow/example_dags/subdags/subdag.py
[2023-01-09T17:21:37.033-0500] {processor.py:175} INFO - Processing /Library/Frameworks/Python.framework/Versions/3.9/lib/python3.9/site-packages/airflow/example_dags/subdags/subdag.py took 0.653 seconds
[2023-01-09T17:21:37.179-0500] {processor.py:153} INFO - Started process (PID=43363) to work on /Library/Frameworks/Python.framework/Versions/3.9/lib/python3.9/site-packages/airflow/example_dags/subdags/subdag.py
[2023-01-09T17:21:37.184-0500] {processor.py:743} INFO - Processing file /Library/Frameworks/Python.framework/Versions/3.9/lib/python3.9/site-packages/airflow/example_dags/subdags/subdag.py for tasks to queue
[2023-01-09T17:21:37.185-0500] {logging_mixin.py:137} INFO - [2023-01-09T17:21:37.185-0500] {dagbag.py:538} INFO - Filling up the DagBag from /Library/Frameworks/Python.framework/Versions/3.9/lib/python3.9/site-packages/airflow/example_dags/subdags/subdag.py
[2023-01-09T17:21:37.199-0500] {processor.py:755} WARNING - No viable dags retrieved from /Library/Frameworks/Python.framework/Versions/3.9/lib/python3.9/site-packages/airflow/example_dags/subdags/subdag.py
[2023-01-09T17:21:37.860-0500] {processor.py:175} INFO - Processing /Library/Frameworks/Python.framework/Versions/3.9/lib/python3.9/site-packages/airflow/example_dags/subdags/subdag.py took 0.681 seconds
[2023-01-09T17:22:51.669-0500] {processor.py:153} INFO - Started process (PID=43458) to work on /Library/Frameworks/Python.framework/Versions/3.9/lib/python3.9/site-packages/airflow/example_dags/subdags/subdag.py
[2023-01-09T17:22:51.674-0500] {processor.py:743} INFO - Processing file /Library/Frameworks/Python.framework/Versions/3.9/lib/python3.9/site-packages/airflow/example_dags/subdags/subdag.py for tasks to queue
[2023-01-09T17:22:51.675-0500] {logging_mixin.py:137} INFO - [2023-01-09T17:22:51.675-0500] {dagbag.py:538} INFO - Filling up the DagBag from /Library/Frameworks/Python.framework/Versions/3.9/lib/python3.9/site-packages/airflow/example_dags/subdags/subdag.py
[2023-01-09T17:22:51.689-0500] {processor.py:755} WARNING - No viable dags retrieved from /Library/Frameworks/Python.framework/Versions/3.9/lib/python3.9/site-packages/airflow/example_dags/subdags/subdag.py
[2023-01-09T17:22:52.154-0500] {processor.py:153} INFO - Started process (PID=43460) to work on /Library/Frameworks/Python.framework/Versions/3.9/lib/python3.9/site-packages/airflow/example_dags/subdags/subdag.py
[2023-01-09T17:22:52.159-0500] {processor.py:743} INFO - Processing file /Library/Frameworks/Python.framework/Versions/3.9/lib/python3.9/site-packages/airflow/example_dags/subdags/subdag.py for tasks to queue
[2023-01-09T17:22:52.159-0500] {logging_mixin.py:137} INFO - [2023-01-09T17:22:52.159-0500] {dagbag.py:538} INFO - Filling up the DagBag from /Library/Frameworks/Python.framework/Versions/3.9/lib/python3.9/site-packages/airflow/example_dags/subdags/subdag.py
[2023-01-09T17:22:52.174-0500] {processor.py:755} WARNING - No viable dags retrieved from /Library/Frameworks/Python.framework/Versions/3.9/lib/python3.9/site-packages/airflow/example_dags/subdags/subdag.py
[2023-01-09T17:22:52.319-0500] {processor.py:175} INFO - Processing /Library/Frameworks/Python.framework/Versions/3.9/lib/python3.9/site-packages/airflow/example_dags/subdags/subdag.py took 0.651 seconds
[2023-01-09T17:22:52.808-0500] {processor.py:175} INFO - Processing /Library/Frameworks/Python.framework/Versions/3.9/lib/python3.9/site-packages/airflow/example_dags/subdags/subdag.py took 0.655 seconds
[2023-01-09T17:51:43.323-0500] {processor.py:153} INFO - Started process (PID=43785) to work on /Library/Frameworks/Python.framework/Versions/3.9/lib/python3.9/site-packages/airflow/example_dags/subdags/subdag.py
[2023-01-09T17:51:43.334-0500] {processor.py:743} INFO - Processing file /Library/Frameworks/Python.framework/Versions/3.9/lib/python3.9/site-packages/airflow/example_dags/subdags/subdag.py for tasks to queue
[2023-01-09T17:51:43.335-0500] {logging_mixin.py:137} INFO - [2023-01-09T17:51:43.335-0500] {dagbag.py:538} INFO - Filling up the DagBag from /Library/Frameworks/Python.framework/Versions/3.9/lib/python3.9/site-packages/airflow/example_dags/subdags/subdag.py
[2023-01-09T17:51:43.336-0500] {processor.py:153} INFO - Started process (PID=43786) to work on /Library/Frameworks/Python.framework/Versions/3.9/lib/python3.9/site-packages/airflow/example_dags/subdags/subdag.py
[2023-01-09T17:51:43.344-0500] {processor.py:743} INFO - Processing file /Library/Frameworks/Python.framework/Versions/3.9/lib/python3.9/site-packages/airflow/example_dags/subdags/subdag.py for tasks to queue
[2023-01-09T17:51:43.345-0500] {logging_mixin.py:137} INFO - [2023-01-09T17:51:43.345-0500] {dagbag.py:538} INFO - Filling up the DagBag from /Library/Frameworks/Python.framework/Versions/3.9/lib/python3.9/site-packages/airflow/example_dags/subdags/subdag.py
[2023-01-09T17:51:43.357-0500] {processor.py:755} WARNING - No viable dags retrieved from /Library/Frameworks/Python.framework/Versions/3.9/lib/python3.9/site-packages/airflow/example_dags/subdags/subdag.py
[2023-01-09T17:51:43.416-0500] {processor.py:755} WARNING - No viable dags retrieved from /Library/Frameworks/Python.framework/Versions/3.9/lib/python3.9/site-packages/airflow/example_dags/subdags/subdag.py
[2023-01-09T17:51:45.238-0500] {processor.py:175} INFO - Processing /Library/Frameworks/Python.framework/Versions/3.9/lib/python3.9/site-packages/airflow/example_dags/subdags/subdag.py took 1.904 seconds
[2023-01-09T17:51:45.252-0500] {processor.py:175} INFO - Processing /Library/Frameworks/Python.framework/Versions/3.9/lib/python3.9/site-packages/airflow/example_dags/subdags/subdag.py took 1.930 seconds
[2023-01-09T18:31:43.774-0500] {processor.py:153} INFO - Started process (PID=44512) to work on /Library/Frameworks/Python.framework/Versions/3.9/lib/python3.9/site-packages/airflow/example_dags/subdags/subdag.py
[2023-01-09T18:31:43.774-0500] {processor.py:153} INFO - Started process (PID=44511) to work on /Library/Frameworks/Python.framework/Versions/3.9/lib/python3.9/site-packages/airflow/example_dags/subdags/subdag.py
[2023-01-09T18:31:43.779-0500] {processor.py:743} INFO - Processing file /Library/Frameworks/Python.framework/Versions/3.9/lib/python3.9/site-packages/airflow/example_dags/subdags/subdag.py for tasks to queue
[2023-01-09T18:31:43.780-0500] {processor.py:743} INFO - Processing file /Library/Frameworks/Python.framework/Versions/3.9/lib/python3.9/site-packages/airflow/example_dags/subdags/subdag.py for tasks to queue
[2023-01-09T18:31:43.780-0500] {logging_mixin.py:137} INFO - [2023-01-09T18:31:43.780-0500] {dagbag.py:538} INFO - Filling up the DagBag from /Library/Frameworks/Python.framework/Versions/3.9/lib/python3.9/site-packages/airflow/example_dags/subdags/subdag.py
[2023-01-09T18:31:43.781-0500] {logging_mixin.py:137} INFO - [2023-01-09T18:31:43.781-0500] {dagbag.py:538} INFO - Filling up the DagBag from /Library/Frameworks/Python.framework/Versions/3.9/lib/python3.9/site-packages/airflow/example_dags/subdags/subdag.py
[2023-01-09T18:31:43.798-0500] {processor.py:755} WARNING - No viable dags retrieved from /Library/Frameworks/Python.framework/Versions/3.9/lib/python3.9/site-packages/airflow/example_dags/subdags/subdag.py
[2023-01-09T18:31:43.798-0500] {processor.py:755} WARNING - No viable dags retrieved from /Library/Frameworks/Python.framework/Versions/3.9/lib/python3.9/site-packages/airflow/example_dags/subdags/subdag.py
[2023-01-09T18:31:44.452-0500] {processor.py:175} INFO - Processing /Library/Frameworks/Python.framework/Versions/3.9/lib/python3.9/site-packages/airflow/example_dags/subdags/subdag.py took 0.679 seconds
[2023-01-09T18:31:44.454-0500] {processor.py:175} INFO - Processing /Library/Frameworks/Python.framework/Versions/3.9/lib/python3.9/site-packages/airflow/example_dags/subdags/subdag.py took 0.681 seconds
[2023-01-09T18:33:06.620-0500] {processor.py:153} INFO - Started process (PID=44599) to work on /Library/Frameworks/Python.framework/Versions/3.9/lib/python3.9/site-packages/airflow/example_dags/subdags/subdag.py
[2023-01-09T18:33:06.626-0500] {processor.py:743} INFO - Processing file /Library/Frameworks/Python.framework/Versions/3.9/lib/python3.9/site-packages/airflow/example_dags/subdags/subdag.py for tasks to queue
[2023-01-09T18:33:06.626-0500] {logging_mixin.py:137} INFO - [2023-01-09T18:33:06.626-0500] {dagbag.py:538} INFO - Filling up the DagBag from /Library/Frameworks/Python.framework/Versions/3.9/lib/python3.9/site-packages/airflow/example_dags/subdags/subdag.py
[2023-01-09T18:33:06.642-0500] {processor.py:755} WARNING - No viable dags retrieved from /Library/Frameworks/Python.framework/Versions/3.9/lib/python3.9/site-packages/airflow/example_dags/subdags/subdag.py
[2023-01-09T18:33:07.332-0500] {processor.py:175} INFO - Processing /Library/Frameworks/Python.framework/Versions/3.9/lib/python3.9/site-packages/airflow/example_dags/subdags/subdag.py took 0.713 seconds
[2023-01-09T18:33:08.790-0500] {processor.py:153} INFO - Started process (PID=44602) to work on /Library/Frameworks/Python.framework/Versions/3.9/lib/python3.9/site-packages/airflow/example_dags/subdags/subdag.py
[2023-01-09T18:33:08.795-0500] {processor.py:743} INFO - Processing file /Library/Frameworks/Python.framework/Versions/3.9/lib/python3.9/site-packages/airflow/example_dags/subdags/subdag.py for tasks to queue
[2023-01-09T18:33:08.795-0500] {logging_mixin.py:137} INFO - [2023-01-09T18:33:08.795-0500] {dagbag.py:538} INFO - Filling up the DagBag from /Library/Frameworks/Python.framework/Versions/3.9/lib/python3.9/site-packages/airflow/example_dags/subdags/subdag.py
[2023-01-09T18:33:08.810-0500] {processor.py:755} WARNING - No viable dags retrieved from /Library/Frameworks/Python.framework/Versions/3.9/lib/python3.9/site-packages/airflow/example_dags/subdags/subdag.py
[2023-01-09T18:33:09.459-0500] {processor.py:175} INFO - Processing /Library/Frameworks/Python.framework/Versions/3.9/lib/python3.9/site-packages/airflow/example_dags/subdags/subdag.py took 0.670 seconds
[2023-01-09T18:34:23.068-0500] {processor.py:153} INFO - Started process (PID=44667) to work on /Library/Frameworks/Python.framework/Versions/3.9/lib/python3.9/site-packages/airflow/example_dags/subdags/subdag.py
[2023-01-09T18:34:23.074-0500] {processor.py:743} INFO - Processing file /Library/Frameworks/Python.framework/Versions/3.9/lib/python3.9/site-packages/airflow/example_dags/subdags/subdag.py for tasks to queue
[2023-01-09T18:34:23.074-0500] {logging_mixin.py:137} INFO - [2023-01-09T18:34:23.074-0500] {dagbag.py:538} INFO - Filling up the DagBag from /Library/Frameworks/Python.framework/Versions/3.9/lib/python3.9/site-packages/airflow/example_dags/subdags/subdag.py
[2023-01-09T18:34:23.090-0500] {processor.py:755} WARNING - No viable dags retrieved from /Library/Frameworks/Python.framework/Versions/3.9/lib/python3.9/site-packages/airflow/example_dags/subdags/subdag.py
[2023-01-09T18:34:23.715-0500] {processor.py:175} INFO - Processing /Library/Frameworks/Python.framework/Versions/3.9/lib/python3.9/site-packages/airflow/example_dags/subdags/subdag.py took 0.647 seconds
[2023-01-09T18:34:29.028-0500] {processor.py:153} INFO - Started process (PID=44672) to work on /Library/Frameworks/Python.framework/Versions/3.9/lib/python3.9/site-packages/airflow/example_dags/subdags/subdag.py
[2023-01-09T18:34:29.033-0500] {processor.py:743} INFO - Processing file /Library/Frameworks/Python.framework/Versions/3.9/lib/python3.9/site-packages/airflow/example_dags/subdags/subdag.py for tasks to queue
[2023-01-09T18:34:29.034-0500] {logging_mixin.py:137} INFO - [2023-01-09T18:34:29.033-0500] {dagbag.py:538} INFO - Filling up the DagBag from /Library/Frameworks/Python.framework/Versions/3.9/lib/python3.9/site-packages/airflow/example_dags/subdags/subdag.py
[2023-01-09T18:34:29.048-0500] {processor.py:755} WARNING - No viable dags retrieved from /Library/Frameworks/Python.framework/Versions/3.9/lib/python3.9/site-packages/airflow/example_dags/subdags/subdag.py
[2023-01-09T18:34:29.698-0500] {processor.py:175} INFO - Processing /Library/Frameworks/Python.framework/Versions/3.9/lib/python3.9/site-packages/airflow/example_dags/subdags/subdag.py took 0.670 seconds
[2023-01-09T18:35:44.996-0500] {processor.py:153} INFO - Started process (PID=44736) to work on /Library/Frameworks/Python.framework/Versions/3.9/lib/python3.9/site-packages/airflow/example_dags/subdags/subdag.py
[2023-01-09T18:35:45.002-0500] {processor.py:743} INFO - Processing file /Library/Frameworks/Python.framework/Versions/3.9/lib/python3.9/site-packages/airflow/example_dags/subdags/subdag.py for tasks to queue
[2023-01-09T18:35:45.003-0500] {logging_mixin.py:137} INFO - [2023-01-09T18:35:45.003-0500] {dagbag.py:538} INFO - Filling up the DagBag from /Library/Frameworks/Python.framework/Versions/3.9/lib/python3.9/site-packages/airflow/example_dags/subdags/subdag.py
[2023-01-09T18:35:45.018-0500] {processor.py:755} WARNING - No viable dags retrieved from /Library/Frameworks/Python.framework/Versions/3.9/lib/python3.9/site-packages/airflow/example_dags/subdags/subdag.py
[2023-01-09T18:35:45.774-0500] {processor.py:175} INFO - Processing /Library/Frameworks/Python.framework/Versions/3.9/lib/python3.9/site-packages/airflow/example_dags/subdags/subdag.py took 0.779 seconds
[2023-01-09T18:35:50.582-0500] {processor.py:153} INFO - Started process (PID=44740) to work on /Library/Frameworks/Python.framework/Versions/3.9/lib/python3.9/site-packages/airflow/example_dags/subdags/subdag.py
[2023-01-09T18:35:50.587-0500] {processor.py:743} INFO - Processing file /Library/Frameworks/Python.framework/Versions/3.9/lib/python3.9/site-packages/airflow/example_dags/subdags/subdag.py for tasks to queue
[2023-01-09T18:35:50.588-0500] {logging_mixin.py:137} INFO - [2023-01-09T18:35:50.587-0500] {dagbag.py:538} INFO - Filling up the DagBag from /Library/Frameworks/Python.framework/Versions/3.9/lib/python3.9/site-packages/airflow/example_dags/subdags/subdag.py
[2023-01-09T18:35:50.602-0500] {processor.py:755} WARNING - No viable dags retrieved from /Library/Frameworks/Python.framework/Versions/3.9/lib/python3.9/site-packages/airflow/example_dags/subdags/subdag.py
[2023-01-09T18:35:51.270-0500] {processor.py:175} INFO - Processing /Library/Frameworks/Python.framework/Versions/3.9/lib/python3.9/site-packages/airflow/example_dags/subdags/subdag.py took 0.688 seconds
[2023-01-09T18:37:10.108-0500] {processor.py:153} INFO - Started process (PID=44806) to work on /Library/Frameworks/Python.framework/Versions/3.9/lib/python3.9/site-packages/airflow/example_dags/subdags/subdag.py
[2023-01-09T18:37:10.114-0500] {processor.py:743} INFO - Processing file /Library/Frameworks/Python.framework/Versions/3.9/lib/python3.9/site-packages/airflow/example_dags/subdags/subdag.py for tasks to queue
[2023-01-09T18:37:10.116-0500] {logging_mixin.py:137} INFO - [2023-01-09T18:37:10.115-0500] {dagbag.py:538} INFO - Filling up the DagBag from /Library/Frameworks/Python.framework/Versions/3.9/lib/python3.9/site-packages/airflow/example_dags/subdags/subdag.py
[2023-01-09T18:37:10.153-0500] {processor.py:755} WARNING - No viable dags retrieved from /Library/Frameworks/Python.framework/Versions/3.9/lib/python3.9/site-packages/airflow/example_dags/subdags/subdag.py
[2023-01-09T18:37:10.924-0500] {processor.py:175} INFO - Processing /Library/Frameworks/Python.framework/Versions/3.9/lib/python3.9/site-packages/airflow/example_dags/subdags/subdag.py took 0.818 seconds
[2023-01-09T18:37:13.084-0500] {processor.py:153} INFO - Started process (PID=44811) to work on /Library/Frameworks/Python.framework/Versions/3.9/lib/python3.9/site-packages/airflow/example_dags/subdags/subdag.py
[2023-01-09T18:37:13.089-0500] {processor.py:743} INFO - Processing file /Library/Frameworks/Python.framework/Versions/3.9/lib/python3.9/site-packages/airflow/example_dags/subdags/subdag.py for tasks to queue
[2023-01-09T18:37:13.089-0500] {logging_mixin.py:137} INFO - [2023-01-09T18:37:13.089-0500] {dagbag.py:538} INFO - Filling up the DagBag from /Library/Frameworks/Python.framework/Versions/3.9/lib/python3.9/site-packages/airflow/example_dags/subdags/subdag.py
[2023-01-09T18:37:13.104-0500] {processor.py:755} WARNING - No viable dags retrieved from /Library/Frameworks/Python.framework/Versions/3.9/lib/python3.9/site-packages/airflow/example_dags/subdags/subdag.py
[2023-01-09T18:37:13.733-0500] {processor.py:175} INFO - Processing /Library/Frameworks/Python.framework/Versions/3.9/lib/python3.9/site-packages/airflow/example_dags/subdags/subdag.py took 0.650 seconds
[2023-01-09T18:38:26.906-0500] {processor.py:153} INFO - Started process (PID=44914) to work on /Library/Frameworks/Python.framework/Versions/3.9/lib/python3.9/site-packages/airflow/example_dags/subdags/subdag.py
[2023-01-09T18:38:26.912-0500] {processor.py:743} INFO - Processing file /Library/Frameworks/Python.framework/Versions/3.9/lib/python3.9/site-packages/airflow/example_dags/subdags/subdag.py for tasks to queue
[2023-01-09T18:38:26.912-0500] {logging_mixin.py:137} INFO - [2023-01-09T18:38:26.912-0500] {dagbag.py:538} INFO - Filling up the DagBag from /Library/Frameworks/Python.framework/Versions/3.9/lib/python3.9/site-packages/airflow/example_dags/subdags/subdag.py
[2023-01-09T18:38:26.933-0500] {processor.py:755} WARNING - No viable dags retrieved from /Library/Frameworks/Python.framework/Versions/3.9/lib/python3.9/site-packages/airflow/example_dags/subdags/subdag.py
[2023-01-09T18:38:27.819-0500] {processor.py:175} INFO - Processing /Library/Frameworks/Python.framework/Versions/3.9/lib/python3.9/site-packages/airflow/example_dags/subdags/subdag.py took 0.914 seconds
[2023-01-09T18:38:29.470-0500] {processor.py:153} INFO - Started process (PID=44924) to work on /Library/Frameworks/Python.framework/Versions/3.9/lib/python3.9/site-packages/airflow/example_dags/subdags/subdag.py
[2023-01-09T18:38:29.475-0500] {processor.py:743} INFO - Processing file /Library/Frameworks/Python.framework/Versions/3.9/lib/python3.9/site-packages/airflow/example_dags/subdags/subdag.py for tasks to queue
[2023-01-09T18:38:29.476-0500] {logging_mixin.py:137} INFO - [2023-01-09T18:38:29.475-0500] {dagbag.py:538} INFO - Filling up the DagBag from /Library/Frameworks/Python.framework/Versions/3.9/lib/python3.9/site-packages/airflow/example_dags/subdags/subdag.py
[2023-01-09T18:38:29.493-0500] {processor.py:755} WARNING - No viable dags retrieved from /Library/Frameworks/Python.framework/Versions/3.9/lib/python3.9/site-packages/airflow/example_dags/subdags/subdag.py
[2023-01-09T18:38:30.366-0500] {processor.py:175} INFO - Processing /Library/Frameworks/Python.framework/Versions/3.9/lib/python3.9/site-packages/airflow/example_dags/subdags/subdag.py took 0.897 seconds
[2023-01-09T18:39:45.465-0500] {processor.py:153} INFO - Started process (PID=45048) to work on /Library/Frameworks/Python.framework/Versions/3.9/lib/python3.9/site-packages/airflow/example_dags/subdags/subdag.py
[2023-01-09T18:39:45.471-0500] {processor.py:743} INFO - Processing file /Library/Frameworks/Python.framework/Versions/3.9/lib/python3.9/site-packages/airflow/example_dags/subdags/subdag.py for tasks to queue
[2023-01-09T18:39:45.472-0500] {logging_mixin.py:137} INFO - [2023-01-09T18:39:45.472-0500] {dagbag.py:538} INFO - Filling up the DagBag from /Library/Frameworks/Python.framework/Versions/3.9/lib/python3.9/site-packages/airflow/example_dags/subdags/subdag.py
[2023-01-09T18:39:45.488-0500] {processor.py:755} WARNING - No viable dags retrieved from /Library/Frameworks/Python.framework/Versions/3.9/lib/python3.9/site-packages/airflow/example_dags/subdags/subdag.py
[2023-01-09T18:39:46.135-0500] {processor.py:175} INFO - Processing /Library/Frameworks/Python.framework/Versions/3.9/lib/python3.9/site-packages/airflow/example_dags/subdags/subdag.py took 0.670 seconds
[2023-01-09T18:39:48.811-0500] {processor.py:153} INFO - Started process (PID=45051) to work on /Library/Frameworks/Python.framework/Versions/3.9/lib/python3.9/site-packages/airflow/example_dags/subdags/subdag.py
[2023-01-09T18:39:48.816-0500] {processor.py:743} INFO - Processing file /Library/Frameworks/Python.framework/Versions/3.9/lib/python3.9/site-packages/airflow/example_dags/subdags/subdag.py for tasks to queue
[2023-01-09T18:39:48.817-0500] {logging_mixin.py:137} INFO - [2023-01-09T18:39:48.817-0500] {dagbag.py:538} INFO - Filling up the DagBag from /Library/Frameworks/Python.framework/Versions/3.9/lib/python3.9/site-packages/airflow/example_dags/subdags/subdag.py
[2023-01-09T18:39:48.831-0500] {processor.py:755} WARNING - No viable dags retrieved from /Library/Frameworks/Python.framework/Versions/3.9/lib/python3.9/site-packages/airflow/example_dags/subdags/subdag.py
[2023-01-09T18:39:49.488-0500] {processor.py:175} INFO - Processing /Library/Frameworks/Python.framework/Versions/3.9/lib/python3.9/site-packages/airflow/example_dags/subdags/subdag.py took 0.677 seconds
[2023-01-09T18:41:01.346-0500] {processor.py:153} INFO - Started process (PID=45116) to work on /Library/Frameworks/Python.framework/Versions/3.9/lib/python3.9/site-packages/airflow/example_dags/subdags/subdag.py
[2023-01-09T18:41:01.351-0500] {processor.py:743} INFO - Processing file /Library/Frameworks/Python.framework/Versions/3.9/lib/python3.9/site-packages/airflow/example_dags/subdags/subdag.py for tasks to queue
[2023-01-09T18:41:01.352-0500] {logging_mixin.py:137} INFO - [2023-01-09T18:41:01.352-0500] {dagbag.py:538} INFO - Filling up the DagBag from /Library/Frameworks/Python.framework/Versions/3.9/lib/python3.9/site-packages/airflow/example_dags/subdags/subdag.py
[2023-01-09T18:41:01.367-0500] {processor.py:755} WARNING - No viable dags retrieved from /Library/Frameworks/Python.framework/Versions/3.9/lib/python3.9/site-packages/airflow/example_dags/subdags/subdag.py
[2023-01-09T18:41:02.053-0500] {processor.py:175} INFO - Processing /Library/Frameworks/Python.framework/Versions/3.9/lib/python3.9/site-packages/airflow/example_dags/subdags/subdag.py took 0.708 seconds
[2023-01-09T18:41:06.185-0500] {processor.py:153} INFO - Started process (PID=45121) to work on /Library/Frameworks/Python.framework/Versions/3.9/lib/python3.9/site-packages/airflow/example_dags/subdags/subdag.py
[2023-01-09T18:41:06.190-0500] {processor.py:743} INFO - Processing file /Library/Frameworks/Python.framework/Versions/3.9/lib/python3.9/site-packages/airflow/example_dags/subdags/subdag.py for tasks to queue
[2023-01-09T18:41:06.190-0500] {logging_mixin.py:137} INFO - [2023-01-09T18:41:06.190-0500] {dagbag.py:538} INFO - Filling up the DagBag from /Library/Frameworks/Python.framework/Versions/3.9/lib/python3.9/site-packages/airflow/example_dags/subdags/subdag.py
[2023-01-09T18:41:06.204-0500] {processor.py:755} WARNING - No viable dags retrieved from /Library/Frameworks/Python.framework/Versions/3.9/lib/python3.9/site-packages/airflow/example_dags/subdags/subdag.py
[2023-01-09T18:41:06.845-0500] {processor.py:175} INFO - Processing /Library/Frameworks/Python.framework/Versions/3.9/lib/python3.9/site-packages/airflow/example_dags/subdags/subdag.py took 0.660 seconds
[2023-01-09T18:42:20.079-0500] {processor.py:153} INFO - Started process (PID=45193) to work on /Library/Frameworks/Python.framework/Versions/3.9/lib/python3.9/site-packages/airflow/example_dags/subdags/subdag.py
[2023-01-09T18:42:20.086-0500] {processor.py:743} INFO - Processing file /Library/Frameworks/Python.framework/Versions/3.9/lib/python3.9/site-packages/airflow/example_dags/subdags/subdag.py for tasks to queue
[2023-01-09T18:42:20.086-0500] {logging_mixin.py:137} INFO - [2023-01-09T18:42:20.086-0500] {dagbag.py:538} INFO - Filling up the DagBag from /Library/Frameworks/Python.framework/Versions/3.9/lib/python3.9/site-packages/airflow/example_dags/subdags/subdag.py
[2023-01-09T18:42:20.101-0500] {processor.py:755} WARNING - No viable dags retrieved from /Library/Frameworks/Python.framework/Versions/3.9/lib/python3.9/site-packages/airflow/example_dags/subdags/subdag.py
[2023-01-09T18:42:20.766-0500] {processor.py:175} INFO - Processing /Library/Frameworks/Python.framework/Versions/3.9/lib/python3.9/site-packages/airflow/example_dags/subdags/subdag.py took 0.688 seconds
[2023-01-09T18:42:26.734-0500] {processor.py:153} INFO - Started process (PID=45200) to work on /Library/Frameworks/Python.framework/Versions/3.9/lib/python3.9/site-packages/airflow/example_dags/subdags/subdag.py
[2023-01-09T18:42:26.739-0500] {processor.py:743} INFO - Processing file /Library/Frameworks/Python.framework/Versions/3.9/lib/python3.9/site-packages/airflow/example_dags/subdags/subdag.py for tasks to queue
[2023-01-09T18:42:26.739-0500] {logging_mixin.py:137} INFO - [2023-01-09T18:42:26.739-0500] {dagbag.py:538} INFO - Filling up the DagBag from /Library/Frameworks/Python.framework/Versions/3.9/lib/python3.9/site-packages/airflow/example_dags/subdags/subdag.py
[2023-01-09T18:42:26.753-0500] {processor.py:755} WARNING - No viable dags retrieved from /Library/Frameworks/Python.framework/Versions/3.9/lib/python3.9/site-packages/airflow/example_dags/subdags/subdag.py
[2023-01-09T18:42:27.477-0500] {processor.py:175} INFO - Processing /Library/Frameworks/Python.framework/Versions/3.9/lib/python3.9/site-packages/airflow/example_dags/subdags/subdag.py took 0.744 seconds
[2023-01-09T18:43:39.629-0500] {processor.py:153} INFO - Started process (PID=45258) to work on /Library/Frameworks/Python.framework/Versions/3.9/lib/python3.9/site-packages/airflow/example_dags/subdags/subdag.py
[2023-01-09T18:43:39.634-0500] {processor.py:743} INFO - Processing file /Library/Frameworks/Python.framework/Versions/3.9/lib/python3.9/site-packages/airflow/example_dags/subdags/subdag.py for tasks to queue
[2023-01-09T18:43:39.635-0500] {logging_mixin.py:137} INFO - [2023-01-09T18:43:39.635-0500] {dagbag.py:538} INFO - Filling up the DagBag from /Library/Frameworks/Python.framework/Versions/3.9/lib/python3.9/site-packages/airflow/example_dags/subdags/subdag.py
[2023-01-09T18:43:39.649-0500] {processor.py:755} WARNING - No viable dags retrieved from /Library/Frameworks/Python.framework/Versions/3.9/lib/python3.9/site-packages/airflow/example_dags/subdags/subdag.py
[2023-01-09T18:43:40.267-0500] {processor.py:175} INFO - Processing /Library/Frameworks/Python.framework/Versions/3.9/lib/python3.9/site-packages/airflow/example_dags/subdags/subdag.py took 0.639 seconds
[2023-01-09T18:43:45.333-0500] {processor.py:153} INFO - Started process (PID=45263) to work on /Library/Frameworks/Python.framework/Versions/3.9/lib/python3.9/site-packages/airflow/example_dags/subdags/subdag.py
[2023-01-09T18:43:45.337-0500] {processor.py:743} INFO - Processing file /Library/Frameworks/Python.framework/Versions/3.9/lib/python3.9/site-packages/airflow/example_dags/subdags/subdag.py for tasks to queue
[2023-01-09T18:43:45.338-0500] {logging_mixin.py:137} INFO - [2023-01-09T18:43:45.338-0500] {dagbag.py:538} INFO - Filling up the DagBag from /Library/Frameworks/Python.framework/Versions/3.9/lib/python3.9/site-packages/airflow/example_dags/subdags/subdag.py
[2023-01-09T18:43:45.352-0500] {processor.py:755} WARNING - No viable dags retrieved from /Library/Frameworks/Python.framework/Versions/3.9/lib/python3.9/site-packages/airflow/example_dags/subdags/subdag.py
[2023-01-09T18:43:45.979-0500] {processor.py:175} INFO - Processing /Library/Frameworks/Python.framework/Versions/3.9/lib/python3.9/site-packages/airflow/example_dags/subdags/subdag.py took 0.647 seconds
[2023-01-09T18:45:14.795-0500] {processor.py:153} INFO - Started process (PID=45427) to work on /Library/Frameworks/Python.framework/Versions/3.9/lib/python3.9/site-packages/airflow/example_dags/subdags/subdag.py
[2023-01-09T18:45:14.800-0500] {processor.py:743} INFO - Processing file /Library/Frameworks/Python.framework/Versions/3.9/lib/python3.9/site-packages/airflow/example_dags/subdags/subdag.py for tasks to queue
[2023-01-09T18:45:14.801-0500] {logging_mixin.py:137} INFO - [2023-01-09T18:45:14.801-0500] {dagbag.py:538} INFO - Filling up the DagBag from /Library/Frameworks/Python.framework/Versions/3.9/lib/python3.9/site-packages/airflow/example_dags/subdags/subdag.py
[2023-01-09T18:45:14.819-0500] {processor.py:755} WARNING - No viable dags retrieved from /Library/Frameworks/Python.framework/Versions/3.9/lib/python3.9/site-packages/airflow/example_dags/subdags/subdag.py
[2023-01-09T18:45:15.695-0500] {processor.py:175} INFO - Processing /Library/Frameworks/Python.framework/Versions/3.9/lib/python3.9/site-packages/airflow/example_dags/subdags/subdag.py took 0.900 seconds
[2023-01-09T18:45:19.228-0500] {processor.py:153} INFO - Started process (PID=45432) to work on /Library/Frameworks/Python.framework/Versions/3.9/lib/python3.9/site-packages/airflow/example_dags/subdags/subdag.py
[2023-01-09T18:45:19.234-0500] {processor.py:743} INFO - Processing file /Library/Frameworks/Python.framework/Versions/3.9/lib/python3.9/site-packages/airflow/example_dags/subdags/subdag.py for tasks to queue
[2023-01-09T18:45:19.234-0500] {logging_mixin.py:137} INFO - [2023-01-09T18:45:19.234-0500] {dagbag.py:538} INFO - Filling up the DagBag from /Library/Frameworks/Python.framework/Versions/3.9/lib/python3.9/site-packages/airflow/example_dags/subdags/subdag.py
[2023-01-09T18:45:19.250-0500] {processor.py:755} WARNING - No viable dags retrieved from /Library/Frameworks/Python.framework/Versions/3.9/lib/python3.9/site-packages/airflow/example_dags/subdags/subdag.py
[2023-01-09T18:45:20.054-0500] {processor.py:175} INFO - Processing /Library/Frameworks/Python.framework/Versions/3.9/lib/python3.9/site-packages/airflow/example_dags/subdags/subdag.py took 0.826 seconds
[2023-01-09T18:46:53.349-0500] {processor.py:153} INFO - Started process (PID=45532) to work on /Library/Frameworks/Python.framework/Versions/3.9/lib/python3.9/site-packages/airflow/example_dags/subdags/subdag.py
[2023-01-09T18:46:55.549-0500] {processor.py:743} INFO - Processing file /Library/Frameworks/Python.framework/Versions/3.9/lib/python3.9/site-packages/airflow/example_dags/subdags/subdag.py for tasks to queue
[2023-01-09T18:46:55.555-0500] {logging_mixin.py:137} INFO - [2023-01-09T18:46:55.555-0500] {dagbag.py:538} INFO - Filling up the DagBag from /Library/Frameworks/Python.framework/Versions/3.9/lib/python3.9/site-packages/airflow/example_dags/subdags/subdag.py
[2023-01-09T18:46:55.647-0500] {processor.py:755} WARNING - No viable dags retrieved from /Library/Frameworks/Python.framework/Versions/3.9/lib/python3.9/site-packages/airflow/example_dags/subdags/subdag.py
[2023-01-09T18:46:56.919-0500] {processor.py:175} INFO - Processing /Library/Frameworks/Python.framework/Versions/3.9/lib/python3.9/site-packages/airflow/example_dags/subdags/subdag.py took 3.573 seconds
[2023-01-09T18:47:01.284-0500] {processor.py:153} INFO - Started process (PID=45537) to work on /Library/Frameworks/Python.framework/Versions/3.9/lib/python3.9/site-packages/airflow/example_dags/subdags/subdag.py
[2023-01-09T18:47:01.289-0500] {processor.py:743} INFO - Processing file /Library/Frameworks/Python.framework/Versions/3.9/lib/python3.9/site-packages/airflow/example_dags/subdags/subdag.py for tasks to queue
[2023-01-09T18:47:01.289-0500] {logging_mixin.py:137} INFO - [2023-01-09T18:47:01.289-0500] {dagbag.py:538} INFO - Filling up the DagBag from /Library/Frameworks/Python.framework/Versions/3.9/lib/python3.9/site-packages/airflow/example_dags/subdags/subdag.py
[2023-01-09T18:47:01.308-0500] {processor.py:755} WARNING - No viable dags retrieved from /Library/Frameworks/Python.framework/Versions/3.9/lib/python3.9/site-packages/airflow/example_dags/subdags/subdag.py
[2023-01-09T18:47:02.154-0500] {processor.py:175} INFO - Processing /Library/Frameworks/Python.framework/Versions/3.9/lib/python3.9/site-packages/airflow/example_dags/subdags/subdag.py took 0.871 seconds
[2023-01-09T18:48:24.186-0500] {processor.py:153} INFO - Started process (PID=45652) to work on /Library/Frameworks/Python.framework/Versions/3.9/lib/python3.9/site-packages/airflow/example_dags/subdags/subdag.py
[2023-01-09T18:48:24.192-0500] {processor.py:743} INFO - Processing file /Library/Frameworks/Python.framework/Versions/3.9/lib/python3.9/site-packages/airflow/example_dags/subdags/subdag.py for tasks to queue
[2023-01-09T18:48:24.193-0500] {logging_mixin.py:137} INFO - [2023-01-09T18:48:24.193-0500] {dagbag.py:538} INFO - Filling up the DagBag from /Library/Frameworks/Python.framework/Versions/3.9/lib/python3.9/site-packages/airflow/example_dags/subdags/subdag.py
[2023-01-09T18:48:24.210-0500] {processor.py:755} WARNING - No viable dags retrieved from /Library/Frameworks/Python.framework/Versions/3.9/lib/python3.9/site-packages/airflow/example_dags/subdags/subdag.py
[2023-01-09T18:48:25.033-0500] {processor.py:175} INFO - Processing /Library/Frameworks/Python.framework/Versions/3.9/lib/python3.9/site-packages/airflow/example_dags/subdags/subdag.py took 0.848 seconds
[2023-01-09T18:48:32.352-0500] {processor.py:153} INFO - Started process (PID=45659) to work on /Library/Frameworks/Python.framework/Versions/3.9/lib/python3.9/site-packages/airflow/example_dags/subdags/subdag.py
[2023-01-09T18:48:32.359-0500] {processor.py:743} INFO - Processing file /Library/Frameworks/Python.framework/Versions/3.9/lib/python3.9/site-packages/airflow/example_dags/subdags/subdag.py for tasks to queue
[2023-01-09T18:48:32.359-0500] {logging_mixin.py:137} INFO - [2023-01-09T18:48:32.359-0500] {dagbag.py:538} INFO - Filling up the DagBag from /Library/Frameworks/Python.framework/Versions/3.9/lib/python3.9/site-packages/airflow/example_dags/subdags/subdag.py
[2023-01-09T18:48:32.378-0500] {processor.py:755} WARNING - No viable dags retrieved from /Library/Frameworks/Python.framework/Versions/3.9/lib/python3.9/site-packages/airflow/example_dags/subdags/subdag.py
[2023-01-09T18:48:33.268-0500] {processor.py:175} INFO - Processing /Library/Frameworks/Python.framework/Versions/3.9/lib/python3.9/site-packages/airflow/example_dags/subdags/subdag.py took 0.917 seconds
[2023-01-09T18:49:48.488-0500] {processor.py:153} INFO - Started process (PID=45722) to work on /Library/Frameworks/Python.framework/Versions/3.9/lib/python3.9/site-packages/airflow/example_dags/subdags/subdag.py
[2023-01-09T18:49:48.495-0500] {processor.py:743} INFO - Processing file /Library/Frameworks/Python.framework/Versions/3.9/lib/python3.9/site-packages/airflow/example_dags/subdags/subdag.py for tasks to queue
[2023-01-09T18:49:48.495-0500] {logging_mixin.py:137} INFO - [2023-01-09T18:49:48.495-0500] {dagbag.py:538} INFO - Filling up the DagBag from /Library/Frameworks/Python.framework/Versions/3.9/lib/python3.9/site-packages/airflow/example_dags/subdags/subdag.py
[2023-01-09T18:49:48.513-0500] {processor.py:755} WARNING - No viable dags retrieved from /Library/Frameworks/Python.framework/Versions/3.9/lib/python3.9/site-packages/airflow/example_dags/subdags/subdag.py
[2023-01-09T18:49:49.326-0500] {processor.py:175} INFO - Processing /Library/Frameworks/Python.framework/Versions/3.9/lib/python3.9/site-packages/airflow/example_dags/subdags/subdag.py took 0.839 seconds
[2023-01-09T18:49:56.749-0500] {processor.py:153} INFO - Started process (PID=45729) to work on /Library/Frameworks/Python.framework/Versions/3.9/lib/python3.9/site-packages/airflow/example_dags/subdags/subdag.py
[2023-01-09T18:49:56.755-0500] {processor.py:743} INFO - Processing file /Library/Frameworks/Python.framework/Versions/3.9/lib/python3.9/site-packages/airflow/example_dags/subdags/subdag.py for tasks to queue
[2023-01-09T18:49:56.757-0500] {logging_mixin.py:137} INFO - [2023-01-09T18:49:56.757-0500] {dagbag.py:538} INFO - Filling up the DagBag from /Library/Frameworks/Python.framework/Versions/3.9/lib/python3.9/site-packages/airflow/example_dags/subdags/subdag.py
[2023-01-09T18:49:56.774-0500] {processor.py:755} WARNING - No viable dags retrieved from /Library/Frameworks/Python.framework/Versions/3.9/lib/python3.9/site-packages/airflow/example_dags/subdags/subdag.py
[2023-01-09T18:49:57.571-0500] {processor.py:175} INFO - Processing /Library/Frameworks/Python.framework/Versions/3.9/lib/python3.9/site-packages/airflow/example_dags/subdags/subdag.py took 0.822 seconds
[2023-01-09T18:51:14.405-0500] {processor.py:153} INFO - Started process (PID=45790) to work on /Library/Frameworks/Python.framework/Versions/3.9/lib/python3.9/site-packages/airflow/example_dags/subdags/subdag.py
[2023-01-09T18:51:14.411-0500] {processor.py:743} INFO - Processing file /Library/Frameworks/Python.framework/Versions/3.9/lib/python3.9/site-packages/airflow/example_dags/subdags/subdag.py for tasks to queue
[2023-01-09T18:51:14.411-0500] {logging_mixin.py:137} INFO - [2023-01-09T18:51:14.411-0500] {dagbag.py:538} INFO - Filling up the DagBag from /Library/Frameworks/Python.framework/Versions/3.9/lib/python3.9/site-packages/airflow/example_dags/subdags/subdag.py
[2023-01-09T18:51:14.426-0500] {processor.py:755} WARNING - No viable dags retrieved from /Library/Frameworks/Python.framework/Versions/3.9/lib/python3.9/site-packages/airflow/example_dags/subdags/subdag.py
[2023-01-09T18:51:15.102-0500] {processor.py:175} INFO - Processing /Library/Frameworks/Python.framework/Versions/3.9/lib/python3.9/site-packages/airflow/example_dags/subdags/subdag.py took 0.697 seconds
[2023-01-09T18:51:21.061-0500] {processor.py:153} INFO - Started process (PID=45797) to work on /Library/Frameworks/Python.framework/Versions/3.9/lib/python3.9/site-packages/airflow/example_dags/subdags/subdag.py
[2023-01-09T18:51:21.066-0500] {processor.py:743} INFO - Processing file /Library/Frameworks/Python.framework/Versions/3.9/lib/python3.9/site-packages/airflow/example_dags/subdags/subdag.py for tasks to queue
[2023-01-09T18:51:21.067-0500] {logging_mixin.py:137} INFO - [2023-01-09T18:51:21.066-0500] {dagbag.py:538} INFO - Filling up the DagBag from /Library/Frameworks/Python.framework/Versions/3.9/lib/python3.9/site-packages/airflow/example_dags/subdags/subdag.py
[2023-01-09T18:51:21.081-0500] {processor.py:755} WARNING - No viable dags retrieved from /Library/Frameworks/Python.framework/Versions/3.9/lib/python3.9/site-packages/airflow/example_dags/subdags/subdag.py
[2023-01-09T18:51:21.779-0500] {processor.py:175} INFO - Processing /Library/Frameworks/Python.framework/Versions/3.9/lib/python3.9/site-packages/airflow/example_dags/subdags/subdag.py took 0.718 seconds
[2023-01-09T18:52:57.694-0500] {processor.py:153} INFO - Started process (PID=45902) to work on /Library/Frameworks/Python.framework/Versions/3.9/lib/python3.9/site-packages/airflow/example_dags/subdags/subdag.py
[2023-01-09T18:52:57.702-0500] {processor.py:743} INFO - Processing file /Library/Frameworks/Python.framework/Versions/3.9/lib/python3.9/site-packages/airflow/example_dags/subdags/subdag.py for tasks to queue
[2023-01-09T18:52:57.702-0500] {logging_mixin.py:137} INFO - [2023-01-09T18:52:57.702-0500] {dagbag.py:538} INFO - Filling up the DagBag from /Library/Frameworks/Python.framework/Versions/3.9/lib/python3.9/site-packages/airflow/example_dags/subdags/subdag.py
[2023-01-09T18:52:57.722-0500] {processor.py:755} WARNING - No viable dags retrieved from /Library/Frameworks/Python.framework/Versions/3.9/lib/python3.9/site-packages/airflow/example_dags/subdags/subdag.py
[2023-01-09T18:52:58.735-0500] {processor.py:175} INFO - Processing /Library/Frameworks/Python.framework/Versions/3.9/lib/python3.9/site-packages/airflow/example_dags/subdags/subdag.py took 1.041 seconds
[2023-01-09T18:53:04.747-0500] {processor.py:153} INFO - Started process (PID=45905) to work on /Library/Frameworks/Python.framework/Versions/3.9/lib/python3.9/site-packages/airflow/example_dags/subdags/subdag.py
[2023-01-09T18:53:04.753-0500] {processor.py:743} INFO - Processing file /Library/Frameworks/Python.framework/Versions/3.9/lib/python3.9/site-packages/airflow/example_dags/subdags/subdag.py for tasks to queue
[2023-01-09T18:53:04.754-0500] {logging_mixin.py:137} INFO - [2023-01-09T18:53:04.754-0500] {dagbag.py:538} INFO - Filling up the DagBag from /Library/Frameworks/Python.framework/Versions/3.9/lib/python3.9/site-packages/airflow/example_dags/subdags/subdag.py
[2023-01-09T18:53:04.774-0500] {processor.py:755} WARNING - No viable dags retrieved from /Library/Frameworks/Python.framework/Versions/3.9/lib/python3.9/site-packages/airflow/example_dags/subdags/subdag.py
[2023-01-09T18:53:05.665-0500] {processor.py:175} INFO - Processing /Library/Frameworks/Python.framework/Versions/3.9/lib/python3.9/site-packages/airflow/example_dags/subdags/subdag.py took 0.918 seconds
[2023-01-09T18:54:56.851-0500] {processor.py:153} INFO - Started process (PID=45977) to work on /Library/Frameworks/Python.framework/Versions/3.9/lib/python3.9/site-packages/airflow/example_dags/subdags/subdag.py
[2023-01-09T18:54:56.861-0500] {processor.py:743} INFO - Processing file /Library/Frameworks/Python.framework/Versions/3.9/lib/python3.9/site-packages/airflow/example_dags/subdags/subdag.py for tasks to queue
[2023-01-09T18:54:56.861-0500] {logging_mixin.py:137} INFO - [2023-01-09T18:54:56.861-0500] {dagbag.py:538} INFO - Filling up the DagBag from /Library/Frameworks/Python.framework/Versions/3.9/lib/python3.9/site-packages/airflow/example_dags/subdags/subdag.py
[2023-01-09T18:54:56.898-0500] {processor.py:755} WARNING - No viable dags retrieved from /Library/Frameworks/Python.framework/Versions/3.9/lib/python3.9/site-packages/airflow/example_dags/subdags/subdag.py
[2023-01-09T18:54:59.876-0500] {processor.py:175} INFO - Processing /Library/Frameworks/Python.framework/Versions/3.9/lib/python3.9/site-packages/airflow/example_dags/subdags/subdag.py took 3.026 seconds
[2023-01-09T18:55:13.171-0500] {processor.py:153} INFO - Started process (PID=45990) to work on /Library/Frameworks/Python.framework/Versions/3.9/lib/python3.9/site-packages/airflow/example_dags/subdags/subdag.py
[2023-01-09T18:55:13.178-0500] {processor.py:743} INFO - Processing file /Library/Frameworks/Python.framework/Versions/3.9/lib/python3.9/site-packages/airflow/example_dags/subdags/subdag.py for tasks to queue
[2023-01-09T18:55:13.179-0500] {logging_mixin.py:137} INFO - [2023-01-09T18:55:13.179-0500] {dagbag.py:538} INFO - Filling up the DagBag from /Library/Frameworks/Python.framework/Versions/3.9/lib/python3.9/site-packages/airflow/example_dags/subdags/subdag.py
[2023-01-09T18:55:13.205-0500] {processor.py:755} WARNING - No viable dags retrieved from /Library/Frameworks/Python.framework/Versions/3.9/lib/python3.9/site-packages/airflow/example_dags/subdags/subdag.py
[2023-01-09T18:55:14.377-0500] {processor.py:175} INFO - Processing /Library/Frameworks/Python.framework/Versions/3.9/lib/python3.9/site-packages/airflow/example_dags/subdags/subdag.py took 1.207 seconds
[2023-01-09T18:57:24.701-0500] {processor.py:153} INFO - Started process (PID=46075) to work on /Library/Frameworks/Python.framework/Versions/3.9/lib/python3.9/site-packages/airflow/example_dags/subdags/subdag.py
[2023-01-09T18:57:24.715-0500] {processor.py:743} INFO - Processing file /Library/Frameworks/Python.framework/Versions/3.9/lib/python3.9/site-packages/airflow/example_dags/subdags/subdag.py for tasks to queue
[2023-01-09T18:57:24.716-0500] {logging_mixin.py:137} INFO - [2023-01-09T18:57:24.715-0500] {dagbag.py:538} INFO - Filling up the DagBag from /Library/Frameworks/Python.framework/Versions/3.9/lib/python3.9/site-packages/airflow/example_dags/subdags/subdag.py
[2023-01-09T18:57:24.740-0500] {processor.py:755} WARNING - No viable dags retrieved from /Library/Frameworks/Python.framework/Versions/3.9/lib/python3.9/site-packages/airflow/example_dags/subdags/subdag.py
[2023-01-09T18:57:25.926-0500] {processor.py:175} INFO - Processing /Library/Frameworks/Python.framework/Versions/3.9/lib/python3.9/site-packages/airflow/example_dags/subdags/subdag.py took 1.226 seconds
[2023-01-09T18:57:41.984-0500] {processor.py:153} INFO - Started process (PID=46086) to work on /Library/Frameworks/Python.framework/Versions/3.9/lib/python3.9/site-packages/airflow/example_dags/subdags/subdag.py
[2023-01-09T18:57:42.002-0500] {processor.py:743} INFO - Processing file /Library/Frameworks/Python.framework/Versions/3.9/lib/python3.9/site-packages/airflow/example_dags/subdags/subdag.py for tasks to queue
[2023-01-09T18:57:42.002-0500] {logging_mixin.py:137} INFO - [2023-01-09T18:57:42.002-0500] {dagbag.py:538} INFO - Filling up the DagBag from /Library/Frameworks/Python.framework/Versions/3.9/lib/python3.9/site-packages/airflow/example_dags/subdags/subdag.py
[2023-01-09T18:57:42.027-0500] {processor.py:755} WARNING - No viable dags retrieved from /Library/Frameworks/Python.framework/Versions/3.9/lib/python3.9/site-packages/airflow/example_dags/subdags/subdag.py
[2023-01-09T18:57:43.338-0500] {processor.py:175} INFO - Processing /Library/Frameworks/Python.framework/Versions/3.9/lib/python3.9/site-packages/airflow/example_dags/subdags/subdag.py took 1.355 seconds
[2023-01-09T18:59:38.363-0500] {processor.py:153} INFO - Started process (PID=46203) to work on /Library/Frameworks/Python.framework/Versions/3.9/lib/python3.9/site-packages/airflow/example_dags/subdags/subdag.py
[2023-01-09T18:59:38.369-0500] {processor.py:743} INFO - Processing file /Library/Frameworks/Python.framework/Versions/3.9/lib/python3.9/site-packages/airflow/example_dags/subdags/subdag.py for tasks to queue
[2023-01-09T18:59:38.370-0500] {logging_mixin.py:137} INFO - [2023-01-09T18:59:38.370-0500] {dagbag.py:538} INFO - Filling up the DagBag from /Library/Frameworks/Python.framework/Versions/3.9/lib/python3.9/site-packages/airflow/example_dags/subdags/subdag.py
[2023-01-09T18:59:38.390-0500] {processor.py:755} WARNING - No viable dags retrieved from /Library/Frameworks/Python.framework/Versions/3.9/lib/python3.9/site-packages/airflow/example_dags/subdags/subdag.py
[2023-01-09T18:59:39.270-0500] {processor.py:175} INFO - Processing /Library/Frameworks/Python.framework/Versions/3.9/lib/python3.9/site-packages/airflow/example_dags/subdags/subdag.py took 0.907 seconds
[2023-01-09T18:59:49.657-0500] {processor.py:153} INFO - Started process (PID=46210) to work on /Library/Frameworks/Python.framework/Versions/3.9/lib/python3.9/site-packages/airflow/example_dags/subdags/subdag.py
[2023-01-09T18:59:49.663-0500] {processor.py:743} INFO - Processing file /Library/Frameworks/Python.framework/Versions/3.9/lib/python3.9/site-packages/airflow/example_dags/subdags/subdag.py for tasks to queue
[2023-01-09T18:59:49.663-0500] {logging_mixin.py:137} INFO - [2023-01-09T18:59:49.663-0500] {dagbag.py:538} INFO - Filling up the DagBag from /Library/Frameworks/Python.framework/Versions/3.9/lib/python3.9/site-packages/airflow/example_dags/subdags/subdag.py
[2023-01-09T18:59:49.681-0500] {processor.py:755} WARNING - No viable dags retrieved from /Library/Frameworks/Python.framework/Versions/3.9/lib/python3.9/site-packages/airflow/example_dags/subdags/subdag.py
[2023-01-09T18:59:50.585-0500] {processor.py:175} INFO - Processing /Library/Frameworks/Python.framework/Versions/3.9/lib/python3.9/site-packages/airflow/example_dags/subdags/subdag.py took 0.929 seconds
