[2023-01-12T06:01:09.088-0500] {processor.py:153} INFO - Started process (PID=14660) to work on /Library/Frameworks/Python.framework/Versions/3.9/lib/python3.9/site-packages/airflow/example_dags/plugins/workday.py
[2023-01-12T06:01:09.094-0500] {processor.py:743} INFO - Processing file /Library/Frameworks/Python.framework/Versions/3.9/lib/python3.9/site-packages/airflow/example_dags/plugins/workday.py for tasks to queue
[2023-01-12T06:01:09.094-0500] {logging_mixin.py:137} INFO - [2023-01-12T06:01:09.094-0500] {dagbag.py:538} INFO - Filling up the DagBag from /Library/Frameworks/Python.framework/Versions/3.9/lib/python3.9/site-packages/airflow/example_dags/plugins/workday.py
[2023-01-12T06:01:09.122-0500] {processor.py:755} WARNING - No viable dags retrieved from /Library/Frameworks/Python.framework/Versions/3.9/lib/python3.9/site-packages/airflow/example_dags/plugins/workday.py
[2023-01-12T06:01:10.463-0500] {processor.py:175} INFO - Processing /Library/Frameworks/Python.framework/Versions/3.9/lib/python3.9/site-packages/airflow/example_dags/plugins/workday.py took 1.379 seconds
[2023-01-12T07:24:04.741-0500] {processor.py:153} INFO - Started process (PID=15020) to work on /Library/Frameworks/Python.framework/Versions/3.9/lib/python3.9/site-packages/airflow/example_dags/plugins/workday.py
[2023-01-12T07:24:04.749-0500] {processor.py:743} INFO - Processing file /Library/Frameworks/Python.framework/Versions/3.9/lib/python3.9/site-packages/airflow/example_dags/plugins/workday.py for tasks to queue
[2023-01-12T07:24:04.750-0500] {logging_mixin.py:137} INFO - [2023-01-12T07:24:04.750-0500] {dagbag.py:538} INFO - Filling up the DagBag from /Library/Frameworks/Python.framework/Versions/3.9/lib/python3.9/site-packages/airflow/example_dags/plugins/workday.py
[2023-01-12T07:24:04.775-0500] {processor.py:755} WARNING - No viable dags retrieved from /Library/Frameworks/Python.framework/Versions/3.9/lib/python3.9/site-packages/airflow/example_dags/plugins/workday.py
[2023-01-12T07:24:05.399-0500] {processor.py:175} INFO - Processing /Library/Frameworks/Python.framework/Versions/3.9/lib/python3.9/site-packages/airflow/example_dags/plugins/workday.py took 0.658 seconds
[2023-01-12T07:25:55.790-0500] {processor.py:153} INFO - Started process (PID=15088) to work on /Library/Frameworks/Python.framework/Versions/3.9/lib/python3.9/site-packages/airflow/example_dags/plugins/workday.py
[2023-01-12T07:25:55.796-0500] {processor.py:743} INFO - Processing file /Library/Frameworks/Python.framework/Versions/3.9/lib/python3.9/site-packages/airflow/example_dags/plugins/workday.py for tasks to queue
[2023-01-12T07:25:55.797-0500] {logging_mixin.py:137} INFO - [2023-01-12T07:25:55.797-0500] {dagbag.py:538} INFO - Filling up the DagBag from /Library/Frameworks/Python.framework/Versions/3.9/lib/python3.9/site-packages/airflow/example_dags/plugins/workday.py
[2023-01-12T07:25:55.827-0500] {processor.py:755} WARNING - No viable dags retrieved from /Library/Frameworks/Python.framework/Versions/3.9/lib/python3.9/site-packages/airflow/example_dags/plugins/workday.py
[2023-01-12T07:25:56.715-0500] {processor.py:175} INFO - Processing /Library/Frameworks/Python.framework/Versions/3.9/lib/python3.9/site-packages/airflow/example_dags/plugins/workday.py took 0.926 seconds
[2023-01-12T07:27:43.111-0500] {processor.py:153} INFO - Started process (PID=15148) to work on /Library/Frameworks/Python.framework/Versions/3.9/lib/python3.9/site-packages/airflow/example_dags/plugins/workday.py
[2023-01-12T07:27:43.117-0500] {processor.py:743} INFO - Processing file /Library/Frameworks/Python.framework/Versions/3.9/lib/python3.9/site-packages/airflow/example_dags/plugins/workday.py for tasks to queue
[2023-01-12T07:27:43.117-0500] {logging_mixin.py:137} INFO - [2023-01-12T07:27:43.117-0500] {dagbag.py:538} INFO - Filling up the DagBag from /Library/Frameworks/Python.framework/Versions/3.9/lib/python3.9/site-packages/airflow/example_dags/plugins/workday.py
[2023-01-12T07:27:43.134-0500] {processor.py:755} WARNING - No viable dags retrieved from /Library/Frameworks/Python.framework/Versions/3.9/lib/python3.9/site-packages/airflow/example_dags/plugins/workday.py
[2023-01-12T07:27:43.763-0500] {processor.py:175} INFO - Processing /Library/Frameworks/Python.framework/Versions/3.9/lib/python3.9/site-packages/airflow/example_dags/plugins/workday.py took 0.653 seconds
[2023-01-12T07:29:26.191-0500] {processor.py:153} INFO - Started process (PID=15207) to work on /Library/Frameworks/Python.framework/Versions/3.9/lib/python3.9/site-packages/airflow/example_dags/plugins/workday.py
[2023-01-12T07:29:26.197-0500] {processor.py:743} INFO - Processing file /Library/Frameworks/Python.framework/Versions/3.9/lib/python3.9/site-packages/airflow/example_dags/plugins/workday.py for tasks to queue
[2023-01-12T07:29:26.197-0500] {logging_mixin.py:137} INFO - [2023-01-12T07:29:26.197-0500] {dagbag.py:538} INFO - Filling up the DagBag from /Library/Frameworks/Python.framework/Versions/3.9/lib/python3.9/site-packages/airflow/example_dags/plugins/workday.py
[2023-01-12T07:29:26.216-0500] {processor.py:755} WARNING - No viable dags retrieved from /Library/Frameworks/Python.framework/Versions/3.9/lib/python3.9/site-packages/airflow/example_dags/plugins/workday.py
[2023-01-12T07:29:26.863-0500] {processor.py:175} INFO - Processing /Library/Frameworks/Python.framework/Versions/3.9/lib/python3.9/site-packages/airflow/example_dags/plugins/workday.py took 0.673 seconds
[2023-01-12T07:31:20.131-0500] {processor.py:153} INFO - Started process (PID=15393) to work on /Library/Frameworks/Python.framework/Versions/3.9/lib/python3.9/site-packages/airflow/example_dags/plugins/workday.py
[2023-01-12T07:31:20.136-0500] {processor.py:743} INFO - Processing file /Library/Frameworks/Python.framework/Versions/3.9/lib/python3.9/site-packages/airflow/example_dags/plugins/workday.py for tasks to queue
[2023-01-12T07:31:20.137-0500] {logging_mixin.py:137} INFO - [2023-01-12T07:31:20.137-0500] {dagbag.py:538} INFO - Filling up the DagBag from /Library/Frameworks/Python.framework/Versions/3.9/lib/python3.9/site-packages/airflow/example_dags/plugins/workday.py
[2023-01-12T07:31:20.155-0500] {processor.py:755} WARNING - No viable dags retrieved from /Library/Frameworks/Python.framework/Versions/3.9/lib/python3.9/site-packages/airflow/example_dags/plugins/workday.py
[2023-01-12T07:31:20.885-0500] {processor.py:175} INFO - Processing /Library/Frameworks/Python.framework/Versions/3.9/lib/python3.9/site-packages/airflow/example_dags/plugins/workday.py took 0.755 seconds
[2023-01-12T07:33:06.623-0500] {processor.py:153} INFO - Started process (PID=15489) to work on /Library/Frameworks/Python.framework/Versions/3.9/lib/python3.9/site-packages/airflow/example_dags/plugins/workday.py
[2023-01-12T07:33:06.628-0500] {processor.py:743} INFO - Processing file /Library/Frameworks/Python.framework/Versions/3.9/lib/python3.9/site-packages/airflow/example_dags/plugins/workday.py for tasks to queue
[2023-01-12T07:33:06.629-0500] {logging_mixin.py:137} INFO - [2023-01-12T07:33:06.629-0500] {dagbag.py:538} INFO - Filling up the DagBag from /Library/Frameworks/Python.framework/Versions/3.9/lib/python3.9/site-packages/airflow/example_dags/plugins/workday.py
[2023-01-12T07:33:06.643-0500] {processor.py:755} WARNING - No viable dags retrieved from /Library/Frameworks/Python.framework/Versions/3.9/lib/python3.9/site-packages/airflow/example_dags/plugins/workday.py
[2023-01-12T07:33:07.287-0500] {processor.py:175} INFO - Processing /Library/Frameworks/Python.framework/Versions/3.9/lib/python3.9/site-packages/airflow/example_dags/plugins/workday.py took 0.665 seconds
[2023-01-12T07:34:54.662-0500] {processor.py:153} INFO - Started process (PID=15531) to work on /Library/Frameworks/Python.framework/Versions/3.9/lib/python3.9/site-packages/airflow/example_dags/plugins/workday.py
[2023-01-12T07:34:54.668-0500] {processor.py:743} INFO - Processing file /Library/Frameworks/Python.framework/Versions/3.9/lib/python3.9/site-packages/airflow/example_dags/plugins/workday.py for tasks to queue
[2023-01-12T07:34:54.669-0500] {logging_mixin.py:137} INFO - [2023-01-12T07:34:54.669-0500] {dagbag.py:538} INFO - Filling up the DagBag from /Library/Frameworks/Python.framework/Versions/3.9/lib/python3.9/site-packages/airflow/example_dags/plugins/workday.py
[2023-01-12T07:34:54.686-0500] {processor.py:755} WARNING - No viable dags retrieved from /Library/Frameworks/Python.framework/Versions/3.9/lib/python3.9/site-packages/airflow/example_dags/plugins/workday.py
[2023-01-12T07:34:55.347-0500] {processor.py:175} INFO - Processing /Library/Frameworks/Python.framework/Versions/3.9/lib/python3.9/site-packages/airflow/example_dags/plugins/workday.py took 0.685 seconds
[2023-01-12T07:36:42.321-0500] {processor.py:153} INFO - Started process (PID=15574) to work on /Library/Frameworks/Python.framework/Versions/3.9/lib/python3.9/site-packages/airflow/example_dags/plugins/workday.py
[2023-01-12T07:36:42.327-0500] {processor.py:743} INFO - Processing file /Library/Frameworks/Python.framework/Versions/3.9/lib/python3.9/site-packages/airflow/example_dags/plugins/workday.py for tasks to queue
[2023-01-12T07:36:42.327-0500] {logging_mixin.py:137} INFO - [2023-01-12T07:36:42.327-0500] {dagbag.py:538} INFO - Filling up the DagBag from /Library/Frameworks/Python.framework/Versions/3.9/lib/python3.9/site-packages/airflow/example_dags/plugins/workday.py
[2023-01-12T07:36:42.342-0500] {processor.py:755} WARNING - No viable dags retrieved from /Library/Frameworks/Python.framework/Versions/3.9/lib/python3.9/site-packages/airflow/example_dags/plugins/workday.py
[2023-01-12T07:36:43.120-0500] {processor.py:175} INFO - Processing /Library/Frameworks/Python.framework/Versions/3.9/lib/python3.9/site-packages/airflow/example_dags/plugins/workday.py took 0.800 seconds
[2023-01-12T07:38:29.879-0500] {processor.py:153} INFO - Started process (PID=15620) to work on /Library/Frameworks/Python.framework/Versions/3.9/lib/python3.9/site-packages/airflow/example_dags/plugins/workday.py
[2023-01-12T07:38:29.884-0500] {processor.py:743} INFO - Processing file /Library/Frameworks/Python.framework/Versions/3.9/lib/python3.9/site-packages/airflow/example_dags/plugins/workday.py for tasks to queue
[2023-01-12T07:38:29.885-0500] {logging_mixin.py:137} INFO - [2023-01-12T07:38:29.885-0500] {dagbag.py:538} INFO - Filling up the DagBag from /Library/Frameworks/Python.framework/Versions/3.9/lib/python3.9/site-packages/airflow/example_dags/plugins/workday.py
[2023-01-12T07:38:29.906-0500] {processor.py:755} WARNING - No viable dags retrieved from /Library/Frameworks/Python.framework/Versions/3.9/lib/python3.9/site-packages/airflow/example_dags/plugins/workday.py
[2023-01-12T07:38:31.110-0500] {processor.py:175} INFO - Processing /Library/Frameworks/Python.framework/Versions/3.9/lib/python3.9/site-packages/airflow/example_dags/plugins/workday.py took 1.232 seconds
[2023-01-12T07:40:30.329-0500] {processor.py:153} INFO - Started process (PID=15742) to work on /Library/Frameworks/Python.framework/Versions/3.9/lib/python3.9/site-packages/airflow/example_dags/plugins/workday.py
[2023-01-12T07:40:30.336-0500] {processor.py:743} INFO - Processing file /Library/Frameworks/Python.framework/Versions/3.9/lib/python3.9/site-packages/airflow/example_dags/plugins/workday.py for tasks to queue
[2023-01-12T07:40:30.337-0500] {logging_mixin.py:137} INFO - [2023-01-12T07:40:30.336-0500] {dagbag.py:538} INFO - Filling up the DagBag from /Library/Frameworks/Python.framework/Versions/3.9/lib/python3.9/site-packages/airflow/example_dags/plugins/workday.py
[2023-01-12T07:40:30.356-0500] {processor.py:755} WARNING - No viable dags retrieved from /Library/Frameworks/Python.framework/Versions/3.9/lib/python3.9/site-packages/airflow/example_dags/plugins/workday.py
[2023-01-12T07:40:31.151-0500] {processor.py:175} INFO - Processing /Library/Frameworks/Python.framework/Versions/3.9/lib/python3.9/site-packages/airflow/example_dags/plugins/workday.py took 0.823 seconds
[2023-01-12T07:42:32.554-0500] {processor.py:153} INFO - Started process (PID=15787) to work on /Library/Frameworks/Python.framework/Versions/3.9/lib/python3.9/site-packages/airflow/example_dags/plugins/workday.py
[2023-01-12T07:42:32.561-0500] {processor.py:743} INFO - Processing file /Library/Frameworks/Python.framework/Versions/3.9/lib/python3.9/site-packages/airflow/example_dags/plugins/workday.py for tasks to queue
[2023-01-12T07:42:32.562-0500] {logging_mixin.py:137} INFO - [2023-01-12T07:42:32.562-0500] {dagbag.py:538} INFO - Filling up the DagBag from /Library/Frameworks/Python.framework/Versions/3.9/lib/python3.9/site-packages/airflow/example_dags/plugins/workday.py
[2023-01-12T07:42:32.586-0500] {processor.py:755} WARNING - No viable dags retrieved from /Library/Frameworks/Python.framework/Versions/3.9/lib/python3.9/site-packages/airflow/example_dags/plugins/workday.py
[2023-01-12T07:42:33.389-0500] {processor.py:175} INFO - Processing /Library/Frameworks/Python.framework/Versions/3.9/lib/python3.9/site-packages/airflow/example_dags/plugins/workday.py took 0.836 seconds
[2023-01-12T07:44:33.231-0500] {processor.py:153} INFO - Started process (PID=15844) to work on /Library/Frameworks/Python.framework/Versions/3.9/lib/python3.9/site-packages/airflow/example_dags/plugins/workday.py
[2023-01-12T07:44:33.238-0500] {processor.py:743} INFO - Processing file /Library/Frameworks/Python.framework/Versions/3.9/lib/python3.9/site-packages/airflow/example_dags/plugins/workday.py for tasks to queue
[2023-01-12T07:44:33.239-0500] {logging_mixin.py:137} INFO - [2023-01-12T07:44:33.238-0500] {dagbag.py:538} INFO - Filling up the DagBag from /Library/Frameworks/Python.framework/Versions/3.9/lib/python3.9/site-packages/airflow/example_dags/plugins/workday.py
[2023-01-12T07:44:33.257-0500] {processor.py:755} WARNING - No viable dags retrieved from /Library/Frameworks/Python.framework/Versions/3.9/lib/python3.9/site-packages/airflow/example_dags/plugins/workday.py
[2023-01-12T07:44:34.050-0500] {processor.py:175} INFO - Processing /Library/Frameworks/Python.framework/Versions/3.9/lib/python3.9/site-packages/airflow/example_dags/plugins/workday.py took 0.819 seconds
[2023-01-12T07:46:30.400-0500] {processor.py:153} INFO - Started process (PID=15890) to work on /Library/Frameworks/Python.framework/Versions/3.9/lib/python3.9/site-packages/airflow/example_dags/plugins/workday.py
[2023-01-12T07:46:30.407-0500] {processor.py:743} INFO - Processing file /Library/Frameworks/Python.framework/Versions/3.9/lib/python3.9/site-packages/airflow/example_dags/plugins/workday.py for tasks to queue
[2023-01-12T07:46:30.408-0500] {logging_mixin.py:137} INFO - [2023-01-12T07:46:30.408-0500] {dagbag.py:538} INFO - Filling up the DagBag from /Library/Frameworks/Python.framework/Versions/3.9/lib/python3.9/site-packages/airflow/example_dags/plugins/workday.py
[2023-01-12T07:46:30.427-0500] {processor.py:755} WARNING - No viable dags retrieved from /Library/Frameworks/Python.framework/Versions/3.9/lib/python3.9/site-packages/airflow/example_dags/plugins/workday.py
[2023-01-12T07:46:31.137-0500] {processor.py:175} INFO - Processing /Library/Frameworks/Python.framework/Versions/3.9/lib/python3.9/site-packages/airflow/example_dags/plugins/workday.py took 0.737 seconds
[2023-01-12T07:48:17.412-0500] {processor.py:153} INFO - Started process (PID=15948) to work on /Library/Frameworks/Python.framework/Versions/3.9/lib/python3.9/site-packages/airflow/example_dags/plugins/workday.py
[2023-01-12T07:48:17.418-0500] {processor.py:743} INFO - Processing file /Library/Frameworks/Python.framework/Versions/3.9/lib/python3.9/site-packages/airflow/example_dags/plugins/workday.py for tasks to queue
[2023-01-12T07:48:17.418-0500] {logging_mixin.py:137} INFO - [2023-01-12T07:48:17.418-0500] {dagbag.py:538} INFO - Filling up the DagBag from /Library/Frameworks/Python.framework/Versions/3.9/lib/python3.9/site-packages/airflow/example_dags/plugins/workday.py
[2023-01-12T07:48:17.434-0500] {processor.py:755} WARNING - No viable dags retrieved from /Library/Frameworks/Python.framework/Versions/3.9/lib/python3.9/site-packages/airflow/example_dags/plugins/workday.py
[2023-01-12T07:48:18.142-0500] {processor.py:175} INFO - Processing /Library/Frameworks/Python.framework/Versions/3.9/lib/python3.9/site-packages/airflow/example_dags/plugins/workday.py took 0.730 seconds
[2023-01-12T07:50:22.707-0500] {processor.py:153} INFO - Started process (PID=16069) to work on /Library/Frameworks/Python.framework/Versions/3.9/lib/python3.9/site-packages/airflow/example_dags/plugins/workday.py
[2023-01-12T07:50:22.714-0500] {processor.py:743} INFO - Processing file /Library/Frameworks/Python.framework/Versions/3.9/lib/python3.9/site-packages/airflow/example_dags/plugins/workday.py for tasks to queue
[2023-01-12T07:50:22.715-0500] {logging_mixin.py:137} INFO - [2023-01-12T07:50:22.714-0500] {dagbag.py:538} INFO - Filling up the DagBag from /Library/Frameworks/Python.framework/Versions/3.9/lib/python3.9/site-packages/airflow/example_dags/plugins/workday.py
[2023-01-12T07:50:22.733-0500] {processor.py:755} WARNING - No viable dags retrieved from /Library/Frameworks/Python.framework/Versions/3.9/lib/python3.9/site-packages/airflow/example_dags/plugins/workday.py
[2023-01-12T07:50:23.541-0500] {processor.py:175} INFO - Processing /Library/Frameworks/Python.framework/Versions/3.9/lib/python3.9/site-packages/airflow/example_dags/plugins/workday.py took 0.834 seconds
[2023-01-12T07:52:27.256-0500] {processor.py:153} INFO - Started process (PID=16118) to work on /Library/Frameworks/Python.framework/Versions/3.9/lib/python3.9/site-packages/airflow/example_dags/plugins/workday.py
[2023-01-12T07:52:27.264-0500] {processor.py:743} INFO - Processing file /Library/Frameworks/Python.framework/Versions/3.9/lib/python3.9/site-packages/airflow/example_dags/plugins/workday.py for tasks to queue
[2023-01-12T07:52:27.264-0500] {logging_mixin.py:137} INFO - [2023-01-12T07:52:27.264-0500] {dagbag.py:538} INFO - Filling up the DagBag from /Library/Frameworks/Python.framework/Versions/3.9/lib/python3.9/site-packages/airflow/example_dags/plugins/workday.py
[2023-01-12T07:52:27.283-0500] {processor.py:755} WARNING - No viable dags retrieved from /Library/Frameworks/Python.framework/Versions/3.9/lib/python3.9/site-packages/airflow/example_dags/plugins/workday.py
[2023-01-12T07:52:28.079-0500] {processor.py:175} INFO - Processing /Library/Frameworks/Python.framework/Versions/3.9/lib/python3.9/site-packages/airflow/example_dags/plugins/workday.py took 0.824 seconds
[2023-01-12T07:54:18.227-0500] {processor.py:153} INFO - Started process (PID=16154) to work on /Library/Frameworks/Python.framework/Versions/3.9/lib/python3.9/site-packages/airflow/example_dags/plugins/workday.py
[2023-01-12T07:54:18.234-0500] {processor.py:743} INFO - Processing file /Library/Frameworks/Python.framework/Versions/3.9/lib/python3.9/site-packages/airflow/example_dags/plugins/workday.py for tasks to queue
[2023-01-12T07:54:18.235-0500] {logging_mixin.py:137} INFO - [2023-01-12T07:54:18.235-0500] {dagbag.py:538} INFO - Filling up the DagBag from /Library/Frameworks/Python.framework/Versions/3.9/lib/python3.9/site-packages/airflow/example_dags/plugins/workday.py
[2023-01-12T07:54:18.252-0500] {processor.py:755} WARNING - No viable dags retrieved from /Library/Frameworks/Python.framework/Versions/3.9/lib/python3.9/site-packages/airflow/example_dags/plugins/workday.py
[2023-01-12T07:54:18.902-0500] {processor.py:175} INFO - Processing /Library/Frameworks/Python.framework/Versions/3.9/lib/python3.9/site-packages/airflow/example_dags/plugins/workday.py took 0.675 seconds
[2023-01-12T07:56:12.768-0500] {processor.py:153} INFO - Started process (PID=16192) to work on /Library/Frameworks/Python.framework/Versions/3.9/lib/python3.9/site-packages/airflow/example_dags/plugins/workday.py
[2023-01-12T07:56:12.773-0500] {processor.py:743} INFO - Processing file /Library/Frameworks/Python.framework/Versions/3.9/lib/python3.9/site-packages/airflow/example_dags/plugins/workday.py for tasks to queue
[2023-01-12T07:56:12.774-0500] {logging_mixin.py:137} INFO - [2023-01-12T07:56:12.774-0500] {dagbag.py:538} INFO - Filling up the DagBag from /Library/Frameworks/Python.framework/Versions/3.9/lib/python3.9/site-packages/airflow/example_dags/plugins/workday.py
[2023-01-12T07:56:12.790-0500] {processor.py:755} WARNING - No viable dags retrieved from /Library/Frameworks/Python.framework/Versions/3.9/lib/python3.9/site-packages/airflow/example_dags/plugins/workday.py
[2023-01-12T07:56:13.390-0500] {processor.py:175} INFO - Processing /Library/Frameworks/Python.framework/Versions/3.9/lib/python3.9/site-packages/airflow/example_dags/plugins/workday.py took 0.622 seconds
[2023-01-12T07:58:20.810-0500] {processor.py:153} INFO - Started process (PID=16356) to work on /Library/Frameworks/Python.framework/Versions/3.9/lib/python3.9/site-packages/airflow/example_dags/plugins/workday.py
[2023-01-12T07:58:20.817-0500] {processor.py:743} INFO - Processing file /Library/Frameworks/Python.framework/Versions/3.9/lib/python3.9/site-packages/airflow/example_dags/plugins/workday.py for tasks to queue
[2023-01-12T07:58:20.817-0500] {logging_mixin.py:137} INFO - [2023-01-12T07:58:20.817-0500] {dagbag.py:538} INFO - Filling up the DagBag from /Library/Frameworks/Python.framework/Versions/3.9/lib/python3.9/site-packages/airflow/example_dags/plugins/workday.py
[2023-01-12T07:58:20.836-0500] {processor.py:755} WARNING - No viable dags retrieved from /Library/Frameworks/Python.framework/Versions/3.9/lib/python3.9/site-packages/airflow/example_dags/plugins/workday.py
[2023-01-12T07:58:21.559-0500] {processor.py:175} INFO - Processing /Library/Frameworks/Python.framework/Versions/3.9/lib/python3.9/site-packages/airflow/example_dags/plugins/workday.py took 0.750 seconds
[2023-01-12T08:00:12.745-0500] {processor.py:153} INFO - Started process (PID=16450) to work on /Library/Frameworks/Python.framework/Versions/3.9/lib/python3.9/site-packages/airflow/example_dags/plugins/workday.py
[2023-01-12T08:00:12.751-0500] {processor.py:743} INFO - Processing file /Library/Frameworks/Python.framework/Versions/3.9/lib/python3.9/site-packages/airflow/example_dags/plugins/workday.py for tasks to queue
[2023-01-12T08:00:12.752-0500] {logging_mixin.py:137} INFO - [2023-01-12T08:00:12.751-0500] {dagbag.py:538} INFO - Filling up the DagBag from /Library/Frameworks/Python.framework/Versions/3.9/lib/python3.9/site-packages/airflow/example_dags/plugins/workday.py
[2023-01-12T08:00:12.769-0500] {processor.py:755} WARNING - No viable dags retrieved from /Library/Frameworks/Python.framework/Versions/3.9/lib/python3.9/site-packages/airflow/example_dags/plugins/workday.py
[2023-01-12T08:00:13.451-0500] {processor.py:175} INFO - Processing /Library/Frameworks/Python.framework/Versions/3.9/lib/python3.9/site-packages/airflow/example_dags/plugins/workday.py took 0.707 seconds
[2023-01-12T08:03:08.907-0500] {processor.py:153} INFO - Started process (PID=16520) to work on /Library/Frameworks/Python.framework/Versions/3.9/lib/python3.9/site-packages/airflow/example_dags/plugins/workday.py
[2023-01-12T08:03:08.918-0500] {processor.py:743} INFO - Processing file /Library/Frameworks/Python.framework/Versions/3.9/lib/python3.9/site-packages/airflow/example_dags/plugins/workday.py for tasks to queue
[2023-01-12T08:03:08.919-0500] {logging_mixin.py:137} INFO - [2023-01-12T08:03:08.919-0500] {dagbag.py:538} INFO - Filling up the DagBag from /Library/Frameworks/Python.framework/Versions/3.9/lib/python3.9/site-packages/airflow/example_dags/plugins/workday.py
[2023-01-12T08:03:08.946-0500] {processor.py:755} WARNING - No viable dags retrieved from /Library/Frameworks/Python.framework/Versions/3.9/lib/python3.9/site-packages/airflow/example_dags/plugins/workday.py
[2023-01-12T08:03:10.151-0500] {processor.py:175} INFO - Processing /Library/Frameworks/Python.framework/Versions/3.9/lib/python3.9/site-packages/airflow/example_dags/plugins/workday.py took 1.245 seconds
[2023-01-12T08:07:47.785-0500] {processor.py:153} INFO - Started process (PID=16651) to work on /Library/Frameworks/Python.framework/Versions/3.9/lib/python3.9/site-packages/airflow/example_dags/plugins/workday.py
[2023-01-12T08:07:47.796-0500] {processor.py:743} INFO - Processing file /Library/Frameworks/Python.framework/Versions/3.9/lib/python3.9/site-packages/airflow/example_dags/plugins/workday.py for tasks to queue
[2023-01-12T08:07:47.797-0500] {logging_mixin.py:137} INFO - [2023-01-12T08:07:47.797-0500] {dagbag.py:538} INFO - Filling up the DagBag from /Library/Frameworks/Python.framework/Versions/3.9/lib/python3.9/site-packages/airflow/example_dags/plugins/workday.py
[2023-01-12T08:07:47.830-0500] {processor.py:755} WARNING - No viable dags retrieved from /Library/Frameworks/Python.framework/Versions/3.9/lib/python3.9/site-packages/airflow/example_dags/plugins/workday.py
[2023-01-12T08:07:54.319-0500] {processor.py:175} INFO - Processing /Library/Frameworks/Python.framework/Versions/3.9/lib/python3.9/site-packages/airflow/example_dags/plugins/workday.py took 6.535 seconds
[2023-01-12T08:11:37.424-0500] {processor.py:153} INFO - Started process (PID=16781) to work on /Library/Frameworks/Python.framework/Versions/3.9/lib/python3.9/site-packages/airflow/example_dags/plugins/workday.py
[2023-01-12T08:11:37.434-0500] {processor.py:743} INFO - Processing file /Library/Frameworks/Python.framework/Versions/3.9/lib/python3.9/site-packages/airflow/example_dags/plugins/workday.py for tasks to queue
[2023-01-12T08:11:37.435-0500] {logging_mixin.py:137} INFO - [2023-01-12T08:11:37.435-0500] {dagbag.py:538} INFO - Filling up the DagBag from /Library/Frameworks/Python.framework/Versions/3.9/lib/python3.9/site-packages/airflow/example_dags/plugins/workday.py
[2023-01-12T08:11:37.465-0500] {processor.py:755} WARNING - No viable dags retrieved from /Library/Frameworks/Python.framework/Versions/3.9/lib/python3.9/site-packages/airflow/example_dags/plugins/workday.py
[2023-01-12T08:11:38.774-0500] {processor.py:175} INFO - Processing /Library/Frameworks/Python.framework/Versions/3.9/lib/python3.9/site-packages/airflow/example_dags/plugins/workday.py took 1.351 seconds
[2023-01-12T08:22:23.325-0500] {processor.py:153} INFO - Started process (PID=17334) to work on /Library/Frameworks/Python.framework/Versions/3.9/lib/python3.9/site-packages/airflow/example_dags/plugins/workday.py
[2023-01-12T08:22:23.336-0500] {processor.py:743} INFO - Processing file /Library/Frameworks/Python.framework/Versions/3.9/lib/python3.9/site-packages/airflow/example_dags/plugins/workday.py for tasks to queue
[2023-01-12T08:22:23.337-0500] {logging_mixin.py:137} INFO - [2023-01-12T08:22:23.337-0500] {dagbag.py:538} INFO - Filling up the DagBag from /Library/Frameworks/Python.framework/Versions/3.9/lib/python3.9/site-packages/airflow/example_dags/plugins/workday.py
[2023-01-12T08:22:23.432-0500] {processor.py:755} WARNING - No viable dags retrieved from /Library/Frameworks/Python.framework/Versions/3.9/lib/python3.9/site-packages/airflow/example_dags/plugins/workday.py
[2023-01-12T08:22:24.951-0500] {processor.py:175} INFO - Processing /Library/Frameworks/Python.framework/Versions/3.9/lib/python3.9/site-packages/airflow/example_dags/plugins/workday.py took 1.627 seconds
[2023-01-12T08:30:59.650-0500] {processor.py:153} INFO - Started process (PID=17670) to work on /Library/Frameworks/Python.framework/Versions/3.9/lib/python3.9/site-packages/airflow/example_dags/plugins/workday.py
[2023-01-12T08:30:59.661-0500] {processor.py:743} INFO - Processing file /Library/Frameworks/Python.framework/Versions/3.9/lib/python3.9/site-packages/airflow/example_dags/plugins/workday.py for tasks to queue
[2023-01-12T08:30:59.661-0500] {logging_mixin.py:137} INFO - [2023-01-12T08:30:59.661-0500] {dagbag.py:538} INFO - Filling up the DagBag from /Library/Frameworks/Python.framework/Versions/3.9/lib/python3.9/site-packages/airflow/example_dags/plugins/workday.py
[2023-01-12T08:30:59.690-0500] {processor.py:755} WARNING - No viable dags retrieved from /Library/Frameworks/Python.framework/Versions/3.9/lib/python3.9/site-packages/airflow/example_dags/plugins/workday.py
[2023-01-12T08:31:01.204-0500] {processor.py:175} INFO - Processing /Library/Frameworks/Python.framework/Versions/3.9/lib/python3.9/site-packages/airflow/example_dags/plugins/workday.py took 1.555 seconds
