[2023-01-09T16:51:17.521-0500] {taskinstance.py:1087} INFO - Dependencies all met for <TaskInstance: tutorial_dag.load manual__2023-01-09T21:51:02.283887+00:00 [queued]>
[2023-01-09T16:51:17.532-0500] {taskinstance.py:1087} INFO - Dependencies all met for <TaskInstance: tutorial_dag.load manual__2023-01-09T21:51:02.283887+00:00 [queued]>
[2023-01-09T16:51:17.532-0500] {taskinstance.py:1283} INFO - 
--------------------------------------------------------------------------------
[2023-01-09T16:51:17.533-0500] {taskinstance.py:1284} INFO - Starting attempt 1 of 3
[2023-01-09T16:51:17.533-0500] {taskinstance.py:1285} INFO - 
--------------------------------------------------------------------------------
[2023-01-09T16:51:17.544-0500] {taskinstance.py:1304} INFO - Executing <Task(PythonOperator): load> on 2023-01-09 21:51:02.283887+00:00
[2023-01-09T16:51:17.547-0500] {standard_task_runner.py:55} INFO - Started process 39340 to run task
[2023-01-09T16:51:17.552-0500] {standard_task_runner.py:82} INFO - Running: ['airflow', 'tasks', 'run', 'tutorial_dag', 'load', 'manual__2023-01-09T21:51:02.283887+00:00', '--job-id', '5', '--raw', '--subdir', '/Library/Frameworks/Python.framework/Versions/3.9/lib/python3.9/site-packages/airflow/example_dags/tutorial_dag.py', '--cfg-path', '/var/folders/lc/0q_5vmf5385c78mr7v2ntch00000gn/T/tmpa4i_bj7_']
[2023-01-09T16:51:17.555-0500] {standard_task_runner.py:83} INFO - Job 5: Subtask load
[2023-01-09T16:51:17.613-0500] {task_command.py:389} INFO - Running <TaskInstance: tutorial_dag.load manual__2023-01-09T21:51:02.283887+00:00 [running]> on host toyosis-macbook-pro.local
[2023-01-09T16:51:17.661-0500] {taskinstance.py:1511} INFO - Exporting the following env vars:
AIRFLOW_CTX_DAG_OWNER=airflow
AIRFLOW_CTX_DAG_ID=tutorial_dag
AIRFLOW_CTX_TASK_ID=load
AIRFLOW_CTX_EXECUTION_DATE=2023-01-09T21:51:02.283887+00:00
AIRFLOW_CTX_TRY_NUMBER=1
AIRFLOW_CTX_DAG_RUN_ID=manual__2023-01-09T21:51:02.283887+00:00
[2023-01-09T16:51:17.668-0500] {logging_mixin.py:137} INFO - {'total_order_value': 1236.7}
[2023-01-09T16:51:17.669-0500] {python.py:177} INFO - Done. Returned value was: None
[2023-01-09T16:51:17.676-0500] {taskinstance.py:1322} INFO - Marking task as SUCCESS. dag_id=tutorial_dag, task_id=load, execution_date=20230109T215102, start_date=20230109T215117, end_date=20230109T215117
[2023-01-09T16:51:17.696-0500] {local_task_job.py:159} INFO - Task exited with return code 0
[2023-01-09T16:51:17.711-0500] {taskinstance.py:2582} INFO - 0 downstream tasks scheduled from follow-on schedule check
