[2023-01-11T21:45:08.853-0500] {processor.py:153} INFO - Started process (PID=13997) to work on /Library/Frameworks/Python.framework/Versions/3.9/lib/python3.9/site-packages/airflow/example_dags/example_local_kubernetes_executor.py
[2023-01-11T21:45:08.858-0500] {processor.py:743} INFO - Processing file /Library/Frameworks/Python.framework/Versions/3.9/lib/python3.9/site-packages/airflow/example_dags/example_local_kubernetes_executor.py for tasks to queue
[2023-01-11T21:45:08.858-0500] {logging_mixin.py:137} INFO - [2023-01-11T21:45:08.858-0500] {dagbag.py:538} INFO - Filling up the DagBag from /Library/Frameworks/Python.framework/Versions/3.9/lib/python3.9/site-packages/airflow/example_dags/example_local_kubernetes_executor.py
[2023-01-11T21:45:08.907-0500] {processor.py:753} INFO - DAG(s) dict_keys(['example_local_kubernetes_executor']) retrieved from /Library/Frameworks/Python.framework/Versions/3.9/lib/python3.9/site-packages/airflow/example_dags/example_local_kubernetes_executor.py
[2023-01-11T21:46:35.338-0500] {logging_mixin.py:137} INFO - [2023-01-11T21:46:35.335-0500] {dag.py:2676} INFO - Sync 1 DAGs
[2023-01-11T21:46:35.482-0500] {logging_mixin.py:137} INFO - [2023-01-11T21:46:35.482-0500] {dag.py:3423} INFO - Setting next_dagrun for example_local_kubernetes_executor to None, run_after=None
[2023-01-11T22:39:51.198-0500] {processor.py:175} INFO - Processing /Library/Frameworks/Python.framework/Versions/3.9/lib/python3.9/site-packages/airflow/example_dags/example_local_kubernetes_executor.py took 132.902 seconds
[2023-01-12T07:23:13.932-0500] {processor.py:153} INFO - Started process (PID=14950) to work on /Library/Frameworks/Python.framework/Versions/3.9/lib/python3.9/site-packages/airflow/example_dags/example_local_kubernetes_executor.py
[2023-01-12T07:23:13.951-0500] {processor.py:743} INFO - Processing file /Library/Frameworks/Python.framework/Versions/3.9/lib/python3.9/site-packages/airflow/example_dags/example_local_kubernetes_executor.py for tasks to queue
[2023-01-12T07:23:13.952-0500] {logging_mixin.py:137} INFO - [2023-01-12T07:23:13.952-0500] {dagbag.py:538} INFO - Filling up the DagBag from /Library/Frameworks/Python.framework/Versions/3.9/lib/python3.9/site-packages/airflow/example_dags/example_local_kubernetes_executor.py
[2023-01-12T07:23:14.043-0500] {processor.py:753} INFO - DAG(s) dict_keys(['example_local_kubernetes_executor']) retrieved from /Library/Frameworks/Python.framework/Versions/3.9/lib/python3.9/site-packages/airflow/example_dags/example_local_kubernetes_executor.py
[2023-01-12T07:23:14.781-0500] {logging_mixin.py:137} INFO - [2023-01-12T07:23:14.781-0500] {dag.py:2676} INFO - Sync 1 DAGs
[2023-01-12T07:23:14.799-0500] {logging_mixin.py:137} INFO - [2023-01-12T07:23:14.799-0500] {dag.py:3423} INFO - Setting next_dagrun for example_local_kubernetes_executor to None, run_after=None
[2023-01-12T07:23:14.851-0500] {processor.py:175} INFO - Processing /Library/Frameworks/Python.framework/Versions/3.9/lib/python3.9/site-packages/airflow/example_dags/example_local_kubernetes_executor.py took 0.919 seconds
[2023-01-12T07:25:20.692-0500] {processor.py:153} INFO - Started process (PID=15051) to work on /Library/Frameworks/Python.framework/Versions/3.9/lib/python3.9/site-packages/airflow/example_dags/example_local_kubernetes_executor.py
[2023-01-12T07:25:20.698-0500] {processor.py:743} INFO - Processing file /Library/Frameworks/Python.framework/Versions/3.9/lib/python3.9/site-packages/airflow/example_dags/example_local_kubernetes_executor.py for tasks to queue
[2023-01-12T07:25:20.698-0500] {logging_mixin.py:137} INFO - [2023-01-12T07:25:20.698-0500] {dagbag.py:538} INFO - Filling up the DagBag from /Library/Frameworks/Python.framework/Versions/3.9/lib/python3.9/site-packages/airflow/example_dags/example_local_kubernetes_executor.py
[2023-01-12T07:25:20.783-0500] {processor.py:753} INFO - DAG(s) dict_keys(['example_local_kubernetes_executor']) retrieved from /Library/Frameworks/Python.framework/Versions/3.9/lib/python3.9/site-packages/airflow/example_dags/example_local_kubernetes_executor.py
[2023-01-12T07:25:21.456-0500] {logging_mixin.py:137} INFO - [2023-01-12T07:25:21.455-0500] {dag.py:2676} INFO - Sync 1 DAGs
[2023-01-12T07:25:21.472-0500] {logging_mixin.py:137} INFO - [2023-01-12T07:25:21.472-0500] {dag.py:3423} INFO - Setting next_dagrun for example_local_kubernetes_executor to None, run_after=None
[2023-01-12T07:25:21.491-0500] {processor.py:175} INFO - Processing /Library/Frameworks/Python.framework/Versions/3.9/lib/python3.9/site-packages/airflow/example_dags/example_local_kubernetes_executor.py took 0.800 seconds
[2023-01-12T07:28:52.932-0500] {processor.py:153} INFO - Started process (PID=15194) to work on /Library/Frameworks/Python.framework/Versions/3.9/lib/python3.9/site-packages/airflow/example_dags/example_local_kubernetes_executor.py
[2023-01-12T07:28:52.938-0500] {processor.py:743} INFO - Processing file /Library/Frameworks/Python.framework/Versions/3.9/lib/python3.9/site-packages/airflow/example_dags/example_local_kubernetes_executor.py for tasks to queue
[2023-01-12T07:28:52.938-0500] {logging_mixin.py:137} INFO - [2023-01-12T07:28:52.938-0500] {dagbag.py:538} INFO - Filling up the DagBag from /Library/Frameworks/Python.framework/Versions/3.9/lib/python3.9/site-packages/airflow/example_dags/example_local_kubernetes_executor.py
[2023-01-12T07:28:52.996-0500] {processor.py:753} INFO - DAG(s) dict_keys(['example_local_kubernetes_executor']) retrieved from /Library/Frameworks/Python.framework/Versions/3.9/lib/python3.9/site-packages/airflow/example_dags/example_local_kubernetes_executor.py
[2023-01-12T07:28:53.739-0500] {logging_mixin.py:137} INFO - [2023-01-12T07:28:53.739-0500] {dag.py:2676} INFO - Sync 1 DAGs
[2023-01-12T07:28:53.757-0500] {logging_mixin.py:137} INFO - [2023-01-12T07:28:53.756-0500] {dag.py:3423} INFO - Setting next_dagrun for example_local_kubernetes_executor to None, run_after=None
[2023-01-12T07:28:53.775-0500] {processor.py:175} INFO - Processing /Library/Frameworks/Python.framework/Versions/3.9/lib/python3.9/site-packages/airflow/example_dags/example_local_kubernetes_executor.py took 0.844 seconds
[2023-01-12T07:32:32.275-0500] {processor.py:153} INFO - Started process (PID=15464) to work on /Library/Frameworks/Python.framework/Versions/3.9/lib/python3.9/site-packages/airflow/example_dags/example_local_kubernetes_executor.py
[2023-01-12T07:32:32.281-0500] {processor.py:743} INFO - Processing file /Library/Frameworks/Python.framework/Versions/3.9/lib/python3.9/site-packages/airflow/example_dags/example_local_kubernetes_executor.py for tasks to queue
[2023-01-12T07:32:32.282-0500] {logging_mixin.py:137} INFO - [2023-01-12T07:32:32.282-0500] {dagbag.py:538} INFO - Filling up the DagBag from /Library/Frameworks/Python.framework/Versions/3.9/lib/python3.9/site-packages/airflow/example_dags/example_local_kubernetes_executor.py
[2023-01-12T07:32:32.339-0500] {processor.py:753} INFO - DAG(s) dict_keys(['example_local_kubernetes_executor']) retrieved from /Library/Frameworks/Python.framework/Versions/3.9/lib/python3.9/site-packages/airflow/example_dags/example_local_kubernetes_executor.py
[2023-01-12T07:32:32.979-0500] {logging_mixin.py:137} INFO - [2023-01-12T07:32:32.979-0500] {dag.py:2676} INFO - Sync 1 DAGs
[2023-01-12T07:32:32.997-0500] {logging_mixin.py:137} INFO - [2023-01-12T07:32:32.996-0500] {dag.py:3423} INFO - Setting next_dagrun for example_local_kubernetes_executor to None, run_after=None
[2023-01-12T07:32:33.014-0500] {processor.py:175} INFO - Processing /Library/Frameworks/Python.framework/Versions/3.9/lib/python3.9/site-packages/airflow/example_dags/example_local_kubernetes_executor.py took 0.739 seconds
[2023-01-12T07:36:08.727-0500] {processor.py:153} INFO - Started process (PID=15564) to work on /Library/Frameworks/Python.framework/Versions/3.9/lib/python3.9/site-packages/airflow/example_dags/example_local_kubernetes_executor.py
[2023-01-12T07:36:08.733-0500] {processor.py:743} INFO - Processing file /Library/Frameworks/Python.framework/Versions/3.9/lib/python3.9/site-packages/airflow/example_dags/example_local_kubernetes_executor.py for tasks to queue
[2023-01-12T07:36:08.733-0500] {logging_mixin.py:137} INFO - [2023-01-12T07:36:08.733-0500] {dagbag.py:538} INFO - Filling up the DagBag from /Library/Frameworks/Python.framework/Versions/3.9/lib/python3.9/site-packages/airflow/example_dags/example_local_kubernetes_executor.py
[2023-01-12T07:36:08.791-0500] {processor.py:753} INFO - DAG(s) dict_keys(['example_local_kubernetes_executor']) retrieved from /Library/Frameworks/Python.framework/Versions/3.9/lib/python3.9/site-packages/airflow/example_dags/example_local_kubernetes_executor.py
[2023-01-12T07:36:09.570-0500] {logging_mixin.py:137} INFO - [2023-01-12T07:36:09.570-0500] {dag.py:2676} INFO - Sync 1 DAGs
[2023-01-12T07:36:09.589-0500] {logging_mixin.py:137} INFO - [2023-01-12T07:36:09.588-0500] {dag.py:3423} INFO - Setting next_dagrun for example_local_kubernetes_executor to None, run_after=None
[2023-01-12T07:36:09.611-0500] {processor.py:175} INFO - Processing /Library/Frameworks/Python.framework/Versions/3.9/lib/python3.9/site-packages/airflow/example_dags/example_local_kubernetes_executor.py took 0.885 seconds
[2023-01-12T07:39:52.440-0500] {processor.py:153} INFO - Started process (PID=15710) to work on /Library/Frameworks/Python.framework/Versions/3.9/lib/python3.9/site-packages/airflow/example_dags/example_local_kubernetes_executor.py
[2023-01-12T07:39:52.447-0500] {processor.py:743} INFO - Processing file /Library/Frameworks/Python.framework/Versions/3.9/lib/python3.9/site-packages/airflow/example_dags/example_local_kubernetes_executor.py for tasks to queue
[2023-01-12T07:39:52.447-0500] {logging_mixin.py:137} INFO - [2023-01-12T07:39:52.447-0500] {dagbag.py:538} INFO - Filling up the DagBag from /Library/Frameworks/Python.framework/Versions/3.9/lib/python3.9/site-packages/airflow/example_dags/example_local_kubernetes_executor.py
[2023-01-12T07:39:52.527-0500] {processor.py:753} INFO - DAG(s) dict_keys(['example_local_kubernetes_executor']) retrieved from /Library/Frameworks/Python.framework/Versions/3.9/lib/python3.9/site-packages/airflow/example_dags/example_local_kubernetes_executor.py
[2023-01-12T07:39:53.299-0500] {logging_mixin.py:137} INFO - [2023-01-12T07:39:53.299-0500] {dag.py:2676} INFO - Sync 1 DAGs
[2023-01-12T07:39:53.320-0500] {logging_mixin.py:137} INFO - [2023-01-12T07:39:53.320-0500] {dag.py:3423} INFO - Setting next_dagrun for example_local_kubernetes_executor to None, run_after=None
[2023-01-12T07:39:53.343-0500] {processor.py:175} INFO - Processing /Library/Frameworks/Python.framework/Versions/3.9/lib/python3.9/site-packages/airflow/example_dags/example_local_kubernetes_executor.py took 0.904 seconds
[2023-01-12T07:43:53.414-0500] {processor.py:153} INFO - Started process (PID=15811) to work on /Library/Frameworks/Python.framework/Versions/3.9/lib/python3.9/site-packages/airflow/example_dags/example_local_kubernetes_executor.py
[2023-01-12T07:43:53.422-0500] {processor.py:743} INFO - Processing file /Library/Frameworks/Python.framework/Versions/3.9/lib/python3.9/site-packages/airflow/example_dags/example_local_kubernetes_executor.py for tasks to queue
[2023-01-12T07:43:53.423-0500] {logging_mixin.py:137} INFO - [2023-01-12T07:43:53.423-0500] {dagbag.py:538} INFO - Filling up the DagBag from /Library/Frameworks/Python.framework/Versions/3.9/lib/python3.9/site-packages/airflow/example_dags/example_local_kubernetes_executor.py
[2023-01-12T07:43:53.487-0500] {processor.py:753} INFO - DAG(s) dict_keys(['example_local_kubernetes_executor']) retrieved from /Library/Frameworks/Python.framework/Versions/3.9/lib/python3.9/site-packages/airflow/example_dags/example_local_kubernetes_executor.py
[2023-01-12T07:43:54.182-0500] {logging_mixin.py:137} INFO - [2023-01-12T07:43:54.182-0500] {dag.py:2676} INFO - Sync 1 DAGs
[2023-01-12T07:43:54.200-0500] {logging_mixin.py:137} INFO - [2023-01-12T07:43:54.200-0500] {dag.py:3423} INFO - Setting next_dagrun for example_local_kubernetes_executor to None, run_after=None
[2023-01-12T07:43:54.221-0500] {processor.py:175} INFO - Processing /Library/Frameworks/Python.framework/Versions/3.9/lib/python3.9/site-packages/airflow/example_dags/example_local_kubernetes_executor.py took 0.808 seconds
[2023-01-12T07:47:42.317-0500] {processor.py:153} INFO - Started process (PID=15937) to work on /Library/Frameworks/Python.framework/Versions/3.9/lib/python3.9/site-packages/airflow/example_dags/example_local_kubernetes_executor.py
[2023-01-12T07:47:42.324-0500] {processor.py:743} INFO - Processing file /Library/Frameworks/Python.framework/Versions/3.9/lib/python3.9/site-packages/airflow/example_dags/example_local_kubernetes_executor.py for tasks to queue
[2023-01-12T07:47:42.325-0500] {logging_mixin.py:137} INFO - [2023-01-12T07:47:42.324-0500] {dagbag.py:538} INFO - Filling up the DagBag from /Library/Frameworks/Python.framework/Versions/3.9/lib/python3.9/site-packages/airflow/example_dags/example_local_kubernetes_executor.py
[2023-01-12T07:47:42.392-0500] {processor.py:753} INFO - DAG(s) dict_keys(['example_local_kubernetes_executor']) retrieved from /Library/Frameworks/Python.framework/Versions/3.9/lib/python3.9/site-packages/airflow/example_dags/example_local_kubernetes_executor.py
[2023-01-12T07:47:43.117-0500] {logging_mixin.py:137} INFO - [2023-01-12T07:47:43.117-0500] {dag.py:2676} INFO - Sync 1 DAGs
[2023-01-12T07:47:43.136-0500] {logging_mixin.py:137} INFO - [2023-01-12T07:47:43.136-0500] {dag.py:3423} INFO - Setting next_dagrun for example_local_kubernetes_executor to None, run_after=None
[2023-01-12T07:47:43.156-0500] {processor.py:175} INFO - Processing /Library/Frameworks/Python.framework/Versions/3.9/lib/python3.9/site-packages/airflow/example_dags/example_local_kubernetes_executor.py took 0.840 seconds
[2023-01-12T07:51:45.733-0500] {processor.py:153} INFO - Started process (PID=16104) to work on /Library/Frameworks/Python.framework/Versions/3.9/lib/python3.9/site-packages/airflow/example_dags/example_local_kubernetes_executor.py
[2023-01-12T07:51:45.739-0500] {processor.py:743} INFO - Processing file /Library/Frameworks/Python.framework/Versions/3.9/lib/python3.9/site-packages/airflow/example_dags/example_local_kubernetes_executor.py for tasks to queue
[2023-01-12T07:51:45.739-0500] {logging_mixin.py:137} INFO - [2023-01-12T07:51:45.739-0500] {dagbag.py:538} INFO - Filling up the DagBag from /Library/Frameworks/Python.framework/Versions/3.9/lib/python3.9/site-packages/airflow/example_dags/example_local_kubernetes_executor.py
[2023-01-12T07:51:45.799-0500] {processor.py:753} INFO - DAG(s) dict_keys(['example_local_kubernetes_executor']) retrieved from /Library/Frameworks/Python.framework/Versions/3.9/lib/python3.9/site-packages/airflow/example_dags/example_local_kubernetes_executor.py
[2023-01-12T07:51:46.543-0500] {logging_mixin.py:137} INFO - [2023-01-12T07:51:46.543-0500] {dag.py:2676} INFO - Sync 1 DAGs
[2023-01-12T07:51:46.561-0500] {logging_mixin.py:137} INFO - [2023-01-12T07:51:46.561-0500] {dag.py:3423} INFO - Setting next_dagrun for example_local_kubernetes_executor to None, run_after=None
[2023-01-12T07:51:46.580-0500] {processor.py:175} INFO - Processing /Library/Frameworks/Python.framework/Versions/3.9/lib/python3.9/site-packages/airflow/example_dags/example_local_kubernetes_executor.py took 0.848 seconds
[2023-01-12T07:53:49.163-0500] {processor.py:153} INFO - Started process (PID=16144) to work on /Library/Frameworks/Python.framework/Versions/3.9/lib/python3.9/site-packages/airflow/example_dags/example_local_kubernetes_executor.py
[2023-01-12T07:53:49.170-0500] {processor.py:743} INFO - Processing file /Library/Frameworks/Python.framework/Versions/3.9/lib/python3.9/site-packages/airflow/example_dags/example_local_kubernetes_executor.py for tasks to queue
[2023-01-12T07:53:49.171-0500] {logging_mixin.py:137} INFO - [2023-01-12T07:53:49.171-0500] {dagbag.py:538} INFO - Filling up the DagBag from /Library/Frameworks/Python.framework/Versions/3.9/lib/python3.9/site-packages/airflow/example_dags/example_local_kubernetes_executor.py
[2023-01-12T07:53:49.234-0500] {processor.py:753} INFO - DAG(s) dict_keys(['example_local_kubernetes_executor']) retrieved from /Library/Frameworks/Python.framework/Versions/3.9/lib/python3.9/site-packages/airflow/example_dags/example_local_kubernetes_executor.py
[2023-01-12T07:53:49.952-0500] {logging_mixin.py:137} INFO - [2023-01-12T07:53:49.952-0500] {dag.py:2676} INFO - Sync 1 DAGs
[2023-01-12T07:53:49.973-0500] {logging_mixin.py:137} INFO - [2023-01-12T07:53:49.973-0500] {dag.py:3423} INFO - Setting next_dagrun for example_local_kubernetes_executor to None, run_after=None
[2023-01-12T07:53:49.996-0500] {processor.py:175} INFO - Processing /Library/Frameworks/Python.framework/Versions/3.9/lib/python3.9/site-packages/airflow/example_dags/example_local_kubernetes_executor.py took 0.834 seconds
[2023-01-12T07:57:47.219-0500] {processor.py:153} INFO - Started process (PID=16346) to work on /Library/Frameworks/Python.framework/Versions/3.9/lib/python3.9/site-packages/airflow/example_dags/example_local_kubernetes_executor.py
[2023-01-12T07:57:47.225-0500] {processor.py:743} INFO - Processing file /Library/Frameworks/Python.framework/Versions/3.9/lib/python3.9/site-packages/airflow/example_dags/example_local_kubernetes_executor.py for tasks to queue
[2023-01-12T07:57:47.226-0500] {logging_mixin.py:137} INFO - [2023-01-12T07:57:47.226-0500] {dagbag.py:538} INFO - Filling up the DagBag from /Library/Frameworks/Python.framework/Versions/3.9/lib/python3.9/site-packages/airflow/example_dags/example_local_kubernetes_executor.py
[2023-01-12T07:57:47.287-0500] {processor.py:753} INFO - DAG(s) dict_keys(['example_local_kubernetes_executor']) retrieved from /Library/Frameworks/Python.framework/Versions/3.9/lib/python3.9/site-packages/airflow/example_dags/example_local_kubernetes_executor.py
[2023-01-12T07:57:47.994-0500] {logging_mixin.py:137} INFO - [2023-01-12T07:57:47.994-0500] {dag.py:2676} INFO - Sync 1 DAGs
[2023-01-12T07:57:48.012-0500] {logging_mixin.py:137} INFO - [2023-01-12T07:57:48.012-0500] {dag.py:3423} INFO - Setting next_dagrun for example_local_kubernetes_executor to None, run_after=None
[2023-01-12T07:57:48.031-0500] {processor.py:175} INFO - Processing /Library/Frameworks/Python.framework/Versions/3.9/lib/python3.9/site-packages/airflow/example_dags/example_local_kubernetes_executor.py took 0.813 seconds
[2023-01-12T08:02:18.183-0500] {processor.py:153} INFO - Started process (PID=16506) to work on /Library/Frameworks/Python.framework/Versions/3.9/lib/python3.9/site-packages/airflow/example_dags/example_local_kubernetes_executor.py
[2023-01-12T08:02:18.193-0500] {processor.py:743} INFO - Processing file /Library/Frameworks/Python.framework/Versions/3.9/lib/python3.9/site-packages/airflow/example_dags/example_local_kubernetes_executor.py for tasks to queue
[2023-01-12T08:02:18.195-0500] {logging_mixin.py:137} INFO - [2023-01-12T08:02:18.194-0500] {dagbag.py:538} INFO - Filling up the DagBag from /Library/Frameworks/Python.framework/Versions/3.9/lib/python3.9/site-packages/airflow/example_dags/example_local_kubernetes_executor.py
[2023-01-12T08:02:18.309-0500] {processor.py:753} INFO - DAG(s) dict_keys(['example_local_kubernetes_executor']) retrieved from /Library/Frameworks/Python.framework/Versions/3.9/lib/python3.9/site-packages/airflow/example_dags/example_local_kubernetes_executor.py
[2023-01-12T08:02:20.923-0500] {logging_mixin.py:137} INFO - [2023-01-12T08:02:20.922-0500] {dag.py:2676} INFO - Sync 1 DAGs
[2023-01-12T08:02:20.968-0500] {logging_mixin.py:137} INFO - [2023-01-12T08:02:20.968-0500] {dag.py:3423} INFO - Setting next_dagrun for example_local_kubernetes_executor to None, run_after=None
[2023-01-12T08:02:21.029-0500] {processor.py:175} INFO - Processing /Library/Frameworks/Python.framework/Versions/3.9/lib/python3.9/site-packages/airflow/example_dags/example_local_kubernetes_executor.py took 2.847 seconds
[2023-01-12T08:05:59.250-0500] {processor.py:153} INFO - Started process (PID=16610) to work on /Library/Frameworks/Python.framework/Versions/3.9/lib/python3.9/site-packages/airflow/example_dags/example_local_kubernetes_executor.py
[2023-01-12T08:05:59.260-0500] {processor.py:743} INFO - Processing file /Library/Frameworks/Python.framework/Versions/3.9/lib/python3.9/site-packages/airflow/example_dags/example_local_kubernetes_executor.py for tasks to queue
[2023-01-12T08:05:59.262-0500] {logging_mixin.py:137} INFO - [2023-01-12T08:05:59.261-0500] {dagbag.py:538} INFO - Filling up the DagBag from /Library/Frameworks/Python.framework/Versions/3.9/lib/python3.9/site-packages/airflow/example_dags/example_local_kubernetes_executor.py
[2023-01-12T08:05:59.371-0500] {processor.py:753} INFO - DAG(s) dict_keys(['example_local_kubernetes_executor']) retrieved from /Library/Frameworks/Python.framework/Versions/3.9/lib/python3.9/site-packages/airflow/example_dags/example_local_kubernetes_executor.py
[2023-01-12T08:06:00.534-0500] {logging_mixin.py:137} INFO - [2023-01-12T08:06:00.533-0500] {dag.py:2676} INFO - Sync 1 DAGs
[2023-01-12T08:06:00.564-0500] {logging_mixin.py:137} INFO - [2023-01-12T08:06:00.564-0500] {dag.py:3423} INFO - Setting next_dagrun for example_local_kubernetes_executor to None, run_after=None
[2023-01-12T08:06:00.599-0500] {processor.py:175} INFO - Processing /Library/Frameworks/Python.framework/Versions/3.9/lib/python3.9/site-packages/airflow/example_dags/example_local_kubernetes_executor.py took 1.350 seconds
[2023-01-12T08:10:13.206-0500] {processor.py:153} INFO - Started process (PID=16761) to work on /Library/Frameworks/Python.framework/Versions/3.9/lib/python3.9/site-packages/airflow/example_dags/example_local_kubernetes_executor.py
[2023-01-12T08:10:13.217-0500] {processor.py:743} INFO - Processing file /Library/Frameworks/Python.framework/Versions/3.9/lib/python3.9/site-packages/airflow/example_dags/example_local_kubernetes_executor.py for tasks to queue
[2023-01-12T08:10:13.218-0500] {logging_mixin.py:137} INFO - [2023-01-12T08:10:13.218-0500] {dagbag.py:538} INFO - Filling up the DagBag from /Library/Frameworks/Python.framework/Versions/3.9/lib/python3.9/site-packages/airflow/example_dags/example_local_kubernetes_executor.py
[2023-01-12T08:10:13.321-0500] {processor.py:753} INFO - DAG(s) dict_keys(['example_local_kubernetes_executor']) retrieved from /Library/Frameworks/Python.framework/Versions/3.9/lib/python3.9/site-packages/airflow/example_dags/example_local_kubernetes_executor.py
[2023-01-12T08:10:14.671-0500] {logging_mixin.py:137} INFO - [2023-01-12T08:10:14.671-0500] {dag.py:2676} INFO - Sync 1 DAGs
[2023-01-12T08:10:14.708-0500] {logging_mixin.py:137} INFO - [2023-01-12T08:10:14.708-0500] {dag.py:3423} INFO - Setting next_dagrun for example_local_kubernetes_executor to None, run_after=None
[2023-01-12T08:10:14.747-0500] {processor.py:175} INFO - Processing /Library/Frameworks/Python.framework/Versions/3.9/lib/python3.9/site-packages/airflow/example_dags/example_local_kubernetes_executor.py took 1.543 seconds
[2023-01-12T08:20:11.216-0500] {processor.py:153} INFO - Started process (PID=17248) to work on /Library/Frameworks/Python.framework/Versions/3.9/lib/python3.9/site-packages/airflow/example_dags/example_local_kubernetes_executor.py
[2023-01-12T08:20:11.226-0500] {processor.py:743} INFO - Processing file /Library/Frameworks/Python.framework/Versions/3.9/lib/python3.9/site-packages/airflow/example_dags/example_local_kubernetes_executor.py for tasks to queue
[2023-01-12T08:20:11.226-0500] {logging_mixin.py:137} INFO - [2023-01-12T08:20:11.226-0500] {dagbag.py:538} INFO - Filling up the DagBag from /Library/Frameworks/Python.framework/Versions/3.9/lib/python3.9/site-packages/airflow/example_dags/example_local_kubernetes_executor.py
[2023-01-12T08:20:11.412-0500] {processor.py:753} INFO - DAG(s) dict_keys(['example_local_kubernetes_executor']) retrieved from /Library/Frameworks/Python.framework/Versions/3.9/lib/python3.9/site-packages/airflow/example_dags/example_local_kubernetes_executor.py
[2023-01-12T08:20:12.550-0500] {logging_mixin.py:137} INFO - [2023-01-12T08:20:12.549-0500] {dag.py:2676} INFO - Sync 1 DAGs
[2023-01-12T08:20:12.583-0500] {logging_mixin.py:137} INFO - [2023-01-12T08:20:12.582-0500] {dag.py:3423} INFO - Setting next_dagrun for example_local_kubernetes_executor to None, run_after=None
[2023-01-12T08:20:12.615-0500] {processor.py:175} INFO - Processing /Library/Frameworks/Python.framework/Versions/3.9/lib/python3.9/site-packages/airflow/example_dags/example_local_kubernetes_executor.py took 1.401 seconds
[2023-01-12T08:27:05.491-0500] {processor.py:153} INFO - Started process (PID=17480) to work on /Library/Frameworks/Python.framework/Versions/3.9/lib/python3.9/site-packages/airflow/example_dags/example_local_kubernetes_executor.py
[2023-01-12T08:27:05.501-0500] {processor.py:743} INFO - Processing file /Library/Frameworks/Python.framework/Versions/3.9/lib/python3.9/site-packages/airflow/example_dags/example_local_kubernetes_executor.py for tasks to queue
[2023-01-12T08:27:05.502-0500] {logging_mixin.py:137} INFO - [2023-01-12T08:27:05.502-0500] {dagbag.py:538} INFO - Filling up the DagBag from /Library/Frameworks/Python.framework/Versions/3.9/lib/python3.9/site-packages/airflow/example_dags/example_local_kubernetes_executor.py
[2023-01-12T08:27:05.597-0500] {processor.py:753} INFO - DAG(s) dict_keys(['example_local_kubernetes_executor']) retrieved from /Library/Frameworks/Python.framework/Versions/3.9/lib/python3.9/site-packages/airflow/example_dags/example_local_kubernetes_executor.py
[2023-01-12T08:27:06.668-0500] {logging_mixin.py:137} INFO - [2023-01-12T08:27:06.668-0500] {dag.py:2676} INFO - Sync 1 DAGs
[2023-01-12T08:27:06.696-0500] {logging_mixin.py:137} INFO - [2023-01-12T08:27:06.696-0500] {dag.py:3423} INFO - Setting next_dagrun for example_local_kubernetes_executor to None, run_after=None
[2023-01-12T08:27:06.730-0500] {processor.py:175} INFO - Processing /Library/Frameworks/Python.framework/Versions/3.9/lib/python3.9/site-packages/airflow/example_dags/example_local_kubernetes_executor.py took 1.240 seconds
