[2023-01-12T06:01:53.475-0500] {processor.py:153} INFO - Started process (PID=14819) to work on /Library/Frameworks/Python.framework/Versions/3.9/lib/python3.9/site-packages/airflow/example_dags/example_subdag_operator.py
[2023-01-12T06:01:53.480-0500] {processor.py:743} INFO - Processing file /Library/Frameworks/Python.framework/Versions/3.9/lib/python3.9/site-packages/airflow/example_dags/example_subdag_operator.py for tasks to queue
[2023-01-12T06:01:53.480-0500] {logging_mixin.py:137} INFO - [2023-01-12T06:01:53.480-0500] {dagbag.py:538} INFO - Filling up the DagBag from /Library/Frameworks/Python.framework/Versions/3.9/lib/python3.9/site-packages/airflow/example_dags/example_subdag_operator.py
[2023-01-12T06:01:54.106-0500] {processor.py:753} INFO - DAG(s) dict_keys(['example_subdag_operator.section-1', 'example_subdag_operator.section-2', 'example_subdag_operator']) retrieved from /Library/Frameworks/Python.framework/Versions/3.9/lib/python3.9/site-packages/airflow/example_dags/example_subdag_operator.py
[2023-01-12T06:01:54.276-0500] {logging_mixin.py:137} INFO - [2023-01-12T06:01:54.276-0500] {dag.py:2676} INFO - Sync 3 DAGs
[2023-01-12T06:01:54.291-0500] {logging_mixin.py:137} INFO - [2023-01-12T06:01:54.291-0500] {dag.py:3423} INFO - Setting next_dagrun for example_subdag_operator to 2022-01-01T00:00:00+00:00, run_after=2022-01-01T00:00:00+00:00
[2023-01-12T06:01:54.294-0500] {logging_mixin.py:137} INFO - [2023-01-12T06:01:54.294-0500] {dag.py:3423} INFO - Setting next_dagrun for example_subdag_operator.section-1 to None, run_after=None
[2023-01-12T06:01:54.294-0500] {logging_mixin.py:137} INFO - [2023-01-12T06:01:54.294-0500] {dag.py:3423} INFO - Setting next_dagrun for example_subdag_operator.section-2 to None, run_after=None
[2023-01-12T06:01:54.300-0500] {logging_mixin.py:137} INFO - [2023-01-12T06:01:54.300-0500] {dag.py:2676} INFO - Sync 2 DAGs
[2023-01-12T06:01:54.303-0500] {logging_mixin.py:137} INFO - [2023-01-12T06:01:54.303-0500] {dag.py:3423} INFO - Setting next_dagrun for example_subdag_operator.section-1 to None, run_after=None
[2023-01-12T06:01:54.304-0500] {logging_mixin.py:137} INFO - [2023-01-12T06:01:54.304-0500] {dag.py:3423} INFO - Setting next_dagrun for example_subdag_operator.section-2 to None, run_after=None
[2023-01-12T06:01:54.321-0500] {processor.py:175} INFO - Processing /Library/Frameworks/Python.framework/Versions/3.9/lib/python3.9/site-packages/airflow/example_dags/example_subdag_operator.py took 0.847 seconds
[2023-01-12T07:24:45.194-0500] {processor.py:153} INFO - Started process (PID=15035) to work on /Library/Frameworks/Python.framework/Versions/3.9/lib/python3.9/site-packages/airflow/example_dags/example_subdag_operator.py
[2023-01-12T07:24:45.200-0500] {processor.py:743} INFO - Processing file /Library/Frameworks/Python.framework/Versions/3.9/lib/python3.9/site-packages/airflow/example_dags/example_subdag_operator.py for tasks to queue
[2023-01-12T07:24:45.201-0500] {logging_mixin.py:137} INFO - [2023-01-12T07:24:45.201-0500] {dagbag.py:538} INFO - Filling up the DagBag from /Library/Frameworks/Python.framework/Versions/3.9/lib/python3.9/site-packages/airflow/example_dags/example_subdag_operator.py
[2023-01-12T07:24:45.882-0500] {processor.py:753} INFO - DAG(s) dict_keys(['example_subdag_operator.section-1', 'example_subdag_operator.section-2', 'example_subdag_operator']) retrieved from /Library/Frameworks/Python.framework/Versions/3.9/lib/python3.9/site-packages/airflow/example_dags/example_subdag_operator.py
[2023-01-12T07:24:46.073-0500] {logging_mixin.py:137} INFO - [2023-01-12T07:24:46.073-0500] {dag.py:2676} INFO - Sync 3 DAGs
[2023-01-12T07:24:46.090-0500] {logging_mixin.py:137} INFO - [2023-01-12T07:24:46.090-0500] {dag.py:3423} INFO - Setting next_dagrun for example_subdag_operator to 2022-01-01T00:00:00+00:00, run_after=2022-01-01T00:00:00+00:00
[2023-01-12T07:24:46.093-0500] {logging_mixin.py:137} INFO - [2023-01-12T07:24:46.093-0500] {dag.py:3423} INFO - Setting next_dagrun for example_subdag_operator.section-1 to None, run_after=None
[2023-01-12T07:24:46.094-0500] {logging_mixin.py:137} INFO - [2023-01-12T07:24:46.094-0500] {dag.py:3423} INFO - Setting next_dagrun for example_subdag_operator.section-2 to None, run_after=None
[2023-01-12T07:24:46.100-0500] {logging_mixin.py:137} INFO - [2023-01-12T07:24:46.100-0500] {dag.py:2676} INFO - Sync 2 DAGs
[2023-01-12T07:24:46.104-0500] {logging_mixin.py:137} INFO - [2023-01-12T07:24:46.104-0500] {dag.py:3423} INFO - Setting next_dagrun for example_subdag_operator.section-1 to None, run_after=None
[2023-01-12T07:24:46.104-0500] {logging_mixin.py:137} INFO - [2023-01-12T07:24:46.104-0500] {dag.py:3423} INFO - Setting next_dagrun for example_subdag_operator.section-2 to None, run_after=None
[2023-01-12T07:24:46.119-0500] {processor.py:175} INFO - Processing /Library/Frameworks/Python.framework/Versions/3.9/lib/python3.9/site-packages/airflow/example_dags/example_subdag_operator.py took 0.926 seconds
[2023-01-12T07:26:41.623-0500] {processor.py:153} INFO - Started process (PID=15120) to work on /Library/Frameworks/Python.framework/Versions/3.9/lib/python3.9/site-packages/airflow/example_dags/example_subdag_operator.py
[2023-01-12T07:26:41.628-0500] {processor.py:743} INFO - Processing file /Library/Frameworks/Python.framework/Versions/3.9/lib/python3.9/site-packages/airflow/example_dags/example_subdag_operator.py for tasks to queue
[2023-01-12T07:26:41.629-0500] {logging_mixin.py:137} INFO - [2023-01-12T07:26:41.629-0500] {dagbag.py:538} INFO - Filling up the DagBag from /Library/Frameworks/Python.framework/Versions/3.9/lib/python3.9/site-packages/airflow/example_dags/example_subdag_operator.py
[2023-01-12T07:26:42.331-0500] {processor.py:753} INFO - DAG(s) dict_keys(['example_subdag_operator.section-1', 'example_subdag_operator.section-2', 'example_subdag_operator']) retrieved from /Library/Frameworks/Python.framework/Versions/3.9/lib/python3.9/site-packages/airflow/example_dags/example_subdag_operator.py
[2023-01-12T07:26:42.516-0500] {logging_mixin.py:137} INFO - [2023-01-12T07:26:42.516-0500] {dag.py:2676} INFO - Sync 3 DAGs
[2023-01-12T07:26:42.533-0500] {logging_mixin.py:137} INFO - [2023-01-12T07:26:42.533-0500] {dag.py:3423} INFO - Setting next_dagrun for example_subdag_operator to 2022-01-01T00:00:00+00:00, run_after=2022-01-01T00:00:00+00:00
[2023-01-12T07:26:42.535-0500] {logging_mixin.py:137} INFO - [2023-01-12T07:26:42.535-0500] {dag.py:3423} INFO - Setting next_dagrun for example_subdag_operator.section-1 to None, run_after=None
[2023-01-12T07:26:42.536-0500] {logging_mixin.py:137} INFO - [2023-01-12T07:26:42.536-0500] {dag.py:3423} INFO - Setting next_dagrun for example_subdag_operator.section-2 to None, run_after=None
[2023-01-12T07:26:42.542-0500] {logging_mixin.py:137} INFO - [2023-01-12T07:26:42.542-0500] {dag.py:2676} INFO - Sync 2 DAGs
[2023-01-12T07:26:42.545-0500] {logging_mixin.py:137} INFO - [2023-01-12T07:26:42.545-0500] {dag.py:3423} INFO - Setting next_dagrun for example_subdag_operator.section-1 to None, run_after=None
[2023-01-12T07:26:42.545-0500] {logging_mixin.py:137} INFO - [2023-01-12T07:26:42.545-0500] {dag.py:3423} INFO - Setting next_dagrun for example_subdag_operator.section-2 to None, run_after=None
[2023-01-12T07:26:42.558-0500] {processor.py:175} INFO - Processing /Library/Frameworks/Python.framework/Versions/3.9/lib/python3.9/site-packages/airflow/example_dags/example_subdag_operator.py took 0.936 seconds
[2023-01-12T07:28:25.611-0500] {processor.py:153} INFO - Started process (PID=15169) to work on /Library/Frameworks/Python.framework/Versions/3.9/lib/python3.9/site-packages/airflow/example_dags/example_subdag_operator.py
[2023-01-12T07:28:25.616-0500] {processor.py:743} INFO - Processing file /Library/Frameworks/Python.framework/Versions/3.9/lib/python3.9/site-packages/airflow/example_dags/example_subdag_operator.py for tasks to queue
[2023-01-12T07:28:25.617-0500] {logging_mixin.py:137} INFO - [2023-01-12T07:28:25.616-0500] {dagbag.py:538} INFO - Filling up the DagBag from /Library/Frameworks/Python.framework/Versions/3.9/lib/python3.9/site-packages/airflow/example_dags/example_subdag_operator.py
[2023-01-12T07:28:26.296-0500] {processor.py:753} INFO - DAG(s) dict_keys(['example_subdag_operator.section-1', 'example_subdag_operator.section-2', 'example_subdag_operator']) retrieved from /Library/Frameworks/Python.framework/Versions/3.9/lib/python3.9/site-packages/airflow/example_dags/example_subdag_operator.py
[2023-01-12T07:28:26.492-0500] {logging_mixin.py:137} INFO - [2023-01-12T07:28:26.492-0500] {dag.py:2676} INFO - Sync 3 DAGs
[2023-01-12T07:28:26.509-0500] {logging_mixin.py:137} INFO - [2023-01-12T07:28:26.508-0500] {dag.py:3423} INFO - Setting next_dagrun for example_subdag_operator to 2022-01-01T00:00:00+00:00, run_after=2022-01-01T00:00:00+00:00
[2023-01-12T07:28:26.511-0500] {logging_mixin.py:137} INFO - [2023-01-12T07:28:26.511-0500] {dag.py:3423} INFO - Setting next_dagrun for example_subdag_operator.section-1 to None, run_after=None
[2023-01-12T07:28:26.512-0500] {logging_mixin.py:137} INFO - [2023-01-12T07:28:26.512-0500] {dag.py:3423} INFO - Setting next_dagrun for example_subdag_operator.section-2 to None, run_after=None
[2023-01-12T07:28:26.517-0500] {logging_mixin.py:137} INFO - [2023-01-12T07:28:26.517-0500] {dag.py:2676} INFO - Sync 2 DAGs
[2023-01-12T07:28:26.521-0500] {logging_mixin.py:137} INFO - [2023-01-12T07:28:26.521-0500] {dag.py:3423} INFO - Setting next_dagrun for example_subdag_operator.section-1 to None, run_after=None
[2023-01-12T07:28:26.521-0500] {logging_mixin.py:137} INFO - [2023-01-12T07:28:26.521-0500] {dag.py:3423} INFO - Setting next_dagrun for example_subdag_operator.section-2 to None, run_after=None
[2023-01-12T07:28:26.535-0500] {processor.py:175} INFO - Processing /Library/Frameworks/Python.framework/Versions/3.9/lib/python3.9/site-packages/airflow/example_dags/example_subdag_operator.py took 0.925 seconds
[2023-01-12T07:30:14.691-0500] {processor.py:153} INFO - Started process (PID=15293) to work on /Library/Frameworks/Python.framework/Versions/3.9/lib/python3.9/site-packages/airflow/example_dags/example_subdag_operator.py
[2023-01-12T07:30:14.698-0500] {processor.py:743} INFO - Processing file /Library/Frameworks/Python.framework/Versions/3.9/lib/python3.9/site-packages/airflow/example_dags/example_subdag_operator.py for tasks to queue
[2023-01-12T07:30:14.698-0500] {logging_mixin.py:137} INFO - [2023-01-12T07:30:14.698-0500] {dagbag.py:538} INFO - Filling up the DagBag from /Library/Frameworks/Python.framework/Versions/3.9/lib/python3.9/site-packages/airflow/example_dags/example_subdag_operator.py
[2023-01-12T07:30:15.386-0500] {processor.py:753} INFO - DAG(s) dict_keys(['example_subdag_operator.section-1', 'example_subdag_operator.section-2', 'example_subdag_operator']) retrieved from /Library/Frameworks/Python.framework/Versions/3.9/lib/python3.9/site-packages/airflow/example_dags/example_subdag_operator.py
[2023-01-12T07:30:15.723-0500] {logging_mixin.py:137} INFO - [2023-01-12T07:30:15.723-0500] {dag.py:2676} INFO - Sync 3 DAGs
[2023-01-12T07:30:15.742-0500] {logging_mixin.py:137} INFO - [2023-01-12T07:30:15.742-0500] {dag.py:3423} INFO - Setting next_dagrun for example_subdag_operator to 2022-01-01T00:00:00+00:00, run_after=2022-01-01T00:00:00+00:00
[2023-01-12T07:30:15.745-0500] {logging_mixin.py:137} INFO - [2023-01-12T07:30:15.745-0500] {dag.py:3423} INFO - Setting next_dagrun for example_subdag_operator.section-1 to None, run_after=None
[2023-01-12T07:30:15.746-0500] {logging_mixin.py:137} INFO - [2023-01-12T07:30:15.746-0500] {dag.py:3423} INFO - Setting next_dagrun for example_subdag_operator.section-2 to None, run_after=None
[2023-01-12T07:30:15.753-0500] {logging_mixin.py:137} INFO - [2023-01-12T07:30:15.753-0500] {dag.py:2676} INFO - Sync 2 DAGs
[2023-01-12T07:30:15.757-0500] {logging_mixin.py:137} INFO - [2023-01-12T07:30:15.757-0500] {dag.py:3423} INFO - Setting next_dagrun for example_subdag_operator.section-1 to None, run_after=None
[2023-01-12T07:30:15.757-0500] {logging_mixin.py:137} INFO - [2023-01-12T07:30:15.757-0500] {dag.py:3423} INFO - Setting next_dagrun for example_subdag_operator.section-2 to None, run_after=None
[2023-01-12T07:30:15.872-0500] {processor.py:175} INFO - Processing /Library/Frameworks/Python.framework/Versions/3.9/lib/python3.9/site-packages/airflow/example_dags/example_subdag_operator.py took 1.181 seconds
[2023-01-12T07:32:00.874-0500] {processor.py:153} INFO - Started process (PID=15452) to work on /Library/Frameworks/Python.framework/Versions/3.9/lib/python3.9/site-packages/airflow/example_dags/example_subdag_operator.py
[2023-01-12T07:32:00.880-0500] {processor.py:743} INFO - Processing file /Library/Frameworks/Python.framework/Versions/3.9/lib/python3.9/site-packages/airflow/example_dags/example_subdag_operator.py for tasks to queue
[2023-01-12T07:32:00.880-0500] {logging_mixin.py:137} INFO - [2023-01-12T07:32:00.880-0500] {dagbag.py:538} INFO - Filling up the DagBag from /Library/Frameworks/Python.framework/Versions/3.9/lib/python3.9/site-packages/airflow/example_dags/example_subdag_operator.py
[2023-01-12T07:32:01.615-0500] {processor.py:753} INFO - DAG(s) dict_keys(['example_subdag_operator.section-1', 'example_subdag_operator.section-2', 'example_subdag_operator']) retrieved from /Library/Frameworks/Python.framework/Versions/3.9/lib/python3.9/site-packages/airflow/example_dags/example_subdag_operator.py
[2023-01-12T07:32:01.918-0500] {logging_mixin.py:137} INFO - [2023-01-12T07:32:01.917-0500] {dag.py:2676} INFO - Sync 3 DAGs
[2023-01-12T07:32:01.933-0500] {logging_mixin.py:137} INFO - [2023-01-12T07:32:01.933-0500] {dag.py:3423} INFO - Setting next_dagrun for example_subdag_operator to 2022-01-01T00:00:00+00:00, run_after=2022-01-01T00:00:00+00:00
[2023-01-12T07:32:01.936-0500] {logging_mixin.py:137} INFO - [2023-01-12T07:32:01.936-0500] {dag.py:3423} INFO - Setting next_dagrun for example_subdag_operator.section-1 to None, run_after=None
[2023-01-12T07:32:01.937-0500] {logging_mixin.py:137} INFO - [2023-01-12T07:32:01.936-0500] {dag.py:3423} INFO - Setting next_dagrun for example_subdag_operator.section-2 to None, run_after=None
[2023-01-12T07:32:01.941-0500] {logging_mixin.py:137} INFO - [2023-01-12T07:32:01.941-0500] {dag.py:2676} INFO - Sync 2 DAGs
[2023-01-12T07:32:01.945-0500] {logging_mixin.py:137} INFO - [2023-01-12T07:32:01.945-0500] {dag.py:3423} INFO - Setting next_dagrun for example_subdag_operator.section-1 to None, run_after=None
[2023-01-12T07:32:01.945-0500] {logging_mixin.py:137} INFO - [2023-01-12T07:32:01.945-0500] {dag.py:3423} INFO - Setting next_dagrun for example_subdag_operator.section-2 to None, run_after=None
[2023-01-12T07:32:01.958-0500] {processor.py:175} INFO - Processing /Library/Frameworks/Python.framework/Versions/3.9/lib/python3.9/site-packages/airflow/example_dags/example_subdag_operator.py took 1.085 seconds
[2023-01-12T07:33:48.772-0500] {processor.py:153} INFO - Started process (PID=15507) to work on /Library/Frameworks/Python.framework/Versions/3.9/lib/python3.9/site-packages/airflow/example_dags/example_subdag_operator.py
[2023-01-12T07:33:48.777-0500] {processor.py:743} INFO - Processing file /Library/Frameworks/Python.framework/Versions/3.9/lib/python3.9/site-packages/airflow/example_dags/example_subdag_operator.py for tasks to queue
[2023-01-12T07:33:48.777-0500] {logging_mixin.py:137} INFO - [2023-01-12T07:33:48.777-0500] {dagbag.py:538} INFO - Filling up the DagBag from /Library/Frameworks/Python.framework/Versions/3.9/lib/python3.9/site-packages/airflow/example_dags/example_subdag_operator.py
[2023-01-12T07:33:49.445-0500] {processor.py:753} INFO - DAG(s) dict_keys(['example_subdag_operator.section-1', 'example_subdag_operator.section-2', 'example_subdag_operator']) retrieved from /Library/Frameworks/Python.framework/Versions/3.9/lib/python3.9/site-packages/airflow/example_dags/example_subdag_operator.py
[2023-01-12T07:33:49.711-0500] {logging_mixin.py:137} INFO - [2023-01-12T07:33:49.711-0500] {dag.py:2676} INFO - Sync 3 DAGs
[2023-01-12T07:33:49.727-0500] {logging_mixin.py:137} INFO - [2023-01-12T07:33:49.727-0500] {dag.py:3423} INFO - Setting next_dagrun for example_subdag_operator to 2022-01-01T00:00:00+00:00, run_after=2022-01-01T00:00:00+00:00
[2023-01-12T07:33:49.730-0500] {logging_mixin.py:137} INFO - [2023-01-12T07:33:49.730-0500] {dag.py:3423} INFO - Setting next_dagrun for example_subdag_operator.section-1 to None, run_after=None
[2023-01-12T07:33:49.730-0500] {logging_mixin.py:137} INFO - [2023-01-12T07:33:49.730-0500] {dag.py:3423} INFO - Setting next_dagrun for example_subdag_operator.section-2 to None, run_after=None
[2023-01-12T07:33:49.736-0500] {logging_mixin.py:137} INFO - [2023-01-12T07:33:49.736-0500] {dag.py:2676} INFO - Sync 2 DAGs
[2023-01-12T07:33:49.739-0500] {logging_mixin.py:137} INFO - [2023-01-12T07:33:49.739-0500] {dag.py:3423} INFO - Setting next_dagrun for example_subdag_operator.section-1 to None, run_after=None
[2023-01-12T07:33:49.739-0500] {logging_mixin.py:137} INFO - [2023-01-12T07:33:49.739-0500] {dag.py:3423} INFO - Setting next_dagrun for example_subdag_operator.section-2 to None, run_after=None
[2023-01-12T07:33:49.753-0500] {processor.py:175} INFO - Processing /Library/Frameworks/Python.framework/Versions/3.9/lib/python3.9/site-packages/airflow/example_dags/example_subdag_operator.py took 0.982 seconds
[2023-01-12T07:35:39.579-0500] {processor.py:153} INFO - Started process (PID=15556) to work on /Library/Frameworks/Python.framework/Versions/3.9/lib/python3.9/site-packages/airflow/example_dags/example_subdag_operator.py
[2023-01-12T07:35:39.585-0500] {processor.py:743} INFO - Processing file /Library/Frameworks/Python.framework/Versions/3.9/lib/python3.9/site-packages/airflow/example_dags/example_subdag_operator.py for tasks to queue
[2023-01-12T07:35:39.586-0500] {logging_mixin.py:137} INFO - [2023-01-12T07:35:39.586-0500] {dagbag.py:538} INFO - Filling up the DagBag from /Library/Frameworks/Python.framework/Versions/3.9/lib/python3.9/site-packages/airflow/example_dags/example_subdag_operator.py
[2023-01-12T07:35:40.347-0500] {processor.py:753} INFO - DAG(s) dict_keys(['example_subdag_operator.section-1', 'example_subdag_operator.section-2', 'example_subdag_operator']) retrieved from /Library/Frameworks/Python.framework/Versions/3.9/lib/python3.9/site-packages/airflow/example_dags/example_subdag_operator.py
[2023-01-12T07:35:40.742-0500] {logging_mixin.py:137} INFO - [2023-01-12T07:35:40.742-0500] {dag.py:2676} INFO - Sync 3 DAGs
[2023-01-12T07:35:40.778-0500] {logging_mixin.py:137} INFO - [2023-01-12T07:35:40.777-0500] {dag.py:3423} INFO - Setting next_dagrun for example_subdag_operator to 2022-01-01T00:00:00+00:00, run_after=2022-01-01T00:00:00+00:00
[2023-01-12T07:35:40.781-0500] {logging_mixin.py:137} INFO - [2023-01-12T07:35:40.781-0500] {dag.py:3423} INFO - Setting next_dagrun for example_subdag_operator.section-1 to None, run_after=None
[2023-01-12T07:35:40.782-0500] {logging_mixin.py:137} INFO - [2023-01-12T07:35:40.782-0500] {dag.py:3423} INFO - Setting next_dagrun for example_subdag_operator.section-2 to None, run_after=None
[2023-01-12T07:35:40.787-0500] {logging_mixin.py:137} INFO - [2023-01-12T07:35:40.787-0500] {dag.py:2676} INFO - Sync 2 DAGs
[2023-01-12T07:35:40.792-0500] {logging_mixin.py:137} INFO - [2023-01-12T07:35:40.791-0500] {dag.py:3423} INFO - Setting next_dagrun for example_subdag_operator.section-1 to None, run_after=None
[2023-01-12T07:35:40.792-0500] {logging_mixin.py:137} INFO - [2023-01-12T07:35:40.792-0500] {dag.py:3423} INFO - Setting next_dagrun for example_subdag_operator.section-2 to None, run_after=None
[2023-01-12T07:35:40.806-0500] {processor.py:175} INFO - Processing /Library/Frameworks/Python.framework/Versions/3.9/lib/python3.9/site-packages/airflow/example_dags/example_subdag_operator.py took 1.228 seconds
[2023-01-12T07:37:22.748-0500] {processor.py:153} INFO - Started process (PID=15586) to work on /Library/Frameworks/Python.framework/Versions/3.9/lib/python3.9/site-packages/airflow/example_dags/example_subdag_operator.py
[2023-01-12T07:37:22.753-0500] {processor.py:743} INFO - Processing file /Library/Frameworks/Python.framework/Versions/3.9/lib/python3.9/site-packages/airflow/example_dags/example_subdag_operator.py for tasks to queue
[2023-01-12T07:37:22.754-0500] {logging_mixin.py:137} INFO - [2023-01-12T07:37:22.754-0500] {dagbag.py:538} INFO - Filling up the DagBag from /Library/Frameworks/Python.framework/Versions/3.9/lib/python3.9/site-packages/airflow/example_dags/example_subdag_operator.py
[2023-01-12T07:37:23.401-0500] {processor.py:753} INFO - DAG(s) dict_keys(['example_subdag_operator.section-1', 'example_subdag_operator.section-2', 'example_subdag_operator']) retrieved from /Library/Frameworks/Python.framework/Versions/3.9/lib/python3.9/site-packages/airflow/example_dags/example_subdag_operator.py
[2023-01-12T07:37:23.683-0500] {logging_mixin.py:137} INFO - [2023-01-12T07:37:23.682-0500] {dag.py:2676} INFO - Sync 3 DAGs
[2023-01-12T07:37:23.698-0500] {logging_mixin.py:137} INFO - [2023-01-12T07:37:23.698-0500] {dag.py:3423} INFO - Setting next_dagrun for example_subdag_operator to 2022-01-01T00:00:00+00:00, run_after=2022-01-01T00:00:00+00:00
[2023-01-12T07:37:23.701-0500] {logging_mixin.py:137} INFO - [2023-01-12T07:37:23.701-0500] {dag.py:3423} INFO - Setting next_dagrun for example_subdag_operator.section-1 to None, run_after=None
[2023-01-12T07:37:23.702-0500] {logging_mixin.py:137} INFO - [2023-01-12T07:37:23.701-0500] {dag.py:3423} INFO - Setting next_dagrun for example_subdag_operator.section-2 to None, run_after=None
[2023-01-12T07:37:23.707-0500] {logging_mixin.py:137} INFO - [2023-01-12T07:37:23.707-0500] {dag.py:2676} INFO - Sync 2 DAGs
[2023-01-12T07:37:23.710-0500] {logging_mixin.py:137} INFO - [2023-01-12T07:37:23.710-0500] {dag.py:3423} INFO - Setting next_dagrun for example_subdag_operator.section-1 to None, run_after=None
[2023-01-12T07:37:23.711-0500] {logging_mixin.py:137} INFO - [2023-01-12T07:37:23.711-0500] {dag.py:3423} INFO - Setting next_dagrun for example_subdag_operator.section-2 to None, run_after=None
[2023-01-12T07:37:23.725-0500] {processor.py:175} INFO - Processing /Library/Frameworks/Python.framework/Versions/3.9/lib/python3.9/site-packages/airflow/example_dags/example_subdag_operator.py took 0.977 seconds
[2023-01-12T07:39:14.368-0500] {processor.py:153} INFO - Started process (PID=15656) to work on /Library/Frameworks/Python.framework/Versions/3.9/lib/python3.9/site-packages/airflow/example_dags/example_subdag_operator.py
[2023-01-12T07:39:14.375-0500] {processor.py:743} INFO - Processing file /Library/Frameworks/Python.framework/Versions/3.9/lib/python3.9/site-packages/airflow/example_dags/example_subdag_operator.py for tasks to queue
[2023-01-12T07:39:14.375-0500] {logging_mixin.py:137} INFO - [2023-01-12T07:39:14.375-0500] {dagbag.py:538} INFO - Filling up the DagBag from /Library/Frameworks/Python.framework/Versions/3.9/lib/python3.9/site-packages/airflow/example_dags/example_subdag_operator.py
[2023-01-12T07:39:15.322-0500] {processor.py:753} INFO - DAG(s) dict_keys(['example_subdag_operator.section-1', 'example_subdag_operator.section-2', 'example_subdag_operator']) retrieved from /Library/Frameworks/Python.framework/Versions/3.9/lib/python3.9/site-packages/airflow/example_dags/example_subdag_operator.py
[2023-01-12T07:39:15.746-0500] {logging_mixin.py:137} INFO - [2023-01-12T07:39:15.746-0500] {dag.py:2676} INFO - Sync 3 DAGs
[2023-01-12T07:39:15.766-0500] {logging_mixin.py:137} INFO - [2023-01-12T07:39:15.765-0500] {dag.py:3423} INFO - Setting next_dagrun for example_subdag_operator to 2022-01-01T00:00:00+00:00, run_after=2022-01-01T00:00:00+00:00
[2023-01-12T07:39:15.769-0500] {logging_mixin.py:137} INFO - [2023-01-12T07:39:15.769-0500] {dag.py:3423} INFO - Setting next_dagrun for example_subdag_operator.section-1 to None, run_after=None
[2023-01-12T07:39:15.770-0500] {logging_mixin.py:137} INFO - [2023-01-12T07:39:15.770-0500] {dag.py:3423} INFO - Setting next_dagrun for example_subdag_operator.section-2 to None, run_after=None
[2023-01-12T07:39:15.777-0500] {logging_mixin.py:137} INFO - [2023-01-12T07:39:15.776-0500] {dag.py:2676} INFO - Sync 2 DAGs
[2023-01-12T07:39:15.784-0500] {logging_mixin.py:137} INFO - [2023-01-12T07:39:15.783-0500] {dag.py:3423} INFO - Setting next_dagrun for example_subdag_operator.section-1 to None, run_after=None
[2023-01-12T07:39:15.784-0500] {logging_mixin.py:137} INFO - [2023-01-12T07:39:15.784-0500] {dag.py:3423} INFO - Setting next_dagrun for example_subdag_operator.section-2 to None, run_after=None
[2023-01-12T07:39:15.803-0500] {processor.py:175} INFO - Processing /Library/Frameworks/Python.framework/Versions/3.9/lib/python3.9/site-packages/airflow/example_dags/example_subdag_operator.py took 1.435 seconds
[2023-01-12T07:41:15.294-0500] {processor.py:153} INFO - Started process (PID=15755) to work on /Library/Frameworks/Python.framework/Versions/3.9/lib/python3.9/site-packages/airflow/example_dags/example_subdag_operator.py
[2023-01-12T07:41:15.302-0500] {processor.py:743} INFO - Processing file /Library/Frameworks/Python.framework/Versions/3.9/lib/python3.9/site-packages/airflow/example_dags/example_subdag_operator.py for tasks to queue
[2023-01-12T07:41:15.303-0500] {logging_mixin.py:137} INFO - [2023-01-12T07:41:15.303-0500] {dagbag.py:538} INFO - Filling up the DagBag from /Library/Frameworks/Python.framework/Versions/3.9/lib/python3.9/site-packages/airflow/example_dags/example_subdag_operator.py
[2023-01-12T07:41:16.075-0500] {processor.py:753} INFO - DAG(s) dict_keys(['example_subdag_operator.section-1', 'example_subdag_operator.section-2', 'example_subdag_operator']) retrieved from /Library/Frameworks/Python.framework/Versions/3.9/lib/python3.9/site-packages/airflow/example_dags/example_subdag_operator.py
[2023-01-12T07:41:16.473-0500] {logging_mixin.py:137} INFO - [2023-01-12T07:41:16.472-0500] {dag.py:2676} INFO - Sync 3 DAGs
[2023-01-12T07:41:16.534-0500] {logging_mixin.py:137} INFO - [2023-01-12T07:41:16.534-0500] {dag.py:3423} INFO - Setting next_dagrun for example_subdag_operator to 2022-01-01T00:00:00+00:00, run_after=2022-01-01T00:00:00+00:00
[2023-01-12T07:41:16.572-0500] {logging_mixin.py:137} INFO - [2023-01-12T07:41:16.572-0500] {dag.py:3423} INFO - Setting next_dagrun for example_subdag_operator.section-1 to None, run_after=None
[2023-01-12T07:41:16.573-0500] {logging_mixin.py:137} INFO - [2023-01-12T07:41:16.573-0500] {dag.py:3423} INFO - Setting next_dagrun for example_subdag_operator.section-2 to None, run_after=None
[2023-01-12T07:41:16.580-0500] {logging_mixin.py:137} INFO - [2023-01-12T07:41:16.579-0500] {dag.py:2676} INFO - Sync 2 DAGs
[2023-01-12T07:41:16.584-0500] {logging_mixin.py:137} INFO - [2023-01-12T07:41:16.584-0500] {dag.py:3423} INFO - Setting next_dagrun for example_subdag_operator.section-1 to None, run_after=None
[2023-01-12T07:41:16.616-0500] {logging_mixin.py:137} INFO - [2023-01-12T07:41:16.616-0500] {dag.py:3423} INFO - Setting next_dagrun for example_subdag_operator.section-2 to None, run_after=None
[2023-01-12T07:41:16.668-0500] {processor.py:175} INFO - Processing /Library/Frameworks/Python.framework/Versions/3.9/lib/python3.9/site-packages/airflow/example_dags/example_subdag_operator.py took 1.375 seconds
[2023-01-12T07:43:19.263-0500] {processor.py:153} INFO - Started process (PID=15802) to work on /Library/Frameworks/Python.framework/Versions/3.9/lib/python3.9/site-packages/airflow/example_dags/example_subdag_operator.py
[2023-01-12T07:43:19.270-0500] {processor.py:743} INFO - Processing file /Library/Frameworks/Python.framework/Versions/3.9/lib/python3.9/site-packages/airflow/example_dags/example_subdag_operator.py for tasks to queue
[2023-01-12T07:43:19.271-0500] {logging_mixin.py:137} INFO - [2023-01-12T07:43:19.271-0500] {dagbag.py:538} INFO - Filling up the DagBag from /Library/Frameworks/Python.framework/Versions/3.9/lib/python3.9/site-packages/airflow/example_dags/example_subdag_operator.py
[2023-01-12T07:43:20.217-0500] {processor.py:753} INFO - DAG(s) dict_keys(['example_subdag_operator.section-1', 'example_subdag_operator.section-2', 'example_subdag_operator']) retrieved from /Library/Frameworks/Python.framework/Versions/3.9/lib/python3.9/site-packages/airflow/example_dags/example_subdag_operator.py
[2023-01-12T07:43:20.602-0500] {logging_mixin.py:137} INFO - [2023-01-12T07:43:20.602-0500] {dag.py:2676} INFO - Sync 3 DAGs
[2023-01-12T07:43:20.623-0500] {logging_mixin.py:137} INFO - [2023-01-12T07:43:20.623-0500] {dag.py:3423} INFO - Setting next_dagrun for example_subdag_operator to 2022-01-01T00:00:00+00:00, run_after=2022-01-01T00:00:00+00:00
[2023-01-12T07:43:20.626-0500] {logging_mixin.py:137} INFO - [2023-01-12T07:43:20.626-0500] {dag.py:3423} INFO - Setting next_dagrun for example_subdag_operator.section-1 to None, run_after=None
[2023-01-12T07:43:20.627-0500] {logging_mixin.py:137} INFO - [2023-01-12T07:43:20.627-0500] {dag.py:3423} INFO - Setting next_dagrun for example_subdag_operator.section-2 to None, run_after=None
[2023-01-12T07:43:20.633-0500] {logging_mixin.py:137} INFO - [2023-01-12T07:43:20.633-0500] {dag.py:2676} INFO - Sync 2 DAGs
[2023-01-12T07:43:20.638-0500] {logging_mixin.py:137} INFO - [2023-01-12T07:43:20.638-0500] {dag.py:3423} INFO - Setting next_dagrun for example_subdag_operator.section-1 to None, run_after=None
[2023-01-12T07:43:20.638-0500] {logging_mixin.py:137} INFO - [2023-01-12T07:43:20.638-0500] {dag.py:3423} INFO - Setting next_dagrun for example_subdag_operator.section-2 to None, run_after=None
[2023-01-12T07:43:20.654-0500] {processor.py:175} INFO - Processing /Library/Frameworks/Python.framework/Versions/3.9/lib/python3.9/site-packages/airflow/example_dags/example_subdag_operator.py took 1.392 seconds
[2023-01-12T07:45:21.477-0500] {processor.py:153} INFO - Started process (PID=15865) to work on /Library/Frameworks/Python.framework/Versions/3.9/lib/python3.9/site-packages/airflow/example_dags/example_subdag_operator.py
[2023-01-12T07:45:21.486-0500] {processor.py:743} INFO - Processing file /Library/Frameworks/Python.framework/Versions/3.9/lib/python3.9/site-packages/airflow/example_dags/example_subdag_operator.py for tasks to queue
[2023-01-12T07:45:21.486-0500] {logging_mixin.py:137} INFO - [2023-01-12T07:45:21.486-0500] {dagbag.py:538} INFO - Filling up the DagBag from /Library/Frameworks/Python.framework/Versions/3.9/lib/python3.9/site-packages/airflow/example_dags/example_subdag_operator.py
[2023-01-12T07:45:22.127-0500] {processor.py:753} INFO - DAG(s) dict_keys(['example_subdag_operator.section-1', 'example_subdag_operator.section-2', 'example_subdag_operator']) retrieved from /Library/Frameworks/Python.framework/Versions/3.9/lib/python3.9/site-packages/airflow/example_dags/example_subdag_operator.py
[2023-01-12T07:45:22.306-0500] {logging_mixin.py:137} INFO - [2023-01-12T07:45:22.306-0500] {dag.py:2676} INFO - Sync 3 DAGs
[2023-01-12T07:45:22.323-0500] {logging_mixin.py:137} INFO - [2023-01-12T07:45:22.322-0500] {dag.py:3423} INFO - Setting next_dagrun for example_subdag_operator to 2022-01-01T00:00:00+00:00, run_after=2022-01-01T00:00:00+00:00
[2023-01-12T07:45:22.325-0500] {logging_mixin.py:137} INFO - [2023-01-12T07:45:22.325-0500] {dag.py:3423} INFO - Setting next_dagrun for example_subdag_operator.section-1 to None, run_after=None
[2023-01-12T07:45:22.326-0500] {logging_mixin.py:137} INFO - [2023-01-12T07:45:22.326-0500] {dag.py:3423} INFO - Setting next_dagrun for example_subdag_operator.section-2 to None, run_after=None
[2023-01-12T07:45:22.332-0500] {logging_mixin.py:137} INFO - [2023-01-12T07:45:22.331-0500] {dag.py:2676} INFO - Sync 2 DAGs
[2023-01-12T07:45:22.335-0500] {logging_mixin.py:137} INFO - [2023-01-12T07:45:22.335-0500] {dag.py:3423} INFO - Setting next_dagrun for example_subdag_operator.section-1 to None, run_after=None
[2023-01-12T07:45:22.336-0500] {logging_mixin.py:137} INFO - [2023-01-12T07:45:22.336-0500] {dag.py:3423} INFO - Setting next_dagrun for example_subdag_operator.section-2 to None, run_after=None
[2023-01-12T07:45:22.350-0500] {processor.py:175} INFO - Processing /Library/Frameworks/Python.framework/Versions/3.9/lib/python3.9/site-packages/airflow/example_dags/example_subdag_operator.py took 0.875 seconds
[2023-01-12T07:47:14.295-0500] {processor.py:153} INFO - Started process (PID=15928) to work on /Library/Frameworks/Python.framework/Versions/3.9/lib/python3.9/site-packages/airflow/example_dags/example_subdag_operator.py
[2023-01-12T07:47:14.301-0500] {processor.py:743} INFO - Processing file /Library/Frameworks/Python.framework/Versions/3.9/lib/python3.9/site-packages/airflow/example_dags/example_subdag_operator.py for tasks to queue
[2023-01-12T07:47:14.301-0500] {logging_mixin.py:137} INFO - [2023-01-12T07:47:14.301-0500] {dagbag.py:538} INFO - Filling up the DagBag from /Library/Frameworks/Python.framework/Versions/3.9/lib/python3.9/site-packages/airflow/example_dags/example_subdag_operator.py
[2023-01-12T07:47:15.180-0500] {processor.py:753} INFO - DAG(s) dict_keys(['example_subdag_operator.section-1', 'example_subdag_operator.section-2', 'example_subdag_operator']) retrieved from /Library/Frameworks/Python.framework/Versions/3.9/lib/python3.9/site-packages/airflow/example_dags/example_subdag_operator.py
[2023-01-12T07:47:15.507-0500] {logging_mixin.py:137} INFO - [2023-01-12T07:47:15.506-0500] {dag.py:2676} INFO - Sync 3 DAGs
[2023-01-12T07:47:15.524-0500] {logging_mixin.py:137} INFO - [2023-01-12T07:47:15.524-0500] {dag.py:3423} INFO - Setting next_dagrun for example_subdag_operator to 2022-01-01T00:00:00+00:00, run_after=2022-01-01T00:00:00+00:00
[2023-01-12T07:47:15.528-0500] {logging_mixin.py:137} INFO - [2023-01-12T07:47:15.527-0500] {dag.py:3423} INFO - Setting next_dagrun for example_subdag_operator.section-1 to None, run_after=None
[2023-01-12T07:47:15.529-0500] {logging_mixin.py:137} INFO - [2023-01-12T07:47:15.529-0500] {dag.py:3423} INFO - Setting next_dagrun for example_subdag_operator.section-2 to None, run_after=None
[2023-01-12T07:47:15.534-0500] {logging_mixin.py:137} INFO - [2023-01-12T07:47:15.534-0500] {dag.py:2676} INFO - Sync 2 DAGs
[2023-01-12T07:47:15.538-0500] {logging_mixin.py:137} INFO - [2023-01-12T07:47:15.538-0500] {dag.py:3423} INFO - Setting next_dagrun for example_subdag_operator.section-1 to None, run_after=None
[2023-01-12T07:47:15.538-0500] {logging_mixin.py:137} INFO - [2023-01-12T07:47:15.538-0500] {dag.py:3423} INFO - Setting next_dagrun for example_subdag_operator.section-2 to None, run_after=None
[2023-01-12T07:47:15.552-0500] {processor.py:175} INFO - Processing /Library/Frameworks/Python.framework/Versions/3.9/lib/python3.9/site-packages/airflow/example_dags/example_subdag_operator.py took 1.257 seconds
[2023-01-12T07:49:00.918-0500] {processor.py:153} INFO - Started process (PID=15967) to work on /Library/Frameworks/Python.framework/Versions/3.9/lib/python3.9/site-packages/airflow/example_dags/example_subdag_operator.py
[2023-01-12T07:49:00.925-0500] {processor.py:743} INFO - Processing file /Library/Frameworks/Python.framework/Versions/3.9/lib/python3.9/site-packages/airflow/example_dags/example_subdag_operator.py for tasks to queue
[2023-01-12T07:49:00.926-0500] {logging_mixin.py:137} INFO - [2023-01-12T07:49:00.926-0500] {dagbag.py:538} INFO - Filling up the DagBag from /Library/Frameworks/Python.framework/Versions/3.9/lib/python3.9/site-packages/airflow/example_dags/example_subdag_operator.py
[2023-01-12T07:49:01.790-0500] {processor.py:753} INFO - DAG(s) dict_keys(['example_subdag_operator.section-1', 'example_subdag_operator.section-2', 'example_subdag_operator']) retrieved from /Library/Frameworks/Python.framework/Versions/3.9/lib/python3.9/site-packages/airflow/example_dags/example_subdag_operator.py
[2023-01-12T07:49:02.121-0500] {logging_mixin.py:137} INFO - [2023-01-12T07:49:02.121-0500] {dag.py:2676} INFO - Sync 3 DAGs
[2023-01-12T07:49:02.140-0500] {logging_mixin.py:137} INFO - [2023-01-12T07:49:02.139-0500] {dag.py:3423} INFO - Setting next_dagrun for example_subdag_operator to 2022-01-01T00:00:00+00:00, run_after=2022-01-01T00:00:00+00:00
[2023-01-12T07:49:02.142-0500] {logging_mixin.py:137} INFO - [2023-01-12T07:49:02.142-0500] {dag.py:3423} INFO - Setting next_dagrun for example_subdag_operator.section-1 to None, run_after=None
[2023-01-12T07:49:02.143-0500] {logging_mixin.py:137} INFO - [2023-01-12T07:49:02.143-0500] {dag.py:3423} INFO - Setting next_dagrun for example_subdag_operator.section-2 to None, run_after=None
[2023-01-12T07:49:02.149-0500] {logging_mixin.py:137} INFO - [2023-01-12T07:49:02.149-0500] {dag.py:2676} INFO - Sync 2 DAGs
[2023-01-12T07:49:02.153-0500] {logging_mixin.py:137} INFO - [2023-01-12T07:49:02.153-0500] {dag.py:3423} INFO - Setting next_dagrun for example_subdag_operator.section-1 to None, run_after=None
[2023-01-12T07:49:02.153-0500] {logging_mixin.py:137} INFO - [2023-01-12T07:49:02.153-0500] {dag.py:3423} INFO - Setting next_dagrun for example_subdag_operator.section-2 to None, run_after=None
[2023-01-12T07:49:02.168-0500] {processor.py:175} INFO - Processing /Library/Frameworks/Python.framework/Versions/3.9/lib/python3.9/site-packages/airflow/example_dags/example_subdag_operator.py took 1.251 seconds
[2023-01-12T07:51:09.216-0500] {processor.py:153} INFO - Started process (PID=16091) to work on /Library/Frameworks/Python.framework/Versions/3.9/lib/python3.9/site-packages/airflow/example_dags/example_subdag_operator.py
[2023-01-12T07:51:09.222-0500] {processor.py:743} INFO - Processing file /Library/Frameworks/Python.framework/Versions/3.9/lib/python3.9/site-packages/airflow/example_dags/example_subdag_operator.py for tasks to queue
[2023-01-12T07:51:09.222-0500] {logging_mixin.py:137} INFO - [2023-01-12T07:51:09.222-0500] {dagbag.py:538} INFO - Filling up the DagBag from /Library/Frameworks/Python.framework/Versions/3.9/lib/python3.9/site-packages/airflow/example_dags/example_subdag_operator.py
[2023-01-12T07:51:09.923-0500] {processor.py:753} INFO - DAG(s) dict_keys(['example_subdag_operator.section-1', 'example_subdag_operator.section-2', 'example_subdag_operator']) retrieved from /Library/Frameworks/Python.framework/Versions/3.9/lib/python3.9/site-packages/airflow/example_dags/example_subdag_operator.py
[2023-01-12T07:51:10.202-0500] {logging_mixin.py:137} INFO - [2023-01-12T07:51:10.202-0500] {dag.py:2676} INFO - Sync 3 DAGs
[2023-01-12T07:51:10.221-0500] {logging_mixin.py:137} INFO - [2023-01-12T07:51:10.221-0500] {dag.py:3423} INFO - Setting next_dagrun for example_subdag_operator to 2022-01-01T00:00:00+00:00, run_after=2022-01-01T00:00:00+00:00
[2023-01-12T07:51:10.224-0500] {logging_mixin.py:137} INFO - [2023-01-12T07:51:10.224-0500] {dag.py:3423} INFO - Setting next_dagrun for example_subdag_operator.section-1 to None, run_after=None
[2023-01-12T07:51:10.225-0500] {logging_mixin.py:137} INFO - [2023-01-12T07:51:10.225-0500] {dag.py:3423} INFO - Setting next_dagrun for example_subdag_operator.section-2 to None, run_after=None
[2023-01-12T07:51:10.231-0500] {logging_mixin.py:137} INFO - [2023-01-12T07:51:10.231-0500] {dag.py:2676} INFO - Sync 2 DAGs
[2023-01-12T07:51:10.235-0500] {logging_mixin.py:137} INFO - [2023-01-12T07:51:10.235-0500] {dag.py:3423} INFO - Setting next_dagrun for example_subdag_operator.section-1 to None, run_after=None
[2023-01-12T07:51:10.235-0500] {logging_mixin.py:137} INFO - [2023-01-12T07:51:10.235-0500] {dag.py:3423} INFO - Setting next_dagrun for example_subdag_operator.section-2 to None, run_after=None
[2023-01-12T07:51:10.251-0500] {processor.py:175} INFO - Processing /Library/Frameworks/Python.framework/Versions/3.9/lib/python3.9/site-packages/airflow/example_dags/example_subdag_operator.py took 1.036 seconds
[2023-01-12T07:53:11.413-0500] {processor.py:153} INFO - Started process (PID=16133) to work on /Library/Frameworks/Python.framework/Versions/3.9/lib/python3.9/site-packages/airflow/example_dags/example_subdag_operator.py
[2023-01-12T07:53:11.419-0500] {processor.py:743} INFO - Processing file /Library/Frameworks/Python.framework/Versions/3.9/lib/python3.9/site-packages/airflow/example_dags/example_subdag_operator.py for tasks to queue
[2023-01-12T07:53:11.419-0500] {logging_mixin.py:137} INFO - [2023-01-12T07:53:11.419-0500] {dagbag.py:538} INFO - Filling up the DagBag from /Library/Frameworks/Python.framework/Versions/3.9/lib/python3.9/site-packages/airflow/example_dags/example_subdag_operator.py
[2023-01-12T07:53:12.059-0500] {processor.py:753} INFO - DAG(s) dict_keys(['example_subdag_operator.section-1', 'example_subdag_operator.section-2', 'example_subdag_operator']) retrieved from /Library/Frameworks/Python.framework/Versions/3.9/lib/python3.9/site-packages/airflow/example_dags/example_subdag_operator.py
[2023-01-12T07:53:12.242-0500] {logging_mixin.py:137} INFO - [2023-01-12T07:53:12.241-0500] {dag.py:2676} INFO - Sync 3 DAGs
[2023-01-12T07:53:12.257-0500] {logging_mixin.py:137} INFO - [2023-01-12T07:53:12.257-0500] {dag.py:3423} INFO - Setting next_dagrun for example_subdag_operator to 2022-01-01T00:00:00+00:00, run_after=2022-01-01T00:00:00+00:00
[2023-01-12T07:53:12.259-0500] {logging_mixin.py:137} INFO - [2023-01-12T07:53:12.259-0500] {dag.py:3423} INFO - Setting next_dagrun for example_subdag_operator.section-1 to None, run_after=None
[2023-01-12T07:53:12.260-0500] {logging_mixin.py:137} INFO - [2023-01-12T07:53:12.260-0500] {dag.py:3423} INFO - Setting next_dagrun for example_subdag_operator.section-2 to None, run_after=None
[2023-01-12T07:53:12.265-0500] {logging_mixin.py:137} INFO - [2023-01-12T07:53:12.265-0500] {dag.py:2676} INFO - Sync 2 DAGs
[2023-01-12T07:53:12.268-0500] {logging_mixin.py:137} INFO - [2023-01-12T07:53:12.268-0500] {dag.py:3423} INFO - Setting next_dagrun for example_subdag_operator.section-1 to None, run_after=None
[2023-01-12T07:53:12.269-0500] {logging_mixin.py:137} INFO - [2023-01-12T07:53:12.269-0500] {dag.py:3423} INFO - Setting next_dagrun for example_subdag_operator.section-2 to None, run_after=None
[2023-01-12T07:53:12.283-0500] {processor.py:175} INFO - Processing /Library/Frameworks/Python.framework/Versions/3.9/lib/python3.9/site-packages/airflow/example_dags/example_subdag_operator.py took 0.871 seconds
[2023-01-12T07:55:01.755-0500] {processor.py:153} INFO - Started process (PID=16169) to work on /Library/Frameworks/Python.framework/Versions/3.9/lib/python3.9/site-packages/airflow/example_dags/example_subdag_operator.py
[2023-01-12T07:55:01.761-0500] {processor.py:743} INFO - Processing file /Library/Frameworks/Python.framework/Versions/3.9/lib/python3.9/site-packages/airflow/example_dags/example_subdag_operator.py for tasks to queue
[2023-01-12T07:55:01.762-0500] {logging_mixin.py:137} INFO - [2023-01-12T07:55:01.762-0500] {dagbag.py:538} INFO - Filling up the DagBag from /Library/Frameworks/Python.framework/Versions/3.9/lib/python3.9/site-packages/airflow/example_dags/example_subdag_operator.py
[2023-01-12T07:55:02.505-0500] {processor.py:753} INFO - DAG(s) dict_keys(['example_subdag_operator.section-1', 'example_subdag_operator.section-2', 'example_subdag_operator']) retrieved from /Library/Frameworks/Python.framework/Versions/3.9/lib/python3.9/site-packages/airflow/example_dags/example_subdag_operator.py
[2023-01-12T07:55:02.867-0500] {logging_mixin.py:137} INFO - [2023-01-12T07:55:02.866-0500] {dag.py:2676} INFO - Sync 3 DAGs
[2023-01-12T07:55:02.888-0500] {logging_mixin.py:137} INFO - [2023-01-12T07:55:02.888-0500] {dag.py:3423} INFO - Setting next_dagrun for example_subdag_operator to 2022-01-01T00:00:00+00:00, run_after=2022-01-01T00:00:00+00:00
[2023-01-12T07:55:02.891-0500] {logging_mixin.py:137} INFO - [2023-01-12T07:55:02.891-0500] {dag.py:3423} INFO - Setting next_dagrun for example_subdag_operator.section-1 to None, run_after=None
[2023-01-12T07:55:02.892-0500] {logging_mixin.py:137} INFO - [2023-01-12T07:55:02.892-0500] {dag.py:3423} INFO - Setting next_dagrun for example_subdag_operator.section-2 to None, run_after=None
[2023-01-12T07:55:02.898-0500] {logging_mixin.py:137} INFO - [2023-01-12T07:55:02.898-0500] {dag.py:2676} INFO - Sync 2 DAGs
[2023-01-12T07:55:02.902-0500] {logging_mixin.py:137} INFO - [2023-01-12T07:55:02.902-0500] {dag.py:3423} INFO - Setting next_dagrun for example_subdag_operator.section-1 to None, run_after=None
[2023-01-12T07:55:02.902-0500] {logging_mixin.py:137} INFO - [2023-01-12T07:55:02.902-0500] {dag.py:3423} INFO - Setting next_dagrun for example_subdag_operator.section-2 to None, run_after=None
[2023-01-12T07:55:02.917-0500] {processor.py:175} INFO - Processing /Library/Frameworks/Python.framework/Versions/3.9/lib/python3.9/site-packages/airflow/example_dags/example_subdag_operator.py took 1.163 seconds
[2023-01-12T07:57:09.169-0500] {processor.py:153} INFO - Started process (PID=16212) to work on /Library/Frameworks/Python.framework/Versions/3.9/lib/python3.9/site-packages/airflow/example_dags/example_subdag_operator.py
[2023-01-12T07:57:09.178-0500] {processor.py:743} INFO - Processing file /Library/Frameworks/Python.framework/Versions/3.9/lib/python3.9/site-packages/airflow/example_dags/example_subdag_operator.py for tasks to queue
[2023-01-12T07:57:09.179-0500] {logging_mixin.py:137} INFO - [2023-01-12T07:57:09.179-0500] {dagbag.py:538} INFO - Filling up the DagBag from /Library/Frameworks/Python.framework/Versions/3.9/lib/python3.9/site-packages/airflow/example_dags/example_subdag_operator.py
[2023-01-12T07:57:10.664-0500] {processor.py:753} INFO - DAG(s) dict_keys(['example_subdag_operator.section-1', 'example_subdag_operator.section-2', 'example_subdag_operator']) retrieved from /Library/Frameworks/Python.framework/Versions/3.9/lib/python3.9/site-packages/airflow/example_dags/example_subdag_operator.py
[2023-01-12T07:57:11.144-0500] {logging_mixin.py:137} INFO - [2023-01-12T07:57:11.143-0500] {dag.py:2676} INFO - Sync 3 DAGs
[2023-01-12T07:57:11.172-0500] {logging_mixin.py:137} INFO - [2023-01-12T07:57:11.172-0500] {dag.py:3423} INFO - Setting next_dagrun for example_subdag_operator to 2022-01-01T00:00:00+00:00, run_after=2022-01-01T00:00:00+00:00
[2023-01-12T07:57:11.177-0500] {logging_mixin.py:137} INFO - [2023-01-12T07:57:11.177-0500] {dag.py:3423} INFO - Setting next_dagrun for example_subdag_operator.section-1 to None, run_after=None
[2023-01-12T07:57:11.178-0500] {logging_mixin.py:137} INFO - [2023-01-12T07:57:11.178-0500] {dag.py:3423} INFO - Setting next_dagrun for example_subdag_operator.section-2 to None, run_after=None
[2023-01-12T07:57:11.189-0500] {logging_mixin.py:137} INFO - [2023-01-12T07:57:11.188-0500] {dag.py:2676} INFO - Sync 2 DAGs
[2023-01-12T07:57:11.195-0500] {logging_mixin.py:137} INFO - [2023-01-12T07:57:11.194-0500] {dag.py:3423} INFO - Setting next_dagrun for example_subdag_operator.section-1 to None, run_after=None
[2023-01-12T07:57:11.195-0500] {logging_mixin.py:137} INFO - [2023-01-12T07:57:11.195-0500] {dag.py:3423} INFO - Setting next_dagrun for example_subdag_operator.section-2 to None, run_after=None
[2023-01-12T07:57:11.216-0500] {processor.py:175} INFO - Processing /Library/Frameworks/Python.framework/Versions/3.9/lib/python3.9/site-packages/airflow/example_dags/example_subdag_operator.py took 2.049 seconds
[2023-01-12T07:59:04.164-0500] {processor.py:153} INFO - Started process (PID=16371) to work on /Library/Frameworks/Python.framework/Versions/3.9/lib/python3.9/site-packages/airflow/example_dags/example_subdag_operator.py
[2023-01-12T07:59:04.171-0500] {processor.py:743} INFO - Processing file /Library/Frameworks/Python.framework/Versions/3.9/lib/python3.9/site-packages/airflow/example_dags/example_subdag_operator.py for tasks to queue
[2023-01-12T07:59:04.171-0500] {logging_mixin.py:137} INFO - [2023-01-12T07:59:04.171-0500] {dagbag.py:538} INFO - Filling up the DagBag from /Library/Frameworks/Python.framework/Versions/3.9/lib/python3.9/site-packages/airflow/example_dags/example_subdag_operator.py
[2023-01-12T07:59:04.932-0500] {processor.py:753} INFO - DAG(s) dict_keys(['example_subdag_operator.section-1', 'example_subdag_operator.section-2', 'example_subdag_operator']) retrieved from /Library/Frameworks/Python.framework/Versions/3.9/lib/python3.9/site-packages/airflow/example_dags/example_subdag_operator.py
[2023-01-12T07:59:05.150-0500] {logging_mixin.py:137} INFO - [2023-01-12T07:59:05.149-0500] {dag.py:2676} INFO - Sync 3 DAGs
[2023-01-12T07:59:05.169-0500] {logging_mixin.py:137} INFO - [2023-01-12T07:59:05.169-0500] {dag.py:3423} INFO - Setting next_dagrun for example_subdag_operator to 2022-01-01T00:00:00+00:00, run_after=2022-01-01T00:00:00+00:00
[2023-01-12T07:59:05.172-0500] {logging_mixin.py:137} INFO - [2023-01-12T07:59:05.172-0500] {dag.py:3423} INFO - Setting next_dagrun for example_subdag_operator.section-1 to None, run_after=None
[2023-01-12T07:59:05.173-0500] {logging_mixin.py:137} INFO - [2023-01-12T07:59:05.173-0500] {dag.py:3423} INFO - Setting next_dagrun for example_subdag_operator.section-2 to None, run_after=None
[2023-01-12T07:59:05.178-0500] {logging_mixin.py:137} INFO - [2023-01-12T07:59:05.178-0500] {dag.py:2676} INFO - Sync 2 DAGs
[2023-01-12T07:59:05.183-0500] {logging_mixin.py:137} INFO - [2023-01-12T07:59:05.182-0500] {dag.py:3423} INFO - Setting next_dagrun for example_subdag_operator.section-1 to None, run_after=None
[2023-01-12T07:59:05.183-0500] {logging_mixin.py:137} INFO - [2023-01-12T07:59:05.183-0500] {dag.py:3423} INFO - Setting next_dagrun for example_subdag_operator.section-2 to None, run_after=None
[2023-01-12T07:59:05.199-0500] {processor.py:175} INFO - Processing /Library/Frameworks/Python.framework/Versions/3.9/lib/python3.9/site-packages/airflow/example_dags/example_subdag_operator.py took 1.036 seconds
[2023-01-12T08:00:54.434-0500] {processor.py:153} INFO - Started process (PID=16465) to work on /Library/Frameworks/Python.framework/Versions/3.9/lib/python3.9/site-packages/airflow/example_dags/example_subdag_operator.py
[2023-01-12T08:00:54.441-0500] {processor.py:743} INFO - Processing file /Library/Frameworks/Python.framework/Versions/3.9/lib/python3.9/site-packages/airflow/example_dags/example_subdag_operator.py for tasks to queue
[2023-01-12T08:00:54.441-0500] {logging_mixin.py:137} INFO - [2023-01-12T08:00:54.441-0500] {dagbag.py:538} INFO - Filling up the DagBag from /Library/Frameworks/Python.framework/Versions/3.9/lib/python3.9/site-packages/airflow/example_dags/example_subdag_operator.py
[2023-01-12T08:00:55.248-0500] {processor.py:753} INFO - DAG(s) dict_keys(['example_subdag_operator.section-1', 'example_subdag_operator.section-2', 'example_subdag_operator']) retrieved from /Library/Frameworks/Python.framework/Versions/3.9/lib/python3.9/site-packages/airflow/example_dags/example_subdag_operator.py
[2023-01-12T08:00:55.564-0500] {logging_mixin.py:137} INFO - [2023-01-12T08:00:55.564-0500] {dag.py:2676} INFO - Sync 3 DAGs
[2023-01-12T08:00:55.583-0500] {logging_mixin.py:137} INFO - [2023-01-12T08:00:55.583-0500] {dag.py:3423} INFO - Setting next_dagrun for example_subdag_operator to 2022-01-01T00:00:00+00:00, run_after=2022-01-01T00:00:00+00:00
[2023-01-12T08:00:55.586-0500] {logging_mixin.py:137} INFO - [2023-01-12T08:00:55.586-0500] {dag.py:3423} INFO - Setting next_dagrun for example_subdag_operator.section-1 to None, run_after=None
[2023-01-12T08:00:55.587-0500] {logging_mixin.py:137} INFO - [2023-01-12T08:00:55.587-0500] {dag.py:3423} INFO - Setting next_dagrun for example_subdag_operator.section-2 to None, run_after=None
[2023-01-12T08:00:55.593-0500] {logging_mixin.py:137} INFO - [2023-01-12T08:00:55.592-0500] {dag.py:2676} INFO - Sync 2 DAGs
[2023-01-12T08:00:55.597-0500] {logging_mixin.py:137} INFO - [2023-01-12T08:00:55.596-0500] {dag.py:3423} INFO - Setting next_dagrun for example_subdag_operator.section-1 to None, run_after=None
[2023-01-12T08:00:55.597-0500] {logging_mixin.py:137} INFO - [2023-01-12T08:00:55.597-0500] {dag.py:3423} INFO - Setting next_dagrun for example_subdag_operator.section-2 to None, run_after=None
[2023-01-12T08:00:55.612-0500] {processor.py:175} INFO - Processing /Library/Frameworks/Python.framework/Versions/3.9/lib/python3.9/site-packages/airflow/example_dags/example_subdag_operator.py took 1.178 seconds
[2023-01-12T08:04:50.253-0500] {processor.py:153} INFO - Started process (PID=16594) to work on /Library/Frameworks/Python.framework/Versions/3.9/lib/python3.9/site-packages/airflow/example_dags/example_subdag_operator.py
[2023-01-12T08:04:50.266-0500] {processor.py:743} INFO - Processing file /Library/Frameworks/Python.framework/Versions/3.9/lib/python3.9/site-packages/airflow/example_dags/example_subdag_operator.py for tasks to queue
[2023-01-12T08:04:50.267-0500] {logging_mixin.py:137} INFO - [2023-01-12T08:04:50.267-0500] {dagbag.py:538} INFO - Filling up the DagBag from /Library/Frameworks/Python.framework/Versions/3.9/lib/python3.9/site-packages/airflow/example_dags/example_subdag_operator.py
[2023-01-12T08:04:52.528-0500] {processor.py:753} INFO - DAG(s) dict_keys(['example_subdag_operator.section-1', 'example_subdag_operator.section-2', 'example_subdag_operator']) retrieved from /Library/Frameworks/Python.framework/Versions/3.9/lib/python3.9/site-packages/airflow/example_dags/example_subdag_operator.py
[2023-01-12T08:04:53.251-0500] {logging_mixin.py:137} INFO - [2023-01-12T08:04:53.250-0500] {dag.py:2676} INFO - Sync 3 DAGs
[2023-01-12T08:04:53.286-0500] {logging_mixin.py:137} INFO - [2023-01-12T08:04:53.285-0500] {dag.py:3423} INFO - Setting next_dagrun for example_subdag_operator to 2022-01-01T00:00:00+00:00, run_after=2022-01-01T00:00:00+00:00
[2023-01-12T08:04:53.292-0500] {logging_mixin.py:137} INFO - [2023-01-12T08:04:53.292-0500] {dag.py:3423} INFO - Setting next_dagrun for example_subdag_operator.section-1 to None, run_after=None
[2023-01-12T08:04:53.294-0500] {logging_mixin.py:137} INFO - [2023-01-12T08:04:53.293-0500] {dag.py:3423} INFO - Setting next_dagrun for example_subdag_operator.section-2 to None, run_after=None
[2023-01-12T08:04:53.303-0500] {logging_mixin.py:137} INFO - [2023-01-12T08:04:53.303-0500] {dag.py:2676} INFO - Sync 2 DAGs
[2023-01-12T08:04:53.309-0500] {logging_mixin.py:137} INFO - [2023-01-12T08:04:53.309-0500] {dag.py:3423} INFO - Setting next_dagrun for example_subdag_operator.section-1 to None, run_after=None
[2023-01-12T08:04:53.310-0500] {logging_mixin.py:137} INFO - [2023-01-12T08:04:53.310-0500] {dag.py:3423} INFO - Setting next_dagrun for example_subdag_operator.section-2 to None, run_after=None
[2023-01-12T08:04:53.333-0500] {processor.py:175} INFO - Processing /Library/Frameworks/Python.framework/Versions/3.9/lib/python3.9/site-packages/airflow/example_dags/example_subdag_operator.py took 3.082 seconds
[2023-01-12T08:09:11.430-0500] {processor.py:153} INFO - Started process (PID=16689) to work on /Library/Frameworks/Python.framework/Versions/3.9/lib/python3.9/site-packages/airflow/example_dags/example_subdag_operator.py
[2023-01-12T08:09:11.440-0500] {processor.py:743} INFO - Processing file /Library/Frameworks/Python.framework/Versions/3.9/lib/python3.9/site-packages/airflow/example_dags/example_subdag_operator.py for tasks to queue
[2023-01-12T08:09:11.441-0500] {logging_mixin.py:137} INFO - [2023-01-12T08:09:11.441-0500] {dagbag.py:538} INFO - Filling up the DagBag from /Library/Frameworks/Python.framework/Versions/3.9/lib/python3.9/site-packages/airflow/example_dags/example_subdag_operator.py
[2023-01-12T08:09:12.873-0500] {processor.py:753} INFO - DAG(s) dict_keys(['example_subdag_operator.section-1', 'example_subdag_operator.section-2', 'example_subdag_operator']) retrieved from /Library/Frameworks/Python.framework/Versions/3.9/lib/python3.9/site-packages/airflow/example_dags/example_subdag_operator.py
[2023-01-12T08:09:13.225-0500] {logging_mixin.py:137} INFO - [2023-01-12T08:09:13.225-0500] {dag.py:2676} INFO - Sync 3 DAGs
[2023-01-12T08:09:13.256-0500] {logging_mixin.py:137} INFO - [2023-01-12T08:09:13.256-0500] {dag.py:3423} INFO - Setting next_dagrun for example_subdag_operator to 2022-01-01T00:00:00+00:00, run_after=2022-01-01T00:00:00+00:00
[2023-01-12T08:09:13.261-0500] {logging_mixin.py:137} INFO - [2023-01-12T08:09:13.261-0500] {dag.py:3423} INFO - Setting next_dagrun for example_subdag_operator.section-1 to None, run_after=None
[2023-01-12T08:09:13.263-0500] {logging_mixin.py:137} INFO - [2023-01-12T08:09:13.262-0500] {dag.py:3423} INFO - Setting next_dagrun for example_subdag_operator.section-2 to None, run_after=None
[2023-01-12T08:09:13.272-0500] {logging_mixin.py:137} INFO - [2023-01-12T08:09:13.271-0500] {dag.py:2676} INFO - Sync 2 DAGs
[2023-01-12T08:09:13.278-0500] {logging_mixin.py:137} INFO - [2023-01-12T08:09:13.278-0500] {dag.py:3423} INFO - Setting next_dagrun for example_subdag_operator.section-1 to None, run_after=None
[2023-01-12T08:09:13.279-0500] {logging_mixin.py:137} INFO - [2023-01-12T08:09:13.279-0500] {dag.py:3423} INFO - Setting next_dagrun for example_subdag_operator.section-2 to None, run_after=None
[2023-01-12T08:09:13.302-0500] {processor.py:175} INFO - Processing /Library/Frameworks/Python.framework/Versions/3.9/lib/python3.9/site-packages/airflow/example_dags/example_subdag_operator.py took 1.873 seconds
[2023-01-12T08:17:21.923-0500] {processor.py:153} INFO - Started process (PID=17130) to work on /Library/Frameworks/Python.framework/Versions/3.9/lib/python3.9/site-packages/airflow/example_dags/example_subdag_operator.py
[2023-01-12T08:17:26.400-0500] {processor.py:743} INFO - Processing file /Library/Frameworks/Python.framework/Versions/3.9/lib/python3.9/site-packages/airflow/example_dags/example_subdag_operator.py for tasks to queue
[2023-01-12T08:17:27.201-0500] {logging_mixin.py:137} INFO - [2023-01-12T08:17:27.200-0500] {dagbag.py:538} INFO - Filling up the DagBag from /Library/Frameworks/Python.framework/Versions/3.9/lib/python3.9/site-packages/airflow/example_dags/example_subdag_operator.py
[2023-01-12T08:17:28.609-0500] {processor.py:753} INFO - DAG(s) dict_keys(['example_subdag_operator.section-1', 'example_subdag_operator.section-2', 'example_subdag_operator']) retrieved from /Library/Frameworks/Python.framework/Versions/3.9/lib/python3.9/site-packages/airflow/example_dags/example_subdag_operator.py
[2023-01-12T08:17:29.453-0500] {logging_mixin.py:137} INFO - [2023-01-12T08:17:29.452-0500] {dag.py:2676} INFO - Sync 3 DAGs
[2023-01-12T08:17:29.483-0500] {logging_mixin.py:137} INFO - [2023-01-12T08:17:29.483-0500] {dag.py:3423} INFO - Setting next_dagrun for example_subdag_operator to 2022-01-01T00:00:00+00:00, run_after=2022-01-01T00:00:00+00:00
[2023-01-12T08:17:29.488-0500] {logging_mixin.py:137} INFO - [2023-01-12T08:17:29.488-0500] {dag.py:3423} INFO - Setting next_dagrun for example_subdag_operator.section-1 to None, run_after=None
[2023-01-12T08:17:29.490-0500] {logging_mixin.py:137} INFO - [2023-01-12T08:17:29.489-0500] {dag.py:3423} INFO - Setting next_dagrun for example_subdag_operator.section-2 to None, run_after=None
[2023-01-12T08:17:29.500-0500] {logging_mixin.py:137} INFO - [2023-01-12T08:17:29.499-0500] {dag.py:2676} INFO - Sync 2 DAGs
[2023-01-12T08:17:29.506-0500] {logging_mixin.py:137} INFO - [2023-01-12T08:17:29.506-0500] {dag.py:3423} INFO - Setting next_dagrun for example_subdag_operator.section-1 to None, run_after=None
[2023-01-12T08:17:29.506-0500] {logging_mixin.py:137} INFO - [2023-01-12T08:17:29.506-0500] {dag.py:3423} INFO - Setting next_dagrun for example_subdag_operator.section-2 to None, run_after=None
[2023-01-12T08:17:29.531-0500] {processor.py:175} INFO - Processing /Library/Frameworks/Python.framework/Versions/3.9/lib/python3.9/site-packages/airflow/example_dags/example_subdag_operator.py took 7.608 seconds
[2023-01-12T08:25:17.769-0500] {processor.py:153} INFO - Started process (PID=17417) to work on /Library/Frameworks/Python.framework/Versions/3.9/lib/python3.9/site-packages/airflow/example_dags/example_subdag_operator.py
[2023-01-12T08:25:17.780-0500] {processor.py:743} INFO - Processing file /Library/Frameworks/Python.framework/Versions/3.9/lib/python3.9/site-packages/airflow/example_dags/example_subdag_operator.py for tasks to queue
[2023-01-12T08:25:17.781-0500] {logging_mixin.py:137} INFO - [2023-01-12T08:25:17.780-0500] {dagbag.py:538} INFO - Filling up the DagBag from /Library/Frameworks/Python.framework/Versions/3.9/lib/python3.9/site-packages/airflow/example_dags/example_subdag_operator.py
[2023-01-12T08:25:18.917-0500] {processor.py:753} INFO - DAG(s) dict_keys(['example_subdag_operator.section-1', 'example_subdag_operator.section-2', 'example_subdag_operator']) retrieved from /Library/Frameworks/Python.framework/Versions/3.9/lib/python3.9/site-packages/airflow/example_dags/example_subdag_operator.py
[2023-01-12T08:25:19.386-0500] {logging_mixin.py:137} INFO - [2023-01-12T08:25:19.386-0500] {dag.py:2676} INFO - Sync 3 DAGs
[2023-01-12T08:25:19.414-0500] {logging_mixin.py:137} INFO - [2023-01-12T08:25:19.414-0500] {dag.py:3423} INFO - Setting next_dagrun for example_subdag_operator to 2022-01-01T00:00:00+00:00, run_after=2022-01-01T00:00:00+00:00
[2023-01-12T08:25:19.419-0500] {logging_mixin.py:137} INFO - [2023-01-12T08:25:19.419-0500] {dag.py:3423} INFO - Setting next_dagrun for example_subdag_operator.section-1 to None, run_after=None
[2023-01-12T08:25:19.420-0500] {logging_mixin.py:137} INFO - [2023-01-12T08:25:19.420-0500] {dag.py:3423} INFO - Setting next_dagrun for example_subdag_operator.section-2 to None, run_after=None
[2023-01-12T08:25:19.429-0500] {logging_mixin.py:137} INFO - [2023-01-12T08:25:19.428-0500] {dag.py:2676} INFO - Sync 2 DAGs
[2023-01-12T08:25:19.435-0500] {logging_mixin.py:137} INFO - [2023-01-12T08:25:19.434-0500] {dag.py:3423} INFO - Setting next_dagrun for example_subdag_operator.section-1 to None, run_after=None
[2023-01-12T08:25:19.435-0500] {logging_mixin.py:137} INFO - [2023-01-12T08:25:19.435-0500] {dag.py:3423} INFO - Setting next_dagrun for example_subdag_operator.section-2 to None, run_after=None
[2023-01-12T08:25:19.456-0500] {processor.py:175} INFO - Processing /Library/Frameworks/Python.framework/Versions/3.9/lib/python3.9/site-packages/airflow/example_dags/example_subdag_operator.py took 1.688 seconds
