[2023-01-11T21:24:22.458-0500] {processor.py:153} INFO - Started process (PID=13961) to work on /Library/Frameworks/Python.framework/Versions/3.9/lib/python3.9/site-packages/airflow/example_dags/example_python_operator.py
[2023-01-11T21:24:22.463-0500] {processor.py:743} INFO - Processing file /Library/Frameworks/Python.framework/Versions/3.9/lib/python3.9/site-packages/airflow/example_dags/example_python_operator.py for tasks to queue
[2023-01-11T21:24:22.464-0500] {logging_mixin.py:137} INFO - [2023-01-11T21:24:22.464-0500] {dagbag.py:538} INFO - Filling up the DagBag from /Library/Frameworks/Python.framework/Versions/3.9/lib/python3.9/site-packages/airflow/example_dags/example_python_operator.py
[2023-01-11T21:24:22.527-0500] {logging_mixin.py:137} INFO - [2023-01-11T21:24:22.527-0500] {taskmixin.py:205} WARNING - Dependency <Task(_PythonDecoratedOperator): print_the_context>, log_sql_query already registered for DAG: example_python_operator
[2023-01-11T21:24:22.527-0500] {logging_mixin.py:137} INFO - [2023-01-11T21:24:22.527-0500] {taskmixin.py:205} WARNING - Dependency <Task(_PythonDecoratedOperator): log_sql_query>, print_the_context already registered for DAG: example_python_operator
[2023-01-11T21:24:22.528-0500] {logging_mixin.py:137} INFO - [2023-01-11T21:24:22.528-0500] {taskmixin.py:205} WARNING - Dependency <Task(_PythonDecoratedOperator): print_the_context>, log_sql_query already registered for DAG: example_python_operator
[2023-01-11T21:24:22.528-0500] {logging_mixin.py:137} INFO - [2023-01-11T21:24:22.528-0500] {taskmixin.py:205} WARNING - Dependency <Task(_PythonDecoratedOperator): log_sql_query>, print_the_context already registered for DAG: example_python_operator
[2023-01-11T21:24:22.529-0500] {logging_mixin.py:137} INFO - [2023-01-11T21:24:22.529-0500] {taskmixin.py:205} WARNING - Dependency <Task(_PythonDecoratedOperator): print_the_context>, log_sql_query already registered for DAG: example_python_operator
[2023-01-11T21:24:22.529-0500] {logging_mixin.py:137} INFO - [2023-01-11T21:24:22.529-0500] {taskmixin.py:205} WARNING - Dependency <Task(_PythonDecoratedOperator): log_sql_query>, print_the_context already registered for DAG: example_python_operator
[2023-01-11T21:24:22.530-0500] {logging_mixin.py:137} INFO - [2023-01-11T21:24:22.530-0500] {taskmixin.py:205} WARNING - Dependency <Task(_PythonDecoratedOperator): print_the_context>, log_sql_query already registered for DAG: example_python_operator
[2023-01-11T21:24:22.530-0500] {logging_mixin.py:137} INFO - [2023-01-11T21:24:22.530-0500] {taskmixin.py:205} WARNING - Dependency <Task(_PythonDecoratedOperator): log_sql_query>, print_the_context already registered for DAG: example_python_operator
[2023-01-11T21:24:22.530-0500] {logging_mixin.py:137} INFO - [2023-01-11T21:24:22.530-0500] {example_python_operator.py:90} WARNING - The virtalenv_python example task requires virtualenv, please install it.
[2023-01-11T21:24:22.544-0500] {processor.py:753} INFO - DAG(s) dict_keys(['example_python_operator']) retrieved from /Library/Frameworks/Python.framework/Versions/3.9/lib/python3.9/site-packages/airflow/example_dags/example_python_operator.py
[2023-01-11T21:24:24.013-0500] {logging_mixin.py:137} INFO - [2023-01-11T21:24:24.013-0500] {dag.py:2676} INFO - Sync 1 DAGs
[2023-01-11T21:24:24.029-0500] {logging_mixin.py:137} INFO - [2023-01-11T21:24:24.029-0500] {dag.py:3423} INFO - Setting next_dagrun for example_python_operator to None, run_after=None
[2023-01-11T21:24:24.046-0500] {processor.py:175} INFO - Processing /Library/Frameworks/Python.framework/Versions/3.9/lib/python3.9/site-packages/airflow/example_dags/example_python_operator.py took 1.589 seconds
[2023-01-12T07:22:50.394-0500] {processor.py:153} INFO - Started process (PID=14902) to work on /Library/Frameworks/Python.framework/Versions/3.9/lib/python3.9/site-packages/airflow/example_dags/example_python_operator.py
[2023-01-12T07:22:50.401-0500] {processor.py:743} INFO - Processing file /Library/Frameworks/Python.framework/Versions/3.9/lib/python3.9/site-packages/airflow/example_dags/example_python_operator.py for tasks to queue
[2023-01-12T07:22:50.402-0500] {logging_mixin.py:137} INFO - [2023-01-12T07:22:50.402-0500] {dagbag.py:538} INFO - Filling up the DagBag from /Library/Frameworks/Python.framework/Versions/3.9/lib/python3.9/site-packages/airflow/example_dags/example_python_operator.py
[2023-01-12T07:22:50.469-0500] {logging_mixin.py:137} INFO - [2023-01-12T07:22:50.468-0500] {taskmixin.py:205} WARNING - Dependency <Task(_PythonDecoratedOperator): print_the_context>, log_sql_query already registered for DAG: example_python_operator
[2023-01-12T07:22:50.469-0500] {logging_mixin.py:137} INFO - [2023-01-12T07:22:50.469-0500] {taskmixin.py:205} WARNING - Dependency <Task(_PythonDecoratedOperator): log_sql_query>, print_the_context already registered for DAG: example_python_operator
[2023-01-12T07:22:50.470-0500] {logging_mixin.py:137} INFO - [2023-01-12T07:22:50.470-0500] {taskmixin.py:205} WARNING - Dependency <Task(_PythonDecoratedOperator): print_the_context>, log_sql_query already registered for DAG: example_python_operator
[2023-01-12T07:22:50.470-0500] {logging_mixin.py:137} INFO - [2023-01-12T07:22:50.470-0500] {taskmixin.py:205} WARNING - Dependency <Task(_PythonDecoratedOperator): log_sql_query>, print_the_context already registered for DAG: example_python_operator
[2023-01-12T07:22:50.471-0500] {logging_mixin.py:137} INFO - [2023-01-12T07:22:50.471-0500] {taskmixin.py:205} WARNING - Dependency <Task(_PythonDecoratedOperator): print_the_context>, log_sql_query already registered for DAG: example_python_operator
[2023-01-12T07:22:50.471-0500] {logging_mixin.py:137} INFO - [2023-01-12T07:22:50.471-0500] {taskmixin.py:205} WARNING - Dependency <Task(_PythonDecoratedOperator): log_sql_query>, print_the_context already registered for DAG: example_python_operator
[2023-01-12T07:22:50.472-0500] {logging_mixin.py:137} INFO - [2023-01-12T07:22:50.472-0500] {taskmixin.py:205} WARNING - Dependency <Task(_PythonDecoratedOperator): print_the_context>, log_sql_query already registered for DAG: example_python_operator
[2023-01-12T07:22:50.472-0500] {logging_mixin.py:137} INFO - [2023-01-12T07:22:50.472-0500] {taskmixin.py:205} WARNING - Dependency <Task(_PythonDecoratedOperator): log_sql_query>, print_the_context already registered for DAG: example_python_operator
[2023-01-12T07:22:50.473-0500] {logging_mixin.py:137} INFO - [2023-01-12T07:22:50.472-0500] {example_python_operator.py:90} WARNING - The virtalenv_python example task requires virtualenv, please install it.
[2023-01-12T07:22:50.490-0500] {processor.py:753} INFO - DAG(s) dict_keys(['example_python_operator']) retrieved from /Library/Frameworks/Python.framework/Versions/3.9/lib/python3.9/site-packages/airflow/example_dags/example_python_operator.py
[2023-01-12T07:22:51.429-0500] {logging_mixin.py:137} INFO - [2023-01-12T07:22:51.428-0500] {dag.py:2676} INFO - Sync 1 DAGs
[2023-01-12T07:22:51.458-0500] {logging_mixin.py:137} INFO - [2023-01-12T07:22:51.458-0500] {dag.py:3423} INFO - Setting next_dagrun for example_python_operator to None, run_after=None
[2023-01-12T07:22:51.482-0500] {processor.py:175} INFO - Processing /Library/Frameworks/Python.framework/Versions/3.9/lib/python3.9/site-packages/airflow/example_dags/example_python_operator.py took 1.089 seconds
[2023-01-12T07:25:09.674-0500] {processor.py:153} INFO - Started process (PID=15047) to work on /Library/Frameworks/Python.framework/Versions/3.9/lib/python3.9/site-packages/airflow/example_dags/example_python_operator.py
[2023-01-12T07:25:09.680-0500] {processor.py:743} INFO - Processing file /Library/Frameworks/Python.framework/Versions/3.9/lib/python3.9/site-packages/airflow/example_dags/example_python_operator.py for tasks to queue
[2023-01-12T07:25:09.680-0500] {logging_mixin.py:137} INFO - [2023-01-12T07:25:09.680-0500] {dagbag.py:538} INFO - Filling up the DagBag from /Library/Frameworks/Python.framework/Versions/3.9/lib/python3.9/site-packages/airflow/example_dags/example_python_operator.py
[2023-01-12T07:25:09.732-0500] {logging_mixin.py:137} INFO - [2023-01-12T07:25:09.732-0500] {taskmixin.py:205} WARNING - Dependency <Task(_PythonDecoratedOperator): print_the_context>, log_sql_query already registered for DAG: example_python_operator
[2023-01-12T07:25:09.733-0500] {logging_mixin.py:137} INFO - [2023-01-12T07:25:09.733-0500] {taskmixin.py:205} WARNING - Dependency <Task(_PythonDecoratedOperator): log_sql_query>, print_the_context already registered for DAG: example_python_operator
[2023-01-12T07:25:09.734-0500] {logging_mixin.py:137} INFO - [2023-01-12T07:25:09.733-0500] {taskmixin.py:205} WARNING - Dependency <Task(_PythonDecoratedOperator): print_the_context>, log_sql_query already registered for DAG: example_python_operator
[2023-01-12T07:25:09.734-0500] {logging_mixin.py:137} INFO - [2023-01-12T07:25:09.734-0500] {taskmixin.py:205} WARNING - Dependency <Task(_PythonDecoratedOperator): log_sql_query>, print_the_context already registered for DAG: example_python_operator
[2023-01-12T07:25:09.734-0500] {logging_mixin.py:137} INFO - [2023-01-12T07:25:09.734-0500] {taskmixin.py:205} WARNING - Dependency <Task(_PythonDecoratedOperator): print_the_context>, log_sql_query already registered for DAG: example_python_operator
[2023-01-12T07:25:09.735-0500] {logging_mixin.py:137} INFO - [2023-01-12T07:25:09.734-0500] {taskmixin.py:205} WARNING - Dependency <Task(_PythonDecoratedOperator): log_sql_query>, print_the_context already registered for DAG: example_python_operator
[2023-01-12T07:25:09.735-0500] {logging_mixin.py:137} INFO - [2023-01-12T07:25:09.735-0500] {taskmixin.py:205} WARNING - Dependency <Task(_PythonDecoratedOperator): print_the_context>, log_sql_query already registered for DAG: example_python_operator
[2023-01-12T07:25:09.735-0500] {logging_mixin.py:137} INFO - [2023-01-12T07:25:09.735-0500] {taskmixin.py:205} WARNING - Dependency <Task(_PythonDecoratedOperator): log_sql_query>, print_the_context already registered for DAG: example_python_operator
[2023-01-12T07:25:09.736-0500] {logging_mixin.py:137} INFO - [2023-01-12T07:25:09.736-0500] {example_python_operator.py:90} WARNING - The virtalenv_python example task requires virtualenv, please install it.
[2023-01-12T07:25:09.743-0500] {processor.py:753} INFO - DAG(s) dict_keys(['example_python_operator']) retrieved from /Library/Frameworks/Python.framework/Versions/3.9/lib/python3.9/site-packages/airflow/example_dags/example_python_operator.py
[2023-01-12T07:25:10.374-0500] {logging_mixin.py:137} INFO - [2023-01-12T07:25:10.373-0500] {dag.py:2676} INFO - Sync 1 DAGs
[2023-01-12T07:25:10.391-0500] {logging_mixin.py:137} INFO - [2023-01-12T07:25:10.391-0500] {dag.py:3423} INFO - Setting next_dagrun for example_python_operator to None, run_after=None
[2023-01-12T07:25:10.412-0500] {processor.py:175} INFO - Processing /Library/Frameworks/Python.framework/Versions/3.9/lib/python3.9/site-packages/airflow/example_dags/example_python_operator.py took 0.739 seconds
[2023-01-12T07:27:05.631-0500] {processor.py:153} INFO - Started process (PID=15130) to work on /Library/Frameworks/Python.framework/Versions/3.9/lib/python3.9/site-packages/airflow/example_dags/example_python_operator.py
[2023-01-12T07:27:05.637-0500] {processor.py:743} INFO - Processing file /Library/Frameworks/Python.framework/Versions/3.9/lib/python3.9/site-packages/airflow/example_dags/example_python_operator.py for tasks to queue
[2023-01-12T07:27:05.638-0500] {logging_mixin.py:137} INFO - [2023-01-12T07:27:05.638-0500] {dagbag.py:538} INFO - Filling up the DagBag from /Library/Frameworks/Python.framework/Versions/3.9/lib/python3.9/site-packages/airflow/example_dags/example_python_operator.py
[2023-01-12T07:27:05.686-0500] {logging_mixin.py:137} INFO - [2023-01-12T07:27:05.686-0500] {taskmixin.py:205} WARNING - Dependency <Task(_PythonDecoratedOperator): print_the_context>, log_sql_query already registered for DAG: example_python_operator
[2023-01-12T07:27:05.686-0500] {logging_mixin.py:137} INFO - [2023-01-12T07:27:05.686-0500] {taskmixin.py:205} WARNING - Dependency <Task(_PythonDecoratedOperator): log_sql_query>, print_the_context already registered for DAG: example_python_operator
[2023-01-12T07:27:05.687-0500] {logging_mixin.py:137} INFO - [2023-01-12T07:27:05.687-0500] {taskmixin.py:205} WARNING - Dependency <Task(_PythonDecoratedOperator): print_the_context>, log_sql_query already registered for DAG: example_python_operator
[2023-01-12T07:27:05.687-0500] {logging_mixin.py:137} INFO - [2023-01-12T07:27:05.687-0500] {taskmixin.py:205} WARNING - Dependency <Task(_PythonDecoratedOperator): log_sql_query>, print_the_context already registered for DAG: example_python_operator
[2023-01-12T07:27:05.688-0500] {logging_mixin.py:137} INFO - [2023-01-12T07:27:05.688-0500] {taskmixin.py:205} WARNING - Dependency <Task(_PythonDecoratedOperator): print_the_context>, log_sql_query already registered for DAG: example_python_operator
[2023-01-12T07:27:05.688-0500] {logging_mixin.py:137} INFO - [2023-01-12T07:27:05.688-0500] {taskmixin.py:205} WARNING - Dependency <Task(_PythonDecoratedOperator): log_sql_query>, print_the_context already registered for DAG: example_python_operator
[2023-01-12T07:27:05.689-0500] {logging_mixin.py:137} INFO - [2023-01-12T07:27:05.689-0500] {taskmixin.py:205} WARNING - Dependency <Task(_PythonDecoratedOperator): print_the_context>, log_sql_query already registered for DAG: example_python_operator
[2023-01-12T07:27:05.689-0500] {logging_mixin.py:137} INFO - [2023-01-12T07:27:05.689-0500] {taskmixin.py:205} WARNING - Dependency <Task(_PythonDecoratedOperator): log_sql_query>, print_the_context already registered for DAG: example_python_operator
[2023-01-12T07:27:05.689-0500] {logging_mixin.py:137} INFO - [2023-01-12T07:27:05.689-0500] {example_python_operator.py:90} WARNING - The virtalenv_python example task requires virtualenv, please install it.
[2023-01-12T07:27:05.697-0500] {processor.py:753} INFO - DAG(s) dict_keys(['example_python_operator']) retrieved from /Library/Frameworks/Python.framework/Versions/3.9/lib/python3.9/site-packages/airflow/example_dags/example_python_operator.py
[2023-01-12T07:27:06.314-0500] {logging_mixin.py:137} INFO - [2023-01-12T07:27:06.314-0500] {dag.py:2676} INFO - Sync 1 DAGs
[2023-01-12T07:27:06.332-0500] {logging_mixin.py:137} INFO - [2023-01-12T07:27:06.331-0500] {dag.py:3423} INFO - Setting next_dagrun for example_python_operator to None, run_after=None
[2023-01-12T07:27:06.352-0500] {processor.py:175} INFO - Processing /Library/Frameworks/Python.framework/Versions/3.9/lib/python3.9/site-packages/airflow/example_dags/example_python_operator.py took 0.722 seconds
[2023-01-12T07:30:39.518-0500] {processor.py:153} INFO - Started process (PID=15320) to work on /Library/Frameworks/Python.framework/Versions/3.9/lib/python3.9/site-packages/airflow/example_dags/example_python_operator.py
[2023-01-12T07:30:39.523-0500] {processor.py:743} INFO - Processing file /Library/Frameworks/Python.framework/Versions/3.9/lib/python3.9/site-packages/airflow/example_dags/example_python_operator.py for tasks to queue
[2023-01-12T07:30:39.523-0500] {logging_mixin.py:137} INFO - [2023-01-12T07:30:39.523-0500] {dagbag.py:538} INFO - Filling up the DagBag from /Library/Frameworks/Python.framework/Versions/3.9/lib/python3.9/site-packages/airflow/example_dags/example_python_operator.py
[2023-01-12T07:30:39.570-0500] {logging_mixin.py:137} INFO - [2023-01-12T07:30:39.570-0500] {taskmixin.py:205} WARNING - Dependency <Task(_PythonDecoratedOperator): print_the_context>, log_sql_query already registered for DAG: example_python_operator
[2023-01-12T07:30:39.571-0500] {logging_mixin.py:137} INFO - [2023-01-12T07:30:39.571-0500] {taskmixin.py:205} WARNING - Dependency <Task(_PythonDecoratedOperator): log_sql_query>, print_the_context already registered for DAG: example_python_operator
[2023-01-12T07:30:39.571-0500] {logging_mixin.py:137} INFO - [2023-01-12T07:30:39.571-0500] {taskmixin.py:205} WARNING - Dependency <Task(_PythonDecoratedOperator): print_the_context>, log_sql_query already registered for DAG: example_python_operator
[2023-01-12T07:30:39.571-0500] {logging_mixin.py:137} INFO - [2023-01-12T07:30:39.571-0500] {taskmixin.py:205} WARNING - Dependency <Task(_PythonDecoratedOperator): log_sql_query>, print_the_context already registered for DAG: example_python_operator
[2023-01-12T07:30:39.572-0500] {logging_mixin.py:137} INFO - [2023-01-12T07:30:39.572-0500] {taskmixin.py:205} WARNING - Dependency <Task(_PythonDecoratedOperator): print_the_context>, log_sql_query already registered for DAG: example_python_operator
[2023-01-12T07:30:39.572-0500] {logging_mixin.py:137} INFO - [2023-01-12T07:30:39.572-0500] {taskmixin.py:205} WARNING - Dependency <Task(_PythonDecoratedOperator): log_sql_query>, print_the_context already registered for DAG: example_python_operator
[2023-01-12T07:30:39.573-0500] {logging_mixin.py:137} INFO - [2023-01-12T07:30:39.573-0500] {taskmixin.py:205} WARNING - Dependency <Task(_PythonDecoratedOperator): print_the_context>, log_sql_query already registered for DAG: example_python_operator
[2023-01-12T07:30:39.573-0500] {logging_mixin.py:137} INFO - [2023-01-12T07:30:39.573-0500] {taskmixin.py:205} WARNING - Dependency <Task(_PythonDecoratedOperator): log_sql_query>, print_the_context already registered for DAG: example_python_operator
[2023-01-12T07:30:39.574-0500] {logging_mixin.py:137} INFO - [2023-01-12T07:30:39.573-0500] {example_python_operator.py:90} WARNING - The virtalenv_python example task requires virtualenv, please install it.
[2023-01-12T07:30:39.581-0500] {processor.py:753} INFO - DAG(s) dict_keys(['example_python_operator']) retrieved from /Library/Frameworks/Python.framework/Versions/3.9/lib/python3.9/site-packages/airflow/example_dags/example_python_operator.py
[2023-01-12T07:30:40.264-0500] {logging_mixin.py:137} INFO - [2023-01-12T07:30:40.263-0500] {dag.py:2676} INFO - Sync 1 DAGs
[2023-01-12T07:30:40.280-0500] {logging_mixin.py:137} INFO - [2023-01-12T07:30:40.280-0500] {dag.py:3423} INFO - Setting next_dagrun for example_python_operator to None, run_after=None
[2023-01-12T07:30:40.300-0500] {processor.py:175} INFO - Processing /Library/Frameworks/Python.framework/Versions/3.9/lib/python3.9/site-packages/airflow/example_dags/example_python_operator.py took 0.783 seconds
[2023-01-12T07:32:25.484-0500] {processor.py:153} INFO - Started process (PID=15459) to work on /Library/Frameworks/Python.framework/Versions/3.9/lib/python3.9/site-packages/airflow/example_dags/example_python_operator.py
[2023-01-12T07:32:25.490-0500] {processor.py:743} INFO - Processing file /Library/Frameworks/Python.framework/Versions/3.9/lib/python3.9/site-packages/airflow/example_dags/example_python_operator.py for tasks to queue
[2023-01-12T07:32:25.491-0500] {logging_mixin.py:137} INFO - [2023-01-12T07:32:25.491-0500] {dagbag.py:538} INFO - Filling up the DagBag from /Library/Frameworks/Python.framework/Versions/3.9/lib/python3.9/site-packages/airflow/example_dags/example_python_operator.py
[2023-01-12T07:32:25.538-0500] {logging_mixin.py:137} INFO - [2023-01-12T07:32:25.538-0500] {taskmixin.py:205} WARNING - Dependency <Task(_PythonDecoratedOperator): print_the_context>, log_sql_query already registered for DAG: example_python_operator
[2023-01-12T07:32:25.538-0500] {logging_mixin.py:137} INFO - [2023-01-12T07:32:25.538-0500] {taskmixin.py:205} WARNING - Dependency <Task(_PythonDecoratedOperator): log_sql_query>, print_the_context already registered for DAG: example_python_operator
[2023-01-12T07:32:25.539-0500] {logging_mixin.py:137} INFO - [2023-01-12T07:32:25.539-0500] {taskmixin.py:205} WARNING - Dependency <Task(_PythonDecoratedOperator): print_the_context>, log_sql_query already registered for DAG: example_python_operator
[2023-01-12T07:32:25.539-0500] {logging_mixin.py:137} INFO - [2023-01-12T07:32:25.539-0500] {taskmixin.py:205} WARNING - Dependency <Task(_PythonDecoratedOperator): log_sql_query>, print_the_context already registered for DAG: example_python_operator
[2023-01-12T07:32:25.540-0500] {logging_mixin.py:137} INFO - [2023-01-12T07:32:25.539-0500] {taskmixin.py:205} WARNING - Dependency <Task(_PythonDecoratedOperator): print_the_context>, log_sql_query already registered for DAG: example_python_operator
[2023-01-12T07:32:25.540-0500] {logging_mixin.py:137} INFO - [2023-01-12T07:32:25.540-0500] {taskmixin.py:205} WARNING - Dependency <Task(_PythonDecoratedOperator): log_sql_query>, print_the_context already registered for DAG: example_python_operator
[2023-01-12T07:32:25.540-0500] {logging_mixin.py:137} INFO - [2023-01-12T07:32:25.540-0500] {taskmixin.py:205} WARNING - Dependency <Task(_PythonDecoratedOperator): print_the_context>, log_sql_query already registered for DAG: example_python_operator
[2023-01-12T07:32:25.541-0500] {logging_mixin.py:137} INFO - [2023-01-12T07:32:25.540-0500] {taskmixin.py:205} WARNING - Dependency <Task(_PythonDecoratedOperator): log_sql_query>, print_the_context already registered for DAG: example_python_operator
[2023-01-12T07:32:25.541-0500] {logging_mixin.py:137} INFO - [2023-01-12T07:32:25.541-0500] {example_python_operator.py:90} WARNING - The virtalenv_python example task requires virtualenv, please install it.
[2023-01-12T07:32:25.549-0500] {processor.py:753} INFO - DAG(s) dict_keys(['example_python_operator']) retrieved from /Library/Frameworks/Python.framework/Versions/3.9/lib/python3.9/site-packages/airflow/example_dags/example_python_operator.py
[2023-01-12T07:32:26.156-0500] {logging_mixin.py:137} INFO - [2023-01-12T07:32:26.156-0500] {dag.py:2676} INFO - Sync 1 DAGs
[2023-01-12T07:32:26.172-0500] {logging_mixin.py:137} INFO - [2023-01-12T07:32:26.172-0500] {dag.py:3423} INFO - Setting next_dagrun for example_python_operator to None, run_after=None
[2023-01-12T07:32:26.194-0500] {processor.py:175} INFO - Processing /Library/Frameworks/Python.framework/Versions/3.9/lib/python3.9/site-packages/airflow/example_dags/example_python_operator.py took 0.711 seconds
[2023-01-12T07:34:14.099-0500] {processor.py:153} INFO - Started process (PID=15517) to work on /Library/Frameworks/Python.framework/Versions/3.9/lib/python3.9/site-packages/airflow/example_dags/example_python_operator.py
[2023-01-12T07:34:14.106-0500] {processor.py:743} INFO - Processing file /Library/Frameworks/Python.framework/Versions/3.9/lib/python3.9/site-packages/airflow/example_dags/example_python_operator.py for tasks to queue
[2023-01-12T07:34:14.106-0500] {logging_mixin.py:137} INFO - [2023-01-12T07:34:14.106-0500] {dagbag.py:538} INFO - Filling up the DagBag from /Library/Frameworks/Python.framework/Versions/3.9/lib/python3.9/site-packages/airflow/example_dags/example_python_operator.py
[2023-01-12T07:34:14.154-0500] {logging_mixin.py:137} INFO - [2023-01-12T07:34:14.154-0500] {taskmixin.py:205} WARNING - Dependency <Task(_PythonDecoratedOperator): print_the_context>, log_sql_query already registered for DAG: example_python_operator
[2023-01-12T07:34:14.154-0500] {logging_mixin.py:137} INFO - [2023-01-12T07:34:14.154-0500] {taskmixin.py:205} WARNING - Dependency <Task(_PythonDecoratedOperator): log_sql_query>, print_the_context already registered for DAG: example_python_operator
[2023-01-12T07:34:14.155-0500] {logging_mixin.py:137} INFO - [2023-01-12T07:34:14.155-0500] {taskmixin.py:205} WARNING - Dependency <Task(_PythonDecoratedOperator): print_the_context>, log_sql_query already registered for DAG: example_python_operator
[2023-01-12T07:34:14.155-0500] {logging_mixin.py:137} INFO - [2023-01-12T07:34:14.155-0500] {taskmixin.py:205} WARNING - Dependency <Task(_PythonDecoratedOperator): log_sql_query>, print_the_context already registered for DAG: example_python_operator
[2023-01-12T07:34:14.156-0500] {logging_mixin.py:137} INFO - [2023-01-12T07:34:14.155-0500] {taskmixin.py:205} WARNING - Dependency <Task(_PythonDecoratedOperator): print_the_context>, log_sql_query already registered for DAG: example_python_operator
[2023-01-12T07:34:14.156-0500] {logging_mixin.py:137} INFO - [2023-01-12T07:34:14.156-0500] {taskmixin.py:205} WARNING - Dependency <Task(_PythonDecoratedOperator): log_sql_query>, print_the_context already registered for DAG: example_python_operator
[2023-01-12T07:34:14.156-0500] {logging_mixin.py:137} INFO - [2023-01-12T07:34:14.156-0500] {taskmixin.py:205} WARNING - Dependency <Task(_PythonDecoratedOperator): print_the_context>, log_sql_query already registered for DAG: example_python_operator
[2023-01-12T07:34:14.156-0500] {logging_mixin.py:137} INFO - [2023-01-12T07:34:14.156-0500] {taskmixin.py:205} WARNING - Dependency <Task(_PythonDecoratedOperator): log_sql_query>, print_the_context already registered for DAG: example_python_operator
[2023-01-12T07:34:14.157-0500] {logging_mixin.py:137} INFO - [2023-01-12T07:34:14.157-0500] {example_python_operator.py:90} WARNING - The virtalenv_python example task requires virtualenv, please install it.
[2023-01-12T07:34:14.165-0500] {processor.py:753} INFO - DAG(s) dict_keys(['example_python_operator']) retrieved from /Library/Frameworks/Python.framework/Versions/3.9/lib/python3.9/site-packages/airflow/example_dags/example_python_operator.py
[2023-01-12T07:34:14.800-0500] {logging_mixin.py:137} INFO - [2023-01-12T07:34:14.800-0500] {dag.py:2676} INFO - Sync 1 DAGs
[2023-01-12T07:34:14.821-0500] {logging_mixin.py:137} INFO - [2023-01-12T07:34:14.821-0500] {dag.py:3423} INFO - Setting next_dagrun for example_python_operator to None, run_after=None
[2023-01-12T07:34:14.851-0500] {processor.py:175} INFO - Processing /Library/Frameworks/Python.framework/Versions/3.9/lib/python3.9/site-packages/airflow/example_dags/example_python_operator.py took 0.752 seconds
[2023-01-12T07:37:47.908-0500] {processor.py:153} INFO - Started process (PID=15593) to work on /Library/Frameworks/Python.framework/Versions/3.9/lib/python3.9/site-packages/airflow/example_dags/example_python_operator.py
[2023-01-12T07:37:47.914-0500] {processor.py:743} INFO - Processing file /Library/Frameworks/Python.framework/Versions/3.9/lib/python3.9/site-packages/airflow/example_dags/example_python_operator.py for tasks to queue
[2023-01-12T07:37:47.915-0500] {logging_mixin.py:137} INFO - [2023-01-12T07:37:47.915-0500] {dagbag.py:538} INFO - Filling up the DagBag from /Library/Frameworks/Python.framework/Versions/3.9/lib/python3.9/site-packages/airflow/example_dags/example_python_operator.py
[2023-01-12T07:37:47.962-0500] {logging_mixin.py:137} INFO - [2023-01-12T07:37:47.962-0500] {taskmixin.py:205} WARNING - Dependency <Task(_PythonDecoratedOperator): print_the_context>, log_sql_query already registered for DAG: example_python_operator
[2023-01-12T07:37:47.962-0500] {logging_mixin.py:137} INFO - [2023-01-12T07:37:47.962-0500] {taskmixin.py:205} WARNING - Dependency <Task(_PythonDecoratedOperator): log_sql_query>, print_the_context already registered for DAG: example_python_operator
[2023-01-12T07:37:47.963-0500] {logging_mixin.py:137} INFO - [2023-01-12T07:37:47.963-0500] {taskmixin.py:205} WARNING - Dependency <Task(_PythonDecoratedOperator): print_the_context>, log_sql_query already registered for DAG: example_python_operator
[2023-01-12T07:37:47.963-0500] {logging_mixin.py:137} INFO - [2023-01-12T07:37:47.963-0500] {taskmixin.py:205} WARNING - Dependency <Task(_PythonDecoratedOperator): log_sql_query>, print_the_context already registered for DAG: example_python_operator
[2023-01-12T07:37:47.964-0500] {logging_mixin.py:137} INFO - [2023-01-12T07:37:47.964-0500] {taskmixin.py:205} WARNING - Dependency <Task(_PythonDecoratedOperator): print_the_context>, log_sql_query already registered for DAG: example_python_operator
[2023-01-12T07:37:47.964-0500] {logging_mixin.py:137} INFO - [2023-01-12T07:37:47.964-0500] {taskmixin.py:205} WARNING - Dependency <Task(_PythonDecoratedOperator): log_sql_query>, print_the_context already registered for DAG: example_python_operator
[2023-01-12T07:37:47.965-0500] {logging_mixin.py:137} INFO - [2023-01-12T07:37:47.965-0500] {taskmixin.py:205} WARNING - Dependency <Task(_PythonDecoratedOperator): print_the_context>, log_sql_query already registered for DAG: example_python_operator
[2023-01-12T07:37:47.965-0500] {logging_mixin.py:137} INFO - [2023-01-12T07:37:47.965-0500] {taskmixin.py:205} WARNING - Dependency <Task(_PythonDecoratedOperator): log_sql_query>, print_the_context already registered for DAG: example_python_operator
[2023-01-12T07:37:47.966-0500] {logging_mixin.py:137} INFO - [2023-01-12T07:37:47.965-0500] {example_python_operator.py:90} WARNING - The virtalenv_python example task requires virtualenv, please install it.
[2023-01-12T07:37:47.973-0500] {processor.py:753} INFO - DAG(s) dict_keys(['example_python_operator']) retrieved from /Library/Frameworks/Python.framework/Versions/3.9/lib/python3.9/site-packages/airflow/example_dags/example_python_operator.py
[2023-01-12T07:37:48.758-0500] {logging_mixin.py:137} INFO - [2023-01-12T07:37:48.758-0500] {dag.py:2676} INFO - Sync 1 DAGs
[2023-01-12T07:37:48.780-0500] {logging_mixin.py:137} INFO - [2023-01-12T07:37:48.780-0500] {dag.py:3423} INFO - Setting next_dagrun for example_python_operator to None, run_after=None
[2023-01-12T07:37:48.801-0500] {processor.py:175} INFO - Processing /Library/Frameworks/Python.framework/Versions/3.9/lib/python3.9/site-packages/airflow/example_dags/example_python_operator.py took 0.894 seconds
[2023-01-12T07:39:45.400-0500] {processor.py:153} INFO - Started process (PID=15706) to work on /Library/Frameworks/Python.framework/Versions/3.9/lib/python3.9/site-packages/airflow/example_dags/example_python_operator.py
[2023-01-12T07:39:45.407-0500] {processor.py:743} INFO - Processing file /Library/Frameworks/Python.framework/Versions/3.9/lib/python3.9/site-packages/airflow/example_dags/example_python_operator.py for tasks to queue
[2023-01-12T07:39:45.407-0500] {logging_mixin.py:137} INFO - [2023-01-12T07:39:45.407-0500] {dagbag.py:538} INFO - Filling up the DagBag from /Library/Frameworks/Python.framework/Versions/3.9/lib/python3.9/site-packages/airflow/example_dags/example_python_operator.py
[2023-01-12T07:39:45.464-0500] {logging_mixin.py:137} INFO - [2023-01-12T07:39:45.464-0500] {taskmixin.py:205} WARNING - Dependency <Task(_PythonDecoratedOperator): print_the_context>, log_sql_query already registered for DAG: example_python_operator
[2023-01-12T07:39:45.464-0500] {logging_mixin.py:137} INFO - [2023-01-12T07:39:45.464-0500] {taskmixin.py:205} WARNING - Dependency <Task(_PythonDecoratedOperator): log_sql_query>, print_the_context already registered for DAG: example_python_operator
[2023-01-12T07:39:45.465-0500] {logging_mixin.py:137} INFO - [2023-01-12T07:39:45.465-0500] {taskmixin.py:205} WARNING - Dependency <Task(_PythonDecoratedOperator): print_the_context>, log_sql_query already registered for DAG: example_python_operator
[2023-01-12T07:39:45.465-0500] {logging_mixin.py:137} INFO - [2023-01-12T07:39:45.465-0500] {taskmixin.py:205} WARNING - Dependency <Task(_PythonDecoratedOperator): log_sql_query>, print_the_context already registered for DAG: example_python_operator
[2023-01-12T07:39:45.466-0500] {logging_mixin.py:137} INFO - [2023-01-12T07:39:45.466-0500] {taskmixin.py:205} WARNING - Dependency <Task(_PythonDecoratedOperator): print_the_context>, log_sql_query already registered for DAG: example_python_operator
[2023-01-12T07:39:45.466-0500] {logging_mixin.py:137} INFO - [2023-01-12T07:39:45.466-0500] {taskmixin.py:205} WARNING - Dependency <Task(_PythonDecoratedOperator): log_sql_query>, print_the_context already registered for DAG: example_python_operator
[2023-01-12T07:39:45.467-0500] {logging_mixin.py:137} INFO - [2023-01-12T07:39:45.467-0500] {taskmixin.py:205} WARNING - Dependency <Task(_PythonDecoratedOperator): print_the_context>, log_sql_query already registered for DAG: example_python_operator
[2023-01-12T07:39:45.467-0500] {logging_mixin.py:137} INFO - [2023-01-12T07:39:45.467-0500] {taskmixin.py:205} WARNING - Dependency <Task(_PythonDecoratedOperator): log_sql_query>, print_the_context already registered for DAG: example_python_operator
[2023-01-12T07:39:45.468-0500] {logging_mixin.py:137} INFO - [2023-01-12T07:39:45.468-0500] {example_python_operator.py:90} WARNING - The virtalenv_python example task requires virtualenv, please install it.
[2023-01-12T07:39:45.477-0500] {processor.py:753} INFO - DAG(s) dict_keys(['example_python_operator']) retrieved from /Library/Frameworks/Python.framework/Versions/3.9/lib/python3.9/site-packages/airflow/example_dags/example_python_operator.py
[2023-01-12T07:39:46.245-0500] {logging_mixin.py:137} INFO - [2023-01-12T07:39:46.245-0500] {dag.py:2676} INFO - Sync 1 DAGs
[2023-01-12T07:39:46.265-0500] {logging_mixin.py:137} INFO - [2023-01-12T07:39:46.265-0500] {dag.py:3423} INFO - Setting next_dagrun for example_python_operator to None, run_after=None
[2023-01-12T07:39:46.288-0500] {processor.py:175} INFO - Processing /Library/Frameworks/Python.framework/Versions/3.9/lib/python3.9/site-packages/airflow/example_dags/example_python_operator.py took 0.888 seconds
[2023-01-12T07:41:45.189-0500] {processor.py:153} INFO - Started process (PID=15763) to work on /Library/Frameworks/Python.framework/Versions/3.9/lib/python3.9/site-packages/airflow/example_dags/example_python_operator.py
[2023-01-12T07:41:45.195-0500] {processor.py:743} INFO - Processing file /Library/Frameworks/Python.framework/Versions/3.9/lib/python3.9/site-packages/airflow/example_dags/example_python_operator.py for tasks to queue
[2023-01-12T07:41:45.196-0500] {logging_mixin.py:137} INFO - [2023-01-12T07:41:45.196-0500] {dagbag.py:538} INFO - Filling up the DagBag from /Library/Frameworks/Python.framework/Versions/3.9/lib/python3.9/site-packages/airflow/example_dags/example_python_operator.py
[2023-01-12T07:41:45.249-0500] {logging_mixin.py:137} INFO - [2023-01-12T07:41:45.249-0500] {taskmixin.py:205} WARNING - Dependency <Task(_PythonDecoratedOperator): print_the_context>, log_sql_query already registered for DAG: example_python_operator
[2023-01-12T07:41:45.249-0500] {logging_mixin.py:137} INFO - [2023-01-12T07:41:45.249-0500] {taskmixin.py:205} WARNING - Dependency <Task(_PythonDecoratedOperator): log_sql_query>, print_the_context already registered for DAG: example_python_operator
[2023-01-12T07:41:45.250-0500] {logging_mixin.py:137} INFO - [2023-01-12T07:41:45.250-0500] {taskmixin.py:205} WARNING - Dependency <Task(_PythonDecoratedOperator): print_the_context>, log_sql_query already registered for DAG: example_python_operator
[2023-01-12T07:41:45.250-0500] {logging_mixin.py:137} INFO - [2023-01-12T07:41:45.250-0500] {taskmixin.py:205} WARNING - Dependency <Task(_PythonDecoratedOperator): log_sql_query>, print_the_context already registered for DAG: example_python_operator
[2023-01-12T07:41:45.251-0500] {logging_mixin.py:137} INFO - [2023-01-12T07:41:45.251-0500] {taskmixin.py:205} WARNING - Dependency <Task(_PythonDecoratedOperator): print_the_context>, log_sql_query already registered for DAG: example_python_operator
[2023-01-12T07:41:45.251-0500] {logging_mixin.py:137} INFO - [2023-01-12T07:41:45.251-0500] {taskmixin.py:205} WARNING - Dependency <Task(_PythonDecoratedOperator): log_sql_query>, print_the_context already registered for DAG: example_python_operator
[2023-01-12T07:41:45.252-0500] {logging_mixin.py:137} INFO - [2023-01-12T07:41:45.252-0500] {taskmixin.py:205} WARNING - Dependency <Task(_PythonDecoratedOperator): print_the_context>, log_sql_query already registered for DAG: example_python_operator
[2023-01-12T07:41:45.252-0500] {logging_mixin.py:137} INFO - [2023-01-12T07:41:45.252-0500] {taskmixin.py:205} WARNING - Dependency <Task(_PythonDecoratedOperator): log_sql_query>, print_the_context already registered for DAG: example_python_operator
[2023-01-12T07:41:45.252-0500] {logging_mixin.py:137} INFO - [2023-01-12T07:41:45.252-0500] {example_python_operator.py:90} WARNING - The virtalenv_python example task requires virtualenv, please install it.
[2023-01-12T07:41:45.261-0500] {processor.py:753} INFO - DAG(s) dict_keys(['example_python_operator']) retrieved from /Library/Frameworks/Python.framework/Versions/3.9/lib/python3.9/site-packages/airflow/example_dags/example_python_operator.py
[2023-01-12T07:41:46.015-0500] {logging_mixin.py:137} INFO - [2023-01-12T07:41:46.015-0500] {dag.py:2676} INFO - Sync 1 DAGs
[2023-01-12T07:41:46.039-0500] {logging_mixin.py:137} INFO - [2023-01-12T07:41:46.039-0500] {dag.py:3423} INFO - Setting next_dagrun for example_python_operator to None, run_after=None
[2023-01-12T07:41:46.071-0500] {processor.py:175} INFO - Processing /Library/Frameworks/Python.framework/Versions/3.9/lib/python3.9/site-packages/airflow/example_dags/example_python_operator.py took 0.883 seconds
[2023-01-12T07:43:47.164-0500] {processor.py:153} INFO - Started process (PID=15809) to work on /Library/Frameworks/Python.framework/Versions/3.9/lib/python3.9/site-packages/airflow/example_dags/example_python_operator.py
[2023-01-12T07:43:47.170-0500] {processor.py:743} INFO - Processing file /Library/Frameworks/Python.framework/Versions/3.9/lib/python3.9/site-packages/airflow/example_dags/example_python_operator.py for tasks to queue
[2023-01-12T07:43:47.171-0500] {logging_mixin.py:137} INFO - [2023-01-12T07:43:47.171-0500] {dagbag.py:538} INFO - Filling up the DagBag from /Library/Frameworks/Python.framework/Versions/3.9/lib/python3.9/site-packages/airflow/example_dags/example_python_operator.py
[2023-01-12T07:43:47.248-0500] {logging_mixin.py:137} INFO - [2023-01-12T07:43:47.248-0500] {taskmixin.py:205} WARNING - Dependency <Task(_PythonDecoratedOperator): print_the_context>, log_sql_query already registered for DAG: example_python_operator
[2023-01-12T07:43:47.248-0500] {logging_mixin.py:137} INFO - [2023-01-12T07:43:47.248-0500] {taskmixin.py:205} WARNING - Dependency <Task(_PythonDecoratedOperator): log_sql_query>, print_the_context already registered for DAG: example_python_operator
[2023-01-12T07:43:47.249-0500] {logging_mixin.py:137} INFO - [2023-01-12T07:43:47.249-0500] {taskmixin.py:205} WARNING - Dependency <Task(_PythonDecoratedOperator): print_the_context>, log_sql_query already registered for DAG: example_python_operator
[2023-01-12T07:43:47.249-0500] {logging_mixin.py:137} INFO - [2023-01-12T07:43:47.249-0500] {taskmixin.py:205} WARNING - Dependency <Task(_PythonDecoratedOperator): log_sql_query>, print_the_context already registered for DAG: example_python_operator
[2023-01-12T07:43:47.250-0500] {logging_mixin.py:137} INFO - [2023-01-12T07:43:47.250-0500] {taskmixin.py:205} WARNING - Dependency <Task(_PythonDecoratedOperator): print_the_context>, log_sql_query already registered for DAG: example_python_operator
[2023-01-12T07:43:47.250-0500] {logging_mixin.py:137} INFO - [2023-01-12T07:43:47.250-0500] {taskmixin.py:205} WARNING - Dependency <Task(_PythonDecoratedOperator): log_sql_query>, print_the_context already registered for DAG: example_python_operator
[2023-01-12T07:43:47.251-0500] {logging_mixin.py:137} INFO - [2023-01-12T07:43:47.251-0500] {taskmixin.py:205} WARNING - Dependency <Task(_PythonDecoratedOperator): print_the_context>, log_sql_query already registered for DAG: example_python_operator
[2023-01-12T07:43:47.252-0500] {logging_mixin.py:137} INFO - [2023-01-12T07:43:47.252-0500] {taskmixin.py:205} WARNING - Dependency <Task(_PythonDecoratedOperator): log_sql_query>, print_the_context already registered for DAG: example_python_operator
[2023-01-12T07:43:47.252-0500] {logging_mixin.py:137} INFO - [2023-01-12T07:43:47.252-0500] {example_python_operator.py:90} WARNING - The virtalenv_python example task requires virtualenv, please install it.
[2023-01-12T07:43:47.261-0500] {processor.py:753} INFO - DAG(s) dict_keys(['example_python_operator']) retrieved from /Library/Frameworks/Python.framework/Versions/3.9/lib/python3.9/site-packages/airflow/example_dags/example_python_operator.py
[2023-01-12T07:43:48.009-0500] {logging_mixin.py:137} INFO - [2023-01-12T07:43:48.009-0500] {dag.py:2676} INFO - Sync 1 DAGs
[2023-01-12T07:43:48.028-0500] {logging_mixin.py:137} INFO - [2023-01-12T07:43:48.028-0500] {dag.py:3423} INFO - Setting next_dagrun for example_python_operator to None, run_after=None
[2023-01-12T07:43:48.049-0500] {processor.py:175} INFO - Processing /Library/Frameworks/Python.framework/Versions/3.9/lib/python3.9/site-packages/airflow/example_dags/example_python_operator.py took 0.886 seconds
[2023-01-12T07:45:46.590-0500] {processor.py:153} INFO - Started process (PID=15876) to work on /Library/Frameworks/Python.framework/Versions/3.9/lib/python3.9/site-packages/airflow/example_dags/example_python_operator.py
[2023-01-12T07:45:46.595-0500] {processor.py:743} INFO - Processing file /Library/Frameworks/Python.framework/Versions/3.9/lib/python3.9/site-packages/airflow/example_dags/example_python_operator.py for tasks to queue
[2023-01-12T07:45:46.595-0500] {logging_mixin.py:137} INFO - [2023-01-12T07:45:46.595-0500] {dagbag.py:538} INFO - Filling up the DagBag from /Library/Frameworks/Python.framework/Versions/3.9/lib/python3.9/site-packages/airflow/example_dags/example_python_operator.py
[2023-01-12T07:45:46.644-0500] {logging_mixin.py:137} INFO - [2023-01-12T07:45:46.644-0500] {taskmixin.py:205} WARNING - Dependency <Task(_PythonDecoratedOperator): print_the_context>, log_sql_query already registered for DAG: example_python_operator
[2023-01-12T07:45:46.644-0500] {logging_mixin.py:137} INFO - [2023-01-12T07:45:46.644-0500] {taskmixin.py:205} WARNING - Dependency <Task(_PythonDecoratedOperator): log_sql_query>, print_the_context already registered for DAG: example_python_operator
[2023-01-12T07:45:46.645-0500] {logging_mixin.py:137} INFO - [2023-01-12T07:45:46.644-0500] {taskmixin.py:205} WARNING - Dependency <Task(_PythonDecoratedOperator): print_the_context>, log_sql_query already registered for DAG: example_python_operator
[2023-01-12T07:45:46.645-0500] {logging_mixin.py:137} INFO - [2023-01-12T07:45:46.645-0500] {taskmixin.py:205} WARNING - Dependency <Task(_PythonDecoratedOperator): log_sql_query>, print_the_context already registered for DAG: example_python_operator
[2023-01-12T07:45:46.645-0500] {logging_mixin.py:137} INFO - [2023-01-12T07:45:46.645-0500] {taskmixin.py:205} WARNING - Dependency <Task(_PythonDecoratedOperator): print_the_context>, log_sql_query already registered for DAG: example_python_operator
[2023-01-12T07:45:46.645-0500] {logging_mixin.py:137} INFO - [2023-01-12T07:45:46.645-0500] {taskmixin.py:205} WARNING - Dependency <Task(_PythonDecoratedOperator): log_sql_query>, print_the_context already registered for DAG: example_python_operator
[2023-01-12T07:45:46.646-0500] {logging_mixin.py:137} INFO - [2023-01-12T07:45:46.646-0500] {taskmixin.py:205} WARNING - Dependency <Task(_PythonDecoratedOperator): print_the_context>, log_sql_query already registered for DAG: example_python_operator
[2023-01-12T07:45:46.646-0500] {logging_mixin.py:137} INFO - [2023-01-12T07:45:46.646-0500] {taskmixin.py:205} WARNING - Dependency <Task(_PythonDecoratedOperator): log_sql_query>, print_the_context already registered for DAG: example_python_operator
[2023-01-12T07:45:46.646-0500] {logging_mixin.py:137} INFO - [2023-01-12T07:45:46.646-0500] {example_python_operator.py:90} WARNING - The virtalenv_python example task requires virtualenv, please install it.
[2023-01-12T07:45:46.656-0500] {processor.py:753} INFO - DAG(s) dict_keys(['example_python_operator']) retrieved from /Library/Frameworks/Python.framework/Versions/3.9/lib/python3.9/site-packages/airflow/example_dags/example_python_operator.py
[2023-01-12T07:45:47.306-0500] {logging_mixin.py:137} INFO - [2023-01-12T07:45:47.306-0500] {dag.py:2676} INFO - Sync 1 DAGs
[2023-01-12T07:45:47.323-0500] {logging_mixin.py:137} INFO - [2023-01-12T07:45:47.323-0500] {dag.py:3423} INFO - Setting next_dagrun for example_python_operator to None, run_after=None
[2023-01-12T07:45:47.342-0500] {processor.py:175} INFO - Processing /Library/Frameworks/Python.framework/Versions/3.9/lib/python3.9/site-packages/airflow/example_dags/example_python_operator.py took 0.752 seconds
[2023-01-12T07:47:38.459-0500] {processor.py:153} INFO - Started process (PID=15935) to work on /Library/Frameworks/Python.framework/Versions/3.9/lib/python3.9/site-packages/airflow/example_dags/example_python_operator.py
[2023-01-12T07:47:38.465-0500] {processor.py:743} INFO - Processing file /Library/Frameworks/Python.framework/Versions/3.9/lib/python3.9/site-packages/airflow/example_dags/example_python_operator.py for tasks to queue
[2023-01-12T07:47:38.466-0500] {logging_mixin.py:137} INFO - [2023-01-12T07:47:38.466-0500] {dagbag.py:538} INFO - Filling up the DagBag from /Library/Frameworks/Python.framework/Versions/3.9/lib/python3.9/site-packages/airflow/example_dags/example_python_operator.py
[2023-01-12T07:47:38.527-0500] {logging_mixin.py:137} INFO - [2023-01-12T07:47:38.527-0500] {taskmixin.py:205} WARNING - Dependency <Task(_PythonDecoratedOperator): print_the_context>, log_sql_query already registered for DAG: example_python_operator
[2023-01-12T07:47:38.528-0500] {logging_mixin.py:137} INFO - [2023-01-12T07:47:38.527-0500] {taskmixin.py:205} WARNING - Dependency <Task(_PythonDecoratedOperator): log_sql_query>, print_the_context already registered for DAG: example_python_operator
[2023-01-12T07:47:38.528-0500] {logging_mixin.py:137} INFO - [2023-01-12T07:47:38.528-0500] {taskmixin.py:205} WARNING - Dependency <Task(_PythonDecoratedOperator): print_the_context>, log_sql_query already registered for DAG: example_python_operator
[2023-01-12T07:47:38.528-0500] {logging_mixin.py:137} INFO - [2023-01-12T07:47:38.528-0500] {taskmixin.py:205} WARNING - Dependency <Task(_PythonDecoratedOperator): log_sql_query>, print_the_context already registered for DAG: example_python_operator
[2023-01-12T07:47:38.529-0500] {logging_mixin.py:137} INFO - [2023-01-12T07:47:38.529-0500] {taskmixin.py:205} WARNING - Dependency <Task(_PythonDecoratedOperator): print_the_context>, log_sql_query already registered for DAG: example_python_operator
[2023-01-12T07:47:38.529-0500] {logging_mixin.py:137} INFO - [2023-01-12T07:47:38.529-0500] {taskmixin.py:205} WARNING - Dependency <Task(_PythonDecoratedOperator): log_sql_query>, print_the_context already registered for DAG: example_python_operator
[2023-01-12T07:47:38.530-0500] {logging_mixin.py:137} INFO - [2023-01-12T07:47:38.530-0500] {taskmixin.py:205} WARNING - Dependency <Task(_PythonDecoratedOperator): print_the_context>, log_sql_query already registered for DAG: example_python_operator
[2023-01-12T07:47:38.530-0500] {logging_mixin.py:137} INFO - [2023-01-12T07:47:38.530-0500] {taskmixin.py:205} WARNING - Dependency <Task(_PythonDecoratedOperator): log_sql_query>, print_the_context already registered for DAG: example_python_operator
[2023-01-12T07:47:38.531-0500] {logging_mixin.py:137} INFO - [2023-01-12T07:47:38.531-0500] {example_python_operator.py:90} WARNING - The virtalenv_python example task requires virtualenv, please install it.
[2023-01-12T07:47:38.542-0500] {processor.py:753} INFO - DAG(s) dict_keys(['example_python_operator']) retrieved from /Library/Frameworks/Python.framework/Versions/3.9/lib/python3.9/site-packages/airflow/example_dags/example_python_operator.py
[2023-01-12T07:47:39.429-0500] {logging_mixin.py:137} INFO - [2023-01-12T07:47:39.429-0500] {dag.py:2676} INFO - Sync 1 DAGs
[2023-01-12T07:47:39.448-0500] {logging_mixin.py:137} INFO - [2023-01-12T07:47:39.448-0500] {dag.py:3423} INFO - Setting next_dagrun for example_python_operator to None, run_after=None
[2023-01-12T07:47:39.470-0500] {processor.py:175} INFO - Processing /Library/Frameworks/Python.framework/Versions/3.9/lib/python3.9/site-packages/airflow/example_dags/example_python_operator.py took 1.012 seconds
[2023-01-12T07:51:34.785-0500] {processor.py:153} INFO - Started process (PID=16101) to work on /Library/Frameworks/Python.framework/Versions/3.9/lib/python3.9/site-packages/airflow/example_dags/example_python_operator.py
[2023-01-12T07:51:34.791-0500] {processor.py:743} INFO - Processing file /Library/Frameworks/Python.framework/Versions/3.9/lib/python3.9/site-packages/airflow/example_dags/example_python_operator.py for tasks to queue
[2023-01-12T07:51:34.792-0500] {logging_mixin.py:137} INFO - [2023-01-12T07:51:34.792-0500] {dagbag.py:538} INFO - Filling up the DagBag from /Library/Frameworks/Python.framework/Versions/3.9/lib/python3.9/site-packages/airflow/example_dags/example_python_operator.py
[2023-01-12T07:51:34.844-0500] {logging_mixin.py:137} INFO - [2023-01-12T07:51:34.844-0500] {taskmixin.py:205} WARNING - Dependency <Task(_PythonDecoratedOperator): print_the_context>, log_sql_query already registered for DAG: example_python_operator
[2023-01-12T07:51:34.844-0500] {logging_mixin.py:137} INFO - [2023-01-12T07:51:34.844-0500] {taskmixin.py:205} WARNING - Dependency <Task(_PythonDecoratedOperator): log_sql_query>, print_the_context already registered for DAG: example_python_operator
[2023-01-12T07:51:34.845-0500] {logging_mixin.py:137} INFO - [2023-01-12T07:51:34.845-0500] {taskmixin.py:205} WARNING - Dependency <Task(_PythonDecoratedOperator): print_the_context>, log_sql_query already registered for DAG: example_python_operator
[2023-01-12T07:51:34.845-0500] {logging_mixin.py:137} INFO - [2023-01-12T07:51:34.845-0500] {taskmixin.py:205} WARNING - Dependency <Task(_PythonDecoratedOperator): log_sql_query>, print_the_context already registered for DAG: example_python_operator
[2023-01-12T07:51:34.846-0500] {logging_mixin.py:137} INFO - [2023-01-12T07:51:34.846-0500] {taskmixin.py:205} WARNING - Dependency <Task(_PythonDecoratedOperator): print_the_context>, log_sql_query already registered for DAG: example_python_operator
[2023-01-12T07:51:34.846-0500] {logging_mixin.py:137} INFO - [2023-01-12T07:51:34.846-0500] {taskmixin.py:205} WARNING - Dependency <Task(_PythonDecoratedOperator): log_sql_query>, print_the_context already registered for DAG: example_python_operator
[2023-01-12T07:51:34.847-0500] {logging_mixin.py:137} INFO - [2023-01-12T07:51:34.847-0500] {taskmixin.py:205} WARNING - Dependency <Task(_PythonDecoratedOperator): print_the_context>, log_sql_query already registered for DAG: example_python_operator
[2023-01-12T07:51:34.847-0500] {logging_mixin.py:137} INFO - [2023-01-12T07:51:34.847-0500] {taskmixin.py:205} WARNING - Dependency <Task(_PythonDecoratedOperator): log_sql_query>, print_the_context already registered for DAG: example_python_operator
[2023-01-12T07:51:34.848-0500] {logging_mixin.py:137} INFO - [2023-01-12T07:51:34.848-0500] {example_python_operator.py:90} WARNING - The virtalenv_python example task requires virtualenv, please install it.
[2023-01-12T07:51:34.856-0500] {processor.py:753} INFO - DAG(s) dict_keys(['example_python_operator']) retrieved from /Library/Frameworks/Python.framework/Versions/3.9/lib/python3.9/site-packages/airflow/example_dags/example_python_operator.py
[2023-01-12T07:51:35.563-0500] {logging_mixin.py:137} INFO - [2023-01-12T07:51:35.562-0500] {dag.py:2676} INFO - Sync 1 DAGs
[2023-01-12T07:51:35.581-0500] {logging_mixin.py:137} INFO - [2023-01-12T07:51:35.581-0500] {dag.py:3423} INFO - Setting next_dagrun for example_python_operator to None, run_after=None
[2023-01-12T07:51:35.603-0500] {processor.py:175} INFO - Processing /Library/Frameworks/Python.framework/Versions/3.9/lib/python3.9/site-packages/airflow/example_dags/example_python_operator.py took 0.819 seconds
[2023-01-12T07:53:37.770-0500] {processor.py:153} INFO - Started process (PID=16140) to work on /Library/Frameworks/Python.framework/Versions/3.9/lib/python3.9/site-packages/airflow/example_dags/example_python_operator.py
[2023-01-12T07:53:37.777-0500] {processor.py:743} INFO - Processing file /Library/Frameworks/Python.framework/Versions/3.9/lib/python3.9/site-packages/airflow/example_dags/example_python_operator.py for tasks to queue
[2023-01-12T07:53:37.778-0500] {logging_mixin.py:137} INFO - [2023-01-12T07:53:37.778-0500] {dagbag.py:538} INFO - Filling up the DagBag from /Library/Frameworks/Python.framework/Versions/3.9/lib/python3.9/site-packages/airflow/example_dags/example_python_operator.py
[2023-01-12T07:53:37.836-0500] {logging_mixin.py:137} INFO - [2023-01-12T07:53:37.836-0500] {taskmixin.py:205} WARNING - Dependency <Task(_PythonDecoratedOperator): print_the_context>, log_sql_query already registered for DAG: example_python_operator
[2023-01-12T07:53:37.836-0500] {logging_mixin.py:137} INFO - [2023-01-12T07:53:37.836-0500] {taskmixin.py:205} WARNING - Dependency <Task(_PythonDecoratedOperator): log_sql_query>, print_the_context already registered for DAG: example_python_operator
[2023-01-12T07:53:37.837-0500] {logging_mixin.py:137} INFO - [2023-01-12T07:53:37.837-0500] {taskmixin.py:205} WARNING - Dependency <Task(_PythonDecoratedOperator): print_the_context>, log_sql_query already registered for DAG: example_python_operator
[2023-01-12T07:53:37.837-0500] {logging_mixin.py:137} INFO - [2023-01-12T07:53:37.837-0500] {taskmixin.py:205} WARNING - Dependency <Task(_PythonDecoratedOperator): log_sql_query>, print_the_context already registered for DAG: example_python_operator
[2023-01-12T07:53:37.838-0500] {logging_mixin.py:137} INFO - [2023-01-12T07:53:37.838-0500] {taskmixin.py:205} WARNING - Dependency <Task(_PythonDecoratedOperator): print_the_context>, log_sql_query already registered for DAG: example_python_operator
[2023-01-12T07:53:37.838-0500] {logging_mixin.py:137} INFO - [2023-01-12T07:53:37.838-0500] {taskmixin.py:205} WARNING - Dependency <Task(_PythonDecoratedOperator): log_sql_query>, print_the_context already registered for DAG: example_python_operator
[2023-01-12T07:53:37.839-0500] {logging_mixin.py:137} INFO - [2023-01-12T07:53:37.839-0500] {taskmixin.py:205} WARNING - Dependency <Task(_PythonDecoratedOperator): print_the_context>, log_sql_query already registered for DAG: example_python_operator
[2023-01-12T07:53:37.839-0500] {logging_mixin.py:137} INFO - [2023-01-12T07:53:37.839-0500] {taskmixin.py:205} WARNING - Dependency <Task(_PythonDecoratedOperator): log_sql_query>, print_the_context already registered for DAG: example_python_operator
[2023-01-12T07:53:37.840-0500] {logging_mixin.py:137} INFO - [2023-01-12T07:53:37.840-0500] {example_python_operator.py:90} WARNING - The virtalenv_python example task requires virtualenv, please install it.
[2023-01-12T07:53:37.850-0500] {processor.py:753} INFO - DAG(s) dict_keys(['example_python_operator']) retrieved from /Library/Frameworks/Python.framework/Versions/3.9/lib/python3.9/site-packages/airflow/example_dags/example_python_operator.py
[2023-01-12T07:53:38.629-0500] {logging_mixin.py:137} INFO - [2023-01-12T07:53:38.629-0500] {dag.py:2676} INFO - Sync 1 DAGs
[2023-01-12T07:53:38.651-0500] {logging_mixin.py:137} INFO - [2023-01-12T07:53:38.650-0500] {dag.py:3423} INFO - Setting next_dagrun for example_python_operator to None, run_after=None
[2023-01-12T07:53:38.674-0500] {processor.py:175} INFO - Processing /Library/Frameworks/Python.framework/Versions/3.9/lib/python3.9/site-packages/airflow/example_dags/example_python_operator.py took 0.904 seconds
[2023-01-12T07:55:27.283-0500] {processor.py:153} INFO - Started process (PID=16177) to work on /Library/Frameworks/Python.framework/Versions/3.9/lib/python3.9/site-packages/airflow/example_dags/example_python_operator.py
[2023-01-12T07:55:27.289-0500] {processor.py:743} INFO - Processing file /Library/Frameworks/Python.framework/Versions/3.9/lib/python3.9/site-packages/airflow/example_dags/example_python_operator.py for tasks to queue
[2023-01-12T07:55:27.289-0500] {logging_mixin.py:137} INFO - [2023-01-12T07:55:27.289-0500] {dagbag.py:538} INFO - Filling up the DagBag from /Library/Frameworks/Python.framework/Versions/3.9/lib/python3.9/site-packages/airflow/example_dags/example_python_operator.py
[2023-01-12T07:55:27.343-0500] {logging_mixin.py:137} INFO - [2023-01-12T07:55:27.342-0500] {taskmixin.py:205} WARNING - Dependency <Task(_PythonDecoratedOperator): print_the_context>, log_sql_query already registered for DAG: example_python_operator
[2023-01-12T07:55:27.343-0500] {logging_mixin.py:137} INFO - [2023-01-12T07:55:27.343-0500] {taskmixin.py:205} WARNING - Dependency <Task(_PythonDecoratedOperator): log_sql_query>, print_the_context already registered for DAG: example_python_operator
[2023-01-12T07:55:27.344-0500] {logging_mixin.py:137} INFO - [2023-01-12T07:55:27.344-0500] {taskmixin.py:205} WARNING - Dependency <Task(_PythonDecoratedOperator): print_the_context>, log_sql_query already registered for DAG: example_python_operator
[2023-01-12T07:55:27.344-0500] {logging_mixin.py:137} INFO - [2023-01-12T07:55:27.344-0500] {taskmixin.py:205} WARNING - Dependency <Task(_PythonDecoratedOperator): log_sql_query>, print_the_context already registered for DAG: example_python_operator
[2023-01-12T07:55:27.344-0500] {logging_mixin.py:137} INFO - [2023-01-12T07:55:27.344-0500] {taskmixin.py:205} WARNING - Dependency <Task(_PythonDecoratedOperator): print_the_context>, log_sql_query already registered for DAG: example_python_operator
[2023-01-12T07:55:27.345-0500] {logging_mixin.py:137} INFO - [2023-01-12T07:55:27.345-0500] {taskmixin.py:205} WARNING - Dependency <Task(_PythonDecoratedOperator): log_sql_query>, print_the_context already registered for DAG: example_python_operator
[2023-01-12T07:55:27.345-0500] {logging_mixin.py:137} INFO - [2023-01-12T07:55:27.345-0500] {taskmixin.py:205} WARNING - Dependency <Task(_PythonDecoratedOperator): print_the_context>, log_sql_query already registered for DAG: example_python_operator
[2023-01-12T07:55:27.346-0500] {logging_mixin.py:137} INFO - [2023-01-12T07:55:27.345-0500] {taskmixin.py:205} WARNING - Dependency <Task(_PythonDecoratedOperator): log_sql_query>, print_the_context already registered for DAG: example_python_operator
[2023-01-12T07:55:27.346-0500] {logging_mixin.py:137} INFO - [2023-01-12T07:55:27.346-0500] {example_python_operator.py:90} WARNING - The virtalenv_python example task requires virtualenv, please install it.
[2023-01-12T07:55:27.356-0500] {processor.py:753} INFO - DAG(s) dict_keys(['example_python_operator']) retrieved from /Library/Frameworks/Python.framework/Versions/3.9/lib/python3.9/site-packages/airflow/example_dags/example_python_operator.py
[2023-01-12T07:55:28.074-0500] {logging_mixin.py:137} INFO - [2023-01-12T07:55:28.074-0500] {dag.py:2676} INFO - Sync 1 DAGs
[2023-01-12T07:55:28.097-0500] {logging_mixin.py:137} INFO - [2023-01-12T07:55:28.096-0500] {dag.py:3423} INFO - Setting next_dagrun for example_python_operator to None, run_after=None
[2023-01-12T07:55:28.212-0500] {processor.py:175} INFO - Processing /Library/Frameworks/Python.framework/Versions/3.9/lib/python3.9/site-packages/airflow/example_dags/example_python_operator.py took 0.930 seconds
[2023-01-12T07:57:36.789-0500] {processor.py:153} INFO - Started process (PID=16341) to work on /Library/Frameworks/Python.framework/Versions/3.9/lib/python3.9/site-packages/airflow/example_dags/example_python_operator.py
[2023-01-12T07:57:36.795-0500] {processor.py:743} INFO - Processing file /Library/Frameworks/Python.framework/Versions/3.9/lib/python3.9/site-packages/airflow/example_dags/example_python_operator.py for tasks to queue
[2023-01-12T07:57:36.796-0500] {logging_mixin.py:137} INFO - [2023-01-12T07:57:36.795-0500] {dagbag.py:538} INFO - Filling up the DagBag from /Library/Frameworks/Python.framework/Versions/3.9/lib/python3.9/site-packages/airflow/example_dags/example_python_operator.py
[2023-01-12T07:57:36.842-0500] {logging_mixin.py:137} INFO - [2023-01-12T07:57:36.842-0500] {taskmixin.py:205} WARNING - Dependency <Task(_PythonDecoratedOperator): print_the_context>, log_sql_query already registered for DAG: example_python_operator
[2023-01-12T07:57:36.843-0500] {logging_mixin.py:137} INFO - [2023-01-12T07:57:36.843-0500] {taskmixin.py:205} WARNING - Dependency <Task(_PythonDecoratedOperator): log_sql_query>, print_the_context already registered for DAG: example_python_operator
[2023-01-12T07:57:36.843-0500] {logging_mixin.py:137} INFO - [2023-01-12T07:57:36.843-0500] {taskmixin.py:205} WARNING - Dependency <Task(_PythonDecoratedOperator): print_the_context>, log_sql_query already registered for DAG: example_python_operator
[2023-01-12T07:57:36.843-0500] {logging_mixin.py:137} INFO - [2023-01-12T07:57:36.843-0500] {taskmixin.py:205} WARNING - Dependency <Task(_PythonDecoratedOperator): log_sql_query>, print_the_context already registered for DAG: example_python_operator
[2023-01-12T07:57:36.844-0500] {logging_mixin.py:137} INFO - [2023-01-12T07:57:36.844-0500] {taskmixin.py:205} WARNING - Dependency <Task(_PythonDecoratedOperator): print_the_context>, log_sql_query already registered for DAG: example_python_operator
[2023-01-12T07:57:36.844-0500] {logging_mixin.py:137} INFO - [2023-01-12T07:57:36.844-0500] {taskmixin.py:205} WARNING - Dependency <Task(_PythonDecoratedOperator): log_sql_query>, print_the_context already registered for DAG: example_python_operator
[2023-01-12T07:57:36.845-0500] {logging_mixin.py:137} INFO - [2023-01-12T07:57:36.845-0500] {taskmixin.py:205} WARNING - Dependency <Task(_PythonDecoratedOperator): print_the_context>, log_sql_query already registered for DAG: example_python_operator
[2023-01-12T07:57:36.845-0500] {logging_mixin.py:137} INFO - [2023-01-12T07:57:36.845-0500] {taskmixin.py:205} WARNING - Dependency <Task(_PythonDecoratedOperator): log_sql_query>, print_the_context already registered for DAG: example_python_operator
[2023-01-12T07:57:36.845-0500] {logging_mixin.py:137} INFO - [2023-01-12T07:57:36.845-0500] {example_python_operator.py:90} WARNING - The virtalenv_python example task requires virtualenv, please install it.
[2023-01-12T07:57:36.853-0500] {processor.py:753} INFO - DAG(s) dict_keys(['example_python_operator']) retrieved from /Library/Frameworks/Python.framework/Versions/3.9/lib/python3.9/site-packages/airflow/example_dags/example_python_operator.py
[2023-01-12T07:57:37.504-0500] {logging_mixin.py:137} INFO - [2023-01-12T07:57:37.504-0500] {dag.py:2676} INFO - Sync 1 DAGs
[2023-01-12T07:57:37.521-0500] {logging_mixin.py:137} INFO - [2023-01-12T07:57:37.521-0500] {dag.py:3423} INFO - Setting next_dagrun for example_python_operator to None, run_after=None
[2023-01-12T07:57:37.538-0500] {processor.py:175} INFO - Processing /Library/Frameworks/Python.framework/Versions/3.9/lib/python3.9/site-packages/airflow/example_dags/example_python_operator.py took 0.750 seconds
[2023-01-12T07:59:29.840-0500] {processor.py:153} INFO - Started process (PID=16379) to work on /Library/Frameworks/Python.framework/Versions/3.9/lib/python3.9/site-packages/airflow/example_dags/example_python_operator.py
[2023-01-12T07:59:29.846-0500] {processor.py:743} INFO - Processing file /Library/Frameworks/Python.framework/Versions/3.9/lib/python3.9/site-packages/airflow/example_dags/example_python_operator.py for tasks to queue
[2023-01-12T07:59:29.847-0500] {logging_mixin.py:137} INFO - [2023-01-12T07:59:29.847-0500] {dagbag.py:538} INFO - Filling up the DagBag from /Library/Frameworks/Python.framework/Versions/3.9/lib/python3.9/site-packages/airflow/example_dags/example_python_operator.py
[2023-01-12T07:59:29.902-0500] {logging_mixin.py:137} INFO - [2023-01-12T07:59:29.902-0500] {taskmixin.py:205} WARNING - Dependency <Task(_PythonDecoratedOperator): print_the_context>, log_sql_query already registered for DAG: example_python_operator
[2023-01-12T07:59:29.902-0500] {logging_mixin.py:137} INFO - [2023-01-12T07:59:29.902-0500] {taskmixin.py:205} WARNING - Dependency <Task(_PythonDecoratedOperator): log_sql_query>, print_the_context already registered for DAG: example_python_operator
[2023-01-12T07:59:29.903-0500] {logging_mixin.py:137} INFO - [2023-01-12T07:59:29.903-0500] {taskmixin.py:205} WARNING - Dependency <Task(_PythonDecoratedOperator): print_the_context>, log_sql_query already registered for DAG: example_python_operator
[2023-01-12T07:59:29.903-0500] {logging_mixin.py:137} INFO - [2023-01-12T07:59:29.903-0500] {taskmixin.py:205} WARNING - Dependency <Task(_PythonDecoratedOperator): log_sql_query>, print_the_context already registered for DAG: example_python_operator
[2023-01-12T07:59:29.904-0500] {logging_mixin.py:137} INFO - [2023-01-12T07:59:29.904-0500] {taskmixin.py:205} WARNING - Dependency <Task(_PythonDecoratedOperator): print_the_context>, log_sql_query already registered for DAG: example_python_operator
[2023-01-12T07:59:29.904-0500] {logging_mixin.py:137} INFO - [2023-01-12T07:59:29.904-0500] {taskmixin.py:205} WARNING - Dependency <Task(_PythonDecoratedOperator): log_sql_query>, print_the_context already registered for DAG: example_python_operator
[2023-01-12T07:59:29.905-0500] {logging_mixin.py:137} INFO - [2023-01-12T07:59:29.905-0500] {taskmixin.py:205} WARNING - Dependency <Task(_PythonDecoratedOperator): print_the_context>, log_sql_query already registered for DAG: example_python_operator
[2023-01-12T07:59:29.905-0500] {logging_mixin.py:137} INFO - [2023-01-12T07:59:29.905-0500] {taskmixin.py:205} WARNING - Dependency <Task(_PythonDecoratedOperator): log_sql_query>, print_the_context already registered for DAG: example_python_operator
[2023-01-12T07:59:29.906-0500] {logging_mixin.py:137} INFO - [2023-01-12T07:59:29.906-0500] {example_python_operator.py:90} WARNING - The virtalenv_python example task requires virtualenv, please install it.
[2023-01-12T07:59:29.918-0500] {processor.py:753} INFO - DAG(s) dict_keys(['example_python_operator']) retrieved from /Library/Frameworks/Python.framework/Versions/3.9/lib/python3.9/site-packages/airflow/example_dags/example_python_operator.py
[2023-01-12T07:59:30.619-0500] {logging_mixin.py:137} INFO - [2023-01-12T07:59:30.619-0500] {dag.py:2676} INFO - Sync 1 DAGs
[2023-01-12T07:59:30.637-0500] {logging_mixin.py:137} INFO - [2023-01-12T07:59:30.637-0500] {dag.py:3423} INFO - Setting next_dagrun for example_python_operator to None, run_after=None
[2023-01-12T07:59:30.658-0500] {processor.py:175} INFO - Processing /Library/Frameworks/Python.framework/Versions/3.9/lib/python3.9/site-packages/airflow/example_dags/example_python_operator.py took 0.819 seconds
[2023-01-12T08:01:58.227-0500] {processor.py:153} INFO - Started process (PID=16493) to work on /Library/Frameworks/Python.framework/Versions/3.9/lib/python3.9/site-packages/airflow/example_dags/example_python_operator.py
[2023-01-12T08:01:58.240-0500] {processor.py:743} INFO - Processing file /Library/Frameworks/Python.framework/Versions/3.9/lib/python3.9/site-packages/airflow/example_dags/example_python_operator.py for tasks to queue
[2023-01-12T08:01:58.241-0500] {logging_mixin.py:137} INFO - [2023-01-12T08:01:58.241-0500] {dagbag.py:538} INFO - Filling up the DagBag from /Library/Frameworks/Python.framework/Versions/3.9/lib/python3.9/site-packages/airflow/example_dags/example_python_operator.py
[2023-01-12T08:01:58.388-0500] {logging_mixin.py:137} INFO - [2023-01-12T08:01:58.387-0500] {taskmixin.py:205} WARNING - Dependency <Task(_PythonDecoratedOperator): print_the_context>, log_sql_query already registered for DAG: example_python_operator
[2023-01-12T08:01:58.388-0500] {logging_mixin.py:137} INFO - [2023-01-12T08:01:58.388-0500] {taskmixin.py:205} WARNING - Dependency <Task(_PythonDecoratedOperator): log_sql_query>, print_the_context already registered for DAG: example_python_operator
[2023-01-12T08:01:58.390-0500] {logging_mixin.py:137} INFO - [2023-01-12T08:01:58.389-0500] {taskmixin.py:205} WARNING - Dependency <Task(_PythonDecoratedOperator): print_the_context>, log_sql_query already registered for DAG: example_python_operator
[2023-01-12T08:01:58.390-0500] {logging_mixin.py:137} INFO - [2023-01-12T08:01:58.390-0500] {taskmixin.py:205} WARNING - Dependency <Task(_PythonDecoratedOperator): log_sql_query>, print_the_context already registered for DAG: example_python_operator
[2023-01-12T08:01:58.391-0500] {logging_mixin.py:137} INFO - [2023-01-12T08:01:58.391-0500] {taskmixin.py:205} WARNING - Dependency <Task(_PythonDecoratedOperator): print_the_context>, log_sql_query already registered for DAG: example_python_operator
[2023-01-12T08:01:58.392-0500] {logging_mixin.py:137} INFO - [2023-01-12T08:01:58.391-0500] {taskmixin.py:205} WARNING - Dependency <Task(_PythonDecoratedOperator): log_sql_query>, print_the_context already registered for DAG: example_python_operator
[2023-01-12T08:01:58.394-0500] {logging_mixin.py:137} INFO - [2023-01-12T08:01:58.393-0500] {taskmixin.py:205} WARNING - Dependency <Task(_PythonDecoratedOperator): print_the_context>, log_sql_query already registered for DAG: example_python_operator
[2023-01-12T08:01:58.394-0500] {logging_mixin.py:137} INFO - [2023-01-12T08:01:58.394-0500] {taskmixin.py:205} WARNING - Dependency <Task(_PythonDecoratedOperator): log_sql_query>, print_the_context already registered for DAG: example_python_operator
[2023-01-12T08:01:58.396-0500] {logging_mixin.py:137} INFO - [2023-01-12T08:01:58.395-0500] {example_python_operator.py:90} WARNING - The virtalenv_python example task requires virtualenv, please install it.
[2023-01-12T08:01:58.423-0500] {processor.py:753} INFO - DAG(s) dict_keys(['example_python_operator']) retrieved from /Library/Frameworks/Python.framework/Versions/3.9/lib/python3.9/site-packages/airflow/example_dags/example_python_operator.py
[2023-01-12T08:02:00.227-0500] {logging_mixin.py:137} INFO - [2023-01-12T08:02:00.227-0500] {dag.py:2676} INFO - Sync 1 DAGs
[2023-01-12T08:02:00.259-0500] {logging_mixin.py:137} INFO - [2023-01-12T08:02:00.259-0500] {dag.py:3423} INFO - Setting next_dagrun for example_python_operator to None, run_after=None
[2023-01-12T08:02:00.302-0500] {processor.py:175} INFO - Processing /Library/Frameworks/Python.framework/Versions/3.9/lib/python3.9/site-packages/airflow/example_dags/example_python_operator.py took 2.076 seconds
[2023-01-12T08:05:42.105-0500] {processor.py:153} INFO - Started process (PID=16606) to work on /Library/Frameworks/Python.framework/Versions/3.9/lib/python3.9/site-packages/airflow/example_dags/example_python_operator.py
[2023-01-12T08:05:42.117-0500] {processor.py:743} INFO - Processing file /Library/Frameworks/Python.framework/Versions/3.9/lib/python3.9/site-packages/airflow/example_dags/example_python_operator.py for tasks to queue
[2023-01-12T08:05:42.119-0500] {logging_mixin.py:137} INFO - [2023-01-12T08:05:42.119-0500] {dagbag.py:538} INFO - Filling up the DagBag from /Library/Frameworks/Python.framework/Versions/3.9/lib/python3.9/site-packages/airflow/example_dags/example_python_operator.py
[2023-01-12T08:05:42.211-0500] {logging_mixin.py:137} INFO - [2023-01-12T08:05:42.211-0500] {taskmixin.py:205} WARNING - Dependency <Task(_PythonDecoratedOperator): print_the_context>, log_sql_query already registered for DAG: example_python_operator
[2023-01-12T08:05:42.211-0500] {logging_mixin.py:137} INFO - [2023-01-12T08:05:42.211-0500] {taskmixin.py:205} WARNING - Dependency <Task(_PythonDecoratedOperator): log_sql_query>, print_the_context already registered for DAG: example_python_operator
[2023-01-12T08:05:42.212-0500] {logging_mixin.py:137} INFO - [2023-01-12T08:05:42.212-0500] {taskmixin.py:205} WARNING - Dependency <Task(_PythonDecoratedOperator): print_the_context>, log_sql_query already registered for DAG: example_python_operator
[2023-01-12T08:05:42.213-0500] {logging_mixin.py:137} INFO - [2023-01-12T08:05:42.213-0500] {taskmixin.py:205} WARNING - Dependency <Task(_PythonDecoratedOperator): log_sql_query>, print_the_context already registered for DAG: example_python_operator
[2023-01-12T08:05:42.214-0500] {logging_mixin.py:137} INFO - [2023-01-12T08:05:42.214-0500] {taskmixin.py:205} WARNING - Dependency <Task(_PythonDecoratedOperator): print_the_context>, log_sql_query already registered for DAG: example_python_operator
[2023-01-12T08:05:42.214-0500] {logging_mixin.py:137} INFO - [2023-01-12T08:05:42.214-0500] {taskmixin.py:205} WARNING - Dependency <Task(_PythonDecoratedOperator): log_sql_query>, print_the_context already registered for DAG: example_python_operator
[2023-01-12T08:05:42.215-0500] {logging_mixin.py:137} INFO - [2023-01-12T08:05:42.215-0500] {taskmixin.py:205} WARNING - Dependency <Task(_PythonDecoratedOperator): print_the_context>, log_sql_query already registered for DAG: example_python_operator
[2023-01-12T08:05:42.216-0500] {logging_mixin.py:137} INFO - [2023-01-12T08:05:42.215-0500] {taskmixin.py:205} WARNING - Dependency <Task(_PythonDecoratedOperator): log_sql_query>, print_the_context already registered for DAG: example_python_operator
[2023-01-12T08:05:42.217-0500] {logging_mixin.py:137} INFO - [2023-01-12T08:05:42.217-0500] {example_python_operator.py:90} WARNING - The virtalenv_python example task requires virtualenv, please install it.
[2023-01-12T08:05:42.232-0500] {processor.py:753} INFO - DAG(s) dict_keys(['example_python_operator']) retrieved from /Library/Frameworks/Python.framework/Versions/3.9/lib/python3.9/site-packages/airflow/example_dags/example_python_operator.py
[2023-01-12T08:05:43.382-0500] {logging_mixin.py:137} INFO - [2023-01-12T08:05:43.382-0500] {dag.py:2676} INFO - Sync 1 DAGs
[2023-01-12T08:05:43.414-0500] {logging_mixin.py:137} INFO - [2023-01-12T08:05:43.413-0500] {dag.py:3423} INFO - Setting next_dagrun for example_python_operator to None, run_after=None
[2023-01-12T08:05:43.446-0500] {processor.py:175} INFO - Processing /Library/Frameworks/Python.framework/Versions/3.9/lib/python3.9/site-packages/airflow/example_dags/example_python_operator.py took 1.342 seconds
[2023-01-12T08:09:54.569-0500] {processor.py:153} INFO - Started process (PID=16748) to work on /Library/Frameworks/Python.framework/Versions/3.9/lib/python3.9/site-packages/airflow/example_dags/example_python_operator.py
[2023-01-12T08:09:54.580-0500] {processor.py:743} INFO - Processing file /Library/Frameworks/Python.framework/Versions/3.9/lib/python3.9/site-packages/airflow/example_dags/example_python_operator.py for tasks to queue
[2023-01-12T08:09:54.580-0500] {logging_mixin.py:137} INFO - [2023-01-12T08:09:54.580-0500] {dagbag.py:538} INFO - Filling up the DagBag from /Library/Frameworks/Python.framework/Versions/3.9/lib/python3.9/site-packages/airflow/example_dags/example_python_operator.py
[2023-01-12T08:09:54.668-0500] {logging_mixin.py:137} INFO - [2023-01-12T08:09:54.667-0500] {taskmixin.py:205} WARNING - Dependency <Task(_PythonDecoratedOperator): print_the_context>, log_sql_query already registered for DAG: example_python_operator
[2023-01-12T08:09:54.668-0500] {logging_mixin.py:137} INFO - [2023-01-12T08:09:54.668-0500] {taskmixin.py:205} WARNING - Dependency <Task(_PythonDecoratedOperator): log_sql_query>, print_the_context already registered for DAG: example_python_operator
[2023-01-12T08:09:54.670-0500] {logging_mixin.py:137} INFO - [2023-01-12T08:09:54.669-0500] {taskmixin.py:205} WARNING - Dependency <Task(_PythonDecoratedOperator): print_the_context>, log_sql_query already registered for DAG: example_python_operator
[2023-01-12T08:09:54.670-0500] {logging_mixin.py:137} INFO - [2023-01-12T08:09:54.670-0500] {taskmixin.py:205} WARNING - Dependency <Task(_PythonDecoratedOperator): log_sql_query>, print_the_context already registered for DAG: example_python_operator
[2023-01-12T08:09:54.671-0500] {logging_mixin.py:137} INFO - [2023-01-12T08:09:54.671-0500] {taskmixin.py:205} WARNING - Dependency <Task(_PythonDecoratedOperator): print_the_context>, log_sql_query already registered for DAG: example_python_operator
[2023-01-12T08:09:54.671-0500] {logging_mixin.py:137} INFO - [2023-01-12T08:09:54.671-0500] {taskmixin.py:205} WARNING - Dependency <Task(_PythonDecoratedOperator): log_sql_query>, print_the_context already registered for DAG: example_python_operator
[2023-01-12T08:09:54.672-0500] {logging_mixin.py:137} INFO - [2023-01-12T08:09:54.672-0500] {taskmixin.py:205} WARNING - Dependency <Task(_PythonDecoratedOperator): print_the_context>, log_sql_query already registered for DAG: example_python_operator
[2023-01-12T08:09:54.673-0500] {logging_mixin.py:137} INFO - [2023-01-12T08:09:54.673-0500] {taskmixin.py:205} WARNING - Dependency <Task(_PythonDecoratedOperator): log_sql_query>, print_the_context already registered for DAG: example_python_operator
[2023-01-12T08:09:54.673-0500] {logging_mixin.py:137} INFO - [2023-01-12T08:09:54.673-0500] {example_python_operator.py:90} WARNING - The virtalenv_python example task requires virtualenv, please install it.
[2023-01-12T08:09:54.689-0500] {processor.py:753} INFO - DAG(s) dict_keys(['example_python_operator']) retrieved from /Library/Frameworks/Python.framework/Versions/3.9/lib/python3.9/site-packages/airflow/example_dags/example_python_operator.py
[2023-01-12T08:09:56.154-0500] {logging_mixin.py:137} INFO - [2023-01-12T08:09:56.154-0500] {dag.py:2676} INFO - Sync 1 DAGs
[2023-01-12T08:09:56.191-0500] {logging_mixin.py:137} INFO - [2023-01-12T08:09:56.190-0500] {dag.py:3423} INFO - Setting next_dagrun for example_python_operator to None, run_after=None
[2023-01-12T08:09:56.225-0500] {processor.py:175} INFO - Processing /Library/Frameworks/Python.framework/Versions/3.9/lib/python3.9/site-packages/airflow/example_dags/example_python_operator.py took 1.657 seconds
[2023-01-12T08:19:56.596-0500] {processor.py:153} INFO - Started process (PID=17212) to work on /Library/Frameworks/Python.framework/Versions/3.9/lib/python3.9/site-packages/airflow/example_dags/example_python_operator.py
[2023-01-12T08:19:56.605-0500] {processor.py:743} INFO - Processing file /Library/Frameworks/Python.framework/Versions/3.9/lib/python3.9/site-packages/airflow/example_dags/example_python_operator.py for tasks to queue
[2023-01-12T08:19:56.607-0500] {logging_mixin.py:137} INFO - [2023-01-12T08:19:56.607-0500] {dagbag.py:538} INFO - Filling up the DagBag from /Library/Frameworks/Python.framework/Versions/3.9/lib/python3.9/site-packages/airflow/example_dags/example_python_operator.py
[2023-01-12T08:19:56.698-0500] {logging_mixin.py:137} INFO - [2023-01-12T08:19:56.698-0500] {taskmixin.py:205} WARNING - Dependency <Task(_PythonDecoratedOperator): print_the_context>, log_sql_query already registered for DAG: example_python_operator
[2023-01-12T08:19:56.699-0500] {logging_mixin.py:137} INFO - [2023-01-12T08:19:56.699-0500] {taskmixin.py:205} WARNING - Dependency <Task(_PythonDecoratedOperator): log_sql_query>, print_the_context already registered for DAG: example_python_operator
[2023-01-12T08:19:56.700-0500] {logging_mixin.py:137} INFO - [2023-01-12T08:19:56.700-0500] {taskmixin.py:205} WARNING - Dependency <Task(_PythonDecoratedOperator): print_the_context>, log_sql_query already registered for DAG: example_python_operator
[2023-01-12T08:19:56.700-0500] {logging_mixin.py:137} INFO - [2023-01-12T08:19:56.700-0500] {taskmixin.py:205} WARNING - Dependency <Task(_PythonDecoratedOperator): log_sql_query>, print_the_context already registered for DAG: example_python_operator
[2023-01-12T08:19:56.701-0500] {logging_mixin.py:137} INFO - [2023-01-12T08:19:56.701-0500] {taskmixin.py:205} WARNING - Dependency <Task(_PythonDecoratedOperator): print_the_context>, log_sql_query already registered for DAG: example_python_operator
[2023-01-12T08:19:56.702-0500] {logging_mixin.py:137} INFO - [2023-01-12T08:19:56.701-0500] {taskmixin.py:205} WARNING - Dependency <Task(_PythonDecoratedOperator): log_sql_query>, print_the_context already registered for DAG: example_python_operator
[2023-01-12T08:19:56.703-0500] {logging_mixin.py:137} INFO - [2023-01-12T08:19:56.702-0500] {taskmixin.py:205} WARNING - Dependency <Task(_PythonDecoratedOperator): print_the_context>, log_sql_query already registered for DAG: example_python_operator
[2023-01-12T08:19:56.703-0500] {logging_mixin.py:137} INFO - [2023-01-12T08:19:56.703-0500] {taskmixin.py:205} WARNING - Dependency <Task(_PythonDecoratedOperator): log_sql_query>, print_the_context already registered for DAG: example_python_operator
[2023-01-12T08:19:56.704-0500] {logging_mixin.py:137} INFO - [2023-01-12T08:19:56.703-0500] {example_python_operator.py:90} WARNING - The virtalenv_python example task requires virtualenv, please install it.
[2023-01-12T08:19:56.717-0500] {processor.py:753} INFO - DAG(s) dict_keys(['example_python_operator']) retrieved from /Library/Frameworks/Python.framework/Versions/3.9/lib/python3.9/site-packages/airflow/example_dags/example_python_operator.py
[2023-01-12T08:19:57.858-0500] {logging_mixin.py:137} INFO - [2023-01-12T08:19:57.858-0500] {dag.py:2676} INFO - Sync 1 DAGs
[2023-01-12T08:19:57.887-0500] {logging_mixin.py:137} INFO - [2023-01-12T08:19:57.887-0500] {dag.py:3423} INFO - Setting next_dagrun for example_python_operator to None, run_after=None
[2023-01-12T08:19:57.918-0500] {processor.py:175} INFO - Processing /Library/Frameworks/Python.framework/Versions/3.9/lib/python3.9/site-packages/airflow/example_dags/example_python_operator.py took 1.323 seconds
[2023-01-12T08:26:38.513-0500] {processor.py:153} INFO - Started process (PID=17462) to work on /Library/Frameworks/Python.framework/Versions/3.9/lib/python3.9/site-packages/airflow/example_dags/example_python_operator.py
[2023-01-12T08:26:38.525-0500] {processor.py:743} INFO - Processing file /Library/Frameworks/Python.framework/Versions/3.9/lib/python3.9/site-packages/airflow/example_dags/example_python_operator.py for tasks to queue
[2023-01-12T08:26:38.526-0500] {logging_mixin.py:137} INFO - [2023-01-12T08:26:38.525-0500] {dagbag.py:538} INFO - Filling up the DagBag from /Library/Frameworks/Python.framework/Versions/3.9/lib/python3.9/site-packages/airflow/example_dags/example_python_operator.py
[2023-01-12T08:26:38.607-0500] {logging_mixin.py:137} INFO - [2023-01-12T08:26:38.607-0500] {taskmixin.py:205} WARNING - Dependency <Task(_PythonDecoratedOperator): print_the_context>, log_sql_query already registered for DAG: example_python_operator
[2023-01-12T08:26:38.609-0500] {logging_mixin.py:137} INFO - [2023-01-12T08:26:38.608-0500] {taskmixin.py:205} WARNING - Dependency <Task(_PythonDecoratedOperator): log_sql_query>, print_the_context already registered for DAG: example_python_operator
[2023-01-12T08:26:38.610-0500] {logging_mixin.py:137} INFO - [2023-01-12T08:26:38.610-0500] {taskmixin.py:205} WARNING - Dependency <Task(_PythonDecoratedOperator): print_the_context>, log_sql_query already registered for DAG: example_python_operator
[2023-01-12T08:26:38.611-0500] {logging_mixin.py:137} INFO - [2023-01-12T08:26:38.610-0500] {taskmixin.py:205} WARNING - Dependency <Task(_PythonDecoratedOperator): log_sql_query>, print_the_context already registered for DAG: example_python_operator
[2023-01-12T08:26:38.612-0500] {logging_mixin.py:137} INFO - [2023-01-12T08:26:38.612-0500] {taskmixin.py:205} WARNING - Dependency <Task(_PythonDecoratedOperator): print_the_context>, log_sql_query already registered for DAG: example_python_operator
[2023-01-12T08:26:38.612-0500] {logging_mixin.py:137} INFO - [2023-01-12T08:26:38.612-0500] {taskmixin.py:205} WARNING - Dependency <Task(_PythonDecoratedOperator): log_sql_query>, print_the_context already registered for DAG: example_python_operator
[2023-01-12T08:26:38.613-0500] {logging_mixin.py:137} INFO - [2023-01-12T08:26:38.613-0500] {taskmixin.py:205} WARNING - Dependency <Task(_PythonDecoratedOperator): print_the_context>, log_sql_query already registered for DAG: example_python_operator
[2023-01-12T08:26:38.614-0500] {logging_mixin.py:137} INFO - [2023-01-12T08:26:38.614-0500] {taskmixin.py:205} WARNING - Dependency <Task(_PythonDecoratedOperator): log_sql_query>, print_the_context already registered for DAG: example_python_operator
[2023-01-12T08:26:38.614-0500] {logging_mixin.py:137} INFO - [2023-01-12T08:26:38.614-0500] {example_python_operator.py:90} WARNING - The virtalenv_python example task requires virtualenv, please install it.
[2023-01-12T08:26:38.628-0500] {processor.py:753} INFO - DAG(s) dict_keys(['example_python_operator']) retrieved from /Library/Frameworks/Python.framework/Versions/3.9/lib/python3.9/site-packages/airflow/example_dags/example_python_operator.py
[2023-01-12T08:26:39.655-0500] {logging_mixin.py:137} INFO - [2023-01-12T08:26:39.654-0500] {dag.py:2676} INFO - Sync 1 DAGs
[2023-01-12T08:26:39.683-0500] {logging_mixin.py:137} INFO - [2023-01-12T08:26:39.683-0500] {dag.py:3423} INFO - Setting next_dagrun for example_python_operator to None, run_after=None
[2023-01-12T08:26:39.720-0500] {processor.py:175} INFO - Processing /Library/Frameworks/Python.framework/Versions/3.9/lib/python3.9/site-packages/airflow/example_dags/example_python_operator.py took 1.207 seconds
