[2023-01-12T06:01:50.284-0500] {processor.py:153} INFO - Started process (PID=14818) to work on /Library/Frameworks/Python.framework/Versions/3.9/lib/python3.9/site-packages/airflow/example_dags/example_task_group.py
[2023-01-12T06:01:50.289-0500] {processor.py:743} INFO - Processing file /Library/Frameworks/Python.framework/Versions/3.9/lib/python3.9/site-packages/airflow/example_dags/example_task_group.py for tasks to queue
[2023-01-12T06:01:50.289-0500] {logging_mixin.py:137} INFO - [2023-01-12T06:01:50.289-0500] {dagbag.py:538} INFO - Filling up the DagBag from /Library/Frameworks/Python.framework/Versions/3.9/lib/python3.9/site-packages/airflow/example_dags/example_task_group.py
[2023-01-12T06:01:50.318-0500] {processor.py:753} INFO - DAG(s) dict_keys(['example_task_group']) retrieved from /Library/Frameworks/Python.framework/Versions/3.9/lib/python3.9/site-packages/airflow/example_dags/example_task_group.py
[2023-01-12T06:01:50.911-0500] {logging_mixin.py:137} INFO - [2023-01-12T06:01:50.911-0500] {dag.py:2676} INFO - Sync 1 DAGs
[2023-01-12T06:01:50.926-0500] {logging_mixin.py:137} INFO - [2023-01-12T06:01:50.926-0500] {dag.py:3423} INFO - Setting next_dagrun for example_task_group to 2023-01-11T11:01:50.926094+00:00, run_after=2023-01-12T11:01:50.926094+00:00
[2023-01-12T06:01:50.947-0500] {processor.py:175} INFO - Processing /Library/Frameworks/Python.framework/Versions/3.9/lib/python3.9/site-packages/airflow/example_dags/example_task_group.py took 0.664 seconds
[2023-01-12T07:24:41.699-0500] {processor.py:153} INFO - Started process (PID=15034) to work on /Library/Frameworks/Python.framework/Versions/3.9/lib/python3.9/site-packages/airflow/example_dags/example_task_group.py
[2023-01-12T07:24:41.704-0500] {processor.py:743} INFO - Processing file /Library/Frameworks/Python.framework/Versions/3.9/lib/python3.9/site-packages/airflow/example_dags/example_task_group.py for tasks to queue
[2023-01-12T07:24:41.705-0500] {logging_mixin.py:137} INFO - [2023-01-12T07:24:41.705-0500] {dagbag.py:538} INFO - Filling up the DagBag from /Library/Frameworks/Python.framework/Versions/3.9/lib/python3.9/site-packages/airflow/example_dags/example_task_group.py
[2023-01-12T07:24:41.741-0500] {processor.py:753} INFO - DAG(s) dict_keys(['example_task_group']) retrieved from /Library/Frameworks/Python.framework/Versions/3.9/lib/python3.9/site-packages/airflow/example_dags/example_task_group.py
[2023-01-12T07:24:42.372-0500] {logging_mixin.py:137} INFO - [2023-01-12T07:24:42.372-0500] {dag.py:2676} INFO - Sync 1 DAGs
[2023-01-12T07:24:42.388-0500] {logging_mixin.py:137} INFO - [2023-01-12T07:24:42.388-0500] {dag.py:3423} INFO - Setting next_dagrun for example_task_group to 2023-01-11T12:24:42.388419+00:00, run_after=2023-01-12T12:24:42.388419+00:00
[2023-01-12T07:24:42.411-0500] {processor.py:175} INFO - Processing /Library/Frameworks/Python.framework/Versions/3.9/lib/python3.9/site-packages/airflow/example_dags/example_task_group.py took 0.713 seconds
[2023-01-12T07:26:38.317-0500] {processor.py:153} INFO - Started process (PID=15119) to work on /Library/Frameworks/Python.framework/Versions/3.9/lib/python3.9/site-packages/airflow/example_dags/example_task_group.py
[2023-01-12T07:26:38.323-0500] {processor.py:743} INFO - Processing file /Library/Frameworks/Python.framework/Versions/3.9/lib/python3.9/site-packages/airflow/example_dags/example_task_group.py for tasks to queue
[2023-01-12T07:26:38.324-0500] {logging_mixin.py:137} INFO - [2023-01-12T07:26:38.324-0500] {dagbag.py:538} INFO - Filling up the DagBag from /Library/Frameworks/Python.framework/Versions/3.9/lib/python3.9/site-packages/airflow/example_dags/example_task_group.py
[2023-01-12T07:26:38.355-0500] {processor.py:753} INFO - DAG(s) dict_keys(['example_task_group']) retrieved from /Library/Frameworks/Python.framework/Versions/3.9/lib/python3.9/site-packages/airflow/example_dags/example_task_group.py
[2023-01-12T07:26:38.998-0500] {logging_mixin.py:137} INFO - [2023-01-12T07:26:38.997-0500] {dag.py:2676} INFO - Sync 1 DAGs
[2023-01-12T07:26:39.014-0500] {logging_mixin.py:137} INFO - [2023-01-12T07:26:39.014-0500] {dag.py:3423} INFO - Setting next_dagrun for example_task_group to 2023-01-11T12:26:39.013922+00:00, run_after=2023-01-12T12:26:39.013922+00:00
[2023-01-12T07:26:39.037-0500] {processor.py:175} INFO - Processing /Library/Frameworks/Python.framework/Versions/3.9/lib/python3.9/site-packages/airflow/example_dags/example_task_group.py took 0.720 seconds
[2023-01-12T07:28:22.175-0500] {processor.py:153} INFO - Started process (PID=15165) to work on /Library/Frameworks/Python.framework/Versions/3.9/lib/python3.9/site-packages/airflow/example_dags/example_task_group.py
[2023-01-12T07:28:22.181-0500] {processor.py:743} INFO - Processing file /Library/Frameworks/Python.framework/Versions/3.9/lib/python3.9/site-packages/airflow/example_dags/example_task_group.py for tasks to queue
[2023-01-12T07:28:22.182-0500] {logging_mixin.py:137} INFO - [2023-01-12T07:28:22.182-0500] {dagbag.py:538} INFO - Filling up the DagBag from /Library/Frameworks/Python.framework/Versions/3.9/lib/python3.9/site-packages/airflow/example_dags/example_task_group.py
[2023-01-12T07:28:22.213-0500] {processor.py:753} INFO - DAG(s) dict_keys(['example_task_group']) retrieved from /Library/Frameworks/Python.framework/Versions/3.9/lib/python3.9/site-packages/airflow/example_dags/example_task_group.py
[2023-01-12T07:28:22.935-0500] {logging_mixin.py:137} INFO - [2023-01-12T07:28:22.934-0500] {dag.py:2676} INFO - Sync 1 DAGs
[2023-01-12T07:28:22.951-0500] {logging_mixin.py:137} INFO - [2023-01-12T07:28:22.950-0500] {dag.py:3423} INFO - Setting next_dagrun for example_task_group to 2023-01-11T12:28:22.950803+00:00, run_after=2023-01-12T12:28:22.950803+00:00
[2023-01-12T07:28:22.971-0500] {processor.py:175} INFO - Processing /Library/Frameworks/Python.framework/Versions/3.9/lib/python3.9/site-packages/airflow/example_dags/example_task_group.py took 0.797 seconds
[2023-01-12T07:30:11.183-0500] {processor.py:153} INFO - Started process (PID=15283) to work on /Library/Frameworks/Python.framework/Versions/3.9/lib/python3.9/site-packages/airflow/example_dags/example_task_group.py
[2023-01-12T07:30:11.189-0500] {processor.py:743} INFO - Processing file /Library/Frameworks/Python.framework/Versions/3.9/lib/python3.9/site-packages/airflow/example_dags/example_task_group.py for tasks to queue
[2023-01-12T07:30:11.190-0500] {logging_mixin.py:137} INFO - [2023-01-12T07:30:11.190-0500] {dagbag.py:538} INFO - Filling up the DagBag from /Library/Frameworks/Python.framework/Versions/3.9/lib/python3.9/site-packages/airflow/example_dags/example_task_group.py
[2023-01-12T07:30:11.225-0500] {processor.py:753} INFO - DAG(s) dict_keys(['example_task_group']) retrieved from /Library/Frameworks/Python.framework/Versions/3.9/lib/python3.9/site-packages/airflow/example_dags/example_task_group.py
[2023-01-12T07:30:11.923-0500] {logging_mixin.py:137} INFO - [2023-01-12T07:30:11.922-0500] {dag.py:2676} INFO - Sync 1 DAGs
[2023-01-12T07:30:11.941-0500] {logging_mixin.py:137} INFO - [2023-01-12T07:30:11.941-0500] {dag.py:3423} INFO - Setting next_dagrun for example_task_group to 2023-01-11T12:30:11.941217+00:00, run_after=2023-01-12T12:30:11.941217+00:00
[2023-01-12T07:30:11.962-0500] {processor.py:175} INFO - Processing /Library/Frameworks/Python.framework/Versions/3.9/lib/python3.9/site-packages/airflow/example_dags/example_task_group.py took 0.780 seconds
[2023-01-12T07:31:57.303-0500] {processor.py:153} INFO - Started process (PID=15451) to work on /Library/Frameworks/Python.framework/Versions/3.9/lib/python3.9/site-packages/airflow/example_dags/example_task_group.py
[2023-01-12T07:31:57.309-0500] {processor.py:743} INFO - Processing file /Library/Frameworks/Python.framework/Versions/3.9/lib/python3.9/site-packages/airflow/example_dags/example_task_group.py for tasks to queue
[2023-01-12T07:31:57.310-0500] {logging_mixin.py:137} INFO - [2023-01-12T07:31:57.310-0500] {dagbag.py:538} INFO - Filling up the DagBag from /Library/Frameworks/Python.framework/Versions/3.9/lib/python3.9/site-packages/airflow/example_dags/example_task_group.py
[2023-01-12T07:31:57.348-0500] {processor.py:753} INFO - DAG(s) dict_keys(['example_task_group']) retrieved from /Library/Frameworks/Python.framework/Versions/3.9/lib/python3.9/site-packages/airflow/example_dags/example_task_group.py
[2023-01-12T07:31:57.982-0500] {logging_mixin.py:137} INFO - [2023-01-12T07:31:57.982-0500] {dag.py:2676} INFO - Sync 1 DAGs
[2023-01-12T07:31:57.998-0500] {logging_mixin.py:137} INFO - [2023-01-12T07:31:57.998-0500] {dag.py:3423} INFO - Setting next_dagrun for example_task_group to 2023-01-11T12:31:57.998093+00:00, run_after=2023-01-12T12:31:57.998093+00:00
[2023-01-12T07:31:58.020-0500] {processor.py:175} INFO - Processing /Library/Frameworks/Python.framework/Versions/3.9/lib/python3.9/site-packages/airflow/example_dags/example_task_group.py took 0.718 seconds
[2023-01-12T07:33:45.314-0500] {processor.py:153} INFO - Started process (PID=15505) to work on /Library/Frameworks/Python.framework/Versions/3.9/lib/python3.9/site-packages/airflow/example_dags/example_task_group.py
[2023-01-12T07:33:45.320-0500] {processor.py:743} INFO - Processing file /Library/Frameworks/Python.framework/Versions/3.9/lib/python3.9/site-packages/airflow/example_dags/example_task_group.py for tasks to queue
[2023-01-12T07:33:45.321-0500] {logging_mixin.py:137} INFO - [2023-01-12T07:33:45.321-0500] {dagbag.py:538} INFO - Filling up the DagBag from /Library/Frameworks/Python.framework/Versions/3.9/lib/python3.9/site-packages/airflow/example_dags/example_task_group.py
[2023-01-12T07:33:45.353-0500] {processor.py:753} INFO - DAG(s) dict_keys(['example_task_group']) retrieved from /Library/Frameworks/Python.framework/Versions/3.9/lib/python3.9/site-packages/airflow/example_dags/example_task_group.py
[2023-01-12T07:33:46.141-0500] {logging_mixin.py:137} INFO - [2023-01-12T07:33:46.141-0500] {dag.py:2676} INFO - Sync 1 DAGs
[2023-01-12T07:33:46.157-0500] {logging_mixin.py:137} INFO - [2023-01-12T07:33:46.157-0500] {dag.py:3423} INFO - Setting next_dagrun for example_task_group to 2023-01-11T12:33:46.157014+00:00, run_after=2023-01-12T12:33:46.157014+00:00
[2023-01-12T07:33:46.177-0500] {processor.py:175} INFO - Processing /Library/Frameworks/Python.framework/Versions/3.9/lib/python3.9/site-packages/airflow/example_dags/example_task_group.py took 0.864 seconds
[2023-01-12T07:35:34.981-0500] {processor.py:153} INFO - Started process (PID=15555) to work on /Library/Frameworks/Python.framework/Versions/3.9/lib/python3.9/site-packages/airflow/example_dags/example_task_group.py
[2023-01-12T07:35:34.988-0500] {processor.py:743} INFO - Processing file /Library/Frameworks/Python.framework/Versions/3.9/lib/python3.9/site-packages/airflow/example_dags/example_task_group.py for tasks to queue
[2023-01-12T07:35:34.989-0500] {logging_mixin.py:137} INFO - [2023-01-12T07:35:34.988-0500] {dagbag.py:538} INFO - Filling up the DagBag from /Library/Frameworks/Python.framework/Versions/3.9/lib/python3.9/site-packages/airflow/example_dags/example_task_group.py
[2023-01-12T07:35:35.166-0500] {processor.py:753} INFO - DAG(s) dict_keys(['example_task_group']) retrieved from /Library/Frameworks/Python.framework/Versions/3.9/lib/python3.9/site-packages/airflow/example_dags/example_task_group.py
[2023-01-12T07:35:36.568-0500] {logging_mixin.py:137} INFO - [2023-01-12T07:35:36.567-0500] {dag.py:2676} INFO - Sync 1 DAGs
[2023-01-12T07:35:36.589-0500] {logging_mixin.py:137} INFO - [2023-01-12T07:35:36.589-0500] {dag.py:3423} INFO - Setting next_dagrun for example_task_group to 2023-01-11T12:35:36.589353+00:00, run_after=2023-01-12T12:35:36.589353+00:00
[2023-01-12T07:35:36.703-0500] {processor.py:175} INFO - Processing /Library/Frameworks/Python.framework/Versions/3.9/lib/python3.9/site-packages/airflow/example_dags/example_task_group.py took 1.722 seconds
[2023-01-12T07:37:19.520-0500] {processor.py:153} INFO - Started process (PID=15585) to work on /Library/Frameworks/Python.framework/Versions/3.9/lib/python3.9/site-packages/airflow/example_dags/example_task_group.py
[2023-01-12T07:37:19.525-0500] {processor.py:743} INFO - Processing file /Library/Frameworks/Python.framework/Versions/3.9/lib/python3.9/site-packages/airflow/example_dags/example_task_group.py for tasks to queue
[2023-01-12T07:37:19.525-0500] {logging_mixin.py:137} INFO - [2023-01-12T07:37:19.525-0500] {dagbag.py:538} INFO - Filling up the DagBag from /Library/Frameworks/Python.framework/Versions/3.9/lib/python3.9/site-packages/airflow/example_dags/example_task_group.py
[2023-01-12T07:37:19.553-0500] {processor.py:753} INFO - DAG(s) dict_keys(['example_task_group']) retrieved from /Library/Frameworks/Python.framework/Versions/3.9/lib/python3.9/site-packages/airflow/example_dags/example_task_group.py
[2023-01-12T07:37:20.172-0500] {logging_mixin.py:137} INFO - [2023-01-12T07:37:20.171-0500] {dag.py:2676} INFO - Sync 1 DAGs
[2023-01-12T07:37:20.188-0500] {logging_mixin.py:137} INFO - [2023-01-12T07:37:20.188-0500] {dag.py:3423} INFO - Setting next_dagrun for example_task_group to 2023-01-11T12:37:20.188161+00:00, run_after=2023-01-12T12:37:20.188161+00:00
[2023-01-12T07:37:20.208-0500] {processor.py:175} INFO - Processing /Library/Frameworks/Python.framework/Versions/3.9/lib/python3.9/site-packages/airflow/example_dags/example_task_group.py took 0.689 seconds
[2023-01-12T07:39:09.730-0500] {processor.py:153} INFO - Started process (PID=15650) to work on /Library/Frameworks/Python.framework/Versions/3.9/lib/python3.9/site-packages/airflow/example_dags/example_task_group.py
[2023-01-12T07:39:09.737-0500] {processor.py:743} INFO - Processing file /Library/Frameworks/Python.framework/Versions/3.9/lib/python3.9/site-packages/airflow/example_dags/example_task_group.py for tasks to queue
[2023-01-12T07:39:09.738-0500] {logging_mixin.py:137} INFO - [2023-01-12T07:39:09.737-0500] {dagbag.py:538} INFO - Filling up the DagBag from /Library/Frameworks/Python.framework/Versions/3.9/lib/python3.9/site-packages/airflow/example_dags/example_task_group.py
[2023-01-12T07:39:09.832-0500] {processor.py:753} INFO - DAG(s) dict_keys(['example_task_group']) retrieved from /Library/Frameworks/Python.framework/Versions/3.9/lib/python3.9/site-packages/airflow/example_dags/example_task_group.py
[2023-01-12T07:39:11.026-0500] {logging_mixin.py:137} INFO - [2023-01-12T07:39:11.026-0500] {dag.py:2676} INFO - Sync 1 DAGs
[2023-01-12T07:39:11.055-0500] {logging_mixin.py:137} INFO - [2023-01-12T07:39:11.054-0500] {dag.py:3423} INFO - Setting next_dagrun for example_task_group to 2023-01-11T12:39:11.054695+00:00, run_after=2023-01-12T12:39:11.054695+00:00
[2023-01-12T07:39:11.082-0500] {processor.py:175} INFO - Processing /Library/Frameworks/Python.framework/Versions/3.9/lib/python3.9/site-packages/airflow/example_dags/example_task_group.py took 1.352 seconds
[2023-01-12T07:41:10.599-0500] {processor.py:153} INFO - Started process (PID=15754) to work on /Library/Frameworks/Python.framework/Versions/3.9/lib/python3.9/site-packages/airflow/example_dags/example_task_group.py
[2023-01-12T07:41:10.605-0500] {processor.py:743} INFO - Processing file /Library/Frameworks/Python.framework/Versions/3.9/lib/python3.9/site-packages/airflow/example_dags/example_task_group.py for tasks to queue
[2023-01-12T07:41:10.606-0500] {logging_mixin.py:137} INFO - [2023-01-12T07:41:10.606-0500] {dagbag.py:538} INFO - Filling up the DagBag from /Library/Frameworks/Python.framework/Versions/3.9/lib/python3.9/site-packages/airflow/example_dags/example_task_group.py
[2023-01-12T07:41:10.646-0500] {processor.py:753} INFO - DAG(s) dict_keys(['example_task_group']) retrieved from /Library/Frameworks/Python.framework/Versions/3.9/lib/python3.9/site-packages/airflow/example_dags/example_task_group.py
[2023-01-12T07:41:11.504-0500] {logging_mixin.py:137} INFO - [2023-01-12T07:41:11.503-0500] {dag.py:2676} INFO - Sync 1 DAGs
[2023-01-12T07:41:11.527-0500] {logging_mixin.py:137} INFO - [2023-01-12T07:41:11.527-0500] {dag.py:3423} INFO - Setting next_dagrun for example_task_group to 2023-01-11T12:41:11.527389+00:00, run_after=2023-01-12T12:41:11.527389+00:00
[2023-01-12T07:41:11.551-0500] {processor.py:175} INFO - Processing /Library/Frameworks/Python.framework/Versions/3.9/lib/python3.9/site-packages/airflow/example_dags/example_task_group.py took 0.953 seconds
[2023-01-12T07:43:15.309-0500] {processor.py:153} INFO - Started process (PID=15801) to work on /Library/Frameworks/Python.framework/Versions/3.9/lib/python3.9/site-packages/airflow/example_dags/example_task_group.py
[2023-01-12T07:43:15.316-0500] {processor.py:743} INFO - Processing file /Library/Frameworks/Python.framework/Versions/3.9/lib/python3.9/site-packages/airflow/example_dags/example_task_group.py for tasks to queue
[2023-01-12T07:43:15.316-0500] {logging_mixin.py:137} INFO - [2023-01-12T07:43:15.316-0500] {dagbag.py:538} INFO - Filling up the DagBag from /Library/Frameworks/Python.framework/Versions/3.9/lib/python3.9/site-packages/airflow/example_dags/example_task_group.py
[2023-01-12T07:43:15.351-0500] {processor.py:753} INFO - DAG(s) dict_keys(['example_task_group']) retrieved from /Library/Frameworks/Python.framework/Versions/3.9/lib/python3.9/site-packages/airflow/example_dags/example_task_group.py
[2023-01-12T07:43:16.101-0500] {logging_mixin.py:137} INFO - [2023-01-12T07:43:16.101-0500] {dag.py:2676} INFO - Sync 1 DAGs
[2023-01-12T07:43:16.121-0500] {logging_mixin.py:137} INFO - [2023-01-12T07:43:16.121-0500] {dag.py:3423} INFO - Setting next_dagrun for example_task_group to 2023-01-11T12:43:16.121149+00:00, run_after=2023-01-12T12:43:16.121149+00:00
[2023-01-12T07:43:16.145-0500] {processor.py:175} INFO - Processing /Library/Frameworks/Python.framework/Versions/3.9/lib/python3.9/site-packages/airflow/example_dags/example_task_group.py took 0.837 seconds
[2023-01-12T07:45:17.628-0500] {processor.py:153} INFO - Started process (PID=15862) to work on /Library/Frameworks/Python.framework/Versions/3.9/lib/python3.9/site-packages/airflow/example_dags/example_task_group.py
[2023-01-12T07:45:17.634-0500] {processor.py:743} INFO - Processing file /Library/Frameworks/Python.framework/Versions/3.9/lib/python3.9/site-packages/airflow/example_dags/example_task_group.py for tasks to queue
[2023-01-12T07:45:17.635-0500] {logging_mixin.py:137} INFO - [2023-01-12T07:45:17.635-0500] {dagbag.py:538} INFO - Filling up the DagBag from /Library/Frameworks/Python.framework/Versions/3.9/lib/python3.9/site-packages/airflow/example_dags/example_task_group.py
[2023-01-12T07:45:17.672-0500] {processor.py:753} INFO - DAG(s) dict_keys(['example_task_group']) retrieved from /Library/Frameworks/Python.framework/Versions/3.9/lib/python3.9/site-packages/airflow/example_dags/example_task_group.py
[2023-01-12T07:45:18.464-0500] {logging_mixin.py:137} INFO - [2023-01-12T07:45:18.464-0500] {dag.py:2676} INFO - Sync 1 DAGs
[2023-01-12T07:45:18.488-0500] {logging_mixin.py:137} INFO - [2023-01-12T07:45:18.488-0500] {dag.py:3423} INFO - Setting next_dagrun for example_task_group to 2023-01-11T12:45:18.487884+00:00, run_after=2023-01-12T12:45:18.487884+00:00
[2023-01-12T07:45:18.593-0500] {processor.py:175} INFO - Processing /Library/Frameworks/Python.framework/Versions/3.9/lib/python3.9/site-packages/airflow/example_dags/example_task_group.py took 0.965 seconds
[2023-01-12T07:47:10.936-0500] {processor.py:153} INFO - Started process (PID=15927) to work on /Library/Frameworks/Python.framework/Versions/3.9/lib/python3.9/site-packages/airflow/example_dags/example_task_group.py
[2023-01-12T07:47:10.943-0500] {processor.py:743} INFO - Processing file /Library/Frameworks/Python.framework/Versions/3.9/lib/python3.9/site-packages/airflow/example_dags/example_task_group.py for tasks to queue
[2023-01-12T07:47:10.943-0500] {logging_mixin.py:137} INFO - [2023-01-12T07:47:10.943-0500] {dagbag.py:538} INFO - Filling up the DagBag from /Library/Frameworks/Python.framework/Versions/3.9/lib/python3.9/site-packages/airflow/example_dags/example_task_group.py
[2023-01-12T07:47:10.975-0500] {processor.py:753} INFO - DAG(s) dict_keys(['example_task_group']) retrieved from /Library/Frameworks/Python.framework/Versions/3.9/lib/python3.9/site-packages/airflow/example_dags/example_task_group.py
[2023-01-12T07:47:11.619-0500] {logging_mixin.py:137} INFO - [2023-01-12T07:47:11.619-0500] {dag.py:2676} INFO - Sync 1 DAGs
[2023-01-12T07:47:11.636-0500] {logging_mixin.py:137} INFO - [2023-01-12T07:47:11.636-0500] {dag.py:3423} INFO - Setting next_dagrun for example_task_group to 2023-01-11T12:47:11.635953+00:00, run_after=2023-01-12T12:47:11.635953+00:00
[2023-01-12T07:47:11.657-0500] {processor.py:175} INFO - Processing /Library/Frameworks/Python.framework/Versions/3.9/lib/python3.9/site-packages/airflow/example_dags/example_task_group.py took 0.721 seconds
[2023-01-12T07:48:57.064-0500] {processor.py:153} INFO - Started process (PID=15965) to work on /Library/Frameworks/Python.framework/Versions/3.9/lib/python3.9/site-packages/airflow/example_dags/example_task_group.py
[2023-01-12T07:48:57.071-0500] {processor.py:743} INFO - Processing file /Library/Frameworks/Python.framework/Versions/3.9/lib/python3.9/site-packages/airflow/example_dags/example_task_group.py for tasks to queue
[2023-01-12T07:48:57.072-0500] {logging_mixin.py:137} INFO - [2023-01-12T07:48:57.072-0500] {dagbag.py:538} INFO - Filling up the DagBag from /Library/Frameworks/Python.framework/Versions/3.9/lib/python3.9/site-packages/airflow/example_dags/example_task_group.py
[2023-01-12T07:48:57.114-0500] {processor.py:753} INFO - DAG(s) dict_keys(['example_task_group']) retrieved from /Library/Frameworks/Python.framework/Versions/3.9/lib/python3.9/site-packages/airflow/example_dags/example_task_group.py
[2023-01-12T07:48:57.900-0500] {logging_mixin.py:137} INFO - [2023-01-12T07:48:57.900-0500] {dag.py:2676} INFO - Sync 1 DAGs
[2023-01-12T07:48:57.920-0500] {logging_mixin.py:137} INFO - [2023-01-12T07:48:57.920-0500] {dag.py:3423} INFO - Setting next_dagrun for example_task_group to 2023-01-11T12:48:57.919967+00:00, run_after=2023-01-12T12:48:57.919967+00:00
[2023-01-12T07:48:57.943-0500] {processor.py:175} INFO - Processing /Library/Frameworks/Python.framework/Versions/3.9/lib/python3.9/site-packages/airflow/example_dags/example_task_group.py took 0.880 seconds
[2023-01-12T07:51:05.807-0500] {processor.py:153} INFO - Started process (PID=16090) to work on /Library/Frameworks/Python.framework/Versions/3.9/lib/python3.9/site-packages/airflow/example_dags/example_task_group.py
[2023-01-12T07:51:05.813-0500] {processor.py:743} INFO - Processing file /Library/Frameworks/Python.framework/Versions/3.9/lib/python3.9/site-packages/airflow/example_dags/example_task_group.py for tasks to queue
[2023-01-12T07:51:05.814-0500] {logging_mixin.py:137} INFO - [2023-01-12T07:51:05.814-0500] {dagbag.py:538} INFO - Filling up the DagBag from /Library/Frameworks/Python.framework/Versions/3.9/lib/python3.9/site-packages/airflow/example_dags/example_task_group.py
[2023-01-12T07:51:05.846-0500] {processor.py:753} INFO - DAG(s) dict_keys(['example_task_group']) retrieved from /Library/Frameworks/Python.framework/Versions/3.9/lib/python3.9/site-packages/airflow/example_dags/example_task_group.py
[2023-01-12T07:51:06.476-0500] {logging_mixin.py:137} INFO - [2023-01-12T07:51:06.475-0500] {dag.py:2676} INFO - Sync 1 DAGs
[2023-01-12T07:51:06.491-0500] {logging_mixin.py:137} INFO - [2023-01-12T07:51:06.491-0500] {dag.py:3423} INFO - Setting next_dagrun for example_task_group to 2023-01-11T12:51:06.491389+00:00, run_after=2023-01-12T12:51:06.491389+00:00
[2023-01-12T07:51:06.512-0500] {processor.py:175} INFO - Processing /Library/Frameworks/Python.framework/Versions/3.9/lib/python3.9/site-packages/airflow/example_dags/example_task_group.py took 0.705 seconds
[2023-01-12T07:53:08.181-0500] {processor.py:153} INFO - Started process (PID=16132) to work on /Library/Frameworks/Python.framework/Versions/3.9/lib/python3.9/site-packages/airflow/example_dags/example_task_group.py
[2023-01-12T07:53:08.187-0500] {processor.py:743} INFO - Processing file /Library/Frameworks/Python.framework/Versions/3.9/lib/python3.9/site-packages/airflow/example_dags/example_task_group.py for tasks to queue
[2023-01-12T07:53:08.188-0500] {logging_mixin.py:137} INFO - [2023-01-12T07:53:08.188-0500] {dagbag.py:538} INFO - Filling up the DagBag from /Library/Frameworks/Python.framework/Versions/3.9/lib/python3.9/site-packages/airflow/example_dags/example_task_group.py
[2023-01-12T07:53:08.218-0500] {processor.py:753} INFO - DAG(s) dict_keys(['example_task_group']) retrieved from /Library/Frameworks/Python.framework/Versions/3.9/lib/python3.9/site-packages/airflow/example_dags/example_task_group.py
[2023-01-12T07:53:08.852-0500] {logging_mixin.py:137} INFO - [2023-01-12T07:53:08.852-0500] {dag.py:2676} INFO - Sync 1 DAGs
[2023-01-12T07:53:08.868-0500] {logging_mixin.py:137} INFO - [2023-01-12T07:53:08.868-0500] {dag.py:3423} INFO - Setting next_dagrun for example_task_group to 2023-01-11T12:53:08.868367+00:00, run_after=2023-01-12T12:53:08.868367+00:00
[2023-01-12T07:53:08.888-0500] {processor.py:175} INFO - Processing /Library/Frameworks/Python.framework/Versions/3.9/lib/python3.9/site-packages/airflow/example_dags/example_task_group.py took 0.708 seconds
[2023-01-12T07:54:58.079-0500] {processor.py:153} INFO - Started process (PID=16166) to work on /Library/Frameworks/Python.framework/Versions/3.9/lib/python3.9/site-packages/airflow/example_dags/example_task_group.py
[2023-01-12T07:54:58.087-0500] {processor.py:743} INFO - Processing file /Library/Frameworks/Python.framework/Versions/3.9/lib/python3.9/site-packages/airflow/example_dags/example_task_group.py for tasks to queue
[2023-01-12T07:54:58.087-0500] {logging_mixin.py:137} INFO - [2023-01-12T07:54:58.087-0500] {dagbag.py:538} INFO - Filling up the DagBag from /Library/Frameworks/Python.framework/Versions/3.9/lib/python3.9/site-packages/airflow/example_dags/example_task_group.py
[2023-01-12T07:54:58.132-0500] {processor.py:753} INFO - DAG(s) dict_keys(['example_task_group']) retrieved from /Library/Frameworks/Python.framework/Versions/3.9/lib/python3.9/site-packages/airflow/example_dags/example_task_group.py
[2023-01-12T07:54:58.898-0500] {logging_mixin.py:137} INFO - [2023-01-12T07:54:58.898-0500] {dag.py:2676} INFO - Sync 1 DAGs
[2023-01-12T07:54:58.921-0500] {logging_mixin.py:137} INFO - [2023-01-12T07:54:58.921-0500] {dag.py:3423} INFO - Setting next_dagrun for example_task_group to 2023-01-11T12:54:58.920917+00:00, run_after=2023-01-12T12:54:58.920917+00:00
[2023-01-12T07:54:58.951-0500] {processor.py:175} INFO - Processing /Library/Frameworks/Python.framework/Versions/3.9/lib/python3.9/site-packages/airflow/example_dags/example_task_group.py took 0.872 seconds
[2023-01-12T07:57:04.106-0500] {processor.py:153} INFO - Started process (PID=16210) to work on /Library/Frameworks/Python.framework/Versions/3.9/lib/python3.9/site-packages/airflow/example_dags/example_task_group.py
[2023-01-12T07:57:04.112-0500] {processor.py:743} INFO - Processing file /Library/Frameworks/Python.framework/Versions/3.9/lib/python3.9/site-packages/airflow/example_dags/example_task_group.py for tasks to queue
[2023-01-12T07:57:04.113-0500] {logging_mixin.py:137} INFO - [2023-01-12T07:57:04.113-0500] {dagbag.py:538} INFO - Filling up the DagBag from /Library/Frameworks/Python.framework/Versions/3.9/lib/python3.9/site-packages/airflow/example_dags/example_task_group.py
[2023-01-12T07:57:04.155-0500] {processor.py:753} INFO - DAG(s) dict_keys(['example_task_group']) retrieved from /Library/Frameworks/Python.framework/Versions/3.9/lib/python3.9/site-packages/airflow/example_dags/example_task_group.py
[2023-01-12T07:57:04.938-0500] {logging_mixin.py:137} INFO - [2023-01-12T07:57:04.938-0500] {dag.py:2676} INFO - Sync 1 DAGs
[2023-01-12T07:57:04.957-0500] {logging_mixin.py:137} INFO - [2023-01-12T07:57:04.957-0500] {dag.py:3423} INFO - Setting next_dagrun for example_task_group to 2023-01-11T12:57:04.956867+00:00, run_after=2023-01-12T12:57:04.956867+00:00
[2023-01-12T07:57:04.982-0500] {processor.py:175} INFO - Processing /Library/Frameworks/Python.framework/Versions/3.9/lib/python3.9/site-packages/airflow/example_dags/example_task_group.py took 0.877 seconds
[2023-01-12T07:59:01.232-0500] {processor.py:153} INFO - Started process (PID=16367) to work on /Library/Frameworks/Python.framework/Versions/3.9/lib/python3.9/site-packages/airflow/example_dags/example_task_group.py
[2023-01-12T07:59:01.238-0500] {processor.py:743} INFO - Processing file /Library/Frameworks/Python.framework/Versions/3.9/lib/python3.9/site-packages/airflow/example_dags/example_task_group.py for tasks to queue
[2023-01-12T07:59:01.239-0500] {logging_mixin.py:137} INFO - [2023-01-12T07:59:01.239-0500] {dagbag.py:538} INFO - Filling up the DagBag from /Library/Frameworks/Python.framework/Versions/3.9/lib/python3.9/site-packages/airflow/example_dags/example_task_group.py
[2023-01-12T07:59:01.272-0500] {processor.py:753} INFO - DAG(s) dict_keys(['example_task_group']) retrieved from /Library/Frameworks/Python.framework/Versions/3.9/lib/python3.9/site-packages/airflow/example_dags/example_task_group.py
[2023-01-12T07:59:02.011-0500] {logging_mixin.py:137} INFO - [2023-01-12T07:59:02.011-0500] {dag.py:2676} INFO - Sync 1 DAGs
[2023-01-12T07:59:02.028-0500] {logging_mixin.py:137} INFO - [2023-01-12T07:59:02.028-0500] {dag.py:3423} INFO - Setting next_dagrun for example_task_group to 2023-01-11T12:59:02.028098+00:00, run_after=2023-01-12T12:59:02.028098+00:00
[2023-01-12T07:59:02.049-0500] {processor.py:175} INFO - Processing /Library/Frameworks/Python.framework/Versions/3.9/lib/python3.9/site-packages/airflow/example_dags/example_task_group.py took 0.818 seconds
[2023-01-12T08:00:50.924-0500] {processor.py:153} INFO - Started process (PID=16462) to work on /Library/Frameworks/Python.framework/Versions/3.9/lib/python3.9/site-packages/airflow/example_dags/example_task_group.py
[2023-01-12T08:00:50.930-0500] {processor.py:743} INFO - Processing file /Library/Frameworks/Python.framework/Versions/3.9/lib/python3.9/site-packages/airflow/example_dags/example_task_group.py for tasks to queue
[2023-01-12T08:00:50.931-0500] {logging_mixin.py:137} INFO - [2023-01-12T08:00:50.930-0500] {dagbag.py:538} INFO - Filling up the DagBag from /Library/Frameworks/Python.framework/Versions/3.9/lib/python3.9/site-packages/airflow/example_dags/example_task_group.py
[2023-01-12T08:00:50.967-0500] {processor.py:753} INFO - DAG(s) dict_keys(['example_task_group']) retrieved from /Library/Frameworks/Python.framework/Versions/3.9/lib/python3.9/site-packages/airflow/example_dags/example_task_group.py
[2023-01-12T08:00:51.633-0500] {logging_mixin.py:137} INFO - [2023-01-12T08:00:51.633-0500] {dag.py:2676} INFO - Sync 1 DAGs
[2023-01-12T08:00:51.651-0500] {logging_mixin.py:137} INFO - [2023-01-12T08:00:51.651-0500] {dag.py:3423} INFO - Setting next_dagrun for example_task_group to 2023-01-11T13:00:51.651084+00:00, run_after=2023-01-12T13:00:51.651084+00:00
[2023-01-12T08:00:51.672-0500] {processor.py:175} INFO - Processing /Library/Frameworks/Python.framework/Versions/3.9/lib/python3.9/site-packages/airflow/example_dags/example_task_group.py took 0.749 seconds
[2023-01-12T08:04:44.182-0500] {processor.py:153} INFO - Started process (PID=16592) to work on /Library/Frameworks/Python.framework/Versions/3.9/lib/python3.9/site-packages/airflow/example_dags/example_task_group.py
[2023-01-12T08:04:44.193-0500] {processor.py:743} INFO - Processing file /Library/Frameworks/Python.framework/Versions/3.9/lib/python3.9/site-packages/airflow/example_dags/example_task_group.py for tasks to queue
[2023-01-12T08:04:44.194-0500] {logging_mixin.py:137} INFO - [2023-01-12T08:04:44.193-0500] {dagbag.py:538} INFO - Filling up the DagBag from /Library/Frameworks/Python.framework/Versions/3.9/lib/python3.9/site-packages/airflow/example_dags/example_task_group.py
[2023-01-12T08:04:44.254-0500] {processor.py:753} INFO - DAG(s) dict_keys(['example_task_group']) retrieved from /Library/Frameworks/Python.framework/Versions/3.9/lib/python3.9/site-packages/airflow/example_dags/example_task_group.py
[2023-01-12T08:04:45.791-0500] {logging_mixin.py:137} INFO - [2023-01-12T08:04:45.791-0500] {dag.py:2676} INFO - Sync 1 DAGs
[2023-01-12T08:04:45.836-0500] {logging_mixin.py:137} INFO - [2023-01-12T08:04:45.836-0500] {dag.py:3423} INFO - Setting next_dagrun for example_task_group to 2023-01-11T13:04:45.835827+00:00, run_after=2023-01-12T13:04:45.835827+00:00
[2023-01-12T08:04:45.934-0500] {processor.py:175} INFO - Processing /Library/Frameworks/Python.framework/Versions/3.9/lib/python3.9/site-packages/airflow/example_dags/example_task_group.py took 1.753 seconds
[2023-01-12T08:09:05.545-0500] {processor.py:153} INFO - Started process (PID=16688) to work on /Library/Frameworks/Python.framework/Versions/3.9/lib/python3.9/site-packages/airflow/example_dags/example_task_group.py
[2023-01-12T08:09:05.555-0500] {processor.py:743} INFO - Processing file /Library/Frameworks/Python.framework/Versions/3.9/lib/python3.9/site-packages/airflow/example_dags/example_task_group.py for tasks to queue
[2023-01-12T08:09:05.556-0500] {logging_mixin.py:137} INFO - [2023-01-12T08:09:05.556-0500] {dagbag.py:538} INFO - Filling up the DagBag from /Library/Frameworks/Python.framework/Versions/3.9/lib/python3.9/site-packages/airflow/example_dags/example_task_group.py
[2023-01-12T08:09:05.619-0500] {processor.py:753} INFO - DAG(s) dict_keys(['example_task_group']) retrieved from /Library/Frameworks/Python.framework/Versions/3.9/lib/python3.9/site-packages/airflow/example_dags/example_task_group.py
[2023-01-12T08:09:07.045-0500] {logging_mixin.py:137} INFO - [2023-01-12T08:09:07.044-0500] {dag.py:2676} INFO - Sync 1 DAGs
[2023-01-12T08:09:07.084-0500] {logging_mixin.py:137} INFO - [2023-01-12T08:09:07.084-0500] {dag.py:3423} INFO - Setting next_dagrun for example_task_group to 2023-01-11T13:09:07.084254+00:00, run_after=2023-01-12T13:09:07.084254+00:00
[2023-01-12T08:09:07.166-0500] {processor.py:175} INFO - Processing /Library/Frameworks/Python.framework/Versions/3.9/lib/python3.9/site-packages/airflow/example_dags/example_task_group.py took 1.622 seconds
[2023-01-12T08:17:14.031-0500] {processor.py:153} INFO - Started process (PID=17118) to work on /Library/Frameworks/Python.framework/Versions/3.9/lib/python3.9/site-packages/airflow/example_dags/example_task_group.py
[2023-01-12T08:17:14.042-0500] {processor.py:743} INFO - Processing file /Library/Frameworks/Python.framework/Versions/3.9/lib/python3.9/site-packages/airflow/example_dags/example_task_group.py for tasks to queue
[2023-01-12T08:17:14.043-0500] {logging_mixin.py:137} INFO - [2023-01-12T08:17:14.043-0500] {dagbag.py:538} INFO - Filling up the DagBag from /Library/Frameworks/Python.framework/Versions/3.9/lib/python3.9/site-packages/airflow/example_dags/example_task_group.py
[2023-01-12T08:17:14.204-0500] {processor.py:753} INFO - DAG(s) dict_keys(['example_task_group']) retrieved from /Library/Frameworks/Python.framework/Versions/3.9/lib/python3.9/site-packages/airflow/example_dags/example_task_group.py
[2023-01-12T08:17:17.603-0500] {logging_mixin.py:137} INFO - [2023-01-12T08:17:17.602-0500] {dag.py:2676} INFO - Sync 1 DAGs
[2023-01-12T08:17:17.639-0500] {logging_mixin.py:137} INFO - [2023-01-12T08:17:17.638-0500] {dag.py:3423} INFO - Setting next_dagrun for example_task_group to 2023-01-11T13:17:17.638730+00:00, run_after=2023-01-12T13:17:17.638730+00:00
[2023-01-12T08:17:17.680-0500] {processor.py:175} INFO - Processing /Library/Frameworks/Python.framework/Versions/3.9/lib/python3.9/site-packages/airflow/example_dags/example_task_group.py took 3.651 seconds
[2023-01-12T08:25:12.947-0500] {processor.py:153} INFO - Started process (PID=17416) to work on /Library/Frameworks/Python.framework/Versions/3.9/lib/python3.9/site-packages/airflow/example_dags/example_task_group.py
[2023-01-12T08:25:12.956-0500] {processor.py:743} INFO - Processing file /Library/Frameworks/Python.framework/Versions/3.9/lib/python3.9/site-packages/airflow/example_dags/example_task_group.py for tasks to queue
[2023-01-12T08:25:12.957-0500] {logging_mixin.py:137} INFO - [2023-01-12T08:25:12.957-0500] {dagbag.py:538} INFO - Filling up the DagBag from /Library/Frameworks/Python.framework/Versions/3.9/lib/python3.9/site-packages/airflow/example_dags/example_task_group.py
[2023-01-12T08:25:13.027-0500] {processor.py:753} INFO - DAG(s) dict_keys(['example_task_group']) retrieved from /Library/Frameworks/Python.framework/Versions/3.9/lib/python3.9/site-packages/airflow/example_dags/example_task_group.py
[2023-01-12T08:25:14.066-0500] {logging_mixin.py:137} INFO - [2023-01-12T08:25:14.066-0500] {dag.py:2676} INFO - Sync 1 DAGs
[2023-01-12T08:25:14.095-0500] {logging_mixin.py:137} INFO - [2023-01-12T08:25:14.095-0500] {dag.py:3423} INFO - Setting next_dagrun for example_task_group to 2023-01-11T13:25:14.095137+00:00, run_after=2023-01-12T13:25:14.095137+00:00
[2023-01-12T08:25:14.131-0500] {processor.py:175} INFO - Processing /Library/Frameworks/Python.framework/Versions/3.9/lib/python3.9/site-packages/airflow/example_dags/example_task_group.py took 1.185 seconds
