[2023-01-11T21:06:50.377-0500] {processor.py:153} INFO - Started process (PID=13873) to work on /Library/Frameworks/Python.framework/Versions/3.9/lib/python3.9/site-packages/airflow/example_dags/example_sensors.py
[2023-01-11T21:06:50.382-0500] {processor.py:743} INFO - Processing file /Library/Frameworks/Python.framework/Versions/3.9/lib/python3.9/site-packages/airflow/example_dags/example_sensors.py for tasks to queue
[2023-01-11T21:06:50.383-0500] {logging_mixin.py:137} INFO - [2023-01-11T21:06:50.382-0500] {dagbag.py:538} INFO - Filling up the DagBag from /Library/Frameworks/Python.framework/Versions/3.9/lib/python3.9/site-packages/airflow/example_dags/example_sensors.py
[2023-01-11T21:06:50.424-0500] {processor.py:753} INFO - DAG(s) dict_keys(['example_sensors']) retrieved from /Library/Frameworks/Python.framework/Versions/3.9/lib/python3.9/site-packages/airflow/example_dags/example_sensors.py
[2023-01-11T21:06:51.338-0500] {logging_mixin.py:137} INFO - [2023-01-11T21:06:51.337-0500] {dag.py:2676} INFO - Sync 1 DAGs
[2023-01-11T21:06:51.354-0500] {logging_mixin.py:137} INFO - [2023-01-11T21:06:51.353-0500] {dag.py:3423} INFO - Setting next_dagrun for example_sensors to None, run_after=None
[2023-01-11T21:06:51.371-0500] {processor.py:175} INFO - Processing /Library/Frameworks/Python.framework/Versions/3.9/lib/python3.9/site-packages/airflow/example_dags/example_sensors.py took 0.994 seconds
[2023-01-12T06:02:08.386-0500] {processor.py:153} INFO - Started process (PID=14861) to work on /Library/Frameworks/Python.framework/Versions/3.9/lib/python3.9/site-packages/airflow/example_dags/example_sensors.py
[2023-01-12T06:02:08.392-0500] {processor.py:743} INFO - Processing file /Library/Frameworks/Python.framework/Versions/3.9/lib/python3.9/site-packages/airflow/example_dags/example_sensors.py for tasks to queue
[2023-01-12T06:02:08.393-0500] {logging_mixin.py:137} INFO - [2023-01-12T06:02:08.393-0500] {dagbag.py:538} INFO - Filling up the DagBag from /Library/Frameworks/Python.framework/Versions/3.9/lib/python3.9/site-packages/airflow/example_dags/example_sensors.py
[2023-01-12T06:02:08.443-0500] {processor.py:753} INFO - DAG(s) dict_keys(['example_sensors']) retrieved from /Library/Frameworks/Python.framework/Versions/3.9/lib/python3.9/site-packages/airflow/example_dags/example_sensors.py
[2023-01-12T06:02:09.173-0500] {logging_mixin.py:137} INFO - [2023-01-12T06:02:09.173-0500] {dag.py:2676} INFO - Sync 1 DAGs
[2023-01-12T06:02:09.190-0500] {logging_mixin.py:137} INFO - [2023-01-12T06:02:09.189-0500] {dag.py:3423} INFO - Setting next_dagrun for example_sensors to None, run_after=None
[2023-01-12T06:02:09.210-0500] {processor.py:175} INFO - Processing /Library/Frameworks/Python.framework/Versions/3.9/lib/python3.9/site-packages/airflow/example_dags/example_sensors.py took 0.825 seconds
[2023-01-12T07:25:02.759-0500] {processor.py:153} INFO - Started process (PID=15044) to work on /Library/Frameworks/Python.framework/Versions/3.9/lib/python3.9/site-packages/airflow/example_dags/example_sensors.py
[2023-01-12T07:25:02.764-0500] {processor.py:743} INFO - Processing file /Library/Frameworks/Python.framework/Versions/3.9/lib/python3.9/site-packages/airflow/example_dags/example_sensors.py for tasks to queue
[2023-01-12T07:25:02.765-0500] {logging_mixin.py:137} INFO - [2023-01-12T07:25:02.765-0500] {dagbag.py:538} INFO - Filling up the DagBag from /Library/Frameworks/Python.framework/Versions/3.9/lib/python3.9/site-packages/airflow/example_dags/example_sensors.py
[2023-01-12T07:25:02.824-0500] {processor.py:753} INFO - DAG(s) dict_keys(['example_sensors']) retrieved from /Library/Frameworks/Python.framework/Versions/3.9/lib/python3.9/site-packages/airflow/example_dags/example_sensors.py
[2023-01-12T07:25:03.615-0500] {logging_mixin.py:137} INFO - [2023-01-12T07:25:03.614-0500] {dag.py:2676} INFO - Sync 1 DAGs
[2023-01-12T07:25:03.631-0500] {logging_mixin.py:137} INFO - [2023-01-12T07:25:03.631-0500] {dag.py:3423} INFO - Setting next_dagrun for example_sensors to None, run_after=None
[2023-01-12T07:25:03.651-0500] {processor.py:175} INFO - Processing /Library/Frameworks/Python.framework/Versions/3.9/lib/python3.9/site-packages/airflow/example_dags/example_sensors.py took 0.892 seconds
[2023-01-12T07:26:58.499-0500] {processor.py:153} INFO - Started process (PID=15127) to work on /Library/Frameworks/Python.framework/Versions/3.9/lib/python3.9/site-packages/airflow/example_dags/example_sensors.py
[2023-01-12T07:26:58.505-0500] {processor.py:743} INFO - Processing file /Library/Frameworks/Python.framework/Versions/3.9/lib/python3.9/site-packages/airflow/example_dags/example_sensors.py for tasks to queue
[2023-01-12T07:26:58.505-0500] {logging_mixin.py:137} INFO - [2023-01-12T07:26:58.505-0500] {dagbag.py:538} INFO - Filling up the DagBag from /Library/Frameworks/Python.framework/Versions/3.9/lib/python3.9/site-packages/airflow/example_dags/example_sensors.py
[2023-01-12T07:26:58.552-0500] {processor.py:753} INFO - DAG(s) dict_keys(['example_sensors']) retrieved from /Library/Frameworks/Python.framework/Versions/3.9/lib/python3.9/site-packages/airflow/example_dags/example_sensors.py
[2023-01-12T07:26:59.382-0500] {logging_mixin.py:137} INFO - [2023-01-12T07:26:59.382-0500] {dag.py:2676} INFO - Sync 1 DAGs
[2023-01-12T07:26:59.399-0500] {logging_mixin.py:137} INFO - [2023-01-12T07:26:59.398-0500] {dag.py:3423} INFO - Setting next_dagrun for example_sensors to None, run_after=None
[2023-01-12T07:26:59.417-0500] {processor.py:175} INFO - Processing /Library/Frameworks/Python.framework/Versions/3.9/lib/python3.9/site-packages/airflow/example_dags/example_sensors.py took 0.919 seconds
[2023-01-12T07:28:42.547-0500] {processor.py:153} INFO - Started process (PID=15188) to work on /Library/Frameworks/Python.framework/Versions/3.9/lib/python3.9/site-packages/airflow/example_dags/example_sensors.py
[2023-01-12T07:28:42.553-0500] {processor.py:743} INFO - Processing file /Library/Frameworks/Python.framework/Versions/3.9/lib/python3.9/site-packages/airflow/example_dags/example_sensors.py for tasks to queue
[2023-01-12T07:28:42.553-0500] {logging_mixin.py:137} INFO - [2023-01-12T07:28:42.553-0500] {dagbag.py:538} INFO - Filling up the DagBag from /Library/Frameworks/Python.framework/Versions/3.9/lib/python3.9/site-packages/airflow/example_dags/example_sensors.py
[2023-01-12T07:28:42.597-0500] {processor.py:753} INFO - DAG(s) dict_keys(['example_sensors']) retrieved from /Library/Frameworks/Python.framework/Versions/3.9/lib/python3.9/site-packages/airflow/example_dags/example_sensors.py
[2023-01-12T07:28:43.511-0500] {logging_mixin.py:137} INFO - [2023-01-12T07:28:43.511-0500] {dag.py:2676} INFO - Sync 1 DAGs
[2023-01-12T07:28:43.528-0500] {logging_mixin.py:137} INFO - [2023-01-12T07:28:43.528-0500] {dag.py:3423} INFO - Setting next_dagrun for example_sensors to None, run_after=None
[2023-01-12T07:28:43.548-0500] {processor.py:175} INFO - Processing /Library/Frameworks/Python.framework/Versions/3.9/lib/python3.9/site-packages/airflow/example_dags/example_sensors.py took 1.002 seconds
[2023-01-12T07:30:32.377-0500] {processor.py:153} INFO - Started process (PID=15314) to work on /Library/Frameworks/Python.framework/Versions/3.9/lib/python3.9/site-packages/airflow/example_dags/example_sensors.py
[2023-01-12T07:30:32.383-0500] {processor.py:743} INFO - Processing file /Library/Frameworks/Python.framework/Versions/3.9/lib/python3.9/site-packages/airflow/example_dags/example_sensors.py for tasks to queue
[2023-01-12T07:30:32.384-0500] {logging_mixin.py:137} INFO - [2023-01-12T07:30:32.384-0500] {dagbag.py:538} INFO - Filling up the DagBag from /Library/Frameworks/Python.framework/Versions/3.9/lib/python3.9/site-packages/airflow/example_dags/example_sensors.py
[2023-01-12T07:30:32.453-0500] {processor.py:753} INFO - DAG(s) dict_keys(['example_sensors']) retrieved from /Library/Frameworks/Python.framework/Versions/3.9/lib/python3.9/site-packages/airflow/example_dags/example_sensors.py
[2023-01-12T07:30:33.389-0500] {logging_mixin.py:137} INFO - [2023-01-12T07:30:33.389-0500] {dag.py:2676} INFO - Sync 1 DAGs
[2023-01-12T07:30:33.406-0500] {logging_mixin.py:137} INFO - [2023-01-12T07:30:33.405-0500] {dag.py:3423} INFO - Setting next_dagrun for example_sensors to None, run_after=None
[2023-01-12T07:30:33.423-0500] {processor.py:175} INFO - Processing /Library/Frameworks/Python.framework/Versions/3.9/lib/python3.9/site-packages/airflow/example_dags/example_sensors.py took 1.047 seconds
[2023-01-12T07:32:17.897-0500] {processor.py:153} INFO - Started process (PID=15457) to work on /Library/Frameworks/Python.framework/Versions/3.9/lib/python3.9/site-packages/airflow/example_dags/example_sensors.py
[2023-01-12T07:32:17.903-0500] {processor.py:743} INFO - Processing file /Library/Frameworks/Python.framework/Versions/3.9/lib/python3.9/site-packages/airflow/example_dags/example_sensors.py for tasks to queue
[2023-01-12T07:32:17.904-0500] {logging_mixin.py:137} INFO - [2023-01-12T07:32:17.904-0500] {dagbag.py:538} INFO - Filling up the DagBag from /Library/Frameworks/Python.framework/Versions/3.9/lib/python3.9/site-packages/airflow/example_dags/example_sensors.py
[2023-01-12T07:32:17.957-0500] {processor.py:753} INFO - DAG(s) dict_keys(['example_sensors']) retrieved from /Library/Frameworks/Python.framework/Versions/3.9/lib/python3.9/site-packages/airflow/example_dags/example_sensors.py
[2023-01-12T07:32:18.870-0500] {logging_mixin.py:137} INFO - [2023-01-12T07:32:18.870-0500] {dag.py:2676} INFO - Sync 1 DAGs
[2023-01-12T07:32:18.888-0500] {logging_mixin.py:137} INFO - [2023-01-12T07:32:18.887-0500] {dag.py:3423} INFO - Setting next_dagrun for example_sensors to None, run_after=None
[2023-01-12T07:32:18.908-0500] {processor.py:175} INFO - Processing /Library/Frameworks/Python.framework/Versions/3.9/lib/python3.9/site-packages/airflow/example_dags/example_sensors.py took 1.012 seconds
[2023-01-12T07:34:06.039-0500] {processor.py:153} INFO - Started process (PID=15515) to work on /Library/Frameworks/Python.framework/Versions/3.9/lib/python3.9/site-packages/airflow/example_dags/example_sensors.py
[2023-01-12T07:34:06.045-0500] {processor.py:743} INFO - Processing file /Library/Frameworks/Python.framework/Versions/3.9/lib/python3.9/site-packages/airflow/example_dags/example_sensors.py for tasks to queue
[2023-01-12T07:34:06.046-0500] {logging_mixin.py:137} INFO - [2023-01-12T07:34:06.045-0500] {dagbag.py:538} INFO - Filling up the DagBag from /Library/Frameworks/Python.framework/Versions/3.9/lib/python3.9/site-packages/airflow/example_dags/example_sensors.py
[2023-01-12T07:34:06.097-0500] {processor.py:753} INFO - DAG(s) dict_keys(['example_sensors']) retrieved from /Library/Frameworks/Python.framework/Versions/3.9/lib/python3.9/site-packages/airflow/example_dags/example_sensors.py
[2023-01-12T07:34:07.021-0500] {logging_mixin.py:137} INFO - [2023-01-12T07:34:07.021-0500] {dag.py:2676} INFO - Sync 1 DAGs
[2023-01-12T07:34:07.039-0500] {logging_mixin.py:137} INFO - [2023-01-12T07:34:07.039-0500] {dag.py:3423} INFO - Setting next_dagrun for example_sensors to None, run_after=None
[2023-01-12T07:34:07.059-0500] {processor.py:175} INFO - Processing /Library/Frameworks/Python.framework/Versions/3.9/lib/python3.9/site-packages/airflow/example_dags/example_sensors.py took 1.020 seconds
[2023-01-12T07:35:58.319-0500] {processor.py:153} INFO - Started process (PID=15561) to work on /Library/Frameworks/Python.framework/Versions/3.9/lib/python3.9/site-packages/airflow/example_dags/example_sensors.py
[2023-01-12T07:35:58.325-0500] {processor.py:743} INFO - Processing file /Library/Frameworks/Python.framework/Versions/3.9/lib/python3.9/site-packages/airflow/example_dags/example_sensors.py for tasks to queue
[2023-01-12T07:35:58.326-0500] {logging_mixin.py:137} INFO - [2023-01-12T07:35:58.326-0500] {dagbag.py:538} INFO - Filling up the DagBag from /Library/Frameworks/Python.framework/Versions/3.9/lib/python3.9/site-packages/airflow/example_dags/example_sensors.py
[2023-01-12T07:35:58.386-0500] {processor.py:753} INFO - DAG(s) dict_keys(['example_sensors']) retrieved from /Library/Frameworks/Python.framework/Versions/3.9/lib/python3.9/site-packages/airflow/example_dags/example_sensors.py
[2023-01-12T07:35:59.330-0500] {logging_mixin.py:137} INFO - [2023-01-12T07:35:59.329-0500] {dag.py:2676} INFO - Sync 1 DAGs
[2023-01-12T07:35:59.346-0500] {logging_mixin.py:137} INFO - [2023-01-12T07:35:59.346-0500] {dag.py:3423} INFO - Setting next_dagrun for example_sensors to None, run_after=None
[2023-01-12T07:35:59.364-0500] {processor.py:175} INFO - Processing /Library/Frameworks/Python.framework/Versions/3.9/lib/python3.9/site-packages/airflow/example_dags/example_sensors.py took 1.046 seconds
[2023-01-12T07:37:40.600-0500] {processor.py:153} INFO - Started process (PID=15591) to work on /Library/Frameworks/Python.framework/Versions/3.9/lib/python3.9/site-packages/airflow/example_dags/example_sensors.py
[2023-01-12T07:37:40.606-0500] {processor.py:743} INFO - Processing file /Library/Frameworks/Python.framework/Versions/3.9/lib/python3.9/site-packages/airflow/example_dags/example_sensors.py for tasks to queue
[2023-01-12T07:37:40.607-0500] {logging_mixin.py:137} INFO - [2023-01-12T07:37:40.607-0500] {dagbag.py:538} INFO - Filling up the DagBag from /Library/Frameworks/Python.framework/Versions/3.9/lib/python3.9/site-packages/airflow/example_dags/example_sensors.py
[2023-01-12T07:37:40.659-0500] {processor.py:753} INFO - DAG(s) dict_keys(['example_sensors']) retrieved from /Library/Frameworks/Python.framework/Versions/3.9/lib/python3.9/site-packages/airflow/example_dags/example_sensors.py
[2023-01-12T07:37:41.637-0500] {logging_mixin.py:137} INFO - [2023-01-12T07:37:41.637-0500] {dag.py:2676} INFO - Sync 1 DAGs
[2023-01-12T07:37:41.656-0500] {logging_mixin.py:137} INFO - [2023-01-12T07:37:41.656-0500] {dag.py:3423} INFO - Setting next_dagrun for example_sensors to None, run_after=None
[2023-01-12T07:37:41.678-0500] {processor.py:175} INFO - Processing /Library/Frameworks/Python.framework/Versions/3.9/lib/python3.9/site-packages/airflow/example_dags/example_sensors.py took 1.079 seconds
[2023-01-12T07:39:37.112-0500] {processor.py:153} INFO - Started process (PID=15673) to work on /Library/Frameworks/Python.framework/Versions/3.9/lib/python3.9/site-packages/airflow/example_dags/example_sensors.py
[2023-01-12T07:39:37.119-0500] {processor.py:743} INFO - Processing file /Library/Frameworks/Python.framework/Versions/3.9/lib/python3.9/site-packages/airflow/example_dags/example_sensors.py for tasks to queue
[2023-01-12T07:39:37.120-0500] {logging_mixin.py:137} INFO - [2023-01-12T07:39:37.120-0500] {dagbag.py:538} INFO - Filling up the DagBag from /Library/Frameworks/Python.framework/Versions/3.9/lib/python3.9/site-packages/airflow/example_dags/example_sensors.py
[2023-01-12T07:39:37.165-0500] {processor.py:753} INFO - DAG(s) dict_keys(['example_sensors']) retrieved from /Library/Frameworks/Python.framework/Versions/3.9/lib/python3.9/site-packages/airflow/example_dags/example_sensors.py
[2023-01-12T07:39:38.143-0500] {logging_mixin.py:137} INFO - [2023-01-12T07:39:38.142-0500] {dag.py:2676} INFO - Sync 1 DAGs
[2023-01-12T07:39:38.160-0500] {logging_mixin.py:137} INFO - [2023-01-12T07:39:38.160-0500] {dag.py:3423} INFO - Setting next_dagrun for example_sensors to None, run_after=None
[2023-01-12T07:39:38.180-0500] {processor.py:175} INFO - Processing /Library/Frameworks/Python.framework/Versions/3.9/lib/python3.9/site-packages/airflow/example_dags/example_sensors.py took 1.068 seconds
[2023-01-12T07:41:36.343-0500] {processor.py:153} INFO - Started process (PID=15761) to work on /Library/Frameworks/Python.framework/Versions/3.9/lib/python3.9/site-packages/airflow/example_dags/example_sensors.py
[2023-01-12T07:41:36.350-0500] {processor.py:743} INFO - Processing file /Library/Frameworks/Python.framework/Versions/3.9/lib/python3.9/site-packages/airflow/example_dags/example_sensors.py for tasks to queue
[2023-01-12T07:41:36.351-0500] {logging_mixin.py:137} INFO - [2023-01-12T07:41:36.350-0500] {dagbag.py:538} INFO - Filling up the DagBag from /Library/Frameworks/Python.framework/Versions/3.9/lib/python3.9/site-packages/airflow/example_dags/example_sensors.py
[2023-01-12T07:41:36.458-0500] {processor.py:753} INFO - DAG(s) dict_keys(['example_sensors']) retrieved from /Library/Frameworks/Python.framework/Versions/3.9/lib/python3.9/site-packages/airflow/example_dags/example_sensors.py
[2023-01-12T07:41:38.024-0500] {logging_mixin.py:137} INFO - [2023-01-12T07:41:38.024-0500] {dag.py:2676} INFO - Sync 1 DAGs
[2023-01-12T07:41:38.046-0500] {logging_mixin.py:137} INFO - [2023-01-12T07:41:38.046-0500] {dag.py:3423} INFO - Setting next_dagrun for example_sensors to None, run_after=None
[2023-01-12T07:41:38.252-0500] {processor.py:175} INFO - Processing /Library/Frameworks/Python.framework/Versions/3.9/lib/python3.9/site-packages/airflow/example_dags/example_sensors.py took 1.909 seconds
[2023-01-12T07:43:39.696-0500] {processor.py:153} INFO - Started process (PID=15807) to work on /Library/Frameworks/Python.framework/Versions/3.9/lib/python3.9/site-packages/airflow/example_dags/example_sensors.py
[2023-01-12T07:43:39.703-0500] {processor.py:743} INFO - Processing file /Library/Frameworks/Python.framework/Versions/3.9/lib/python3.9/site-packages/airflow/example_dags/example_sensors.py for tasks to queue
[2023-01-12T07:43:39.703-0500] {logging_mixin.py:137} INFO - [2023-01-12T07:43:39.703-0500] {dagbag.py:538} INFO - Filling up the DagBag from /Library/Frameworks/Python.framework/Versions/3.9/lib/python3.9/site-packages/airflow/example_dags/example_sensors.py
[2023-01-12T07:43:39.760-0500] {processor.py:753} INFO - DAG(s) dict_keys(['example_sensors']) retrieved from /Library/Frameworks/Python.framework/Versions/3.9/lib/python3.9/site-packages/airflow/example_dags/example_sensors.py
[2023-01-12T07:43:40.947-0500] {logging_mixin.py:137} INFO - [2023-01-12T07:43:40.947-0500] {dag.py:2676} INFO - Sync 1 DAGs
[2023-01-12T07:43:40.969-0500] {logging_mixin.py:137} INFO - [2023-01-12T07:43:40.969-0500] {dag.py:3423} INFO - Setting next_dagrun for example_sensors to None, run_after=None
[2023-01-12T07:43:40.992-0500] {processor.py:175} INFO - Processing /Library/Frameworks/Python.framework/Versions/3.9/lib/python3.9/site-packages/airflow/example_dags/example_sensors.py took 1.297 seconds
[2023-01-12T07:45:38.973-0500] {processor.py:153} INFO - Started process (PID=15873) to work on /Library/Frameworks/Python.framework/Versions/3.9/lib/python3.9/site-packages/airflow/example_dags/example_sensors.py
[2023-01-12T07:45:38.979-0500] {processor.py:743} INFO - Processing file /Library/Frameworks/Python.framework/Versions/3.9/lib/python3.9/site-packages/airflow/example_dags/example_sensors.py for tasks to queue
[2023-01-12T07:45:39.004-0500] {logging_mixin.py:137} INFO - [2023-01-12T07:45:39.003-0500] {dagbag.py:538} INFO - Filling up the DagBag from /Library/Frameworks/Python.framework/Versions/3.9/lib/python3.9/site-packages/airflow/example_dags/example_sensors.py
[2023-01-12T07:45:39.087-0500] {processor.py:753} INFO - DAG(s) dict_keys(['example_sensors']) retrieved from /Library/Frameworks/Python.framework/Versions/3.9/lib/python3.9/site-packages/airflow/example_dags/example_sensors.py
[2023-01-12T07:45:40.043-0500] {logging_mixin.py:137} INFO - [2023-01-12T07:45:40.043-0500] {dag.py:2676} INFO - Sync 1 DAGs
[2023-01-12T07:45:40.079-0500] {logging_mixin.py:137} INFO - [2023-01-12T07:45:40.079-0500] {dag.py:3423} INFO - Setting next_dagrun for example_sensors to None, run_after=None
[2023-01-12T07:45:40.191-0500] {processor.py:175} INFO - Processing /Library/Frameworks/Python.framework/Versions/3.9/lib/python3.9/site-packages/airflow/example_dags/example_sensors.py took 1.219 seconds
[2023-01-12T07:47:30.683-0500] {processor.py:153} INFO - Started process (PID=15933) to work on /Library/Frameworks/Python.framework/Versions/3.9/lib/python3.9/site-packages/airflow/example_dags/example_sensors.py
[2023-01-12T07:47:30.689-0500] {processor.py:743} INFO - Processing file /Library/Frameworks/Python.framework/Versions/3.9/lib/python3.9/site-packages/airflow/example_dags/example_sensors.py for tasks to queue
[2023-01-12T07:47:30.690-0500] {logging_mixin.py:137} INFO - [2023-01-12T07:47:30.690-0500] {dagbag.py:538} INFO - Filling up the DagBag from /Library/Frameworks/Python.framework/Versions/3.9/lib/python3.9/site-packages/airflow/example_dags/example_sensors.py
[2023-01-12T07:47:30.734-0500] {processor.py:753} INFO - DAG(s) dict_keys(['example_sensors']) retrieved from /Library/Frameworks/Python.framework/Versions/3.9/lib/python3.9/site-packages/airflow/example_dags/example_sensors.py
[2023-01-12T07:47:31.594-0500] {logging_mixin.py:137} INFO - [2023-01-12T07:47:31.594-0500] {dag.py:2676} INFO - Sync 1 DAGs
[2023-01-12T07:47:31.612-0500] {logging_mixin.py:137} INFO - [2023-01-12T07:47:31.612-0500] {dag.py:3423} INFO - Setting next_dagrun for example_sensors to None, run_after=None
[2023-01-12T07:47:31.633-0500] {processor.py:175} INFO - Processing /Library/Frameworks/Python.framework/Versions/3.9/lib/python3.9/site-packages/airflow/example_dags/example_sensors.py took 0.951 seconds
[2023-01-12T07:49:20.686-0500] {processor.py:153} INFO - Started process (PID=15975) to work on /Library/Frameworks/Python.framework/Versions/3.9/lib/python3.9/site-packages/airflow/example_dags/example_sensors.py
[2023-01-12T07:49:20.693-0500] {processor.py:743} INFO - Processing file /Library/Frameworks/Python.framework/Versions/3.9/lib/python3.9/site-packages/airflow/example_dags/example_sensors.py for tasks to queue
[2023-01-12T07:49:20.693-0500] {logging_mixin.py:137} INFO - [2023-01-12T07:49:20.693-0500] {dagbag.py:538} INFO - Filling up the DagBag from /Library/Frameworks/Python.framework/Versions/3.9/lib/python3.9/site-packages/airflow/example_dags/example_sensors.py
[2023-01-12T07:49:20.748-0500] {processor.py:753} INFO - DAG(s) dict_keys(['example_sensors']) retrieved from /Library/Frameworks/Python.framework/Versions/3.9/lib/python3.9/site-packages/airflow/example_dags/example_sensors.py
[2023-01-12T07:49:21.752-0500] {logging_mixin.py:137} INFO - [2023-01-12T07:49:21.751-0500] {dag.py:2676} INFO - Sync 1 DAGs
[2023-01-12T07:49:21.779-0500] {logging_mixin.py:137} INFO - [2023-01-12T07:49:21.779-0500] {dag.py:3423} INFO - Setting next_dagrun for example_sensors to None, run_after=None
[2023-01-12T07:49:21.800-0500] {processor.py:175} INFO - Processing /Library/Frameworks/Python.framework/Versions/3.9/lib/python3.9/site-packages/airflow/example_dags/example_sensors.py took 1.115 seconds
[2023-01-12T07:51:26.619-0500] {processor.py:153} INFO - Started process (PID=16098) to work on /Library/Frameworks/Python.framework/Versions/3.9/lib/python3.9/site-packages/airflow/example_dags/example_sensors.py
[2023-01-12T07:51:26.628-0500] {processor.py:743} INFO - Processing file /Library/Frameworks/Python.framework/Versions/3.9/lib/python3.9/site-packages/airflow/example_dags/example_sensors.py for tasks to queue
[2023-01-12T07:51:26.629-0500] {logging_mixin.py:137} INFO - [2023-01-12T07:51:26.629-0500] {dagbag.py:538} INFO - Filling up the DagBag from /Library/Frameworks/Python.framework/Versions/3.9/lib/python3.9/site-packages/airflow/example_dags/example_sensors.py
[2023-01-12T07:51:26.709-0500] {processor.py:753} INFO - DAG(s) dict_keys(['example_sensors']) retrieved from /Library/Frameworks/Python.framework/Versions/3.9/lib/python3.9/site-packages/airflow/example_dags/example_sensors.py
[2023-01-12T07:51:27.901-0500] {logging_mixin.py:137} INFO - [2023-01-12T07:51:27.900-0500] {dag.py:2676} INFO - Sync 1 DAGs
[2023-01-12T07:51:27.920-0500] {logging_mixin.py:137} INFO - [2023-01-12T07:51:27.920-0500] {dag.py:3423} INFO - Setting next_dagrun for example_sensors to None, run_after=None
[2023-01-12T07:51:27.943-0500] {processor.py:175} INFO - Processing /Library/Frameworks/Python.framework/Versions/3.9/lib/python3.9/site-packages/airflow/example_dags/example_sensors.py took 1.324 seconds
[2023-01-12T07:53:29.340-0500] {processor.py:153} INFO - Started process (PID=16138) to work on /Library/Frameworks/Python.framework/Versions/3.9/lib/python3.9/site-packages/airflow/example_dags/example_sensors.py
[2023-01-12T07:53:29.347-0500] {processor.py:743} INFO - Processing file /Library/Frameworks/Python.framework/Versions/3.9/lib/python3.9/site-packages/airflow/example_dags/example_sensors.py for tasks to queue
[2023-01-12T07:53:29.348-0500] {logging_mixin.py:137} INFO - [2023-01-12T07:53:29.348-0500] {dagbag.py:538} INFO - Filling up the DagBag from /Library/Frameworks/Python.framework/Versions/3.9/lib/python3.9/site-packages/airflow/example_dags/example_sensors.py
[2023-01-12T07:53:29.426-0500] {processor.py:753} INFO - DAG(s) dict_keys(['example_sensors']) retrieved from /Library/Frameworks/Python.framework/Versions/3.9/lib/python3.9/site-packages/airflow/example_dags/example_sensors.py
[2023-01-12T07:53:30.733-0500] {logging_mixin.py:137} INFO - [2023-01-12T07:53:30.733-0500] {dag.py:2676} INFO - Sync 1 DAGs
[2023-01-12T07:53:30.757-0500] {logging_mixin.py:137} INFO - [2023-01-12T07:53:30.757-0500] {dag.py:3423} INFO - Setting next_dagrun for example_sensors to None, run_after=None
[2023-01-12T07:53:30.793-0500] {processor.py:175} INFO - Processing /Library/Frameworks/Python.framework/Versions/3.9/lib/python3.9/site-packages/airflow/example_dags/example_sensors.py took 1.454 seconds
[2023-01-12T07:55:19.882-0500] {processor.py:153} INFO - Started process (PID=16175) to work on /Library/Frameworks/Python.framework/Versions/3.9/lib/python3.9/site-packages/airflow/example_dags/example_sensors.py
[2023-01-12T07:55:19.887-0500] {processor.py:743} INFO - Processing file /Library/Frameworks/Python.framework/Versions/3.9/lib/python3.9/site-packages/airflow/example_dags/example_sensors.py for tasks to queue
[2023-01-12T07:55:19.888-0500] {logging_mixin.py:137} INFO - [2023-01-12T07:55:19.888-0500] {dagbag.py:538} INFO - Filling up the DagBag from /Library/Frameworks/Python.framework/Versions/3.9/lib/python3.9/site-packages/airflow/example_dags/example_sensors.py
[2023-01-12T07:55:19.927-0500] {processor.py:753} INFO - DAG(s) dict_keys(['example_sensors']) retrieved from /Library/Frameworks/Python.framework/Versions/3.9/lib/python3.9/site-packages/airflow/example_dags/example_sensors.py
[2023-01-12T07:55:20.767-0500] {logging_mixin.py:137} INFO - [2023-01-12T07:55:20.766-0500] {dag.py:2676} INFO - Sync 1 DAGs
[2023-01-12T07:55:20.783-0500] {logging_mixin.py:137} INFO - [2023-01-12T07:55:20.783-0500] {dag.py:3423} INFO - Setting next_dagrun for example_sensors to None, run_after=None
[2023-01-12T07:55:20.802-0500] {processor.py:175} INFO - Processing /Library/Frameworks/Python.framework/Versions/3.9/lib/python3.9/site-packages/airflow/example_dags/example_sensors.py took 0.921 seconds
[2023-01-12T07:57:29.990-0500] {processor.py:153} INFO - Started process (PID=16339) to work on /Library/Frameworks/Python.framework/Versions/3.9/lib/python3.9/site-packages/airflow/example_dags/example_sensors.py
[2023-01-12T07:57:29.996-0500] {processor.py:743} INFO - Processing file /Library/Frameworks/Python.framework/Versions/3.9/lib/python3.9/site-packages/airflow/example_dags/example_sensors.py for tasks to queue
[2023-01-12T07:57:29.996-0500] {logging_mixin.py:137} INFO - [2023-01-12T07:57:29.996-0500] {dagbag.py:538} INFO - Filling up the DagBag from /Library/Frameworks/Python.framework/Versions/3.9/lib/python3.9/site-packages/airflow/example_dags/example_sensors.py
[2023-01-12T07:57:30.046-0500] {processor.py:753} INFO - DAG(s) dict_keys(['example_sensors']) retrieved from /Library/Frameworks/Python.framework/Versions/3.9/lib/python3.9/site-packages/airflow/example_dags/example_sensors.py
[2023-01-12T07:57:31.020-0500] {logging_mixin.py:137} INFO - [2023-01-12T07:57:31.020-0500] {dag.py:2676} INFO - Sync 1 DAGs
[2023-01-12T07:57:31.037-0500] {logging_mixin.py:137} INFO - [2023-01-12T07:57:31.037-0500] {dag.py:3423} INFO - Setting next_dagrun for example_sensors to None, run_after=None
[2023-01-12T07:57:31.057-0500] {processor.py:175} INFO - Processing /Library/Frameworks/Python.framework/Versions/3.9/lib/python3.9/site-packages/airflow/example_dags/example_sensors.py took 1.068 seconds
[2023-01-12T07:59:22.190-0500] {processor.py:153} INFO - Started process (PID=16377) to work on /Library/Frameworks/Python.framework/Versions/3.9/lib/python3.9/site-packages/airflow/example_dags/example_sensors.py
[2023-01-12T07:59:22.196-0500] {processor.py:743} INFO - Processing file /Library/Frameworks/Python.framework/Versions/3.9/lib/python3.9/site-packages/airflow/example_dags/example_sensors.py for tasks to queue
[2023-01-12T07:59:22.196-0500] {logging_mixin.py:137} INFO - [2023-01-12T07:59:22.196-0500] {dagbag.py:538} INFO - Filling up the DagBag from /Library/Frameworks/Python.framework/Versions/3.9/lib/python3.9/site-packages/airflow/example_dags/example_sensors.py
[2023-01-12T07:59:22.237-0500] {processor.py:753} INFO - DAG(s) dict_keys(['example_sensors']) retrieved from /Library/Frameworks/Python.framework/Versions/3.9/lib/python3.9/site-packages/airflow/example_dags/example_sensors.py
[2023-01-12T07:59:23.319-0500] {logging_mixin.py:137} INFO - [2023-01-12T07:59:23.319-0500] {dag.py:2676} INFO - Sync 1 DAGs
[2023-01-12T07:59:23.338-0500] {logging_mixin.py:137} INFO - [2023-01-12T07:59:23.338-0500] {dag.py:3423} INFO - Setting next_dagrun for example_sensors to None, run_after=None
[2023-01-12T07:59:23.362-0500] {processor.py:175} INFO - Processing /Library/Frameworks/Python.framework/Versions/3.9/lib/python3.9/site-packages/airflow/example_dags/example_sensors.py took 1.172 seconds
[2023-01-12T08:01:28.051-0500] {processor.py:153} INFO - Started process (PID=16486) to work on /Library/Frameworks/Python.framework/Versions/3.9/lib/python3.9/site-packages/airflow/example_dags/example_sensors.py
[2023-01-12T08:01:28.062-0500] {processor.py:743} INFO - Processing file /Library/Frameworks/Python.framework/Versions/3.9/lib/python3.9/site-packages/airflow/example_dags/example_sensors.py for tasks to queue
[2023-01-12T08:01:28.062-0500] {logging_mixin.py:137} INFO - [2023-01-12T08:01:28.062-0500] {dagbag.py:538} INFO - Filling up the DagBag from /Library/Frameworks/Python.framework/Versions/3.9/lib/python3.9/site-packages/airflow/example_dags/example_sensors.py
[2023-01-12T08:01:28.208-0500] {processor.py:753} INFO - DAG(s) dict_keys(['example_sensors']) retrieved from /Library/Frameworks/Python.framework/Versions/3.9/lib/python3.9/site-packages/airflow/example_dags/example_sensors.py
[2023-01-12T08:01:32.013-0500] {logging_mixin.py:137} INFO - [2023-01-12T08:01:32.012-0500] {dag.py:2676} INFO - Sync 1 DAGs
[2023-01-12T08:01:32.158-0500] {logging_mixin.py:137} INFO - [2023-01-12T08:01:32.158-0500] {dag.py:3423} INFO - Setting next_dagrun for example_sensors to None, run_after=None
[2023-01-12T08:01:32.235-0500] {processor.py:175} INFO - Processing /Library/Frameworks/Python.framework/Versions/3.9/lib/python3.9/site-packages/airflow/example_dags/example_sensors.py took 4.186 seconds
[2023-01-12T08:05:29.049-0500] {processor.py:153} INFO - Started process (PID=16602) to work on /Library/Frameworks/Python.framework/Versions/3.9/lib/python3.9/site-packages/airflow/example_dags/example_sensors.py
[2023-01-12T08:05:29.062-0500] {processor.py:743} INFO - Processing file /Library/Frameworks/Python.framework/Versions/3.9/lib/python3.9/site-packages/airflow/example_dags/example_sensors.py for tasks to queue
[2023-01-12T08:05:29.063-0500] {logging_mixin.py:137} INFO - [2023-01-12T08:05:29.063-0500] {dagbag.py:538} INFO - Filling up the DagBag from /Library/Frameworks/Python.framework/Versions/3.9/lib/python3.9/site-packages/airflow/example_dags/example_sensors.py
[2023-01-12T08:05:29.161-0500] {processor.py:753} INFO - DAG(s) dict_keys(['example_sensors']) retrieved from /Library/Frameworks/Python.framework/Versions/3.9/lib/python3.9/site-packages/airflow/example_dags/example_sensors.py
[2023-01-12T08:05:31.256-0500] {logging_mixin.py:137} INFO - [2023-01-12T08:05:31.255-0500] {dag.py:2676} INFO - Sync 1 DAGs
[2023-01-12T08:05:31.287-0500] {logging_mixin.py:137} INFO - [2023-01-12T08:05:31.287-0500] {dag.py:3423} INFO - Setting next_dagrun for example_sensors to None, run_after=None
[2023-01-12T08:05:31.324-0500] {processor.py:175} INFO - Processing /Library/Frameworks/Python.framework/Versions/3.9/lib/python3.9/site-packages/airflow/example_dags/example_sensors.py took 2.278 seconds
[2023-01-12T08:09:41.943-0500] {processor.py:153} INFO - Started process (PID=16704) to work on /Library/Frameworks/Python.framework/Versions/3.9/lib/python3.9/site-packages/airflow/example_dags/example_sensors.py
[2023-01-12T08:09:41.953-0500] {processor.py:743} INFO - Processing file /Library/Frameworks/Python.framework/Versions/3.9/lib/python3.9/site-packages/airflow/example_dags/example_sensors.py for tasks to queue
[2023-01-12T08:09:41.954-0500] {logging_mixin.py:137} INFO - [2023-01-12T08:09:41.954-0500] {dagbag.py:538} INFO - Filling up the DagBag from /Library/Frameworks/Python.framework/Versions/3.9/lib/python3.9/site-packages/airflow/example_dags/example_sensors.py
[2023-01-12T08:09:42.042-0500] {processor.py:753} INFO - DAG(s) dict_keys(['example_sensors']) retrieved from /Library/Frameworks/Python.framework/Versions/3.9/lib/python3.9/site-packages/airflow/example_dags/example_sensors.py
[2023-01-12T08:09:44.091-0500] {logging_mixin.py:137} INFO - [2023-01-12T08:09:44.091-0500] {dag.py:2676} INFO - Sync 1 DAGs
[2023-01-12T08:09:44.123-0500] {logging_mixin.py:137} INFO - [2023-01-12T08:09:44.123-0500] {dag.py:3423} INFO - Setting next_dagrun for example_sensors to None, run_after=None
[2023-01-12T08:09:44.155-0500] {processor.py:175} INFO - Processing /Library/Frameworks/Python.framework/Versions/3.9/lib/python3.9/site-packages/airflow/example_dags/example_sensors.py took 2.214 seconds
[2023-01-12T08:19:28.781-0500] {processor.py:153} INFO - Started process (PID=17195) to work on /Library/Frameworks/Python.framework/Versions/3.9/lib/python3.9/site-packages/airflow/example_dags/example_sensors.py
[2023-01-12T08:19:28.795-0500] {processor.py:743} INFO - Processing file /Library/Frameworks/Python.framework/Versions/3.9/lib/python3.9/site-packages/airflow/example_dags/example_sensors.py for tasks to queue
[2023-01-12T08:19:28.796-0500] {logging_mixin.py:137} INFO - [2023-01-12T08:19:28.795-0500] {dagbag.py:538} INFO - Filling up the DagBag from /Library/Frameworks/Python.framework/Versions/3.9/lib/python3.9/site-packages/airflow/example_dags/example_sensors.py
[2023-01-12T08:19:28.894-0500] {processor.py:753} INFO - DAG(s) dict_keys(['example_sensors']) retrieved from /Library/Frameworks/Python.framework/Versions/3.9/lib/python3.9/site-packages/airflow/example_dags/example_sensors.py
[2023-01-12T08:19:30.968-0500] {logging_mixin.py:137} INFO - [2023-01-12T08:19:30.968-0500] {dag.py:2676} INFO - Sync 1 DAGs
[2023-01-12T08:19:31.006-0500] {logging_mixin.py:137} INFO - [2023-01-12T08:19:31.005-0500] {dag.py:3423} INFO - Setting next_dagrun for example_sensors to None, run_after=None
[2023-01-12T08:19:31.041-0500] {processor.py:175} INFO - Processing /Library/Frameworks/Python.framework/Versions/3.9/lib/python3.9/site-packages/airflow/example_dags/example_sensors.py took 2.261 seconds
[2023-01-12T08:26:27.245-0500] {processor.py:153} INFO - Started process (PID=17460) to work on /Library/Frameworks/Python.framework/Versions/3.9/lib/python3.9/site-packages/airflow/example_dags/example_sensors.py
[2023-01-12T08:26:27.260-0500] {processor.py:743} INFO - Processing file /Library/Frameworks/Python.framework/Versions/3.9/lib/python3.9/site-packages/airflow/example_dags/example_sensors.py for tasks to queue
[2023-01-12T08:26:27.262-0500] {logging_mixin.py:137} INFO - [2023-01-12T08:26:27.261-0500] {dagbag.py:538} INFO - Filling up the DagBag from /Library/Frameworks/Python.framework/Versions/3.9/lib/python3.9/site-packages/airflow/example_dags/example_sensors.py
[2023-01-12T08:26:27.397-0500] {processor.py:753} INFO - DAG(s) dict_keys(['example_sensors']) retrieved from /Library/Frameworks/Python.framework/Versions/3.9/lib/python3.9/site-packages/airflow/example_dags/example_sensors.py
[2023-01-12T08:26:29.588-0500] {logging_mixin.py:137} INFO - [2023-01-12T08:26:29.588-0500] {dag.py:2676} INFO - Sync 1 DAGs
[2023-01-12T08:26:29.639-0500] {logging_mixin.py:137} INFO - [2023-01-12T08:26:29.638-0500] {dag.py:3423} INFO - Setting next_dagrun for example_sensors to None, run_after=None
[2023-01-12T08:26:29.691-0500] {processor.py:175} INFO - Processing /Library/Frameworks/Python.framework/Versions/3.9/lib/python3.9/site-packages/airflow/example_dags/example_sensors.py took 2.447 seconds
