[2023-01-11T21:45:04.753-0500] {processor.py:153} INFO - Started process (PID=13982) to work on /Library/Frameworks/Python.framework/Versions/3.9/lib/python3.9/site-packages/airflow/example_dags/example_nested_branch_dag.py
[2023-01-11T21:45:04.762-0500] {processor.py:743} INFO - Processing file /Library/Frameworks/Python.framework/Versions/3.9/lib/python3.9/site-packages/airflow/example_dags/example_nested_branch_dag.py for tasks to queue
[2023-01-11T21:45:04.763-0500] {logging_mixin.py:137} INFO - [2023-01-11T21:45:04.763-0500] {dagbag.py:538} INFO - Filling up the DagBag from /Library/Frameworks/Python.framework/Versions/3.9/lib/python3.9/site-packages/airflow/example_dags/example_nested_branch_dag.py
[2023-01-11T21:45:04.920-0500] {processor.py:753} INFO - DAG(s) dict_keys(['example_nested_branch_dag']) retrieved from /Library/Frameworks/Python.framework/Versions/3.9/lib/python3.9/site-packages/airflow/example_dags/example_nested_branch_dag.py
[2023-01-11T21:45:06.100-0500] {logging_mixin.py:137} INFO - [2023-01-11T21:45:06.100-0500] {dag.py:2676} INFO - Sync 1 DAGs
[2023-01-11T21:45:06.117-0500] {logging_mixin.py:137} INFO - [2023-01-11T21:45:06.117-0500] {dag.py:3423} INFO - Setting next_dagrun for example_nested_branch_dag to 2023-01-11T00:00:00+00:00, run_after=2023-01-12T00:00:00+00:00
[2023-01-11T21:45:06.136-0500] {processor.py:175} INFO - Processing /Library/Frameworks/Python.framework/Versions/3.9/lib/python3.9/site-packages/airflow/example_dags/example_nested_branch_dag.py took 1.383 seconds
[2023-01-12T07:23:10.954-0500] {processor.py:153} INFO - Started process (PID=14943) to work on /Library/Frameworks/Python.framework/Versions/3.9/lib/python3.9/site-packages/airflow/example_dags/example_nested_branch_dag.py
[2023-01-12T07:23:10.961-0500] {processor.py:743} INFO - Processing file /Library/Frameworks/Python.framework/Versions/3.9/lib/python3.9/site-packages/airflow/example_dags/example_nested_branch_dag.py for tasks to queue
[2023-01-12T07:23:10.961-0500] {logging_mixin.py:137} INFO - [2023-01-12T07:23:10.961-0500] {dagbag.py:538} INFO - Filling up the DagBag from /Library/Frameworks/Python.framework/Versions/3.9/lib/python3.9/site-packages/airflow/example_dags/example_nested_branch_dag.py
[2023-01-12T07:23:11.028-0500] {processor.py:753} INFO - DAG(s) dict_keys(['example_nested_branch_dag']) retrieved from /Library/Frameworks/Python.framework/Versions/3.9/lib/python3.9/site-packages/airflow/example_dags/example_nested_branch_dag.py
[2023-01-12T07:23:11.810-0500] {logging_mixin.py:137} INFO - [2023-01-12T07:23:11.810-0500] {dag.py:2676} INFO - Sync 1 DAGs
[2023-01-12T07:23:11.833-0500] {logging_mixin.py:137} INFO - [2023-01-12T07:23:11.833-0500] {dag.py:3423} INFO - Setting next_dagrun for example_nested_branch_dag to 2023-01-11T00:00:00+00:00, run_after=2023-01-12T00:00:00+00:00
[2023-01-12T07:23:11.858-0500] {processor.py:175} INFO - Processing /Library/Frameworks/Python.framework/Versions/3.9/lib/python3.9/site-packages/airflow/example_dags/example_nested_branch_dag.py took 0.904 seconds
[2023-01-12T07:25:16.457-0500] {processor.py:153} INFO - Started process (PID=15049) to work on /Library/Frameworks/Python.framework/Versions/3.9/lib/python3.9/site-packages/airflow/example_dags/example_nested_branch_dag.py
[2023-01-12T07:25:16.462-0500] {processor.py:743} INFO - Processing file /Library/Frameworks/Python.framework/Versions/3.9/lib/python3.9/site-packages/airflow/example_dags/example_nested_branch_dag.py for tasks to queue
[2023-01-12T07:25:16.463-0500] {logging_mixin.py:137} INFO - [2023-01-12T07:25:16.463-0500] {dagbag.py:538} INFO - Filling up the DagBag from /Library/Frameworks/Python.framework/Versions/3.9/lib/python3.9/site-packages/airflow/example_dags/example_nested_branch_dag.py
[2023-01-12T07:25:16.521-0500] {processor.py:753} INFO - DAG(s) dict_keys(['example_nested_branch_dag']) retrieved from /Library/Frameworks/Python.framework/Versions/3.9/lib/python3.9/site-packages/airflow/example_dags/example_nested_branch_dag.py
[2023-01-12T07:25:17.429-0500] {logging_mixin.py:137} INFO - [2023-01-12T07:25:17.428-0500] {dag.py:2676} INFO - Sync 1 DAGs
[2023-01-12T07:25:17.452-0500] {logging_mixin.py:137} INFO - [2023-01-12T07:25:17.452-0500] {dag.py:3423} INFO - Setting next_dagrun for example_nested_branch_dag to 2023-01-11T00:00:00+00:00, run_after=2023-01-12T00:00:00+00:00
[2023-01-12T07:25:17.474-0500] {processor.py:175} INFO - Processing /Library/Frameworks/Python.framework/Versions/3.9/lib/python3.9/site-packages/airflow/example_dags/example_nested_branch_dag.py took 1.018 seconds
[2023-01-12T07:28:49.607-0500] {processor.py:153} INFO - Started process (PID=15192) to work on /Library/Frameworks/Python.framework/Versions/3.9/lib/python3.9/site-packages/airflow/example_dags/example_nested_branch_dag.py
[2023-01-12T07:28:49.613-0500] {processor.py:743} INFO - Processing file /Library/Frameworks/Python.framework/Versions/3.9/lib/python3.9/site-packages/airflow/example_dags/example_nested_branch_dag.py for tasks to queue
[2023-01-12T07:28:49.614-0500] {logging_mixin.py:137} INFO - [2023-01-12T07:28:49.614-0500] {dagbag.py:538} INFO - Filling up the DagBag from /Library/Frameworks/Python.framework/Versions/3.9/lib/python3.9/site-packages/airflow/example_dags/example_nested_branch_dag.py
[2023-01-12T07:28:49.674-0500] {processor.py:753} INFO - DAG(s) dict_keys(['example_nested_branch_dag']) retrieved from /Library/Frameworks/Python.framework/Versions/3.9/lib/python3.9/site-packages/airflow/example_dags/example_nested_branch_dag.py
[2023-01-12T07:28:50.296-0500] {logging_mixin.py:137} INFO - [2023-01-12T07:28:50.296-0500] {dag.py:2676} INFO - Sync 1 DAGs
[2023-01-12T07:28:50.314-0500] {logging_mixin.py:137} INFO - [2023-01-12T07:28:50.314-0500] {dag.py:3423} INFO - Setting next_dagrun for example_nested_branch_dag to 2023-01-11T00:00:00+00:00, run_after=2023-01-12T00:00:00+00:00
[2023-01-12T07:28:50.335-0500] {processor.py:175} INFO - Processing /Library/Frameworks/Python.framework/Versions/3.9/lib/python3.9/site-packages/airflow/example_dags/example_nested_branch_dag.py took 0.728 seconds
[2023-01-12T07:32:28.652-0500] {processor.py:153} INFO - Started process (PID=15461) to work on /Library/Frameworks/Python.framework/Versions/3.9/lib/python3.9/site-packages/airflow/example_dags/example_nested_branch_dag.py
[2023-01-12T07:32:28.659-0500] {processor.py:743} INFO - Processing file /Library/Frameworks/Python.framework/Versions/3.9/lib/python3.9/site-packages/airflow/example_dags/example_nested_branch_dag.py for tasks to queue
[2023-01-12T07:32:28.659-0500] {logging_mixin.py:137} INFO - [2023-01-12T07:32:28.659-0500] {dagbag.py:538} INFO - Filling up the DagBag from /Library/Frameworks/Python.framework/Versions/3.9/lib/python3.9/site-packages/airflow/example_dags/example_nested_branch_dag.py
[2023-01-12T07:32:28.717-0500] {processor.py:753} INFO - DAG(s) dict_keys(['example_nested_branch_dag']) retrieved from /Library/Frameworks/Python.framework/Versions/3.9/lib/python3.9/site-packages/airflow/example_dags/example_nested_branch_dag.py
[2023-01-12T07:32:29.419-0500] {logging_mixin.py:137} INFO - [2023-01-12T07:32:29.419-0500] {dag.py:2676} INFO - Sync 1 DAGs
[2023-01-12T07:32:29.437-0500] {logging_mixin.py:137} INFO - [2023-01-12T07:32:29.437-0500] {dag.py:3423} INFO - Setting next_dagrun for example_nested_branch_dag to 2023-01-11T00:00:00+00:00, run_after=2023-01-12T00:00:00+00:00
[2023-01-12T07:32:29.456-0500] {processor.py:175} INFO - Processing /Library/Frameworks/Python.framework/Versions/3.9/lib/python3.9/site-packages/airflow/example_dags/example_nested_branch_dag.py took 0.805 seconds
[2023-01-12T07:36:05.788-0500] {processor.py:153} INFO - Started process (PID=15563) to work on /Library/Frameworks/Python.framework/Versions/3.9/lib/python3.9/site-packages/airflow/example_dags/example_nested_branch_dag.py
[2023-01-12T07:36:05.793-0500] {processor.py:743} INFO - Processing file /Library/Frameworks/Python.framework/Versions/3.9/lib/python3.9/site-packages/airflow/example_dags/example_nested_branch_dag.py for tasks to queue
[2023-01-12T07:36:05.794-0500] {logging_mixin.py:137} INFO - [2023-01-12T07:36:05.794-0500] {dagbag.py:538} INFO - Filling up the DagBag from /Library/Frameworks/Python.framework/Versions/3.9/lib/python3.9/site-packages/airflow/example_dags/example_nested_branch_dag.py
[2023-01-12T07:36:05.857-0500] {processor.py:753} INFO - DAG(s) dict_keys(['example_nested_branch_dag']) retrieved from /Library/Frameworks/Python.framework/Versions/3.9/lib/python3.9/site-packages/airflow/example_dags/example_nested_branch_dag.py
[2023-01-12T07:36:06.480-0500] {logging_mixin.py:137} INFO - [2023-01-12T07:36:06.480-0500] {dag.py:2676} INFO - Sync 1 DAGs
[2023-01-12T07:36:06.498-0500] {logging_mixin.py:137} INFO - [2023-01-12T07:36:06.498-0500] {dag.py:3423} INFO - Setting next_dagrun for example_nested_branch_dag to 2023-01-11T00:00:00+00:00, run_after=2023-01-12T00:00:00+00:00
[2023-01-12T07:36:06.518-0500] {processor.py:175} INFO - Processing /Library/Frameworks/Python.framework/Versions/3.9/lib/python3.9/site-packages/airflow/example_dags/example_nested_branch_dag.py took 0.731 seconds
[2023-01-12T07:39:48.485-0500] {processor.py:153} INFO - Started process (PID=15708) to work on /Library/Frameworks/Python.framework/Versions/3.9/lib/python3.9/site-packages/airflow/example_dags/example_nested_branch_dag.py
[2023-01-12T07:39:48.492-0500] {processor.py:743} INFO - Processing file /Library/Frameworks/Python.framework/Versions/3.9/lib/python3.9/site-packages/airflow/example_dags/example_nested_branch_dag.py for tasks to queue
[2023-01-12T07:39:48.492-0500] {logging_mixin.py:137} INFO - [2023-01-12T07:39:48.492-0500] {dagbag.py:538} INFO - Filling up the DagBag from /Library/Frameworks/Python.framework/Versions/3.9/lib/python3.9/site-packages/airflow/example_dags/example_nested_branch_dag.py
[2023-01-12T07:39:48.565-0500] {processor.py:753} INFO - DAG(s) dict_keys(['example_nested_branch_dag']) retrieved from /Library/Frameworks/Python.framework/Versions/3.9/lib/python3.9/site-packages/airflow/example_dags/example_nested_branch_dag.py
[2023-01-12T07:39:49.368-0500] {logging_mixin.py:137} INFO - [2023-01-12T07:39:49.367-0500] {dag.py:2676} INFO - Sync 1 DAGs
[2023-01-12T07:39:49.391-0500] {logging_mixin.py:137} INFO - [2023-01-12T07:39:49.391-0500] {dag.py:3423} INFO - Setting next_dagrun for example_nested_branch_dag to 2023-01-11T00:00:00+00:00, run_after=2023-01-12T00:00:00+00:00
[2023-01-12T07:39:49.415-0500] {processor.py:175} INFO - Processing /Library/Frameworks/Python.framework/Versions/3.9/lib/python3.9/site-packages/airflow/example_dags/example_nested_branch_dag.py took 0.931 seconds
[2023-01-12T07:41:52.986-0500] {processor.py:153} INFO - Started process (PID=15765) to work on /Library/Frameworks/Python.framework/Versions/3.9/lib/python3.9/site-packages/airflow/example_dags/example_nested_branch_dag.py
[2023-01-12T07:41:52.994-0500] {processor.py:743} INFO - Processing file /Library/Frameworks/Python.framework/Versions/3.9/lib/python3.9/site-packages/airflow/example_dags/example_nested_branch_dag.py for tasks to queue
[2023-01-12T07:41:52.994-0500] {logging_mixin.py:137} INFO - [2023-01-12T07:41:52.994-0500] {dagbag.py:538} INFO - Filling up the DagBag from /Library/Frameworks/Python.framework/Versions/3.9/lib/python3.9/site-packages/airflow/example_dags/example_nested_branch_dag.py
[2023-01-12T07:41:53.065-0500] {processor.py:753} INFO - DAG(s) dict_keys(['example_nested_branch_dag']) retrieved from /Library/Frameworks/Python.framework/Versions/3.9/lib/python3.9/site-packages/airflow/example_dags/example_nested_branch_dag.py
[2023-01-12T07:41:53.919-0500] {logging_mixin.py:137} INFO - [2023-01-12T07:41:53.918-0500] {dag.py:2676} INFO - Sync 1 DAGs
[2023-01-12T07:41:53.951-0500] {logging_mixin.py:137} INFO - [2023-01-12T07:41:53.951-0500] {dag.py:3423} INFO - Setting next_dagrun for example_nested_branch_dag to 2023-01-11T00:00:00+00:00, run_after=2023-01-12T00:00:00+00:00
[2023-01-12T07:41:53.980-0500] {processor.py:175} INFO - Processing /Library/Frameworks/Python.framework/Versions/3.9/lib/python3.9/site-packages/airflow/example_dags/example_nested_branch_dag.py took 0.995 seconds
[2023-01-12T07:45:53.106-0500] {processor.py:153} INFO - Started process (PID=15879) to work on /Library/Frameworks/Python.framework/Versions/3.9/lib/python3.9/site-packages/airflow/example_dags/example_nested_branch_dag.py
[2023-01-12T07:45:53.111-0500] {processor.py:743} INFO - Processing file /Library/Frameworks/Python.framework/Versions/3.9/lib/python3.9/site-packages/airflow/example_dags/example_nested_branch_dag.py for tasks to queue
[2023-01-12T07:45:53.112-0500] {logging_mixin.py:137} INFO - [2023-01-12T07:45:53.112-0500] {dagbag.py:538} INFO - Filling up the DagBag from /Library/Frameworks/Python.framework/Versions/3.9/lib/python3.9/site-packages/airflow/example_dags/example_nested_branch_dag.py
[2023-01-12T07:45:53.166-0500] {processor.py:753} INFO - DAG(s) dict_keys(['example_nested_branch_dag']) retrieved from /Library/Frameworks/Python.framework/Versions/3.9/lib/python3.9/site-packages/airflow/example_dags/example_nested_branch_dag.py
[2023-01-12T07:45:53.785-0500] {logging_mixin.py:137} INFO - [2023-01-12T07:45:53.785-0500] {dag.py:2676} INFO - Sync 1 DAGs
[2023-01-12T07:45:53.803-0500] {logging_mixin.py:137} INFO - [2023-01-12T07:45:53.803-0500] {dag.py:3423} INFO - Setting next_dagrun for example_nested_branch_dag to 2023-01-11T00:00:00+00:00, run_after=2023-01-12T00:00:00+00:00
[2023-01-12T07:45:53.822-0500] {processor.py:175} INFO - Processing /Library/Frameworks/Python.framework/Versions/3.9/lib/python3.9/site-packages/airflow/example_dags/example_nested_branch_dag.py took 0.716 seconds
[2023-01-12T07:49:32.243-0500] {processor.py:153} INFO - Started process (PID=15984) to work on /Library/Frameworks/Python.framework/Versions/3.9/lib/python3.9/site-packages/airflow/example_dags/example_nested_branch_dag.py
[2023-01-12T07:49:32.249-0500] {processor.py:743} INFO - Processing file /Library/Frameworks/Python.framework/Versions/3.9/lib/python3.9/site-packages/airflow/example_dags/example_nested_branch_dag.py for tasks to queue
[2023-01-12T07:49:32.250-0500] {logging_mixin.py:137} INFO - [2023-01-12T07:49:32.249-0500] {dagbag.py:538} INFO - Filling up the DagBag from /Library/Frameworks/Python.framework/Versions/3.9/lib/python3.9/site-packages/airflow/example_dags/example_nested_branch_dag.py
[2023-01-12T07:49:32.312-0500] {processor.py:753} INFO - DAG(s) dict_keys(['example_nested_branch_dag']) retrieved from /Library/Frameworks/Python.framework/Versions/3.9/lib/python3.9/site-packages/airflow/example_dags/example_nested_branch_dag.py
[2023-01-12T07:49:32.944-0500] {logging_mixin.py:137} INFO - [2023-01-12T07:49:32.943-0500] {dag.py:2676} INFO - Sync 1 DAGs
[2023-01-12T07:49:32.962-0500] {logging_mixin.py:137} INFO - [2023-01-12T07:49:32.961-0500] {dag.py:3423} INFO - Setting next_dagrun for example_nested_branch_dag to 2023-01-11T00:00:00+00:00, run_after=2023-01-12T00:00:00+00:00
[2023-01-12T07:49:32.981-0500] {processor.py:175} INFO - Processing /Library/Frameworks/Python.framework/Versions/3.9/lib/python3.9/site-packages/airflow/example_dags/example_nested_branch_dag.py took 0.739 seconds
[2023-01-12T07:51:42.073-0500] {processor.py:153} INFO - Started process (PID=16103) to work on /Library/Frameworks/Python.framework/Versions/3.9/lib/python3.9/site-packages/airflow/example_dags/example_nested_branch_dag.py
[2023-01-12T07:51:42.079-0500] {processor.py:743} INFO - Processing file /Library/Frameworks/Python.framework/Versions/3.9/lib/python3.9/site-packages/airflow/example_dags/example_nested_branch_dag.py for tasks to queue
[2023-01-12T07:51:42.080-0500] {logging_mixin.py:137} INFO - [2023-01-12T07:51:42.080-0500] {dagbag.py:538} INFO - Filling up the DagBag from /Library/Frameworks/Python.framework/Versions/3.9/lib/python3.9/site-packages/airflow/example_dags/example_nested_branch_dag.py
[2023-01-12T07:51:42.146-0500] {processor.py:753} INFO - DAG(s) dict_keys(['example_nested_branch_dag']) retrieved from /Library/Frameworks/Python.framework/Versions/3.9/lib/python3.9/site-packages/airflow/example_dags/example_nested_branch_dag.py
[2023-01-12T07:51:42.848-0500] {logging_mixin.py:137} INFO - [2023-01-12T07:51:42.847-0500] {dag.py:2676} INFO - Sync 1 DAGs
[2023-01-12T07:51:42.867-0500] {logging_mixin.py:137} INFO - [2023-01-12T07:51:42.866-0500] {dag.py:3423} INFO - Setting next_dagrun for example_nested_branch_dag to 2023-01-11T00:00:00+00:00, run_after=2023-01-12T00:00:00+00:00
[2023-01-12T07:51:42.887-0500] {processor.py:175} INFO - Processing /Library/Frameworks/Python.framework/Versions/3.9/lib/python3.9/site-packages/airflow/example_dags/example_nested_branch_dag.py took 0.815 seconds
[2023-01-12T07:53:45.466-0500] {processor.py:153} INFO - Started process (PID=16143) to work on /Library/Frameworks/Python.framework/Versions/3.9/lib/python3.9/site-packages/airflow/example_dags/example_nested_branch_dag.py
[2023-01-12T07:53:45.473-0500] {processor.py:743} INFO - Processing file /Library/Frameworks/Python.framework/Versions/3.9/lib/python3.9/site-packages/airflow/example_dags/example_nested_branch_dag.py for tasks to queue
[2023-01-12T07:53:45.473-0500] {logging_mixin.py:137} INFO - [2023-01-12T07:53:45.473-0500] {dagbag.py:538} INFO - Filling up the DagBag from /Library/Frameworks/Python.framework/Versions/3.9/lib/python3.9/site-packages/airflow/example_dags/example_nested_branch_dag.py
[2023-01-12T07:53:45.536-0500] {processor.py:753} INFO - DAG(s) dict_keys(['example_nested_branch_dag']) retrieved from /Library/Frameworks/Python.framework/Versions/3.9/lib/python3.9/site-packages/airflow/example_dags/example_nested_branch_dag.py
[2023-01-12T07:53:46.267-0500] {logging_mixin.py:137} INFO - [2023-01-12T07:53:46.267-0500] {dag.py:2676} INFO - Sync 1 DAGs
[2023-01-12T07:53:46.291-0500] {logging_mixin.py:137} INFO - [2023-01-12T07:53:46.291-0500] {dag.py:3423} INFO - Setting next_dagrun for example_nested_branch_dag to 2023-01-11T00:00:00+00:00, run_after=2023-01-12T00:00:00+00:00
[2023-01-12T07:53:46.387-0500] {processor.py:175} INFO - Processing /Library/Frameworks/Python.framework/Versions/3.9/lib/python3.9/site-packages/airflow/example_dags/example_nested_branch_dag.py took 0.922 seconds
[2023-01-12T07:57:43.764-0500] {processor.py:153} INFO - Started process (PID=16344) to work on /Library/Frameworks/Python.framework/Versions/3.9/lib/python3.9/site-packages/airflow/example_dags/example_nested_branch_dag.py
[2023-01-12T07:57:43.770-0500] {processor.py:743} INFO - Processing file /Library/Frameworks/Python.framework/Versions/3.9/lib/python3.9/site-packages/airflow/example_dags/example_nested_branch_dag.py for tasks to queue
[2023-01-12T07:57:43.770-0500] {logging_mixin.py:137} INFO - [2023-01-12T07:57:43.770-0500] {dagbag.py:538} INFO - Filling up the DagBag from /Library/Frameworks/Python.framework/Versions/3.9/lib/python3.9/site-packages/airflow/example_dags/example_nested_branch_dag.py
[2023-01-12T07:57:43.827-0500] {processor.py:753} INFO - DAG(s) dict_keys(['example_nested_branch_dag']) retrieved from /Library/Frameworks/Python.framework/Versions/3.9/lib/python3.9/site-packages/airflow/example_dags/example_nested_branch_dag.py
[2023-01-12T07:57:44.507-0500] {logging_mixin.py:137} INFO - [2023-01-12T07:57:44.506-0500] {dag.py:2676} INFO - Sync 1 DAGs
[2023-01-12T07:57:44.555-0500] {logging_mixin.py:137} INFO - [2023-01-12T07:57:44.555-0500] {dag.py:3423} INFO - Setting next_dagrun for example_nested_branch_dag to 2023-01-11T00:00:00+00:00, run_after=2023-01-12T00:00:00+00:00
[2023-01-12T07:57:44.577-0500] {processor.py:175} INFO - Processing /Library/Frameworks/Python.framework/Versions/3.9/lib/python3.9/site-packages/airflow/example_dags/example_nested_branch_dag.py took 0.813 seconds
[2023-01-12T08:02:11.197-0500] {processor.py:153} INFO - Started process (PID=16503) to work on /Library/Frameworks/Python.framework/Versions/3.9/lib/python3.9/site-packages/airflow/example_dags/example_nested_branch_dag.py
[2023-01-12T08:02:11.207-0500] {processor.py:743} INFO - Processing file /Library/Frameworks/Python.framework/Versions/3.9/lib/python3.9/site-packages/airflow/example_dags/example_nested_branch_dag.py for tasks to queue
[2023-01-12T08:02:11.208-0500] {logging_mixin.py:137} INFO - [2023-01-12T08:02:11.208-0500] {dagbag.py:538} INFO - Filling up the DagBag from /Library/Frameworks/Python.framework/Versions/3.9/lib/python3.9/site-packages/airflow/example_dags/example_nested_branch_dag.py
[2023-01-12T08:02:11.312-0500] {processor.py:753} INFO - DAG(s) dict_keys(['example_nested_branch_dag']) retrieved from /Library/Frameworks/Python.framework/Versions/3.9/lib/python3.9/site-packages/airflow/example_dags/example_nested_branch_dag.py
[2023-01-12T08:02:12.962-0500] {logging_mixin.py:137} INFO - [2023-01-12T08:02:12.962-0500] {dag.py:2676} INFO - Sync 1 DAGs
[2023-01-12T08:02:13.005-0500] {logging_mixin.py:137} INFO - [2023-01-12T08:02:13.005-0500] {dag.py:3423} INFO - Setting next_dagrun for example_nested_branch_dag to 2023-01-11T00:00:00+00:00, run_after=2023-01-12T00:00:00+00:00
[2023-01-12T08:02:13.046-0500] {processor.py:175} INFO - Processing /Library/Frameworks/Python.framework/Versions/3.9/lib/python3.9/site-packages/airflow/example_dags/example_nested_branch_dag.py took 1.850 seconds
[2023-01-12T08:05:53.818-0500] {processor.py:153} INFO - Started process (PID=16609) to work on /Library/Frameworks/Python.framework/Versions/3.9/lib/python3.9/site-packages/airflow/example_dags/example_nested_branch_dag.py
[2023-01-12T08:05:53.828-0500] {processor.py:743} INFO - Processing file /Library/Frameworks/Python.framework/Versions/3.9/lib/python3.9/site-packages/airflow/example_dags/example_nested_branch_dag.py for tasks to queue
[2023-01-12T08:05:53.829-0500] {logging_mixin.py:137} INFO - [2023-01-12T08:05:53.829-0500] {dagbag.py:538} INFO - Filling up the DagBag from /Library/Frameworks/Python.framework/Versions/3.9/lib/python3.9/site-packages/airflow/example_dags/example_nested_branch_dag.py
[2023-01-12T08:05:53.932-0500] {processor.py:753} INFO - DAG(s) dict_keys(['example_nested_branch_dag']) retrieved from /Library/Frameworks/Python.framework/Versions/3.9/lib/python3.9/site-packages/airflow/example_dags/example_nested_branch_dag.py
[2023-01-12T08:05:55.114-0500] {logging_mixin.py:137} INFO - [2023-01-12T08:05:55.114-0500] {dag.py:2676} INFO - Sync 1 DAGs
[2023-01-12T08:05:55.152-0500] {logging_mixin.py:137} INFO - [2023-01-12T08:05:55.152-0500] {dag.py:3423} INFO - Setting next_dagrun for example_nested_branch_dag to 2023-01-11T00:00:00+00:00, run_after=2023-01-12T00:00:00+00:00
[2023-01-12T08:05:55.185-0500] {processor.py:175} INFO - Processing /Library/Frameworks/Python.framework/Versions/3.9/lib/python3.9/site-packages/airflow/example_dags/example_nested_branch_dag.py took 1.369 seconds
[2023-01-12T08:10:06.880-0500] {processor.py:153} INFO - Started process (PID=16752) to work on /Library/Frameworks/Python.framework/Versions/3.9/lib/python3.9/site-packages/airflow/example_dags/example_nested_branch_dag.py
[2023-01-12T08:10:06.890-0500] {processor.py:743} INFO - Processing file /Library/Frameworks/Python.framework/Versions/3.9/lib/python3.9/site-packages/airflow/example_dags/example_nested_branch_dag.py for tasks to queue
[2023-01-12T08:10:06.891-0500] {logging_mixin.py:137} INFO - [2023-01-12T08:10:06.891-0500] {dagbag.py:538} INFO - Filling up the DagBag from /Library/Frameworks/Python.framework/Versions/3.9/lib/python3.9/site-packages/airflow/example_dags/example_nested_branch_dag.py
[2023-01-12T08:10:07.017-0500] {processor.py:753} INFO - DAG(s) dict_keys(['example_nested_branch_dag']) retrieved from /Library/Frameworks/Python.framework/Versions/3.9/lib/python3.9/site-packages/airflow/example_dags/example_nested_branch_dag.py
[2023-01-12T08:10:08.321-0500] {logging_mixin.py:137} INFO - [2023-01-12T08:10:08.320-0500] {dag.py:2676} INFO - Sync 1 DAGs
[2023-01-12T08:10:08.354-0500] {logging_mixin.py:137} INFO - [2023-01-12T08:10:08.354-0500] {dag.py:3423} INFO - Setting next_dagrun for example_nested_branch_dag to 2023-01-11T00:00:00+00:00, run_after=2023-01-12T00:00:00+00:00
[2023-01-12T08:10:08.387-0500] {processor.py:175} INFO - Processing /Library/Frameworks/Python.framework/Versions/3.9/lib/python3.9/site-packages/airflow/example_dags/example_nested_branch_dag.py took 1.508 seconds
[2023-01-12T08:20:06.894-0500] {processor.py:153} INFO - Started process (PID=17237) to work on /Library/Frameworks/Python.framework/Versions/3.9/lib/python3.9/site-packages/airflow/example_dags/example_nested_branch_dag.py
[2023-01-12T08:20:06.903-0500] {processor.py:743} INFO - Processing file /Library/Frameworks/Python.framework/Versions/3.9/lib/python3.9/site-packages/airflow/example_dags/example_nested_branch_dag.py for tasks to queue
[2023-01-12T08:20:06.904-0500] {logging_mixin.py:137} INFO - [2023-01-12T08:20:06.904-0500] {dagbag.py:538} INFO - Filling up the DagBag from /Library/Frameworks/Python.framework/Versions/3.9/lib/python3.9/site-packages/airflow/example_dags/example_nested_branch_dag.py
[2023-01-12T08:20:07.004-0500] {processor.py:753} INFO - DAG(s) dict_keys(['example_nested_branch_dag']) retrieved from /Library/Frameworks/Python.framework/Versions/3.9/lib/python3.9/site-packages/airflow/example_dags/example_nested_branch_dag.py
[2023-01-12T08:20:08.077-0500] {logging_mixin.py:137} INFO - [2023-01-12T08:20:08.076-0500] {dag.py:2676} INFO - Sync 1 DAGs
[2023-01-12T08:20:08.109-0500] {logging_mixin.py:137} INFO - [2023-01-12T08:20:08.108-0500] {dag.py:3423} INFO - Setting next_dagrun for example_nested_branch_dag to 2023-01-11T00:00:00+00:00, run_after=2023-01-12T00:00:00+00:00
[2023-01-12T08:20:08.181-0500] {processor.py:175} INFO - Processing /Library/Frameworks/Python.framework/Versions/3.9/lib/python3.9/site-packages/airflow/example_dags/example_nested_branch_dag.py took 1.289 seconds
[2023-01-12T08:27:00.105-0500] {processor.py:153} INFO - Started process (PID=17476) to work on /Library/Frameworks/Python.framework/Versions/3.9/lib/python3.9/site-packages/airflow/example_dags/example_nested_branch_dag.py
[2023-01-12T08:27:00.115-0500] {processor.py:743} INFO - Processing file /Library/Frameworks/Python.framework/Versions/3.9/lib/python3.9/site-packages/airflow/example_dags/example_nested_branch_dag.py for tasks to queue
[2023-01-12T08:27:00.116-0500] {logging_mixin.py:137} INFO - [2023-01-12T08:27:00.116-0500] {dagbag.py:538} INFO - Filling up the DagBag from /Library/Frameworks/Python.framework/Versions/3.9/lib/python3.9/site-packages/airflow/example_dags/example_nested_branch_dag.py
[2023-01-12T08:27:00.249-0500] {processor.py:753} INFO - DAG(s) dict_keys(['example_nested_branch_dag']) retrieved from /Library/Frameworks/Python.framework/Versions/3.9/lib/python3.9/site-packages/airflow/example_dags/example_nested_branch_dag.py
[2023-01-12T08:27:01.832-0500] {logging_mixin.py:137} INFO - [2023-01-12T08:27:01.832-0500] {dag.py:2676} INFO - Sync 1 DAGs
[2023-01-12T08:27:01.864-0500] {logging_mixin.py:137} INFO - [2023-01-12T08:27:01.863-0500] {dag.py:3423} INFO - Setting next_dagrun for example_nested_branch_dag to 2023-01-11T00:00:00+00:00, run_after=2023-01-12T00:00:00+00:00
[2023-01-12T08:27:01.900-0500] {processor.py:175} INFO - Processing /Library/Frameworks/Python.framework/Versions/3.9/lib/python3.9/site-packages/airflow/example_dags/example_nested_branch_dag.py took 1.797 seconds
