[2023-01-12T06:01:42.185-0500] {processor.py:153} INFO - Started process (PID=14816) to work on /Library/Frameworks/Python.framework/Versions/3.9/lib/python3.9/site-packages/airflow/example_dags/example_time_delta_sensor_async.py
[2023-01-12T06:01:42.190-0500] {processor.py:743} INFO - Processing file /Library/Frameworks/Python.framework/Versions/3.9/lib/python3.9/site-packages/airflow/example_dags/example_time_delta_sensor_async.py for tasks to queue
[2023-01-12T06:01:42.190-0500] {logging_mixin.py:137} INFO - [2023-01-12T06:01:42.190-0500] {dagbag.py:538} INFO - Filling up the DagBag from /Library/Frameworks/Python.framework/Versions/3.9/lib/python3.9/site-packages/airflow/example_dags/example_time_delta_sensor_async.py
[2023-01-12T06:01:42.225-0500] {processor.py:753} INFO - DAG(s) dict_keys(['example_time_delta_sensor_async']) retrieved from /Library/Frameworks/Python.framework/Versions/3.9/lib/python3.9/site-packages/airflow/example_dags/example_time_delta_sensor_async.py
[2023-01-12T06:01:44.438-0500] {logging_mixin.py:137} INFO - [2023-01-12T06:01:44.437-0500] {dag.py:2676} INFO - Sync 1 DAGs
[2023-01-12T06:01:44.455-0500] {logging_mixin.py:137} INFO - [2023-01-12T06:01:44.455-0500] {dag.py:3423} INFO - Setting next_dagrun for example_time_delta_sensor_async to None, run_after=None
[2023-01-12T06:01:44.477-0500] {processor.py:175} INFO - Processing /Library/Frameworks/Python.framework/Versions/3.9/lib/python3.9/site-packages/airflow/example_dags/example_time_delta_sensor_async.py took 2.292 seconds
[2023-01-12T07:24:34.662-0500] {processor.py:153} INFO - Started process (PID=15032) to work on /Library/Frameworks/Python.framework/Versions/3.9/lib/python3.9/site-packages/airflow/example_dags/example_time_delta_sensor_async.py
[2023-01-12T07:24:34.668-0500] {processor.py:743} INFO - Processing file /Library/Frameworks/Python.framework/Versions/3.9/lib/python3.9/site-packages/airflow/example_dags/example_time_delta_sensor_async.py for tasks to queue
[2023-01-12T07:24:34.668-0500] {logging_mixin.py:137} INFO - [2023-01-12T07:24:34.668-0500] {dagbag.py:538} INFO - Filling up the DagBag from /Library/Frameworks/Python.framework/Versions/3.9/lib/python3.9/site-packages/airflow/example_dags/example_time_delta_sensor_async.py
[2023-01-12T07:24:34.705-0500] {processor.py:753} INFO - DAG(s) dict_keys(['example_time_delta_sensor_async']) retrieved from /Library/Frameworks/Python.framework/Versions/3.9/lib/python3.9/site-packages/airflow/example_dags/example_time_delta_sensor_async.py
[2023-01-12T07:24:35.835-0500] {logging_mixin.py:137} INFO - [2023-01-12T07:24:35.834-0500] {dag.py:2676} INFO - Sync 1 DAGs
[2023-01-12T07:24:35.851-0500] {logging_mixin.py:137} INFO - [2023-01-12T07:24:35.851-0500] {dag.py:3423} INFO - Setting next_dagrun for example_time_delta_sensor_async to None, run_after=None
[2023-01-12T07:24:35.870-0500] {processor.py:175} INFO - Processing /Library/Frameworks/Python.framework/Versions/3.9/lib/python3.9/site-packages/airflow/example_dags/example_time_delta_sensor_async.py took 1.209 seconds
[2023-01-12T07:26:31.229-0500] {processor.py:153} INFO - Started process (PID=15115) to work on /Library/Frameworks/Python.framework/Versions/3.9/lib/python3.9/site-packages/airflow/example_dags/example_time_delta_sensor_async.py
[2023-01-12T07:26:31.235-0500] {processor.py:743} INFO - Processing file /Library/Frameworks/Python.framework/Versions/3.9/lib/python3.9/site-packages/airflow/example_dags/example_time_delta_sensor_async.py for tasks to queue
[2023-01-12T07:26:31.235-0500] {logging_mixin.py:137} INFO - [2023-01-12T07:26:31.235-0500] {dagbag.py:538} INFO - Filling up the DagBag from /Library/Frameworks/Python.framework/Versions/3.9/lib/python3.9/site-packages/airflow/example_dags/example_time_delta_sensor_async.py
[2023-01-12T07:26:31.269-0500] {processor.py:753} INFO - DAG(s) dict_keys(['example_time_delta_sensor_async']) retrieved from /Library/Frameworks/Python.framework/Versions/3.9/lib/python3.9/site-packages/airflow/example_dags/example_time_delta_sensor_async.py
[2023-01-12T07:26:32.535-0500] {logging_mixin.py:137} INFO - [2023-01-12T07:26:32.535-0500] {dag.py:2676} INFO - Sync 1 DAGs
[2023-01-12T07:26:32.553-0500] {logging_mixin.py:137} INFO - [2023-01-12T07:26:32.553-0500] {dag.py:3423} INFO - Setting next_dagrun for example_time_delta_sensor_async to None, run_after=None
[2023-01-12T07:26:32.605-0500] {processor.py:175} INFO - Processing /Library/Frameworks/Python.framework/Versions/3.9/lib/python3.9/site-packages/airflow/example_dags/example_time_delta_sensor_async.py took 1.377 seconds
[2023-01-12T07:28:14.268-0500] {processor.py:153} INFO - Started process (PID=15160) to work on /Library/Frameworks/Python.framework/Versions/3.9/lib/python3.9/site-packages/airflow/example_dags/example_time_delta_sensor_async.py
[2023-01-12T07:28:14.274-0500] {processor.py:743} INFO - Processing file /Library/Frameworks/Python.framework/Versions/3.9/lib/python3.9/site-packages/airflow/example_dags/example_time_delta_sensor_async.py for tasks to queue
[2023-01-12T07:28:14.274-0500] {logging_mixin.py:137} INFO - [2023-01-12T07:28:14.274-0500] {dagbag.py:538} INFO - Filling up the DagBag from /Library/Frameworks/Python.framework/Versions/3.9/lib/python3.9/site-packages/airflow/example_dags/example_time_delta_sensor_async.py
[2023-01-12T07:28:14.304-0500] {processor.py:753} INFO - DAG(s) dict_keys(['example_time_delta_sensor_async']) retrieved from /Library/Frameworks/Python.framework/Versions/3.9/lib/python3.9/site-packages/airflow/example_dags/example_time_delta_sensor_async.py
[2023-01-12T07:28:15.476-0500] {logging_mixin.py:137} INFO - [2023-01-12T07:28:15.475-0500] {dag.py:2676} INFO - Sync 1 DAGs
[2023-01-12T07:28:15.494-0500] {logging_mixin.py:137} INFO - [2023-01-12T07:28:15.494-0500] {dag.py:3423} INFO - Setting next_dagrun for example_time_delta_sensor_async to None, run_after=None
[2023-01-12T07:28:15.515-0500] {processor.py:175} INFO - Processing /Library/Frameworks/Python.framework/Versions/3.9/lib/python3.9/site-packages/airflow/example_dags/example_time_delta_sensor_async.py took 1.248 seconds
[2023-01-12T07:30:03.903-0500] {processor.py:153} INFO - Started process (PID=15274) to work on /Library/Frameworks/Python.framework/Versions/3.9/lib/python3.9/site-packages/airflow/example_dags/example_time_delta_sensor_async.py
[2023-01-12T07:30:03.917-0500] {processor.py:743} INFO - Processing file /Library/Frameworks/Python.framework/Versions/3.9/lib/python3.9/site-packages/airflow/example_dags/example_time_delta_sensor_async.py for tasks to queue
[2023-01-12T07:30:03.917-0500] {logging_mixin.py:137} INFO - [2023-01-12T07:30:03.917-0500] {dagbag.py:538} INFO - Filling up the DagBag from /Library/Frameworks/Python.framework/Versions/3.9/lib/python3.9/site-packages/airflow/example_dags/example_time_delta_sensor_async.py
[2023-01-12T07:30:03.949-0500] {processor.py:753} INFO - DAG(s) dict_keys(['example_time_delta_sensor_async']) retrieved from /Library/Frameworks/Python.framework/Versions/3.9/lib/python3.9/site-packages/airflow/example_dags/example_time_delta_sensor_async.py
[2023-01-12T07:30:04.901-0500] {logging_mixin.py:137} INFO - [2023-01-12T07:30:04.901-0500] {dag.py:2676} INFO - Sync 1 DAGs
[2023-01-12T07:30:04.919-0500] {logging_mixin.py:137} INFO - [2023-01-12T07:30:04.919-0500] {dag.py:3423} INFO - Setting next_dagrun for example_time_delta_sensor_async to None, run_after=None
[2023-01-12T07:30:04.955-0500] {processor.py:175} INFO - Processing /Library/Frameworks/Python.framework/Versions/3.9/lib/python3.9/site-packages/airflow/example_dags/example_time_delta_sensor_async.py took 1.054 seconds
[2023-01-12T07:31:50.118-0500] {processor.py:153} INFO - Started process (PID=15449) to work on /Library/Frameworks/Python.framework/Versions/3.9/lib/python3.9/site-packages/airflow/example_dags/example_time_delta_sensor_async.py
[2023-01-12T07:31:50.124-0500] {processor.py:743} INFO - Processing file /Library/Frameworks/Python.framework/Versions/3.9/lib/python3.9/site-packages/airflow/example_dags/example_time_delta_sensor_async.py for tasks to queue
[2023-01-12T07:31:50.125-0500] {logging_mixin.py:137} INFO - [2023-01-12T07:31:50.125-0500] {dagbag.py:538} INFO - Filling up the DagBag from /Library/Frameworks/Python.framework/Versions/3.9/lib/python3.9/site-packages/airflow/example_dags/example_time_delta_sensor_async.py
[2023-01-12T07:31:50.156-0500] {processor.py:753} INFO - DAG(s) dict_keys(['example_time_delta_sensor_async']) retrieved from /Library/Frameworks/Python.framework/Versions/3.9/lib/python3.9/site-packages/airflow/example_dags/example_time_delta_sensor_async.py
[2023-01-12T07:31:51.219-0500] {logging_mixin.py:137} INFO - [2023-01-12T07:31:51.219-0500] {dag.py:2676} INFO - Sync 1 DAGs
[2023-01-12T07:31:51.239-0500] {logging_mixin.py:137} INFO - [2023-01-12T07:31:51.239-0500] {dag.py:3423} INFO - Setting next_dagrun for example_time_delta_sensor_async to None, run_after=None
[2023-01-12T07:31:51.265-0500] {processor.py:175} INFO - Processing /Library/Frameworks/Python.framework/Versions/3.9/lib/python3.9/site-packages/airflow/example_dags/example_time_delta_sensor_async.py took 1.148 seconds
[2023-01-12T07:33:37.714-0500] {processor.py:153} INFO - Started process (PID=15500) to work on /Library/Frameworks/Python.framework/Versions/3.9/lib/python3.9/site-packages/airflow/example_dags/example_time_delta_sensor_async.py
[2023-01-12T07:33:37.720-0500] {processor.py:743} INFO - Processing file /Library/Frameworks/Python.framework/Versions/3.9/lib/python3.9/site-packages/airflow/example_dags/example_time_delta_sensor_async.py for tasks to queue
[2023-01-12T07:33:37.720-0500] {logging_mixin.py:137} INFO - [2023-01-12T07:33:37.720-0500] {dagbag.py:538} INFO - Filling up the DagBag from /Library/Frameworks/Python.framework/Versions/3.9/lib/python3.9/site-packages/airflow/example_dags/example_time_delta_sensor_async.py
[2023-01-12T07:33:37.750-0500] {processor.py:753} INFO - DAG(s) dict_keys(['example_time_delta_sensor_async']) retrieved from /Library/Frameworks/Python.framework/Versions/3.9/lib/python3.9/site-packages/airflow/example_dags/example_time_delta_sensor_async.py
[2023-01-12T07:33:38.759-0500] {logging_mixin.py:137} INFO - [2023-01-12T07:33:38.759-0500] {dag.py:2676} INFO - Sync 1 DAGs
[2023-01-12T07:33:38.775-0500] {logging_mixin.py:137} INFO - [2023-01-12T07:33:38.775-0500] {dag.py:3423} INFO - Setting next_dagrun for example_time_delta_sensor_async to None, run_after=None
[2023-01-12T07:33:38.794-0500] {processor.py:175} INFO - Processing /Library/Frameworks/Python.framework/Versions/3.9/lib/python3.9/site-packages/airflow/example_dags/example_time_delta_sensor_async.py took 1.081 seconds
[2023-01-12T07:35:26.373-0500] {processor.py:153} INFO - Started process (PID=15553) to work on /Library/Frameworks/Python.framework/Versions/3.9/lib/python3.9/site-packages/airflow/example_dags/example_time_delta_sensor_async.py
[2023-01-12T07:35:26.382-0500] {processor.py:743} INFO - Processing file /Library/Frameworks/Python.framework/Versions/3.9/lib/python3.9/site-packages/airflow/example_dags/example_time_delta_sensor_async.py for tasks to queue
[2023-01-12T07:35:26.383-0500] {logging_mixin.py:137} INFO - [2023-01-12T07:35:26.383-0500] {dagbag.py:538} INFO - Filling up the DagBag from /Library/Frameworks/Python.framework/Versions/3.9/lib/python3.9/site-packages/airflow/example_dags/example_time_delta_sensor_async.py
[2023-01-12T07:35:26.452-0500] {processor.py:753} INFO - DAG(s) dict_keys(['example_time_delta_sensor_async']) retrieved from /Library/Frameworks/Python.framework/Versions/3.9/lib/python3.9/site-packages/airflow/example_dags/example_time_delta_sensor_async.py
[2023-01-12T07:35:28.165-0500] {logging_mixin.py:137} INFO - [2023-01-12T07:35:28.165-0500] {dag.py:2676} INFO - Sync 1 DAGs
[2023-01-12T07:35:28.184-0500] {logging_mixin.py:137} INFO - [2023-01-12T07:35:28.184-0500] {dag.py:3423} INFO - Setting next_dagrun for example_time_delta_sensor_async to None, run_after=None
[2023-01-12T07:35:28.206-0500] {processor.py:175} INFO - Processing /Library/Frameworks/Python.framework/Versions/3.9/lib/python3.9/site-packages/airflow/example_dags/example_time_delta_sensor_async.py took 1.835 seconds
[2023-01-12T07:37:12.480-0500] {processor.py:153} INFO - Started process (PID=15583) to work on /Library/Frameworks/Python.framework/Versions/3.9/lib/python3.9/site-packages/airflow/example_dags/example_time_delta_sensor_async.py
[2023-01-12T07:37:12.487-0500] {processor.py:743} INFO - Processing file /Library/Frameworks/Python.framework/Versions/3.9/lib/python3.9/site-packages/airflow/example_dags/example_time_delta_sensor_async.py for tasks to queue
[2023-01-12T07:37:12.487-0500] {logging_mixin.py:137} INFO - [2023-01-12T07:37:12.487-0500] {dagbag.py:538} INFO - Filling up the DagBag from /Library/Frameworks/Python.framework/Versions/3.9/lib/python3.9/site-packages/airflow/example_dags/example_time_delta_sensor_async.py
[2023-01-12T07:37:12.518-0500] {processor.py:753} INFO - DAG(s) dict_keys(['example_time_delta_sensor_async']) retrieved from /Library/Frameworks/Python.framework/Versions/3.9/lib/python3.9/site-packages/airflow/example_dags/example_time_delta_sensor_async.py
[2023-01-12T07:37:13.425-0500] {logging_mixin.py:137} INFO - [2023-01-12T07:37:13.425-0500] {dag.py:2676} INFO - Sync 1 DAGs
[2023-01-12T07:37:13.440-0500] {logging_mixin.py:137} INFO - [2023-01-12T07:37:13.440-0500] {dag.py:3423} INFO - Setting next_dagrun for example_time_delta_sensor_async to None, run_after=None
[2023-01-12T07:37:13.458-0500] {processor.py:175} INFO - Processing /Library/Frameworks/Python.framework/Versions/3.9/lib/python3.9/site-packages/airflow/example_dags/example_time_delta_sensor_async.py took 0.979 seconds
[2023-01-12T07:39:00.982-0500] {processor.py:153} INFO - Started process (PID=15633) to work on /Library/Frameworks/Python.framework/Versions/3.9/lib/python3.9/site-packages/airflow/example_dags/example_time_delta_sensor_async.py
[2023-01-12T07:39:00.988-0500] {processor.py:743} INFO - Processing file /Library/Frameworks/Python.framework/Versions/3.9/lib/python3.9/site-packages/airflow/example_dags/example_time_delta_sensor_async.py for tasks to queue
[2023-01-12T07:39:00.988-0500] {logging_mixin.py:137} INFO - [2023-01-12T07:39:00.988-0500] {dagbag.py:538} INFO - Filling up the DagBag from /Library/Frameworks/Python.framework/Versions/3.9/lib/python3.9/site-packages/airflow/example_dags/example_time_delta_sensor_async.py
[2023-01-12T07:39:01.020-0500] {processor.py:753} INFO - DAG(s) dict_keys(['example_time_delta_sensor_async']) retrieved from /Library/Frameworks/Python.framework/Versions/3.9/lib/python3.9/site-packages/airflow/example_dags/example_time_delta_sensor_async.py
[2023-01-12T07:39:02.009-0500] {logging_mixin.py:137} INFO - [2023-01-12T07:39:02.009-0500] {dag.py:2676} INFO - Sync 1 DAGs
[2023-01-12T07:39:02.027-0500] {logging_mixin.py:137} INFO - [2023-01-12T07:39:02.027-0500] {dag.py:3423} INFO - Setting next_dagrun for example_time_delta_sensor_async to None, run_after=None
[2023-01-12T07:39:02.046-0500] {processor.py:175} INFO - Processing /Library/Frameworks/Python.framework/Versions/3.9/lib/python3.9/site-packages/airflow/example_dags/example_time_delta_sensor_async.py took 1.064 seconds
[2023-01-12T07:41:04.126-0500] {processor.py:153} INFO - Started process (PID=15752) to work on /Library/Frameworks/Python.framework/Versions/3.9/lib/python3.9/site-packages/airflow/example_dags/example_time_delta_sensor_async.py
[2023-01-12T07:41:04.135-0500] {processor.py:743} INFO - Processing file /Library/Frameworks/Python.framework/Versions/3.9/lib/python3.9/site-packages/airflow/example_dags/example_time_delta_sensor_async.py for tasks to queue
[2023-01-12T07:41:04.136-0500] {logging_mixin.py:137} INFO - [2023-01-12T07:41:04.136-0500] {dagbag.py:538} INFO - Filling up the DagBag from /Library/Frameworks/Python.framework/Versions/3.9/lib/python3.9/site-packages/airflow/example_dags/example_time_delta_sensor_async.py
[2023-01-12T07:41:04.170-0500] {processor.py:753} INFO - DAG(s) dict_keys(['example_time_delta_sensor_async']) retrieved from /Library/Frameworks/Python.framework/Versions/3.9/lib/python3.9/site-packages/airflow/example_dags/example_time_delta_sensor_async.py
[2023-01-12T07:41:05.284-0500] {logging_mixin.py:137} INFO - [2023-01-12T07:41:05.283-0500] {dag.py:2676} INFO - Sync 1 DAGs
[2023-01-12T07:41:05.301-0500] {logging_mixin.py:137} INFO - [2023-01-12T07:41:05.301-0500] {dag.py:3423} INFO - Setting next_dagrun for example_time_delta_sensor_async to None, run_after=None
[2023-01-12T07:41:05.320-0500] {processor.py:175} INFO - Processing /Library/Frameworks/Python.framework/Versions/3.9/lib/python3.9/site-packages/airflow/example_dags/example_time_delta_sensor_async.py took 1.194 seconds
[2023-01-12T07:43:07.577-0500] {processor.py:153} INFO - Started process (PID=15799) to work on /Library/Frameworks/Python.framework/Versions/3.9/lib/python3.9/site-packages/airflow/example_dags/example_time_delta_sensor_async.py
[2023-01-12T07:43:07.583-0500] {processor.py:743} INFO - Processing file /Library/Frameworks/Python.framework/Versions/3.9/lib/python3.9/site-packages/airflow/example_dags/example_time_delta_sensor_async.py for tasks to queue
[2023-01-12T07:43:07.583-0500] {logging_mixin.py:137} INFO - [2023-01-12T07:43:07.583-0500] {dagbag.py:538} INFO - Filling up the DagBag from /Library/Frameworks/Python.framework/Versions/3.9/lib/python3.9/site-packages/airflow/example_dags/example_time_delta_sensor_async.py
[2023-01-12T07:43:07.616-0500] {processor.py:753} INFO - DAG(s) dict_keys(['example_time_delta_sensor_async']) retrieved from /Library/Frameworks/Python.framework/Versions/3.9/lib/python3.9/site-packages/airflow/example_dags/example_time_delta_sensor_async.py
[2023-01-12T07:43:08.672-0500] {logging_mixin.py:137} INFO - [2023-01-12T07:43:08.672-0500] {dag.py:2676} INFO - Sync 1 DAGs
[2023-01-12T07:43:08.691-0500] {logging_mixin.py:137} INFO - [2023-01-12T07:43:08.691-0500] {dag.py:3423} INFO - Setting next_dagrun for example_time_delta_sensor_async to None, run_after=None
[2023-01-12T07:43:08.714-0500] {processor.py:175} INFO - Processing /Library/Frameworks/Python.framework/Versions/3.9/lib/python3.9/site-packages/airflow/example_dags/example_time_delta_sensor_async.py took 1.138 seconds
[2023-01-12T07:45:09.093-0500] {processor.py:153} INFO - Started process (PID=15853) to work on /Library/Frameworks/Python.framework/Versions/3.9/lib/python3.9/site-packages/airflow/example_dags/example_time_delta_sensor_async.py
[2023-01-12T07:45:09.101-0500] {processor.py:743} INFO - Processing file /Library/Frameworks/Python.framework/Versions/3.9/lib/python3.9/site-packages/airflow/example_dags/example_time_delta_sensor_async.py for tasks to queue
[2023-01-12T07:45:09.102-0500] {logging_mixin.py:137} INFO - [2023-01-12T07:45:09.102-0500] {dagbag.py:538} INFO - Filling up the DagBag from /Library/Frameworks/Python.framework/Versions/3.9/lib/python3.9/site-packages/airflow/example_dags/example_time_delta_sensor_async.py
[2023-01-12T07:45:09.143-0500] {processor.py:753} INFO - DAG(s) dict_keys(['example_time_delta_sensor_async']) retrieved from /Library/Frameworks/Python.framework/Versions/3.9/lib/python3.9/site-packages/airflow/example_dags/example_time_delta_sensor_async.py
[2023-01-12T07:45:10.497-0500] {logging_mixin.py:137} INFO - [2023-01-12T07:45:10.497-0500] {dag.py:2676} INFO - Sync 1 DAGs
[2023-01-12T07:45:10.523-0500] {logging_mixin.py:137} INFO - [2023-01-12T07:45:10.523-0500] {dag.py:3423} INFO - Setting next_dagrun for example_time_delta_sensor_async to None, run_after=None
[2023-01-12T07:45:10.595-0500] {processor.py:175} INFO - Processing /Library/Frameworks/Python.framework/Versions/3.9/lib/python3.9/site-packages/airflow/example_dags/example_time_delta_sensor_async.py took 1.503 seconds
[2023-01-12T07:47:03.704-0500] {processor.py:153} INFO - Started process (PID=15922) to work on /Library/Frameworks/Python.framework/Versions/3.9/lib/python3.9/site-packages/airflow/example_dags/example_time_delta_sensor_async.py
[2023-01-12T07:47:03.709-0500] {processor.py:743} INFO - Processing file /Library/Frameworks/Python.framework/Versions/3.9/lib/python3.9/site-packages/airflow/example_dags/example_time_delta_sensor_async.py for tasks to queue
[2023-01-12T07:47:03.710-0500] {logging_mixin.py:137} INFO - [2023-01-12T07:47:03.710-0500] {dagbag.py:538} INFO - Filling up the DagBag from /Library/Frameworks/Python.framework/Versions/3.9/lib/python3.9/site-packages/airflow/example_dags/example_time_delta_sensor_async.py
[2023-01-12T07:47:03.743-0500] {processor.py:753} INFO - DAG(s) dict_keys(['example_time_delta_sensor_async']) retrieved from /Library/Frameworks/Python.framework/Versions/3.9/lib/python3.9/site-packages/airflow/example_dags/example_time_delta_sensor_async.py
[2023-01-12T07:47:04.753-0500] {logging_mixin.py:137} INFO - [2023-01-12T07:47:04.752-0500] {dag.py:2676} INFO - Sync 1 DAGs
[2023-01-12T07:47:04.770-0500] {logging_mixin.py:137} INFO - [2023-01-12T07:47:04.770-0500] {dag.py:3423} INFO - Setting next_dagrun for example_time_delta_sensor_async to None, run_after=None
[2023-01-12T07:47:04.838-0500] {processor.py:175} INFO - Processing /Library/Frameworks/Python.framework/Versions/3.9/lib/python3.9/site-packages/airflow/example_dags/example_time_delta_sensor_async.py took 1.135 seconds
[2023-01-12T07:48:49.474-0500] {processor.py:153} INFO - Started process (PID=15960) to work on /Library/Frameworks/Python.framework/Versions/3.9/lib/python3.9/site-packages/airflow/example_dags/example_time_delta_sensor_async.py
[2023-01-12T07:48:49.480-0500] {processor.py:743} INFO - Processing file /Library/Frameworks/Python.framework/Versions/3.9/lib/python3.9/site-packages/airflow/example_dags/example_time_delta_sensor_async.py for tasks to queue
[2023-01-12T07:48:49.480-0500] {logging_mixin.py:137} INFO - [2023-01-12T07:48:49.480-0500] {dagbag.py:538} INFO - Filling up the DagBag from /Library/Frameworks/Python.framework/Versions/3.9/lib/python3.9/site-packages/airflow/example_dags/example_time_delta_sensor_async.py
[2023-01-12T07:48:49.513-0500] {processor.py:753} INFO - DAG(s) dict_keys(['example_time_delta_sensor_async']) retrieved from /Library/Frameworks/Python.framework/Versions/3.9/lib/python3.9/site-packages/airflow/example_dags/example_time_delta_sensor_async.py
[2023-01-12T07:48:50.536-0500] {logging_mixin.py:137} INFO - [2023-01-12T07:48:50.535-0500] {dag.py:2676} INFO - Sync 1 DAGs
[2023-01-12T07:48:50.568-0500] {logging_mixin.py:137} INFO - [2023-01-12T07:48:50.568-0500] {dag.py:3423} INFO - Setting next_dagrun for example_time_delta_sensor_async to None, run_after=None
[2023-01-12T07:48:50.590-0500] {processor.py:175} INFO - Processing /Library/Frameworks/Python.framework/Versions/3.9/lib/python3.9/site-packages/airflow/example_dags/example_time_delta_sensor_async.py took 1.117 seconds
[2023-01-12T07:50:58.457-0500] {processor.py:153} INFO - Started process (PID=16087) to work on /Library/Frameworks/Python.framework/Versions/3.9/lib/python3.9/site-packages/airflow/example_dags/example_time_delta_sensor_async.py
[2023-01-12T07:50:58.463-0500] {processor.py:743} INFO - Processing file /Library/Frameworks/Python.framework/Versions/3.9/lib/python3.9/site-packages/airflow/example_dags/example_time_delta_sensor_async.py for tasks to queue
[2023-01-12T07:50:58.464-0500] {logging_mixin.py:137} INFO - [2023-01-12T07:50:58.463-0500] {dagbag.py:538} INFO - Filling up the DagBag from /Library/Frameworks/Python.framework/Versions/3.9/lib/python3.9/site-packages/airflow/example_dags/example_time_delta_sensor_async.py
[2023-01-12T07:50:58.496-0500] {processor.py:753} INFO - DAG(s) dict_keys(['example_time_delta_sensor_async']) retrieved from /Library/Frameworks/Python.framework/Versions/3.9/lib/python3.9/site-packages/airflow/example_dags/example_time_delta_sensor_async.py
[2023-01-12T07:50:59.648-0500] {logging_mixin.py:137} INFO - [2023-01-12T07:50:59.647-0500] {dag.py:2676} INFO - Sync 1 DAGs
[2023-01-12T07:50:59.664-0500] {logging_mixin.py:137} INFO - [2023-01-12T07:50:59.664-0500] {dag.py:3423} INFO - Setting next_dagrun for example_time_delta_sensor_async to None, run_after=None
[2023-01-12T07:50:59.683-0500] {processor.py:175} INFO - Processing /Library/Frameworks/Python.framework/Versions/3.9/lib/python3.9/site-packages/airflow/example_dags/example_time_delta_sensor_async.py took 1.227 seconds
[2023-01-12T07:53:01.080-0500] {processor.py:153} INFO - Started process (PID=16130) to work on /Library/Frameworks/Python.framework/Versions/3.9/lib/python3.9/site-packages/airflow/example_dags/example_time_delta_sensor_async.py
[2023-01-12T07:53:01.086-0500] {processor.py:743} INFO - Processing file /Library/Frameworks/Python.framework/Versions/3.9/lib/python3.9/site-packages/airflow/example_dags/example_time_delta_sensor_async.py for tasks to queue
[2023-01-12T07:53:01.086-0500] {logging_mixin.py:137} INFO - [2023-01-12T07:53:01.086-0500] {dagbag.py:538} INFO - Filling up the DagBag from /Library/Frameworks/Python.framework/Versions/3.9/lib/python3.9/site-packages/airflow/example_dags/example_time_delta_sensor_async.py
[2023-01-12T07:53:01.116-0500] {processor.py:753} INFO - DAG(s) dict_keys(['example_time_delta_sensor_async']) retrieved from /Library/Frameworks/Python.framework/Versions/3.9/lib/python3.9/site-packages/airflow/example_dags/example_time_delta_sensor_async.py
[2023-01-12T07:53:02.116-0500] {logging_mixin.py:137} INFO - [2023-01-12T07:53:02.116-0500] {dag.py:2676} INFO - Sync 1 DAGs
[2023-01-12T07:53:02.133-0500] {logging_mixin.py:137} INFO - [2023-01-12T07:53:02.133-0500] {dag.py:3423} INFO - Setting next_dagrun for example_time_delta_sensor_async to None, run_after=None
[2023-01-12T07:53:02.150-0500] {processor.py:175} INFO - Processing /Library/Frameworks/Python.framework/Versions/3.9/lib/python3.9/site-packages/airflow/example_dags/example_time_delta_sensor_async.py took 1.071 seconds
[2023-01-12T07:54:51.186-0500] {processor.py:153} INFO - Started process (PID=16164) to work on /Library/Frameworks/Python.framework/Versions/3.9/lib/python3.9/site-packages/airflow/example_dags/example_time_delta_sensor_async.py
[2023-01-12T07:54:51.192-0500] {processor.py:743} INFO - Processing file /Library/Frameworks/Python.framework/Versions/3.9/lib/python3.9/site-packages/airflow/example_dags/example_time_delta_sensor_async.py for tasks to queue
[2023-01-12T07:54:51.193-0500] {logging_mixin.py:137} INFO - [2023-01-12T07:54:51.193-0500] {dagbag.py:538} INFO - Filling up the DagBag from /Library/Frameworks/Python.framework/Versions/3.9/lib/python3.9/site-packages/airflow/example_dags/example_time_delta_sensor_async.py
[2023-01-12T07:54:51.227-0500] {processor.py:753} INFO - DAG(s) dict_keys(['example_time_delta_sensor_async']) retrieved from /Library/Frameworks/Python.framework/Versions/3.9/lib/python3.9/site-packages/airflow/example_dags/example_time_delta_sensor_async.py
[2023-01-12T07:54:52.257-0500] {logging_mixin.py:137} INFO - [2023-01-12T07:54:52.257-0500] {dag.py:2676} INFO - Sync 1 DAGs
[2023-01-12T07:54:52.274-0500] {logging_mixin.py:137} INFO - [2023-01-12T07:54:52.274-0500] {dag.py:3423} INFO - Setting next_dagrun for example_time_delta_sensor_async to None, run_after=None
[2023-01-12T07:54:52.294-0500] {processor.py:175} INFO - Processing /Library/Frameworks/Python.framework/Versions/3.9/lib/python3.9/site-packages/airflow/example_dags/example_time_delta_sensor_async.py took 1.109 seconds
[2023-01-12T07:56:55.541-0500] {processor.py:153} INFO - Started process (PID=16208) to work on /Library/Frameworks/Python.framework/Versions/3.9/lib/python3.9/site-packages/airflow/example_dags/example_time_delta_sensor_async.py
[2023-01-12T07:56:55.549-0500] {processor.py:743} INFO - Processing file /Library/Frameworks/Python.framework/Versions/3.9/lib/python3.9/site-packages/airflow/example_dags/example_time_delta_sensor_async.py for tasks to queue
[2023-01-12T07:56:55.550-0500] {logging_mixin.py:137} INFO - [2023-01-12T07:56:55.550-0500] {dagbag.py:538} INFO - Filling up the DagBag from /Library/Frameworks/Python.framework/Versions/3.9/lib/python3.9/site-packages/airflow/example_dags/example_time_delta_sensor_async.py
[2023-01-12T07:56:55.588-0500] {processor.py:753} INFO - DAG(s) dict_keys(['example_time_delta_sensor_async']) retrieved from /Library/Frameworks/Python.framework/Versions/3.9/lib/python3.9/site-packages/airflow/example_dags/example_time_delta_sensor_async.py
[2023-01-12T07:56:57.232-0500] {logging_mixin.py:137} INFO - [2023-01-12T07:56:57.232-0500] {dag.py:2676} INFO - Sync 1 DAGs
[2023-01-12T07:56:57.256-0500] {logging_mixin.py:137} INFO - [2023-01-12T07:56:57.256-0500] {dag.py:3423} INFO - Setting next_dagrun for example_time_delta_sensor_async to None, run_after=None
[2023-01-12T07:56:57.282-0500] {processor.py:175} INFO - Processing /Library/Frameworks/Python.framework/Versions/3.9/lib/python3.9/site-packages/airflow/example_dags/example_time_delta_sensor_async.py took 1.742 seconds
[2023-01-12T07:58:53.487-0500] {processor.py:153} INFO - Started process (PID=16365) to work on /Library/Frameworks/Python.framework/Versions/3.9/lib/python3.9/site-packages/airflow/example_dags/example_time_delta_sensor_async.py
[2023-01-12T07:58:53.494-0500] {processor.py:743} INFO - Processing file /Library/Frameworks/Python.framework/Versions/3.9/lib/python3.9/site-packages/airflow/example_dags/example_time_delta_sensor_async.py for tasks to queue
[2023-01-12T07:58:53.495-0500] {logging_mixin.py:137} INFO - [2023-01-12T07:58:53.494-0500] {dagbag.py:538} INFO - Filling up the DagBag from /Library/Frameworks/Python.framework/Versions/3.9/lib/python3.9/site-packages/airflow/example_dags/example_time_delta_sensor_async.py
[2023-01-12T07:58:53.530-0500] {processor.py:753} INFO - DAG(s) dict_keys(['example_time_delta_sensor_async']) retrieved from /Library/Frameworks/Python.framework/Versions/3.9/lib/python3.9/site-packages/airflow/example_dags/example_time_delta_sensor_async.py
[2023-01-12T07:58:54.565-0500] {logging_mixin.py:137} INFO - [2023-01-12T07:58:54.565-0500] {dag.py:2676} INFO - Sync 1 DAGs
[2023-01-12T07:58:54.582-0500] {logging_mixin.py:137} INFO - [2023-01-12T07:58:54.582-0500] {dag.py:3423} INFO - Setting next_dagrun for example_time_delta_sensor_async to None, run_after=None
[2023-01-12T07:58:54.602-0500] {processor.py:175} INFO - Processing /Library/Frameworks/Python.framework/Versions/3.9/lib/python3.9/site-packages/airflow/example_dags/example_time_delta_sensor_async.py took 1.115 seconds
[2023-01-12T08:00:43.636-0500] {processor.py:153} INFO - Started process (PID=16460) to work on /Library/Frameworks/Python.framework/Versions/3.9/lib/python3.9/site-packages/airflow/example_dags/example_time_delta_sensor_async.py
[2023-01-12T08:00:43.641-0500] {processor.py:743} INFO - Processing file /Library/Frameworks/Python.framework/Versions/3.9/lib/python3.9/site-packages/airflow/example_dags/example_time_delta_sensor_async.py for tasks to queue
[2023-01-12T08:00:43.642-0500] {logging_mixin.py:137} INFO - [2023-01-12T08:00:43.642-0500] {dagbag.py:538} INFO - Filling up the DagBag from /Library/Frameworks/Python.framework/Versions/3.9/lib/python3.9/site-packages/airflow/example_dags/example_time_delta_sensor_async.py
[2023-01-12T08:00:43.671-0500] {processor.py:753} INFO - DAG(s) dict_keys(['example_time_delta_sensor_async']) retrieved from /Library/Frameworks/Python.framework/Versions/3.9/lib/python3.9/site-packages/airflow/example_dags/example_time_delta_sensor_async.py
[2023-01-12T08:00:44.725-0500] {logging_mixin.py:137} INFO - [2023-01-12T08:00:44.725-0500] {dag.py:2676} INFO - Sync 1 DAGs
[2023-01-12T08:00:44.742-0500] {logging_mixin.py:137} INFO - [2023-01-12T08:00:44.742-0500] {dag.py:3423} INFO - Setting next_dagrun for example_time_delta_sensor_async to None, run_after=None
[2023-01-12T08:00:44.793-0500] {processor.py:175} INFO - Processing /Library/Frameworks/Python.framework/Versions/3.9/lib/python3.9/site-packages/airflow/example_dags/example_time_delta_sensor_async.py took 1.157 seconds
[2023-01-12T08:04:30.938-0500] {processor.py:153} INFO - Started process (PID=16589) to work on /Library/Frameworks/Python.framework/Versions/3.9/lib/python3.9/site-packages/airflow/example_dags/example_time_delta_sensor_async.py
[2023-01-12T08:04:30.948-0500] {processor.py:743} INFO - Processing file /Library/Frameworks/Python.framework/Versions/3.9/lib/python3.9/site-packages/airflow/example_dags/example_time_delta_sensor_async.py for tasks to queue
[2023-01-12T08:04:30.949-0500] {logging_mixin.py:137} INFO - [2023-01-12T08:04:30.949-0500] {dagbag.py:538} INFO - Filling up the DagBag from /Library/Frameworks/Python.framework/Versions/3.9/lib/python3.9/site-packages/airflow/example_dags/example_time_delta_sensor_async.py
[2023-01-12T08:04:31.002-0500] {processor.py:753} INFO - DAG(s) dict_keys(['example_time_delta_sensor_async']) retrieved from /Library/Frameworks/Python.framework/Versions/3.9/lib/python3.9/site-packages/airflow/example_dags/example_time_delta_sensor_async.py
[2023-01-12T08:04:33.327-0500] {logging_mixin.py:137} INFO - [2023-01-12T08:04:33.326-0500] {dag.py:2676} INFO - Sync 1 DAGs
[2023-01-12T08:04:33.364-0500] {logging_mixin.py:137} INFO - [2023-01-12T08:04:33.364-0500] {dag.py:3423} INFO - Setting next_dagrun for example_time_delta_sensor_async to None, run_after=None
[2023-01-12T08:04:33.414-0500] {processor.py:175} INFO - Processing /Library/Frameworks/Python.framework/Versions/3.9/lib/python3.9/site-packages/airflow/example_dags/example_time_delta_sensor_async.py took 2.477 seconds
[2023-01-12T08:08:53.060-0500] {processor.py:153} INFO - Started process (PID=16683) to work on /Library/Frameworks/Python.framework/Versions/3.9/lib/python3.9/site-packages/airflow/example_dags/example_time_delta_sensor_async.py
[2023-01-12T08:08:53.070-0500] {processor.py:743} INFO - Processing file /Library/Frameworks/Python.framework/Versions/3.9/lib/python3.9/site-packages/airflow/example_dags/example_time_delta_sensor_async.py for tasks to queue
[2023-01-12T08:08:53.071-0500] {logging_mixin.py:137} INFO - [2023-01-12T08:08:53.071-0500] {dagbag.py:538} INFO - Filling up the DagBag from /Library/Frameworks/Python.framework/Versions/3.9/lib/python3.9/site-packages/airflow/example_dags/example_time_delta_sensor_async.py
[2023-01-12T08:08:53.124-0500] {processor.py:753} INFO - DAG(s) dict_keys(['example_time_delta_sensor_async']) retrieved from /Library/Frameworks/Python.framework/Versions/3.9/lib/python3.9/site-packages/airflow/example_dags/example_time_delta_sensor_async.py
[2023-01-12T08:08:54.967-0500] {logging_mixin.py:137} INFO - [2023-01-12T08:08:54.967-0500] {dag.py:2676} INFO - Sync 1 DAGs
[2023-01-12T08:08:55.007-0500] {logging_mixin.py:137} INFO - [2023-01-12T08:08:55.006-0500] {dag.py:3423} INFO - Setting next_dagrun for example_time_delta_sensor_async to None, run_after=None
[2023-01-12T08:08:55.056-0500] {processor.py:175} INFO - Processing /Library/Frameworks/Python.framework/Versions/3.9/lib/python3.9/site-packages/airflow/example_dags/example_time_delta_sensor_async.py took 1.997 seconds
[2023-01-12T08:15:17.285-0500] {processor.py:153} INFO - Started process (PID=16832) to work on /Library/Frameworks/Python.framework/Versions/3.9/lib/python3.9/site-packages/airflow/example_dags/example_time_delta_sensor_async.py
[2023-01-12T08:15:17.298-0500] {processor.py:743} INFO - Processing file /Library/Frameworks/Python.framework/Versions/3.9/lib/python3.9/site-packages/airflow/example_dags/example_time_delta_sensor_async.py for tasks to queue
[2023-01-12T08:15:17.299-0500] {logging_mixin.py:137} INFO - [2023-01-12T08:15:17.299-0500] {dagbag.py:538} INFO - Filling up the DagBag from /Library/Frameworks/Python.framework/Versions/3.9/lib/python3.9/site-packages/airflow/example_dags/example_time_delta_sensor_async.py
[2023-01-12T08:15:17.376-0500] {processor.py:753} INFO - DAG(s) dict_keys(['example_time_delta_sensor_async']) retrieved from /Library/Frameworks/Python.framework/Versions/3.9/lib/python3.9/site-packages/airflow/example_dags/example_time_delta_sensor_async.py
[2023-01-12T08:15:19.258-0500] {logging_mixin.py:137} INFO - [2023-01-12T08:15:19.257-0500] {dag.py:2676} INFO - Sync 1 DAGs
[2023-01-12T08:15:19.291-0500] {logging_mixin.py:137} INFO - [2023-01-12T08:15:19.291-0500] {dag.py:3423} INFO - Setting next_dagrun for example_time_delta_sensor_async to None, run_after=None
[2023-01-12T08:15:19.321-0500] {processor.py:175} INFO - Processing /Library/Frameworks/Python.framework/Versions/3.9/lib/python3.9/site-packages/airflow/example_dags/example_time_delta_sensor_async.py took 2.037 seconds
[2023-01-12T08:25:03.269-0500] {processor.py:153} INFO - Started process (PID=17413) to work on /Library/Frameworks/Python.framework/Versions/3.9/lib/python3.9/site-packages/airflow/example_dags/example_time_delta_sensor_async.py
[2023-01-12T08:25:03.280-0500] {processor.py:743} INFO - Processing file /Library/Frameworks/Python.framework/Versions/3.9/lib/python3.9/site-packages/airflow/example_dags/example_time_delta_sensor_async.py for tasks to queue
[2023-01-12T08:25:03.281-0500] {logging_mixin.py:137} INFO - [2023-01-12T08:25:03.281-0500] {dagbag.py:538} INFO - Filling up the DagBag from /Library/Frameworks/Python.framework/Versions/3.9/lib/python3.9/site-packages/airflow/example_dags/example_time_delta_sensor_async.py
[2023-01-12T08:25:03.337-0500] {processor.py:753} INFO - DAG(s) dict_keys(['example_time_delta_sensor_async']) retrieved from /Library/Frameworks/Python.framework/Versions/3.9/lib/python3.9/site-packages/airflow/example_dags/example_time_delta_sensor_async.py
[2023-01-12T08:25:05.246-0500] {logging_mixin.py:137} INFO - [2023-01-12T08:25:05.246-0500] {dag.py:2676} INFO - Sync 1 DAGs
[2023-01-12T08:25:05.274-0500] {logging_mixin.py:137} INFO - [2023-01-12T08:25:05.274-0500] {dag.py:3423} INFO - Setting next_dagrun for example_time_delta_sensor_async to None, run_after=None
[2023-01-12T08:25:05.304-0500] {processor.py:175} INFO - Processing /Library/Frameworks/Python.framework/Versions/3.9/lib/python3.9/site-packages/airflow/example_dags/example_time_delta_sensor_async.py took 2.036 seconds
