[2023-01-12T07:23:42.488-0500] {processor.py:153} INFO - Started process (PID=14999) to work on /Library/Frameworks/Python.framework/Versions/3.9/lib/python3.9/site-packages/airflow/example_dags/example_branch_operator.py
[2023-01-12T07:23:42.494-0500] {processor.py:743} INFO - Processing file /Library/Frameworks/Python.framework/Versions/3.9/lib/python3.9/site-packages/airflow/example_dags/example_branch_operator.py for tasks to queue
[2023-01-12T07:23:42.495-0500] {logging_mixin.py:137} INFO - [2023-01-12T07:23:42.494-0500] {dagbag.py:538} INFO - Filling up the DagBag from /Library/Frameworks/Python.framework/Versions/3.9/lib/python3.9/site-packages/airflow/example_dags/example_branch_operator.py
[2023-01-12T07:23:42.544-0500] {processor.py:753} INFO - DAG(s) dict_keys(['example_branch_operator']) retrieved from /Library/Frameworks/Python.framework/Versions/3.9/lib/python3.9/site-packages/airflow/example_dags/example_branch_operator.py
[2023-01-12T07:23:43.288-0500] {logging_mixin.py:137} INFO - [2023-01-12T07:23:43.287-0500] {dag.py:2676} INFO - Sync 1 DAGs
[2023-01-12T07:23:43.310-0500] {logging_mixin.py:137} INFO - [2023-01-12T07:23:43.309-0500] {dag.py:3423} INFO - Setting next_dagrun for example_branch_operator to 2023-01-11T00:00:00+00:00, run_after=2023-01-12T00:00:00+00:00
[2023-01-12T07:23:43.347-0500] {processor.py:175} INFO - Processing /Library/Frameworks/Python.framework/Versions/3.9/lib/python3.9/site-packages/airflow/example_dags/example_branch_operator.py took 0.860 seconds
[2023-01-12T07:27:26.568-0500] {processor.py:153} INFO - Started process (PID=15140) to work on /Library/Frameworks/Python.framework/Versions/3.9/lib/python3.9/site-packages/airflow/example_dags/example_branch_operator.py
[2023-01-12T07:27:26.574-0500] {processor.py:743} INFO - Processing file /Library/Frameworks/Python.framework/Versions/3.9/lib/python3.9/site-packages/airflow/example_dags/example_branch_operator.py for tasks to queue
[2023-01-12T07:27:26.575-0500] {logging_mixin.py:137} INFO - [2023-01-12T07:27:26.574-0500] {dagbag.py:538} INFO - Filling up the DagBag from /Library/Frameworks/Python.framework/Versions/3.9/lib/python3.9/site-packages/airflow/example_dags/example_branch_operator.py
[2023-01-12T07:27:26.620-0500] {processor.py:753} INFO - DAG(s) dict_keys(['example_branch_operator']) retrieved from /Library/Frameworks/Python.framework/Versions/3.9/lib/python3.9/site-packages/airflow/example_dags/example_branch_operator.py
[2023-01-12T07:27:27.257-0500] {logging_mixin.py:137} INFO - [2023-01-12T07:27:27.257-0500] {dag.py:2676} INFO - Sync 1 DAGs
[2023-01-12T07:27:27.275-0500] {logging_mixin.py:137} INFO - [2023-01-12T07:27:27.275-0500] {dag.py:3423} INFO - Setting next_dagrun for example_branch_operator to 2023-01-11T00:00:00+00:00, run_after=2023-01-12T00:00:00+00:00
[2023-01-12T07:27:27.296-0500] {processor.py:175} INFO - Processing /Library/Frameworks/Python.framework/Versions/3.9/lib/python3.9/site-packages/airflow/example_dags/example_branch_operator.py took 0.729 seconds
[2023-01-12T07:31:01.869-0500] {processor.py:153} INFO - Started process (PID=15333) to work on /Library/Frameworks/Python.framework/Versions/3.9/lib/python3.9/site-packages/airflow/example_dags/example_branch_operator.py
[2023-01-12T07:31:01.876-0500] {processor.py:743} INFO - Processing file /Library/Frameworks/Python.framework/Versions/3.9/lib/python3.9/site-packages/airflow/example_dags/example_branch_operator.py for tasks to queue
[2023-01-12T07:31:01.877-0500] {logging_mixin.py:137} INFO - [2023-01-12T07:31:01.877-0500] {dagbag.py:538} INFO - Filling up the DagBag from /Library/Frameworks/Python.framework/Versions/3.9/lib/python3.9/site-packages/airflow/example_dags/example_branch_operator.py
[2023-01-12T07:31:01.954-0500] {processor.py:753} INFO - DAG(s) dict_keys(['example_branch_operator']) retrieved from /Library/Frameworks/Python.framework/Versions/3.9/lib/python3.9/site-packages/airflow/example_dags/example_branch_operator.py
[2023-01-12T07:31:03.397-0500] {logging_mixin.py:137} INFO - [2023-01-12T07:31:03.397-0500] {dag.py:2676} INFO - Sync 1 DAGs
[2023-01-12T07:31:03.419-0500] {logging_mixin.py:137} INFO - [2023-01-12T07:31:03.419-0500] {dag.py:3423} INFO - Setting next_dagrun for example_branch_operator to 2023-01-11T00:00:00+00:00, run_after=2023-01-12T00:00:00+00:00
[2023-01-12T07:31:03.442-0500] {processor.py:175} INFO - Processing /Library/Frameworks/Python.framework/Versions/3.9/lib/python3.9/site-packages/airflow/example_dags/example_branch_operator.py took 1.574 seconds
[2023-01-12T07:34:35.392-0500] {processor.py:153} INFO - Started process (PID=15524) to work on /Library/Frameworks/Python.framework/Versions/3.9/lib/python3.9/site-packages/airflow/example_dags/example_branch_operator.py
[2023-01-12T07:34:35.398-0500] {processor.py:743} INFO - Processing file /Library/Frameworks/Python.framework/Versions/3.9/lib/python3.9/site-packages/airflow/example_dags/example_branch_operator.py for tasks to queue
[2023-01-12T07:34:35.398-0500] {logging_mixin.py:137} INFO - [2023-01-12T07:34:35.398-0500] {dagbag.py:538} INFO - Filling up the DagBag from /Library/Frameworks/Python.framework/Versions/3.9/lib/python3.9/site-packages/airflow/example_dags/example_branch_operator.py
[2023-01-12T07:34:35.443-0500] {processor.py:753} INFO - DAG(s) dict_keys(['example_branch_operator']) retrieved from /Library/Frameworks/Python.framework/Versions/3.9/lib/python3.9/site-packages/airflow/example_dags/example_branch_operator.py
[2023-01-12T07:34:36.165-0500] {logging_mixin.py:137} INFO - [2023-01-12T07:34:36.165-0500] {dag.py:2676} INFO - Sync 1 DAGs
[2023-01-12T07:34:36.183-0500] {logging_mixin.py:137} INFO - [2023-01-12T07:34:36.183-0500] {dag.py:3423} INFO - Setting next_dagrun for example_branch_operator to 2023-01-11T00:00:00+00:00, run_after=2023-01-12T00:00:00+00:00
[2023-01-12T07:34:36.202-0500] {processor.py:175} INFO - Processing /Library/Frameworks/Python.framework/Versions/3.9/lib/python3.9/site-packages/airflow/example_dags/example_branch_operator.py took 0.810 seconds
[2023-01-12T07:38:11.799-0500] {processor.py:153} INFO - Started process (PID=15601) to work on /Library/Frameworks/Python.framework/Versions/3.9/lib/python3.9/site-packages/airflow/example_dags/example_branch_operator.py
[2023-01-12T07:38:11.806-0500] {processor.py:743} INFO - Processing file /Library/Frameworks/Python.framework/Versions/3.9/lib/python3.9/site-packages/airflow/example_dags/example_branch_operator.py for tasks to queue
[2023-01-12T07:38:11.806-0500] {logging_mixin.py:137} INFO - [2023-01-12T07:38:11.806-0500] {dagbag.py:538} INFO - Filling up the DagBag from /Library/Frameworks/Python.framework/Versions/3.9/lib/python3.9/site-packages/airflow/example_dags/example_branch_operator.py
[2023-01-12T07:38:11.862-0500] {processor.py:753} INFO - DAG(s) dict_keys(['example_branch_operator']) retrieved from /Library/Frameworks/Python.framework/Versions/3.9/lib/python3.9/site-packages/airflow/example_dags/example_branch_operator.py
[2023-01-12T07:38:12.938-0500] {logging_mixin.py:137} INFO - [2023-01-12T07:38:12.938-0500] {dag.py:2676} INFO - Sync 1 DAGs
[2023-01-12T07:38:12.962-0500] {logging_mixin.py:137} INFO - [2023-01-12T07:38:12.962-0500] {dag.py:3423} INFO - Setting next_dagrun for example_branch_operator to 2023-01-11T00:00:00+00:00, run_after=2023-01-12T00:00:00+00:00
[2023-01-12T07:38:12.985-0500] {processor.py:175} INFO - Processing /Library/Frameworks/Python.framework/Versions/3.9/lib/python3.9/site-packages/airflow/example_dags/example_branch_operator.py took 1.187 seconds
[2023-01-12T07:42:13.141-0500] {processor.py:153} INFO - Started process (PID=15779) to work on /Library/Frameworks/Python.framework/Versions/3.9/lib/python3.9/site-packages/airflow/example_dags/example_branch_operator.py
[2023-01-12T07:42:13.147-0500] {processor.py:743} INFO - Processing file /Library/Frameworks/Python.framework/Versions/3.9/lib/python3.9/site-packages/airflow/example_dags/example_branch_operator.py for tasks to queue
[2023-01-12T07:42:13.148-0500] {logging_mixin.py:137} INFO - [2023-01-12T07:42:13.148-0500] {dagbag.py:538} INFO - Filling up the DagBag from /Library/Frameworks/Python.framework/Versions/3.9/lib/python3.9/site-packages/airflow/example_dags/example_branch_operator.py
[2023-01-12T07:42:13.196-0500] {processor.py:753} INFO - DAG(s) dict_keys(['example_branch_operator']) retrieved from /Library/Frameworks/Python.framework/Versions/3.9/lib/python3.9/site-packages/airflow/example_dags/example_branch_operator.py
[2023-01-12T07:42:13.944-0500] {logging_mixin.py:137} INFO - [2023-01-12T07:42:13.943-0500] {dag.py:2676} INFO - Sync 1 DAGs
[2023-01-12T07:42:13.965-0500] {logging_mixin.py:137} INFO - [2023-01-12T07:42:13.964-0500] {dag.py:3423} INFO - Setting next_dagrun for example_branch_operator to 2023-01-11T00:00:00+00:00, run_after=2023-01-12T00:00:00+00:00
[2023-01-12T07:42:13.986-0500] {processor.py:175} INFO - Processing /Library/Frameworks/Python.framework/Versions/3.9/lib/python3.9/site-packages/airflow/example_dags/example_branch_operator.py took 0.845 seconds
[2023-01-12T07:46:10.874-0500] {processor.py:153} INFO - Started process (PID=15885) to work on /Library/Frameworks/Python.framework/Versions/3.9/lib/python3.9/site-packages/airflow/example_dags/example_branch_operator.py
[2023-01-12T07:46:10.879-0500] {processor.py:743} INFO - Processing file /Library/Frameworks/Python.framework/Versions/3.9/lib/python3.9/site-packages/airflow/example_dags/example_branch_operator.py for tasks to queue
[2023-01-12T07:46:10.880-0500] {logging_mixin.py:137} INFO - [2023-01-12T07:46:10.880-0500] {dagbag.py:538} INFO - Filling up the DagBag from /Library/Frameworks/Python.framework/Versions/3.9/lib/python3.9/site-packages/airflow/example_dags/example_branch_operator.py
[2023-01-12T07:46:10.923-0500] {processor.py:753} INFO - DAG(s) dict_keys(['example_branch_operator']) retrieved from /Library/Frameworks/Python.framework/Versions/3.9/lib/python3.9/site-packages/airflow/example_dags/example_branch_operator.py
[2023-01-12T07:46:11.625-0500] {logging_mixin.py:137} INFO - [2023-01-12T07:46:11.625-0500] {dag.py:2676} INFO - Sync 1 DAGs
[2023-01-12T07:46:11.643-0500] {logging_mixin.py:137} INFO - [2023-01-12T07:46:11.643-0500] {dag.py:3423} INFO - Setting next_dagrun for example_branch_operator to 2023-01-11T00:00:00+00:00, run_after=2023-01-12T00:00:00+00:00
[2023-01-12T07:46:11.663-0500] {processor.py:175} INFO - Processing /Library/Frameworks/Python.framework/Versions/3.9/lib/python3.9/site-packages/airflow/example_dags/example_branch_operator.py took 0.790 seconds
[2023-01-12T07:49:53.779-0500] {processor.py:153} INFO - Started process (PID=16047) to work on /Library/Frameworks/Python.framework/Versions/3.9/lib/python3.9/site-packages/airflow/example_dags/example_branch_operator.py
[2023-01-12T07:49:53.790-0500] {processor.py:743} INFO - Processing file /Library/Frameworks/Python.framework/Versions/3.9/lib/python3.9/site-packages/airflow/example_dags/example_branch_operator.py for tasks to queue
[2023-01-12T07:49:53.791-0500] {logging_mixin.py:137} INFO - [2023-01-12T07:49:53.791-0500] {dagbag.py:538} INFO - Filling up the DagBag from /Library/Frameworks/Python.framework/Versions/3.9/lib/python3.9/site-packages/airflow/example_dags/example_branch_operator.py
[2023-01-12T07:49:53.943-0500] {processor.py:753} INFO - DAG(s) dict_keys(['example_branch_operator']) retrieved from /Library/Frameworks/Python.framework/Versions/3.9/lib/python3.9/site-packages/airflow/example_dags/example_branch_operator.py
[2023-01-12T07:49:56.262-0500] {logging_mixin.py:137} INFO - [2023-01-12T07:49:56.261-0500] {dag.py:2676} INFO - Sync 1 DAGs
[2023-01-12T07:49:56.287-0500] {logging_mixin.py:137} INFO - [2023-01-12T07:49:56.287-0500] {dag.py:3423} INFO - Setting next_dagrun for example_branch_operator to 2023-01-11T00:00:00+00:00, run_after=2023-01-12T00:00:00+00:00
[2023-01-12T07:49:56.311-0500] {processor.py:175} INFO - Processing /Library/Frameworks/Python.framework/Versions/3.9/lib/python3.9/site-packages/airflow/example_dags/example_branch_operator.py took 2.533 seconds
[2023-01-12T07:54:00.014-0500] {processor.py:153} INFO - Started process (PID=16147) to work on /Library/Frameworks/Python.framework/Versions/3.9/lib/python3.9/site-packages/airflow/example_dags/example_branch_operator.py
[2023-01-12T07:54:00.021-0500] {processor.py:743} INFO - Processing file /Library/Frameworks/Python.framework/Versions/3.9/lib/python3.9/site-packages/airflow/example_dags/example_branch_operator.py for tasks to queue
[2023-01-12T07:54:00.021-0500] {logging_mixin.py:137} INFO - [2023-01-12T07:54:00.021-0500] {dagbag.py:538} INFO - Filling up the DagBag from /Library/Frameworks/Python.framework/Versions/3.9/lib/python3.9/site-packages/airflow/example_dags/example_branch_operator.py
[2023-01-12T07:54:00.077-0500] {processor.py:753} INFO - DAG(s) dict_keys(['example_branch_operator']) retrieved from /Library/Frameworks/Python.framework/Versions/3.9/lib/python3.9/site-packages/airflow/example_dags/example_branch_operator.py
[2023-01-12T07:54:00.829-0500] {logging_mixin.py:137} INFO - [2023-01-12T07:54:00.828-0500] {dag.py:2676} INFO - Sync 1 DAGs
[2023-01-12T07:54:00.850-0500] {logging_mixin.py:137} INFO - [2023-01-12T07:54:00.850-0500] {dag.py:3423} INFO - Setting next_dagrun for example_branch_operator to 2023-01-11T00:00:00+00:00, run_after=2023-01-12T00:00:00+00:00
[2023-01-12T07:54:00.872-0500] {processor.py:175} INFO - Processing /Library/Frameworks/Python.framework/Versions/3.9/lib/python3.9/site-packages/airflow/example_dags/example_branch_operator.py took 0.859 seconds
[2023-01-12T07:58:01.542-0500] {processor.py:153} INFO - Started process (PID=16351) to work on /Library/Frameworks/Python.framework/Versions/3.9/lib/python3.9/site-packages/airflow/example_dags/example_branch_operator.py
[2023-01-12T07:58:01.547-0500] {processor.py:743} INFO - Processing file /Library/Frameworks/Python.framework/Versions/3.9/lib/python3.9/site-packages/airflow/example_dags/example_branch_operator.py for tasks to queue
[2023-01-12T07:58:01.548-0500] {logging_mixin.py:137} INFO - [2023-01-12T07:58:01.548-0500] {dagbag.py:538} INFO - Filling up the DagBag from /Library/Frameworks/Python.framework/Versions/3.9/lib/python3.9/site-packages/airflow/example_dags/example_branch_operator.py
[2023-01-12T07:58:01.593-0500] {processor.py:753} INFO - DAG(s) dict_keys(['example_branch_operator']) retrieved from /Library/Frameworks/Python.framework/Versions/3.9/lib/python3.9/site-packages/airflow/example_dags/example_branch_operator.py
[2023-01-12T07:58:02.282-0500] {logging_mixin.py:137} INFO - [2023-01-12T07:58:02.281-0500] {dag.py:2676} INFO - Sync 1 DAGs
[2023-01-12T07:58:02.305-0500] {logging_mixin.py:137} INFO - [2023-01-12T07:58:02.305-0500] {dag.py:3423} INFO - Setting next_dagrun for example_branch_operator to 2023-01-11T00:00:00+00:00, run_after=2023-01-12T00:00:00+00:00
[2023-01-12T07:58:02.326-0500] {processor.py:175} INFO - Processing /Library/Frameworks/Python.framework/Versions/3.9/lib/python3.9/site-packages/airflow/example_dags/example_branch_operator.py took 0.784 seconds
[2023-01-12T08:02:42.149-0500] {processor.py:153} INFO - Started process (PID=16511) to work on /Library/Frameworks/Python.framework/Versions/3.9/lib/python3.9/site-packages/airflow/example_dags/example_branch_operator.py
[2023-01-12T08:02:42.160-0500] {processor.py:743} INFO - Processing file /Library/Frameworks/Python.framework/Versions/3.9/lib/python3.9/site-packages/airflow/example_dags/example_branch_operator.py for tasks to queue
[2023-01-12T08:02:42.161-0500] {logging_mixin.py:137} INFO - [2023-01-12T08:02:42.161-0500] {dagbag.py:538} INFO - Filling up the DagBag from /Library/Frameworks/Python.framework/Versions/3.9/lib/python3.9/site-packages/airflow/example_dags/example_branch_operator.py
[2023-01-12T08:02:42.248-0500] {processor.py:753} INFO - DAG(s) dict_keys(['example_branch_operator']) retrieved from /Library/Frameworks/Python.framework/Versions/3.9/lib/python3.9/site-packages/airflow/example_dags/example_branch_operator.py
[2023-01-12T08:02:43.420-0500] {logging_mixin.py:137} INFO - [2023-01-12T08:02:43.419-0500] {dag.py:2676} INFO - Sync 1 DAGs
[2023-01-12T08:02:43.463-0500] {logging_mixin.py:137} INFO - [2023-01-12T08:02:43.463-0500] {dag.py:3423} INFO - Setting next_dagrun for example_branch_operator to 2023-01-11T00:00:00+00:00, run_after=2023-01-12T00:00:00+00:00
[2023-01-12T08:02:43.500-0500] {processor.py:175} INFO - Processing /Library/Frameworks/Python.framework/Versions/3.9/lib/python3.9/site-packages/airflow/example_dags/example_branch_operator.py took 1.353 seconds
[2023-01-12T08:10:58.075-0500] {processor.py:153} INFO - Started process (PID=16773) to work on /Library/Frameworks/Python.framework/Versions/3.9/lib/python3.9/site-packages/airflow/example_dags/example_branch_operator.py
[2023-01-12T08:10:58.085-0500] {processor.py:743} INFO - Processing file /Library/Frameworks/Python.framework/Versions/3.9/lib/python3.9/site-packages/airflow/example_dags/example_branch_operator.py for tasks to queue
[2023-01-12T08:10:58.086-0500] {logging_mixin.py:137} INFO - [2023-01-12T08:10:58.086-0500] {dagbag.py:538} INFO - Filling up the DagBag from /Library/Frameworks/Python.framework/Versions/3.9/lib/python3.9/site-packages/airflow/example_dags/example_branch_operator.py
[2023-01-12T08:10:58.170-0500] {processor.py:753} INFO - DAG(s) dict_keys(['example_branch_operator']) retrieved from /Library/Frameworks/Python.framework/Versions/3.9/lib/python3.9/site-packages/airflow/example_dags/example_branch_operator.py
[2023-01-12T08:11:00.093-0500] {logging_mixin.py:137} INFO - [2023-01-12T08:11:00.093-0500] {dag.py:2676} INFO - Sync 1 DAGs
[2023-01-12T08:11:00.132-0500] {logging_mixin.py:137} INFO - [2023-01-12T08:11:00.132-0500] {dag.py:3423} INFO - Setting next_dagrun for example_branch_operator to 2023-01-11T00:00:00+00:00, run_after=2023-01-12T00:00:00+00:00
[2023-01-12T08:11:00.191-0500] {processor.py:175} INFO - Processing /Library/Frameworks/Python.framework/Versions/3.9/lib/python3.9/site-packages/airflow/example_dags/example_branch_operator.py took 2.118 seconds
[2023-01-12T08:28:28.497-0500] {processor.py:153} INFO - Started process (PID=17502) to work on /Library/Frameworks/Python.framework/Versions/3.9/lib/python3.9/site-packages/airflow/example_dags/example_branch_operator.py
[2023-01-12T08:28:28.517-0500] {processor.py:743} INFO - Processing file /Library/Frameworks/Python.framework/Versions/3.9/lib/python3.9/site-packages/airflow/example_dags/example_branch_operator.py for tasks to queue
[2023-01-12T08:28:28.519-0500] {logging_mixin.py:137} INFO - [2023-01-12T08:28:28.518-0500] {dagbag.py:538} INFO - Filling up the DagBag from /Library/Frameworks/Python.framework/Versions/3.9/lib/python3.9/site-packages/airflow/example_dags/example_branch_operator.py
[2023-01-12T08:28:28.738-0500] {processor.py:753} INFO - DAG(s) dict_keys(['example_branch_operator']) retrieved from /Library/Frameworks/Python.framework/Versions/3.9/lib/python3.9/site-packages/airflow/example_dags/example_branch_operator.py
[2023-01-12T08:28:48.441-0500] {logging_mixin.py:137} INFO - [2023-01-12T08:28:48.436-0500] {dag.py:2676} INFO - Sync 1 DAGs
[2023-01-12T08:28:48.511-0500] {logging_mixin.py:137} INFO - [2023-01-12T08:28:48.510-0500] {dag.py:3423} INFO - Setting next_dagrun for example_branch_operator to 2023-01-11T00:00:00+00:00, run_after=2023-01-12T00:00:00+00:00
[2023-01-12T08:28:48.717-0500] {processor.py:175} INFO - Processing /Library/Frameworks/Python.framework/Versions/3.9/lib/python3.9/site-packages/airflow/example_dags/example_branch_operator.py took 20.217 seconds
