[2023-01-12T07:23:49.013-0500] {processor.py:153} INFO - Started process (PID=15003) to work on /Library/Frameworks/Python.framework/Versions/3.9/lib/python3.9/site-packages/airflow/example_dags/example_branch_datetime_operator.py
[2023-01-12T07:23:49.024-0500] {processor.py:743} INFO - Processing file /Library/Frameworks/Python.framework/Versions/3.9/lib/python3.9/site-packages/airflow/example_dags/example_branch_datetime_operator.py for tasks to queue
[2023-01-12T07:23:49.024-0500] {logging_mixin.py:137} INFO - [2023-01-12T07:23:49.024-0500] {dagbag.py:538} INFO - Filling up the DagBag from /Library/Frameworks/Python.framework/Versions/3.9/lib/python3.9/site-packages/airflow/example_dags/example_branch_datetime_operator.py
[2023-01-12T07:23:49.087-0500] {processor.py:753} INFO - DAG(s) dict_keys(['example_branch_datetime_operator', 'example_branch_datetime_operator_3', 'example_branch_datetime_operator_2']) retrieved from /Library/Frameworks/Python.framework/Versions/3.9/lib/python3.9/site-packages/airflow/example_dags/example_branch_datetime_operator.py
[2023-01-12T07:23:50.911-0500] {logging_mixin.py:137} INFO - [2023-01-12T07:23:50.911-0500] {dag.py:2676} INFO - Sync 3 DAGs
[2023-01-12T07:23:50.935-0500] {logging_mixin.py:137} INFO - [2023-01-12T07:23:50.935-0500] {dag.py:3423} INFO - Setting next_dagrun for example_branch_datetime_operator to 2023-01-11T00:00:00+00:00, run_after=2023-01-12T00:00:00+00:00
[2023-01-12T07:23:50.942-0500] {logging_mixin.py:137} INFO - [2023-01-12T07:23:50.942-0500] {dag.py:3423} INFO - Setting next_dagrun for example_branch_datetime_operator_2 to 2023-01-11T00:00:00+00:00, run_after=2023-01-12T00:00:00+00:00
[2023-01-12T07:23:50.945-0500] {logging_mixin.py:137} INFO - [2023-01-12T07:23:50.945-0500] {dag.py:3423} INFO - Setting next_dagrun for example_branch_datetime_operator_3 to 2023-01-11T00:00:00+00:00, run_after=2023-01-12T00:00:00+00:00
[2023-01-12T07:23:50.966-0500] {processor.py:175} INFO - Processing /Library/Frameworks/Python.framework/Versions/3.9/lib/python3.9/site-packages/airflow/example_dags/example_branch_datetime_operator.py took 1.954 seconds
[2023-01-12T07:27:29.352-0500] {processor.py:153} INFO - Started process (PID=15141) to work on /Library/Frameworks/Python.framework/Versions/3.9/lib/python3.9/site-packages/airflow/example_dags/example_branch_datetime_operator.py
[2023-01-12T07:27:29.358-0500] {processor.py:743} INFO - Processing file /Library/Frameworks/Python.framework/Versions/3.9/lib/python3.9/site-packages/airflow/example_dags/example_branch_datetime_operator.py for tasks to queue
[2023-01-12T07:27:29.359-0500] {logging_mixin.py:137} INFO - [2023-01-12T07:27:29.359-0500] {dagbag.py:538} INFO - Filling up the DagBag from /Library/Frameworks/Python.framework/Versions/3.9/lib/python3.9/site-packages/airflow/example_dags/example_branch_datetime_operator.py
[2023-01-12T07:27:29.402-0500] {processor.py:753} INFO - DAG(s) dict_keys(['example_branch_datetime_operator', 'example_branch_datetime_operator_2', 'example_branch_datetime_operator_3']) retrieved from /Library/Frameworks/Python.framework/Versions/3.9/lib/python3.9/site-packages/airflow/example_dags/example_branch_datetime_operator.py
[2023-01-12T07:27:30.068-0500] {logging_mixin.py:137} INFO - [2023-01-12T07:27:30.068-0500] {dag.py:2676} INFO - Sync 3 DAGs
[2023-01-12T07:27:30.087-0500] {logging_mixin.py:137} INFO - [2023-01-12T07:27:30.086-0500] {dag.py:3423} INFO - Setting next_dagrun for example_branch_datetime_operator to 2023-01-11T00:00:00+00:00, run_after=2023-01-12T00:00:00+00:00
[2023-01-12T07:27:30.092-0500] {logging_mixin.py:137} INFO - [2023-01-12T07:27:30.092-0500] {dag.py:3423} INFO - Setting next_dagrun for example_branch_datetime_operator_2 to 2023-01-11T00:00:00+00:00, run_after=2023-01-12T00:00:00+00:00
[2023-01-12T07:27:30.094-0500] {logging_mixin.py:137} INFO - [2023-01-12T07:27:30.094-0500] {dag.py:3423} INFO - Setting next_dagrun for example_branch_datetime_operator_3 to 2023-01-11T00:00:00+00:00, run_after=2023-01-12T00:00:00+00:00
[2023-01-12T07:27:30.112-0500] {processor.py:175} INFO - Processing /Library/Frameworks/Python.framework/Versions/3.9/lib/python3.9/site-packages/airflow/example_dags/example_branch_datetime_operator.py took 0.761 seconds
[2023-01-12T07:31:05.971-0500] {processor.py:153} INFO - Started process (PID=15337) to work on /Library/Frameworks/Python.framework/Versions/3.9/lib/python3.9/site-packages/airflow/example_dags/example_branch_datetime_operator.py
[2023-01-12T07:31:05.985-0500] {processor.py:743} INFO - Processing file /Library/Frameworks/Python.framework/Versions/3.9/lib/python3.9/site-packages/airflow/example_dags/example_branch_datetime_operator.py for tasks to queue
[2023-01-12T07:31:05.987-0500] {logging_mixin.py:137} INFO - [2023-01-12T07:31:05.987-0500] {dagbag.py:538} INFO - Filling up the DagBag from /Library/Frameworks/Python.framework/Versions/3.9/lib/python3.9/site-packages/airflow/example_dags/example_branch_datetime_operator.py
[2023-01-12T07:31:06.040-0500] {processor.py:753} INFO - DAG(s) dict_keys(['example_branch_datetime_operator_3', 'example_branch_datetime_operator_2', 'example_branch_datetime_operator']) retrieved from /Library/Frameworks/Python.framework/Versions/3.9/lib/python3.9/site-packages/airflow/example_dags/example_branch_datetime_operator.py
[2023-01-12T07:31:06.741-0500] {logging_mixin.py:137} INFO - [2023-01-12T07:31:06.740-0500] {dag.py:2676} INFO - Sync 3 DAGs
[2023-01-12T07:31:06.759-0500] {logging_mixin.py:137} INFO - [2023-01-12T07:31:06.758-0500] {dag.py:3423} INFO - Setting next_dagrun for example_branch_datetime_operator to 2023-01-11T00:00:00+00:00, run_after=2023-01-12T00:00:00+00:00
[2023-01-12T07:31:06.763-0500] {logging_mixin.py:137} INFO - [2023-01-12T07:31:06.763-0500] {dag.py:3423} INFO - Setting next_dagrun for example_branch_datetime_operator_2 to 2023-01-11T00:00:00+00:00, run_after=2023-01-12T00:00:00+00:00
[2023-01-12T07:31:06.766-0500] {logging_mixin.py:137} INFO - [2023-01-12T07:31:06.765-0500] {dag.py:3423} INFO - Setting next_dagrun for example_branch_datetime_operator_3 to 2023-01-11T00:00:00+00:00, run_after=2023-01-12T00:00:00+00:00
[2023-01-12T07:31:06.782-0500] {processor.py:175} INFO - Processing /Library/Frameworks/Python.framework/Versions/3.9/lib/python3.9/site-packages/airflow/example_dags/example_branch_datetime_operator.py took 0.812 seconds
[2023-01-12T07:34:38.807-0500] {processor.py:153} INFO - Started process (PID=15525) to work on /Library/Frameworks/Python.framework/Versions/3.9/lib/python3.9/site-packages/airflow/example_dags/example_branch_datetime_operator.py
[2023-01-12T07:34:38.813-0500] {processor.py:743} INFO - Processing file /Library/Frameworks/Python.framework/Versions/3.9/lib/python3.9/site-packages/airflow/example_dags/example_branch_datetime_operator.py for tasks to queue
[2023-01-12T07:34:38.814-0500] {logging_mixin.py:137} INFO - [2023-01-12T07:34:38.814-0500] {dagbag.py:538} INFO - Filling up the DagBag from /Library/Frameworks/Python.framework/Versions/3.9/lib/python3.9/site-packages/airflow/example_dags/example_branch_datetime_operator.py
[2023-01-12T07:34:38.850-0500] {processor.py:753} INFO - DAG(s) dict_keys(['example_branch_datetime_operator', 'example_branch_datetime_operator_3', 'example_branch_datetime_operator_2']) retrieved from /Library/Frameworks/Python.framework/Versions/3.9/lib/python3.9/site-packages/airflow/example_dags/example_branch_datetime_operator.py
[2023-01-12T07:34:39.489-0500] {logging_mixin.py:137} INFO - [2023-01-12T07:34:39.489-0500] {dag.py:2676} INFO - Sync 3 DAGs
[2023-01-12T07:34:39.506-0500] {logging_mixin.py:137} INFO - [2023-01-12T07:34:39.506-0500] {dag.py:3423} INFO - Setting next_dagrun for example_branch_datetime_operator to 2023-01-11T00:00:00+00:00, run_after=2023-01-12T00:00:00+00:00
[2023-01-12T07:34:39.511-0500] {logging_mixin.py:137} INFO - [2023-01-12T07:34:39.511-0500] {dag.py:3423} INFO - Setting next_dagrun for example_branch_datetime_operator_2 to 2023-01-11T00:00:00+00:00, run_after=2023-01-12T00:00:00+00:00
[2023-01-12T07:34:39.513-0500] {logging_mixin.py:137} INFO - [2023-01-12T07:34:39.513-0500] {dag.py:3423} INFO - Setting next_dagrun for example_branch_datetime_operator_3 to 2023-01-11T00:00:00+00:00, run_after=2023-01-12T00:00:00+00:00
[2023-01-12T07:34:39.626-0500] {processor.py:175} INFO - Processing /Library/Frameworks/Python.framework/Versions/3.9/lib/python3.9/site-packages/airflow/example_dags/example_branch_datetime_operator.py took 0.820 seconds
[2023-01-12T07:38:16.048-0500] {processor.py:153} INFO - Started process (PID=15610) to work on /Library/Frameworks/Python.framework/Versions/3.9/lib/python3.9/site-packages/airflow/example_dags/example_branch_datetime_operator.py
[2023-01-12T07:38:16.054-0500] {processor.py:743} INFO - Processing file /Library/Frameworks/Python.framework/Versions/3.9/lib/python3.9/site-packages/airflow/example_dags/example_branch_datetime_operator.py for tasks to queue
[2023-01-12T07:38:16.055-0500] {logging_mixin.py:137} INFO - [2023-01-12T07:38:16.055-0500] {dagbag.py:538} INFO - Filling up the DagBag from /Library/Frameworks/Python.framework/Versions/3.9/lib/python3.9/site-packages/airflow/example_dags/example_branch_datetime_operator.py
[2023-01-12T07:38:16.102-0500] {processor.py:753} INFO - DAG(s) dict_keys(['example_branch_datetime_operator', 'example_branch_datetime_operator_3', 'example_branch_datetime_operator_2']) retrieved from /Library/Frameworks/Python.framework/Versions/3.9/lib/python3.9/site-packages/airflow/example_dags/example_branch_datetime_operator.py
[2023-01-12T07:38:16.875-0500] {logging_mixin.py:137} INFO - [2023-01-12T07:38:16.874-0500] {dag.py:2676} INFO - Sync 3 DAGs
[2023-01-12T07:38:16.896-0500] {logging_mixin.py:137} INFO - [2023-01-12T07:38:16.895-0500] {dag.py:3423} INFO - Setting next_dagrun for example_branch_datetime_operator to 2023-01-11T00:00:00+00:00, run_after=2023-01-12T00:00:00+00:00
[2023-01-12T07:38:16.902-0500] {logging_mixin.py:137} INFO - [2023-01-12T07:38:16.902-0500] {dag.py:3423} INFO - Setting next_dagrun for example_branch_datetime_operator_2 to 2023-01-11T00:00:00+00:00, run_after=2023-01-12T00:00:00+00:00
[2023-01-12T07:38:16.904-0500] {logging_mixin.py:137} INFO - [2023-01-12T07:38:16.904-0500] {dag.py:3423} INFO - Setting next_dagrun for example_branch_datetime_operator_3 to 2023-01-11T00:00:00+00:00, run_after=2023-01-12T00:00:00+00:00
[2023-01-12T07:38:16.924-0500] {processor.py:175} INFO - Processing /Library/Frameworks/Python.framework/Versions/3.9/lib/python3.9/site-packages/airflow/example_dags/example_branch_datetime_operator.py took 0.877 seconds
[2023-01-12T07:42:16.765-0500] {processor.py:153} INFO - Started process (PID=15780) to work on /Library/Frameworks/Python.framework/Versions/3.9/lib/python3.9/site-packages/airflow/example_dags/example_branch_datetime_operator.py
[2023-01-12T07:42:16.788-0500] {processor.py:743} INFO - Processing file /Library/Frameworks/Python.framework/Versions/3.9/lib/python3.9/site-packages/airflow/example_dags/example_branch_datetime_operator.py for tasks to queue
[2023-01-12T07:42:16.789-0500] {logging_mixin.py:137} INFO - [2023-01-12T07:42:16.789-0500] {dagbag.py:538} INFO - Filling up the DagBag from /Library/Frameworks/Python.framework/Versions/3.9/lib/python3.9/site-packages/airflow/example_dags/example_branch_datetime_operator.py
[2023-01-12T07:42:16.835-0500] {processor.py:753} INFO - DAG(s) dict_keys(['example_branch_datetime_operator_2', 'example_branch_datetime_operator', 'example_branch_datetime_operator_3']) retrieved from /Library/Frameworks/Python.framework/Versions/3.9/lib/python3.9/site-packages/airflow/example_dags/example_branch_datetime_operator.py
[2023-01-12T07:42:17.531-0500] {logging_mixin.py:137} INFO - [2023-01-12T07:42:17.530-0500] {dag.py:2676} INFO - Sync 3 DAGs
[2023-01-12T07:42:17.550-0500] {logging_mixin.py:137} INFO - [2023-01-12T07:42:17.550-0500] {dag.py:3423} INFO - Setting next_dagrun for example_branch_datetime_operator to 2023-01-11T00:00:00+00:00, run_after=2023-01-12T00:00:00+00:00
[2023-01-12T07:42:17.555-0500] {logging_mixin.py:137} INFO - [2023-01-12T07:42:17.555-0500] {dag.py:3423} INFO - Setting next_dagrun for example_branch_datetime_operator_2 to 2023-01-11T00:00:00+00:00, run_after=2023-01-12T00:00:00+00:00
[2023-01-12T07:42:17.558-0500] {logging_mixin.py:137} INFO - [2023-01-12T07:42:17.558-0500] {dag.py:3423} INFO - Setting next_dagrun for example_branch_datetime_operator_3 to 2023-01-11T00:00:00+00:00, run_after=2023-01-12T00:00:00+00:00
[2023-01-12T07:42:17.576-0500] {processor.py:175} INFO - Processing /Library/Frameworks/Python.framework/Versions/3.9/lib/python3.9/site-packages/airflow/example_dags/example_branch_datetime_operator.py took 0.813 seconds
[2023-01-12T07:46:14.578-0500] {processor.py:153} INFO - Started process (PID=15886) to work on /Library/Frameworks/Python.framework/Versions/3.9/lib/python3.9/site-packages/airflow/example_dags/example_branch_datetime_operator.py
[2023-01-12T07:46:14.603-0500] {processor.py:743} INFO - Processing file /Library/Frameworks/Python.framework/Versions/3.9/lib/python3.9/site-packages/airflow/example_dags/example_branch_datetime_operator.py for tasks to queue
[2023-01-12T07:46:14.605-0500] {logging_mixin.py:137} INFO - [2023-01-12T07:46:14.604-0500] {dagbag.py:538} INFO - Filling up the DagBag from /Library/Frameworks/Python.framework/Versions/3.9/lib/python3.9/site-packages/airflow/example_dags/example_branch_datetime_operator.py
[2023-01-12T07:46:14.648-0500] {processor.py:753} INFO - DAG(s) dict_keys(['example_branch_datetime_operator', 'example_branch_datetime_operator_3', 'example_branch_datetime_operator_2']) retrieved from /Library/Frameworks/Python.framework/Versions/3.9/lib/python3.9/site-packages/airflow/example_dags/example_branch_datetime_operator.py
[2023-01-12T07:46:15.324-0500] {logging_mixin.py:137} INFO - [2023-01-12T07:46:15.324-0500] {dag.py:2676} INFO - Sync 3 DAGs
[2023-01-12T07:46:15.342-0500] {logging_mixin.py:137} INFO - [2023-01-12T07:46:15.342-0500] {dag.py:3423} INFO - Setting next_dagrun for example_branch_datetime_operator to 2023-01-11T00:00:00+00:00, run_after=2023-01-12T00:00:00+00:00
[2023-01-12T07:46:15.347-0500] {logging_mixin.py:137} INFO - [2023-01-12T07:46:15.347-0500] {dag.py:3423} INFO - Setting next_dagrun for example_branch_datetime_operator_2 to 2023-01-11T00:00:00+00:00, run_after=2023-01-12T00:00:00+00:00
[2023-01-12T07:46:15.350-0500] {logging_mixin.py:137} INFO - [2023-01-12T07:46:15.350-0500] {dag.py:3423} INFO - Setting next_dagrun for example_branch_datetime_operator_3 to 2023-01-11T00:00:00+00:00, run_after=2023-01-12T00:00:00+00:00
[2023-01-12T07:46:15.370-0500] {processor.py:175} INFO - Processing /Library/Frameworks/Python.framework/Versions/3.9/lib/python3.9/site-packages/airflow/example_dags/example_branch_datetime_operator.py took 0.793 seconds
[2023-01-12T07:50:01.054-0500] {processor.py:153} INFO - Started process (PID=16051) to work on /Library/Frameworks/Python.framework/Versions/3.9/lib/python3.9/site-packages/airflow/example_dags/example_branch_datetime_operator.py
[2023-01-12T07:50:01.062-0500] {processor.py:743} INFO - Processing file /Library/Frameworks/Python.framework/Versions/3.9/lib/python3.9/site-packages/airflow/example_dags/example_branch_datetime_operator.py for tasks to queue
[2023-01-12T07:50:01.062-0500] {logging_mixin.py:137} INFO - [2023-01-12T07:50:01.062-0500] {dagbag.py:538} INFO - Filling up the DagBag from /Library/Frameworks/Python.framework/Versions/3.9/lib/python3.9/site-packages/airflow/example_dags/example_branch_datetime_operator.py
[2023-01-12T07:50:01.116-0500] {processor.py:753} INFO - DAG(s) dict_keys(['example_branch_datetime_operator_3', 'example_branch_datetime_operator', 'example_branch_datetime_operator_2']) retrieved from /Library/Frameworks/Python.framework/Versions/3.9/lib/python3.9/site-packages/airflow/example_dags/example_branch_datetime_operator.py
[2023-01-12T07:50:02.982-0500] {logging_mixin.py:137} INFO - [2023-01-12T07:50:02.982-0500] {dag.py:2676} INFO - Sync 3 DAGs
[2023-01-12T07:50:03.023-0500] {logging_mixin.py:137} INFO - [2023-01-12T07:50:03.023-0500] {dag.py:3423} INFO - Setting next_dagrun for example_branch_datetime_operator to 2023-01-11T00:00:00+00:00, run_after=2023-01-12T00:00:00+00:00
[2023-01-12T07:50:03.034-0500] {logging_mixin.py:137} INFO - [2023-01-12T07:50:03.034-0500] {dag.py:3423} INFO - Setting next_dagrun for example_branch_datetime_operator_2 to 2023-01-11T00:00:00+00:00, run_after=2023-01-12T00:00:00+00:00
[2023-01-12T07:50:03.038-0500] {logging_mixin.py:137} INFO - [2023-01-12T07:50:03.038-0500] {dag.py:3423} INFO - Setting next_dagrun for example_branch_datetime_operator_3 to 2023-01-11T00:00:00+00:00, run_after=2023-01-12T00:00:00+00:00
[2023-01-12T07:50:03.065-0500] {processor.py:175} INFO - Processing /Library/Frameworks/Python.framework/Versions/3.9/lib/python3.9/site-packages/airflow/example_dags/example_branch_datetime_operator.py took 2.013 seconds
[2023-01-12T07:54:03.389-0500] {processor.py:153} INFO - Started process (PID=16150) to work on /Library/Frameworks/Python.framework/Versions/3.9/lib/python3.9/site-packages/airflow/example_dags/example_branch_datetime_operator.py
[2023-01-12T07:54:03.395-0500] {processor.py:743} INFO - Processing file /Library/Frameworks/Python.framework/Versions/3.9/lib/python3.9/site-packages/airflow/example_dags/example_branch_datetime_operator.py for tasks to queue
[2023-01-12T07:54:03.396-0500] {logging_mixin.py:137} INFO - [2023-01-12T07:54:03.396-0500] {dagbag.py:538} INFO - Filling up the DagBag from /Library/Frameworks/Python.framework/Versions/3.9/lib/python3.9/site-packages/airflow/example_dags/example_branch_datetime_operator.py
[2023-01-12T07:54:03.441-0500] {processor.py:753} INFO - DAG(s) dict_keys(['example_branch_datetime_operator', 'example_branch_datetime_operator_3', 'example_branch_datetime_operator_2']) retrieved from /Library/Frameworks/Python.framework/Versions/3.9/lib/python3.9/site-packages/airflow/example_dags/example_branch_datetime_operator.py
[2023-01-12T07:54:04.230-0500] {logging_mixin.py:137} INFO - [2023-01-12T07:54:04.230-0500] {dag.py:2676} INFO - Sync 3 DAGs
[2023-01-12T07:54:04.251-0500] {logging_mixin.py:137} INFO - [2023-01-12T07:54:04.251-0500] {dag.py:3423} INFO - Setting next_dagrun for example_branch_datetime_operator to 2023-01-11T00:00:00+00:00, run_after=2023-01-12T00:00:00+00:00
[2023-01-12T07:54:04.257-0500] {logging_mixin.py:137} INFO - [2023-01-12T07:54:04.257-0500] {dag.py:3423} INFO - Setting next_dagrun for example_branch_datetime_operator_2 to 2023-01-11T00:00:00+00:00, run_after=2023-01-12T00:00:00+00:00
[2023-01-12T07:54:04.260-0500] {logging_mixin.py:137} INFO - [2023-01-12T07:54:04.259-0500] {dag.py:3423} INFO - Setting next_dagrun for example_branch_datetime_operator_3 to 2023-01-11T00:00:00+00:00, run_after=2023-01-12T00:00:00+00:00
[2023-01-12T07:54:04.280-0500] {processor.py:175} INFO - Processing /Library/Frameworks/Python.framework/Versions/3.9/lib/python3.9/site-packages/airflow/example_dags/example_branch_datetime_operator.py took 0.892 seconds
[2023-01-12T07:58:05.019-0500] {processor.py:153} INFO - Started process (PID=16352) to work on /Library/Frameworks/Python.framework/Versions/3.9/lib/python3.9/site-packages/airflow/example_dags/example_branch_datetime_operator.py
[2023-01-12T07:58:05.031-0500] {processor.py:743} INFO - Processing file /Library/Frameworks/Python.framework/Versions/3.9/lib/python3.9/site-packages/airflow/example_dags/example_branch_datetime_operator.py for tasks to queue
[2023-01-12T07:58:05.033-0500] {logging_mixin.py:137} INFO - [2023-01-12T07:58:05.033-0500] {dagbag.py:538} INFO - Filling up the DagBag from /Library/Frameworks/Python.framework/Versions/3.9/lib/python3.9/site-packages/airflow/example_dags/example_branch_datetime_operator.py
[2023-01-12T07:58:05.084-0500] {processor.py:753} INFO - DAG(s) dict_keys(['example_branch_datetime_operator_2', 'example_branch_datetime_operator_3', 'example_branch_datetime_operator']) retrieved from /Library/Frameworks/Python.framework/Versions/3.9/lib/python3.9/site-packages/airflow/example_dags/example_branch_datetime_operator.py
[2023-01-12T07:58:05.939-0500] {logging_mixin.py:137} INFO - [2023-01-12T07:58:05.939-0500] {dag.py:2676} INFO - Sync 3 DAGs
[2023-01-12T07:58:05.958-0500] {logging_mixin.py:137} INFO - [2023-01-12T07:58:05.958-0500] {dag.py:3423} INFO - Setting next_dagrun for example_branch_datetime_operator to 2023-01-11T00:00:00+00:00, run_after=2023-01-12T00:00:00+00:00
[2023-01-12T07:58:05.963-0500] {logging_mixin.py:137} INFO - [2023-01-12T07:58:05.963-0500] {dag.py:3423} INFO - Setting next_dagrun for example_branch_datetime_operator_2 to 2023-01-11T00:00:00+00:00, run_after=2023-01-12T00:00:00+00:00
[2023-01-12T07:58:05.965-0500] {logging_mixin.py:137} INFO - [2023-01-12T07:58:05.965-0500] {dag.py:3423} INFO - Setting next_dagrun for example_branch_datetime_operator_3 to 2023-01-11T00:00:00+00:00, run_after=2023-01-12T00:00:00+00:00
[2023-01-12T07:58:05.985-0500] {processor.py:175} INFO - Processing /Library/Frameworks/Python.framework/Versions/3.9/lib/python3.9/site-packages/airflow/example_dags/example_branch_datetime_operator.py took 0.967 seconds
[2023-01-12T08:02:47.902-0500] {processor.py:153} INFO - Started process (PID=16515) to work on /Library/Frameworks/Python.framework/Versions/3.9/lib/python3.9/site-packages/airflow/example_dags/example_branch_datetime_operator.py
[2023-01-12T08:02:47.916-0500] {processor.py:743} INFO - Processing file /Library/Frameworks/Python.framework/Versions/3.9/lib/python3.9/site-packages/airflow/example_dags/example_branch_datetime_operator.py for tasks to queue
[2023-01-12T08:02:47.917-0500] {logging_mixin.py:137} INFO - [2023-01-12T08:02:47.917-0500] {dagbag.py:538} INFO - Filling up the DagBag from /Library/Frameworks/Python.framework/Versions/3.9/lib/python3.9/site-packages/airflow/example_dags/example_branch_datetime_operator.py
[2023-01-12T08:02:48.003-0500] {processor.py:753} INFO - DAG(s) dict_keys(['example_branch_datetime_operator', 'example_branch_datetime_operator_3', 'example_branch_datetime_operator_2']) retrieved from /Library/Frameworks/Python.framework/Versions/3.9/lib/python3.9/site-packages/airflow/example_dags/example_branch_datetime_operator.py
[2023-01-12T08:02:49.225-0500] {logging_mixin.py:137} INFO - [2023-01-12T08:02:49.224-0500] {dag.py:2676} INFO - Sync 3 DAGs
[2023-01-12T08:02:49.257-0500] {logging_mixin.py:137} INFO - [2023-01-12T08:02:49.256-0500] {dag.py:3423} INFO - Setting next_dagrun for example_branch_datetime_operator to 2023-01-11T00:00:00+00:00, run_after=2023-01-12T00:00:00+00:00
[2023-01-12T08:02:49.266-0500] {logging_mixin.py:137} INFO - [2023-01-12T08:02:49.266-0500] {dag.py:3423} INFO - Setting next_dagrun for example_branch_datetime_operator_2 to 2023-01-11T00:00:00+00:00, run_after=2023-01-12T00:00:00+00:00
[2023-01-12T08:02:49.270-0500] {logging_mixin.py:137} INFO - [2023-01-12T08:02:49.270-0500] {dag.py:3423} INFO - Setting next_dagrun for example_branch_datetime_operator_3 to 2023-01-11T00:00:00+00:00, run_after=2023-01-12T00:00:00+00:00
[2023-01-12T08:02:49.301-0500] {processor.py:175} INFO - Processing /Library/Frameworks/Python.framework/Versions/3.9/lib/python3.9/site-packages/airflow/example_dags/example_branch_datetime_operator.py took 1.400 seconds
[2023-01-12T08:11:06.844-0500] {processor.py:153} INFO - Started process (PID=16774) to work on /Library/Frameworks/Python.framework/Versions/3.9/lib/python3.9/site-packages/airflow/example_dags/example_branch_datetime_operator.py
[2023-01-12T08:11:06.859-0500] {processor.py:743} INFO - Processing file /Library/Frameworks/Python.framework/Versions/3.9/lib/python3.9/site-packages/airflow/example_dags/example_branch_datetime_operator.py for tasks to queue
[2023-01-12T08:11:06.860-0500] {logging_mixin.py:137} INFO - [2023-01-12T08:11:06.859-0500] {dagbag.py:538} INFO - Filling up the DagBag from /Library/Frameworks/Python.framework/Versions/3.9/lib/python3.9/site-packages/airflow/example_dags/example_branch_datetime_operator.py
[2023-01-12T08:11:06.972-0500] {processor.py:753} INFO - DAG(s) dict_keys(['example_branch_datetime_operator_2', 'example_branch_datetime_operator_3', 'example_branch_datetime_operator']) retrieved from /Library/Frameworks/Python.framework/Versions/3.9/lib/python3.9/site-packages/airflow/example_dags/example_branch_datetime_operator.py
[2023-01-12T08:11:08.398-0500] {logging_mixin.py:137} INFO - [2023-01-12T08:11:08.398-0500] {dag.py:2676} INFO - Sync 3 DAGs
[2023-01-12T08:11:08.434-0500] {logging_mixin.py:137} INFO - [2023-01-12T08:11:08.433-0500] {dag.py:3423} INFO - Setting next_dagrun for example_branch_datetime_operator to 2023-01-11T00:00:00+00:00, run_after=2023-01-12T00:00:00+00:00
[2023-01-12T08:11:08.444-0500] {logging_mixin.py:137} INFO - [2023-01-12T08:11:08.443-0500] {dag.py:3423} INFO - Setting next_dagrun for example_branch_datetime_operator_2 to 2023-01-11T00:00:00+00:00, run_after=2023-01-12T00:00:00+00:00
[2023-01-12T08:11:08.448-0500] {logging_mixin.py:137} INFO - [2023-01-12T08:11:08.448-0500] {dag.py:3423} INFO - Setting next_dagrun for example_branch_datetime_operator_3 to 2023-01-11T00:00:00+00:00, run_after=2023-01-12T00:00:00+00:00
[2023-01-12T08:11:08.482-0500] {processor.py:175} INFO - Processing /Library/Frameworks/Python.framework/Versions/3.9/lib/python3.9/site-packages/airflow/example_dags/example_branch_datetime_operator.py took 1.639 seconds
[2023-01-12T08:29:07.000-0500] {processor.py:153} INFO - Started process (PID=17539) to work on /Library/Frameworks/Python.framework/Versions/3.9/lib/python3.9/site-packages/airflow/example_dags/example_branch_datetime_operator.py
[2023-01-12T08:29:07.016-0500] {processor.py:743} INFO - Processing file /Library/Frameworks/Python.framework/Versions/3.9/lib/python3.9/site-packages/airflow/example_dags/example_branch_datetime_operator.py for tasks to queue
[2023-01-12T08:29:07.017-0500] {logging_mixin.py:137} INFO - [2023-01-12T08:29:07.017-0500] {dagbag.py:538} INFO - Filling up the DagBag from /Library/Frameworks/Python.framework/Versions/3.9/lib/python3.9/site-packages/airflow/example_dags/example_branch_datetime_operator.py
[2023-01-12T08:29:07.136-0500] {processor.py:753} INFO - DAG(s) dict_keys(['example_branch_datetime_operator_3', 'example_branch_datetime_operator_2', 'example_branch_datetime_operator']) retrieved from /Library/Frameworks/Python.framework/Versions/3.9/lib/python3.9/site-packages/airflow/example_dags/example_branch_datetime_operator.py
[2023-01-12T08:29:08.665-0500] {logging_mixin.py:137} INFO - [2023-01-12T08:29:08.665-0500] {dag.py:2676} INFO - Sync 3 DAGs
[2023-01-12T08:29:08.702-0500] {logging_mixin.py:137} INFO - [2023-01-12T08:29:08.701-0500] {dag.py:3423} INFO - Setting next_dagrun for example_branch_datetime_operator to 2023-01-11T00:00:00+00:00, run_after=2023-01-12T00:00:00+00:00
[2023-01-12T08:29:08.714-0500] {logging_mixin.py:137} INFO - [2023-01-12T08:29:08.713-0500] {dag.py:3423} INFO - Setting next_dagrun for example_branch_datetime_operator_2 to 2023-01-11T00:00:00+00:00, run_after=2023-01-12T00:00:00+00:00
[2023-01-12T08:29:08.718-0500] {logging_mixin.py:137} INFO - [2023-01-12T08:29:08.718-0500] {dag.py:3423} INFO - Setting next_dagrun for example_branch_datetime_operator_3 to 2023-01-11T00:00:00+00:00, run_after=2023-01-12T00:00:00+00:00
[2023-01-12T08:29:08.753-0500] {processor.py:175} INFO - Processing /Library/Frameworks/Python.framework/Versions/3.9/lib/python3.9/site-packages/airflow/example_dags/example_branch_datetime_operator.py took 1.755 seconds
