[2023-01-12T07:23:34.054-0500] {processor.py:153} INFO - Started process (PID=14986) to work on /Library/Frameworks/Python.framework/Versions/3.9/lib/python3.9/site-packages/airflow/example_dags/example_branch_python_dop_operator_3.py
[2023-01-12T07:23:34.061-0500] {processor.py:743} INFO - Processing file /Library/Frameworks/Python.framework/Versions/3.9/lib/python3.9/site-packages/airflow/example_dags/example_branch_python_dop_operator_3.py for tasks to queue
[2023-01-12T07:23:34.062-0500] {logging_mixin.py:137} INFO - [2023-01-12T07:23:34.062-0500] {dagbag.py:538} INFO - Filling up the DagBag from /Library/Frameworks/Python.framework/Versions/3.9/lib/python3.9/site-packages/airflow/example_dags/example_branch_python_dop_operator_3.py
[2023-01-12T07:23:34.149-0500] {processor.py:753} INFO - DAG(s) dict_keys(['example_branch_dop_operator_v3']) retrieved from /Library/Frameworks/Python.framework/Versions/3.9/lib/python3.9/site-packages/airflow/example_dags/example_branch_python_dop_operator_3.py
[2023-01-12T07:23:35.978-0500] {logging_mixin.py:137} INFO - [2023-01-12T07:23:35.977-0500] {dag.py:2676} INFO - Sync 1 DAGs
[2023-01-12T07:23:36.042-0500] {logging_mixin.py:137} INFO - [2023-01-12T07:23:36.042-0500] {dag.py:3423} INFO - Setting next_dagrun for example_branch_dop_operator_v3 to 2023-01-12T12:22:00+00:00, run_after=2023-01-12T12:23:00+00:00
[2023-01-12T07:23:36.144-0500] {processor.py:175} INFO - Processing /Library/Frameworks/Python.framework/Versions/3.9/lib/python3.9/site-packages/airflow/example_dags/example_branch_python_dop_operator_3.py took 2.091 seconds
[2023-01-12T07:27:19.653-0500] {processor.py:153} INFO - Started process (PID=15136) to work on /Library/Frameworks/Python.framework/Versions/3.9/lib/python3.9/site-packages/airflow/example_dags/example_branch_python_dop_operator_3.py
[2023-01-12T07:27:19.658-0500] {processor.py:743} INFO - Processing file /Library/Frameworks/Python.framework/Versions/3.9/lib/python3.9/site-packages/airflow/example_dags/example_branch_python_dop_operator_3.py for tasks to queue
[2023-01-12T07:27:19.659-0500] {logging_mixin.py:137} INFO - [2023-01-12T07:27:19.659-0500] {dagbag.py:538} INFO - Filling up the DagBag from /Library/Frameworks/Python.framework/Versions/3.9/lib/python3.9/site-packages/airflow/example_dags/example_branch_python_dop_operator_3.py
[2023-01-12T07:27:19.712-0500] {processor.py:753} INFO - DAG(s) dict_keys(['example_branch_dop_operator_v3']) retrieved from /Library/Frameworks/Python.framework/Versions/3.9/lib/python3.9/site-packages/airflow/example_dags/example_branch_python_dop_operator_3.py
[2023-01-12T07:27:20.382-0500] {logging_mixin.py:137} INFO - [2023-01-12T07:27:20.382-0500] {dag.py:2676} INFO - Sync 1 DAGs
[2023-01-12T07:27:20.404-0500] {logging_mixin.py:137} INFO - [2023-01-12T07:27:20.403-0500] {dag.py:3423} INFO - Setting next_dagrun for example_branch_dop_operator_v3 to 2023-01-12T12:26:00+00:00, run_after=2023-01-12T12:27:00+00:00
[2023-01-12T07:27:20.424-0500] {processor.py:175} INFO - Processing /Library/Frameworks/Python.framework/Versions/3.9/lib/python3.9/site-packages/airflow/example_dags/example_branch_python_dop_operator_3.py took 0.772 seconds
[2023-01-12T07:30:53.500-0500] {processor.py:153} INFO - Started process (PID=15327) to work on /Library/Frameworks/Python.framework/Versions/3.9/lib/python3.9/site-packages/airflow/example_dags/example_branch_python_dop_operator_3.py
[2023-01-12T07:30:53.508-0500] {processor.py:743} INFO - Processing file /Library/Frameworks/Python.framework/Versions/3.9/lib/python3.9/site-packages/airflow/example_dags/example_branch_python_dop_operator_3.py for tasks to queue
[2023-01-12T07:30:53.509-0500] {logging_mixin.py:137} INFO - [2023-01-12T07:30:53.509-0500] {dagbag.py:538} INFO - Filling up the DagBag from /Library/Frameworks/Python.framework/Versions/3.9/lib/python3.9/site-packages/airflow/example_dags/example_branch_python_dop_operator_3.py
[2023-01-12T07:30:53.572-0500] {processor.py:753} INFO - DAG(s) dict_keys(['example_branch_dop_operator_v3']) retrieved from /Library/Frameworks/Python.framework/Versions/3.9/lib/python3.9/site-packages/airflow/example_dags/example_branch_python_dop_operator_3.py
[2023-01-12T07:30:54.232-0500] {logging_mixin.py:137} INFO - [2023-01-12T07:30:54.232-0500] {dag.py:2676} INFO - Sync 1 DAGs
[2023-01-12T07:30:54.254-0500] {logging_mixin.py:137} INFO - [2023-01-12T07:30:54.254-0500] {dag.py:3423} INFO - Setting next_dagrun for example_branch_dop_operator_v3 to 2023-01-12T12:29:00+00:00, run_after=2023-01-12T12:30:00+00:00
[2023-01-12T07:30:54.273-0500] {processor.py:175} INFO - Processing /Library/Frameworks/Python.framework/Versions/3.9/lib/python3.9/site-packages/airflow/example_dags/example_branch_python_dop_operator_3.py took 0.774 seconds
[2023-01-12T07:34:26.237-0500] {processor.py:153} INFO - Started process (PID=15521) to work on /Library/Frameworks/Python.framework/Versions/3.9/lib/python3.9/site-packages/airflow/example_dags/example_branch_python_dop_operator_3.py
[2023-01-12T07:34:26.243-0500] {processor.py:743} INFO - Processing file /Library/Frameworks/Python.framework/Versions/3.9/lib/python3.9/site-packages/airflow/example_dags/example_branch_python_dop_operator_3.py for tasks to queue
[2023-01-12T07:34:26.244-0500] {logging_mixin.py:137} INFO - [2023-01-12T07:34:26.244-0500] {dagbag.py:538} INFO - Filling up the DagBag from /Library/Frameworks/Python.framework/Versions/3.9/lib/python3.9/site-packages/airflow/example_dags/example_branch_python_dop_operator_3.py
[2023-01-12T07:34:26.298-0500] {processor.py:753} INFO - DAG(s) dict_keys(['example_branch_dop_operator_v3']) retrieved from /Library/Frameworks/Python.framework/Versions/3.9/lib/python3.9/site-packages/airflow/example_dags/example_branch_python_dop_operator_3.py
[2023-01-12T07:34:26.925-0500] {logging_mixin.py:137} INFO - [2023-01-12T07:34:26.925-0500] {dag.py:2676} INFO - Sync 1 DAGs
[2023-01-12T07:34:26.948-0500] {logging_mixin.py:137} INFO - [2023-01-12T07:34:26.948-0500] {dag.py:3423} INFO - Setting next_dagrun for example_branch_dop_operator_v3 to 2023-01-12T12:33:00+00:00, run_after=2023-01-12T12:34:00+00:00
[2023-01-12T07:34:26.968-0500] {processor.py:175} INFO - Processing /Library/Frameworks/Python.framework/Versions/3.9/lib/python3.9/site-packages/airflow/example_dags/example_branch_python_dop_operator_3.py took 0.731 seconds
[2023-01-12T07:38:02.311-0500] {processor.py:153} INFO - Started process (PID=15597) to work on /Library/Frameworks/Python.framework/Versions/3.9/lib/python3.9/site-packages/airflow/example_dags/example_branch_python_dop_operator_3.py
[2023-01-12T07:38:02.317-0500] {processor.py:743} INFO - Processing file /Library/Frameworks/Python.framework/Versions/3.9/lib/python3.9/site-packages/airflow/example_dags/example_branch_python_dop_operator_3.py for tasks to queue
[2023-01-12T07:38:02.319-0500] {logging_mixin.py:137} INFO - [2023-01-12T07:38:02.319-0500] {dagbag.py:538} INFO - Filling up the DagBag from /Library/Frameworks/Python.framework/Versions/3.9/lib/python3.9/site-packages/airflow/example_dags/example_branch_python_dop_operator_3.py
[2023-01-12T07:38:02.380-0500] {processor.py:753} INFO - DAG(s) dict_keys(['example_branch_dop_operator_v3']) retrieved from /Library/Frameworks/Python.framework/Versions/3.9/lib/python3.9/site-packages/airflow/example_dags/example_branch_python_dop_operator_3.py
[2023-01-12T07:38:03.562-0500] {logging_mixin.py:137} INFO - [2023-01-12T07:38:03.562-0500] {dag.py:2676} INFO - Sync 1 DAGs
[2023-01-12T07:38:03.594-0500] {logging_mixin.py:137} INFO - [2023-01-12T07:38:03.594-0500] {dag.py:3423} INFO - Setting next_dagrun for example_branch_dop_operator_v3 to 2023-01-12T12:37:00+00:00, run_after=2023-01-12T12:38:00+00:00
[2023-01-12T07:38:03.624-0500] {processor.py:175} INFO - Processing /Library/Frameworks/Python.framework/Versions/3.9/lib/python3.9/site-packages/airflow/example_dags/example_branch_python_dop_operator_3.py took 1.314 seconds
[2023-01-12T07:42:05.297-0500] {processor.py:153} INFO - Started process (PID=15777) to work on /Library/Frameworks/Python.framework/Versions/3.9/lib/python3.9/site-packages/airflow/example_dags/example_branch_python_dop_operator_3.py
[2023-01-12T07:42:05.305-0500] {processor.py:743} INFO - Processing file /Library/Frameworks/Python.framework/Versions/3.9/lib/python3.9/site-packages/airflow/example_dags/example_branch_python_dop_operator_3.py for tasks to queue
[2023-01-12T07:42:05.305-0500] {logging_mixin.py:137} INFO - [2023-01-12T07:42:05.305-0500] {dagbag.py:538} INFO - Filling up the DagBag from /Library/Frameworks/Python.framework/Versions/3.9/lib/python3.9/site-packages/airflow/example_dags/example_branch_python_dop_operator_3.py
[2023-01-12T07:42:05.380-0500] {processor.py:753} INFO - DAG(s) dict_keys(['example_branch_dop_operator_v3']) retrieved from /Library/Frameworks/Python.framework/Versions/3.9/lib/python3.9/site-packages/airflow/example_dags/example_branch_python_dop_operator_3.py
[2023-01-12T07:42:06.232-0500] {logging_mixin.py:137} INFO - [2023-01-12T07:42:06.231-0500] {dag.py:2676} INFO - Sync 1 DAGs
[2023-01-12T07:42:06.258-0500] {logging_mixin.py:137} INFO - [2023-01-12T07:42:06.257-0500] {dag.py:3423} INFO - Setting next_dagrun for example_branch_dop_operator_v3 to 2023-01-12T12:41:00+00:00, run_after=2023-01-12T12:42:00+00:00
[2023-01-12T07:42:06.280-0500] {processor.py:175} INFO - Processing /Library/Frameworks/Python.framework/Versions/3.9/lib/python3.9/site-packages/airflow/example_dags/example_branch_python_dop_operator_3.py took 0.984 seconds
[2023-01-12T07:46:03.839-0500] {processor.py:153} INFO - Started process (PID=15883) to work on /Library/Frameworks/Python.framework/Versions/3.9/lib/python3.9/site-packages/airflow/example_dags/example_branch_python_dop_operator_3.py
[2023-01-12T07:46:03.845-0500] {processor.py:743} INFO - Processing file /Library/Frameworks/Python.framework/Versions/3.9/lib/python3.9/site-packages/airflow/example_dags/example_branch_python_dop_operator_3.py for tasks to queue
[2023-01-12T07:46:03.845-0500] {logging_mixin.py:137} INFO - [2023-01-12T07:46:03.845-0500] {dagbag.py:538} INFO - Filling up the DagBag from /Library/Frameworks/Python.framework/Versions/3.9/lib/python3.9/site-packages/airflow/example_dags/example_branch_python_dop_operator_3.py
[2023-01-12T07:46:03.899-0500] {processor.py:753} INFO - DAG(s) dict_keys(['example_branch_dop_operator_v3']) retrieved from /Library/Frameworks/Python.framework/Versions/3.9/lib/python3.9/site-packages/airflow/example_dags/example_branch_python_dop_operator_3.py
[2023-01-12T07:46:04.622-0500] {logging_mixin.py:137} INFO - [2023-01-12T07:46:04.622-0500] {dag.py:2676} INFO - Sync 1 DAGs
[2023-01-12T07:46:04.663-0500] {logging_mixin.py:137} INFO - [2023-01-12T07:46:04.663-0500] {dag.py:3423} INFO - Setting next_dagrun for example_branch_dop_operator_v3 to 2023-01-12T12:45:00+00:00, run_after=2023-01-12T12:46:00+00:00
[2023-01-12T07:46:04.697-0500] {processor.py:175} INFO - Processing /Library/Frameworks/Python.framework/Versions/3.9/lib/python3.9/site-packages/airflow/example_dags/example_branch_python_dop_operator_3.py took 0.859 seconds
[2023-01-12T07:49:44.731-0500] {processor.py:153} INFO - Started process (PID=16015) to work on /Library/Frameworks/Python.framework/Versions/3.9/lib/python3.9/site-packages/airflow/example_dags/example_branch_python_dop_operator_3.py
[2023-01-12T07:49:44.742-0500] {processor.py:743} INFO - Processing file /Library/Frameworks/Python.framework/Versions/3.9/lib/python3.9/site-packages/airflow/example_dags/example_branch_python_dop_operator_3.py for tasks to queue
[2023-01-12T07:49:44.743-0500] {logging_mixin.py:137} INFO - [2023-01-12T07:49:44.743-0500] {dagbag.py:538} INFO - Filling up the DagBag from /Library/Frameworks/Python.framework/Versions/3.9/lib/python3.9/site-packages/airflow/example_dags/example_branch_python_dop_operator_3.py
[2023-01-12T07:49:44.941-0500] {processor.py:753} INFO - DAG(s) dict_keys(['example_branch_dop_operator_v3']) retrieved from /Library/Frameworks/Python.framework/Versions/3.9/lib/python3.9/site-packages/airflow/example_dags/example_branch_python_dop_operator_3.py
[2023-01-12T07:49:45.980-0500] {logging_mixin.py:137} INFO - [2023-01-12T07:49:45.979-0500] {dag.py:2676} INFO - Sync 1 DAGs
[2023-01-12T07:49:46.014-0500] {logging_mixin.py:137} INFO - [2023-01-12T07:49:46.014-0500] {dag.py:3423} INFO - Setting next_dagrun for example_branch_dop_operator_v3 to 2023-01-12T12:48:00+00:00, run_after=2023-01-12T12:49:00+00:00
[2023-01-12T07:49:46.047-0500] {processor.py:175} INFO - Processing /Library/Frameworks/Python.framework/Versions/3.9/lib/python3.9/site-packages/airflow/example_dags/example_branch_python_dop_operator_3.py took 1.317 seconds
[2023-01-12T07:53:52.858-0500] {processor.py:153} INFO - Started process (PID=16145) to work on /Library/Frameworks/Python.framework/Versions/3.9/lib/python3.9/site-packages/airflow/example_dags/example_branch_python_dop_operator_3.py
[2023-01-12T07:53:52.867-0500] {processor.py:743} INFO - Processing file /Library/Frameworks/Python.framework/Versions/3.9/lib/python3.9/site-packages/airflow/example_dags/example_branch_python_dop_operator_3.py for tasks to queue
[2023-01-12T07:53:52.868-0500] {logging_mixin.py:137} INFO - [2023-01-12T07:53:52.867-0500] {dagbag.py:538} INFO - Filling up the DagBag from /Library/Frameworks/Python.framework/Versions/3.9/lib/python3.9/site-packages/airflow/example_dags/example_branch_python_dop_operator_3.py
[2023-01-12T07:53:52.928-0500] {processor.py:753} INFO - DAG(s) dict_keys(['example_branch_dop_operator_v3']) retrieved from /Library/Frameworks/Python.framework/Versions/3.9/lib/python3.9/site-packages/airflow/example_dags/example_branch_python_dop_operator_3.py
[2023-01-12T07:53:53.626-0500] {logging_mixin.py:137} INFO - [2023-01-12T07:53:53.626-0500] {dag.py:2676} INFO - Sync 1 DAGs
[2023-01-12T07:53:53.649-0500] {logging_mixin.py:137} INFO - [2023-01-12T07:53:53.649-0500] {dag.py:3423} INFO - Setting next_dagrun for example_branch_dop_operator_v3 to 2023-01-12T12:52:00+00:00, run_after=2023-01-12T12:53:00+00:00
[2023-01-12T07:53:53.671-0500] {processor.py:175} INFO - Processing /Library/Frameworks/Python.framework/Versions/3.9/lib/python3.9/site-packages/airflow/example_dags/example_branch_python_dop_operator_3.py took 0.813 seconds
[2023-01-12T07:57:54.366-0500] {processor.py:153} INFO - Started process (PID=16348) to work on /Library/Frameworks/Python.framework/Versions/3.9/lib/python3.9/site-packages/airflow/example_dags/example_branch_python_dop_operator_3.py
[2023-01-12T07:57:54.372-0500] {processor.py:743} INFO - Processing file /Library/Frameworks/Python.framework/Versions/3.9/lib/python3.9/site-packages/airflow/example_dags/example_branch_python_dop_operator_3.py for tasks to queue
[2023-01-12T07:57:54.373-0500] {logging_mixin.py:137} INFO - [2023-01-12T07:57:54.373-0500] {dagbag.py:538} INFO - Filling up the DagBag from /Library/Frameworks/Python.framework/Versions/3.9/lib/python3.9/site-packages/airflow/example_dags/example_branch_python_dop_operator_3.py
[2023-01-12T07:57:54.432-0500] {processor.py:753} INFO - DAG(s) dict_keys(['example_branch_dop_operator_v3']) retrieved from /Library/Frameworks/Python.framework/Versions/3.9/lib/python3.9/site-packages/airflow/example_dags/example_branch_python_dop_operator_3.py
[2023-01-12T07:57:55.131-0500] {logging_mixin.py:137} INFO - [2023-01-12T07:57:55.130-0500] {dag.py:2676} INFO - Sync 1 DAGs
[2023-01-12T07:57:55.157-0500] {logging_mixin.py:137} INFO - [2023-01-12T07:57:55.157-0500] {dag.py:3423} INFO - Setting next_dagrun for example_branch_dop_operator_v3 to 2023-01-12T12:56:00+00:00, run_after=2023-01-12T12:57:00+00:00
[2023-01-12T07:57:55.177-0500] {processor.py:175} INFO - Processing /Library/Frameworks/Python.framework/Versions/3.9/lib/python3.9/site-packages/airflow/example_dags/example_branch_python_dop_operator_3.py took 0.812 seconds
[2023-01-12T08:02:31.061-0500] {processor.py:153} INFO - Started process (PID=16509) to work on /Library/Frameworks/Python.framework/Versions/3.9/lib/python3.9/site-packages/airflow/example_dags/example_branch_python_dop_operator_3.py
[2023-01-12T08:02:31.072-0500] {processor.py:743} INFO - Processing file /Library/Frameworks/Python.framework/Versions/3.9/lib/python3.9/site-packages/airflow/example_dags/example_branch_python_dop_operator_3.py for tasks to queue
[2023-01-12T08:02:31.073-0500] {logging_mixin.py:137} INFO - [2023-01-12T08:02:31.073-0500] {dagbag.py:538} INFO - Filling up the DagBag from /Library/Frameworks/Python.framework/Versions/3.9/lib/python3.9/site-packages/airflow/example_dags/example_branch_python_dop_operator_3.py
[2023-01-12T08:02:31.171-0500] {processor.py:753} INFO - DAG(s) dict_keys(['example_branch_dop_operator_v3']) retrieved from /Library/Frameworks/Python.framework/Versions/3.9/lib/python3.9/site-packages/airflow/example_dags/example_branch_python_dop_operator_3.py
[2023-01-12T08:02:32.276-0500] {logging_mixin.py:137} INFO - [2023-01-12T08:02:32.276-0500] {dag.py:2676} INFO - Sync 1 DAGs
[2023-01-12T08:02:32.316-0500] {logging_mixin.py:137} INFO - [2023-01-12T08:02:32.315-0500] {dag.py:3423} INFO - Setting next_dagrun for example_branch_dop_operator_v3 to 2023-01-12T13:01:00+00:00, run_after=2023-01-12T13:02:00+00:00
[2023-01-12T08:02:32.349-0500] {processor.py:175} INFO - Processing /Library/Frameworks/Python.framework/Versions/3.9/lib/python3.9/site-packages/airflow/example_dags/example_branch_python_dop_operator_3.py took 1.290 seconds
[2023-01-12T08:10:43.651-0500] {processor.py:153} INFO - Started process (PID=16768) to work on /Library/Frameworks/Python.framework/Versions/3.9/lib/python3.9/site-packages/airflow/example_dags/example_branch_python_dop_operator_3.py
[2023-01-12T08:10:43.664-0500] {processor.py:743} INFO - Processing file /Library/Frameworks/Python.framework/Versions/3.9/lib/python3.9/site-packages/airflow/example_dags/example_branch_python_dop_operator_3.py for tasks to queue
[2023-01-12T08:10:43.666-0500] {logging_mixin.py:137} INFO - [2023-01-12T08:10:43.665-0500] {dagbag.py:538} INFO - Filling up the DagBag from /Library/Frameworks/Python.framework/Versions/3.9/lib/python3.9/site-packages/airflow/example_dags/example_branch_python_dop_operator_3.py
[2023-01-12T08:10:43.857-0500] {processor.py:753} INFO - DAG(s) dict_keys(['example_branch_dop_operator_v3']) retrieved from /Library/Frameworks/Python.framework/Versions/3.9/lib/python3.9/site-packages/airflow/example_dags/example_branch_python_dop_operator_3.py
[2023-01-12T08:10:47.189-0500] {logging_mixin.py:137} INFO - [2023-01-12T08:10:47.188-0500] {dag.py:2676} INFO - Sync 1 DAGs
[2023-01-12T08:10:47.235-0500] {logging_mixin.py:137} INFO - [2023-01-12T08:10:47.235-0500] {dag.py:3423} INFO - Setting next_dagrun for example_branch_dop_operator_v3 to 2023-01-12T13:09:00+00:00, run_after=2023-01-12T13:10:00+00:00
[2023-01-12T08:10:47.270-0500] {processor.py:175} INFO - Processing /Library/Frameworks/Python.framework/Versions/3.9/lib/python3.9/site-packages/airflow/example_dags/example_branch_python_dop_operator_3.py took 3.619 seconds
[2023-01-12T08:20:48.292-0500] {processor.py:153} INFO - Started process (PID=17283) to work on /Library/Frameworks/Python.framework/Versions/3.9/lib/python3.9/site-packages/airflow/example_dags/example_branch_python_dop_operator_3.py
[2023-01-12T08:20:48.302-0500] {processor.py:743} INFO - Processing file /Library/Frameworks/Python.framework/Versions/3.9/lib/python3.9/site-packages/airflow/example_dags/example_branch_python_dop_operator_3.py for tasks to queue
[2023-01-12T08:20:48.303-0500] {logging_mixin.py:137} INFO - [2023-01-12T08:20:48.303-0500] {dagbag.py:538} INFO - Filling up the DagBag from /Library/Frameworks/Python.framework/Versions/3.9/lib/python3.9/site-packages/airflow/example_dags/example_branch_python_dop_operator_3.py
[2023-01-12T08:20:48.393-0500] {processor.py:753} INFO - DAG(s) dict_keys(['example_branch_dop_operator_v3']) retrieved from /Library/Frameworks/Python.framework/Versions/3.9/lib/python3.9/site-packages/airflow/example_dags/example_branch_python_dop_operator_3.py
[2023-01-12T08:20:49.432-0500] {logging_mixin.py:137} INFO - [2023-01-12T08:20:49.432-0500] {dag.py:2676} INFO - Sync 1 DAGs
[2023-01-12T08:20:49.472-0500] {logging_mixin.py:137} INFO - [2023-01-12T08:20:49.472-0500] {dag.py:3423} INFO - Setting next_dagrun for example_branch_dop_operator_v3 to 2023-01-12T13:19:00+00:00, run_after=2023-01-12T13:20:00+00:00
[2023-01-12T08:20:49.505-0500] {processor.py:175} INFO - Processing /Library/Frameworks/Python.framework/Versions/3.9/lib/python3.9/site-packages/airflow/example_dags/example_branch_python_dop_operator_3.py took 1.214 seconds
[2023-01-12T08:27:40.906-0500] {processor.py:153} INFO - Started process (PID=17490) to work on /Library/Frameworks/Python.framework/Versions/3.9/lib/python3.9/site-packages/airflow/example_dags/example_branch_python_dop_operator_3.py
[2023-01-12T08:27:40.917-0500] {processor.py:743} INFO - Processing file /Library/Frameworks/Python.framework/Versions/3.9/lib/python3.9/site-packages/airflow/example_dags/example_branch_python_dop_operator_3.py for tasks to queue
[2023-01-12T08:27:40.918-0500] {logging_mixin.py:137} INFO - [2023-01-12T08:27:40.918-0500] {dagbag.py:538} INFO - Filling up the DagBag from /Library/Frameworks/Python.framework/Versions/3.9/lib/python3.9/site-packages/airflow/example_dags/example_branch_python_dop_operator_3.py
[2023-01-12T08:27:41.008-0500] {processor.py:753} INFO - DAG(s) dict_keys(['example_branch_dop_operator_v3']) retrieved from /Library/Frameworks/Python.framework/Versions/3.9/lib/python3.9/site-packages/airflow/example_dags/example_branch_python_dop_operator_3.py
[2023-01-12T08:27:42.041-0500] {logging_mixin.py:137} INFO - [2023-01-12T08:27:42.040-0500] {dag.py:2676} INFO - Sync 1 DAGs
[2023-01-12T08:27:42.077-0500] {logging_mixin.py:137} INFO - [2023-01-12T08:27:42.077-0500] {dag.py:3423} INFO - Setting next_dagrun for example_branch_dop_operator_v3 to 2023-01-12T13:26:00+00:00, run_after=2023-01-12T13:27:00+00:00
[2023-01-12T08:27:42.111-0500] {processor.py:175} INFO - Processing /Library/Frameworks/Python.framework/Versions/3.9/lib/python3.9/site-packages/airflow/example_dags/example_branch_python_dop_operator_3.py took 1.206 seconds
