[2023-01-12T07:23:54.160-0500] {processor.py:153} INFO - Started process (PID=15013) to work on /Library/Frameworks/Python.framework/Versions/3.9/lib/python3.9/site-packages/airflow/example_dags/example_bash_operator.py
[2023-01-12T07:23:54.165-0500] {processor.py:743} INFO - Processing file /Library/Frameworks/Python.framework/Versions/3.9/lib/python3.9/site-packages/airflow/example_dags/example_bash_operator.py for tasks to queue
[2023-01-12T07:23:54.166-0500] {logging_mixin.py:137} INFO - [2023-01-12T07:23:54.166-0500] {dagbag.py:538} INFO - Filling up the DagBag from /Library/Frameworks/Python.framework/Versions/3.9/lib/python3.9/site-packages/airflow/example_dags/example_bash_operator.py
[2023-01-12T07:23:54.237-0500] {processor.py:753} INFO - DAG(s) dict_keys(['example_bash_operator']) retrieved from /Library/Frameworks/Python.framework/Versions/3.9/lib/python3.9/site-packages/airflow/example_dags/example_bash_operator.py
[2023-01-12T07:23:55.171-0500] {logging_mixin.py:137} INFO - [2023-01-12T07:23:55.171-0500] {dag.py:2676} INFO - Sync 1 DAGs
[2023-01-12T07:23:55.232-0500] {logging_mixin.py:137} INFO - [2023-01-12T07:23:55.232-0500] {dag.py:3423} INFO - Setting next_dagrun for example_bash_operator to 2023-01-11T00:00:00+00:00, run_after=2023-01-12T00:00:00+00:00
[2023-01-12T07:23:55.266-0500] {processor.py:175} INFO - Processing /Library/Frameworks/Python.framework/Versions/3.9/lib/python3.9/site-packages/airflow/example_dags/example_bash_operator.py took 1.107 seconds
[2023-01-12T07:27:32.745-0500] {processor.py:153} INFO - Started process (PID=15142) to work on /Library/Frameworks/Python.framework/Versions/3.9/lib/python3.9/site-packages/airflow/example_dags/example_bash_operator.py
[2023-01-12T07:27:32.750-0500] {processor.py:743} INFO - Processing file /Library/Frameworks/Python.framework/Versions/3.9/lib/python3.9/site-packages/airflow/example_dags/example_bash_operator.py for tasks to queue
[2023-01-12T07:27:32.751-0500] {logging_mixin.py:137} INFO - [2023-01-12T07:27:32.751-0500] {dagbag.py:538} INFO - Filling up the DagBag from /Library/Frameworks/Python.framework/Versions/3.9/lib/python3.9/site-packages/airflow/example_dags/example_bash_operator.py
[2023-01-12T07:27:32.818-0500] {processor.py:753} INFO - DAG(s) dict_keys(['example_bash_operator']) retrieved from /Library/Frameworks/Python.framework/Versions/3.9/lib/python3.9/site-packages/airflow/example_dags/example_bash_operator.py
[2023-01-12T07:27:33.470-0500] {logging_mixin.py:137} INFO - [2023-01-12T07:27:33.470-0500] {dag.py:2676} INFO - Sync 1 DAGs
[2023-01-12T07:27:33.488-0500] {logging_mixin.py:137} INFO - [2023-01-12T07:27:33.488-0500] {dag.py:3423} INFO - Setting next_dagrun for example_bash_operator to 2023-01-11T00:00:00+00:00, run_after=2023-01-12T00:00:00+00:00
[2023-01-12T07:27:33.508-0500] {processor.py:175} INFO - Processing /Library/Frameworks/Python.framework/Versions/3.9/lib/python3.9/site-packages/airflow/example_dags/example_bash_operator.py took 0.764 seconds
[2023-01-12T07:31:09.500-0500] {processor.py:153} INFO - Started process (PID=15338) to work on /Library/Frameworks/Python.framework/Versions/3.9/lib/python3.9/site-packages/airflow/example_dags/example_bash_operator.py
[2023-01-12T07:31:09.506-0500] {processor.py:743} INFO - Processing file /Library/Frameworks/Python.framework/Versions/3.9/lib/python3.9/site-packages/airflow/example_dags/example_bash_operator.py for tasks to queue
[2023-01-12T07:31:09.506-0500] {logging_mixin.py:137} INFO - [2023-01-12T07:31:09.506-0500] {dagbag.py:538} INFO - Filling up the DagBag from /Library/Frameworks/Python.framework/Versions/3.9/lib/python3.9/site-packages/airflow/example_dags/example_bash_operator.py
[2023-01-12T07:31:09.572-0500] {processor.py:753} INFO - DAG(s) dict_keys(['example_bash_operator']) retrieved from /Library/Frameworks/Python.framework/Versions/3.9/lib/python3.9/site-packages/airflow/example_dags/example_bash_operator.py
[2023-01-12T07:31:10.211-0500] {logging_mixin.py:137} INFO - [2023-01-12T07:31:10.211-0500] {dag.py:2676} INFO - Sync 1 DAGs
[2023-01-12T07:31:10.230-0500] {logging_mixin.py:137} INFO - [2023-01-12T07:31:10.230-0500] {dag.py:3423} INFO - Setting next_dagrun for example_bash_operator to 2023-01-11T00:00:00+00:00, run_after=2023-01-12T00:00:00+00:00
[2023-01-12T07:31:10.249-0500] {processor.py:175} INFO - Processing /Library/Frameworks/Python.framework/Versions/3.9/lib/python3.9/site-packages/airflow/example_dags/example_bash_operator.py took 0.750 seconds
[2023-01-12T07:34:43.007-0500] {processor.py:153} INFO - Started process (PID=15526) to work on /Library/Frameworks/Python.framework/Versions/3.9/lib/python3.9/site-packages/airflow/example_dags/example_bash_operator.py
[2023-01-12T07:34:43.013-0500] {processor.py:743} INFO - Processing file /Library/Frameworks/Python.framework/Versions/3.9/lib/python3.9/site-packages/airflow/example_dags/example_bash_operator.py for tasks to queue
[2023-01-12T07:34:43.014-0500] {logging_mixin.py:137} INFO - [2023-01-12T07:34:43.014-0500] {dagbag.py:538} INFO - Filling up the DagBag from /Library/Frameworks/Python.framework/Versions/3.9/lib/python3.9/site-packages/airflow/example_dags/example_bash_operator.py
[2023-01-12T07:34:43.075-0500] {processor.py:753} INFO - DAG(s) dict_keys(['example_bash_operator']) retrieved from /Library/Frameworks/Python.framework/Versions/3.9/lib/python3.9/site-packages/airflow/example_dags/example_bash_operator.py
[2023-01-12T07:34:43.832-0500] {logging_mixin.py:137} INFO - [2023-01-12T07:34:43.832-0500] {dag.py:2676} INFO - Sync 1 DAGs
[2023-01-12T07:34:43.864-0500] {logging_mixin.py:137} INFO - [2023-01-12T07:34:43.864-0500] {dag.py:3423} INFO - Setting next_dagrun for example_bash_operator to 2023-01-11T00:00:00+00:00, run_after=2023-01-12T00:00:00+00:00
[2023-01-12T07:34:43.893-0500] {processor.py:175} INFO - Processing /Library/Frameworks/Python.framework/Versions/3.9/lib/python3.9/site-packages/airflow/example_dags/example_bash_operator.py took 0.887 seconds
[2023-01-12T07:38:19.557-0500] {processor.py:153} INFO - Started process (PID=15616) to work on /Library/Frameworks/Python.framework/Versions/3.9/lib/python3.9/site-packages/airflow/example_dags/example_bash_operator.py
[2023-01-12T07:38:19.563-0500] {processor.py:743} INFO - Processing file /Library/Frameworks/Python.framework/Versions/3.9/lib/python3.9/site-packages/airflow/example_dags/example_bash_operator.py for tasks to queue
[2023-01-12T07:38:19.564-0500] {logging_mixin.py:137} INFO - [2023-01-12T07:38:19.563-0500] {dagbag.py:538} INFO - Filling up the DagBag from /Library/Frameworks/Python.framework/Versions/3.9/lib/python3.9/site-packages/airflow/example_dags/example_bash_operator.py
[2023-01-12T07:38:19.628-0500] {processor.py:753} INFO - DAG(s) dict_keys(['example_bash_operator']) retrieved from /Library/Frameworks/Python.framework/Versions/3.9/lib/python3.9/site-packages/airflow/example_dags/example_bash_operator.py
[2023-01-12T07:38:20.370-0500] {logging_mixin.py:137} INFO - [2023-01-12T07:38:20.370-0500] {dag.py:2676} INFO - Sync 1 DAGs
[2023-01-12T07:38:20.389-0500] {logging_mixin.py:137} INFO - [2023-01-12T07:38:20.389-0500] {dag.py:3423} INFO - Setting next_dagrun for example_bash_operator to 2023-01-11T00:00:00+00:00, run_after=2023-01-12T00:00:00+00:00
[2023-01-12T07:38:20.408-0500] {processor.py:175} INFO - Processing /Library/Frameworks/Python.framework/Versions/3.9/lib/python3.9/site-packages/airflow/example_dags/example_bash_operator.py took 0.851 seconds
[2023-01-12T07:42:20.360-0500] {processor.py:153} INFO - Started process (PID=15781) to work on /Library/Frameworks/Python.framework/Versions/3.9/lib/python3.9/site-packages/airflow/example_dags/example_bash_operator.py
[2023-01-12T07:42:20.366-0500] {processor.py:743} INFO - Processing file /Library/Frameworks/Python.framework/Versions/3.9/lib/python3.9/site-packages/airflow/example_dags/example_bash_operator.py for tasks to queue
[2023-01-12T07:42:20.367-0500] {logging_mixin.py:137} INFO - [2023-01-12T07:42:20.367-0500] {dagbag.py:538} INFO - Filling up the DagBag from /Library/Frameworks/Python.framework/Versions/3.9/lib/python3.9/site-packages/airflow/example_dags/example_bash_operator.py
[2023-01-12T07:42:20.434-0500] {processor.py:753} INFO - DAG(s) dict_keys(['example_bash_operator']) retrieved from /Library/Frameworks/Python.framework/Versions/3.9/lib/python3.9/site-packages/airflow/example_dags/example_bash_operator.py
[2023-01-12T07:42:21.211-0500] {logging_mixin.py:137} INFO - [2023-01-12T07:42:21.210-0500] {dag.py:2676} INFO - Sync 1 DAGs
[2023-01-12T07:42:21.233-0500] {logging_mixin.py:137} INFO - [2023-01-12T07:42:21.233-0500] {dag.py:3423} INFO - Setting next_dagrun for example_bash_operator to 2023-01-11T00:00:00+00:00, run_after=2023-01-12T00:00:00+00:00
[2023-01-12T07:42:21.254-0500] {processor.py:175} INFO - Processing /Library/Frameworks/Python.framework/Versions/3.9/lib/python3.9/site-packages/airflow/example_dags/example_bash_operator.py took 0.895 seconds
[2023-01-12T07:46:18.389-0500] {processor.py:153} INFO - Started process (PID=15887) to work on /Library/Frameworks/Python.framework/Versions/3.9/lib/python3.9/site-packages/airflow/example_dags/example_bash_operator.py
[2023-01-12T07:46:18.395-0500] {processor.py:743} INFO - Processing file /Library/Frameworks/Python.framework/Versions/3.9/lib/python3.9/site-packages/airflow/example_dags/example_bash_operator.py for tasks to queue
[2023-01-12T07:46:18.396-0500] {logging_mixin.py:137} INFO - [2023-01-12T07:46:18.396-0500] {dagbag.py:538} INFO - Filling up the DagBag from /Library/Frameworks/Python.framework/Versions/3.9/lib/python3.9/site-packages/airflow/example_dags/example_bash_operator.py
[2023-01-12T07:46:18.473-0500] {processor.py:753} INFO - DAG(s) dict_keys(['example_bash_operator']) retrieved from /Library/Frameworks/Python.framework/Versions/3.9/lib/python3.9/site-packages/airflow/example_dags/example_bash_operator.py
[2023-01-12T07:46:19.305-0500] {logging_mixin.py:137} INFO - [2023-01-12T07:46:19.304-0500] {dag.py:2676} INFO - Sync 1 DAGs
[2023-01-12T07:46:19.326-0500] {logging_mixin.py:137} INFO - [2023-01-12T07:46:19.325-0500] {dag.py:3423} INFO - Setting next_dagrun for example_bash_operator to 2023-01-11T00:00:00+00:00, run_after=2023-01-12T00:00:00+00:00
[2023-01-12T07:46:19.346-0500] {processor.py:175} INFO - Processing /Library/Frameworks/Python.framework/Versions/3.9/lib/python3.9/site-packages/airflow/example_dags/example_bash_operator.py took 0.958 seconds
[2023-01-12T07:50:08.558-0500] {processor.py:153} INFO - Started process (PID=16061) to work on /Library/Frameworks/Python.framework/Versions/3.9/lib/python3.9/site-packages/airflow/example_dags/example_bash_operator.py
[2023-01-12T07:50:08.574-0500] {processor.py:743} INFO - Processing file /Library/Frameworks/Python.framework/Versions/3.9/lib/python3.9/site-packages/airflow/example_dags/example_bash_operator.py for tasks to queue
[2023-01-12T07:50:08.575-0500] {logging_mixin.py:137} INFO - [2023-01-12T07:50:08.575-0500] {dagbag.py:538} INFO - Filling up the DagBag from /Library/Frameworks/Python.framework/Versions/3.9/lib/python3.9/site-packages/airflow/example_dags/example_bash_operator.py
[2023-01-12T07:50:08.807-0500] {processor.py:753} INFO - DAG(s) dict_keys(['example_bash_operator']) retrieved from /Library/Frameworks/Python.framework/Versions/3.9/lib/python3.9/site-packages/airflow/example_dags/example_bash_operator.py
[2023-01-12T07:50:10.558-0500] {logging_mixin.py:137} INFO - [2023-01-12T07:50:10.557-0500] {dag.py:2676} INFO - Sync 1 DAGs
[2023-01-12T07:50:10.586-0500] {logging_mixin.py:137} INFO - [2023-01-12T07:50:10.585-0500] {dag.py:3423} INFO - Setting next_dagrun for example_bash_operator to 2023-01-11T00:00:00+00:00, run_after=2023-01-12T00:00:00+00:00
[2023-01-12T07:50:10.613-0500] {processor.py:175} INFO - Processing /Library/Frameworks/Python.framework/Versions/3.9/lib/python3.9/site-packages/airflow/example_dags/example_bash_operator.py took 2.056 seconds
[2023-01-12T07:54:07.162-0500] {processor.py:153} INFO - Started process (PID=16151) to work on /Library/Frameworks/Python.framework/Versions/3.9/lib/python3.9/site-packages/airflow/example_dags/example_bash_operator.py
[2023-01-12T07:54:07.168-0500] {processor.py:743} INFO - Processing file /Library/Frameworks/Python.framework/Versions/3.9/lib/python3.9/site-packages/airflow/example_dags/example_bash_operator.py for tasks to queue
[2023-01-12T07:54:07.169-0500] {logging_mixin.py:137} INFO - [2023-01-12T07:54:07.169-0500] {dagbag.py:538} INFO - Filling up the DagBag from /Library/Frameworks/Python.framework/Versions/3.9/lib/python3.9/site-packages/airflow/example_dags/example_bash_operator.py
[2023-01-12T07:54:07.245-0500] {processor.py:753} INFO - DAG(s) dict_keys(['example_bash_operator']) retrieved from /Library/Frameworks/Python.framework/Versions/3.9/lib/python3.9/site-packages/airflow/example_dags/example_bash_operator.py
[2023-01-12T07:54:07.990-0500] {logging_mixin.py:137} INFO - [2023-01-12T07:54:07.989-0500] {dag.py:2676} INFO - Sync 1 DAGs
[2023-01-12T07:54:08.012-0500] {logging_mixin.py:137} INFO - [2023-01-12T07:54:08.011-0500] {dag.py:3423} INFO - Setting next_dagrun for example_bash_operator to 2023-01-11T00:00:00+00:00, run_after=2023-01-12T00:00:00+00:00
[2023-01-12T07:54:08.033-0500] {processor.py:175} INFO - Processing /Library/Frameworks/Python.framework/Versions/3.9/lib/python3.9/site-packages/airflow/example_dags/example_bash_operator.py took 0.872 seconds
[2023-01-12T07:58:08.777-0500] {processor.py:153} INFO - Started process (PID=16353) to work on /Library/Frameworks/Python.framework/Versions/3.9/lib/python3.9/site-packages/airflow/example_dags/example_bash_operator.py
[2023-01-12T07:58:08.786-0500] {processor.py:743} INFO - Processing file /Library/Frameworks/Python.framework/Versions/3.9/lib/python3.9/site-packages/airflow/example_dags/example_bash_operator.py for tasks to queue
[2023-01-12T07:58:08.787-0500] {logging_mixin.py:137} INFO - [2023-01-12T07:58:08.786-0500] {dagbag.py:538} INFO - Filling up the DagBag from /Library/Frameworks/Python.framework/Versions/3.9/lib/python3.9/site-packages/airflow/example_dags/example_bash_operator.py
[2023-01-12T07:58:08.863-0500] {processor.py:753} INFO - DAG(s) dict_keys(['example_bash_operator']) retrieved from /Library/Frameworks/Python.framework/Versions/3.9/lib/python3.9/site-packages/airflow/example_dags/example_bash_operator.py
[2023-01-12T07:58:09.923-0500] {logging_mixin.py:137} INFO - [2023-01-12T07:58:09.922-0500] {dag.py:2676} INFO - Sync 1 DAGs
[2023-01-12T07:58:09.946-0500] {logging_mixin.py:137} INFO - [2023-01-12T07:58:09.946-0500] {dag.py:3423} INFO - Setting next_dagrun for example_bash_operator to 2023-01-11T00:00:00+00:00, run_after=2023-01-12T00:00:00+00:00
[2023-01-12T07:58:09.968-0500] {processor.py:175} INFO - Processing /Library/Frameworks/Python.framework/Versions/3.9/lib/python3.9/site-packages/airflow/example_dags/example_bash_operator.py took 1.192 seconds
[2023-01-12T08:02:53.208-0500] {processor.py:153} INFO - Started process (PID=16517) to work on /Library/Frameworks/Python.framework/Versions/3.9/lib/python3.9/site-packages/airflow/example_dags/example_bash_operator.py
[2023-01-12T08:02:53.219-0500] {processor.py:743} INFO - Processing file /Library/Frameworks/Python.framework/Versions/3.9/lib/python3.9/site-packages/airflow/example_dags/example_bash_operator.py for tasks to queue
[2023-01-12T08:02:53.220-0500] {logging_mixin.py:137} INFO - [2023-01-12T08:02:53.220-0500] {dagbag.py:538} INFO - Filling up the DagBag from /Library/Frameworks/Python.framework/Versions/3.9/lib/python3.9/site-packages/airflow/example_dags/example_bash_operator.py
[2023-01-12T08:02:53.344-0500] {processor.py:753} INFO - DAG(s) dict_keys(['example_bash_operator']) retrieved from /Library/Frameworks/Python.framework/Versions/3.9/lib/python3.9/site-packages/airflow/example_dags/example_bash_operator.py
[2023-01-12T08:02:54.474-0500] {logging_mixin.py:137} INFO - [2023-01-12T08:02:54.474-0500] {dag.py:2676} INFO - Sync 1 DAGs
[2023-01-12T08:02:54.508-0500] {logging_mixin.py:137} INFO - [2023-01-12T08:02:54.508-0500] {dag.py:3423} INFO - Setting next_dagrun for example_bash_operator to 2023-01-11T00:00:00+00:00, run_after=2023-01-12T00:00:00+00:00
[2023-01-12T08:02:54.541-0500] {processor.py:175} INFO - Processing /Library/Frameworks/Python.framework/Versions/3.9/lib/python3.9/site-packages/airflow/example_dags/example_bash_operator.py took 1.334 seconds
[2023-01-12T08:11:17.382-0500] {processor.py:153} INFO - Started process (PID=16775) to work on /Library/Frameworks/Python.framework/Versions/3.9/lib/python3.9/site-packages/airflow/example_dags/example_bash_operator.py
[2023-01-12T08:11:17.406-0500] {processor.py:743} INFO - Processing file /Library/Frameworks/Python.framework/Versions/3.9/lib/python3.9/site-packages/airflow/example_dags/example_bash_operator.py for tasks to queue
[2023-01-12T08:11:17.407-0500] {logging_mixin.py:137} INFO - [2023-01-12T08:11:17.406-0500] {dagbag.py:538} INFO - Filling up the DagBag from /Library/Frameworks/Python.framework/Versions/3.9/lib/python3.9/site-packages/airflow/example_dags/example_bash_operator.py
[2023-01-12T08:11:17.560-0500] {processor.py:753} INFO - DAG(s) dict_keys(['example_bash_operator']) retrieved from /Library/Frameworks/Python.framework/Versions/3.9/lib/python3.9/site-packages/airflow/example_dags/example_bash_operator.py
[2023-01-12T08:11:21.541-0500] {logging_mixin.py:137} INFO - [2023-01-12T08:11:21.540-0500] {dag.py:2676} INFO - Sync 1 DAGs
[2023-01-12T08:11:21.603-0500] {logging_mixin.py:137} INFO - [2023-01-12T08:11:21.602-0500] {dag.py:3423} INFO - Setting next_dagrun for example_bash_operator to 2023-01-11T00:00:00+00:00, run_after=2023-01-12T00:00:00+00:00
[2023-01-12T08:11:21.674-0500] {processor.py:175} INFO - Processing /Library/Frameworks/Python.framework/Versions/3.9/lib/python3.9/site-packages/airflow/example_dags/example_bash_operator.py took 4.299 seconds
[2023-01-12T08:29:12.998-0500] {processor.py:153} INFO - Started process (PID=17554) to work on /Library/Frameworks/Python.framework/Versions/3.9/lib/python3.9/site-packages/airflow/example_dags/example_bash_operator.py
[2023-01-12T08:29:13.008-0500] {processor.py:743} INFO - Processing file /Library/Frameworks/Python.framework/Versions/3.9/lib/python3.9/site-packages/airflow/example_dags/example_bash_operator.py for tasks to queue
[2023-01-12T08:29:13.009-0500] {logging_mixin.py:137} INFO - [2023-01-12T08:29:13.009-0500] {dagbag.py:538} INFO - Filling up the DagBag from /Library/Frameworks/Python.framework/Versions/3.9/lib/python3.9/site-packages/airflow/example_dags/example_bash_operator.py
[2023-01-12T08:29:13.139-0500] {processor.py:753} INFO - DAG(s) dict_keys(['example_bash_operator']) retrieved from /Library/Frameworks/Python.framework/Versions/3.9/lib/python3.9/site-packages/airflow/example_dags/example_bash_operator.py
[2023-01-12T08:29:14.906-0500] {logging_mixin.py:137} INFO - [2023-01-12T08:29:14.906-0500] {dag.py:2676} INFO - Sync 1 DAGs
[2023-01-12T08:29:15.100-0500] {logging_mixin.py:137} INFO - [2023-01-12T08:29:15.099-0500] {dag.py:3423} INFO - Setting next_dagrun for example_bash_operator to 2023-01-11T00:00:00+00:00, run_after=2023-01-12T00:00:00+00:00
[2023-01-12T08:29:15.154-0500] {processor.py:175} INFO - Processing /Library/Frameworks/Python.framework/Versions/3.9/lib/python3.9/site-packages/airflow/example_dags/example_bash_operator.py took 2.157 seconds
