[2023-01-12T06:01:47.088-0500] {processor.py:153} INFO - Started process (PID=14817) to work on /Library/Frameworks/Python.framework/Versions/3.9/lib/python3.9/site-packages/airflow/example_dags/example_task_group_decorator.py
[2023-01-12T06:01:47.093-0500] {processor.py:743} INFO - Processing file /Library/Frameworks/Python.framework/Versions/3.9/lib/python3.9/site-packages/airflow/example_dags/example_task_group_decorator.py for tasks to queue
[2023-01-12T06:01:47.094-0500] {logging_mixin.py:137} INFO - [2023-01-12T06:01:47.094-0500] {dagbag.py:538} INFO - Filling up the DagBag from /Library/Frameworks/Python.framework/Versions/3.9/lib/python3.9/site-packages/airflow/example_dags/example_task_group_decorator.py
[2023-01-12T06:01:47.146-0500] {processor.py:753} INFO - DAG(s) dict_keys(['example_task_group_decorator']) retrieved from /Library/Frameworks/Python.framework/Versions/3.9/lib/python3.9/site-packages/airflow/example_dags/example_task_group_decorator.py
[2023-01-12T06:01:47.719-0500] {logging_mixin.py:137} INFO - [2023-01-12T06:01:47.719-0500] {dag.py:2676} INFO - Sync 1 DAGs
[2023-01-12T06:01:47.735-0500] {logging_mixin.py:137} INFO - [2023-01-12T06:01:47.735-0500] {dag.py:3423} INFO - Setting next_dagrun for example_task_group_decorator to 2023-01-11T11:01:47.734870+00:00, run_after=2023-01-12T11:01:47.734870+00:00
[2023-01-12T06:01:47.755-0500] {processor.py:175} INFO - Processing /Library/Frameworks/Python.framework/Versions/3.9/lib/python3.9/site-packages/airflow/example_dags/example_task_group_decorator.py took 0.668 seconds
[2023-01-12T07:24:38.408-0500] {processor.py:153} INFO - Started process (PID=15033) to work on /Library/Frameworks/Python.framework/Versions/3.9/lib/python3.9/site-packages/airflow/example_dags/example_task_group_decorator.py
[2023-01-12T07:24:38.413-0500] {processor.py:743} INFO - Processing file /Library/Frameworks/Python.framework/Versions/3.9/lib/python3.9/site-packages/airflow/example_dags/example_task_group_decorator.py for tasks to queue
[2023-01-12T07:24:38.414-0500] {logging_mixin.py:137} INFO - [2023-01-12T07:24:38.414-0500] {dagbag.py:538} INFO - Filling up the DagBag from /Library/Frameworks/Python.framework/Versions/3.9/lib/python3.9/site-packages/airflow/example_dags/example_task_group_decorator.py
[2023-01-12T07:24:38.475-0500] {processor.py:753} INFO - DAG(s) dict_keys(['example_task_group_decorator']) retrieved from /Library/Frameworks/Python.framework/Versions/3.9/lib/python3.9/site-packages/airflow/example_dags/example_task_group_decorator.py
[2023-01-12T07:24:39.087-0500] {logging_mixin.py:137} INFO - [2023-01-12T07:24:39.087-0500] {dag.py:2676} INFO - Sync 1 DAGs
[2023-01-12T07:24:39.104-0500] {logging_mixin.py:137} INFO - [2023-01-12T07:24:39.104-0500] {dag.py:3423} INFO - Setting next_dagrun for example_task_group_decorator to 2023-01-11T12:24:39.103965+00:00, run_after=2023-01-12T12:24:39.103965+00:00
[2023-01-12T07:24:39.124-0500] {processor.py:175} INFO - Processing /Library/Frameworks/Python.framework/Versions/3.9/lib/python3.9/site-packages/airflow/example_dags/example_task_group_decorator.py took 0.717 seconds
[2023-01-12T07:26:34.791-0500] {processor.py:153} INFO - Started process (PID=15118) to work on /Library/Frameworks/Python.framework/Versions/3.9/lib/python3.9/site-packages/airflow/example_dags/example_task_group_decorator.py
[2023-01-12T07:26:34.798-0500] {processor.py:743} INFO - Processing file /Library/Frameworks/Python.framework/Versions/3.9/lib/python3.9/site-packages/airflow/example_dags/example_task_group_decorator.py for tasks to queue
[2023-01-12T07:26:34.798-0500] {logging_mixin.py:137} INFO - [2023-01-12T07:26:34.798-0500] {dagbag.py:538} INFO - Filling up the DagBag from /Library/Frameworks/Python.framework/Versions/3.9/lib/python3.9/site-packages/airflow/example_dags/example_task_group_decorator.py
[2023-01-12T07:26:34.859-0500] {processor.py:753} INFO - DAG(s) dict_keys(['example_task_group_decorator']) retrieved from /Library/Frameworks/Python.framework/Versions/3.9/lib/python3.9/site-packages/airflow/example_dags/example_task_group_decorator.py
[2023-01-12T07:26:35.536-0500] {logging_mixin.py:137} INFO - [2023-01-12T07:26:35.536-0500] {dag.py:2676} INFO - Sync 1 DAGs
[2023-01-12T07:26:35.553-0500] {logging_mixin.py:137} INFO - [2023-01-12T07:26:35.552-0500] {dag.py:3423} INFO - Setting next_dagrun for example_task_group_decorator to 2023-01-11T12:26:35.552837+00:00, run_after=2023-01-12T12:26:35.552837+00:00
[2023-01-12T07:26:35.571-0500] {processor.py:175} INFO - Processing /Library/Frameworks/Python.framework/Versions/3.9/lib/python3.9/site-packages/airflow/example_dags/example_task_group_decorator.py took 0.780 seconds
[2023-01-12T07:28:18.634-0500] {processor.py:153} INFO - Started process (PID=15163) to work on /Library/Frameworks/Python.framework/Versions/3.9/lib/python3.9/site-packages/airflow/example_dags/example_task_group_decorator.py
[2023-01-12T07:28:18.639-0500] {processor.py:743} INFO - Processing file /Library/Frameworks/Python.framework/Versions/3.9/lib/python3.9/site-packages/airflow/example_dags/example_task_group_decorator.py for tasks to queue
[2023-01-12T07:28:18.640-0500] {logging_mixin.py:137} INFO - [2023-01-12T07:28:18.640-0500] {dagbag.py:538} INFO - Filling up the DagBag from /Library/Frameworks/Python.framework/Versions/3.9/lib/python3.9/site-packages/airflow/example_dags/example_task_group_decorator.py
[2023-01-12T07:28:18.697-0500] {processor.py:753} INFO - DAG(s) dict_keys(['example_task_group_decorator']) retrieved from /Library/Frameworks/Python.framework/Versions/3.9/lib/python3.9/site-packages/airflow/example_dags/example_task_group_decorator.py
[2023-01-12T07:28:19.343-0500] {logging_mixin.py:137} INFO - [2023-01-12T07:28:19.342-0500] {dag.py:2676} INFO - Sync 1 DAGs
[2023-01-12T07:28:19.360-0500] {logging_mixin.py:137} INFO - [2023-01-12T07:28:19.360-0500] {dag.py:3423} INFO - Setting next_dagrun for example_task_group_decorator to 2023-01-11T12:28:19.360021+00:00, run_after=2023-01-12T12:28:19.360021+00:00
[2023-01-12T07:28:19.379-0500] {processor.py:175} INFO - Processing /Library/Frameworks/Python.framework/Versions/3.9/lib/python3.9/site-packages/airflow/example_dags/example_task_group_decorator.py took 0.746 seconds
[2023-01-12T07:30:07.625-0500] {processor.py:153} INFO - Started process (PID=15280) to work on /Library/Frameworks/Python.framework/Versions/3.9/lib/python3.9/site-packages/airflow/example_dags/example_task_group_decorator.py
[2023-01-12T07:30:07.631-0500] {processor.py:743} INFO - Processing file /Library/Frameworks/Python.framework/Versions/3.9/lib/python3.9/site-packages/airflow/example_dags/example_task_group_decorator.py for tasks to queue
[2023-01-12T07:30:07.631-0500] {logging_mixin.py:137} INFO - [2023-01-12T07:30:07.631-0500] {dagbag.py:538} INFO - Filling up the DagBag from /Library/Frameworks/Python.framework/Versions/3.9/lib/python3.9/site-packages/airflow/example_dags/example_task_group_decorator.py
[2023-01-12T07:30:07.691-0500] {processor.py:753} INFO - DAG(s) dict_keys(['example_task_group_decorator']) retrieved from /Library/Frameworks/Python.framework/Versions/3.9/lib/python3.9/site-packages/airflow/example_dags/example_task_group_decorator.py
[2023-01-12T07:30:08.361-0500] {logging_mixin.py:137} INFO - [2023-01-12T07:30:08.360-0500] {dag.py:2676} INFO - Sync 1 DAGs
[2023-01-12T07:30:08.379-0500] {logging_mixin.py:137} INFO - [2023-01-12T07:30:08.379-0500] {dag.py:3423} INFO - Setting next_dagrun for example_task_group_decorator to 2023-01-11T12:30:08.379036+00:00, run_after=2023-01-12T12:30:08.379036+00:00
[2023-01-12T07:30:08.398-0500] {processor.py:175} INFO - Processing /Library/Frameworks/Python.framework/Versions/3.9/lib/python3.9/site-packages/airflow/example_dags/example_task_group_decorator.py took 0.773 seconds
[2023-01-12T07:31:53.913-0500] {processor.py:153} INFO - Started process (PID=15450) to work on /Library/Frameworks/Python.framework/Versions/3.9/lib/python3.9/site-packages/airflow/example_dags/example_task_group_decorator.py
[2023-01-12T07:31:53.918-0500] {processor.py:743} INFO - Processing file /Library/Frameworks/Python.framework/Versions/3.9/lib/python3.9/site-packages/airflow/example_dags/example_task_group_decorator.py for tasks to queue
[2023-01-12T07:31:53.919-0500] {logging_mixin.py:137} INFO - [2023-01-12T07:31:53.919-0500] {dagbag.py:538} INFO - Filling up the DagBag from /Library/Frameworks/Python.framework/Versions/3.9/lib/python3.9/site-packages/airflow/example_dags/example_task_group_decorator.py
[2023-01-12T07:31:53.980-0500] {processor.py:753} INFO - DAG(s) dict_keys(['example_task_group_decorator']) retrieved from /Library/Frameworks/Python.framework/Versions/3.9/lib/python3.9/site-packages/airflow/example_dags/example_task_group_decorator.py
[2023-01-12T07:31:54.625-0500] {logging_mixin.py:137} INFO - [2023-01-12T07:31:54.625-0500] {dag.py:2676} INFO - Sync 1 DAGs
[2023-01-12T07:31:54.642-0500] {logging_mixin.py:137} INFO - [2023-01-12T07:31:54.642-0500] {dag.py:3423} INFO - Setting next_dagrun for example_task_group_decorator to 2023-01-11T12:31:54.641962+00:00, run_after=2023-01-12T12:31:54.641962+00:00
[2023-01-12T07:31:54.662-0500] {processor.py:175} INFO - Processing /Library/Frameworks/Python.framework/Versions/3.9/lib/python3.9/site-packages/airflow/example_dags/example_task_group_decorator.py took 0.750 seconds
[2023-01-12T07:33:41.549-0500] {processor.py:153} INFO - Started process (PID=15503) to work on /Library/Frameworks/Python.framework/Versions/3.9/lib/python3.9/site-packages/airflow/example_dags/example_task_group_decorator.py
[2023-01-12T07:33:41.555-0500] {processor.py:743} INFO - Processing file /Library/Frameworks/Python.framework/Versions/3.9/lib/python3.9/site-packages/airflow/example_dags/example_task_group_decorator.py for tasks to queue
[2023-01-12T07:33:41.555-0500] {logging_mixin.py:137} INFO - [2023-01-12T07:33:41.555-0500] {dagbag.py:538} INFO - Filling up the DagBag from /Library/Frameworks/Python.framework/Versions/3.9/lib/python3.9/site-packages/airflow/example_dags/example_task_group_decorator.py
[2023-01-12T07:33:41.673-0500] {processor.py:753} INFO - DAG(s) dict_keys(['example_task_group_decorator']) retrieved from /Library/Frameworks/Python.framework/Versions/3.9/lib/python3.9/site-packages/airflow/example_dags/example_task_group_decorator.py
[2023-01-12T07:33:42.665-0500] {logging_mixin.py:137} INFO - [2023-01-12T07:33:42.665-0500] {dag.py:2676} INFO - Sync 1 DAGs
[2023-01-12T07:33:42.685-0500] {logging_mixin.py:137} INFO - [2023-01-12T07:33:42.685-0500] {dag.py:3423} INFO - Setting next_dagrun for example_task_group_decorator to 2023-01-11T12:33:42.685153+00:00, run_after=2023-01-12T12:33:42.685153+00:00
[2023-01-12T07:33:42.712-0500] {processor.py:175} INFO - Processing /Library/Frameworks/Python.framework/Versions/3.9/lib/python3.9/site-packages/airflow/example_dags/example_task_group_decorator.py took 1.163 seconds
[2023-01-12T07:35:31.854-0500] {processor.py:153} INFO - Started process (PID=15554) to work on /Library/Frameworks/Python.framework/Versions/3.9/lib/python3.9/site-packages/airflow/example_dags/example_task_group_decorator.py
[2023-01-12T07:35:31.862-0500] {processor.py:743} INFO - Processing file /Library/Frameworks/Python.framework/Versions/3.9/lib/python3.9/site-packages/airflow/example_dags/example_task_group_decorator.py for tasks to queue
[2023-01-12T07:35:31.862-0500] {logging_mixin.py:137} INFO - [2023-01-12T07:35:31.862-0500] {dagbag.py:538} INFO - Filling up the DagBag from /Library/Frameworks/Python.framework/Versions/3.9/lib/python3.9/site-packages/airflow/example_dags/example_task_group_decorator.py
[2023-01-12T07:35:31.962-0500] {processor.py:753} INFO - DAG(s) dict_keys(['example_task_group_decorator']) retrieved from /Library/Frameworks/Python.framework/Versions/3.9/lib/python3.9/site-packages/airflow/example_dags/example_task_group_decorator.py
[2023-01-12T07:35:32.689-0500] {logging_mixin.py:137} INFO - [2023-01-12T07:35:32.689-0500] {dag.py:2676} INFO - Sync 1 DAGs
[2023-01-12T07:35:32.705-0500] {logging_mixin.py:137} INFO - [2023-01-12T07:35:32.705-0500] {dag.py:3423} INFO - Setting next_dagrun for example_task_group_decorator to 2023-01-11T12:35:32.705679+00:00, run_after=2023-01-12T12:35:32.705679+00:00
[2023-01-12T07:35:32.723-0500] {processor.py:175} INFO - Processing /Library/Frameworks/Python.framework/Versions/3.9/lib/python3.9/site-packages/airflow/example_dags/example_task_group_decorator.py took 0.869 seconds
[2023-01-12T07:37:16.021-0500] {processor.py:153} INFO - Started process (PID=15584) to work on /Library/Frameworks/Python.framework/Versions/3.9/lib/python3.9/site-packages/airflow/example_dags/example_task_group_decorator.py
[2023-01-12T07:37:16.027-0500] {processor.py:743} INFO - Processing file /Library/Frameworks/Python.framework/Versions/3.9/lib/python3.9/site-packages/airflow/example_dags/example_task_group_decorator.py for tasks to queue
[2023-01-12T07:37:16.028-0500] {logging_mixin.py:137} INFO - [2023-01-12T07:37:16.028-0500] {dagbag.py:538} INFO - Filling up the DagBag from /Library/Frameworks/Python.framework/Versions/3.9/lib/python3.9/site-packages/airflow/example_dags/example_task_group_decorator.py
[2023-01-12T07:37:16.087-0500] {processor.py:753} INFO - DAG(s) dict_keys(['example_task_group_decorator']) retrieved from /Library/Frameworks/Python.framework/Versions/3.9/lib/python3.9/site-packages/airflow/example_dags/example_task_group_decorator.py
[2023-01-12T07:37:16.707-0500] {logging_mixin.py:137} INFO - [2023-01-12T07:37:16.707-0500] {dag.py:2676} INFO - Sync 1 DAGs
[2023-01-12T07:37:16.724-0500] {logging_mixin.py:137} INFO - [2023-01-12T07:37:16.724-0500] {dag.py:3423} INFO - Setting next_dagrun for example_task_group_decorator to 2023-01-11T12:37:16.724273+00:00, run_after=2023-01-12T12:37:16.724273+00:00
[2023-01-12T07:37:16.743-0500] {processor.py:175} INFO - Processing /Library/Frameworks/Python.framework/Versions/3.9/lib/python3.9/site-packages/airflow/example_dags/example_task_group_decorator.py took 0.722 seconds
[2023-01-12T07:39:04.924-0500] {processor.py:153} INFO - Started process (PID=15637) to work on /Library/Frameworks/Python.framework/Versions/3.9/lib/python3.9/site-packages/airflow/example_dags/example_task_group_decorator.py
[2023-01-12T07:39:04.931-0500] {processor.py:743} INFO - Processing file /Library/Frameworks/Python.framework/Versions/3.9/lib/python3.9/site-packages/airflow/example_dags/example_task_group_decorator.py for tasks to queue
[2023-01-12T07:39:04.931-0500] {logging_mixin.py:137} INFO - [2023-01-12T07:39:04.931-0500] {dagbag.py:538} INFO - Filling up the DagBag from /Library/Frameworks/Python.framework/Versions/3.9/lib/python3.9/site-packages/airflow/example_dags/example_task_group_decorator.py
[2023-01-12T07:39:05.052-0500] {processor.py:753} INFO - DAG(s) dict_keys(['example_task_group_decorator']) retrieved from /Library/Frameworks/Python.framework/Versions/3.9/lib/python3.9/site-packages/airflow/example_dags/example_task_group_decorator.py
[2023-01-12T07:39:05.911-0500] {logging_mixin.py:137} INFO - [2023-01-12T07:39:05.910-0500] {dag.py:2676} INFO - Sync 1 DAGs
[2023-01-12T07:39:05.939-0500] {logging_mixin.py:137} INFO - [2023-01-12T07:39:05.939-0500] {dag.py:3423} INFO - Setting next_dagrun for example_task_group_decorator to 2023-01-11T12:39:05.939350+00:00, run_after=2023-01-12T12:39:05.939350+00:00
[2023-01-12T07:39:05.987-0500] {processor.py:175} INFO - Processing /Library/Frameworks/Python.framework/Versions/3.9/lib/python3.9/site-packages/airflow/example_dags/example_task_group_decorator.py took 1.063 seconds
[2023-01-12T07:41:08.069-0500] {processor.py:153} INFO - Started process (PID=15753) to work on /Library/Frameworks/Python.framework/Versions/3.9/lib/python3.9/site-packages/airflow/example_dags/example_task_group_decorator.py
[2023-01-12T07:41:08.075-0500] {processor.py:743} INFO - Processing file /Library/Frameworks/Python.framework/Versions/3.9/lib/python3.9/site-packages/airflow/example_dags/example_task_group_decorator.py for tasks to queue
[2023-01-12T07:41:08.075-0500] {logging_mixin.py:137} INFO - [2023-01-12T07:41:08.075-0500] {dagbag.py:538} INFO - Filling up the DagBag from /Library/Frameworks/Python.framework/Versions/3.9/lib/python3.9/site-packages/airflow/example_dags/example_task_group_decorator.py
[2023-01-12T07:41:08.141-0500] {processor.py:753} INFO - DAG(s) dict_keys(['example_task_group_decorator']) retrieved from /Library/Frameworks/Python.framework/Versions/3.9/lib/python3.9/site-packages/airflow/example_dags/example_task_group_decorator.py
[2023-01-12T07:41:08.855-0500] {logging_mixin.py:137} INFO - [2023-01-12T07:41:08.854-0500] {dag.py:2676} INFO - Sync 1 DAGs
[2023-01-12T07:41:08.873-0500] {logging_mixin.py:137} INFO - [2023-01-12T07:41:08.873-0500] {dag.py:3423} INFO - Setting next_dagrun for example_task_group_decorator to 2023-01-11T12:41:08.873631+00:00, run_after=2023-01-12T12:41:08.873631+00:00
[2023-01-12T07:41:08.893-0500] {processor.py:175} INFO - Processing /Library/Frameworks/Python.framework/Versions/3.9/lib/python3.9/site-packages/airflow/example_dags/example_task_group_decorator.py took 0.825 seconds
[2023-01-12T07:43:11.479-0500] {processor.py:153} INFO - Started process (PID=15800) to work on /Library/Frameworks/Python.framework/Versions/3.9/lib/python3.9/site-packages/airflow/example_dags/example_task_group_decorator.py
[2023-01-12T07:43:11.485-0500] {processor.py:743} INFO - Processing file /Library/Frameworks/Python.framework/Versions/3.9/lib/python3.9/site-packages/airflow/example_dags/example_task_group_decorator.py for tasks to queue
[2023-01-12T07:43:11.485-0500] {logging_mixin.py:137} INFO - [2023-01-12T07:43:11.485-0500] {dagbag.py:538} INFO - Filling up the DagBag from /Library/Frameworks/Python.framework/Versions/3.9/lib/python3.9/site-packages/airflow/example_dags/example_task_group_decorator.py
[2023-01-12T07:43:11.550-0500] {processor.py:753} INFO - DAG(s) dict_keys(['example_task_group_decorator']) retrieved from /Library/Frameworks/Python.framework/Versions/3.9/lib/python3.9/site-packages/airflow/example_dags/example_task_group_decorator.py
[2023-01-12T07:43:12.347-0500] {logging_mixin.py:137} INFO - [2023-01-12T07:43:12.347-0500] {dag.py:2676} INFO - Sync 1 DAGs
[2023-01-12T07:43:12.365-0500] {logging_mixin.py:137} INFO - [2023-01-12T07:43:12.365-0500] {dag.py:3423} INFO - Setting next_dagrun for example_task_group_decorator to 2023-01-11T12:43:12.365646+00:00, run_after=2023-01-12T12:43:12.365646+00:00
[2023-01-12T07:43:12.387-0500] {processor.py:175} INFO - Processing /Library/Frameworks/Python.framework/Versions/3.9/lib/python3.9/site-packages/airflow/example_dags/example_task_group_decorator.py took 0.908 seconds
[2023-01-12T07:45:13.953-0500] {processor.py:153} INFO - Started process (PID=15858) to work on /Library/Frameworks/Python.framework/Versions/3.9/lib/python3.9/site-packages/airflow/example_dags/example_task_group_decorator.py
[2023-01-12T07:45:13.960-0500] {processor.py:743} INFO - Processing file /Library/Frameworks/Python.framework/Versions/3.9/lib/python3.9/site-packages/airflow/example_dags/example_task_group_decorator.py for tasks to queue
[2023-01-12T07:45:13.961-0500] {logging_mixin.py:137} INFO - [2023-01-12T07:45:13.961-0500] {dagbag.py:538} INFO - Filling up the DagBag from /Library/Frameworks/Python.framework/Versions/3.9/lib/python3.9/site-packages/airflow/example_dags/example_task_group_decorator.py
[2023-01-12T07:45:14.044-0500] {processor.py:753} INFO - DAG(s) dict_keys(['example_task_group_decorator']) retrieved from /Library/Frameworks/Python.framework/Versions/3.9/lib/python3.9/site-packages/airflow/example_dags/example_task_group_decorator.py
[2023-01-12T07:45:14.815-0500] {logging_mixin.py:137} INFO - [2023-01-12T07:45:14.815-0500] {dag.py:2676} INFO - Sync 1 DAGs
[2023-01-12T07:45:14.835-0500] {logging_mixin.py:137} INFO - [2023-01-12T07:45:14.834-0500] {dag.py:3423} INFO - Setting next_dagrun for example_task_group_decorator to 2023-01-11T12:45:14.834660+00:00, run_after=2023-01-12T12:45:14.834660+00:00
[2023-01-12T07:45:14.858-0500] {processor.py:175} INFO - Processing /Library/Frameworks/Python.framework/Versions/3.9/lib/python3.9/site-packages/airflow/example_dags/example_task_group_decorator.py took 0.905 seconds
[2023-01-12T07:47:07.496-0500] {processor.py:153} INFO - Started process (PID=15924) to work on /Library/Frameworks/Python.framework/Versions/3.9/lib/python3.9/site-packages/airflow/example_dags/example_task_group_decorator.py
[2023-01-12T07:47:07.501-0500] {processor.py:743} INFO - Processing file /Library/Frameworks/Python.framework/Versions/3.9/lib/python3.9/site-packages/airflow/example_dags/example_task_group_decorator.py for tasks to queue
[2023-01-12T07:47:07.502-0500] {logging_mixin.py:137} INFO - [2023-01-12T07:47:07.502-0500] {dagbag.py:538} INFO - Filling up the DagBag from /Library/Frameworks/Python.framework/Versions/3.9/lib/python3.9/site-packages/airflow/example_dags/example_task_group_decorator.py
[2023-01-12T07:47:07.564-0500] {processor.py:753} INFO - DAG(s) dict_keys(['example_task_group_decorator']) retrieved from /Library/Frameworks/Python.framework/Versions/3.9/lib/python3.9/site-packages/airflow/example_dags/example_task_group_decorator.py
[2023-01-12T07:47:08.213-0500] {logging_mixin.py:137} INFO - [2023-01-12T07:47:08.213-0500] {dag.py:2676} INFO - Sync 1 DAGs
[2023-01-12T07:47:08.231-0500] {logging_mixin.py:137} INFO - [2023-01-12T07:47:08.230-0500] {dag.py:3423} INFO - Setting next_dagrun for example_task_group_decorator to 2023-01-11T12:47:08.230729+00:00, run_after=2023-01-12T12:47:08.230729+00:00
[2023-01-12T07:47:08.250-0500] {processor.py:175} INFO - Processing /Library/Frameworks/Python.framework/Versions/3.9/lib/python3.9/site-packages/airflow/example_dags/example_task_group_decorator.py took 0.755 seconds
[2023-01-12T07:48:53.246-0500] {processor.py:153} INFO - Started process (PID=15963) to work on /Library/Frameworks/Python.framework/Versions/3.9/lib/python3.9/site-packages/airflow/example_dags/example_task_group_decorator.py
[2023-01-12T07:48:53.256-0500] {processor.py:743} INFO - Processing file /Library/Frameworks/Python.framework/Versions/3.9/lib/python3.9/site-packages/airflow/example_dags/example_task_group_decorator.py for tasks to queue
[2023-01-12T07:48:53.257-0500] {logging_mixin.py:137} INFO - [2023-01-12T07:48:53.256-0500] {dagbag.py:538} INFO - Filling up the DagBag from /Library/Frameworks/Python.framework/Versions/3.9/lib/python3.9/site-packages/airflow/example_dags/example_task_group_decorator.py
[2023-01-12T07:48:53.333-0500] {processor.py:753} INFO - DAG(s) dict_keys(['example_task_group_decorator']) retrieved from /Library/Frameworks/Python.framework/Versions/3.9/lib/python3.9/site-packages/airflow/example_dags/example_task_group_decorator.py
[2023-01-12T07:48:54.157-0500] {logging_mixin.py:137} INFO - [2023-01-12T07:48:54.157-0500] {dag.py:2676} INFO - Sync 1 DAGs
[2023-01-12T07:48:54.181-0500] {logging_mixin.py:137} INFO - [2023-01-12T07:48:54.180-0500] {dag.py:3423} INFO - Setting next_dagrun for example_task_group_decorator to 2023-01-11T12:48:54.180621+00:00, run_after=2023-01-12T12:48:54.180621+00:00
[2023-01-12T07:48:54.206-0500] {processor.py:175} INFO - Processing /Library/Frameworks/Python.framework/Versions/3.9/lib/python3.9/site-packages/airflow/example_dags/example_task_group_decorator.py took 0.961 seconds
[2023-01-12T07:51:02.338-0500] {processor.py:153} INFO - Started process (PID=16089) to work on /Library/Frameworks/Python.framework/Versions/3.9/lib/python3.9/site-packages/airflow/example_dags/example_task_group_decorator.py
[2023-01-12T07:51:02.344-0500] {processor.py:743} INFO - Processing file /Library/Frameworks/Python.framework/Versions/3.9/lib/python3.9/site-packages/airflow/example_dags/example_task_group_decorator.py for tasks to queue
[2023-01-12T07:51:02.345-0500] {logging_mixin.py:137} INFO - [2023-01-12T07:51:02.345-0500] {dagbag.py:538} INFO - Filling up the DagBag from /Library/Frameworks/Python.framework/Versions/3.9/lib/python3.9/site-packages/airflow/example_dags/example_task_group_decorator.py
[2023-01-12T07:51:02.403-0500] {processor.py:753} INFO - DAG(s) dict_keys(['example_task_group_decorator']) retrieved from /Library/Frameworks/Python.framework/Versions/3.9/lib/python3.9/site-packages/airflow/example_dags/example_task_group_decorator.py
[2023-01-12T07:51:03.036-0500] {logging_mixin.py:137} INFO - [2023-01-12T07:51:03.036-0500] {dag.py:2676} INFO - Sync 1 DAGs
[2023-01-12T07:51:03.055-0500] {logging_mixin.py:137} INFO - [2023-01-12T07:51:03.055-0500] {dag.py:3423} INFO - Setting next_dagrun for example_task_group_decorator to 2023-01-11T12:51:03.055341+00:00, run_after=2023-01-12T12:51:03.055341+00:00
[2023-01-12T07:51:03.073-0500] {processor.py:175} INFO - Processing /Library/Frameworks/Python.framework/Versions/3.9/lib/python3.9/site-packages/airflow/example_dags/example_task_group_decorator.py took 0.736 seconds
[2023-01-12T07:53:04.923-0500] {processor.py:153} INFO - Started process (PID=16131) to work on /Library/Frameworks/Python.framework/Versions/3.9/lib/python3.9/site-packages/airflow/example_dags/example_task_group_decorator.py
[2023-01-12T07:53:04.928-0500] {processor.py:743} INFO - Processing file /Library/Frameworks/Python.framework/Versions/3.9/lib/python3.9/site-packages/airflow/example_dags/example_task_group_decorator.py for tasks to queue
[2023-01-12T07:53:04.929-0500] {logging_mixin.py:137} INFO - [2023-01-12T07:53:04.929-0500] {dagbag.py:538} INFO - Filling up the DagBag from /Library/Frameworks/Python.framework/Versions/3.9/lib/python3.9/site-packages/airflow/example_dags/example_task_group_decorator.py
[2023-01-12T07:53:04.985-0500] {processor.py:753} INFO - DAG(s) dict_keys(['example_task_group_decorator']) retrieved from /Library/Frameworks/Python.framework/Versions/3.9/lib/python3.9/site-packages/airflow/example_dags/example_task_group_decorator.py
[2023-01-12T07:53:05.610-0500] {logging_mixin.py:137} INFO - [2023-01-12T07:53:05.610-0500] {dag.py:2676} INFO - Sync 1 DAGs
[2023-01-12T07:53:05.626-0500] {logging_mixin.py:137} INFO - [2023-01-12T07:53:05.626-0500] {dag.py:3423} INFO - Setting next_dagrun for example_task_group_decorator to 2023-01-11T12:53:05.626691+00:00, run_after=2023-01-12T12:53:05.626691+00:00
[2023-01-12T07:53:05.646-0500] {processor.py:175} INFO - Processing /Library/Frameworks/Python.framework/Versions/3.9/lib/python3.9/site-packages/airflow/example_dags/example_task_group_decorator.py took 0.724 seconds
[2023-01-12T07:54:54.338-0500] {processor.py:153} INFO - Started process (PID=16165) to work on /Library/Frameworks/Python.framework/Versions/3.9/lib/python3.9/site-packages/airflow/example_dags/example_task_group_decorator.py
[2023-01-12T07:54:54.347-0500] {processor.py:743} INFO - Processing file /Library/Frameworks/Python.framework/Versions/3.9/lib/python3.9/site-packages/airflow/example_dags/example_task_group_decorator.py for tasks to queue
[2023-01-12T07:54:54.348-0500] {logging_mixin.py:137} INFO - [2023-01-12T07:54:54.348-0500] {dagbag.py:538} INFO - Filling up the DagBag from /Library/Frameworks/Python.framework/Versions/3.9/lib/python3.9/site-packages/airflow/example_dags/example_task_group_decorator.py
[2023-01-12T07:54:54.419-0500] {processor.py:753} INFO - DAG(s) dict_keys(['example_task_group_decorator']) retrieved from /Library/Frameworks/Python.framework/Versions/3.9/lib/python3.9/site-packages/airflow/example_dags/example_task_group_decorator.py
[2023-01-12T07:54:55.198-0500] {logging_mixin.py:137} INFO - [2023-01-12T07:54:55.197-0500] {dag.py:2676} INFO - Sync 1 DAGs
[2023-01-12T07:54:55.219-0500] {logging_mixin.py:137} INFO - [2023-01-12T07:54:55.219-0500] {dag.py:3423} INFO - Setting next_dagrun for example_task_group_decorator to 2023-01-11T12:54:55.219558+00:00, run_after=2023-01-12T12:54:55.219558+00:00
[2023-01-12T07:54:55.242-0500] {processor.py:175} INFO - Processing /Library/Frameworks/Python.framework/Versions/3.9/lib/python3.9/site-packages/airflow/example_dags/example_task_group_decorator.py took 0.905 seconds
[2023-01-12T07:57:00.240-0500] {processor.py:153} INFO - Started process (PID=16209) to work on /Library/Frameworks/Python.framework/Versions/3.9/lib/python3.9/site-packages/airflow/example_dags/example_task_group_decorator.py
[2023-01-12T07:57:00.247-0500] {processor.py:743} INFO - Processing file /Library/Frameworks/Python.framework/Versions/3.9/lib/python3.9/site-packages/airflow/example_dags/example_task_group_decorator.py for tasks to queue
[2023-01-12T07:57:00.247-0500] {logging_mixin.py:137} INFO - [2023-01-12T07:57:00.247-0500] {dagbag.py:538} INFO - Filling up the DagBag from /Library/Frameworks/Python.framework/Versions/3.9/lib/python3.9/site-packages/airflow/example_dags/example_task_group_decorator.py
[2023-01-12T07:57:00.319-0500] {processor.py:753} INFO - DAG(s) dict_keys(['example_task_group_decorator']) retrieved from /Library/Frameworks/Python.framework/Versions/3.9/lib/python3.9/site-packages/airflow/example_dags/example_task_group_decorator.py
[2023-01-12T07:57:01.141-0500] {logging_mixin.py:137} INFO - [2023-01-12T07:57:01.141-0500] {dag.py:2676} INFO - Sync 1 DAGs
[2023-01-12T07:57:01.163-0500] {logging_mixin.py:137} INFO - [2023-01-12T07:57:01.163-0500] {dag.py:3423} INFO - Setting next_dagrun for example_task_group_decorator to 2023-01-11T12:57:01.163267+00:00, run_after=2023-01-12T12:57:01.163267+00:00
[2023-01-12T07:57:01.187-0500] {processor.py:175} INFO - Processing /Library/Frameworks/Python.framework/Versions/3.9/lib/python3.9/site-packages/airflow/example_dags/example_task_group_decorator.py took 0.948 seconds
[2023-01-12T07:58:57.465-0500] {processor.py:153} INFO - Started process (PID=16366) to work on /Library/Frameworks/Python.framework/Versions/3.9/lib/python3.9/site-packages/airflow/example_dags/example_task_group_decorator.py
[2023-01-12T07:58:57.471-0500] {processor.py:743} INFO - Processing file /Library/Frameworks/Python.framework/Versions/3.9/lib/python3.9/site-packages/airflow/example_dags/example_task_group_decorator.py for tasks to queue
[2023-01-12T07:58:57.471-0500] {logging_mixin.py:137} INFO - [2023-01-12T07:58:57.471-0500] {dagbag.py:538} INFO - Filling up the DagBag from /Library/Frameworks/Python.framework/Versions/3.9/lib/python3.9/site-packages/airflow/example_dags/example_task_group_decorator.py
[2023-01-12T07:58:57.545-0500] {processor.py:753} INFO - DAG(s) dict_keys(['example_task_group_decorator']) retrieved from /Library/Frameworks/Python.framework/Versions/3.9/lib/python3.9/site-packages/airflow/example_dags/example_task_group_decorator.py
[2023-01-12T07:58:58.199-0500] {logging_mixin.py:137} INFO - [2023-01-12T07:58:58.198-0500] {dag.py:2676} INFO - Sync 1 DAGs
[2023-01-12T07:58:58.217-0500] {logging_mixin.py:137} INFO - [2023-01-12T07:58:58.217-0500] {dag.py:3423} INFO - Setting next_dagrun for example_task_group_decorator to 2023-01-11T12:58:58.216889+00:00, run_after=2023-01-12T12:58:58.216889+00:00
[2023-01-12T07:58:58.236-0500] {processor.py:175} INFO - Processing /Library/Frameworks/Python.framework/Versions/3.9/lib/python3.9/site-packages/airflow/example_dags/example_task_group_decorator.py took 0.772 seconds
[2023-01-12T08:00:47.533-0500] {processor.py:153} INFO - Started process (PID=16461) to work on /Library/Frameworks/Python.framework/Versions/3.9/lib/python3.9/site-packages/airflow/example_dags/example_task_group_decorator.py
[2023-01-12T08:00:47.539-0500] {processor.py:743} INFO - Processing file /Library/Frameworks/Python.framework/Versions/3.9/lib/python3.9/site-packages/airflow/example_dags/example_task_group_decorator.py for tasks to queue
[2023-01-12T08:00:47.539-0500] {logging_mixin.py:137} INFO - [2023-01-12T08:00:47.539-0500] {dagbag.py:538} INFO - Filling up the DagBag from /Library/Frameworks/Python.framework/Versions/3.9/lib/python3.9/site-packages/airflow/example_dags/example_task_group_decorator.py
[2023-01-12T08:00:47.595-0500] {processor.py:753} INFO - DAG(s) dict_keys(['example_task_group_decorator']) retrieved from /Library/Frameworks/Python.framework/Versions/3.9/lib/python3.9/site-packages/airflow/example_dags/example_task_group_decorator.py
[2023-01-12T08:00:48.227-0500] {logging_mixin.py:137} INFO - [2023-01-12T08:00:48.227-0500] {dag.py:2676} INFO - Sync 1 DAGs
[2023-01-12T08:00:48.246-0500] {logging_mixin.py:137} INFO - [2023-01-12T08:00:48.246-0500] {dag.py:3423} INFO - Setting next_dagrun for example_task_group_decorator to 2023-01-11T13:00:48.246259+00:00, run_after=2023-01-12T13:00:48.246259+00:00
[2023-01-12T08:00:48.266-0500] {processor.py:175} INFO - Processing /Library/Frameworks/Python.framework/Versions/3.9/lib/python3.9/site-packages/airflow/example_dags/example_task_group_decorator.py took 0.733 seconds
[2023-01-12T08:04:37.995-0500] {processor.py:153} INFO - Started process (PID=16590) to work on /Library/Frameworks/Python.framework/Versions/3.9/lib/python3.9/site-packages/airflow/example_dags/example_task_group_decorator.py
[2023-01-12T08:04:38.009-0500] {processor.py:743} INFO - Processing file /Library/Frameworks/Python.framework/Versions/3.9/lib/python3.9/site-packages/airflow/example_dags/example_task_group_decorator.py for tasks to queue
[2023-01-12T08:04:38.010-0500] {logging_mixin.py:137} INFO - [2023-01-12T08:04:38.010-0500] {dagbag.py:538} INFO - Filling up the DagBag from /Library/Frameworks/Python.framework/Versions/3.9/lib/python3.9/site-packages/airflow/example_dags/example_task_group_decorator.py
[2023-01-12T08:04:38.183-0500] {processor.py:753} INFO - DAG(s) dict_keys(['example_task_group_decorator']) retrieved from /Library/Frameworks/Python.framework/Versions/3.9/lib/python3.9/site-packages/airflow/example_dags/example_task_group_decorator.py
[2023-01-12T08:04:39.765-0500] {logging_mixin.py:137} INFO - [2023-01-12T08:04:39.765-0500] {dag.py:2676} INFO - Sync 1 DAGs
[2023-01-12T08:04:39.803-0500] {logging_mixin.py:137} INFO - [2023-01-12T08:04:39.802-0500] {dag.py:3423} INFO - Setting next_dagrun for example_task_group_decorator to 2023-01-11T13:04:39.802623+00:00, run_after=2023-01-12T13:04:39.802623+00:00
[2023-01-12T08:04:39.843-0500] {processor.py:175} INFO - Processing /Library/Frameworks/Python.framework/Versions/3.9/lib/python3.9/site-packages/airflow/example_dags/example_task_group_decorator.py took 1.849 seconds
[2023-01-12T08:08:59.560-0500] {processor.py:153} INFO - Started process (PID=16684) to work on /Library/Frameworks/Python.framework/Versions/3.9/lib/python3.9/site-packages/airflow/example_dags/example_task_group_decorator.py
[2023-01-12T08:08:59.569-0500] {processor.py:743} INFO - Processing file /Library/Frameworks/Python.framework/Versions/3.9/lib/python3.9/site-packages/airflow/example_dags/example_task_group_decorator.py for tasks to queue
[2023-01-12T08:08:59.570-0500] {logging_mixin.py:137} INFO - [2023-01-12T08:08:59.570-0500] {dagbag.py:538} INFO - Filling up the DagBag from /Library/Frameworks/Python.framework/Versions/3.9/lib/python3.9/site-packages/airflow/example_dags/example_task_group_decorator.py
[2023-01-12T08:08:59.680-0500] {processor.py:753} INFO - DAG(s) dict_keys(['example_task_group_decorator']) retrieved from /Library/Frameworks/Python.framework/Versions/3.9/lib/python3.9/site-packages/airflow/example_dags/example_task_group_decorator.py
[2023-01-12T08:09:00.923-0500] {logging_mixin.py:137} INFO - [2023-01-12T08:09:00.922-0500] {dag.py:2676} INFO - Sync 1 DAGs
[2023-01-12T08:09:00.979-0500] {logging_mixin.py:137} INFO - [2023-01-12T08:09:00.979-0500] {dag.py:3423} INFO - Setting next_dagrun for example_task_group_decorator to 2023-01-11T13:09:00.979174+00:00, run_after=2023-01-12T13:09:00.979174+00:00
[2023-01-12T08:09:01.053-0500] {processor.py:175} INFO - Processing /Library/Frameworks/Python.framework/Versions/3.9/lib/python3.9/site-packages/airflow/example_dags/example_task_group_decorator.py took 1.495 seconds
[2023-01-12T08:15:35.153-0500] {processor.py:153} INFO - Started process (PID=17065) to work on /Library/Frameworks/Python.framework/Versions/3.9/lib/python3.9/site-packages/airflow/example_dags/example_task_group_decorator.py
[2023-01-12T08:15:35.243-0500] {processor.py:743} INFO - Processing file /Library/Frameworks/Python.framework/Versions/3.9/lib/python3.9/site-packages/airflow/example_dags/example_task_group_decorator.py for tasks to queue
[2023-01-12T08:15:35.244-0500] {logging_mixin.py:137} INFO - [2023-01-12T08:15:35.244-0500] {dagbag.py:538} INFO - Filling up the DagBag from /Library/Frameworks/Python.framework/Versions/3.9/lib/python3.9/site-packages/airflow/example_dags/example_task_group_decorator.py
[2023-01-12T08:15:35.501-0500] {processor.py:753} INFO - DAG(s) dict_keys(['example_task_group_decorator']) retrieved from /Library/Frameworks/Python.framework/Versions/3.9/lib/python3.9/site-packages/airflow/example_dags/example_task_group_decorator.py
[2023-01-12T08:16:58.561-0500] {logging_mixin.py:137} INFO - [2023-01-12T08:16:58.559-0500] {dag.py:2676} INFO - Sync 1 DAGs
[2023-01-12T08:16:58.612-0500] {logging_mixin.py:137} INFO - [2023-01-12T08:16:58.612-0500] {dag.py:3423} INFO - Setting next_dagrun for example_task_group_decorator to 2023-01-11T13:16:58.609643+00:00, run_after=2023-01-12T13:16:58.609643+00:00
[2023-01-12T08:16:58.662-0500] {processor.py:175} INFO - Processing /Library/Frameworks/Python.framework/Versions/3.9/lib/python3.9/site-packages/airflow/example_dags/example_task_group_decorator.py took 83.345 seconds
[2023-01-12T08:25:08.856-0500] {processor.py:153} INFO - Started process (PID=17414) to work on /Library/Frameworks/Python.framework/Versions/3.9/lib/python3.9/site-packages/airflow/example_dags/example_task_group_decorator.py
[2023-01-12T08:25:08.865-0500] {processor.py:743} INFO - Processing file /Library/Frameworks/Python.framework/Versions/3.9/lib/python3.9/site-packages/airflow/example_dags/example_task_group_decorator.py for tasks to queue
[2023-01-12T08:25:08.866-0500] {logging_mixin.py:137} INFO - [2023-01-12T08:25:08.866-0500] {dagbag.py:538} INFO - Filling up the DagBag from /Library/Frameworks/Python.framework/Versions/3.9/lib/python3.9/site-packages/airflow/example_dags/example_task_group_decorator.py
[2023-01-12T08:25:09.018-0500] {processor.py:753} INFO - DAG(s) dict_keys(['example_task_group_decorator']) retrieved from /Library/Frameworks/Python.framework/Versions/3.9/lib/python3.9/site-packages/airflow/example_dags/example_task_group_decorator.py
[2023-01-12T08:25:10.119-0500] {logging_mixin.py:137} INFO - [2023-01-12T08:25:10.118-0500] {dag.py:2676} INFO - Sync 1 DAGs
[2023-01-12T08:25:10.150-0500] {logging_mixin.py:137} INFO - [2023-01-12T08:25:10.149-0500] {dag.py:3423} INFO - Setting next_dagrun for example_task_group_decorator to 2023-01-11T13:25:10.149568+00:00, run_after=2023-01-12T13:25:10.149568+00:00
[2023-01-12T08:25:10.181-0500] {processor.py:175} INFO - Processing /Library/Frameworks/Python.framework/Versions/3.9/lib/python3.9/site-packages/airflow/example_dags/example_task_group_decorator.py took 1.327 seconds
