[2023-01-12T06:01:32.742-0500] {processor.py:153} INFO - Started process (PID=14794) to work on /Library/Frameworks/Python.framework/Versions/3.9/lib/python3.9/site-packages/airflow/example_dags/example_xcom.py
[2023-01-12T06:01:32.747-0500] {processor.py:743} INFO - Processing file /Library/Frameworks/Python.framework/Versions/3.9/lib/python3.9/site-packages/airflow/example_dags/example_xcom.py for tasks to queue
[2023-01-12T06:01:32.747-0500] {logging_mixin.py:137} INFO - [2023-01-12T06:01:32.747-0500] {dagbag.py:538} INFO - Filling up the DagBag from /Library/Frameworks/Python.framework/Versions/3.9/lib/python3.9/site-packages/airflow/example_dags/example_xcom.py
[2023-01-12T06:01:32.800-0500] {processor.py:753} INFO - DAG(s) dict_keys(['example_xcom']) retrieved from /Library/Frameworks/Python.framework/Versions/3.9/lib/python3.9/site-packages/airflow/example_dags/example_xcom.py
[2023-01-12T06:01:33.390-0500] {logging_mixin.py:137} INFO - [2023-01-12T06:01:33.389-0500] {dag.py:2676} INFO - Sync 1 DAGs
[2023-01-12T06:01:33.406-0500] {logging_mixin.py:137} INFO - [2023-01-12T06:01:33.406-0500] {dag.py:3423} INFO - Setting next_dagrun for example_xcom to 2021-01-01T00:00:00+00:00, run_after=2021-01-01T00:00:00+00:00
[2023-01-12T06:01:33.425-0500] {processor.py:175} INFO - Processing /Library/Frameworks/Python.framework/Versions/3.9/lib/python3.9/site-packages/airflow/example_dags/example_xcom.py took 0.683 seconds
[2023-01-12T07:24:24.771-0500] {processor.py:153} INFO - Started process (PID=15029) to work on /Library/Frameworks/Python.framework/Versions/3.9/lib/python3.9/site-packages/airflow/example_dags/example_xcom.py
[2023-01-12T07:24:24.777-0500] {processor.py:743} INFO - Processing file /Library/Frameworks/Python.framework/Versions/3.9/lib/python3.9/site-packages/airflow/example_dags/example_xcom.py for tasks to queue
[2023-01-12T07:24:24.777-0500] {logging_mixin.py:137} INFO - [2023-01-12T07:24:24.777-0500] {dagbag.py:538} INFO - Filling up the DagBag from /Library/Frameworks/Python.framework/Versions/3.9/lib/python3.9/site-packages/airflow/example_dags/example_xcom.py
[2023-01-12T07:24:24.837-0500] {processor.py:753} INFO - DAG(s) dict_keys(['example_xcom']) retrieved from /Library/Frameworks/Python.framework/Versions/3.9/lib/python3.9/site-packages/airflow/example_dags/example_xcom.py
[2023-01-12T07:24:25.478-0500] {logging_mixin.py:137} INFO - [2023-01-12T07:24:25.478-0500] {dag.py:2676} INFO - Sync 1 DAGs
[2023-01-12T07:24:25.494-0500] {logging_mixin.py:137} INFO - [2023-01-12T07:24:25.494-0500] {dag.py:3423} INFO - Setting next_dagrun for example_xcom to 2021-01-01T00:00:00+00:00, run_after=2021-01-01T00:00:00+00:00
[2023-01-12T07:24:25.516-0500] {processor.py:175} INFO - Processing /Library/Frameworks/Python.framework/Versions/3.9/lib/python3.9/site-packages/airflow/example_dags/example_xcom.py took 0.746 seconds
[2023-01-12T07:26:19.490-0500] {processor.py:153} INFO - Started process (PID=15110) to work on /Library/Frameworks/Python.framework/Versions/3.9/lib/python3.9/site-packages/airflow/example_dags/example_xcom.py
[2023-01-12T07:26:19.496-0500] {processor.py:743} INFO - Processing file /Library/Frameworks/Python.framework/Versions/3.9/lib/python3.9/site-packages/airflow/example_dags/example_xcom.py for tasks to queue
[2023-01-12T07:26:19.497-0500] {logging_mixin.py:137} INFO - [2023-01-12T07:26:19.497-0500] {dagbag.py:538} INFO - Filling up the DagBag from /Library/Frameworks/Python.framework/Versions/3.9/lib/python3.9/site-packages/airflow/example_dags/example_xcom.py
[2023-01-12T07:26:19.562-0500] {processor.py:753} INFO - DAG(s) dict_keys(['example_xcom']) retrieved from /Library/Frameworks/Python.framework/Versions/3.9/lib/python3.9/site-packages/airflow/example_dags/example_xcom.py
[2023-01-12T07:26:20.250-0500] {logging_mixin.py:137} INFO - [2023-01-12T07:26:20.250-0500] {dag.py:2676} INFO - Sync 1 DAGs
[2023-01-12T07:26:20.270-0500] {logging_mixin.py:137} INFO - [2023-01-12T07:26:20.270-0500] {dag.py:3423} INFO - Setting next_dagrun for example_xcom to 2021-01-01T00:00:00+00:00, run_after=2021-01-01T00:00:00+00:00
[2023-01-12T07:26:20.290-0500] {processor.py:175} INFO - Processing /Library/Frameworks/Python.framework/Versions/3.9/lib/python3.9/site-packages/airflow/example_dags/example_xcom.py took 0.801 seconds
[2023-01-12T07:28:04.939-0500] {processor.py:153} INFO - Started process (PID=15157) to work on /Library/Frameworks/Python.framework/Versions/3.9/lib/python3.9/site-packages/airflow/example_dags/example_xcom.py
[2023-01-12T07:28:04.944-0500] {processor.py:743} INFO - Processing file /Library/Frameworks/Python.framework/Versions/3.9/lib/python3.9/site-packages/airflow/example_dags/example_xcom.py for tasks to queue
[2023-01-12T07:28:04.945-0500] {logging_mixin.py:137} INFO - [2023-01-12T07:28:04.945-0500] {dagbag.py:538} INFO - Filling up the DagBag from /Library/Frameworks/Python.framework/Versions/3.9/lib/python3.9/site-packages/airflow/example_dags/example_xcom.py
[2023-01-12T07:28:05.001-0500] {processor.py:753} INFO - DAG(s) dict_keys(['example_xcom']) retrieved from /Library/Frameworks/Python.framework/Versions/3.9/lib/python3.9/site-packages/airflow/example_dags/example_xcom.py
[2023-01-12T07:28:05.637-0500] {logging_mixin.py:137} INFO - [2023-01-12T07:28:05.637-0500] {dag.py:2676} INFO - Sync 1 DAGs
[2023-01-12T07:28:05.653-0500] {logging_mixin.py:137} INFO - [2023-01-12T07:28:05.653-0500] {dag.py:3423} INFO - Setting next_dagrun for example_xcom to 2021-01-01T00:00:00+00:00, run_after=2021-01-01T00:00:00+00:00
[2023-01-12T07:28:05.672-0500] {processor.py:175} INFO - Processing /Library/Frameworks/Python.framework/Versions/3.9/lib/python3.9/site-packages/airflow/example_dags/example_xcom.py took 0.734 seconds
[2023-01-12T07:29:48.397-0500] {processor.py:153} INFO - Started process (PID=15253) to work on /Library/Frameworks/Python.framework/Versions/3.9/lib/python3.9/site-packages/airflow/example_dags/example_xcom.py
[2023-01-12T07:29:48.404-0500] {processor.py:743} INFO - Processing file /Library/Frameworks/Python.framework/Versions/3.9/lib/python3.9/site-packages/airflow/example_dags/example_xcom.py for tasks to queue
[2023-01-12T07:29:48.404-0500] {logging_mixin.py:137} INFO - [2023-01-12T07:29:48.404-0500] {dagbag.py:538} INFO - Filling up the DagBag from /Library/Frameworks/Python.framework/Versions/3.9/lib/python3.9/site-packages/airflow/example_dags/example_xcom.py
[2023-01-12T07:29:48.471-0500] {processor.py:753} INFO - DAG(s) dict_keys(['example_xcom']) retrieved from /Library/Frameworks/Python.framework/Versions/3.9/lib/python3.9/site-packages/airflow/example_dags/example_xcom.py
[2023-01-12T07:29:49.499-0500] {logging_mixin.py:137} INFO - [2023-01-12T07:29:49.498-0500] {dag.py:2676} INFO - Sync 1 DAGs
[2023-01-12T07:29:49.525-0500] {logging_mixin.py:137} INFO - [2023-01-12T07:29:49.525-0500] {dag.py:3423} INFO - Setting next_dagrun for example_xcom to 2021-01-01T00:00:00+00:00, run_after=2021-01-01T00:00:00+00:00
[2023-01-12T07:29:49.557-0500] {processor.py:175} INFO - Processing /Library/Frameworks/Python.framework/Versions/3.9/lib/python3.9/site-packages/airflow/example_dags/example_xcom.py took 1.160 seconds
[2023-01-12T07:31:40.192-0500] {processor.py:153} INFO - Started process (PID=15445) to work on /Library/Frameworks/Python.framework/Versions/3.9/lib/python3.9/site-packages/airflow/example_dags/example_xcom.py
[2023-01-12T07:31:40.198-0500] {processor.py:743} INFO - Processing file /Library/Frameworks/Python.framework/Versions/3.9/lib/python3.9/site-packages/airflow/example_dags/example_xcom.py for tasks to queue
[2023-01-12T07:31:40.198-0500] {logging_mixin.py:137} INFO - [2023-01-12T07:31:40.198-0500] {dagbag.py:538} INFO - Filling up the DagBag from /Library/Frameworks/Python.framework/Versions/3.9/lib/python3.9/site-packages/airflow/example_dags/example_xcom.py
[2023-01-12T07:31:40.258-0500] {processor.py:753} INFO - DAG(s) dict_keys(['example_xcom']) retrieved from /Library/Frameworks/Python.framework/Versions/3.9/lib/python3.9/site-packages/airflow/example_dags/example_xcom.py
[2023-01-12T07:31:40.886-0500] {logging_mixin.py:137} INFO - [2023-01-12T07:31:40.886-0500] {dag.py:2676} INFO - Sync 1 DAGs
[2023-01-12T07:31:40.904-0500] {logging_mixin.py:137} INFO - [2023-01-12T07:31:40.904-0500] {dag.py:3423} INFO - Setting next_dagrun for example_xcom to 2021-01-01T00:00:00+00:00, run_after=2021-01-01T00:00:00+00:00
[2023-01-12T07:31:40.923-0500] {processor.py:175} INFO - Processing /Library/Frameworks/Python.framework/Versions/3.9/lib/python3.9/site-packages/airflow/example_dags/example_xcom.py took 0.731 seconds
[2023-01-12T07:33:26.078-0500] {processor.py:153} INFO - Started process (PID=15496) to work on /Library/Frameworks/Python.framework/Versions/3.9/lib/python3.9/site-packages/airflow/example_dags/example_xcom.py
[2023-01-12T07:33:26.084-0500] {processor.py:743} INFO - Processing file /Library/Frameworks/Python.framework/Versions/3.9/lib/python3.9/site-packages/airflow/example_dags/example_xcom.py for tasks to queue
[2023-01-12T07:33:26.085-0500] {logging_mixin.py:137} INFO - [2023-01-12T07:33:26.085-0500] {dagbag.py:538} INFO - Filling up the DagBag from /Library/Frameworks/Python.framework/Versions/3.9/lib/python3.9/site-packages/airflow/example_dags/example_xcom.py
[2023-01-12T07:33:26.140-0500] {processor.py:753} INFO - DAG(s) dict_keys(['example_xcom']) retrieved from /Library/Frameworks/Python.framework/Versions/3.9/lib/python3.9/site-packages/airflow/example_dags/example_xcom.py
[2023-01-12T07:33:26.766-0500] {logging_mixin.py:137} INFO - [2023-01-12T07:33:26.765-0500] {dag.py:2676} INFO - Sync 1 DAGs
[2023-01-12T07:33:26.783-0500] {logging_mixin.py:137} INFO - [2023-01-12T07:33:26.783-0500] {dag.py:3423} INFO - Setting next_dagrun for example_xcom to 2021-01-01T00:00:00+00:00, run_after=2021-01-01T00:00:00+00:00
[2023-01-12T07:33:26.803-0500] {processor.py:175} INFO - Processing /Library/Frameworks/Python.framework/Versions/3.9/lib/python3.9/site-packages/airflow/example_dags/example_xcom.py took 0.725 seconds
[2023-01-12T07:35:14.953-0500] {processor.py:153} INFO - Started process (PID=15544) to work on /Library/Frameworks/Python.framework/Versions/3.9/lib/python3.9/site-packages/airflow/example_dags/example_xcom.py
[2023-01-12T07:35:14.959-0500] {processor.py:743} INFO - Processing file /Library/Frameworks/Python.framework/Versions/3.9/lib/python3.9/site-packages/airflow/example_dags/example_xcom.py for tasks to queue
[2023-01-12T07:35:14.959-0500] {logging_mixin.py:137} INFO - [2023-01-12T07:35:14.959-0500] {dagbag.py:538} INFO - Filling up the DagBag from /Library/Frameworks/Python.framework/Versions/3.9/lib/python3.9/site-packages/airflow/example_dags/example_xcom.py
[2023-01-12T07:35:15.040-0500] {processor.py:753} INFO - DAG(s) dict_keys(['example_xcom']) retrieved from /Library/Frameworks/Python.framework/Versions/3.9/lib/python3.9/site-packages/airflow/example_dags/example_xcom.py
[2023-01-12T07:35:15.755-0500] {logging_mixin.py:137} INFO - [2023-01-12T07:35:15.755-0500] {dag.py:2676} INFO - Sync 1 DAGs
[2023-01-12T07:35:15.773-0500] {logging_mixin.py:137} INFO - [2023-01-12T07:35:15.773-0500] {dag.py:3423} INFO - Setting next_dagrun for example_xcom to 2021-01-01T00:00:00+00:00, run_after=2021-01-01T00:00:00+00:00
[2023-01-12T07:35:15.793-0500] {processor.py:175} INFO - Processing /Library/Frameworks/Python.framework/Versions/3.9/lib/python3.9/site-packages/airflow/example_dags/example_xcom.py took 0.841 seconds
[2023-01-12T07:37:03.212-0500] {processor.py:153} INFO - Started process (PID=15580) to work on /Library/Frameworks/Python.framework/Versions/3.9/lib/python3.9/site-packages/airflow/example_dags/example_xcom.py
[2023-01-12T07:37:03.218-0500] {processor.py:743} INFO - Processing file /Library/Frameworks/Python.framework/Versions/3.9/lib/python3.9/site-packages/airflow/example_dags/example_xcom.py for tasks to queue
[2023-01-12T07:37:03.219-0500] {logging_mixin.py:137} INFO - [2023-01-12T07:37:03.219-0500] {dagbag.py:538} INFO - Filling up the DagBag from /Library/Frameworks/Python.framework/Versions/3.9/lib/python3.9/site-packages/airflow/example_dags/example_xcom.py
[2023-01-12T07:37:03.279-0500] {processor.py:753} INFO - DAG(s) dict_keys(['example_xcom']) retrieved from /Library/Frameworks/Python.framework/Versions/3.9/lib/python3.9/site-packages/airflow/example_dags/example_xcom.py
[2023-01-12T07:37:03.937-0500] {logging_mixin.py:137} INFO - [2023-01-12T07:37:03.937-0500] {dag.py:2676} INFO - Sync 1 DAGs
[2023-01-12T07:37:03.954-0500] {logging_mixin.py:137} INFO - [2023-01-12T07:37:03.953-0500] {dag.py:3423} INFO - Setting next_dagrun for example_xcom to 2021-01-01T00:00:00+00:00, run_after=2021-01-01T00:00:00+00:00
[2023-01-12T07:37:03.972-0500] {processor.py:175} INFO - Processing /Library/Frameworks/Python.framework/Versions/3.9/lib/python3.9/site-packages/airflow/example_dags/example_xcom.py took 0.761 seconds
[2023-01-12T07:38:51.389-0500] {processor.py:153} INFO - Started process (PID=15627) to work on /Library/Frameworks/Python.framework/Versions/3.9/lib/python3.9/site-packages/airflow/example_dags/example_xcom.py
[2023-01-12T07:38:51.395-0500] {processor.py:743} INFO - Processing file /Library/Frameworks/Python.framework/Versions/3.9/lib/python3.9/site-packages/airflow/example_dags/example_xcom.py for tasks to queue
[2023-01-12T07:38:51.396-0500] {logging_mixin.py:137} INFO - [2023-01-12T07:38:51.396-0500] {dagbag.py:538} INFO - Filling up the DagBag from /Library/Frameworks/Python.framework/Versions/3.9/lib/python3.9/site-packages/airflow/example_dags/example_xcom.py
[2023-01-12T07:38:51.449-0500] {processor.py:753} INFO - DAG(s) dict_keys(['example_xcom']) retrieved from /Library/Frameworks/Python.framework/Versions/3.9/lib/python3.9/site-packages/airflow/example_dags/example_xcom.py
[2023-01-12T07:38:52.077-0500] {logging_mixin.py:137} INFO - [2023-01-12T07:38:52.076-0500] {dag.py:2676} INFO - Sync 1 DAGs
[2023-01-12T07:38:52.093-0500] {logging_mixin.py:137} INFO - [2023-01-12T07:38:52.093-0500] {dag.py:3423} INFO - Setting next_dagrun for example_xcom to 2021-01-01T00:00:00+00:00, run_after=2021-01-01T00:00:00+00:00
[2023-01-12T07:38:52.116-0500] {processor.py:175} INFO - Processing /Library/Frameworks/Python.framework/Versions/3.9/lib/python3.9/site-packages/airflow/example_dags/example_xcom.py took 0.728 seconds
[2023-01-12T07:40:53.024-0500] {processor.py:153} INFO - Started process (PID=15749) to work on /Library/Frameworks/Python.framework/Versions/3.9/lib/python3.9/site-packages/airflow/example_dags/example_xcom.py
[2023-01-12T07:40:53.031-0500] {processor.py:743} INFO - Processing file /Library/Frameworks/Python.framework/Versions/3.9/lib/python3.9/site-packages/airflow/example_dags/example_xcom.py for tasks to queue
[2023-01-12T07:40:53.031-0500] {logging_mixin.py:137} INFO - [2023-01-12T07:40:53.031-0500] {dagbag.py:538} INFO - Filling up the DagBag from /Library/Frameworks/Python.framework/Versions/3.9/lib/python3.9/site-packages/airflow/example_dags/example_xcom.py
[2023-01-12T07:40:53.102-0500] {processor.py:753} INFO - DAG(s) dict_keys(['example_xcom']) retrieved from /Library/Frameworks/Python.framework/Versions/3.9/lib/python3.9/site-packages/airflow/example_dags/example_xcom.py
[2023-01-12T07:40:53.860-0500] {logging_mixin.py:137} INFO - [2023-01-12T07:40:53.860-0500] {dag.py:2676} INFO - Sync 1 DAGs
[2023-01-12T07:40:53.885-0500] {logging_mixin.py:137} INFO - [2023-01-12T07:40:53.884-0500] {dag.py:3423} INFO - Setting next_dagrun for example_xcom to 2021-01-01T00:00:00+00:00, run_after=2021-01-01T00:00:00+00:00
[2023-01-12T07:40:53.906-0500] {processor.py:175} INFO - Processing /Library/Frameworks/Python.framework/Versions/3.9/lib/python3.9/site-packages/airflow/example_dags/example_xcom.py took 0.882 seconds
[2023-01-12T07:42:55.678-0500] {processor.py:153} INFO - Started process (PID=15796) to work on /Library/Frameworks/Python.framework/Versions/3.9/lib/python3.9/site-packages/airflow/example_dags/example_xcom.py
[2023-01-12T07:42:55.684-0500] {processor.py:743} INFO - Processing file /Library/Frameworks/Python.framework/Versions/3.9/lib/python3.9/site-packages/airflow/example_dags/example_xcom.py for tasks to queue
[2023-01-12T07:42:55.685-0500] {logging_mixin.py:137} INFO - [2023-01-12T07:42:55.685-0500] {dagbag.py:538} INFO - Filling up the DagBag from /Library/Frameworks/Python.framework/Versions/3.9/lib/python3.9/site-packages/airflow/example_dags/example_xcom.py
[2023-01-12T07:42:55.755-0500] {processor.py:753} INFO - DAG(s) dict_keys(['example_xcom']) retrieved from /Library/Frameworks/Python.framework/Versions/3.9/lib/python3.9/site-packages/airflow/example_dags/example_xcom.py
[2023-01-12T07:42:56.686-0500] {logging_mixin.py:137} INFO - [2023-01-12T07:42:56.685-0500] {dag.py:2676} INFO - Sync 1 DAGs
[2023-01-12T07:42:56.816-0500] {logging_mixin.py:137} INFO - [2023-01-12T07:42:56.815-0500] {dag.py:3423} INFO - Setting next_dagrun for example_xcom to 2021-01-01T00:00:00+00:00, run_after=2021-01-01T00:00:00+00:00
[2023-01-12T07:42:56.840-0500] {processor.py:175} INFO - Processing /Library/Frameworks/Python.framework/Versions/3.9/lib/python3.9/site-packages/airflow/example_dags/example_xcom.py took 1.163 seconds
[2023-01-12T07:44:56.738-0500] {processor.py:153} INFO - Started process (PID=15850) to work on /Library/Frameworks/Python.framework/Versions/3.9/lib/python3.9/site-packages/airflow/example_dags/example_xcom.py
[2023-01-12T07:44:56.745-0500] {processor.py:743} INFO - Processing file /Library/Frameworks/Python.framework/Versions/3.9/lib/python3.9/site-packages/airflow/example_dags/example_xcom.py for tasks to queue
[2023-01-12T07:44:56.746-0500] {logging_mixin.py:137} INFO - [2023-01-12T07:44:56.745-0500] {dagbag.py:538} INFO - Filling up the DagBag from /Library/Frameworks/Python.framework/Versions/3.9/lib/python3.9/site-packages/airflow/example_dags/example_xcom.py
[2023-01-12T07:44:56.826-0500] {processor.py:753} INFO - DAG(s) dict_keys(['example_xcom']) retrieved from /Library/Frameworks/Python.framework/Versions/3.9/lib/python3.9/site-packages/airflow/example_dags/example_xcom.py
[2023-01-12T07:44:57.638-0500] {logging_mixin.py:137} INFO - [2023-01-12T07:44:57.637-0500] {dag.py:2676} INFO - Sync 1 DAGs
[2023-01-12T07:44:57.658-0500] {logging_mixin.py:137} INFO - [2023-01-12T07:44:57.658-0500] {dag.py:3423} INFO - Setting next_dagrun for example_xcom to 2021-01-01T00:00:00+00:00, run_after=2021-01-01T00:00:00+00:00
[2023-01-12T07:44:57.681-0500] {processor.py:175} INFO - Processing /Library/Frameworks/Python.framework/Versions/3.9/lib/python3.9/site-packages/airflow/example_dags/example_xcom.py took 0.944 seconds
[2023-01-12T07:46:52.553-0500] {processor.py:153} INFO - Started process (PID=15916) to work on /Library/Frameworks/Python.framework/Versions/3.9/lib/python3.9/site-packages/airflow/example_dags/example_xcom.py
[2023-01-12T07:46:52.560-0500] {processor.py:743} INFO - Processing file /Library/Frameworks/Python.framework/Versions/3.9/lib/python3.9/site-packages/airflow/example_dags/example_xcom.py for tasks to queue
[2023-01-12T07:46:52.560-0500] {logging_mixin.py:137} INFO - [2023-01-12T07:46:52.560-0500] {dagbag.py:538} INFO - Filling up the DagBag from /Library/Frameworks/Python.framework/Versions/3.9/lib/python3.9/site-packages/airflow/example_dags/example_xcom.py
[2023-01-12T07:46:52.633-0500] {processor.py:753} INFO - DAG(s) dict_keys(['example_xcom']) retrieved from /Library/Frameworks/Python.framework/Versions/3.9/lib/python3.9/site-packages/airflow/example_dags/example_xcom.py
[2023-01-12T07:46:53.497-0500] {logging_mixin.py:137} INFO - [2023-01-12T07:46:53.497-0500] {dag.py:2676} INFO - Sync 1 DAGs
[2023-01-12T07:46:53.518-0500] {logging_mixin.py:137} INFO - [2023-01-12T07:46:53.518-0500] {dag.py:3423} INFO - Setting next_dagrun for example_xcom to 2021-01-01T00:00:00+00:00, run_after=2021-01-01T00:00:00+00:00
[2023-01-12T07:46:53.541-0500] {processor.py:175} INFO - Processing /Library/Frameworks/Python.framework/Versions/3.9/lib/python3.9/site-packages/airflow/example_dags/example_xcom.py took 0.989 seconds
[2023-01-12T07:48:38.761-0500] {processor.py:153} INFO - Started process (PID=15956) to work on /Library/Frameworks/Python.framework/Versions/3.9/lib/python3.9/site-packages/airflow/example_dags/example_xcom.py
[2023-01-12T07:48:38.767-0500] {processor.py:743} INFO - Processing file /Library/Frameworks/Python.framework/Versions/3.9/lib/python3.9/site-packages/airflow/example_dags/example_xcom.py for tasks to queue
[2023-01-12T07:48:38.768-0500] {logging_mixin.py:137} INFO - [2023-01-12T07:48:38.768-0500] {dagbag.py:538} INFO - Filling up the DagBag from /Library/Frameworks/Python.framework/Versions/3.9/lib/python3.9/site-packages/airflow/example_dags/example_xcom.py
[2023-01-12T07:48:38.824-0500] {processor.py:753} INFO - DAG(s) dict_keys(['example_xcom']) retrieved from /Library/Frameworks/Python.framework/Versions/3.9/lib/python3.9/site-packages/airflow/example_dags/example_xcom.py
[2023-01-12T07:48:39.490-0500] {logging_mixin.py:137} INFO - [2023-01-12T07:48:39.489-0500] {dag.py:2676} INFO - Sync 1 DAGs
[2023-01-12T07:48:39.515-0500] {logging_mixin.py:137} INFO - [2023-01-12T07:48:39.515-0500] {dag.py:3423} INFO - Setting next_dagrun for example_xcom to 2021-01-01T00:00:00+00:00, run_after=2021-01-01T00:00:00+00:00
[2023-01-12T07:48:39.551-0500] {processor.py:175} INFO - Processing /Library/Frameworks/Python.framework/Versions/3.9/lib/python3.9/site-packages/airflow/example_dags/example_xcom.py took 0.791 seconds
[2023-01-12T07:50:47.918-0500] {processor.py:153} INFO - Started process (PID=16083) to work on /Library/Frameworks/Python.framework/Versions/3.9/lib/python3.9/site-packages/airflow/example_dags/example_xcom.py
[2023-01-12T07:50:47.925-0500] {processor.py:743} INFO - Processing file /Library/Frameworks/Python.framework/Versions/3.9/lib/python3.9/site-packages/airflow/example_dags/example_xcom.py for tasks to queue
[2023-01-12T07:50:47.925-0500] {logging_mixin.py:137} INFO - [2023-01-12T07:50:47.925-0500] {dagbag.py:538} INFO - Filling up the DagBag from /Library/Frameworks/Python.framework/Versions/3.9/lib/python3.9/site-packages/airflow/example_dags/example_xcom.py
[2023-01-12T07:50:48.002-0500] {processor.py:753} INFO - DAG(s) dict_keys(['example_xcom']) retrieved from /Library/Frameworks/Python.framework/Versions/3.9/lib/python3.9/site-packages/airflow/example_dags/example_xcom.py
[2023-01-12T07:50:48.798-0500] {logging_mixin.py:137} INFO - [2023-01-12T07:50:48.798-0500] {dag.py:2676} INFO - Sync 1 DAGs
[2023-01-12T07:50:48.818-0500] {logging_mixin.py:137} INFO - [2023-01-12T07:50:48.818-0500] {dag.py:3423} INFO - Setting next_dagrun for example_xcom to 2021-01-01T00:00:00+00:00, run_after=2021-01-01T00:00:00+00:00
[2023-01-12T07:50:48.841-0500] {processor.py:175} INFO - Processing /Library/Frameworks/Python.framework/Versions/3.9/lib/python3.9/site-packages/airflow/example_dags/example_xcom.py took 0.923 seconds
[2023-01-12T07:52:50.170-0500] {processor.py:153} INFO - Started process (PID=16126) to work on /Library/Frameworks/Python.framework/Versions/3.9/lib/python3.9/site-packages/airflow/example_dags/example_xcom.py
[2023-01-12T07:52:50.196-0500] {processor.py:743} INFO - Processing file /Library/Frameworks/Python.framework/Versions/3.9/lib/python3.9/site-packages/airflow/example_dags/example_xcom.py for tasks to queue
[2023-01-12T07:52:50.198-0500] {logging_mixin.py:137} INFO - [2023-01-12T07:52:50.197-0500] {dagbag.py:538} INFO - Filling up the DagBag from /Library/Frameworks/Python.framework/Versions/3.9/lib/python3.9/site-packages/airflow/example_dags/example_xcom.py
[2023-01-12T07:52:50.268-0500] {processor.py:753} INFO - DAG(s) dict_keys(['example_xcom']) retrieved from /Library/Frameworks/Python.framework/Versions/3.9/lib/python3.9/site-packages/airflow/example_dags/example_xcom.py
[2023-01-12T07:52:50.998-0500] {logging_mixin.py:137} INFO - [2023-01-12T07:52:50.998-0500] {dag.py:2676} INFO - Sync 1 DAGs
[2023-01-12T07:52:51.017-0500] {logging_mixin.py:137} INFO - [2023-01-12T07:52:51.017-0500] {dag.py:3423} INFO - Setting next_dagrun for example_xcom to 2021-01-01T00:00:00+00:00, run_after=2021-01-01T00:00:00+00:00
[2023-01-12T07:52:51.037-0500] {processor.py:175} INFO - Processing /Library/Frameworks/Python.framework/Versions/3.9/lib/python3.9/site-packages/airflow/example_dags/example_xcom.py took 0.869 seconds
[2023-01-12T07:54:40.245-0500] {processor.py:153} INFO - Started process (PID=16161) to work on /Library/Frameworks/Python.framework/Versions/3.9/lib/python3.9/site-packages/airflow/example_dags/example_xcom.py
[2023-01-12T07:54:40.252-0500] {processor.py:743} INFO - Processing file /Library/Frameworks/Python.framework/Versions/3.9/lib/python3.9/site-packages/airflow/example_dags/example_xcom.py for tasks to queue
[2023-01-12T07:54:40.252-0500] {logging_mixin.py:137} INFO - [2023-01-12T07:54:40.252-0500] {dagbag.py:538} INFO - Filling up the DagBag from /Library/Frameworks/Python.framework/Versions/3.9/lib/python3.9/site-packages/airflow/example_dags/example_xcom.py
[2023-01-12T07:54:40.311-0500] {processor.py:753} INFO - DAG(s) dict_keys(['example_xcom']) retrieved from /Library/Frameworks/Python.framework/Versions/3.9/lib/python3.9/site-packages/airflow/example_dags/example_xcom.py
[2023-01-12T07:54:40.999-0500] {logging_mixin.py:137} INFO - [2023-01-12T07:54:40.999-0500] {dag.py:2676} INFO - Sync 1 DAGs
[2023-01-12T07:54:41.017-0500] {logging_mixin.py:137} INFO - [2023-01-12T07:54:41.017-0500] {dag.py:3423} INFO - Setting next_dagrun for example_xcom to 2021-01-01T00:00:00+00:00, run_after=2021-01-01T00:00:00+00:00
[2023-01-12T07:54:41.038-0500] {processor.py:175} INFO - Processing /Library/Frameworks/Python.framework/Versions/3.9/lib/python3.9/site-packages/airflow/example_dags/example_xcom.py took 0.793 seconds
[2023-01-12T07:56:42.266-0500] {processor.py:153} INFO - Started process (PID=16205) to work on /Library/Frameworks/Python.framework/Versions/3.9/lib/python3.9/site-packages/airflow/example_dags/example_xcom.py
[2023-01-12T07:56:42.278-0500] {processor.py:743} INFO - Processing file /Library/Frameworks/Python.framework/Versions/3.9/lib/python3.9/site-packages/airflow/example_dags/example_xcom.py for tasks to queue
[2023-01-12T07:56:42.279-0500] {logging_mixin.py:137} INFO - [2023-01-12T07:56:42.279-0500] {dagbag.py:538} INFO - Filling up the DagBag from /Library/Frameworks/Python.framework/Versions/3.9/lib/python3.9/site-packages/airflow/example_dags/example_xcom.py
[2023-01-12T07:56:42.380-0500] {processor.py:753} INFO - DAG(s) dict_keys(['example_xcom']) retrieved from /Library/Frameworks/Python.framework/Versions/3.9/lib/python3.9/site-packages/airflow/example_dags/example_xcom.py
[2023-01-12T07:56:44.021-0500] {logging_mixin.py:137} INFO - [2023-01-12T07:56:44.017-0500] {dag.py:2676} INFO - Sync 1 DAGs
[2023-01-12T07:56:44.092-0500] {logging_mixin.py:137} INFO - [2023-01-12T07:56:44.092-0500] {dag.py:3423} INFO - Setting next_dagrun for example_xcom to 2021-01-01T00:00:00+00:00, run_after=2021-01-01T00:00:00+00:00
[2023-01-12T07:56:44.137-0500] {processor.py:175} INFO - Processing /Library/Frameworks/Python.framework/Versions/3.9/lib/python3.9/site-packages/airflow/example_dags/example_xcom.py took 1.873 seconds
[2023-01-12T07:58:42.279-0500] {processor.py:153} INFO - Started process (PID=16362) to work on /Library/Frameworks/Python.framework/Versions/3.9/lib/python3.9/site-packages/airflow/example_dags/example_xcom.py
[2023-01-12T07:58:42.285-0500] {processor.py:743} INFO - Processing file /Library/Frameworks/Python.framework/Versions/3.9/lib/python3.9/site-packages/airflow/example_dags/example_xcom.py for tasks to queue
[2023-01-12T07:58:42.285-0500] {logging_mixin.py:137} INFO - [2023-01-12T07:58:42.285-0500] {dagbag.py:538} INFO - Filling up the DagBag from /Library/Frameworks/Python.framework/Versions/3.9/lib/python3.9/site-packages/airflow/example_dags/example_xcom.py
[2023-01-12T07:58:42.340-0500] {processor.py:753} INFO - DAG(s) dict_keys(['example_xcom']) retrieved from /Library/Frameworks/Python.framework/Versions/3.9/lib/python3.9/site-packages/airflow/example_dags/example_xcom.py
[2023-01-12T07:58:42.974-0500] {logging_mixin.py:137} INFO - [2023-01-12T07:58:42.973-0500] {dag.py:2676} INFO - Sync 1 DAGs
[2023-01-12T07:58:42.996-0500] {logging_mixin.py:137} INFO - [2023-01-12T07:58:42.995-0500] {dag.py:3423} INFO - Setting next_dagrun for example_xcom to 2021-01-01T00:00:00+00:00, run_after=2021-01-01T00:00:00+00:00
[2023-01-12T07:58:43.014-0500] {processor.py:175} INFO - Processing /Library/Frameworks/Python.framework/Versions/3.9/lib/python3.9/site-packages/airflow/example_dags/example_xcom.py took 0.735 seconds
[2023-01-12T08:00:33.585-0500] {processor.py:153} INFO - Started process (PID=16457) to work on /Library/Frameworks/Python.framework/Versions/3.9/lib/python3.9/site-packages/airflow/example_dags/example_xcom.py
[2023-01-12T08:00:33.591-0500] {processor.py:743} INFO - Processing file /Library/Frameworks/Python.framework/Versions/3.9/lib/python3.9/site-packages/airflow/example_dags/example_xcom.py for tasks to queue
[2023-01-12T08:00:33.592-0500] {logging_mixin.py:137} INFO - [2023-01-12T08:00:33.592-0500] {dagbag.py:538} INFO - Filling up the DagBag from /Library/Frameworks/Python.framework/Versions/3.9/lib/python3.9/site-packages/airflow/example_dags/example_xcom.py
[2023-01-12T08:00:33.649-0500] {processor.py:753} INFO - DAG(s) dict_keys(['example_xcom']) retrieved from /Library/Frameworks/Python.framework/Versions/3.9/lib/python3.9/site-packages/airflow/example_dags/example_xcom.py
[2023-01-12T08:00:34.317-0500] {logging_mixin.py:137} INFO - [2023-01-12T08:00:34.317-0500] {dag.py:2676} INFO - Sync 1 DAGs
[2023-01-12T08:00:34.335-0500] {logging_mixin.py:137} INFO - [2023-01-12T08:00:34.335-0500] {dag.py:3423} INFO - Setting next_dagrun for example_xcom to 2021-01-01T00:00:00+00:00, run_after=2021-01-01T00:00:00+00:00
[2023-01-12T08:00:34.356-0500] {processor.py:175} INFO - Processing /Library/Frameworks/Python.framework/Versions/3.9/lib/python3.9/site-packages/airflow/example_dags/example_xcom.py took 0.771 seconds
[2023-01-12T08:04:03.125-0500] {processor.py:153} INFO - Started process (PID=16553) to work on /Library/Frameworks/Python.framework/Versions/3.9/lib/python3.9/site-packages/airflow/example_dags/example_xcom.py
[2023-01-12T08:04:03.156-0500] {processor.py:743} INFO - Processing file /Library/Frameworks/Python.framework/Versions/3.9/lib/python3.9/site-packages/airflow/example_dags/example_xcom.py for tasks to queue
[2023-01-12T08:04:03.158-0500] {logging_mixin.py:137} INFO - [2023-01-12T08:04:03.158-0500] {dagbag.py:538} INFO - Filling up the DagBag from /Library/Frameworks/Python.framework/Versions/3.9/lib/python3.9/site-packages/airflow/example_dags/example_xcom.py
[2023-01-12T08:04:03.403-0500] {processor.py:753} INFO - DAG(s) dict_keys(['example_xcom']) retrieved from /Library/Frameworks/Python.framework/Versions/3.9/lib/python3.9/site-packages/airflow/example_dags/example_xcom.py
[2023-01-12T08:04:04.947-0500] {logging_mixin.py:137} INFO - [2023-01-12T08:04:04.946-0500] {dag.py:2676} INFO - Sync 1 DAGs
[2023-01-12T08:04:04.980-0500] {logging_mixin.py:137} INFO - [2023-01-12T08:04:04.980-0500] {dag.py:3423} INFO - Setting next_dagrun for example_xcom to 2021-01-01T00:00:00+00:00, run_after=2021-01-01T00:00:00+00:00
[2023-01-12T08:04:05.013-0500] {processor.py:175} INFO - Processing /Library/Frameworks/Python.framework/Versions/3.9/lib/python3.9/site-packages/airflow/example_dags/example_xcom.py took 1.889 seconds
[2023-01-12T08:08:37.017-0500] {processor.py:153} INFO - Started process (PID=16679) to work on /Library/Frameworks/Python.framework/Versions/3.9/lib/python3.9/site-packages/airflow/example_dags/example_xcom.py
[2023-01-12T08:08:37.027-0500] {processor.py:743} INFO - Processing file /Library/Frameworks/Python.framework/Versions/3.9/lib/python3.9/site-packages/airflow/example_dags/example_xcom.py for tasks to queue
[2023-01-12T08:08:37.028-0500] {logging_mixin.py:137} INFO - [2023-01-12T08:08:37.028-0500] {dagbag.py:538} INFO - Filling up the DagBag from /Library/Frameworks/Python.framework/Versions/3.9/lib/python3.9/site-packages/airflow/example_dags/example_xcom.py
[2023-01-12T08:08:37.128-0500] {processor.py:753} INFO - DAG(s) dict_keys(['example_xcom']) retrieved from /Library/Frameworks/Python.framework/Versions/3.9/lib/python3.9/site-packages/airflow/example_dags/example_xcom.py
[2023-01-12T08:08:38.224-0500] {logging_mixin.py:137} INFO - [2023-01-12T08:08:38.224-0500] {dag.py:2676} INFO - Sync 1 DAGs
[2023-01-12T08:08:38.255-0500] {logging_mixin.py:137} INFO - [2023-01-12T08:08:38.254-0500] {dag.py:3423} INFO - Setting next_dagrun for example_xcom to 2021-01-01T00:00:00+00:00, run_after=2021-01-01T00:00:00+00:00
[2023-01-12T08:08:38.289-0500] {processor.py:175} INFO - Processing /Library/Frameworks/Python.framework/Versions/3.9/lib/python3.9/site-packages/airflow/example_dags/example_xcom.py took 1.273 seconds
[2023-01-12T08:12:16.005-0500] {processor.py:153} INFO - Started process (PID=16829) to work on /Library/Frameworks/Python.framework/Versions/3.9/lib/python3.9/site-packages/airflow/example_dags/example_xcom.py
[2023-01-12T08:12:16.015-0500] {processor.py:743} INFO - Processing file /Library/Frameworks/Python.framework/Versions/3.9/lib/python3.9/site-packages/airflow/example_dags/example_xcom.py for tasks to queue
[2023-01-12T08:12:16.016-0500] {logging_mixin.py:137} INFO - [2023-01-12T08:12:16.016-0500] {dagbag.py:538} INFO - Filling up the DagBag from /Library/Frameworks/Python.framework/Versions/3.9/lib/python3.9/site-packages/airflow/example_dags/example_xcom.py
[2023-01-12T08:12:16.113-0500] {processor.py:753} INFO - DAG(s) dict_keys(['example_xcom']) retrieved from /Library/Frameworks/Python.framework/Versions/3.9/lib/python3.9/site-packages/airflow/example_dags/example_xcom.py
[2023-01-12T08:12:17.155-0500] {logging_mixin.py:137} INFO - [2023-01-12T08:12:17.155-0500] {dag.py:2676} INFO - Sync 1 DAGs
[2023-01-12T08:12:17.184-0500] {logging_mixin.py:137} INFO - [2023-01-12T08:12:17.184-0500] {dag.py:3423} INFO - Setting next_dagrun for example_xcom to 2021-01-01T00:00:00+00:00, run_after=2021-01-01T00:00:00+00:00
[2023-01-12T08:12:17.219-0500] {processor.py:175} INFO - Processing /Library/Frameworks/Python.framework/Versions/3.9/lib/python3.9/site-packages/airflow/example_dags/example_xcom.py took 1.217 seconds
[2023-01-12T08:24:48.534-0500] {processor.py:153} INFO - Started process (PID=17404) to work on /Library/Frameworks/Python.framework/Versions/3.9/lib/python3.9/site-packages/airflow/example_dags/example_xcom.py
[2023-01-12T08:24:48.544-0500] {processor.py:743} INFO - Processing file /Library/Frameworks/Python.framework/Versions/3.9/lib/python3.9/site-packages/airflow/example_dags/example_xcom.py for tasks to queue
[2023-01-12T08:24:48.545-0500] {logging_mixin.py:137} INFO - [2023-01-12T08:24:48.544-0500] {dagbag.py:538} INFO - Filling up the DagBag from /Library/Frameworks/Python.framework/Versions/3.9/lib/python3.9/site-packages/airflow/example_dags/example_xcom.py
[2023-01-12T08:24:48.704-0500] {processor.py:753} INFO - DAG(s) dict_keys(['example_xcom']) retrieved from /Library/Frameworks/Python.framework/Versions/3.9/lib/python3.9/site-packages/airflow/example_dags/example_xcom.py
[2023-01-12T08:24:50.857-0500] {logging_mixin.py:137} INFO - [2023-01-12T08:24:50.856-0500] {dag.py:2676} INFO - Sync 1 DAGs
[2023-01-12T08:24:50.886-0500] {logging_mixin.py:137} INFO - [2023-01-12T08:24:50.885-0500] {dag.py:3423} INFO - Setting next_dagrun for example_xcom to 2021-01-01T00:00:00+00:00, run_after=2021-01-01T00:00:00+00:00
[2023-01-12T08:24:50.919-0500] {processor.py:175} INFO - Processing /Library/Frameworks/Python.framework/Versions/3.9/lib/python3.9/site-packages/airflow/example_dags/example_xcom.py took 2.387 seconds
