[2023-01-12T07:23:39.324-0500] {processor.py:153} INFO - Started process (PID=14995) to work on /Library/Frameworks/Python.framework/Versions/3.9/lib/python3.9/site-packages/airflow/example_dags/example_branch_operator_decorator.py
[2023-01-12T07:23:39.329-0500] {processor.py:743} INFO - Processing file /Library/Frameworks/Python.framework/Versions/3.9/lib/python3.9/site-packages/airflow/example_dags/example_branch_operator_decorator.py for tasks to queue
[2023-01-12T07:23:39.330-0500] {logging_mixin.py:137} INFO - [2023-01-12T07:23:39.330-0500] {dagbag.py:538} INFO - Filling up the DagBag from /Library/Frameworks/Python.framework/Versions/3.9/lib/python3.9/site-packages/airflow/example_dags/example_branch_operator_decorator.py
[2023-01-12T07:23:39.398-0500] {processor.py:753} INFO - DAG(s) dict_keys(['example_branch_python_operator_decorator']) retrieved from /Library/Frameworks/Python.framework/Versions/3.9/lib/python3.9/site-packages/airflow/example_dags/example_branch_operator_decorator.py
[2023-01-12T07:23:40.165-0500] {logging_mixin.py:137} INFO - [2023-01-12T07:23:40.164-0500] {dag.py:2676} INFO - Sync 1 DAGs
[2023-01-12T07:23:40.185-0500] {logging_mixin.py:137} INFO - [2023-01-12T07:23:40.185-0500] {dag.py:3423} INFO - Setting next_dagrun for example_branch_python_operator_decorator to 2023-01-11T00:00:00+00:00, run_after=2023-01-12T00:00:00+00:00
[2023-01-12T07:23:40.206-0500] {processor.py:175} INFO - Processing /Library/Frameworks/Python.framework/Versions/3.9/lib/python3.9/site-packages/airflow/example_dags/example_branch_operator_decorator.py took 0.883 seconds
[2023-01-12T07:27:23.128-0500] {processor.py:153} INFO - Started process (PID=15137) to work on /Library/Frameworks/Python.framework/Versions/3.9/lib/python3.9/site-packages/airflow/example_dags/example_branch_operator_decorator.py
[2023-01-12T07:27:23.139-0500] {processor.py:743} INFO - Processing file /Library/Frameworks/Python.framework/Versions/3.9/lib/python3.9/site-packages/airflow/example_dags/example_branch_operator_decorator.py for tasks to queue
[2023-01-12T07:27:23.140-0500] {logging_mixin.py:137} INFO - [2023-01-12T07:27:23.139-0500] {dagbag.py:538} INFO - Filling up the DagBag from /Library/Frameworks/Python.framework/Versions/3.9/lib/python3.9/site-packages/airflow/example_dags/example_branch_operator_decorator.py
[2023-01-12T07:27:23.195-0500] {processor.py:753} INFO - DAG(s) dict_keys(['example_branch_python_operator_decorator']) retrieved from /Library/Frameworks/Python.framework/Versions/3.9/lib/python3.9/site-packages/airflow/example_dags/example_branch_operator_decorator.py
[2023-01-12T07:27:23.841-0500] {logging_mixin.py:137} INFO - [2023-01-12T07:27:23.841-0500] {dag.py:2676} INFO - Sync 1 DAGs
[2023-01-12T07:27:23.859-0500] {logging_mixin.py:137} INFO - [2023-01-12T07:27:23.859-0500] {dag.py:3423} INFO - Setting next_dagrun for example_branch_python_operator_decorator to 2023-01-11T00:00:00+00:00, run_after=2023-01-12T00:00:00+00:00
[2023-01-12T07:27:23.879-0500] {processor.py:175} INFO - Processing /Library/Frameworks/Python.framework/Versions/3.9/lib/python3.9/site-packages/airflow/example_dags/example_branch_operator_decorator.py took 0.752 seconds
[2023-01-12T07:30:57.386-0500] {processor.py:153} INFO - Started process (PID=15328) to work on /Library/Frameworks/Python.framework/Versions/3.9/lib/python3.9/site-packages/airflow/example_dags/example_branch_operator_decorator.py
[2023-01-12T07:30:57.392-0500] {processor.py:743} INFO - Processing file /Library/Frameworks/Python.framework/Versions/3.9/lib/python3.9/site-packages/airflow/example_dags/example_branch_operator_decorator.py for tasks to queue
[2023-01-12T07:30:57.392-0500] {logging_mixin.py:137} INFO - [2023-01-12T07:30:57.392-0500] {dagbag.py:538} INFO - Filling up the DagBag from /Library/Frameworks/Python.framework/Versions/3.9/lib/python3.9/site-packages/airflow/example_dags/example_branch_operator_decorator.py
[2023-01-12T07:30:57.467-0500] {processor.py:753} INFO - DAG(s) dict_keys(['example_branch_python_operator_decorator']) retrieved from /Library/Frameworks/Python.framework/Versions/3.9/lib/python3.9/site-packages/airflow/example_dags/example_branch_operator_decorator.py
[2023-01-12T07:30:58.291-0500] {logging_mixin.py:137} INFO - [2023-01-12T07:30:58.290-0500] {dag.py:2676} INFO - Sync 1 DAGs
[2023-01-12T07:30:58.312-0500] {logging_mixin.py:137} INFO - [2023-01-12T07:30:58.312-0500] {dag.py:3423} INFO - Setting next_dagrun for example_branch_python_operator_decorator to 2023-01-11T00:00:00+00:00, run_after=2023-01-12T00:00:00+00:00
[2023-01-12T07:30:58.355-0500] {processor.py:175} INFO - Processing /Library/Frameworks/Python.framework/Versions/3.9/lib/python3.9/site-packages/airflow/example_dags/example_branch_operator_decorator.py took 0.970 seconds
[2023-01-12T07:34:31.589-0500] {processor.py:153} INFO - Started process (PID=15522) to work on /Library/Frameworks/Python.framework/Versions/3.9/lib/python3.9/site-packages/airflow/example_dags/example_branch_operator_decorator.py
[2023-01-12T07:34:31.595-0500] {processor.py:743} INFO - Processing file /Library/Frameworks/Python.framework/Versions/3.9/lib/python3.9/site-packages/airflow/example_dags/example_branch_operator_decorator.py for tasks to queue
[2023-01-12T07:34:31.596-0500] {logging_mixin.py:137} INFO - [2023-01-12T07:34:31.596-0500] {dagbag.py:538} INFO - Filling up the DagBag from /Library/Frameworks/Python.framework/Versions/3.9/lib/python3.9/site-packages/airflow/example_dags/example_branch_operator_decorator.py
[2023-01-12T07:34:31.770-0500] {processor.py:753} INFO - DAG(s) dict_keys(['example_branch_python_operator_decorator']) retrieved from /Library/Frameworks/Python.framework/Versions/3.9/lib/python3.9/site-packages/airflow/example_dags/example_branch_operator_decorator.py
[2023-01-12T07:34:32.595-0500] {logging_mixin.py:137} INFO - [2023-01-12T07:34:32.595-0500] {dag.py:2676} INFO - Sync 1 DAGs
[2023-01-12T07:34:32.615-0500] {logging_mixin.py:137} INFO - [2023-01-12T07:34:32.615-0500] {dag.py:3423} INFO - Setting next_dagrun for example_branch_python_operator_decorator to 2023-01-11T00:00:00+00:00, run_after=2023-01-12T00:00:00+00:00
[2023-01-12T07:34:32.635-0500] {processor.py:175} INFO - Processing /Library/Frameworks/Python.framework/Versions/3.9/lib/python3.9/site-packages/airflow/example_dags/example_branch_operator_decorator.py took 1.047 seconds
[2023-01-12T07:38:07.325-0500] {processor.py:153} INFO - Started process (PID=15599) to work on /Library/Frameworks/Python.framework/Versions/3.9/lib/python3.9/site-packages/airflow/example_dags/example_branch_operator_decorator.py
[2023-01-12T07:38:07.333-0500] {processor.py:743} INFO - Processing file /Library/Frameworks/Python.framework/Versions/3.9/lib/python3.9/site-packages/airflow/example_dags/example_branch_operator_decorator.py for tasks to queue
[2023-01-12T07:38:07.334-0500] {logging_mixin.py:137} INFO - [2023-01-12T07:38:07.334-0500] {dagbag.py:538} INFO - Filling up the DagBag from /Library/Frameworks/Python.framework/Versions/3.9/lib/python3.9/site-packages/airflow/example_dags/example_branch_operator_decorator.py
[2023-01-12T07:38:07.409-0500] {processor.py:753} INFO - DAG(s) dict_keys(['example_branch_python_operator_decorator']) retrieved from /Library/Frameworks/Python.framework/Versions/3.9/lib/python3.9/site-packages/airflow/example_dags/example_branch_operator_decorator.py
[2023-01-12T07:38:08.235-0500] {logging_mixin.py:137} INFO - [2023-01-12T07:38:08.234-0500] {dag.py:2676} INFO - Sync 1 DAGs
[2023-01-12T07:38:08.258-0500] {logging_mixin.py:137} INFO - [2023-01-12T07:38:08.258-0500] {dag.py:3423} INFO - Setting next_dagrun for example_branch_python_operator_decorator to 2023-01-11T00:00:00+00:00, run_after=2023-01-12T00:00:00+00:00
[2023-01-12T07:38:08.282-0500] {processor.py:175} INFO - Processing /Library/Frameworks/Python.framework/Versions/3.9/lib/python3.9/site-packages/airflow/example_dags/example_branch_operator_decorator.py took 0.958 seconds
[2023-01-12T07:42:09.359-0500] {processor.py:153} INFO - Started process (PID=15778) to work on /Library/Frameworks/Python.framework/Versions/3.9/lib/python3.9/site-packages/airflow/example_dags/example_branch_operator_decorator.py
[2023-01-12T07:42:09.366-0500] {processor.py:743} INFO - Processing file /Library/Frameworks/Python.framework/Versions/3.9/lib/python3.9/site-packages/airflow/example_dags/example_branch_operator_decorator.py for tasks to queue
[2023-01-12T07:42:09.367-0500] {logging_mixin.py:137} INFO - [2023-01-12T07:42:09.367-0500] {dagbag.py:538} INFO - Filling up the DagBag from /Library/Frameworks/Python.framework/Versions/3.9/lib/python3.9/site-packages/airflow/example_dags/example_branch_operator_decorator.py
[2023-01-12T07:42:09.439-0500] {processor.py:753} INFO - DAG(s) dict_keys(['example_branch_python_operator_decorator']) retrieved from /Library/Frameworks/Python.framework/Versions/3.9/lib/python3.9/site-packages/airflow/example_dags/example_branch_operator_decorator.py
[2023-01-12T07:42:10.223-0500] {logging_mixin.py:137} INFO - [2023-01-12T07:42:10.222-0500] {dag.py:2676} INFO - Sync 1 DAGs
[2023-01-12T07:42:10.245-0500] {logging_mixin.py:137} INFO - [2023-01-12T07:42:10.245-0500] {dag.py:3423} INFO - Setting next_dagrun for example_branch_python_operator_decorator to 2023-01-11T00:00:00+00:00, run_after=2023-01-12T00:00:00+00:00
[2023-01-12T07:42:10.269-0500] {processor.py:175} INFO - Processing /Library/Frameworks/Python.framework/Versions/3.9/lib/python3.9/site-packages/airflow/example_dags/example_branch_operator_decorator.py took 0.912 seconds
[2023-01-12T07:46:07.754-0500] {processor.py:153} INFO - Started process (PID=15884) to work on /Library/Frameworks/Python.framework/Versions/3.9/lib/python3.9/site-packages/airflow/example_dags/example_branch_operator_decorator.py
[2023-01-12T07:46:07.759-0500] {processor.py:743} INFO - Processing file /Library/Frameworks/Python.framework/Versions/3.9/lib/python3.9/site-packages/airflow/example_dags/example_branch_operator_decorator.py for tasks to queue
[2023-01-12T07:46:07.760-0500] {logging_mixin.py:137} INFO - [2023-01-12T07:46:07.760-0500] {dagbag.py:538} INFO - Filling up the DagBag from /Library/Frameworks/Python.framework/Versions/3.9/lib/python3.9/site-packages/airflow/example_dags/example_branch_operator_decorator.py
[2023-01-12T07:46:07.827-0500] {processor.py:753} INFO - DAG(s) dict_keys(['example_branch_python_operator_decorator']) retrieved from /Library/Frameworks/Python.framework/Versions/3.9/lib/python3.9/site-packages/airflow/example_dags/example_branch_operator_decorator.py
[2023-01-12T07:46:08.601-0500] {logging_mixin.py:137} INFO - [2023-01-12T07:46:08.600-0500] {dag.py:2676} INFO - Sync 1 DAGs
[2023-01-12T07:46:08.628-0500] {logging_mixin.py:137} INFO - [2023-01-12T07:46:08.627-0500] {dag.py:3423} INFO - Setting next_dagrun for example_branch_python_operator_decorator to 2023-01-11T00:00:00+00:00, run_after=2023-01-12T00:00:00+00:00
[2023-01-12T07:46:08.669-0500] {processor.py:175} INFO - Processing /Library/Frameworks/Python.framework/Versions/3.9/lib/python3.9/site-packages/airflow/example_dags/example_branch_operator_decorator.py took 0.916 seconds
[2023-01-12T07:49:49.474-0500] {processor.py:153} INFO - Started process (PID=16043) to work on /Library/Frameworks/Python.framework/Versions/3.9/lib/python3.9/site-packages/airflow/example_dags/example_branch_operator_decorator.py
[2023-01-12T07:49:49.482-0500] {processor.py:743} INFO - Processing file /Library/Frameworks/Python.framework/Versions/3.9/lib/python3.9/site-packages/airflow/example_dags/example_branch_operator_decorator.py for tasks to queue
[2023-01-12T07:49:49.482-0500] {logging_mixin.py:137} INFO - [2023-01-12T07:49:49.482-0500] {dagbag.py:538} INFO - Filling up the DagBag from /Library/Frameworks/Python.framework/Versions/3.9/lib/python3.9/site-packages/airflow/example_dags/example_branch_operator_decorator.py
[2023-01-12T07:49:49.565-0500] {processor.py:753} INFO - DAG(s) dict_keys(['example_branch_python_operator_decorator']) retrieved from /Library/Frameworks/Python.framework/Versions/3.9/lib/python3.9/site-packages/airflow/example_dags/example_branch_operator_decorator.py
[2023-01-12T07:49:50.615-0500] {logging_mixin.py:137} INFO - [2023-01-12T07:49:50.615-0500] {dag.py:2676} INFO - Sync 1 DAGs
[2023-01-12T07:49:50.643-0500] {logging_mixin.py:137} INFO - [2023-01-12T07:49:50.642-0500] {dag.py:3423} INFO - Setting next_dagrun for example_branch_python_operator_decorator to 2023-01-11T00:00:00+00:00, run_after=2023-01-12T00:00:00+00:00
[2023-01-12T07:49:50.669-0500] {processor.py:175} INFO - Processing /Library/Frameworks/Python.framework/Versions/3.9/lib/python3.9/site-packages/airflow/example_dags/example_branch_operator_decorator.py took 1.197 seconds
[2023-01-12T07:53:56.189-0500] {processor.py:153} INFO - Started process (PID=16146) to work on /Library/Frameworks/Python.framework/Versions/3.9/lib/python3.9/site-packages/airflow/example_dags/example_branch_operator_decorator.py
[2023-01-12T07:53:56.196-0500] {processor.py:743} INFO - Processing file /Library/Frameworks/Python.framework/Versions/3.9/lib/python3.9/site-packages/airflow/example_dags/example_branch_operator_decorator.py for tasks to queue
[2023-01-12T07:53:56.197-0500] {logging_mixin.py:137} INFO - [2023-01-12T07:53:56.196-0500] {dagbag.py:538} INFO - Filling up the DagBag from /Library/Frameworks/Python.framework/Versions/3.9/lib/python3.9/site-packages/airflow/example_dags/example_branch_operator_decorator.py
[2023-01-12T07:53:56.261-0500] {processor.py:753} INFO - DAG(s) dict_keys(['example_branch_python_operator_decorator']) retrieved from /Library/Frameworks/Python.framework/Versions/3.9/lib/python3.9/site-packages/airflow/example_dags/example_branch_operator_decorator.py
[2023-01-12T07:53:56.982-0500] {logging_mixin.py:137} INFO - [2023-01-12T07:53:56.981-0500] {dag.py:2676} INFO - Sync 1 DAGs
[2023-01-12T07:53:57.002-0500] {logging_mixin.py:137} INFO - [2023-01-12T07:53:57.002-0500] {dag.py:3423} INFO - Setting next_dagrun for example_branch_python_operator_decorator to 2023-01-11T00:00:00+00:00, run_after=2023-01-12T00:00:00+00:00
[2023-01-12T07:53:57.024-0500] {processor.py:175} INFO - Processing /Library/Frameworks/Python.framework/Versions/3.9/lib/python3.9/site-packages/airflow/example_dags/example_branch_operator_decorator.py took 0.836 seconds
[2023-01-12T07:57:57.963-0500] {processor.py:153} INFO - Started process (PID=16350) to work on /Library/Frameworks/Python.framework/Versions/3.9/lib/python3.9/site-packages/airflow/example_dags/example_branch_operator_decorator.py
[2023-01-12T07:57:57.969-0500] {processor.py:743} INFO - Processing file /Library/Frameworks/Python.framework/Versions/3.9/lib/python3.9/site-packages/airflow/example_dags/example_branch_operator_decorator.py for tasks to queue
[2023-01-12T07:57:57.969-0500] {logging_mixin.py:137} INFO - [2023-01-12T07:57:57.969-0500] {dagbag.py:538} INFO - Filling up the DagBag from /Library/Frameworks/Python.framework/Versions/3.9/lib/python3.9/site-packages/airflow/example_dags/example_branch_operator_decorator.py
[2023-01-12T07:57:58.028-0500] {processor.py:753} INFO - DAG(s) dict_keys(['example_branch_python_operator_decorator']) retrieved from /Library/Frameworks/Python.framework/Versions/3.9/lib/python3.9/site-packages/airflow/example_dags/example_branch_operator_decorator.py
[2023-01-12T07:57:58.706-0500] {logging_mixin.py:137} INFO - [2023-01-12T07:57:58.706-0500] {dag.py:2676} INFO - Sync 1 DAGs
[2023-01-12T07:57:58.725-0500] {logging_mixin.py:137} INFO - [2023-01-12T07:57:58.725-0500] {dag.py:3423} INFO - Setting next_dagrun for example_branch_python_operator_decorator to 2023-01-11T00:00:00+00:00, run_after=2023-01-12T00:00:00+00:00
[2023-01-12T07:57:58.746-0500] {processor.py:175} INFO - Processing /Library/Frameworks/Python.framework/Versions/3.9/lib/python3.9/site-packages/airflow/example_dags/example_branch_operator_decorator.py took 0.784 seconds
[2023-01-12T08:02:36.497-0500] {processor.py:153} INFO - Started process (PID=16510) to work on /Library/Frameworks/Python.framework/Versions/3.9/lib/python3.9/site-packages/airflow/example_dags/example_branch_operator_decorator.py
[2023-01-12T08:02:36.508-0500] {processor.py:743} INFO - Processing file /Library/Frameworks/Python.framework/Versions/3.9/lib/python3.9/site-packages/airflow/example_dags/example_branch_operator_decorator.py for tasks to queue
[2023-01-12T08:02:36.510-0500] {logging_mixin.py:137} INFO - [2023-01-12T08:02:36.509-0500] {dagbag.py:538} INFO - Filling up the DagBag from /Library/Frameworks/Python.framework/Versions/3.9/lib/python3.9/site-packages/airflow/example_dags/example_branch_operator_decorator.py
[2023-01-12T08:02:36.622-0500] {processor.py:753} INFO - DAG(s) dict_keys(['example_branch_python_operator_decorator']) retrieved from /Library/Frameworks/Python.framework/Versions/3.9/lib/python3.9/site-packages/airflow/example_dags/example_branch_operator_decorator.py
[2023-01-12T08:02:38.003-0500] {logging_mixin.py:137} INFO - [2023-01-12T08:02:38.002-0500] {dag.py:2676} INFO - Sync 1 DAGs
[2023-01-12T08:02:38.046-0500] {logging_mixin.py:137} INFO - [2023-01-12T08:02:38.046-0500] {dag.py:3423} INFO - Setting next_dagrun for example_branch_python_operator_decorator to 2023-01-11T00:00:00+00:00, run_after=2023-01-12T00:00:00+00:00
[2023-01-12T08:02:38.088-0500] {processor.py:175} INFO - Processing /Library/Frameworks/Python.framework/Versions/3.9/lib/python3.9/site-packages/airflow/example_dags/example_branch_operator_decorator.py took 1.592 seconds
[2023-01-12T08:10:51.895-0500] {processor.py:153} INFO - Started process (PID=16771) to work on /Library/Frameworks/Python.framework/Versions/3.9/lib/python3.9/site-packages/airflow/example_dags/example_branch_operator_decorator.py
[2023-01-12T08:10:51.907-0500] {processor.py:743} INFO - Processing file /Library/Frameworks/Python.framework/Versions/3.9/lib/python3.9/site-packages/airflow/example_dags/example_branch_operator_decorator.py for tasks to queue
[2023-01-12T08:10:51.908-0500] {logging_mixin.py:137} INFO - [2023-01-12T08:10:51.908-0500] {dagbag.py:538} INFO - Filling up the DagBag from /Library/Frameworks/Python.framework/Versions/3.9/lib/python3.9/site-packages/airflow/example_dags/example_branch_operator_decorator.py
[2023-01-12T08:10:52.035-0500] {processor.py:753} INFO - DAG(s) dict_keys(['example_branch_python_operator_decorator']) retrieved from /Library/Frameworks/Python.framework/Versions/3.9/lib/python3.9/site-packages/airflow/example_dags/example_branch_operator_decorator.py
[2023-01-12T08:10:53.288-0500] {logging_mixin.py:137} INFO - [2023-01-12T08:10:53.288-0500] {dag.py:2676} INFO - Sync 1 DAGs
[2023-01-12T08:10:53.325-0500] {logging_mixin.py:137} INFO - [2023-01-12T08:10:53.325-0500] {dag.py:3423} INFO - Setting next_dagrun for example_branch_python_operator_decorator to 2023-01-11T00:00:00+00:00, run_after=2023-01-12T00:00:00+00:00
[2023-01-12T08:10:53.363-0500] {processor.py:175} INFO - Processing /Library/Frameworks/Python.framework/Versions/3.9/lib/python3.9/site-packages/airflow/example_dags/example_branch_operator_decorator.py took 1.469 seconds
[2023-01-12T08:27:47.926-0500] {processor.py:153} INFO - Started process (PID=17491) to work on /Library/Frameworks/Python.framework/Versions/3.9/lib/python3.9/site-packages/airflow/example_dags/example_branch_operator_decorator.py
[2023-01-12T08:27:47.936-0500] {processor.py:743} INFO - Processing file /Library/Frameworks/Python.framework/Versions/3.9/lib/python3.9/site-packages/airflow/example_dags/example_branch_operator_decorator.py for tasks to queue
[2023-01-12T08:27:47.937-0500] {logging_mixin.py:137} INFO - [2023-01-12T08:27:47.937-0500] {dagbag.py:538} INFO - Filling up the DagBag from /Library/Frameworks/Python.framework/Versions/3.9/lib/python3.9/site-packages/airflow/example_dags/example_branch_operator_decorator.py
[2023-01-12T08:27:48.033-0500] {processor.py:753} INFO - DAG(s) dict_keys(['example_branch_python_operator_decorator']) retrieved from /Library/Frameworks/Python.framework/Versions/3.9/lib/python3.9/site-packages/airflow/example_dags/example_branch_operator_decorator.py
[2023-01-12T08:27:49.056-0500] {logging_mixin.py:137} INFO - [2023-01-12T08:27:49.055-0500] {dag.py:2676} INFO - Sync 1 DAGs
[2023-01-12T08:27:49.087-0500] {logging_mixin.py:137} INFO - [2023-01-12T08:27:49.086-0500] {dag.py:3423} INFO - Setting next_dagrun for example_branch_python_operator_decorator to 2023-01-11T00:00:00+00:00, run_after=2023-01-12T00:00:00+00:00
[2023-01-12T08:27:49.122-0500] {processor.py:175} INFO - Processing /Library/Frameworks/Python.framework/Versions/3.9/lib/python3.9/site-packages/airflow/example_dags/example_branch_operator_decorator.py took 1.198 seconds
