[2023-01-12T06:01:39.064-0500] {processor.py:153} INFO - Started process (PID=14815) to work on /Library/Frameworks/Python.framework/Versions/3.9/lib/python3.9/site-packages/airflow/example_dags/example_trigger_controller_dag.py
[2023-01-12T06:01:39.068-0500] {processor.py:743} INFO - Processing file /Library/Frameworks/Python.framework/Versions/3.9/lib/python3.9/site-packages/airflow/example_dags/example_trigger_controller_dag.py for tasks to queue
[2023-01-12T06:01:39.069-0500] {logging_mixin.py:137} INFO - [2023-01-12T06:01:39.069-0500] {dagbag.py:538} INFO - Filling up the DagBag from /Library/Frameworks/Python.framework/Versions/3.9/lib/python3.9/site-packages/airflow/example_dags/example_trigger_controller_dag.py
[2023-01-12T06:01:39.096-0500] {processor.py:753} INFO - DAG(s) dict_keys(['example_trigger_controller_dag']) retrieved from /Library/Frameworks/Python.framework/Versions/3.9/lib/python3.9/site-packages/airflow/example_dags/example_trigger_controller_dag.py
[2023-01-12T06:01:39.677-0500] {logging_mixin.py:137} INFO - [2023-01-12T06:01:39.676-0500] {dag.py:2676} INFO - Sync 1 DAGs
[2023-01-12T06:01:39.692-0500] {logging_mixin.py:137} INFO - [2023-01-12T06:01:39.692-0500] {dag.py:3423} INFO - Setting next_dagrun for example_trigger_controller_dag to 2021-01-01T00:00:00+00:00, run_after=2021-01-01T00:00:00+00:00
[2023-01-12T06:01:39.711-0500] {processor.py:175} INFO - Processing /Library/Frameworks/Python.framework/Versions/3.9/lib/python3.9/site-packages/airflow/example_dags/example_trigger_controller_dag.py took 0.648 seconds
[2023-01-12T07:24:31.394-0500] {processor.py:153} INFO - Started process (PID=15031) to work on /Library/Frameworks/Python.framework/Versions/3.9/lib/python3.9/site-packages/airflow/example_dags/example_trigger_controller_dag.py
[2023-01-12T07:24:31.400-0500] {processor.py:743} INFO - Processing file /Library/Frameworks/Python.framework/Versions/3.9/lib/python3.9/site-packages/airflow/example_dags/example_trigger_controller_dag.py for tasks to queue
[2023-01-12T07:24:31.401-0500] {logging_mixin.py:137} INFO - [2023-01-12T07:24:31.400-0500] {dagbag.py:538} INFO - Filling up the DagBag from /Library/Frameworks/Python.framework/Versions/3.9/lib/python3.9/site-packages/airflow/example_dags/example_trigger_controller_dag.py
[2023-01-12T07:24:31.434-0500] {processor.py:753} INFO - DAG(s) dict_keys(['example_trigger_controller_dag']) retrieved from /Library/Frameworks/Python.framework/Versions/3.9/lib/python3.9/site-packages/airflow/example_dags/example_trigger_controller_dag.py
[2023-01-12T07:24:32.062-0500] {logging_mixin.py:137} INFO - [2023-01-12T07:24:32.062-0500] {dag.py:2676} INFO - Sync 1 DAGs
[2023-01-12T07:24:32.099-0500] {logging_mixin.py:137} INFO - [2023-01-12T07:24:32.099-0500] {dag.py:3423} INFO - Setting next_dagrun for example_trigger_controller_dag to 2021-01-01T00:00:00+00:00, run_after=2021-01-01T00:00:00+00:00
[2023-01-12T07:24:32.120-0500] {processor.py:175} INFO - Processing /Library/Frameworks/Python.framework/Versions/3.9/lib/python3.9/site-packages/airflow/example_dags/example_trigger_controller_dag.py took 0.726 seconds
[2023-01-12T07:26:26.583-0500] {processor.py:153} INFO - Started process (PID=15113) to work on /Library/Frameworks/Python.framework/Versions/3.9/lib/python3.9/site-packages/airflow/example_dags/example_trigger_controller_dag.py
[2023-01-12T07:26:26.589-0500] {processor.py:743} INFO - Processing file /Library/Frameworks/Python.framework/Versions/3.9/lib/python3.9/site-packages/airflow/example_dags/example_trigger_controller_dag.py for tasks to queue
[2023-01-12T07:26:26.590-0500] {logging_mixin.py:137} INFO - [2023-01-12T07:26:26.589-0500] {dagbag.py:538} INFO - Filling up the DagBag from /Library/Frameworks/Python.framework/Versions/3.9/lib/python3.9/site-packages/airflow/example_dags/example_trigger_controller_dag.py
[2023-01-12T07:26:26.641-0500] {processor.py:753} INFO - DAG(s) dict_keys(['example_trigger_controller_dag']) retrieved from /Library/Frameworks/Python.framework/Versions/3.9/lib/python3.9/site-packages/airflow/example_dags/example_trigger_controller_dag.py
[2023-01-12T07:26:27.995-0500] {logging_mixin.py:137} INFO - [2023-01-12T07:26:27.995-0500] {dag.py:2676} INFO - Sync 1 DAGs
[2023-01-12T07:26:28.016-0500] {logging_mixin.py:137} INFO - [2023-01-12T07:26:28.016-0500] {dag.py:3423} INFO - Setting next_dagrun for example_trigger_controller_dag to 2021-01-01T00:00:00+00:00, run_after=2021-01-01T00:00:00+00:00
[2023-01-12T07:26:28.076-0500] {processor.py:175} INFO - Processing /Library/Frameworks/Python.framework/Versions/3.9/lib/python3.9/site-packages/airflow/example_dags/example_trigger_controller_dag.py took 1.493 seconds
[2023-01-12T07:28:11.313-0500] {processor.py:153} INFO - Started process (PID=15159) to work on /Library/Frameworks/Python.framework/Versions/3.9/lib/python3.9/site-packages/airflow/example_dags/example_trigger_controller_dag.py
[2023-01-12T07:28:11.318-0500] {processor.py:743} INFO - Processing file /Library/Frameworks/Python.framework/Versions/3.9/lib/python3.9/site-packages/airflow/example_dags/example_trigger_controller_dag.py for tasks to queue
[2023-01-12T07:28:11.319-0500] {logging_mixin.py:137} INFO - [2023-01-12T07:28:11.319-0500] {dagbag.py:538} INFO - Filling up the DagBag from /Library/Frameworks/Python.framework/Versions/3.9/lib/python3.9/site-packages/airflow/example_dags/example_trigger_controller_dag.py
[2023-01-12T07:28:11.346-0500] {processor.py:753} INFO - DAG(s) dict_keys(['example_trigger_controller_dag']) retrieved from /Library/Frameworks/Python.framework/Versions/3.9/lib/python3.9/site-packages/airflow/example_dags/example_trigger_controller_dag.py
[2023-01-12T07:28:11.981-0500] {logging_mixin.py:137} INFO - [2023-01-12T07:28:11.981-0500] {dag.py:2676} INFO - Sync 1 DAGs
[2023-01-12T07:28:12.000-0500] {logging_mixin.py:137} INFO - [2023-01-12T07:28:11.999-0500] {dag.py:3423} INFO - Setting next_dagrun for example_trigger_controller_dag to 2021-01-01T00:00:00+00:00, run_after=2021-01-01T00:00:00+00:00
[2023-01-12T07:28:12.019-0500] {processor.py:175} INFO - Processing /Library/Frameworks/Python.framework/Versions/3.9/lib/python3.9/site-packages/airflow/example_dags/example_trigger_controller_dag.py took 0.707 seconds
[2023-01-12T07:29:57.041-0500] {processor.py:153} INFO - Started process (PID=15259) to work on /Library/Frameworks/Python.framework/Versions/3.9/lib/python3.9/site-packages/airflow/example_dags/example_trigger_controller_dag.py
[2023-01-12T07:29:57.048-0500] {processor.py:743} INFO - Processing file /Library/Frameworks/Python.framework/Versions/3.9/lib/python3.9/site-packages/airflow/example_dags/example_trigger_controller_dag.py for tasks to queue
[2023-01-12T07:29:57.049-0500] {logging_mixin.py:137} INFO - [2023-01-12T07:29:57.049-0500] {dagbag.py:538} INFO - Filling up the DagBag from /Library/Frameworks/Python.framework/Versions/3.9/lib/python3.9/site-packages/airflow/example_dags/example_trigger_controller_dag.py
[2023-01-12T07:29:57.118-0500] {processor.py:753} INFO - DAG(s) dict_keys(['example_trigger_controller_dag']) retrieved from /Library/Frameworks/Python.framework/Versions/3.9/lib/python3.9/site-packages/airflow/example_dags/example_trigger_controller_dag.py
[2023-01-12T07:29:57.980-0500] {logging_mixin.py:137} INFO - [2023-01-12T07:29:57.979-0500] {dag.py:2676} INFO - Sync 1 DAGs
[2023-01-12T07:30:00.896-0500] {logging_mixin.py:137} INFO - [2023-01-12T07:30:00.896-0500] {dag.py:3423} INFO - Setting next_dagrun for example_trigger_controller_dag to 2021-01-01T00:00:00+00:00, run_after=2021-01-01T00:00:00+00:00
[2023-01-12T07:30:01.063-0500] {processor.py:175} INFO - Processing /Library/Frameworks/Python.framework/Versions/3.9/lib/python3.9/site-packages/airflow/example_dags/example_trigger_controller_dag.py took 4.023 seconds
[2023-01-12T07:31:46.824-0500] {processor.py:153} INFO - Started process (PID=15448) to work on /Library/Frameworks/Python.framework/Versions/3.9/lib/python3.9/site-packages/airflow/example_dags/example_trigger_controller_dag.py
[2023-01-12T07:31:46.829-0500] {processor.py:743} INFO - Processing file /Library/Frameworks/Python.framework/Versions/3.9/lib/python3.9/site-packages/airflow/example_dags/example_trigger_controller_dag.py for tasks to queue
[2023-01-12T07:31:46.830-0500] {logging_mixin.py:137} INFO - [2023-01-12T07:31:46.830-0500] {dagbag.py:538} INFO - Filling up the DagBag from /Library/Frameworks/Python.framework/Versions/3.9/lib/python3.9/site-packages/airflow/example_dags/example_trigger_controller_dag.py
[2023-01-12T07:31:46.861-0500] {processor.py:753} INFO - DAG(s) dict_keys(['example_trigger_controller_dag']) retrieved from /Library/Frameworks/Python.framework/Versions/3.9/lib/python3.9/site-packages/airflow/example_dags/example_trigger_controller_dag.py
[2023-01-12T07:31:47.491-0500] {logging_mixin.py:137} INFO - [2023-01-12T07:31:47.491-0500] {dag.py:2676} INFO - Sync 1 DAGs
[2023-01-12T07:31:47.508-0500] {logging_mixin.py:137} INFO - [2023-01-12T07:31:47.507-0500] {dag.py:3423} INFO - Setting next_dagrun for example_trigger_controller_dag to 2021-01-01T00:00:00+00:00, run_after=2021-01-01T00:00:00+00:00
[2023-01-12T07:31:47.528-0500] {processor.py:175} INFO - Processing /Library/Frameworks/Python.framework/Versions/3.9/lib/python3.9/site-packages/airflow/example_dags/example_trigger_controller_dag.py took 0.705 seconds
[2023-01-12T07:33:34.160-0500] {processor.py:153} INFO - Started process (PID=15499) to work on /Library/Frameworks/Python.framework/Versions/3.9/lib/python3.9/site-packages/airflow/example_dags/example_trigger_controller_dag.py
[2023-01-12T07:33:34.166-0500] {processor.py:743} INFO - Processing file /Library/Frameworks/Python.framework/Versions/3.9/lib/python3.9/site-packages/airflow/example_dags/example_trigger_controller_dag.py for tasks to queue
[2023-01-12T07:33:34.167-0500] {logging_mixin.py:137} INFO - [2023-01-12T07:33:34.167-0500] {dagbag.py:538} INFO - Filling up the DagBag from /Library/Frameworks/Python.framework/Versions/3.9/lib/python3.9/site-packages/airflow/example_dags/example_trigger_controller_dag.py
[2023-01-12T07:33:34.202-0500] {processor.py:753} INFO - DAG(s) dict_keys(['example_trigger_controller_dag']) retrieved from /Library/Frameworks/Python.framework/Versions/3.9/lib/python3.9/site-packages/airflow/example_dags/example_trigger_controller_dag.py
[2023-01-12T07:33:34.991-0500] {logging_mixin.py:137} INFO - [2023-01-12T07:33:34.991-0500] {dag.py:2676} INFO - Sync 1 DAGs
[2023-01-12T07:33:35.007-0500] {logging_mixin.py:137} INFO - [2023-01-12T07:33:35.007-0500] {dag.py:3423} INFO - Setting next_dagrun for example_trigger_controller_dag to 2021-01-01T00:00:00+00:00, run_after=2021-01-01T00:00:00+00:00
[2023-01-12T07:33:35.027-0500] {processor.py:175} INFO - Processing /Library/Frameworks/Python.framework/Versions/3.9/lib/python3.9/site-packages/airflow/example_dags/example_trigger_controller_dag.py took 0.868 seconds
[2023-01-12T07:35:21.891-0500] {processor.py:153} INFO - Started process (PID=15551) to work on /Library/Frameworks/Python.framework/Versions/3.9/lib/python3.9/site-packages/airflow/example_dags/example_trigger_controller_dag.py
[2023-01-12T07:35:21.897-0500] {processor.py:743} INFO - Processing file /Library/Frameworks/Python.framework/Versions/3.9/lib/python3.9/site-packages/airflow/example_dags/example_trigger_controller_dag.py for tasks to queue
[2023-01-12T07:35:21.898-0500] {logging_mixin.py:137} INFO - [2023-01-12T07:35:21.898-0500] {dagbag.py:538} INFO - Filling up the DagBag from /Library/Frameworks/Python.framework/Versions/3.9/lib/python3.9/site-packages/airflow/example_dags/example_trigger_controller_dag.py
[2023-01-12T07:35:21.935-0500] {processor.py:753} INFO - DAG(s) dict_keys(['example_trigger_controller_dag']) retrieved from /Library/Frameworks/Python.framework/Versions/3.9/lib/python3.9/site-packages/airflow/example_dags/example_trigger_controller_dag.py
[2023-01-12T07:35:22.852-0500] {logging_mixin.py:137} INFO - [2023-01-12T07:35:22.852-0500] {dag.py:2676} INFO - Sync 1 DAGs
[2023-01-12T07:35:22.868-0500] {logging_mixin.py:137} INFO - [2023-01-12T07:35:22.868-0500] {dag.py:3423} INFO - Setting next_dagrun for example_trigger_controller_dag to 2021-01-01T00:00:00+00:00, run_after=2021-01-01T00:00:00+00:00
[2023-01-12T07:35:22.886-0500] {processor.py:175} INFO - Processing /Library/Frameworks/Python.framework/Versions/3.9/lib/python3.9/site-packages/airflow/example_dags/example_trigger_controller_dag.py took 0.996 seconds
[2023-01-12T07:37:09.122-0500] {processor.py:153} INFO - Started process (PID=15582) to work on /Library/Frameworks/Python.framework/Versions/3.9/lib/python3.9/site-packages/airflow/example_dags/example_trigger_controller_dag.py
[2023-01-12T07:37:09.127-0500] {processor.py:743} INFO - Processing file /Library/Frameworks/Python.framework/Versions/3.9/lib/python3.9/site-packages/airflow/example_dags/example_trigger_controller_dag.py for tasks to queue
[2023-01-12T07:37:09.128-0500] {logging_mixin.py:137} INFO - [2023-01-12T07:37:09.128-0500] {dagbag.py:538} INFO - Filling up the DagBag from /Library/Frameworks/Python.framework/Versions/3.9/lib/python3.9/site-packages/airflow/example_dags/example_trigger_controller_dag.py
[2023-01-12T07:37:09.160-0500] {processor.py:753} INFO - DAG(s) dict_keys(['example_trigger_controller_dag']) retrieved from /Library/Frameworks/Python.framework/Versions/3.9/lib/python3.9/site-packages/airflow/example_dags/example_trigger_controller_dag.py
[2023-01-12T07:37:09.842-0500] {logging_mixin.py:137} INFO - [2023-01-12T07:37:09.842-0500] {dag.py:2676} INFO - Sync 1 DAGs
[2023-01-12T07:37:09.859-0500] {logging_mixin.py:137} INFO - [2023-01-12T07:37:09.859-0500] {dag.py:3423} INFO - Setting next_dagrun for example_trigger_controller_dag to 2021-01-01T00:00:00+00:00, run_after=2021-01-01T00:00:00+00:00
[2023-01-12T07:37:09.881-0500] {processor.py:175} INFO - Processing /Library/Frameworks/Python.framework/Versions/3.9/lib/python3.9/site-packages/airflow/example_dags/example_trigger_controller_dag.py took 0.760 seconds
[2023-01-12T07:38:57.718-0500] {processor.py:153} INFO - Started process (PID=15631) to work on /Library/Frameworks/Python.framework/Versions/3.9/lib/python3.9/site-packages/airflow/example_dags/example_trigger_controller_dag.py
[2023-01-12T07:38:57.724-0500] {processor.py:743} INFO - Processing file /Library/Frameworks/Python.framework/Versions/3.9/lib/python3.9/site-packages/airflow/example_dags/example_trigger_controller_dag.py for tasks to queue
[2023-01-12T07:38:57.725-0500] {logging_mixin.py:137} INFO - [2023-01-12T07:38:57.725-0500] {dagbag.py:538} INFO - Filling up the DagBag from /Library/Frameworks/Python.framework/Versions/3.9/lib/python3.9/site-packages/airflow/example_dags/example_trigger_controller_dag.py
[2023-01-12T07:38:57.754-0500] {processor.py:753} INFO - DAG(s) dict_keys(['example_trigger_controller_dag']) retrieved from /Library/Frameworks/Python.framework/Versions/3.9/lib/python3.9/site-packages/airflow/example_dags/example_trigger_controller_dag.py
[2023-01-12T07:38:58.378-0500] {logging_mixin.py:137} INFO - [2023-01-12T07:38:58.377-0500] {dag.py:2676} INFO - Sync 1 DAGs
[2023-01-12T07:38:58.392-0500] {logging_mixin.py:137} INFO - [2023-01-12T07:38:58.392-0500] {dag.py:3423} INFO - Setting next_dagrun for example_trigger_controller_dag to 2021-01-01T00:00:00+00:00, run_after=2021-01-01T00:00:00+00:00
[2023-01-12T07:38:58.413-0500] {processor.py:175} INFO - Processing /Library/Frameworks/Python.framework/Versions/3.9/lib/python3.9/site-packages/airflow/example_dags/example_trigger_controller_dag.py took 0.696 seconds
[2023-01-12T07:41:00.427-0500] {processor.py:153} INFO - Started process (PID=15751) to work on /Library/Frameworks/Python.framework/Versions/3.9/lib/python3.9/site-packages/airflow/example_dags/example_trigger_controller_dag.py
[2023-01-12T07:41:00.434-0500] {processor.py:743} INFO - Processing file /Library/Frameworks/Python.framework/Versions/3.9/lib/python3.9/site-packages/airflow/example_dags/example_trigger_controller_dag.py for tasks to queue
[2023-01-12T07:41:00.435-0500] {logging_mixin.py:137} INFO - [2023-01-12T07:41:00.435-0500] {dagbag.py:538} INFO - Filling up the DagBag from /Library/Frameworks/Python.framework/Versions/3.9/lib/python3.9/site-packages/airflow/example_dags/example_trigger_controller_dag.py
[2023-01-12T07:41:00.468-0500] {processor.py:753} INFO - DAG(s) dict_keys(['example_trigger_controller_dag']) retrieved from /Library/Frameworks/Python.framework/Versions/3.9/lib/python3.9/site-packages/airflow/example_dags/example_trigger_controller_dag.py
[2023-01-12T07:41:01.214-0500] {logging_mixin.py:137} INFO - [2023-01-12T07:41:01.214-0500] {dag.py:2676} INFO - Sync 1 DAGs
[2023-01-12T07:41:01.232-0500] {logging_mixin.py:137} INFO - [2023-01-12T07:41:01.232-0500] {dag.py:3423} INFO - Setting next_dagrun for example_trigger_controller_dag to 2021-01-01T00:00:00+00:00, run_after=2021-01-01T00:00:00+00:00
[2023-01-12T07:41:01.252-0500] {processor.py:175} INFO - Processing /Library/Frameworks/Python.framework/Versions/3.9/lib/python3.9/site-packages/airflow/example_dags/example_trigger_controller_dag.py took 0.825 seconds
[2023-01-12T07:43:03.801-0500] {processor.py:153} INFO - Started process (PID=15798) to work on /Library/Frameworks/Python.framework/Versions/3.9/lib/python3.9/site-packages/airflow/example_dags/example_trigger_controller_dag.py
[2023-01-12T07:43:03.808-0500] {processor.py:743} INFO - Processing file /Library/Frameworks/Python.framework/Versions/3.9/lib/python3.9/site-packages/airflow/example_dags/example_trigger_controller_dag.py for tasks to queue
[2023-01-12T07:43:03.809-0500] {logging_mixin.py:137} INFO - [2023-01-12T07:43:03.809-0500] {dagbag.py:538} INFO - Filling up the DagBag from /Library/Frameworks/Python.framework/Versions/3.9/lib/python3.9/site-packages/airflow/example_dags/example_trigger_controller_dag.py
[2023-01-12T07:43:03.844-0500] {processor.py:753} INFO - DAG(s) dict_keys(['example_trigger_controller_dag']) retrieved from /Library/Frameworks/Python.framework/Versions/3.9/lib/python3.9/site-packages/airflow/example_dags/example_trigger_controller_dag.py
[2023-01-12T07:43:04.650-0500] {logging_mixin.py:137} INFO - [2023-01-12T07:43:04.650-0500] {dag.py:2676} INFO - Sync 1 DAGs
[2023-01-12T07:43:04.670-0500] {logging_mixin.py:137} INFO - [2023-01-12T07:43:04.670-0500] {dag.py:3423} INFO - Setting next_dagrun for example_trigger_controller_dag to 2021-01-01T00:00:00+00:00, run_after=2021-01-01T00:00:00+00:00
[2023-01-12T07:43:04.693-0500] {processor.py:175} INFO - Processing /Library/Frameworks/Python.framework/Versions/3.9/lib/python3.9/site-packages/airflow/example_dags/example_trigger_controller_dag.py took 0.893 seconds
[2023-01-12T07:45:04.735-0500] {processor.py:153} INFO - Started process (PID=15852) to work on /Library/Frameworks/Python.framework/Versions/3.9/lib/python3.9/site-packages/airflow/example_dags/example_trigger_controller_dag.py
[2023-01-12T07:45:04.742-0500] {processor.py:743} INFO - Processing file /Library/Frameworks/Python.framework/Versions/3.9/lib/python3.9/site-packages/airflow/example_dags/example_trigger_controller_dag.py for tasks to queue
[2023-01-12T07:45:04.743-0500] {logging_mixin.py:137} INFO - [2023-01-12T07:45:04.743-0500] {dagbag.py:538} INFO - Filling up the DagBag from /Library/Frameworks/Python.framework/Versions/3.9/lib/python3.9/site-packages/airflow/example_dags/example_trigger_controller_dag.py
[2023-01-12T07:45:04.782-0500] {processor.py:753} INFO - DAG(s) dict_keys(['example_trigger_controller_dag']) retrieved from /Library/Frameworks/Python.framework/Versions/3.9/lib/python3.9/site-packages/airflow/example_dags/example_trigger_controller_dag.py
[2023-01-12T07:45:05.608-0500] {logging_mixin.py:137} INFO - [2023-01-12T07:45:05.608-0500] {dag.py:2676} INFO - Sync 1 DAGs
[2023-01-12T07:45:05.636-0500] {logging_mixin.py:137} INFO - [2023-01-12T07:45:05.635-0500] {dag.py:3423} INFO - Setting next_dagrun for example_trigger_controller_dag to 2021-01-01T00:00:00+00:00, run_after=2021-01-01T00:00:00+00:00
[2023-01-12T07:45:05.666-0500] {processor.py:175} INFO - Processing /Library/Frameworks/Python.framework/Versions/3.9/lib/python3.9/site-packages/airflow/example_dags/example_trigger_controller_dag.py took 0.933 seconds
[2023-01-12T07:47:00.165-0500] {processor.py:153} INFO - Started process (PID=15920) to work on /Library/Frameworks/Python.framework/Versions/3.9/lib/python3.9/site-packages/airflow/example_dags/example_trigger_controller_dag.py
[2023-01-12T07:47:00.171-0500] {processor.py:743} INFO - Processing file /Library/Frameworks/Python.framework/Versions/3.9/lib/python3.9/site-packages/airflow/example_dags/example_trigger_controller_dag.py for tasks to queue
[2023-01-12T07:47:00.172-0500] {logging_mixin.py:137} INFO - [2023-01-12T07:47:00.171-0500] {dagbag.py:538} INFO - Filling up the DagBag from /Library/Frameworks/Python.framework/Versions/3.9/lib/python3.9/site-packages/airflow/example_dags/example_trigger_controller_dag.py
[2023-01-12T07:47:00.203-0500] {processor.py:753} INFO - DAG(s) dict_keys(['example_trigger_controller_dag']) retrieved from /Library/Frameworks/Python.framework/Versions/3.9/lib/python3.9/site-packages/airflow/example_dags/example_trigger_controller_dag.py
[2023-01-12T07:47:00.928-0500] {logging_mixin.py:137} INFO - [2023-01-12T07:47:00.928-0500] {dag.py:2676} INFO - Sync 1 DAGs
[2023-01-12T07:47:00.948-0500] {logging_mixin.py:137} INFO - [2023-01-12T07:47:00.947-0500] {dag.py:3423} INFO - Setting next_dagrun for example_trigger_controller_dag to 2021-01-01T00:00:00+00:00, run_after=2021-01-01T00:00:00+00:00
[2023-01-12T07:47:00.971-0500] {processor.py:175} INFO - Processing /Library/Frameworks/Python.framework/Versions/3.9/lib/python3.9/site-packages/airflow/example_dags/example_trigger_controller_dag.py took 0.807 seconds
[2023-01-12T07:48:45.790-0500] {processor.py:153} INFO - Started process (PID=15959) to work on /Library/Frameworks/Python.framework/Versions/3.9/lib/python3.9/site-packages/airflow/example_dags/example_trigger_controller_dag.py
[2023-01-12T07:48:45.797-0500] {processor.py:743} INFO - Processing file /Library/Frameworks/Python.framework/Versions/3.9/lib/python3.9/site-packages/airflow/example_dags/example_trigger_controller_dag.py for tasks to queue
[2023-01-12T07:48:45.798-0500] {logging_mixin.py:137} INFO - [2023-01-12T07:48:45.797-0500] {dagbag.py:538} INFO - Filling up the DagBag from /Library/Frameworks/Python.framework/Versions/3.9/lib/python3.9/site-packages/airflow/example_dags/example_trigger_controller_dag.py
[2023-01-12T07:48:45.827-0500] {processor.py:753} INFO - DAG(s) dict_keys(['example_trigger_controller_dag']) retrieved from /Library/Frameworks/Python.framework/Versions/3.9/lib/python3.9/site-packages/airflow/example_dags/example_trigger_controller_dag.py
[2023-01-12T07:48:46.550-0500] {logging_mixin.py:137} INFO - [2023-01-12T07:48:46.550-0500] {dag.py:2676} INFO - Sync 1 DAGs
[2023-01-12T07:48:46.568-0500] {logging_mixin.py:137} INFO - [2023-01-12T07:48:46.568-0500] {dag.py:3423} INFO - Setting next_dagrun for example_trigger_controller_dag to 2021-01-01T00:00:00+00:00, run_after=2021-01-01T00:00:00+00:00
[2023-01-12T07:48:46.591-0500] {processor.py:175} INFO - Processing /Library/Frameworks/Python.framework/Versions/3.9/lib/python3.9/site-packages/airflow/example_dags/example_trigger_controller_dag.py took 0.802 seconds
[2023-01-12T07:50:55.017-0500] {processor.py:153} INFO - Started process (PID=16085) to work on /Library/Frameworks/Python.framework/Versions/3.9/lib/python3.9/site-packages/airflow/example_dags/example_trigger_controller_dag.py
[2023-01-12T07:50:55.023-0500] {processor.py:743} INFO - Processing file /Library/Frameworks/Python.framework/Versions/3.9/lib/python3.9/site-packages/airflow/example_dags/example_trigger_controller_dag.py for tasks to queue
[2023-01-12T07:50:55.024-0500] {logging_mixin.py:137} INFO - [2023-01-12T07:50:55.024-0500] {dagbag.py:538} INFO - Filling up the DagBag from /Library/Frameworks/Python.framework/Versions/3.9/lib/python3.9/site-packages/airflow/example_dags/example_trigger_controller_dag.py
[2023-01-12T07:50:55.053-0500] {processor.py:753} INFO - DAG(s) dict_keys(['example_trigger_controller_dag']) retrieved from /Library/Frameworks/Python.framework/Versions/3.9/lib/python3.9/site-packages/airflow/example_dags/example_trigger_controller_dag.py
[2023-01-12T07:50:55.757-0500] {logging_mixin.py:137} INFO - [2023-01-12T07:50:55.756-0500] {dag.py:2676} INFO - Sync 1 DAGs
[2023-01-12T07:50:55.775-0500] {logging_mixin.py:137} INFO - [2023-01-12T07:50:55.774-0500] {dag.py:3423} INFO - Setting next_dagrun for example_trigger_controller_dag to 2021-01-01T00:00:00+00:00, run_after=2021-01-01T00:00:00+00:00
[2023-01-12T07:50:55.797-0500] {processor.py:175} INFO - Processing /Library/Frameworks/Python.framework/Versions/3.9/lib/python3.9/site-packages/airflow/example_dags/example_trigger_controller_dag.py took 0.781 seconds
[2023-01-12T07:52:57.713-0500] {processor.py:153} INFO - Started process (PID=16129) to work on /Library/Frameworks/Python.framework/Versions/3.9/lib/python3.9/site-packages/airflow/example_dags/example_trigger_controller_dag.py
[2023-01-12T07:52:57.719-0500] {processor.py:743} INFO - Processing file /Library/Frameworks/Python.framework/Versions/3.9/lib/python3.9/site-packages/airflow/example_dags/example_trigger_controller_dag.py for tasks to queue
[2023-01-12T07:52:57.720-0500] {logging_mixin.py:137} INFO - [2023-01-12T07:52:57.720-0500] {dagbag.py:538} INFO - Filling up the DagBag from /Library/Frameworks/Python.framework/Versions/3.9/lib/python3.9/site-packages/airflow/example_dags/example_trigger_controller_dag.py
[2023-01-12T07:52:57.748-0500] {processor.py:753} INFO - DAG(s) dict_keys(['example_trigger_controller_dag']) retrieved from /Library/Frameworks/Python.framework/Versions/3.9/lib/python3.9/site-packages/airflow/example_dags/example_trigger_controller_dag.py
[2023-01-12T07:52:58.424-0500] {logging_mixin.py:137} INFO - [2023-01-12T07:52:58.424-0500] {dag.py:2676} INFO - Sync 1 DAGs
[2023-01-12T07:52:58.441-0500] {logging_mixin.py:137} INFO - [2023-01-12T07:52:58.440-0500] {dag.py:3423} INFO - Setting next_dagrun for example_trigger_controller_dag to 2021-01-01T00:00:00+00:00, run_after=2021-01-01T00:00:00+00:00
[2023-01-12T07:52:58.462-0500] {processor.py:175} INFO - Processing /Library/Frameworks/Python.framework/Versions/3.9/lib/python3.9/site-packages/airflow/example_dags/example_trigger_controller_dag.py took 0.750 seconds
[2023-01-12T07:54:47.477-0500] {processor.py:153} INFO - Started process (PID=16163) to work on /Library/Frameworks/Python.framework/Versions/3.9/lib/python3.9/site-packages/airflow/example_dags/example_trigger_controller_dag.py
[2023-01-12T07:54:47.483-0500] {processor.py:743} INFO - Processing file /Library/Frameworks/Python.framework/Versions/3.9/lib/python3.9/site-packages/airflow/example_dags/example_trigger_controller_dag.py for tasks to queue
[2023-01-12T07:54:47.484-0500] {logging_mixin.py:137} INFO - [2023-01-12T07:54:47.483-0500] {dagbag.py:538} INFO - Filling up the DagBag from /Library/Frameworks/Python.framework/Versions/3.9/lib/python3.9/site-packages/airflow/example_dags/example_trigger_controller_dag.py
[2023-01-12T07:54:47.513-0500] {processor.py:753} INFO - DAG(s) dict_keys(['example_trigger_controller_dag']) retrieved from /Library/Frameworks/Python.framework/Versions/3.9/lib/python3.9/site-packages/airflow/example_dags/example_trigger_controller_dag.py
[2023-01-12T07:54:48.230-0500] {logging_mixin.py:137} INFO - [2023-01-12T07:54:48.230-0500] {dag.py:2676} INFO - Sync 1 DAGs
[2023-01-12T07:54:48.249-0500] {logging_mixin.py:137} INFO - [2023-01-12T07:54:48.249-0500] {dag.py:3423} INFO - Setting next_dagrun for example_trigger_controller_dag to 2021-01-01T00:00:00+00:00, run_after=2021-01-01T00:00:00+00:00
[2023-01-12T07:54:48.271-0500] {processor.py:175} INFO - Processing /Library/Frameworks/Python.framework/Versions/3.9/lib/python3.9/site-packages/airflow/example_dags/example_trigger_controller_dag.py took 0.795 seconds
[2023-01-12T07:56:51.896-0500] {processor.py:153} INFO - Started process (PID=16207) to work on /Library/Frameworks/Python.framework/Versions/3.9/lib/python3.9/site-packages/airflow/example_dags/example_trigger_controller_dag.py
[2023-01-12T07:56:51.903-0500] {processor.py:743} INFO - Processing file /Library/Frameworks/Python.framework/Versions/3.9/lib/python3.9/site-packages/airflow/example_dags/example_trigger_controller_dag.py for tasks to queue
[2023-01-12T07:56:51.904-0500] {logging_mixin.py:137} INFO - [2023-01-12T07:56:51.904-0500] {dagbag.py:538} INFO - Filling up the DagBag from /Library/Frameworks/Python.framework/Versions/3.9/lib/python3.9/site-packages/airflow/example_dags/example_trigger_controller_dag.py
[2023-01-12T07:56:51.941-0500] {processor.py:753} INFO - DAG(s) dict_keys(['example_trigger_controller_dag']) retrieved from /Library/Frameworks/Python.framework/Versions/3.9/lib/python3.9/site-packages/airflow/example_dags/example_trigger_controller_dag.py
[2023-01-12T07:56:52.939-0500] {logging_mixin.py:137} INFO - [2023-01-12T07:56:52.938-0500] {dag.py:2676} INFO - Sync 1 DAGs
[2023-01-12T07:56:52.959-0500] {logging_mixin.py:137} INFO - [2023-01-12T07:56:52.959-0500] {dag.py:3423} INFO - Setting next_dagrun for example_trigger_controller_dag to 2021-01-01T00:00:00+00:00, run_after=2021-01-01T00:00:00+00:00
[2023-01-12T07:56:52.984-0500] {processor.py:175} INFO - Processing /Library/Frameworks/Python.framework/Versions/3.9/lib/python3.9/site-packages/airflow/example_dags/example_trigger_controller_dag.py took 1.089 seconds
[2023-01-12T07:58:49.624-0500] {processor.py:153} INFO - Started process (PID=16364) to work on /Library/Frameworks/Python.framework/Versions/3.9/lib/python3.9/site-packages/airflow/example_dags/example_trigger_controller_dag.py
[2023-01-12T07:58:49.631-0500] {processor.py:743} INFO - Processing file /Library/Frameworks/Python.framework/Versions/3.9/lib/python3.9/site-packages/airflow/example_dags/example_trigger_controller_dag.py for tasks to queue
[2023-01-12T07:58:49.632-0500] {logging_mixin.py:137} INFO - [2023-01-12T07:58:49.631-0500] {dagbag.py:538} INFO - Filling up the DagBag from /Library/Frameworks/Python.framework/Versions/3.9/lib/python3.9/site-packages/airflow/example_dags/example_trigger_controller_dag.py
[2023-01-12T07:58:49.665-0500] {processor.py:753} INFO - DAG(s) dict_keys(['example_trigger_controller_dag']) retrieved from /Library/Frameworks/Python.framework/Versions/3.9/lib/python3.9/site-packages/airflow/example_dags/example_trigger_controller_dag.py
[2023-01-12T07:58:50.795-0500] {logging_mixin.py:137} INFO - [2023-01-12T07:58:50.795-0500] {dag.py:2676} INFO - Sync 1 DAGs
[2023-01-12T07:58:50.813-0500] {logging_mixin.py:137} INFO - [2023-01-12T07:58:50.813-0500] {dag.py:3423} INFO - Setting next_dagrun for example_trigger_controller_dag to 2021-01-01T00:00:00+00:00, run_after=2021-01-01T00:00:00+00:00
[2023-01-12T07:58:50.834-0500] {processor.py:175} INFO - Processing /Library/Frameworks/Python.framework/Versions/3.9/lib/python3.9/site-packages/airflow/example_dags/example_trigger_controller_dag.py took 1.211 seconds
[2023-01-12T08:00:40.209-0500] {processor.py:153} INFO - Started process (PID=16459) to work on /Library/Frameworks/Python.framework/Versions/3.9/lib/python3.9/site-packages/airflow/example_dags/example_trigger_controller_dag.py
[2023-01-12T08:00:40.216-0500] {processor.py:743} INFO - Processing file /Library/Frameworks/Python.framework/Versions/3.9/lib/python3.9/site-packages/airflow/example_dags/example_trigger_controller_dag.py for tasks to queue
[2023-01-12T08:00:40.216-0500] {logging_mixin.py:137} INFO - [2023-01-12T08:00:40.216-0500] {dagbag.py:538} INFO - Filling up the DagBag from /Library/Frameworks/Python.framework/Versions/3.9/lib/python3.9/site-packages/airflow/example_dags/example_trigger_controller_dag.py
[2023-01-12T08:00:40.344-0500] {processor.py:753} INFO - DAG(s) dict_keys(['example_trigger_controller_dag']) retrieved from /Library/Frameworks/Python.framework/Versions/3.9/lib/python3.9/site-packages/airflow/example_dags/example_trigger_controller_dag.py
[2023-01-12T08:00:41.008-0500] {logging_mixin.py:137} INFO - [2023-01-12T08:00:41.007-0500] {dag.py:2676} INFO - Sync 1 DAGs
[2023-01-12T08:00:41.036-0500] {logging_mixin.py:137} INFO - [2023-01-12T08:00:41.036-0500] {dag.py:3423} INFO - Setting next_dagrun for example_trigger_controller_dag to 2021-01-01T00:00:00+00:00, run_after=2021-01-01T00:00:00+00:00
[2023-01-12T08:00:41.055-0500] {processor.py:175} INFO - Processing /Library/Frameworks/Python.framework/Versions/3.9/lib/python3.9/site-packages/airflow/example_dags/example_trigger_controller_dag.py took 0.846 seconds
[2023-01-12T08:04:18.296-0500] {processor.py:153} INFO - Started process (PID=16573) to work on /Library/Frameworks/Python.framework/Versions/3.9/lib/python3.9/site-packages/airflow/example_dags/example_trigger_controller_dag.py
[2023-01-12T08:04:18.308-0500] {processor.py:743} INFO - Processing file /Library/Frameworks/Python.framework/Versions/3.9/lib/python3.9/site-packages/airflow/example_dags/example_trigger_controller_dag.py for tasks to queue
[2023-01-12T08:04:18.309-0500] {logging_mixin.py:137} INFO - [2023-01-12T08:04:18.309-0500] {dagbag.py:538} INFO - Filling up the DagBag from /Library/Frameworks/Python.framework/Versions/3.9/lib/python3.9/site-packages/airflow/example_dags/example_trigger_controller_dag.py
[2023-01-12T08:04:18.367-0500] {processor.py:753} INFO - DAG(s) dict_keys(['example_trigger_controller_dag']) retrieved from /Library/Frameworks/Python.framework/Versions/3.9/lib/python3.9/site-packages/airflow/example_dags/example_trigger_controller_dag.py
[2023-01-12T08:04:24.483-0500] {logging_mixin.py:137} INFO - [2023-01-12T08:04:24.482-0500] {dag.py:2676} INFO - Sync 1 DAGs
[2023-01-12T08:04:24.616-0500] {logging_mixin.py:137} INFO - [2023-01-12T08:04:24.616-0500] {dag.py:3423} INFO - Setting next_dagrun for example_trigger_controller_dag to 2021-01-01T00:00:00+00:00, run_after=2021-01-01T00:00:00+00:00
[2023-01-12T08:04:24.855-0500] {processor.py:175} INFO - Processing /Library/Frameworks/Python.framework/Versions/3.9/lib/python3.9/site-packages/airflow/example_dags/example_trigger_controller_dag.py took 6.560 seconds
[2023-01-12T08:08:47.764-0500] {processor.py:153} INFO - Started process (PID=16682) to work on /Library/Frameworks/Python.framework/Versions/3.9/lib/python3.9/site-packages/airflow/example_dags/example_trigger_controller_dag.py
[2023-01-12T08:08:47.773-0500] {processor.py:743} INFO - Processing file /Library/Frameworks/Python.framework/Versions/3.9/lib/python3.9/site-packages/airflow/example_dags/example_trigger_controller_dag.py for tasks to queue
[2023-01-12T08:08:47.774-0500] {logging_mixin.py:137} INFO - [2023-01-12T08:08:47.774-0500] {dagbag.py:538} INFO - Filling up the DagBag from /Library/Frameworks/Python.framework/Versions/3.9/lib/python3.9/site-packages/airflow/example_dags/example_trigger_controller_dag.py
[2023-01-12T08:08:47.826-0500] {processor.py:753} INFO - DAG(s) dict_keys(['example_trigger_controller_dag']) retrieved from /Library/Frameworks/Python.framework/Versions/3.9/lib/python3.9/site-packages/airflow/example_dags/example_trigger_controller_dag.py
[2023-01-12T08:08:49.009-0500] {logging_mixin.py:137} INFO - [2023-01-12T08:08:49.009-0500] {dag.py:2676} INFO - Sync 1 DAGs
[2023-01-12T08:08:49.039-0500] {logging_mixin.py:137} INFO - [2023-01-12T08:08:49.039-0500] {dag.py:3423} INFO - Setting next_dagrun for example_trigger_controller_dag to 2021-01-01T00:00:00+00:00, run_after=2021-01-01T00:00:00+00:00
[2023-01-12T08:08:49.075-0500] {processor.py:175} INFO - Processing /Library/Frameworks/Python.framework/Versions/3.9/lib/python3.9/site-packages/airflow/example_dags/example_trigger_controller_dag.py took 1.312 seconds
[2023-01-12T08:12:25.114-0500] {processor.py:153} INFO - Started process (PID=16831) to work on /Library/Frameworks/Python.framework/Versions/3.9/lib/python3.9/site-packages/airflow/example_dags/example_trigger_controller_dag.py
[2023-01-12T08:12:25.586-0500] {processor.py:743} INFO - Processing file /Library/Frameworks/Python.framework/Versions/3.9/lib/python3.9/site-packages/airflow/example_dags/example_trigger_controller_dag.py for tasks to queue
[2023-01-12T08:12:25.587-0500] {logging_mixin.py:137} INFO - [2023-01-12T08:12:25.587-0500] {dagbag.py:538} INFO - Filling up the DagBag from /Library/Frameworks/Python.framework/Versions/3.9/lib/python3.9/site-packages/airflow/example_dags/example_trigger_controller_dag.py
[2023-01-12T08:12:25.673-0500] {processor.py:753} INFO - DAG(s) dict_keys(['example_trigger_controller_dag']) retrieved from /Library/Frameworks/Python.framework/Versions/3.9/lib/python3.9/site-packages/airflow/example_dags/example_trigger_controller_dag.py
[2023-01-12T08:12:27.167-0500] {logging_mixin.py:137} INFO - [2023-01-12T08:12:27.167-0500] {dag.py:2676} INFO - Sync 1 DAGs
[2023-01-12T08:12:27.196-0500] {logging_mixin.py:137} INFO - [2023-01-12T08:12:27.196-0500] {dag.py:3423} INFO - Setting next_dagrun for example_trigger_controller_dag to 2021-01-01T00:00:00+00:00, run_after=2021-01-01T00:00:00+00:00
[2023-01-12T08:12:27.231-0500] {processor.py:175} INFO - Processing /Library/Frameworks/Python.framework/Versions/3.9/lib/python3.9/site-packages/airflow/example_dags/example_trigger_controller_dag.py took 2.120 seconds
[2023-01-12T08:24:58.515-0500] {processor.py:153} INFO - Started process (PID=17412) to work on /Library/Frameworks/Python.framework/Versions/3.9/lib/python3.9/site-packages/airflow/example_dags/example_trigger_controller_dag.py
[2023-01-12T08:24:58.526-0500] {processor.py:743} INFO - Processing file /Library/Frameworks/Python.framework/Versions/3.9/lib/python3.9/site-packages/airflow/example_dags/example_trigger_controller_dag.py for tasks to queue
[2023-01-12T08:24:58.527-0500] {logging_mixin.py:137} INFO - [2023-01-12T08:24:58.527-0500] {dagbag.py:538} INFO - Filling up the DagBag from /Library/Frameworks/Python.framework/Versions/3.9/lib/python3.9/site-packages/airflow/example_dags/example_trigger_controller_dag.py
[2023-01-12T08:24:58.577-0500] {processor.py:753} INFO - DAG(s) dict_keys(['example_trigger_controller_dag']) retrieved from /Library/Frameworks/Python.framework/Versions/3.9/lib/python3.9/site-packages/airflow/example_dags/example_trigger_controller_dag.py
[2023-01-12T08:24:59.619-0500] {logging_mixin.py:137} INFO - [2023-01-12T08:24:59.619-0500] {dag.py:2676} INFO - Sync 1 DAGs
[2023-01-12T08:24:59.647-0500] {logging_mixin.py:137} INFO - [2023-01-12T08:24:59.647-0500] {dag.py:3423} INFO - Setting next_dagrun for example_trigger_controller_dag to 2021-01-01T00:00:00+00:00, run_after=2021-01-01T00:00:00+00:00
[2023-01-12T08:24:59.680-0500] {processor.py:175} INFO - Processing /Library/Frameworks/Python.framework/Versions/3.9/lib/python3.9/site-packages/airflow/example_dags/example_trigger_controller_dag.py took 1.166 seconds
