[2023-01-11T23:26:34.805-0500] {processor.py:153} INFO - Started process (PID=14453) to work on /Library/Frameworks/Python.framework/Versions/3.9/lib/python3.9/site-packages/airflow/example_dags/example_dag_decorator.py
[2023-01-11T23:26:34.810-0500] {processor.py:743} INFO - Processing file /Library/Frameworks/Python.framework/Versions/3.9/lib/python3.9/site-packages/airflow/example_dags/example_dag_decorator.py for tasks to queue
[2023-01-11T23:26:34.811-0500] {logging_mixin.py:137} INFO - [2023-01-11T23:26:34.811-0500] {dagbag.py:538} INFO - Filling up the DagBag from /Library/Frameworks/Python.framework/Versions/3.9/lib/python3.9/site-packages/airflow/example_dags/example_dag_decorator.py
[2023-01-11T23:26:35.076-0500] {logging_mixin.py:137} INFO - [2023-01-11T23:26:35.076-0500] {taskmixin.py:205} WARNING - Dependency <Task(_PythonDecoratedOperator): prepare_email>, send_email already registered for DAG: example_dag_decorator
[2023-01-11T23:26:35.076-0500] {logging_mixin.py:137} INFO - [2023-01-11T23:26:35.076-0500] {taskmixin.py:205} WARNING - Dependency <Task(EmailOperator): send_email>, prepare_email already registered for DAG: example_dag_decorator
[2023-01-11T23:26:35.112-0500] {processor.py:753} INFO - DAG(s) dict_keys(['example_dag_decorator']) retrieved from /Library/Frameworks/Python.framework/Versions/3.9/lib/python3.9/site-packages/airflow/example_dags/example_dag_decorator.py
[2023-01-11T23:26:35.498-0500] {logging_mixin.py:137} INFO - [2023-01-11T23:26:35.498-0500] {dag.py:2676} INFO - Sync 1 DAGs
[2023-01-11T23:26:35.512-0500] {logging_mixin.py:137} INFO - [2023-01-11T23:26:35.512-0500] {dag.py:3423} INFO - Setting next_dagrun for example_dag_decorator to None, run_after=None
[2023-01-11T23:26:35.530-0500] {processor.py:175} INFO - Processing /Library/Frameworks/Python.framework/Versions/3.9/lib/python3.9/site-packages/airflow/example_dags/example_dag_decorator.py took 0.725 seconds
[2023-01-12T07:25:37.894-0500] {processor.py:153} INFO - Started process (PID=15061) to work on /Library/Frameworks/Python.framework/Versions/3.9/lib/python3.9/site-packages/airflow/example_dags/example_dag_decorator.py
[2023-01-12T07:25:37.900-0500] {processor.py:743} INFO - Processing file /Library/Frameworks/Python.framework/Versions/3.9/lib/python3.9/site-packages/airflow/example_dags/example_dag_decorator.py for tasks to queue
[2023-01-12T07:25:37.900-0500] {logging_mixin.py:137} INFO - [2023-01-12T07:25:37.900-0500] {dagbag.py:538} INFO - Filling up the DagBag from /Library/Frameworks/Python.framework/Versions/3.9/lib/python3.9/site-packages/airflow/example_dags/example_dag_decorator.py
[2023-01-12T07:25:38.166-0500] {logging_mixin.py:137} INFO - [2023-01-12T07:25:38.166-0500] {taskmixin.py:205} WARNING - Dependency <Task(_PythonDecoratedOperator): prepare_email>, send_email already registered for DAG: example_dag_decorator
[2023-01-12T07:25:38.166-0500] {logging_mixin.py:137} INFO - [2023-01-12T07:25:38.166-0500] {taskmixin.py:205} WARNING - Dependency <Task(EmailOperator): send_email>, prepare_email already registered for DAG: example_dag_decorator
[2023-01-12T07:25:38.203-0500] {processor.py:753} INFO - DAG(s) dict_keys(['example_dag_decorator']) retrieved from /Library/Frameworks/Python.framework/Versions/3.9/lib/python3.9/site-packages/airflow/example_dags/example_dag_decorator.py
[2023-01-12T07:25:38.635-0500] {logging_mixin.py:137} INFO - [2023-01-12T07:25:38.635-0500] {dag.py:2676} INFO - Sync 1 DAGs
[2023-01-12T07:25:38.651-0500] {logging_mixin.py:137} INFO - [2023-01-12T07:25:38.651-0500] {dag.py:3423} INFO - Setting next_dagrun for example_dag_decorator to None, run_after=None
[2023-01-12T07:25:38.671-0500] {processor.py:175} INFO - Processing /Library/Frameworks/Python.framework/Versions/3.9/lib/python3.9/site-packages/airflow/example_dags/example_dag_decorator.py took 0.777 seconds
[2023-01-12T07:29:09.129-0500] {processor.py:153} INFO - Started process (PID=15199) to work on /Library/Frameworks/Python.framework/Versions/3.9/lib/python3.9/site-packages/airflow/example_dags/example_dag_decorator.py
[2023-01-12T07:29:09.135-0500] {processor.py:743} INFO - Processing file /Library/Frameworks/Python.framework/Versions/3.9/lib/python3.9/site-packages/airflow/example_dags/example_dag_decorator.py for tasks to queue
[2023-01-12T07:29:09.136-0500] {logging_mixin.py:137} INFO - [2023-01-12T07:29:09.136-0500] {dagbag.py:538} INFO - Filling up the DagBag from /Library/Frameworks/Python.framework/Versions/3.9/lib/python3.9/site-packages/airflow/example_dags/example_dag_decorator.py
[2023-01-12T07:29:09.395-0500] {logging_mixin.py:137} INFO - [2023-01-12T07:29:09.395-0500] {taskmixin.py:205} WARNING - Dependency <Task(_PythonDecoratedOperator): prepare_email>, send_email already registered for DAG: example_dag_decorator
[2023-01-12T07:29:09.395-0500] {logging_mixin.py:137} INFO - [2023-01-12T07:29:09.395-0500] {taskmixin.py:205} WARNING - Dependency <Task(EmailOperator): send_email>, prepare_email already registered for DAG: example_dag_decorator
[2023-01-12T07:29:09.431-0500] {processor.py:753} INFO - DAG(s) dict_keys(['example_dag_decorator']) retrieved from /Library/Frameworks/Python.framework/Versions/3.9/lib/python3.9/site-packages/airflow/example_dags/example_dag_decorator.py
[2023-01-12T07:29:09.862-0500] {logging_mixin.py:137} INFO - [2023-01-12T07:29:09.862-0500] {dag.py:2676} INFO - Sync 1 DAGs
[2023-01-12T07:29:09.877-0500] {logging_mixin.py:137} INFO - [2023-01-12T07:29:09.877-0500] {dag.py:3423} INFO - Setting next_dagrun for example_dag_decorator to None, run_after=None
[2023-01-12T07:29:09.900-0500] {processor.py:175} INFO - Processing /Library/Frameworks/Python.framework/Versions/3.9/lib/python3.9/site-packages/airflow/example_dags/example_dag_decorator.py took 0.771 seconds
[2023-01-12T07:32:49.304-0500] {processor.py:153} INFO - Started process (PID=15482) to work on /Library/Frameworks/Python.framework/Versions/3.9/lib/python3.9/site-packages/airflow/example_dags/example_dag_decorator.py
[2023-01-12T07:32:49.310-0500] {processor.py:743} INFO - Processing file /Library/Frameworks/Python.framework/Versions/3.9/lib/python3.9/site-packages/airflow/example_dags/example_dag_decorator.py for tasks to queue
[2023-01-12T07:32:49.310-0500] {logging_mixin.py:137} INFO - [2023-01-12T07:32:49.310-0500] {dagbag.py:538} INFO - Filling up the DagBag from /Library/Frameworks/Python.framework/Versions/3.9/lib/python3.9/site-packages/airflow/example_dags/example_dag_decorator.py
[2023-01-12T07:32:49.567-0500] {logging_mixin.py:137} INFO - [2023-01-12T07:32:49.567-0500] {taskmixin.py:205} WARNING - Dependency <Task(_PythonDecoratedOperator): prepare_email>, send_email already registered for DAG: example_dag_decorator
[2023-01-12T07:32:49.567-0500] {logging_mixin.py:137} INFO - [2023-01-12T07:32:49.567-0500] {taskmixin.py:205} WARNING - Dependency <Task(EmailOperator): send_email>, prepare_email already registered for DAG: example_dag_decorator
[2023-01-12T07:32:49.603-0500] {processor.py:753} INFO - DAG(s) dict_keys(['example_dag_decorator']) retrieved from /Library/Frameworks/Python.framework/Versions/3.9/lib/python3.9/site-packages/airflow/example_dags/example_dag_decorator.py
[2023-01-12T07:32:50.034-0500] {logging_mixin.py:137} INFO - [2023-01-12T07:32:50.033-0500] {dag.py:2676} INFO - Sync 1 DAGs
[2023-01-12T07:32:50.049-0500] {logging_mixin.py:137} INFO - [2023-01-12T07:32:50.049-0500] {dag.py:3423} INFO - Setting next_dagrun for example_dag_decorator to None, run_after=None
[2023-01-12T07:32:50.070-0500] {processor.py:175} INFO - Processing /Library/Frameworks/Python.framework/Versions/3.9/lib/python3.9/site-packages/airflow/example_dags/example_dag_decorator.py took 0.766 seconds
[2023-01-12T07:36:26.308-0500] {processor.py:153} INFO - Started process (PID=15569) to work on /Library/Frameworks/Python.framework/Versions/3.9/lib/python3.9/site-packages/airflow/example_dags/example_dag_decorator.py
[2023-01-12T07:36:26.314-0500] {processor.py:743} INFO - Processing file /Library/Frameworks/Python.framework/Versions/3.9/lib/python3.9/site-packages/airflow/example_dags/example_dag_decorator.py for tasks to queue
[2023-01-12T07:36:26.314-0500] {logging_mixin.py:137} INFO - [2023-01-12T07:36:26.314-0500] {dagbag.py:538} INFO - Filling up the DagBag from /Library/Frameworks/Python.framework/Versions/3.9/lib/python3.9/site-packages/airflow/example_dags/example_dag_decorator.py
[2023-01-12T07:36:26.582-0500] {logging_mixin.py:137} INFO - [2023-01-12T07:36:26.582-0500] {taskmixin.py:205} WARNING - Dependency <Task(_PythonDecoratedOperator): prepare_email>, send_email already registered for DAG: example_dag_decorator
[2023-01-12T07:36:26.583-0500] {logging_mixin.py:137} INFO - [2023-01-12T07:36:26.583-0500] {taskmixin.py:205} WARNING - Dependency <Task(EmailOperator): send_email>, prepare_email already registered for DAG: example_dag_decorator
[2023-01-12T07:36:26.618-0500] {processor.py:753} INFO - DAG(s) dict_keys(['example_dag_decorator']) retrieved from /Library/Frameworks/Python.framework/Versions/3.9/lib/python3.9/site-packages/airflow/example_dags/example_dag_decorator.py
[2023-01-12T07:36:27.044-0500] {logging_mixin.py:137} INFO - [2023-01-12T07:36:27.044-0500] {dag.py:2676} INFO - Sync 1 DAGs
[2023-01-12T07:36:27.060-0500] {logging_mixin.py:137} INFO - [2023-01-12T07:36:27.060-0500] {dag.py:3423} INFO - Setting next_dagrun for example_dag_decorator to None, run_after=None
[2023-01-12T07:36:27.096-0500] {processor.py:175} INFO - Processing /Library/Frameworks/Python.framework/Versions/3.9/lib/python3.9/site-packages/airflow/example_dags/example_dag_decorator.py took 0.788 seconds
[2023-01-12T07:40:11.820-0500] {processor.py:153} INFO - Started process (PID=15737) to work on /Library/Frameworks/Python.framework/Versions/3.9/lib/python3.9/site-packages/airflow/example_dags/example_dag_decorator.py
[2023-01-12T07:40:11.826-0500] {processor.py:743} INFO - Processing file /Library/Frameworks/Python.framework/Versions/3.9/lib/python3.9/site-packages/airflow/example_dags/example_dag_decorator.py for tasks to queue
[2023-01-12T07:40:11.826-0500] {logging_mixin.py:137} INFO - [2023-01-12T07:40:11.826-0500] {dagbag.py:538} INFO - Filling up the DagBag from /Library/Frameworks/Python.framework/Versions/3.9/lib/python3.9/site-packages/airflow/example_dags/example_dag_decorator.py
[2023-01-12T07:40:12.109-0500] {logging_mixin.py:137} INFO - [2023-01-12T07:40:12.109-0500] {taskmixin.py:205} WARNING - Dependency <Task(_PythonDecoratedOperator): prepare_email>, send_email already registered for DAG: example_dag_decorator
[2023-01-12T07:40:12.109-0500] {logging_mixin.py:137} INFO - [2023-01-12T07:40:12.109-0500] {taskmixin.py:205} WARNING - Dependency <Task(EmailOperator): send_email>, prepare_email already registered for DAG: example_dag_decorator
[2023-01-12T07:40:12.149-0500] {processor.py:753} INFO - DAG(s) dict_keys(['example_dag_decorator']) retrieved from /Library/Frameworks/Python.framework/Versions/3.9/lib/python3.9/site-packages/airflow/example_dags/example_dag_decorator.py
[2023-01-12T07:40:12.606-0500] {logging_mixin.py:137} INFO - [2023-01-12T07:40:12.606-0500] {dag.py:2676} INFO - Sync 1 DAGs
[2023-01-12T07:40:12.623-0500] {logging_mixin.py:137} INFO - [2023-01-12T07:40:12.622-0500] {dag.py:3423} INFO - Setting next_dagrun for example_dag_decorator to None, run_after=None
[2023-01-12T07:40:12.643-0500] {processor.py:175} INFO - Processing /Library/Frameworks/Python.framework/Versions/3.9/lib/python3.9/site-packages/airflow/example_dags/example_dag_decorator.py took 0.824 seconds
[2023-01-12T07:44:11.301-0500] {processor.py:153} INFO - Started process (PID=15819) to work on /Library/Frameworks/Python.framework/Versions/3.9/lib/python3.9/site-packages/airflow/example_dags/example_dag_decorator.py
[2023-01-12T07:44:11.308-0500] {processor.py:743} INFO - Processing file /Library/Frameworks/Python.framework/Versions/3.9/lib/python3.9/site-packages/airflow/example_dags/example_dag_decorator.py for tasks to queue
[2023-01-12T07:44:11.308-0500] {logging_mixin.py:137} INFO - [2023-01-12T07:44:11.308-0500] {dagbag.py:538} INFO - Filling up the DagBag from /Library/Frameworks/Python.framework/Versions/3.9/lib/python3.9/site-packages/airflow/example_dags/example_dag_decorator.py
[2023-01-12T07:44:11.605-0500] {logging_mixin.py:137} INFO - [2023-01-12T07:44:11.605-0500] {taskmixin.py:205} WARNING - Dependency <Task(_PythonDecoratedOperator): prepare_email>, send_email already registered for DAG: example_dag_decorator
[2023-01-12T07:44:11.605-0500] {logging_mixin.py:137} INFO - [2023-01-12T07:44:11.605-0500] {taskmixin.py:205} WARNING - Dependency <Task(EmailOperator): send_email>, prepare_email already registered for DAG: example_dag_decorator
[2023-01-12T07:44:11.662-0500] {processor.py:753} INFO - DAG(s) dict_keys(['example_dag_decorator']) retrieved from /Library/Frameworks/Python.framework/Versions/3.9/lib/python3.9/site-packages/airflow/example_dags/example_dag_decorator.py
[2023-01-12T07:44:12.246-0500] {logging_mixin.py:137} INFO - [2023-01-12T07:44:12.246-0500] {dag.py:2676} INFO - Sync 1 DAGs
[2023-01-12T07:44:12.265-0500] {logging_mixin.py:137} INFO - [2023-01-12T07:44:12.265-0500] {dag.py:3423} INFO - Setting next_dagrun for example_dag_decorator to None, run_after=None
[2023-01-12T07:44:12.288-0500] {processor.py:175} INFO - Processing /Library/Frameworks/Python.framework/Versions/3.9/lib/python3.9/site-packages/airflow/example_dags/example_dag_decorator.py took 0.988 seconds
[2023-01-12T07:48:00.307-0500] {processor.py:153} INFO - Started process (PID=15942) to work on /Library/Frameworks/Python.framework/Versions/3.9/lib/python3.9/site-packages/airflow/example_dags/example_dag_decorator.py
[2023-01-12T07:48:00.313-0500] {processor.py:743} INFO - Processing file /Library/Frameworks/Python.framework/Versions/3.9/lib/python3.9/site-packages/airflow/example_dags/example_dag_decorator.py for tasks to queue
[2023-01-12T07:48:00.313-0500] {logging_mixin.py:137} INFO - [2023-01-12T07:48:00.313-0500] {dagbag.py:538} INFO - Filling up the DagBag from /Library/Frameworks/Python.framework/Versions/3.9/lib/python3.9/site-packages/airflow/example_dags/example_dag_decorator.py
[2023-01-12T07:48:00.582-0500] {logging_mixin.py:137} INFO - [2023-01-12T07:48:00.582-0500] {taskmixin.py:205} WARNING - Dependency <Task(_PythonDecoratedOperator): prepare_email>, send_email already registered for DAG: example_dag_decorator
[2023-01-12T07:48:00.582-0500] {logging_mixin.py:137} INFO - [2023-01-12T07:48:00.582-0500] {taskmixin.py:205} WARNING - Dependency <Task(EmailOperator): send_email>, prepare_email already registered for DAG: example_dag_decorator
[2023-01-12T07:48:00.620-0500] {processor.py:753} INFO - DAG(s) dict_keys(['example_dag_decorator']) retrieved from /Library/Frameworks/Python.framework/Versions/3.9/lib/python3.9/site-packages/airflow/example_dags/example_dag_decorator.py
[2023-01-12T07:48:01.094-0500] {logging_mixin.py:137} INFO - [2023-01-12T07:48:01.093-0500] {dag.py:2676} INFO - Sync 1 DAGs
[2023-01-12T07:48:01.110-0500] {logging_mixin.py:137} INFO - [2023-01-12T07:48:01.109-0500] {dag.py:3423} INFO - Setting next_dagrun for example_dag_decorator to None, run_after=None
[2023-01-12T07:48:01.129-0500] {processor.py:175} INFO - Processing /Library/Frameworks/Python.framework/Versions/3.9/lib/python3.9/site-packages/airflow/example_dags/example_dag_decorator.py took 0.823 seconds
[2023-01-12T07:52:06.605-0500] {processor.py:153} INFO - Started process (PID=16112) to work on /Library/Frameworks/Python.framework/Versions/3.9/lib/python3.9/site-packages/airflow/example_dags/example_dag_decorator.py
[2023-01-12T07:52:06.611-0500] {processor.py:743} INFO - Processing file /Library/Frameworks/Python.framework/Versions/3.9/lib/python3.9/site-packages/airflow/example_dags/example_dag_decorator.py for tasks to queue
[2023-01-12T07:52:06.612-0500] {logging_mixin.py:137} INFO - [2023-01-12T07:52:06.612-0500] {dagbag.py:538} INFO - Filling up the DagBag from /Library/Frameworks/Python.framework/Versions/3.9/lib/python3.9/site-packages/airflow/example_dags/example_dag_decorator.py
[2023-01-12T07:52:06.861-0500] {logging_mixin.py:137} INFO - [2023-01-12T07:52:06.861-0500] {taskmixin.py:205} WARNING - Dependency <Task(_PythonDecoratedOperator): prepare_email>, send_email already registered for DAG: example_dag_decorator
[2023-01-12T07:52:06.862-0500] {logging_mixin.py:137} INFO - [2023-01-12T07:52:06.861-0500] {taskmixin.py:205} WARNING - Dependency <Task(EmailOperator): send_email>, prepare_email already registered for DAG: example_dag_decorator
[2023-01-12T07:52:06.896-0500] {processor.py:753} INFO - DAG(s) dict_keys(['example_dag_decorator']) retrieved from /Library/Frameworks/Python.framework/Versions/3.9/lib/python3.9/site-packages/airflow/example_dags/example_dag_decorator.py
[2023-01-12T07:52:07.326-0500] {logging_mixin.py:137} INFO - [2023-01-12T07:52:07.325-0500] {dag.py:2676} INFO - Sync 1 DAGs
[2023-01-12T07:52:07.340-0500] {logging_mixin.py:137} INFO - [2023-01-12T07:52:07.340-0500] {dag.py:3423} INFO - Setting next_dagrun for example_dag_decorator to None, run_after=None
[2023-01-12T07:52:07.362-0500] {processor.py:175} INFO - Processing /Library/Frameworks/Python.framework/Versions/3.9/lib/python3.9/site-packages/airflow/example_dags/example_dag_decorator.py took 0.758 seconds
[2023-01-12T07:55:49.401-0500] {processor.py:153} INFO - Started process (PID=16183) to work on /Library/Frameworks/Python.framework/Versions/3.9/lib/python3.9/site-packages/airflow/example_dags/example_dag_decorator.py
[2023-01-12T07:55:49.407-0500] {processor.py:743} INFO - Processing file /Library/Frameworks/Python.framework/Versions/3.9/lib/python3.9/site-packages/airflow/example_dags/example_dag_decorator.py for tasks to queue
[2023-01-12T07:55:49.408-0500] {logging_mixin.py:137} INFO - [2023-01-12T07:55:49.408-0500] {dagbag.py:538} INFO - Filling up the DagBag from /Library/Frameworks/Python.framework/Versions/3.9/lib/python3.9/site-packages/airflow/example_dags/example_dag_decorator.py
[2023-01-12T07:55:49.654-0500] {logging_mixin.py:137} INFO - [2023-01-12T07:55:49.654-0500] {taskmixin.py:205} WARNING - Dependency <Task(_PythonDecoratedOperator): prepare_email>, send_email already registered for DAG: example_dag_decorator
[2023-01-12T07:55:49.654-0500] {logging_mixin.py:137} INFO - [2023-01-12T07:55:49.654-0500] {taskmixin.py:205} WARNING - Dependency <Task(EmailOperator): send_email>, prepare_email already registered for DAG: example_dag_decorator
[2023-01-12T07:55:49.690-0500] {processor.py:753} INFO - DAG(s) dict_keys(['example_dag_decorator']) retrieved from /Library/Frameworks/Python.framework/Versions/3.9/lib/python3.9/site-packages/airflow/example_dags/example_dag_decorator.py
[2023-01-12T07:55:50.200-0500] {logging_mixin.py:137} INFO - [2023-01-12T07:55:50.200-0500] {dag.py:2676} INFO - Sync 1 DAGs
[2023-01-12T07:55:50.219-0500] {logging_mixin.py:137} INFO - [2023-01-12T07:55:50.219-0500] {dag.py:3423} INFO - Setting next_dagrun for example_dag_decorator to None, run_after=None
[2023-01-12T07:55:50.239-0500] {processor.py:175} INFO - Processing /Library/Frameworks/Python.framework/Versions/3.9/lib/python3.9/site-packages/airflow/example_dags/example_dag_decorator.py took 0.838 seconds
[2023-01-12T07:59:48.411-0500] {processor.py:153} INFO - Started process (PID=16404) to work on /Library/Frameworks/Python.framework/Versions/3.9/lib/python3.9/site-packages/airflow/example_dags/example_dag_decorator.py
[2023-01-12T07:59:48.418-0500] {processor.py:743} INFO - Processing file /Library/Frameworks/Python.framework/Versions/3.9/lib/python3.9/site-packages/airflow/example_dags/example_dag_decorator.py for tasks to queue
[2023-01-12T07:59:48.419-0500] {logging_mixin.py:137} INFO - [2023-01-12T07:59:48.419-0500] {dagbag.py:538} INFO - Filling up the DagBag from /Library/Frameworks/Python.framework/Versions/3.9/lib/python3.9/site-packages/airflow/example_dags/example_dag_decorator.py
[2023-01-12T07:59:48.764-0500] {logging_mixin.py:137} INFO - [2023-01-12T07:59:48.764-0500] {taskmixin.py:205} WARNING - Dependency <Task(_PythonDecoratedOperator): prepare_email>, send_email already registered for DAG: example_dag_decorator
[2023-01-12T07:59:48.765-0500] {logging_mixin.py:137} INFO - [2023-01-12T07:59:48.765-0500] {taskmixin.py:205} WARNING - Dependency <Task(EmailOperator): send_email>, prepare_email already registered for DAG: example_dag_decorator
[2023-01-12T07:59:48.814-0500] {processor.py:753} INFO - DAG(s) dict_keys(['example_dag_decorator']) retrieved from /Library/Frameworks/Python.framework/Versions/3.9/lib/python3.9/site-packages/airflow/example_dags/example_dag_decorator.py
[2023-01-12T07:59:49.392-0500] {logging_mixin.py:137} INFO - [2023-01-12T07:59:49.391-0500] {dag.py:2676} INFO - Sync 1 DAGs
[2023-01-12T07:59:49.412-0500] {logging_mixin.py:137} INFO - [2023-01-12T07:59:49.412-0500] {dag.py:3423} INFO - Setting next_dagrun for example_dag_decorator to None, run_after=None
[2023-01-12T07:59:49.436-0500] {processor.py:175} INFO - Processing /Library/Frameworks/Python.framework/Versions/3.9/lib/python3.9/site-packages/airflow/example_dags/example_dag_decorator.py took 1.026 seconds
[2023-01-12T08:06:28.337-0500] {processor.py:153} INFO - Started process (PID=16615) to work on /Library/Frameworks/Python.framework/Versions/3.9/lib/python3.9/site-packages/airflow/example_dags/example_dag_decorator.py
[2023-01-12T08:06:28.348-0500] {processor.py:743} INFO - Processing file /Library/Frameworks/Python.framework/Versions/3.9/lib/python3.9/site-packages/airflow/example_dags/example_dag_decorator.py for tasks to queue
[2023-01-12T08:06:28.349-0500] {logging_mixin.py:137} INFO - [2023-01-12T08:06:28.349-0500] {dagbag.py:538} INFO - Filling up the DagBag from /Library/Frameworks/Python.framework/Versions/3.9/lib/python3.9/site-packages/airflow/example_dags/example_dag_decorator.py
[2023-01-12T08:06:28.807-0500] {logging_mixin.py:137} INFO - [2023-01-12T08:06:28.807-0500] {taskmixin.py:205} WARNING - Dependency <Task(_PythonDecoratedOperator): prepare_email>, send_email already registered for DAG: example_dag_decorator
[2023-01-12T08:06:28.808-0500] {logging_mixin.py:137} INFO - [2023-01-12T08:06:28.807-0500] {taskmixin.py:205} WARNING - Dependency <Task(EmailOperator): send_email>, prepare_email already registered for DAG: example_dag_decorator
[2023-01-12T08:06:28.875-0500] {processor.py:753} INFO - DAG(s) dict_keys(['example_dag_decorator']) retrieved from /Library/Frameworks/Python.framework/Versions/3.9/lib/python3.9/site-packages/airflow/example_dags/example_dag_decorator.py
[2023-01-12T08:06:29.698-0500] {logging_mixin.py:137} INFO - [2023-01-12T08:06:29.698-0500] {dag.py:2676} INFO - Sync 1 DAGs
[2023-01-12T08:06:29.728-0500] {logging_mixin.py:137} INFO - [2023-01-12T08:06:29.728-0500] {dag.py:3423} INFO - Setting next_dagrun for example_dag_decorator to None, run_after=None
[2023-01-12T08:06:29.764-0500] {processor.py:175} INFO - Processing /Library/Frameworks/Python.framework/Versions/3.9/lib/python3.9/site-packages/airflow/example_dags/example_dag_decorator.py took 1.428 seconds
[2023-01-12T08:20:39.570-0500] {processor.py:153} INFO - Started process (PID=17281) to work on /Library/Frameworks/Python.framework/Versions/3.9/lib/python3.9/site-packages/airflow/example_dags/example_dag_decorator.py
[2023-01-12T08:20:39.580-0500] {processor.py:743} INFO - Processing file /Library/Frameworks/Python.framework/Versions/3.9/lib/python3.9/site-packages/airflow/example_dags/example_dag_decorator.py for tasks to queue
[2023-01-12T08:20:39.581-0500] {logging_mixin.py:137} INFO - [2023-01-12T08:20:39.581-0500] {dagbag.py:538} INFO - Filling up the DagBag from /Library/Frameworks/Python.framework/Versions/3.9/lib/python3.9/site-packages/airflow/example_dags/example_dag_decorator.py
[2023-01-12T08:20:39.998-0500] {logging_mixin.py:137} INFO - [2023-01-12T08:20:39.998-0500] {taskmixin.py:205} WARNING - Dependency <Task(_PythonDecoratedOperator): prepare_email>, send_email already registered for DAG: example_dag_decorator
[2023-01-12T08:20:39.999-0500] {logging_mixin.py:137} INFO - [2023-01-12T08:20:39.998-0500] {taskmixin.py:205} WARNING - Dependency <Task(EmailOperator): send_email>, prepare_email already registered for DAG: example_dag_decorator
[2023-01-12T08:20:40.059-0500] {processor.py:753} INFO - DAG(s) dict_keys(['example_dag_decorator']) retrieved from /Library/Frameworks/Python.framework/Versions/3.9/lib/python3.9/site-packages/airflow/example_dags/example_dag_decorator.py
[2023-01-12T08:20:40.780-0500] {logging_mixin.py:137} INFO - [2023-01-12T08:20:40.780-0500] {dag.py:2676} INFO - Sync 1 DAGs
[2023-01-12T08:20:40.808-0500] {logging_mixin.py:137} INFO - [2023-01-12T08:20:40.808-0500] {dag.py:3423} INFO - Setting next_dagrun for example_dag_decorator to None, run_after=None
[2023-01-12T08:20:40.841-0500] {processor.py:175} INFO - Processing /Library/Frameworks/Python.framework/Versions/3.9/lib/python3.9/site-packages/airflow/example_dags/example_dag_decorator.py took 1.271 seconds
[2023-01-12T08:27:32.081-0500] {processor.py:153} INFO - Started process (PID=17488) to work on /Library/Frameworks/Python.framework/Versions/3.9/lib/python3.9/site-packages/airflow/example_dags/example_dag_decorator.py
[2023-01-12T08:27:32.091-0500] {processor.py:743} INFO - Processing file /Library/Frameworks/Python.framework/Versions/3.9/lib/python3.9/site-packages/airflow/example_dags/example_dag_decorator.py for tasks to queue
[2023-01-12T08:27:32.092-0500] {logging_mixin.py:137} INFO - [2023-01-12T08:27:32.091-0500] {dagbag.py:538} INFO - Filling up the DagBag from /Library/Frameworks/Python.framework/Versions/3.9/lib/python3.9/site-packages/airflow/example_dags/example_dag_decorator.py
[2023-01-12T08:27:32.495-0500] {logging_mixin.py:137} INFO - [2023-01-12T08:27:32.495-0500] {taskmixin.py:205} WARNING - Dependency <Task(_PythonDecoratedOperator): prepare_email>, send_email already registered for DAG: example_dag_decorator
[2023-01-12T08:27:32.495-0500] {logging_mixin.py:137} INFO - [2023-01-12T08:27:32.495-0500] {taskmixin.py:205} WARNING - Dependency <Task(EmailOperator): send_email>, prepare_email already registered for DAG: example_dag_decorator
[2023-01-12T08:27:32.561-0500] {processor.py:753} INFO - DAG(s) dict_keys(['example_dag_decorator']) retrieved from /Library/Frameworks/Python.framework/Versions/3.9/lib/python3.9/site-packages/airflow/example_dags/example_dag_decorator.py
[2023-01-12T08:27:33.282-0500] {logging_mixin.py:137} INFO - [2023-01-12T08:27:33.282-0500] {dag.py:2676} INFO - Sync 1 DAGs
[2023-01-12T08:27:33.309-0500] {logging_mixin.py:137} INFO - [2023-01-12T08:27:33.309-0500] {dag.py:3423} INFO - Setting next_dagrun for example_dag_decorator to None, run_after=None
[2023-01-12T08:27:33.344-0500] {processor.py:175} INFO - Processing /Library/Frameworks/Python.framework/Versions/3.9/lib/python3.9/site-packages/airflow/example_dags/example_dag_decorator.py took 1.264 seconds
