[2023-01-11T23:26:31.643-0500] {processor.py:153} INFO - Started process (PID=14452) to work on /Library/Frameworks/Python.framework/Versions/3.9/lib/python3.9/site-packages/airflow/example_dags/example_datasets.py
[2023-01-11T23:26:31.649-0500] {processor.py:743} INFO - Processing file /Library/Frameworks/Python.framework/Versions/3.9/lib/python3.9/site-packages/airflow/example_dags/example_datasets.py for tasks to queue
[2023-01-11T23:26:31.649-0500] {logging_mixin.py:137} INFO - [2023-01-11T23:26:31.649-0500] {dagbag.py:538} INFO - Filling up the DagBag from /Library/Frameworks/Python.framework/Versions/3.9/lib/python3.9/site-packages/airflow/example_dags/example_datasets.py
[2023-01-11T23:26:31.684-0500] {processor.py:753} INFO - DAG(s) dict_keys(['dataset_consumes_1_never_scheduled', 'dataset_produces_2', 'dataset_consumes_1', 'dataset_consumes_1_and_2', 'dataset_produces_1', 'dataset_consumes_unknown_never_scheduled']) retrieved from /Library/Frameworks/Python.framework/Versions/3.9/lib/python3.9/site-packages/airflow/example_dags/example_datasets.py
[2023-01-11T23:26:32.326-0500] {logging_mixin.py:137} INFO - [2023-01-11T23:26:32.326-0500] {dag.py:2676} INFO - Sync 6 DAGs
[2023-01-11T23:26:32.342-0500] {logging_mixin.py:137} INFO - [2023-01-11T23:26:32.342-0500] {dag.py:3423} INFO - Setting next_dagrun for dataset_consumes_1 to None, run_after=None
[2023-01-11T23:26:32.344-0500] {logging_mixin.py:137} INFO - [2023-01-11T23:26:32.344-0500] {dag.py:3423} INFO - Setting next_dagrun for dataset_consumes_1_and_2 to None, run_after=None
[2023-01-11T23:26:32.345-0500] {logging_mixin.py:137} INFO - [2023-01-11T23:26:32.345-0500] {dag.py:3423} INFO - Setting next_dagrun for dataset_consumes_1_never_scheduled to None, run_after=None
[2023-01-11T23:26:32.346-0500] {logging_mixin.py:137} INFO - [2023-01-11T23:26:32.346-0500] {dag.py:3423} INFO - Setting next_dagrun for dataset_consumes_unknown_never_scheduled to None, run_after=None
[2023-01-11T23:26:32.348-0500] {logging_mixin.py:137} INFO - [2023-01-11T23:26:32.348-0500] {dag.py:3423} INFO - Setting next_dagrun for dataset_produces_1 to 2023-01-11T00:00:00+00:00, run_after=2023-01-12T00:00:00+00:00
[2023-01-11T23:26:32.349-0500] {logging_mixin.py:137} INFO - [2023-01-11T23:26:32.349-0500] {dag.py:3423} INFO - Setting next_dagrun for dataset_produces_2 to None, run_after=None
[2023-01-11T23:26:32.377-0500] {processor.py:175} INFO - Processing /Library/Frameworks/Python.framework/Versions/3.9/lib/python3.9/site-packages/airflow/example_dags/example_datasets.py took 0.734 seconds
[2023-01-12T07:25:34.330-0500] {processor.py:153} INFO - Started process (PID=15059) to work on /Library/Frameworks/Python.framework/Versions/3.9/lib/python3.9/site-packages/airflow/example_dags/example_datasets.py
[2023-01-12T07:25:34.336-0500] {processor.py:743} INFO - Processing file /Library/Frameworks/Python.framework/Versions/3.9/lib/python3.9/site-packages/airflow/example_dags/example_datasets.py for tasks to queue
[2023-01-12T07:25:34.336-0500] {logging_mixin.py:137} INFO - [2023-01-12T07:25:34.336-0500] {dagbag.py:538} INFO - Filling up the DagBag from /Library/Frameworks/Python.framework/Versions/3.9/lib/python3.9/site-packages/airflow/example_dags/example_datasets.py
[2023-01-12T07:25:34.381-0500] {processor.py:753} INFO - DAG(s) dict_keys(['dataset_consumes_unknown_never_scheduled', 'dataset_produces_1', 'dataset_consumes_1_and_2', 'dataset_consumes_1', 'dataset_produces_2', 'dataset_consumes_1_never_scheduled']) retrieved from /Library/Frameworks/Python.framework/Versions/3.9/lib/python3.9/site-packages/airflow/example_dags/example_datasets.py
[2023-01-12T07:25:35.068-0500] {logging_mixin.py:137} INFO - [2023-01-12T07:25:35.067-0500] {dag.py:2676} INFO - Sync 6 DAGs
[2023-01-12T07:25:35.086-0500] {logging_mixin.py:137} INFO - [2023-01-12T07:25:35.085-0500] {dag.py:3423} INFO - Setting next_dagrun for dataset_consumes_1 to None, run_after=None
[2023-01-12T07:25:35.088-0500] {logging_mixin.py:137} INFO - [2023-01-12T07:25:35.088-0500] {dag.py:3423} INFO - Setting next_dagrun for dataset_consumes_1_and_2 to None, run_after=None
[2023-01-12T07:25:35.089-0500] {logging_mixin.py:137} INFO - [2023-01-12T07:25:35.089-0500] {dag.py:3423} INFO - Setting next_dagrun for dataset_consumes_1_never_scheduled to None, run_after=None
[2023-01-12T07:25:35.090-0500] {logging_mixin.py:137} INFO - [2023-01-12T07:25:35.090-0500] {dag.py:3423} INFO - Setting next_dagrun for dataset_consumes_unknown_never_scheduled to None, run_after=None
[2023-01-12T07:25:35.092-0500] {logging_mixin.py:137} INFO - [2023-01-12T07:25:35.092-0500] {dag.py:3423} INFO - Setting next_dagrun for dataset_produces_1 to 2023-01-11T00:00:00+00:00, run_after=2023-01-12T00:00:00+00:00
[2023-01-12T07:25:35.093-0500] {logging_mixin.py:137} INFO - [2023-01-12T07:25:35.093-0500] {dag.py:3423} INFO - Setting next_dagrun for dataset_produces_2 to None, run_after=None
[2023-01-12T07:25:35.125-0500] {processor.py:175} INFO - Processing /Library/Frameworks/Python.framework/Versions/3.9/lib/python3.9/site-packages/airflow/example_dags/example_datasets.py took 0.796 seconds
[2023-01-12T07:29:05.687-0500] {processor.py:153} INFO - Started process (PID=15198) to work on /Library/Frameworks/Python.framework/Versions/3.9/lib/python3.9/site-packages/airflow/example_dags/example_datasets.py
[2023-01-12T07:29:05.693-0500] {processor.py:743} INFO - Processing file /Library/Frameworks/Python.framework/Versions/3.9/lib/python3.9/site-packages/airflow/example_dags/example_datasets.py for tasks to queue
[2023-01-12T07:29:05.694-0500] {logging_mixin.py:137} INFO - [2023-01-12T07:29:05.693-0500] {dagbag.py:538} INFO - Filling up the DagBag from /Library/Frameworks/Python.framework/Versions/3.9/lib/python3.9/site-packages/airflow/example_dags/example_datasets.py
[2023-01-12T07:29:05.730-0500] {processor.py:753} INFO - DAG(s) dict_keys(['dataset_consumes_unknown_never_scheduled', 'dataset_consumes_1_and_2', 'dataset_consumes_1_never_scheduled', 'dataset_consumes_1', 'dataset_produces_2', 'dataset_produces_1']) retrieved from /Library/Frameworks/Python.framework/Versions/3.9/lib/python3.9/site-packages/airflow/example_dags/example_datasets.py
[2023-01-12T07:29:06.424-0500] {logging_mixin.py:137} INFO - [2023-01-12T07:29:06.424-0500] {dag.py:2676} INFO - Sync 6 DAGs
[2023-01-12T07:29:06.442-0500] {logging_mixin.py:137} INFO - [2023-01-12T07:29:06.441-0500] {dag.py:3423} INFO - Setting next_dagrun for dataset_consumes_1 to None, run_after=None
[2023-01-12T07:29:06.444-0500] {logging_mixin.py:137} INFO - [2023-01-12T07:29:06.444-0500] {dag.py:3423} INFO - Setting next_dagrun for dataset_consumes_1_and_2 to None, run_after=None
[2023-01-12T07:29:06.446-0500] {logging_mixin.py:137} INFO - [2023-01-12T07:29:06.446-0500] {dag.py:3423} INFO - Setting next_dagrun for dataset_consumes_1_never_scheduled to None, run_after=None
[2023-01-12T07:29:06.448-0500] {logging_mixin.py:137} INFO - [2023-01-12T07:29:06.447-0500] {dag.py:3423} INFO - Setting next_dagrun for dataset_consumes_unknown_never_scheduled to None, run_after=None
[2023-01-12T07:29:06.451-0500] {logging_mixin.py:137} INFO - [2023-01-12T07:29:06.451-0500] {dag.py:3423} INFO - Setting next_dagrun for dataset_produces_1 to 2023-01-11T00:00:00+00:00, run_after=2023-01-12T00:00:00+00:00
[2023-01-12T07:29:06.452-0500] {logging_mixin.py:137} INFO - [2023-01-12T07:29:06.452-0500] {dag.py:3423} INFO - Setting next_dagrun for dataset_produces_2 to None, run_after=None
[2023-01-12T07:29:06.519-0500] {processor.py:175} INFO - Processing /Library/Frameworks/Python.framework/Versions/3.9/lib/python3.9/site-packages/airflow/example_dags/example_datasets.py took 0.833 seconds
[2023-01-12T07:32:45.832-0500] {processor.py:153} INFO - Started process (PID=15479) to work on /Library/Frameworks/Python.framework/Versions/3.9/lib/python3.9/site-packages/airflow/example_dags/example_datasets.py
[2023-01-12T07:32:45.838-0500] {processor.py:743} INFO - Processing file /Library/Frameworks/Python.framework/Versions/3.9/lib/python3.9/site-packages/airflow/example_dags/example_datasets.py for tasks to queue
[2023-01-12T07:32:45.838-0500] {logging_mixin.py:137} INFO - [2023-01-12T07:32:45.838-0500] {dagbag.py:538} INFO - Filling up the DagBag from /Library/Frameworks/Python.framework/Versions/3.9/lib/python3.9/site-packages/airflow/example_dags/example_datasets.py
[2023-01-12T07:32:45.879-0500] {processor.py:753} INFO - DAG(s) dict_keys(['dataset_consumes_unknown_never_scheduled', 'dataset_produces_1', 'dataset_consumes_1', 'dataset_consumes_1_never_scheduled', 'dataset_produces_2', 'dataset_consumes_1_and_2']) retrieved from /Library/Frameworks/Python.framework/Versions/3.9/lib/python3.9/site-packages/airflow/example_dags/example_datasets.py
[2023-01-12T07:32:46.568-0500] {logging_mixin.py:137} INFO - [2023-01-12T07:32:46.567-0500] {dag.py:2676} INFO - Sync 6 DAGs
[2023-01-12T07:32:46.595-0500] {logging_mixin.py:137} INFO - [2023-01-12T07:32:46.595-0500] {dag.py:3423} INFO - Setting next_dagrun for dataset_consumes_1 to None, run_after=None
[2023-01-12T07:32:46.597-0500] {logging_mixin.py:137} INFO - [2023-01-12T07:32:46.597-0500] {dag.py:3423} INFO - Setting next_dagrun for dataset_consumes_1_and_2 to None, run_after=None
[2023-01-12T07:32:46.598-0500] {logging_mixin.py:137} INFO - [2023-01-12T07:32:46.598-0500] {dag.py:3423} INFO - Setting next_dagrun for dataset_consumes_1_never_scheduled to None, run_after=None
[2023-01-12T07:32:46.599-0500] {logging_mixin.py:137} INFO - [2023-01-12T07:32:46.598-0500] {dag.py:3423} INFO - Setting next_dagrun for dataset_consumes_unknown_never_scheduled to None, run_after=None
[2023-01-12T07:32:46.602-0500] {logging_mixin.py:137} INFO - [2023-01-12T07:32:46.601-0500] {dag.py:3423} INFO - Setting next_dagrun for dataset_produces_1 to 2023-01-11T00:00:00+00:00, run_after=2023-01-12T00:00:00+00:00
[2023-01-12T07:32:46.603-0500] {logging_mixin.py:137} INFO - [2023-01-12T07:32:46.602-0500] {dag.py:3423} INFO - Setting next_dagrun for dataset_produces_2 to None, run_after=None
[2023-01-12T07:32:46.633-0500] {processor.py:175} INFO - Processing /Library/Frameworks/Python.framework/Versions/3.9/lib/python3.9/site-packages/airflow/example_dags/example_datasets.py took 0.802 seconds
[2023-01-12T07:36:22.974-0500] {processor.py:153} INFO - Started process (PID=15568) to work on /Library/Frameworks/Python.framework/Versions/3.9/lib/python3.9/site-packages/airflow/example_dags/example_datasets.py
[2023-01-12T07:36:22.989-0500] {processor.py:743} INFO - Processing file /Library/Frameworks/Python.framework/Versions/3.9/lib/python3.9/site-packages/airflow/example_dags/example_datasets.py for tasks to queue
[2023-01-12T07:36:23.014-0500] {logging_mixin.py:137} INFO - [2023-01-12T07:36:23.013-0500] {dagbag.py:538} INFO - Filling up the DagBag from /Library/Frameworks/Python.framework/Versions/3.9/lib/python3.9/site-packages/airflow/example_dags/example_datasets.py
[2023-01-12T07:36:23.052-0500] {processor.py:753} INFO - DAG(s) dict_keys(['dataset_consumes_1_and_2', 'dataset_produces_2', 'dataset_produces_1', 'dataset_consumes_1_never_scheduled', 'dataset_consumes_1', 'dataset_consumes_unknown_never_scheduled']) retrieved from /Library/Frameworks/Python.framework/Versions/3.9/lib/python3.9/site-packages/airflow/example_dags/example_datasets.py
[2023-01-12T07:36:23.750-0500] {logging_mixin.py:137} INFO - [2023-01-12T07:36:23.750-0500] {dag.py:2676} INFO - Sync 6 DAGs
[2023-01-12T07:36:23.767-0500] {logging_mixin.py:137} INFO - [2023-01-12T07:36:23.767-0500] {dag.py:3423} INFO - Setting next_dagrun for dataset_consumes_1 to None, run_after=None
[2023-01-12T07:36:23.770-0500] {logging_mixin.py:137} INFO - [2023-01-12T07:36:23.770-0500] {dag.py:3423} INFO - Setting next_dagrun for dataset_consumes_1_and_2 to None, run_after=None
[2023-01-12T07:36:23.771-0500] {logging_mixin.py:137} INFO - [2023-01-12T07:36:23.770-0500] {dag.py:3423} INFO - Setting next_dagrun for dataset_consumes_1_never_scheduled to None, run_after=None
[2023-01-12T07:36:23.771-0500] {logging_mixin.py:137} INFO - [2023-01-12T07:36:23.771-0500] {dag.py:3423} INFO - Setting next_dagrun for dataset_consumes_unknown_never_scheduled to None, run_after=None
[2023-01-12T07:36:23.774-0500] {logging_mixin.py:137} INFO - [2023-01-12T07:36:23.773-0500] {dag.py:3423} INFO - Setting next_dagrun for dataset_produces_1 to 2023-01-11T00:00:00+00:00, run_after=2023-01-12T00:00:00+00:00
[2023-01-12T07:36:23.774-0500] {logging_mixin.py:137} INFO - [2023-01-12T07:36:23.774-0500] {dag.py:3423} INFO - Setting next_dagrun for dataset_produces_2 to None, run_after=None
[2023-01-12T07:36:23.806-0500] {processor.py:175} INFO - Processing /Library/Frameworks/Python.framework/Versions/3.9/lib/python3.9/site-packages/airflow/example_dags/example_datasets.py took 0.833 seconds
[2023-01-12T07:40:08.133-0500] {processor.py:153} INFO - Started process (PID=15735) to work on /Library/Frameworks/Python.framework/Versions/3.9/lib/python3.9/site-packages/airflow/example_dags/example_datasets.py
[2023-01-12T07:40:08.140-0500] {processor.py:743} INFO - Processing file /Library/Frameworks/Python.framework/Versions/3.9/lib/python3.9/site-packages/airflow/example_dags/example_datasets.py for tasks to queue
[2023-01-12T07:40:08.140-0500] {logging_mixin.py:137} INFO - [2023-01-12T07:40:08.140-0500] {dagbag.py:538} INFO - Filling up the DagBag from /Library/Frameworks/Python.framework/Versions/3.9/lib/python3.9/site-packages/airflow/example_dags/example_datasets.py
[2023-01-12T07:40:08.177-0500] {processor.py:753} INFO - DAG(s) dict_keys(['dataset_consumes_1_never_scheduled', 'dataset_consumes_unknown_never_scheduled', 'dataset_produces_2', 'dataset_produces_1', 'dataset_consumes_1', 'dataset_consumes_1_and_2']) retrieved from /Library/Frameworks/Python.framework/Versions/3.9/lib/python3.9/site-packages/airflow/example_dags/example_datasets.py
[2023-01-12T07:40:08.982-0500] {logging_mixin.py:137} INFO - [2023-01-12T07:40:08.982-0500] {dag.py:2676} INFO - Sync 6 DAGs
[2023-01-12T07:40:09.005-0500] {logging_mixin.py:137} INFO - [2023-01-12T07:40:09.005-0500] {dag.py:3423} INFO - Setting next_dagrun for dataset_consumes_1 to None, run_after=None
[2023-01-12T07:40:09.008-0500] {logging_mixin.py:137} INFO - [2023-01-12T07:40:09.008-0500] {dag.py:3423} INFO - Setting next_dagrun for dataset_consumes_1_and_2 to None, run_after=None
[2023-01-12T07:40:09.009-0500] {logging_mixin.py:137} INFO - [2023-01-12T07:40:09.009-0500] {dag.py:3423} INFO - Setting next_dagrun for dataset_consumes_1_never_scheduled to None, run_after=None
[2023-01-12T07:40:09.010-0500] {logging_mixin.py:137} INFO - [2023-01-12T07:40:09.009-0500] {dag.py:3423} INFO - Setting next_dagrun for dataset_consumes_unknown_never_scheduled to None, run_after=None
[2023-01-12T07:40:09.012-0500] {logging_mixin.py:137} INFO - [2023-01-12T07:40:09.012-0500] {dag.py:3423} INFO - Setting next_dagrun for dataset_produces_1 to 2023-01-11T00:00:00+00:00, run_after=2023-01-12T00:00:00+00:00
[2023-01-12T07:40:09.014-0500] {logging_mixin.py:137} INFO - [2023-01-12T07:40:09.014-0500] {dag.py:3423} INFO - Setting next_dagrun for dataset_produces_2 to None, run_after=None
[2023-01-12T07:40:09.064-0500] {processor.py:175} INFO - Processing /Library/Frameworks/Python.framework/Versions/3.9/lib/python3.9/site-packages/airflow/example_dags/example_datasets.py took 0.931 seconds
[2023-01-12T07:44:07.154-0500] {processor.py:153} INFO - Started process (PID=15817) to work on /Library/Frameworks/Python.framework/Versions/3.9/lib/python3.9/site-packages/airflow/example_dags/example_datasets.py
[2023-01-12T07:44:07.161-0500] {processor.py:743} INFO - Processing file /Library/Frameworks/Python.framework/Versions/3.9/lib/python3.9/site-packages/airflow/example_dags/example_datasets.py for tasks to queue
[2023-01-12T07:44:07.162-0500] {logging_mixin.py:137} INFO - [2023-01-12T07:44:07.162-0500] {dagbag.py:538} INFO - Filling up the DagBag from /Library/Frameworks/Python.framework/Versions/3.9/lib/python3.9/site-packages/airflow/example_dags/example_datasets.py
[2023-01-12T07:44:07.203-0500] {processor.py:753} INFO - DAG(s) dict_keys(['dataset_produces_1', 'dataset_consumes_unknown_never_scheduled', 'dataset_consumes_1', 'dataset_consumes_1_never_scheduled', 'dataset_consumes_1_and_2', 'dataset_produces_2']) retrieved from /Library/Frameworks/Python.framework/Versions/3.9/lib/python3.9/site-packages/airflow/example_dags/example_datasets.py
[2023-01-12T07:44:08.052-0500] {logging_mixin.py:137} INFO - [2023-01-12T07:44:08.052-0500] {dag.py:2676} INFO - Sync 6 DAGs
[2023-01-12T07:44:08.074-0500] {logging_mixin.py:137} INFO - [2023-01-12T07:44:08.073-0500] {dag.py:3423} INFO - Setting next_dagrun for dataset_consumes_1 to None, run_after=None
[2023-01-12T07:44:08.076-0500] {logging_mixin.py:137} INFO - [2023-01-12T07:44:08.076-0500] {dag.py:3423} INFO - Setting next_dagrun for dataset_consumes_1_and_2 to None, run_after=None
[2023-01-12T07:44:08.077-0500] {logging_mixin.py:137} INFO - [2023-01-12T07:44:08.077-0500] {dag.py:3423} INFO - Setting next_dagrun for dataset_consumes_1_never_scheduled to None, run_after=None
[2023-01-12T07:44:08.078-0500] {logging_mixin.py:137} INFO - [2023-01-12T07:44:08.078-0500] {dag.py:3423} INFO - Setting next_dagrun for dataset_consumes_unknown_never_scheduled to None, run_after=None
[2023-01-12T07:44:08.081-0500] {logging_mixin.py:137} INFO - [2023-01-12T07:44:08.081-0500] {dag.py:3423} INFO - Setting next_dagrun for dataset_produces_1 to 2023-01-11T00:00:00+00:00, run_after=2023-01-12T00:00:00+00:00
[2023-01-12T07:44:08.083-0500] {logging_mixin.py:137} INFO - [2023-01-12T07:44:08.082-0500] {dag.py:3423} INFO - Setting next_dagrun for dataset_produces_2 to None, run_after=None
[2023-01-12T07:44:08.118-0500] {processor.py:175} INFO - Processing /Library/Frameworks/Python.framework/Versions/3.9/lib/python3.9/site-packages/airflow/example_dags/example_datasets.py took 0.964 seconds
[2023-01-12T07:47:56.782-0500] {processor.py:153} INFO - Started process (PID=15941) to work on /Library/Frameworks/Python.framework/Versions/3.9/lib/python3.9/site-packages/airflow/example_dags/example_datasets.py
[2023-01-12T07:47:56.789-0500] {processor.py:743} INFO - Processing file /Library/Frameworks/Python.framework/Versions/3.9/lib/python3.9/site-packages/airflow/example_dags/example_datasets.py for tasks to queue
[2023-01-12T07:47:56.789-0500] {logging_mixin.py:137} INFO - [2023-01-12T07:47:56.789-0500] {dagbag.py:538} INFO - Filling up the DagBag from /Library/Frameworks/Python.framework/Versions/3.9/lib/python3.9/site-packages/airflow/example_dags/example_datasets.py
[2023-01-12T07:47:56.825-0500] {processor.py:753} INFO - DAG(s) dict_keys(['dataset_produces_1', 'dataset_consumes_1_never_scheduled', 'dataset_consumes_1', 'dataset_consumes_unknown_never_scheduled', 'dataset_consumes_1_and_2', 'dataset_produces_2']) retrieved from /Library/Frameworks/Python.framework/Versions/3.9/lib/python3.9/site-packages/airflow/example_dags/example_datasets.py
[2023-01-12T07:47:57.546-0500] {logging_mixin.py:137} INFO - [2023-01-12T07:47:57.545-0500] {dag.py:2676} INFO - Sync 6 DAGs
[2023-01-12T07:47:57.566-0500] {logging_mixin.py:137} INFO - [2023-01-12T07:47:57.565-0500] {dag.py:3423} INFO - Setting next_dagrun for dataset_consumes_1 to None, run_after=None
[2023-01-12T07:47:57.570-0500] {logging_mixin.py:137} INFO - [2023-01-12T07:47:57.570-0500] {dag.py:3423} INFO - Setting next_dagrun for dataset_consumes_1_and_2 to None, run_after=None
[2023-01-12T07:47:57.571-0500] {logging_mixin.py:137} INFO - [2023-01-12T07:47:57.571-0500] {dag.py:3423} INFO - Setting next_dagrun for dataset_consumes_1_never_scheduled to None, run_after=None
[2023-01-12T07:47:57.572-0500] {logging_mixin.py:137} INFO - [2023-01-12T07:47:57.572-0500] {dag.py:3423} INFO - Setting next_dagrun for dataset_consumes_unknown_never_scheduled to None, run_after=None
[2023-01-12T07:47:57.575-0500] {logging_mixin.py:137} INFO - [2023-01-12T07:47:57.575-0500] {dag.py:3423} INFO - Setting next_dagrun for dataset_produces_1 to 2023-01-11T00:00:00+00:00, run_after=2023-01-12T00:00:00+00:00
[2023-01-12T07:47:57.576-0500] {logging_mixin.py:137} INFO - [2023-01-12T07:47:57.575-0500] {dag.py:3423} INFO - Setting next_dagrun for dataset_produces_2 to None, run_after=None
[2023-01-12T07:47:57.610-0500] {processor.py:175} INFO - Processing /Library/Frameworks/Python.framework/Versions/3.9/lib/python3.9/site-packages/airflow/example_dags/example_datasets.py took 0.829 seconds
[2023-01-12T07:52:03.419-0500] {processor.py:153} INFO - Started process (PID=16111) to work on /Library/Frameworks/Python.framework/Versions/3.9/lib/python3.9/site-packages/airflow/example_dags/example_datasets.py
[2023-01-12T07:52:03.425-0500] {processor.py:743} INFO - Processing file /Library/Frameworks/Python.framework/Versions/3.9/lib/python3.9/site-packages/airflow/example_dags/example_datasets.py for tasks to queue
[2023-01-12T07:52:03.425-0500] {logging_mixin.py:137} INFO - [2023-01-12T07:52:03.425-0500] {dagbag.py:538} INFO - Filling up the DagBag from /Library/Frameworks/Python.framework/Versions/3.9/lib/python3.9/site-packages/airflow/example_dags/example_datasets.py
[2023-01-12T07:52:03.462-0500] {processor.py:753} INFO - DAG(s) dict_keys(['dataset_consumes_1_and_2', 'dataset_consumes_1', 'dataset_consumes_1_never_scheduled', 'dataset_produces_1', 'dataset_produces_2', 'dataset_consumes_unknown_never_scheduled']) retrieved from /Library/Frameworks/Python.framework/Versions/3.9/lib/python3.9/site-packages/airflow/example_dags/example_datasets.py
[2023-01-12T07:52:04.139-0500] {logging_mixin.py:137} INFO - [2023-01-12T07:52:04.139-0500] {dag.py:2676} INFO - Sync 6 DAGs
[2023-01-12T07:52:04.155-0500] {logging_mixin.py:137} INFO - [2023-01-12T07:52:04.155-0500] {dag.py:3423} INFO - Setting next_dagrun for dataset_consumes_1 to None, run_after=None
[2023-01-12T07:52:04.158-0500] {logging_mixin.py:137} INFO - [2023-01-12T07:52:04.157-0500] {dag.py:3423} INFO - Setting next_dagrun for dataset_consumes_1_and_2 to None, run_after=None
[2023-01-12T07:52:04.159-0500] {logging_mixin.py:137} INFO - [2023-01-12T07:52:04.159-0500] {dag.py:3423} INFO - Setting next_dagrun for dataset_consumes_1_never_scheduled to None, run_after=None
[2023-01-12T07:52:04.160-0500] {logging_mixin.py:137} INFO - [2023-01-12T07:52:04.159-0500] {dag.py:3423} INFO - Setting next_dagrun for dataset_consumes_unknown_never_scheduled to None, run_after=None
[2023-01-12T07:52:04.162-0500] {logging_mixin.py:137} INFO - [2023-01-12T07:52:04.162-0500] {dag.py:3423} INFO - Setting next_dagrun for dataset_produces_1 to 2023-01-11T00:00:00+00:00, run_after=2023-01-12T00:00:00+00:00
[2023-01-12T07:52:04.163-0500] {logging_mixin.py:137} INFO - [2023-01-12T07:52:04.163-0500] {dag.py:3423} INFO - Setting next_dagrun for dataset_produces_2 to None, run_after=None
[2023-01-12T07:52:04.191-0500] {processor.py:175} INFO - Processing /Library/Frameworks/Python.framework/Versions/3.9/lib/python3.9/site-packages/airflow/example_dags/example_datasets.py took 0.773 seconds
[2023-01-12T07:55:45.968-0500] {processor.py:153} INFO - Started process (PID=16182) to work on /Library/Frameworks/Python.framework/Versions/3.9/lib/python3.9/site-packages/airflow/example_dags/example_datasets.py
[2023-01-12T07:55:45.974-0500] {processor.py:743} INFO - Processing file /Library/Frameworks/Python.framework/Versions/3.9/lib/python3.9/site-packages/airflow/example_dags/example_datasets.py for tasks to queue
[2023-01-12T07:55:45.974-0500] {logging_mixin.py:137} INFO - [2023-01-12T07:55:45.974-0500] {dagbag.py:538} INFO - Filling up the DagBag from /Library/Frameworks/Python.framework/Versions/3.9/lib/python3.9/site-packages/airflow/example_dags/example_datasets.py
[2023-01-12T07:55:46.013-0500] {processor.py:753} INFO - DAG(s) dict_keys(['dataset_consumes_1', 'dataset_produces_2', 'dataset_consumes_1_never_scheduled', 'dataset_consumes_1_and_2', 'dataset_consumes_unknown_never_scheduled', 'dataset_produces_1']) retrieved from /Library/Frameworks/Python.framework/Versions/3.9/lib/python3.9/site-packages/airflow/example_dags/example_datasets.py
[2023-01-12T07:55:46.747-0500] {logging_mixin.py:137} INFO - [2023-01-12T07:55:46.747-0500] {dag.py:2676} INFO - Sync 6 DAGs
[2023-01-12T07:55:46.766-0500] {logging_mixin.py:137} INFO - [2023-01-12T07:55:46.765-0500] {dag.py:3423} INFO - Setting next_dagrun for dataset_consumes_1 to None, run_after=None
[2023-01-12T07:55:46.768-0500] {logging_mixin.py:137} INFO - [2023-01-12T07:55:46.768-0500] {dag.py:3423} INFO - Setting next_dagrun for dataset_consumes_1_and_2 to None, run_after=None
[2023-01-12T07:55:46.769-0500] {logging_mixin.py:137} INFO - [2023-01-12T07:55:46.769-0500] {dag.py:3423} INFO - Setting next_dagrun for dataset_consumes_1_never_scheduled to None, run_after=None
[2023-01-12T07:55:46.770-0500] {logging_mixin.py:137} INFO - [2023-01-12T07:55:46.770-0500] {dag.py:3423} INFO - Setting next_dagrun for dataset_consumes_unknown_never_scheduled to None, run_after=None
[2023-01-12T07:55:46.773-0500] {logging_mixin.py:137} INFO - [2023-01-12T07:55:46.773-0500] {dag.py:3423} INFO - Setting next_dagrun for dataset_produces_1 to 2023-01-11T00:00:00+00:00, run_after=2023-01-12T00:00:00+00:00
[2023-01-12T07:55:46.774-0500] {logging_mixin.py:137} INFO - [2023-01-12T07:55:46.774-0500] {dag.py:3423} INFO - Setting next_dagrun for dataset_produces_2 to None, run_after=None
[2023-01-12T07:55:46.803-0500] {processor.py:175} INFO - Processing /Library/Frameworks/Python.framework/Versions/3.9/lib/python3.9/site-packages/airflow/example_dags/example_datasets.py took 0.836 seconds
[2023-01-12T07:59:44.338-0500] {processor.py:153} INFO - Started process (PID=16402) to work on /Library/Frameworks/Python.framework/Versions/3.9/lib/python3.9/site-packages/airflow/example_dags/example_datasets.py
[2023-01-12T07:59:44.344-0500] {processor.py:743} INFO - Processing file /Library/Frameworks/Python.framework/Versions/3.9/lib/python3.9/site-packages/airflow/example_dags/example_datasets.py for tasks to queue
[2023-01-12T07:59:44.345-0500] {logging_mixin.py:137} INFO - [2023-01-12T07:59:44.345-0500] {dagbag.py:538} INFO - Filling up the DagBag from /Library/Frameworks/Python.framework/Versions/3.9/lib/python3.9/site-packages/airflow/example_dags/example_datasets.py
[2023-01-12T07:59:44.393-0500] {processor.py:753} INFO - DAG(s) dict_keys(['dataset_produces_2', 'dataset_produces_1', 'dataset_consumes_unknown_never_scheduled', 'dataset_consumes_1_never_scheduled', 'dataset_consumes_1_and_2', 'dataset_consumes_1']) retrieved from /Library/Frameworks/Python.framework/Versions/3.9/lib/python3.9/site-packages/airflow/example_dags/example_datasets.py
[2023-01-12T07:59:45.282-0500] {logging_mixin.py:137} INFO - [2023-01-12T07:59:45.282-0500] {dag.py:2676} INFO - Sync 6 DAGs
[2023-01-12T07:59:45.309-0500] {logging_mixin.py:137} INFO - [2023-01-12T07:59:45.309-0500] {dag.py:3423} INFO - Setting next_dagrun for dataset_consumes_1 to None, run_after=None
[2023-01-12T07:59:45.313-0500] {logging_mixin.py:137} INFO - [2023-01-12T07:59:45.313-0500] {dag.py:3423} INFO - Setting next_dagrun for dataset_consumes_1_and_2 to None, run_after=None
[2023-01-12T07:59:45.315-0500] {logging_mixin.py:137} INFO - [2023-01-12T07:59:45.314-0500] {dag.py:3423} INFO - Setting next_dagrun for dataset_consumes_1_never_scheduled to None, run_after=None
[2023-01-12T07:59:45.316-0500] {logging_mixin.py:137} INFO - [2023-01-12T07:59:45.316-0500] {dag.py:3423} INFO - Setting next_dagrun for dataset_consumes_unknown_never_scheduled to None, run_after=None
[2023-01-12T07:59:45.319-0500] {logging_mixin.py:137} INFO - [2023-01-12T07:59:45.319-0500] {dag.py:3423} INFO - Setting next_dagrun for dataset_produces_1 to 2023-01-11T00:00:00+00:00, run_after=2023-01-12T00:00:00+00:00
[2023-01-12T07:59:45.321-0500] {logging_mixin.py:137} INFO - [2023-01-12T07:59:45.321-0500] {dag.py:3423} INFO - Setting next_dagrun for dataset_produces_2 to None, run_after=None
[2023-01-12T07:59:45.359-0500] {processor.py:175} INFO - Processing /Library/Frameworks/Python.framework/Versions/3.9/lib/python3.9/site-packages/airflow/example_dags/example_datasets.py took 1.022 seconds
[2023-01-12T08:06:23.005-0500] {processor.py:153} INFO - Started process (PID=16614) to work on /Library/Frameworks/Python.framework/Versions/3.9/lib/python3.9/site-packages/airflow/example_dags/example_datasets.py
[2023-01-12T08:06:23.014-0500] {processor.py:743} INFO - Processing file /Library/Frameworks/Python.framework/Versions/3.9/lib/python3.9/site-packages/airflow/example_dags/example_datasets.py for tasks to queue
[2023-01-12T08:06:23.016-0500] {logging_mixin.py:137} INFO - [2023-01-12T08:06:23.015-0500] {dagbag.py:538} INFO - Filling up the DagBag from /Library/Frameworks/Python.framework/Versions/3.9/lib/python3.9/site-packages/airflow/example_dags/example_datasets.py
[2023-01-12T08:06:23.072-0500] {processor.py:753} INFO - DAG(s) dict_keys(['dataset_consumes_1_and_2', 'dataset_produces_2', 'dataset_consumes_1_never_scheduled', 'dataset_consumes_unknown_never_scheduled', 'dataset_consumes_1', 'dataset_produces_1']) retrieved from /Library/Frameworks/Python.framework/Versions/3.9/lib/python3.9/site-packages/airflow/example_dags/example_datasets.py
[2023-01-12T08:06:24.247-0500] {logging_mixin.py:137} INFO - [2023-01-12T08:06:24.247-0500] {dag.py:2676} INFO - Sync 6 DAGs
[2023-01-12T08:06:24.278-0500] {logging_mixin.py:137} INFO - [2023-01-12T08:06:24.278-0500] {dag.py:3423} INFO - Setting next_dagrun for dataset_consumes_1 to None, run_after=None
[2023-01-12T08:06:24.283-0500] {logging_mixin.py:137} INFO - [2023-01-12T08:06:24.283-0500] {dag.py:3423} INFO - Setting next_dagrun for dataset_consumes_1_and_2 to None, run_after=None
[2023-01-12T08:06:24.285-0500] {logging_mixin.py:137} INFO - [2023-01-12T08:06:24.285-0500] {dag.py:3423} INFO - Setting next_dagrun for dataset_consumes_1_never_scheduled to None, run_after=None
[2023-01-12T08:06:24.287-0500] {logging_mixin.py:137} INFO - [2023-01-12T08:06:24.287-0500] {dag.py:3423} INFO - Setting next_dagrun for dataset_consumes_unknown_never_scheduled to None, run_after=None
[2023-01-12T08:06:24.291-0500] {logging_mixin.py:137} INFO - [2023-01-12T08:06:24.291-0500] {dag.py:3423} INFO - Setting next_dagrun for dataset_produces_1 to 2023-01-11T00:00:00+00:00, run_after=2023-01-12T00:00:00+00:00
[2023-01-12T08:06:24.293-0500] {logging_mixin.py:137} INFO - [2023-01-12T08:06:24.293-0500] {dag.py:3423} INFO - Setting next_dagrun for dataset_produces_2 to None, run_after=None
[2023-01-12T08:06:24.346-0500] {processor.py:175} INFO - Processing /Library/Frameworks/Python.framework/Versions/3.9/lib/python3.9/site-packages/airflow/example_dags/example_datasets.py took 1.343 seconds
[2023-01-12T08:20:34.746-0500] {processor.py:153} INFO - Started process (PID=17272) to work on /Library/Frameworks/Python.framework/Versions/3.9/lib/python3.9/site-packages/airflow/example_dags/example_datasets.py
[2023-01-12T08:20:34.756-0500] {processor.py:743} INFO - Processing file /Library/Frameworks/Python.framework/Versions/3.9/lib/python3.9/site-packages/airflow/example_dags/example_datasets.py for tasks to queue
[2023-01-12T08:20:34.757-0500] {logging_mixin.py:137} INFO - [2023-01-12T08:20:34.756-0500] {dagbag.py:538} INFO - Filling up the DagBag from /Library/Frameworks/Python.framework/Versions/3.9/lib/python3.9/site-packages/airflow/example_dags/example_datasets.py
[2023-01-12T08:20:34.810-0500] {processor.py:753} INFO - DAG(s) dict_keys(['dataset_consumes_1', 'dataset_produces_1', 'dataset_produces_2', 'dataset_consumes_unknown_never_scheduled', 'dataset_consumes_1_never_scheduled', 'dataset_consumes_1_and_2']) retrieved from /Library/Frameworks/Python.framework/Versions/3.9/lib/python3.9/site-packages/airflow/example_dags/example_datasets.py
[2023-01-12T08:20:35.927-0500] {logging_mixin.py:137} INFO - [2023-01-12T08:20:35.927-0500] {dag.py:2676} INFO - Sync 6 DAGs
[2023-01-12T08:20:35.958-0500] {logging_mixin.py:137} INFO - [2023-01-12T08:20:35.958-0500] {dag.py:3423} INFO - Setting next_dagrun for dataset_consumes_1 to None, run_after=None
[2023-01-12T08:20:35.961-0500] {logging_mixin.py:137} INFO - [2023-01-12T08:20:35.961-0500] {dag.py:3423} INFO - Setting next_dagrun for dataset_consumes_1_and_2 to None, run_after=None
[2023-01-12T08:20:35.963-0500] {logging_mixin.py:137} INFO - [2023-01-12T08:20:35.963-0500] {dag.py:3423} INFO - Setting next_dagrun for dataset_consumes_1_never_scheduled to None, run_after=None
[2023-01-12T08:20:35.964-0500] {logging_mixin.py:137} INFO - [2023-01-12T08:20:35.964-0500] {dag.py:3423} INFO - Setting next_dagrun for dataset_consumes_unknown_never_scheduled to None, run_after=None
[2023-01-12T08:20:35.968-0500] {logging_mixin.py:137} INFO - [2023-01-12T08:20:35.968-0500] {dag.py:3423} INFO - Setting next_dagrun for dataset_produces_1 to 2023-01-11T00:00:00+00:00, run_after=2023-01-12T00:00:00+00:00
[2023-01-12T08:20:35.970-0500] {logging_mixin.py:137} INFO - [2023-01-12T08:20:35.970-0500] {dag.py:3423} INFO - Setting next_dagrun for dataset_produces_2 to None, run_after=None
[2023-01-12T08:20:36.018-0500] {processor.py:175} INFO - Processing /Library/Frameworks/Python.framework/Versions/3.9/lib/python3.9/site-packages/airflow/example_dags/example_datasets.py took 1.272 seconds
[2023-01-12T08:27:28.142-0500] {processor.py:153} INFO - Started process (PID=17487) to work on /Library/Frameworks/Python.framework/Versions/3.9/lib/python3.9/site-packages/airflow/example_dags/example_datasets.py
[2023-01-12T08:27:28.153-0500] {processor.py:743} INFO - Processing file /Library/Frameworks/Python.framework/Versions/3.9/lib/python3.9/site-packages/airflow/example_dags/example_datasets.py for tasks to queue
[2023-01-12T08:27:28.154-0500] {logging_mixin.py:137} INFO - [2023-01-12T08:27:28.153-0500] {dagbag.py:538} INFO - Filling up the DagBag from /Library/Frameworks/Python.framework/Versions/3.9/lib/python3.9/site-packages/airflow/example_dags/example_datasets.py
[2023-01-12T08:27:28.219-0500] {processor.py:753} INFO - DAG(s) dict_keys(['dataset_produces_2', 'dataset_produces_1', 'dataset_consumes_unknown_never_scheduled', 'dataset_consumes_1_and_2', 'dataset_consumes_1_never_scheduled', 'dataset_consumes_1']) retrieved from /Library/Frameworks/Python.framework/Versions/3.9/lib/python3.9/site-packages/airflow/example_dags/example_datasets.py
[2023-01-12T08:27:29.328-0500] {logging_mixin.py:137} INFO - [2023-01-12T08:27:29.327-0500] {dag.py:2676} INFO - Sync 6 DAGs
[2023-01-12T08:27:29.356-0500] {logging_mixin.py:137} INFO - [2023-01-12T08:27:29.355-0500] {dag.py:3423} INFO - Setting next_dagrun for dataset_consumes_1 to None, run_after=None
[2023-01-12T08:27:29.359-0500] {logging_mixin.py:137} INFO - [2023-01-12T08:27:29.359-0500] {dag.py:3423} INFO - Setting next_dagrun for dataset_consumes_1_and_2 to None, run_after=None
[2023-01-12T08:27:29.361-0500] {logging_mixin.py:137} INFO - [2023-01-12T08:27:29.361-0500] {dag.py:3423} INFO - Setting next_dagrun for dataset_consumes_1_never_scheduled to None, run_after=None
[2023-01-12T08:27:29.362-0500] {logging_mixin.py:137} INFO - [2023-01-12T08:27:29.362-0500] {dag.py:3423} INFO - Setting next_dagrun for dataset_consumes_unknown_never_scheduled to None, run_after=None
[2023-01-12T08:27:29.366-0500] {logging_mixin.py:137} INFO - [2023-01-12T08:27:29.366-0500] {dag.py:3423} INFO - Setting next_dagrun for dataset_produces_1 to 2023-01-11T00:00:00+00:00, run_after=2023-01-12T00:00:00+00:00
[2023-01-12T08:27:29.367-0500] {logging_mixin.py:137} INFO - [2023-01-12T08:27:29.367-0500] {dag.py:3423} INFO - Setting next_dagrun for dataset_produces_2 to None, run_after=None
[2023-01-12T08:27:29.423-0500] {processor.py:175} INFO - Processing /Library/Frameworks/Python.framework/Versions/3.9/lib/python3.9/site-packages/airflow/example_dags/example_datasets.py took 1.282 seconds
