[2023-01-12T07:23:29.736-0500] {processor.py:153} INFO - Started process (PID=14972) to work on /Library/Frameworks/Python.framework/Versions/3.9/lib/python3.9/site-packages/airflow/example_dags/example_complex.py
[2023-01-12T07:23:29.743-0500] {processor.py:743} INFO - Processing file /Library/Frameworks/Python.framework/Versions/3.9/lib/python3.9/site-packages/airflow/example_dags/example_complex.py for tasks to queue
[2023-01-12T07:23:29.744-0500] {logging_mixin.py:137} INFO - [2023-01-12T07:23:29.744-0500] {dagbag.py:538} INFO - Filling up the DagBag from /Library/Frameworks/Python.framework/Versions/3.9/lib/python3.9/site-packages/airflow/example_dags/example_complex.py
[2023-01-12T07:23:29.782-0500] {logging_mixin.py:137} INFO - [2023-01-12T07:23:29.782-0500] {taskmixin.py:205} WARNING - Dependency <Task(BashOperator): create_entry_group>, delete_entry_group already registered for DAG: example_complex
[2023-01-12T07:23:29.836-0500] {logging_mixin.py:137} INFO - [2023-01-12T07:23:29.836-0500] {taskmixin.py:205} WARNING - Dependency <Task(BashOperator): delete_entry_group>, create_entry_group already registered for DAG: example_complex
[2023-01-12T07:23:29.837-0500] {logging_mixin.py:137} INFO - [2023-01-12T07:23:29.837-0500] {taskmixin.py:205} WARNING - Dependency <Task(BashOperator): create_entry_gcs>, delete_entry already registered for DAG: example_complex
[2023-01-12T07:23:29.837-0500] {logging_mixin.py:137} INFO - [2023-01-12T07:23:29.837-0500] {taskmixin.py:205} WARNING - Dependency <Task(BashOperator): delete_entry>, create_entry_gcs already registered for DAG: example_complex
[2023-01-12T07:23:29.838-0500] {logging_mixin.py:137} INFO - [2023-01-12T07:23:29.838-0500] {taskmixin.py:205} WARNING - Dependency <Task(BashOperator): create_tag>, delete_tag already registered for DAG: example_complex
[2023-01-12T07:23:29.838-0500] {logging_mixin.py:137} INFO - [2023-01-12T07:23:29.838-0500] {taskmixin.py:205} WARNING - Dependency <Task(BashOperator): delete_tag>, create_tag already registered for DAG: example_complex
[2023-01-12T07:23:29.853-0500] {processor.py:753} INFO - DAG(s) dict_keys(['example_complex']) retrieved from /Library/Frameworks/Python.framework/Versions/3.9/lib/python3.9/site-packages/airflow/example_dags/example_complex.py
[2023-01-12T07:23:30.666-0500] {logging_mixin.py:137} INFO - [2023-01-12T07:23:30.666-0500] {dag.py:2676} INFO - Sync 1 DAGs
[2023-01-12T07:23:30.684-0500] {logging_mixin.py:137} INFO - [2023-01-12T07:23:30.684-0500] {dag.py:3423} INFO - Setting next_dagrun for example_complex to None, run_after=None
[2023-01-12T07:23:30.708-0500] {processor.py:175} INFO - Processing /Library/Frameworks/Python.framework/Versions/3.9/lib/python3.9/site-packages/airflow/example_dags/example_complex.py took 0.972 seconds
[2023-01-12T07:27:16.377-0500] {processor.py:153} INFO - Started process (PID=15134) to work on /Library/Frameworks/Python.framework/Versions/3.9/lib/python3.9/site-packages/airflow/example_dags/example_complex.py
[2023-01-12T07:27:16.382-0500] {processor.py:743} INFO - Processing file /Library/Frameworks/Python.framework/Versions/3.9/lib/python3.9/site-packages/airflow/example_dags/example_complex.py for tasks to queue
[2023-01-12T07:27:16.383-0500] {logging_mixin.py:137} INFO - [2023-01-12T07:27:16.383-0500] {dagbag.py:538} INFO - Filling up the DagBag from /Library/Frameworks/Python.framework/Versions/3.9/lib/python3.9/site-packages/airflow/example_dags/example_complex.py
[2023-01-12T07:27:16.411-0500] {logging_mixin.py:137} INFO - [2023-01-12T07:27:16.411-0500] {taskmixin.py:205} WARNING - Dependency <Task(BashOperator): create_entry_group>, delete_entry_group already registered for DAG: example_complex
[2023-01-12T07:27:16.411-0500] {logging_mixin.py:137} INFO - [2023-01-12T07:27:16.411-0500] {taskmixin.py:205} WARNING - Dependency <Task(BashOperator): delete_entry_group>, create_entry_group already registered for DAG: example_complex
[2023-01-12T07:27:16.412-0500] {logging_mixin.py:137} INFO - [2023-01-12T07:27:16.412-0500] {taskmixin.py:205} WARNING - Dependency <Task(BashOperator): create_entry_gcs>, delete_entry already registered for DAG: example_complex
[2023-01-12T07:27:16.412-0500] {logging_mixin.py:137} INFO - [2023-01-12T07:27:16.412-0500] {taskmixin.py:205} WARNING - Dependency <Task(BashOperator): delete_entry>, create_entry_gcs already registered for DAG: example_complex
[2023-01-12T07:27:16.412-0500] {logging_mixin.py:137} INFO - [2023-01-12T07:27:16.412-0500] {taskmixin.py:205} WARNING - Dependency <Task(BashOperator): create_tag>, delete_tag already registered for DAG: example_complex
[2023-01-12T07:27:16.412-0500] {logging_mixin.py:137} INFO - [2023-01-12T07:27:16.412-0500] {taskmixin.py:205} WARNING - Dependency <Task(BashOperator): delete_tag>, create_tag already registered for DAG: example_complex
[2023-01-12T07:27:16.429-0500] {processor.py:753} INFO - DAG(s) dict_keys(['example_complex']) retrieved from /Library/Frameworks/Python.framework/Versions/3.9/lib/python3.9/site-packages/airflow/example_dags/example_complex.py
[2023-01-12T07:27:17.312-0500] {logging_mixin.py:137} INFO - [2023-01-12T07:27:17.311-0500] {dag.py:2676} INFO - Sync 1 DAGs
[2023-01-12T07:27:17.332-0500] {logging_mixin.py:137} INFO - [2023-01-12T07:27:17.332-0500] {dag.py:3423} INFO - Setting next_dagrun for example_complex to None, run_after=None
[2023-01-12T07:27:17.374-0500] {processor.py:175} INFO - Processing /Library/Frameworks/Python.framework/Versions/3.9/lib/python3.9/site-packages/airflow/example_dags/example_complex.py took 0.999 seconds
[2023-01-12T07:30:50.019-0500] {processor.py:153} INFO - Started process (PID=15326) to work on /Library/Frameworks/Python.framework/Versions/3.9/lib/python3.9/site-packages/airflow/example_dags/example_complex.py
[2023-01-12T07:30:50.025-0500] {processor.py:743} INFO - Processing file /Library/Frameworks/Python.framework/Versions/3.9/lib/python3.9/site-packages/airflow/example_dags/example_complex.py for tasks to queue
[2023-01-12T07:30:50.025-0500] {logging_mixin.py:137} INFO - [2023-01-12T07:30:50.025-0500] {dagbag.py:538} INFO - Filling up the DagBag from /Library/Frameworks/Python.framework/Versions/3.9/lib/python3.9/site-packages/airflow/example_dags/example_complex.py
[2023-01-12T07:30:50.050-0500] {logging_mixin.py:137} INFO - [2023-01-12T07:30:50.050-0500] {taskmixin.py:205} WARNING - Dependency <Task(BashOperator): create_entry_group>, delete_entry_group already registered for DAG: example_complex
[2023-01-12T07:30:50.050-0500] {logging_mixin.py:137} INFO - [2023-01-12T07:30:50.050-0500] {taskmixin.py:205} WARNING - Dependency <Task(BashOperator): delete_entry_group>, create_entry_group already registered for DAG: example_complex
[2023-01-12T07:30:50.050-0500] {logging_mixin.py:137} INFO - [2023-01-12T07:30:50.050-0500] {taskmixin.py:205} WARNING - Dependency <Task(BashOperator): create_entry_gcs>, delete_entry already registered for DAG: example_complex
[2023-01-12T07:30:50.051-0500] {logging_mixin.py:137} INFO - [2023-01-12T07:30:50.050-0500] {taskmixin.py:205} WARNING - Dependency <Task(BashOperator): delete_entry>, create_entry_gcs already registered for DAG: example_complex
[2023-01-12T07:30:50.051-0500] {logging_mixin.py:137} INFO - [2023-01-12T07:30:50.051-0500] {taskmixin.py:205} WARNING - Dependency <Task(BashOperator): create_tag>, delete_tag already registered for DAG: example_complex
[2023-01-12T07:30:50.051-0500] {logging_mixin.py:137} INFO - [2023-01-12T07:30:50.051-0500] {taskmixin.py:205} WARNING - Dependency <Task(BashOperator): delete_tag>, create_tag already registered for DAG: example_complex
[2023-01-12T07:30:50.061-0500] {processor.py:753} INFO - DAG(s) dict_keys(['example_complex']) retrieved from /Library/Frameworks/Python.framework/Versions/3.9/lib/python3.9/site-packages/airflow/example_dags/example_complex.py
[2023-01-12T07:30:50.731-0500] {logging_mixin.py:137} INFO - [2023-01-12T07:30:50.730-0500] {dag.py:2676} INFO - Sync 1 DAGs
[2023-01-12T07:30:50.746-0500] {logging_mixin.py:137} INFO - [2023-01-12T07:30:50.746-0500] {dag.py:3423} INFO - Setting next_dagrun for example_complex to None, run_after=None
[2023-01-12T07:30:50.766-0500] {processor.py:175} INFO - Processing /Library/Frameworks/Python.framework/Versions/3.9/lib/python3.9/site-packages/airflow/example_dags/example_complex.py took 0.747 seconds
[2023-01-12T07:34:23.157-0500] {processor.py:153} INFO - Started process (PID=15520) to work on /Library/Frameworks/Python.framework/Versions/3.9/lib/python3.9/site-packages/airflow/example_dags/example_complex.py
[2023-01-12T07:34:23.167-0500] {processor.py:743} INFO - Processing file /Library/Frameworks/Python.framework/Versions/3.9/lib/python3.9/site-packages/airflow/example_dags/example_complex.py for tasks to queue
[2023-01-12T07:34:23.168-0500] {logging_mixin.py:137} INFO - [2023-01-12T07:34:23.167-0500] {dagbag.py:538} INFO - Filling up the DagBag from /Library/Frameworks/Python.framework/Versions/3.9/lib/python3.9/site-packages/airflow/example_dags/example_complex.py
[2023-01-12T07:34:23.197-0500] {logging_mixin.py:137} INFO - [2023-01-12T07:34:23.197-0500] {taskmixin.py:205} WARNING - Dependency <Task(BashOperator): create_entry_group>, delete_entry_group already registered for DAG: example_complex
[2023-01-12T07:34:23.198-0500] {logging_mixin.py:137} INFO - [2023-01-12T07:34:23.198-0500] {taskmixin.py:205} WARNING - Dependency <Task(BashOperator): delete_entry_group>, create_entry_group already registered for DAG: example_complex
[2023-01-12T07:34:23.199-0500] {logging_mixin.py:137} INFO - [2023-01-12T07:34:23.198-0500] {taskmixin.py:205} WARNING - Dependency <Task(BashOperator): create_entry_gcs>, delete_entry already registered for DAG: example_complex
[2023-01-12T07:34:23.199-0500] {logging_mixin.py:137} INFO - [2023-01-12T07:34:23.199-0500] {taskmixin.py:205} WARNING - Dependency <Task(BashOperator): delete_entry>, create_entry_gcs already registered for DAG: example_complex
[2023-01-12T07:34:23.199-0500] {logging_mixin.py:137} INFO - [2023-01-12T07:34:23.199-0500] {taskmixin.py:205} WARNING - Dependency <Task(BashOperator): create_tag>, delete_tag already registered for DAG: example_complex
[2023-01-12T07:34:23.199-0500] {logging_mixin.py:137} INFO - [2023-01-12T07:34:23.199-0500] {taskmixin.py:205} WARNING - Dependency <Task(BashOperator): delete_tag>, create_tag already registered for DAG: example_complex
[2023-01-12T07:34:23.213-0500] {processor.py:753} INFO - DAG(s) dict_keys(['example_complex']) retrieved from /Library/Frameworks/Python.framework/Versions/3.9/lib/python3.9/site-packages/airflow/example_dags/example_complex.py
[2023-01-12T07:34:23.959-0500] {logging_mixin.py:137} INFO - [2023-01-12T07:34:23.959-0500] {dag.py:2676} INFO - Sync 1 DAGs
[2023-01-12T07:34:23.976-0500] {logging_mixin.py:137} INFO - [2023-01-12T07:34:23.976-0500] {dag.py:3423} INFO - Setting next_dagrun for example_complex to None, run_after=None
[2023-01-12T07:34:23.999-0500] {processor.py:175} INFO - Processing /Library/Frameworks/Python.framework/Versions/3.9/lib/python3.9/site-packages/airflow/example_dags/example_complex.py took 0.847 seconds
[2023-01-12T07:37:58.512-0500] {processor.py:153} INFO - Started process (PID=15596) to work on /Library/Frameworks/Python.framework/Versions/3.9/lib/python3.9/site-packages/airflow/example_dags/example_complex.py
[2023-01-12T07:37:58.523-0500] {processor.py:743} INFO - Processing file /Library/Frameworks/Python.framework/Versions/3.9/lib/python3.9/site-packages/airflow/example_dags/example_complex.py for tasks to queue
[2023-01-12T07:37:58.524-0500] {logging_mixin.py:137} INFO - [2023-01-12T07:37:58.524-0500] {dagbag.py:538} INFO - Filling up the DagBag from /Library/Frameworks/Python.framework/Versions/3.9/lib/python3.9/site-packages/airflow/example_dags/example_complex.py
[2023-01-12T07:37:58.554-0500] {logging_mixin.py:137} INFO - [2023-01-12T07:37:58.554-0500] {taskmixin.py:205} WARNING - Dependency <Task(BashOperator): create_entry_group>, delete_entry_group already registered for DAG: example_complex
[2023-01-12T07:37:58.555-0500] {logging_mixin.py:137} INFO - [2023-01-12T07:37:58.554-0500] {taskmixin.py:205} WARNING - Dependency <Task(BashOperator): delete_entry_group>, create_entry_group already registered for DAG: example_complex
[2023-01-12T07:37:58.555-0500] {logging_mixin.py:137} INFO - [2023-01-12T07:37:58.555-0500] {taskmixin.py:205} WARNING - Dependency <Task(BashOperator): create_entry_gcs>, delete_entry already registered for DAG: example_complex
[2023-01-12T07:37:58.555-0500] {logging_mixin.py:137} INFO - [2023-01-12T07:37:58.555-0500] {taskmixin.py:205} WARNING - Dependency <Task(BashOperator): delete_entry>, create_entry_gcs already registered for DAG: example_complex
[2023-01-12T07:37:58.555-0500] {logging_mixin.py:137} INFO - [2023-01-12T07:37:58.555-0500] {taskmixin.py:205} WARNING - Dependency <Task(BashOperator): create_tag>, delete_tag already registered for DAG: example_complex
[2023-01-12T07:37:58.556-0500] {logging_mixin.py:137} INFO - [2023-01-12T07:37:58.555-0500] {taskmixin.py:205} WARNING - Dependency <Task(BashOperator): delete_tag>, create_tag already registered for DAG: example_complex
[2023-01-12T07:37:58.567-0500] {processor.py:753} INFO - DAG(s) dict_keys(['example_complex']) retrieved from /Library/Frameworks/Python.framework/Versions/3.9/lib/python3.9/site-packages/airflow/example_dags/example_complex.py
[2023-01-12T07:37:59.286-0500] {logging_mixin.py:137} INFO - [2023-01-12T07:37:59.285-0500] {dag.py:2676} INFO - Sync 1 DAGs
[2023-01-12T07:37:59.302-0500] {logging_mixin.py:137} INFO - [2023-01-12T07:37:59.302-0500] {dag.py:3423} INFO - Setting next_dagrun for example_complex to None, run_after=None
[2023-01-12T07:37:59.323-0500] {processor.py:175} INFO - Processing /Library/Frameworks/Python.framework/Versions/3.9/lib/python3.9/site-packages/airflow/example_dags/example_complex.py took 0.811 seconds
[2023-01-12T07:42:01.165-0500] {processor.py:153} INFO - Started process (PID=15774) to work on /Library/Frameworks/Python.framework/Versions/3.9/lib/python3.9/site-packages/airflow/example_dags/example_complex.py
[2023-01-12T07:42:01.173-0500] {processor.py:743} INFO - Processing file /Library/Frameworks/Python.framework/Versions/3.9/lib/python3.9/site-packages/airflow/example_dags/example_complex.py for tasks to queue
[2023-01-12T07:42:01.173-0500] {logging_mixin.py:137} INFO - [2023-01-12T07:42:01.173-0500] {dagbag.py:538} INFO - Filling up the DagBag from /Library/Frameworks/Python.framework/Versions/3.9/lib/python3.9/site-packages/airflow/example_dags/example_complex.py
[2023-01-12T07:42:01.210-0500] {logging_mixin.py:137} INFO - [2023-01-12T07:42:01.210-0500] {taskmixin.py:205} WARNING - Dependency <Task(BashOperator): create_entry_group>, delete_entry_group already registered for DAG: example_complex
[2023-01-12T07:42:01.210-0500] {logging_mixin.py:137} INFO - [2023-01-12T07:42:01.210-0500] {taskmixin.py:205} WARNING - Dependency <Task(BashOperator): delete_entry_group>, create_entry_group already registered for DAG: example_complex
[2023-01-12T07:42:01.210-0500] {logging_mixin.py:137} INFO - [2023-01-12T07:42:01.210-0500] {taskmixin.py:205} WARNING - Dependency <Task(BashOperator): create_entry_gcs>, delete_entry already registered for DAG: example_complex
[2023-01-12T07:42:01.211-0500] {logging_mixin.py:137} INFO - [2023-01-12T07:42:01.210-0500] {taskmixin.py:205} WARNING - Dependency <Task(BashOperator): delete_entry>, create_entry_gcs already registered for DAG: example_complex
[2023-01-12T07:42:01.211-0500] {logging_mixin.py:137} INFO - [2023-01-12T07:42:01.211-0500] {taskmixin.py:205} WARNING - Dependency <Task(BashOperator): create_tag>, delete_tag already registered for DAG: example_complex
[2023-01-12T07:42:01.211-0500] {logging_mixin.py:137} INFO - [2023-01-12T07:42:01.211-0500] {taskmixin.py:205} WARNING - Dependency <Task(BashOperator): delete_tag>, create_tag already registered for DAG: example_complex
[2023-01-12T07:42:01.228-0500] {processor.py:753} INFO - DAG(s) dict_keys(['example_complex']) retrieved from /Library/Frameworks/Python.framework/Versions/3.9/lib/python3.9/site-packages/airflow/example_dags/example_complex.py
[2023-01-12T07:42:02.085-0500] {logging_mixin.py:137} INFO - [2023-01-12T07:42:02.085-0500] {dag.py:2676} INFO - Sync 1 DAGs
[2023-01-12T07:42:02.105-0500] {logging_mixin.py:137} INFO - [2023-01-12T07:42:02.105-0500] {dag.py:3423} INFO - Setting next_dagrun for example_complex to None, run_after=None
[2023-01-12T07:42:02.142-0500] {processor.py:175} INFO - Processing /Library/Frameworks/Python.framework/Versions/3.9/lib/python3.9/site-packages/airflow/example_dags/example_complex.py took 0.978 seconds
[2023-01-12T07:46:00.083-0500] {processor.py:153} INFO - Started process (PID=15881) to work on /Library/Frameworks/Python.framework/Versions/3.9/lib/python3.9/site-packages/airflow/example_dags/example_complex.py
[2023-01-12T07:46:00.088-0500] {processor.py:743} INFO - Processing file /Library/Frameworks/Python.framework/Versions/3.9/lib/python3.9/site-packages/airflow/example_dags/example_complex.py for tasks to queue
[2023-01-12T07:46:00.089-0500] {logging_mixin.py:137} INFO - [2023-01-12T07:46:00.089-0500] {dagbag.py:538} INFO - Filling up the DagBag from /Library/Frameworks/Python.framework/Versions/3.9/lib/python3.9/site-packages/airflow/example_dags/example_complex.py
[2023-01-12T07:46:00.114-0500] {logging_mixin.py:137} INFO - [2023-01-12T07:46:00.114-0500] {taskmixin.py:205} WARNING - Dependency <Task(BashOperator): create_entry_group>, delete_entry_group already registered for DAG: example_complex
[2023-01-12T07:46:00.115-0500] {logging_mixin.py:137} INFO - [2023-01-12T07:46:00.114-0500] {taskmixin.py:205} WARNING - Dependency <Task(BashOperator): delete_entry_group>, create_entry_group already registered for DAG: example_complex
[2023-01-12T07:46:00.115-0500] {logging_mixin.py:137} INFO - [2023-01-12T07:46:00.115-0500] {taskmixin.py:205} WARNING - Dependency <Task(BashOperator): create_entry_gcs>, delete_entry already registered for DAG: example_complex
[2023-01-12T07:46:00.115-0500] {logging_mixin.py:137} INFO - [2023-01-12T07:46:00.115-0500] {taskmixin.py:205} WARNING - Dependency <Task(BashOperator): delete_entry>, create_entry_gcs already registered for DAG: example_complex
[2023-01-12T07:46:00.115-0500] {logging_mixin.py:137} INFO - [2023-01-12T07:46:00.115-0500] {taskmixin.py:205} WARNING - Dependency <Task(BashOperator): create_tag>, delete_tag already registered for DAG: example_complex
[2023-01-12T07:46:00.116-0500] {logging_mixin.py:137} INFO - [2023-01-12T07:46:00.115-0500] {taskmixin.py:205} WARNING - Dependency <Task(BashOperator): delete_tag>, create_tag already registered for DAG: example_complex
[2023-01-12T07:46:00.128-0500] {processor.py:753} INFO - DAG(s) dict_keys(['example_complex']) retrieved from /Library/Frameworks/Python.framework/Versions/3.9/lib/python3.9/site-packages/airflow/example_dags/example_complex.py
[2023-01-12T07:46:00.795-0500] {logging_mixin.py:137} INFO - [2023-01-12T07:46:00.795-0500] {dag.py:2676} INFO - Sync 1 DAGs
[2023-01-12T07:46:00.810-0500] {logging_mixin.py:137} INFO - [2023-01-12T07:46:00.810-0500] {dag.py:3423} INFO - Setting next_dagrun for example_complex to None, run_after=None
[2023-01-12T07:46:00.831-0500] {processor.py:175} INFO - Processing /Library/Frameworks/Python.framework/Versions/3.9/lib/python3.9/site-packages/airflow/example_dags/example_complex.py took 0.749 seconds
[2023-01-12T07:49:39.024-0500] {processor.py:153} INFO - Started process (PID=15997) to work on /Library/Frameworks/Python.framework/Versions/3.9/lib/python3.9/site-packages/airflow/example_dags/example_complex.py
[2023-01-12T07:49:39.030-0500] {processor.py:743} INFO - Processing file /Library/Frameworks/Python.framework/Versions/3.9/lib/python3.9/site-packages/airflow/example_dags/example_complex.py for tasks to queue
[2023-01-12T07:49:39.030-0500] {logging_mixin.py:137} INFO - [2023-01-12T07:49:39.030-0500] {dagbag.py:538} INFO - Filling up the DagBag from /Library/Frameworks/Python.framework/Versions/3.9/lib/python3.9/site-packages/airflow/example_dags/example_complex.py
[2023-01-12T07:49:39.058-0500] {logging_mixin.py:137} INFO - [2023-01-12T07:49:39.058-0500] {taskmixin.py:205} WARNING - Dependency <Task(BashOperator): create_entry_group>, delete_entry_group already registered for DAG: example_complex
[2023-01-12T07:49:39.058-0500] {logging_mixin.py:137} INFO - [2023-01-12T07:49:39.058-0500] {taskmixin.py:205} WARNING - Dependency <Task(BashOperator): delete_entry_group>, create_entry_group already registered for DAG: example_complex
[2023-01-12T07:49:39.059-0500] {logging_mixin.py:137} INFO - [2023-01-12T07:49:39.059-0500] {taskmixin.py:205} WARNING - Dependency <Task(BashOperator): create_entry_gcs>, delete_entry already registered for DAG: example_complex
[2023-01-12T07:49:39.059-0500] {logging_mixin.py:137} INFO - [2023-01-12T07:49:39.059-0500] {taskmixin.py:205} WARNING - Dependency <Task(BashOperator): delete_entry>, create_entry_gcs already registered for DAG: example_complex
[2023-01-12T07:49:39.059-0500] {logging_mixin.py:137} INFO - [2023-01-12T07:49:39.059-0500] {taskmixin.py:205} WARNING - Dependency <Task(BashOperator): create_tag>, delete_tag already registered for DAG: example_complex
[2023-01-12T07:49:39.060-0500] {logging_mixin.py:137} INFO - [2023-01-12T07:49:39.059-0500] {taskmixin.py:205} WARNING - Dependency <Task(BashOperator): delete_tag>, create_tag already registered for DAG: example_complex
[2023-01-12T07:49:39.070-0500] {processor.py:753} INFO - DAG(s) dict_keys(['example_complex']) retrieved from /Library/Frameworks/Python.framework/Versions/3.9/lib/python3.9/site-packages/airflow/example_dags/example_complex.py
[2023-01-12T07:49:39.845-0500] {logging_mixin.py:137} INFO - [2023-01-12T07:49:39.844-0500] {dag.py:2676} INFO - Sync 1 DAGs
[2023-01-12T07:49:39.943-0500] {logging_mixin.py:137} INFO - [2023-01-12T07:49:39.942-0500] {dag.py:3423} INFO - Setting next_dagrun for example_complex to None, run_after=None
[2023-01-12T07:49:40.051-0500] {processor.py:175} INFO - Processing /Library/Frameworks/Python.framework/Versions/3.9/lib/python3.9/site-packages/airflow/example_dags/example_complex.py took 1.027 seconds
[2023-01-12T07:52:09.999-0500] {processor.py:153} INFO - Started process (PID=16113) to work on /Library/Frameworks/Python.framework/Versions/3.9/lib/python3.9/site-packages/airflow/example_dags/example_complex.py
[2023-01-12T07:52:10.005-0500] {processor.py:743} INFO - Processing file /Library/Frameworks/Python.framework/Versions/3.9/lib/python3.9/site-packages/airflow/example_dags/example_complex.py for tasks to queue
[2023-01-12T07:52:10.006-0500] {logging_mixin.py:137} INFO - [2023-01-12T07:52:10.006-0500] {dagbag.py:538} INFO - Filling up the DagBag from /Library/Frameworks/Python.framework/Versions/3.9/lib/python3.9/site-packages/airflow/example_dags/example_complex.py
[2023-01-12T07:52:10.030-0500] {logging_mixin.py:137} INFO - [2023-01-12T07:52:10.030-0500] {taskmixin.py:205} WARNING - Dependency <Task(BashOperator): create_entry_group>, delete_entry_group already registered for DAG: example_complex
[2023-01-12T07:52:10.030-0500] {logging_mixin.py:137} INFO - [2023-01-12T07:52:10.030-0500] {taskmixin.py:205} WARNING - Dependency <Task(BashOperator): delete_entry_group>, create_entry_group already registered for DAG: example_complex
[2023-01-12T07:52:10.030-0500] {logging_mixin.py:137} INFO - [2023-01-12T07:52:10.030-0500] {taskmixin.py:205} WARNING - Dependency <Task(BashOperator): create_entry_gcs>, delete_entry already registered for DAG: example_complex
[2023-01-12T07:52:10.030-0500] {logging_mixin.py:137} INFO - [2023-01-12T07:52:10.030-0500] {taskmixin.py:205} WARNING - Dependency <Task(BashOperator): delete_entry>, create_entry_gcs already registered for DAG: example_complex
[2023-01-12T07:52:10.031-0500] {logging_mixin.py:137} INFO - [2023-01-12T07:52:10.031-0500] {taskmixin.py:205} WARNING - Dependency <Task(BashOperator): create_tag>, delete_tag already registered for DAG: example_complex
[2023-01-12T07:52:10.031-0500] {logging_mixin.py:137} INFO - [2023-01-12T07:52:10.031-0500] {taskmixin.py:205} WARNING - Dependency <Task(BashOperator): delete_tag>, create_tag already registered for DAG: example_complex
[2023-01-12T07:52:10.109-0500] {processor.py:753} INFO - DAG(s) dict_keys(['example_complex']) retrieved from /Library/Frameworks/Python.framework/Versions/3.9/lib/python3.9/site-packages/airflow/example_dags/example_complex.py
[2023-01-12T07:52:10.743-0500] {logging_mixin.py:137} INFO - [2023-01-12T07:52:10.743-0500] {dag.py:2676} INFO - Sync 1 DAGs
[2023-01-12T07:52:10.759-0500] {logging_mixin.py:137} INFO - [2023-01-12T07:52:10.759-0500] {dag.py:3423} INFO - Setting next_dagrun for example_complex to None, run_after=None
[2023-01-12T07:52:10.779-0500] {processor.py:175} INFO - Processing /Library/Frameworks/Python.framework/Versions/3.9/lib/python3.9/site-packages/airflow/example_dags/example_complex.py took 0.781 seconds
[2023-01-12T07:55:54.388-0500] {processor.py:153} INFO - Started process (PID=16184) to work on /Library/Frameworks/Python.framework/Versions/3.9/lib/python3.9/site-packages/airflow/example_dags/example_complex.py
[2023-01-12T07:55:54.396-0500] {processor.py:743} INFO - Processing file /Library/Frameworks/Python.framework/Versions/3.9/lib/python3.9/site-packages/airflow/example_dags/example_complex.py for tasks to queue
[2023-01-12T07:55:54.396-0500] {logging_mixin.py:137} INFO - [2023-01-12T07:55:54.396-0500] {dagbag.py:538} INFO - Filling up the DagBag from /Library/Frameworks/Python.framework/Versions/3.9/lib/python3.9/site-packages/airflow/example_dags/example_complex.py
[2023-01-12T07:55:54.434-0500] {logging_mixin.py:137} INFO - [2023-01-12T07:55:54.434-0500] {taskmixin.py:205} WARNING - Dependency <Task(BashOperator): create_entry_group>, delete_entry_group already registered for DAG: example_complex
[2023-01-12T07:55:54.434-0500] {logging_mixin.py:137} INFO - [2023-01-12T07:55:54.434-0500] {taskmixin.py:205} WARNING - Dependency <Task(BashOperator): delete_entry_group>, create_entry_group already registered for DAG: example_complex
[2023-01-12T07:55:54.434-0500] {logging_mixin.py:137} INFO - [2023-01-12T07:55:54.434-0500] {taskmixin.py:205} WARNING - Dependency <Task(BashOperator): create_entry_gcs>, delete_entry already registered for DAG: example_complex
[2023-01-12T07:55:54.435-0500] {logging_mixin.py:137} INFO - [2023-01-12T07:55:54.435-0500] {taskmixin.py:205} WARNING - Dependency <Task(BashOperator): delete_entry>, create_entry_gcs already registered for DAG: example_complex
[2023-01-12T07:55:54.435-0500] {logging_mixin.py:137} INFO - [2023-01-12T07:55:54.435-0500] {taskmixin.py:205} WARNING - Dependency <Task(BashOperator): create_tag>, delete_tag already registered for DAG: example_complex
[2023-01-12T07:55:54.435-0500] {logging_mixin.py:137} INFO - [2023-01-12T07:55:54.435-0500] {taskmixin.py:205} WARNING - Dependency <Task(BashOperator): delete_tag>, create_tag already registered for DAG: example_complex
[2023-01-12T07:55:54.453-0500] {processor.py:753} INFO - DAG(s) dict_keys(['example_complex']) retrieved from /Library/Frameworks/Python.framework/Versions/3.9/lib/python3.9/site-packages/airflow/example_dags/example_complex.py
[2023-01-12T07:55:55.287-0500] {logging_mixin.py:137} INFO - [2023-01-12T07:55:55.286-0500] {dag.py:2676} INFO - Sync 1 DAGs
[2023-01-12T07:55:55.312-0500] {logging_mixin.py:137} INFO - [2023-01-12T07:55:55.312-0500] {dag.py:3423} INFO - Setting next_dagrun for example_complex to None, run_after=None
[2023-01-12T07:55:55.351-0500] {processor.py:175} INFO - Processing /Library/Frameworks/Python.framework/Versions/3.9/lib/python3.9/site-packages/airflow/example_dags/example_complex.py took 0.964 seconds
[2023-01-12T07:59:52.545-0500] {processor.py:153} INFO - Started process (PID=16410) to work on /Library/Frameworks/Python.framework/Versions/3.9/lib/python3.9/site-packages/airflow/example_dags/example_complex.py
[2023-01-12T07:59:52.553-0500] {processor.py:743} INFO - Processing file /Library/Frameworks/Python.framework/Versions/3.9/lib/python3.9/site-packages/airflow/example_dags/example_complex.py for tasks to queue
[2023-01-12T07:59:52.554-0500] {logging_mixin.py:137} INFO - [2023-01-12T07:59:52.554-0500] {dagbag.py:538} INFO - Filling up the DagBag from /Library/Frameworks/Python.framework/Versions/3.9/lib/python3.9/site-packages/airflow/example_dags/example_complex.py
[2023-01-12T07:59:52.588-0500] {logging_mixin.py:137} INFO - [2023-01-12T07:59:52.588-0500] {taskmixin.py:205} WARNING - Dependency <Task(BashOperator): create_entry_group>, delete_entry_group already registered for DAG: example_complex
[2023-01-12T07:59:52.589-0500] {logging_mixin.py:137} INFO - [2023-01-12T07:59:52.589-0500] {taskmixin.py:205} WARNING - Dependency <Task(BashOperator): delete_entry_group>, create_entry_group already registered for DAG: example_complex
[2023-01-12T07:59:52.589-0500] {logging_mixin.py:137} INFO - [2023-01-12T07:59:52.589-0500] {taskmixin.py:205} WARNING - Dependency <Task(BashOperator): create_entry_gcs>, delete_entry already registered for DAG: example_complex
[2023-01-12T07:59:52.589-0500] {logging_mixin.py:137} INFO - [2023-01-12T07:59:52.589-0500] {taskmixin.py:205} WARNING - Dependency <Task(BashOperator): delete_entry>, create_entry_gcs already registered for DAG: example_complex
[2023-01-12T07:59:52.590-0500] {logging_mixin.py:137} INFO - [2023-01-12T07:59:52.590-0500] {taskmixin.py:205} WARNING - Dependency <Task(BashOperator): create_tag>, delete_tag already registered for DAG: example_complex
[2023-01-12T07:59:52.590-0500] {logging_mixin.py:137} INFO - [2023-01-12T07:59:52.590-0500] {taskmixin.py:205} WARNING - Dependency <Task(BashOperator): delete_tag>, create_tag already registered for DAG: example_complex
[2023-01-12T07:59:52.605-0500] {processor.py:753} INFO - DAG(s) dict_keys(['example_complex']) retrieved from /Library/Frameworks/Python.framework/Versions/3.9/lib/python3.9/site-packages/airflow/example_dags/example_complex.py
[2023-01-12T07:59:53.622-0500] {logging_mixin.py:137} INFO - [2023-01-12T07:59:53.621-0500] {dag.py:2676} INFO - Sync 1 DAGs
[2023-01-12T07:59:53.651-0500] {logging_mixin.py:137} INFO - [2023-01-12T07:59:53.651-0500] {dag.py:3423} INFO - Setting next_dagrun for example_complex to None, run_after=None
[2023-01-12T07:59:53.676-0500] {processor.py:175} INFO - Processing /Library/Frameworks/Python.framework/Versions/3.9/lib/python3.9/site-packages/airflow/example_dags/example_complex.py took 1.132 seconds
[2023-01-12T08:06:34.278-0500] {processor.py:153} INFO - Started process (PID=16616) to work on /Library/Frameworks/Python.framework/Versions/3.9/lib/python3.9/site-packages/airflow/example_dags/example_complex.py
[2023-01-12T08:06:34.288-0500] {processor.py:743} INFO - Processing file /Library/Frameworks/Python.framework/Versions/3.9/lib/python3.9/site-packages/airflow/example_dags/example_complex.py for tasks to queue
[2023-01-12T08:06:34.289-0500] {logging_mixin.py:137} INFO - [2023-01-12T08:06:34.289-0500] {dagbag.py:538} INFO - Filling up the DagBag from /Library/Frameworks/Python.framework/Versions/3.9/lib/python3.9/site-packages/airflow/example_dags/example_complex.py
[2023-01-12T08:06:34.337-0500] {logging_mixin.py:137} INFO - [2023-01-12T08:06:34.336-0500] {taskmixin.py:205} WARNING - Dependency <Task(BashOperator): create_entry_group>, delete_entry_group already registered for DAG: example_complex
[2023-01-12T08:06:34.337-0500] {logging_mixin.py:137} INFO - [2023-01-12T08:06:34.337-0500] {taskmixin.py:205} WARNING - Dependency <Task(BashOperator): delete_entry_group>, create_entry_group already registered for DAG: example_complex
[2023-01-12T08:06:34.338-0500] {logging_mixin.py:137} INFO - [2023-01-12T08:06:34.337-0500] {taskmixin.py:205} WARNING - Dependency <Task(BashOperator): create_entry_gcs>, delete_entry already registered for DAG: example_complex
[2023-01-12T08:06:34.338-0500] {logging_mixin.py:137} INFO - [2023-01-12T08:06:34.338-0500] {taskmixin.py:205} WARNING - Dependency <Task(BashOperator): delete_entry>, create_entry_gcs already registered for DAG: example_complex
[2023-01-12T08:06:34.339-0500] {logging_mixin.py:137} INFO - [2023-01-12T08:06:34.339-0500] {taskmixin.py:205} WARNING - Dependency <Task(BashOperator): create_tag>, delete_tag already registered for DAG: example_complex
[2023-01-12T08:06:34.339-0500] {logging_mixin.py:137} INFO - [2023-01-12T08:06:34.339-0500] {taskmixin.py:205} WARNING - Dependency <Task(BashOperator): delete_tag>, create_tag already registered for DAG: example_complex
[2023-01-12T08:06:34.365-0500] {processor.py:753} INFO - DAG(s) dict_keys(['example_complex']) retrieved from /Library/Frameworks/Python.framework/Versions/3.9/lib/python3.9/site-packages/airflow/example_dags/example_complex.py
[2023-01-12T08:06:35.876-0500] {logging_mixin.py:137} INFO - [2023-01-12T08:06:35.876-0500] {dag.py:2676} INFO - Sync 1 DAGs
[2023-01-12T08:06:35.906-0500] {logging_mixin.py:137} INFO - [2023-01-12T08:06:35.906-0500] {dag.py:3423} INFO - Setting next_dagrun for example_complex to None, run_after=None
[2023-01-12T08:06:35.940-0500] {processor.py:175} INFO - Processing /Library/Frameworks/Python.framework/Versions/3.9/lib/python3.9/site-packages/airflow/example_dags/example_complex.py took 1.663 seconds
[2023-01-12T08:20:43.558-0500] {processor.py:153} INFO - Started process (PID=17282) to work on /Library/Frameworks/Python.framework/Versions/3.9/lib/python3.9/site-packages/airflow/example_dags/example_complex.py
[2023-01-12T08:20:43.568-0500] {processor.py:743} INFO - Processing file /Library/Frameworks/Python.framework/Versions/3.9/lib/python3.9/site-packages/airflow/example_dags/example_complex.py for tasks to queue
[2023-01-12T08:20:43.569-0500] {logging_mixin.py:137} INFO - [2023-01-12T08:20:43.569-0500] {dagbag.py:538} INFO - Filling up the DagBag from /Library/Frameworks/Python.framework/Versions/3.9/lib/python3.9/site-packages/airflow/example_dags/example_complex.py
[2023-01-12T08:20:43.609-0500] {logging_mixin.py:137} INFO - [2023-01-12T08:20:43.609-0500] {taskmixin.py:205} WARNING - Dependency <Task(BashOperator): create_entry_group>, delete_entry_group already registered for DAG: example_complex
[2023-01-12T08:20:43.610-0500] {logging_mixin.py:137} INFO - [2023-01-12T08:20:43.609-0500] {taskmixin.py:205} WARNING - Dependency <Task(BashOperator): delete_entry_group>, create_entry_group already registered for DAG: example_complex
[2023-01-12T08:20:43.610-0500] {logging_mixin.py:137} INFO - [2023-01-12T08:20:43.610-0500] {taskmixin.py:205} WARNING - Dependency <Task(BashOperator): create_entry_gcs>, delete_entry already registered for DAG: example_complex
[2023-01-12T08:20:43.610-0500] {logging_mixin.py:137} INFO - [2023-01-12T08:20:43.610-0500] {taskmixin.py:205} WARNING - Dependency <Task(BashOperator): delete_entry>, create_entry_gcs already registered for DAG: example_complex
[2023-01-12T08:20:43.611-0500] {logging_mixin.py:137} INFO - [2023-01-12T08:20:43.611-0500] {taskmixin.py:205} WARNING - Dependency <Task(BashOperator): create_tag>, delete_tag already registered for DAG: example_complex
[2023-01-12T08:20:43.611-0500] {logging_mixin.py:137} INFO - [2023-01-12T08:20:43.611-0500] {taskmixin.py:205} WARNING - Dependency <Task(BashOperator): delete_tag>, create_tag already registered for DAG: example_complex
[2023-01-12T08:20:43.629-0500] {processor.py:753} INFO - DAG(s) dict_keys(['example_complex']) retrieved from /Library/Frameworks/Python.framework/Versions/3.9/lib/python3.9/site-packages/airflow/example_dags/example_complex.py
[2023-01-12T08:20:44.672-0500] {logging_mixin.py:137} INFO - [2023-01-12T08:20:44.671-0500] {dag.py:2676} INFO - Sync 1 DAGs
[2023-01-12T08:20:44.698-0500] {logging_mixin.py:137} INFO - [2023-01-12T08:20:44.698-0500] {dag.py:3423} INFO - Setting next_dagrun for example_complex to None, run_after=None
[2023-01-12T08:20:44.732-0500] {processor.py:175} INFO - Processing /Library/Frameworks/Python.framework/Versions/3.9/lib/python3.9/site-packages/airflow/example_dags/example_complex.py took 1.175 seconds
[2023-01-12T08:27:36.929-0500] {processor.py:153} INFO - Started process (PID=17489) to work on /Library/Frameworks/Python.framework/Versions/3.9/lib/python3.9/site-packages/airflow/example_dags/example_complex.py
[2023-01-12T08:27:36.940-0500] {processor.py:743} INFO - Processing file /Library/Frameworks/Python.framework/Versions/3.9/lib/python3.9/site-packages/airflow/example_dags/example_complex.py for tasks to queue
[2023-01-12T08:27:36.941-0500] {logging_mixin.py:137} INFO - [2023-01-12T08:27:36.941-0500] {dagbag.py:538} INFO - Filling up the DagBag from /Library/Frameworks/Python.framework/Versions/3.9/lib/python3.9/site-packages/airflow/example_dags/example_complex.py
[2023-01-12T08:27:36.984-0500] {logging_mixin.py:137} INFO - [2023-01-12T08:27:36.984-0500] {taskmixin.py:205} WARNING - Dependency <Task(BashOperator): create_entry_group>, delete_entry_group already registered for DAG: example_complex
[2023-01-12T08:27:36.985-0500] {logging_mixin.py:137} INFO - [2023-01-12T08:27:36.985-0500] {taskmixin.py:205} WARNING - Dependency <Task(BashOperator): delete_entry_group>, create_entry_group already registered for DAG: example_complex
[2023-01-12T08:27:36.985-0500] {logging_mixin.py:137} INFO - [2023-01-12T08:27:36.985-0500] {taskmixin.py:205} WARNING - Dependency <Task(BashOperator): create_entry_gcs>, delete_entry already registered for DAG: example_complex
[2023-01-12T08:27:36.985-0500] {logging_mixin.py:137} INFO - [2023-01-12T08:27:36.985-0500] {taskmixin.py:205} WARNING - Dependency <Task(BashOperator): delete_entry>, create_entry_gcs already registered for DAG: example_complex
[2023-01-12T08:27:36.986-0500] {logging_mixin.py:137} INFO - [2023-01-12T08:27:36.986-0500] {taskmixin.py:205} WARNING - Dependency <Task(BashOperator): create_tag>, delete_tag already registered for DAG: example_complex
[2023-01-12T08:27:36.986-0500] {logging_mixin.py:137} INFO - [2023-01-12T08:27:36.986-0500] {taskmixin.py:205} WARNING - Dependency <Task(BashOperator): delete_tag>, create_tag already registered for DAG: example_complex
[2023-01-12T08:27:37.003-0500] {processor.py:753} INFO - DAG(s) dict_keys(['example_complex']) retrieved from /Library/Frameworks/Python.framework/Versions/3.9/lib/python3.9/site-packages/airflow/example_dags/example_complex.py
[2023-01-12T08:27:38.066-0500] {logging_mixin.py:137} INFO - [2023-01-12T08:27:38.065-0500] {dag.py:2676} INFO - Sync 1 DAGs
[2023-01-12T08:27:38.093-0500] {logging_mixin.py:137} INFO - [2023-01-12T08:27:38.093-0500] {dag.py:3423} INFO - Setting next_dagrun for example_complex to None, run_after=None
[2023-01-12T08:27:38.129-0500] {processor.py:175} INFO - Processing /Library/Frameworks/Python.framework/Versions/3.9/lib/python3.9/site-packages/airflow/example_dags/example_complex.py took 1.201 seconds
