[2023-01-12T07:23:21.021-0500] {processor.py:153} INFO - Started process (PID=14956) to work on /Library/Frameworks/Python.framework/Versions/3.9/lib/python3.9/site-packages/airflow/example_dags/example_latest_only.py
[2023-01-12T07:23:21.026-0500] {processor.py:743} INFO - Processing file /Library/Frameworks/Python.framework/Versions/3.9/lib/python3.9/site-packages/airflow/example_dags/example_latest_only.py for tasks to queue
[2023-01-12T07:23:21.027-0500] {logging_mixin.py:137} INFO - [2023-01-12T07:23:21.026-0500] {dagbag.py:538} INFO - Filling up the DagBag from /Library/Frameworks/Python.framework/Versions/3.9/lib/python3.9/site-packages/airflow/example_dags/example_latest_only.py
[2023-01-12T07:23:21.055-0500] {processor.py:753} INFO - DAG(s) dict_keys(['latest_only']) retrieved from /Library/Frameworks/Python.framework/Versions/3.9/lib/python3.9/site-packages/airflow/example_dags/example_latest_only.py
[2023-01-12T07:23:21.963-0500] {logging_mixin.py:137} INFO - [2023-01-12T07:23:21.963-0500] {dag.py:2676} INFO - Sync 1 DAGs
[2023-01-12T07:23:21.984-0500] {logging_mixin.py:137} INFO - [2023-01-12T07:23:21.984-0500] {dag.py:3423} INFO - Setting next_dagrun for latest_only to 2023-01-12T08:23:21.984655+00:00, run_after=2023-01-12T12:23:21.984655+00:00
[2023-01-12T07:23:22.067-0500] {processor.py:175} INFO - Processing /Library/Frameworks/Python.framework/Versions/3.9/lib/python3.9/site-packages/airflow/example_dags/example_latest_only.py took 1.047 seconds
[2023-01-12T07:25:27.384-0500] {processor.py:153} INFO - Started process (PID=15057) to work on /Library/Frameworks/Python.framework/Versions/3.9/lib/python3.9/site-packages/airflow/example_dags/example_latest_only.py
[2023-01-12T07:25:27.389-0500] {processor.py:743} INFO - Processing file /Library/Frameworks/Python.framework/Versions/3.9/lib/python3.9/site-packages/airflow/example_dags/example_latest_only.py for tasks to queue
[2023-01-12T07:25:27.389-0500] {logging_mixin.py:137} INFO - [2023-01-12T07:25:27.389-0500] {dagbag.py:538} INFO - Filling up the DagBag from /Library/Frameworks/Python.framework/Versions/3.9/lib/python3.9/site-packages/airflow/example_dags/example_latest_only.py
[2023-01-12T07:25:27.417-0500] {processor.py:753} INFO - DAG(s) dict_keys(['latest_only']) retrieved from /Library/Frameworks/Python.framework/Versions/3.9/lib/python3.9/site-packages/airflow/example_dags/example_latest_only.py
[2023-01-12T07:25:28.047-0500] {logging_mixin.py:137} INFO - [2023-01-12T07:25:28.046-0500] {dag.py:2676} INFO - Sync 1 DAGs
[2023-01-12T07:25:28.064-0500] {logging_mixin.py:137} INFO - [2023-01-12T07:25:28.063-0500] {dag.py:3423} INFO - Setting next_dagrun for latest_only to 2023-01-12T08:25:28.063744+00:00, run_after=2023-01-12T12:25:28.063744+00:00
[2023-01-12T07:25:28.085-0500] {processor.py:175} INFO - Processing /Library/Frameworks/Python.framework/Versions/3.9/lib/python3.9/site-packages/airflow/example_dags/example_latest_only.py took 0.702 seconds
[2023-01-12T07:28:58.628-0500] {processor.py:153} INFO - Started process (PID=15196) to work on /Library/Frameworks/Python.framework/Versions/3.9/lib/python3.9/site-packages/airflow/example_dags/example_latest_only.py
[2023-01-12T07:28:58.634-0500] {processor.py:743} INFO - Processing file /Library/Frameworks/Python.framework/Versions/3.9/lib/python3.9/site-packages/airflow/example_dags/example_latest_only.py for tasks to queue
[2023-01-12T07:28:58.634-0500] {logging_mixin.py:137} INFO - [2023-01-12T07:28:58.634-0500] {dagbag.py:538} INFO - Filling up the DagBag from /Library/Frameworks/Python.framework/Versions/3.9/lib/python3.9/site-packages/airflow/example_dags/example_latest_only.py
[2023-01-12T07:28:58.663-0500] {processor.py:753} INFO - DAG(s) dict_keys(['latest_only']) retrieved from /Library/Frameworks/Python.framework/Versions/3.9/lib/python3.9/site-packages/airflow/example_dags/example_latest_only.py
[2023-01-12T07:28:59.303-0500] {logging_mixin.py:137} INFO - [2023-01-12T07:28:59.303-0500] {dag.py:2676} INFO - Sync 1 DAGs
[2023-01-12T07:28:59.319-0500] {logging_mixin.py:137} INFO - [2023-01-12T07:28:59.318-0500] {dag.py:3423} INFO - Setting next_dagrun for latest_only to 2023-01-12T08:28:59.318771+00:00, run_after=2023-01-12T12:28:59.318771+00:00
[2023-01-12T07:28:59.338-0500] {processor.py:175} INFO - Processing /Library/Frameworks/Python.framework/Versions/3.9/lib/python3.9/site-packages/airflow/example_dags/example_latest_only.py took 0.710 seconds
[2023-01-12T07:32:38.979-0500] {processor.py:153} INFO - Started process (PID=15469) to work on /Library/Frameworks/Python.framework/Versions/3.9/lib/python3.9/site-packages/airflow/example_dags/example_latest_only.py
[2023-01-12T07:32:38.984-0500] {processor.py:743} INFO - Processing file /Library/Frameworks/Python.framework/Versions/3.9/lib/python3.9/site-packages/airflow/example_dags/example_latest_only.py for tasks to queue
[2023-01-12T07:32:38.985-0500] {logging_mixin.py:137} INFO - [2023-01-12T07:32:38.985-0500] {dagbag.py:538} INFO - Filling up the DagBag from /Library/Frameworks/Python.framework/Versions/3.9/lib/python3.9/site-packages/airflow/example_dags/example_latest_only.py
[2023-01-12T07:32:39.016-0500] {processor.py:753} INFO - DAG(s) dict_keys(['latest_only']) retrieved from /Library/Frameworks/Python.framework/Versions/3.9/lib/python3.9/site-packages/airflow/example_dags/example_latest_only.py
[2023-01-12T07:32:39.678-0500] {logging_mixin.py:137} INFO - [2023-01-12T07:32:39.677-0500] {dag.py:2676} INFO - Sync 1 DAGs
[2023-01-12T07:32:39.693-0500] {logging_mixin.py:137} INFO - [2023-01-12T07:32:39.692-0500] {dag.py:3423} INFO - Setting next_dagrun for latest_only to 2023-01-12T08:32:39.692763+00:00, run_after=2023-01-12T12:32:39.692763+00:00
[2023-01-12T07:32:39.713-0500] {processor.py:175} INFO - Processing /Library/Frameworks/Python.framework/Versions/3.9/lib/python3.9/site-packages/airflow/example_dags/example_latest_only.py took 0.735 seconds
[2023-01-12T07:36:16.037-0500] {processor.py:153} INFO - Started process (PID=15566) to work on /Library/Frameworks/Python.framework/Versions/3.9/lib/python3.9/site-packages/airflow/example_dags/example_latest_only.py
[2023-01-12T07:36:16.043-0500] {processor.py:743} INFO - Processing file /Library/Frameworks/Python.framework/Versions/3.9/lib/python3.9/site-packages/airflow/example_dags/example_latest_only.py for tasks to queue
[2023-01-12T07:36:16.043-0500] {logging_mixin.py:137} INFO - [2023-01-12T07:36:16.043-0500] {dagbag.py:538} INFO - Filling up the DagBag from /Library/Frameworks/Python.framework/Versions/3.9/lib/python3.9/site-packages/airflow/example_dags/example_latest_only.py
[2023-01-12T07:36:16.072-0500] {processor.py:753} INFO - DAG(s) dict_keys(['latest_only']) retrieved from /Library/Frameworks/Python.framework/Versions/3.9/lib/python3.9/site-packages/airflow/example_dags/example_latest_only.py
[2023-01-12T07:36:16.948-0500] {logging_mixin.py:137} INFO - [2023-01-12T07:36:16.948-0500] {dag.py:2676} INFO - Sync 1 DAGs
[2023-01-12T07:36:16.965-0500] {logging_mixin.py:137} INFO - [2023-01-12T07:36:16.965-0500] {dag.py:3423} INFO - Setting next_dagrun for latest_only to 2023-01-12T08:36:16.965432+00:00, run_after=2023-01-12T12:36:16.965432+00:00
[2023-01-12T07:36:16.987-0500] {processor.py:175} INFO - Processing /Library/Frameworks/Python.framework/Versions/3.9/lib/python3.9/site-packages/airflow/example_dags/example_latest_only.py took 0.951 seconds
[2023-01-12T07:40:00.049-0500] {processor.py:153} INFO - Started process (PID=15733) to work on /Library/Frameworks/Python.framework/Versions/3.9/lib/python3.9/site-packages/airflow/example_dags/example_latest_only.py
[2023-01-12T07:40:00.057-0500] {processor.py:743} INFO - Processing file /Library/Frameworks/Python.framework/Versions/3.9/lib/python3.9/site-packages/airflow/example_dags/example_latest_only.py for tasks to queue
[2023-01-12T07:40:00.058-0500] {logging_mixin.py:137} INFO - [2023-01-12T07:40:00.058-0500] {dagbag.py:538} INFO - Filling up the DagBag from /Library/Frameworks/Python.framework/Versions/3.9/lib/python3.9/site-packages/airflow/example_dags/example_latest_only.py
[2023-01-12T07:40:00.154-0500] {processor.py:753} INFO - DAG(s) dict_keys(['latest_only']) retrieved from /Library/Frameworks/Python.framework/Versions/3.9/lib/python3.9/site-packages/airflow/example_dags/example_latest_only.py
[2023-01-12T07:40:01.458-0500] {logging_mixin.py:137} INFO - [2023-01-12T07:40:01.457-0500] {dag.py:2676} INFO - Sync 1 DAGs
[2023-01-12T07:40:01.477-0500] {logging_mixin.py:137} INFO - [2023-01-12T07:40:01.477-0500] {dag.py:3423} INFO - Setting next_dagrun for latest_only to 2023-01-12T08:40:01.476998+00:00, run_after=2023-01-12T12:40:01.476998+00:00
[2023-01-12T07:40:01.500-0500] {processor.py:175} INFO - Processing /Library/Frameworks/Python.framework/Versions/3.9/lib/python3.9/site-packages/airflow/example_dags/example_latest_only.py took 1.451 seconds
[2023-01-12T07:43:59.684-0500] {processor.py:153} INFO - Started process (PID=15815) to work on /Library/Frameworks/Python.framework/Versions/3.9/lib/python3.9/site-packages/airflow/example_dags/example_latest_only.py
[2023-01-12T07:43:59.690-0500] {processor.py:743} INFO - Processing file /Library/Frameworks/Python.framework/Versions/3.9/lib/python3.9/site-packages/airflow/example_dags/example_latest_only.py for tasks to queue
[2023-01-12T07:43:59.691-0500] {logging_mixin.py:137} INFO - [2023-01-12T07:43:59.690-0500] {dagbag.py:538} INFO - Filling up the DagBag from /Library/Frameworks/Python.framework/Versions/3.9/lib/python3.9/site-packages/airflow/example_dags/example_latest_only.py
[2023-01-12T07:43:59.720-0500] {processor.py:753} INFO - DAG(s) dict_keys(['latest_only']) retrieved from /Library/Frameworks/Python.framework/Versions/3.9/lib/python3.9/site-packages/airflow/example_dags/example_latest_only.py
[2023-01-12T07:44:00.369-0500] {logging_mixin.py:137} INFO - [2023-01-12T07:44:00.369-0500] {dag.py:2676} INFO - Sync 1 DAGs
[2023-01-12T07:44:00.385-0500] {logging_mixin.py:137} INFO - [2023-01-12T07:44:00.385-0500] {dag.py:3423} INFO - Setting next_dagrun for latest_only to 2023-01-12T08:44:00.385612+00:00, run_after=2023-01-12T12:44:00.385612+00:00
[2023-01-12T07:44:00.408-0500] {processor.py:175} INFO - Processing /Library/Frameworks/Python.framework/Versions/3.9/lib/python3.9/site-packages/airflow/example_dags/example_latest_only.py took 0.724 seconds
[2023-01-12T07:47:49.608-0500] {processor.py:153} INFO - Started process (PID=15939) to work on /Library/Frameworks/Python.framework/Versions/3.9/lib/python3.9/site-packages/airflow/example_dags/example_latest_only.py
[2023-01-12T07:47:49.615-0500] {processor.py:743} INFO - Processing file /Library/Frameworks/Python.framework/Versions/3.9/lib/python3.9/site-packages/airflow/example_dags/example_latest_only.py for tasks to queue
[2023-01-12T07:47:49.616-0500] {logging_mixin.py:137} INFO - [2023-01-12T07:47:49.616-0500] {dagbag.py:538} INFO - Filling up the DagBag from /Library/Frameworks/Python.framework/Versions/3.9/lib/python3.9/site-packages/airflow/example_dags/example_latest_only.py
[2023-01-12T07:47:49.649-0500] {processor.py:753} INFO - DAG(s) dict_keys(['latest_only']) retrieved from /Library/Frameworks/Python.framework/Versions/3.9/lib/python3.9/site-packages/airflow/example_dags/example_latest_only.py
[2023-01-12T07:47:50.357-0500] {logging_mixin.py:137} INFO - [2023-01-12T07:47:50.357-0500] {dag.py:2676} INFO - Sync 1 DAGs
[2023-01-12T07:47:50.379-0500] {logging_mixin.py:137} INFO - [2023-01-12T07:47:50.378-0500] {dag.py:3423} INFO - Setting next_dagrun for latest_only to 2023-01-12T08:47:50.378749+00:00, run_after=2023-01-12T12:47:50.378749+00:00
[2023-01-12T07:47:50.408-0500] {processor.py:175} INFO - Processing /Library/Frameworks/Python.framework/Versions/3.9/lib/python3.9/site-packages/airflow/example_dags/example_latest_only.py took 0.801 seconds
[2023-01-12T07:51:52.858-0500] {processor.py:153} INFO - Started process (PID=16108) to work on /Library/Frameworks/Python.framework/Versions/3.9/lib/python3.9/site-packages/airflow/example_dags/example_latest_only.py
[2023-01-12T07:51:52.865-0500] {processor.py:743} INFO - Processing file /Library/Frameworks/Python.framework/Versions/3.9/lib/python3.9/site-packages/airflow/example_dags/example_latest_only.py for tasks to queue
[2023-01-12T07:51:52.866-0500] {logging_mixin.py:137} INFO - [2023-01-12T07:51:52.865-0500] {dagbag.py:538} INFO - Filling up the DagBag from /Library/Frameworks/Python.framework/Versions/3.9/lib/python3.9/site-packages/airflow/example_dags/example_latest_only.py
[2023-01-12T07:51:52.898-0500] {processor.py:753} INFO - DAG(s) dict_keys(['latest_only']) retrieved from /Library/Frameworks/Python.framework/Versions/3.9/lib/python3.9/site-packages/airflow/example_dags/example_latest_only.py
[2023-01-12T07:51:53.621-0500] {logging_mixin.py:137} INFO - [2023-01-12T07:51:53.621-0500] {dag.py:2676} INFO - Sync 1 DAGs
[2023-01-12T07:51:53.639-0500] {logging_mixin.py:137} INFO - [2023-01-12T07:51:53.638-0500] {dag.py:3423} INFO - Setting next_dagrun for latest_only to 2023-01-12T08:51:53.638808+00:00, run_after=2023-01-12T12:51:53.638808+00:00
[2023-01-12T07:51:53.662-0500] {processor.py:175} INFO - Processing /Library/Frameworks/Python.framework/Versions/3.9/lib/python3.9/site-packages/airflow/example_dags/example_latest_only.py took 0.805 seconds
[2023-01-12T07:55:34.832-0500] {processor.py:153} INFO - Started process (PID=16179) to work on /Library/Frameworks/Python.framework/Versions/3.9/lib/python3.9/site-packages/airflow/example_dags/example_latest_only.py
[2023-01-12T07:55:34.839-0500] {processor.py:743} INFO - Processing file /Library/Frameworks/Python.framework/Versions/3.9/lib/python3.9/site-packages/airflow/example_dags/example_latest_only.py for tasks to queue
[2023-01-12T07:55:34.839-0500] {logging_mixin.py:137} INFO - [2023-01-12T07:55:34.839-0500] {dagbag.py:538} INFO - Filling up the DagBag from /Library/Frameworks/Python.framework/Versions/3.9/lib/python3.9/site-packages/airflow/example_dags/example_latest_only.py
[2023-01-12T07:55:34.876-0500] {processor.py:753} INFO - DAG(s) dict_keys(['latest_only']) retrieved from /Library/Frameworks/Python.framework/Versions/3.9/lib/python3.9/site-packages/airflow/example_dags/example_latest_only.py
[2023-01-12T07:55:35.605-0500] {logging_mixin.py:137} INFO - [2023-01-12T07:55:35.605-0500] {dag.py:2676} INFO - Sync 1 DAGs
[2023-01-12T07:55:35.623-0500] {logging_mixin.py:137} INFO - [2023-01-12T07:55:35.622-0500] {dag.py:3423} INFO - Setting next_dagrun for latest_only to 2023-01-12T08:55:35.622820+00:00, run_after=2023-01-12T12:55:35.622820+00:00
[2023-01-12T07:55:35.649-0500] {processor.py:175} INFO - Processing /Library/Frameworks/Python.framework/Versions/3.9/lib/python3.9/site-packages/airflow/example_dags/example_latest_only.py took 0.818 seconds
[2023-01-12T07:59:32.802-0500] {processor.py:153} INFO - Started process (PID=16380) to work on /Library/Frameworks/Python.framework/Versions/3.9/lib/python3.9/site-packages/airflow/example_dags/example_latest_only.py
[2023-01-12T07:59:32.809-0500] {processor.py:743} INFO - Processing file /Library/Frameworks/Python.framework/Versions/3.9/lib/python3.9/site-packages/airflow/example_dags/example_latest_only.py for tasks to queue
[2023-01-12T07:59:32.809-0500] {logging_mixin.py:137} INFO - [2023-01-12T07:59:32.809-0500] {dagbag.py:538} INFO - Filling up the DagBag from /Library/Frameworks/Python.framework/Versions/3.9/lib/python3.9/site-packages/airflow/example_dags/example_latest_only.py
[2023-01-12T07:59:32.842-0500] {processor.py:753} INFO - DAG(s) dict_keys(['latest_only']) retrieved from /Library/Frameworks/Python.framework/Versions/3.9/lib/python3.9/site-packages/airflow/example_dags/example_latest_only.py
[2023-01-12T07:59:33.565-0500] {logging_mixin.py:137} INFO - [2023-01-12T07:59:33.565-0500] {dag.py:2676} INFO - Sync 1 DAGs
[2023-01-12T07:59:33.582-0500] {logging_mixin.py:137} INFO - [2023-01-12T07:59:33.582-0500] {dag.py:3423} INFO - Setting next_dagrun for latest_only to 2023-01-12T08:59:33.582302+00:00, run_after=2023-01-12T12:59:33.582302+00:00
[2023-01-12T07:59:33.603-0500] {processor.py:175} INFO - Processing /Library/Frameworks/Python.framework/Versions/3.9/lib/python3.9/site-packages/airflow/example_dags/example_latest_only.py took 0.801 seconds
[2023-01-12T08:06:04.902-0500] {processor.py:153} INFO - Started process (PID=16611) to work on /Library/Frameworks/Python.framework/Versions/3.9/lib/python3.9/site-packages/airflow/example_dags/example_latest_only.py
[2023-01-12T08:06:04.918-0500] {processor.py:743} INFO - Processing file /Library/Frameworks/Python.framework/Versions/3.9/lib/python3.9/site-packages/airflow/example_dags/example_latest_only.py for tasks to queue
[2023-01-12T08:06:04.920-0500] {logging_mixin.py:137} INFO - [2023-01-12T08:06:04.919-0500] {dagbag.py:538} INFO - Filling up the DagBag from /Library/Frameworks/Python.framework/Versions/3.9/lib/python3.9/site-packages/airflow/example_dags/example_latest_only.py
[2023-01-12T08:06:04.988-0500] {processor.py:753} INFO - DAG(s) dict_keys(['latest_only']) retrieved from /Library/Frameworks/Python.framework/Versions/3.9/lib/python3.9/site-packages/airflow/example_dags/example_latest_only.py
[2023-01-12T08:06:06.299-0500] {logging_mixin.py:137} INFO - [2023-01-12T08:06:06.299-0500] {dag.py:2676} INFO - Sync 1 DAGs
[2023-01-12T08:06:06.329-0500] {logging_mixin.py:137} INFO - [2023-01-12T08:06:06.329-0500] {dag.py:3423} INFO - Setting next_dagrun for latest_only to 2023-01-12T09:06:06.328932+00:00, run_after=2023-01-12T13:06:06.328932+00:00
[2023-01-12T08:06:06.364-0500] {processor.py:175} INFO - Processing /Library/Frameworks/Python.framework/Versions/3.9/lib/python3.9/site-packages/airflow/example_dags/example_latest_only.py took 1.463 seconds
[2023-01-12T08:10:24.304-0500] {processor.py:153} INFO - Started process (PID=16763) to work on /Library/Frameworks/Python.framework/Versions/3.9/lib/python3.9/site-packages/airflow/example_dags/example_latest_only.py
[2023-01-12T08:10:24.314-0500] {processor.py:743} INFO - Processing file /Library/Frameworks/Python.framework/Versions/3.9/lib/python3.9/site-packages/airflow/example_dags/example_latest_only.py for tasks to queue
[2023-01-12T08:10:24.315-0500] {logging_mixin.py:137} INFO - [2023-01-12T08:10:24.315-0500] {dagbag.py:538} INFO - Filling up the DagBag from /Library/Frameworks/Python.framework/Versions/3.9/lib/python3.9/site-packages/airflow/example_dags/example_latest_only.py
[2023-01-12T08:10:24.366-0500] {processor.py:753} INFO - DAG(s) dict_keys(['latest_only']) retrieved from /Library/Frameworks/Python.framework/Versions/3.9/lib/python3.9/site-packages/airflow/example_dags/example_latest_only.py
[2023-01-12T08:10:25.511-0500] {logging_mixin.py:137} INFO - [2023-01-12T08:10:25.511-0500] {dag.py:2676} INFO - Sync 1 DAGs
[2023-01-12T08:10:25.542-0500] {logging_mixin.py:137} INFO - [2023-01-12T08:10:25.542-0500] {dag.py:3423} INFO - Setting next_dagrun for latest_only to 2023-01-12T09:10:25.541842+00:00, run_after=2023-01-12T13:10:25.541842+00:00
[2023-01-12T08:10:25.578-0500] {processor.py:175} INFO - Processing /Library/Frameworks/Python.framework/Versions/3.9/lib/python3.9/site-packages/airflow/example_dags/example_latest_only.py took 1.276 seconds
[2023-01-12T08:20:20.324-0500] {processor.py:153} INFO - Started process (PID=17265) to work on /Library/Frameworks/Python.framework/Versions/3.9/lib/python3.9/site-packages/airflow/example_dags/example_latest_only.py
[2023-01-12T08:20:20.334-0500] {processor.py:743} INFO - Processing file /Library/Frameworks/Python.framework/Versions/3.9/lib/python3.9/site-packages/airflow/example_dags/example_latest_only.py for tasks to queue
[2023-01-12T08:20:20.335-0500] {logging_mixin.py:137} INFO - [2023-01-12T08:20:20.334-0500] {dagbag.py:538} INFO - Filling up the DagBag from /Library/Frameworks/Python.framework/Versions/3.9/lib/python3.9/site-packages/airflow/example_dags/example_latest_only.py
[2023-01-12T08:20:20.389-0500] {processor.py:753} INFO - DAG(s) dict_keys(['latest_only']) retrieved from /Library/Frameworks/Python.framework/Versions/3.9/lib/python3.9/site-packages/airflow/example_dags/example_latest_only.py
[2023-01-12T08:20:21.493-0500] {logging_mixin.py:137} INFO - [2023-01-12T08:20:21.492-0500] {dag.py:2676} INFO - Sync 1 DAGs
[2023-01-12T08:20:21.523-0500] {logging_mixin.py:137} INFO - [2023-01-12T08:20:21.522-0500] {dag.py:3423} INFO - Setting next_dagrun for latest_only to 2023-01-12T09:20:21.522625+00:00, run_after=2023-01-12T13:20:21.522625+00:00
[2023-01-12T08:20:21.556-0500] {processor.py:175} INFO - Processing /Library/Frameworks/Python.framework/Versions/3.9/lib/python3.9/site-packages/airflow/example_dags/example_latest_only.py took 1.231 seconds
[2023-01-12T08:27:14.270-0500] {processor.py:153} INFO - Started process (PID=17484) to work on /Library/Frameworks/Python.framework/Versions/3.9/lib/python3.9/site-packages/airflow/example_dags/example_latest_only.py
[2023-01-12T08:27:14.281-0500] {processor.py:743} INFO - Processing file /Library/Frameworks/Python.framework/Versions/3.9/lib/python3.9/site-packages/airflow/example_dags/example_latest_only.py for tasks to queue
[2023-01-12T08:27:14.282-0500] {logging_mixin.py:137} INFO - [2023-01-12T08:27:14.282-0500] {dagbag.py:538} INFO - Filling up the DagBag from /Library/Frameworks/Python.framework/Versions/3.9/lib/python3.9/site-packages/airflow/example_dags/example_latest_only.py
[2023-01-12T08:27:14.331-0500] {processor.py:753} INFO - DAG(s) dict_keys(['latest_only']) retrieved from /Library/Frameworks/Python.framework/Versions/3.9/lib/python3.9/site-packages/airflow/example_dags/example_latest_only.py
[2023-01-12T08:27:15.461-0500] {logging_mixin.py:137} INFO - [2023-01-12T08:27:15.460-0500] {dag.py:2676} INFO - Sync 1 DAGs
[2023-01-12T08:27:15.488-0500] {logging_mixin.py:137} INFO - [2023-01-12T08:27:15.488-0500] {dag.py:3423} INFO - Setting next_dagrun for latest_only to 2023-01-12T09:27:15.488354+00:00, run_after=2023-01-12T13:27:15.488354+00:00
[2023-01-12T08:27:15.526-0500] {processor.py:175} INFO - Processing /Library/Frameworks/Python.framework/Versions/3.9/lib/python3.9/site-packages/airflow/example_dags/example_latest_only.py took 1.257 seconds
