[2023-01-11T23:26:40.608-0500] {processor.py:153} INFO - Started process (PID=14455) to work on /Library/Frameworks/Python.framework/Versions/3.9/lib/python3.9/site-packages/airflow/example_dags/example_branch_day_of_week_operator.py
[2023-01-11T23:26:40.613-0500] {processor.py:743} INFO - Processing file /Library/Frameworks/Python.framework/Versions/3.9/lib/python3.9/site-packages/airflow/example_dags/example_branch_day_of_week_operator.py for tasks to queue
[2023-01-11T23:26:40.613-0500] {logging_mixin.py:137} INFO - [2023-01-11T23:26:40.613-0500] {dagbag.py:538} INFO - Filling up the DagBag from /Library/Frameworks/Python.framework/Versions/3.9/lib/python3.9/site-packages/airflow/example_dags/example_branch_day_of_week_operator.py
[2023-01-11T23:26:40.648-0500] {processor.py:753} INFO - DAG(s) dict_keys(['example_weekday_branch_operator']) retrieved from /Library/Frameworks/Python.framework/Versions/3.9/lib/python3.9/site-packages/airflow/example_dags/example_branch_day_of_week_operator.py
[2023-01-11T23:26:41.239-0500] {logging_mixin.py:137} INFO - [2023-01-11T23:26:41.238-0500] {dag.py:2676} INFO - Sync 1 DAGs
[2023-01-11T23:26:41.254-0500] {logging_mixin.py:137} INFO - [2023-01-11T23:26:41.254-0500] {dag.py:3423} INFO - Setting next_dagrun for example_weekday_branch_operator to 2023-01-11T00:00:00+00:00, run_after=2023-01-12T00:00:00+00:00
[2023-01-11T23:26:41.273-0500] {processor.py:175} INFO - Processing /Library/Frameworks/Python.framework/Versions/3.9/lib/python3.9/site-packages/airflow/example_dags/example_branch_day_of_week_operator.py took 0.666 seconds
[2023-01-12T07:25:44.791-0500] {processor.py:153} INFO - Started process (PID=15063) to work on /Library/Frameworks/Python.framework/Versions/3.9/lib/python3.9/site-packages/airflow/example_dags/example_branch_day_of_week_operator.py
[2023-01-12T07:25:44.798-0500] {processor.py:743} INFO - Processing file /Library/Frameworks/Python.framework/Versions/3.9/lib/python3.9/site-packages/airflow/example_dags/example_branch_day_of_week_operator.py for tasks to queue
[2023-01-12T07:25:44.799-0500] {logging_mixin.py:137} INFO - [2023-01-12T07:25:44.799-0500] {dagbag.py:538} INFO - Filling up the DagBag from /Library/Frameworks/Python.framework/Versions/3.9/lib/python3.9/site-packages/airflow/example_dags/example_branch_day_of_week_operator.py
[2023-01-12T07:25:44.845-0500] {processor.py:753} INFO - DAG(s) dict_keys(['example_weekday_branch_operator']) retrieved from /Library/Frameworks/Python.framework/Versions/3.9/lib/python3.9/site-packages/airflow/example_dags/example_branch_day_of_week_operator.py
[2023-01-12T07:25:45.537-0500] {logging_mixin.py:137} INFO - [2023-01-12T07:25:45.537-0500] {dag.py:2676} INFO - Sync 1 DAGs
[2023-01-12T07:25:45.556-0500] {logging_mixin.py:137} INFO - [2023-01-12T07:25:45.556-0500] {dag.py:3423} INFO - Setting next_dagrun for example_weekday_branch_operator to 2023-01-11T00:00:00+00:00, run_after=2023-01-12T00:00:00+00:00
[2023-01-12T07:25:45.577-0500] {processor.py:175} INFO - Processing /Library/Frameworks/Python.framework/Versions/3.9/lib/python3.9/site-packages/airflow/example_dags/example_branch_day_of_week_operator.py took 0.788 seconds
[2023-01-12T07:29:16.481-0500] {processor.py:153} INFO - Started process (PID=15202) to work on /Library/Frameworks/Python.framework/Versions/3.9/lib/python3.9/site-packages/airflow/example_dags/example_branch_day_of_week_operator.py
[2023-01-12T07:29:16.487-0500] {processor.py:743} INFO - Processing file /Library/Frameworks/Python.framework/Versions/3.9/lib/python3.9/site-packages/airflow/example_dags/example_branch_day_of_week_operator.py for tasks to queue
[2023-01-12T07:29:16.487-0500] {logging_mixin.py:137} INFO - [2023-01-12T07:29:16.487-0500] {dagbag.py:538} INFO - Filling up the DagBag from /Library/Frameworks/Python.framework/Versions/3.9/lib/python3.9/site-packages/airflow/example_dags/example_branch_day_of_week_operator.py
[2023-01-12T07:29:16.519-0500] {processor.py:753} INFO - DAG(s) dict_keys(['example_weekday_branch_operator']) retrieved from /Library/Frameworks/Python.framework/Versions/3.9/lib/python3.9/site-packages/airflow/example_dags/example_branch_day_of_week_operator.py
[2023-01-12T07:29:17.154-0500] {logging_mixin.py:137} INFO - [2023-01-12T07:29:17.154-0500] {dag.py:2676} INFO - Sync 1 DAGs
[2023-01-12T07:29:17.171-0500] {logging_mixin.py:137} INFO - [2023-01-12T07:29:17.171-0500] {dag.py:3423} INFO - Setting next_dagrun for example_weekday_branch_operator to 2023-01-11T00:00:00+00:00, run_after=2023-01-12T00:00:00+00:00
[2023-01-12T07:29:17.194-0500] {processor.py:175} INFO - Processing /Library/Frameworks/Python.framework/Versions/3.9/lib/python3.9/site-packages/airflow/example_dags/example_branch_day_of_week_operator.py took 0.713 seconds
[2023-01-12T07:32:56.228-0500] {processor.py:153} INFO - Started process (PID=15485) to work on /Library/Frameworks/Python.framework/Versions/3.9/lib/python3.9/site-packages/airflow/example_dags/example_branch_day_of_week_operator.py
[2023-01-12T07:32:56.234-0500] {processor.py:743} INFO - Processing file /Library/Frameworks/Python.framework/Versions/3.9/lib/python3.9/site-packages/airflow/example_dags/example_branch_day_of_week_operator.py for tasks to queue
[2023-01-12T07:32:56.235-0500] {logging_mixin.py:137} INFO - [2023-01-12T07:32:56.235-0500] {dagbag.py:538} INFO - Filling up the DagBag from /Library/Frameworks/Python.framework/Versions/3.9/lib/python3.9/site-packages/airflow/example_dags/example_branch_day_of_week_operator.py
[2023-01-12T07:32:56.271-0500] {processor.py:753} INFO - DAG(s) dict_keys(['example_weekday_branch_operator']) retrieved from /Library/Frameworks/Python.framework/Versions/3.9/lib/python3.9/site-packages/airflow/example_dags/example_branch_day_of_week_operator.py
[2023-01-12T07:32:57.081-0500] {logging_mixin.py:137} INFO - [2023-01-12T07:32:57.080-0500] {dag.py:2676} INFO - Sync 1 DAGs
[2023-01-12T07:32:57.100-0500] {logging_mixin.py:137} INFO - [2023-01-12T07:32:57.100-0500] {dag.py:3423} INFO - Setting next_dagrun for example_weekday_branch_operator to 2023-01-11T00:00:00+00:00, run_after=2023-01-12T00:00:00+00:00
[2023-01-12T07:32:57.126-0500] {processor.py:175} INFO - Processing /Library/Frameworks/Python.framework/Versions/3.9/lib/python3.9/site-packages/airflow/example_dags/example_branch_day_of_week_operator.py took 0.899 seconds
[2023-01-12T07:36:33.066-0500] {processor.py:153} INFO - Started process (PID=15571) to work on /Library/Frameworks/Python.framework/Versions/3.9/lib/python3.9/site-packages/airflow/example_dags/example_branch_day_of_week_operator.py
[2023-01-12T07:36:33.072-0500] {processor.py:743} INFO - Processing file /Library/Frameworks/Python.framework/Versions/3.9/lib/python3.9/site-packages/airflow/example_dags/example_branch_day_of_week_operator.py for tasks to queue
[2023-01-12T07:36:33.073-0500] {logging_mixin.py:137} INFO - [2023-01-12T07:36:33.073-0500] {dagbag.py:538} INFO - Filling up the DagBag from /Library/Frameworks/Python.framework/Versions/3.9/lib/python3.9/site-packages/airflow/example_dags/example_branch_day_of_week_operator.py
[2023-01-12T07:36:33.107-0500] {processor.py:753} INFO - DAG(s) dict_keys(['example_weekday_branch_operator']) retrieved from /Library/Frameworks/Python.framework/Versions/3.9/lib/python3.9/site-packages/airflow/example_dags/example_branch_day_of_week_operator.py
[2023-01-12T07:36:33.739-0500] {logging_mixin.py:137} INFO - [2023-01-12T07:36:33.739-0500] {dag.py:2676} INFO - Sync 1 DAGs
[2023-01-12T07:36:33.756-0500] {logging_mixin.py:137} INFO - [2023-01-12T07:36:33.756-0500] {dag.py:3423} INFO - Setting next_dagrun for example_weekday_branch_operator to 2023-01-11T00:00:00+00:00, run_after=2023-01-12T00:00:00+00:00
[2023-01-12T07:36:33.775-0500] {processor.py:175} INFO - Processing /Library/Frameworks/Python.framework/Versions/3.9/lib/python3.9/site-packages/airflow/example_dags/example_branch_day_of_week_operator.py took 0.710 seconds
[2023-01-12T07:40:18.847-0500] {processor.py:153} INFO - Started process (PID=15739) to work on /Library/Frameworks/Python.framework/Versions/3.9/lib/python3.9/site-packages/airflow/example_dags/example_branch_day_of_week_operator.py
[2023-01-12T07:40:18.852-0500] {processor.py:743} INFO - Processing file /Library/Frameworks/Python.framework/Versions/3.9/lib/python3.9/site-packages/airflow/example_dags/example_branch_day_of_week_operator.py for tasks to queue
[2023-01-12T07:40:18.853-0500] {logging_mixin.py:137} INFO - [2023-01-12T07:40:18.853-0500] {dagbag.py:538} INFO - Filling up the DagBag from /Library/Frameworks/Python.framework/Versions/3.9/lib/python3.9/site-packages/airflow/example_dags/example_branch_day_of_week_operator.py
[2023-01-12T07:40:18.887-0500] {processor.py:753} INFO - DAG(s) dict_keys(['example_weekday_branch_operator']) retrieved from /Library/Frameworks/Python.framework/Versions/3.9/lib/python3.9/site-packages/airflow/example_dags/example_branch_day_of_week_operator.py
[2023-01-12T07:40:19.665-0500] {logging_mixin.py:137} INFO - [2023-01-12T07:40:19.664-0500] {dag.py:2676} INFO - Sync 1 DAGs
[2023-01-12T07:40:19.682-0500] {logging_mixin.py:137} INFO - [2023-01-12T07:40:19.682-0500] {dag.py:3423} INFO - Setting next_dagrun for example_weekday_branch_operator to 2023-01-11T00:00:00+00:00, run_after=2023-01-12T00:00:00+00:00
[2023-01-12T07:40:19.700-0500] {processor.py:175} INFO - Processing /Library/Frameworks/Python.framework/Versions/3.9/lib/python3.9/site-packages/airflow/example_dags/example_branch_day_of_week_operator.py took 0.854 seconds
[2023-01-12T07:44:19.973-0500] {processor.py:153} INFO - Started process (PID=15831) to work on /Library/Frameworks/Python.framework/Versions/3.9/lib/python3.9/site-packages/airflow/example_dags/example_branch_day_of_week_operator.py
[2023-01-12T07:44:19.981-0500] {processor.py:743} INFO - Processing file /Library/Frameworks/Python.framework/Versions/3.9/lib/python3.9/site-packages/airflow/example_dags/example_branch_day_of_week_operator.py for tasks to queue
[2023-01-12T07:44:19.982-0500] {logging_mixin.py:137} INFO - [2023-01-12T07:44:19.982-0500] {dagbag.py:538} INFO - Filling up the DagBag from /Library/Frameworks/Python.framework/Versions/3.9/lib/python3.9/site-packages/airflow/example_dags/example_branch_day_of_week_operator.py
[2023-01-12T07:44:20.031-0500] {processor.py:753} INFO - DAG(s) dict_keys(['example_weekday_branch_operator']) retrieved from /Library/Frameworks/Python.framework/Versions/3.9/lib/python3.9/site-packages/airflow/example_dags/example_branch_day_of_week_operator.py
[2023-01-12T07:44:21.281-0500] {logging_mixin.py:137} INFO - [2023-01-12T07:44:21.280-0500] {dag.py:2676} INFO - Sync 1 DAGs
[2023-01-12T07:44:21.306-0500] {logging_mixin.py:137} INFO - [2023-01-12T07:44:21.306-0500] {dag.py:3423} INFO - Setting next_dagrun for example_weekday_branch_operator to 2023-01-11T00:00:00+00:00, run_after=2023-01-12T00:00:00+00:00
[2023-01-12T07:44:21.336-0500] {processor.py:175} INFO - Processing /Library/Frameworks/Python.framework/Versions/3.9/lib/python3.9/site-packages/airflow/example_dags/example_branch_day_of_week_operator.py took 1.364 seconds
[2023-01-12T07:48:07.164-0500] {processor.py:153} INFO - Started process (PID=15944) to work on /Library/Frameworks/Python.framework/Versions/3.9/lib/python3.9/site-packages/airflow/example_dags/example_branch_day_of_week_operator.py
[2023-01-12T07:48:07.170-0500] {processor.py:743} INFO - Processing file /Library/Frameworks/Python.framework/Versions/3.9/lib/python3.9/site-packages/airflow/example_dags/example_branch_day_of_week_operator.py for tasks to queue
[2023-01-12T07:48:07.170-0500] {logging_mixin.py:137} INFO - [2023-01-12T07:48:07.170-0500] {dagbag.py:538} INFO - Filling up the DagBag from /Library/Frameworks/Python.framework/Versions/3.9/lib/python3.9/site-packages/airflow/example_dags/example_branch_day_of_week_operator.py
[2023-01-12T07:48:07.248-0500] {processor.py:753} INFO - DAG(s) dict_keys(['example_weekday_branch_operator']) retrieved from /Library/Frameworks/Python.framework/Versions/3.9/lib/python3.9/site-packages/airflow/example_dags/example_branch_day_of_week_operator.py
[2023-01-12T07:48:07.909-0500] {logging_mixin.py:137} INFO - [2023-01-12T07:48:07.908-0500] {dag.py:2676} INFO - Sync 1 DAGs
[2023-01-12T07:48:07.926-0500] {logging_mixin.py:137} INFO - [2023-01-12T07:48:07.926-0500] {dag.py:3423} INFO - Setting next_dagrun for example_weekday_branch_operator to 2023-01-11T00:00:00+00:00, run_after=2023-01-12T00:00:00+00:00
[2023-01-12T07:48:07.951-0500] {processor.py:175} INFO - Processing /Library/Frameworks/Python.framework/Versions/3.9/lib/python3.9/site-packages/airflow/example_dags/example_branch_day_of_week_operator.py took 0.788 seconds
[2023-01-12T07:52:16.181-0500] {processor.py:153} INFO - Started process (PID=16115) to work on /Library/Frameworks/Python.framework/Versions/3.9/lib/python3.9/site-packages/airflow/example_dags/example_branch_day_of_week_operator.py
[2023-01-12T07:52:16.187-0500] {processor.py:743} INFO - Processing file /Library/Frameworks/Python.framework/Versions/3.9/lib/python3.9/site-packages/airflow/example_dags/example_branch_day_of_week_operator.py for tasks to queue
[2023-01-12T07:52:16.188-0500] {logging_mixin.py:137} INFO - [2023-01-12T07:52:16.188-0500] {dagbag.py:538} INFO - Filling up the DagBag from /Library/Frameworks/Python.framework/Versions/3.9/lib/python3.9/site-packages/airflow/example_dags/example_branch_day_of_week_operator.py
[2023-01-12T07:52:16.222-0500] {processor.py:753} INFO - DAG(s) dict_keys(['example_weekday_branch_operator']) retrieved from /Library/Frameworks/Python.framework/Versions/3.9/lib/python3.9/site-packages/airflow/example_dags/example_branch_day_of_week_operator.py
[2023-01-12T07:52:16.886-0500] {logging_mixin.py:137} INFO - [2023-01-12T07:52:16.885-0500] {dag.py:2676} INFO - Sync 1 DAGs
[2023-01-12T07:52:16.904-0500] {logging_mixin.py:137} INFO - [2023-01-12T07:52:16.904-0500] {dag.py:3423} INFO - Setting next_dagrun for example_weekday_branch_operator to 2023-01-11T00:00:00+00:00, run_after=2023-01-12T00:00:00+00:00
[2023-01-12T07:52:16.929-0500] {processor.py:175} INFO - Processing /Library/Frameworks/Python.framework/Versions/3.9/lib/python3.9/site-packages/airflow/example_dags/example_branch_day_of_week_operator.py took 0.748 seconds
[2023-01-12T07:56:02.519-0500] {processor.py:153} INFO - Started process (PID=16187) to work on /Library/Frameworks/Python.framework/Versions/3.9/lib/python3.9/site-packages/airflow/example_dags/example_branch_day_of_week_operator.py
[2023-01-12T07:56:02.525-0500] {processor.py:743} INFO - Processing file /Library/Frameworks/Python.framework/Versions/3.9/lib/python3.9/site-packages/airflow/example_dags/example_branch_day_of_week_operator.py for tasks to queue
[2023-01-12T07:56:02.526-0500] {logging_mixin.py:137} INFO - [2023-01-12T07:56:02.526-0500] {dagbag.py:538} INFO - Filling up the DagBag from /Library/Frameworks/Python.framework/Versions/3.9/lib/python3.9/site-packages/airflow/example_dags/example_branch_day_of_week_operator.py
[2023-01-12T07:56:02.563-0500] {processor.py:753} INFO - DAG(s) dict_keys(['example_weekday_branch_operator']) retrieved from /Library/Frameworks/Python.framework/Versions/3.9/lib/python3.9/site-packages/airflow/example_dags/example_branch_day_of_week_operator.py
[2023-01-12T07:56:03.289-0500] {logging_mixin.py:137} INFO - [2023-01-12T07:56:03.288-0500] {dag.py:2676} INFO - Sync 1 DAGs
[2023-01-12T07:56:03.310-0500] {logging_mixin.py:137} INFO - [2023-01-12T07:56:03.309-0500] {dag.py:3423} INFO - Setting next_dagrun for example_weekday_branch_operator to 2023-01-11T00:00:00+00:00, run_after=2023-01-12T00:00:00+00:00
[2023-01-12T07:56:03.332-0500] {processor.py:175} INFO - Processing /Library/Frameworks/Python.framework/Versions/3.9/lib/python3.9/site-packages/airflow/example_dags/example_branch_day_of_week_operator.py took 0.814 seconds
[2023-01-12T08:00:01.496-0500] {processor.py:153} INFO - Started process (PID=16446) to work on /Library/Frameworks/Python.framework/Versions/3.9/lib/python3.9/site-packages/airflow/example_dags/example_branch_day_of_week_operator.py
[2023-01-12T08:00:01.507-0500] {processor.py:743} INFO - Processing file /Library/Frameworks/Python.framework/Versions/3.9/lib/python3.9/site-packages/airflow/example_dags/example_branch_day_of_week_operator.py for tasks to queue
[2023-01-12T08:00:01.507-0500] {logging_mixin.py:137} INFO - [2023-01-12T08:00:01.507-0500] {dagbag.py:538} INFO - Filling up the DagBag from /Library/Frameworks/Python.framework/Versions/3.9/lib/python3.9/site-packages/airflow/example_dags/example_branch_day_of_week_operator.py
[2023-01-12T08:00:01.561-0500] {processor.py:753} INFO - DAG(s) dict_keys(['example_weekday_branch_operator']) retrieved from /Library/Frameworks/Python.framework/Versions/3.9/lib/python3.9/site-packages/airflow/example_dags/example_branch_day_of_week_operator.py
[2023-01-12T08:00:02.407-0500] {logging_mixin.py:137} INFO - [2023-01-12T08:00:02.406-0500] {dag.py:2676} INFO - Sync 1 DAGs
[2023-01-12T08:00:02.428-0500] {logging_mixin.py:137} INFO - [2023-01-12T08:00:02.428-0500] {dag.py:3423} INFO - Setting next_dagrun for example_weekday_branch_operator to 2023-01-11T00:00:00+00:00, run_after=2023-01-12T00:00:00+00:00
[2023-01-12T08:00:02.451-0500] {processor.py:175} INFO - Processing /Library/Frameworks/Python.framework/Versions/3.9/lib/python3.9/site-packages/airflow/example_dags/example_branch_day_of_week_operator.py took 0.956 seconds
[2023-01-12T08:06:47.962-0500] {processor.py:153} INFO - Started process (PID=16618) to work on /Library/Frameworks/Python.framework/Versions/3.9/lib/python3.9/site-packages/airflow/example_dags/example_branch_day_of_week_operator.py
[2023-01-12T08:06:47.973-0500] {processor.py:743} INFO - Processing file /Library/Frameworks/Python.framework/Versions/3.9/lib/python3.9/site-packages/airflow/example_dags/example_branch_day_of_week_operator.py for tasks to queue
[2023-01-12T08:06:47.973-0500] {logging_mixin.py:137} INFO - [2023-01-12T08:06:47.973-0500] {dagbag.py:538} INFO - Filling up the DagBag from /Library/Frameworks/Python.framework/Versions/3.9/lib/python3.9/site-packages/airflow/example_dags/example_branch_day_of_week_operator.py
[2023-01-12T08:06:48.046-0500] {processor.py:753} INFO - DAG(s) dict_keys(['example_weekday_branch_operator']) retrieved from /Library/Frameworks/Python.framework/Versions/3.9/lib/python3.9/site-packages/airflow/example_dags/example_branch_day_of_week_operator.py
[2023-01-12T08:06:49.308-0500] {logging_mixin.py:137} INFO - [2023-01-12T08:06:49.308-0500] {dag.py:2676} INFO - Sync 1 DAGs
[2023-01-12T08:06:49.343-0500] {logging_mixin.py:137} INFO - [2023-01-12T08:06:49.342-0500] {dag.py:3423} INFO - Setting next_dagrun for example_weekday_branch_operator to 2023-01-11T00:00:00+00:00, run_after=2023-01-12T00:00:00+00:00
[2023-01-12T08:06:49.383-0500] {processor.py:175} INFO - Processing /Library/Frameworks/Python.framework/Versions/3.9/lib/python3.9/site-packages/airflow/example_dags/example_branch_day_of_week_operator.py took 1.423 seconds
[2023-01-12T08:21:58.175-0500] {processor.py:153} INFO - Started process (PID=17320) to work on /Library/Frameworks/Python.framework/Versions/3.9/lib/python3.9/site-packages/airflow/example_dags/example_branch_day_of_week_operator.py
[2023-01-12T08:21:58.185-0500] {processor.py:743} INFO - Processing file /Library/Frameworks/Python.framework/Versions/3.9/lib/python3.9/site-packages/airflow/example_dags/example_branch_day_of_week_operator.py for tasks to queue
[2023-01-12T08:21:58.186-0500] {logging_mixin.py:137} INFO - [2023-01-12T08:21:58.186-0500] {dagbag.py:538} INFO - Filling up the DagBag from /Library/Frameworks/Python.framework/Versions/3.9/lib/python3.9/site-packages/airflow/example_dags/example_branch_day_of_week_operator.py
[2023-01-12T08:21:58.250-0500] {processor.py:753} INFO - DAG(s) dict_keys(['example_weekday_branch_operator']) retrieved from /Library/Frameworks/Python.framework/Versions/3.9/lib/python3.9/site-packages/airflow/example_dags/example_branch_day_of_week_operator.py
[2023-01-12T08:21:59.287-0500] {logging_mixin.py:137} INFO - [2023-01-12T08:21:59.286-0500] {dag.py:2676} INFO - Sync 1 DAGs
[2023-01-12T08:21:59.317-0500] {logging_mixin.py:137} INFO - [2023-01-12T08:21:59.316-0500] {dag.py:3423} INFO - Setting next_dagrun for example_weekday_branch_operator to 2023-01-11T00:00:00+00:00, run_after=2023-01-12T00:00:00+00:00
[2023-01-12T08:21:59.349-0500] {processor.py:175} INFO - Processing /Library/Frameworks/Python.framework/Versions/3.9/lib/python3.9/site-packages/airflow/example_dags/example_branch_day_of_week_operator.py took 1.176 seconds
