[2023-01-11T23:26:23.550-0500] {processor.py:153} INFO - Started process (PID=14202) to work on /Library/Frameworks/Python.framework/Versions/3.9/lib/python3.9/site-packages/airflow/example_dags/example_external_task_marker_dag.py
[2023-01-11T23:26:23.558-0500] {processor.py:743} INFO - Processing file /Library/Frameworks/Python.framework/Versions/3.9/lib/python3.9/site-packages/airflow/example_dags/example_external_task_marker_dag.py for tasks to queue
[2023-01-11T23:26:23.559-0500] {logging_mixin.py:137} INFO - [2023-01-11T23:26:23.558-0500] {dagbag.py:538} INFO - Filling up the DagBag from /Library/Frameworks/Python.framework/Versions/3.9/lib/python3.9/site-packages/airflow/example_dags/example_external_task_marker_dag.py
[2023-01-11T23:26:23.684-0500] {processor.py:753} INFO - DAG(s) dict_keys(['example_external_task_marker_child', 'example_external_task_marker_parent']) retrieved from /Library/Frameworks/Python.framework/Versions/3.9/lib/python3.9/site-packages/airflow/example_dags/example_external_task_marker_dag.py
[2023-01-11T23:26:26.707-0500] {logging_mixin.py:137} INFO - [2023-01-11T23:26:26.706-0500] {dag.py:2676} INFO - Sync 2 DAGs
[2023-01-11T23:26:26.722-0500] {logging_mixin.py:137} INFO - [2023-01-11T23:26:26.722-0500] {dag.py:3423} INFO - Setting next_dagrun for example_external_task_marker_child to None, run_after=None
[2023-01-11T23:26:26.724-0500] {logging_mixin.py:137} INFO - [2023-01-11T23:26:26.724-0500] {dag.py:3423} INFO - Setting next_dagrun for example_external_task_marker_parent to None, run_after=None
[2023-01-11T23:26:26.745-0500] {processor.py:175} INFO - Processing /Library/Frameworks/Python.framework/Versions/3.9/lib/python3.9/site-packages/airflow/example_dags/example_external_task_marker_dag.py took 3.196 seconds
[2023-01-12T07:25:30.646-0500] {processor.py:153} INFO - Started process (PID=15058) to work on /Library/Frameworks/Python.framework/Versions/3.9/lib/python3.9/site-packages/airflow/example_dags/example_external_task_marker_dag.py
[2023-01-12T07:25:30.652-0500] {processor.py:743} INFO - Processing file /Library/Frameworks/Python.framework/Versions/3.9/lib/python3.9/site-packages/airflow/example_dags/example_external_task_marker_dag.py for tasks to queue
[2023-01-12T07:25:30.653-0500] {logging_mixin.py:137} INFO - [2023-01-12T07:25:30.652-0500] {dagbag.py:538} INFO - Filling up the DagBag from /Library/Frameworks/Python.framework/Versions/3.9/lib/python3.9/site-packages/airflow/example_dags/example_external_task_marker_dag.py
[2023-01-12T07:25:30.688-0500] {processor.py:753} INFO - DAG(s) dict_keys(['example_external_task_marker_parent', 'example_external_task_marker_child']) retrieved from /Library/Frameworks/Python.framework/Versions/3.9/lib/python3.9/site-packages/airflow/example_dags/example_external_task_marker_dag.py
[2023-01-12T07:25:31.619-0500] {logging_mixin.py:137} INFO - [2023-01-12T07:25:31.619-0500] {dag.py:2676} INFO - Sync 2 DAGs
[2023-01-12T07:25:31.635-0500] {logging_mixin.py:137} INFO - [2023-01-12T07:25:31.635-0500] {dag.py:3423} INFO - Setting next_dagrun for example_external_task_marker_child to None, run_after=None
[2023-01-12T07:25:31.637-0500] {logging_mixin.py:137} INFO - [2023-01-12T07:25:31.637-0500] {dag.py:3423} INFO - Setting next_dagrun for example_external_task_marker_parent to None, run_after=None
[2023-01-12T07:25:31.659-0500] {processor.py:175} INFO - Processing /Library/Frameworks/Python.framework/Versions/3.9/lib/python3.9/site-packages/airflow/example_dags/example_external_task_marker_dag.py took 1.013 seconds
[2023-01-12T07:29:01.977-0500] {processor.py:153} INFO - Started process (PID=15197) to work on /Library/Frameworks/Python.framework/Versions/3.9/lib/python3.9/site-packages/airflow/example_dags/example_external_task_marker_dag.py
[2023-01-12T07:29:01.983-0500] {processor.py:743} INFO - Processing file /Library/Frameworks/Python.framework/Versions/3.9/lib/python3.9/site-packages/airflow/example_dags/example_external_task_marker_dag.py for tasks to queue
[2023-01-12T07:29:01.983-0500] {logging_mixin.py:137} INFO - [2023-01-12T07:29:01.983-0500] {dagbag.py:538} INFO - Filling up the DagBag from /Library/Frameworks/Python.framework/Versions/3.9/lib/python3.9/site-packages/airflow/example_dags/example_external_task_marker_dag.py
[2023-01-12T07:29:02.013-0500] {processor.py:753} INFO - DAG(s) dict_keys(['example_external_task_marker_child', 'example_external_task_marker_parent']) retrieved from /Library/Frameworks/Python.framework/Versions/3.9/lib/python3.9/site-packages/airflow/example_dags/example_external_task_marker_dag.py
[2023-01-12T07:29:02.982-0500] {logging_mixin.py:137} INFO - [2023-01-12T07:29:02.982-0500] {dag.py:2676} INFO - Sync 2 DAGs
[2023-01-12T07:29:02.997-0500] {logging_mixin.py:137} INFO - [2023-01-12T07:29:02.997-0500] {dag.py:3423} INFO - Setting next_dagrun for example_external_task_marker_child to None, run_after=None
[2023-01-12T07:29:03.000-0500] {logging_mixin.py:137} INFO - [2023-01-12T07:29:03.000-0500] {dag.py:3423} INFO - Setting next_dagrun for example_external_task_marker_parent to None, run_after=None
[2023-01-12T07:29:03.018-0500] {processor.py:175} INFO - Processing /Library/Frameworks/Python.framework/Versions/3.9/lib/python3.9/site-packages/airflow/example_dags/example_external_task_marker_dag.py took 1.041 seconds
[2023-01-12T07:32:42.304-0500] {processor.py:153} INFO - Started process (PID=15471) to work on /Library/Frameworks/Python.framework/Versions/3.9/lib/python3.9/site-packages/airflow/example_dags/example_external_task_marker_dag.py
[2023-01-12T07:32:42.311-0500] {processor.py:743} INFO - Processing file /Library/Frameworks/Python.framework/Versions/3.9/lib/python3.9/site-packages/airflow/example_dags/example_external_task_marker_dag.py for tasks to queue
[2023-01-12T07:32:42.311-0500] {logging_mixin.py:137} INFO - [2023-01-12T07:32:42.311-0500] {dagbag.py:538} INFO - Filling up the DagBag from /Library/Frameworks/Python.framework/Versions/3.9/lib/python3.9/site-packages/airflow/example_dags/example_external_task_marker_dag.py
[2023-01-12T07:32:42.340-0500] {processor.py:753} INFO - DAG(s) dict_keys(['example_external_task_marker_parent', 'example_external_task_marker_child']) retrieved from /Library/Frameworks/Python.framework/Versions/3.9/lib/python3.9/site-packages/airflow/example_dags/example_external_task_marker_dag.py
[2023-01-12T07:32:43.237-0500] {logging_mixin.py:137} INFO - [2023-01-12T07:32:43.236-0500] {dag.py:2676} INFO - Sync 2 DAGs
[2023-01-12T07:32:43.253-0500] {logging_mixin.py:137} INFO - [2023-01-12T07:32:43.252-0500] {dag.py:3423} INFO - Setting next_dagrun for example_external_task_marker_child to None, run_after=None
[2023-01-12T07:32:43.255-0500] {logging_mixin.py:137} INFO - [2023-01-12T07:32:43.255-0500] {dag.py:3423} INFO - Setting next_dagrun for example_external_task_marker_parent to None, run_after=None
[2023-01-12T07:32:43.275-0500] {processor.py:175} INFO - Processing /Library/Frameworks/Python.framework/Versions/3.9/lib/python3.9/site-packages/airflow/example_dags/example_external_task_marker_dag.py took 0.971 seconds
[2023-01-12T07:36:19.514-0500] {processor.py:153} INFO - Started process (PID=15567) to work on /Library/Frameworks/Python.framework/Versions/3.9/lib/python3.9/site-packages/airflow/example_dags/example_external_task_marker_dag.py
[2023-01-12T07:36:19.519-0500] {processor.py:743} INFO - Processing file /Library/Frameworks/Python.framework/Versions/3.9/lib/python3.9/site-packages/airflow/example_dags/example_external_task_marker_dag.py for tasks to queue
[2023-01-12T07:36:19.520-0500] {logging_mixin.py:137} INFO - [2023-01-12T07:36:19.520-0500] {dagbag.py:538} INFO - Filling up the DagBag from /Library/Frameworks/Python.framework/Versions/3.9/lib/python3.9/site-packages/airflow/example_dags/example_external_task_marker_dag.py
[2023-01-12T07:36:19.547-0500] {processor.py:753} INFO - DAG(s) dict_keys(['example_external_task_marker_child', 'example_external_task_marker_parent']) retrieved from /Library/Frameworks/Python.framework/Versions/3.9/lib/python3.9/site-packages/airflow/example_dags/example_external_task_marker_dag.py
[2023-01-12T07:36:20.408-0500] {logging_mixin.py:137} INFO - [2023-01-12T07:36:20.408-0500] {dag.py:2676} INFO - Sync 2 DAGs
[2023-01-12T07:36:20.424-0500] {logging_mixin.py:137} INFO - [2023-01-12T07:36:20.424-0500] {dag.py:3423} INFO - Setting next_dagrun for example_external_task_marker_child to None, run_after=None
[2023-01-12T07:36:20.426-0500] {logging_mixin.py:137} INFO - [2023-01-12T07:36:20.426-0500] {dag.py:3423} INFO - Setting next_dagrun for example_external_task_marker_parent to None, run_after=None
[2023-01-12T07:36:20.444-0500] {processor.py:175} INFO - Processing /Library/Frameworks/Python.framework/Versions/3.9/lib/python3.9/site-packages/airflow/example_dags/example_external_task_marker_dag.py took 0.931 seconds
[2023-01-12T07:40:04.300-0500] {processor.py:153} INFO - Started process (PID=15734) to work on /Library/Frameworks/Python.framework/Versions/3.9/lib/python3.9/site-packages/airflow/example_dags/example_external_task_marker_dag.py
[2023-01-12T07:40:04.307-0500] {processor.py:743} INFO - Processing file /Library/Frameworks/Python.framework/Versions/3.9/lib/python3.9/site-packages/airflow/example_dags/example_external_task_marker_dag.py for tasks to queue
[2023-01-12T07:40:04.307-0500] {logging_mixin.py:137} INFO - [2023-01-12T07:40:04.307-0500] {dagbag.py:538} INFO - Filling up the DagBag from /Library/Frameworks/Python.framework/Versions/3.9/lib/python3.9/site-packages/airflow/example_dags/example_external_task_marker_dag.py
[2023-01-12T07:40:04.344-0500] {processor.py:753} INFO - DAG(s) dict_keys(['example_external_task_marker_parent', 'example_external_task_marker_child']) retrieved from /Library/Frameworks/Python.framework/Versions/3.9/lib/python3.9/site-packages/airflow/example_dags/example_external_task_marker_dag.py
[2023-01-12T07:40:05.421-0500] {logging_mixin.py:137} INFO - [2023-01-12T07:40:05.421-0500] {dag.py:2676} INFO - Sync 2 DAGs
[2023-01-12T07:40:05.441-0500] {logging_mixin.py:137} INFO - [2023-01-12T07:40:05.440-0500] {dag.py:3423} INFO - Setting next_dagrun for example_external_task_marker_child to None, run_after=None
[2023-01-12T07:40:05.443-0500] {logging_mixin.py:137} INFO - [2023-01-12T07:40:05.443-0500] {dag.py:3423} INFO - Setting next_dagrun for example_external_task_marker_parent to None, run_after=None
[2023-01-12T07:40:05.461-0500] {processor.py:175} INFO - Processing /Library/Frameworks/Python.framework/Versions/3.9/lib/python3.9/site-packages/airflow/example_dags/example_external_task_marker_dag.py took 1.162 seconds
[2023-01-12T07:44:03.162-0500] {processor.py:153} INFO - Started process (PID=15816) to work on /Library/Frameworks/Python.framework/Versions/3.9/lib/python3.9/site-packages/airflow/example_dags/example_external_task_marker_dag.py
[2023-01-12T07:44:03.168-0500] {processor.py:743} INFO - Processing file /Library/Frameworks/Python.framework/Versions/3.9/lib/python3.9/site-packages/airflow/example_dags/example_external_task_marker_dag.py for tasks to queue
[2023-01-12T07:44:03.168-0500] {logging_mixin.py:137} INFO - [2023-01-12T07:44:03.168-0500] {dagbag.py:538} INFO - Filling up the DagBag from /Library/Frameworks/Python.framework/Versions/3.9/lib/python3.9/site-packages/airflow/example_dags/example_external_task_marker_dag.py
[2023-01-12T07:44:03.199-0500] {processor.py:753} INFO - DAG(s) dict_keys(['example_external_task_marker_child', 'example_external_task_marker_parent']) retrieved from /Library/Frameworks/Python.framework/Versions/3.9/lib/python3.9/site-packages/airflow/example_dags/example_external_task_marker_dag.py
[2023-01-12T07:44:04.230-0500] {logging_mixin.py:137} INFO - [2023-01-12T07:44:04.229-0500] {dag.py:2676} INFO - Sync 2 DAGs
[2023-01-12T07:44:04.249-0500] {logging_mixin.py:137} INFO - [2023-01-12T07:44:04.249-0500] {dag.py:3423} INFO - Setting next_dagrun for example_external_task_marker_child to None, run_after=None
[2023-01-12T07:44:04.252-0500] {logging_mixin.py:137} INFO - [2023-01-12T07:44:04.252-0500] {dag.py:3423} INFO - Setting next_dagrun for example_external_task_marker_parent to None, run_after=None
[2023-01-12T07:44:04.273-0500] {processor.py:175} INFO - Processing /Library/Frameworks/Python.framework/Versions/3.9/lib/python3.9/site-packages/airflow/example_dags/example_external_task_marker_dag.py took 1.112 seconds
[2023-01-12T07:47:52.571-0500] {processor.py:153} INFO - Started process (PID=15940) to work on /Library/Frameworks/Python.framework/Versions/3.9/lib/python3.9/site-packages/airflow/example_dags/example_external_task_marker_dag.py
[2023-01-12T07:47:52.577-0500] {processor.py:743} INFO - Processing file /Library/Frameworks/Python.framework/Versions/3.9/lib/python3.9/site-packages/airflow/example_dags/example_external_task_marker_dag.py for tasks to queue
[2023-01-12T07:47:52.578-0500] {logging_mixin.py:137} INFO - [2023-01-12T07:47:52.577-0500] {dagbag.py:538} INFO - Filling up the DagBag from /Library/Frameworks/Python.framework/Versions/3.9/lib/python3.9/site-packages/airflow/example_dags/example_external_task_marker_dag.py
[2023-01-12T07:47:52.610-0500] {processor.py:753} INFO - DAG(s) dict_keys(['example_external_task_marker_child', 'example_external_task_marker_parent']) retrieved from /Library/Frameworks/Python.framework/Versions/3.9/lib/python3.9/site-packages/airflow/example_dags/example_external_task_marker_dag.py
[2023-01-12T07:47:53.826-0500] {logging_mixin.py:137} INFO - [2023-01-12T07:47:53.825-0500] {dag.py:2676} INFO - Sync 2 DAGs
[2023-01-12T07:47:53.842-0500] {logging_mixin.py:137} INFO - [2023-01-12T07:47:53.842-0500] {dag.py:3423} INFO - Setting next_dagrun for example_external_task_marker_child to None, run_after=None
[2023-01-12T07:47:53.844-0500] {logging_mixin.py:137} INFO - [2023-01-12T07:47:53.844-0500] {dag.py:3423} INFO - Setting next_dagrun for example_external_task_marker_parent to None, run_after=None
[2023-01-12T07:47:53.892-0500] {processor.py:175} INFO - Processing /Library/Frameworks/Python.framework/Versions/3.9/lib/python3.9/site-packages/airflow/example_dags/example_external_task_marker_dag.py took 1.322 seconds
[2023-01-12T07:51:59.823-0500] {processor.py:153} INFO - Started process (PID=16110) to work on /Library/Frameworks/Python.framework/Versions/3.9/lib/python3.9/site-packages/airflow/example_dags/example_external_task_marker_dag.py
[2023-01-12T07:51:59.828-0500] {processor.py:743} INFO - Processing file /Library/Frameworks/Python.framework/Versions/3.9/lib/python3.9/site-packages/airflow/example_dags/example_external_task_marker_dag.py for tasks to queue
[2023-01-12T07:51:59.828-0500] {logging_mixin.py:137} INFO - [2023-01-12T07:51:59.828-0500] {dagbag.py:538} INFO - Filling up the DagBag from /Library/Frameworks/Python.framework/Versions/3.9/lib/python3.9/site-packages/airflow/example_dags/example_external_task_marker_dag.py
[2023-01-12T07:51:59.857-0500] {processor.py:753} INFO - DAG(s) dict_keys(['example_external_task_marker_child', 'example_external_task_marker_parent']) retrieved from /Library/Frameworks/Python.framework/Versions/3.9/lib/python3.9/site-packages/airflow/example_dags/example_external_task_marker_dag.py
[2023-01-12T07:52:00.857-0500] {logging_mixin.py:137} INFO - [2023-01-12T07:52:00.857-0500] {dag.py:2676} INFO - Sync 2 DAGs
[2023-01-12T07:52:00.874-0500] {logging_mixin.py:137} INFO - [2023-01-12T07:52:00.874-0500] {dag.py:3423} INFO - Setting next_dagrun for example_external_task_marker_child to None, run_after=None
[2023-01-12T07:52:00.876-0500] {logging_mixin.py:137} INFO - [2023-01-12T07:52:00.876-0500] {dag.py:3423} INFO - Setting next_dagrun for example_external_task_marker_parent to None, run_after=None
[2023-01-12T07:52:00.894-0500] {processor.py:175} INFO - Processing /Library/Frameworks/Python.framework/Versions/3.9/lib/python3.9/site-packages/airflow/example_dags/example_external_task_marker_dag.py took 1.073 seconds
[2023-01-12T07:55:42.279-0500] {processor.py:153} INFO - Started process (PID=16181) to work on /Library/Frameworks/Python.framework/Versions/3.9/lib/python3.9/site-packages/airflow/example_dags/example_external_task_marker_dag.py
[2023-01-12T07:55:42.285-0500] {processor.py:743} INFO - Processing file /Library/Frameworks/Python.framework/Versions/3.9/lib/python3.9/site-packages/airflow/example_dags/example_external_task_marker_dag.py for tasks to queue
[2023-01-12T07:55:42.286-0500] {logging_mixin.py:137} INFO - [2023-01-12T07:55:42.286-0500] {dagbag.py:538} INFO - Filling up the DagBag from /Library/Frameworks/Python.framework/Versions/3.9/lib/python3.9/site-packages/airflow/example_dags/example_external_task_marker_dag.py
[2023-01-12T07:55:42.316-0500] {processor.py:753} INFO - DAG(s) dict_keys(['example_external_task_marker_parent', 'example_external_task_marker_child']) retrieved from /Library/Frameworks/Python.framework/Versions/3.9/lib/python3.9/site-packages/airflow/example_dags/example_external_task_marker_dag.py
[2023-01-12T07:55:43.287-0500] {logging_mixin.py:137} INFO - [2023-01-12T07:55:43.287-0500] {dag.py:2676} INFO - Sync 2 DAGs
[2023-01-12T07:55:43.304-0500] {logging_mixin.py:137} INFO - [2023-01-12T07:55:43.304-0500] {dag.py:3423} INFO - Setting next_dagrun for example_external_task_marker_child to None, run_after=None
[2023-01-12T07:55:43.307-0500] {logging_mixin.py:137} INFO - [2023-01-12T07:55:43.307-0500] {dag.py:3423} INFO - Setting next_dagrun for example_external_task_marker_parent to None, run_after=None
[2023-01-12T07:55:43.327-0500] {processor.py:175} INFO - Processing /Library/Frameworks/Python.framework/Versions/3.9/lib/python3.9/site-packages/airflow/example_dags/example_external_task_marker_dag.py took 1.049 seconds
[2023-01-12T07:59:39.957-0500] {processor.py:153} INFO - Started process (PID=16392) to work on /Library/Frameworks/Python.framework/Versions/3.9/lib/python3.9/site-packages/airflow/example_dags/example_external_task_marker_dag.py
[2023-01-12T07:59:39.963-0500] {processor.py:743} INFO - Processing file /Library/Frameworks/Python.framework/Versions/3.9/lib/python3.9/site-packages/airflow/example_dags/example_external_task_marker_dag.py for tasks to queue
[2023-01-12T07:59:39.964-0500] {logging_mixin.py:137} INFO - [2023-01-12T07:59:39.964-0500] {dagbag.py:538} INFO - Filling up the DagBag from /Library/Frameworks/Python.framework/Versions/3.9/lib/python3.9/site-packages/airflow/example_dags/example_external_task_marker_dag.py
[2023-01-12T07:59:39.996-0500] {processor.py:753} INFO - DAG(s) dict_keys(['example_external_task_marker_child', 'example_external_task_marker_parent']) retrieved from /Library/Frameworks/Python.framework/Versions/3.9/lib/python3.9/site-packages/airflow/example_dags/example_external_task_marker_dag.py
[2023-01-12T07:59:41.269-0500] {logging_mixin.py:137} INFO - [2023-01-12T07:59:41.269-0500] {dag.py:2676} INFO - Sync 2 DAGs
[2023-01-12T07:59:41.289-0500] {logging_mixin.py:137} INFO - [2023-01-12T07:59:41.288-0500] {dag.py:3423} INFO - Setting next_dagrun for example_external_task_marker_child to None, run_after=None
[2023-01-12T07:59:41.292-0500] {logging_mixin.py:137} INFO - [2023-01-12T07:59:41.292-0500] {dag.py:3423} INFO - Setting next_dagrun for example_external_task_marker_parent to None, run_after=None
[2023-01-12T07:59:41.314-0500] {processor.py:175} INFO - Processing /Library/Frameworks/Python.framework/Versions/3.9/lib/python3.9/site-packages/airflow/example_dags/example_external_task_marker_dag.py took 1.357 seconds
[2023-01-12T08:06:16.642-0500] {processor.py:153} INFO - Started process (PID=16613) to work on /Library/Frameworks/Python.framework/Versions/3.9/lib/python3.9/site-packages/airflow/example_dags/example_external_task_marker_dag.py
[2023-01-12T08:06:16.655-0500] {processor.py:743} INFO - Processing file /Library/Frameworks/Python.framework/Versions/3.9/lib/python3.9/site-packages/airflow/example_dags/example_external_task_marker_dag.py for tasks to queue
[2023-01-12T08:06:16.656-0500] {logging_mixin.py:137} INFO - [2023-01-12T08:06:16.655-0500] {dagbag.py:538} INFO - Filling up the DagBag from /Library/Frameworks/Python.framework/Versions/3.9/lib/python3.9/site-packages/airflow/example_dags/example_external_task_marker_dag.py
[2023-01-12T08:06:16.714-0500] {processor.py:753} INFO - DAG(s) dict_keys(['example_external_task_marker_parent', 'example_external_task_marker_child']) retrieved from /Library/Frameworks/Python.framework/Versions/3.9/lib/python3.9/site-packages/airflow/example_dags/example_external_task_marker_dag.py
[2023-01-12T08:06:18.255-0500] {logging_mixin.py:137} INFO - [2023-01-12T08:06:18.255-0500] {dag.py:2676} INFO - Sync 2 DAGs
[2023-01-12T08:06:18.285-0500] {logging_mixin.py:137} INFO - [2023-01-12T08:06:18.285-0500] {dag.py:3423} INFO - Setting next_dagrun for example_external_task_marker_child to None, run_after=None
[2023-01-12T08:06:18.289-0500] {logging_mixin.py:137} INFO - [2023-01-12T08:06:18.289-0500] {dag.py:3423} INFO - Setting next_dagrun for example_external_task_marker_parent to None, run_after=None
[2023-01-12T08:06:18.321-0500] {processor.py:175} INFO - Processing /Library/Frameworks/Python.framework/Versions/3.9/lib/python3.9/site-packages/airflow/example_dags/example_external_task_marker_dag.py took 1.680 seconds
[2023-01-12T08:10:35.913-0500] {processor.py:153} INFO - Started process (PID=16767) to work on /Library/Frameworks/Python.framework/Versions/3.9/lib/python3.9/site-packages/airflow/example_dags/example_external_task_marker_dag.py
[2023-01-12T08:10:35.929-0500] {processor.py:743} INFO - Processing file /Library/Frameworks/Python.framework/Versions/3.9/lib/python3.9/site-packages/airflow/example_dags/example_external_task_marker_dag.py for tasks to queue
[2023-01-12T08:10:35.930-0500] {logging_mixin.py:137} INFO - [2023-01-12T08:10:35.930-0500] {dagbag.py:538} INFO - Filling up the DagBag from /Library/Frameworks/Python.framework/Versions/3.9/lib/python3.9/site-packages/airflow/example_dags/example_external_task_marker_dag.py
[2023-01-12T08:10:35.986-0500] {processor.py:753} INFO - DAG(s) dict_keys(['example_external_task_marker_parent', 'example_external_task_marker_child']) retrieved from /Library/Frameworks/Python.framework/Versions/3.9/lib/python3.9/site-packages/airflow/example_dags/example_external_task_marker_dag.py
[2023-01-12T08:10:38.076-0500] {logging_mixin.py:137} INFO - [2023-01-12T08:10:38.076-0500] {dag.py:2676} INFO - Sync 2 DAGs
[2023-01-12T08:10:38.106-0500] {logging_mixin.py:137} INFO - [2023-01-12T08:10:38.105-0500] {dag.py:3423} INFO - Setting next_dagrun for example_external_task_marker_child to None, run_after=None
[2023-01-12T08:10:38.110-0500] {logging_mixin.py:137} INFO - [2023-01-12T08:10:38.110-0500] {dag.py:3423} INFO - Setting next_dagrun for example_external_task_marker_parent to None, run_after=None
[2023-01-12T08:10:38.143-0500] {processor.py:175} INFO - Processing /Library/Frameworks/Python.framework/Versions/3.9/lib/python3.9/site-packages/airflow/example_dags/example_external_task_marker_dag.py took 2.231 seconds
[2023-01-12T08:20:30.043-0500] {processor.py:153} INFO - Started process (PID=17270) to work on /Library/Frameworks/Python.framework/Versions/3.9/lib/python3.9/site-packages/airflow/example_dags/example_external_task_marker_dag.py
[2023-01-12T08:20:30.053-0500] {processor.py:743} INFO - Processing file /Library/Frameworks/Python.framework/Versions/3.9/lib/python3.9/site-packages/airflow/example_dags/example_external_task_marker_dag.py for tasks to queue
[2023-01-12T08:20:30.054-0500] {logging_mixin.py:137} INFO - [2023-01-12T08:20:30.053-0500] {dagbag.py:538} INFO - Filling up the DagBag from /Library/Frameworks/Python.framework/Versions/3.9/lib/python3.9/site-packages/airflow/example_dags/example_external_task_marker_dag.py
[2023-01-12T08:20:30.103-0500] {processor.py:753} INFO - DAG(s) dict_keys(['example_external_task_marker_parent', 'example_external_task_marker_child']) retrieved from /Library/Frameworks/Python.framework/Versions/3.9/lib/python3.9/site-packages/airflow/example_dags/example_external_task_marker_dag.py
[2023-01-12T08:20:31.454-0500] {logging_mixin.py:137} INFO - [2023-01-12T08:20:31.454-0500] {dag.py:2676} INFO - Sync 2 DAGs
[2023-01-12T08:20:31.482-0500] {logging_mixin.py:137} INFO - [2023-01-12T08:20:31.482-0500] {dag.py:3423} INFO - Setting next_dagrun for example_external_task_marker_child to None, run_after=None
[2023-01-12T08:20:31.487-0500] {logging_mixin.py:137} INFO - [2023-01-12T08:20:31.486-0500] {dag.py:3423} INFO - Setting next_dagrun for example_external_task_marker_parent to None, run_after=None
[2023-01-12T08:20:31.514-0500] {processor.py:175} INFO - Processing /Library/Frameworks/Python.framework/Versions/3.9/lib/python3.9/site-packages/airflow/example_dags/example_external_task_marker_dag.py took 1.471 seconds
[2023-01-12T08:27:23.028-0500] {processor.py:153} INFO - Started process (PID=17486) to work on /Library/Frameworks/Python.framework/Versions/3.9/lib/python3.9/site-packages/airflow/example_dags/example_external_task_marker_dag.py
[2023-01-12T08:27:23.038-0500] {processor.py:743} INFO - Processing file /Library/Frameworks/Python.framework/Versions/3.9/lib/python3.9/site-packages/airflow/example_dags/example_external_task_marker_dag.py for tasks to queue
[2023-01-12T08:27:23.039-0500] {logging_mixin.py:137} INFO - [2023-01-12T08:27:23.038-0500] {dagbag.py:538} INFO - Filling up the DagBag from /Library/Frameworks/Python.framework/Versions/3.9/lib/python3.9/site-packages/airflow/example_dags/example_external_task_marker_dag.py
[2023-01-12T08:27:23.087-0500] {processor.py:753} INFO - DAG(s) dict_keys(['example_external_task_marker_parent', 'example_external_task_marker_child']) retrieved from /Library/Frameworks/Python.framework/Versions/3.9/lib/python3.9/site-packages/airflow/example_dags/example_external_task_marker_dag.py
[2023-01-12T08:27:24.547-0500] {logging_mixin.py:137} INFO - [2023-01-12T08:27:24.546-0500] {dag.py:2676} INFO - Sync 2 DAGs
[2023-01-12T08:27:24.574-0500] {logging_mixin.py:137} INFO - [2023-01-12T08:27:24.574-0500] {dag.py:3423} INFO - Setting next_dagrun for example_external_task_marker_child to None, run_after=None
[2023-01-12T08:27:24.579-0500] {logging_mixin.py:137} INFO - [2023-01-12T08:27:24.578-0500] {dag.py:3423} INFO - Setting next_dagrun for example_external_task_marker_parent to None, run_after=None
[2023-01-12T08:27:24.610-0500] {processor.py:175} INFO - Processing /Library/Frameworks/Python.framework/Versions/3.9/lib/python3.9/site-packages/airflow/example_dags/example_external_task_marker_dag.py took 1.584 seconds
