[2023-01-11T23:26:37.381-0500] {processor.py:153} INFO - Started process (PID=14454) to work on /Library/Frameworks/Python.framework/Versions/3.9/lib/python3.9/site-packages/airflow/example_dags/example_branch_labels.py
[2023-01-11T23:26:37.386-0500] {processor.py:743} INFO - Processing file /Library/Frameworks/Python.framework/Versions/3.9/lib/python3.9/site-packages/airflow/example_dags/example_branch_labels.py for tasks to queue
[2023-01-11T23:26:37.386-0500] {logging_mixin.py:137} INFO - [2023-01-11T23:26:37.386-0500] {dagbag.py:538} INFO - Filling up the DagBag from /Library/Frameworks/Python.framework/Versions/3.9/lib/python3.9/site-packages/airflow/example_dags/example_branch_labels.py
[2023-01-11T23:26:37.413-0500] {processor.py:753} INFO - DAG(s) dict_keys(['example_branch_labels']) retrieved from /Library/Frameworks/Python.framework/Versions/3.9/lib/python3.9/site-packages/airflow/example_dags/example_branch_labels.py
[2023-01-11T23:26:37.995-0500] {logging_mixin.py:137} INFO - [2023-01-11T23:26:37.994-0500] {dag.py:2676} INFO - Sync 1 DAGs
[2023-01-11T23:26:38.011-0500] {logging_mixin.py:137} INFO - [2023-01-11T23:26:38.010-0500] {dag.py:3423} INFO - Setting next_dagrun for example_branch_labels to 2023-01-11T00:00:00+00:00, run_after=2023-01-12T00:00:00+00:00
[2023-01-11T23:26:38.032-0500] {processor.py:175} INFO - Processing /Library/Frameworks/Python.framework/Versions/3.9/lib/python3.9/site-packages/airflow/example_dags/example_branch_labels.py took 0.652 seconds
[2023-01-12T07:25:41.313-0500] {processor.py:153} INFO - Started process (PID=15062) to work on /Library/Frameworks/Python.framework/Versions/3.9/lib/python3.9/site-packages/airflow/example_dags/example_branch_labels.py
[2023-01-12T07:25:41.319-0500] {processor.py:743} INFO - Processing file /Library/Frameworks/Python.framework/Versions/3.9/lib/python3.9/site-packages/airflow/example_dags/example_branch_labels.py for tasks to queue
[2023-01-12T07:25:41.319-0500] {logging_mixin.py:137} INFO - [2023-01-12T07:25:41.319-0500] {dagbag.py:538} INFO - Filling up the DagBag from /Library/Frameworks/Python.framework/Versions/3.9/lib/python3.9/site-packages/airflow/example_dags/example_branch_labels.py
[2023-01-12T07:25:41.354-0500] {processor.py:753} INFO - DAG(s) dict_keys(['example_branch_labels']) retrieved from /Library/Frameworks/Python.framework/Versions/3.9/lib/python3.9/site-packages/airflow/example_dags/example_branch_labels.py
[2023-01-12T07:25:42.019-0500] {logging_mixin.py:137} INFO - [2023-01-12T07:25:42.019-0500] {dag.py:2676} INFO - Sync 1 DAGs
[2023-01-12T07:25:42.037-0500] {logging_mixin.py:137} INFO - [2023-01-12T07:25:42.037-0500] {dag.py:3423} INFO - Setting next_dagrun for example_branch_labels to 2023-01-11T00:00:00+00:00, run_after=2023-01-12T00:00:00+00:00
[2023-01-12T07:25:42.056-0500] {processor.py:175} INFO - Processing /Library/Frameworks/Python.framework/Versions/3.9/lib/python3.9/site-packages/airflow/example_dags/example_branch_labels.py took 0.744 seconds
[2023-01-12T07:29:13.075-0500] {processor.py:153} INFO - Started process (PID=15201) to work on /Library/Frameworks/Python.framework/Versions/3.9/lib/python3.9/site-packages/airflow/example_dags/example_branch_labels.py
[2023-01-12T07:29:13.081-0500] {processor.py:743} INFO - Processing file /Library/Frameworks/Python.framework/Versions/3.9/lib/python3.9/site-packages/airflow/example_dags/example_branch_labels.py for tasks to queue
[2023-01-12T07:29:13.082-0500] {logging_mixin.py:137} INFO - [2023-01-12T07:29:13.082-0500] {dagbag.py:538} INFO - Filling up the DagBag from /Library/Frameworks/Python.framework/Versions/3.9/lib/python3.9/site-packages/airflow/example_dags/example_branch_labels.py
[2023-01-12T07:29:13.111-0500] {processor.py:753} INFO - DAG(s) dict_keys(['example_branch_labels']) retrieved from /Library/Frameworks/Python.framework/Versions/3.9/lib/python3.9/site-packages/airflow/example_dags/example_branch_labels.py
[2023-01-12T07:29:13.745-0500] {logging_mixin.py:137} INFO - [2023-01-12T07:29:13.745-0500] {dag.py:2676} INFO - Sync 1 DAGs
[2023-01-12T07:29:13.762-0500] {logging_mixin.py:137} INFO - [2023-01-12T07:29:13.762-0500] {dag.py:3423} INFO - Setting next_dagrun for example_branch_labels to 2023-01-11T00:00:00+00:00, run_after=2023-01-12T00:00:00+00:00
[2023-01-12T07:29:13.858-0500] {processor.py:175} INFO - Processing /Library/Frameworks/Python.framework/Versions/3.9/lib/python3.9/site-packages/airflow/example_dags/example_branch_labels.py took 0.783 seconds
[2023-01-12T07:32:52.881-0500] {processor.py:153} INFO - Started process (PID=15484) to work on /Library/Frameworks/Python.framework/Versions/3.9/lib/python3.9/site-packages/airflow/example_dags/example_branch_labels.py
[2023-01-12T07:32:52.888-0500] {processor.py:743} INFO - Processing file /Library/Frameworks/Python.framework/Versions/3.9/lib/python3.9/site-packages/airflow/example_dags/example_branch_labels.py for tasks to queue
[2023-01-12T07:32:52.888-0500] {logging_mixin.py:137} INFO - [2023-01-12T07:32:52.888-0500] {dagbag.py:538} INFO - Filling up the DagBag from /Library/Frameworks/Python.framework/Versions/3.9/lib/python3.9/site-packages/airflow/example_dags/example_branch_labels.py
[2023-01-12T07:32:52.918-0500] {processor.py:753} INFO - DAG(s) dict_keys(['example_branch_labels']) retrieved from /Library/Frameworks/Python.framework/Versions/3.9/lib/python3.9/site-packages/airflow/example_dags/example_branch_labels.py
[2023-01-12T07:32:53.548-0500] {logging_mixin.py:137} INFO - [2023-01-12T07:32:53.548-0500] {dag.py:2676} INFO - Sync 1 DAGs
[2023-01-12T07:32:53.565-0500] {logging_mixin.py:137} INFO - [2023-01-12T07:32:53.565-0500] {dag.py:3423} INFO - Setting next_dagrun for example_branch_labels to 2023-01-11T00:00:00+00:00, run_after=2023-01-12T00:00:00+00:00
[2023-01-12T07:32:53.584-0500] {processor.py:175} INFO - Processing /Library/Frameworks/Python.framework/Versions/3.9/lib/python3.9/site-packages/airflow/example_dags/example_branch_labels.py took 0.704 seconds
[2023-01-12T07:36:29.769-0500] {processor.py:153} INFO - Started process (PID=15570) to work on /Library/Frameworks/Python.framework/Versions/3.9/lib/python3.9/site-packages/airflow/example_dags/example_branch_labels.py
[2023-01-12T07:36:29.775-0500] {processor.py:743} INFO - Processing file /Library/Frameworks/Python.framework/Versions/3.9/lib/python3.9/site-packages/airflow/example_dags/example_branch_labels.py for tasks to queue
[2023-01-12T07:36:29.776-0500] {logging_mixin.py:137} INFO - [2023-01-12T07:36:29.776-0500] {dagbag.py:538} INFO - Filling up the DagBag from /Library/Frameworks/Python.framework/Versions/3.9/lib/python3.9/site-packages/airflow/example_dags/example_branch_labels.py
[2023-01-12T07:36:29.807-0500] {processor.py:753} INFO - DAG(s) dict_keys(['example_branch_labels']) retrieved from /Library/Frameworks/Python.framework/Versions/3.9/lib/python3.9/site-packages/airflow/example_dags/example_branch_labels.py
[2023-01-12T07:36:30.441-0500] {logging_mixin.py:137} INFO - [2023-01-12T07:36:30.441-0500] {dag.py:2676} INFO - Sync 1 DAGs
[2023-01-12T07:36:30.462-0500] {logging_mixin.py:137} INFO - [2023-01-12T07:36:30.462-0500] {dag.py:3423} INFO - Setting next_dagrun for example_branch_labels to 2023-01-11T00:00:00+00:00, run_after=2023-01-12T00:00:00+00:00
[2023-01-12T07:36:30.485-0500] {processor.py:175} INFO - Processing /Library/Frameworks/Python.framework/Versions/3.9/lib/python3.9/site-packages/airflow/example_dags/example_branch_labels.py took 0.717 seconds
[2023-01-12T07:40:15.385-0500] {processor.py:153} INFO - Started process (PID=15738) to work on /Library/Frameworks/Python.framework/Versions/3.9/lib/python3.9/site-packages/airflow/example_dags/example_branch_labels.py
[2023-01-12T07:40:15.392-0500] {processor.py:743} INFO - Processing file /Library/Frameworks/Python.framework/Versions/3.9/lib/python3.9/site-packages/airflow/example_dags/example_branch_labels.py for tasks to queue
[2023-01-12T07:40:15.392-0500] {logging_mixin.py:137} INFO - [2023-01-12T07:40:15.392-0500] {dagbag.py:538} INFO - Filling up the DagBag from /Library/Frameworks/Python.framework/Versions/3.9/lib/python3.9/site-packages/airflow/example_dags/example_branch_labels.py
[2023-01-12T07:40:15.424-0500] {processor.py:753} INFO - DAG(s) dict_keys(['example_branch_labels']) retrieved from /Library/Frameworks/Python.framework/Versions/3.9/lib/python3.9/site-packages/airflow/example_dags/example_branch_labels.py
[2023-01-12T07:40:16.080-0500] {logging_mixin.py:137} INFO - [2023-01-12T07:40:16.080-0500] {dag.py:2676} INFO - Sync 1 DAGs
[2023-01-12T07:40:16.097-0500] {logging_mixin.py:137} INFO - [2023-01-12T07:40:16.097-0500] {dag.py:3423} INFO - Setting next_dagrun for example_branch_labels to 2023-01-11T00:00:00+00:00, run_after=2023-01-12T00:00:00+00:00
[2023-01-12T07:40:16.115-0500] {processor.py:175} INFO - Processing /Library/Frameworks/Python.framework/Versions/3.9/lib/python3.9/site-packages/airflow/example_dags/example_branch_labels.py took 0.730 seconds
[2023-01-12T07:44:15.311-0500] {processor.py:153} INFO - Started process (PID=15823) to work on /Library/Frameworks/Python.framework/Versions/3.9/lib/python3.9/site-packages/airflow/example_dags/example_branch_labels.py
[2023-01-12T07:44:15.318-0500] {processor.py:743} INFO - Processing file /Library/Frameworks/Python.framework/Versions/3.9/lib/python3.9/site-packages/airflow/example_dags/example_branch_labels.py for tasks to queue
[2023-01-12T07:44:15.319-0500] {logging_mixin.py:137} INFO - [2023-01-12T07:44:15.319-0500] {dagbag.py:538} INFO - Filling up the DagBag from /Library/Frameworks/Python.framework/Versions/3.9/lib/python3.9/site-packages/airflow/example_dags/example_branch_labels.py
[2023-01-12T07:44:15.355-0500] {processor.py:753} INFO - DAG(s) dict_keys(['example_branch_labels']) retrieved from /Library/Frameworks/Python.framework/Versions/3.9/lib/python3.9/site-packages/airflow/example_dags/example_branch_labels.py
[2023-01-12T07:44:16.204-0500] {logging_mixin.py:137} INFO - [2023-01-12T07:44:16.203-0500] {dag.py:2676} INFO - Sync 1 DAGs
[2023-01-12T07:44:16.227-0500] {logging_mixin.py:137} INFO - [2023-01-12T07:44:16.227-0500] {dag.py:3423} INFO - Setting next_dagrun for example_branch_labels to 2023-01-11T00:00:00+00:00, run_after=2023-01-12T00:00:00+00:00
[2023-01-12T07:44:16.251-0500] {processor.py:175} INFO - Processing /Library/Frameworks/Python.framework/Versions/3.9/lib/python3.9/site-packages/airflow/example_dags/example_branch_labels.py took 0.941 seconds
[2023-01-12T07:48:03.722-0500] {processor.py:153} INFO - Started process (PID=15943) to work on /Library/Frameworks/Python.framework/Versions/3.9/lib/python3.9/site-packages/airflow/example_dags/example_branch_labels.py
[2023-01-12T07:48:03.728-0500] {processor.py:743} INFO - Processing file /Library/Frameworks/Python.framework/Versions/3.9/lib/python3.9/site-packages/airflow/example_dags/example_branch_labels.py for tasks to queue
[2023-01-12T07:48:03.729-0500] {logging_mixin.py:137} INFO - [2023-01-12T07:48:03.729-0500] {dagbag.py:538} INFO - Filling up the DagBag from /Library/Frameworks/Python.framework/Versions/3.9/lib/python3.9/site-packages/airflow/example_dags/example_branch_labels.py
[2023-01-12T07:48:03.758-0500] {processor.py:753} INFO - DAG(s) dict_keys(['example_branch_labels']) retrieved from /Library/Frameworks/Python.framework/Versions/3.9/lib/python3.9/site-packages/airflow/example_dags/example_branch_labels.py
[2023-01-12T07:48:04.396-0500] {logging_mixin.py:137} INFO - [2023-01-12T07:48:04.396-0500] {dag.py:2676} INFO - Sync 1 DAGs
[2023-01-12T07:48:04.413-0500] {logging_mixin.py:137} INFO - [2023-01-12T07:48:04.413-0500] {dag.py:3423} INFO - Setting next_dagrun for example_branch_labels to 2023-01-11T00:00:00+00:00, run_after=2023-01-12T00:00:00+00:00
[2023-01-12T07:48:04.433-0500] {processor.py:175} INFO - Processing /Library/Frameworks/Python.framework/Versions/3.9/lib/python3.9/site-packages/airflow/example_dags/example_branch_labels.py took 0.712 seconds
[2023-01-12T07:52:12.422-0500] {processor.py:153} INFO - Started process (PID=16114) to work on /Library/Frameworks/Python.framework/Versions/3.9/lib/python3.9/site-packages/airflow/example_dags/example_branch_labels.py
[2023-01-12T07:52:12.428-0500] {processor.py:743} INFO - Processing file /Library/Frameworks/Python.framework/Versions/3.9/lib/python3.9/site-packages/airflow/example_dags/example_branch_labels.py for tasks to queue
[2023-01-12T07:52:12.429-0500] {logging_mixin.py:137} INFO - [2023-01-12T07:52:12.429-0500] {dagbag.py:538} INFO - Filling up the DagBag from /Library/Frameworks/Python.framework/Versions/3.9/lib/python3.9/site-packages/airflow/example_dags/example_branch_labels.py
[2023-01-12T07:52:12.461-0500] {processor.py:753} INFO - DAG(s) dict_keys(['example_branch_labels']) retrieved from /Library/Frameworks/Python.framework/Versions/3.9/lib/python3.9/site-packages/airflow/example_dags/example_branch_labels.py
[2023-01-12T07:52:13.107-0500] {logging_mixin.py:137} INFO - [2023-01-12T07:52:13.107-0500] {dag.py:2676} INFO - Sync 1 DAGs
[2023-01-12T07:52:13.124-0500] {logging_mixin.py:137} INFO - [2023-01-12T07:52:13.124-0500] {dag.py:3423} INFO - Setting next_dagrun for example_branch_labels to 2023-01-11T00:00:00+00:00, run_after=2023-01-12T00:00:00+00:00
[2023-01-12T07:52:13.143-0500] {processor.py:175} INFO - Processing /Library/Frameworks/Python.framework/Versions/3.9/lib/python3.9/site-packages/airflow/example_dags/example_branch_labels.py took 0.721 seconds
[2023-01-12T07:55:58.311-0500] {processor.py:153} INFO - Started process (PID=16186) to work on /Library/Frameworks/Python.framework/Versions/3.9/lib/python3.9/site-packages/airflow/example_dags/example_branch_labels.py
[2023-01-12T07:55:58.317-0500] {processor.py:743} INFO - Processing file /Library/Frameworks/Python.framework/Versions/3.9/lib/python3.9/site-packages/airflow/example_dags/example_branch_labels.py for tasks to queue
[2023-01-12T07:55:58.318-0500] {logging_mixin.py:137} INFO - [2023-01-12T07:55:58.318-0500] {dagbag.py:538} INFO - Filling up the DagBag from /Library/Frameworks/Python.framework/Versions/3.9/lib/python3.9/site-packages/airflow/example_dags/example_branch_labels.py
[2023-01-12T07:55:58.357-0500] {processor.py:753} INFO - DAG(s) dict_keys(['example_branch_labels']) retrieved from /Library/Frameworks/Python.framework/Versions/3.9/lib/python3.9/site-packages/airflow/example_dags/example_branch_labels.py
[2023-01-12T07:55:59.177-0500] {logging_mixin.py:137} INFO - [2023-01-12T07:55:59.176-0500] {dag.py:2676} INFO - Sync 1 DAGs
[2023-01-12T07:55:59.197-0500] {logging_mixin.py:137} INFO - [2023-01-12T07:55:59.197-0500] {dag.py:3423} INFO - Setting next_dagrun for example_branch_labels to 2023-01-11T00:00:00+00:00, run_after=2023-01-12T00:00:00+00:00
[2023-01-12T07:55:59.219-0500] {processor.py:175} INFO - Processing /Library/Frameworks/Python.framework/Versions/3.9/lib/python3.9/site-packages/airflow/example_dags/example_branch_labels.py took 0.909 seconds
[2023-01-12T07:59:56.836-0500] {processor.py:153} INFO - Started process (PID=16435) to work on /Library/Frameworks/Python.framework/Versions/3.9/lib/python3.9/site-packages/airflow/example_dags/example_branch_labels.py
[2023-01-12T07:59:56.844-0500] {processor.py:743} INFO - Processing file /Library/Frameworks/Python.framework/Versions/3.9/lib/python3.9/site-packages/airflow/example_dags/example_branch_labels.py for tasks to queue
[2023-01-12T07:59:56.844-0500] {logging_mixin.py:137} INFO - [2023-01-12T07:59:56.844-0500] {dagbag.py:538} INFO - Filling up the DagBag from /Library/Frameworks/Python.framework/Versions/3.9/lib/python3.9/site-packages/airflow/example_dags/example_branch_labels.py
[2023-01-12T07:59:56.887-0500] {processor.py:753} INFO - DAG(s) dict_keys(['example_branch_labels']) retrieved from /Library/Frameworks/Python.framework/Versions/3.9/lib/python3.9/site-packages/airflow/example_dags/example_branch_labels.py
[2023-01-12T07:59:57.901-0500] {logging_mixin.py:137} INFO - [2023-01-12T07:59:57.901-0500] {dag.py:2676} INFO - Sync 1 DAGs
[2023-01-12T07:59:57.923-0500] {logging_mixin.py:137} INFO - [2023-01-12T07:59:57.923-0500] {dag.py:3423} INFO - Setting next_dagrun for example_branch_labels to 2023-01-11T00:00:00+00:00, run_after=2023-01-12T00:00:00+00:00
[2023-01-12T07:59:57.948-0500] {processor.py:175} INFO - Processing /Library/Frameworks/Python.framework/Versions/3.9/lib/python3.9/site-packages/airflow/example_dags/example_branch_labels.py took 1.113 seconds
[2023-01-12T08:06:40.598-0500] {processor.py:153} INFO - Started process (PID=16617) to work on /Library/Frameworks/Python.framework/Versions/3.9/lib/python3.9/site-packages/airflow/example_dags/example_branch_labels.py
[2023-01-12T08:06:40.608-0500] {processor.py:743} INFO - Processing file /Library/Frameworks/Python.framework/Versions/3.9/lib/python3.9/site-packages/airflow/example_dags/example_branch_labels.py for tasks to queue
[2023-01-12T08:06:40.610-0500] {logging_mixin.py:137} INFO - [2023-01-12T08:06:40.609-0500] {dagbag.py:538} INFO - Filling up the DagBag from /Library/Frameworks/Python.framework/Versions/3.9/lib/python3.9/site-packages/airflow/example_dags/example_branch_labels.py
[2023-01-12T08:06:40.669-0500] {processor.py:753} INFO - DAG(s) dict_keys(['example_branch_labels']) retrieved from /Library/Frameworks/Python.framework/Versions/3.9/lib/python3.9/site-packages/airflow/example_dags/example_branch_labels.py
[2023-01-12T08:06:42.038-0500] {logging_mixin.py:137} INFO - [2023-01-12T08:06:42.037-0500] {dag.py:2676} INFO - Sync 1 DAGs
[2023-01-12T08:06:42.080-0500] {logging_mixin.py:137} INFO - [2023-01-12T08:06:42.079-0500] {dag.py:3423} INFO - Setting next_dagrun for example_branch_labels to 2023-01-11T00:00:00+00:00, run_after=2023-01-12T00:00:00+00:00
[2023-01-12T08:06:42.120-0500] {processor.py:175} INFO - Processing /Library/Frameworks/Python.framework/Versions/3.9/lib/python3.9/site-packages/airflow/example_dags/example_branch_labels.py took 1.523 seconds
[2023-01-12T08:21:43.598-0500] {processor.py:153} INFO - Started process (PID=17284) to work on /Library/Frameworks/Python.framework/Versions/3.9/lib/python3.9/site-packages/airflow/example_dags/example_branch_labels.py
[2023-01-12T08:21:43.616-0500] {processor.py:743} INFO - Processing file /Library/Frameworks/Python.framework/Versions/3.9/lib/python3.9/site-packages/airflow/example_dags/example_branch_labels.py for tasks to queue
[2023-01-12T08:21:43.618-0500] {logging_mixin.py:137} INFO - [2023-01-12T08:21:43.617-0500] {dagbag.py:538} INFO - Filling up the DagBag from /Library/Frameworks/Python.framework/Versions/3.9/lib/python3.9/site-packages/airflow/example_dags/example_branch_labels.py
[2023-01-12T08:21:43.969-0500] {processor.py:753} INFO - DAG(s) dict_keys(['example_branch_labels']) retrieved from /Library/Frameworks/Python.framework/Versions/3.9/lib/python3.9/site-packages/airflow/example_dags/example_branch_labels.py
[2023-01-12T08:21:48.691-0500] {logging_mixin.py:137} INFO - [2023-01-12T08:21:48.690-0500] {dag.py:2676} INFO - Sync 1 DAGs
[2023-01-12T08:21:48.736-0500] {logging_mixin.py:137} INFO - [2023-01-12T08:21:48.735-0500] {dag.py:3423} INFO - Setting next_dagrun for example_branch_labels to 2023-01-11T00:00:00+00:00, run_after=2023-01-12T00:00:00+00:00
[2023-01-12T08:21:48.784-0500] {processor.py:175} INFO - Processing /Library/Frameworks/Python.framework/Versions/3.9/lib/python3.9/site-packages/airflow/example_dags/example_branch_labels.py took 5.188 seconds
