[2023-01-11T21:07:16.639-0500] {processor.py:153} INFO - Started process (PID=13875) to work on /Library/Frameworks/Python.framework/Versions/3.9/lib/python3.9/site-packages/airflow/example_dags/example_sensor_decorator.py
[2023-01-11T21:07:17.425-0500] {processor.py:743} INFO - Processing file /Library/Frameworks/Python.framework/Versions/3.9/lib/python3.9/site-packages/airflow/example_dags/example_sensor_decorator.py for tasks to queue
[2023-01-11T21:07:17.441-0500] {logging_mixin.py:137} INFO - [2023-01-11T21:07:17.433-0500] {dagbag.py:538} INFO - Filling up the DagBag from /Library/Frameworks/Python.framework/Versions/3.9/lib/python3.9/site-packages/airflow/example_dags/example_sensor_decorator.py
[2023-01-11T21:07:25.791-0500] {logging_mixin.py:137} WARNING - /Library/Frameworks/Python.framework/Versions/3.9/lib/python3.9/site-packages/airflow/models/dag.py:3492 RemovedInAirflow3Warning: Param `schedule_interval` is deprecated and will be removed in a future release. Please use `schedule` instead.
[2023-01-11T21:07:25.905-0500] {processor.py:753} INFO - DAG(s) dict_keys(['example_sensor_decorator']) retrieved from /Library/Frameworks/Python.framework/Versions/3.9/lib/python3.9/site-packages/airflow/example_dags/example_sensor_decorator.py
[2023-01-11T21:07:45.656-0500] {logging_mixin.py:137} INFO - [2023-01-11T21:07:45.655-0500] {dag.py:2676} INFO - Sync 1 DAGs
[2023-01-11T21:07:45.881-0500] {logging_mixin.py:137} INFO - [2023-01-11T21:07:45.881-0500] {dag.py:3423} INFO - Setting next_dagrun for example_sensor_decorator to None, run_after=None
[2023-01-11T21:07:46.174-0500] {processor.py:175} INFO - Processing /Library/Frameworks/Python.framework/Versions/3.9/lib/python3.9/site-packages/airflow/example_dags/example_sensor_decorator.py took 29.541 seconds
[2023-01-12T06:02:11.769-0500] {processor.py:153} INFO - Started process (PID=14862) to work on /Library/Frameworks/Python.framework/Versions/3.9/lib/python3.9/site-packages/airflow/example_dags/example_sensor_decorator.py
[2023-01-12T06:02:11.776-0500] {processor.py:743} INFO - Processing file /Library/Frameworks/Python.framework/Versions/3.9/lib/python3.9/site-packages/airflow/example_dags/example_sensor_decorator.py for tasks to queue
[2023-01-12T06:02:11.776-0500] {logging_mixin.py:137} INFO - [2023-01-12T06:02:11.776-0500] {dagbag.py:538} INFO - Filling up the DagBag from /Library/Frameworks/Python.framework/Versions/3.9/lib/python3.9/site-packages/airflow/example_dags/example_sensor_decorator.py
[2023-01-12T06:02:11.855-0500] {logging_mixin.py:137} WARNING - /Library/Frameworks/Python.framework/Versions/3.9/lib/python3.9/site-packages/airflow/models/dag.py:3492 RemovedInAirflow3Warning: Param `schedule_interval` is deprecated and will be removed in a future release. Please use `schedule` instead.
[2023-01-12T06:02:11.862-0500] {processor.py:753} INFO - DAG(s) dict_keys(['example_sensor_decorator']) retrieved from /Library/Frameworks/Python.framework/Versions/3.9/lib/python3.9/site-packages/airflow/example_dags/example_sensor_decorator.py
[2023-01-12T07:22:45.127-0500] {logging_mixin.py:137} INFO - [2023-01-12T07:22:45.125-0500] {dag.py:2676} INFO - Sync 1 DAGs
[2023-01-12T07:22:45.198-0500] {logging_mixin.py:137} INFO - [2023-01-12T07:22:45.198-0500] {dag.py:3423} INFO - Setting next_dagrun for example_sensor_decorator to None, run_after=None
[2023-01-12T07:22:45.234-0500] {processor.py:175} INFO - Processing /Library/Frameworks/Python.framework/Versions/3.9/lib/python3.9/site-packages/airflow/example_dags/example_sensor_decorator.py took 23.247 seconds
[2023-01-12T07:25:06.221-0500] {processor.py:153} INFO - Started process (PID=15046) to work on /Library/Frameworks/Python.framework/Versions/3.9/lib/python3.9/site-packages/airflow/example_dags/example_sensor_decorator.py
[2023-01-12T07:25:06.227-0500] {processor.py:743} INFO - Processing file /Library/Frameworks/Python.framework/Versions/3.9/lib/python3.9/site-packages/airflow/example_dags/example_sensor_decorator.py for tasks to queue
[2023-01-12T07:25:06.228-0500] {logging_mixin.py:137} INFO - [2023-01-12T07:25:06.228-0500] {dagbag.py:538} INFO - Filling up the DagBag from /Library/Frameworks/Python.framework/Versions/3.9/lib/python3.9/site-packages/airflow/example_dags/example_sensor_decorator.py
[2023-01-12T07:25:06.314-0500] {logging_mixin.py:137} WARNING - /Library/Frameworks/Python.framework/Versions/3.9/lib/python3.9/site-packages/airflow/models/dag.py:3492 RemovedInAirflow3Warning: Param `schedule_interval` is deprecated and will be removed in a future release. Please use `schedule` instead.
[2023-01-12T07:25:06.323-0500] {processor.py:753} INFO - DAG(s) dict_keys(['example_sensor_decorator']) retrieved from /Library/Frameworks/Python.framework/Versions/3.9/lib/python3.9/site-packages/airflow/example_dags/example_sensor_decorator.py
[2023-01-12T07:25:07.064-0500] {logging_mixin.py:137} INFO - [2023-01-12T07:25:07.064-0500] {dag.py:2676} INFO - Sync 1 DAGs
[2023-01-12T07:25:07.081-0500] {logging_mixin.py:137} INFO - [2023-01-12T07:25:07.081-0500] {dag.py:3423} INFO - Setting next_dagrun for example_sensor_decorator to None, run_after=None
[2023-01-12T07:25:07.102-0500] {processor.py:175} INFO - Processing /Library/Frameworks/Python.framework/Versions/3.9/lib/python3.9/site-packages/airflow/example_dags/example_sensor_decorator.py took 0.881 seconds
[2023-01-12T07:27:02.060-0500] {processor.py:153} INFO - Started process (PID=15129) to work on /Library/Frameworks/Python.framework/Versions/3.9/lib/python3.9/site-packages/airflow/example_dags/example_sensor_decorator.py
[2023-01-12T07:27:02.078-0500] {processor.py:743} INFO - Processing file /Library/Frameworks/Python.framework/Versions/3.9/lib/python3.9/site-packages/airflow/example_dags/example_sensor_decorator.py for tasks to queue
[2023-01-12T07:27:02.082-0500] {logging_mixin.py:137} INFO - [2023-01-12T07:27:02.081-0500] {dagbag.py:538} INFO - Filling up the DagBag from /Library/Frameworks/Python.framework/Versions/3.9/lib/python3.9/site-packages/airflow/example_dags/example_sensor_decorator.py
[2023-01-12T07:27:02.171-0500] {logging_mixin.py:137} WARNING - /Library/Frameworks/Python.framework/Versions/3.9/lib/python3.9/site-packages/airflow/models/dag.py:3492 RemovedInAirflow3Warning: Param `schedule_interval` is deprecated and will be removed in a future release. Please use `schedule` instead.
[2023-01-12T07:27:02.179-0500] {processor.py:753} INFO - DAG(s) dict_keys(['example_sensor_decorator']) retrieved from /Library/Frameworks/Python.framework/Versions/3.9/lib/python3.9/site-packages/airflow/example_dags/example_sensor_decorator.py
[2023-01-12T07:27:02.927-0500] {logging_mixin.py:137} INFO - [2023-01-12T07:27:02.926-0500] {dag.py:2676} INFO - Sync 1 DAGs
[2023-01-12T07:27:02.942-0500] {logging_mixin.py:137} INFO - [2023-01-12T07:27:02.942-0500] {dag.py:3423} INFO - Setting next_dagrun for example_sensor_decorator to None, run_after=None
[2023-01-12T07:27:02.961-0500] {processor.py:175} INFO - Processing /Library/Frameworks/Python.framework/Versions/3.9/lib/python3.9/site-packages/airflow/example_dags/example_sensor_decorator.py took 0.902 seconds
[2023-01-12T07:28:46.132-0500] {processor.py:153} INFO - Started process (PID=15189) to work on /Library/Frameworks/Python.framework/Versions/3.9/lib/python3.9/site-packages/airflow/example_dags/example_sensor_decorator.py
[2023-01-12T07:28:46.138-0500] {processor.py:743} INFO - Processing file /Library/Frameworks/Python.framework/Versions/3.9/lib/python3.9/site-packages/airflow/example_dags/example_sensor_decorator.py for tasks to queue
[2023-01-12T07:28:46.138-0500] {logging_mixin.py:137} INFO - [2023-01-12T07:28:46.138-0500] {dagbag.py:538} INFO - Filling up the DagBag from /Library/Frameworks/Python.framework/Versions/3.9/lib/python3.9/site-packages/airflow/example_dags/example_sensor_decorator.py
[2023-01-12T07:28:46.221-0500] {logging_mixin.py:137} WARNING - /Library/Frameworks/Python.framework/Versions/3.9/lib/python3.9/site-packages/airflow/models/dag.py:3492 RemovedInAirflow3Warning: Param `schedule_interval` is deprecated and will be removed in a future release. Please use `schedule` instead.
[2023-01-12T07:28:46.229-0500] {processor.py:753} INFO - DAG(s) dict_keys(['example_sensor_decorator']) retrieved from /Library/Frameworks/Python.framework/Versions/3.9/lib/python3.9/site-packages/airflow/example_dags/example_sensor_decorator.py
[2023-01-12T07:28:46.957-0500] {logging_mixin.py:137} INFO - [2023-01-12T07:28:46.956-0500] {dag.py:2676} INFO - Sync 1 DAGs
[2023-01-12T07:28:46.972-0500] {logging_mixin.py:137} INFO - [2023-01-12T07:28:46.972-0500] {dag.py:3423} INFO - Setting next_dagrun for example_sensor_decorator to None, run_after=None
[2023-01-12T07:28:46.991-0500] {processor.py:175} INFO - Processing /Library/Frameworks/Python.framework/Versions/3.9/lib/python3.9/site-packages/airflow/example_dags/example_sensor_decorator.py took 0.859 seconds
[2023-01-12T07:30:36.032-0500] {processor.py:153} INFO - Started process (PID=15318) to work on /Library/Frameworks/Python.framework/Versions/3.9/lib/python3.9/site-packages/airflow/example_dags/example_sensor_decorator.py
[2023-01-12T07:30:36.038-0500] {processor.py:743} INFO - Processing file /Library/Frameworks/Python.framework/Versions/3.9/lib/python3.9/site-packages/airflow/example_dags/example_sensor_decorator.py for tasks to queue
[2023-01-12T07:30:36.039-0500] {logging_mixin.py:137} INFO - [2023-01-12T07:30:36.039-0500] {dagbag.py:538} INFO - Filling up the DagBag from /Library/Frameworks/Python.framework/Versions/3.9/lib/python3.9/site-packages/airflow/example_dags/example_sensor_decorator.py
[2023-01-12T07:30:36.124-0500] {logging_mixin.py:137} WARNING - /Library/Frameworks/Python.framework/Versions/3.9/lib/python3.9/site-packages/airflow/models/dag.py:3492 RemovedInAirflow3Warning: Param `schedule_interval` is deprecated and will be removed in a future release. Please use `schedule` instead.
[2023-01-12T07:30:36.132-0500] {processor.py:753} INFO - DAG(s) dict_keys(['example_sensor_decorator']) retrieved from /Library/Frameworks/Python.framework/Versions/3.9/lib/python3.9/site-packages/airflow/example_dags/example_sensor_decorator.py
[2023-01-12T07:30:36.891-0500] {logging_mixin.py:137} INFO - [2023-01-12T07:30:36.891-0500] {dag.py:2676} INFO - Sync 1 DAGs
[2023-01-12T07:30:36.908-0500] {logging_mixin.py:137} INFO - [2023-01-12T07:30:36.907-0500] {dag.py:3423} INFO - Setting next_dagrun for example_sensor_decorator to None, run_after=None
[2023-01-12T07:30:36.929-0500] {processor.py:175} INFO - Processing /Library/Frameworks/Python.framework/Versions/3.9/lib/python3.9/site-packages/airflow/example_dags/example_sensor_decorator.py took 0.898 seconds
[2023-01-12T07:32:22.004-0500] {processor.py:153} INFO - Started process (PID=15458) to work on /Library/Frameworks/Python.framework/Versions/3.9/lib/python3.9/site-packages/airflow/example_dags/example_sensor_decorator.py
[2023-01-12T07:32:22.010-0500] {processor.py:743} INFO - Processing file /Library/Frameworks/Python.framework/Versions/3.9/lib/python3.9/site-packages/airflow/example_dags/example_sensor_decorator.py for tasks to queue
[2023-01-12T07:32:22.010-0500] {logging_mixin.py:137} INFO - [2023-01-12T07:32:22.010-0500] {dagbag.py:538} INFO - Filling up the DagBag from /Library/Frameworks/Python.framework/Versions/3.9/lib/python3.9/site-packages/airflow/example_dags/example_sensor_decorator.py
[2023-01-12T07:32:22.092-0500] {logging_mixin.py:137} WARNING - /Library/Frameworks/Python.framework/Versions/3.9/lib/python3.9/site-packages/airflow/models/dag.py:3492 RemovedInAirflow3Warning: Param `schedule_interval` is deprecated and will be removed in a future release. Please use `schedule` instead.
[2023-01-12T07:32:22.100-0500] {processor.py:753} INFO - DAG(s) dict_keys(['example_sensor_decorator']) retrieved from /Library/Frameworks/Python.framework/Versions/3.9/lib/python3.9/site-packages/airflow/example_dags/example_sensor_decorator.py
[2023-01-12T07:32:22.816-0500] {logging_mixin.py:137} INFO - [2023-01-12T07:32:22.816-0500] {dag.py:2676} INFO - Sync 1 DAGs
[2023-01-12T07:32:22.831-0500] {logging_mixin.py:137} INFO - [2023-01-12T07:32:22.831-0500] {dag.py:3423} INFO - Setting next_dagrun for example_sensor_decorator to None, run_after=None
[2023-01-12T07:32:22.849-0500] {processor.py:175} INFO - Processing /Library/Frameworks/Python.framework/Versions/3.9/lib/python3.9/site-packages/airflow/example_dags/example_sensor_decorator.py took 0.846 seconds
[2023-01-12T07:34:09.972-0500] {processor.py:153} INFO - Started process (PID=15516) to work on /Library/Frameworks/Python.framework/Versions/3.9/lib/python3.9/site-packages/airflow/example_dags/example_sensor_decorator.py
[2023-01-12T07:34:09.977-0500] {processor.py:743} INFO - Processing file /Library/Frameworks/Python.framework/Versions/3.9/lib/python3.9/site-packages/airflow/example_dags/example_sensor_decorator.py for tasks to queue
[2023-01-12T07:34:09.977-0500] {logging_mixin.py:137} INFO - [2023-01-12T07:34:09.977-0500] {dagbag.py:538} INFO - Filling up the DagBag from /Library/Frameworks/Python.framework/Versions/3.9/lib/python3.9/site-packages/airflow/example_dags/example_sensor_decorator.py
[2023-01-12T07:34:10.245-0500] {logging_mixin.py:137} WARNING - /Library/Frameworks/Python.framework/Versions/3.9/lib/python3.9/site-packages/airflow/models/dag.py:3492 RemovedInAirflow3Warning: Param `schedule_interval` is deprecated and will be removed in a future release. Please use `schedule` instead.
[2023-01-12T07:34:10.259-0500] {processor.py:753} INFO - DAG(s) dict_keys(['example_sensor_decorator']) retrieved from /Library/Frameworks/Python.framework/Versions/3.9/lib/python3.9/site-packages/airflow/example_dags/example_sensor_decorator.py
[2023-01-12T07:34:11.319-0500] {logging_mixin.py:137} INFO - [2023-01-12T07:34:11.318-0500] {dag.py:2676} INFO - Sync 1 DAGs
[2023-01-12T07:34:11.338-0500] {logging_mixin.py:137} INFO - [2023-01-12T07:34:11.338-0500] {dag.py:3423} INFO - Setting next_dagrun for example_sensor_decorator to None, run_after=None
[2023-01-12T07:34:11.364-0500] {processor.py:175} INFO - Processing /Library/Frameworks/Python.framework/Versions/3.9/lib/python3.9/site-packages/airflow/example_dags/example_sensor_decorator.py took 1.393 seconds
[2023-01-12T07:36:02.104-0500] {processor.py:153} INFO - Started process (PID=15562) to work on /Library/Frameworks/Python.framework/Versions/3.9/lib/python3.9/site-packages/airflow/example_dags/example_sensor_decorator.py
[2023-01-12T07:36:02.111-0500] {processor.py:743} INFO - Processing file /Library/Frameworks/Python.framework/Versions/3.9/lib/python3.9/site-packages/airflow/example_dags/example_sensor_decorator.py for tasks to queue
[2023-01-12T07:36:02.111-0500] {logging_mixin.py:137} INFO - [2023-01-12T07:36:02.111-0500] {dagbag.py:538} INFO - Filling up the DagBag from /Library/Frameworks/Python.framework/Versions/3.9/lib/python3.9/site-packages/airflow/example_dags/example_sensor_decorator.py
[2023-01-12T07:36:02.205-0500] {logging_mixin.py:137} WARNING - /Library/Frameworks/Python.framework/Versions/3.9/lib/python3.9/site-packages/airflow/models/dag.py:3492 RemovedInAirflow3Warning: Param `schedule_interval` is deprecated and will be removed in a future release. Please use `schedule` instead.
[2023-01-12T07:36:02.214-0500] {processor.py:753} INFO - DAG(s) dict_keys(['example_sensor_decorator']) retrieved from /Library/Frameworks/Python.framework/Versions/3.9/lib/python3.9/site-packages/airflow/example_dags/example_sensor_decorator.py
[2023-01-12T07:36:02.944-0500] {logging_mixin.py:137} INFO - [2023-01-12T07:36:02.944-0500] {dag.py:2676} INFO - Sync 1 DAGs
[2023-01-12T07:36:02.959-0500] {logging_mixin.py:137} INFO - [2023-01-12T07:36:02.959-0500] {dag.py:3423} INFO - Setting next_dagrun for example_sensor_decorator to None, run_after=None
[2023-01-12T07:36:02.978-0500] {processor.py:175} INFO - Processing /Library/Frameworks/Python.framework/Versions/3.9/lib/python3.9/site-packages/airflow/example_dags/example_sensor_decorator.py took 0.874 seconds
[2023-01-12T07:37:44.316-0500] {processor.py:153} INFO - Started process (PID=15592) to work on /Library/Frameworks/Python.framework/Versions/3.9/lib/python3.9/site-packages/airflow/example_dags/example_sensor_decorator.py
[2023-01-12T07:37:44.322-0500] {processor.py:743} INFO - Processing file /Library/Frameworks/Python.framework/Versions/3.9/lib/python3.9/site-packages/airflow/example_dags/example_sensor_decorator.py for tasks to queue
[2023-01-12T07:37:44.322-0500] {logging_mixin.py:137} INFO - [2023-01-12T07:37:44.322-0500] {dagbag.py:538} INFO - Filling up the DagBag from /Library/Frameworks/Python.framework/Versions/3.9/lib/python3.9/site-packages/airflow/example_dags/example_sensor_decorator.py
[2023-01-12T07:37:44.430-0500] {logging_mixin.py:137} WARNING - /Library/Frameworks/Python.framework/Versions/3.9/lib/python3.9/site-packages/airflow/models/dag.py:3492 RemovedInAirflow3Warning: Param `schedule_interval` is deprecated and will be removed in a future release. Please use `schedule` instead.
[2023-01-12T07:37:44.439-0500] {processor.py:753} INFO - DAG(s) dict_keys(['example_sensor_decorator']) retrieved from /Library/Frameworks/Python.framework/Versions/3.9/lib/python3.9/site-packages/airflow/example_dags/example_sensor_decorator.py
[2023-01-12T07:37:45.195-0500] {logging_mixin.py:137} INFO - [2023-01-12T07:37:45.194-0500] {dag.py:2676} INFO - Sync 1 DAGs
[2023-01-12T07:37:45.210-0500] {logging_mixin.py:137} INFO - [2023-01-12T07:37:45.209-0500] {dag.py:3423} INFO - Setting next_dagrun for example_sensor_decorator to None, run_after=None
[2023-01-12T07:37:45.229-0500] {processor.py:175} INFO - Processing /Library/Frameworks/Python.framework/Versions/3.9/lib/python3.9/site-packages/airflow/example_dags/example_sensor_decorator.py took 0.914 seconds
[2023-01-12T07:39:40.912-0500] {processor.py:153} INFO - Started process (PID=15691) to work on /Library/Frameworks/Python.framework/Versions/3.9/lib/python3.9/site-packages/airflow/example_dags/example_sensor_decorator.py
[2023-01-12T07:39:40.918-0500] {processor.py:743} INFO - Processing file /Library/Frameworks/Python.framework/Versions/3.9/lib/python3.9/site-packages/airflow/example_dags/example_sensor_decorator.py for tasks to queue
[2023-01-12T07:39:40.919-0500] {logging_mixin.py:137} INFO - [2023-01-12T07:39:40.918-0500] {dagbag.py:538} INFO - Filling up the DagBag from /Library/Frameworks/Python.framework/Versions/3.9/lib/python3.9/site-packages/airflow/example_dags/example_sensor_decorator.py
[2023-01-12T07:39:41.174-0500] {logging_mixin.py:137} WARNING - /Library/Frameworks/Python.framework/Versions/3.9/lib/python3.9/site-packages/airflow/models/dag.py:3492 RemovedInAirflow3Warning: Param `schedule_interval` is deprecated and will be removed in a future release. Please use `schedule` instead.
[2023-01-12T07:39:41.186-0500] {processor.py:753} INFO - DAG(s) dict_keys(['example_sensor_decorator']) retrieved from /Library/Frameworks/Python.framework/Versions/3.9/lib/python3.9/site-packages/airflow/example_dags/example_sensor_decorator.py
[2023-01-12T07:39:42.239-0500] {logging_mixin.py:137} INFO - [2023-01-12T07:39:42.239-0500] {dag.py:2676} INFO - Sync 1 DAGs
[2023-01-12T07:39:42.257-0500] {logging_mixin.py:137} INFO - [2023-01-12T07:39:42.257-0500] {dag.py:3423} INFO - Setting next_dagrun for example_sensor_decorator to None, run_after=None
[2023-01-12T07:39:42.277-0500] {processor.py:175} INFO - Processing /Library/Frameworks/Python.framework/Versions/3.9/lib/python3.9/site-packages/airflow/example_dags/example_sensor_decorator.py took 1.366 seconds
[2023-01-12T07:41:41.344-0500] {processor.py:153} INFO - Started process (PID=15762) to work on /Library/Frameworks/Python.framework/Versions/3.9/lib/python3.9/site-packages/airflow/example_dags/example_sensor_decorator.py
[2023-01-12T07:41:41.351-0500] {processor.py:743} INFO - Processing file /Library/Frameworks/Python.framework/Versions/3.9/lib/python3.9/site-packages/airflow/example_dags/example_sensor_decorator.py for tasks to queue
[2023-01-12T07:41:41.352-0500] {logging_mixin.py:137} INFO - [2023-01-12T07:41:41.352-0500] {dagbag.py:538} INFO - Filling up the DagBag from /Library/Frameworks/Python.framework/Versions/3.9/lib/python3.9/site-packages/airflow/example_dags/example_sensor_decorator.py
[2023-01-12T07:41:41.456-0500] {logging_mixin.py:137} WARNING - /Library/Frameworks/Python.framework/Versions/3.9/lib/python3.9/site-packages/airflow/models/dag.py:3492 RemovedInAirflow3Warning: Param `schedule_interval` is deprecated and will be removed in a future release. Please use `schedule` instead.
[2023-01-12T07:41:41.467-0500] {processor.py:753} INFO - DAG(s) dict_keys(['example_sensor_decorator']) retrieved from /Library/Frameworks/Python.framework/Versions/3.9/lib/python3.9/site-packages/airflow/example_dags/example_sensor_decorator.py
[2023-01-12T07:41:42.438-0500] {logging_mixin.py:137} INFO - [2023-01-12T07:41:42.438-0500] {dag.py:2676} INFO - Sync 1 DAGs
[2023-01-12T07:41:42.456-0500] {logging_mixin.py:137} INFO - [2023-01-12T07:41:42.456-0500] {dag.py:3423} INFO - Setting next_dagrun for example_sensor_decorator to None, run_after=None
[2023-01-12T07:41:42.478-0500] {processor.py:175} INFO - Processing /Library/Frameworks/Python.framework/Versions/3.9/lib/python3.9/site-packages/airflow/example_dags/example_sensor_decorator.py took 1.134 seconds
[2023-01-12T07:43:43.157-0500] {processor.py:153} INFO - Started process (PID=15808) to work on /Library/Frameworks/Python.framework/Versions/3.9/lib/python3.9/site-packages/airflow/example_dags/example_sensor_decorator.py
[2023-01-12T07:43:43.163-0500] {processor.py:743} INFO - Processing file /Library/Frameworks/Python.framework/Versions/3.9/lib/python3.9/site-packages/airflow/example_dags/example_sensor_decorator.py for tasks to queue
[2023-01-12T07:43:43.164-0500] {logging_mixin.py:137} INFO - [2023-01-12T07:43:43.164-0500] {dagbag.py:538} INFO - Filling up the DagBag from /Library/Frameworks/Python.framework/Versions/3.9/lib/python3.9/site-packages/airflow/example_dags/example_sensor_decorator.py
[2023-01-12T07:43:43.266-0500] {logging_mixin.py:137} WARNING - /Library/Frameworks/Python.framework/Versions/3.9/lib/python3.9/site-packages/airflow/models/dag.py:3492 RemovedInAirflow3Warning: Param `schedule_interval` is deprecated and will be removed in a future release. Please use `schedule` instead.
[2023-01-12T07:43:43.278-0500] {processor.py:753} INFO - DAG(s) dict_keys(['example_sensor_decorator']) retrieved from /Library/Frameworks/Python.framework/Versions/3.9/lib/python3.9/site-packages/airflow/example_dags/example_sensor_decorator.py
[2023-01-12T07:43:44.240-0500] {logging_mixin.py:137} INFO - [2023-01-12T07:43:44.239-0500] {dag.py:2676} INFO - Sync 1 DAGs
[2023-01-12T07:43:44.262-0500] {logging_mixin.py:137} INFO - [2023-01-12T07:43:44.262-0500] {dag.py:3423} INFO - Setting next_dagrun for example_sensor_decorator to None, run_after=None
[2023-01-12T07:43:44.286-0500] {processor.py:175} INFO - Processing /Library/Frameworks/Python.framework/Versions/3.9/lib/python3.9/site-packages/airflow/example_dags/example_sensor_decorator.py took 1.130 seconds
[2023-01-12T07:45:43.028-0500] {processor.py:153} INFO - Started process (PID=15875) to work on /Library/Frameworks/Python.framework/Versions/3.9/lib/python3.9/site-packages/airflow/example_dags/example_sensor_decorator.py
[2023-01-12T07:45:43.034-0500] {processor.py:743} INFO - Processing file /Library/Frameworks/Python.framework/Versions/3.9/lib/python3.9/site-packages/airflow/example_dags/example_sensor_decorator.py for tasks to queue
[2023-01-12T07:45:43.035-0500] {logging_mixin.py:137} INFO - [2023-01-12T07:45:43.034-0500] {dagbag.py:538} INFO - Filling up the DagBag from /Library/Frameworks/Python.framework/Versions/3.9/lib/python3.9/site-packages/airflow/example_dags/example_sensor_decorator.py
[2023-01-12T07:45:43.115-0500] {logging_mixin.py:137} WARNING - /Library/Frameworks/Python.framework/Versions/3.9/lib/python3.9/site-packages/airflow/models/dag.py:3492 RemovedInAirflow3Warning: Param `schedule_interval` is deprecated and will be removed in a future release. Please use `schedule` instead.
[2023-01-12T07:45:43.124-0500] {processor.py:753} INFO - DAG(s) dict_keys(['example_sensor_decorator']) retrieved from /Library/Frameworks/Python.framework/Versions/3.9/lib/python3.9/site-packages/airflow/example_dags/example_sensor_decorator.py
[2023-01-12T07:45:43.860-0500] {logging_mixin.py:137} INFO - [2023-01-12T07:45:43.860-0500] {dag.py:2676} INFO - Sync 1 DAGs
[2023-01-12T07:45:43.875-0500] {logging_mixin.py:137} INFO - [2023-01-12T07:45:43.875-0500] {dag.py:3423} INFO - Setting next_dagrun for example_sensor_decorator to None, run_after=None
[2023-01-12T07:45:43.894-0500] {processor.py:175} INFO - Processing /Library/Frameworks/Python.framework/Versions/3.9/lib/python3.9/site-packages/airflow/example_dags/example_sensor_decorator.py took 0.866 seconds
[2023-01-12T07:47:34.317-0500] {processor.py:153} INFO - Started process (PID=15934) to work on /Library/Frameworks/Python.framework/Versions/3.9/lib/python3.9/site-packages/airflow/example_dags/example_sensor_decorator.py
[2023-01-12T07:47:34.323-0500] {processor.py:743} INFO - Processing file /Library/Frameworks/Python.framework/Versions/3.9/lib/python3.9/site-packages/airflow/example_dags/example_sensor_decorator.py for tasks to queue
[2023-01-12T07:47:34.323-0500] {logging_mixin.py:137} INFO - [2023-01-12T07:47:34.323-0500] {dagbag.py:538} INFO - Filling up the DagBag from /Library/Frameworks/Python.framework/Versions/3.9/lib/python3.9/site-packages/airflow/example_dags/example_sensor_decorator.py
[2023-01-12T07:47:34.511-0500] {logging_mixin.py:137} WARNING - /Library/Frameworks/Python.framework/Versions/3.9/lib/python3.9/site-packages/airflow/models/dag.py:3492 RemovedInAirflow3Warning: Param `schedule_interval` is deprecated and will be removed in a future release. Please use `schedule` instead.
[2023-01-12T07:47:34.526-0500] {processor.py:753} INFO - DAG(s) dict_keys(['example_sensor_decorator']) retrieved from /Library/Frameworks/Python.framework/Versions/3.9/lib/python3.9/site-packages/airflow/example_dags/example_sensor_decorator.py
[2023-01-12T07:47:35.435-0500] {logging_mixin.py:137} INFO - [2023-01-12T07:47:35.434-0500] {dag.py:2676} INFO - Sync 1 DAGs
[2023-01-12T07:47:35.451-0500] {logging_mixin.py:137} INFO - [2023-01-12T07:47:35.451-0500] {dag.py:3423} INFO - Setting next_dagrun for example_sensor_decorator to None, run_after=None
[2023-01-12T07:47:35.472-0500] {processor.py:175} INFO - Processing /Library/Frameworks/Python.framework/Versions/3.9/lib/python3.9/site-packages/airflow/example_dags/example_sensor_decorator.py took 1.157 seconds
[2023-01-12T07:49:24.813-0500] {processor.py:153} INFO - Started process (PID=15978) to work on /Library/Frameworks/Python.framework/Versions/3.9/lib/python3.9/site-packages/airflow/example_dags/example_sensor_decorator.py
[2023-01-12T07:49:24.820-0500] {processor.py:743} INFO - Processing file /Library/Frameworks/Python.framework/Versions/3.9/lib/python3.9/site-packages/airflow/example_dags/example_sensor_decorator.py for tasks to queue
[2023-01-12T07:49:24.821-0500] {logging_mixin.py:137} INFO - [2023-01-12T07:49:24.820-0500] {dagbag.py:538} INFO - Filling up the DagBag from /Library/Frameworks/Python.framework/Versions/3.9/lib/python3.9/site-packages/airflow/example_dags/example_sensor_decorator.py
[2023-01-12T07:49:24.951-0500] {logging_mixin.py:137} WARNING - /Library/Frameworks/Python.framework/Versions/3.9/lib/python3.9/site-packages/airflow/models/dag.py:3492 RemovedInAirflow3Warning: Param `schedule_interval` is deprecated and will be removed in a future release. Please use `schedule` instead.
[2023-01-12T07:49:24.967-0500] {processor.py:753} INFO - DAG(s) dict_keys(['example_sensor_decorator']) retrieved from /Library/Frameworks/Python.framework/Versions/3.9/lib/python3.9/site-packages/airflow/example_dags/example_sensor_decorator.py
[2023-01-12T07:49:25.921-0500] {logging_mixin.py:137} INFO - [2023-01-12T07:49:25.921-0500] {dag.py:2676} INFO - Sync 1 DAGs
[2023-01-12T07:49:25.941-0500] {logging_mixin.py:137} INFO - [2023-01-12T07:49:25.941-0500] {dag.py:3423} INFO - Setting next_dagrun for example_sensor_decorator to None, run_after=None
[2023-01-12T07:49:25.963-0500] {processor.py:175} INFO - Processing /Library/Frameworks/Python.framework/Versions/3.9/lib/python3.9/site-packages/airflow/example_dags/example_sensor_decorator.py took 1.151 seconds
[2023-01-12T07:51:31.022-0500] {processor.py:153} INFO - Started process (PID=16100) to work on /Library/Frameworks/Python.framework/Versions/3.9/lib/python3.9/site-packages/airflow/example_dags/example_sensor_decorator.py
[2023-01-12T07:51:31.030-0500] {processor.py:743} INFO - Processing file /Library/Frameworks/Python.framework/Versions/3.9/lib/python3.9/site-packages/airflow/example_dags/example_sensor_decorator.py for tasks to queue
[2023-01-12T07:51:31.030-0500] {logging_mixin.py:137} INFO - [2023-01-12T07:51:31.030-0500] {dagbag.py:538} INFO - Filling up the DagBag from /Library/Frameworks/Python.framework/Versions/3.9/lib/python3.9/site-packages/airflow/example_dags/example_sensor_decorator.py
[2023-01-12T07:51:31.138-0500] {logging_mixin.py:137} WARNING - /Library/Frameworks/Python.framework/Versions/3.9/lib/python3.9/site-packages/airflow/models/dag.py:3492 RemovedInAirflow3Warning: Param `schedule_interval` is deprecated and will be removed in a future release. Please use `schedule` instead.
[2023-01-12T07:51:31.150-0500] {processor.py:753} INFO - DAG(s) dict_keys(['example_sensor_decorator']) retrieved from /Library/Frameworks/Python.framework/Versions/3.9/lib/python3.9/site-packages/airflow/example_dags/example_sensor_decorator.py
[2023-01-12T07:51:32.209-0500] {logging_mixin.py:137} INFO - [2023-01-12T07:51:32.209-0500] {dag.py:2676} INFO - Sync 1 DAGs
[2023-01-12T07:51:32.231-0500] {logging_mixin.py:137} INFO - [2023-01-12T07:51:32.231-0500] {dag.py:3423} INFO - Setting next_dagrun for example_sensor_decorator to None, run_after=None
[2023-01-12T07:51:32.255-0500] {processor.py:175} INFO - Processing /Library/Frameworks/Python.framework/Versions/3.9/lib/python3.9/site-packages/airflow/example_dags/example_sensor_decorator.py took 1.234 seconds
[2023-01-12T07:53:33.809-0500] {processor.py:153} INFO - Started process (PID=16139) to work on /Library/Frameworks/Python.framework/Versions/3.9/lib/python3.9/site-packages/airflow/example_dags/example_sensor_decorator.py
[2023-01-12T07:53:33.816-0500] {processor.py:743} INFO - Processing file /Library/Frameworks/Python.framework/Versions/3.9/lib/python3.9/site-packages/airflow/example_dags/example_sensor_decorator.py for tasks to queue
[2023-01-12T07:53:33.816-0500] {logging_mixin.py:137} INFO - [2023-01-12T07:53:33.816-0500] {dagbag.py:538} INFO - Filling up the DagBag from /Library/Frameworks/Python.framework/Versions/3.9/lib/python3.9/site-packages/airflow/example_dags/example_sensor_decorator.py
[2023-01-12T07:53:33.923-0500] {logging_mixin.py:137} WARNING - /Library/Frameworks/Python.framework/Versions/3.9/lib/python3.9/site-packages/airflow/models/dag.py:3492 RemovedInAirflow3Warning: Param `schedule_interval` is deprecated and will be removed in a future release. Please use `schedule` instead.
[2023-01-12T07:53:33.933-0500] {processor.py:753} INFO - DAG(s) dict_keys(['example_sensor_decorator']) retrieved from /Library/Frameworks/Python.framework/Versions/3.9/lib/python3.9/site-packages/airflow/example_dags/example_sensor_decorator.py
[2023-01-12T07:53:34.990-0500] {logging_mixin.py:137} INFO - [2023-01-12T07:53:34.989-0500] {dag.py:2676} INFO - Sync 1 DAGs
[2023-01-12T07:53:35.009-0500] {logging_mixin.py:137} INFO - [2023-01-12T07:53:35.009-0500] {dag.py:3423} INFO - Setting next_dagrun for example_sensor_decorator to None, run_after=None
[2023-01-12T07:53:35.036-0500] {processor.py:175} INFO - Processing /Library/Frameworks/Python.framework/Versions/3.9/lib/python3.9/site-packages/airflow/example_dags/example_sensor_decorator.py took 1.229 seconds
[2023-01-12T07:55:23.280-0500] {processor.py:153} INFO - Started process (PID=16176) to work on /Library/Frameworks/Python.framework/Versions/3.9/lib/python3.9/site-packages/airflow/example_dags/example_sensor_decorator.py
[2023-01-12T07:55:23.286-0500] {processor.py:743} INFO - Processing file /Library/Frameworks/Python.framework/Versions/3.9/lib/python3.9/site-packages/airflow/example_dags/example_sensor_decorator.py for tasks to queue
[2023-01-12T07:55:23.286-0500] {logging_mixin.py:137} INFO - [2023-01-12T07:55:23.286-0500] {dagbag.py:538} INFO - Filling up the DagBag from /Library/Frameworks/Python.framework/Versions/3.9/lib/python3.9/site-packages/airflow/example_dags/example_sensor_decorator.py
[2023-01-12T07:55:23.368-0500] {logging_mixin.py:137} WARNING - /Library/Frameworks/Python.framework/Versions/3.9/lib/python3.9/site-packages/airflow/models/dag.py:3492 RemovedInAirflow3Warning: Param `schedule_interval` is deprecated and will be removed in a future release. Please use `schedule` instead.
[2023-01-12T07:55:23.376-0500] {processor.py:753} INFO - DAG(s) dict_keys(['example_sensor_decorator']) retrieved from /Library/Frameworks/Python.framework/Versions/3.9/lib/python3.9/site-packages/airflow/example_dags/example_sensor_decorator.py
[2023-01-12T07:55:24.090-0500] {logging_mixin.py:137} INFO - [2023-01-12T07:55:24.090-0500] {dag.py:2676} INFO - Sync 1 DAGs
[2023-01-12T07:55:24.105-0500] {logging_mixin.py:137} INFO - [2023-01-12T07:55:24.105-0500] {dag.py:3423} INFO - Setting next_dagrun for example_sensor_decorator to None, run_after=None
[2023-01-12T07:55:24.123-0500] {processor.py:175} INFO - Processing /Library/Frameworks/Python.framework/Versions/3.9/lib/python3.9/site-packages/airflow/example_dags/example_sensor_decorator.py took 0.844 seconds
[2023-01-12T07:57:33.287-0500] {processor.py:153} INFO - Started process (PID=16340) to work on /Library/Frameworks/Python.framework/Versions/3.9/lib/python3.9/site-packages/airflow/example_dags/example_sensor_decorator.py
[2023-01-12T07:57:33.293-0500] {processor.py:743} INFO - Processing file /Library/Frameworks/Python.framework/Versions/3.9/lib/python3.9/site-packages/airflow/example_dags/example_sensor_decorator.py for tasks to queue
[2023-01-12T07:57:33.294-0500] {logging_mixin.py:137} INFO - [2023-01-12T07:57:33.294-0500] {dagbag.py:538} INFO - Filling up the DagBag from /Library/Frameworks/Python.framework/Versions/3.9/lib/python3.9/site-packages/airflow/example_dags/example_sensor_decorator.py
[2023-01-12T07:57:33.378-0500] {logging_mixin.py:137} WARNING - /Library/Frameworks/Python.framework/Versions/3.9/lib/python3.9/site-packages/airflow/models/dag.py:3492 RemovedInAirflow3Warning: Param `schedule_interval` is deprecated and will be removed in a future release. Please use `schedule` instead.
[2023-01-12T07:57:33.387-0500] {processor.py:753} INFO - DAG(s) dict_keys(['example_sensor_decorator']) retrieved from /Library/Frameworks/Python.framework/Versions/3.9/lib/python3.9/site-packages/airflow/example_dags/example_sensor_decorator.py
[2023-01-12T07:57:34.129-0500] {logging_mixin.py:137} INFO - [2023-01-12T07:57:34.129-0500] {dag.py:2676} INFO - Sync 1 DAGs
[2023-01-12T07:57:34.146-0500] {logging_mixin.py:137} INFO - [2023-01-12T07:57:34.146-0500] {dag.py:3423} INFO - Setting next_dagrun for example_sensor_decorator to None, run_after=None
[2023-01-12T07:57:34.192-0500] {processor.py:175} INFO - Processing /Library/Frameworks/Python.framework/Versions/3.9/lib/python3.9/site-packages/airflow/example_dags/example_sensor_decorator.py took 0.906 seconds
[2023-01-12T07:59:25.963-0500] {processor.py:153} INFO - Started process (PID=16378) to work on /Library/Frameworks/Python.framework/Versions/3.9/lib/python3.9/site-packages/airflow/example_dags/example_sensor_decorator.py
[2023-01-12T07:59:25.969-0500] {processor.py:743} INFO - Processing file /Library/Frameworks/Python.framework/Versions/3.9/lib/python3.9/site-packages/airflow/example_dags/example_sensor_decorator.py for tasks to queue
[2023-01-12T07:59:25.969-0500] {logging_mixin.py:137} INFO - [2023-01-12T07:59:25.969-0500] {dagbag.py:538} INFO - Filling up the DagBag from /Library/Frameworks/Python.framework/Versions/3.9/lib/python3.9/site-packages/airflow/example_dags/example_sensor_decorator.py
[2023-01-12T07:59:26.056-0500] {logging_mixin.py:137} WARNING - /Library/Frameworks/Python.framework/Versions/3.9/lib/python3.9/site-packages/airflow/models/dag.py:3492 RemovedInAirflow3Warning: Param `schedule_interval` is deprecated and will be removed in a future release. Please use `schedule` instead.
[2023-01-12T07:59:26.066-0500] {processor.py:753} INFO - DAG(s) dict_keys(['example_sensor_decorator']) retrieved from /Library/Frameworks/Python.framework/Versions/3.9/lib/python3.9/site-packages/airflow/example_dags/example_sensor_decorator.py
[2023-01-12T07:59:26.850-0500] {logging_mixin.py:137} INFO - [2023-01-12T07:59:26.850-0500] {dag.py:2676} INFO - Sync 1 DAGs
[2023-01-12T07:59:26.868-0500] {logging_mixin.py:137} INFO - [2023-01-12T07:59:26.868-0500] {dag.py:3423} INFO - Setting next_dagrun for example_sensor_decorator to None, run_after=None
[2023-01-12T07:59:26.888-0500] {processor.py:175} INFO - Processing /Library/Frameworks/Python.framework/Versions/3.9/lib/python3.9/site-packages/airflow/example_dags/example_sensor_decorator.py took 0.925 seconds
[2023-01-12T08:01:42.146-0500] {processor.py:153} INFO - Started process (PID=16489) to work on /Library/Frameworks/Python.framework/Versions/3.9/lib/python3.9/site-packages/airflow/example_dags/example_sensor_decorator.py
[2023-01-12T08:01:42.156-0500] {processor.py:743} INFO - Processing file /Library/Frameworks/Python.framework/Versions/3.9/lib/python3.9/site-packages/airflow/example_dags/example_sensor_decorator.py for tasks to queue
[2023-01-12T08:01:42.157-0500] {logging_mixin.py:137} INFO - [2023-01-12T08:01:42.156-0500] {dagbag.py:538} INFO - Filling up the DagBag from /Library/Frameworks/Python.framework/Versions/3.9/lib/python3.9/site-packages/airflow/example_dags/example_sensor_decorator.py
[2023-01-12T08:01:42.641-0500] {logging_mixin.py:137} WARNING - /Library/Frameworks/Python.framework/Versions/3.9/lib/python3.9/site-packages/airflow/models/dag.py:3492 RemovedInAirflow3Warning: Param `schedule_interval` is deprecated and will be removed in a future release. Please use `schedule` instead.
[2023-01-12T08:01:42.675-0500] {processor.py:753} INFO - DAG(s) dict_keys(['example_sensor_decorator']) retrieved from /Library/Frameworks/Python.framework/Versions/3.9/lib/python3.9/site-packages/airflow/example_dags/example_sensor_decorator.py
[2023-01-12T08:01:46.433-0500] {logging_mixin.py:137} INFO - [2023-01-12T08:01:46.432-0500] {dag.py:2676} INFO - Sync 1 DAGs
[2023-01-12T08:01:46.485-0500] {logging_mixin.py:137} INFO - [2023-01-12T08:01:46.484-0500] {dag.py:3423} INFO - Setting next_dagrun for example_sensor_decorator to None, run_after=None
[2023-01-12T08:01:46.691-0500] {processor.py:175} INFO - Processing /Library/Frameworks/Python.framework/Versions/3.9/lib/python3.9/site-packages/airflow/example_dags/example_sensor_decorator.py took 4.546 seconds
[2023-01-12T08:05:36.474-0500] {processor.py:153} INFO - Started process (PID=16605) to work on /Library/Frameworks/Python.framework/Versions/3.9/lib/python3.9/site-packages/airflow/example_dags/example_sensor_decorator.py
[2023-01-12T08:05:36.488-0500] {processor.py:743} INFO - Processing file /Library/Frameworks/Python.framework/Versions/3.9/lib/python3.9/site-packages/airflow/example_dags/example_sensor_decorator.py for tasks to queue
[2023-01-12T08:05:36.489-0500] {logging_mixin.py:137} INFO - [2023-01-12T08:05:36.489-0500] {dagbag.py:538} INFO - Filling up the DagBag from /Library/Frameworks/Python.framework/Versions/3.9/lib/python3.9/site-packages/airflow/example_dags/example_sensor_decorator.py
[2023-01-12T08:05:36.668-0500] {logging_mixin.py:137} WARNING - /Library/Frameworks/Python.framework/Versions/3.9/lib/python3.9/site-packages/airflow/models/dag.py:3492 RemovedInAirflow3Warning: Param `schedule_interval` is deprecated and will be removed in a future release. Please use `schedule` instead.
[2023-01-12T08:05:36.685-0500] {processor.py:753} INFO - DAG(s) dict_keys(['example_sensor_decorator']) retrieved from /Library/Frameworks/Python.framework/Versions/3.9/lib/python3.9/site-packages/airflow/example_dags/example_sensor_decorator.py
[2023-01-12T08:05:38.025-0500] {logging_mixin.py:137} INFO - [2023-01-12T08:05:38.024-0500] {dag.py:2676} INFO - Sync 1 DAGs
[2023-01-12T08:05:38.054-0500] {logging_mixin.py:137} INFO - [2023-01-12T08:05:38.054-0500] {dag.py:3423} INFO - Setting next_dagrun for example_sensor_decorator to None, run_after=None
[2023-01-12T08:05:38.087-0500] {processor.py:175} INFO - Processing /Library/Frameworks/Python.framework/Versions/3.9/lib/python3.9/site-packages/airflow/example_dags/example_sensor_decorator.py took 1.615 seconds
[2023-01-12T08:09:48.473-0500] {processor.py:153} INFO - Started process (PID=16720) to work on /Library/Frameworks/Python.framework/Versions/3.9/lib/python3.9/site-packages/airflow/example_dags/example_sensor_decorator.py
[2023-01-12T08:09:48.483-0500] {processor.py:743} INFO - Processing file /Library/Frameworks/Python.framework/Versions/3.9/lib/python3.9/site-packages/airflow/example_dags/example_sensor_decorator.py for tasks to queue
[2023-01-12T08:09:48.484-0500] {logging_mixin.py:137} INFO - [2023-01-12T08:09:48.484-0500] {dagbag.py:538} INFO - Filling up the DagBag from /Library/Frameworks/Python.framework/Versions/3.9/lib/python3.9/site-packages/airflow/example_dags/example_sensor_decorator.py
[2023-01-12T08:09:48.653-0500] {logging_mixin.py:137} WARNING - /Library/Frameworks/Python.framework/Versions/3.9/lib/python3.9/site-packages/airflow/models/dag.py:3492 RemovedInAirflow3Warning: Param `schedule_interval` is deprecated and will be removed in a future release. Please use `schedule` instead.
[2023-01-12T08:09:48.669-0500] {processor.py:753} INFO - DAG(s) dict_keys(['example_sensor_decorator']) retrieved from /Library/Frameworks/Python.framework/Versions/3.9/lib/python3.9/site-packages/airflow/example_dags/example_sensor_decorator.py
[2023-01-12T08:09:50.314-0500] {logging_mixin.py:137} INFO - [2023-01-12T08:09:50.313-0500] {dag.py:2676} INFO - Sync 1 DAGs
[2023-01-12T08:09:50.343-0500] {logging_mixin.py:137} INFO - [2023-01-12T08:09:50.343-0500] {dag.py:3423} INFO - Setting next_dagrun for example_sensor_decorator to None, run_after=None
[2023-01-12T08:09:50.375-0500] {processor.py:175} INFO - Processing /Library/Frameworks/Python.framework/Versions/3.9/lib/python3.9/site-packages/airflow/example_dags/example_sensor_decorator.py took 1.904 seconds
[2023-01-12T08:19:49.793-0500] {processor.py:153} INFO - Started process (PID=17199) to work on /Library/Frameworks/Python.framework/Versions/3.9/lib/python3.9/site-packages/airflow/example_dags/example_sensor_decorator.py
[2023-01-12T08:19:49.804-0500] {processor.py:743} INFO - Processing file /Library/Frameworks/Python.framework/Versions/3.9/lib/python3.9/site-packages/airflow/example_dags/example_sensor_decorator.py for tasks to queue
[2023-01-12T08:19:49.805-0500] {logging_mixin.py:137} INFO - [2023-01-12T08:19:49.805-0500] {dagbag.py:538} INFO - Filling up the DagBag from /Library/Frameworks/Python.framework/Versions/3.9/lib/python3.9/site-packages/airflow/example_dags/example_sensor_decorator.py
[2023-01-12T08:19:50.023-0500] {logging_mixin.py:137} WARNING - /Library/Frameworks/Python.framework/Versions/3.9/lib/python3.9/site-packages/airflow/models/dag.py:3492 RemovedInAirflow3Warning: Param `schedule_interval` is deprecated and will be removed in a future release. Please use `schedule` instead.
[2023-01-12T08:19:50.047-0500] {processor.py:753} INFO - DAG(s) dict_keys(['example_sensor_decorator']) retrieved from /Library/Frameworks/Python.framework/Versions/3.9/lib/python3.9/site-packages/airflow/example_dags/example_sensor_decorator.py
[2023-01-12T08:19:51.934-0500] {logging_mixin.py:137} INFO - [2023-01-12T08:19:51.933-0500] {dag.py:2676} INFO - Sync 1 DAGs
[2023-01-12T08:19:52.010-0500] {logging_mixin.py:137} INFO - [2023-01-12T08:19:52.010-0500] {dag.py:3423} INFO - Setting next_dagrun for example_sensor_decorator to None, run_after=None
[2023-01-12T08:19:52.057-0500] {processor.py:175} INFO - Processing /Library/Frameworks/Python.framework/Versions/3.9/lib/python3.9/site-packages/airflow/example_dags/example_sensor_decorator.py took 2.265 seconds
[2023-01-12T08:26:33.526-0500] {processor.py:153} INFO - Started process (PID=17461) to work on /Library/Frameworks/Python.framework/Versions/3.9/lib/python3.9/site-packages/airflow/example_dags/example_sensor_decorator.py
[2023-01-12T08:26:33.536-0500] {processor.py:743} INFO - Processing file /Library/Frameworks/Python.framework/Versions/3.9/lib/python3.9/site-packages/airflow/example_dags/example_sensor_decorator.py for tasks to queue
[2023-01-12T08:26:33.537-0500] {logging_mixin.py:137} INFO - [2023-01-12T08:26:33.536-0500] {dagbag.py:538} INFO - Filling up the DagBag from /Library/Frameworks/Python.framework/Versions/3.9/lib/python3.9/site-packages/airflow/example_dags/example_sensor_decorator.py
[2023-01-12T08:26:33.677-0500] {logging_mixin.py:137} WARNING - /Library/Frameworks/Python.framework/Versions/3.9/lib/python3.9/site-packages/airflow/models/dag.py:3492 RemovedInAirflow3Warning: Param `schedule_interval` is deprecated and will be removed in a future release. Please use `schedule` instead.
[2023-01-12T08:26:33.691-0500] {processor.py:753} INFO - DAG(s) dict_keys(['example_sensor_decorator']) retrieved from /Library/Frameworks/Python.framework/Versions/3.9/lib/python3.9/site-packages/airflow/example_dags/example_sensor_decorator.py
[2023-01-12T08:26:34.913-0500] {logging_mixin.py:137} INFO - [2023-01-12T08:26:34.912-0500] {dag.py:2676} INFO - Sync 1 DAGs
[2023-01-12T08:26:34.939-0500] {logging_mixin.py:137} INFO - [2023-01-12T08:26:34.939-0500] {dag.py:3423} INFO - Setting next_dagrun for example_sensor_decorator to None, run_after=None
[2023-01-12T08:26:34.974-0500] {processor.py:175} INFO - Processing /Library/Frameworks/Python.framework/Versions/3.9/lib/python3.9/site-packages/airflow/example_dags/example_sensor_decorator.py took 1.449 seconds
