[2023-01-12T06:01:35.833-0500] {processor.py:153} INFO - Started process (PID=14808) to work on /Library/Frameworks/Python.framework/Versions/3.9/lib/python3.9/site-packages/airflow/example_dags/example_trigger_target_dag.py
[2023-01-12T06:01:35.837-0500] {processor.py:743} INFO - Processing file /Library/Frameworks/Python.framework/Versions/3.9/lib/python3.9/site-packages/airflow/example_dags/example_trigger_target_dag.py for tasks to queue
[2023-01-12T06:01:35.838-0500] {logging_mixin.py:137} INFO - [2023-01-12T06:01:35.838-0500] {dagbag.py:538} INFO - Filling up the DagBag from /Library/Frameworks/Python.framework/Versions/3.9/lib/python3.9/site-packages/airflow/example_dags/example_trigger_target_dag.py
[2023-01-12T06:01:35.888-0500] {processor.py:753} INFO - DAG(s) dict_keys(['example_trigger_target_dag']) retrieved from /Library/Frameworks/Python.framework/Versions/3.9/lib/python3.9/site-packages/airflow/example_dags/example_trigger_target_dag.py
[2023-01-12T06:01:36.469-0500] {logging_mixin.py:137} INFO - [2023-01-12T06:01:36.469-0500] {dag.py:2676} INFO - Sync 1 DAGs
[2023-01-12T06:01:36.484-0500] {logging_mixin.py:137} INFO - [2023-01-12T06:01:36.484-0500] {dag.py:3423} INFO - Setting next_dagrun for example_trigger_target_dag to None, run_after=None
[2023-01-12T06:01:36.519-0500] {processor.py:175} INFO - Processing /Library/Frameworks/Python.framework/Versions/3.9/lib/python3.9/site-packages/airflow/example_dags/example_trigger_target_dag.py took 0.687 seconds
[2023-01-12T07:24:28.080-0500] {processor.py:153} INFO - Started process (PID=15030) to work on /Library/Frameworks/Python.framework/Versions/3.9/lib/python3.9/site-packages/airflow/example_dags/example_trigger_target_dag.py
[2023-01-12T07:24:28.086-0500] {processor.py:743} INFO - Processing file /Library/Frameworks/Python.framework/Versions/3.9/lib/python3.9/site-packages/airflow/example_dags/example_trigger_target_dag.py for tasks to queue
[2023-01-12T07:24:28.086-0500] {logging_mixin.py:137} INFO - [2023-01-12T07:24:28.086-0500] {dagbag.py:538} INFO - Filling up the DagBag from /Library/Frameworks/Python.framework/Versions/3.9/lib/python3.9/site-packages/airflow/example_dags/example_trigger_target_dag.py
[2023-01-12T07:24:28.146-0500] {processor.py:753} INFO - DAG(s) dict_keys(['example_trigger_target_dag']) retrieved from /Library/Frameworks/Python.framework/Versions/3.9/lib/python3.9/site-packages/airflow/example_dags/example_trigger_target_dag.py
[2023-01-12T07:24:28.788-0500] {logging_mixin.py:137} INFO - [2023-01-12T07:24:28.788-0500] {dag.py:2676} INFO - Sync 1 DAGs
[2023-01-12T07:24:28.805-0500] {logging_mixin.py:137} INFO - [2023-01-12T07:24:28.805-0500] {dag.py:3423} INFO - Setting next_dagrun for example_trigger_target_dag to None, run_after=None
[2023-01-12T07:24:28.825-0500] {processor.py:175} INFO - Processing /Library/Frameworks/Python.framework/Versions/3.9/lib/python3.9/site-packages/airflow/example_dags/example_trigger_target_dag.py took 0.746 seconds
[2023-01-12T07:26:22.940-0500] {processor.py:153} INFO - Started process (PID=15111) to work on /Library/Frameworks/Python.framework/Versions/3.9/lib/python3.9/site-packages/airflow/example_dags/example_trigger_target_dag.py
[2023-01-12T07:26:22.946-0500] {processor.py:743} INFO - Processing file /Library/Frameworks/Python.framework/Versions/3.9/lib/python3.9/site-packages/airflow/example_dags/example_trigger_target_dag.py for tasks to queue
[2023-01-12T07:26:22.947-0500] {logging_mixin.py:137} INFO - [2023-01-12T07:26:22.947-0500] {dagbag.py:538} INFO - Filling up the DagBag from /Library/Frameworks/Python.framework/Versions/3.9/lib/python3.9/site-packages/airflow/example_dags/example_trigger_target_dag.py
[2023-01-12T07:26:23.001-0500] {processor.py:753} INFO - DAG(s) dict_keys(['example_trigger_target_dag']) retrieved from /Library/Frameworks/Python.framework/Versions/3.9/lib/python3.9/site-packages/airflow/example_dags/example_trigger_target_dag.py
[2023-01-12T07:26:23.685-0500] {logging_mixin.py:137} INFO - [2023-01-12T07:26:23.685-0500] {dag.py:2676} INFO - Sync 1 DAGs
[2023-01-12T07:26:23.703-0500] {logging_mixin.py:137} INFO - [2023-01-12T07:26:23.703-0500] {dag.py:3423} INFO - Setting next_dagrun for example_trigger_target_dag to None, run_after=None
[2023-01-12T07:26:23.721-0500] {processor.py:175} INFO - Processing /Library/Frameworks/Python.framework/Versions/3.9/lib/python3.9/site-packages/airflow/example_dags/example_trigger_target_dag.py took 0.781 seconds
[2023-01-12T07:28:08.391-0500] {processor.py:153} INFO - Started process (PID=15158) to work on /Library/Frameworks/Python.framework/Versions/3.9/lib/python3.9/site-packages/airflow/example_dags/example_trigger_target_dag.py
[2023-01-12T07:28:08.397-0500] {processor.py:743} INFO - Processing file /Library/Frameworks/Python.framework/Versions/3.9/lib/python3.9/site-packages/airflow/example_dags/example_trigger_target_dag.py for tasks to queue
[2023-01-12T07:28:08.398-0500] {logging_mixin.py:137} INFO - [2023-01-12T07:28:08.398-0500] {dagbag.py:538} INFO - Filling up the DagBag from /Library/Frameworks/Python.framework/Versions/3.9/lib/python3.9/site-packages/airflow/example_dags/example_trigger_target_dag.py
[2023-01-12T07:28:08.450-0500] {processor.py:753} INFO - DAG(s) dict_keys(['example_trigger_target_dag']) retrieved from /Library/Frameworks/Python.framework/Versions/3.9/lib/python3.9/site-packages/airflow/example_dags/example_trigger_target_dag.py
[2023-01-12T07:28:09.077-0500] {logging_mixin.py:137} INFO - [2023-01-12T07:28:09.077-0500] {dag.py:2676} INFO - Sync 1 DAGs
[2023-01-12T07:28:09.093-0500] {logging_mixin.py:137} INFO - [2023-01-12T07:28:09.093-0500] {dag.py:3423} INFO - Setting next_dagrun for example_trigger_target_dag to None, run_after=None
[2023-01-12T07:28:09.133-0500] {processor.py:175} INFO - Processing /Library/Frameworks/Python.framework/Versions/3.9/lib/python3.9/site-packages/airflow/example_dags/example_trigger_target_dag.py took 0.742 seconds
[2023-01-12T07:29:53.463-0500] {processor.py:153} INFO - Started process (PID=15256) to work on /Library/Frameworks/Python.framework/Versions/3.9/lib/python3.9/site-packages/airflow/example_dags/example_trigger_target_dag.py
[2023-01-12T07:29:53.469-0500] {processor.py:743} INFO - Processing file /Library/Frameworks/Python.framework/Versions/3.9/lib/python3.9/site-packages/airflow/example_dags/example_trigger_target_dag.py for tasks to queue
[2023-01-12T07:29:53.470-0500] {logging_mixin.py:137} INFO - [2023-01-12T07:29:53.470-0500] {dagbag.py:538} INFO - Filling up the DagBag from /Library/Frameworks/Python.framework/Versions/3.9/lib/python3.9/site-packages/airflow/example_dags/example_trigger_target_dag.py
[2023-01-12T07:29:53.566-0500] {processor.py:753} INFO - DAG(s) dict_keys(['example_trigger_target_dag']) retrieved from /Library/Frameworks/Python.framework/Versions/3.9/lib/python3.9/site-packages/airflow/example_dags/example_trigger_target_dag.py
[2023-01-12T07:29:54.403-0500] {logging_mixin.py:137} INFO - [2023-01-12T07:29:54.403-0500] {dag.py:2676} INFO - Sync 1 DAGs
[2023-01-12T07:29:54.430-0500] {logging_mixin.py:137} INFO - [2023-01-12T07:29:54.430-0500] {dag.py:3423} INFO - Setting next_dagrun for example_trigger_target_dag to None, run_after=None
[2023-01-12T07:29:54.451-0500] {processor.py:175} INFO - Processing /Library/Frameworks/Python.framework/Versions/3.9/lib/python3.9/site-packages/airflow/example_dags/example_trigger_target_dag.py took 0.989 seconds
[2023-01-12T07:31:43.518-0500] {processor.py:153} INFO - Started process (PID=15447) to work on /Library/Frameworks/Python.framework/Versions/3.9/lib/python3.9/site-packages/airflow/example_dags/example_trigger_target_dag.py
[2023-01-12T07:31:43.524-0500] {processor.py:743} INFO - Processing file /Library/Frameworks/Python.framework/Versions/3.9/lib/python3.9/site-packages/airflow/example_dags/example_trigger_target_dag.py for tasks to queue
[2023-01-12T07:31:43.525-0500] {logging_mixin.py:137} INFO - [2023-01-12T07:31:43.525-0500] {dagbag.py:538} INFO - Filling up the DagBag from /Library/Frameworks/Python.framework/Versions/3.9/lib/python3.9/site-packages/airflow/example_dags/example_trigger_target_dag.py
[2023-01-12T07:31:43.581-0500] {processor.py:753} INFO - DAG(s) dict_keys(['example_trigger_target_dag']) retrieved from /Library/Frameworks/Python.framework/Versions/3.9/lib/python3.9/site-packages/airflow/example_dags/example_trigger_target_dag.py
[2023-01-12T07:31:44.213-0500] {logging_mixin.py:137} INFO - [2023-01-12T07:31:44.213-0500] {dag.py:2676} INFO - Sync 1 DAGs
[2023-01-12T07:31:44.230-0500] {logging_mixin.py:137} INFO - [2023-01-12T07:31:44.229-0500] {dag.py:3423} INFO - Setting next_dagrun for example_trigger_target_dag to None, run_after=None
[2023-01-12T07:31:44.248-0500] {processor.py:175} INFO - Processing /Library/Frameworks/Python.framework/Versions/3.9/lib/python3.9/site-packages/airflow/example_dags/example_trigger_target_dag.py took 0.730 seconds
[2023-01-12T07:33:29.742-0500] {processor.py:153} INFO - Started process (PID=15497) to work on /Library/Frameworks/Python.framework/Versions/3.9/lib/python3.9/site-packages/airflow/example_dags/example_trigger_target_dag.py
[2023-01-12T07:33:29.750-0500] {processor.py:743} INFO - Processing file /Library/Frameworks/Python.framework/Versions/3.9/lib/python3.9/site-packages/airflow/example_dags/example_trigger_target_dag.py for tasks to queue
[2023-01-12T07:33:29.750-0500] {logging_mixin.py:137} INFO - [2023-01-12T07:33:29.750-0500] {dagbag.py:538} INFO - Filling up the DagBag from /Library/Frameworks/Python.framework/Versions/3.9/lib/python3.9/site-packages/airflow/example_dags/example_trigger_target_dag.py
[2023-01-12T07:33:29.803-0500] {processor.py:753} INFO - DAG(s) dict_keys(['example_trigger_target_dag']) retrieved from /Library/Frameworks/Python.framework/Versions/3.9/lib/python3.9/site-packages/airflow/example_dags/example_trigger_target_dag.py
[2023-01-12T07:33:30.610-0500] {logging_mixin.py:137} INFO - [2023-01-12T07:33:30.610-0500] {dag.py:2676} INFO - Sync 1 DAGs
[2023-01-12T07:33:30.629-0500] {logging_mixin.py:137} INFO - [2023-01-12T07:33:30.629-0500] {dag.py:3423} INFO - Setting next_dagrun for example_trigger_target_dag to None, run_after=None
[2023-01-12T07:33:30.648-0500] {processor.py:175} INFO - Processing /Library/Frameworks/Python.framework/Versions/3.9/lib/python3.9/site-packages/airflow/example_dags/example_trigger_target_dag.py took 0.906 seconds
[2023-01-12T07:35:18.016-0500] {processor.py:153} INFO - Started process (PID=15550) to work on /Library/Frameworks/Python.framework/Versions/3.9/lib/python3.9/site-packages/airflow/example_dags/example_trigger_target_dag.py
[2023-01-12T07:35:18.022-0500] {processor.py:743} INFO - Processing file /Library/Frameworks/Python.framework/Versions/3.9/lib/python3.9/site-packages/airflow/example_dags/example_trigger_target_dag.py for tasks to queue
[2023-01-12T07:35:18.023-0500] {logging_mixin.py:137} INFO - [2023-01-12T07:35:18.023-0500] {dagbag.py:538} INFO - Filling up the DagBag from /Library/Frameworks/Python.framework/Versions/3.9/lib/python3.9/site-packages/airflow/example_dags/example_trigger_target_dag.py
[2023-01-12T07:35:18.078-0500] {processor.py:753} INFO - DAG(s) dict_keys(['example_trigger_target_dag']) retrieved from /Library/Frameworks/Python.framework/Versions/3.9/lib/python3.9/site-packages/airflow/example_dags/example_trigger_target_dag.py
[2023-01-12T07:35:18.706-0500] {logging_mixin.py:137} INFO - [2023-01-12T07:35:18.706-0500] {dag.py:2676} INFO - Sync 1 DAGs
[2023-01-12T07:35:18.722-0500] {logging_mixin.py:137} INFO - [2023-01-12T07:35:18.722-0500] {dag.py:3423} INFO - Setting next_dagrun for example_trigger_target_dag to None, run_after=None
[2023-01-12T07:35:18.742-0500] {processor.py:175} INFO - Processing /Library/Frameworks/Python.framework/Versions/3.9/lib/python3.9/site-packages/airflow/example_dags/example_trigger_target_dag.py took 0.726 seconds
[2023-01-12T07:37:05.589-0500] {processor.py:153} INFO - Started process (PID=15581) to work on /Library/Frameworks/Python.framework/Versions/3.9/lib/python3.9/site-packages/airflow/example_dags/example_trigger_target_dag.py
[2023-01-12T07:37:05.595-0500] {processor.py:743} INFO - Processing file /Library/Frameworks/Python.framework/Versions/3.9/lib/python3.9/site-packages/airflow/example_dags/example_trigger_target_dag.py for tasks to queue
[2023-01-12T07:37:05.596-0500] {logging_mixin.py:137} INFO - [2023-01-12T07:37:05.596-0500] {dagbag.py:538} INFO - Filling up the DagBag from /Library/Frameworks/Python.framework/Versions/3.9/lib/python3.9/site-packages/airflow/example_dags/example_trigger_target_dag.py
[2023-01-12T07:37:05.651-0500] {processor.py:753} INFO - DAG(s) dict_keys(['example_trigger_target_dag']) retrieved from /Library/Frameworks/Python.framework/Versions/3.9/lib/python3.9/site-packages/airflow/example_dags/example_trigger_target_dag.py
[2023-01-12T07:37:06.274-0500] {logging_mixin.py:137} INFO - [2023-01-12T07:37:06.273-0500] {dag.py:2676} INFO - Sync 1 DAGs
[2023-01-12T07:37:06.290-0500] {logging_mixin.py:137} INFO - [2023-01-12T07:37:06.290-0500] {dag.py:3423} INFO - Setting next_dagrun for example_trigger_target_dag to None, run_after=None
[2023-01-12T07:37:06.309-0500] {processor.py:175} INFO - Processing /Library/Frameworks/Python.framework/Versions/3.9/lib/python3.9/site-packages/airflow/example_dags/example_trigger_target_dag.py took 0.721 seconds
[2023-01-12T07:38:54.685-0500] {processor.py:153} INFO - Started process (PID=15629) to work on /Library/Frameworks/Python.framework/Versions/3.9/lib/python3.9/site-packages/airflow/example_dags/example_trigger_target_dag.py
[2023-01-12T07:38:54.690-0500] {processor.py:743} INFO - Processing file /Library/Frameworks/Python.framework/Versions/3.9/lib/python3.9/site-packages/airflow/example_dags/example_trigger_target_dag.py for tasks to queue
[2023-01-12T07:38:54.691-0500] {logging_mixin.py:137} INFO - [2023-01-12T07:38:54.691-0500] {dagbag.py:538} INFO - Filling up the DagBag from /Library/Frameworks/Python.framework/Versions/3.9/lib/python3.9/site-packages/airflow/example_dags/example_trigger_target_dag.py
[2023-01-12T07:38:54.744-0500] {processor.py:753} INFO - DAG(s) dict_keys(['example_trigger_target_dag']) retrieved from /Library/Frameworks/Python.framework/Versions/3.9/lib/python3.9/site-packages/airflow/example_dags/example_trigger_target_dag.py
[2023-01-12T07:38:55.378-0500] {logging_mixin.py:137} INFO - [2023-01-12T07:38:55.378-0500] {dag.py:2676} INFO - Sync 1 DAGs
[2023-01-12T07:38:55.394-0500] {logging_mixin.py:137} INFO - [2023-01-12T07:38:55.394-0500] {dag.py:3423} INFO - Setting next_dagrun for example_trigger_target_dag to None, run_after=None
[2023-01-12T07:38:55.415-0500] {processor.py:175} INFO - Processing /Library/Frameworks/Python.framework/Versions/3.9/lib/python3.9/site-packages/airflow/example_dags/example_trigger_target_dag.py took 0.731 seconds
[2023-01-12T07:40:56.734-0500] {processor.py:153} INFO - Started process (PID=15750) to work on /Library/Frameworks/Python.framework/Versions/3.9/lib/python3.9/site-packages/airflow/example_dags/example_trigger_target_dag.py
[2023-01-12T07:40:56.740-0500] {processor.py:743} INFO - Processing file /Library/Frameworks/Python.framework/Versions/3.9/lib/python3.9/site-packages/airflow/example_dags/example_trigger_target_dag.py for tasks to queue
[2023-01-12T07:40:56.741-0500] {logging_mixin.py:137} INFO - [2023-01-12T07:40:56.741-0500] {dagbag.py:538} INFO - Filling up the DagBag from /Library/Frameworks/Python.framework/Versions/3.9/lib/python3.9/site-packages/airflow/example_dags/example_trigger_target_dag.py
[2023-01-12T07:40:56.806-0500] {processor.py:753} INFO - DAG(s) dict_keys(['example_trigger_target_dag']) retrieved from /Library/Frameworks/Python.framework/Versions/3.9/lib/python3.9/site-packages/airflow/example_dags/example_trigger_target_dag.py
[2023-01-12T07:40:57.520-0500] {logging_mixin.py:137} INFO - [2023-01-12T07:40:57.520-0500] {dag.py:2676} INFO - Sync 1 DAGs
[2023-01-12T07:40:57.539-0500] {logging_mixin.py:137} INFO - [2023-01-12T07:40:57.539-0500] {dag.py:3423} INFO - Setting next_dagrun for example_trigger_target_dag to None, run_after=None
[2023-01-12T07:40:57.561-0500] {processor.py:175} INFO - Processing /Library/Frameworks/Python.framework/Versions/3.9/lib/python3.9/site-packages/airflow/example_dags/example_trigger_target_dag.py took 0.828 seconds
[2023-01-12T07:42:59.889-0500] {processor.py:153} INFO - Started process (PID=15797) to work on /Library/Frameworks/Python.framework/Versions/3.9/lib/python3.9/site-packages/airflow/example_dags/example_trigger_target_dag.py
[2023-01-12T07:42:59.896-0500] {processor.py:743} INFO - Processing file /Library/Frameworks/Python.framework/Versions/3.9/lib/python3.9/site-packages/airflow/example_dags/example_trigger_target_dag.py for tasks to queue
[2023-01-12T07:42:59.896-0500] {logging_mixin.py:137} INFO - [2023-01-12T07:42:59.896-0500] {dagbag.py:538} INFO - Filling up the DagBag from /Library/Frameworks/Python.framework/Versions/3.9/lib/python3.9/site-packages/airflow/example_dags/example_trigger_target_dag.py
[2023-01-12T07:42:59.963-0500] {processor.py:753} INFO - DAG(s) dict_keys(['example_trigger_target_dag']) retrieved from /Library/Frameworks/Python.framework/Versions/3.9/lib/python3.9/site-packages/airflow/example_dags/example_trigger_target_dag.py
[2023-01-12T07:43:00.772-0500] {logging_mixin.py:137} INFO - [2023-01-12T07:43:00.772-0500] {dag.py:2676} INFO - Sync 1 DAGs
[2023-01-12T07:43:00.795-0500] {logging_mixin.py:137} INFO - [2023-01-12T07:43:00.794-0500] {dag.py:3423} INFO - Setting next_dagrun for example_trigger_target_dag to None, run_after=None
[2023-01-12T07:43:00.859-0500] {processor.py:175} INFO - Processing /Library/Frameworks/Python.framework/Versions/3.9/lib/python3.9/site-packages/airflow/example_dags/example_trigger_target_dag.py took 0.971 seconds
[2023-01-12T07:45:00.904-0500] {processor.py:153} INFO - Started process (PID=15851) to work on /Library/Frameworks/Python.framework/Versions/3.9/lib/python3.9/site-packages/airflow/example_dags/example_trigger_target_dag.py
[2023-01-12T07:45:00.911-0500] {processor.py:743} INFO - Processing file /Library/Frameworks/Python.framework/Versions/3.9/lib/python3.9/site-packages/airflow/example_dags/example_trigger_target_dag.py for tasks to queue
[2023-01-12T07:45:00.912-0500] {logging_mixin.py:137} INFO - [2023-01-12T07:45:00.911-0500] {dagbag.py:538} INFO - Filling up the DagBag from /Library/Frameworks/Python.framework/Versions/3.9/lib/python3.9/site-packages/airflow/example_dags/example_trigger_target_dag.py
[2023-01-12T07:45:00.987-0500] {processor.py:753} INFO - DAG(s) dict_keys(['example_trigger_target_dag']) retrieved from /Library/Frameworks/Python.framework/Versions/3.9/lib/python3.9/site-packages/airflow/example_dags/example_trigger_target_dag.py
[2023-01-12T07:45:01.875-0500] {logging_mixin.py:137} INFO - [2023-01-12T07:45:01.875-0500] {dag.py:2676} INFO - Sync 1 DAGs
[2023-01-12T07:45:01.897-0500] {logging_mixin.py:137} INFO - [2023-01-12T07:45:01.896-0500] {dag.py:3423} INFO - Setting next_dagrun for example_trigger_target_dag to None, run_after=None
[2023-01-12T07:45:01.920-0500] {processor.py:175} INFO - Processing /Library/Frameworks/Python.framework/Versions/3.9/lib/python3.9/site-packages/airflow/example_dags/example_trigger_target_dag.py took 1.018 seconds
[2023-01-12T07:46:56.393-0500] {processor.py:153} INFO - Started process (PID=15918) to work on /Library/Frameworks/Python.framework/Versions/3.9/lib/python3.9/site-packages/airflow/example_dags/example_trigger_target_dag.py
[2023-01-12T07:46:56.400-0500] {processor.py:743} INFO - Processing file /Library/Frameworks/Python.framework/Versions/3.9/lib/python3.9/site-packages/airflow/example_dags/example_trigger_target_dag.py for tasks to queue
[2023-01-12T07:46:56.400-0500] {logging_mixin.py:137} INFO - [2023-01-12T07:46:56.400-0500] {dagbag.py:538} INFO - Filling up the DagBag from /Library/Frameworks/Python.framework/Versions/3.9/lib/python3.9/site-packages/airflow/example_dags/example_trigger_target_dag.py
[2023-01-12T07:46:56.465-0500] {processor.py:753} INFO - DAG(s) dict_keys(['example_trigger_target_dag']) retrieved from /Library/Frameworks/Python.framework/Versions/3.9/lib/python3.9/site-packages/airflow/example_dags/example_trigger_target_dag.py
[2023-01-12T07:46:57.360-0500] {logging_mixin.py:137} INFO - [2023-01-12T07:46:57.360-0500] {dag.py:2676} INFO - Sync 1 DAGs
[2023-01-12T07:46:57.407-0500] {logging_mixin.py:137} INFO - [2023-01-12T07:46:57.407-0500] {dag.py:3423} INFO - Setting next_dagrun for example_trigger_target_dag to None, run_after=None
[2023-01-12T07:46:57.434-0500] {processor.py:175} INFO - Processing /Library/Frameworks/Python.framework/Versions/3.9/lib/python3.9/site-packages/airflow/example_dags/example_trigger_target_dag.py took 1.041 seconds
[2023-01-12T07:48:42.324-0500] {processor.py:153} INFO - Started process (PID=15958) to work on /Library/Frameworks/Python.framework/Versions/3.9/lib/python3.9/site-packages/airflow/example_dags/example_trigger_target_dag.py
[2023-01-12T07:48:42.330-0500] {processor.py:743} INFO - Processing file /Library/Frameworks/Python.framework/Versions/3.9/lib/python3.9/site-packages/airflow/example_dags/example_trigger_target_dag.py for tasks to queue
[2023-01-12T07:48:42.332-0500] {logging_mixin.py:137} INFO - [2023-01-12T07:48:42.332-0500] {dagbag.py:538} INFO - Filling up the DagBag from /Library/Frameworks/Python.framework/Versions/3.9/lib/python3.9/site-packages/airflow/example_dags/example_trigger_target_dag.py
[2023-01-12T07:48:42.387-0500] {processor.py:753} INFO - DAG(s) dict_keys(['example_trigger_target_dag']) retrieved from /Library/Frameworks/Python.framework/Versions/3.9/lib/python3.9/site-packages/airflow/example_dags/example_trigger_target_dag.py
[2023-01-12T07:48:43.149-0500] {logging_mixin.py:137} INFO - [2023-01-12T07:48:43.148-0500] {dag.py:2676} INFO - Sync 1 DAGs
[2023-01-12T07:48:43.167-0500] {logging_mixin.py:137} INFO - [2023-01-12T07:48:43.167-0500] {dag.py:3423} INFO - Setting next_dagrun for example_trigger_target_dag to None, run_after=None
[2023-01-12T07:48:43.194-0500] {processor.py:175} INFO - Processing /Library/Frameworks/Python.framework/Versions/3.9/lib/python3.9/site-packages/airflow/example_dags/example_trigger_target_dag.py took 0.871 seconds
[2023-01-12T07:50:51.457-0500] {processor.py:153} INFO - Started process (PID=16084) to work on /Library/Frameworks/Python.framework/Versions/3.9/lib/python3.9/site-packages/airflow/example_dags/example_trigger_target_dag.py
[2023-01-12T07:50:51.464-0500] {processor.py:743} INFO - Processing file /Library/Frameworks/Python.framework/Versions/3.9/lib/python3.9/site-packages/airflow/example_dags/example_trigger_target_dag.py for tasks to queue
[2023-01-12T07:50:51.465-0500] {logging_mixin.py:137} INFO - [2023-01-12T07:50:51.465-0500] {dagbag.py:538} INFO - Filling up the DagBag from /Library/Frameworks/Python.framework/Versions/3.9/lib/python3.9/site-packages/airflow/example_dags/example_trigger_target_dag.py
[2023-01-12T07:50:51.526-0500] {processor.py:753} INFO - DAG(s) dict_keys(['example_trigger_target_dag']) retrieved from /Library/Frameworks/Python.framework/Versions/3.9/lib/python3.9/site-packages/airflow/example_dags/example_trigger_target_dag.py
[2023-01-12T07:50:52.282-0500] {logging_mixin.py:137} INFO - [2023-01-12T07:50:52.281-0500] {dag.py:2676} INFO - Sync 1 DAGs
[2023-01-12T07:50:52.301-0500] {logging_mixin.py:137} INFO - [2023-01-12T07:50:52.301-0500] {dag.py:3423} INFO - Setting next_dagrun for example_trigger_target_dag to None, run_after=None
[2023-01-12T07:50:52.321-0500] {processor.py:175} INFO - Processing /Library/Frameworks/Python.framework/Versions/3.9/lib/python3.9/site-packages/airflow/example_dags/example_trigger_target_dag.py took 0.864 seconds
[2023-01-12T07:52:53.945-0500] {processor.py:153} INFO - Started process (PID=16128) to work on /Library/Frameworks/Python.framework/Versions/3.9/lib/python3.9/site-packages/airflow/example_dags/example_trigger_target_dag.py
[2023-01-12T07:52:53.951-0500] {processor.py:743} INFO - Processing file /Library/Frameworks/Python.framework/Versions/3.9/lib/python3.9/site-packages/airflow/example_dags/example_trigger_target_dag.py for tasks to queue
[2023-01-12T07:52:53.952-0500] {logging_mixin.py:137} INFO - [2023-01-12T07:52:53.952-0500] {dagbag.py:538} INFO - Filling up the DagBag from /Library/Frameworks/Python.framework/Versions/3.9/lib/python3.9/site-packages/airflow/example_dags/example_trigger_target_dag.py
[2023-01-12T07:52:54.016-0500] {processor.py:753} INFO - DAG(s) dict_keys(['example_trigger_target_dag']) retrieved from /Library/Frameworks/Python.framework/Versions/3.9/lib/python3.9/site-packages/airflow/example_dags/example_trigger_target_dag.py
[2023-01-12T07:52:54.731-0500] {logging_mixin.py:137} INFO - [2023-01-12T07:52:54.731-0500] {dag.py:2676} INFO - Sync 1 DAGs
[2023-01-12T07:52:54.750-0500] {logging_mixin.py:137} INFO - [2023-01-12T07:52:54.750-0500] {dag.py:3423} INFO - Setting next_dagrun for example_trigger_target_dag to None, run_after=None
[2023-01-12T07:52:54.774-0500] {processor.py:175} INFO - Processing /Library/Frameworks/Python.framework/Versions/3.9/lib/python3.9/site-packages/airflow/example_dags/example_trigger_target_dag.py took 0.829 seconds
[2023-01-12T07:54:43.819-0500] {processor.py:153} INFO - Started process (PID=16162) to work on /Library/Frameworks/Python.framework/Versions/3.9/lib/python3.9/site-packages/airflow/example_dags/example_trigger_target_dag.py
[2023-01-12T07:54:43.825-0500] {processor.py:743} INFO - Processing file /Library/Frameworks/Python.framework/Versions/3.9/lib/python3.9/site-packages/airflow/example_dags/example_trigger_target_dag.py for tasks to queue
[2023-01-12T07:54:43.825-0500] {logging_mixin.py:137} INFO - [2023-01-12T07:54:43.825-0500] {dagbag.py:538} INFO - Filling up the DagBag from /Library/Frameworks/Python.framework/Versions/3.9/lib/python3.9/site-packages/airflow/example_dags/example_trigger_target_dag.py
[2023-01-12T07:54:43.887-0500] {processor.py:753} INFO - DAG(s) dict_keys(['example_trigger_target_dag']) retrieved from /Library/Frameworks/Python.framework/Versions/3.9/lib/python3.9/site-packages/airflow/example_dags/example_trigger_target_dag.py
[2023-01-12T07:54:44.560-0500] {logging_mixin.py:137} INFO - [2023-01-12T07:54:44.559-0500] {dag.py:2676} INFO - Sync 1 DAGs
[2023-01-12T07:54:44.578-0500] {logging_mixin.py:137} INFO - [2023-01-12T07:54:44.578-0500] {dag.py:3423} INFO - Setting next_dagrun for example_trigger_target_dag to None, run_after=None
[2023-01-12T07:54:44.601-0500] {processor.py:175} INFO - Processing /Library/Frameworks/Python.framework/Versions/3.9/lib/python3.9/site-packages/airflow/example_dags/example_trigger_target_dag.py took 0.783 seconds
[2023-01-12T07:56:48.227-0500] {processor.py:153} INFO - Started process (PID=16206) to work on /Library/Frameworks/Python.framework/Versions/3.9/lib/python3.9/site-packages/airflow/example_dags/example_trigger_target_dag.py
[2023-01-12T07:56:48.234-0500] {processor.py:743} INFO - Processing file /Library/Frameworks/Python.framework/Versions/3.9/lib/python3.9/site-packages/airflow/example_dags/example_trigger_target_dag.py for tasks to queue
[2023-01-12T07:56:48.235-0500] {logging_mixin.py:137} INFO - [2023-01-12T07:56:48.235-0500] {dagbag.py:538} INFO - Filling up the DagBag from /Library/Frameworks/Python.framework/Versions/3.9/lib/python3.9/site-packages/airflow/example_dags/example_trigger_target_dag.py
[2023-01-12T07:56:48.309-0500] {processor.py:753} INFO - DAG(s) dict_keys(['example_trigger_target_dag']) retrieved from /Library/Frameworks/Python.framework/Versions/3.9/lib/python3.9/site-packages/airflow/example_dags/example_trigger_target_dag.py
[2023-01-12T07:56:49.325-0500] {logging_mixin.py:137} INFO - [2023-01-12T07:56:49.324-0500] {dag.py:2676} INFO - Sync 1 DAGs
[2023-01-12T07:56:49.347-0500] {logging_mixin.py:137} INFO - [2023-01-12T07:56:49.347-0500] {dag.py:3423} INFO - Setting next_dagrun for example_trigger_target_dag to None, run_after=None
[2023-01-12T07:56:49.373-0500] {processor.py:175} INFO - Processing /Library/Frameworks/Python.framework/Versions/3.9/lib/python3.9/site-packages/airflow/example_dags/example_trigger_target_dag.py took 1.147 seconds
[2023-01-12T07:58:45.887-0500] {processor.py:153} INFO - Started process (PID=16363) to work on /Library/Frameworks/Python.framework/Versions/3.9/lib/python3.9/site-packages/airflow/example_dags/example_trigger_target_dag.py
[2023-01-12T07:58:45.894-0500] {processor.py:743} INFO - Processing file /Library/Frameworks/Python.framework/Versions/3.9/lib/python3.9/site-packages/airflow/example_dags/example_trigger_target_dag.py for tasks to queue
[2023-01-12T07:58:45.895-0500] {logging_mixin.py:137} INFO - [2023-01-12T07:58:45.895-0500] {dagbag.py:538} INFO - Filling up the DagBag from /Library/Frameworks/Python.framework/Versions/3.9/lib/python3.9/site-packages/airflow/example_dags/example_trigger_target_dag.py
[2023-01-12T07:58:45.962-0500] {processor.py:753} INFO - DAG(s) dict_keys(['example_trigger_target_dag']) retrieved from /Library/Frameworks/Python.framework/Versions/3.9/lib/python3.9/site-packages/airflow/example_dags/example_trigger_target_dag.py
[2023-01-12T07:58:46.766-0500] {logging_mixin.py:137} INFO - [2023-01-12T07:58:46.765-0500] {dag.py:2676} INFO - Sync 1 DAGs
[2023-01-12T07:58:46.790-0500] {logging_mixin.py:137} INFO - [2023-01-12T07:58:46.789-0500] {dag.py:3423} INFO - Setting next_dagrun for example_trigger_target_dag to None, run_after=None
[2023-01-12T07:58:46.819-0500] {processor.py:175} INFO - Processing /Library/Frameworks/Python.framework/Versions/3.9/lib/python3.9/site-packages/airflow/example_dags/example_trigger_target_dag.py took 0.933 seconds
[2023-01-12T08:00:36.986-0500] {processor.py:153} INFO - Started process (PID=16458) to work on /Library/Frameworks/Python.framework/Versions/3.9/lib/python3.9/site-packages/airflow/example_dags/example_trigger_target_dag.py
[2023-01-12T08:00:36.991-0500] {processor.py:743} INFO - Processing file /Library/Frameworks/Python.framework/Versions/3.9/lib/python3.9/site-packages/airflow/example_dags/example_trigger_target_dag.py for tasks to queue
[2023-01-12T08:00:36.992-0500] {logging_mixin.py:137} INFO - [2023-01-12T08:00:36.992-0500] {dagbag.py:538} INFO - Filling up the DagBag from /Library/Frameworks/Python.framework/Versions/3.9/lib/python3.9/site-packages/airflow/example_dags/example_trigger_target_dag.py
[2023-01-12T08:00:37.045-0500] {processor.py:753} INFO - DAG(s) dict_keys(['example_trigger_target_dag']) retrieved from /Library/Frameworks/Python.framework/Versions/3.9/lib/python3.9/site-packages/airflow/example_dags/example_trigger_target_dag.py
[2023-01-12T08:00:37.682-0500] {logging_mixin.py:137} INFO - [2023-01-12T08:00:37.682-0500] {dag.py:2676} INFO - Sync 1 DAGs
[2023-01-12T08:00:37.699-0500] {logging_mixin.py:137} INFO - [2023-01-12T08:00:37.699-0500] {dag.py:3423} INFO - Setting next_dagrun for example_trigger_target_dag to None, run_after=None
[2023-01-12T08:00:37.719-0500] {processor.py:175} INFO - Processing /Library/Frameworks/Python.framework/Versions/3.9/lib/python3.9/site-packages/airflow/example_dags/example_trigger_target_dag.py took 0.734 seconds
[2023-01-12T08:04:10.260-0500] {processor.py:153} INFO - Started process (PID=16570) to work on /Library/Frameworks/Python.framework/Versions/3.9/lib/python3.9/site-packages/airflow/example_dags/example_trigger_target_dag.py
[2023-01-12T08:04:10.275-0500] {processor.py:743} INFO - Processing file /Library/Frameworks/Python.framework/Versions/3.9/lib/python3.9/site-packages/airflow/example_dags/example_trigger_target_dag.py for tasks to queue
[2023-01-12T08:04:10.276-0500] {logging_mixin.py:137} INFO - [2023-01-12T08:04:10.276-0500] {dagbag.py:538} INFO - Filling up the DagBag from /Library/Frameworks/Python.framework/Versions/3.9/lib/python3.9/site-packages/airflow/example_dags/example_trigger_target_dag.py
[2023-01-12T08:04:10.415-0500] {processor.py:753} INFO - DAG(s) dict_keys(['example_trigger_target_dag']) retrieved from /Library/Frameworks/Python.framework/Versions/3.9/lib/python3.9/site-packages/airflow/example_dags/example_trigger_target_dag.py
[2023-01-12T08:04:11.700-0500] {logging_mixin.py:137} INFO - [2023-01-12T08:04:11.700-0500] {dag.py:2676} INFO - Sync 1 DAGs
[2023-01-12T08:04:11.737-0500] {logging_mixin.py:137} INFO - [2023-01-12T08:04:11.737-0500] {dag.py:3423} INFO - Setting next_dagrun for example_trigger_target_dag to None, run_after=None
[2023-01-12T08:04:11.779-0500] {processor.py:175} INFO - Processing /Library/Frameworks/Python.framework/Versions/3.9/lib/python3.9/site-packages/airflow/example_dags/example_trigger_target_dag.py took 1.521 seconds
[2023-01-12T08:08:42.552-0500] {processor.py:153} INFO - Started process (PID=16680) to work on /Library/Frameworks/Python.framework/Versions/3.9/lib/python3.9/site-packages/airflow/example_dags/example_trigger_target_dag.py
[2023-01-12T08:08:42.563-0500] {processor.py:743} INFO - Processing file /Library/Frameworks/Python.framework/Versions/3.9/lib/python3.9/site-packages/airflow/example_dags/example_trigger_target_dag.py for tasks to queue
[2023-01-12T08:08:42.564-0500] {logging_mixin.py:137} INFO - [2023-01-12T08:08:42.564-0500] {dagbag.py:538} INFO - Filling up the DagBag from /Library/Frameworks/Python.framework/Versions/3.9/lib/python3.9/site-packages/airflow/example_dags/example_trigger_target_dag.py
[2023-01-12T08:08:42.668-0500] {processor.py:753} INFO - DAG(s) dict_keys(['example_trigger_target_dag']) retrieved from /Library/Frameworks/Python.framework/Versions/3.9/lib/python3.9/site-packages/airflow/example_dags/example_trigger_target_dag.py
[2023-01-12T08:08:43.766-0500] {logging_mixin.py:137} INFO - [2023-01-12T08:08:43.766-0500] {dag.py:2676} INFO - Sync 1 DAGs
[2023-01-12T08:08:43.797-0500] {logging_mixin.py:137} INFO - [2023-01-12T08:08:43.797-0500] {dag.py:3423} INFO - Setting next_dagrun for example_trigger_target_dag to None, run_after=None
[2023-01-12T08:08:43.830-0500] {processor.py:175} INFO - Processing /Library/Frameworks/Python.framework/Versions/3.9/lib/python3.9/site-packages/airflow/example_dags/example_trigger_target_dag.py took 1.279 seconds
[2023-01-12T08:12:19.924-0500] {processor.py:153} INFO - Started process (PID=16830) to work on /Library/Frameworks/Python.framework/Versions/3.9/lib/python3.9/site-packages/airflow/example_dags/example_trigger_target_dag.py
[2023-01-12T08:12:19.933-0500] {processor.py:743} INFO - Processing file /Library/Frameworks/Python.framework/Versions/3.9/lib/python3.9/site-packages/airflow/example_dags/example_trigger_target_dag.py for tasks to queue
[2023-01-12T08:12:19.934-0500] {logging_mixin.py:137} INFO - [2023-01-12T08:12:19.934-0500] {dagbag.py:538} INFO - Filling up the DagBag from /Library/Frameworks/Python.framework/Versions/3.9/lib/python3.9/site-packages/airflow/example_dags/example_trigger_target_dag.py
[2023-01-12T08:12:20.031-0500] {processor.py:753} INFO - DAG(s) dict_keys(['example_trigger_target_dag']) retrieved from /Library/Frameworks/Python.framework/Versions/3.9/lib/python3.9/site-packages/airflow/example_dags/example_trigger_target_dag.py
[2023-01-12T08:12:21.097-0500] {logging_mixin.py:137} INFO - [2023-01-12T08:12:21.096-0500] {dag.py:2676} INFO - Sync 1 DAGs
[2023-01-12T08:12:21.129-0500] {logging_mixin.py:137} INFO - [2023-01-12T08:12:21.129-0500] {dag.py:3423} INFO - Setting next_dagrun for example_trigger_target_dag to None, run_after=None
[2023-01-12T08:12:21.161-0500] {processor.py:175} INFO - Processing /Library/Frameworks/Python.framework/Versions/3.9/lib/python3.9/site-packages/airflow/example_dags/example_trigger_target_dag.py took 1.239 seconds
[2023-01-12T08:24:54.485-0500] {processor.py:153} INFO - Started process (PID=17411) to work on /Library/Frameworks/Python.framework/Versions/3.9/lib/python3.9/site-packages/airflow/example_dags/example_trigger_target_dag.py
[2023-01-12T08:24:54.495-0500] {processor.py:743} INFO - Processing file /Library/Frameworks/Python.framework/Versions/3.9/lib/python3.9/site-packages/airflow/example_dags/example_trigger_target_dag.py for tasks to queue
[2023-01-12T08:24:54.496-0500] {logging_mixin.py:137} INFO - [2023-01-12T08:24:54.496-0500] {dagbag.py:538} INFO - Filling up the DagBag from /Library/Frameworks/Python.framework/Versions/3.9/lib/python3.9/site-packages/airflow/example_dags/example_trigger_target_dag.py
[2023-01-12T08:24:54.595-0500] {processor.py:753} INFO - DAG(s) dict_keys(['example_trigger_target_dag']) retrieved from /Library/Frameworks/Python.framework/Versions/3.9/lib/python3.9/site-packages/airflow/example_dags/example_trigger_target_dag.py
[2023-01-12T08:24:55.635-0500] {logging_mixin.py:137} INFO - [2023-01-12T08:24:55.635-0500] {dag.py:2676} INFO - Sync 1 DAGs
[2023-01-12T08:24:55.663-0500] {logging_mixin.py:137} INFO - [2023-01-12T08:24:55.663-0500] {dag.py:3423} INFO - Setting next_dagrun for example_trigger_target_dag to None, run_after=None
[2023-01-12T08:24:55.696-0500] {processor.py:175} INFO - Processing /Library/Frameworks/Python.framework/Versions/3.9/lib/python3.9/site-packages/airflow/example_dags/example_trigger_target_dag.py took 1.212 seconds
