[2023-01-12T06:01:56.152-0500] {processor.py:153} INFO - Started process (PID=14857) to work on /Library/Frameworks/Python.framework/Versions/3.9/lib/python3.9/site-packages/airflow/example_dags/example_sla_dag.py
[2023-01-12T06:01:56.157-0500] {processor.py:743} INFO - Processing file /Library/Frameworks/Python.framework/Versions/3.9/lib/python3.9/site-packages/airflow/example_dags/example_sla_dag.py for tasks to queue
[2023-01-12T06:01:56.157-0500] {logging_mixin.py:137} INFO - [2023-01-12T06:01:56.157-0500] {dagbag.py:538} INFO - Filling up the DagBag from /Library/Frameworks/Python.framework/Versions/3.9/lib/python3.9/site-packages/airflow/example_dags/example_sla_dag.py
[2023-01-12T06:01:56.207-0500] {processor.py:753} INFO - DAG(s) dict_keys(['example_sla_dag']) retrieved from /Library/Frameworks/Python.framework/Versions/3.9/lib/python3.9/site-packages/airflow/example_dags/example_sla_dag.py
[2023-01-12T06:01:56.782-0500] {logging_mixin.py:137} INFO - [2023-01-12T06:01:56.782-0500] {dag.py:2676} INFO - Sync 1 DAGs
[2023-01-12T06:01:56.800-0500] {logging_mixin.py:137} INFO - [2023-01-12T06:01:56.800-0500] {dag.py:3423} INFO - Setting next_dagrun for example_sla_dag to 2023-01-12T10:58:00+00:00, run_after=2023-01-12T11:00:00+00:00
[2023-01-12T06:01:56.818-0500] {processor.py:175} INFO - Processing /Library/Frameworks/Python.framework/Versions/3.9/lib/python3.9/site-packages/airflow/example_dags/example_sla_dag.py took 0.667 seconds
[2023-01-12T07:24:48.773-0500] {processor.py:153} INFO - Started process (PID=15038) to work on /Library/Frameworks/Python.framework/Versions/3.9/lib/python3.9/site-packages/airflow/example_dags/example_sla_dag.py
[2023-01-12T07:24:48.778-0500] {processor.py:743} INFO - Processing file /Library/Frameworks/Python.framework/Versions/3.9/lib/python3.9/site-packages/airflow/example_dags/example_sla_dag.py for tasks to queue
[2023-01-12T07:24:48.779-0500] {logging_mixin.py:137} INFO - [2023-01-12T07:24:48.779-0500] {dagbag.py:538} INFO - Filling up the DagBag from /Library/Frameworks/Python.framework/Versions/3.9/lib/python3.9/site-packages/airflow/example_dags/example_sla_dag.py
[2023-01-12T07:24:48.836-0500] {processor.py:753} INFO - DAG(s) dict_keys(['example_sla_dag']) retrieved from /Library/Frameworks/Python.framework/Versions/3.9/lib/python3.9/site-packages/airflow/example_dags/example_sla_dag.py
[2023-01-12T07:24:49.448-0500] {logging_mixin.py:137} INFO - [2023-01-12T07:24:49.448-0500] {dag.py:2676} INFO - Sync 1 DAGs
[2023-01-12T07:24:49.469-0500] {logging_mixin.py:137} INFO - [2023-01-12T07:24:49.469-0500] {dag.py:3423} INFO - Setting next_dagrun for example_sla_dag to 2023-01-12T12:22:00+00:00, run_after=2023-01-12T12:24:00+00:00
[2023-01-12T07:24:49.487-0500] {processor.py:175} INFO - Processing /Library/Frameworks/Python.framework/Versions/3.9/lib/python3.9/site-packages/airflow/example_dags/example_sla_dag.py took 0.715 seconds
[2023-01-12T07:26:44.878-0500] {processor.py:153} INFO - Started process (PID=15122) to work on /Library/Frameworks/Python.framework/Versions/3.9/lib/python3.9/site-packages/airflow/example_dags/example_sla_dag.py
[2023-01-12T07:26:44.883-0500] {processor.py:743} INFO - Processing file /Library/Frameworks/Python.framework/Versions/3.9/lib/python3.9/site-packages/airflow/example_dags/example_sla_dag.py for tasks to queue
[2023-01-12T07:26:44.884-0500] {logging_mixin.py:137} INFO - [2023-01-12T07:26:44.884-0500] {dagbag.py:538} INFO - Filling up the DagBag from /Library/Frameworks/Python.framework/Versions/3.9/lib/python3.9/site-packages/airflow/example_dags/example_sla_dag.py
[2023-01-12T07:26:44.939-0500] {processor.py:753} INFO - DAG(s) dict_keys(['example_sla_dag']) retrieved from /Library/Frameworks/Python.framework/Versions/3.9/lib/python3.9/site-packages/airflow/example_dags/example_sla_dag.py
[2023-01-12T07:26:45.597-0500] {logging_mixin.py:137} INFO - [2023-01-12T07:26:45.597-0500] {dag.py:2676} INFO - Sync 1 DAGs
[2023-01-12T07:26:45.616-0500] {logging_mixin.py:137} INFO - [2023-01-12T07:26:45.616-0500] {dag.py:3423} INFO - Setting next_dagrun for example_sla_dag to 2023-01-12T12:24:00+00:00, run_after=2023-01-12T12:26:00+00:00
[2023-01-12T07:26:45.655-0500] {processor.py:175} INFO - Processing /Library/Frameworks/Python.framework/Versions/3.9/lib/python3.9/site-packages/airflow/example_dags/example_sla_dag.py took 0.778 seconds
[2023-01-12T07:28:28.697-0500] {processor.py:153} INFO - Started process (PID=15180) to work on /Library/Frameworks/Python.framework/Versions/3.9/lib/python3.9/site-packages/airflow/example_dags/example_sla_dag.py
[2023-01-12T07:28:28.702-0500] {processor.py:743} INFO - Processing file /Library/Frameworks/Python.framework/Versions/3.9/lib/python3.9/site-packages/airflow/example_dags/example_sla_dag.py for tasks to queue
[2023-01-12T07:28:28.703-0500] {logging_mixin.py:137} INFO - [2023-01-12T07:28:28.703-0500] {dagbag.py:538} INFO - Filling up the DagBag from /Library/Frameworks/Python.framework/Versions/3.9/lib/python3.9/site-packages/airflow/example_dags/example_sla_dag.py
[2023-01-12T07:28:28.763-0500] {processor.py:753} INFO - DAG(s) dict_keys(['example_sla_dag']) retrieved from /Library/Frameworks/Python.framework/Versions/3.9/lib/python3.9/site-packages/airflow/example_dags/example_sla_dag.py
[2023-01-12T07:28:29.500-0500] {logging_mixin.py:137} INFO - [2023-01-12T07:28:29.500-0500] {dag.py:2676} INFO - Sync 1 DAGs
[2023-01-12T07:28:29.522-0500] {logging_mixin.py:137} INFO - [2023-01-12T07:28:29.522-0500] {dag.py:3423} INFO - Setting next_dagrun for example_sla_dag to 2023-01-12T12:26:00+00:00, run_after=2023-01-12T12:28:00+00:00
[2023-01-12T07:28:29.555-0500] {processor.py:175} INFO - Processing /Library/Frameworks/Python.framework/Versions/3.9/lib/python3.9/site-packages/airflow/example_dags/example_sla_dag.py took 0.859 seconds
[2023-01-12T07:30:18.600-0500] {processor.py:153} INFO - Started process (PID=15307) to work on /Library/Frameworks/Python.framework/Versions/3.9/lib/python3.9/site-packages/airflow/example_dags/example_sla_dag.py
[2023-01-12T07:30:18.606-0500] {processor.py:743} INFO - Processing file /Library/Frameworks/Python.framework/Versions/3.9/lib/python3.9/site-packages/airflow/example_dags/example_sla_dag.py for tasks to queue
[2023-01-12T07:30:18.607-0500] {logging_mixin.py:137} INFO - [2023-01-12T07:30:18.607-0500] {dagbag.py:538} INFO - Filling up the DagBag from /Library/Frameworks/Python.framework/Versions/3.9/lib/python3.9/site-packages/airflow/example_dags/example_sla_dag.py
[2023-01-12T07:30:18.671-0500] {processor.py:753} INFO - DAG(s) dict_keys(['example_sla_dag']) retrieved from /Library/Frameworks/Python.framework/Versions/3.9/lib/python3.9/site-packages/airflow/example_dags/example_sla_dag.py
[2023-01-12T07:30:19.304-0500] {logging_mixin.py:137} INFO - [2023-01-12T07:30:19.304-0500] {dag.py:2676} INFO - Sync 1 DAGs
[2023-01-12T07:30:19.324-0500] {logging_mixin.py:137} INFO - [2023-01-12T07:30:19.324-0500] {dag.py:3423} INFO - Setting next_dagrun for example_sla_dag to 2023-01-12T12:28:00+00:00, run_after=2023-01-12T12:30:00+00:00
[2023-01-12T07:30:19.343-0500] {processor.py:175} INFO - Processing /Library/Frameworks/Python.framework/Versions/3.9/lib/python3.9/site-packages/airflow/example_dags/example_sla_dag.py took 0.743 seconds
[2023-01-12T07:32:04.525-0500] {processor.py:153} INFO - Started process (PID=15453) to work on /Library/Frameworks/Python.framework/Versions/3.9/lib/python3.9/site-packages/airflow/example_dags/example_sla_dag.py
[2023-01-12T07:32:04.531-0500] {processor.py:743} INFO - Processing file /Library/Frameworks/Python.framework/Versions/3.9/lib/python3.9/site-packages/airflow/example_dags/example_sla_dag.py for tasks to queue
[2023-01-12T07:32:04.532-0500] {logging_mixin.py:137} INFO - [2023-01-12T07:32:04.532-0500] {dagbag.py:538} INFO - Filling up the DagBag from /Library/Frameworks/Python.framework/Versions/3.9/lib/python3.9/site-packages/airflow/example_dags/example_sla_dag.py
[2023-01-12T07:32:04.586-0500] {processor.py:753} INFO - DAG(s) dict_keys(['example_sla_dag']) retrieved from /Library/Frameworks/Python.framework/Versions/3.9/lib/python3.9/site-packages/airflow/example_dags/example_sla_dag.py
[2023-01-12T07:32:05.268-0500] {logging_mixin.py:137} INFO - [2023-01-12T07:32:05.268-0500] {dag.py:2676} INFO - Sync 1 DAGs
[2023-01-12T07:32:05.288-0500] {logging_mixin.py:137} INFO - [2023-01-12T07:32:05.288-0500] {dag.py:3423} INFO - Setting next_dagrun for example_sla_dag to 2023-01-12T12:30:00+00:00, run_after=2023-01-12T12:32:00+00:00
[2023-01-12T07:32:05.307-0500] {processor.py:175} INFO - Processing /Library/Frameworks/Python.framework/Versions/3.9/lib/python3.9/site-packages/airflow/example_dags/example_sla_dag.py took 0.783 seconds
[2023-01-12T07:33:52.327-0500] {processor.py:153} INFO - Started process (PID=15510) to work on /Library/Frameworks/Python.framework/Versions/3.9/lib/python3.9/site-packages/airflow/example_dags/example_sla_dag.py
[2023-01-12T07:33:52.332-0500] {processor.py:743} INFO - Processing file /Library/Frameworks/Python.framework/Versions/3.9/lib/python3.9/site-packages/airflow/example_dags/example_sla_dag.py for tasks to queue
[2023-01-12T07:33:52.333-0500] {logging_mixin.py:137} INFO - [2023-01-12T07:33:52.333-0500] {dagbag.py:538} INFO - Filling up the DagBag from /Library/Frameworks/Python.framework/Versions/3.9/lib/python3.9/site-packages/airflow/example_dags/example_sla_dag.py
[2023-01-12T07:33:52.385-0500] {processor.py:753} INFO - DAG(s) dict_keys(['example_sla_dag']) retrieved from /Library/Frameworks/Python.framework/Versions/3.9/lib/python3.9/site-packages/airflow/example_dags/example_sla_dag.py
[2023-01-12T07:33:52.994-0500] {logging_mixin.py:137} INFO - [2023-01-12T07:33:52.994-0500] {dag.py:2676} INFO - Sync 1 DAGs
[2023-01-12T07:33:53.014-0500] {logging_mixin.py:137} INFO - [2023-01-12T07:33:53.014-0500] {dag.py:3423} INFO - Setting next_dagrun for example_sla_dag to 2023-01-12T12:30:00+00:00, run_after=2023-01-12T12:32:00+00:00
[2023-01-12T07:33:53.033-0500] {processor.py:175} INFO - Processing /Library/Frameworks/Python.framework/Versions/3.9/lib/python3.9/site-packages/airflow/example_dags/example_sla_dag.py took 0.707 seconds
[2023-01-12T07:35:43.596-0500] {processor.py:153} INFO - Started process (PID=15557) to work on /Library/Frameworks/Python.framework/Versions/3.9/lib/python3.9/site-packages/airflow/example_dags/example_sla_dag.py
[2023-01-12T07:35:43.602-0500] {processor.py:743} INFO - Processing file /Library/Frameworks/Python.framework/Versions/3.9/lib/python3.9/site-packages/airflow/example_dags/example_sla_dag.py for tasks to queue
[2023-01-12T07:35:43.602-0500] {logging_mixin.py:137} INFO - [2023-01-12T07:35:43.602-0500] {dagbag.py:538} INFO - Filling up the DagBag from /Library/Frameworks/Python.framework/Versions/3.9/lib/python3.9/site-packages/airflow/example_dags/example_sla_dag.py
[2023-01-12T07:35:43.668-0500] {processor.py:753} INFO - DAG(s) dict_keys(['example_sla_dag']) retrieved from /Library/Frameworks/Python.framework/Versions/3.9/lib/python3.9/site-packages/airflow/example_dags/example_sla_dag.py
[2023-01-12T07:35:44.938-0500] {logging_mixin.py:137} INFO - [2023-01-12T07:35:44.937-0500] {dag.py:2676} INFO - Sync 1 DAGs
[2023-01-12T07:35:44.973-0500] {logging_mixin.py:137} INFO - [2023-01-12T07:35:44.973-0500] {dag.py:3423} INFO - Setting next_dagrun for example_sla_dag to 2023-01-12T12:32:00+00:00, run_after=2023-01-12T12:34:00+00:00
[2023-01-12T07:35:45.007-0500] {processor.py:175} INFO - Processing /Library/Frameworks/Python.framework/Versions/3.9/lib/python3.9/site-packages/airflow/example_dags/example_sla_dag.py took 1.412 seconds
[2023-01-12T07:37:26.277-0500] {processor.py:153} INFO - Started process (PID=15587) to work on /Library/Frameworks/Python.framework/Versions/3.9/lib/python3.9/site-packages/airflow/example_dags/example_sla_dag.py
[2023-01-12T07:37:26.283-0500] {processor.py:743} INFO - Processing file /Library/Frameworks/Python.framework/Versions/3.9/lib/python3.9/site-packages/airflow/example_dags/example_sla_dag.py for tasks to queue
[2023-01-12T07:37:26.284-0500] {logging_mixin.py:137} INFO - [2023-01-12T07:37:26.283-0500] {dagbag.py:538} INFO - Filling up the DagBag from /Library/Frameworks/Python.framework/Versions/3.9/lib/python3.9/site-packages/airflow/example_dags/example_sla_dag.py
[2023-01-12T07:37:26.337-0500] {processor.py:753} INFO - DAG(s) dict_keys(['example_sla_dag']) retrieved from /Library/Frameworks/Python.framework/Versions/3.9/lib/python3.9/site-packages/airflow/example_dags/example_sla_dag.py
[2023-01-12T07:37:26.999-0500] {logging_mixin.py:137} INFO - [2023-01-12T07:37:26.999-0500] {dag.py:2676} INFO - Sync 1 DAGs
[2023-01-12T07:37:27.022-0500] {logging_mixin.py:137} INFO - [2023-01-12T07:37:27.021-0500] {dag.py:3423} INFO - Setting next_dagrun for example_sla_dag to 2023-01-12T12:34:00+00:00, run_after=2023-01-12T12:36:00+00:00
[2023-01-12T07:37:27.041-0500] {processor.py:175} INFO - Processing /Library/Frameworks/Python.framework/Versions/3.9/lib/python3.9/site-packages/airflow/example_dags/example_sla_dag.py took 0.765 seconds
[2023-01-12T07:39:18.647-0500] {processor.py:153} INFO - Started process (PID=15661) to work on /Library/Frameworks/Python.framework/Versions/3.9/lib/python3.9/site-packages/airflow/example_dags/example_sla_dag.py
[2023-01-12T07:39:18.654-0500] {processor.py:743} INFO - Processing file /Library/Frameworks/Python.framework/Versions/3.9/lib/python3.9/site-packages/airflow/example_dags/example_sla_dag.py for tasks to queue
[2023-01-12T07:39:18.655-0500] {logging_mixin.py:137} INFO - [2023-01-12T07:39:18.655-0500] {dagbag.py:538} INFO - Filling up the DagBag from /Library/Frameworks/Python.framework/Versions/3.9/lib/python3.9/site-packages/airflow/example_dags/example_sla_dag.py
[2023-01-12T07:39:18.817-0500] {processor.py:753} INFO - DAG(s) dict_keys(['example_sla_dag']) retrieved from /Library/Frameworks/Python.framework/Versions/3.9/lib/python3.9/site-packages/airflow/example_dags/example_sla_dag.py
[2023-01-12T07:39:19.910-0500] {logging_mixin.py:137} INFO - [2023-01-12T07:39:19.910-0500] {dag.py:2676} INFO - Sync 1 DAGs
[2023-01-12T07:39:19.966-0500] {logging_mixin.py:137} INFO - [2023-01-12T07:39:19.966-0500] {dag.py:3423} INFO - Setting next_dagrun for example_sla_dag to 2023-01-12T12:36:00+00:00, run_after=2023-01-12T12:38:00+00:00
[2023-01-12T07:39:20.029-0500] {processor.py:175} INFO - Processing /Library/Frameworks/Python.framework/Versions/3.9/lib/python3.9/site-packages/airflow/example_dags/example_sla_dag.py took 1.383 seconds
[2023-01-12T07:41:19.669-0500] {processor.py:153} INFO - Started process (PID=15757) to work on /Library/Frameworks/Python.framework/Versions/3.9/lib/python3.9/site-packages/airflow/example_dags/example_sla_dag.py
[2023-01-12T07:41:19.675-0500] {processor.py:743} INFO - Processing file /Library/Frameworks/Python.framework/Versions/3.9/lib/python3.9/site-packages/airflow/example_dags/example_sla_dag.py for tasks to queue
[2023-01-12T07:41:19.676-0500] {logging_mixin.py:137} INFO - [2023-01-12T07:41:19.676-0500] {dagbag.py:538} INFO - Filling up the DagBag from /Library/Frameworks/Python.framework/Versions/3.9/lib/python3.9/site-packages/airflow/example_dags/example_sla_dag.py
[2023-01-12T07:41:19.744-0500] {processor.py:753} INFO - DAG(s) dict_keys(['example_sla_dag']) retrieved from /Library/Frameworks/Python.framework/Versions/3.9/lib/python3.9/site-packages/airflow/example_dags/example_sla_dag.py
[2023-01-12T07:41:20.647-0500] {logging_mixin.py:137} INFO - [2023-01-12T07:41:20.647-0500] {dag.py:2676} INFO - Sync 1 DAGs
[2023-01-12T07:41:20.706-0500] {logging_mixin.py:137} INFO - [2023-01-12T07:41:20.706-0500] {dag.py:3423} INFO - Setting next_dagrun for example_sla_dag to 2023-01-12T12:38:00+00:00, run_after=2023-01-12T12:40:00+00:00
[2023-01-12T07:41:20.736-0500] {processor.py:175} INFO - Processing /Library/Frameworks/Python.framework/Versions/3.9/lib/python3.9/site-packages/airflow/example_dags/example_sla_dag.py took 1.068 seconds
[2023-01-12T07:43:23.857-0500] {processor.py:153} INFO - Started process (PID=15803) to work on /Library/Frameworks/Python.framework/Versions/3.9/lib/python3.9/site-packages/airflow/example_dags/example_sla_dag.py
[2023-01-12T07:43:23.864-0500] {processor.py:743} INFO - Processing file /Library/Frameworks/Python.framework/Versions/3.9/lib/python3.9/site-packages/airflow/example_dags/example_sla_dag.py for tasks to queue
[2023-01-12T07:43:23.865-0500] {logging_mixin.py:137} INFO - [2023-01-12T07:43:23.865-0500] {dagbag.py:538} INFO - Filling up the DagBag from /Library/Frameworks/Python.framework/Versions/3.9/lib/python3.9/site-packages/airflow/example_dags/example_sla_dag.py
[2023-01-12T07:43:23.934-0500] {processor.py:753} INFO - DAG(s) dict_keys(['example_sla_dag']) retrieved from /Library/Frameworks/Python.framework/Versions/3.9/lib/python3.9/site-packages/airflow/example_dags/example_sla_dag.py
[2023-01-12T07:43:24.698-0500] {logging_mixin.py:137} INFO - [2023-01-12T07:43:24.698-0500] {dag.py:2676} INFO - Sync 1 DAGs
[2023-01-12T07:43:24.724-0500] {logging_mixin.py:137} INFO - [2023-01-12T07:43:24.724-0500] {dag.py:3423} INFO - Setting next_dagrun for example_sla_dag to 2023-01-12T12:40:00+00:00, run_after=2023-01-12T12:42:00+00:00
[2023-01-12T07:43:24.747-0500] {processor.py:175} INFO - Processing /Library/Frameworks/Python.framework/Versions/3.9/lib/python3.9/site-packages/airflow/example_dags/example_sla_dag.py took 0.890 seconds
[2023-01-12T07:45:25.022-0500] {processor.py:153} INFO - Started process (PID=15867) to work on /Library/Frameworks/Python.framework/Versions/3.9/lib/python3.9/site-packages/airflow/example_dags/example_sla_dag.py
[2023-01-12T07:45:25.028-0500] {processor.py:743} INFO - Processing file /Library/Frameworks/Python.framework/Versions/3.9/lib/python3.9/site-packages/airflow/example_dags/example_sla_dag.py for tasks to queue
[2023-01-12T07:45:25.029-0500] {logging_mixin.py:137} INFO - [2023-01-12T07:45:25.029-0500] {dagbag.py:538} INFO - Filling up the DagBag from /Library/Frameworks/Python.framework/Versions/3.9/lib/python3.9/site-packages/airflow/example_dags/example_sla_dag.py
[2023-01-12T07:45:25.081-0500] {processor.py:753} INFO - DAG(s) dict_keys(['example_sla_dag']) retrieved from /Library/Frameworks/Python.framework/Versions/3.9/lib/python3.9/site-packages/airflow/example_dags/example_sla_dag.py
[2023-01-12T07:45:25.695-0500] {logging_mixin.py:137} INFO - [2023-01-12T07:45:25.695-0500] {dag.py:2676} INFO - Sync 1 DAGs
[2023-01-12T07:45:25.715-0500] {logging_mixin.py:137} INFO - [2023-01-12T07:45:25.714-0500] {dag.py:3423} INFO - Setting next_dagrun for example_sla_dag to 2023-01-12T12:42:00+00:00, run_after=2023-01-12T12:44:00+00:00
[2023-01-12T07:45:25.734-0500] {processor.py:175} INFO - Processing /Library/Frameworks/Python.framework/Versions/3.9/lib/python3.9/site-packages/airflow/example_dags/example_sla_dag.py took 0.713 seconds
[2023-01-12T07:47:17.615-0500] {processor.py:153} INFO - Started process (PID=15929) to work on /Library/Frameworks/Python.framework/Versions/3.9/lib/python3.9/site-packages/airflow/example_dags/example_sla_dag.py
[2023-01-12T07:47:17.621-0500] {processor.py:743} INFO - Processing file /Library/Frameworks/Python.framework/Versions/3.9/lib/python3.9/site-packages/airflow/example_dags/example_sla_dag.py for tasks to queue
[2023-01-12T07:47:17.622-0500] {logging_mixin.py:137} INFO - [2023-01-12T07:47:17.622-0500] {dagbag.py:538} INFO - Filling up the DagBag from /Library/Frameworks/Python.framework/Versions/3.9/lib/python3.9/site-packages/airflow/example_dags/example_sla_dag.py
[2023-01-12T07:47:17.697-0500] {processor.py:753} INFO - DAG(s) dict_keys(['example_sla_dag']) retrieved from /Library/Frameworks/Python.framework/Versions/3.9/lib/python3.9/site-packages/airflow/example_dags/example_sla_dag.py
[2023-01-12T07:47:18.350-0500] {logging_mixin.py:137} INFO - [2023-01-12T07:47:18.349-0500] {dag.py:2676} INFO - Sync 1 DAGs
[2023-01-12T07:47:18.371-0500] {logging_mixin.py:137} INFO - [2023-01-12T07:47:18.370-0500] {dag.py:3423} INFO - Setting next_dagrun for example_sla_dag to 2023-01-12T12:44:00+00:00, run_after=2023-01-12T12:46:00+00:00
[2023-01-12T07:47:18.390-0500] {processor.py:175} INFO - Processing /Library/Frameworks/Python.framework/Versions/3.9/lib/python3.9/site-packages/airflow/example_dags/example_sla_dag.py took 0.775 seconds
[2023-01-12T07:49:04.952-0500] {processor.py:153} INFO - Started process (PID=15968) to work on /Library/Frameworks/Python.framework/Versions/3.9/lib/python3.9/site-packages/airflow/example_dags/example_sla_dag.py
[2023-01-12T07:49:04.959-0500] {processor.py:743} INFO - Processing file /Library/Frameworks/Python.framework/Versions/3.9/lib/python3.9/site-packages/airflow/example_dags/example_sla_dag.py for tasks to queue
[2023-01-12T07:49:04.960-0500] {logging_mixin.py:137} INFO - [2023-01-12T07:49:04.960-0500] {dagbag.py:538} INFO - Filling up the DagBag from /Library/Frameworks/Python.framework/Versions/3.9/lib/python3.9/site-packages/airflow/example_dags/example_sla_dag.py
[2023-01-12T07:49:05.021-0500] {processor.py:753} INFO - DAG(s) dict_keys(['example_sla_dag']) retrieved from /Library/Frameworks/Python.framework/Versions/3.9/lib/python3.9/site-packages/airflow/example_dags/example_sla_dag.py
[2023-01-12T07:49:05.838-0500] {logging_mixin.py:137} INFO - [2023-01-12T07:49:05.838-0500] {dag.py:2676} INFO - Sync 1 DAGs
[2023-01-12T07:49:05.860-0500] {logging_mixin.py:137} INFO - [2023-01-12T07:49:05.860-0500] {dag.py:3423} INFO - Setting next_dagrun for example_sla_dag to 2023-01-12T12:46:00+00:00, run_after=2023-01-12T12:48:00+00:00
[2023-01-12T07:49:05.882-0500] {processor.py:175} INFO - Processing /Library/Frameworks/Python.framework/Versions/3.9/lib/python3.9/site-packages/airflow/example_dags/example_sla_dag.py took 0.930 seconds
[2023-01-12T07:51:13.293-0500] {processor.py:153} INFO - Started process (PID=16092) to work on /Library/Frameworks/Python.framework/Versions/3.9/lib/python3.9/site-packages/airflow/example_dags/example_sla_dag.py
[2023-01-12T07:51:13.299-0500] {processor.py:743} INFO - Processing file /Library/Frameworks/Python.framework/Versions/3.9/lib/python3.9/site-packages/airflow/example_dags/example_sla_dag.py for tasks to queue
[2023-01-12T07:51:13.300-0500] {logging_mixin.py:137} INFO - [2023-01-12T07:51:13.300-0500] {dagbag.py:538} INFO - Filling up the DagBag from /Library/Frameworks/Python.framework/Versions/3.9/lib/python3.9/site-packages/airflow/example_dags/example_sla_dag.py
[2023-01-12T07:51:13.376-0500] {processor.py:753} INFO - DAG(s) dict_keys(['example_sla_dag']) retrieved from /Library/Frameworks/Python.framework/Versions/3.9/lib/python3.9/site-packages/airflow/example_dags/example_sla_dag.py
[2023-01-12T07:51:14.077-0500] {logging_mixin.py:137} INFO - [2023-01-12T07:51:14.077-0500] {dag.py:2676} INFO - Sync 1 DAGs
[2023-01-12T07:51:14.099-0500] {logging_mixin.py:137} INFO - [2023-01-12T07:51:14.098-0500] {dag.py:3423} INFO - Setting next_dagrun for example_sla_dag to 2023-01-12T12:48:00+00:00, run_after=2023-01-12T12:50:00+00:00
[2023-01-12T07:51:14.118-0500] {processor.py:175} INFO - Processing /Library/Frameworks/Python.framework/Versions/3.9/lib/python3.9/site-packages/airflow/example_dags/example_sla_dag.py took 0.826 seconds
[2023-01-12T07:53:14.928-0500] {processor.py:153} INFO - Started process (PID=16134) to work on /Library/Frameworks/Python.framework/Versions/3.9/lib/python3.9/site-packages/airflow/example_dags/example_sla_dag.py
[2023-01-12T07:53:14.933-0500] {processor.py:743} INFO - Processing file /Library/Frameworks/Python.framework/Versions/3.9/lib/python3.9/site-packages/airflow/example_dags/example_sla_dag.py for tasks to queue
[2023-01-12T07:53:14.935-0500] {logging_mixin.py:137} INFO - [2023-01-12T07:53:14.935-0500] {dagbag.py:538} INFO - Filling up the DagBag from /Library/Frameworks/Python.framework/Versions/3.9/lib/python3.9/site-packages/airflow/example_dags/example_sla_dag.py
[2023-01-12T07:53:14.986-0500] {processor.py:753} INFO - DAG(s) dict_keys(['example_sla_dag']) retrieved from /Library/Frameworks/Python.framework/Versions/3.9/lib/python3.9/site-packages/airflow/example_dags/example_sla_dag.py
[2023-01-12T07:53:15.594-0500] {logging_mixin.py:137} INFO - [2023-01-12T07:53:15.594-0500] {dag.py:2676} INFO - Sync 1 DAGs
[2023-01-12T07:53:15.615-0500] {logging_mixin.py:137} INFO - [2023-01-12T07:53:15.615-0500] {dag.py:3423} INFO - Setting next_dagrun for example_sla_dag to 2023-01-12T12:50:00+00:00, run_after=2023-01-12T12:52:00+00:00
[2023-01-12T07:53:15.634-0500] {processor.py:175} INFO - Processing /Library/Frameworks/Python.framework/Versions/3.9/lib/python3.9/site-packages/airflow/example_dags/example_sla_dag.py took 0.707 seconds
[2023-01-12T07:55:06.058-0500] {processor.py:153} INFO - Started process (PID=16170) to work on /Library/Frameworks/Python.framework/Versions/3.9/lib/python3.9/site-packages/airflow/example_dags/example_sla_dag.py
[2023-01-12T07:55:06.064-0500] {processor.py:743} INFO - Processing file /Library/Frameworks/Python.framework/Versions/3.9/lib/python3.9/site-packages/airflow/example_dags/example_sla_dag.py for tasks to queue
[2023-01-12T07:55:06.065-0500] {logging_mixin.py:137} INFO - [2023-01-12T07:55:06.065-0500] {dagbag.py:538} INFO - Filling up the DagBag from /Library/Frameworks/Python.framework/Versions/3.9/lib/python3.9/site-packages/airflow/example_dags/example_sla_dag.py
[2023-01-12T07:55:06.140-0500] {processor.py:753} INFO - DAG(s) dict_keys(['example_sla_dag']) retrieved from /Library/Frameworks/Python.framework/Versions/3.9/lib/python3.9/site-packages/airflow/example_dags/example_sla_dag.py
[2023-01-12T07:55:06.867-0500] {logging_mixin.py:137} INFO - [2023-01-12T07:55:06.867-0500] {dag.py:2676} INFO - Sync 1 DAGs
[2023-01-12T07:55:06.890-0500] {logging_mixin.py:137} INFO - [2023-01-12T07:55:06.890-0500] {dag.py:3423} INFO - Setting next_dagrun for example_sla_dag to 2023-01-12T12:52:00+00:00, run_after=2023-01-12T12:54:00+00:00
[2023-01-12T07:55:06.911-0500] {processor.py:175} INFO - Processing /Library/Frameworks/Python.framework/Versions/3.9/lib/python3.9/site-packages/airflow/example_dags/example_sla_dag.py took 0.854 seconds
[2023-01-12T07:57:14.908-0500] {processor.py:153} INFO - Started process (PID=16217) to work on /Library/Frameworks/Python.framework/Versions/3.9/lib/python3.9/site-packages/airflow/example_dags/example_sla_dag.py
[2023-01-12T07:57:14.916-0500] {processor.py:743} INFO - Processing file /Library/Frameworks/Python.framework/Versions/3.9/lib/python3.9/site-packages/airflow/example_dags/example_sla_dag.py for tasks to queue
[2023-01-12T07:57:14.918-0500] {logging_mixin.py:137} INFO - [2023-01-12T07:57:14.918-0500] {dagbag.py:538} INFO - Filling up the DagBag from /Library/Frameworks/Python.framework/Versions/3.9/lib/python3.9/site-packages/airflow/example_dags/example_sla_dag.py
[2023-01-12T07:57:15.052-0500] {processor.py:753} INFO - DAG(s) dict_keys(['example_sla_dag']) retrieved from /Library/Frameworks/Python.framework/Versions/3.9/lib/python3.9/site-packages/airflow/example_dags/example_sla_dag.py
[2023-01-12T07:57:16.202-0500] {logging_mixin.py:137} INFO - [2023-01-12T07:57:16.201-0500] {dag.py:2676} INFO - Sync 1 DAGs
[2023-01-12T07:57:16.231-0500] {logging_mixin.py:137} INFO - [2023-01-12T07:57:16.231-0500] {dag.py:3423} INFO - Setting next_dagrun for example_sla_dag to 2023-01-12T12:54:00+00:00, run_after=2023-01-12T12:56:00+00:00
[2023-01-12T07:57:16.255-0500] {processor.py:175} INFO - Processing /Library/Frameworks/Python.framework/Versions/3.9/lib/python3.9/site-packages/airflow/example_dags/example_sla_dag.py took 1.348 seconds
[2023-01-12T07:59:08.171-0500] {processor.py:153} INFO - Started process (PID=16372) to work on /Library/Frameworks/Python.framework/Versions/3.9/lib/python3.9/site-packages/airflow/example_dags/example_sla_dag.py
[2023-01-12T07:59:08.177-0500] {processor.py:743} INFO - Processing file /Library/Frameworks/Python.framework/Versions/3.9/lib/python3.9/site-packages/airflow/example_dags/example_sla_dag.py for tasks to queue
[2023-01-12T07:59:08.178-0500] {logging_mixin.py:137} INFO - [2023-01-12T07:59:08.177-0500] {dagbag.py:538} INFO - Filling up the DagBag from /Library/Frameworks/Python.framework/Versions/3.9/lib/python3.9/site-packages/airflow/example_dags/example_sla_dag.py
[2023-01-12T07:59:08.243-0500] {processor.py:753} INFO - DAG(s) dict_keys(['example_sla_dag']) retrieved from /Library/Frameworks/Python.framework/Versions/3.9/lib/python3.9/site-packages/airflow/example_dags/example_sla_dag.py
[2023-01-12T07:59:08.996-0500] {logging_mixin.py:137} INFO - [2023-01-12T07:59:08.996-0500] {dag.py:2676} INFO - Sync 1 DAGs
[2023-01-12T07:59:09.020-0500] {logging_mixin.py:137} INFO - [2023-01-12T07:59:09.020-0500] {dag.py:3423} INFO - Setting next_dagrun for example_sla_dag to 2023-01-12T12:56:00+00:00, run_after=2023-01-12T12:58:00+00:00
[2023-01-12T07:59:09.041-0500] {processor.py:175} INFO - Processing /Library/Frameworks/Python.framework/Versions/3.9/lib/python3.9/site-packages/airflow/example_dags/example_sla_dag.py took 0.871 seconds
[2023-01-12T08:00:57.776-0500] {processor.py:153} INFO - Started process (PID=16466) to work on /Library/Frameworks/Python.framework/Versions/3.9/lib/python3.9/site-packages/airflow/example_dags/example_sla_dag.py
[2023-01-12T08:00:57.783-0500] {processor.py:743} INFO - Processing file /Library/Frameworks/Python.framework/Versions/3.9/lib/python3.9/site-packages/airflow/example_dags/example_sla_dag.py for tasks to queue
[2023-01-12T08:00:57.783-0500] {logging_mixin.py:137} INFO - [2023-01-12T08:00:57.783-0500] {dagbag.py:538} INFO - Filling up the DagBag from /Library/Frameworks/Python.framework/Versions/3.9/lib/python3.9/site-packages/airflow/example_dags/example_sla_dag.py
[2023-01-12T08:00:57.850-0500] {processor.py:753} INFO - DAG(s) dict_keys(['example_sla_dag']) retrieved from /Library/Frameworks/Python.framework/Versions/3.9/lib/python3.9/site-packages/airflow/example_dags/example_sla_dag.py
[2023-01-12T08:00:58.696-0500] {logging_mixin.py:137} INFO - [2023-01-12T08:00:58.696-0500] {dag.py:2676} INFO - Sync 1 DAGs
[2023-01-12T08:00:58.722-0500] {logging_mixin.py:137} INFO - [2023-01-12T08:00:58.722-0500] {dag.py:3423} INFO - Setting next_dagrun for example_sla_dag to 2023-01-12T12:58:00+00:00, run_after=2023-01-12T13:00:00+00:00
[2023-01-12T08:00:58.745-0500] {processor.py:175} INFO - Processing /Library/Frameworks/Python.framework/Versions/3.9/lib/python3.9/site-packages/airflow/example_dags/example_sla_dag.py took 0.971 seconds
[2023-01-12T08:04:57.205-0500] {processor.py:153} INFO - Started process (PID=16596) to work on /Library/Frameworks/Python.framework/Versions/3.9/lib/python3.9/site-packages/airflow/example_dags/example_sla_dag.py
[2023-01-12T08:04:57.215-0500] {processor.py:743} INFO - Processing file /Library/Frameworks/Python.framework/Versions/3.9/lib/python3.9/site-packages/airflow/example_dags/example_sla_dag.py for tasks to queue
[2023-01-12T08:04:57.216-0500] {logging_mixin.py:137} INFO - [2023-01-12T08:04:57.216-0500] {dagbag.py:538} INFO - Filling up the DagBag from /Library/Frameworks/Python.framework/Versions/3.9/lib/python3.9/site-packages/airflow/example_dags/example_sla_dag.py
[2023-01-12T08:04:57.334-0500] {processor.py:753} INFO - DAG(s) dict_keys(['example_sla_dag']) retrieved from /Library/Frameworks/Python.framework/Versions/3.9/lib/python3.9/site-packages/airflow/example_dags/example_sla_dag.py
[2023-01-12T08:04:58.604-0500] {logging_mixin.py:137} INFO - [2023-01-12T08:04:58.604-0500] {dag.py:2676} INFO - Sync 1 DAGs
[2023-01-12T08:04:58.646-0500] {logging_mixin.py:137} INFO - [2023-01-12T08:04:58.645-0500] {dag.py:3423} INFO - Setting next_dagrun for example_sla_dag to 2023-01-12T13:02:00+00:00, run_after=2023-01-12T13:04:00+00:00
[2023-01-12T08:04:58.679-0500] {processor.py:175} INFO - Processing /Library/Frameworks/Python.framework/Versions/3.9/lib/python3.9/site-packages/airflow/example_dags/example_sla_dag.py took 1.475 seconds
[2023-01-12T08:09:17.417-0500] {processor.py:153} INFO - Started process (PID=16692) to work on /Library/Frameworks/Python.framework/Versions/3.9/lib/python3.9/site-packages/airflow/example_dags/example_sla_dag.py
[2023-01-12T08:09:17.428-0500] {processor.py:743} INFO - Processing file /Library/Frameworks/Python.framework/Versions/3.9/lib/python3.9/site-packages/airflow/example_dags/example_sla_dag.py for tasks to queue
[2023-01-12T08:09:17.429-0500] {logging_mixin.py:137} INFO - [2023-01-12T08:09:17.429-0500] {dagbag.py:538} INFO - Filling up the DagBag from /Library/Frameworks/Python.framework/Versions/3.9/lib/python3.9/site-packages/airflow/example_dags/example_sla_dag.py
[2023-01-12T08:09:17.527-0500] {processor.py:753} INFO - DAG(s) dict_keys(['example_sla_dag']) retrieved from /Library/Frameworks/Python.framework/Versions/3.9/lib/python3.9/site-packages/airflow/example_dags/example_sla_dag.py
[2023-01-12T08:09:18.803-0500] {logging_mixin.py:137} INFO - [2023-01-12T08:09:18.803-0500] {dag.py:2676} INFO - Sync 1 DAGs
[2023-01-12T08:09:18.841-0500] {logging_mixin.py:137} INFO - [2023-01-12T08:09:18.841-0500] {dag.py:3423} INFO - Setting next_dagrun for example_sla_dag to 2023-01-12T13:06:00+00:00, run_after=2023-01-12T13:08:00+00:00
[2023-01-12T08:09:19.059-0500] {processor.py:175} INFO - Processing /Library/Frameworks/Python.framework/Versions/3.9/lib/python3.9/site-packages/airflow/example_dags/example_sla_dag.py took 1.644 seconds
[2023-01-12T08:17:33.303-0500] {processor.py:153} INFO - Started process (PID=17134) to work on /Library/Frameworks/Python.framework/Versions/3.9/lib/python3.9/site-packages/airflow/example_dags/example_sla_dag.py
[2023-01-12T08:17:33.313-0500] {processor.py:743} INFO - Processing file /Library/Frameworks/Python.framework/Versions/3.9/lib/python3.9/site-packages/airflow/example_dags/example_sla_dag.py for tasks to queue
[2023-01-12T08:17:33.314-0500] {logging_mixin.py:137} INFO - [2023-01-12T08:17:33.314-0500] {dagbag.py:538} INFO - Filling up the DagBag from /Library/Frameworks/Python.framework/Versions/3.9/lib/python3.9/site-packages/airflow/example_dags/example_sla_dag.py
[2023-01-12T08:17:33.458-0500] {processor.py:753} INFO - DAG(s) dict_keys(['example_sla_dag']) retrieved from /Library/Frameworks/Python.framework/Versions/3.9/lib/python3.9/site-packages/airflow/example_dags/example_sla_dag.py
[2023-01-12T08:17:34.549-0500] {logging_mixin.py:137} INFO - [2023-01-12T08:17:34.548-0500] {dag.py:2676} INFO - Sync 1 DAGs
[2023-01-12T08:17:34.586-0500] {logging_mixin.py:137} INFO - [2023-01-12T08:17:34.585-0500] {dag.py:3423} INFO - Setting next_dagrun for example_sla_dag to 2023-01-12T13:14:00+00:00, run_after=2023-01-12T13:16:00+00:00
[2023-01-12T08:17:34.617-0500] {processor.py:175} INFO - Processing /Library/Frameworks/Python.framework/Versions/3.9/lib/python3.9/site-packages/airflow/example_dags/example_sla_dag.py took 1.316 seconds
[2023-01-12T08:25:22.982-0500] {processor.py:153} INFO - Started process (PID=17418) to work on /Library/Frameworks/Python.framework/Versions/3.9/lib/python3.9/site-packages/airflow/example_dags/example_sla_dag.py
[2023-01-12T08:25:22.999-0500] {processor.py:743} INFO - Processing file /Library/Frameworks/Python.framework/Versions/3.9/lib/python3.9/site-packages/airflow/example_dags/example_sla_dag.py for tasks to queue
[2023-01-12T08:25:23.001-0500] {logging_mixin.py:137} INFO - [2023-01-12T08:25:23.001-0500] {dagbag.py:538} INFO - Filling up the DagBag from /Library/Frameworks/Python.framework/Versions/3.9/lib/python3.9/site-packages/airflow/example_dags/example_sla_dag.py
[2023-01-12T08:25:23.090-0500] {processor.py:753} INFO - DAG(s) dict_keys(['example_sla_dag']) retrieved from /Library/Frameworks/Python.framework/Versions/3.9/lib/python3.9/site-packages/airflow/example_dags/example_sla_dag.py
[2023-01-12T08:25:24.139-0500] {logging_mixin.py:137} INFO - [2023-01-12T08:25:24.139-0500] {dag.py:2676} INFO - Sync 1 DAGs
[2023-01-12T08:25:24.174-0500] {logging_mixin.py:137} INFO - [2023-01-12T08:25:24.174-0500] {dag.py:3423} INFO - Setting next_dagrun for example_sla_dag to 2023-01-12T13:22:00+00:00, run_after=2023-01-12T13:24:00+00:00
[2023-01-12T08:25:24.204-0500] {processor.py:175} INFO - Processing /Library/Frameworks/Python.framework/Versions/3.9/lib/python3.9/site-packages/airflow/example_dags/example_sla_dag.py took 1.223 seconds
