[2023-01-11T21:06:46.802-0500] {processor.py:153} INFO - Started process (PID=13814) to work on /Library/Frameworks/Python.framework/Versions/3.9/lib/python3.9/site-packages/airflow/example_dags/example_short_circuit_decorator.py
[2023-01-11T21:06:46.812-0500] {processor.py:743} INFO - Processing file /Library/Frameworks/Python.framework/Versions/3.9/lib/python3.9/site-packages/airflow/example_dags/example_short_circuit_decorator.py for tasks to queue
[2023-01-11T21:06:46.813-0500] {logging_mixin.py:137} INFO - [2023-01-11T21:06:46.813-0500] {dagbag.py:538} INFO - Filling up the DagBag from /Library/Frameworks/Python.framework/Versions/3.9/lib/python3.9/site-packages/airflow/example_dags/example_short_circuit_decorator.py
[2023-01-11T21:06:46.898-0500] {processor.py:753} INFO - DAG(s) dict_keys(['example_short_circuit_decorator']) retrieved from /Library/Frameworks/Python.framework/Versions/3.9/lib/python3.9/site-packages/airflow/example_dags/example_short_circuit_decorator.py
[2023-01-11T21:06:47.867-0500] {logging_mixin.py:137} INFO - [2023-01-11T21:06:47.866-0500] {dag.py:2676} INFO - Sync 1 DAGs
[2023-01-11T21:06:47.884-0500] {logging_mixin.py:137} INFO - [2023-01-11T21:06:47.884-0500] {dag.py:3423} INFO - Setting next_dagrun for example_short_circuit_decorator to 2023-01-11T02:06:47.884155+00:00, run_after=2023-01-12T02:06:47.884155+00:00
[2023-01-11T21:06:47.901-0500] {processor.py:175} INFO - Processing /Library/Frameworks/Python.framework/Versions/3.9/lib/python3.9/site-packages/airflow/example_dags/example_short_circuit_decorator.py took 1.102 seconds
[2023-01-12T06:02:05.774-0500] {processor.py:153} INFO - Started process (PID=14860) to work on /Library/Frameworks/Python.framework/Versions/3.9/lib/python3.9/site-packages/airflow/example_dags/example_short_circuit_decorator.py
[2023-01-12T06:02:05.780-0500] {processor.py:743} INFO - Processing file /Library/Frameworks/Python.framework/Versions/3.9/lib/python3.9/site-packages/airflow/example_dags/example_short_circuit_decorator.py for tasks to queue
[2023-01-12T06:02:05.781-0500] {logging_mixin.py:137} INFO - [2023-01-12T06:02:05.781-0500] {dagbag.py:538} INFO - Filling up the DagBag from /Library/Frameworks/Python.framework/Versions/3.9/lib/python3.9/site-packages/airflow/example_dags/example_short_circuit_decorator.py
[2023-01-12T06:02:05.832-0500] {processor.py:753} INFO - DAG(s) dict_keys(['example_short_circuit_decorator']) retrieved from /Library/Frameworks/Python.framework/Versions/3.9/lib/python3.9/site-packages/airflow/example_dags/example_short_circuit_decorator.py
[2023-01-12T06:02:06.411-0500] {logging_mixin.py:137} INFO - [2023-01-12T06:02:06.411-0500] {dag.py:2676} INFO - Sync 1 DAGs
[2023-01-12T06:02:06.427-0500] {logging_mixin.py:137} INFO - [2023-01-12T06:02:06.426-0500] {dag.py:3423} INFO - Setting next_dagrun for example_short_circuit_decorator to 2023-01-11T11:02:06.426694+00:00, run_after=2023-01-12T11:02:06.426694+00:00
[2023-01-12T06:02:06.453-0500] {processor.py:175} INFO - Processing /Library/Frameworks/Python.framework/Versions/3.9/lib/python3.9/site-packages/airflow/example_dags/example_short_circuit_decorator.py took 0.679 seconds
[2023-01-12T07:24:59.628-0500] {processor.py:153} INFO - Started process (PID=15043) to work on /Library/Frameworks/Python.framework/Versions/3.9/lib/python3.9/site-packages/airflow/example_dags/example_short_circuit_decorator.py
[2023-01-12T07:24:59.634-0500] {processor.py:743} INFO - Processing file /Library/Frameworks/Python.framework/Versions/3.9/lib/python3.9/site-packages/airflow/example_dags/example_short_circuit_decorator.py for tasks to queue
[2023-01-12T07:24:59.634-0500] {logging_mixin.py:137} INFO - [2023-01-12T07:24:59.634-0500] {dagbag.py:538} INFO - Filling up the DagBag from /Library/Frameworks/Python.framework/Versions/3.9/lib/python3.9/site-packages/airflow/example_dags/example_short_circuit_decorator.py
[2023-01-12T07:24:59.693-0500] {processor.py:753} INFO - DAG(s) dict_keys(['example_short_circuit_decorator']) retrieved from /Library/Frameworks/Python.framework/Versions/3.9/lib/python3.9/site-packages/airflow/example_dags/example_short_circuit_decorator.py
[2023-01-12T07:25:00.313-0500] {logging_mixin.py:137} INFO - [2023-01-12T07:25:00.312-0500] {dag.py:2676} INFO - Sync 1 DAGs
[2023-01-12T07:25:00.332-0500] {logging_mixin.py:137} INFO - [2023-01-12T07:25:00.332-0500] {dag.py:3423} INFO - Setting next_dagrun for example_short_circuit_decorator to 2023-01-11T12:25:00.332060+00:00, run_after=2023-01-12T12:25:00.332060+00:00
[2023-01-12T07:25:00.356-0500] {processor.py:175} INFO - Processing /Library/Frameworks/Python.framework/Versions/3.9/lib/python3.9/site-packages/airflow/example_dags/example_short_circuit_decorator.py took 0.729 seconds
[2023-01-12T07:26:54.878-0500] {processor.py:153} INFO - Started process (PID=15126) to work on /Library/Frameworks/Python.framework/Versions/3.9/lib/python3.9/site-packages/airflow/example_dags/example_short_circuit_decorator.py
[2023-01-12T07:26:54.883-0500] {processor.py:743} INFO - Processing file /Library/Frameworks/Python.framework/Versions/3.9/lib/python3.9/site-packages/airflow/example_dags/example_short_circuit_decorator.py for tasks to queue
[2023-01-12T07:26:54.884-0500] {logging_mixin.py:137} INFO - [2023-01-12T07:26:54.883-0500] {dagbag.py:538} INFO - Filling up the DagBag from /Library/Frameworks/Python.framework/Versions/3.9/lib/python3.9/site-packages/airflow/example_dags/example_short_circuit_decorator.py
[2023-01-12T07:26:54.938-0500] {processor.py:753} INFO - DAG(s) dict_keys(['example_short_circuit_decorator']) retrieved from /Library/Frameworks/Python.framework/Versions/3.9/lib/python3.9/site-packages/airflow/example_dags/example_short_circuit_decorator.py
[2023-01-12T07:26:55.554-0500] {logging_mixin.py:137} INFO - [2023-01-12T07:26:55.554-0500] {dag.py:2676} INFO - Sync 1 DAGs
[2023-01-12T07:26:55.571-0500] {logging_mixin.py:137} INFO - [2023-01-12T07:26:55.571-0500] {dag.py:3423} INFO - Setting next_dagrun for example_short_circuit_decorator to 2023-01-11T12:26:55.571117+00:00, run_after=2023-01-12T12:26:55.571117+00:00
[2023-01-12T07:26:55.589-0500] {processor.py:175} INFO - Processing /Library/Frameworks/Python.framework/Versions/3.9/lib/python3.9/site-packages/airflow/example_dags/example_short_circuit_decorator.py took 0.712 seconds
[2023-01-12T07:28:39.215-0500] {processor.py:153} INFO - Started process (PID=15187) to work on /Library/Frameworks/Python.framework/Versions/3.9/lib/python3.9/site-packages/airflow/example_dags/example_short_circuit_decorator.py
[2023-01-12T07:28:39.220-0500] {processor.py:743} INFO - Processing file /Library/Frameworks/Python.framework/Versions/3.9/lib/python3.9/site-packages/airflow/example_dags/example_short_circuit_decorator.py for tasks to queue
[2023-01-12T07:28:39.221-0500] {logging_mixin.py:137} INFO - [2023-01-12T07:28:39.221-0500] {dagbag.py:538} INFO - Filling up the DagBag from /Library/Frameworks/Python.framework/Versions/3.9/lib/python3.9/site-packages/airflow/example_dags/example_short_circuit_decorator.py
[2023-01-12T07:28:39.276-0500] {processor.py:753} INFO - DAG(s) dict_keys(['example_short_circuit_decorator']) retrieved from /Library/Frameworks/Python.framework/Versions/3.9/lib/python3.9/site-packages/airflow/example_dags/example_short_circuit_decorator.py
[2023-01-12T07:28:39.913-0500] {logging_mixin.py:137} INFO - [2023-01-12T07:28:39.913-0500] {dag.py:2676} INFO - Sync 1 DAGs
[2023-01-12T07:28:39.929-0500] {logging_mixin.py:137} INFO - [2023-01-12T07:28:39.929-0500] {dag.py:3423} INFO - Setting next_dagrun for example_short_circuit_decorator to 2023-01-11T12:28:39.929292+00:00, run_after=2023-01-12T12:28:39.929292+00:00
[2023-01-12T07:28:39.949-0500] {processor.py:175} INFO - Processing /Library/Frameworks/Python.framework/Versions/3.9/lib/python3.9/site-packages/airflow/example_dags/example_short_circuit_decorator.py took 0.735 seconds
[2023-01-12T07:30:28.902-0500] {processor.py:153} INFO - Started process (PID=15311) to work on /Library/Frameworks/Python.framework/Versions/3.9/lib/python3.9/site-packages/airflow/example_dags/example_short_circuit_decorator.py
[2023-01-12T07:30:28.909-0500] {processor.py:743} INFO - Processing file /Library/Frameworks/Python.framework/Versions/3.9/lib/python3.9/site-packages/airflow/example_dags/example_short_circuit_decorator.py for tasks to queue
[2023-01-12T07:30:28.910-0500] {logging_mixin.py:137} INFO - [2023-01-12T07:30:28.909-0500] {dagbag.py:538} INFO - Filling up the DagBag from /Library/Frameworks/Python.framework/Versions/3.9/lib/python3.9/site-packages/airflow/example_dags/example_short_circuit_decorator.py
[2023-01-12T07:30:28.979-0500] {processor.py:753} INFO - DAG(s) dict_keys(['example_short_circuit_decorator']) retrieved from /Library/Frameworks/Python.framework/Versions/3.9/lib/python3.9/site-packages/airflow/example_dags/example_short_circuit_decorator.py
[2023-01-12T07:30:29.677-0500] {logging_mixin.py:137} INFO - [2023-01-12T07:30:29.676-0500] {dag.py:2676} INFO - Sync 1 DAGs
[2023-01-12T07:30:29.694-0500] {logging_mixin.py:137} INFO - [2023-01-12T07:30:29.694-0500] {dag.py:3423} INFO - Setting next_dagrun for example_short_circuit_decorator to 2023-01-11T12:30:29.693910+00:00, run_after=2023-01-12T12:30:29.693910+00:00
[2023-01-12T07:30:29.713-0500] {processor.py:175} INFO - Processing /Library/Frameworks/Python.framework/Versions/3.9/lib/python3.9/site-packages/airflow/example_dags/example_short_circuit_decorator.py took 0.812 seconds
[2023-01-12T07:32:14.609-0500] {processor.py:153} INFO - Started process (PID=15456) to work on /Library/Frameworks/Python.framework/Versions/3.9/lib/python3.9/site-packages/airflow/example_dags/example_short_circuit_decorator.py
[2023-01-12T07:32:14.615-0500] {processor.py:743} INFO - Processing file /Library/Frameworks/Python.framework/Versions/3.9/lib/python3.9/site-packages/airflow/example_dags/example_short_circuit_decorator.py for tasks to queue
[2023-01-12T07:32:14.615-0500] {logging_mixin.py:137} INFO - [2023-01-12T07:32:14.615-0500] {dagbag.py:538} INFO - Filling up the DagBag from /Library/Frameworks/Python.framework/Versions/3.9/lib/python3.9/site-packages/airflow/example_dags/example_short_circuit_decorator.py
[2023-01-12T07:32:14.668-0500] {processor.py:753} INFO - DAG(s) dict_keys(['example_short_circuit_decorator']) retrieved from /Library/Frameworks/Python.framework/Versions/3.9/lib/python3.9/site-packages/airflow/example_dags/example_short_circuit_decorator.py
[2023-01-12T07:32:15.324-0500] {logging_mixin.py:137} INFO - [2023-01-12T07:32:15.324-0500] {dag.py:2676} INFO - Sync 1 DAGs
[2023-01-12T07:32:15.340-0500] {logging_mixin.py:137} INFO - [2023-01-12T07:32:15.340-0500] {dag.py:3423} INFO - Setting next_dagrun for example_short_circuit_decorator to 2023-01-11T12:32:15.340689+00:00, run_after=2023-01-12T12:32:15.340689+00:00
[2023-01-12T07:32:15.362-0500] {processor.py:175} INFO - Processing /Library/Frameworks/Python.framework/Versions/3.9/lib/python3.9/site-packages/airflow/example_dags/example_short_circuit_decorator.py took 0.753 seconds
[2023-01-12T07:34:02.493-0500] {processor.py:153} INFO - Started process (PID=15514) to work on /Library/Frameworks/Python.framework/Versions/3.9/lib/python3.9/site-packages/airflow/example_dags/example_short_circuit_decorator.py
[2023-01-12T07:34:02.520-0500] {processor.py:743} INFO - Processing file /Library/Frameworks/Python.framework/Versions/3.9/lib/python3.9/site-packages/airflow/example_dags/example_short_circuit_decorator.py for tasks to queue
[2023-01-12T07:34:02.520-0500] {logging_mixin.py:137} INFO - [2023-01-12T07:34:02.520-0500] {dagbag.py:538} INFO - Filling up the DagBag from /Library/Frameworks/Python.framework/Versions/3.9/lib/python3.9/site-packages/airflow/example_dags/example_short_circuit_decorator.py
[2023-01-12T07:34:02.573-0500] {processor.py:753} INFO - DAG(s) dict_keys(['example_short_circuit_decorator']) retrieved from /Library/Frameworks/Python.framework/Versions/3.9/lib/python3.9/site-packages/airflow/example_dags/example_short_circuit_decorator.py
[2023-01-12T07:34:03.219-0500] {logging_mixin.py:137} INFO - [2023-01-12T07:34:03.218-0500] {dag.py:2676} INFO - Sync 1 DAGs
[2023-01-12T07:34:03.235-0500] {logging_mixin.py:137} INFO - [2023-01-12T07:34:03.234-0500] {dag.py:3423} INFO - Setting next_dagrun for example_short_circuit_decorator to 2023-01-11T12:34:03.234765+00:00, run_after=2023-01-12T12:34:03.234765+00:00
[2023-01-12T07:34:03.254-0500] {processor.py:175} INFO - Processing /Library/Frameworks/Python.framework/Versions/3.9/lib/python3.9/site-packages/airflow/example_dags/example_short_circuit_decorator.py took 0.762 seconds
[2023-01-12T07:35:54.776-0500] {processor.py:153} INFO - Started process (PID=15560) to work on /Library/Frameworks/Python.framework/Versions/3.9/lib/python3.9/site-packages/airflow/example_dags/example_short_circuit_decorator.py
[2023-01-12T07:35:54.782-0500] {processor.py:743} INFO - Processing file /Library/Frameworks/Python.framework/Versions/3.9/lib/python3.9/site-packages/airflow/example_dags/example_short_circuit_decorator.py for tasks to queue
[2023-01-12T07:35:54.783-0500] {logging_mixin.py:137} INFO - [2023-01-12T07:35:54.783-0500] {dagbag.py:538} INFO - Filling up the DagBag from /Library/Frameworks/Python.framework/Versions/3.9/lib/python3.9/site-packages/airflow/example_dags/example_short_circuit_decorator.py
[2023-01-12T07:35:54.846-0500] {processor.py:753} INFO - DAG(s) dict_keys(['example_short_circuit_decorator']) retrieved from /Library/Frameworks/Python.framework/Versions/3.9/lib/python3.9/site-packages/airflow/example_dags/example_short_circuit_decorator.py
[2023-01-12T07:35:55.702-0500] {logging_mixin.py:137} INFO - [2023-01-12T07:35:55.702-0500] {dag.py:2676} INFO - Sync 1 DAGs
[2023-01-12T07:35:55.719-0500] {logging_mixin.py:137} INFO - [2023-01-12T07:35:55.719-0500] {dag.py:3423} INFO - Setting next_dagrun for example_short_circuit_decorator to 2023-01-11T12:35:55.719079+00:00, run_after=2023-01-12T12:35:55.719079+00:00
[2023-01-12T07:35:55.738-0500] {processor.py:175} INFO - Processing /Library/Frameworks/Python.framework/Versions/3.9/lib/python3.9/site-packages/airflow/example_dags/example_short_circuit_decorator.py took 0.962 seconds
[2023-01-12T07:37:37.052-0500] {processor.py:153} INFO - Started process (PID=15590) to work on /Library/Frameworks/Python.framework/Versions/3.9/lib/python3.9/site-packages/airflow/example_dags/example_short_circuit_decorator.py
[2023-01-12T07:37:37.059-0500] {processor.py:743} INFO - Processing file /Library/Frameworks/Python.framework/Versions/3.9/lib/python3.9/site-packages/airflow/example_dags/example_short_circuit_decorator.py for tasks to queue
[2023-01-12T07:37:37.059-0500] {logging_mixin.py:137} INFO - [2023-01-12T07:37:37.059-0500] {dagbag.py:538} INFO - Filling up the DagBag from /Library/Frameworks/Python.framework/Versions/3.9/lib/python3.9/site-packages/airflow/example_dags/example_short_circuit_decorator.py
[2023-01-12T07:37:37.119-0500] {processor.py:753} INFO - DAG(s) dict_keys(['example_short_circuit_decorator']) retrieved from /Library/Frameworks/Python.framework/Versions/3.9/lib/python3.9/site-packages/airflow/example_dags/example_short_circuit_decorator.py
[2023-01-12T07:37:37.844-0500] {logging_mixin.py:137} INFO - [2023-01-12T07:37:37.844-0500] {dag.py:2676} INFO - Sync 1 DAGs
[2023-01-12T07:37:37.864-0500] {logging_mixin.py:137} INFO - [2023-01-12T07:37:37.864-0500] {dag.py:3423} INFO - Setting next_dagrun for example_short_circuit_decorator to 2023-01-11T12:37:37.863933+00:00, run_after=2023-01-12T12:37:37.863933+00:00
[2023-01-12T07:37:37.886-0500] {processor.py:175} INFO - Processing /Library/Frameworks/Python.framework/Versions/3.9/lib/python3.9/site-packages/airflow/example_dags/example_short_circuit_decorator.py took 0.834 seconds
[2023-01-12T07:39:33.420-0500] {processor.py:153} INFO - Started process (PID=15672) to work on /Library/Frameworks/Python.framework/Versions/3.9/lib/python3.9/site-packages/airflow/example_dags/example_short_circuit_decorator.py
[2023-01-12T07:39:33.427-0500] {processor.py:743} INFO - Processing file /Library/Frameworks/Python.framework/Versions/3.9/lib/python3.9/site-packages/airflow/example_dags/example_short_circuit_decorator.py for tasks to queue
[2023-01-12T07:39:33.428-0500] {logging_mixin.py:137} INFO - [2023-01-12T07:39:33.428-0500] {dagbag.py:538} INFO - Filling up the DagBag from /Library/Frameworks/Python.framework/Versions/3.9/lib/python3.9/site-packages/airflow/example_dags/example_short_circuit_decorator.py
[2023-01-12T07:39:33.507-0500] {processor.py:753} INFO - DAG(s) dict_keys(['example_short_circuit_decorator']) retrieved from /Library/Frameworks/Python.framework/Versions/3.9/lib/python3.9/site-packages/airflow/example_dags/example_short_circuit_decorator.py
[2023-01-12T07:39:34.306-0500] {logging_mixin.py:137} INFO - [2023-01-12T07:39:34.306-0500] {dag.py:2676} INFO - Sync 1 DAGs
[2023-01-12T07:39:34.330-0500] {logging_mixin.py:137} INFO - [2023-01-12T07:39:34.330-0500] {dag.py:3423} INFO - Setting next_dagrun for example_short_circuit_decorator to 2023-01-11T12:39:34.329883+00:00, run_after=2023-01-12T12:39:34.329883+00:00
[2023-01-12T07:39:34.354-0500] {processor.py:175} INFO - Processing /Library/Frameworks/Python.framework/Versions/3.9/lib/python3.9/site-packages/airflow/example_dags/example_short_circuit_decorator.py took 0.935 seconds
[2023-01-12T07:41:32.016-0500] {processor.py:153} INFO - Started process (PID=15760) to work on /Library/Frameworks/Python.framework/Versions/3.9/lib/python3.9/site-packages/airflow/example_dags/example_short_circuit_decorator.py
[2023-01-12T07:41:32.023-0500] {processor.py:743} INFO - Processing file /Library/Frameworks/Python.framework/Versions/3.9/lib/python3.9/site-packages/airflow/example_dags/example_short_circuit_decorator.py for tasks to queue
[2023-01-12T07:41:32.024-0500] {logging_mixin.py:137} INFO - [2023-01-12T07:41:32.024-0500] {dagbag.py:538} INFO - Filling up the DagBag from /Library/Frameworks/Python.framework/Versions/3.9/lib/python3.9/site-packages/airflow/example_dags/example_short_circuit_decorator.py
[2023-01-12T07:41:32.110-0500] {processor.py:753} INFO - DAG(s) dict_keys(['example_short_circuit_decorator']) retrieved from /Library/Frameworks/Python.framework/Versions/3.9/lib/python3.9/site-packages/airflow/example_dags/example_short_circuit_decorator.py
[2023-01-12T07:41:32.904-0500] {logging_mixin.py:137} INFO - [2023-01-12T07:41:32.903-0500] {dag.py:2676} INFO - Sync 1 DAGs
[2023-01-12T07:41:32.926-0500] {logging_mixin.py:137} INFO - [2023-01-12T07:41:32.925-0500] {dag.py:3423} INFO - Setting next_dagrun for example_short_circuit_decorator to 2023-01-11T12:41:32.925836+00:00, run_after=2023-01-12T12:41:32.925836+00:00
[2023-01-12T07:41:32.948-0500] {processor.py:175} INFO - Processing /Library/Frameworks/Python.framework/Versions/3.9/lib/python3.9/site-packages/airflow/example_dags/example_short_circuit_decorator.py took 0.933 seconds
[2023-01-12T07:43:35.683-0500] {processor.py:153} INFO - Started process (PID=15806) to work on /Library/Frameworks/Python.framework/Versions/3.9/lib/python3.9/site-packages/airflow/example_dags/example_short_circuit_decorator.py
[2023-01-12T07:43:35.690-0500] {processor.py:743} INFO - Processing file /Library/Frameworks/Python.framework/Versions/3.9/lib/python3.9/site-packages/airflow/example_dags/example_short_circuit_decorator.py for tasks to queue
[2023-01-12T07:43:35.691-0500] {logging_mixin.py:137} INFO - [2023-01-12T07:43:35.691-0500] {dagbag.py:538} INFO - Filling up the DagBag from /Library/Frameworks/Python.framework/Versions/3.9/lib/python3.9/site-packages/airflow/example_dags/example_short_circuit_decorator.py
[2023-01-12T07:43:35.767-0500] {processor.py:753} INFO - DAG(s) dict_keys(['example_short_circuit_decorator']) retrieved from /Library/Frameworks/Python.framework/Versions/3.9/lib/python3.9/site-packages/airflow/example_dags/example_short_circuit_decorator.py
[2023-01-12T07:43:36.589-0500] {logging_mixin.py:137} INFO - [2023-01-12T07:43:36.589-0500] {dag.py:2676} INFO - Sync 1 DAGs
[2023-01-12T07:43:36.613-0500] {logging_mixin.py:137} INFO - [2023-01-12T07:43:36.613-0500] {dag.py:3423} INFO - Setting next_dagrun for example_short_circuit_decorator to 2023-01-11T12:43:36.612864+00:00, run_after=2023-01-12T12:43:36.612864+00:00
[2023-01-12T07:43:36.637-0500] {processor.py:175} INFO - Processing /Library/Frameworks/Python.framework/Versions/3.9/lib/python3.9/site-packages/airflow/example_dags/example_short_circuit_decorator.py took 0.955 seconds
[2023-01-12T07:45:35.489-0500] {processor.py:153} INFO - Started process (PID=15871) to work on /Library/Frameworks/Python.framework/Versions/3.9/lib/python3.9/site-packages/airflow/example_dags/example_short_circuit_decorator.py
[2023-01-12T07:45:35.517-0500] {processor.py:743} INFO - Processing file /Library/Frameworks/Python.framework/Versions/3.9/lib/python3.9/site-packages/airflow/example_dags/example_short_circuit_decorator.py for tasks to queue
[2023-01-12T07:45:35.519-0500] {logging_mixin.py:137} INFO - [2023-01-12T07:45:35.518-0500] {dagbag.py:538} INFO - Filling up the DagBag from /Library/Frameworks/Python.framework/Versions/3.9/lib/python3.9/site-packages/airflow/example_dags/example_short_circuit_decorator.py
[2023-01-12T07:45:35.585-0500] {processor.py:753} INFO - DAG(s) dict_keys(['example_short_circuit_decorator']) retrieved from /Library/Frameworks/Python.framework/Versions/3.9/lib/python3.9/site-packages/airflow/example_dags/example_short_circuit_decorator.py
[2023-01-12T07:45:36.204-0500] {logging_mixin.py:137} INFO - [2023-01-12T07:45:36.204-0500] {dag.py:2676} INFO - Sync 1 DAGs
[2023-01-12T07:45:36.220-0500] {logging_mixin.py:137} INFO - [2023-01-12T07:45:36.220-0500] {dag.py:3423} INFO - Setting next_dagrun for example_short_circuit_decorator to 2023-01-11T12:45:36.220382+00:00, run_after=2023-01-12T12:45:36.220382+00:00
[2023-01-12T07:45:36.241-0500] {processor.py:175} INFO - Processing /Library/Frameworks/Python.framework/Versions/3.9/lib/python3.9/site-packages/airflow/example_dags/example_short_circuit_decorator.py took 0.753 seconds
[2023-01-12T07:47:27.179-0500] {processor.py:153} INFO - Started process (PID=15932) to work on /Library/Frameworks/Python.framework/Versions/3.9/lib/python3.9/site-packages/airflow/example_dags/example_short_circuit_decorator.py
[2023-01-12T07:47:27.185-0500] {processor.py:743} INFO - Processing file /Library/Frameworks/Python.framework/Versions/3.9/lib/python3.9/site-packages/airflow/example_dags/example_short_circuit_decorator.py for tasks to queue
[2023-01-12T07:47:27.186-0500] {logging_mixin.py:137} INFO - [2023-01-12T07:47:27.186-0500] {dagbag.py:538} INFO - Filling up the DagBag from /Library/Frameworks/Python.framework/Versions/3.9/lib/python3.9/site-packages/airflow/example_dags/example_short_circuit_decorator.py
[2023-01-12T07:47:27.242-0500] {processor.py:753} INFO - DAG(s) dict_keys(['example_short_circuit_decorator']) retrieved from /Library/Frameworks/Python.framework/Versions/3.9/lib/python3.9/site-packages/airflow/example_dags/example_short_circuit_decorator.py
[2023-01-12T07:47:27.919-0500] {logging_mixin.py:137} INFO - [2023-01-12T07:47:27.919-0500] {dag.py:2676} INFO - Sync 1 DAGs
[2023-01-12T07:47:27.940-0500] {logging_mixin.py:137} INFO - [2023-01-12T07:47:27.940-0500] {dag.py:3423} INFO - Setting next_dagrun for example_short_circuit_decorator to 2023-01-11T12:47:27.940149+00:00, run_after=2023-01-12T12:47:27.940149+00:00
[2023-01-12T07:47:27.965-0500] {processor.py:175} INFO - Processing /Library/Frameworks/Python.framework/Versions/3.9/lib/python3.9/site-packages/airflow/example_dags/example_short_circuit_decorator.py took 0.786 seconds
[2023-01-12T07:49:16.964-0500] {processor.py:153} INFO - Started process (PID=15971) to work on /Library/Frameworks/Python.framework/Versions/3.9/lib/python3.9/site-packages/airflow/example_dags/example_short_circuit_decorator.py
[2023-01-12T07:49:16.971-0500] {processor.py:743} INFO - Processing file /Library/Frameworks/Python.framework/Versions/3.9/lib/python3.9/site-packages/airflow/example_dags/example_short_circuit_decorator.py for tasks to queue
[2023-01-12T07:49:16.972-0500] {logging_mixin.py:137} INFO - [2023-01-12T07:49:16.972-0500] {dagbag.py:538} INFO - Filling up the DagBag from /Library/Frameworks/Python.framework/Versions/3.9/lib/python3.9/site-packages/airflow/example_dags/example_short_circuit_decorator.py
[2023-01-12T07:49:17.048-0500] {processor.py:753} INFO - DAG(s) dict_keys(['example_short_circuit_decorator']) retrieved from /Library/Frameworks/Python.framework/Versions/3.9/lib/python3.9/site-packages/airflow/example_dags/example_short_circuit_decorator.py
[2023-01-12T07:49:17.832-0500] {logging_mixin.py:137} INFO - [2023-01-12T07:49:17.831-0500] {dag.py:2676} INFO - Sync 1 DAGs
[2023-01-12T07:49:17.852-0500] {logging_mixin.py:137} INFO - [2023-01-12T07:49:17.851-0500] {dag.py:3423} INFO - Setting next_dagrun for example_short_circuit_decorator to 2023-01-11T12:49:17.851656+00:00, run_after=2023-01-12T12:49:17.851656+00:00
[2023-01-12T07:49:17.872-0500] {processor.py:175} INFO - Processing /Library/Frameworks/Python.framework/Versions/3.9/lib/python3.9/site-packages/airflow/example_dags/example_short_circuit_decorator.py took 0.910 seconds
[2023-01-12T07:51:23.112-0500] {processor.py:153} INFO - Started process (PID=16095) to work on /Library/Frameworks/Python.framework/Versions/3.9/lib/python3.9/site-packages/airflow/example_dags/example_short_circuit_decorator.py
[2023-01-12T07:51:23.118-0500] {processor.py:743} INFO - Processing file /Library/Frameworks/Python.framework/Versions/3.9/lib/python3.9/site-packages/airflow/example_dags/example_short_circuit_decorator.py for tasks to queue
[2023-01-12T07:51:23.119-0500] {logging_mixin.py:137} INFO - [2023-01-12T07:51:23.119-0500] {dagbag.py:538} INFO - Filling up the DagBag from /Library/Frameworks/Python.framework/Versions/3.9/lib/python3.9/site-packages/airflow/example_dags/example_short_circuit_decorator.py
[2023-01-12T07:51:23.176-0500] {processor.py:753} INFO - DAG(s) dict_keys(['example_short_circuit_decorator']) retrieved from /Library/Frameworks/Python.framework/Versions/3.9/lib/python3.9/site-packages/airflow/example_dags/example_short_circuit_decorator.py
[2023-01-12T07:51:23.887-0500] {logging_mixin.py:137} INFO - [2023-01-12T07:51:23.887-0500] {dag.py:2676} INFO - Sync 1 DAGs
[2023-01-12T07:51:23.908-0500] {logging_mixin.py:137} INFO - [2023-01-12T07:51:23.908-0500] {dag.py:3423} INFO - Setting next_dagrun for example_short_circuit_decorator to 2023-01-11T12:51:23.907916+00:00, run_after=2023-01-12T12:51:23.907916+00:00
[2023-01-12T07:51:23.928-0500] {processor.py:175} INFO - Processing /Library/Frameworks/Python.framework/Versions/3.9/lib/python3.9/site-packages/airflow/example_dags/example_short_circuit_decorator.py took 0.817 seconds
[2023-01-12T07:53:25.457-0500] {processor.py:153} INFO - Started process (PID=16137) to work on /Library/Frameworks/Python.framework/Versions/3.9/lib/python3.9/site-packages/airflow/example_dags/example_short_circuit_decorator.py
[2023-01-12T07:53:25.464-0500] {processor.py:743} INFO - Processing file /Library/Frameworks/Python.framework/Versions/3.9/lib/python3.9/site-packages/airflow/example_dags/example_short_circuit_decorator.py for tasks to queue
[2023-01-12T07:53:25.465-0500] {logging_mixin.py:137} INFO - [2023-01-12T07:53:25.465-0500] {dagbag.py:538} INFO - Filling up the DagBag from /Library/Frameworks/Python.framework/Versions/3.9/lib/python3.9/site-packages/airflow/example_dags/example_short_circuit_decorator.py
[2023-01-12T07:53:25.527-0500] {processor.py:753} INFO - DAG(s) dict_keys(['example_short_circuit_decorator']) retrieved from /Library/Frameworks/Python.framework/Versions/3.9/lib/python3.9/site-packages/airflow/example_dags/example_short_circuit_decorator.py
[2023-01-12T07:53:26.707-0500] {logging_mixin.py:137} INFO - [2023-01-12T07:53:26.707-0500] {dag.py:2676} INFO - Sync 1 DAGs
[2023-01-12T07:53:26.729-0500] {logging_mixin.py:137} INFO - [2023-01-12T07:53:26.728-0500] {dag.py:3423} INFO - Setting next_dagrun for example_short_circuit_decorator to 2023-01-11T12:53:26.728715+00:00, run_after=2023-01-12T12:53:26.728715+00:00
[2023-01-12T07:53:26.778-0500] {processor.py:175} INFO - Processing /Library/Frameworks/Python.framework/Versions/3.9/lib/python3.9/site-packages/airflow/example_dags/example_short_circuit_decorator.py took 1.322 seconds
[2023-01-12T07:55:16.620-0500] {processor.py:153} INFO - Started process (PID=16174) to work on /Library/Frameworks/Python.framework/Versions/3.9/lib/python3.9/site-packages/airflow/example_dags/example_short_circuit_decorator.py
[2023-01-12T07:55:16.626-0500] {processor.py:743} INFO - Processing file /Library/Frameworks/Python.framework/Versions/3.9/lib/python3.9/site-packages/airflow/example_dags/example_short_circuit_decorator.py for tasks to queue
[2023-01-12T07:55:16.626-0500] {logging_mixin.py:137} INFO - [2023-01-12T07:55:16.626-0500] {dagbag.py:538} INFO - Filling up the DagBag from /Library/Frameworks/Python.framework/Versions/3.9/lib/python3.9/site-packages/airflow/example_dags/example_short_circuit_decorator.py
[2023-01-12T07:55:16.681-0500] {processor.py:753} INFO - DAG(s) dict_keys(['example_short_circuit_decorator']) retrieved from /Library/Frameworks/Python.framework/Versions/3.9/lib/python3.9/site-packages/airflow/example_dags/example_short_circuit_decorator.py
[2023-01-12T07:55:17.314-0500] {logging_mixin.py:137} INFO - [2023-01-12T07:55:17.313-0500] {dag.py:2676} INFO - Sync 1 DAGs
[2023-01-12T07:55:17.331-0500] {logging_mixin.py:137} INFO - [2023-01-12T07:55:17.331-0500] {dag.py:3423} INFO - Setting next_dagrun for example_short_circuit_decorator to 2023-01-11T12:55:17.331166+00:00, run_after=2023-01-12T12:55:17.331166+00:00
[2023-01-12T07:55:17.351-0500] {processor.py:175} INFO - Processing /Library/Frameworks/Python.framework/Versions/3.9/lib/python3.9/site-packages/airflow/example_dags/example_short_circuit_decorator.py took 0.732 seconds
[2023-01-12T07:57:26.499-0500] {processor.py:153} INFO - Started process (PID=16338) to work on /Library/Frameworks/Python.framework/Versions/3.9/lib/python3.9/site-packages/airflow/example_dags/example_short_circuit_decorator.py
[2023-01-12T07:57:26.505-0500] {processor.py:743} INFO - Processing file /Library/Frameworks/Python.framework/Versions/3.9/lib/python3.9/site-packages/airflow/example_dags/example_short_circuit_decorator.py for tasks to queue
[2023-01-12T07:57:26.506-0500] {logging_mixin.py:137} INFO - [2023-01-12T07:57:26.506-0500] {dagbag.py:538} INFO - Filling up the DagBag from /Library/Frameworks/Python.framework/Versions/3.9/lib/python3.9/site-packages/airflow/example_dags/example_short_circuit_decorator.py
[2023-01-12T07:57:26.563-0500] {processor.py:753} INFO - DAG(s) dict_keys(['example_short_circuit_decorator']) retrieved from /Library/Frameworks/Python.framework/Versions/3.9/lib/python3.9/site-packages/airflow/example_dags/example_short_circuit_decorator.py
[2023-01-12T07:57:27.358-0500] {logging_mixin.py:137} INFO - [2023-01-12T07:57:27.358-0500] {dag.py:2676} INFO - Sync 1 DAGs
[2023-01-12T07:57:27.377-0500] {logging_mixin.py:137} INFO - [2023-01-12T07:57:27.376-0500] {dag.py:3423} INFO - Setting next_dagrun for example_short_circuit_decorator to 2023-01-11T12:57:27.376788+00:00, run_after=2023-01-12T12:57:27.376788+00:00
[2023-01-12T07:57:27.397-0500] {processor.py:175} INFO - Processing /Library/Frameworks/Python.framework/Versions/3.9/lib/python3.9/site-packages/airflow/example_dags/example_short_circuit_decorator.py took 0.898 seconds
[2023-01-12T07:59:18.804-0500] {processor.py:153} INFO - Started process (PID=16376) to work on /Library/Frameworks/Python.framework/Versions/3.9/lib/python3.9/site-packages/airflow/example_dags/example_short_circuit_decorator.py
[2023-01-12T07:59:18.810-0500] {processor.py:743} INFO - Processing file /Library/Frameworks/Python.framework/Versions/3.9/lib/python3.9/site-packages/airflow/example_dags/example_short_circuit_decorator.py for tasks to queue
[2023-01-12T07:59:18.811-0500] {logging_mixin.py:137} INFO - [2023-01-12T07:59:18.811-0500] {dagbag.py:538} INFO - Filling up the DagBag from /Library/Frameworks/Python.framework/Versions/3.9/lib/python3.9/site-packages/airflow/example_dags/example_short_circuit_decorator.py
[2023-01-12T07:59:18.869-0500] {processor.py:753} INFO - DAG(s) dict_keys(['example_short_circuit_decorator']) retrieved from /Library/Frameworks/Python.framework/Versions/3.9/lib/python3.9/site-packages/airflow/example_dags/example_short_circuit_decorator.py
[2023-01-12T07:59:19.533-0500] {logging_mixin.py:137} INFO - [2023-01-12T07:59:19.533-0500] {dag.py:2676} INFO - Sync 1 DAGs
[2023-01-12T07:59:19.551-0500] {logging_mixin.py:137} INFO - [2023-01-12T07:59:19.551-0500] {dag.py:3423} INFO - Setting next_dagrun for example_short_circuit_decorator to 2023-01-11T12:59:19.551088+00:00, run_after=2023-01-12T12:59:19.551088+00:00
[2023-01-12T07:59:19.570-0500] {processor.py:175} INFO - Processing /Library/Frameworks/Python.framework/Versions/3.9/lib/python3.9/site-packages/airflow/example_dags/example_short_circuit_decorator.py took 0.767 seconds
[2023-01-12T08:01:15.841-0500] {processor.py:153} INFO - Started process (PID=16482) to work on /Library/Frameworks/Python.framework/Versions/3.9/lib/python3.9/site-packages/airflow/example_dags/example_short_circuit_decorator.py
[2023-01-12T08:01:15.880-0500] {processor.py:743} INFO - Processing file /Library/Frameworks/Python.framework/Versions/3.9/lib/python3.9/site-packages/airflow/example_dags/example_short_circuit_decorator.py for tasks to queue
[2023-01-12T08:01:15.882-0500] {logging_mixin.py:137} INFO - [2023-01-12T08:01:15.881-0500] {dagbag.py:538} INFO - Filling up the DagBag from /Library/Frameworks/Python.framework/Versions/3.9/lib/python3.9/site-packages/airflow/example_dags/example_short_circuit_decorator.py
[2023-01-12T08:01:16.147-0500] {processor.py:753} INFO - DAG(s) dict_keys(['example_short_circuit_decorator']) retrieved from /Library/Frameworks/Python.framework/Versions/3.9/lib/python3.9/site-packages/airflow/example_dags/example_short_circuit_decorator.py
[2023-01-12T08:01:18.223-0500] {logging_mixin.py:137} INFO - [2023-01-12T08:01:18.221-0500] {dag.py:2676} INFO - Sync 1 DAGs
[2023-01-12T08:01:18.372-0500] {logging_mixin.py:137} INFO - [2023-01-12T08:01:18.372-0500] {dag.py:3423} INFO - Setting next_dagrun for example_short_circuit_decorator to 2023-01-11T13:01:18.371740+00:00, run_after=2023-01-12T13:01:18.371740+00:00
[2023-01-12T08:01:18.474-0500] {processor.py:175} INFO - Processing /Library/Frameworks/Python.framework/Versions/3.9/lib/python3.9/site-packages/airflow/example_dags/example_short_circuit_decorator.py took 2.642 seconds
[2023-01-12T08:05:23.197-0500] {processor.py:153} INFO - Started process (PID=16601) to work on /Library/Frameworks/Python.framework/Versions/3.9/lib/python3.9/site-packages/airflow/example_dags/example_short_circuit_decorator.py
[2023-01-12T08:05:23.216-0500] {processor.py:743} INFO - Processing file /Library/Frameworks/Python.framework/Versions/3.9/lib/python3.9/site-packages/airflow/example_dags/example_short_circuit_decorator.py for tasks to queue
[2023-01-12T08:05:23.217-0500] {logging_mixin.py:137} INFO - [2023-01-12T08:05:23.216-0500] {dagbag.py:538} INFO - Filling up the DagBag from /Library/Frameworks/Python.framework/Versions/3.9/lib/python3.9/site-packages/airflow/example_dags/example_short_circuit_decorator.py
[2023-01-12T08:05:23.351-0500] {processor.py:753} INFO - DAG(s) dict_keys(['example_short_circuit_decorator']) retrieved from /Library/Frameworks/Python.framework/Versions/3.9/lib/python3.9/site-packages/airflow/example_dags/example_short_circuit_decorator.py
[2023-01-12T08:05:25.017-0500] {logging_mixin.py:137} INFO - [2023-01-12T08:05:25.017-0500] {dag.py:2676} INFO - Sync 1 DAGs
[2023-01-12T08:05:25.065-0500] {logging_mixin.py:137} INFO - [2023-01-12T08:05:25.064-0500] {dag.py:3423} INFO - Setting next_dagrun for example_short_circuit_decorator to 2023-01-11T13:05:25.064380+00:00, run_after=2023-01-12T13:05:25.064380+00:00
[2023-01-12T08:05:25.119-0500] {processor.py:175} INFO - Processing /Library/Frameworks/Python.framework/Versions/3.9/lib/python3.9/site-packages/airflow/example_dags/example_short_circuit_decorator.py took 1.924 seconds
[2023-01-12T08:09:35.007-0500] {processor.py:153} INFO - Started process (PID=16696) to work on /Library/Frameworks/Python.framework/Versions/3.9/lib/python3.9/site-packages/airflow/example_dags/example_short_circuit_decorator.py
[2023-01-12T08:09:35.018-0500] {processor.py:743} INFO - Processing file /Library/Frameworks/Python.framework/Versions/3.9/lib/python3.9/site-packages/airflow/example_dags/example_short_circuit_decorator.py for tasks to queue
[2023-01-12T08:09:35.019-0500] {logging_mixin.py:137} INFO - [2023-01-12T08:09:35.019-0500] {dagbag.py:538} INFO - Filling up the DagBag from /Library/Frameworks/Python.framework/Versions/3.9/lib/python3.9/site-packages/airflow/example_dags/example_short_circuit_decorator.py
[2023-01-12T08:09:35.130-0500] {processor.py:753} INFO - DAG(s) dict_keys(['example_short_circuit_decorator']) retrieved from /Library/Frameworks/Python.framework/Versions/3.9/lib/python3.9/site-packages/airflow/example_dags/example_short_circuit_decorator.py
[2023-01-12T08:09:36.327-0500] {logging_mixin.py:137} INFO - [2023-01-12T08:09:36.326-0500] {dag.py:2676} INFO - Sync 1 DAGs
[2023-01-12T08:09:36.362-0500] {logging_mixin.py:137} INFO - [2023-01-12T08:09:36.361-0500] {dag.py:3423} INFO - Setting next_dagrun for example_short_circuit_decorator to 2023-01-11T13:09:36.361578+00:00, run_after=2023-01-12T13:09:36.361578+00:00
[2023-01-12T08:09:36.400-0500] {processor.py:175} INFO - Processing /Library/Frameworks/Python.framework/Versions/3.9/lib/python3.9/site-packages/airflow/example_dags/example_short_circuit_decorator.py took 1.394 seconds
[2023-01-12T08:19:12.275-0500] {processor.py:153} INFO - Started process (PID=17149) to work on /Library/Frameworks/Python.framework/Versions/3.9/lib/python3.9/site-packages/airflow/example_dags/example_short_circuit_decorator.py
[2023-01-12T08:19:12.310-0500] {processor.py:743} INFO - Processing file /Library/Frameworks/Python.framework/Versions/3.9/lib/python3.9/site-packages/airflow/example_dags/example_short_circuit_decorator.py for tasks to queue
[2023-01-12T08:19:12.312-0500] {logging_mixin.py:137} INFO - [2023-01-12T08:19:12.312-0500] {dagbag.py:538} INFO - Filling up the DagBag from /Library/Frameworks/Python.framework/Versions/3.9/lib/python3.9/site-packages/airflow/example_dags/example_short_circuit_decorator.py
[2023-01-12T08:19:12.899-0500] {processor.py:753} INFO - DAG(s) dict_keys(['example_short_circuit_decorator']) retrieved from /Library/Frameworks/Python.framework/Versions/3.9/lib/python3.9/site-packages/airflow/example_dags/example_short_circuit_decorator.py
[2023-01-12T08:19:18.541-0500] {logging_mixin.py:137} INFO - [2023-01-12T08:19:18.540-0500] {dag.py:2676} INFO - Sync 1 DAGs
[2023-01-12T08:19:18.577-0500] {logging_mixin.py:137} INFO - [2023-01-12T08:19:18.577-0500] {dag.py:3423} INFO - Setting next_dagrun for example_short_circuit_decorator to 2023-01-11T13:19:18.575003+00:00, run_after=2023-01-12T13:19:18.575003+00:00
[2023-01-12T08:19:18.611-0500] {processor.py:175} INFO - Processing /Library/Frameworks/Python.framework/Versions/3.9/lib/python3.9/site-packages/airflow/example_dags/example_short_circuit_decorator.py took 6.340 seconds
[2023-01-12T08:26:20.008-0500] {processor.py:153} INFO - Started process (PID=17457) to work on /Library/Frameworks/Python.framework/Versions/3.9/lib/python3.9/site-packages/airflow/example_dags/example_short_circuit_decorator.py
[2023-01-12T08:26:20.025-0500] {processor.py:743} INFO - Processing file /Library/Frameworks/Python.framework/Versions/3.9/lib/python3.9/site-packages/airflow/example_dags/example_short_circuit_decorator.py for tasks to queue
[2023-01-12T08:26:20.027-0500] {logging_mixin.py:137} INFO - [2023-01-12T08:26:20.026-0500] {dagbag.py:538} INFO - Filling up the DagBag from /Library/Frameworks/Python.framework/Versions/3.9/lib/python3.9/site-packages/airflow/example_dags/example_short_circuit_decorator.py
[2023-01-12T08:26:20.225-0500] {processor.py:753} INFO - DAG(s) dict_keys(['example_short_circuit_decorator']) retrieved from /Library/Frameworks/Python.framework/Versions/3.9/lib/python3.9/site-packages/airflow/example_dags/example_short_circuit_decorator.py
[2023-01-12T08:26:22.243-0500] {logging_mixin.py:137} INFO - [2023-01-12T08:26:22.242-0500] {dag.py:2676} INFO - Sync 1 DAGs
[2023-01-12T08:26:22.293-0500] {logging_mixin.py:137} INFO - [2023-01-12T08:26:22.292-0500] {dag.py:3423} INFO - Setting next_dagrun for example_short_circuit_decorator to 2023-01-11T13:26:22.292517+00:00, run_after=2023-01-12T13:26:22.292517+00:00
[2023-01-12T08:26:22.350-0500] {processor.py:175} INFO - Processing /Library/Frameworks/Python.framework/Versions/3.9/lib/python3.9/site-packages/airflow/example_dags/example_short_circuit_decorator.py took 2.344 seconds
