[2023-01-12T06:01:59.371-0500] {processor.py:153} INFO - Started process (PID=14858) to work on /Library/Frameworks/Python.framework/Versions/3.9/lib/python3.9/site-packages/airflow/example_dags/example_skip_dag.py
[2023-01-12T06:01:59.376-0500] {processor.py:743} INFO - Processing file /Library/Frameworks/Python.framework/Versions/3.9/lib/python3.9/site-packages/airflow/example_dags/example_skip_dag.py for tasks to queue
[2023-01-12T06:01:59.377-0500] {logging_mixin.py:137} INFO - [2023-01-12T06:01:59.377-0500] {dagbag.py:538} INFO - Filling up the DagBag from /Library/Frameworks/Python.framework/Versions/3.9/lib/python3.9/site-packages/airflow/example_dags/example_skip_dag.py
[2023-01-12T06:01:59.404-0500] {processor.py:753} INFO - DAG(s) dict_keys(['example_skip_dag']) retrieved from /Library/Frameworks/Python.framework/Versions/3.9/lib/python3.9/site-packages/airflow/example_dags/example_skip_dag.py
[2023-01-12T06:02:00.005-0500] {logging_mixin.py:137} INFO - [2023-01-12T06:02:00.004-0500] {dag.py:2676} INFO - Sync 1 DAGs
[2023-01-12T06:02:00.019-0500] {logging_mixin.py:137} INFO - [2023-01-12T06:02:00.019-0500] {dag.py:3423} INFO - Setting next_dagrun for example_skip_dag to 2023-01-11T11:02:00.019278+00:00, run_after=2023-01-12T11:02:00.019278+00:00
[2023-01-12T06:02:00.044-0500] {processor.py:175} INFO - Processing /Library/Frameworks/Python.framework/Versions/3.9/lib/python3.9/site-packages/airflow/example_dags/example_skip_dag.py took 0.674 seconds
[2023-01-12T07:24:52.995-0500] {processor.py:153} INFO - Started process (PID=15040) to work on /Library/Frameworks/Python.framework/Versions/3.9/lib/python3.9/site-packages/airflow/example_dags/example_skip_dag.py
[2023-01-12T07:24:53.001-0500] {processor.py:743} INFO - Processing file /Library/Frameworks/Python.framework/Versions/3.9/lib/python3.9/site-packages/airflow/example_dags/example_skip_dag.py for tasks to queue
[2023-01-12T07:24:53.002-0500] {logging_mixin.py:137} INFO - [2023-01-12T07:24:53.001-0500] {dagbag.py:538} INFO - Filling up the DagBag from /Library/Frameworks/Python.framework/Versions/3.9/lib/python3.9/site-packages/airflow/example_dags/example_skip_dag.py
[2023-01-12T07:24:53.046-0500] {processor.py:753} INFO - DAG(s) dict_keys(['example_skip_dag']) retrieved from /Library/Frameworks/Python.framework/Versions/3.9/lib/python3.9/site-packages/airflow/example_dags/example_skip_dag.py
[2023-01-12T07:24:53.759-0500] {logging_mixin.py:137} INFO - [2023-01-12T07:24:53.758-0500] {dag.py:2676} INFO - Sync 1 DAGs
[2023-01-12T07:24:53.776-0500] {logging_mixin.py:137} INFO - [2023-01-12T07:24:53.775-0500] {dag.py:3423} INFO - Setting next_dagrun for example_skip_dag to 2023-01-11T12:24:53.775741+00:00, run_after=2023-01-12T12:24:53.775741+00:00
[2023-01-12T07:24:53.797-0500] {processor.py:175} INFO - Processing /Library/Frameworks/Python.framework/Versions/3.9/lib/python3.9/site-packages/airflow/example_dags/example_skip_dag.py took 0.802 seconds
[2023-01-12T07:26:48.240-0500] {processor.py:153} INFO - Started process (PID=15124) to work on /Library/Frameworks/Python.framework/Versions/3.9/lib/python3.9/site-packages/airflow/example_dags/example_skip_dag.py
[2023-01-12T07:26:48.245-0500] {processor.py:743} INFO - Processing file /Library/Frameworks/Python.framework/Versions/3.9/lib/python3.9/site-packages/airflow/example_dags/example_skip_dag.py for tasks to queue
[2023-01-12T07:26:48.246-0500] {logging_mixin.py:137} INFO - [2023-01-12T07:26:48.246-0500] {dagbag.py:538} INFO - Filling up the DagBag from /Library/Frameworks/Python.framework/Versions/3.9/lib/python3.9/site-packages/airflow/example_dags/example_skip_dag.py
[2023-01-12T07:26:48.274-0500] {processor.py:753} INFO - DAG(s) dict_keys(['example_skip_dag']) retrieved from /Library/Frameworks/Python.framework/Versions/3.9/lib/python3.9/site-packages/airflow/example_dags/example_skip_dag.py
[2023-01-12T07:26:48.979-0500] {logging_mixin.py:137} INFO - [2023-01-12T07:26:48.978-0500] {dag.py:2676} INFO - Sync 1 DAGs
[2023-01-12T07:26:48.995-0500] {logging_mixin.py:137} INFO - [2023-01-12T07:26:48.995-0500] {dag.py:3423} INFO - Setting next_dagrun for example_skip_dag to 2023-01-11T12:26:48.995494+00:00, run_after=2023-01-12T12:26:48.995494+00:00
[2023-01-12T07:26:49.016-0500] {processor.py:175} INFO - Processing /Library/Frameworks/Python.framework/Versions/3.9/lib/python3.9/site-packages/airflow/example_dags/example_skip_dag.py took 0.777 seconds
[2023-01-12T07:28:32.347-0500] {processor.py:153} INFO - Started process (PID=15183) to work on /Library/Frameworks/Python.framework/Versions/3.9/lib/python3.9/site-packages/airflow/example_dags/example_skip_dag.py
[2023-01-12T07:28:32.355-0500] {processor.py:743} INFO - Processing file /Library/Frameworks/Python.framework/Versions/3.9/lib/python3.9/site-packages/airflow/example_dags/example_skip_dag.py for tasks to queue
[2023-01-12T07:28:32.355-0500] {logging_mixin.py:137} INFO - [2023-01-12T07:28:32.355-0500] {dagbag.py:538} INFO - Filling up the DagBag from /Library/Frameworks/Python.framework/Versions/3.9/lib/python3.9/site-packages/airflow/example_dags/example_skip_dag.py
[2023-01-12T07:28:32.391-0500] {processor.py:753} INFO - DAG(s) dict_keys(['example_skip_dag']) retrieved from /Library/Frameworks/Python.framework/Versions/3.9/lib/python3.9/site-packages/airflow/example_dags/example_skip_dag.py
[2023-01-12T07:28:33.051-0500] {logging_mixin.py:137} INFO - [2023-01-12T07:28:33.051-0500] {dag.py:2676} INFO - Sync 1 DAGs
[2023-01-12T07:28:33.067-0500] {logging_mixin.py:137} INFO - [2023-01-12T07:28:33.067-0500] {dag.py:3423} INFO - Setting next_dagrun for example_skip_dag to 2023-01-11T12:28:33.066938+00:00, run_after=2023-01-12T12:28:33.066938+00:00
[2023-01-12T07:28:33.086-0500] {processor.py:175} INFO - Processing /Library/Frameworks/Python.framework/Versions/3.9/lib/python3.9/site-packages/airflow/example_dags/example_skip_dag.py took 0.740 seconds
[2023-01-12T07:30:21.883-0500] {processor.py:153} INFO - Started process (PID=15308) to work on /Library/Frameworks/Python.framework/Versions/3.9/lib/python3.9/site-packages/airflow/example_dags/example_skip_dag.py
[2023-01-12T07:30:21.889-0500] {processor.py:743} INFO - Processing file /Library/Frameworks/Python.framework/Versions/3.9/lib/python3.9/site-packages/airflow/example_dags/example_skip_dag.py for tasks to queue
[2023-01-12T07:30:21.890-0500] {logging_mixin.py:137} INFO - [2023-01-12T07:30:21.890-0500] {dagbag.py:538} INFO - Filling up the DagBag from /Library/Frameworks/Python.framework/Versions/3.9/lib/python3.9/site-packages/airflow/example_dags/example_skip_dag.py
[2023-01-12T07:30:21.919-0500] {processor.py:753} INFO - DAG(s) dict_keys(['example_skip_dag']) retrieved from /Library/Frameworks/Python.framework/Versions/3.9/lib/python3.9/site-packages/airflow/example_dags/example_skip_dag.py
[2023-01-12T07:30:22.547-0500] {logging_mixin.py:137} INFO - [2023-01-12T07:30:22.547-0500] {dag.py:2676} INFO - Sync 1 DAGs
[2023-01-12T07:30:22.563-0500] {logging_mixin.py:137} INFO - [2023-01-12T07:30:22.563-0500] {dag.py:3423} INFO - Setting next_dagrun for example_skip_dag to 2023-01-11T12:30:22.562884+00:00, run_after=2023-01-12T12:30:22.562884+00:00
[2023-01-12T07:30:22.584-0500] {processor.py:175} INFO - Processing /Library/Frameworks/Python.framework/Versions/3.9/lib/python3.9/site-packages/airflow/example_dags/example_skip_dag.py took 0.701 seconds
[2023-01-12T07:32:07.975-0500] {processor.py:153} INFO - Started process (PID=15454) to work on /Library/Frameworks/Python.framework/Versions/3.9/lib/python3.9/site-packages/airflow/example_dags/example_skip_dag.py
[2023-01-12T07:32:07.980-0500] {processor.py:743} INFO - Processing file /Library/Frameworks/Python.framework/Versions/3.9/lib/python3.9/site-packages/airflow/example_dags/example_skip_dag.py for tasks to queue
[2023-01-12T07:32:07.981-0500] {logging_mixin.py:137} INFO - [2023-01-12T07:32:07.981-0500] {dagbag.py:538} INFO - Filling up the DagBag from /Library/Frameworks/Python.framework/Versions/3.9/lib/python3.9/site-packages/airflow/example_dags/example_skip_dag.py
[2023-01-12T07:32:08.012-0500] {processor.py:753} INFO - DAG(s) dict_keys(['example_skip_dag']) retrieved from /Library/Frameworks/Python.framework/Versions/3.9/lib/python3.9/site-packages/airflow/example_dags/example_skip_dag.py
[2023-01-12T07:32:08.654-0500] {logging_mixin.py:137} INFO - [2023-01-12T07:32:08.653-0500] {dag.py:2676} INFO - Sync 1 DAGs
[2023-01-12T07:32:08.670-0500] {logging_mixin.py:137} INFO - [2023-01-12T07:32:08.669-0500] {dag.py:3423} INFO - Setting next_dagrun for example_skip_dag to 2023-01-11T12:32:08.669625+00:00, run_after=2023-01-12T12:32:08.669625+00:00
[2023-01-12T07:32:08.691-0500] {processor.py:175} INFO - Processing /Library/Frameworks/Python.framework/Versions/3.9/lib/python3.9/site-packages/airflow/example_dags/example_skip_dag.py took 0.716 seconds
[2023-01-12T07:33:55.563-0500] {processor.py:153} INFO - Started process (PID=15512) to work on /Library/Frameworks/Python.framework/Versions/3.9/lib/python3.9/site-packages/airflow/example_dags/example_skip_dag.py
[2023-01-12T07:33:55.569-0500] {processor.py:743} INFO - Processing file /Library/Frameworks/Python.framework/Versions/3.9/lib/python3.9/site-packages/airflow/example_dags/example_skip_dag.py for tasks to queue
[2023-01-12T07:33:55.570-0500] {logging_mixin.py:137} INFO - [2023-01-12T07:33:55.570-0500] {dagbag.py:538} INFO - Filling up the DagBag from /Library/Frameworks/Python.framework/Versions/3.9/lib/python3.9/site-packages/airflow/example_dags/example_skip_dag.py
[2023-01-12T07:33:55.602-0500] {processor.py:753} INFO - DAG(s) dict_keys(['example_skip_dag']) retrieved from /Library/Frameworks/Python.framework/Versions/3.9/lib/python3.9/site-packages/airflow/example_dags/example_skip_dag.py
[2023-01-12T07:33:56.335-0500] {logging_mixin.py:137} INFO - [2023-01-12T07:33:56.335-0500] {dag.py:2676} INFO - Sync 1 DAGs
[2023-01-12T07:33:56.352-0500] {logging_mixin.py:137} INFO - [2023-01-12T07:33:56.352-0500] {dag.py:3423} INFO - Setting next_dagrun for example_skip_dag to 2023-01-11T12:33:56.352242+00:00, run_after=2023-01-12T12:33:56.352242+00:00
[2023-01-12T07:33:56.372-0500] {processor.py:175} INFO - Processing /Library/Frameworks/Python.framework/Versions/3.9/lib/python3.9/site-packages/airflow/example_dags/example_skip_dag.py took 0.809 seconds
[2023-01-12T07:35:47.711-0500] {processor.py:153} INFO - Started process (PID=15558) to work on /Library/Frameworks/Python.framework/Versions/3.9/lib/python3.9/site-packages/airflow/example_dags/example_skip_dag.py
[2023-01-12T07:35:47.717-0500] {processor.py:743} INFO - Processing file /Library/Frameworks/Python.framework/Versions/3.9/lib/python3.9/site-packages/airflow/example_dags/example_skip_dag.py for tasks to queue
[2023-01-12T07:35:47.718-0500] {logging_mixin.py:137} INFO - [2023-01-12T07:35:47.718-0500] {dagbag.py:538} INFO - Filling up the DagBag from /Library/Frameworks/Python.framework/Versions/3.9/lib/python3.9/site-packages/airflow/example_dags/example_skip_dag.py
[2023-01-12T07:35:47.750-0500] {processor.py:753} INFO - DAG(s) dict_keys(['example_skip_dag']) retrieved from /Library/Frameworks/Python.framework/Versions/3.9/lib/python3.9/site-packages/airflow/example_dags/example_skip_dag.py
[2023-01-12T07:35:48.453-0500] {logging_mixin.py:137} INFO - [2023-01-12T07:35:48.453-0500] {dag.py:2676} INFO - Sync 1 DAGs
[2023-01-12T07:35:48.471-0500] {logging_mixin.py:137} INFO - [2023-01-12T07:35:48.471-0500] {dag.py:3423} INFO - Setting next_dagrun for example_skip_dag to 2023-01-11T12:35:48.471425+00:00, run_after=2023-01-12T12:35:48.471425+00:00
[2023-01-12T07:35:48.492-0500] {processor.py:175} INFO - Processing /Library/Frameworks/Python.framework/Versions/3.9/lib/python3.9/site-packages/airflow/example_dags/example_skip_dag.py took 0.782 seconds
[2023-01-12T07:37:29.904-0500] {processor.py:153} INFO - Started process (PID=15588) to work on /Library/Frameworks/Python.framework/Versions/3.9/lib/python3.9/site-packages/airflow/example_dags/example_skip_dag.py
[2023-01-12T07:37:29.910-0500] {processor.py:743} INFO - Processing file /Library/Frameworks/Python.framework/Versions/3.9/lib/python3.9/site-packages/airflow/example_dags/example_skip_dag.py for tasks to queue
[2023-01-12T07:37:29.911-0500] {logging_mixin.py:137} INFO - [2023-01-12T07:37:29.911-0500] {dagbag.py:538} INFO - Filling up the DagBag from /Library/Frameworks/Python.framework/Versions/3.9/lib/python3.9/site-packages/airflow/example_dags/example_skip_dag.py
[2023-01-12T07:37:29.941-0500] {processor.py:753} INFO - DAG(s) dict_keys(['example_skip_dag']) retrieved from /Library/Frameworks/Python.framework/Versions/3.9/lib/python3.9/site-packages/airflow/example_dags/example_skip_dag.py
[2023-01-12T07:37:30.688-0500] {logging_mixin.py:137} INFO - [2023-01-12T07:37:30.688-0500] {dag.py:2676} INFO - Sync 1 DAGs
[2023-01-12T07:37:30.705-0500] {logging_mixin.py:137} INFO - [2023-01-12T07:37:30.705-0500] {dag.py:3423} INFO - Setting next_dagrun for example_skip_dag to 2023-01-11T12:37:30.705630+00:00, run_after=2023-01-12T12:37:30.705630+00:00
[2023-01-12T07:37:30.733-0500] {processor.py:175} INFO - Processing /Library/Frameworks/Python.framework/Versions/3.9/lib/python3.9/site-packages/airflow/example_dags/example_skip_dag.py took 0.830 seconds
[2023-01-12T07:39:24.952-0500] {processor.py:153} INFO - Started process (PID=15667) to work on /Library/Frameworks/Python.framework/Versions/3.9/lib/python3.9/site-packages/airflow/example_dags/example_skip_dag.py
[2023-01-12T07:39:24.970-0500] {processor.py:743} INFO - Processing file /Library/Frameworks/Python.framework/Versions/3.9/lib/python3.9/site-packages/airflow/example_dags/example_skip_dag.py for tasks to queue
[2023-01-12T07:39:24.971-0500] {logging_mixin.py:137} INFO - [2023-01-12T07:39:24.971-0500] {dagbag.py:538} INFO - Filling up the DagBag from /Library/Frameworks/Python.framework/Versions/3.9/lib/python3.9/site-packages/airflow/example_dags/example_skip_dag.py
[2023-01-12T07:39:25.040-0500] {processor.py:753} INFO - DAG(s) dict_keys(['example_skip_dag']) retrieved from /Library/Frameworks/Python.framework/Versions/3.9/lib/python3.9/site-packages/airflow/example_dags/example_skip_dag.py
[2023-01-12T07:39:26.248-0500] {logging_mixin.py:137} INFO - [2023-01-12T07:39:26.248-0500] {dag.py:2676} INFO - Sync 1 DAGs
[2023-01-12T07:39:26.273-0500] {logging_mixin.py:137} INFO - [2023-01-12T07:39:26.272-0500] {dag.py:3423} INFO - Setting next_dagrun for example_skip_dag to 2023-01-11T12:39:26.272658+00:00, run_after=2023-01-12T12:39:26.272658+00:00
[2023-01-12T07:39:26.299-0500] {processor.py:175} INFO - Processing /Library/Frameworks/Python.framework/Versions/3.9/lib/python3.9/site-packages/airflow/example_dags/example_skip_dag.py took 1.348 seconds
[2023-01-12T07:41:23.819-0500] {processor.py:153} INFO - Started process (PID=15758) to work on /Library/Frameworks/Python.framework/Versions/3.9/lib/python3.9/site-packages/airflow/example_dags/example_skip_dag.py
[2023-01-12T07:41:23.827-0500] {processor.py:743} INFO - Processing file /Library/Frameworks/Python.framework/Versions/3.9/lib/python3.9/site-packages/airflow/example_dags/example_skip_dag.py for tasks to queue
[2023-01-12T07:41:23.827-0500] {logging_mixin.py:137} INFO - [2023-01-12T07:41:23.827-0500] {dagbag.py:538} INFO - Filling up the DagBag from /Library/Frameworks/Python.framework/Versions/3.9/lib/python3.9/site-packages/airflow/example_dags/example_skip_dag.py
[2023-01-12T07:41:23.862-0500] {processor.py:753} INFO - DAG(s) dict_keys(['example_skip_dag']) retrieved from /Library/Frameworks/Python.framework/Versions/3.9/lib/python3.9/site-packages/airflow/example_dags/example_skip_dag.py
[2023-01-12T07:41:24.638-0500] {logging_mixin.py:137} INFO - [2023-01-12T07:41:24.638-0500] {dag.py:2676} INFO - Sync 1 DAGs
[2023-01-12T07:41:24.676-0500] {logging_mixin.py:137} INFO - [2023-01-12T07:41:24.675-0500] {dag.py:3423} INFO - Setting next_dagrun for example_skip_dag to 2023-01-11T12:41:24.675692+00:00, run_after=2023-01-12T12:41:24.675692+00:00
[2023-01-12T07:41:24.704-0500] {processor.py:175} INFO - Processing /Library/Frameworks/Python.framework/Versions/3.9/lib/python3.9/site-packages/airflow/example_dags/example_skip_dag.py took 0.885 seconds
[2023-01-12T07:43:27.674-0500] {processor.py:153} INFO - Started process (PID=15804) to work on /Library/Frameworks/Python.framework/Versions/3.9/lib/python3.9/site-packages/airflow/example_dags/example_skip_dag.py
[2023-01-12T07:43:27.682-0500] {processor.py:743} INFO - Processing file /Library/Frameworks/Python.framework/Versions/3.9/lib/python3.9/site-packages/airflow/example_dags/example_skip_dag.py for tasks to queue
[2023-01-12T07:43:27.682-0500] {logging_mixin.py:137} INFO - [2023-01-12T07:43:27.682-0500] {dagbag.py:538} INFO - Filling up the DagBag from /Library/Frameworks/Python.framework/Versions/3.9/lib/python3.9/site-packages/airflow/example_dags/example_skip_dag.py
[2023-01-12T07:43:27.721-0500] {processor.py:753} INFO - DAG(s) dict_keys(['example_skip_dag']) retrieved from /Library/Frameworks/Python.framework/Versions/3.9/lib/python3.9/site-packages/airflow/example_dags/example_skip_dag.py
[2023-01-12T07:43:28.607-0500] {logging_mixin.py:137} INFO - [2023-01-12T07:43:28.606-0500] {dag.py:2676} INFO - Sync 1 DAGs
[2023-01-12T07:43:28.629-0500] {logging_mixin.py:137} INFO - [2023-01-12T07:43:28.629-0500] {dag.py:3423} INFO - Setting next_dagrun for example_skip_dag to 2023-01-11T12:43:28.629519+00:00, run_after=2023-01-12T12:43:28.629519+00:00
[2023-01-12T07:43:28.656-0500] {processor.py:175} INFO - Processing /Library/Frameworks/Python.framework/Versions/3.9/lib/python3.9/site-packages/airflow/example_dags/example_skip_dag.py took 0.983 seconds
[2023-01-12T07:45:28.663-0500] {processor.py:153} INFO - Started process (PID=15868) to work on /Library/Frameworks/Python.framework/Versions/3.9/lib/python3.9/site-packages/airflow/example_dags/example_skip_dag.py
[2023-01-12T07:45:28.669-0500] {processor.py:743} INFO - Processing file /Library/Frameworks/Python.framework/Versions/3.9/lib/python3.9/site-packages/airflow/example_dags/example_skip_dag.py for tasks to queue
[2023-01-12T07:45:28.670-0500] {logging_mixin.py:137} INFO - [2023-01-12T07:45:28.669-0500] {dagbag.py:538} INFO - Filling up the DagBag from /Library/Frameworks/Python.framework/Versions/3.9/lib/python3.9/site-packages/airflow/example_dags/example_skip_dag.py
[2023-01-12T07:45:28.701-0500] {processor.py:753} INFO - DAG(s) dict_keys(['example_skip_dag']) retrieved from /Library/Frameworks/Python.framework/Versions/3.9/lib/python3.9/site-packages/airflow/example_dags/example_skip_dag.py
[2023-01-12T07:45:29.345-0500] {logging_mixin.py:137} INFO - [2023-01-12T07:45:29.345-0500] {dag.py:2676} INFO - Sync 1 DAGs
[2023-01-12T07:45:29.362-0500] {logging_mixin.py:137} INFO - [2023-01-12T07:45:29.361-0500] {dag.py:3423} INFO - Setting next_dagrun for example_skip_dag to 2023-01-11T12:45:29.361799+00:00, run_after=2023-01-12T12:45:29.361799+00:00
[2023-01-12T07:45:29.382-0500] {processor.py:175} INFO - Processing /Library/Frameworks/Python.framework/Versions/3.9/lib/python3.9/site-packages/airflow/example_dags/example_skip_dag.py took 0.720 seconds
[2023-01-12T07:47:20.925-0500] {processor.py:153} INFO - Started process (PID=15930) to work on /Library/Frameworks/Python.framework/Versions/3.9/lib/python3.9/site-packages/airflow/example_dags/example_skip_dag.py
[2023-01-12T07:47:20.931-0500] {processor.py:743} INFO - Processing file /Library/Frameworks/Python.framework/Versions/3.9/lib/python3.9/site-packages/airflow/example_dags/example_skip_dag.py for tasks to queue
[2023-01-12T07:47:20.931-0500] {logging_mixin.py:137} INFO - [2023-01-12T07:47:20.931-0500] {dagbag.py:538} INFO - Filling up the DagBag from /Library/Frameworks/Python.framework/Versions/3.9/lib/python3.9/site-packages/airflow/example_dags/example_skip_dag.py
[2023-01-12T07:47:20.958-0500] {processor.py:753} INFO - DAG(s) dict_keys(['example_skip_dag']) retrieved from /Library/Frameworks/Python.framework/Versions/3.9/lib/python3.9/site-packages/airflow/example_dags/example_skip_dag.py
[2023-01-12T07:47:21.561-0500] {logging_mixin.py:137} INFO - [2023-01-12T07:47:21.561-0500] {dag.py:2676} INFO - Sync 1 DAGs
[2023-01-12T07:47:21.577-0500] {logging_mixin.py:137} INFO - [2023-01-12T07:47:21.577-0500] {dag.py:3423} INFO - Setting next_dagrun for example_skip_dag to 2023-01-11T12:47:21.577350+00:00, run_after=2023-01-12T12:47:21.577350+00:00
[2023-01-12T07:47:21.596-0500] {processor.py:175} INFO - Processing /Library/Frameworks/Python.framework/Versions/3.9/lib/python3.9/site-packages/airflow/example_dags/example_skip_dag.py took 0.672 seconds
[2023-01-12T07:49:08.651-0500] {processor.py:153} INFO - Started process (PID=15969) to work on /Library/Frameworks/Python.framework/Versions/3.9/lib/python3.9/site-packages/airflow/example_dags/example_skip_dag.py
[2023-01-12T07:49:08.657-0500] {processor.py:743} INFO - Processing file /Library/Frameworks/Python.framework/Versions/3.9/lib/python3.9/site-packages/airflow/example_dags/example_skip_dag.py for tasks to queue
[2023-01-12T07:49:08.658-0500] {logging_mixin.py:137} INFO - [2023-01-12T07:49:08.657-0500] {dagbag.py:538} INFO - Filling up the DagBag from /Library/Frameworks/Python.framework/Versions/3.9/lib/python3.9/site-packages/airflow/example_dags/example_skip_dag.py
[2023-01-12T07:49:08.689-0500] {processor.py:753} INFO - DAG(s) dict_keys(['example_skip_dag']) retrieved from /Library/Frameworks/Python.framework/Versions/3.9/lib/python3.9/site-packages/airflow/example_dags/example_skip_dag.py
[2023-01-12T07:49:09.885-0500] {logging_mixin.py:137} INFO - [2023-01-12T07:49:09.885-0500] {dag.py:2676} INFO - Sync 1 DAGs
[2023-01-12T07:49:09.903-0500] {logging_mixin.py:137} INFO - [2023-01-12T07:49:09.903-0500] {dag.py:3423} INFO - Setting next_dagrun for example_skip_dag to 2023-01-11T12:49:09.903544+00:00, run_after=2023-01-12T12:49:09.903544+00:00
[2023-01-12T07:49:09.925-0500] {processor.py:175} INFO - Processing /Library/Frameworks/Python.framework/Versions/3.9/lib/python3.9/site-packages/airflow/example_dags/example_skip_dag.py took 1.276 seconds
[2023-01-12T07:51:16.447-0500] {processor.py:153} INFO - Started process (PID=16093) to work on /Library/Frameworks/Python.framework/Versions/3.9/lib/python3.9/site-packages/airflow/example_dags/example_skip_dag.py
[2023-01-12T07:51:16.454-0500] {processor.py:743} INFO - Processing file /Library/Frameworks/Python.framework/Versions/3.9/lib/python3.9/site-packages/airflow/example_dags/example_skip_dag.py for tasks to queue
[2023-01-12T07:51:16.454-0500] {logging_mixin.py:137} INFO - [2023-01-12T07:51:16.454-0500] {dagbag.py:538} INFO - Filling up the DagBag from /Library/Frameworks/Python.framework/Versions/3.9/lib/python3.9/site-packages/airflow/example_dags/example_skip_dag.py
[2023-01-12T07:51:16.485-0500] {processor.py:753} INFO - DAG(s) dict_keys(['example_skip_dag']) retrieved from /Library/Frameworks/Python.framework/Versions/3.9/lib/python3.9/site-packages/airflow/example_dags/example_skip_dag.py
[2023-01-12T07:51:17.165-0500] {logging_mixin.py:137} INFO - [2023-01-12T07:51:17.165-0500] {dag.py:2676} INFO - Sync 1 DAGs
[2023-01-12T07:51:17.182-0500] {logging_mixin.py:137} INFO - [2023-01-12T07:51:17.182-0500] {dag.py:3423} INFO - Setting next_dagrun for example_skip_dag to 2023-01-11T12:51:17.181928+00:00, run_after=2023-01-12T12:51:17.181928+00:00
[2023-01-12T07:51:17.202-0500] {processor.py:175} INFO - Processing /Library/Frameworks/Python.framework/Versions/3.9/lib/python3.9/site-packages/airflow/example_dags/example_skip_dag.py took 0.755 seconds
[2023-01-12T07:53:18.495-0500] {processor.py:153} INFO - Started process (PID=16135) to work on /Library/Frameworks/Python.framework/Versions/3.9/lib/python3.9/site-packages/airflow/example_dags/example_skip_dag.py
[2023-01-12T07:53:18.501-0500] {processor.py:743} INFO - Processing file /Library/Frameworks/Python.framework/Versions/3.9/lib/python3.9/site-packages/airflow/example_dags/example_skip_dag.py for tasks to queue
[2023-01-12T07:53:18.502-0500] {logging_mixin.py:137} INFO - [2023-01-12T07:53:18.502-0500] {dagbag.py:538} INFO - Filling up the DagBag from /Library/Frameworks/Python.framework/Versions/3.9/lib/python3.9/site-packages/airflow/example_dags/example_skip_dag.py
[2023-01-12T07:53:18.529-0500] {processor.py:753} INFO - DAG(s) dict_keys(['example_skip_dag']) retrieved from /Library/Frameworks/Python.framework/Versions/3.9/lib/python3.9/site-packages/airflow/example_dags/example_skip_dag.py
[2023-01-12T07:53:19.155-0500] {logging_mixin.py:137} INFO - [2023-01-12T07:53:19.155-0500] {dag.py:2676} INFO - Sync 1 DAGs
[2023-01-12T07:53:19.171-0500] {logging_mixin.py:137} INFO - [2023-01-12T07:53:19.171-0500] {dag.py:3423} INFO - Setting next_dagrun for example_skip_dag to 2023-01-11T12:53:19.171251+00:00, run_after=2023-01-12T12:53:19.171251+00:00
[2023-01-12T07:53:19.189-0500] {processor.py:175} INFO - Processing /Library/Frameworks/Python.framework/Versions/3.9/lib/python3.9/site-packages/airflow/example_dags/example_skip_dag.py took 0.695 seconds
[2023-01-12T07:55:09.797-0500] {processor.py:153} INFO - Started process (PID=16171) to work on /Library/Frameworks/Python.framework/Versions/3.9/lib/python3.9/site-packages/airflow/example_dags/example_skip_dag.py
[2023-01-12T07:55:09.803-0500] {processor.py:743} INFO - Processing file /Library/Frameworks/Python.framework/Versions/3.9/lib/python3.9/site-packages/airflow/example_dags/example_skip_dag.py for tasks to queue
[2023-01-12T07:55:09.804-0500] {logging_mixin.py:137} INFO - [2023-01-12T07:55:09.804-0500] {dagbag.py:538} INFO - Filling up the DagBag from /Library/Frameworks/Python.framework/Versions/3.9/lib/python3.9/site-packages/airflow/example_dags/example_skip_dag.py
[2023-01-12T07:55:09.837-0500] {processor.py:753} INFO - DAG(s) dict_keys(['example_skip_dag']) retrieved from /Library/Frameworks/Python.framework/Versions/3.9/lib/python3.9/site-packages/airflow/example_dags/example_skip_dag.py
[2023-01-12T07:55:10.559-0500] {logging_mixin.py:137} INFO - [2023-01-12T07:55:10.559-0500] {dag.py:2676} INFO - Sync 1 DAGs
[2023-01-12T07:55:10.577-0500] {logging_mixin.py:137} INFO - [2023-01-12T07:55:10.577-0500] {dag.py:3423} INFO - Setting next_dagrun for example_skip_dag to 2023-01-11T12:55:10.577510+00:00, run_after=2023-01-12T12:55:10.577510+00:00
[2023-01-12T07:55:10.600-0500] {processor.py:175} INFO - Processing /Library/Frameworks/Python.framework/Versions/3.9/lib/python3.9/site-packages/airflow/example_dags/example_skip_dag.py took 0.804 seconds
[2023-01-12T07:57:19.651-0500] {processor.py:153} INFO - Started process (PID=16219) to work on /Library/Frameworks/Python.framework/Versions/3.9/lib/python3.9/site-packages/airflow/example_dags/example_skip_dag.py
[2023-01-12T07:57:19.658-0500] {processor.py:743} INFO - Processing file /Library/Frameworks/Python.framework/Versions/3.9/lib/python3.9/site-packages/airflow/example_dags/example_skip_dag.py for tasks to queue
[2023-01-12T07:57:19.659-0500] {logging_mixin.py:137} INFO - [2023-01-12T07:57:19.659-0500] {dagbag.py:538} INFO - Filling up the DagBag from /Library/Frameworks/Python.framework/Versions/3.9/lib/python3.9/site-packages/airflow/example_dags/example_skip_dag.py
[2023-01-12T07:57:19.695-0500] {processor.py:753} INFO - DAG(s) dict_keys(['example_skip_dag']) retrieved from /Library/Frameworks/Python.framework/Versions/3.9/lib/python3.9/site-packages/airflow/example_dags/example_skip_dag.py
[2023-01-12T07:57:20.540-0500] {logging_mixin.py:137} INFO - [2023-01-12T07:57:20.539-0500] {dag.py:2676} INFO - Sync 1 DAGs
[2023-01-12T07:57:20.561-0500] {logging_mixin.py:137} INFO - [2023-01-12T07:57:20.560-0500] {dag.py:3423} INFO - Setting next_dagrun for example_skip_dag to 2023-01-11T12:57:20.560669+00:00, run_after=2023-01-12T12:57:20.560669+00:00
[2023-01-12T07:57:20.587-0500] {processor.py:175} INFO - Processing /Library/Frameworks/Python.framework/Versions/3.9/lib/python3.9/site-packages/airflow/example_dags/example_skip_dag.py took 0.937 seconds
[2023-01-12T07:59:12.273-0500] {processor.py:153} INFO - Started process (PID=16374) to work on /Library/Frameworks/Python.framework/Versions/3.9/lib/python3.9/site-packages/airflow/example_dags/example_skip_dag.py
[2023-01-12T07:59:12.280-0500] {processor.py:743} INFO - Processing file /Library/Frameworks/Python.framework/Versions/3.9/lib/python3.9/site-packages/airflow/example_dags/example_skip_dag.py for tasks to queue
[2023-01-12T07:59:12.280-0500] {logging_mixin.py:137} INFO - [2023-01-12T07:59:12.280-0500] {dagbag.py:538} INFO - Filling up the DagBag from /Library/Frameworks/Python.framework/Versions/3.9/lib/python3.9/site-packages/airflow/example_dags/example_skip_dag.py
[2023-01-12T07:59:12.314-0500] {processor.py:753} INFO - DAG(s) dict_keys(['example_skip_dag']) retrieved from /Library/Frameworks/Python.framework/Versions/3.9/lib/python3.9/site-packages/airflow/example_dags/example_skip_dag.py
[2023-01-12T07:59:13.052-0500] {logging_mixin.py:137} INFO - [2023-01-12T07:59:13.052-0500] {dag.py:2676} INFO - Sync 1 DAGs
[2023-01-12T07:59:13.071-0500] {logging_mixin.py:137} INFO - [2023-01-12T07:59:13.070-0500] {dag.py:3423} INFO - Setting next_dagrun for example_skip_dag to 2023-01-11T12:59:13.070783+00:00, run_after=2023-01-12T12:59:13.070783+00:00
[2023-01-12T07:59:13.092-0500] {processor.py:175} INFO - Processing /Library/Frameworks/Python.framework/Versions/3.9/lib/python3.9/site-packages/airflow/example_dags/example_skip_dag.py took 0.821 seconds
[2023-01-12T08:01:02.723-0500] {processor.py:153} INFO - Started process (PID=16480) to work on /Library/Frameworks/Python.framework/Versions/3.9/lib/python3.9/site-packages/airflow/example_dags/example_skip_dag.py
[2023-01-12T08:01:02.733-0500] {processor.py:743} INFO - Processing file /Library/Frameworks/Python.framework/Versions/3.9/lib/python3.9/site-packages/airflow/example_dags/example_skip_dag.py for tasks to queue
[2023-01-12T08:01:02.733-0500] {logging_mixin.py:137} INFO - [2023-01-12T08:01:02.733-0500] {dagbag.py:538} INFO - Filling up the DagBag from /Library/Frameworks/Python.framework/Versions/3.9/lib/python3.9/site-packages/airflow/example_dags/example_skip_dag.py
[2023-01-12T08:01:02.788-0500] {processor.py:753} INFO - DAG(s) dict_keys(['example_skip_dag']) retrieved from /Library/Frameworks/Python.framework/Versions/3.9/lib/python3.9/site-packages/airflow/example_dags/example_skip_dag.py
[2023-01-12T08:01:04.099-0500] {logging_mixin.py:137} INFO - [2023-01-12T08:01:04.099-0500] {dag.py:2676} INFO - Sync 1 DAGs
[2023-01-12T08:01:04.131-0500] {logging_mixin.py:137} INFO - [2023-01-12T08:01:04.130-0500] {dag.py:3423} INFO - Setting next_dagrun for example_skip_dag to 2023-01-11T13:01:04.130748+00:00, run_after=2023-01-12T13:01:04.130748+00:00
[2023-01-12T08:01:04.166-0500] {processor.py:175} INFO - Processing /Library/Frameworks/Python.framework/Versions/3.9/lib/python3.9/site-packages/airflow/example_dags/example_skip_dag.py took 1.444 seconds
[2023-01-12T08:05:03.486-0500] {processor.py:153} INFO - Started process (PID=16597) to work on /Library/Frameworks/Python.framework/Versions/3.9/lib/python3.9/site-packages/airflow/example_dags/example_skip_dag.py
[2023-01-12T08:05:03.496-0500] {processor.py:743} INFO - Processing file /Library/Frameworks/Python.framework/Versions/3.9/lib/python3.9/site-packages/airflow/example_dags/example_skip_dag.py for tasks to queue
[2023-01-12T08:05:03.497-0500] {logging_mixin.py:137} INFO - [2023-01-12T08:05:03.497-0500] {dagbag.py:538} INFO - Filling up the DagBag from /Library/Frameworks/Python.framework/Versions/3.9/lib/python3.9/site-packages/airflow/example_dags/example_skip_dag.py
[2023-01-12T08:05:03.553-0500] {processor.py:753} INFO - DAG(s) dict_keys(['example_skip_dag']) retrieved from /Library/Frameworks/Python.framework/Versions/3.9/lib/python3.9/site-packages/airflow/example_dags/example_skip_dag.py
[2023-01-12T08:05:04.703-0500] {logging_mixin.py:137} INFO - [2023-01-12T08:05:04.702-0500] {dag.py:2676} INFO - Sync 1 DAGs
[2023-01-12T08:05:04.732-0500] {logging_mixin.py:137} INFO - [2023-01-12T08:05:04.732-0500] {dag.py:3423} INFO - Setting next_dagrun for example_skip_dag to 2023-01-11T13:05:04.732473+00:00, run_after=2023-01-12T13:05:04.732473+00:00
[2023-01-12T08:05:04.767-0500] {processor.py:175} INFO - Processing /Library/Frameworks/Python.framework/Versions/3.9/lib/python3.9/site-packages/airflow/example_dags/example_skip_dag.py took 1.283 seconds
[2023-01-12T08:09:23.107-0500] {processor.py:153} INFO - Started process (PID=16694) to work on /Library/Frameworks/Python.framework/Versions/3.9/lib/python3.9/site-packages/airflow/example_dags/example_skip_dag.py
[2023-01-12T08:09:23.117-0500] {processor.py:743} INFO - Processing file /Library/Frameworks/Python.framework/Versions/3.9/lib/python3.9/site-packages/airflow/example_dags/example_skip_dag.py for tasks to queue
[2023-01-12T08:09:23.121-0500] {logging_mixin.py:137} INFO - [2023-01-12T08:09:23.120-0500] {dagbag.py:538} INFO - Filling up the DagBag from /Library/Frameworks/Python.framework/Versions/3.9/lib/python3.9/site-packages/airflow/example_dags/example_skip_dag.py
[2023-01-12T08:09:23.171-0500] {processor.py:753} INFO - DAG(s) dict_keys(['example_skip_dag']) retrieved from /Library/Frameworks/Python.framework/Versions/3.9/lib/python3.9/site-packages/airflow/example_dags/example_skip_dag.py
[2023-01-12T08:09:24.333-0500] {logging_mixin.py:137} INFO - [2023-01-12T08:09:24.333-0500] {dag.py:2676} INFO - Sync 1 DAGs
[2023-01-12T08:09:24.363-0500] {logging_mixin.py:137} INFO - [2023-01-12T08:09:24.363-0500] {dag.py:3423} INFO - Setting next_dagrun for example_skip_dag to 2023-01-11T13:09:24.362966+00:00, run_after=2023-01-12T13:09:24.362966+00:00
[2023-01-12T08:09:24.399-0500] {processor.py:175} INFO - Processing /Library/Frameworks/Python.framework/Versions/3.9/lib/python3.9/site-packages/airflow/example_dags/example_skip_dag.py took 1.293 seconds
[2023-01-12T08:17:38.341-0500] {processor.py:153} INFO - Started process (PID=17137) to work on /Library/Frameworks/Python.framework/Versions/3.9/lib/python3.9/site-packages/airflow/example_dags/example_skip_dag.py
[2023-01-12T08:17:38.350-0500] {processor.py:743} INFO - Processing file /Library/Frameworks/Python.framework/Versions/3.9/lib/python3.9/site-packages/airflow/example_dags/example_skip_dag.py for tasks to queue
[2023-01-12T08:17:38.352-0500] {logging_mixin.py:137} INFO - [2023-01-12T08:17:38.351-0500] {dagbag.py:538} INFO - Filling up the DagBag from /Library/Frameworks/Python.framework/Versions/3.9/lib/python3.9/site-packages/airflow/example_dags/example_skip_dag.py
[2023-01-12T08:17:38.424-0500] {processor.py:753} INFO - DAG(s) dict_keys(['example_skip_dag']) retrieved from /Library/Frameworks/Python.framework/Versions/3.9/lib/python3.9/site-packages/airflow/example_dags/example_skip_dag.py
[2023-01-12T08:17:39.462-0500] {logging_mixin.py:137} INFO - [2023-01-12T08:17:39.462-0500] {dag.py:2676} INFO - Sync 1 DAGs
[2023-01-12T08:17:39.489-0500] {logging_mixin.py:137} INFO - [2023-01-12T08:17:39.489-0500] {dag.py:3423} INFO - Setting next_dagrun for example_skip_dag to 2023-01-11T13:17:39.489323+00:00, run_after=2023-01-12T13:17:39.489323+00:00
[2023-01-12T08:17:39.522-0500] {processor.py:175} INFO - Processing /Library/Frameworks/Python.framework/Versions/3.9/lib/python3.9/site-packages/airflow/example_dags/example_skip_dag.py took 1.183 seconds
[2023-01-12T08:25:28.750-0500] {processor.py:153} INFO - Started process (PID=17419) to work on /Library/Frameworks/Python.framework/Versions/3.9/lib/python3.9/site-packages/airflow/example_dags/example_skip_dag.py
[2023-01-12T08:25:28.760-0500] {processor.py:743} INFO - Processing file /Library/Frameworks/Python.framework/Versions/3.9/lib/python3.9/site-packages/airflow/example_dags/example_skip_dag.py for tasks to queue
[2023-01-12T08:25:28.761-0500] {logging_mixin.py:137} INFO - [2023-01-12T08:25:28.760-0500] {dagbag.py:538} INFO - Filling up the DagBag from /Library/Frameworks/Python.framework/Versions/3.9/lib/python3.9/site-packages/airflow/example_dags/example_skip_dag.py
[2023-01-12T08:25:28.827-0500] {processor.py:753} INFO - DAG(s) dict_keys(['example_skip_dag']) retrieved from /Library/Frameworks/Python.framework/Versions/3.9/lib/python3.9/site-packages/airflow/example_dags/example_skip_dag.py
[2023-01-12T08:25:30.008-0500] {logging_mixin.py:137} INFO - [2023-01-12T08:25:30.007-0500] {dag.py:2676} INFO - Sync 1 DAGs
[2023-01-12T08:25:30.036-0500] {logging_mixin.py:137} INFO - [2023-01-12T08:25:30.035-0500] {dag.py:3423} INFO - Setting next_dagrun for example_skip_dag to 2023-01-11T13:25:30.035566+00:00, run_after=2023-01-12T13:25:30.035566+00:00
[2023-01-12T08:25:30.068-0500] {processor.py:175} INFO - Processing /Library/Frameworks/Python.framework/Versions/3.9/lib/python3.9/site-packages/airflow/example_dags/example_skip_dag.py took 1.319 seconds
