[2023-01-12T07:23:17.693-0500] {processor.py:153} INFO - Started process (PID=14951) to work on /Library/Frameworks/Python.framework/Versions/3.9/lib/python3.9/site-packages/airflow/example_dags/example_latest_only_with_trigger.py
[2023-01-12T07:23:17.698-0500] {processor.py:743} INFO - Processing file /Library/Frameworks/Python.framework/Versions/3.9/lib/python3.9/site-packages/airflow/example_dags/example_latest_only_with_trigger.py for tasks to queue
[2023-01-12T07:23:17.699-0500] {logging_mixin.py:137} INFO - [2023-01-12T07:23:17.699-0500] {dagbag.py:538} INFO - Filling up the DagBag from /Library/Frameworks/Python.framework/Versions/3.9/lib/python3.9/site-packages/airflow/example_dags/example_latest_only_with_trigger.py
[2023-01-12T07:23:17.733-0500] {processor.py:753} INFO - DAG(s) dict_keys(['latest_only_with_trigger']) retrieved from /Library/Frameworks/Python.framework/Versions/3.9/lib/python3.9/site-packages/airflow/example_dags/example_latest_only_with_trigger.py
[2023-01-12T07:23:18.383-0500] {logging_mixin.py:137} INFO - [2023-01-12T07:23:18.383-0500] {dag.py:2676} INFO - Sync 1 DAGs
[2023-01-12T07:23:18.399-0500] {logging_mixin.py:137} INFO - [2023-01-12T07:23:18.399-0500] {dag.py:3423} INFO - Setting next_dagrun for latest_only_with_trigger to 2023-01-12T08:23:18.398938+00:00, run_after=2023-01-12T12:23:18.398938+00:00
[2023-01-12T07:23:18.419-0500] {processor.py:175} INFO - Processing /Library/Frameworks/Python.framework/Versions/3.9/lib/python3.9/site-packages/airflow/example_dags/example_latest_only_with_trigger.py took 0.727 seconds
[2023-01-12T07:25:24.123-0500] {processor.py:153} INFO - Started process (PID=15055) to work on /Library/Frameworks/Python.framework/Versions/3.9/lib/python3.9/site-packages/airflow/example_dags/example_latest_only_with_trigger.py
[2023-01-12T07:25:24.128-0500] {processor.py:743} INFO - Processing file /Library/Frameworks/Python.framework/Versions/3.9/lib/python3.9/site-packages/airflow/example_dags/example_latest_only_with_trigger.py for tasks to queue
[2023-01-12T07:25:24.129-0500] {logging_mixin.py:137} INFO - [2023-01-12T07:25:24.129-0500] {dagbag.py:538} INFO - Filling up the DagBag from /Library/Frameworks/Python.framework/Versions/3.9/lib/python3.9/site-packages/airflow/example_dags/example_latest_only_with_trigger.py
[2023-01-12T07:25:24.157-0500] {processor.py:753} INFO - DAG(s) dict_keys(['latest_only_with_trigger']) retrieved from /Library/Frameworks/Python.framework/Versions/3.9/lib/python3.9/site-packages/airflow/example_dags/example_latest_only_with_trigger.py
[2023-01-12T07:25:24.766-0500] {logging_mixin.py:137} INFO - [2023-01-12T07:25:24.765-0500] {dag.py:2676} INFO - Sync 1 DAGs
[2023-01-12T07:25:24.781-0500] {logging_mixin.py:137} INFO - [2023-01-12T07:25:24.781-0500] {dag.py:3423} INFO - Setting next_dagrun for latest_only_with_trigger to 2023-01-12T08:25:24.781464+00:00, run_after=2023-01-12T12:25:24.781464+00:00
[2023-01-12T07:25:24.801-0500] {processor.py:175} INFO - Processing /Library/Frameworks/Python.framework/Versions/3.9/lib/python3.9/site-packages/airflow/example_dags/example_latest_only_with_trigger.py took 0.679 seconds
[2023-01-12T07:28:56.323-0500] {processor.py:153} INFO - Started process (PID=15195) to work on /Library/Frameworks/Python.framework/Versions/3.9/lib/python3.9/site-packages/airflow/example_dags/example_latest_only_with_trigger.py
[2023-01-12T07:28:56.329-0500] {processor.py:743} INFO - Processing file /Library/Frameworks/Python.framework/Versions/3.9/lib/python3.9/site-packages/airflow/example_dags/example_latest_only_with_trigger.py for tasks to queue
[2023-01-12T07:28:56.329-0500] {logging_mixin.py:137} INFO - [2023-01-12T07:28:56.329-0500] {dagbag.py:538} INFO - Filling up the DagBag from /Library/Frameworks/Python.framework/Versions/3.9/lib/python3.9/site-packages/airflow/example_dags/example_latest_only_with_trigger.py
[2023-01-12T07:28:56.361-0500] {processor.py:753} INFO - DAG(s) dict_keys(['latest_only_with_trigger']) retrieved from /Library/Frameworks/Python.framework/Versions/3.9/lib/python3.9/site-packages/airflow/example_dags/example_latest_only_with_trigger.py
[2023-01-12T07:28:57.012-0500] {logging_mixin.py:137} INFO - [2023-01-12T07:28:57.012-0500] {dag.py:2676} INFO - Sync 1 DAGs
[2023-01-12T07:28:57.028-0500] {logging_mixin.py:137} INFO - [2023-01-12T07:28:57.028-0500] {dag.py:3423} INFO - Setting next_dagrun for latest_only_with_trigger to 2023-01-12T08:28:57.027873+00:00, run_after=2023-01-12T12:28:57.027873+00:00
[2023-01-12T07:28:57.047-0500] {processor.py:175} INFO - Processing /Library/Frameworks/Python.framework/Versions/3.9/lib/python3.9/site-packages/airflow/example_dags/example_latest_only_with_trigger.py took 0.725 seconds
[2023-01-12T07:32:35.620-0500] {processor.py:153} INFO - Started process (PID=15467) to work on /Library/Frameworks/Python.framework/Versions/3.9/lib/python3.9/site-packages/airflow/example_dags/example_latest_only_with_trigger.py
[2023-01-12T07:32:35.626-0500] {processor.py:743} INFO - Processing file /Library/Frameworks/Python.framework/Versions/3.9/lib/python3.9/site-packages/airflow/example_dags/example_latest_only_with_trigger.py for tasks to queue
[2023-01-12T07:32:35.627-0500] {logging_mixin.py:137} INFO - [2023-01-12T07:32:35.626-0500] {dagbag.py:538} INFO - Filling up the DagBag from /Library/Frameworks/Python.framework/Versions/3.9/lib/python3.9/site-packages/airflow/example_dags/example_latest_only_with_trigger.py
[2023-01-12T07:32:35.658-0500] {processor.py:753} INFO - DAG(s) dict_keys(['latest_only_with_trigger']) retrieved from /Library/Frameworks/Python.framework/Versions/3.9/lib/python3.9/site-packages/airflow/example_dags/example_latest_only_with_trigger.py
[2023-01-12T07:32:36.299-0500] {logging_mixin.py:137} INFO - [2023-01-12T07:32:36.299-0500] {dag.py:2676} INFO - Sync 1 DAGs
[2023-01-12T07:32:36.316-0500] {logging_mixin.py:137} INFO - [2023-01-12T07:32:36.315-0500] {dag.py:3423} INFO - Setting next_dagrun for latest_only_with_trigger to 2023-01-12T08:32:36.315673+00:00, run_after=2023-01-12T12:32:36.315673+00:00
[2023-01-12T07:32:36.336-0500] {processor.py:175} INFO - Processing /Library/Frameworks/Python.framework/Versions/3.9/lib/python3.9/site-packages/airflow/example_dags/example_latest_only_with_trigger.py took 0.717 seconds
[2023-01-12T07:36:12.358-0500] {processor.py:153} INFO - Started process (PID=15565) to work on /Library/Frameworks/Python.framework/Versions/3.9/lib/python3.9/site-packages/airflow/example_dags/example_latest_only_with_trigger.py
[2023-01-12T07:36:12.366-0500] {processor.py:743} INFO - Processing file /Library/Frameworks/Python.framework/Versions/3.9/lib/python3.9/site-packages/airflow/example_dags/example_latest_only_with_trigger.py for tasks to queue
[2023-01-12T07:36:12.366-0500] {logging_mixin.py:137} INFO - [2023-01-12T07:36:12.366-0500] {dagbag.py:538} INFO - Filling up the DagBag from /Library/Frameworks/Python.framework/Versions/3.9/lib/python3.9/site-packages/airflow/example_dags/example_latest_only_with_trigger.py
[2023-01-12T07:36:12.421-0500] {processor.py:753} INFO - DAG(s) dict_keys(['latest_only_with_trigger']) retrieved from /Library/Frameworks/Python.framework/Versions/3.9/lib/python3.9/site-packages/airflow/example_dags/example_latest_only_with_trigger.py
[2023-01-12T07:36:13.274-0500] {logging_mixin.py:137} INFO - [2023-01-12T07:36:13.274-0500] {dag.py:2676} INFO - Sync 1 DAGs
[2023-01-12T07:36:13.290-0500] {logging_mixin.py:137} INFO - [2023-01-12T07:36:13.290-0500] {dag.py:3423} INFO - Setting next_dagrun for latest_only_with_trigger to 2023-01-12T08:36:13.290066+00:00, run_after=2023-01-12T12:36:13.290066+00:00
[2023-01-12T07:36:13.310-0500] {processor.py:175} INFO - Processing /Library/Frameworks/Python.framework/Versions/3.9/lib/python3.9/site-packages/airflow/example_dags/example_latest_only_with_trigger.py took 0.953 seconds
[2023-01-12T07:39:56.341-0500] {processor.py:153} INFO - Started process (PID=15722) to work on /Library/Frameworks/Python.framework/Versions/3.9/lib/python3.9/site-packages/airflow/example_dags/example_latest_only_with_trigger.py
[2023-01-12T07:39:56.348-0500] {processor.py:743} INFO - Processing file /Library/Frameworks/Python.framework/Versions/3.9/lib/python3.9/site-packages/airflow/example_dags/example_latest_only_with_trigger.py for tasks to queue
[2023-01-12T07:39:56.349-0500] {logging_mixin.py:137} INFO - [2023-01-12T07:39:56.349-0500] {dagbag.py:538} INFO - Filling up the DagBag from /Library/Frameworks/Python.framework/Versions/3.9/lib/python3.9/site-packages/airflow/example_dags/example_latest_only_with_trigger.py
[2023-01-12T07:39:56.388-0500] {processor.py:753} INFO - DAG(s) dict_keys(['latest_only_with_trigger']) retrieved from /Library/Frameworks/Python.framework/Versions/3.9/lib/python3.9/site-packages/airflow/example_dags/example_latest_only_with_trigger.py
[2023-01-12T07:39:57.180-0500] {logging_mixin.py:137} INFO - [2023-01-12T07:39:57.180-0500] {dag.py:2676} INFO - Sync 1 DAGs
[2023-01-12T07:39:57.206-0500] {logging_mixin.py:137} INFO - [2023-01-12T07:39:57.205-0500] {dag.py:3423} INFO - Setting next_dagrun for latest_only_with_trigger to 2023-01-12T08:39:57.205782+00:00, run_after=2023-01-12T12:39:57.205782+00:00
[2023-01-12T07:39:57.229-0500] {processor.py:175} INFO - Processing /Library/Frameworks/Python.framework/Versions/3.9/lib/python3.9/site-packages/airflow/example_dags/example_latest_only_with_trigger.py took 0.888 seconds
[2023-01-12T07:43:56.812-0500] {processor.py:153} INFO - Started process (PID=15814) to work on /Library/Frameworks/Python.framework/Versions/3.9/lib/python3.9/site-packages/airflow/example_dags/example_latest_only_with_trigger.py
[2023-01-12T07:43:56.818-0500] {processor.py:743} INFO - Processing file /Library/Frameworks/Python.framework/Versions/3.9/lib/python3.9/site-packages/airflow/example_dags/example_latest_only_with_trigger.py for tasks to queue
[2023-01-12T07:43:56.819-0500] {logging_mixin.py:137} INFO - [2023-01-12T07:43:56.819-0500] {dagbag.py:538} INFO - Filling up the DagBag from /Library/Frameworks/Python.framework/Versions/3.9/lib/python3.9/site-packages/airflow/example_dags/example_latest_only_with_trigger.py
[2023-01-12T07:43:56.850-0500] {processor.py:753} INFO - DAG(s) dict_keys(['latest_only_with_trigger']) retrieved from /Library/Frameworks/Python.framework/Versions/3.9/lib/python3.9/site-packages/airflow/example_dags/example_latest_only_with_trigger.py
[2023-01-12T07:43:57.478-0500] {logging_mixin.py:137} INFO - [2023-01-12T07:43:57.478-0500] {dag.py:2676} INFO - Sync 1 DAGs
[2023-01-12T07:43:57.494-0500] {logging_mixin.py:137} INFO - [2023-01-12T07:43:57.493-0500] {dag.py:3423} INFO - Setting next_dagrun for latest_only_with_trigger to 2023-01-12T08:43:57.493807+00:00, run_after=2023-01-12T12:43:57.493807+00:00
[2023-01-12T07:43:57.513-0500] {processor.py:175} INFO - Processing /Library/Frameworks/Python.framework/Versions/3.9/lib/python3.9/site-packages/airflow/example_dags/example_latest_only_with_trigger.py took 0.702 seconds
[2023-01-12T07:47:46.008-0500] {processor.py:153} INFO - Started process (PID=15938) to work on /Library/Frameworks/Python.framework/Versions/3.9/lib/python3.9/site-packages/airflow/example_dags/example_latest_only_with_trigger.py
[2023-01-12T07:47:46.015-0500] {processor.py:743} INFO - Processing file /Library/Frameworks/Python.framework/Versions/3.9/lib/python3.9/site-packages/airflow/example_dags/example_latest_only_with_trigger.py for tasks to queue
[2023-01-12T07:47:46.016-0500] {logging_mixin.py:137} INFO - [2023-01-12T07:47:46.016-0500] {dagbag.py:538} INFO - Filling up the DagBag from /Library/Frameworks/Python.framework/Versions/3.9/lib/python3.9/site-packages/airflow/example_dags/example_latest_only_with_trigger.py
[2023-01-12T07:47:46.098-0500] {processor.py:753} INFO - DAG(s) dict_keys(['latest_only_with_trigger']) retrieved from /Library/Frameworks/Python.framework/Versions/3.9/lib/python3.9/site-packages/airflow/example_dags/example_latest_only_with_trigger.py
[2023-01-12T07:47:46.838-0500] {logging_mixin.py:137} INFO - [2023-01-12T07:47:46.837-0500] {dag.py:2676} INFO - Sync 1 DAGs
[2023-01-12T07:47:46.857-0500] {logging_mixin.py:137} INFO - [2023-01-12T07:47:46.857-0500] {dag.py:3423} INFO - Setting next_dagrun for latest_only_with_trigger to 2023-01-12T08:47:46.857520+00:00, run_after=2023-01-12T12:47:46.857520+00:00
[2023-01-12T07:47:46.883-0500] {processor.py:175} INFO - Processing /Library/Frameworks/Python.framework/Versions/3.9/lib/python3.9/site-packages/airflow/example_dags/example_latest_only_with_trigger.py took 0.875 seconds
[2023-01-12T07:51:49.076-0500] {processor.py:153} INFO - Started process (PID=16107) to work on /Library/Frameworks/Python.framework/Versions/3.9/lib/python3.9/site-packages/airflow/example_dags/example_latest_only_with_trigger.py
[2023-01-12T07:51:49.082-0500] {processor.py:743} INFO - Processing file /Library/Frameworks/Python.framework/Versions/3.9/lib/python3.9/site-packages/airflow/example_dags/example_latest_only_with_trigger.py for tasks to queue
[2023-01-12T07:51:49.083-0500] {logging_mixin.py:137} INFO - [2023-01-12T07:51:49.083-0500] {dagbag.py:538} INFO - Filling up the DagBag from /Library/Frameworks/Python.framework/Versions/3.9/lib/python3.9/site-packages/airflow/example_dags/example_latest_only_with_trigger.py
[2023-01-12T07:51:49.119-0500] {processor.py:753} INFO - DAG(s) dict_keys(['latest_only_with_trigger']) retrieved from /Library/Frameworks/Python.framework/Versions/3.9/lib/python3.9/site-packages/airflow/example_dags/example_latest_only_with_trigger.py
[2023-01-12T07:51:49.825-0500] {logging_mixin.py:137} INFO - [2023-01-12T07:51:49.824-0500] {dag.py:2676} INFO - Sync 1 DAGs
[2023-01-12T07:51:49.842-0500] {logging_mixin.py:137} INFO - [2023-01-12T07:51:49.842-0500] {dag.py:3423} INFO - Setting next_dagrun for latest_only_with_trigger to 2023-01-12T08:51:49.842205+00:00, run_after=2023-01-12T12:51:49.842205+00:00
[2023-01-12T07:51:49.866-0500] {processor.py:175} INFO - Processing /Library/Frameworks/Python.framework/Versions/3.9/lib/python3.9/site-packages/airflow/example_dags/example_latest_only_with_trigger.py took 0.791 seconds
[2023-01-12T07:55:31.216-0500] {processor.py:153} INFO - Started process (PID=16178) to work on /Library/Frameworks/Python.framework/Versions/3.9/lib/python3.9/site-packages/airflow/example_dags/example_latest_only_with_trigger.py
[2023-01-12T07:55:31.222-0500] {processor.py:743} INFO - Processing file /Library/Frameworks/Python.framework/Versions/3.9/lib/python3.9/site-packages/airflow/example_dags/example_latest_only_with_trigger.py for tasks to queue
[2023-01-12T07:55:31.223-0500] {logging_mixin.py:137} INFO - [2023-01-12T07:55:31.222-0500] {dagbag.py:538} INFO - Filling up the DagBag from /Library/Frameworks/Python.framework/Versions/3.9/lib/python3.9/site-packages/airflow/example_dags/example_latest_only_with_trigger.py
[2023-01-12T07:55:31.259-0500] {processor.py:753} INFO - DAG(s) dict_keys(['latest_only_with_trigger']) retrieved from /Library/Frameworks/Python.framework/Versions/3.9/lib/python3.9/site-packages/airflow/example_dags/example_latest_only_with_trigger.py
[2023-01-12T07:55:32.039-0500] {logging_mixin.py:137} INFO - [2023-01-12T07:55:32.039-0500] {dag.py:2676} INFO - Sync 1 DAGs
[2023-01-12T07:55:32.057-0500] {logging_mixin.py:137} INFO - [2023-01-12T07:55:32.057-0500] {dag.py:3423} INFO - Setting next_dagrun for latest_only_with_trigger to 2023-01-12T08:55:32.057230+00:00, run_after=2023-01-12T12:55:32.057230+00:00
[2023-01-12T07:55:32.081-0500] {processor.py:175} INFO - Processing /Library/Frameworks/Python.framework/Versions/3.9/lib/python3.9/site-packages/airflow/example_dags/example_latest_only_with_trigger.py took 0.866 seconds
[2023-01-12T07:57:50.821-0500] {processor.py:153} INFO - Started process (PID=16347) to work on /Library/Frameworks/Python.framework/Versions/3.9/lib/python3.9/site-packages/airflow/example_dags/example_latest_only_with_trigger.py
[2023-01-12T07:57:50.827-0500] {processor.py:743} INFO - Processing file /Library/Frameworks/Python.framework/Versions/3.9/lib/python3.9/site-packages/airflow/example_dags/example_latest_only_with_trigger.py for tasks to queue
[2023-01-12T07:57:50.828-0500] {logging_mixin.py:137} INFO - [2023-01-12T07:57:50.828-0500] {dagbag.py:538} INFO - Filling up the DagBag from /Library/Frameworks/Python.framework/Versions/3.9/lib/python3.9/site-packages/airflow/example_dags/example_latest_only_with_trigger.py
[2023-01-12T07:57:50.858-0500] {processor.py:753} INFO - DAG(s) dict_keys(['latest_only_with_trigger']) retrieved from /Library/Frameworks/Python.framework/Versions/3.9/lib/python3.9/site-packages/airflow/example_dags/example_latest_only_with_trigger.py
[2023-01-12T07:57:51.624-0500] {logging_mixin.py:137} INFO - [2023-01-12T07:57:51.624-0500] {dag.py:2676} INFO - Sync 1 DAGs
[2023-01-12T07:57:51.642-0500] {logging_mixin.py:137} INFO - [2023-01-12T07:57:51.642-0500] {dag.py:3423} INFO - Setting next_dagrun for latest_only_with_trigger to 2023-01-12T08:57:51.642046+00:00, run_after=2023-01-12T12:57:51.642046+00:00
[2023-01-12T07:57:51.662-0500] {processor.py:175} INFO - Processing /Library/Frameworks/Python.framework/Versions/3.9/lib/python3.9/site-packages/airflow/example_dags/example_latest_only_with_trigger.py took 0.842 seconds
[2023-01-12T08:02:25.022-0500] {processor.py:153} INFO - Started process (PID=16507) to work on /Library/Frameworks/Python.framework/Versions/3.9/lib/python3.9/site-packages/airflow/example_dags/example_latest_only_with_trigger.py
[2023-01-12T08:02:25.036-0500] {processor.py:743} INFO - Processing file /Library/Frameworks/Python.framework/Versions/3.9/lib/python3.9/site-packages/airflow/example_dags/example_latest_only_with_trigger.py for tasks to queue
[2023-01-12T08:02:25.037-0500] {logging_mixin.py:137} INFO - [2023-01-12T08:02:25.037-0500] {dagbag.py:538} INFO - Filling up the DagBag from /Library/Frameworks/Python.framework/Versions/3.9/lib/python3.9/site-packages/airflow/example_dags/example_latest_only_with_trigger.py
[2023-01-12T08:02:25.139-0500] {processor.py:753} INFO - DAG(s) dict_keys(['latest_only_with_trigger']) retrieved from /Library/Frameworks/Python.framework/Versions/3.9/lib/python3.9/site-packages/airflow/example_dags/example_latest_only_with_trigger.py
[2023-01-12T08:02:26.780-0500] {logging_mixin.py:137} INFO - [2023-01-12T08:02:26.779-0500] {dag.py:2676} INFO - Sync 1 DAGs
[2023-01-12T08:02:26.827-0500] {logging_mixin.py:137} INFO - [2023-01-12T08:02:26.826-0500] {dag.py:3423} INFO - Setting next_dagrun for latest_only_with_trigger to 2023-01-12T09:02:26.826122+00:00, run_after=2023-01-12T13:02:26.826122+00:00
[2023-01-12T08:02:26.896-0500] {processor.py:175} INFO - Processing /Library/Frameworks/Python.framework/Versions/3.9/lib/python3.9/site-packages/airflow/example_dags/example_latest_only_with_trigger.py took 1.876 seconds
[2023-01-12T08:10:19.087-0500] {processor.py:153} INFO - Started process (PID=16762) to work on /Library/Frameworks/Python.framework/Versions/3.9/lib/python3.9/site-packages/airflow/example_dags/example_latest_only_with_trigger.py
[2023-01-12T08:10:19.098-0500] {processor.py:743} INFO - Processing file /Library/Frameworks/Python.framework/Versions/3.9/lib/python3.9/site-packages/airflow/example_dags/example_latest_only_with_trigger.py for tasks to queue
[2023-01-12T08:10:19.099-0500] {logging_mixin.py:137} INFO - [2023-01-12T08:10:19.098-0500] {dagbag.py:538} INFO - Filling up the DagBag from /Library/Frameworks/Python.framework/Versions/3.9/lib/python3.9/site-packages/airflow/example_dags/example_latest_only_with_trigger.py
[2023-01-12T08:10:19.155-0500] {processor.py:753} INFO - DAG(s) dict_keys(['latest_only_with_trigger']) retrieved from /Library/Frameworks/Python.framework/Versions/3.9/lib/python3.9/site-packages/airflow/example_dags/example_latest_only_with_trigger.py
[2023-01-12T08:10:20.411-0500] {logging_mixin.py:137} INFO - [2023-01-12T08:10:20.410-0500] {dag.py:2676} INFO - Sync 1 DAGs
[2023-01-12T08:10:20.440-0500] {logging_mixin.py:137} INFO - [2023-01-12T08:10:20.440-0500] {dag.py:3423} INFO - Setting next_dagrun for latest_only_with_trigger to 2023-01-12T09:10:20.440267+00:00, run_after=2023-01-12T13:10:20.440267+00:00
[2023-01-12T08:10:20.474-0500] {processor.py:175} INFO - Processing /Library/Frameworks/Python.framework/Versions/3.9/lib/python3.9/site-packages/airflow/example_dags/example_latest_only_with_trigger.py took 1.389 seconds
[2023-01-12T08:20:16.078-0500] {processor.py:153} INFO - Started process (PID=17261) to work on /Library/Frameworks/Python.framework/Versions/3.9/lib/python3.9/site-packages/airflow/example_dags/example_latest_only_with_trigger.py
[2023-01-12T08:20:16.088-0500] {processor.py:743} INFO - Processing file /Library/Frameworks/Python.framework/Versions/3.9/lib/python3.9/site-packages/airflow/example_dags/example_latest_only_with_trigger.py for tasks to queue
[2023-01-12T08:20:16.089-0500] {logging_mixin.py:137} INFO - [2023-01-12T08:20:16.089-0500] {dagbag.py:538} INFO - Filling up the DagBag from /Library/Frameworks/Python.framework/Versions/3.9/lib/python3.9/site-packages/airflow/example_dags/example_latest_only_with_trigger.py
[2023-01-12T08:20:16.163-0500] {processor.py:753} INFO - DAG(s) dict_keys(['latest_only_with_trigger']) retrieved from /Library/Frameworks/Python.framework/Versions/3.9/lib/python3.9/site-packages/airflow/example_dags/example_latest_only_with_trigger.py
[2023-01-12T08:20:17.339-0500] {logging_mixin.py:137} INFO - [2023-01-12T08:20:17.339-0500] {dag.py:2676} INFO - Sync 1 DAGs
[2023-01-12T08:20:17.369-0500] {logging_mixin.py:137} INFO - [2023-01-12T08:20:17.369-0500] {dag.py:3423} INFO - Setting next_dagrun for latest_only_with_trigger to 2023-01-12T09:20:17.369009+00:00, run_after=2023-01-12T13:20:17.369009+00:00
[2023-01-12T08:20:17.403-0500] {processor.py:175} INFO - Processing /Library/Frameworks/Python.framework/Versions/3.9/lib/python3.9/site-packages/airflow/example_dags/example_latest_only_with_trigger.py took 1.326 seconds
[2023-01-12T08:27:09.477-0500] {processor.py:153} INFO - Started process (PID=17481) to work on /Library/Frameworks/Python.framework/Versions/3.9/lib/python3.9/site-packages/airflow/example_dags/example_latest_only_with_trigger.py
[2023-01-12T08:27:09.488-0500] {processor.py:743} INFO - Processing file /Library/Frameworks/Python.framework/Versions/3.9/lib/python3.9/site-packages/airflow/example_dags/example_latest_only_with_trigger.py for tasks to queue
[2023-01-12T08:27:09.489-0500] {logging_mixin.py:137} INFO - [2023-01-12T08:27:09.488-0500] {dagbag.py:538} INFO - Filling up the DagBag from /Library/Frameworks/Python.framework/Versions/3.9/lib/python3.9/site-packages/airflow/example_dags/example_latest_only_with_trigger.py
[2023-01-12T08:27:09.546-0500] {processor.py:753} INFO - DAG(s) dict_keys(['latest_only_with_trigger']) retrieved from /Library/Frameworks/Python.framework/Versions/3.9/lib/python3.9/site-packages/airflow/example_dags/example_latest_only_with_trigger.py
[2023-01-12T08:27:10.602-0500] {logging_mixin.py:137} INFO - [2023-01-12T08:27:10.602-0500] {dag.py:2676} INFO - Sync 1 DAGs
[2023-01-12T08:27:10.630-0500] {logging_mixin.py:137} INFO - [2023-01-12T08:27:10.630-0500] {dag.py:3423} INFO - Setting next_dagrun for latest_only_with_trigger to 2023-01-12T09:27:10.630009+00:00, run_after=2023-01-12T13:27:10.630009+00:00
[2023-01-12T08:27:10.666-0500] {processor.py:175} INFO - Processing /Library/Frameworks/Python.framework/Versions/3.9/lib/python3.9/site-packages/airflow/example_dags/example_latest_only_with_trigger.py took 1.190 seconds
