[2023-01-11T20:12:37.357-0500] {processor.py:153} INFO - Started process (PID=13612) to work on /Library/Frameworks/Python.framework/Versions/3.9/lib/python3.9/site-packages/airflow/example_dags/example_short_circuit_operator.py
[2023-01-11T20:12:37.362-0500] {processor.py:743} INFO - Processing file /Library/Frameworks/Python.framework/Versions/3.9/lib/python3.9/site-packages/airflow/example_dags/example_short_circuit_operator.py for tasks to queue
[2023-01-11T20:12:37.363-0500] {logging_mixin.py:137} INFO - [2023-01-11T20:12:37.363-0500] {dagbag.py:538} INFO - Filling up the DagBag from /Library/Frameworks/Python.framework/Versions/3.9/lib/python3.9/site-packages/airflow/example_dags/example_short_circuit_operator.py
[2023-01-11T20:12:37.420-0500] {processor.py:753} INFO - DAG(s) dict_keys(['example_short_circuit_operator']) retrieved from /Library/Frameworks/Python.framework/Versions/3.9/lib/python3.9/site-packages/airflow/example_dags/example_short_circuit_operator.py
[2023-01-11T20:12:38.278-0500] {logging_mixin.py:137} INFO - [2023-01-11T20:12:38.278-0500] {dag.py:2676} INFO - Sync 1 DAGs
[2023-01-11T20:12:38.317-0500] {logging_mixin.py:137} INFO - [2023-01-11T20:12:38.316-0500] {dag.py:3423} INFO - Setting next_dagrun for example_short_circuit_operator to 2023-01-11T01:12:38.314741+00:00, run_after=2023-01-12T01:12:38.314741+00:00
[2023-01-11T20:12:38.445-0500] {processor.py:175} INFO - Processing /Library/Frameworks/Python.framework/Versions/3.9/lib/python3.9/site-packages/airflow/example_dags/example_short_circuit_operator.py took 1.089 seconds
[2023-01-12T06:02:02.552-0500] {processor.py:153} INFO - Started process (PID=14859) to work on /Library/Frameworks/Python.framework/Versions/3.9/lib/python3.9/site-packages/airflow/example_dags/example_short_circuit_operator.py
[2023-01-12T06:02:02.558-0500] {processor.py:743} INFO - Processing file /Library/Frameworks/Python.framework/Versions/3.9/lib/python3.9/site-packages/airflow/example_dags/example_short_circuit_operator.py for tasks to queue
[2023-01-12T06:02:02.559-0500] {logging_mixin.py:137} INFO - [2023-01-12T06:02:02.559-0500] {dagbag.py:538} INFO - Filling up the DagBag from /Library/Frameworks/Python.framework/Versions/3.9/lib/python3.9/site-packages/airflow/example_dags/example_short_circuit_operator.py
[2023-01-12T06:02:02.601-0500] {processor.py:753} INFO - DAG(s) dict_keys(['example_short_circuit_operator']) retrieved from /Library/Frameworks/Python.framework/Versions/3.9/lib/python3.9/site-packages/airflow/example_dags/example_short_circuit_operator.py
[2023-01-12T06:02:03.176-0500] {logging_mixin.py:137} INFO - [2023-01-12T06:02:03.176-0500] {dag.py:2676} INFO - Sync 1 DAGs
[2023-01-12T06:02:03.192-0500] {logging_mixin.py:137} INFO - [2023-01-12T06:02:03.192-0500] {dag.py:3423} INFO - Setting next_dagrun for example_short_circuit_operator to 2023-01-11T11:02:03.192514+00:00, run_after=2023-01-12T11:02:03.192514+00:00
[2023-01-12T06:02:03.214-0500] {processor.py:175} INFO - Processing /Library/Frameworks/Python.framework/Versions/3.9/lib/python3.9/site-packages/airflow/example_dags/example_short_circuit_operator.py took 0.662 seconds
[2023-01-12T07:24:56.371-0500] {processor.py:153} INFO - Started process (PID=15041) to work on /Library/Frameworks/Python.framework/Versions/3.9/lib/python3.9/site-packages/airflow/example_dags/example_short_circuit_operator.py
[2023-01-12T07:24:56.377-0500] {processor.py:743} INFO - Processing file /Library/Frameworks/Python.framework/Versions/3.9/lib/python3.9/site-packages/airflow/example_dags/example_short_circuit_operator.py for tasks to queue
[2023-01-12T07:24:56.377-0500] {logging_mixin.py:137} INFO - [2023-01-12T07:24:56.377-0500] {dagbag.py:538} INFO - Filling up the DagBag from /Library/Frameworks/Python.framework/Versions/3.9/lib/python3.9/site-packages/airflow/example_dags/example_short_circuit_operator.py
[2023-01-12T07:24:56.430-0500] {processor.py:753} INFO - DAG(s) dict_keys(['example_short_circuit_operator']) retrieved from /Library/Frameworks/Python.framework/Versions/3.9/lib/python3.9/site-packages/airflow/example_dags/example_short_circuit_operator.py
[2023-01-12T07:24:57.065-0500] {logging_mixin.py:137} INFO - [2023-01-12T07:24:57.065-0500] {dag.py:2676} INFO - Sync 1 DAGs
[2023-01-12T07:24:57.082-0500] {logging_mixin.py:137} INFO - [2023-01-12T07:24:57.082-0500] {dag.py:3423} INFO - Setting next_dagrun for example_short_circuit_operator to 2023-01-11T12:24:57.082401+00:00, run_after=2023-01-12T12:24:57.082401+00:00
[2023-01-12T07:24:57.101-0500] {processor.py:175} INFO - Processing /Library/Frameworks/Python.framework/Versions/3.9/lib/python3.9/site-packages/airflow/example_dags/example_short_circuit_operator.py took 0.731 seconds
[2023-01-12T07:26:51.590-0500] {processor.py:153} INFO - Started process (PID=15125) to work on /Library/Frameworks/Python.framework/Versions/3.9/lib/python3.9/site-packages/airflow/example_dags/example_short_circuit_operator.py
[2023-01-12T07:26:51.598-0500] {processor.py:743} INFO - Processing file /Library/Frameworks/Python.framework/Versions/3.9/lib/python3.9/site-packages/airflow/example_dags/example_short_circuit_operator.py for tasks to queue
[2023-01-12T07:26:51.598-0500] {logging_mixin.py:137} INFO - [2023-01-12T07:26:51.598-0500] {dagbag.py:538} INFO - Filling up the DagBag from /Library/Frameworks/Python.framework/Versions/3.9/lib/python3.9/site-packages/airflow/example_dags/example_short_circuit_operator.py
[2023-01-12T07:26:51.640-0500] {processor.py:753} INFO - DAG(s) dict_keys(['example_short_circuit_operator']) retrieved from /Library/Frameworks/Python.framework/Versions/3.9/lib/python3.9/site-packages/airflow/example_dags/example_short_circuit_operator.py
[2023-01-12T07:26:52.281-0500] {logging_mixin.py:137} INFO - [2023-01-12T07:26:52.281-0500] {dag.py:2676} INFO - Sync 1 DAGs
[2023-01-12T07:26:52.298-0500] {logging_mixin.py:137} INFO - [2023-01-12T07:26:52.298-0500] {dag.py:3423} INFO - Setting next_dagrun for example_short_circuit_operator to 2023-01-11T12:26:52.297985+00:00, run_after=2023-01-12T12:26:52.297985+00:00
[2023-01-12T07:26:52.317-0500] {processor.py:175} INFO - Processing /Library/Frameworks/Python.framework/Versions/3.9/lib/python3.9/site-packages/airflow/example_dags/example_short_circuit_operator.py took 0.728 seconds
[2023-01-12T07:28:35.663-0500] {processor.py:153} INFO - Started process (PID=15186) to work on /Library/Frameworks/Python.framework/Versions/3.9/lib/python3.9/site-packages/airflow/example_dags/example_short_circuit_operator.py
[2023-01-12T07:28:35.671-0500] {processor.py:743} INFO - Processing file /Library/Frameworks/Python.framework/Versions/3.9/lib/python3.9/site-packages/airflow/example_dags/example_short_circuit_operator.py for tasks to queue
[2023-01-12T07:28:35.672-0500] {logging_mixin.py:137} INFO - [2023-01-12T07:28:35.672-0500] {dagbag.py:538} INFO - Filling up the DagBag from /Library/Frameworks/Python.framework/Versions/3.9/lib/python3.9/site-packages/airflow/example_dags/example_short_circuit_operator.py
[2023-01-12T07:28:35.718-0500] {processor.py:753} INFO - DAG(s) dict_keys(['example_short_circuit_operator']) retrieved from /Library/Frameworks/Python.framework/Versions/3.9/lib/python3.9/site-packages/airflow/example_dags/example_short_circuit_operator.py
[2023-01-12T07:28:36.346-0500] {logging_mixin.py:137} INFO - [2023-01-12T07:28:36.346-0500] {dag.py:2676} INFO - Sync 1 DAGs
[2023-01-12T07:28:36.363-0500] {logging_mixin.py:137} INFO - [2023-01-12T07:28:36.363-0500] {dag.py:3423} INFO - Setting next_dagrun for example_short_circuit_operator to 2023-01-11T12:28:36.363385+00:00, run_after=2023-01-12T12:28:36.363385+00:00
[2023-01-12T07:28:36.382-0500] {processor.py:175} INFO - Processing /Library/Frameworks/Python.framework/Versions/3.9/lib/python3.9/site-packages/airflow/example_dags/example_short_circuit_operator.py took 0.719 seconds
[2023-01-12T07:30:25.272-0500] {processor.py:153} INFO - Started process (PID=15309) to work on /Library/Frameworks/Python.framework/Versions/3.9/lib/python3.9/site-packages/airflow/example_dags/example_short_circuit_operator.py
[2023-01-12T07:30:25.278-0500] {processor.py:743} INFO - Processing file /Library/Frameworks/Python.framework/Versions/3.9/lib/python3.9/site-packages/airflow/example_dags/example_short_circuit_operator.py for tasks to queue
[2023-01-12T07:30:25.279-0500] {logging_mixin.py:137} INFO - [2023-01-12T07:30:25.279-0500] {dagbag.py:538} INFO - Filling up the DagBag from /Library/Frameworks/Python.framework/Versions/3.9/lib/python3.9/site-packages/airflow/example_dags/example_short_circuit_operator.py
[2023-01-12T07:30:25.330-0500] {processor.py:753} INFO - DAG(s) dict_keys(['example_short_circuit_operator']) retrieved from /Library/Frameworks/Python.framework/Versions/3.9/lib/python3.9/site-packages/airflow/example_dags/example_short_circuit_operator.py
[2023-01-12T07:30:25.992-0500] {logging_mixin.py:137} INFO - [2023-01-12T07:30:25.992-0500] {dag.py:2676} INFO - Sync 1 DAGs
[2023-01-12T07:30:26.008-0500] {logging_mixin.py:137} INFO - [2023-01-12T07:30:26.008-0500] {dag.py:3423} INFO - Setting next_dagrun for example_short_circuit_operator to 2023-01-11T12:30:26.008537+00:00, run_after=2023-01-12T12:30:26.008537+00:00
[2023-01-12T07:30:26.027-0500] {processor.py:175} INFO - Processing /Library/Frameworks/Python.framework/Versions/3.9/lib/python3.9/site-packages/airflow/example_dags/example_short_circuit_operator.py took 0.755 seconds
[2023-01-12T07:32:11.307-0500] {processor.py:153} INFO - Started process (PID=15455) to work on /Library/Frameworks/Python.framework/Versions/3.9/lib/python3.9/site-packages/airflow/example_dags/example_short_circuit_operator.py
[2023-01-12T07:32:11.313-0500] {processor.py:743} INFO - Processing file /Library/Frameworks/Python.framework/Versions/3.9/lib/python3.9/site-packages/airflow/example_dags/example_short_circuit_operator.py for tasks to queue
[2023-01-12T07:32:11.313-0500] {logging_mixin.py:137} INFO - [2023-01-12T07:32:11.313-0500] {dagbag.py:538} INFO - Filling up the DagBag from /Library/Frameworks/Python.framework/Versions/3.9/lib/python3.9/site-packages/airflow/example_dags/example_short_circuit_operator.py
[2023-01-12T07:32:11.355-0500] {processor.py:753} INFO - DAG(s) dict_keys(['example_short_circuit_operator']) retrieved from /Library/Frameworks/Python.framework/Versions/3.9/lib/python3.9/site-packages/airflow/example_dags/example_short_circuit_operator.py
[2023-01-12T07:32:11.971-0500] {logging_mixin.py:137} INFO - [2023-01-12T07:32:11.971-0500] {dag.py:2676} INFO - Sync 1 DAGs
[2023-01-12T07:32:11.988-0500] {logging_mixin.py:137} INFO - [2023-01-12T07:32:11.988-0500] {dag.py:3423} INFO - Setting next_dagrun for example_short_circuit_operator to 2023-01-11T12:32:11.988028+00:00, run_after=2023-01-12T12:32:11.988028+00:00
[2023-01-12T07:32:12.008-0500] {processor.py:175} INFO - Processing /Library/Frameworks/Python.framework/Versions/3.9/lib/python3.9/site-packages/airflow/example_dags/example_short_circuit_operator.py took 0.701 seconds
[2023-01-12T07:33:59.062-0500] {processor.py:153} INFO - Started process (PID=15513) to work on /Library/Frameworks/Python.framework/Versions/3.9/lib/python3.9/site-packages/airflow/example_dags/example_short_circuit_operator.py
[2023-01-12T07:33:59.067-0500] {processor.py:743} INFO - Processing file /Library/Frameworks/Python.framework/Versions/3.9/lib/python3.9/site-packages/airflow/example_dags/example_short_circuit_operator.py for tasks to queue
[2023-01-12T07:33:59.068-0500] {logging_mixin.py:137} INFO - [2023-01-12T07:33:59.068-0500] {dagbag.py:538} INFO - Filling up the DagBag from /Library/Frameworks/Python.framework/Versions/3.9/lib/python3.9/site-packages/airflow/example_dags/example_short_circuit_operator.py
[2023-01-12T07:33:59.113-0500] {processor.py:753} INFO - DAG(s) dict_keys(['example_short_circuit_operator']) retrieved from /Library/Frameworks/Python.framework/Versions/3.9/lib/python3.9/site-packages/airflow/example_dags/example_short_circuit_operator.py
[2023-01-12T07:33:59.745-0500] {logging_mixin.py:137} INFO - [2023-01-12T07:33:59.745-0500] {dag.py:2676} INFO - Sync 1 DAGs
[2023-01-12T07:33:59.762-0500] {logging_mixin.py:137} INFO - [2023-01-12T07:33:59.762-0500] {dag.py:3423} INFO - Setting next_dagrun for example_short_circuit_operator to 2023-01-11T12:33:59.762205+00:00, run_after=2023-01-12T12:33:59.762205+00:00
[2023-01-12T07:33:59.789-0500] {processor.py:175} INFO - Processing /Library/Frameworks/Python.framework/Versions/3.9/lib/python3.9/site-packages/airflow/example_dags/example_short_circuit_operator.py took 0.728 seconds
[2023-01-12T07:35:51.287-0500] {processor.py:153} INFO - Started process (PID=15559) to work on /Library/Frameworks/Python.framework/Versions/3.9/lib/python3.9/site-packages/airflow/example_dags/example_short_circuit_operator.py
[2023-01-12T07:35:51.293-0500] {processor.py:743} INFO - Processing file /Library/Frameworks/Python.framework/Versions/3.9/lib/python3.9/site-packages/airflow/example_dags/example_short_circuit_operator.py for tasks to queue
[2023-01-12T07:35:51.294-0500] {logging_mixin.py:137} INFO - [2023-01-12T07:35:51.294-0500] {dagbag.py:538} INFO - Filling up the DagBag from /Library/Frameworks/Python.framework/Versions/3.9/lib/python3.9/site-packages/airflow/example_dags/example_short_circuit_operator.py
[2023-01-12T07:35:51.339-0500] {processor.py:753} INFO - DAG(s) dict_keys(['example_short_circuit_operator']) retrieved from /Library/Frameworks/Python.framework/Versions/3.9/lib/python3.9/site-packages/airflow/example_dags/example_short_circuit_operator.py
[2023-01-12T07:35:52.006-0500] {logging_mixin.py:137} INFO - [2023-01-12T07:35:52.005-0500] {dag.py:2676} INFO - Sync 1 DAGs
[2023-01-12T07:35:52.047-0500] {logging_mixin.py:137} INFO - [2023-01-12T07:35:52.046-0500] {dag.py:3423} INFO - Setting next_dagrun for example_short_circuit_operator to 2023-01-11T12:35:52.046820+00:00, run_after=2023-01-12T12:35:52.046820+00:00
[2023-01-12T07:35:52.069-0500] {processor.py:175} INFO - Processing /Library/Frameworks/Python.framework/Versions/3.9/lib/python3.9/site-packages/airflow/example_dags/example_short_circuit_operator.py took 0.782 seconds
[2023-01-12T07:37:33.509-0500] {processor.py:153} INFO - Started process (PID=15589) to work on /Library/Frameworks/Python.framework/Versions/3.9/lib/python3.9/site-packages/airflow/example_dags/example_short_circuit_operator.py
[2023-01-12T07:37:33.516-0500] {processor.py:743} INFO - Processing file /Library/Frameworks/Python.framework/Versions/3.9/lib/python3.9/site-packages/airflow/example_dags/example_short_circuit_operator.py for tasks to queue
[2023-01-12T07:37:33.517-0500] {logging_mixin.py:137} INFO - [2023-01-12T07:37:33.516-0500] {dagbag.py:538} INFO - Filling up the DagBag from /Library/Frameworks/Python.framework/Versions/3.9/lib/python3.9/site-packages/airflow/example_dags/example_short_circuit_operator.py
[2023-01-12T07:37:33.562-0500] {processor.py:753} INFO - DAG(s) dict_keys(['example_short_circuit_operator']) retrieved from /Library/Frameworks/Python.framework/Versions/3.9/lib/python3.9/site-packages/airflow/example_dags/example_short_circuit_operator.py
[2023-01-12T07:37:34.254-0500] {logging_mixin.py:137} INFO - [2023-01-12T07:37:34.254-0500] {dag.py:2676} INFO - Sync 1 DAGs
[2023-01-12T07:37:34.272-0500] {logging_mixin.py:137} INFO - [2023-01-12T07:37:34.272-0500] {dag.py:3423} INFO - Setting next_dagrun for example_short_circuit_operator to 2023-01-11T12:37:34.272304+00:00, run_after=2023-01-12T12:37:34.272304+00:00
[2023-01-12T07:37:34.292-0500] {processor.py:175} INFO - Processing /Library/Frameworks/Python.framework/Versions/3.9/lib/python3.9/site-packages/airflow/example_dags/example_short_circuit_operator.py took 0.783 seconds
[2023-01-12T07:39:30.055-0500] {processor.py:153} INFO - Started process (PID=15671) to work on /Library/Frameworks/Python.framework/Versions/3.9/lib/python3.9/site-packages/airflow/example_dags/example_short_circuit_operator.py
[2023-01-12T07:39:30.064-0500] {processor.py:743} INFO - Processing file /Library/Frameworks/Python.framework/Versions/3.9/lib/python3.9/site-packages/airflow/example_dags/example_short_circuit_operator.py for tasks to queue
[2023-01-12T07:39:30.064-0500] {logging_mixin.py:137} INFO - [2023-01-12T07:39:30.064-0500] {dagbag.py:538} INFO - Filling up the DagBag from /Library/Frameworks/Python.framework/Versions/3.9/lib/python3.9/site-packages/airflow/example_dags/example_short_circuit_operator.py
[2023-01-12T07:39:30.140-0500] {processor.py:753} INFO - DAG(s) dict_keys(['example_short_circuit_operator']) retrieved from /Library/Frameworks/Python.framework/Versions/3.9/lib/python3.9/site-packages/airflow/example_dags/example_short_circuit_operator.py
[2023-01-12T07:39:31.189-0500] {logging_mixin.py:137} INFO - [2023-01-12T07:39:31.188-0500] {dag.py:2676} INFO - Sync 1 DAGs
[2023-01-12T07:39:31.213-0500] {logging_mixin.py:137} INFO - [2023-01-12T07:39:31.213-0500] {dag.py:3423} INFO - Setting next_dagrun for example_short_circuit_operator to 2023-01-11T12:39:31.212902+00:00, run_after=2023-01-12T12:39:31.212902+00:00
[2023-01-12T07:39:31.238-0500] {processor.py:175} INFO - Processing /Library/Frameworks/Python.framework/Versions/3.9/lib/python3.9/site-packages/airflow/example_dags/example_short_circuit_operator.py took 1.184 seconds
[2023-01-12T07:41:28.572-0500] {processor.py:153} INFO - Started process (PID=15759) to work on /Library/Frameworks/Python.framework/Versions/3.9/lib/python3.9/site-packages/airflow/example_dags/example_short_circuit_operator.py
[2023-01-12T07:41:28.580-0500] {processor.py:743} INFO - Processing file /Library/Frameworks/Python.framework/Versions/3.9/lib/python3.9/site-packages/airflow/example_dags/example_short_circuit_operator.py for tasks to queue
[2023-01-12T07:41:28.580-0500] {logging_mixin.py:137} INFO - [2023-01-12T07:41:28.580-0500] {dagbag.py:538} INFO - Filling up the DagBag from /Library/Frameworks/Python.framework/Versions/3.9/lib/python3.9/site-packages/airflow/example_dags/example_short_circuit_operator.py
[2023-01-12T07:41:28.640-0500] {processor.py:753} INFO - DAG(s) dict_keys(['example_short_circuit_operator']) retrieved from /Library/Frameworks/Python.framework/Versions/3.9/lib/python3.9/site-packages/airflow/example_dags/example_short_circuit_operator.py
[2023-01-12T07:41:29.463-0500] {logging_mixin.py:137} INFO - [2023-01-12T07:41:29.463-0500] {dag.py:2676} INFO - Sync 1 DAGs
[2023-01-12T07:41:29.487-0500] {logging_mixin.py:137} INFO - [2023-01-12T07:41:29.487-0500] {dag.py:3423} INFO - Setting next_dagrun for example_short_circuit_operator to 2023-01-11T12:41:29.487212+00:00, run_after=2023-01-12T12:41:29.487212+00:00
[2023-01-12T07:41:29.518-0500] {processor.py:175} INFO - Processing /Library/Frameworks/Python.framework/Versions/3.9/lib/python3.9/site-packages/airflow/example_dags/example_short_circuit_operator.py took 0.947 seconds
[2023-01-12T07:43:32.426-0500] {processor.py:153} INFO - Started process (PID=15805) to work on /Library/Frameworks/Python.framework/Versions/3.9/lib/python3.9/site-packages/airflow/example_dags/example_short_circuit_operator.py
[2023-01-12T07:43:32.432-0500] {processor.py:743} INFO - Processing file /Library/Frameworks/Python.framework/Versions/3.9/lib/python3.9/site-packages/airflow/example_dags/example_short_circuit_operator.py for tasks to queue
[2023-01-12T07:43:32.433-0500] {logging_mixin.py:137} INFO - [2023-01-12T07:43:32.433-0500] {dagbag.py:538} INFO - Filling up the DagBag from /Library/Frameworks/Python.framework/Versions/3.9/lib/python3.9/site-packages/airflow/example_dags/example_short_circuit_operator.py
[2023-01-12T07:43:32.488-0500] {processor.py:753} INFO - DAG(s) dict_keys(['example_short_circuit_operator']) retrieved from /Library/Frameworks/Python.framework/Versions/3.9/lib/python3.9/site-packages/airflow/example_dags/example_short_circuit_operator.py
[2023-01-12T07:43:33.364-0500] {logging_mixin.py:137} INFO - [2023-01-12T07:43:33.363-0500] {dag.py:2676} INFO - Sync 1 DAGs
[2023-01-12T07:43:33.384-0500] {logging_mixin.py:137} INFO - [2023-01-12T07:43:33.384-0500] {dag.py:3423} INFO - Setting next_dagrun for example_short_circuit_operator to 2023-01-11T12:43:33.384212+00:00, run_after=2023-01-12T12:43:33.384212+00:00
[2023-01-12T07:43:33.407-0500] {processor.py:175} INFO - Processing /Library/Frameworks/Python.framework/Versions/3.9/lib/python3.9/site-packages/airflow/example_dags/example_short_circuit_operator.py took 0.982 seconds
[2023-01-12T07:45:32.270-0500] {processor.py:153} INFO - Started process (PID=15869) to work on /Library/Frameworks/Python.framework/Versions/3.9/lib/python3.9/site-packages/airflow/example_dags/example_short_circuit_operator.py
[2023-01-12T07:45:32.275-0500] {processor.py:743} INFO - Processing file /Library/Frameworks/Python.framework/Versions/3.9/lib/python3.9/site-packages/airflow/example_dags/example_short_circuit_operator.py for tasks to queue
[2023-01-12T07:45:32.276-0500] {logging_mixin.py:137} INFO - [2023-01-12T07:45:32.276-0500] {dagbag.py:538} INFO - Filling up the DagBag from /Library/Frameworks/Python.framework/Versions/3.9/lib/python3.9/site-packages/airflow/example_dags/example_short_circuit_operator.py
[2023-01-12T07:45:32.320-0500] {processor.py:753} INFO - DAG(s) dict_keys(['example_short_circuit_operator']) retrieved from /Library/Frameworks/Python.framework/Versions/3.9/lib/python3.9/site-packages/airflow/example_dags/example_short_circuit_operator.py
[2023-01-12T07:45:32.940-0500] {logging_mixin.py:137} INFO - [2023-01-12T07:45:32.940-0500] {dag.py:2676} INFO - Sync 1 DAGs
[2023-01-12T07:45:32.976-0500] {logging_mixin.py:137} INFO - [2023-01-12T07:45:32.976-0500] {dag.py:3423} INFO - Setting next_dagrun for example_short_circuit_operator to 2023-01-11T12:45:32.976144+00:00, run_after=2023-01-12T12:45:32.976144+00:00
[2023-01-12T07:45:32.995-0500] {processor.py:175} INFO - Processing /Library/Frameworks/Python.framework/Versions/3.9/lib/python3.9/site-packages/airflow/example_dags/example_short_circuit_operator.py took 0.726 seconds
[2023-01-12T07:47:24.228-0500] {processor.py:153} INFO - Started process (PID=15931) to work on /Library/Frameworks/Python.framework/Versions/3.9/lib/python3.9/site-packages/airflow/example_dags/example_short_circuit_operator.py
[2023-01-12T07:47:24.234-0500] {processor.py:743} INFO - Processing file /Library/Frameworks/Python.framework/Versions/3.9/lib/python3.9/site-packages/airflow/example_dags/example_short_circuit_operator.py for tasks to queue
[2023-01-12T07:47:24.234-0500] {logging_mixin.py:137} INFO - [2023-01-12T07:47:24.234-0500] {dagbag.py:538} INFO - Filling up the DagBag from /Library/Frameworks/Python.framework/Versions/3.9/lib/python3.9/site-packages/airflow/example_dags/example_short_circuit_operator.py
[2023-01-12T07:47:24.276-0500] {processor.py:753} INFO - DAG(s) dict_keys(['example_short_circuit_operator']) retrieved from /Library/Frameworks/Python.framework/Versions/3.9/lib/python3.9/site-packages/airflow/example_dags/example_short_circuit_operator.py
[2023-01-12T07:47:24.921-0500] {logging_mixin.py:137} INFO - [2023-01-12T07:47:24.921-0500] {dag.py:2676} INFO - Sync 1 DAGs
[2023-01-12T07:47:24.939-0500] {logging_mixin.py:137} INFO - [2023-01-12T07:47:24.939-0500] {dag.py:3423} INFO - Setting next_dagrun for example_short_circuit_operator to 2023-01-11T12:47:24.939221+00:00, run_after=2023-01-12T12:47:24.939221+00:00
[2023-01-12T07:47:24.959-0500] {processor.py:175} INFO - Processing /Library/Frameworks/Python.framework/Versions/3.9/lib/python3.9/site-packages/airflow/example_dags/example_short_circuit_operator.py took 0.731 seconds
[2023-01-12T07:49:12.971-0500] {processor.py:153} INFO - Started process (PID=15970) to work on /Library/Frameworks/Python.framework/Versions/3.9/lib/python3.9/site-packages/airflow/example_dags/example_short_circuit_operator.py
[2023-01-12T07:49:12.977-0500] {processor.py:743} INFO - Processing file /Library/Frameworks/Python.framework/Versions/3.9/lib/python3.9/site-packages/airflow/example_dags/example_short_circuit_operator.py for tasks to queue
[2023-01-12T07:49:12.977-0500] {logging_mixin.py:137} INFO - [2023-01-12T07:49:12.977-0500] {dagbag.py:538} INFO - Filling up the DagBag from /Library/Frameworks/Python.framework/Versions/3.9/lib/python3.9/site-packages/airflow/example_dags/example_short_circuit_operator.py
[2023-01-12T07:49:13.031-0500] {processor.py:753} INFO - DAG(s) dict_keys(['example_short_circuit_operator']) retrieved from /Library/Frameworks/Python.framework/Versions/3.9/lib/python3.9/site-packages/airflow/example_dags/example_short_circuit_operator.py
[2023-01-12T07:49:13.854-0500] {logging_mixin.py:137} INFO - [2023-01-12T07:49:13.854-0500] {dag.py:2676} INFO - Sync 1 DAGs
[2023-01-12T07:49:13.875-0500] {logging_mixin.py:137} INFO - [2023-01-12T07:49:13.875-0500] {dag.py:3423} INFO - Setting next_dagrun for example_short_circuit_operator to 2023-01-11T12:49:13.874941+00:00, run_after=2023-01-12T12:49:13.874941+00:00
[2023-01-12T07:49:13.895-0500] {processor.py:175} INFO - Processing /Library/Frameworks/Python.framework/Versions/3.9/lib/python3.9/site-packages/airflow/example_dags/example_short_circuit_operator.py took 0.925 seconds
[2023-01-12T07:51:19.787-0500] {processor.py:153} INFO - Started process (PID=16094) to work on /Library/Frameworks/Python.framework/Versions/3.9/lib/python3.9/site-packages/airflow/example_dags/example_short_circuit_operator.py
[2023-01-12T07:51:19.793-0500] {processor.py:743} INFO - Processing file /Library/Frameworks/Python.framework/Versions/3.9/lib/python3.9/site-packages/airflow/example_dags/example_short_circuit_operator.py for tasks to queue
[2023-01-12T07:51:19.794-0500] {logging_mixin.py:137} INFO - [2023-01-12T07:51:19.793-0500] {dagbag.py:538} INFO - Filling up the DagBag from /Library/Frameworks/Python.framework/Versions/3.9/lib/python3.9/site-packages/airflow/example_dags/example_short_circuit_operator.py
[2023-01-12T07:51:19.834-0500] {processor.py:753} INFO - DAG(s) dict_keys(['example_short_circuit_operator']) retrieved from /Library/Frameworks/Python.framework/Versions/3.9/lib/python3.9/site-packages/airflow/example_dags/example_short_circuit_operator.py
[2023-01-12T07:51:20.455-0500] {logging_mixin.py:137} INFO - [2023-01-12T07:51:20.455-0500] {dag.py:2676} INFO - Sync 1 DAGs
[2023-01-12T07:51:20.473-0500] {logging_mixin.py:137} INFO - [2023-01-12T07:51:20.473-0500] {dag.py:3423} INFO - Setting next_dagrun for example_short_circuit_operator to 2023-01-11T12:51:20.472888+00:00, run_after=2023-01-12T12:51:20.472888+00:00
[2023-01-12T07:51:20.492-0500] {processor.py:175} INFO - Processing /Library/Frameworks/Python.framework/Versions/3.9/lib/python3.9/site-packages/airflow/example_dags/example_short_circuit_operator.py took 0.706 seconds
[2023-01-12T07:53:21.790-0500] {processor.py:153} INFO - Started process (PID=16136) to work on /Library/Frameworks/Python.framework/Versions/3.9/lib/python3.9/site-packages/airflow/example_dags/example_short_circuit_operator.py
[2023-01-12T07:53:21.796-0500] {processor.py:743} INFO - Processing file /Library/Frameworks/Python.framework/Versions/3.9/lib/python3.9/site-packages/airflow/example_dags/example_short_circuit_operator.py for tasks to queue
[2023-01-12T07:53:21.796-0500] {logging_mixin.py:137} INFO - [2023-01-12T07:53:21.796-0500] {dagbag.py:538} INFO - Filling up the DagBag from /Library/Frameworks/Python.framework/Versions/3.9/lib/python3.9/site-packages/airflow/example_dags/example_short_circuit_operator.py
[2023-01-12T07:53:21.835-0500] {processor.py:753} INFO - DAG(s) dict_keys(['example_short_circuit_operator']) retrieved from /Library/Frameworks/Python.framework/Versions/3.9/lib/python3.9/site-packages/airflow/example_dags/example_short_circuit_operator.py
[2023-01-12T07:53:22.452-0500] {logging_mixin.py:137} INFO - [2023-01-12T07:53:22.451-0500] {dag.py:2676} INFO - Sync 1 DAGs
[2023-01-12T07:53:22.469-0500] {logging_mixin.py:137} INFO - [2023-01-12T07:53:22.469-0500] {dag.py:3423} INFO - Setting next_dagrun for example_short_circuit_operator to 2023-01-11T12:53:22.468957+00:00, run_after=2023-01-12T12:53:22.468957+00:00
[2023-01-12T07:53:22.487-0500] {processor.py:175} INFO - Processing /Library/Frameworks/Python.framework/Versions/3.9/lib/python3.9/site-packages/airflow/example_dags/example_short_circuit_operator.py took 0.698 seconds
[2023-01-12T07:55:13.248-0500] {processor.py:153} INFO - Started process (PID=16173) to work on /Library/Frameworks/Python.framework/Versions/3.9/lib/python3.9/site-packages/airflow/example_dags/example_short_circuit_operator.py
[2023-01-12T07:55:13.254-0500] {processor.py:743} INFO - Processing file /Library/Frameworks/Python.framework/Versions/3.9/lib/python3.9/site-packages/airflow/example_dags/example_short_circuit_operator.py for tasks to queue
[2023-01-12T07:55:13.255-0500] {logging_mixin.py:137} INFO - [2023-01-12T07:55:13.255-0500] {dagbag.py:538} INFO - Filling up the DagBag from /Library/Frameworks/Python.framework/Versions/3.9/lib/python3.9/site-packages/airflow/example_dags/example_short_circuit_operator.py
[2023-01-12T07:55:13.299-0500] {processor.py:753} INFO - DAG(s) dict_keys(['example_short_circuit_operator']) retrieved from /Library/Frameworks/Python.framework/Versions/3.9/lib/python3.9/site-packages/airflow/example_dags/example_short_circuit_operator.py
[2023-01-12T07:55:14.003-0500] {logging_mixin.py:137} INFO - [2023-01-12T07:55:14.003-0500] {dag.py:2676} INFO - Sync 1 DAGs
[2023-01-12T07:55:14.020-0500] {logging_mixin.py:137} INFO - [2023-01-12T07:55:14.020-0500] {dag.py:3423} INFO - Setting next_dagrun for example_short_circuit_operator to 2023-01-11T12:55:14.020258+00:00, run_after=2023-01-12T12:55:14.020258+00:00
[2023-01-12T07:55:14.039-0500] {processor.py:175} INFO - Processing /Library/Frameworks/Python.framework/Versions/3.9/lib/python3.9/site-packages/airflow/example_dags/example_short_circuit_operator.py took 0.792 seconds
[2023-01-12T07:57:23.050-0500] {processor.py:153} INFO - Started process (PID=16337) to work on /Library/Frameworks/Python.framework/Versions/3.9/lib/python3.9/site-packages/airflow/example_dags/example_short_circuit_operator.py
[2023-01-12T07:57:23.057-0500] {processor.py:743} INFO - Processing file /Library/Frameworks/Python.framework/Versions/3.9/lib/python3.9/site-packages/airflow/example_dags/example_short_circuit_operator.py for tasks to queue
[2023-01-12T07:57:23.057-0500] {logging_mixin.py:137} INFO - [2023-01-12T07:57:23.057-0500] {dagbag.py:538} INFO - Filling up the DagBag from /Library/Frameworks/Python.framework/Versions/3.9/lib/python3.9/site-packages/airflow/example_dags/example_short_circuit_operator.py
[2023-01-12T07:57:23.107-0500] {processor.py:753} INFO - DAG(s) dict_keys(['example_short_circuit_operator']) retrieved from /Library/Frameworks/Python.framework/Versions/3.9/lib/python3.9/site-packages/airflow/example_dags/example_short_circuit_operator.py
[2023-01-12T07:57:23.796-0500] {logging_mixin.py:137} INFO - [2023-01-12T07:57:23.795-0500] {dag.py:2676} INFO - Sync 1 DAGs
[2023-01-12T07:57:23.814-0500] {logging_mixin.py:137} INFO - [2023-01-12T07:57:23.814-0500] {dag.py:3423} INFO - Setting next_dagrun for example_short_circuit_operator to 2023-01-11T12:57:23.814368+00:00, run_after=2023-01-12T12:57:23.814368+00:00
[2023-01-12T07:57:23.835-0500] {processor.py:175} INFO - Processing /Library/Frameworks/Python.framework/Versions/3.9/lib/python3.9/site-packages/airflow/example_dags/example_short_circuit_operator.py took 0.786 seconds
[2023-01-12T07:59:15.227-0500] {processor.py:153} INFO - Started process (PID=16375) to work on /Library/Frameworks/Python.framework/Versions/3.9/lib/python3.9/site-packages/airflow/example_dags/example_short_circuit_operator.py
[2023-01-12T07:59:15.236-0500] {processor.py:743} INFO - Processing file /Library/Frameworks/Python.framework/Versions/3.9/lib/python3.9/site-packages/airflow/example_dags/example_short_circuit_operator.py for tasks to queue
[2023-01-12T07:59:15.237-0500] {logging_mixin.py:137} INFO - [2023-01-12T07:59:15.237-0500] {dagbag.py:538} INFO - Filling up the DagBag from /Library/Frameworks/Python.framework/Versions/3.9/lib/python3.9/site-packages/airflow/example_dags/example_short_circuit_operator.py
[2023-01-12T07:59:15.287-0500] {processor.py:753} INFO - DAG(s) dict_keys(['example_short_circuit_operator']) retrieved from /Library/Frameworks/Python.framework/Versions/3.9/lib/python3.9/site-packages/airflow/example_dags/example_short_circuit_operator.py
[2023-01-12T07:59:16.046-0500] {logging_mixin.py:137} INFO - [2023-01-12T07:59:16.046-0500] {dag.py:2676} INFO - Sync 1 DAGs
[2023-01-12T07:59:16.066-0500] {logging_mixin.py:137} INFO - [2023-01-12T07:59:16.066-0500] {dag.py:3423} INFO - Setting next_dagrun for example_short_circuit_operator to 2023-01-11T12:59:16.066538+00:00, run_after=2023-01-12T12:59:16.066538+00:00
[2023-01-12T07:59:16.088-0500] {processor.py:175} INFO - Processing /Library/Frameworks/Python.framework/Versions/3.9/lib/python3.9/site-packages/airflow/example_dags/example_short_circuit_operator.py took 0.861 seconds
[2023-01-12T08:01:08.777-0500] {processor.py:153} INFO - Started process (PID=16481) to work on /Library/Frameworks/Python.framework/Versions/3.9/lib/python3.9/site-packages/airflow/example_dags/example_short_circuit_operator.py
[2023-01-12T08:01:08.788-0500] {processor.py:743} INFO - Processing file /Library/Frameworks/Python.framework/Versions/3.9/lib/python3.9/site-packages/airflow/example_dags/example_short_circuit_operator.py for tasks to queue
[2023-01-12T08:01:08.789-0500] {logging_mixin.py:137} INFO - [2023-01-12T08:01:08.788-0500] {dagbag.py:538} INFO - Filling up the DagBag from /Library/Frameworks/Python.framework/Versions/3.9/lib/python3.9/site-packages/airflow/example_dags/example_short_circuit_operator.py
[2023-01-12T08:01:08.957-0500] {processor.py:753} INFO - DAG(s) dict_keys(['example_short_circuit_operator']) retrieved from /Library/Frameworks/Python.framework/Versions/3.9/lib/python3.9/site-packages/airflow/example_dags/example_short_circuit_operator.py
[2023-01-12T08:01:10.241-0500] {logging_mixin.py:137} INFO - [2023-01-12T08:01:10.241-0500] {dag.py:2676} INFO - Sync 1 DAGs
[2023-01-12T08:01:10.273-0500] {logging_mixin.py:137} INFO - [2023-01-12T08:01:10.273-0500] {dag.py:3423} INFO - Setting next_dagrun for example_short_circuit_operator to 2023-01-11T13:01:10.273503+00:00, run_after=2023-01-12T13:01:10.273503+00:00
[2023-01-12T08:01:10.307-0500] {processor.py:175} INFO - Processing /Library/Frameworks/Python.framework/Versions/3.9/lib/python3.9/site-packages/airflow/example_dags/example_short_circuit_operator.py took 1.533 seconds
[2023-01-12T08:05:14.536-0500] {processor.py:153} INFO - Started process (PID=16598) to work on /Library/Frameworks/Python.framework/Versions/3.9/lib/python3.9/site-packages/airflow/example_dags/example_short_circuit_operator.py
[2023-01-12T08:05:14.575-0500] {processor.py:743} INFO - Processing file /Library/Frameworks/Python.framework/Versions/3.9/lib/python3.9/site-packages/airflow/example_dags/example_short_circuit_operator.py for tasks to queue
[2023-01-12T08:05:14.577-0500] {logging_mixin.py:137} INFO - [2023-01-12T08:05:14.577-0500] {dagbag.py:538} INFO - Filling up the DagBag from /Library/Frameworks/Python.framework/Versions/3.9/lib/python3.9/site-packages/airflow/example_dags/example_short_circuit_operator.py
[2023-01-12T08:05:14.972-0500] {processor.py:753} INFO - DAG(s) dict_keys(['example_short_circuit_operator']) retrieved from /Library/Frameworks/Python.framework/Versions/3.9/lib/python3.9/site-packages/airflow/example_dags/example_short_circuit_operator.py
[2023-01-12T08:05:16.858-0500] {logging_mixin.py:137} INFO - [2023-01-12T08:05:16.857-0500] {dag.py:2676} INFO - Sync 1 DAGs
[2023-01-12T08:05:16.913-0500] {logging_mixin.py:137} INFO - [2023-01-12T08:05:16.913-0500] {dag.py:3423} INFO - Setting next_dagrun for example_short_circuit_operator to 2023-01-11T13:05:16.913056+00:00, run_after=2023-01-12T13:05:16.913056+00:00
[2023-01-12T08:05:16.994-0500] {processor.py:175} INFO - Processing /Library/Frameworks/Python.framework/Versions/3.9/lib/python3.9/site-packages/airflow/example_dags/example_short_circuit_operator.py took 2.467 seconds
[2023-01-12T08:09:28.838-0500] {processor.py:153} INFO - Started process (PID=16695) to work on /Library/Frameworks/Python.framework/Versions/3.9/lib/python3.9/site-packages/airflow/example_dags/example_short_circuit_operator.py
[2023-01-12T08:09:28.848-0500] {processor.py:743} INFO - Processing file /Library/Frameworks/Python.framework/Versions/3.9/lib/python3.9/site-packages/airflow/example_dags/example_short_circuit_operator.py for tasks to queue
[2023-01-12T08:09:28.849-0500] {logging_mixin.py:137} INFO - [2023-01-12T08:09:28.849-0500] {dagbag.py:538} INFO - Filling up the DagBag from /Library/Frameworks/Python.framework/Versions/3.9/lib/python3.9/site-packages/airflow/example_dags/example_short_circuit_operator.py
[2023-01-12T08:09:28.930-0500] {processor.py:753} INFO - DAG(s) dict_keys(['example_short_circuit_operator']) retrieved from /Library/Frameworks/Python.framework/Versions/3.9/lib/python3.9/site-packages/airflow/example_dags/example_short_circuit_operator.py
[2023-01-12T08:09:30.876-0500] {logging_mixin.py:137} INFO - [2023-01-12T08:09:30.875-0500] {dag.py:2676} INFO - Sync 1 DAGs
[2023-01-12T08:09:30.913-0500] {logging_mixin.py:137} INFO - [2023-01-12T08:09:30.913-0500] {dag.py:3423} INFO - Setting next_dagrun for example_short_circuit_operator to 2023-01-11T13:09:30.913166+00:00, run_after=2023-01-12T13:09:30.913166+00:00
[2023-01-12T08:09:30.946-0500] {processor.py:175} INFO - Processing /Library/Frameworks/Python.framework/Versions/3.9/lib/python3.9/site-packages/airflow/example_dags/example_short_circuit_operator.py took 2.109 seconds
[2023-01-12T08:17:42.135-0500] {processor.py:153} INFO - Started process (PID=17138) to work on /Library/Frameworks/Python.framework/Versions/3.9/lib/python3.9/site-packages/airflow/example_dags/example_short_circuit_operator.py
[2023-01-12T08:17:42.145-0500] {processor.py:743} INFO - Processing file /Library/Frameworks/Python.framework/Versions/3.9/lib/python3.9/site-packages/airflow/example_dags/example_short_circuit_operator.py for tasks to queue
[2023-01-12T08:17:42.146-0500] {logging_mixin.py:137} INFO - [2023-01-12T08:17:42.146-0500] {dagbag.py:538} INFO - Filling up the DagBag from /Library/Frameworks/Python.framework/Versions/3.9/lib/python3.9/site-packages/airflow/example_dags/example_short_circuit_operator.py
[2023-01-12T08:17:42.220-0500] {processor.py:753} INFO - DAG(s) dict_keys(['example_short_circuit_operator']) retrieved from /Library/Frameworks/Python.framework/Versions/3.9/lib/python3.9/site-packages/airflow/example_dags/example_short_circuit_operator.py
[2023-01-12T08:17:57.662-0500] {logging_mixin.py:137} INFO - [2023-01-12T08:17:57.662-0500] {dag.py:2676} INFO - Sync 1 DAGs
[2023-01-12T08:17:57.701-0500] {logging_mixin.py:137} INFO - [2023-01-12T08:17:57.700-0500] {dag.py:3423} INFO - Setting next_dagrun for example_short_circuit_operator to 2023-01-11T13:17:57.698617+00:00, run_after=2023-01-12T13:17:57.698617+00:00
[2023-01-12T08:17:57.765-0500] {processor.py:175} INFO - Processing /Library/Frameworks/Python.framework/Versions/3.9/lib/python3.9/site-packages/airflow/example_dags/example_short_circuit_operator.py took 15.626 seconds
[2023-01-12T08:25:33.634-0500] {processor.py:153} INFO - Started process (PID=17433) to work on /Library/Frameworks/Python.framework/Versions/3.9/lib/python3.9/site-packages/airflow/example_dags/example_short_circuit_operator.py
[2023-01-12T08:25:33.643-0500] {processor.py:743} INFO - Processing file /Library/Frameworks/Python.framework/Versions/3.9/lib/python3.9/site-packages/airflow/example_dags/example_short_circuit_operator.py for tasks to queue
[2023-01-12T08:25:33.644-0500] {logging_mixin.py:137} INFO - [2023-01-12T08:25:33.644-0500] {dagbag.py:538} INFO - Filling up the DagBag from /Library/Frameworks/Python.framework/Versions/3.9/lib/python3.9/site-packages/airflow/example_dags/example_short_circuit_operator.py
[2023-01-12T08:25:33.716-0500] {processor.py:753} INFO - DAG(s) dict_keys(['example_short_circuit_operator']) retrieved from /Library/Frameworks/Python.framework/Versions/3.9/lib/python3.9/site-packages/airflow/example_dags/example_short_circuit_operator.py
[2023-01-12T08:26:11.252-0500] {logging_mixin.py:137} INFO - [2023-01-12T08:26:11.248-0500] {dag.py:2676} INFO - Sync 1 DAGs
[2023-01-12T08:26:11.325-0500] {logging_mixin.py:137} INFO - [2023-01-12T08:26:11.324-0500] {dag.py:3423} INFO - Setting next_dagrun for example_short_circuit_operator to 2023-01-11T13:26:11.321140+00:00, run_after=2023-01-12T13:26:11.321140+00:00
[2023-01-12T08:26:11.406-0500] {processor.py:175} INFO - Processing /Library/Frameworks/Python.framework/Versions/3.9/lib/python3.9/site-packages/airflow/example_dags/example_short_circuit_operator.py took 37.768 seconds
