[2023-01-12T06:01:29.518-0500] {processor.py:153} INFO - Started process (PID=14782) to work on /Library/Frameworks/Python.framework/Versions/3.9/lib/python3.9/site-packages/airflow/example_dags/example_xcomargs.py
[2023-01-12T06:01:29.523-0500] {processor.py:743} INFO - Processing file /Library/Frameworks/Python.framework/Versions/3.9/lib/python3.9/site-packages/airflow/example_dags/example_xcomargs.py for tasks to queue
[2023-01-12T06:01:29.523-0500] {logging_mixin.py:137} INFO - [2023-01-12T06:01:29.523-0500] {dagbag.py:538} INFO - Filling up the DagBag from /Library/Frameworks/Python.framework/Versions/3.9/lib/python3.9/site-packages/airflow/example_dags/example_xcomargs.py
[2023-01-12T06:01:29.573-0500] {processor.py:753} INFO - DAG(s) dict_keys(['example_xcom_args_with_operators', 'example_xcom_args']) retrieved from /Library/Frameworks/Python.framework/Versions/3.9/lib/python3.9/site-packages/airflow/example_dags/example_xcomargs.py
[2023-01-12T06:01:30.147-0500] {logging_mixin.py:137} INFO - [2023-01-12T06:01:30.147-0500] {dag.py:2676} INFO - Sync 2 DAGs
[2023-01-12T06:01:30.163-0500] {logging_mixin.py:137} INFO - [2023-01-12T06:01:30.163-0500] {dag.py:3423} INFO - Setting next_dagrun for example_xcom_args to None, run_after=None
[2023-01-12T06:01:30.165-0500] {logging_mixin.py:137} INFO - [2023-01-12T06:01:30.165-0500] {dag.py:3423} INFO - Setting next_dagrun for example_xcom_args_with_operators to None, run_after=None
[2023-01-12T06:01:30.181-0500] {processor.py:175} INFO - Processing /Library/Frameworks/Python.framework/Versions/3.9/lib/python3.9/site-packages/airflow/example_dags/example_xcomargs.py took 0.663 seconds
[2023-01-12T07:24:21.441-0500] {processor.py:153} INFO - Started process (PID=15028) to work on /Library/Frameworks/Python.framework/Versions/3.9/lib/python3.9/site-packages/airflow/example_dags/example_xcomargs.py
[2023-01-12T07:24:21.447-0500] {processor.py:743} INFO - Processing file /Library/Frameworks/Python.framework/Versions/3.9/lib/python3.9/site-packages/airflow/example_dags/example_xcomargs.py for tasks to queue
[2023-01-12T07:24:21.447-0500] {logging_mixin.py:137} INFO - [2023-01-12T07:24:21.447-0500] {dagbag.py:538} INFO - Filling up the DagBag from /Library/Frameworks/Python.framework/Versions/3.9/lib/python3.9/site-packages/airflow/example_dags/example_xcomargs.py
[2023-01-12T07:24:21.507-0500] {processor.py:753} INFO - DAG(s) dict_keys(['example_xcom_args_with_operators', 'example_xcom_args']) retrieved from /Library/Frameworks/Python.framework/Versions/3.9/lib/python3.9/site-packages/airflow/example_dags/example_xcomargs.py
[2023-01-12T07:24:22.133-0500] {logging_mixin.py:137} INFO - [2023-01-12T07:24:22.133-0500] {dag.py:2676} INFO - Sync 2 DAGs
[2023-01-12T07:24:22.149-0500] {logging_mixin.py:137} INFO - [2023-01-12T07:24:22.149-0500] {dag.py:3423} INFO - Setting next_dagrun for example_xcom_args to None, run_after=None
[2023-01-12T07:24:22.152-0500] {logging_mixin.py:137} INFO - [2023-01-12T07:24:22.152-0500] {dag.py:3423} INFO - Setting next_dagrun for example_xcom_args_with_operators to None, run_after=None
[2023-01-12T07:24:22.174-0500] {processor.py:175} INFO - Processing /Library/Frameworks/Python.framework/Versions/3.9/lib/python3.9/site-packages/airflow/example_dags/example_xcomargs.py took 0.733 seconds
[2023-01-12T07:26:15.714-0500] {processor.py:153} INFO - Started process (PID=15109) to work on /Library/Frameworks/Python.framework/Versions/3.9/lib/python3.9/site-packages/airflow/example_dags/example_xcomargs.py
[2023-01-12T07:26:15.720-0500] {processor.py:743} INFO - Processing file /Library/Frameworks/Python.framework/Versions/3.9/lib/python3.9/site-packages/airflow/example_dags/example_xcomargs.py for tasks to queue
[2023-01-12T07:26:15.720-0500] {logging_mixin.py:137} INFO - [2023-01-12T07:26:15.720-0500] {dagbag.py:538} INFO - Filling up the DagBag from /Library/Frameworks/Python.framework/Versions/3.9/lib/python3.9/site-packages/airflow/example_dags/example_xcomargs.py
[2023-01-12T07:26:15.788-0500] {processor.py:753} INFO - DAG(s) dict_keys(['example_xcom_args_with_operators', 'example_xcom_args']) retrieved from /Library/Frameworks/Python.framework/Versions/3.9/lib/python3.9/site-packages/airflow/example_dags/example_xcomargs.py
[2023-01-12T07:26:16.438-0500] {logging_mixin.py:137} INFO - [2023-01-12T07:26:16.438-0500] {dag.py:2676} INFO - Sync 2 DAGs
[2023-01-12T07:26:16.456-0500] {logging_mixin.py:137} INFO - [2023-01-12T07:26:16.455-0500] {dag.py:3423} INFO - Setting next_dagrun for example_xcom_args to None, run_after=None
[2023-01-12T07:26:16.458-0500] {logging_mixin.py:137} INFO - [2023-01-12T07:26:16.458-0500] {dag.py:3423} INFO - Setting next_dagrun for example_xcom_args_with_operators to None, run_after=None
[2023-01-12T07:26:16.476-0500] {processor.py:175} INFO - Processing /Library/Frameworks/Python.framework/Versions/3.9/lib/python3.9/site-packages/airflow/example_dags/example_xcomargs.py took 0.763 seconds
[2023-01-12T07:28:01.605-0500] {processor.py:153} INFO - Started process (PID=15156) to work on /Library/Frameworks/Python.framework/Versions/3.9/lib/python3.9/site-packages/airflow/example_dags/example_xcomargs.py
[2023-01-12T07:28:01.611-0500] {processor.py:743} INFO - Processing file /Library/Frameworks/Python.framework/Versions/3.9/lib/python3.9/site-packages/airflow/example_dags/example_xcomargs.py for tasks to queue
[2023-01-12T07:28:01.612-0500] {logging_mixin.py:137} INFO - [2023-01-12T07:28:01.611-0500] {dagbag.py:538} INFO - Filling up the DagBag from /Library/Frameworks/Python.framework/Versions/3.9/lib/python3.9/site-packages/airflow/example_dags/example_xcomargs.py
[2023-01-12T07:28:01.664-0500] {processor.py:753} INFO - DAG(s) dict_keys(['example_xcom_args', 'example_xcom_args_with_operators']) retrieved from /Library/Frameworks/Python.framework/Versions/3.9/lib/python3.9/site-packages/airflow/example_dags/example_xcomargs.py
[2023-01-12T07:28:02.309-0500] {logging_mixin.py:137} INFO - [2023-01-12T07:28:02.309-0500] {dag.py:2676} INFO - Sync 2 DAGs
[2023-01-12T07:28:02.326-0500] {logging_mixin.py:137} INFO - [2023-01-12T07:28:02.326-0500] {dag.py:3423} INFO - Setting next_dagrun for example_xcom_args to None, run_after=None
[2023-01-12T07:28:02.329-0500] {logging_mixin.py:137} INFO - [2023-01-12T07:28:02.329-0500] {dag.py:3423} INFO - Setting next_dagrun for example_xcom_args_with_operators to None, run_after=None
[2023-01-12T07:28:02.346-0500] {processor.py:175} INFO - Processing /Library/Frameworks/Python.framework/Versions/3.9/lib/python3.9/site-packages/airflow/example_dags/example_xcomargs.py took 0.742 seconds
[2023-01-12T07:29:44.567-0500] {processor.py:153} INFO - Started process (PID=15241) to work on /Library/Frameworks/Python.framework/Versions/3.9/lib/python3.9/site-packages/airflow/example_dags/example_xcomargs.py
[2023-01-12T07:29:44.573-0500] {processor.py:743} INFO - Processing file /Library/Frameworks/Python.framework/Versions/3.9/lib/python3.9/site-packages/airflow/example_dags/example_xcomargs.py for tasks to queue
[2023-01-12T07:29:44.573-0500] {logging_mixin.py:137} INFO - [2023-01-12T07:29:44.573-0500] {dagbag.py:538} INFO - Filling up the DagBag from /Library/Frameworks/Python.framework/Versions/3.9/lib/python3.9/site-packages/airflow/example_dags/example_xcomargs.py
[2023-01-12T07:29:44.635-0500] {processor.py:753} INFO - DAG(s) dict_keys(['example_xcom_args_with_operators', 'example_xcom_args']) retrieved from /Library/Frameworks/Python.framework/Versions/3.9/lib/python3.9/site-packages/airflow/example_dags/example_xcomargs.py
[2023-01-12T07:29:45.429-0500] {logging_mixin.py:137} INFO - [2023-01-12T07:29:45.429-0500] {dag.py:2676} INFO - Sync 2 DAGs
[2023-01-12T07:29:45.452-0500] {logging_mixin.py:137} INFO - [2023-01-12T07:29:45.452-0500] {dag.py:3423} INFO - Setting next_dagrun for example_xcom_args to None, run_after=None
[2023-01-12T07:29:45.456-0500] {logging_mixin.py:137} INFO - [2023-01-12T07:29:45.456-0500] {dag.py:3423} INFO - Setting next_dagrun for example_xcom_args_with_operators to None, run_after=None
[2023-01-12T07:29:45.475-0500] {processor.py:175} INFO - Processing /Library/Frameworks/Python.framework/Versions/3.9/lib/python3.9/site-packages/airflow/example_dags/example_xcomargs.py took 0.909 seconds
[2023-01-12T07:31:36.714-0500] {processor.py:153} INFO - Started process (PID=15444) to work on /Library/Frameworks/Python.framework/Versions/3.9/lib/python3.9/site-packages/airflow/example_dags/example_xcomargs.py
[2023-01-12T07:31:36.722-0500] {processor.py:743} INFO - Processing file /Library/Frameworks/Python.framework/Versions/3.9/lib/python3.9/site-packages/airflow/example_dags/example_xcomargs.py for tasks to queue
[2023-01-12T07:31:36.723-0500] {logging_mixin.py:137} INFO - [2023-01-12T07:31:36.722-0500] {dagbag.py:538} INFO - Filling up the DagBag from /Library/Frameworks/Python.framework/Versions/3.9/lib/python3.9/site-packages/airflow/example_dags/example_xcomargs.py
[2023-01-12T07:31:36.786-0500] {processor.py:753} INFO - DAG(s) dict_keys(['example_xcom_args_with_operators', 'example_xcom_args']) retrieved from /Library/Frameworks/Python.framework/Versions/3.9/lib/python3.9/site-packages/airflow/example_dags/example_xcomargs.py
[2023-01-12T07:31:37.431-0500] {logging_mixin.py:137} INFO - [2023-01-12T07:31:37.430-0500] {dag.py:2676} INFO - Sync 2 DAGs
[2023-01-12T07:31:37.449-0500] {logging_mixin.py:137} INFO - [2023-01-12T07:31:37.449-0500] {dag.py:3423} INFO - Setting next_dagrun for example_xcom_args to None, run_after=None
[2023-01-12T07:31:37.452-0500] {logging_mixin.py:137} INFO - [2023-01-12T07:31:37.452-0500] {dag.py:3423} INFO - Setting next_dagrun for example_xcom_args_with_operators to None, run_after=None
[2023-01-12T07:31:37.468-0500] {processor.py:175} INFO - Processing /Library/Frameworks/Python.framework/Versions/3.9/lib/python3.9/site-packages/airflow/example_dags/example_xcomargs.py took 0.755 seconds
[2023-01-12T07:33:23.680-0500] {processor.py:153} INFO - Started process (PID=15495) to work on /Library/Frameworks/Python.framework/Versions/3.9/lib/python3.9/site-packages/airflow/example_dags/example_xcomargs.py
[2023-01-12T07:33:23.686-0500] {processor.py:743} INFO - Processing file /Library/Frameworks/Python.framework/Versions/3.9/lib/python3.9/site-packages/airflow/example_dags/example_xcomargs.py for tasks to queue
[2023-01-12T07:33:23.686-0500] {logging_mixin.py:137} INFO - [2023-01-12T07:33:23.686-0500] {dagbag.py:538} INFO - Filling up the DagBag from /Library/Frameworks/Python.framework/Versions/3.9/lib/python3.9/site-packages/airflow/example_dags/example_xcomargs.py
[2023-01-12T07:33:23.736-0500] {processor.py:753} INFO - DAG(s) dict_keys(['example_xcom_args', 'example_xcom_args_with_operators']) retrieved from /Library/Frameworks/Python.framework/Versions/3.9/lib/python3.9/site-packages/airflow/example_dags/example_xcomargs.py
[2023-01-12T07:33:24.347-0500] {logging_mixin.py:137} INFO - [2023-01-12T07:33:24.347-0500] {dag.py:2676} INFO - Sync 2 DAGs
[2023-01-12T07:33:24.364-0500] {logging_mixin.py:137} INFO - [2023-01-12T07:33:24.364-0500] {dag.py:3423} INFO - Setting next_dagrun for example_xcom_args to None, run_after=None
[2023-01-12T07:33:24.367-0500] {logging_mixin.py:137} INFO - [2023-01-12T07:33:24.366-0500] {dag.py:3423} INFO - Setting next_dagrun for example_xcom_args_with_operators to None, run_after=None
[2023-01-12T07:33:24.384-0500] {processor.py:175} INFO - Processing /Library/Frameworks/Python.framework/Versions/3.9/lib/python3.9/site-packages/airflow/example_dags/example_xcomargs.py took 0.705 seconds
[2023-01-12T07:35:10.819-0500] {processor.py:153} INFO - Started process (PID=15538) to work on /Library/Frameworks/Python.framework/Versions/3.9/lib/python3.9/site-packages/airflow/example_dags/example_xcomargs.py
[2023-01-12T07:35:10.825-0500] {processor.py:743} INFO - Processing file /Library/Frameworks/Python.framework/Versions/3.9/lib/python3.9/site-packages/airflow/example_dags/example_xcomargs.py for tasks to queue
[2023-01-12T07:35:10.826-0500] {logging_mixin.py:137} INFO - [2023-01-12T07:35:10.826-0500] {dagbag.py:538} INFO - Filling up the DagBag from /Library/Frameworks/Python.framework/Versions/3.9/lib/python3.9/site-packages/airflow/example_dags/example_xcomargs.py
[2023-01-12T07:35:10.931-0500] {processor.py:753} INFO - DAG(s) dict_keys(['example_xcom_args', 'example_xcom_args_with_operators']) retrieved from /Library/Frameworks/Python.framework/Versions/3.9/lib/python3.9/site-packages/airflow/example_dags/example_xcomargs.py
[2023-01-12T07:35:11.735-0500] {logging_mixin.py:137} INFO - [2023-01-12T07:35:11.735-0500] {dag.py:2676} INFO - Sync 2 DAGs
[2023-01-12T07:35:11.756-0500] {logging_mixin.py:137} INFO - [2023-01-12T07:35:11.756-0500] {dag.py:3423} INFO - Setting next_dagrun for example_xcom_args to None, run_after=None
[2023-01-12T07:35:11.759-0500] {logging_mixin.py:137} INFO - [2023-01-12T07:35:11.759-0500] {dag.py:3423} INFO - Setting next_dagrun for example_xcom_args_with_operators to None, run_after=None
[2023-01-12T07:35:11.777-0500] {processor.py:175} INFO - Processing /Library/Frameworks/Python.framework/Versions/3.9/lib/python3.9/site-packages/airflow/example_dags/example_xcomargs.py took 0.959 seconds
[2023-01-12T07:36:59.810-0500] {processor.py:153} INFO - Started process (PID=15579) to work on /Library/Frameworks/Python.framework/Versions/3.9/lib/python3.9/site-packages/airflow/example_dags/example_xcomargs.py
[2023-01-12T07:36:59.816-0500] {processor.py:743} INFO - Processing file /Library/Frameworks/Python.framework/Versions/3.9/lib/python3.9/site-packages/airflow/example_dags/example_xcomargs.py for tasks to queue
[2023-01-12T07:36:59.817-0500] {logging_mixin.py:137} INFO - [2023-01-12T07:36:59.816-0500] {dagbag.py:538} INFO - Filling up the DagBag from /Library/Frameworks/Python.framework/Versions/3.9/lib/python3.9/site-packages/airflow/example_dags/example_xcomargs.py
[2023-01-12T07:36:59.872-0500] {processor.py:753} INFO - DAG(s) dict_keys(['example_xcom_args', 'example_xcom_args_with_operators']) retrieved from /Library/Frameworks/Python.framework/Versions/3.9/lib/python3.9/site-packages/airflow/example_dags/example_xcomargs.py
[2023-01-12T07:37:00.528-0500] {logging_mixin.py:137} INFO - [2023-01-12T07:37:00.527-0500] {dag.py:2676} INFO - Sync 2 DAGs
[2023-01-12T07:37:00.544-0500] {logging_mixin.py:137} INFO - [2023-01-12T07:37:00.544-0500] {dag.py:3423} INFO - Setting next_dagrun for example_xcom_args to None, run_after=None
[2023-01-12T07:37:00.546-0500] {logging_mixin.py:137} INFO - [2023-01-12T07:37:00.546-0500] {dag.py:3423} INFO - Setting next_dagrun for example_xcom_args_with_operators to None, run_after=None
[2023-01-12T07:37:00.563-0500] {processor.py:175} INFO - Processing /Library/Frameworks/Python.framework/Versions/3.9/lib/python3.9/site-packages/airflow/example_dags/example_xcomargs.py took 0.753 seconds
[2023-01-12T07:38:47.564-0500] {processor.py:153} INFO - Started process (PID=15625) to work on /Library/Frameworks/Python.framework/Versions/3.9/lib/python3.9/site-packages/airflow/example_dags/example_xcomargs.py
[2023-01-12T07:38:47.570-0500] {processor.py:743} INFO - Processing file /Library/Frameworks/Python.framework/Versions/3.9/lib/python3.9/site-packages/airflow/example_dags/example_xcomargs.py for tasks to queue
[2023-01-12T07:38:47.571-0500] {logging_mixin.py:137} INFO - [2023-01-12T07:38:47.571-0500] {dagbag.py:538} INFO - Filling up the DagBag from /Library/Frameworks/Python.framework/Versions/3.9/lib/python3.9/site-packages/airflow/example_dags/example_xcomargs.py
[2023-01-12T07:38:47.626-0500] {processor.py:753} INFO - DAG(s) dict_keys(['example_xcom_args', 'example_xcom_args_with_operators']) retrieved from /Library/Frameworks/Python.framework/Versions/3.9/lib/python3.9/site-packages/airflow/example_dags/example_xcomargs.py
[2023-01-12T07:38:48.413-0500] {logging_mixin.py:137} INFO - [2023-01-12T07:38:48.413-0500] {dag.py:2676} INFO - Sync 2 DAGs
[2023-01-12T07:38:48.430-0500] {logging_mixin.py:137} INFO - [2023-01-12T07:38:48.430-0500] {dag.py:3423} INFO - Setting next_dagrun for example_xcom_args to None, run_after=None
[2023-01-12T07:38:48.432-0500] {logging_mixin.py:137} INFO - [2023-01-12T07:38:48.432-0500] {dag.py:3423} INFO - Setting next_dagrun for example_xcom_args_with_operators to None, run_after=None
[2023-01-12T07:38:48.450-0500] {processor.py:175} INFO - Processing /Library/Frameworks/Python.framework/Versions/3.9/lib/python3.9/site-packages/airflow/example_dags/example_xcomargs.py took 0.887 seconds
[2023-01-12T07:40:49.099-0500] {processor.py:153} INFO - Started process (PID=15747) to work on /Library/Frameworks/Python.framework/Versions/3.9/lib/python3.9/site-packages/airflow/example_dags/example_xcomargs.py
[2023-01-12T07:40:49.106-0500] {processor.py:743} INFO - Processing file /Library/Frameworks/Python.framework/Versions/3.9/lib/python3.9/site-packages/airflow/example_dags/example_xcomargs.py for tasks to queue
[2023-01-12T07:40:49.106-0500] {logging_mixin.py:137} INFO - [2023-01-12T07:40:49.106-0500] {dagbag.py:538} INFO - Filling up the DagBag from /Library/Frameworks/Python.framework/Versions/3.9/lib/python3.9/site-packages/airflow/example_dags/example_xcomargs.py
[2023-01-12T07:40:49.177-0500] {processor.py:753} INFO - DAG(s) dict_keys(['example_xcom_args', 'example_xcom_args_with_operators']) retrieved from /Library/Frameworks/Python.framework/Versions/3.9/lib/python3.9/site-packages/airflow/example_dags/example_xcomargs.py
[2023-01-12T07:40:50.019-0500] {logging_mixin.py:137} INFO - [2023-01-12T07:40:50.018-0500] {dag.py:2676} INFO - Sync 2 DAGs
[2023-01-12T07:40:50.038-0500] {logging_mixin.py:137} INFO - [2023-01-12T07:40:50.038-0500] {dag.py:3423} INFO - Setting next_dagrun for example_xcom_args to None, run_after=None
[2023-01-12T07:40:50.042-0500] {logging_mixin.py:137} INFO - [2023-01-12T07:40:50.041-0500] {dag.py:3423} INFO - Setting next_dagrun for example_xcom_args_with_operators to None, run_after=None
[2023-01-12T07:40:50.061-0500] {processor.py:175} INFO - Processing /Library/Frameworks/Python.framework/Versions/3.9/lib/python3.9/site-packages/airflow/example_dags/example_xcomargs.py took 0.963 seconds
[2023-01-12T07:42:51.592-0500] {processor.py:153} INFO - Started process (PID=15794) to work on /Library/Frameworks/Python.framework/Versions/3.9/lib/python3.9/site-packages/airflow/example_dags/example_xcomargs.py
[2023-01-12T07:42:51.605-0500] {processor.py:743} INFO - Processing file /Library/Frameworks/Python.framework/Versions/3.9/lib/python3.9/site-packages/airflow/example_dags/example_xcomargs.py for tasks to queue
[2023-01-12T07:42:51.608-0500] {logging_mixin.py:137} INFO - [2023-01-12T07:42:51.608-0500] {dagbag.py:538} INFO - Filling up the DagBag from /Library/Frameworks/Python.framework/Versions/3.9/lib/python3.9/site-packages/airflow/example_dags/example_xcomargs.py
[2023-01-12T07:42:51.677-0500] {processor.py:753} INFO - DAG(s) dict_keys(['example_xcom_args_with_operators', 'example_xcom_args']) retrieved from /Library/Frameworks/Python.framework/Versions/3.9/lib/python3.9/site-packages/airflow/example_dags/example_xcomargs.py
[2023-01-12T07:42:52.540-0500] {logging_mixin.py:137} INFO - [2023-01-12T07:42:52.540-0500] {dag.py:2676} INFO - Sync 2 DAGs
[2023-01-12T07:42:52.561-0500] {logging_mixin.py:137} INFO - [2023-01-12T07:42:52.561-0500] {dag.py:3423} INFO - Setting next_dagrun for example_xcom_args to None, run_after=None
[2023-01-12T07:42:52.564-0500] {logging_mixin.py:137} INFO - [2023-01-12T07:42:52.564-0500] {dag.py:3423} INFO - Setting next_dagrun for example_xcom_args_with_operators to None, run_after=None
[2023-01-12T07:42:52.585-0500] {processor.py:175} INFO - Processing /Library/Frameworks/Python.framework/Versions/3.9/lib/python3.9/site-packages/airflow/example_dags/example_xcomargs.py took 0.994 seconds
[2023-01-12T07:44:52.825-0500] {processor.py:153} INFO - Started process (PID=15849) to work on /Library/Frameworks/Python.framework/Versions/3.9/lib/python3.9/site-packages/airflow/example_dags/example_xcomargs.py
[2023-01-12T07:44:52.833-0500] {processor.py:743} INFO - Processing file /Library/Frameworks/Python.framework/Versions/3.9/lib/python3.9/site-packages/airflow/example_dags/example_xcomargs.py for tasks to queue
[2023-01-12T07:44:52.833-0500] {logging_mixin.py:137} INFO - [2023-01-12T07:44:52.833-0500] {dagbag.py:538} INFO - Filling up the DagBag from /Library/Frameworks/Python.framework/Versions/3.9/lib/python3.9/site-packages/airflow/example_dags/example_xcomargs.py
[2023-01-12T07:44:52.913-0500] {processor.py:753} INFO - DAG(s) dict_keys(['example_xcom_args', 'example_xcom_args_with_operators']) retrieved from /Library/Frameworks/Python.framework/Versions/3.9/lib/python3.9/site-packages/airflow/example_dags/example_xcomargs.py
[2023-01-12T07:44:53.723-0500] {logging_mixin.py:137} INFO - [2023-01-12T07:44:53.723-0500] {dag.py:2676} INFO - Sync 2 DAGs
[2023-01-12T07:44:53.744-0500] {logging_mixin.py:137} INFO - [2023-01-12T07:44:53.744-0500] {dag.py:3423} INFO - Setting next_dagrun for example_xcom_args to None, run_after=None
[2023-01-12T07:44:53.747-0500] {logging_mixin.py:137} INFO - [2023-01-12T07:44:53.747-0500] {dag.py:3423} INFO - Setting next_dagrun for example_xcom_args_with_operators to None, run_after=None
[2023-01-12T07:44:53.767-0500] {processor.py:175} INFO - Processing /Library/Frameworks/Python.framework/Versions/3.9/lib/python3.9/site-packages/airflow/example_dags/example_xcomargs.py took 0.943 seconds
[2023-01-12T07:46:48.801-0500] {processor.py:153} INFO - Started process (PID=15914) to work on /Library/Frameworks/Python.framework/Versions/3.9/lib/python3.9/site-packages/airflow/example_dags/example_xcomargs.py
[2023-01-12T07:46:48.808-0500] {processor.py:743} INFO - Processing file /Library/Frameworks/Python.framework/Versions/3.9/lib/python3.9/site-packages/airflow/example_dags/example_xcomargs.py for tasks to queue
[2023-01-12T07:46:48.809-0500] {logging_mixin.py:137} INFO - [2023-01-12T07:46:48.808-0500] {dagbag.py:538} INFO - Filling up the DagBag from /Library/Frameworks/Python.framework/Versions/3.9/lib/python3.9/site-packages/airflow/example_dags/example_xcomargs.py
[2023-01-12T07:46:48.877-0500] {processor.py:753} INFO - DAG(s) dict_keys(['example_xcom_args_with_operators', 'example_xcom_args']) retrieved from /Library/Frameworks/Python.framework/Versions/3.9/lib/python3.9/site-packages/airflow/example_dags/example_xcomargs.py
[2023-01-12T07:46:49.935-0500] {logging_mixin.py:137} INFO - [2023-01-12T07:46:49.935-0500] {dag.py:2676} INFO - Sync 2 DAGs
[2023-01-12T07:46:49.960-0500] {logging_mixin.py:137} INFO - [2023-01-12T07:46:49.960-0500] {dag.py:3423} INFO - Setting next_dagrun for example_xcom_args to None, run_after=None
[2023-01-12T07:46:49.964-0500] {logging_mixin.py:137} INFO - [2023-01-12T07:46:49.963-0500] {dag.py:3423} INFO - Setting next_dagrun for example_xcom_args_with_operators to None, run_after=None
[2023-01-12T07:46:49.986-0500] {processor.py:175} INFO - Processing /Library/Frameworks/Python.framework/Versions/3.9/lib/python3.9/site-packages/airflow/example_dags/example_xcomargs.py took 1.186 seconds
[2023-01-12T07:48:35.415-0500] {processor.py:153} INFO - Started process (PID=15955) to work on /Library/Frameworks/Python.framework/Versions/3.9/lib/python3.9/site-packages/airflow/example_dags/example_xcomargs.py
[2023-01-12T07:48:35.421-0500] {processor.py:743} INFO - Processing file /Library/Frameworks/Python.framework/Versions/3.9/lib/python3.9/site-packages/airflow/example_dags/example_xcomargs.py for tasks to queue
[2023-01-12T07:48:35.421-0500] {logging_mixin.py:137} INFO - [2023-01-12T07:48:35.421-0500] {dagbag.py:538} INFO - Filling up the DagBag from /Library/Frameworks/Python.framework/Versions/3.9/lib/python3.9/site-packages/airflow/example_dags/example_xcomargs.py
[2023-01-12T07:48:35.478-0500] {processor.py:753} INFO - DAG(s) dict_keys(['example_xcom_args', 'example_xcom_args_with_operators']) retrieved from /Library/Frameworks/Python.framework/Versions/3.9/lib/python3.9/site-packages/airflow/example_dags/example_xcomargs.py
[2023-01-12T07:48:36.134-0500] {logging_mixin.py:137} INFO - [2023-01-12T07:48:36.134-0500] {dag.py:2676} INFO - Sync 2 DAGs
[2023-01-12T07:48:36.151-0500] {logging_mixin.py:137} INFO - [2023-01-12T07:48:36.151-0500] {dag.py:3423} INFO - Setting next_dagrun for example_xcom_args to None, run_after=None
[2023-01-12T07:48:36.153-0500] {logging_mixin.py:137} INFO - [2023-01-12T07:48:36.153-0500] {dag.py:3423} INFO - Setting next_dagrun for example_xcom_args_with_operators to None, run_after=None
[2023-01-12T07:48:36.171-0500] {processor.py:175} INFO - Processing /Library/Frameworks/Python.framework/Versions/3.9/lib/python3.9/site-packages/airflow/example_dags/example_xcomargs.py took 0.757 seconds
[2023-01-12T07:50:43.335-0500] {processor.py:153} INFO - Started process (PID=16081) to work on /Library/Frameworks/Python.framework/Versions/3.9/lib/python3.9/site-packages/airflow/example_dags/example_xcomargs.py
[2023-01-12T07:50:43.342-0500] {processor.py:743} INFO - Processing file /Library/Frameworks/Python.framework/Versions/3.9/lib/python3.9/site-packages/airflow/example_dags/example_xcomargs.py for tasks to queue
[2023-01-12T07:50:43.343-0500] {logging_mixin.py:137} INFO - [2023-01-12T07:50:43.343-0500] {dagbag.py:538} INFO - Filling up the DagBag from /Library/Frameworks/Python.framework/Versions/3.9/lib/python3.9/site-packages/airflow/example_dags/example_xcomargs.py
[2023-01-12T07:50:43.423-0500] {processor.py:753} INFO - DAG(s) dict_keys(['example_xcom_args_with_operators', 'example_xcom_args']) retrieved from /Library/Frameworks/Python.framework/Versions/3.9/lib/python3.9/site-packages/airflow/example_dags/example_xcomargs.py
[2023-01-12T07:50:44.406-0500] {logging_mixin.py:137} INFO - [2023-01-12T07:50:44.406-0500] {dag.py:2676} INFO - Sync 2 DAGs
[2023-01-12T07:50:44.427-0500] {logging_mixin.py:137} INFO - [2023-01-12T07:50:44.427-0500] {dag.py:3423} INFO - Setting next_dagrun for example_xcom_args to None, run_after=None
[2023-01-12T07:50:44.430-0500] {logging_mixin.py:137} INFO - [2023-01-12T07:50:44.430-0500] {dag.py:3423} INFO - Setting next_dagrun for example_xcom_args_with_operators to None, run_after=None
[2023-01-12T07:50:44.452-0500] {processor.py:175} INFO - Processing /Library/Frameworks/Python.framework/Versions/3.9/lib/python3.9/site-packages/airflow/example_dags/example_xcomargs.py took 1.118 seconds
[2023-01-12T07:52:46.154-0500] {processor.py:153} INFO - Started process (PID=16125) to work on /Library/Frameworks/Python.framework/Versions/3.9/lib/python3.9/site-packages/airflow/example_dags/example_xcomargs.py
[2023-01-12T07:52:46.161-0500] {processor.py:743} INFO - Processing file /Library/Frameworks/Python.framework/Versions/3.9/lib/python3.9/site-packages/airflow/example_dags/example_xcomargs.py for tasks to queue
[2023-01-12T07:52:46.162-0500] {logging_mixin.py:137} INFO - [2023-01-12T07:52:46.162-0500] {dagbag.py:538} INFO - Filling up the DagBag from /Library/Frameworks/Python.framework/Versions/3.9/lib/python3.9/site-packages/airflow/example_dags/example_xcomargs.py
[2023-01-12T07:52:46.229-0500] {processor.py:753} INFO - DAG(s) dict_keys(['example_xcom_args_with_operators', 'example_xcom_args']) retrieved from /Library/Frameworks/Python.framework/Versions/3.9/lib/python3.9/site-packages/airflow/example_dags/example_xcomargs.py
[2023-01-12T07:52:47.000-0500] {logging_mixin.py:137} INFO - [2023-01-12T07:52:46.999-0500] {dag.py:2676} INFO - Sync 2 DAGs
[2023-01-12T07:52:47.023-0500] {logging_mixin.py:137} INFO - [2023-01-12T07:52:47.023-0500] {dag.py:3423} INFO - Setting next_dagrun for example_xcom_args to None, run_after=None
[2023-01-12T07:52:47.027-0500] {logging_mixin.py:137} INFO - [2023-01-12T07:52:47.027-0500] {dag.py:3423} INFO - Setting next_dagrun for example_xcom_args_with_operators to None, run_after=None
[2023-01-12T07:52:47.050-0500] {processor.py:175} INFO - Processing /Library/Frameworks/Python.framework/Versions/3.9/lib/python3.9/site-packages/airflow/example_dags/example_xcomargs.py took 0.897 seconds
[2023-01-12T07:54:36.659-0500] {processor.py:153} INFO - Started process (PID=16160) to work on /Library/Frameworks/Python.framework/Versions/3.9/lib/python3.9/site-packages/airflow/example_dags/example_xcomargs.py
[2023-01-12T07:54:36.666-0500] {processor.py:743} INFO - Processing file /Library/Frameworks/Python.framework/Versions/3.9/lib/python3.9/site-packages/airflow/example_dags/example_xcomargs.py for tasks to queue
[2023-01-12T07:54:36.667-0500] {logging_mixin.py:137} INFO - [2023-01-12T07:54:36.667-0500] {dagbag.py:538} INFO - Filling up the DagBag from /Library/Frameworks/Python.framework/Versions/3.9/lib/python3.9/site-packages/airflow/example_dags/example_xcomargs.py
[2023-01-12T07:54:36.734-0500] {processor.py:753} INFO - DAG(s) dict_keys(['example_xcom_args_with_operators', 'example_xcom_args']) retrieved from /Library/Frameworks/Python.framework/Versions/3.9/lib/python3.9/site-packages/airflow/example_dags/example_xcomargs.py
[2023-01-12T07:54:37.447-0500] {logging_mixin.py:137} INFO - [2023-01-12T07:54:37.446-0500] {dag.py:2676} INFO - Sync 2 DAGs
[2023-01-12T07:54:37.466-0500] {logging_mixin.py:137} INFO - [2023-01-12T07:54:37.466-0500] {dag.py:3423} INFO - Setting next_dagrun for example_xcom_args to None, run_after=None
[2023-01-12T07:54:37.469-0500] {logging_mixin.py:137} INFO - [2023-01-12T07:54:37.469-0500] {dag.py:3423} INFO - Setting next_dagrun for example_xcom_args_with_operators to None, run_after=None
[2023-01-12T07:54:37.491-0500] {processor.py:175} INFO - Processing /Library/Frameworks/Python.framework/Versions/3.9/lib/python3.9/site-packages/airflow/example_dags/example_xcomargs.py took 0.833 seconds
[2023-01-12T07:56:36.514-0500] {processor.py:153} INFO - Started process (PID=16203) to work on /Library/Frameworks/Python.framework/Versions/3.9/lib/python3.9/site-packages/airflow/example_dags/example_xcomargs.py
[2023-01-12T07:56:36.524-0500] {processor.py:743} INFO - Processing file /Library/Frameworks/Python.framework/Versions/3.9/lib/python3.9/site-packages/airflow/example_dags/example_xcomargs.py for tasks to queue
[2023-01-12T07:56:36.525-0500] {logging_mixin.py:137} INFO - [2023-01-12T07:56:36.525-0500] {dagbag.py:538} INFO - Filling up the DagBag from /Library/Frameworks/Python.framework/Versions/3.9/lib/python3.9/site-packages/airflow/example_dags/example_xcomargs.py
[2023-01-12T07:56:36.631-0500] {processor.py:753} INFO - DAG(s) dict_keys(['example_xcom_args', 'example_xcom_args_with_operators']) retrieved from /Library/Frameworks/Python.framework/Versions/3.9/lib/python3.9/site-packages/airflow/example_dags/example_xcomargs.py
[2023-01-12T07:56:37.746-0500] {logging_mixin.py:137} INFO - [2023-01-12T07:56:37.745-0500] {dag.py:2676} INFO - Sync 2 DAGs
[2023-01-12T07:56:37.775-0500] {logging_mixin.py:137} INFO - [2023-01-12T07:56:37.775-0500] {dag.py:3423} INFO - Setting next_dagrun for example_xcom_args to None, run_after=None
[2023-01-12T07:56:37.779-0500] {logging_mixin.py:137} INFO - [2023-01-12T07:56:37.779-0500] {dag.py:3423} INFO - Setting next_dagrun for example_xcom_args_with_operators to None, run_after=None
[2023-01-12T07:56:37.843-0500] {processor.py:175} INFO - Processing /Library/Frameworks/Python.framework/Versions/3.9/lib/python3.9/site-packages/airflow/example_dags/example_xcomargs.py took 1.330 seconds
[2023-01-12T07:58:38.661-0500] {processor.py:153} INFO - Started process (PID=16361) to work on /Library/Frameworks/Python.framework/Versions/3.9/lib/python3.9/site-packages/airflow/example_dags/example_xcomargs.py
[2023-01-12T07:58:38.667-0500] {processor.py:743} INFO - Processing file /Library/Frameworks/Python.framework/Versions/3.9/lib/python3.9/site-packages/airflow/example_dags/example_xcomargs.py for tasks to queue
[2023-01-12T07:58:38.667-0500] {logging_mixin.py:137} INFO - [2023-01-12T07:58:38.667-0500] {dagbag.py:538} INFO - Filling up the DagBag from /Library/Frameworks/Python.framework/Versions/3.9/lib/python3.9/site-packages/airflow/example_dags/example_xcomargs.py
[2023-01-12T07:58:38.725-0500] {processor.py:753} INFO - DAG(s) dict_keys(['example_xcom_args_with_operators', 'example_xcom_args']) retrieved from /Library/Frameworks/Python.framework/Versions/3.9/lib/python3.9/site-packages/airflow/example_dags/example_xcomargs.py
[2023-01-12T07:58:39.379-0500] {logging_mixin.py:137} INFO - [2023-01-12T07:58:39.379-0500] {dag.py:2676} INFO - Sync 2 DAGs
[2023-01-12T07:58:39.396-0500] {logging_mixin.py:137} INFO - [2023-01-12T07:58:39.396-0500] {dag.py:3423} INFO - Setting next_dagrun for example_xcom_args to None, run_after=None
[2023-01-12T07:58:39.400-0500] {logging_mixin.py:137} INFO - [2023-01-12T07:58:39.399-0500] {dag.py:3423} INFO - Setting next_dagrun for example_xcom_args_with_operators to None, run_after=None
[2023-01-12T07:58:39.417-0500] {processor.py:175} INFO - Processing /Library/Frameworks/Python.framework/Versions/3.9/lib/python3.9/site-packages/airflow/example_dags/example_xcomargs.py took 0.757 seconds
[2023-01-12T08:00:30.092-0500] {processor.py:153} INFO - Started process (PID=16456) to work on /Library/Frameworks/Python.framework/Versions/3.9/lib/python3.9/site-packages/airflow/example_dags/example_xcomargs.py
[2023-01-12T08:00:30.098-0500] {processor.py:743} INFO - Processing file /Library/Frameworks/Python.framework/Versions/3.9/lib/python3.9/site-packages/airflow/example_dags/example_xcomargs.py for tasks to queue
[2023-01-12T08:00:30.098-0500] {logging_mixin.py:137} INFO - [2023-01-12T08:00:30.098-0500] {dagbag.py:538} INFO - Filling up the DagBag from /Library/Frameworks/Python.framework/Versions/3.9/lib/python3.9/site-packages/airflow/example_dags/example_xcomargs.py
[2023-01-12T08:00:30.159-0500] {processor.py:753} INFO - DAG(s) dict_keys(['example_xcom_args_with_operators', 'example_xcom_args']) retrieved from /Library/Frameworks/Python.framework/Versions/3.9/lib/python3.9/site-packages/airflow/example_dags/example_xcomargs.py
[2023-01-12T08:00:30.840-0500] {logging_mixin.py:137} INFO - [2023-01-12T08:00:30.840-0500] {dag.py:2676} INFO - Sync 2 DAGs
[2023-01-12T08:00:30.859-0500] {logging_mixin.py:137} INFO - [2023-01-12T08:00:30.858-0500] {dag.py:3423} INFO - Setting next_dagrun for example_xcom_args to None, run_after=None
[2023-01-12T08:00:30.861-0500] {logging_mixin.py:137} INFO - [2023-01-12T08:00:30.861-0500] {dag.py:3423} INFO - Setting next_dagrun for example_xcom_args_with_operators to None, run_after=None
[2023-01-12T08:00:30.879-0500] {processor.py:175} INFO - Processing /Library/Frameworks/Python.framework/Versions/3.9/lib/python3.9/site-packages/airflow/example_dags/example_xcomargs.py took 0.788 seconds
[2023-01-12T08:03:43.306-0500] {processor.py:153} INFO - Started process (PID=16525) to work on /Library/Frameworks/Python.framework/Versions/3.9/lib/python3.9/site-packages/airflow/example_dags/example_xcomargs.py
[2023-01-12T08:03:43.321-0500] {processor.py:743} INFO - Processing file /Library/Frameworks/Python.framework/Versions/3.9/lib/python3.9/site-packages/airflow/example_dags/example_xcomargs.py for tasks to queue
[2023-01-12T08:03:43.322-0500] {logging_mixin.py:137} INFO - [2023-01-12T08:03:43.321-0500] {dagbag.py:538} INFO - Filling up the DagBag from /Library/Frameworks/Python.framework/Versions/3.9/lib/python3.9/site-packages/airflow/example_dags/example_xcomargs.py
[2023-01-12T08:03:44.041-0500] {processor.py:753} INFO - DAG(s) dict_keys(['example_xcom_args', 'example_xcom_args_with_operators']) retrieved from /Library/Frameworks/Python.framework/Versions/3.9/lib/python3.9/site-packages/airflow/example_dags/example_xcomargs.py
[2023-01-12T08:03:53.364-0500] {logging_mixin.py:137} INFO - [2023-01-12T08:03:53.363-0500] {dag.py:2676} INFO - Sync 2 DAGs
[2023-01-12T08:03:53.484-0500] {logging_mixin.py:137} INFO - [2023-01-12T08:03:53.484-0500] {dag.py:3423} INFO - Setting next_dagrun for example_xcom_args to None, run_after=None
[2023-01-12T08:03:53.511-0500] {logging_mixin.py:137} INFO - [2023-01-12T08:03:53.510-0500] {dag.py:3423} INFO - Setting next_dagrun for example_xcom_args_with_operators to None, run_after=None
[2023-01-12T08:03:53.565-0500] {processor.py:175} INFO - Processing /Library/Frameworks/Python.framework/Versions/3.9/lib/python3.9/site-packages/airflow/example_dags/example_xcomargs.py took 10.260 seconds
[2023-01-12T08:08:31.253-0500] {processor.py:153} INFO - Started process (PID=16678) to work on /Library/Frameworks/Python.framework/Versions/3.9/lib/python3.9/site-packages/airflow/example_dags/example_xcomargs.py
[2023-01-12T08:08:31.264-0500] {processor.py:743} INFO - Processing file /Library/Frameworks/Python.framework/Versions/3.9/lib/python3.9/site-packages/airflow/example_dags/example_xcomargs.py for tasks to queue
[2023-01-12T08:08:31.265-0500] {logging_mixin.py:137} INFO - [2023-01-12T08:08:31.265-0500] {dagbag.py:538} INFO - Filling up the DagBag from /Library/Frameworks/Python.framework/Versions/3.9/lib/python3.9/site-packages/airflow/example_dags/example_xcomargs.py
[2023-01-12T08:08:31.365-0500] {processor.py:753} INFO - DAG(s) dict_keys(['example_xcom_args_with_operators', 'example_xcom_args']) retrieved from /Library/Frameworks/Python.framework/Versions/3.9/lib/python3.9/site-packages/airflow/example_dags/example_xcomargs.py
[2023-01-12T08:08:33.188-0500] {logging_mixin.py:137} INFO - [2023-01-12T08:08:33.187-0500] {dag.py:2676} INFO - Sync 2 DAGs
[2023-01-12T08:08:33.219-0500] {logging_mixin.py:137} INFO - [2023-01-12T08:08:33.218-0500] {dag.py:3423} INFO - Setting next_dagrun for example_xcom_args to None, run_after=None
[2023-01-12T08:08:33.224-0500] {logging_mixin.py:137} INFO - [2023-01-12T08:08:33.224-0500] {dag.py:3423} INFO - Setting next_dagrun for example_xcom_args_with_operators to None, run_after=None
[2023-01-12T08:08:33.255-0500] {processor.py:175} INFO - Processing /Library/Frameworks/Python.framework/Versions/3.9/lib/python3.9/site-packages/airflow/example_dags/example_xcomargs.py took 2.003 seconds
[2023-01-12T08:12:10.564-0500] {processor.py:153} INFO - Started process (PID=16786) to work on /Library/Frameworks/Python.framework/Versions/3.9/lib/python3.9/site-packages/airflow/example_dags/example_xcomargs.py
[2023-01-12T08:12:10.577-0500] {processor.py:743} INFO - Processing file /Library/Frameworks/Python.framework/Versions/3.9/lib/python3.9/site-packages/airflow/example_dags/example_xcomargs.py for tasks to queue
[2023-01-12T08:12:10.578-0500] {logging_mixin.py:137} INFO - [2023-01-12T08:12:10.577-0500] {dagbag.py:538} INFO - Filling up the DagBag from /Library/Frameworks/Python.framework/Versions/3.9/lib/python3.9/site-packages/airflow/example_dags/example_xcomargs.py
[2023-01-12T08:12:10.709-0500] {processor.py:753} INFO - DAG(s) dict_keys(['example_xcom_args', 'example_xcom_args_with_operators']) retrieved from /Library/Frameworks/Python.framework/Versions/3.9/lib/python3.9/site-packages/airflow/example_dags/example_xcomargs.py
[2023-01-12T08:12:12.062-0500] {logging_mixin.py:137} INFO - [2023-01-12T08:12:12.062-0500] {dag.py:2676} INFO - Sync 2 DAGs
[2023-01-12T08:12:12.091-0500] {logging_mixin.py:137} INFO - [2023-01-12T08:12:12.091-0500] {dag.py:3423} INFO - Setting next_dagrun for example_xcom_args to None, run_after=None
[2023-01-12T08:12:12.096-0500] {logging_mixin.py:137} INFO - [2023-01-12T08:12:12.096-0500] {dag.py:3423} INFO - Setting next_dagrun for example_xcom_args_with_operators to None, run_after=None
[2023-01-12T08:12:12.126-0500] {processor.py:175} INFO - Processing /Library/Frameworks/Python.framework/Versions/3.9/lib/python3.9/site-packages/airflow/example_dags/example_xcomargs.py took 1.565 seconds
[2023-01-12T08:24:38.644-0500] {processor.py:153} INFO - Started process (PID=17348) to work on /Library/Frameworks/Python.framework/Versions/3.9/lib/python3.9/site-packages/airflow/example_dags/example_xcomargs.py
[2023-01-12T08:24:38.655-0500] {processor.py:743} INFO - Processing file /Library/Frameworks/Python.framework/Versions/3.9/lib/python3.9/site-packages/airflow/example_dags/example_xcomargs.py for tasks to queue
[2023-01-12T08:24:38.656-0500] {logging_mixin.py:137} INFO - [2023-01-12T08:24:38.656-0500] {dagbag.py:538} INFO - Filling up the DagBag from /Library/Frameworks/Python.framework/Versions/3.9/lib/python3.9/site-packages/airflow/example_dags/example_xcomargs.py
[2023-01-12T08:24:38.811-0500] {processor.py:753} INFO - DAG(s) dict_keys(['example_xcom_args', 'example_xcom_args_with_operators']) retrieved from /Library/Frameworks/Python.framework/Versions/3.9/lib/python3.9/site-packages/airflow/example_dags/example_xcomargs.py
[2023-01-12T08:24:40.144-0500] {logging_mixin.py:137} INFO - [2023-01-12T08:24:40.144-0500] {dag.py:2676} INFO - Sync 2 DAGs
[2023-01-12T08:24:40.174-0500] {logging_mixin.py:137} INFO - [2023-01-12T08:24:40.174-0500] {dag.py:3423} INFO - Setting next_dagrun for example_xcom_args to None, run_after=None
[2023-01-12T08:24:40.181-0500] {logging_mixin.py:137} INFO - [2023-01-12T08:24:40.180-0500] {dag.py:3423} INFO - Setting next_dagrun for example_xcom_args_with_operators to None, run_after=None
[2023-01-12T08:24:40.208-0500] {processor.py:175} INFO - Processing /Library/Frameworks/Python.framework/Versions/3.9/lib/python3.9/site-packages/airflow/example_dags/example_xcomargs.py took 1.565 seconds
