[2023-01-12T07:23:25.695-0500] {processor.py:153} INFO - Started process (PID=14963) to work on /Library/Frameworks/Python.framework/Versions/3.9/lib/python3.9/site-packages/airflow/example_dags/example_kubernetes_executor.py
[2023-01-12T07:23:25.703-0500] {processor.py:743} INFO - Processing file /Library/Frameworks/Python.framework/Versions/3.9/lib/python3.9/site-packages/airflow/example_dags/example_kubernetes_executor.py for tasks to queue
[2023-01-12T07:23:25.704-0500] {logging_mixin.py:137} INFO - [2023-01-12T07:23:25.704-0500] {dagbag.py:538} INFO - Filling up the DagBag from /Library/Frameworks/Python.framework/Versions/3.9/lib/python3.9/site-packages/airflow/example_dags/example_kubernetes_executor.py
[2023-01-12T07:23:25.829-0500] {processor.py:753} INFO - DAG(s) dict_keys(['example_kubernetes_executor']) retrieved from /Library/Frameworks/Python.framework/Versions/3.9/lib/python3.9/site-packages/airflow/example_dags/example_kubernetes_executor.py
[2023-01-12T07:23:27.086-0500] {logging_mixin.py:137} INFO - [2023-01-12T07:23:27.085-0500] {dag.py:2676} INFO - Sync 1 DAGs
[2023-01-12T07:23:27.126-0500] {logging_mixin.py:137} INFO - [2023-01-12T07:23:27.125-0500] {dag.py:3423} INFO - Setting next_dagrun for example_kubernetes_executor to None, run_after=None
[2023-01-12T07:23:27.169-0500] {processor.py:175} INFO - Processing /Library/Frameworks/Python.framework/Versions/3.9/lib/python3.9/site-packages/airflow/example_dags/example_kubernetes_executor.py took 1.475 seconds
[2023-01-12T07:27:12.347-0500] {processor.py:153} INFO - Started process (PID=15132) to work on /Library/Frameworks/Python.framework/Versions/3.9/lib/python3.9/site-packages/airflow/example_dags/example_kubernetes_executor.py
[2023-01-12T07:27:12.353-0500] {processor.py:743} INFO - Processing file /Library/Frameworks/Python.framework/Versions/3.9/lib/python3.9/site-packages/airflow/example_dags/example_kubernetes_executor.py for tasks to queue
[2023-01-12T07:27:12.353-0500] {logging_mixin.py:137} INFO - [2023-01-12T07:27:12.353-0500] {dagbag.py:538} INFO - Filling up the DagBag from /Library/Frameworks/Python.framework/Versions/3.9/lib/python3.9/site-packages/airflow/example_dags/example_kubernetes_executor.py
[2023-01-12T07:27:12.411-0500] {processor.py:753} INFO - DAG(s) dict_keys(['example_kubernetes_executor']) retrieved from /Library/Frameworks/Python.framework/Versions/3.9/lib/python3.9/site-packages/airflow/example_dags/example_kubernetes_executor.py
[2023-01-12T07:27:13.072-0500] {logging_mixin.py:137} INFO - [2023-01-12T07:27:13.072-0500] {dag.py:2676} INFO - Sync 1 DAGs
[2023-01-12T07:27:13.091-0500] {logging_mixin.py:137} INFO - [2023-01-12T07:27:13.091-0500] {dag.py:3423} INFO - Setting next_dagrun for example_kubernetes_executor to None, run_after=None
[2023-01-12T07:27:13.113-0500] {processor.py:175} INFO - Processing /Library/Frameworks/Python.framework/Versions/3.9/lib/python3.9/site-packages/airflow/example_dags/example_kubernetes_executor.py took 0.766 seconds
[2023-01-12T07:30:46.433-0500] {processor.py:153} INFO - Started process (PID=15324) to work on /Library/Frameworks/Python.framework/Versions/3.9/lib/python3.9/site-packages/airflow/example_dags/example_kubernetes_executor.py
[2023-01-12T07:30:46.438-0500] {processor.py:743} INFO - Processing file /Library/Frameworks/Python.framework/Versions/3.9/lib/python3.9/site-packages/airflow/example_dags/example_kubernetes_executor.py for tasks to queue
[2023-01-12T07:30:46.439-0500] {logging_mixin.py:137} INFO - [2023-01-12T07:30:46.438-0500] {dagbag.py:538} INFO - Filling up the DagBag from /Library/Frameworks/Python.framework/Versions/3.9/lib/python3.9/site-packages/airflow/example_dags/example_kubernetes_executor.py
[2023-01-12T07:30:46.501-0500] {processor.py:753} INFO - DAG(s) dict_keys(['example_kubernetes_executor']) retrieved from /Library/Frameworks/Python.framework/Versions/3.9/lib/python3.9/site-packages/airflow/example_dags/example_kubernetes_executor.py
[2023-01-12T07:30:47.297-0500] {logging_mixin.py:137} INFO - [2023-01-12T07:30:47.296-0500] {dag.py:2676} INFO - Sync 1 DAGs
[2023-01-12T07:30:47.321-0500] {logging_mixin.py:137} INFO - [2023-01-12T07:30:47.321-0500] {dag.py:3423} INFO - Setting next_dagrun for example_kubernetes_executor to None, run_after=None
[2023-01-12T07:30:47.345-0500] {processor.py:175} INFO - Processing /Library/Frameworks/Python.framework/Versions/3.9/lib/python3.9/site-packages/airflow/example_dags/example_kubernetes_executor.py took 0.912 seconds
[2023-01-12T07:34:20.711-0500] {processor.py:153} INFO - Started process (PID=15519) to work on /Library/Frameworks/Python.framework/Versions/3.9/lib/python3.9/site-packages/airflow/example_dags/example_kubernetes_executor.py
[2023-01-12T07:34:20.716-0500] {processor.py:743} INFO - Processing file /Library/Frameworks/Python.framework/Versions/3.9/lib/python3.9/site-packages/airflow/example_dags/example_kubernetes_executor.py for tasks to queue
[2023-01-12T07:34:20.717-0500] {logging_mixin.py:137} INFO - [2023-01-12T07:34:20.717-0500] {dagbag.py:538} INFO - Filling up the DagBag from /Library/Frameworks/Python.framework/Versions/3.9/lib/python3.9/site-packages/airflow/example_dags/example_kubernetes_executor.py
[2023-01-12T07:34:20.773-0500] {processor.py:753} INFO - DAG(s) dict_keys(['example_kubernetes_executor']) retrieved from /Library/Frameworks/Python.framework/Versions/3.9/lib/python3.9/site-packages/airflow/example_dags/example_kubernetes_executor.py
[2023-01-12T07:34:21.378-0500] {logging_mixin.py:137} INFO - [2023-01-12T07:34:21.378-0500] {dag.py:2676} INFO - Sync 1 DAGs
[2023-01-12T07:34:21.398-0500] {logging_mixin.py:137} INFO - [2023-01-12T07:34:21.397-0500] {dag.py:3423} INFO - Setting next_dagrun for example_kubernetes_executor to None, run_after=None
[2023-01-12T07:34:21.417-0500] {processor.py:175} INFO - Processing /Library/Frameworks/Python.framework/Versions/3.9/lib/python3.9/site-packages/airflow/example_dags/example_kubernetes_executor.py took 0.707 seconds
[2023-01-12T07:37:54.520-0500] {processor.py:153} INFO - Started process (PID=15595) to work on /Library/Frameworks/Python.framework/Versions/3.9/lib/python3.9/site-packages/airflow/example_dags/example_kubernetes_executor.py
[2023-01-12T07:37:54.526-0500] {processor.py:743} INFO - Processing file /Library/Frameworks/Python.framework/Versions/3.9/lib/python3.9/site-packages/airflow/example_dags/example_kubernetes_executor.py for tasks to queue
[2023-01-12T07:37:54.526-0500] {logging_mixin.py:137} INFO - [2023-01-12T07:37:54.526-0500] {dagbag.py:538} INFO - Filling up the DagBag from /Library/Frameworks/Python.framework/Versions/3.9/lib/python3.9/site-packages/airflow/example_dags/example_kubernetes_executor.py
[2023-01-12T07:37:54.589-0500] {processor.py:753} INFO - DAG(s) dict_keys(['example_kubernetes_executor']) retrieved from /Library/Frameworks/Python.framework/Versions/3.9/lib/python3.9/site-packages/airflow/example_dags/example_kubernetes_executor.py
[2023-01-12T07:37:55.407-0500] {logging_mixin.py:137} INFO - [2023-01-12T07:37:55.407-0500] {dag.py:2676} INFO - Sync 1 DAGs
[2023-01-12T07:37:55.426-0500] {logging_mixin.py:137} INFO - [2023-01-12T07:37:55.426-0500] {dag.py:3423} INFO - Setting next_dagrun for example_kubernetes_executor to None, run_after=None
[2023-01-12T07:37:55.454-0500] {processor.py:175} INFO - Processing /Library/Frameworks/Python.framework/Versions/3.9/lib/python3.9/site-packages/airflow/example_dags/example_kubernetes_executor.py took 0.935 seconds
[2023-01-12T07:41:57.112-0500] {processor.py:153} INFO - Started process (PID=15770) to work on /Library/Frameworks/Python.framework/Versions/3.9/lib/python3.9/site-packages/airflow/example_dags/example_kubernetes_executor.py
[2023-01-12T07:41:57.119-0500] {processor.py:743} INFO - Processing file /Library/Frameworks/Python.framework/Versions/3.9/lib/python3.9/site-packages/airflow/example_dags/example_kubernetes_executor.py for tasks to queue
[2023-01-12T07:41:57.120-0500] {logging_mixin.py:137} INFO - [2023-01-12T07:41:57.120-0500] {dagbag.py:538} INFO - Filling up the DagBag from /Library/Frameworks/Python.framework/Versions/3.9/lib/python3.9/site-packages/airflow/example_dags/example_kubernetes_executor.py
[2023-01-12T07:41:57.199-0500] {processor.py:753} INFO - DAG(s) dict_keys(['example_kubernetes_executor']) retrieved from /Library/Frameworks/Python.framework/Versions/3.9/lib/python3.9/site-packages/airflow/example_dags/example_kubernetes_executor.py
[2023-01-12T07:41:57.996-0500] {logging_mixin.py:137} INFO - [2023-01-12T07:41:57.995-0500] {dag.py:2676} INFO - Sync 1 DAGs
[2023-01-12T07:41:58.017-0500] {logging_mixin.py:137} INFO - [2023-01-12T07:41:58.017-0500] {dag.py:3423} INFO - Setting next_dagrun for example_kubernetes_executor to None, run_after=None
[2023-01-12T07:41:58.042-0500] {processor.py:175} INFO - Processing /Library/Frameworks/Python.framework/Versions/3.9/lib/python3.9/site-packages/airflow/example_dags/example_kubernetes_executor.py took 0.931 seconds
[2023-01-12T07:45:56.672-0500] {processor.py:153} INFO - Started process (PID=15880) to work on /Library/Frameworks/Python.framework/Versions/3.9/lib/python3.9/site-packages/airflow/example_dags/example_kubernetes_executor.py
[2023-01-12T07:45:56.678-0500] {processor.py:743} INFO - Processing file /Library/Frameworks/Python.framework/Versions/3.9/lib/python3.9/site-packages/airflow/example_dags/example_kubernetes_executor.py for tasks to queue
[2023-01-12T07:45:56.678-0500] {logging_mixin.py:137} INFO - [2023-01-12T07:45:56.678-0500] {dagbag.py:538} INFO - Filling up the DagBag from /Library/Frameworks/Python.framework/Versions/3.9/lib/python3.9/site-packages/airflow/example_dags/example_kubernetes_executor.py
[2023-01-12T07:45:56.742-0500] {processor.py:753} INFO - DAG(s) dict_keys(['example_kubernetes_executor']) retrieved from /Library/Frameworks/Python.framework/Versions/3.9/lib/python3.9/site-packages/airflow/example_dags/example_kubernetes_executor.py
[2023-01-12T07:45:57.445-0500] {logging_mixin.py:137} INFO - [2023-01-12T07:45:57.445-0500] {dag.py:2676} INFO - Sync 1 DAGs
[2023-01-12T07:45:57.462-0500] {logging_mixin.py:137} INFO - [2023-01-12T07:45:57.462-0500] {dag.py:3423} INFO - Setting next_dagrun for example_kubernetes_executor to None, run_after=None
[2023-01-12T07:45:57.483-0500] {processor.py:175} INFO - Processing /Library/Frameworks/Python.framework/Versions/3.9/lib/python3.9/site-packages/airflow/example_dags/example_kubernetes_executor.py took 0.812 seconds
[2023-01-12T07:49:35.558-0500] {processor.py:153} INFO - Started process (PID=15985) to work on /Library/Frameworks/Python.framework/Versions/3.9/lib/python3.9/site-packages/airflow/example_dags/example_kubernetes_executor.py
[2023-01-12T07:49:35.564-0500] {processor.py:743} INFO - Processing file /Library/Frameworks/Python.framework/Versions/3.9/lib/python3.9/site-packages/airflow/example_dags/example_kubernetes_executor.py for tasks to queue
[2023-01-12T07:49:35.565-0500] {logging_mixin.py:137} INFO - [2023-01-12T07:49:35.565-0500] {dagbag.py:538} INFO - Filling up the DagBag from /Library/Frameworks/Python.framework/Versions/3.9/lib/python3.9/site-packages/airflow/example_dags/example_kubernetes_executor.py
[2023-01-12T07:49:35.626-0500] {processor.py:753} INFO - DAG(s) dict_keys(['example_kubernetes_executor']) retrieved from /Library/Frameworks/Python.framework/Versions/3.9/lib/python3.9/site-packages/airflow/example_dags/example_kubernetes_executor.py
[2023-01-12T07:49:36.257-0500] {logging_mixin.py:137} INFO - [2023-01-12T07:49:36.256-0500] {dag.py:2676} INFO - Sync 1 DAGs
[2023-01-12T07:49:36.274-0500] {logging_mixin.py:137} INFO - [2023-01-12T07:49:36.274-0500] {dag.py:3423} INFO - Setting next_dagrun for example_kubernetes_executor to None, run_after=None
[2023-01-12T07:49:36.296-0500] {processor.py:175} INFO - Processing /Library/Frameworks/Python.framework/Versions/3.9/lib/python3.9/site-packages/airflow/example_dags/example_kubernetes_executor.py took 0.739 seconds
[2023-01-12T07:51:56.388-0500] {processor.py:153} INFO - Started process (PID=16109) to work on /Library/Frameworks/Python.framework/Versions/3.9/lib/python3.9/site-packages/airflow/example_dags/example_kubernetes_executor.py
[2023-01-12T07:51:56.395-0500] {processor.py:743} INFO - Processing file /Library/Frameworks/Python.framework/Versions/3.9/lib/python3.9/site-packages/airflow/example_dags/example_kubernetes_executor.py for tasks to queue
[2023-01-12T07:51:56.396-0500] {logging_mixin.py:137} INFO - [2023-01-12T07:51:56.396-0500] {dagbag.py:538} INFO - Filling up the DagBag from /Library/Frameworks/Python.framework/Versions/3.9/lib/python3.9/site-packages/airflow/example_dags/example_kubernetes_executor.py
[2023-01-12T07:51:56.459-0500] {processor.py:753} INFO - DAG(s) dict_keys(['example_kubernetes_executor']) retrieved from /Library/Frameworks/Python.framework/Versions/3.9/lib/python3.9/site-packages/airflow/example_dags/example_kubernetes_executor.py
[2023-01-12T07:51:57.146-0500] {logging_mixin.py:137} INFO - [2023-01-12T07:51:57.145-0500] {dag.py:2676} INFO - Sync 1 DAGs
[2023-01-12T07:51:57.163-0500] {logging_mixin.py:137} INFO - [2023-01-12T07:51:57.163-0500] {dag.py:3423} INFO - Setting next_dagrun for example_kubernetes_executor to None, run_after=None
[2023-01-12T07:51:57.184-0500] {processor.py:175} INFO - Processing /Library/Frameworks/Python.framework/Versions/3.9/lib/python3.9/site-packages/airflow/example_dags/example_kubernetes_executor.py took 0.797 seconds
[2023-01-12T07:55:38.659-0500] {processor.py:153} INFO - Started process (PID=16180) to work on /Library/Frameworks/Python.framework/Versions/3.9/lib/python3.9/site-packages/airflow/example_dags/example_kubernetes_executor.py
[2023-01-12T07:55:38.665-0500] {processor.py:743} INFO - Processing file /Library/Frameworks/Python.framework/Versions/3.9/lib/python3.9/site-packages/airflow/example_dags/example_kubernetes_executor.py for tasks to queue
[2023-01-12T07:55:38.665-0500] {logging_mixin.py:137} INFO - [2023-01-12T07:55:38.665-0500] {dagbag.py:538} INFO - Filling up the DagBag from /Library/Frameworks/Python.framework/Versions/3.9/lib/python3.9/site-packages/airflow/example_dags/example_kubernetes_executor.py
[2023-01-12T07:55:38.741-0500] {processor.py:753} INFO - DAG(s) dict_keys(['example_kubernetes_executor']) retrieved from /Library/Frameworks/Python.framework/Versions/3.9/lib/python3.9/site-packages/airflow/example_dags/example_kubernetes_executor.py
[2023-01-12T07:55:39.417-0500] {logging_mixin.py:137} INFO - [2023-01-12T07:55:39.417-0500] {dag.py:2676} INFO - Sync 1 DAGs
[2023-01-12T07:55:39.437-0500] {logging_mixin.py:137} INFO - [2023-01-12T07:55:39.437-0500] {dag.py:3423} INFO - Setting next_dagrun for example_kubernetes_executor to None, run_after=None
[2023-01-12T07:55:39.457-0500] {processor.py:175} INFO - Processing /Library/Frameworks/Python.framework/Versions/3.9/lib/python3.9/site-packages/airflow/example_dags/example_kubernetes_executor.py took 0.799 seconds
[2023-01-12T07:59:36.397-0500] {processor.py:153} INFO - Started process (PID=16381) to work on /Library/Frameworks/Python.framework/Versions/3.9/lib/python3.9/site-packages/airflow/example_dags/example_kubernetes_executor.py
[2023-01-12T07:59:36.403-0500] {processor.py:743} INFO - Processing file /Library/Frameworks/Python.framework/Versions/3.9/lib/python3.9/site-packages/airflow/example_dags/example_kubernetes_executor.py for tasks to queue
[2023-01-12T07:59:36.403-0500] {logging_mixin.py:137} INFO - [2023-01-12T07:59:36.403-0500] {dagbag.py:538} INFO - Filling up the DagBag from /Library/Frameworks/Python.framework/Versions/3.9/lib/python3.9/site-packages/airflow/example_dags/example_kubernetes_executor.py
[2023-01-12T07:59:36.469-0500] {processor.py:753} INFO - DAG(s) dict_keys(['example_kubernetes_executor']) retrieved from /Library/Frameworks/Python.framework/Versions/3.9/lib/python3.9/site-packages/airflow/example_dags/example_kubernetes_executor.py
[2023-01-12T07:59:37.084-0500] {logging_mixin.py:137} INFO - [2023-01-12T07:59:37.084-0500] {dag.py:2676} INFO - Sync 1 DAGs
[2023-01-12T07:59:37.103-0500] {logging_mixin.py:137} INFO - [2023-01-12T07:59:37.103-0500] {dag.py:3423} INFO - Setting next_dagrun for example_kubernetes_executor to None, run_after=None
[2023-01-12T07:59:37.122-0500] {processor.py:175} INFO - Processing /Library/Frameworks/Python.framework/Versions/3.9/lib/python3.9/site-packages/airflow/example_dags/example_kubernetes_executor.py took 0.726 seconds
[2023-01-12T08:06:10.351-0500] {processor.py:153} INFO - Started process (PID=16612) to work on /Library/Frameworks/Python.framework/Versions/3.9/lib/python3.9/site-packages/airflow/example_dags/example_kubernetes_executor.py
[2023-01-12T08:06:10.362-0500] {processor.py:743} INFO - Processing file /Library/Frameworks/Python.framework/Versions/3.9/lib/python3.9/site-packages/airflow/example_dags/example_kubernetes_executor.py for tasks to queue
[2023-01-12T08:06:10.363-0500] {logging_mixin.py:137} INFO - [2023-01-12T08:06:10.363-0500] {dagbag.py:538} INFO - Filling up the DagBag from /Library/Frameworks/Python.framework/Versions/3.9/lib/python3.9/site-packages/airflow/example_dags/example_kubernetes_executor.py
[2023-01-12T08:06:10.468-0500] {processor.py:753} INFO - DAG(s) dict_keys(['example_kubernetes_executor']) retrieved from /Library/Frameworks/Python.framework/Versions/3.9/lib/python3.9/site-packages/airflow/example_dags/example_kubernetes_executor.py
[2023-01-12T08:06:11.659-0500] {logging_mixin.py:137} INFO - [2023-01-12T08:06:11.659-0500] {dag.py:2676} INFO - Sync 1 DAGs
[2023-01-12T08:06:11.696-0500] {logging_mixin.py:137} INFO - [2023-01-12T08:06:11.696-0500] {dag.py:3423} INFO - Setting next_dagrun for example_kubernetes_executor to None, run_after=None
[2023-01-12T08:06:11.738-0500] {processor.py:175} INFO - Processing /Library/Frameworks/Python.framework/Versions/3.9/lib/python3.9/site-packages/airflow/example_dags/example_kubernetes_executor.py took 1.388 seconds
[2023-01-12T08:10:30.014-0500] {processor.py:153} INFO - Started process (PID=16765) to work on /Library/Frameworks/Python.framework/Versions/3.9/lib/python3.9/site-packages/airflow/example_dags/example_kubernetes_executor.py
[2023-01-12T08:10:30.024-0500] {processor.py:743} INFO - Processing file /Library/Frameworks/Python.framework/Versions/3.9/lib/python3.9/site-packages/airflow/example_dags/example_kubernetes_executor.py for tasks to queue
[2023-01-12T08:10:30.025-0500] {logging_mixin.py:137} INFO - [2023-01-12T08:10:30.025-0500] {dagbag.py:538} INFO - Filling up the DagBag from /Library/Frameworks/Python.framework/Versions/3.9/lib/python3.9/site-packages/airflow/example_dags/example_kubernetes_executor.py
[2023-01-12T08:10:30.163-0500] {processor.py:753} INFO - DAG(s) dict_keys(['example_kubernetes_executor']) retrieved from /Library/Frameworks/Python.framework/Versions/3.9/lib/python3.9/site-packages/airflow/example_dags/example_kubernetes_executor.py
[2023-01-12T08:10:31.633-0500] {logging_mixin.py:137} INFO - [2023-01-12T08:10:31.632-0500] {dag.py:2676} INFO - Sync 1 DAGs
[2023-01-12T08:10:31.677-0500] {logging_mixin.py:137} INFO - [2023-01-12T08:10:31.676-0500] {dag.py:3423} INFO - Setting next_dagrun for example_kubernetes_executor to None, run_after=None
[2023-01-12T08:10:31.727-0500] {processor.py:175} INFO - Processing /Library/Frameworks/Python.framework/Versions/3.9/lib/python3.9/site-packages/airflow/example_dags/example_kubernetes_executor.py took 1.714 seconds
[2023-01-12T08:20:25.868-0500] {processor.py:153} INFO - Started process (PID=17269) to work on /Library/Frameworks/Python.framework/Versions/3.9/lib/python3.9/site-packages/airflow/example_dags/example_kubernetes_executor.py
[2023-01-12T08:20:25.878-0500] {processor.py:743} INFO - Processing file /Library/Frameworks/Python.framework/Versions/3.9/lib/python3.9/site-packages/airflow/example_dags/example_kubernetes_executor.py for tasks to queue
[2023-01-12T08:20:25.879-0500] {logging_mixin.py:137} INFO - [2023-01-12T08:20:25.879-0500] {dagbag.py:538} INFO - Filling up the DagBag from /Library/Frameworks/Python.framework/Versions/3.9/lib/python3.9/site-packages/airflow/example_dags/example_kubernetes_executor.py
[2023-01-12T08:20:25.973-0500] {processor.py:753} INFO - DAG(s) dict_keys(['example_kubernetes_executor']) retrieved from /Library/Frameworks/Python.framework/Versions/3.9/lib/python3.9/site-packages/airflow/example_dags/example_kubernetes_executor.py
[2023-01-12T08:20:27.024-0500] {logging_mixin.py:137} INFO - [2023-01-12T08:20:27.023-0500] {dag.py:2676} INFO - Sync 1 DAGs
[2023-01-12T08:20:27.052-0500] {logging_mixin.py:137} INFO - [2023-01-12T08:20:27.052-0500] {dag.py:3423} INFO - Setting next_dagrun for example_kubernetes_executor to None, run_after=None
[2023-01-12T08:20:27.082-0500] {processor.py:175} INFO - Processing /Library/Frameworks/Python.framework/Versions/3.9/lib/python3.9/site-packages/airflow/example_dags/example_kubernetes_executor.py took 1.214 seconds
[2023-01-12T08:27:18.230-0500] {processor.py:153} INFO - Started process (PID=17485) to work on /Library/Frameworks/Python.framework/Versions/3.9/lib/python3.9/site-packages/airflow/example_dags/example_kubernetes_executor.py
[2023-01-12T08:27:18.242-0500] {processor.py:743} INFO - Processing file /Library/Frameworks/Python.framework/Versions/3.9/lib/python3.9/site-packages/airflow/example_dags/example_kubernetes_executor.py for tasks to queue
[2023-01-12T08:27:18.243-0500] {logging_mixin.py:137} INFO - [2023-01-12T08:27:18.243-0500] {dagbag.py:538} INFO - Filling up the DagBag from /Library/Frameworks/Python.framework/Versions/3.9/lib/python3.9/site-packages/airflow/example_dags/example_kubernetes_executor.py
[2023-01-12T08:27:18.341-0500] {processor.py:753} INFO - DAG(s) dict_keys(['example_kubernetes_executor']) retrieved from /Library/Frameworks/Python.framework/Versions/3.9/lib/python3.9/site-packages/airflow/example_dags/example_kubernetes_executor.py
[2023-01-12T08:27:19.426-0500] {logging_mixin.py:137} INFO - [2023-01-12T08:27:19.426-0500] {dag.py:2676} INFO - Sync 1 DAGs
[2023-01-12T08:27:19.455-0500] {logging_mixin.py:137} INFO - [2023-01-12T08:27:19.455-0500] {dag.py:3423} INFO - Setting next_dagrun for example_kubernetes_executor to None, run_after=None
[2023-01-12T08:27:19.486-0500] {processor.py:175} INFO - Processing /Library/Frameworks/Python.framework/Versions/3.9/lib/python3.9/site-packages/airflow/example_dags/example_kubernetes_executor.py took 1.257 seconds
