[2023-01-12T06:01:22.332-0500] {processor.py:153} INFO - Started process (PID=14761) to work on /Library/Frameworks/Python.framework/Versions/3.9/lib/python3.9/site-packages/airflow/example_dags/tutorial_dag.py
[2023-01-12T06:01:22.336-0500] {processor.py:743} INFO - Processing file /Library/Frameworks/Python.framework/Versions/3.9/lib/python3.9/site-packages/airflow/example_dags/tutorial_dag.py for tasks to queue
[2023-01-12T06:01:22.337-0500] {logging_mixin.py:137} INFO - [2023-01-12T06:01:22.337-0500] {dagbag.py:538} INFO - Filling up the DagBag from /Library/Frameworks/Python.framework/Versions/3.9/lib/python3.9/site-packages/airflow/example_dags/tutorial_dag.py
[2023-01-12T06:01:22.387-0500] {processor.py:753} INFO - DAG(s) dict_keys(['tutorial_dag']) retrieved from /Library/Frameworks/Python.framework/Versions/3.9/lib/python3.9/site-packages/airflow/example_dags/tutorial_dag.py
[2023-01-12T06:01:22.993-0500] {logging_mixin.py:137} INFO - [2023-01-12T06:01:22.993-0500] {dag.py:2676} INFO - Sync 1 DAGs
[2023-01-12T06:01:23.013-0500] {logging_mixin.py:137} INFO - [2023-01-12T06:01:23.013-0500] {dag.py:3423} INFO - Setting next_dagrun for tutorial_dag to None, run_after=None
[2023-01-12T06:01:23.032-0500] {processor.py:175} INFO - Processing /Library/Frameworks/Python.framework/Versions/3.9/lib/python3.9/site-packages/airflow/example_dags/tutorial_dag.py took 0.701 seconds
[2023-01-12T07:24:14.713-0500] {processor.py:153} INFO - Started process (PID=15023) to work on /Library/Frameworks/Python.framework/Versions/3.9/lib/python3.9/site-packages/airflow/example_dags/tutorial_dag.py
[2023-01-12T07:24:14.719-0500] {processor.py:743} INFO - Processing file /Library/Frameworks/Python.framework/Versions/3.9/lib/python3.9/site-packages/airflow/example_dags/tutorial_dag.py for tasks to queue
[2023-01-12T07:24:14.720-0500] {logging_mixin.py:137} INFO - [2023-01-12T07:24:14.720-0500] {dagbag.py:538} INFO - Filling up the DagBag from /Library/Frameworks/Python.framework/Versions/3.9/lib/python3.9/site-packages/airflow/example_dags/tutorial_dag.py
[2023-01-12T07:24:14.770-0500] {processor.py:753} INFO - DAG(s) dict_keys(['tutorial_dag']) retrieved from /Library/Frameworks/Python.framework/Versions/3.9/lib/python3.9/site-packages/airflow/example_dags/tutorial_dag.py
[2023-01-12T07:24:15.398-0500] {logging_mixin.py:137} INFO - [2023-01-12T07:24:15.398-0500] {dag.py:2676} INFO - Sync 1 DAGs
[2023-01-12T07:24:15.416-0500] {logging_mixin.py:137} INFO - [2023-01-12T07:24:15.416-0500] {dag.py:3423} INFO - Setting next_dagrun for tutorial_dag to None, run_after=None
[2023-01-12T07:24:15.435-0500] {processor.py:175} INFO - Processing /Library/Frameworks/Python.framework/Versions/3.9/lib/python3.9/site-packages/airflow/example_dags/tutorial_dag.py took 0.722 seconds
[2023-01-12T07:26:09.557-0500] {processor.py:153} INFO - Started process (PID=15105) to work on /Library/Frameworks/Python.framework/Versions/3.9/lib/python3.9/site-packages/airflow/example_dags/tutorial_dag.py
[2023-01-12T07:26:09.563-0500] {processor.py:743} INFO - Processing file /Library/Frameworks/Python.framework/Versions/3.9/lib/python3.9/site-packages/airflow/example_dags/tutorial_dag.py for tasks to queue
[2023-01-12T07:26:09.563-0500] {logging_mixin.py:137} INFO - [2023-01-12T07:26:09.563-0500] {dagbag.py:538} INFO - Filling up the DagBag from /Library/Frameworks/Python.framework/Versions/3.9/lib/python3.9/site-packages/airflow/example_dags/tutorial_dag.py
[2023-01-12T07:26:09.606-0500] {processor.py:753} INFO - DAG(s) dict_keys(['tutorial_dag']) retrieved from /Library/Frameworks/Python.framework/Versions/3.9/lib/python3.9/site-packages/airflow/example_dags/tutorial_dag.py
[2023-01-12T07:26:10.287-0500] {logging_mixin.py:137} INFO - [2023-01-12T07:26:10.287-0500] {dag.py:2676} INFO - Sync 1 DAGs
[2023-01-12T07:26:10.306-0500] {logging_mixin.py:137} INFO - [2023-01-12T07:26:10.306-0500] {dag.py:3423} INFO - Setting next_dagrun for tutorial_dag to None, run_after=None
[2023-01-12T07:26:10.328-0500] {processor.py:175} INFO - Processing /Library/Frameworks/Python.framework/Versions/3.9/lib/python3.9/site-packages/airflow/example_dags/tutorial_dag.py took 0.772 seconds
[2023-01-12T07:27:53.754-0500] {processor.py:153} INFO - Started process (PID=15154) to work on /Library/Frameworks/Python.framework/Versions/3.9/lib/python3.9/site-packages/airflow/example_dags/tutorial_dag.py
[2023-01-12T07:27:53.760-0500] {processor.py:743} INFO - Processing file /Library/Frameworks/Python.framework/Versions/3.9/lib/python3.9/site-packages/airflow/example_dags/tutorial_dag.py for tasks to queue
[2023-01-12T07:27:53.761-0500] {logging_mixin.py:137} INFO - [2023-01-12T07:27:53.760-0500] {dagbag.py:538} INFO - Filling up the DagBag from /Library/Frameworks/Python.framework/Versions/3.9/lib/python3.9/site-packages/airflow/example_dags/tutorial_dag.py
[2023-01-12T07:27:53.886-0500] {processor.py:753} INFO - DAG(s) dict_keys(['tutorial_dag']) retrieved from /Library/Frameworks/Python.framework/Versions/3.9/lib/python3.9/site-packages/airflow/example_dags/tutorial_dag.py
[2023-01-12T07:27:54.708-0500] {logging_mixin.py:137} INFO - [2023-01-12T07:27:54.708-0500] {dag.py:2676} INFO - Sync 1 DAGs
[2023-01-12T07:27:54.725-0500] {logging_mixin.py:137} INFO - [2023-01-12T07:27:54.724-0500] {dag.py:3423} INFO - Setting next_dagrun for tutorial_dag to None, run_after=None
[2023-01-12T07:27:54.744-0500] {processor.py:175} INFO - Processing /Library/Frameworks/Python.framework/Versions/3.9/lib/python3.9/site-packages/airflow/example_dags/tutorial_dag.py took 0.991 seconds
[2023-01-12T07:29:35.757-0500] {processor.py:153} INFO - Started process (PID=15210) to work on /Library/Frameworks/Python.framework/Versions/3.9/lib/python3.9/site-packages/airflow/example_dags/tutorial_dag.py
[2023-01-12T07:29:35.763-0500] {processor.py:743} INFO - Processing file /Library/Frameworks/Python.framework/Versions/3.9/lib/python3.9/site-packages/airflow/example_dags/tutorial_dag.py for tasks to queue
[2023-01-12T07:29:35.763-0500] {logging_mixin.py:137} INFO - [2023-01-12T07:29:35.763-0500] {dagbag.py:538} INFO - Filling up the DagBag from /Library/Frameworks/Python.framework/Versions/3.9/lib/python3.9/site-packages/airflow/example_dags/tutorial_dag.py
[2023-01-12T07:29:35.810-0500] {processor.py:753} INFO - DAG(s) dict_keys(['tutorial_dag']) retrieved from /Library/Frameworks/Python.framework/Versions/3.9/lib/python3.9/site-packages/airflow/example_dags/tutorial_dag.py
[2023-01-12T07:29:36.952-0500] {logging_mixin.py:137} INFO - [2023-01-12T07:29:36.952-0500] {dag.py:2676} INFO - Sync 1 DAGs
[2023-01-12T07:29:36.972-0500] {logging_mixin.py:137} INFO - [2023-01-12T07:29:36.972-0500] {dag.py:3423} INFO - Setting next_dagrun for tutorial_dag to None, run_after=None
[2023-01-12T07:29:37.017-0500] {processor.py:175} INFO - Processing /Library/Frameworks/Python.framework/Versions/3.9/lib/python3.9/site-packages/airflow/example_dags/tutorial_dag.py took 1.260 seconds
[2023-01-12T07:31:29.749-0500] {processor.py:153} INFO - Started process (PID=15441) to work on /Library/Frameworks/Python.framework/Versions/3.9/lib/python3.9/site-packages/airflow/example_dags/tutorial_dag.py
[2023-01-12T07:31:29.755-0500] {processor.py:743} INFO - Processing file /Library/Frameworks/Python.framework/Versions/3.9/lib/python3.9/site-packages/airflow/example_dags/tutorial_dag.py for tasks to queue
[2023-01-12T07:31:29.756-0500] {logging_mixin.py:137} INFO - [2023-01-12T07:31:29.756-0500] {dagbag.py:538} INFO - Filling up the DagBag from /Library/Frameworks/Python.framework/Versions/3.9/lib/python3.9/site-packages/airflow/example_dags/tutorial_dag.py
[2023-01-12T07:31:29.802-0500] {processor.py:753} INFO - DAG(s) dict_keys(['tutorial_dag']) retrieved from /Library/Frameworks/Python.framework/Versions/3.9/lib/python3.9/site-packages/airflow/example_dags/tutorial_dag.py
[2023-01-12T07:31:30.441-0500] {logging_mixin.py:137} INFO - [2023-01-12T07:31:30.441-0500] {dag.py:2676} INFO - Sync 1 DAGs
[2023-01-12T07:31:30.457-0500] {logging_mixin.py:137} INFO - [2023-01-12T07:31:30.457-0500] {dag.py:3423} INFO - Setting next_dagrun for tutorial_dag to None, run_after=None
[2023-01-12T07:31:30.476-0500] {processor.py:175} INFO - Processing /Library/Frameworks/Python.framework/Versions/3.9/lib/python3.9/site-packages/airflow/example_dags/tutorial_dag.py took 0.728 seconds
[2023-01-12T07:33:17.141-0500] {processor.py:153} INFO - Started process (PID=15493) to work on /Library/Frameworks/Python.framework/Versions/3.9/lib/python3.9/site-packages/airflow/example_dags/tutorial_dag.py
[2023-01-12T07:33:17.147-0500] {processor.py:743} INFO - Processing file /Library/Frameworks/Python.framework/Versions/3.9/lib/python3.9/site-packages/airflow/example_dags/tutorial_dag.py for tasks to queue
[2023-01-12T07:33:17.148-0500] {logging_mixin.py:137} INFO - [2023-01-12T07:33:17.148-0500] {dagbag.py:538} INFO - Filling up the DagBag from /Library/Frameworks/Python.framework/Versions/3.9/lib/python3.9/site-packages/airflow/example_dags/tutorial_dag.py
[2023-01-12T07:33:17.190-0500] {processor.py:753} INFO - DAG(s) dict_keys(['tutorial_dag']) retrieved from /Library/Frameworks/Python.framework/Versions/3.9/lib/python3.9/site-packages/airflow/example_dags/tutorial_dag.py
[2023-01-12T07:33:17.851-0500] {logging_mixin.py:137} INFO - [2023-01-12T07:33:17.851-0500] {dag.py:2676} INFO - Sync 1 DAGs
[2023-01-12T07:33:17.869-0500] {logging_mixin.py:137} INFO - [2023-01-12T07:33:17.869-0500] {dag.py:3423} INFO - Setting next_dagrun for tutorial_dag to None, run_after=None
[2023-01-12T07:33:17.892-0500] {processor.py:175} INFO - Processing /Library/Frameworks/Python.framework/Versions/3.9/lib/python3.9/site-packages/airflow/example_dags/tutorial_dag.py took 0.751 seconds
[2023-01-12T07:35:04.060-0500] {processor.py:153} INFO - Started process (PID=15535) to work on /Library/Frameworks/Python.framework/Versions/3.9/lib/python3.9/site-packages/airflow/example_dags/tutorial_dag.py
[2023-01-12T07:35:04.067-0500] {processor.py:743} INFO - Processing file /Library/Frameworks/Python.framework/Versions/3.9/lib/python3.9/site-packages/airflow/example_dags/tutorial_dag.py for tasks to queue
[2023-01-12T07:35:04.069-0500] {logging_mixin.py:137} INFO - [2023-01-12T07:35:04.068-0500] {dagbag.py:538} INFO - Filling up the DagBag from /Library/Frameworks/Python.framework/Versions/3.9/lib/python3.9/site-packages/airflow/example_dags/tutorial_dag.py
[2023-01-12T07:35:04.111-0500] {processor.py:753} INFO - DAG(s) dict_keys(['tutorial_dag']) retrieved from /Library/Frameworks/Python.framework/Versions/3.9/lib/python3.9/site-packages/airflow/example_dags/tutorial_dag.py
[2023-01-12T07:35:04.786-0500] {logging_mixin.py:137} INFO - [2023-01-12T07:35:04.786-0500] {dag.py:2676} INFO - Sync 1 DAGs
[2023-01-12T07:35:04.803-0500] {logging_mixin.py:137} INFO - [2023-01-12T07:35:04.803-0500] {dag.py:3423} INFO - Setting next_dagrun for tutorial_dag to None, run_after=None
[2023-01-12T07:35:04.826-0500] {processor.py:175} INFO - Processing /Library/Frameworks/Python.framework/Versions/3.9/lib/python3.9/site-packages/airflow/example_dags/tutorial_dag.py took 0.767 seconds
[2023-01-12T07:36:53.259-0500] {processor.py:153} INFO - Started process (PID=15577) to work on /Library/Frameworks/Python.framework/Versions/3.9/lib/python3.9/site-packages/airflow/example_dags/tutorial_dag.py
[2023-01-12T07:36:53.265-0500] {processor.py:743} INFO - Processing file /Library/Frameworks/Python.framework/Versions/3.9/lib/python3.9/site-packages/airflow/example_dags/tutorial_dag.py for tasks to queue
[2023-01-12T07:36:53.265-0500] {logging_mixin.py:137} INFO - [2023-01-12T07:36:53.265-0500] {dagbag.py:538} INFO - Filling up the DagBag from /Library/Frameworks/Python.framework/Versions/3.9/lib/python3.9/site-packages/airflow/example_dags/tutorial_dag.py
[2023-01-12T07:36:53.304-0500] {processor.py:753} INFO - DAG(s) dict_keys(['tutorial_dag']) retrieved from /Library/Frameworks/Python.framework/Versions/3.9/lib/python3.9/site-packages/airflow/example_dags/tutorial_dag.py
[2023-01-12T07:36:53.930-0500] {logging_mixin.py:137} INFO - [2023-01-12T07:36:53.929-0500] {dag.py:2676} INFO - Sync 1 DAGs
[2023-01-12T07:36:53.948-0500] {logging_mixin.py:137} INFO - [2023-01-12T07:36:53.948-0500] {dag.py:3423} INFO - Setting next_dagrun for tutorial_dag to None, run_after=None
[2023-01-12T07:36:53.968-0500] {processor.py:175} INFO - Processing /Library/Frameworks/Python.framework/Versions/3.9/lib/python3.9/site-packages/airflow/example_dags/tutorial_dag.py took 0.710 seconds
[2023-01-12T07:38:40.395-0500] {processor.py:153} INFO - Started process (PID=15623) to work on /Library/Frameworks/Python.framework/Versions/3.9/lib/python3.9/site-packages/airflow/example_dags/tutorial_dag.py
[2023-01-12T07:38:40.401-0500] {processor.py:743} INFO - Processing file /Library/Frameworks/Python.framework/Versions/3.9/lib/python3.9/site-packages/airflow/example_dags/tutorial_dag.py for tasks to queue
[2023-01-12T07:38:40.402-0500] {logging_mixin.py:137} INFO - [2023-01-12T07:38:40.402-0500] {dagbag.py:538} INFO - Filling up the DagBag from /Library/Frameworks/Python.framework/Versions/3.9/lib/python3.9/site-packages/airflow/example_dags/tutorial_dag.py
[2023-01-12T07:38:40.445-0500] {processor.py:753} INFO - DAG(s) dict_keys(['tutorial_dag']) retrieved from /Library/Frameworks/Python.framework/Versions/3.9/lib/python3.9/site-packages/airflow/example_dags/tutorial_dag.py
[2023-01-12T07:38:41.109-0500] {logging_mixin.py:137} INFO - [2023-01-12T07:38:41.108-0500] {dag.py:2676} INFO - Sync 1 DAGs
[2023-01-12T07:38:41.125-0500] {logging_mixin.py:137} INFO - [2023-01-12T07:38:41.125-0500] {dag.py:3423} INFO - Setting next_dagrun for tutorial_dag to None, run_after=None
[2023-01-12T07:38:41.145-0500] {processor.py:175} INFO - Processing /Library/Frameworks/Python.framework/Versions/3.9/lib/python3.9/site-packages/airflow/example_dags/tutorial_dag.py took 0.751 seconds
[2023-01-12T07:40:41.358-0500] {processor.py:153} INFO - Started process (PID=15745) to work on /Library/Frameworks/Python.framework/Versions/3.9/lib/python3.9/site-packages/airflow/example_dags/tutorial_dag.py
[2023-01-12T07:40:41.366-0500] {processor.py:743} INFO - Processing file /Library/Frameworks/Python.framework/Versions/3.9/lib/python3.9/site-packages/airflow/example_dags/tutorial_dag.py for tasks to queue
[2023-01-12T07:40:41.366-0500] {logging_mixin.py:137} INFO - [2023-01-12T07:40:41.366-0500] {dagbag.py:538} INFO - Filling up the DagBag from /Library/Frameworks/Python.framework/Versions/3.9/lib/python3.9/site-packages/airflow/example_dags/tutorial_dag.py
[2023-01-12T07:40:41.423-0500] {processor.py:753} INFO - DAG(s) dict_keys(['tutorial_dag']) retrieved from /Library/Frameworks/Python.framework/Versions/3.9/lib/python3.9/site-packages/airflow/example_dags/tutorial_dag.py
[2023-01-12T07:40:42.260-0500] {logging_mixin.py:137} INFO - [2023-01-12T07:40:42.260-0500] {dag.py:2676} INFO - Sync 1 DAGs
[2023-01-12T07:40:42.289-0500] {logging_mixin.py:137} INFO - [2023-01-12T07:40:42.288-0500] {dag.py:3423} INFO - Setting next_dagrun for tutorial_dag to None, run_after=None
[2023-01-12T07:40:42.314-0500] {processor.py:175} INFO - Processing /Library/Frameworks/Python.framework/Versions/3.9/lib/python3.9/site-packages/airflow/example_dags/tutorial_dag.py took 0.956 seconds
[2023-01-12T07:42:44.067-0500] {processor.py:153} INFO - Started process (PID=15791) to work on /Library/Frameworks/Python.framework/Versions/3.9/lib/python3.9/site-packages/airflow/example_dags/tutorial_dag.py
[2023-01-12T07:42:44.074-0500] {processor.py:743} INFO - Processing file /Library/Frameworks/Python.framework/Versions/3.9/lib/python3.9/site-packages/airflow/example_dags/tutorial_dag.py for tasks to queue
[2023-01-12T07:42:44.074-0500] {logging_mixin.py:137} INFO - [2023-01-12T07:42:44.074-0500] {dagbag.py:538} INFO - Filling up the DagBag from /Library/Frameworks/Python.framework/Versions/3.9/lib/python3.9/site-packages/airflow/example_dags/tutorial_dag.py
[2023-01-12T07:42:44.133-0500] {processor.py:753} INFO - DAG(s) dict_keys(['tutorial_dag']) retrieved from /Library/Frameworks/Python.framework/Versions/3.9/lib/python3.9/site-packages/airflow/example_dags/tutorial_dag.py
[2023-01-12T07:42:44.901-0500] {logging_mixin.py:137} INFO - [2023-01-12T07:42:44.901-0500] {dag.py:2676} INFO - Sync 1 DAGs
[2023-01-12T07:42:44.922-0500] {logging_mixin.py:137} INFO - [2023-01-12T07:42:44.921-0500] {dag.py:3423} INFO - Setting next_dagrun for tutorial_dag to None, run_after=None
[2023-01-12T07:42:44.945-0500] {processor.py:175} INFO - Processing /Library/Frameworks/Python.framework/Versions/3.9/lib/python3.9/site-packages/airflow/example_dags/tutorial_dag.py took 0.878 seconds
[2023-01-12T07:44:44.908-0500] {processor.py:153} INFO - Started process (PID=15847) to work on /Library/Frameworks/Python.framework/Versions/3.9/lib/python3.9/site-packages/airflow/example_dags/tutorial_dag.py
[2023-01-12T07:44:44.914-0500] {processor.py:743} INFO - Processing file /Library/Frameworks/Python.framework/Versions/3.9/lib/python3.9/site-packages/airflow/example_dags/tutorial_dag.py for tasks to queue
[2023-01-12T07:44:44.915-0500] {logging_mixin.py:137} INFO - [2023-01-12T07:44:44.915-0500] {dagbag.py:538} INFO - Filling up the DagBag from /Library/Frameworks/Python.framework/Versions/3.9/lib/python3.9/site-packages/airflow/example_dags/tutorial_dag.py
[2023-01-12T07:44:44.977-0500] {processor.py:753} INFO - DAG(s) dict_keys(['tutorial_dag']) retrieved from /Library/Frameworks/Python.framework/Versions/3.9/lib/python3.9/site-packages/airflow/example_dags/tutorial_dag.py
[2023-01-12T07:44:45.728-0500] {logging_mixin.py:137} INFO - [2023-01-12T07:44:45.728-0500] {dag.py:2676} INFO - Sync 1 DAGs
[2023-01-12T07:44:45.747-0500] {logging_mixin.py:137} INFO - [2023-01-12T07:44:45.747-0500] {dag.py:3423} INFO - Setting next_dagrun for tutorial_dag to None, run_after=None
[2023-01-12T07:44:45.770-0500] {processor.py:175} INFO - Processing /Library/Frameworks/Python.framework/Versions/3.9/lib/python3.9/site-packages/airflow/example_dags/tutorial_dag.py took 0.863 seconds
[2023-01-12T07:46:40.871-0500] {processor.py:153} INFO - Started process (PID=15896) to work on /Library/Frameworks/Python.framework/Versions/3.9/lib/python3.9/site-packages/airflow/example_dags/tutorial_dag.py
[2023-01-12T07:46:40.877-0500] {processor.py:743} INFO - Processing file /Library/Frameworks/Python.framework/Versions/3.9/lib/python3.9/site-packages/airflow/example_dags/tutorial_dag.py for tasks to queue
[2023-01-12T07:46:40.877-0500] {logging_mixin.py:137} INFO - [2023-01-12T07:46:40.877-0500] {dagbag.py:538} INFO - Filling up the DagBag from /Library/Frameworks/Python.framework/Versions/3.9/lib/python3.9/site-packages/airflow/example_dags/tutorial_dag.py
[2023-01-12T07:46:40.935-0500] {processor.py:753} INFO - DAG(s) dict_keys(['tutorial_dag']) retrieved from /Library/Frameworks/Python.framework/Versions/3.9/lib/python3.9/site-packages/airflow/example_dags/tutorial_dag.py
[2023-01-12T07:46:41.815-0500] {logging_mixin.py:137} INFO - [2023-01-12T07:46:41.814-0500] {dag.py:2676} INFO - Sync 1 DAGs
[2023-01-12T07:46:41.834-0500] {logging_mixin.py:137} INFO - [2023-01-12T07:46:41.834-0500] {dag.py:3423} INFO - Setting next_dagrun for tutorial_dag to None, run_after=None
[2023-01-12T07:46:41.855-0500] {processor.py:175} INFO - Processing /Library/Frameworks/Python.framework/Versions/3.9/lib/python3.9/site-packages/airflow/example_dags/tutorial_dag.py took 0.985 seconds
[2023-01-12T07:48:28.168-0500] {processor.py:153} INFO - Started process (PID=15953) to work on /Library/Frameworks/Python.framework/Versions/3.9/lib/python3.9/site-packages/airflow/example_dags/tutorial_dag.py
[2023-01-12T07:48:28.175-0500] {processor.py:743} INFO - Processing file /Library/Frameworks/Python.framework/Versions/3.9/lib/python3.9/site-packages/airflow/example_dags/tutorial_dag.py for tasks to queue
[2023-01-12T07:48:28.176-0500] {logging_mixin.py:137} INFO - [2023-01-12T07:48:28.176-0500] {dagbag.py:538} INFO - Filling up the DagBag from /Library/Frameworks/Python.framework/Versions/3.9/lib/python3.9/site-packages/airflow/example_dags/tutorial_dag.py
[2023-01-12T07:48:28.226-0500] {processor.py:753} INFO - DAG(s) dict_keys(['tutorial_dag']) retrieved from /Library/Frameworks/Python.framework/Versions/3.9/lib/python3.9/site-packages/airflow/example_dags/tutorial_dag.py
[2023-01-12T07:48:28.969-0500] {logging_mixin.py:137} INFO - [2023-01-12T07:48:28.969-0500] {dag.py:2676} INFO - Sync 1 DAGs
[2023-01-12T07:48:28.990-0500] {logging_mixin.py:137} INFO - [2023-01-12T07:48:28.990-0500] {dag.py:3423} INFO - Setting next_dagrun for tutorial_dag to None, run_after=None
[2023-01-12T07:48:29.015-0500] {processor.py:175} INFO - Processing /Library/Frameworks/Python.framework/Versions/3.9/lib/python3.9/site-packages/airflow/example_dags/tutorial_dag.py took 0.847 seconds
[2023-01-12T07:50:35.228-0500] {processor.py:153} INFO - Started process (PID=16079) to work on /Library/Frameworks/Python.framework/Versions/3.9/lib/python3.9/site-packages/airflow/example_dags/tutorial_dag.py
[2023-01-12T07:50:35.237-0500] {processor.py:743} INFO - Processing file /Library/Frameworks/Python.framework/Versions/3.9/lib/python3.9/site-packages/airflow/example_dags/tutorial_dag.py for tasks to queue
[2023-01-12T07:50:35.238-0500] {logging_mixin.py:137} INFO - [2023-01-12T07:50:35.238-0500] {dagbag.py:538} INFO - Filling up the DagBag from /Library/Frameworks/Python.framework/Versions/3.9/lib/python3.9/site-packages/airflow/example_dags/tutorial_dag.py
[2023-01-12T07:50:35.312-0500] {processor.py:753} INFO - DAG(s) dict_keys(['tutorial_dag']) retrieved from /Library/Frameworks/Python.framework/Versions/3.9/lib/python3.9/site-packages/airflow/example_dags/tutorial_dag.py
[2023-01-12T07:50:36.186-0500] {logging_mixin.py:137} INFO - [2023-01-12T07:50:36.186-0500] {dag.py:2676} INFO - Sync 1 DAGs
[2023-01-12T07:50:36.210-0500] {logging_mixin.py:137} INFO - [2023-01-12T07:50:36.210-0500] {dag.py:3423} INFO - Setting next_dagrun for tutorial_dag to None, run_after=None
[2023-01-12T07:50:36.235-0500] {processor.py:175} INFO - Processing /Library/Frameworks/Python.framework/Versions/3.9/lib/python3.9/site-packages/airflow/example_dags/tutorial_dag.py took 1.009 seconds
[2023-01-12T07:52:38.530-0500] {processor.py:153} INFO - Started process (PID=16121) to work on /Library/Frameworks/Python.framework/Versions/3.9/lib/python3.9/site-packages/airflow/example_dags/tutorial_dag.py
[2023-01-12T07:52:38.538-0500] {processor.py:743} INFO - Processing file /Library/Frameworks/Python.framework/Versions/3.9/lib/python3.9/site-packages/airflow/example_dags/tutorial_dag.py for tasks to queue
[2023-01-12T07:52:38.538-0500] {logging_mixin.py:137} INFO - [2023-01-12T07:52:38.538-0500] {dagbag.py:538} INFO - Filling up the DagBag from /Library/Frameworks/Python.framework/Versions/3.9/lib/python3.9/site-packages/airflow/example_dags/tutorial_dag.py
[2023-01-12T07:52:38.590-0500] {processor.py:753} INFO - DAG(s) dict_keys(['tutorial_dag']) retrieved from /Library/Frameworks/Python.framework/Versions/3.9/lib/python3.9/site-packages/airflow/example_dags/tutorial_dag.py
[2023-01-12T07:52:39.349-0500] {logging_mixin.py:137} INFO - [2023-01-12T07:52:39.349-0500] {dag.py:2676} INFO - Sync 1 DAGs
[2023-01-12T07:52:39.370-0500] {logging_mixin.py:137} INFO - [2023-01-12T07:52:39.370-0500] {dag.py:3423} INFO - Setting next_dagrun for tutorial_dag to None, run_after=None
[2023-01-12T07:52:39.395-0500] {processor.py:175} INFO - Processing /Library/Frameworks/Python.framework/Versions/3.9/lib/python3.9/site-packages/airflow/example_dags/tutorial_dag.py took 0.866 seconds
[2023-01-12T07:54:28.830-0500] {processor.py:153} INFO - Started process (PID=16158) to work on /Library/Frameworks/Python.framework/Versions/3.9/lib/python3.9/site-packages/airflow/example_dags/tutorial_dag.py
[2023-01-12T07:54:28.837-0500] {processor.py:743} INFO - Processing file /Library/Frameworks/Python.framework/Versions/3.9/lib/python3.9/site-packages/airflow/example_dags/tutorial_dag.py for tasks to queue
[2023-01-12T07:54:28.838-0500] {logging_mixin.py:137} INFO - [2023-01-12T07:54:28.838-0500] {dagbag.py:538} INFO - Filling up the DagBag from /Library/Frameworks/Python.framework/Versions/3.9/lib/python3.9/site-packages/airflow/example_dags/tutorial_dag.py
[2023-01-12T07:54:28.893-0500] {processor.py:753} INFO - DAG(s) dict_keys(['tutorial_dag']) retrieved from /Library/Frameworks/Python.framework/Versions/3.9/lib/python3.9/site-packages/airflow/example_dags/tutorial_dag.py
[2023-01-12T07:54:29.708-0500] {logging_mixin.py:137} INFO - [2023-01-12T07:54:29.707-0500] {dag.py:2676} INFO - Sync 1 DAGs
[2023-01-12T07:54:29.728-0500] {logging_mixin.py:137} INFO - [2023-01-12T07:54:29.728-0500] {dag.py:3423} INFO - Setting next_dagrun for tutorial_dag to None, run_after=None
[2023-01-12T07:54:29.752-0500] {processor.py:175} INFO - Processing /Library/Frameworks/Python.framework/Versions/3.9/lib/python3.9/site-packages/airflow/example_dags/tutorial_dag.py took 0.923 seconds
[2023-01-12T07:56:26.223-0500] {processor.py:153} INFO - Started process (PID=16201) to work on /Library/Frameworks/Python.framework/Versions/3.9/lib/python3.9/site-packages/airflow/example_dags/tutorial_dag.py
[2023-01-12T07:56:26.231-0500] {processor.py:743} INFO - Processing file /Library/Frameworks/Python.framework/Versions/3.9/lib/python3.9/site-packages/airflow/example_dags/tutorial_dag.py for tasks to queue
[2023-01-12T07:56:26.232-0500] {logging_mixin.py:137} INFO - [2023-01-12T07:56:26.231-0500] {dagbag.py:538} INFO - Filling up the DagBag from /Library/Frameworks/Python.framework/Versions/3.9/lib/python3.9/site-packages/airflow/example_dags/tutorial_dag.py
[2023-01-12T07:56:26.356-0500] {processor.py:753} INFO - DAG(s) dict_keys(['tutorial_dag']) retrieved from /Library/Frameworks/Python.framework/Versions/3.9/lib/python3.9/site-packages/airflow/example_dags/tutorial_dag.py
[2023-01-12T07:56:27.224-0500] {logging_mixin.py:137} INFO - [2023-01-12T07:56:27.224-0500] {dag.py:2676} INFO - Sync 1 DAGs
[2023-01-12T07:56:27.247-0500] {logging_mixin.py:137} INFO - [2023-01-12T07:56:27.247-0500] {dag.py:3423} INFO - Setting next_dagrun for tutorial_dag to None, run_after=None
[2023-01-12T07:56:27.271-0500] {processor.py:175} INFO - Processing /Library/Frameworks/Python.framework/Versions/3.9/lib/python3.9/site-packages/airflow/example_dags/tutorial_dag.py took 1.049 seconds
[2023-01-12T07:58:31.737-0500] {processor.py:153} INFO - Started process (PID=16359) to work on /Library/Frameworks/Python.framework/Versions/3.9/lib/python3.9/site-packages/airflow/example_dags/tutorial_dag.py
[2023-01-12T07:58:31.743-0500] {processor.py:743} INFO - Processing file /Library/Frameworks/Python.framework/Versions/3.9/lib/python3.9/site-packages/airflow/example_dags/tutorial_dag.py for tasks to queue
[2023-01-12T07:58:31.744-0500] {logging_mixin.py:137} INFO - [2023-01-12T07:58:31.743-0500] {dagbag.py:538} INFO - Filling up the DagBag from /Library/Frameworks/Python.framework/Versions/3.9/lib/python3.9/site-packages/airflow/example_dags/tutorial_dag.py
[2023-01-12T07:58:31.787-0500] {processor.py:753} INFO - DAG(s) dict_keys(['tutorial_dag']) retrieved from /Library/Frameworks/Python.framework/Versions/3.9/lib/python3.9/site-packages/airflow/example_dags/tutorial_dag.py
[2023-01-12T07:58:32.489-0500] {logging_mixin.py:137} INFO - [2023-01-12T07:58:32.488-0500] {dag.py:2676} INFO - Sync 1 DAGs
[2023-01-12T07:58:32.509-0500] {logging_mixin.py:137} INFO - [2023-01-12T07:58:32.509-0500] {dag.py:3423} INFO - Setting next_dagrun for tutorial_dag to None, run_after=None
[2023-01-12T07:58:32.553-0500] {processor.py:175} INFO - Processing /Library/Frameworks/Python.framework/Versions/3.9/lib/python3.9/site-packages/airflow/example_dags/tutorial_dag.py took 0.817 seconds
[2023-01-12T08:00:22.807-0500] {processor.py:153} INFO - Started process (PID=16454) to work on /Library/Frameworks/Python.framework/Versions/3.9/lib/python3.9/site-packages/airflow/example_dags/tutorial_dag.py
[2023-01-12T08:00:22.814-0500] {processor.py:743} INFO - Processing file /Library/Frameworks/Python.framework/Versions/3.9/lib/python3.9/site-packages/airflow/example_dags/tutorial_dag.py for tasks to queue
[2023-01-12T08:00:22.814-0500] {logging_mixin.py:137} INFO - [2023-01-12T08:00:22.814-0500] {dagbag.py:538} INFO - Filling up the DagBag from /Library/Frameworks/Python.framework/Versions/3.9/lib/python3.9/site-packages/airflow/example_dags/tutorial_dag.py
[2023-01-12T08:00:22.857-0500] {processor.py:753} INFO - DAG(s) dict_keys(['tutorial_dag']) retrieved from /Library/Frameworks/Python.framework/Versions/3.9/lib/python3.9/site-packages/airflow/example_dags/tutorial_dag.py
[2023-01-12T08:00:23.586-0500] {logging_mixin.py:137} INFO - [2023-01-12T08:00:23.586-0500] {dag.py:2676} INFO - Sync 1 DAGs
[2023-01-12T08:00:23.606-0500] {logging_mixin.py:137} INFO - [2023-01-12T08:00:23.606-0500] {dag.py:3423} INFO - Setting next_dagrun for tutorial_dag to None, run_after=None
[2023-01-12T08:00:23.628-0500] {processor.py:175} INFO - Processing /Library/Frameworks/Python.framework/Versions/3.9/lib/python3.9/site-packages/airflow/example_dags/tutorial_dag.py took 0.822 seconds
[2023-01-12T08:03:27.366-0500] {processor.py:153} INFO - Started process (PID=16523) to work on /Library/Frameworks/Python.framework/Versions/3.9/lib/python3.9/site-packages/airflow/example_dags/tutorial_dag.py
[2023-01-12T08:03:27.383-0500] {processor.py:743} INFO - Processing file /Library/Frameworks/Python.framework/Versions/3.9/lib/python3.9/site-packages/airflow/example_dags/tutorial_dag.py for tasks to queue
[2023-01-12T08:03:27.384-0500] {logging_mixin.py:137} INFO - [2023-01-12T08:03:27.384-0500] {dagbag.py:538} INFO - Filling up the DagBag from /Library/Frameworks/Python.framework/Versions/3.9/lib/python3.9/site-packages/airflow/example_dags/tutorial_dag.py
[2023-01-12T08:03:27.479-0500] {processor.py:753} INFO - DAG(s) dict_keys(['tutorial_dag']) retrieved from /Library/Frameworks/Python.framework/Versions/3.9/lib/python3.9/site-packages/airflow/example_dags/tutorial_dag.py
[2023-01-12T08:03:28.682-0500] {logging_mixin.py:137} INFO - [2023-01-12T08:03:28.681-0500] {dag.py:2676} INFO - Sync 1 DAGs
[2023-01-12T08:03:28.714-0500] {logging_mixin.py:137} INFO - [2023-01-12T08:03:28.713-0500] {dag.py:3423} INFO - Setting next_dagrun for tutorial_dag to None, run_after=None
[2023-01-12T08:03:28.748-0500] {processor.py:175} INFO - Processing /Library/Frameworks/Python.framework/Versions/3.9/lib/python3.9/site-packages/airflow/example_dags/tutorial_dag.py took 1.404 seconds
[2023-01-12T08:08:16.697-0500] {processor.py:153} INFO - Started process (PID=16674) to work on /Library/Frameworks/Python.framework/Versions/3.9/lib/python3.9/site-packages/airflow/example_dags/tutorial_dag.py
[2023-01-12T08:08:16.729-0500] {processor.py:743} INFO - Processing file /Library/Frameworks/Python.framework/Versions/3.9/lib/python3.9/site-packages/airflow/example_dags/tutorial_dag.py for tasks to queue
[2023-01-12T08:08:16.730-0500] {logging_mixin.py:137} INFO - [2023-01-12T08:08:16.730-0500] {dagbag.py:538} INFO - Filling up the DagBag from /Library/Frameworks/Python.framework/Versions/3.9/lib/python3.9/site-packages/airflow/example_dags/tutorial_dag.py
[2023-01-12T08:08:16.819-0500] {processor.py:753} INFO - DAG(s) dict_keys(['tutorial_dag']) retrieved from /Library/Frameworks/Python.framework/Versions/3.9/lib/python3.9/site-packages/airflow/example_dags/tutorial_dag.py
[2023-01-12T08:08:18.464-0500] {logging_mixin.py:137} INFO - [2023-01-12T08:08:18.463-0500] {dag.py:2676} INFO - Sync 1 DAGs
[2023-01-12T08:08:18.505-0500] {logging_mixin.py:137} INFO - [2023-01-12T08:08:18.505-0500] {dag.py:3423} INFO - Setting next_dagrun for tutorial_dag to None, run_after=None
[2023-01-12T08:08:18.553-0500] {processor.py:175} INFO - Processing /Library/Frameworks/Python.framework/Versions/3.9/lib/python3.9/site-packages/airflow/example_dags/tutorial_dag.py took 1.858 seconds
[2023-01-12T08:11:54.999-0500] {processor.py:153} INFO - Started process (PID=16784) to work on /Library/Frameworks/Python.framework/Versions/3.9/lib/python3.9/site-packages/airflow/example_dags/tutorial_dag.py
[2023-01-12T08:11:55.009-0500] {processor.py:743} INFO - Processing file /Library/Frameworks/Python.framework/Versions/3.9/lib/python3.9/site-packages/airflow/example_dags/tutorial_dag.py for tasks to queue
[2023-01-12T08:11:55.010-0500] {logging_mixin.py:137} INFO - [2023-01-12T08:11:55.010-0500] {dagbag.py:538} INFO - Filling up the DagBag from /Library/Frameworks/Python.framework/Versions/3.9/lib/python3.9/site-packages/airflow/example_dags/tutorial_dag.py
[2023-01-12T08:11:55.092-0500] {processor.py:753} INFO - DAG(s) dict_keys(['tutorial_dag']) retrieved from /Library/Frameworks/Python.framework/Versions/3.9/lib/python3.9/site-packages/airflow/example_dags/tutorial_dag.py
[2023-01-12T08:11:56.232-0500] {logging_mixin.py:137} INFO - [2023-01-12T08:11:56.231-0500] {dag.py:2676} INFO - Sync 1 DAGs
[2023-01-12T08:11:56.262-0500] {logging_mixin.py:137} INFO - [2023-01-12T08:11:56.262-0500] {dag.py:3423} INFO - Setting next_dagrun for tutorial_dag to None, run_after=None
[2023-01-12T08:11:56.295-0500] {processor.py:175} INFO - Processing /Library/Frameworks/Python.framework/Versions/3.9/lib/python3.9/site-packages/airflow/example_dags/tutorial_dag.py took 1.297 seconds
[2023-01-12T08:22:37.435-0500] {processor.py:153} INFO - Started process (PID=17339) to work on /Library/Frameworks/Python.framework/Versions/3.9/lib/python3.9/site-packages/airflow/example_dags/tutorial_dag.py
[2023-01-12T08:22:37.446-0500] {processor.py:743} INFO - Processing file /Library/Frameworks/Python.framework/Versions/3.9/lib/python3.9/site-packages/airflow/example_dags/tutorial_dag.py for tasks to queue
[2023-01-12T08:22:37.447-0500] {logging_mixin.py:137} INFO - [2023-01-12T08:22:37.447-0500] {dagbag.py:538} INFO - Filling up the DagBag from /Library/Frameworks/Python.framework/Versions/3.9/lib/python3.9/site-packages/airflow/example_dags/tutorial_dag.py
[2023-01-12T08:22:37.520-0500] {processor.py:753} INFO - DAG(s) dict_keys(['tutorial_dag']) retrieved from /Library/Frameworks/Python.framework/Versions/3.9/lib/python3.9/site-packages/airflow/example_dags/tutorial_dag.py
[2023-01-12T08:22:38.571-0500] {logging_mixin.py:137} INFO - [2023-01-12T08:22:38.570-0500] {dag.py:2676} INFO - Sync 1 DAGs
[2023-01-12T08:22:38.601-0500] {logging_mixin.py:137} INFO - [2023-01-12T08:22:38.601-0500] {dag.py:3423} INFO - Setting next_dagrun for tutorial_dag to None, run_after=None
[2023-01-12T08:22:38.637-0500] {processor.py:175} INFO - Processing /Library/Frameworks/Python.framework/Versions/3.9/lib/python3.9/site-packages/airflow/example_dags/tutorial_dag.py took 1.203 seconds
