[2023-01-12T06:01:19.495-0500] {processor.py:153} INFO - Started process (PID=14758) to work on /Library/Frameworks/Python.framework/Versions/3.9/lib/python3.9/site-packages/airflow/example_dags/tutorial_taskflow_api.py
[2023-01-12T06:01:19.500-0500] {processor.py:743} INFO - Processing file /Library/Frameworks/Python.framework/Versions/3.9/lib/python3.9/site-packages/airflow/example_dags/tutorial_taskflow_api.py for tasks to queue
[2023-01-12T06:01:19.500-0500] {logging_mixin.py:137} INFO - [2023-01-12T06:01:19.500-0500] {dagbag.py:538} INFO - Filling up the DagBag from /Library/Frameworks/Python.framework/Versions/3.9/lib/python3.9/site-packages/airflow/example_dags/tutorial_taskflow_api.py
[2023-01-12T06:01:19.589-0500] {processor.py:753} INFO - DAG(s) dict_keys(['tutorial_taskflow_api']) retrieved from /Library/Frameworks/Python.framework/Versions/3.9/lib/python3.9/site-packages/airflow/example_dags/tutorial_taskflow_api.py
[2023-01-12T06:01:20.286-0500] {logging_mixin.py:137} INFO - [2023-01-12T06:01:20.286-0500] {dag.py:2676} INFO - Sync 1 DAGs
[2023-01-12T06:01:20.304-0500] {logging_mixin.py:137} INFO - [2023-01-12T06:01:20.304-0500] {dag.py:3423} INFO - Setting next_dagrun for tutorial_taskflow_api to None, run_after=None
[2023-01-12T06:01:20.328-0500] {processor.py:175} INFO - Processing /Library/Frameworks/Python.framework/Versions/3.9/lib/python3.9/site-packages/airflow/example_dags/tutorial_taskflow_api.py took 0.834 seconds
[2023-01-12T07:24:11.288-0500] {processor.py:153} INFO - Started process (PID=15022) to work on /Library/Frameworks/Python.framework/Versions/3.9/lib/python3.9/site-packages/airflow/example_dags/tutorial_taskflow_api.py
[2023-01-12T07:24:11.294-0500] {processor.py:743} INFO - Processing file /Library/Frameworks/Python.framework/Versions/3.9/lib/python3.9/site-packages/airflow/example_dags/tutorial_taskflow_api.py for tasks to queue
[2023-01-12T07:24:11.295-0500] {logging_mixin.py:137} INFO - [2023-01-12T07:24:11.295-0500] {dagbag.py:538} INFO - Filling up the DagBag from /Library/Frameworks/Python.framework/Versions/3.9/lib/python3.9/site-packages/airflow/example_dags/tutorial_taskflow_api.py
[2023-01-12T07:24:11.354-0500] {processor.py:753} INFO - DAG(s) dict_keys(['tutorial_taskflow_api']) retrieved from /Library/Frameworks/Python.framework/Versions/3.9/lib/python3.9/site-packages/airflow/example_dags/tutorial_taskflow_api.py
[2023-01-12T07:24:11.998-0500] {logging_mixin.py:137} INFO - [2023-01-12T07:24:11.997-0500] {dag.py:2676} INFO - Sync 1 DAGs
[2023-01-12T07:24:12.015-0500] {logging_mixin.py:137} INFO - [2023-01-12T07:24:12.014-0500] {dag.py:3423} INFO - Setting next_dagrun for tutorial_taskflow_api to None, run_after=None
[2023-01-12T07:24:12.033-0500] {processor.py:175} INFO - Processing /Library/Frameworks/Python.framework/Versions/3.9/lib/python3.9/site-packages/airflow/example_dags/tutorial_taskflow_api.py took 0.745 seconds
[2023-01-12T07:26:04.199-0500] {processor.py:153} INFO - Started process (PID=15092) to work on /Library/Frameworks/Python.framework/Versions/3.9/lib/python3.9/site-packages/airflow/example_dags/tutorial_taskflow_api.py
[2023-01-12T07:26:04.206-0500] {processor.py:743} INFO - Processing file /Library/Frameworks/Python.framework/Versions/3.9/lib/python3.9/site-packages/airflow/example_dags/tutorial_taskflow_api.py for tasks to queue
[2023-01-12T07:26:04.207-0500] {logging_mixin.py:137} INFO - [2023-01-12T07:26:04.206-0500] {dagbag.py:538} INFO - Filling up the DagBag from /Library/Frameworks/Python.framework/Versions/3.9/lib/python3.9/site-packages/airflow/example_dags/tutorial_taskflow_api.py
[2023-01-12T07:26:04.321-0500] {processor.py:753} INFO - DAG(s) dict_keys(['tutorial_taskflow_api']) retrieved from /Library/Frameworks/Python.framework/Versions/3.9/lib/python3.9/site-packages/airflow/example_dags/tutorial_taskflow_api.py
[2023-01-12T07:26:06.074-0500] {logging_mixin.py:137} INFO - [2023-01-12T07:26:06.074-0500] {dag.py:2676} INFO - Sync 1 DAGs
[2023-01-12T07:26:06.103-0500] {logging_mixin.py:137} INFO - [2023-01-12T07:26:06.102-0500] {dag.py:3423} INFO - Setting next_dagrun for tutorial_taskflow_api to None, run_after=None
[2023-01-12T07:26:06.178-0500] {processor.py:175} INFO - Processing /Library/Frameworks/Python.framework/Versions/3.9/lib/python3.9/site-packages/airflow/example_dags/tutorial_taskflow_api.py took 1.981 seconds
[2023-01-12T07:27:50.371-0500] {processor.py:153} INFO - Started process (PID=15153) to work on /Library/Frameworks/Python.framework/Versions/3.9/lib/python3.9/site-packages/airflow/example_dags/tutorial_taskflow_api.py
[2023-01-12T07:27:50.376-0500] {processor.py:743} INFO - Processing file /Library/Frameworks/Python.framework/Versions/3.9/lib/python3.9/site-packages/airflow/example_dags/tutorial_taskflow_api.py for tasks to queue
[2023-01-12T07:27:50.377-0500] {logging_mixin.py:137} INFO - [2023-01-12T07:27:50.377-0500] {dagbag.py:538} INFO - Filling up the DagBag from /Library/Frameworks/Python.framework/Versions/3.9/lib/python3.9/site-packages/airflow/example_dags/tutorial_taskflow_api.py
[2023-01-12T07:27:50.461-0500] {processor.py:753} INFO - DAG(s) dict_keys(['tutorial_taskflow_api']) retrieved from /Library/Frameworks/Python.framework/Versions/3.9/lib/python3.9/site-packages/airflow/example_dags/tutorial_taskflow_api.py
[2023-01-12T07:27:51.161-0500] {logging_mixin.py:137} INFO - [2023-01-12T07:27:51.161-0500] {dag.py:2676} INFO - Sync 1 DAGs
[2023-01-12T07:27:51.182-0500] {logging_mixin.py:137} INFO - [2023-01-12T07:27:51.181-0500] {dag.py:3423} INFO - Setting next_dagrun for tutorial_taskflow_api to None, run_after=None
[2023-01-12T07:27:51.201-0500] {processor.py:175} INFO - Processing /Library/Frameworks/Python.framework/Versions/3.9/lib/python3.9/site-packages/airflow/example_dags/tutorial_taskflow_api.py took 0.831 seconds
[2023-01-12T07:29:31.952-0500] {processor.py:153} INFO - Started process (PID=15209) to work on /Library/Frameworks/Python.framework/Versions/3.9/lib/python3.9/site-packages/airflow/example_dags/tutorial_taskflow_api.py
[2023-01-12T07:29:31.957-0500] {processor.py:743} INFO - Processing file /Library/Frameworks/Python.framework/Versions/3.9/lib/python3.9/site-packages/airflow/example_dags/tutorial_taskflow_api.py for tasks to queue
[2023-01-12T07:29:31.958-0500] {logging_mixin.py:137} INFO - [2023-01-12T07:29:31.957-0500] {dagbag.py:538} INFO - Filling up the DagBag from /Library/Frameworks/Python.framework/Versions/3.9/lib/python3.9/site-packages/airflow/example_dags/tutorial_taskflow_api.py
[2023-01-12T07:29:32.018-0500] {processor.py:753} INFO - DAG(s) dict_keys(['tutorial_taskflow_api']) retrieved from /Library/Frameworks/Python.framework/Versions/3.9/lib/python3.9/site-packages/airflow/example_dags/tutorial_taskflow_api.py
[2023-01-12T07:29:32.690-0500] {logging_mixin.py:137} INFO - [2023-01-12T07:29:32.690-0500] {dag.py:2676} INFO - Sync 1 DAGs
[2023-01-12T07:29:32.708-0500] {logging_mixin.py:137} INFO - [2023-01-12T07:29:32.708-0500] {dag.py:3423} INFO - Setting next_dagrun for tutorial_taskflow_api to None, run_after=None
[2023-01-12T07:29:32.726-0500] {processor.py:175} INFO - Processing /Library/Frameworks/Python.framework/Versions/3.9/lib/python3.9/site-packages/airflow/example_dags/tutorial_taskflow_api.py took 0.775 seconds
[2023-01-12T07:31:26.815-0500] {processor.py:153} INFO - Started process (PID=15440) to work on /Library/Frameworks/Python.framework/Versions/3.9/lib/python3.9/site-packages/airflow/example_dags/tutorial_taskflow_api.py
[2023-01-12T07:31:26.820-0500] {processor.py:743} INFO - Processing file /Library/Frameworks/Python.framework/Versions/3.9/lib/python3.9/site-packages/airflow/example_dags/tutorial_taskflow_api.py for tasks to queue
[2023-01-12T07:31:26.821-0500] {logging_mixin.py:137} INFO - [2023-01-12T07:31:26.821-0500] {dagbag.py:538} INFO - Filling up the DagBag from /Library/Frameworks/Python.framework/Versions/3.9/lib/python3.9/site-packages/airflow/example_dags/tutorial_taskflow_api.py
[2023-01-12T07:31:26.955-0500] {processor.py:753} INFO - DAG(s) dict_keys(['tutorial_taskflow_api']) retrieved from /Library/Frameworks/Python.framework/Versions/3.9/lib/python3.9/site-packages/airflow/example_dags/tutorial_taskflow_api.py
[2023-01-12T07:31:27.738-0500] {logging_mixin.py:137} INFO - [2023-01-12T07:31:27.738-0500] {dag.py:2676} INFO - Sync 1 DAGs
[2023-01-12T07:31:27.760-0500] {logging_mixin.py:137} INFO - [2023-01-12T07:31:27.760-0500] {dag.py:3423} INFO - Setting next_dagrun for tutorial_taskflow_api to None, run_after=None
[2023-01-12T07:31:27.837-0500] {processor.py:175} INFO - Processing /Library/Frameworks/Python.framework/Versions/3.9/lib/python3.9/site-packages/airflow/example_dags/tutorial_taskflow_api.py took 1.023 seconds
[2023-01-12T07:33:13.696-0500] {processor.py:153} INFO - Started process (PID=15491) to work on /Library/Frameworks/Python.framework/Versions/3.9/lib/python3.9/site-packages/airflow/example_dags/tutorial_taskflow_api.py
[2023-01-12T07:33:13.702-0500] {processor.py:743} INFO - Processing file /Library/Frameworks/Python.framework/Versions/3.9/lib/python3.9/site-packages/airflow/example_dags/tutorial_taskflow_api.py for tasks to queue
[2023-01-12T07:33:13.702-0500] {logging_mixin.py:137} INFO - [2023-01-12T07:33:13.702-0500] {dagbag.py:538} INFO - Filling up the DagBag from /Library/Frameworks/Python.framework/Versions/3.9/lib/python3.9/site-packages/airflow/example_dags/tutorial_taskflow_api.py
[2023-01-12T07:33:13.762-0500] {processor.py:753} INFO - DAG(s) dict_keys(['tutorial_taskflow_api']) retrieved from /Library/Frameworks/Python.framework/Versions/3.9/lib/python3.9/site-packages/airflow/example_dags/tutorial_taskflow_api.py
[2023-01-12T07:33:14.418-0500] {logging_mixin.py:137} INFO - [2023-01-12T07:33:14.418-0500] {dag.py:2676} INFO - Sync 1 DAGs
[2023-01-12T07:33:14.435-0500] {logging_mixin.py:137} INFO - [2023-01-12T07:33:14.435-0500] {dag.py:3423} INFO - Setting next_dagrun for tutorial_taskflow_api to None, run_after=None
[2023-01-12T07:33:14.456-0500] {processor.py:175} INFO - Processing /Library/Frameworks/Python.framework/Versions/3.9/lib/python3.9/site-packages/airflow/example_dags/tutorial_taskflow_api.py took 0.760 seconds
[2023-01-12T07:35:00.509-0500] {processor.py:153} INFO - Started process (PID=15534) to work on /Library/Frameworks/Python.framework/Versions/3.9/lib/python3.9/site-packages/airflow/example_dags/tutorial_taskflow_api.py
[2023-01-12T07:35:00.515-0500] {processor.py:743} INFO - Processing file /Library/Frameworks/Python.framework/Versions/3.9/lib/python3.9/site-packages/airflow/example_dags/tutorial_taskflow_api.py for tasks to queue
[2023-01-12T07:35:00.515-0500] {logging_mixin.py:137} INFO - [2023-01-12T07:35:00.515-0500] {dagbag.py:538} INFO - Filling up the DagBag from /Library/Frameworks/Python.framework/Versions/3.9/lib/python3.9/site-packages/airflow/example_dags/tutorial_taskflow_api.py
[2023-01-12T07:35:00.569-0500] {processor.py:753} INFO - DAG(s) dict_keys(['tutorial_taskflow_api']) retrieved from /Library/Frameworks/Python.framework/Versions/3.9/lib/python3.9/site-packages/airflow/example_dags/tutorial_taskflow_api.py
[2023-01-12T07:35:01.216-0500] {logging_mixin.py:137} INFO - [2023-01-12T07:35:01.216-0500] {dag.py:2676} INFO - Sync 1 DAGs
[2023-01-12T07:35:01.235-0500] {logging_mixin.py:137} INFO - [2023-01-12T07:35:01.234-0500] {dag.py:3423} INFO - Setting next_dagrun for tutorial_taskflow_api to None, run_after=None
[2023-01-12T07:35:01.254-0500] {processor.py:175} INFO - Processing /Library/Frameworks/Python.framework/Versions/3.9/lib/python3.9/site-packages/airflow/example_dags/tutorial_taskflow_api.py took 0.746 seconds
[2023-01-12T07:36:49.248-0500] {processor.py:153} INFO - Started process (PID=15576) to work on /Library/Frameworks/Python.framework/Versions/3.9/lib/python3.9/site-packages/airflow/example_dags/tutorial_taskflow_api.py
[2023-01-12T07:36:49.254-0500] {processor.py:743} INFO - Processing file /Library/Frameworks/Python.framework/Versions/3.9/lib/python3.9/site-packages/airflow/example_dags/tutorial_taskflow_api.py for tasks to queue
[2023-01-12T07:36:49.254-0500] {logging_mixin.py:137} INFO - [2023-01-12T07:36:49.254-0500] {dagbag.py:538} INFO - Filling up the DagBag from /Library/Frameworks/Python.framework/Versions/3.9/lib/python3.9/site-packages/airflow/example_dags/tutorial_taskflow_api.py
[2023-01-12T07:36:49.314-0500] {processor.py:753} INFO - DAG(s) dict_keys(['tutorial_taskflow_api']) retrieved from /Library/Frameworks/Python.framework/Versions/3.9/lib/python3.9/site-packages/airflow/example_dags/tutorial_taskflow_api.py
[2023-01-12T07:36:50.205-0500] {logging_mixin.py:137} INFO - [2023-01-12T07:36:50.205-0500] {dag.py:2676} INFO - Sync 1 DAGs
[2023-01-12T07:36:50.222-0500] {logging_mixin.py:137} INFO - [2023-01-12T07:36:50.222-0500] {dag.py:3423} INFO - Setting next_dagrun for tutorial_taskflow_api to None, run_after=None
[2023-01-12T07:36:50.240-0500] {processor.py:175} INFO - Processing /Library/Frameworks/Python.framework/Versions/3.9/lib/python3.9/site-packages/airflow/example_dags/tutorial_taskflow_api.py took 0.992 seconds
[2023-01-12T07:38:37.188-0500] {processor.py:153} INFO - Started process (PID=15622) to work on /Library/Frameworks/Python.framework/Versions/3.9/lib/python3.9/site-packages/airflow/example_dags/tutorial_taskflow_api.py
[2023-01-12T07:38:37.194-0500] {processor.py:743} INFO - Processing file /Library/Frameworks/Python.framework/Versions/3.9/lib/python3.9/site-packages/airflow/example_dags/tutorial_taskflow_api.py for tasks to queue
[2023-01-12T07:38:37.194-0500] {logging_mixin.py:137} INFO - [2023-01-12T07:38:37.194-0500] {dagbag.py:538} INFO - Filling up the DagBag from /Library/Frameworks/Python.framework/Versions/3.9/lib/python3.9/site-packages/airflow/example_dags/tutorial_taskflow_api.py
[2023-01-12T07:38:37.250-0500] {processor.py:753} INFO - DAG(s) dict_keys(['tutorial_taskflow_api']) retrieved from /Library/Frameworks/Python.framework/Versions/3.9/lib/python3.9/site-packages/airflow/example_dags/tutorial_taskflow_api.py
[2023-01-12T07:38:37.899-0500] {logging_mixin.py:137} INFO - [2023-01-12T07:38:37.898-0500] {dag.py:2676} INFO - Sync 1 DAGs
[2023-01-12T07:38:37.915-0500] {logging_mixin.py:137} INFO - [2023-01-12T07:38:37.915-0500] {dag.py:3423} INFO - Setting next_dagrun for tutorial_taskflow_api to None, run_after=None
[2023-01-12T07:38:37.939-0500] {processor.py:175} INFO - Processing /Library/Frameworks/Python.framework/Versions/3.9/lib/python3.9/site-packages/airflow/example_dags/tutorial_taskflow_api.py took 0.752 seconds
[2023-01-12T07:40:37.419-0500] {processor.py:153} INFO - Started process (PID=15744) to work on /Library/Frameworks/Python.framework/Versions/3.9/lib/python3.9/site-packages/airflow/example_dags/tutorial_taskflow_api.py
[2023-01-12T07:40:37.427-0500] {processor.py:743} INFO - Processing file /Library/Frameworks/Python.framework/Versions/3.9/lib/python3.9/site-packages/airflow/example_dags/tutorial_taskflow_api.py for tasks to queue
[2023-01-12T07:40:37.428-0500] {logging_mixin.py:137} INFO - [2023-01-12T07:40:37.428-0500] {dagbag.py:538} INFO - Filling up the DagBag from /Library/Frameworks/Python.framework/Versions/3.9/lib/python3.9/site-packages/airflow/example_dags/tutorial_taskflow_api.py
[2023-01-12T07:40:37.508-0500] {processor.py:753} INFO - DAG(s) dict_keys(['tutorial_taskflow_api']) retrieved from /Library/Frameworks/Python.framework/Versions/3.9/lib/python3.9/site-packages/airflow/example_dags/tutorial_taskflow_api.py
[2023-01-12T07:40:38.413-0500] {logging_mixin.py:137} INFO - [2023-01-12T07:40:38.413-0500] {dag.py:2676} INFO - Sync 1 DAGs
[2023-01-12T07:40:38.434-0500] {logging_mixin.py:137} INFO - [2023-01-12T07:40:38.433-0500] {dag.py:3423} INFO - Setting next_dagrun for tutorial_taskflow_api to None, run_after=None
[2023-01-12T07:40:38.457-0500] {processor.py:175} INFO - Processing /Library/Frameworks/Python.framework/Versions/3.9/lib/python3.9/site-packages/airflow/example_dags/tutorial_taskflow_api.py took 1.038 seconds
[2023-01-12T07:42:40.133-0500] {processor.py:153} INFO - Started process (PID=15790) to work on /Library/Frameworks/Python.framework/Versions/3.9/lib/python3.9/site-packages/airflow/example_dags/tutorial_taskflow_api.py
[2023-01-12T07:42:40.139-0500] {processor.py:743} INFO - Processing file /Library/Frameworks/Python.framework/Versions/3.9/lib/python3.9/site-packages/airflow/example_dags/tutorial_taskflow_api.py for tasks to queue
[2023-01-12T07:42:40.139-0500] {logging_mixin.py:137} INFO - [2023-01-12T07:42:40.139-0500] {dagbag.py:538} INFO - Filling up the DagBag from /Library/Frameworks/Python.framework/Versions/3.9/lib/python3.9/site-packages/airflow/example_dags/tutorial_taskflow_api.py
[2023-01-12T07:42:40.202-0500] {processor.py:753} INFO - DAG(s) dict_keys(['tutorial_taskflow_api']) retrieved from /Library/Frameworks/Python.framework/Versions/3.9/lib/python3.9/site-packages/airflow/example_dags/tutorial_taskflow_api.py
[2023-01-12T07:42:41.050-0500] {logging_mixin.py:137} INFO - [2023-01-12T07:42:41.049-0500] {dag.py:2676} INFO - Sync 1 DAGs
[2023-01-12T07:42:41.097-0500] {logging_mixin.py:137} INFO - [2023-01-12T07:42:41.097-0500] {dag.py:3423} INFO - Setting next_dagrun for tutorial_taskflow_api to None, run_after=None
[2023-01-12T07:42:41.152-0500] {processor.py:175} INFO - Processing /Library/Frameworks/Python.framework/Versions/3.9/lib/python3.9/site-packages/airflow/example_dags/tutorial_taskflow_api.py took 1.020 seconds
[2023-01-12T07:44:40.735-0500] {processor.py:153} INFO - Started process (PID=15846) to work on /Library/Frameworks/Python.framework/Versions/3.9/lib/python3.9/site-packages/airflow/example_dags/tutorial_taskflow_api.py
[2023-01-12T07:44:40.742-0500] {processor.py:743} INFO - Processing file /Library/Frameworks/Python.framework/Versions/3.9/lib/python3.9/site-packages/airflow/example_dags/tutorial_taskflow_api.py for tasks to queue
[2023-01-12T07:44:40.743-0500] {logging_mixin.py:137} INFO - [2023-01-12T07:44:40.743-0500] {dagbag.py:538} INFO - Filling up the DagBag from /Library/Frameworks/Python.framework/Versions/3.9/lib/python3.9/site-packages/airflow/example_dags/tutorial_taskflow_api.py
[2023-01-12T07:44:40.823-0500] {processor.py:753} INFO - DAG(s) dict_keys(['tutorial_taskflow_api']) retrieved from /Library/Frameworks/Python.framework/Versions/3.9/lib/python3.9/site-packages/airflow/example_dags/tutorial_taskflow_api.py
[2023-01-12T07:44:41.879-0500] {logging_mixin.py:137} INFO - [2023-01-12T07:44:41.879-0500] {dag.py:2676} INFO - Sync 1 DAGs
[2023-01-12T07:44:41.898-0500] {logging_mixin.py:137} INFO - [2023-01-12T07:44:41.898-0500] {dag.py:3423} INFO - Setting next_dagrun for tutorial_taskflow_api to None, run_after=None
[2023-01-12T07:44:41.921-0500] {processor.py:175} INFO - Processing /Library/Frameworks/Python.framework/Versions/3.9/lib/python3.9/site-packages/airflow/example_dags/tutorial_taskflow_api.py took 1.187 seconds
[2023-01-12T07:46:37.336-0500] {processor.py:153} INFO - Started process (PID=15892) to work on /Library/Frameworks/Python.framework/Versions/3.9/lib/python3.9/site-packages/airflow/example_dags/tutorial_taskflow_api.py
[2023-01-12T07:46:37.342-0500] {processor.py:743} INFO - Processing file /Library/Frameworks/Python.framework/Versions/3.9/lib/python3.9/site-packages/airflow/example_dags/tutorial_taskflow_api.py for tasks to queue
[2023-01-12T07:46:37.343-0500] {logging_mixin.py:137} INFO - [2023-01-12T07:46:37.342-0500] {dagbag.py:538} INFO - Filling up the DagBag from /Library/Frameworks/Python.framework/Versions/3.9/lib/python3.9/site-packages/airflow/example_dags/tutorial_taskflow_api.py
[2023-01-12T07:46:37.393-0500] {processor.py:753} INFO - DAG(s) dict_keys(['tutorial_taskflow_api']) retrieved from /Library/Frameworks/Python.framework/Versions/3.9/lib/python3.9/site-packages/airflow/example_dags/tutorial_taskflow_api.py
[2023-01-12T07:46:38.099-0500] {logging_mixin.py:137} INFO - [2023-01-12T07:46:38.098-0500] {dag.py:2676} INFO - Sync 1 DAGs
[2023-01-12T07:46:38.117-0500] {logging_mixin.py:137} INFO - [2023-01-12T07:46:38.117-0500] {dag.py:3423} INFO - Setting next_dagrun for tutorial_taskflow_api to None, run_after=None
[2023-01-12T07:46:38.136-0500] {processor.py:175} INFO - Processing /Library/Frameworks/Python.framework/Versions/3.9/lib/python3.9/site-packages/airflow/example_dags/tutorial_taskflow_api.py took 0.800 seconds
[2023-01-12T07:48:24.307-0500] {processor.py:153} INFO - Started process (PID=15952) to work on /Library/Frameworks/Python.framework/Versions/3.9/lib/python3.9/site-packages/airflow/example_dags/tutorial_taskflow_api.py
[2023-01-12T07:48:24.313-0500] {processor.py:743} INFO - Processing file /Library/Frameworks/Python.framework/Versions/3.9/lib/python3.9/site-packages/airflow/example_dags/tutorial_taskflow_api.py for tasks to queue
[2023-01-12T07:48:24.314-0500] {logging_mixin.py:137} INFO - [2023-01-12T07:48:24.314-0500] {dagbag.py:538} INFO - Filling up the DagBag from /Library/Frameworks/Python.framework/Versions/3.9/lib/python3.9/site-packages/airflow/example_dags/tutorial_taskflow_api.py
[2023-01-12T07:48:24.372-0500] {processor.py:753} INFO - DAG(s) dict_keys(['tutorial_taskflow_api']) retrieved from /Library/Frameworks/Python.framework/Versions/3.9/lib/python3.9/site-packages/airflow/example_dags/tutorial_taskflow_api.py
[2023-01-12T07:48:25.128-0500] {logging_mixin.py:137} INFO - [2023-01-12T07:48:25.128-0500] {dag.py:2676} INFO - Sync 1 DAGs
[2023-01-12T07:48:25.148-0500] {logging_mixin.py:137} INFO - [2023-01-12T07:48:25.148-0500] {dag.py:3423} INFO - Setting next_dagrun for tutorial_taskflow_api to None, run_after=None
[2023-01-12T07:48:25.170-0500] {processor.py:175} INFO - Processing /Library/Frameworks/Python.framework/Versions/3.9/lib/python3.9/site-packages/airflow/example_dags/tutorial_taskflow_api.py took 0.864 seconds
[2023-01-12T07:50:31.396-0500] {processor.py:153} INFO - Started process (PID=16077) to work on /Library/Frameworks/Python.framework/Versions/3.9/lib/python3.9/site-packages/airflow/example_dags/tutorial_taskflow_api.py
[2023-01-12T07:50:31.404-0500] {processor.py:743} INFO - Processing file /Library/Frameworks/Python.framework/Versions/3.9/lib/python3.9/site-packages/airflow/example_dags/tutorial_taskflow_api.py for tasks to queue
[2023-01-12T07:50:31.404-0500] {logging_mixin.py:137} INFO - [2023-01-12T07:50:31.404-0500] {dagbag.py:538} INFO - Filling up the DagBag from /Library/Frameworks/Python.framework/Versions/3.9/lib/python3.9/site-packages/airflow/example_dags/tutorial_taskflow_api.py
[2023-01-12T07:50:31.479-0500] {processor.py:753} INFO - DAG(s) dict_keys(['tutorial_taskflow_api']) retrieved from /Library/Frameworks/Python.framework/Versions/3.9/lib/python3.9/site-packages/airflow/example_dags/tutorial_taskflow_api.py
[2023-01-12T07:50:32.542-0500] {logging_mixin.py:137} INFO - [2023-01-12T07:50:32.540-0500] {dag.py:2676} INFO - Sync 1 DAGs
[2023-01-12T07:50:32.577-0500] {logging_mixin.py:137} INFO - [2023-01-12T07:50:32.577-0500] {dag.py:3423} INFO - Setting next_dagrun for tutorial_taskflow_api to None, run_after=None
[2023-01-12T07:50:32.663-0500] {processor.py:175} INFO - Processing /Library/Frameworks/Python.framework/Versions/3.9/lib/python3.9/site-packages/airflow/example_dags/tutorial_taskflow_api.py took 1.268 seconds
[2023-01-12T07:52:35.101-0500] {processor.py:153} INFO - Started process (PID=16120) to work on /Library/Frameworks/Python.framework/Versions/3.9/lib/python3.9/site-packages/airflow/example_dags/tutorial_taskflow_api.py
[2023-01-12T07:52:35.109-0500] {processor.py:743} INFO - Processing file /Library/Frameworks/Python.framework/Versions/3.9/lib/python3.9/site-packages/airflow/example_dags/tutorial_taskflow_api.py for tasks to queue
[2023-01-12T07:52:35.110-0500] {logging_mixin.py:137} INFO - [2023-01-12T07:52:35.110-0500] {dagbag.py:538} INFO - Filling up the DagBag from /Library/Frameworks/Python.framework/Versions/3.9/lib/python3.9/site-packages/airflow/example_dags/tutorial_taskflow_api.py
[2023-01-12T07:52:35.181-0500] {processor.py:753} INFO - DAG(s) dict_keys(['tutorial_taskflow_api']) retrieved from /Library/Frameworks/Python.framework/Versions/3.9/lib/python3.9/site-packages/airflow/example_dags/tutorial_taskflow_api.py
[2023-01-12T07:52:36.017-0500] {logging_mixin.py:137} INFO - [2023-01-12T07:52:36.016-0500] {dag.py:2676} INFO - Sync 1 DAGs
[2023-01-12T07:52:36.037-0500] {logging_mixin.py:137} INFO - [2023-01-12T07:52:36.037-0500] {dag.py:3423} INFO - Setting next_dagrun for tutorial_taskflow_api to None, run_after=None
[2023-01-12T07:52:36.061-0500] {processor.py:175} INFO - Processing /Library/Frameworks/Python.framework/Versions/3.9/lib/python3.9/site-packages/airflow/example_dags/tutorial_taskflow_api.py took 0.960 seconds
[2023-01-12T07:54:24.984-0500] {processor.py:153} INFO - Started process (PID=16156) to work on /Library/Frameworks/Python.framework/Versions/3.9/lib/python3.9/site-packages/airflow/example_dags/tutorial_taskflow_api.py
[2023-01-12T07:54:24.991-0500] {processor.py:743} INFO - Processing file /Library/Frameworks/Python.framework/Versions/3.9/lib/python3.9/site-packages/airflow/example_dags/tutorial_taskflow_api.py for tasks to queue
[2023-01-12T07:54:24.992-0500] {logging_mixin.py:137} INFO - [2023-01-12T07:54:24.992-0500] {dagbag.py:538} INFO - Filling up the DagBag from /Library/Frameworks/Python.framework/Versions/3.9/lib/python3.9/site-packages/airflow/example_dags/tutorial_taskflow_api.py
[2023-01-12T07:54:25.068-0500] {processor.py:753} INFO - DAG(s) dict_keys(['tutorial_taskflow_api']) retrieved from /Library/Frameworks/Python.framework/Versions/3.9/lib/python3.9/site-packages/airflow/example_dags/tutorial_taskflow_api.py
[2023-01-12T07:54:26.026-0500] {logging_mixin.py:137} INFO - [2023-01-12T07:54:26.025-0500] {dag.py:2676} INFO - Sync 1 DAGs
[2023-01-12T07:54:26.046-0500] {logging_mixin.py:137} INFO - [2023-01-12T07:54:26.046-0500] {dag.py:3423} INFO - Setting next_dagrun for tutorial_taskflow_api to None, run_after=None
[2023-01-12T07:54:26.069-0500] {processor.py:175} INFO - Processing /Library/Frameworks/Python.framework/Versions/3.9/lib/python3.9/site-packages/airflow/example_dags/tutorial_taskflow_api.py took 1.086 seconds
[2023-01-12T07:56:21.319-0500] {processor.py:153} INFO - Started process (PID=16200) to work on /Library/Frameworks/Python.framework/Versions/3.9/lib/python3.9/site-packages/airflow/example_dags/tutorial_taskflow_api.py
[2023-01-12T07:56:21.327-0500] {processor.py:743} INFO - Processing file /Library/Frameworks/Python.framework/Versions/3.9/lib/python3.9/site-packages/airflow/example_dags/tutorial_taskflow_api.py for tasks to queue
[2023-01-12T07:56:21.327-0500] {logging_mixin.py:137} INFO - [2023-01-12T07:56:21.327-0500] {dagbag.py:538} INFO - Filling up the DagBag from /Library/Frameworks/Python.framework/Versions/3.9/lib/python3.9/site-packages/airflow/example_dags/tutorial_taskflow_api.py
[2023-01-12T07:56:21.405-0500] {processor.py:753} INFO - DAG(s) dict_keys(['tutorial_taskflow_api']) retrieved from /Library/Frameworks/Python.framework/Versions/3.9/lib/python3.9/site-packages/airflow/example_dags/tutorial_taskflow_api.py
[2023-01-12T07:56:22.369-0500] {logging_mixin.py:137} INFO - [2023-01-12T07:56:22.369-0500] {dag.py:2676} INFO - Sync 1 DAGs
[2023-01-12T07:56:22.394-0500] {logging_mixin.py:137} INFO - [2023-01-12T07:56:22.394-0500] {dag.py:3423} INFO - Setting next_dagrun for tutorial_taskflow_api to None, run_after=None
[2023-01-12T07:56:22.419-0500] {processor.py:175} INFO - Processing /Library/Frameworks/Python.framework/Versions/3.9/lib/python3.9/site-packages/airflow/example_dags/tutorial_taskflow_api.py took 1.101 seconds
[2023-01-12T07:58:28.126-0500] {processor.py:153} INFO - Started process (PID=16358) to work on /Library/Frameworks/Python.framework/Versions/3.9/lib/python3.9/site-packages/airflow/example_dags/tutorial_taskflow_api.py
[2023-01-12T07:58:28.133-0500] {processor.py:743} INFO - Processing file /Library/Frameworks/Python.framework/Versions/3.9/lib/python3.9/site-packages/airflow/example_dags/tutorial_taskflow_api.py for tasks to queue
[2023-01-12T07:58:28.134-0500] {logging_mixin.py:137} INFO - [2023-01-12T07:58:28.133-0500] {dagbag.py:538} INFO - Filling up the DagBag from /Library/Frameworks/Python.framework/Versions/3.9/lib/python3.9/site-packages/airflow/example_dags/tutorial_taskflow_api.py
[2023-01-12T07:58:28.197-0500] {processor.py:753} INFO - DAG(s) dict_keys(['tutorial_taskflow_api']) retrieved from /Library/Frameworks/Python.framework/Versions/3.9/lib/python3.9/site-packages/airflow/example_dags/tutorial_taskflow_api.py
[2023-01-12T07:58:28.952-0500] {logging_mixin.py:137} INFO - [2023-01-12T07:58:28.952-0500] {dag.py:2676} INFO - Sync 1 DAGs
[2023-01-12T07:58:28.970-0500] {logging_mixin.py:137} INFO - [2023-01-12T07:58:28.970-0500] {dag.py:3423} INFO - Setting next_dagrun for tutorial_taskflow_api to None, run_after=None
[2023-01-12T07:58:28.990-0500] {processor.py:175} INFO - Processing /Library/Frameworks/Python.framework/Versions/3.9/lib/python3.9/site-packages/airflow/example_dags/tutorial_taskflow_api.py took 0.865 seconds
[2023-01-12T08:00:19.846-0500] {processor.py:153} INFO - Started process (PID=16452) to work on /Library/Frameworks/Python.framework/Versions/3.9/lib/python3.9/site-packages/airflow/example_dags/tutorial_taskflow_api.py
[2023-01-12T08:00:19.852-0500] {processor.py:743} INFO - Processing file /Library/Frameworks/Python.framework/Versions/3.9/lib/python3.9/site-packages/airflow/example_dags/tutorial_taskflow_api.py for tasks to queue
[2023-01-12T08:00:19.852-0500] {logging_mixin.py:137} INFO - [2023-01-12T08:00:19.852-0500] {dagbag.py:538} INFO - Filling up the DagBag from /Library/Frameworks/Python.framework/Versions/3.9/lib/python3.9/site-packages/airflow/example_dags/tutorial_taskflow_api.py
[2023-01-12T08:00:19.910-0500] {processor.py:753} INFO - DAG(s) dict_keys(['tutorial_taskflow_api']) retrieved from /Library/Frameworks/Python.framework/Versions/3.9/lib/python3.9/site-packages/airflow/example_dags/tutorial_taskflow_api.py
[2023-01-12T08:00:20.565-0500] {logging_mixin.py:137} INFO - [2023-01-12T08:00:20.565-0500] {dag.py:2676} INFO - Sync 1 DAGs
[2023-01-12T08:00:20.584-0500] {logging_mixin.py:137} INFO - [2023-01-12T08:00:20.584-0500] {dag.py:3423} INFO - Setting next_dagrun for tutorial_taskflow_api to None, run_after=None
[2023-01-12T08:00:20.605-0500] {processor.py:175} INFO - Processing /Library/Frameworks/Python.framework/Versions/3.9/lib/python3.9/site-packages/airflow/example_dags/tutorial_taskflow_api.py took 0.760 seconds
[2023-01-12T08:03:20.326-0500] {processor.py:153} INFO - Started process (PID=16522) to work on /Library/Frameworks/Python.framework/Versions/3.9/lib/python3.9/site-packages/airflow/example_dags/tutorial_taskflow_api.py
[2023-01-12T08:03:20.336-0500] {processor.py:743} INFO - Processing file /Library/Frameworks/Python.framework/Versions/3.9/lib/python3.9/site-packages/airflow/example_dags/tutorial_taskflow_api.py for tasks to queue
[2023-01-12T08:03:20.337-0500] {logging_mixin.py:137} INFO - [2023-01-12T08:03:20.337-0500] {dagbag.py:538} INFO - Filling up the DagBag from /Library/Frameworks/Python.framework/Versions/3.9/lib/python3.9/site-packages/airflow/example_dags/tutorial_taskflow_api.py
[2023-01-12T08:03:20.453-0500] {processor.py:753} INFO - DAG(s) dict_keys(['tutorial_taskflow_api']) retrieved from /Library/Frameworks/Python.framework/Versions/3.9/lib/python3.9/site-packages/airflow/example_dags/tutorial_taskflow_api.py
[2023-01-12T08:03:21.738-0500] {logging_mixin.py:137} INFO - [2023-01-12T08:03:21.737-0500] {dag.py:2676} INFO - Sync 1 DAGs
[2023-01-12T08:03:21.770-0500] {logging_mixin.py:137} INFO - [2023-01-12T08:03:21.770-0500] {dag.py:3423} INFO - Setting next_dagrun for tutorial_taskflow_api to None, run_after=None
[2023-01-12T08:03:21.806-0500] {processor.py:175} INFO - Processing /Library/Frameworks/Python.framework/Versions/3.9/lib/python3.9/site-packages/airflow/example_dags/tutorial_taskflow_api.py took 1.481 seconds
[2023-01-12T08:08:08.671-0500] {processor.py:153} INFO - Started process (PID=16672) to work on /Library/Frameworks/Python.framework/Versions/3.9/lib/python3.9/site-packages/airflow/example_dags/tutorial_taskflow_api.py
[2023-01-12T08:08:08.681-0500] {processor.py:743} INFO - Processing file /Library/Frameworks/Python.framework/Versions/3.9/lib/python3.9/site-packages/airflow/example_dags/tutorial_taskflow_api.py for tasks to queue
[2023-01-12T08:08:08.682-0500] {logging_mixin.py:137} INFO - [2023-01-12T08:08:08.682-0500] {dagbag.py:538} INFO - Filling up the DagBag from /Library/Frameworks/Python.framework/Versions/3.9/lib/python3.9/site-packages/airflow/example_dags/tutorial_taskflow_api.py
[2023-01-12T08:08:08.816-0500] {processor.py:753} INFO - DAG(s) dict_keys(['tutorial_taskflow_api']) retrieved from /Library/Frameworks/Python.framework/Versions/3.9/lib/python3.9/site-packages/airflow/example_dags/tutorial_taskflow_api.py
[2023-01-12T08:08:10.483-0500] {logging_mixin.py:137} INFO - [2023-01-12T08:08:10.483-0500] {dag.py:2676} INFO - Sync 1 DAGs
[2023-01-12T08:08:10.516-0500] {logging_mixin.py:137} INFO - [2023-01-12T08:08:10.515-0500] {dag.py:3423} INFO - Setting next_dagrun for tutorial_taskflow_api to None, run_after=None
[2023-01-12T08:08:10.549-0500] {processor.py:175} INFO - Processing /Library/Frameworks/Python.framework/Versions/3.9/lib/python3.9/site-packages/airflow/example_dags/tutorial_taskflow_api.py took 1.879 seconds
[2023-01-12T08:11:48.103-0500] {processor.py:153} INFO - Started process (PID=16783) to work on /Library/Frameworks/Python.framework/Versions/3.9/lib/python3.9/site-packages/airflow/example_dags/tutorial_taskflow_api.py
[2023-01-12T08:11:48.114-0500] {processor.py:743} INFO - Processing file /Library/Frameworks/Python.framework/Versions/3.9/lib/python3.9/site-packages/airflow/example_dags/tutorial_taskflow_api.py for tasks to queue
[2023-01-12T08:11:48.115-0500] {logging_mixin.py:137} INFO - [2023-01-12T08:11:48.114-0500] {dagbag.py:538} INFO - Filling up the DagBag from /Library/Frameworks/Python.framework/Versions/3.9/lib/python3.9/site-packages/airflow/example_dags/tutorial_taskflow_api.py
[2023-01-12T08:11:48.211-0500] {processor.py:753} INFO - DAG(s) dict_keys(['tutorial_taskflow_api']) retrieved from /Library/Frameworks/Python.framework/Versions/3.9/lib/python3.9/site-packages/airflow/example_dags/tutorial_taskflow_api.py
[2023-01-12T08:11:49.973-0500] {logging_mixin.py:137} INFO - [2023-01-12T08:11:49.972-0500] {dag.py:2676} INFO - Sync 1 DAGs
[2023-01-12T08:11:50.066-0500] {logging_mixin.py:137} INFO - [2023-01-12T08:11:50.066-0500] {dag.py:3423} INFO - Setting next_dagrun for tutorial_taskflow_api to None, run_after=None
[2023-01-12T08:11:50.100-0500] {processor.py:175} INFO - Processing /Library/Frameworks/Python.framework/Versions/3.9/lib/python3.9/site-packages/airflow/example_dags/tutorial_taskflow_api.py took 1.998 seconds
[2023-01-12T08:22:32.513-0500] {processor.py:153} INFO - Started process (PID=17338) to work on /Library/Frameworks/Python.framework/Versions/3.9/lib/python3.9/site-packages/airflow/example_dags/tutorial_taskflow_api.py
[2023-01-12T08:22:32.523-0500] {processor.py:743} INFO - Processing file /Library/Frameworks/Python.framework/Versions/3.9/lib/python3.9/site-packages/airflow/example_dags/tutorial_taskflow_api.py for tasks to queue
[2023-01-12T08:22:32.524-0500] {logging_mixin.py:137} INFO - [2023-01-12T08:22:32.524-0500] {dagbag.py:538} INFO - Filling up the DagBag from /Library/Frameworks/Python.framework/Versions/3.9/lib/python3.9/site-packages/airflow/example_dags/tutorial_taskflow_api.py
[2023-01-12T08:22:32.637-0500] {processor.py:753} INFO - DAG(s) dict_keys(['tutorial_taskflow_api']) retrieved from /Library/Frameworks/Python.framework/Versions/3.9/lib/python3.9/site-packages/airflow/example_dags/tutorial_taskflow_api.py
[2023-01-12T08:22:33.726-0500] {logging_mixin.py:137} INFO - [2023-01-12T08:22:33.725-0500] {dag.py:2676} INFO - Sync 1 DAGs
[2023-01-12T08:22:33.759-0500] {logging_mixin.py:137} INFO - [2023-01-12T08:22:33.759-0500] {dag.py:3423} INFO - Setting next_dagrun for tutorial_taskflow_api to None, run_after=None
[2023-01-12T08:22:33.799-0500] {processor.py:175} INFO - Processing /Library/Frameworks/Python.framework/Versions/3.9/lib/python3.9/site-packages/airflow/example_dags/tutorial_taskflow_api.py took 1.288 seconds
[2023-01-12T08:31:17.350-0500] {processor.py:153} INFO - Started process (PID=17680) to work on /Library/Frameworks/Python.framework/Versions/3.9/lib/python3.9/site-packages/airflow/example_dags/tutorial_taskflow_api.py
[2023-01-12T08:31:17.361-0500] {processor.py:743} INFO - Processing file /Library/Frameworks/Python.framework/Versions/3.9/lib/python3.9/site-packages/airflow/example_dags/tutorial_taskflow_api.py for tasks to queue
[2023-01-12T08:31:17.362-0500] {logging_mixin.py:137} INFO - [2023-01-12T08:31:17.362-0500] {dagbag.py:538} INFO - Filling up the DagBag from /Library/Frameworks/Python.framework/Versions/3.9/lib/python3.9/site-packages/airflow/example_dags/tutorial_taskflow_api.py
[2023-01-12T08:31:17.574-0500] {processor.py:753} INFO - DAG(s) dict_keys(['tutorial_taskflow_api']) retrieved from /Library/Frameworks/Python.framework/Versions/3.9/lib/python3.9/site-packages/airflow/example_dags/tutorial_taskflow_api.py
[2023-01-12T08:31:19.153-0500] {logging_mixin.py:137} INFO - [2023-01-12T08:31:19.152-0500] {dag.py:2676} INFO - Sync 1 DAGs
[2023-01-12T08:31:19.185-0500] {logging_mixin.py:137} INFO - [2023-01-12T08:31:19.185-0500] {dag.py:3423} INFO - Setting next_dagrun for tutorial_taskflow_api to None, run_after=None
[2023-01-12T08:32:04.775-0500] {processor.py:175} INFO - Processing /Library/Frameworks/Python.framework/Versions/3.9/lib/python3.9/site-packages/airflow/example_dags/tutorial_taskflow_api.py took 46.866 seconds
