[2023-01-12T06:01:26.193-0500] {processor.py:153} INFO - Started process (PID=14767) to work on /Library/Frameworks/Python.framework/Versions/3.9/lib/python3.9/site-packages/airflow/example_dags/tutorial.py
[2023-01-12T06:01:26.199-0500] {processor.py:743} INFO - Processing file /Library/Frameworks/Python.framework/Versions/3.9/lib/python3.9/site-packages/airflow/example_dags/tutorial.py for tasks to queue
[2023-01-12T06:01:26.200-0500] {logging_mixin.py:137} INFO - [2023-01-12T06:01:26.199-0500] {dagbag.py:538} INFO - Filling up the DagBag from /Library/Frameworks/Python.framework/Versions/3.9/lib/python3.9/site-packages/airflow/example_dags/tutorial.py
[2023-01-12T06:01:26.241-0500] {processor.py:753} INFO - DAG(s) dict_keys(['tutorial']) retrieved from /Library/Frameworks/Python.framework/Versions/3.9/lib/python3.9/site-packages/airflow/example_dags/tutorial.py
[2023-01-12T06:01:26.979-0500] {logging_mixin.py:137} INFO - [2023-01-12T06:01:26.979-0500] {dag.py:2676} INFO - Sync 1 DAGs
[2023-01-12T06:01:26.999-0500] {logging_mixin.py:137} INFO - [2023-01-12T06:01:26.999-0500] {dag.py:3423} INFO - Setting next_dagrun for tutorial to 2023-01-11T11:01:26.999441+00:00, run_after=2023-01-12T11:01:26.999441+00:00
[2023-01-12T06:01:27.022-0500] {processor.py:175} INFO - Processing /Library/Frameworks/Python.framework/Versions/3.9/lib/python3.9/site-packages/airflow/example_dags/tutorial.py took 0.829 seconds
[2023-01-12T07:24:18.095-0500] {processor.py:153} INFO - Started process (PID=15025) to work on /Library/Frameworks/Python.framework/Versions/3.9/lib/python3.9/site-packages/airflow/example_dags/tutorial.py
[2023-01-12T07:24:18.101-0500] {processor.py:743} INFO - Processing file /Library/Frameworks/Python.framework/Versions/3.9/lib/python3.9/site-packages/airflow/example_dags/tutorial.py for tasks to queue
[2023-01-12T07:24:18.101-0500] {logging_mixin.py:137} INFO - [2023-01-12T07:24:18.101-0500] {dagbag.py:538} INFO - Filling up the DagBag from /Library/Frameworks/Python.framework/Versions/3.9/lib/python3.9/site-packages/airflow/example_dags/tutorial.py
[2023-01-12T07:24:18.136-0500] {processor.py:753} INFO - DAG(s) dict_keys(['tutorial']) retrieved from /Library/Frameworks/Python.framework/Versions/3.9/lib/python3.9/site-packages/airflow/example_dags/tutorial.py
[2023-01-12T07:24:18.795-0500] {logging_mixin.py:137} INFO - [2023-01-12T07:24:18.794-0500] {dag.py:2676} INFO - Sync 1 DAGs
[2023-01-12T07:24:18.810-0500] {logging_mixin.py:137} INFO - [2023-01-12T07:24:18.810-0500] {dag.py:3423} INFO - Setting next_dagrun for tutorial to 2023-01-11T12:24:18.810223+00:00, run_after=2023-01-12T12:24:18.810223+00:00
[2023-01-12T07:24:18.831-0500] {processor.py:175} INFO - Processing /Library/Frameworks/Python.framework/Versions/3.9/lib/python3.9/site-packages/airflow/example_dags/tutorial.py took 0.736 seconds
[2023-01-12T07:26:12.209-0500] {processor.py:153} INFO - Started process (PID=15107) to work on /Library/Frameworks/Python.framework/Versions/3.9/lib/python3.9/site-packages/airflow/example_dags/tutorial.py
[2023-01-12T07:26:12.215-0500] {processor.py:743} INFO - Processing file /Library/Frameworks/Python.framework/Versions/3.9/lib/python3.9/site-packages/airflow/example_dags/tutorial.py for tasks to queue
[2023-01-12T07:26:12.215-0500] {logging_mixin.py:137} INFO - [2023-01-12T07:26:12.215-0500] {dagbag.py:538} INFO - Filling up the DagBag from /Library/Frameworks/Python.framework/Versions/3.9/lib/python3.9/site-packages/airflow/example_dags/tutorial.py
[2023-01-12T07:26:12.249-0500] {processor.py:753} INFO - DAG(s) dict_keys(['tutorial']) retrieved from /Library/Frameworks/Python.framework/Versions/3.9/lib/python3.9/site-packages/airflow/example_dags/tutorial.py
[2023-01-12T07:26:12.923-0500] {logging_mixin.py:137} INFO - [2023-01-12T07:26:12.923-0500] {dag.py:2676} INFO - Sync 1 DAGs
[2023-01-12T07:26:12.940-0500] {logging_mixin.py:137} INFO - [2023-01-12T07:26:12.940-0500] {dag.py:3423} INFO - Setting next_dagrun for tutorial to 2023-01-11T12:26:12.940008+00:00, run_after=2023-01-12T12:26:12.940008+00:00
[2023-01-12T07:26:12.960-0500] {processor.py:175} INFO - Processing /Library/Frameworks/Python.framework/Versions/3.9/lib/python3.9/site-packages/airflow/example_dags/tutorial.py took 0.752 seconds
[2023-01-12T07:27:58.249-0500] {processor.py:153} INFO - Started process (PID=15155) to work on /Library/Frameworks/Python.framework/Versions/3.9/lib/python3.9/site-packages/airflow/example_dags/tutorial.py
[2023-01-12T07:27:58.255-0500] {processor.py:743} INFO - Processing file /Library/Frameworks/Python.framework/Versions/3.9/lib/python3.9/site-packages/airflow/example_dags/tutorial.py for tasks to queue
[2023-01-12T07:27:58.255-0500] {logging_mixin.py:137} INFO - [2023-01-12T07:27:58.255-0500] {dagbag.py:538} INFO - Filling up the DagBag from /Library/Frameworks/Python.framework/Versions/3.9/lib/python3.9/site-packages/airflow/example_dags/tutorial.py
[2023-01-12T07:27:58.287-0500] {processor.py:753} INFO - DAG(s) dict_keys(['tutorial']) retrieved from /Library/Frameworks/Python.framework/Versions/3.9/lib/python3.9/site-packages/airflow/example_dags/tutorial.py
[2023-01-12T07:27:58.979-0500] {logging_mixin.py:137} INFO - [2023-01-12T07:27:58.979-0500] {dag.py:2676} INFO - Sync 1 DAGs
[2023-01-12T07:27:59.001-0500] {logging_mixin.py:137} INFO - [2023-01-12T07:27:59.000-0500] {dag.py:3423} INFO - Setting next_dagrun for tutorial to 2023-01-11T12:27:59.000715+00:00, run_after=2023-01-12T12:27:59.000715+00:00
[2023-01-12T07:27:59.022-0500] {processor.py:175} INFO - Processing /Library/Frameworks/Python.framework/Versions/3.9/lib/python3.9/site-packages/airflow/example_dags/tutorial.py took 0.774 seconds
[2023-01-12T07:29:41.193-0500] {processor.py:153} INFO - Started process (PID=15218) to work on /Library/Frameworks/Python.framework/Versions/3.9/lib/python3.9/site-packages/airflow/example_dags/tutorial.py
[2023-01-12T07:29:41.200-0500] {processor.py:743} INFO - Processing file /Library/Frameworks/Python.framework/Versions/3.9/lib/python3.9/site-packages/airflow/example_dags/tutorial.py for tasks to queue
[2023-01-12T07:29:41.200-0500] {logging_mixin.py:137} INFO - [2023-01-12T07:29:41.200-0500] {dagbag.py:538} INFO - Filling up the DagBag from /Library/Frameworks/Python.framework/Versions/3.9/lib/python3.9/site-packages/airflow/example_dags/tutorial.py
[2023-01-12T07:29:41.253-0500] {processor.py:753} INFO - DAG(s) dict_keys(['tutorial']) retrieved from /Library/Frameworks/Python.framework/Versions/3.9/lib/python3.9/site-packages/airflow/example_dags/tutorial.py
[2023-01-12T07:29:42.561-0500] {logging_mixin.py:137} INFO - [2023-01-12T07:29:42.561-0500] {dag.py:2676} INFO - Sync 1 DAGs
[2023-01-12T07:29:42.581-0500] {logging_mixin.py:137} INFO - [2023-01-12T07:29:42.581-0500] {dag.py:3423} INFO - Setting next_dagrun for tutorial to 2023-01-11T12:29:42.581183+00:00, run_after=2023-01-12T12:29:42.581183+00:00
[2023-01-12T07:29:42.606-0500] {processor.py:175} INFO - Processing /Library/Frameworks/Python.framework/Versions/3.9/lib/python3.9/site-packages/airflow/example_dags/tutorial.py took 1.414 seconds
[2023-01-12T07:31:33.383-0500] {processor.py:153} INFO - Started process (PID=15442) to work on /Library/Frameworks/Python.framework/Versions/3.9/lib/python3.9/site-packages/airflow/example_dags/tutorial.py
[2023-01-12T07:31:33.388-0500] {processor.py:743} INFO - Processing file /Library/Frameworks/Python.framework/Versions/3.9/lib/python3.9/site-packages/airflow/example_dags/tutorial.py for tasks to queue
[2023-01-12T07:31:33.389-0500] {logging_mixin.py:137} INFO - [2023-01-12T07:31:33.389-0500] {dagbag.py:538} INFO - Filling up the DagBag from /Library/Frameworks/Python.framework/Versions/3.9/lib/python3.9/site-packages/airflow/example_dags/tutorial.py
[2023-01-12T07:31:33.426-0500] {processor.py:753} INFO - DAG(s) dict_keys(['tutorial']) retrieved from /Library/Frameworks/Python.framework/Versions/3.9/lib/python3.9/site-packages/airflow/example_dags/tutorial.py
[2023-01-12T07:31:34.092-0500] {logging_mixin.py:137} INFO - [2023-01-12T07:31:34.092-0500] {dag.py:2676} INFO - Sync 1 DAGs
[2023-01-12T07:31:34.108-0500] {logging_mixin.py:137} INFO - [2023-01-12T07:31:34.108-0500] {dag.py:3423} INFO - Setting next_dagrun for tutorial to 2023-01-11T12:31:34.108698+00:00, run_after=2023-01-12T12:31:34.108698+00:00
[2023-01-12T07:31:34.129-0500] {processor.py:175} INFO - Processing /Library/Frameworks/Python.framework/Versions/3.9/lib/python3.9/site-packages/airflow/example_dags/tutorial.py took 0.747 seconds
[2023-01-12T07:33:20.413-0500] {processor.py:153} INFO - Started process (PID=15494) to work on /Library/Frameworks/Python.framework/Versions/3.9/lib/python3.9/site-packages/airflow/example_dags/tutorial.py
[2023-01-12T07:33:20.419-0500] {processor.py:743} INFO - Processing file /Library/Frameworks/Python.framework/Versions/3.9/lib/python3.9/site-packages/airflow/example_dags/tutorial.py for tasks to queue
[2023-01-12T07:33:20.419-0500] {logging_mixin.py:137} INFO - [2023-01-12T07:33:20.419-0500] {dagbag.py:538} INFO - Filling up the DagBag from /Library/Frameworks/Python.framework/Versions/3.9/lib/python3.9/site-packages/airflow/example_dags/tutorial.py
[2023-01-12T07:33:20.450-0500] {processor.py:753} INFO - DAG(s) dict_keys(['tutorial']) retrieved from /Library/Frameworks/Python.framework/Versions/3.9/lib/python3.9/site-packages/airflow/example_dags/tutorial.py
[2023-01-12T07:33:21.056-0500] {logging_mixin.py:137} INFO - [2023-01-12T07:33:21.056-0500] {dag.py:2676} INFO - Sync 1 DAGs
[2023-01-12T07:33:21.073-0500] {logging_mixin.py:137} INFO - [2023-01-12T07:33:21.072-0500] {dag.py:3423} INFO - Setting next_dagrun for tutorial to 2023-01-11T12:33:21.072766+00:00, run_after=2023-01-12T12:33:21.072766+00:00
[2023-01-12T07:33:21.095-0500] {processor.py:175} INFO - Processing /Library/Frameworks/Python.framework/Versions/3.9/lib/python3.9/site-packages/airflow/example_dags/tutorial.py took 0.682 seconds
[2023-01-12T07:35:07.448-0500] {processor.py:153} INFO - Started process (PID=15536) to work on /Library/Frameworks/Python.framework/Versions/3.9/lib/python3.9/site-packages/airflow/example_dags/tutorial.py
[2023-01-12T07:35:07.454-0500] {processor.py:743} INFO - Processing file /Library/Frameworks/Python.framework/Versions/3.9/lib/python3.9/site-packages/airflow/example_dags/tutorial.py for tasks to queue
[2023-01-12T07:35:07.454-0500] {logging_mixin.py:137} INFO - [2023-01-12T07:35:07.454-0500] {dagbag.py:538} INFO - Filling up the DagBag from /Library/Frameworks/Python.framework/Versions/3.9/lib/python3.9/site-packages/airflow/example_dags/tutorial.py
[2023-01-12T07:35:07.484-0500] {processor.py:753} INFO - DAG(s) dict_keys(['tutorial']) retrieved from /Library/Frameworks/Python.framework/Versions/3.9/lib/python3.9/site-packages/airflow/example_dags/tutorial.py
[2023-01-12T07:35:08.160-0500] {logging_mixin.py:137} INFO - [2023-01-12T07:35:08.159-0500] {dag.py:2676} INFO - Sync 1 DAGs
[2023-01-12T07:35:08.177-0500] {logging_mixin.py:137} INFO - [2023-01-12T07:35:08.176-0500] {dag.py:3423} INFO - Setting next_dagrun for tutorial to 2023-01-11T12:35:08.176740+00:00, run_after=2023-01-12T12:35:08.176740+00:00
[2023-01-12T07:35:08.198-0500] {processor.py:175} INFO - Processing /Library/Frameworks/Python.framework/Versions/3.9/lib/python3.9/site-packages/airflow/example_dags/tutorial.py took 0.750 seconds
[2023-01-12T07:36:56.941-0500] {processor.py:153} INFO - Started process (PID=15578) to work on /Library/Frameworks/Python.framework/Versions/3.9/lib/python3.9/site-packages/airflow/example_dags/tutorial.py
[2023-01-12T07:36:56.946-0500] {processor.py:743} INFO - Processing file /Library/Frameworks/Python.framework/Versions/3.9/lib/python3.9/site-packages/airflow/example_dags/tutorial.py for tasks to queue
[2023-01-12T07:36:56.947-0500] {logging_mixin.py:137} INFO - [2023-01-12T07:36:56.947-0500] {dagbag.py:538} INFO - Filling up the DagBag from /Library/Frameworks/Python.framework/Versions/3.9/lib/python3.9/site-packages/airflow/example_dags/tutorial.py
[2023-01-12T07:36:56.979-0500] {processor.py:753} INFO - DAG(s) dict_keys(['tutorial']) retrieved from /Library/Frameworks/Python.framework/Versions/3.9/lib/python3.9/site-packages/airflow/example_dags/tutorial.py
[2023-01-12T07:36:57.632-0500] {logging_mixin.py:137} INFO - [2023-01-12T07:36:57.632-0500] {dag.py:2676} INFO - Sync 1 DAGs
[2023-01-12T07:36:57.648-0500] {logging_mixin.py:137} INFO - [2023-01-12T07:36:57.647-0500] {dag.py:3423} INFO - Setting next_dagrun for tutorial to 2023-01-11T12:36:57.647728+00:00, run_after=2023-01-12T12:36:57.647728+00:00
[2023-01-12T07:36:57.666-0500] {processor.py:175} INFO - Processing /Library/Frameworks/Python.framework/Versions/3.9/lib/python3.9/site-packages/airflow/example_dags/tutorial.py took 0.726 seconds
[2023-01-12T07:38:43.739-0500] {processor.py:153} INFO - Started process (PID=15624) to work on /Library/Frameworks/Python.framework/Versions/3.9/lib/python3.9/site-packages/airflow/example_dags/tutorial.py
[2023-01-12T07:38:43.745-0500] {processor.py:743} INFO - Processing file /Library/Frameworks/Python.framework/Versions/3.9/lib/python3.9/site-packages/airflow/example_dags/tutorial.py for tasks to queue
[2023-01-12T07:38:43.745-0500] {logging_mixin.py:137} INFO - [2023-01-12T07:38:43.745-0500] {dagbag.py:538} INFO - Filling up the DagBag from /Library/Frameworks/Python.framework/Versions/3.9/lib/python3.9/site-packages/airflow/example_dags/tutorial.py
[2023-01-12T07:38:43.784-0500] {processor.py:753} INFO - DAG(s) dict_keys(['tutorial']) retrieved from /Library/Frameworks/Python.framework/Versions/3.9/lib/python3.9/site-packages/airflow/example_dags/tutorial.py
[2023-01-12T07:38:44.435-0500] {logging_mixin.py:137} INFO - [2023-01-12T07:38:44.434-0500] {dag.py:2676} INFO - Sync 1 DAGs
[2023-01-12T07:38:44.451-0500] {logging_mixin.py:137} INFO - [2023-01-12T07:38:44.450-0500] {dag.py:3423} INFO - Setting next_dagrun for tutorial to 2023-01-11T12:38:44.450809+00:00, run_after=2023-01-12T12:38:44.450809+00:00
[2023-01-12T07:38:44.683-0500] {processor.py:175} INFO - Processing /Library/Frameworks/Python.framework/Versions/3.9/lib/python3.9/site-packages/airflow/example_dags/tutorial.py took 0.945 seconds
[2023-01-12T07:40:45.214-0500] {processor.py:153} INFO - Started process (PID=15746) to work on /Library/Frameworks/Python.framework/Versions/3.9/lib/python3.9/site-packages/airflow/example_dags/tutorial.py
[2023-01-12T07:40:45.221-0500] {processor.py:743} INFO - Processing file /Library/Frameworks/Python.framework/Versions/3.9/lib/python3.9/site-packages/airflow/example_dags/tutorial.py for tasks to queue
[2023-01-12T07:40:45.222-0500] {logging_mixin.py:137} INFO - [2023-01-12T07:40:45.221-0500] {dagbag.py:538} INFO - Filling up the DagBag from /Library/Frameworks/Python.framework/Versions/3.9/lib/python3.9/site-packages/airflow/example_dags/tutorial.py
[2023-01-12T07:40:45.258-0500] {processor.py:753} INFO - DAG(s) dict_keys(['tutorial']) retrieved from /Library/Frameworks/Python.framework/Versions/3.9/lib/python3.9/site-packages/airflow/example_dags/tutorial.py
[2023-01-12T07:40:46.018-0500] {logging_mixin.py:137} INFO - [2023-01-12T07:40:46.018-0500] {dag.py:2676} INFO - Sync 1 DAGs
[2023-01-12T07:40:46.036-0500] {logging_mixin.py:137} INFO - [2023-01-12T07:40:46.036-0500] {dag.py:3423} INFO - Setting next_dagrun for tutorial to 2023-01-11T12:40:46.036521+00:00, run_after=2023-01-12T12:40:46.036521+00:00
[2023-01-12T07:40:46.121-0500] {processor.py:175} INFO - Processing /Library/Frameworks/Python.framework/Versions/3.9/lib/python3.9/site-packages/airflow/example_dags/tutorial.py took 0.907 seconds
[2023-01-12T07:42:47.768-0500] {processor.py:153} INFO - Started process (PID=15793) to work on /Library/Frameworks/Python.framework/Versions/3.9/lib/python3.9/site-packages/airflow/example_dags/tutorial.py
[2023-01-12T07:42:47.774-0500] {processor.py:743} INFO - Processing file /Library/Frameworks/Python.framework/Versions/3.9/lib/python3.9/site-packages/airflow/example_dags/tutorial.py for tasks to queue
[2023-01-12T07:42:47.775-0500] {logging_mixin.py:137} INFO - [2023-01-12T07:42:47.775-0500] {dagbag.py:538} INFO - Filling up the DagBag from /Library/Frameworks/Python.framework/Versions/3.9/lib/python3.9/site-packages/airflow/example_dags/tutorial.py
[2023-01-12T07:42:47.813-0500] {processor.py:753} INFO - DAG(s) dict_keys(['tutorial']) retrieved from /Library/Frameworks/Python.framework/Versions/3.9/lib/python3.9/site-packages/airflow/example_dags/tutorial.py
[2023-01-12T07:42:48.585-0500] {logging_mixin.py:137} INFO - [2023-01-12T07:42:48.585-0500] {dag.py:2676} INFO - Sync 1 DAGs
[2023-01-12T07:42:48.602-0500] {logging_mixin.py:137} INFO - [2023-01-12T07:42:48.602-0500] {dag.py:3423} INFO - Setting next_dagrun for tutorial to 2023-01-11T12:42:48.602595+00:00, run_after=2023-01-12T12:42:48.602595+00:00
[2023-01-12T07:42:48.636-0500] {processor.py:175} INFO - Processing /Library/Frameworks/Python.framework/Versions/3.9/lib/python3.9/site-packages/airflow/example_dags/tutorial.py took 0.868 seconds
[2023-01-12T07:44:48.798-0500] {processor.py:153} INFO - Started process (PID=15848) to work on /Library/Frameworks/Python.framework/Versions/3.9/lib/python3.9/site-packages/airflow/example_dags/tutorial.py
[2023-01-12T07:44:48.805-0500] {processor.py:743} INFO - Processing file /Library/Frameworks/Python.framework/Versions/3.9/lib/python3.9/site-packages/airflow/example_dags/tutorial.py for tasks to queue
[2023-01-12T07:44:48.806-0500] {logging_mixin.py:137} INFO - [2023-01-12T07:44:48.805-0500] {dagbag.py:538} INFO - Filling up the DagBag from /Library/Frameworks/Python.framework/Versions/3.9/lib/python3.9/site-packages/airflow/example_dags/tutorial.py
[2023-01-12T07:44:48.842-0500] {processor.py:753} INFO - DAG(s) dict_keys(['tutorial']) retrieved from /Library/Frameworks/Python.framework/Versions/3.9/lib/python3.9/site-packages/airflow/example_dags/tutorial.py
[2023-01-12T07:44:49.624-0500] {logging_mixin.py:137} INFO - [2023-01-12T07:44:49.623-0500] {dag.py:2676} INFO - Sync 1 DAGs
[2023-01-12T07:44:49.644-0500] {logging_mixin.py:137} INFO - [2023-01-12T07:44:49.643-0500] {dag.py:3423} INFO - Setting next_dagrun for tutorial to 2023-01-11T12:44:49.643658+00:00, run_after=2023-01-12T12:44:49.643658+00:00
[2023-01-12T07:44:49.668-0500] {processor.py:175} INFO - Processing /Library/Frameworks/Python.framework/Versions/3.9/lib/python3.9/site-packages/airflow/example_dags/tutorial.py took 0.871 seconds
[2023-01-12T07:46:44.491-0500] {processor.py:153} INFO - Started process (PID=15904) to work on /Library/Frameworks/Python.framework/Versions/3.9/lib/python3.9/site-packages/airflow/example_dags/tutorial.py
[2023-01-12T07:46:44.499-0500] {processor.py:743} INFO - Processing file /Library/Frameworks/Python.framework/Versions/3.9/lib/python3.9/site-packages/airflow/example_dags/tutorial.py for tasks to queue
[2023-01-12T07:46:44.500-0500] {logging_mixin.py:137} INFO - [2023-01-12T07:46:44.500-0500] {dagbag.py:538} INFO - Filling up the DagBag from /Library/Frameworks/Python.framework/Versions/3.9/lib/python3.9/site-packages/airflow/example_dags/tutorial.py
[2023-01-12T07:46:44.545-0500] {processor.py:753} INFO - DAG(s) dict_keys(['tutorial']) retrieved from /Library/Frameworks/Python.framework/Versions/3.9/lib/python3.9/site-packages/airflow/example_dags/tutorial.py
[2023-01-12T07:46:45.497-0500] {logging_mixin.py:137} INFO - [2023-01-12T07:46:45.497-0500] {dag.py:2676} INFO - Sync 1 DAGs
[2023-01-12T07:46:45.518-0500] {logging_mixin.py:137} INFO - [2023-01-12T07:46:45.518-0500] {dag.py:3423} INFO - Setting next_dagrun for tutorial to 2023-01-11T12:46:45.518587+00:00, run_after=2023-01-12T12:46:45.518587+00:00
[2023-01-12T07:46:45.543-0500] {processor.py:175} INFO - Processing /Library/Frameworks/Python.framework/Versions/3.9/lib/python3.9/site-packages/airflow/example_dags/tutorial.py took 1.053 seconds
[2023-01-12T07:48:31.960-0500] {processor.py:153} INFO - Started process (PID=15954) to work on /Library/Frameworks/Python.framework/Versions/3.9/lib/python3.9/site-packages/airflow/example_dags/tutorial.py
[2023-01-12T07:48:31.967-0500] {processor.py:743} INFO - Processing file /Library/Frameworks/Python.framework/Versions/3.9/lib/python3.9/site-packages/airflow/example_dags/tutorial.py for tasks to queue
[2023-01-12T07:48:31.967-0500] {logging_mixin.py:137} INFO - [2023-01-12T07:48:31.967-0500] {dagbag.py:538} INFO - Filling up the DagBag from /Library/Frameworks/Python.framework/Versions/3.9/lib/python3.9/site-packages/airflow/example_dags/tutorial.py
[2023-01-12T07:48:32.002-0500] {processor.py:753} INFO - DAG(s) dict_keys(['tutorial']) retrieved from /Library/Frameworks/Python.framework/Versions/3.9/lib/python3.9/site-packages/airflow/example_dags/tutorial.py
[2023-01-12T07:48:32.743-0500] {logging_mixin.py:137} INFO - [2023-01-12T07:48:32.743-0500] {dag.py:2676} INFO - Sync 1 DAGs
[2023-01-12T07:48:32.760-0500] {logging_mixin.py:137} INFO - [2023-01-12T07:48:32.760-0500] {dag.py:3423} INFO - Setting next_dagrun for tutorial to 2023-01-11T12:48:32.760230+00:00, run_after=2023-01-12T12:48:32.760230+00:00
[2023-01-12T07:48:32.782-0500] {processor.py:175} INFO - Processing /Library/Frameworks/Python.framework/Versions/3.9/lib/python3.9/site-packages/airflow/example_dags/tutorial.py took 0.822 seconds
[2023-01-12T07:50:39.423-0500] {processor.py:153} INFO - Started process (PID=16080) to work on /Library/Frameworks/Python.framework/Versions/3.9/lib/python3.9/site-packages/airflow/example_dags/tutorial.py
[2023-01-12T07:50:39.430-0500] {processor.py:743} INFO - Processing file /Library/Frameworks/Python.framework/Versions/3.9/lib/python3.9/site-packages/airflow/example_dags/tutorial.py for tasks to queue
[2023-01-12T07:50:39.431-0500] {logging_mixin.py:137} INFO - [2023-01-12T07:50:39.431-0500] {dagbag.py:538} INFO - Filling up the DagBag from /Library/Frameworks/Python.framework/Versions/3.9/lib/python3.9/site-packages/airflow/example_dags/tutorial.py
[2023-01-12T07:50:39.474-0500] {processor.py:753} INFO - DAG(s) dict_keys(['tutorial']) retrieved from /Library/Frameworks/Python.framework/Versions/3.9/lib/python3.9/site-packages/airflow/example_dags/tutorial.py
[2023-01-12T07:50:40.371-0500] {logging_mixin.py:137} INFO - [2023-01-12T07:50:40.371-0500] {dag.py:2676} INFO - Sync 1 DAGs
[2023-01-12T07:50:40.391-0500] {logging_mixin.py:137} INFO - [2023-01-12T07:50:40.391-0500] {dag.py:3423} INFO - Setting next_dagrun for tutorial to 2023-01-11T12:50:40.390919+00:00, run_after=2023-01-12T12:50:40.390919+00:00
[2023-01-12T07:50:40.414-0500] {processor.py:175} INFO - Processing /Library/Frameworks/Python.framework/Versions/3.9/lib/python3.9/site-packages/airflow/example_dags/tutorial.py took 0.992 seconds
[2023-01-12T07:52:42.425-0500] {processor.py:153} INFO - Started process (PID=16124) to work on /Library/Frameworks/Python.framework/Versions/3.9/lib/python3.9/site-packages/airflow/example_dags/tutorial.py
[2023-01-12T07:52:42.432-0500] {processor.py:743} INFO - Processing file /Library/Frameworks/Python.framework/Versions/3.9/lib/python3.9/site-packages/airflow/example_dags/tutorial.py for tasks to queue
[2023-01-12T07:52:42.433-0500] {logging_mixin.py:137} INFO - [2023-01-12T07:52:42.432-0500] {dagbag.py:538} INFO - Filling up the DagBag from /Library/Frameworks/Python.framework/Versions/3.9/lib/python3.9/site-packages/airflow/example_dags/tutorial.py
[2023-01-12T07:52:42.472-0500] {processor.py:753} INFO - DAG(s) dict_keys(['tutorial']) retrieved from /Library/Frameworks/Python.framework/Versions/3.9/lib/python3.9/site-packages/airflow/example_dags/tutorial.py
[2023-01-12T07:52:43.272-0500] {logging_mixin.py:137} INFO - [2023-01-12T07:52:43.272-0500] {dag.py:2676} INFO - Sync 1 DAGs
[2023-01-12T07:52:43.292-0500] {logging_mixin.py:137} INFO - [2023-01-12T07:52:43.292-0500] {dag.py:3423} INFO - Setting next_dagrun for tutorial to 2023-01-11T12:52:43.292537+00:00, run_after=2023-01-12T12:52:43.292537+00:00
[2023-01-12T07:52:43.316-0500] {processor.py:175} INFO - Processing /Library/Frameworks/Python.framework/Versions/3.9/lib/python3.9/site-packages/airflow/example_dags/tutorial.py took 0.892 seconds
[2023-01-12T07:54:32.742-0500] {processor.py:153} INFO - Started process (PID=16159) to work on /Library/Frameworks/Python.framework/Versions/3.9/lib/python3.9/site-packages/airflow/example_dags/tutorial.py
[2023-01-12T07:54:32.749-0500] {processor.py:743} INFO - Processing file /Library/Frameworks/Python.framework/Versions/3.9/lib/python3.9/site-packages/airflow/example_dags/tutorial.py for tasks to queue
[2023-01-12T07:54:32.750-0500] {logging_mixin.py:137} INFO - [2023-01-12T07:54:32.750-0500] {dagbag.py:538} INFO - Filling up the DagBag from /Library/Frameworks/Python.framework/Versions/3.9/lib/python3.9/site-packages/airflow/example_dags/tutorial.py
[2023-01-12T07:54:32.792-0500] {processor.py:753} INFO - DAG(s) dict_keys(['tutorial']) retrieved from /Library/Frameworks/Python.framework/Versions/3.9/lib/python3.9/site-packages/airflow/example_dags/tutorial.py
[2023-01-12T07:54:33.619-0500] {logging_mixin.py:137} INFO - [2023-01-12T07:54:33.619-0500] {dag.py:2676} INFO - Sync 1 DAGs
[2023-01-12T07:54:33.639-0500] {logging_mixin.py:137} INFO - [2023-01-12T07:54:33.638-0500] {dag.py:3423} INFO - Setting next_dagrun for tutorial to 2023-01-11T12:54:33.638754+00:00, run_after=2023-01-12T12:54:33.638754+00:00
[2023-01-12T07:54:33.662-0500] {processor.py:175} INFO - Processing /Library/Frameworks/Python.framework/Versions/3.9/lib/python3.9/site-packages/airflow/example_dags/tutorial.py took 0.921 seconds
[2023-01-12T07:56:31.073-0500] {processor.py:153} INFO - Started process (PID=16202) to work on /Library/Frameworks/Python.framework/Versions/3.9/lib/python3.9/site-packages/airflow/example_dags/tutorial.py
[2023-01-12T07:56:31.081-0500] {processor.py:743} INFO - Processing file /Library/Frameworks/Python.framework/Versions/3.9/lib/python3.9/site-packages/airflow/example_dags/tutorial.py for tasks to queue
[2023-01-12T07:56:31.082-0500] {logging_mixin.py:137} INFO - [2023-01-12T07:56:31.081-0500] {dagbag.py:538} INFO - Filling up the DagBag from /Library/Frameworks/Python.framework/Versions/3.9/lib/python3.9/site-packages/airflow/example_dags/tutorial.py
[2023-01-12T07:56:31.130-0500] {processor.py:753} INFO - DAG(s) dict_keys(['tutorial']) retrieved from /Library/Frameworks/Python.framework/Versions/3.9/lib/python3.9/site-packages/airflow/example_dags/tutorial.py
[2023-01-12T07:56:32.266-0500] {logging_mixin.py:137} INFO - [2023-01-12T07:56:32.265-0500] {dag.py:2676} INFO - Sync 1 DAGs
[2023-01-12T07:56:32.288-0500] {logging_mixin.py:137} INFO - [2023-01-12T07:56:32.288-0500] {dag.py:3423} INFO - Setting next_dagrun for tutorial to 2023-01-11T12:56:32.288154+00:00, run_after=2023-01-12T12:56:32.288154+00:00
[2023-01-12T07:56:32.320-0500] {processor.py:175} INFO - Processing /Library/Frameworks/Python.framework/Versions/3.9/lib/python3.9/site-packages/airflow/example_dags/tutorial.py took 1.248 seconds
[2023-01-12T07:58:35.191-0500] {processor.py:153} INFO - Started process (PID=16360) to work on /Library/Frameworks/Python.framework/Versions/3.9/lib/python3.9/site-packages/airflow/example_dags/tutorial.py
[2023-01-12T07:58:35.198-0500] {processor.py:743} INFO - Processing file /Library/Frameworks/Python.framework/Versions/3.9/lib/python3.9/site-packages/airflow/example_dags/tutorial.py for tasks to queue
[2023-01-12T07:58:35.199-0500] {logging_mixin.py:137} INFO - [2023-01-12T07:58:35.199-0500] {dagbag.py:538} INFO - Filling up the DagBag from /Library/Frameworks/Python.framework/Versions/3.9/lib/python3.9/site-packages/airflow/example_dags/tutorial.py
[2023-01-12T07:58:35.233-0500] {processor.py:753} INFO - DAG(s) dict_keys(['tutorial']) retrieved from /Library/Frameworks/Python.framework/Versions/3.9/lib/python3.9/site-packages/airflow/example_dags/tutorial.py
[2023-01-12T07:58:35.954-0500] {logging_mixin.py:137} INFO - [2023-01-12T07:58:35.954-0500] {dag.py:2676} INFO - Sync 1 DAGs
[2023-01-12T07:58:35.971-0500] {logging_mixin.py:137} INFO - [2023-01-12T07:58:35.971-0500] {dag.py:3423} INFO - Setting next_dagrun for tutorial to 2023-01-11T12:58:35.971399+00:00, run_after=2023-01-12T12:58:35.971399+00:00
[2023-01-12T07:58:35.991-0500] {processor.py:175} INFO - Processing /Library/Frameworks/Python.framework/Versions/3.9/lib/python3.9/site-packages/airflow/example_dags/tutorial.py took 0.801 seconds
[2023-01-12T08:00:26.560-0500] {processor.py:153} INFO - Started process (PID=16455) to work on /Library/Frameworks/Python.framework/Versions/3.9/lib/python3.9/site-packages/airflow/example_dags/tutorial.py
[2023-01-12T08:00:26.566-0500] {processor.py:743} INFO - Processing file /Library/Frameworks/Python.framework/Versions/3.9/lib/python3.9/site-packages/airflow/example_dags/tutorial.py for tasks to queue
[2023-01-12T08:00:26.567-0500] {logging_mixin.py:137} INFO - [2023-01-12T08:00:26.567-0500] {dagbag.py:538} INFO - Filling up the DagBag from /Library/Frameworks/Python.framework/Versions/3.9/lib/python3.9/site-packages/airflow/example_dags/tutorial.py
[2023-01-12T08:00:26.600-0500] {processor.py:753} INFO - DAG(s) dict_keys(['tutorial']) retrieved from /Library/Frameworks/Python.framework/Versions/3.9/lib/python3.9/site-packages/airflow/example_dags/tutorial.py
[2023-01-12T08:00:27.320-0500] {logging_mixin.py:137} INFO - [2023-01-12T08:00:27.319-0500] {dag.py:2676} INFO - Sync 1 DAGs
[2023-01-12T08:00:27.337-0500] {logging_mixin.py:137} INFO - [2023-01-12T08:00:27.337-0500] {dag.py:3423} INFO - Setting next_dagrun for tutorial to 2023-01-11T13:00:27.337421+00:00, run_after=2023-01-12T13:00:27.337421+00:00
[2023-01-12T08:00:27.360-0500] {processor.py:175} INFO - Processing /Library/Frameworks/Python.framework/Versions/3.9/lib/python3.9/site-packages/airflow/example_dags/tutorial.py took 0.801 seconds
[2023-01-12T08:03:32.900-0500] {processor.py:153} INFO - Started process (PID=16524) to work on /Library/Frameworks/Python.framework/Versions/3.9/lib/python3.9/site-packages/airflow/example_dags/tutorial.py
[2023-01-12T08:03:32.911-0500] {processor.py:743} INFO - Processing file /Library/Frameworks/Python.framework/Versions/3.9/lib/python3.9/site-packages/airflow/example_dags/tutorial.py for tasks to queue
[2023-01-12T08:03:32.912-0500] {logging_mixin.py:137} INFO - [2023-01-12T08:03:32.912-0500] {dagbag.py:538} INFO - Filling up the DagBag from /Library/Frameworks/Python.framework/Versions/3.9/lib/python3.9/site-packages/airflow/example_dags/tutorial.py
[2023-01-12T08:03:32.972-0500] {processor.py:753} INFO - DAG(s) dict_keys(['tutorial']) retrieved from /Library/Frameworks/Python.framework/Versions/3.9/lib/python3.9/site-packages/airflow/example_dags/tutorial.py
[2023-01-12T08:03:34.352-0500] {logging_mixin.py:137} INFO - [2023-01-12T08:03:34.352-0500] {dag.py:2676} INFO - Sync 1 DAGs
[2023-01-12T08:03:34.381-0500] {logging_mixin.py:137} INFO - [2023-01-12T08:03:34.381-0500] {dag.py:3423} INFO - Setting next_dagrun for tutorial to 2023-01-11T13:03:34.381181+00:00, run_after=2023-01-12T13:03:34.381181+00:00
[2023-01-12T08:03:34.430-0500] {processor.py:175} INFO - Processing /Library/Frameworks/Python.framework/Versions/3.9/lib/python3.9/site-packages/airflow/example_dags/tutorial.py took 1.531 seconds
[2023-01-12T08:08:23.314-0500] {processor.py:153} INFO - Started process (PID=16675) to work on /Library/Frameworks/Python.framework/Versions/3.9/lib/python3.9/site-packages/airflow/example_dags/tutorial.py
[2023-01-12T08:08:23.818-0500] {processor.py:743} INFO - Processing file /Library/Frameworks/Python.framework/Versions/3.9/lib/python3.9/site-packages/airflow/example_dags/tutorial.py for tasks to queue
[2023-01-12T08:08:23.894-0500] {logging_mixin.py:137} INFO - [2023-01-12T08:08:23.894-0500] {dagbag.py:538} INFO - Filling up the DagBag from /Library/Frameworks/Python.framework/Versions/3.9/lib/python3.9/site-packages/airflow/example_dags/tutorial.py
[2023-01-12T08:08:24.017-0500] {processor.py:753} INFO - DAG(s) dict_keys(['tutorial']) retrieved from /Library/Frameworks/Python.framework/Versions/3.9/lib/python3.9/site-packages/airflow/example_dags/tutorial.py
[2023-01-12T08:08:26.841-0500] {logging_mixin.py:137} INFO - [2023-01-12T08:08:26.840-0500] {dag.py:2676} INFO - Sync 1 DAGs
[2023-01-12T08:08:26.871-0500] {logging_mixin.py:137} INFO - [2023-01-12T08:08:26.871-0500] {dag.py:3423} INFO - Setting next_dagrun for tutorial to 2023-01-11T13:08:26.871310+00:00, run_after=2023-01-12T13:08:26.871310+00:00
[2023-01-12T08:08:26.914-0500] {processor.py:175} INFO - Processing /Library/Frameworks/Python.framework/Versions/3.9/lib/python3.9/site-packages/airflow/example_dags/tutorial.py took 3.601 seconds
[2023-01-12T08:12:00.369-0500] {processor.py:153} INFO - Started process (PID=16785) to work on /Library/Frameworks/Python.framework/Versions/3.9/lib/python3.9/site-packages/airflow/example_dags/tutorial.py
[2023-01-12T08:12:00.385-0500] {processor.py:743} INFO - Processing file /Library/Frameworks/Python.framework/Versions/3.9/lib/python3.9/site-packages/airflow/example_dags/tutorial.py for tasks to queue
[2023-01-12T08:12:00.386-0500] {logging_mixin.py:137} INFO - [2023-01-12T08:12:00.386-0500] {dagbag.py:538} INFO - Filling up the DagBag from /Library/Frameworks/Python.framework/Versions/3.9/lib/python3.9/site-packages/airflow/example_dags/tutorial.py
[2023-01-12T08:12:00.443-0500] {processor.py:753} INFO - DAG(s) dict_keys(['tutorial']) retrieved from /Library/Frameworks/Python.framework/Versions/3.9/lib/python3.9/site-packages/airflow/example_dags/tutorial.py
[2023-01-12T08:12:01.783-0500] {logging_mixin.py:137} INFO - [2023-01-12T08:12:01.782-0500] {dag.py:2676} INFO - Sync 1 DAGs
[2023-01-12T08:12:01.816-0500] {logging_mixin.py:137} INFO - [2023-01-12T08:12:01.816-0500] {dag.py:3423} INFO - Setting next_dagrun for tutorial to 2023-01-11T13:12:01.816188+00:00, run_after=2023-01-12T13:12:01.816188+00:00
[2023-01-12T08:12:01.855-0500] {processor.py:175} INFO - Processing /Library/Frameworks/Python.framework/Versions/3.9/lib/python3.9/site-packages/airflow/example_dags/tutorial.py took 1.487 seconds
[2023-01-12T08:22:41.396-0500] {processor.py:153} INFO - Started process (PID=17340) to work on /Library/Frameworks/Python.framework/Versions/3.9/lib/python3.9/site-packages/airflow/example_dags/tutorial.py
[2023-01-12T08:22:41.406-0500] {processor.py:743} INFO - Processing file /Library/Frameworks/Python.framework/Versions/3.9/lib/python3.9/site-packages/airflow/example_dags/tutorial.py for tasks to queue
[2023-01-12T08:22:41.407-0500] {logging_mixin.py:137} INFO - [2023-01-12T08:22:41.407-0500] {dagbag.py:538} INFO - Filling up the DagBag from /Library/Frameworks/Python.framework/Versions/3.9/lib/python3.9/site-packages/airflow/example_dags/tutorial.py
[2023-01-12T08:22:41.479-0500] {processor.py:753} INFO - DAG(s) dict_keys(['tutorial']) retrieved from /Library/Frameworks/Python.framework/Versions/3.9/lib/python3.9/site-packages/airflow/example_dags/tutorial.py
[2023-01-12T08:22:42.527-0500] {logging_mixin.py:137} INFO - [2023-01-12T08:22:42.526-0500] {dag.py:2676} INFO - Sync 1 DAGs
[2023-01-12T08:22:42.557-0500] {logging_mixin.py:137} INFO - [2023-01-12T08:22:42.557-0500] {dag.py:3423} INFO - Setting next_dagrun for tutorial to 2023-01-11T13:22:42.556771+00:00, run_after=2023-01-12T13:22:42.556771+00:00
[2023-01-12T08:22:42.591-0500] {processor.py:175} INFO - Processing /Library/Frameworks/Python.framework/Versions/3.9/lib/python3.9/site-packages/airflow/example_dags/tutorial.py took 1.196 seconds
