[2023-01-09T16:47:47.797-0500] {processor.py:153} INFO - Started process (PID=39214) to work on /Library/Frameworks/Python.framework/Versions/3.9/lib/python3.9/site-packages/airflow/example_dags/example_branch_day_of_week_operator.py
[2023-01-09T16:47:47.802-0500] {processor.py:743} INFO - Processing file /Library/Frameworks/Python.framework/Versions/3.9/lib/python3.9/site-packages/airflow/example_dags/example_branch_day_of_week_operator.py for tasks to queue
[2023-01-09T16:47:47.803-0500] {logging_mixin.py:137} INFO - [2023-01-09T16:47:47.803-0500] {dagbag.py:538} INFO - Filling up the DagBag from /Library/Frameworks/Python.framework/Versions/3.9/lib/python3.9/site-packages/airflow/example_dags/example_branch_day_of_week_operator.py
[2023-01-09T16:47:47.833-0500] {processor.py:753} INFO - DAG(s) dict_keys(['example_weekday_branch_operator']) retrieved from /Library/Frameworks/Python.framework/Versions/3.9/lib/python3.9/site-packages/airflow/example_dags/example_branch_day_of_week_operator.py
[2023-01-09T16:47:48.692-0500] {logging_mixin.py:137} INFO - [2023-01-09T16:47:48.692-0500] {manager.py:504} INFO - Created Permission View: can edit on DAG:example_weekday_branch_operator
[2023-01-09T16:47:48.701-0500] {logging_mixin.py:137} INFO - [2023-01-09T16:47:48.700-0500] {manager.py:504} INFO - Created Permission View: can read on DAG:example_weekday_branch_operator
[2023-01-09T16:47:48.708-0500] {logging_mixin.py:137} INFO - [2023-01-09T16:47:48.707-0500] {manager.py:504} INFO - Created Permission View: can delete on DAG:example_weekday_branch_operator
[2023-01-09T16:47:48.708-0500] {logging_mixin.py:137} INFO - [2023-01-09T16:47:48.708-0500] {dag.py:2676} INFO - Sync 1 DAGs
[2023-01-09T16:47:48.718-0500] {logging_mixin.py:137} INFO - [2023-01-09T16:47:48.718-0500] {dag.py:2697} INFO - Creating ORM DAG for example_weekday_branch_operator
[2023-01-09T16:47:48.728-0500] {logging_mixin.py:137} INFO - [2023-01-09T16:47:48.728-0500] {dag.py:3423} INFO - Setting next_dagrun for example_weekday_branch_operator to 2023-01-08T00:00:00+00:00, run_after=2023-01-09T00:00:00+00:00
[2023-01-09T16:47:48.748-0500] {processor.py:175} INFO - Processing /Library/Frameworks/Python.framework/Versions/3.9/lib/python3.9/site-packages/airflow/example_dags/example_branch_day_of_week_operator.py took 0.952 seconds
[2023-01-09T16:50:37.804-0500] {processor.py:153} INFO - Started process (PID=39312) to work on /Library/Frameworks/Python.framework/Versions/3.9/lib/python3.9/site-packages/airflow/example_dags/example_branch_day_of_week_operator.py
[2023-01-09T16:50:37.809-0500] {processor.py:743} INFO - Processing file /Library/Frameworks/Python.framework/Versions/3.9/lib/python3.9/site-packages/airflow/example_dags/example_branch_day_of_week_operator.py for tasks to queue
[2023-01-09T16:50:37.810-0500] {logging_mixin.py:137} INFO - [2023-01-09T16:50:37.810-0500] {dagbag.py:538} INFO - Filling up the DagBag from /Library/Frameworks/Python.framework/Versions/3.9/lib/python3.9/site-packages/airflow/example_dags/example_branch_day_of_week_operator.py
[2023-01-09T16:50:37.839-0500] {processor.py:753} INFO - DAG(s) dict_keys(['example_weekday_branch_operator']) retrieved from /Library/Frameworks/Python.framework/Versions/3.9/lib/python3.9/site-packages/airflow/example_dags/example_branch_day_of_week_operator.py
[2023-01-09T16:50:38.533-0500] {logging_mixin.py:137} INFO - [2023-01-09T16:50:38.532-0500] {dag.py:2676} INFO - Sync 1 DAGs
[2023-01-09T16:50:38.551-0500] {logging_mixin.py:137} INFO - [2023-01-09T16:50:38.550-0500] {dag.py:3423} INFO - Setting next_dagrun for example_weekday_branch_operator to 2023-01-08T00:00:00+00:00, run_after=2023-01-09T00:00:00+00:00
[2023-01-09T16:50:38.569-0500] {processor.py:175} INFO - Processing /Library/Frameworks/Python.framework/Versions/3.9/lib/python3.9/site-packages/airflow/example_dags/example_branch_day_of_week_operator.py took 0.766 seconds
[2023-01-09T16:53:27.998-0500] {processor.py:153} INFO - Started process (PID=39408) to work on /Library/Frameworks/Python.framework/Versions/3.9/lib/python3.9/site-packages/airflow/example_dags/example_branch_day_of_week_operator.py
[2023-01-09T16:53:28.003-0500] {processor.py:743} INFO - Processing file /Library/Frameworks/Python.framework/Versions/3.9/lib/python3.9/site-packages/airflow/example_dags/example_branch_day_of_week_operator.py for tasks to queue
[2023-01-09T16:53:28.003-0500] {logging_mixin.py:137} INFO - [2023-01-09T16:53:28.003-0500] {dagbag.py:538} INFO - Filling up the DagBag from /Library/Frameworks/Python.framework/Versions/3.9/lib/python3.9/site-packages/airflow/example_dags/example_branch_day_of_week_operator.py
[2023-01-09T16:53:28.034-0500] {processor.py:753} INFO - DAG(s) dict_keys(['example_weekday_branch_operator']) retrieved from /Library/Frameworks/Python.framework/Versions/3.9/lib/python3.9/site-packages/airflow/example_dags/example_branch_day_of_week_operator.py
[2023-01-09T16:53:28.823-0500] {logging_mixin.py:137} INFO - [2023-01-09T16:53:28.823-0500] {dag.py:2676} INFO - Sync 1 DAGs
[2023-01-09T16:53:28.871-0500] {logging_mixin.py:137} INFO - [2023-01-09T16:53:28.871-0500] {dag.py:3423} INFO - Setting next_dagrun for example_weekday_branch_operator to 2023-01-08T00:00:00+00:00, run_after=2023-01-09T00:00:00+00:00
[2023-01-09T16:53:28.895-0500] {processor.py:175} INFO - Processing /Library/Frameworks/Python.framework/Versions/3.9/lib/python3.9/site-packages/airflow/example_dags/example_branch_day_of_week_operator.py took 0.898 seconds
[2023-01-09T16:56:13.835-0500] {processor.py:153} INFO - Started process (PID=39603) to work on /Library/Frameworks/Python.framework/Versions/3.9/lib/python3.9/site-packages/airflow/example_dags/example_branch_day_of_week_operator.py
[2023-01-09T16:56:13.840-0500] {processor.py:743} INFO - Processing file /Library/Frameworks/Python.framework/Versions/3.9/lib/python3.9/site-packages/airflow/example_dags/example_branch_day_of_week_operator.py for tasks to queue
[2023-01-09T16:56:13.840-0500] {logging_mixin.py:137} INFO - [2023-01-09T16:56:13.840-0500] {dagbag.py:538} INFO - Filling up the DagBag from /Library/Frameworks/Python.framework/Versions/3.9/lib/python3.9/site-packages/airflow/example_dags/example_branch_day_of_week_operator.py
[2023-01-09T16:56:13.870-0500] {processor.py:753} INFO - DAG(s) dict_keys(['example_weekday_branch_operator']) retrieved from /Library/Frameworks/Python.framework/Versions/3.9/lib/python3.9/site-packages/airflow/example_dags/example_branch_day_of_week_operator.py
[2023-01-09T16:56:14.635-0500] {logging_mixin.py:137} INFO - [2023-01-09T16:56:14.635-0500] {dag.py:2676} INFO - Sync 1 DAGs
[2023-01-09T16:56:14.656-0500] {logging_mixin.py:137} INFO - [2023-01-09T16:56:14.656-0500] {dag.py:3423} INFO - Setting next_dagrun for example_weekday_branch_operator to 2023-01-08T00:00:00+00:00, run_after=2023-01-09T00:00:00+00:00
[2023-01-09T16:56:14.676-0500] {processor.py:175} INFO - Processing /Library/Frameworks/Python.framework/Versions/3.9/lib/python3.9/site-packages/airflow/example_dags/example_branch_day_of_week_operator.py took 0.842 seconds
[2023-01-09T16:59:16.350-0500] {processor.py:153} INFO - Started process (PID=41194) to work on /Library/Frameworks/Python.framework/Versions/3.9/lib/python3.9/site-packages/airflow/example_dags/example_branch_day_of_week_operator.py
[2023-01-09T16:59:16.356-0500] {processor.py:743} INFO - Processing file /Library/Frameworks/Python.framework/Versions/3.9/lib/python3.9/site-packages/airflow/example_dags/example_branch_day_of_week_operator.py for tasks to queue
[2023-01-09T16:59:16.356-0500] {logging_mixin.py:137} INFO - [2023-01-09T16:59:16.356-0500] {dagbag.py:538} INFO - Filling up the DagBag from /Library/Frameworks/Python.framework/Versions/3.9/lib/python3.9/site-packages/airflow/example_dags/example_branch_day_of_week_operator.py
[2023-01-09T16:59:16.385-0500] {processor.py:753} INFO - DAG(s) dict_keys(['example_weekday_branch_operator']) retrieved from /Library/Frameworks/Python.framework/Versions/3.9/lib/python3.9/site-packages/airflow/example_dags/example_branch_day_of_week_operator.py
[2023-01-09T16:59:17.151-0500] {logging_mixin.py:137} INFO - [2023-01-09T16:59:17.151-0500] {dag.py:2676} INFO - Sync 1 DAGs
[2023-01-09T16:59:17.171-0500] {logging_mixin.py:137} INFO - [2023-01-09T16:59:17.171-0500] {dag.py:3423} INFO - Setting next_dagrun for example_weekday_branch_operator to 2023-01-08T00:00:00+00:00, run_after=2023-01-09T00:00:00+00:00
[2023-01-09T16:59:17.189-0500] {processor.py:175} INFO - Processing /Library/Frameworks/Python.framework/Versions/3.9/lib/python3.9/site-packages/airflow/example_dags/example_branch_day_of_week_operator.py took 0.840 seconds
[2023-01-09T17:02:17.759-0500] {processor.py:153} INFO - Started process (PID=41393) to work on /Library/Frameworks/Python.framework/Versions/3.9/lib/python3.9/site-packages/airflow/example_dags/example_branch_day_of_week_operator.py
[2023-01-09T17:02:17.779-0500] {processor.py:743} INFO - Processing file /Library/Frameworks/Python.framework/Versions/3.9/lib/python3.9/site-packages/airflow/example_dags/example_branch_day_of_week_operator.py for tasks to queue
[2023-01-09T17:02:17.780-0500] {logging_mixin.py:137} INFO - [2023-01-09T17:02:17.780-0500] {dagbag.py:538} INFO - Filling up the DagBag from /Library/Frameworks/Python.framework/Versions/3.9/lib/python3.9/site-packages/airflow/example_dags/example_branch_day_of_week_operator.py
[2023-01-09T17:02:17.877-0500] {processor.py:753} INFO - DAG(s) dict_keys(['example_weekday_branch_operator']) retrieved from /Library/Frameworks/Python.framework/Versions/3.9/lib/python3.9/site-packages/airflow/example_dags/example_branch_day_of_week_operator.py
[2023-01-09T17:02:18.689-0500] {logging_mixin.py:137} INFO - [2023-01-09T17:02:18.689-0500] {dag.py:2676} INFO - Sync 1 DAGs
[2023-01-09T17:02:18.706-0500] {logging_mixin.py:137} INFO - [2023-01-09T17:02:18.705-0500] {dag.py:3423} INFO - Setting next_dagrun for example_weekday_branch_operator to 2023-01-08T00:00:00+00:00, run_after=2023-01-09T00:00:00+00:00
[2023-01-09T17:02:18.723-0500] {processor.py:175} INFO - Processing /Library/Frameworks/Python.framework/Versions/3.9/lib/python3.9/site-packages/airflow/example_dags/example_branch_day_of_week_operator.py took 0.964 seconds
[2023-01-09T17:05:26.337-0500] {processor.py:153} INFO - Started process (PID=41754) to work on /Library/Frameworks/Python.framework/Versions/3.9/lib/python3.9/site-packages/airflow/example_dags/example_branch_day_of_week_operator.py
[2023-01-09T17:05:26.343-0500] {processor.py:743} INFO - Processing file /Library/Frameworks/Python.framework/Versions/3.9/lib/python3.9/site-packages/airflow/example_dags/example_branch_day_of_week_operator.py for tasks to queue
[2023-01-09T17:05:26.343-0500] {logging_mixin.py:137} INFO - [2023-01-09T17:05:26.343-0500] {dagbag.py:538} INFO - Filling up the DagBag from /Library/Frameworks/Python.framework/Versions/3.9/lib/python3.9/site-packages/airflow/example_dags/example_branch_day_of_week_operator.py
[2023-01-09T17:05:26.374-0500] {processor.py:753} INFO - DAG(s) dict_keys(['example_weekday_branch_operator']) retrieved from /Library/Frameworks/Python.framework/Versions/3.9/lib/python3.9/site-packages/airflow/example_dags/example_branch_day_of_week_operator.py
[2023-01-09T17:05:27.138-0500] {logging_mixin.py:137} INFO - [2023-01-09T17:05:27.138-0500] {dag.py:2676} INFO - Sync 1 DAGs
[2023-01-09T17:05:27.156-0500] {logging_mixin.py:137} INFO - [2023-01-09T17:05:27.156-0500] {dag.py:3423} INFO - Setting next_dagrun for example_weekday_branch_operator to 2023-01-08T00:00:00+00:00, run_after=2023-01-09T00:00:00+00:00
[2023-01-09T17:05:27.175-0500] {processor.py:175} INFO - Processing /Library/Frameworks/Python.framework/Versions/3.9/lib/python3.9/site-packages/airflow/example_dags/example_branch_day_of_week_operator.py took 0.838 seconds
[2023-01-09T17:08:15.042-0500] {processor.py:153} INFO - Started process (PID=42019) to work on /Library/Frameworks/Python.framework/Versions/3.9/lib/python3.9/site-packages/airflow/example_dags/example_branch_day_of_week_operator.py
[2023-01-09T17:08:15.048-0500] {processor.py:743} INFO - Processing file /Library/Frameworks/Python.framework/Versions/3.9/lib/python3.9/site-packages/airflow/example_dags/example_branch_day_of_week_operator.py for tasks to queue
[2023-01-09T17:08:15.049-0500] {logging_mixin.py:137} INFO - [2023-01-09T17:08:15.049-0500] {dagbag.py:538} INFO - Filling up the DagBag from /Library/Frameworks/Python.framework/Versions/3.9/lib/python3.9/site-packages/airflow/example_dags/example_branch_day_of_week_operator.py
[2023-01-09T17:08:15.078-0500] {processor.py:753} INFO - DAG(s) dict_keys(['example_weekday_branch_operator']) retrieved from /Library/Frameworks/Python.framework/Versions/3.9/lib/python3.9/site-packages/airflow/example_dags/example_branch_day_of_week_operator.py
[2023-01-09T17:08:15.926-0500] {logging_mixin.py:137} INFO - [2023-01-09T17:08:15.925-0500] {dag.py:2676} INFO - Sync 1 DAGs
[2023-01-09T17:08:15.946-0500] {logging_mixin.py:137} INFO - [2023-01-09T17:08:15.946-0500] {dag.py:3423} INFO - Setting next_dagrun for example_weekday_branch_operator to 2023-01-08T00:00:00+00:00, run_after=2023-01-09T00:00:00+00:00
[2023-01-09T17:08:15.966-0500] {processor.py:175} INFO - Processing /Library/Frameworks/Python.framework/Versions/3.9/lib/python3.9/site-packages/airflow/example_dags/example_branch_day_of_week_operator.py took 0.924 seconds
[2023-01-09T17:11:01.584-0500] {processor.py:153} INFO - Started process (PID=42328) to work on /Library/Frameworks/Python.framework/Versions/3.9/lib/python3.9/site-packages/airflow/example_dags/example_branch_day_of_week_operator.py
[2023-01-09T17:11:01.589-0500] {processor.py:743} INFO - Processing file /Library/Frameworks/Python.framework/Versions/3.9/lib/python3.9/site-packages/airflow/example_dags/example_branch_day_of_week_operator.py for tasks to queue
[2023-01-09T17:11:01.590-0500] {logging_mixin.py:137} INFO - [2023-01-09T17:11:01.589-0500] {dagbag.py:538} INFO - Filling up the DagBag from /Library/Frameworks/Python.framework/Versions/3.9/lib/python3.9/site-packages/airflow/example_dags/example_branch_day_of_week_operator.py
[2023-01-09T17:11:01.619-0500] {processor.py:753} INFO - DAG(s) dict_keys(['example_weekday_branch_operator']) retrieved from /Library/Frameworks/Python.framework/Versions/3.9/lib/python3.9/site-packages/airflow/example_dags/example_branch_day_of_week_operator.py
[2023-01-09T17:11:02.377-0500] {logging_mixin.py:137} INFO - [2023-01-09T17:11:02.377-0500] {dag.py:2676} INFO - Sync 1 DAGs
[2023-01-09T17:11:02.396-0500] {logging_mixin.py:137} INFO - [2023-01-09T17:11:02.395-0500] {dag.py:3423} INFO - Setting next_dagrun for example_weekday_branch_operator to 2023-01-08T00:00:00+00:00, run_after=2023-01-09T00:00:00+00:00
[2023-01-09T17:11:02.420-0500] {processor.py:175} INFO - Processing /Library/Frameworks/Python.framework/Versions/3.9/lib/python3.9/site-packages/airflow/example_dags/example_branch_day_of_week_operator.py took 0.837 seconds
[2023-01-09T17:13:42.857-0500] {processor.py:153} INFO - Started process (PID=42593) to work on /Library/Frameworks/Python.framework/Versions/3.9/lib/python3.9/site-packages/airflow/example_dags/example_branch_day_of_week_operator.py
[2023-01-09T17:13:42.862-0500] {processor.py:743} INFO - Processing file /Library/Frameworks/Python.framework/Versions/3.9/lib/python3.9/site-packages/airflow/example_dags/example_branch_day_of_week_operator.py for tasks to queue
[2023-01-09T17:13:42.862-0500] {logging_mixin.py:137} INFO - [2023-01-09T17:13:42.862-0500] {dagbag.py:538} INFO - Filling up the DagBag from /Library/Frameworks/Python.framework/Versions/3.9/lib/python3.9/site-packages/airflow/example_dags/example_branch_day_of_week_operator.py
[2023-01-09T17:13:42.892-0500] {processor.py:753} INFO - DAG(s) dict_keys(['example_weekday_branch_operator']) retrieved from /Library/Frameworks/Python.framework/Versions/3.9/lib/python3.9/site-packages/airflow/example_dags/example_branch_day_of_week_operator.py
[2023-01-09T17:13:43.644-0500] {logging_mixin.py:137} INFO - [2023-01-09T17:13:43.644-0500] {dag.py:2676} INFO - Sync 1 DAGs
[2023-01-09T17:13:43.661-0500] {logging_mixin.py:137} INFO - [2023-01-09T17:13:43.661-0500] {dag.py:3423} INFO - Setting next_dagrun for example_weekday_branch_operator to 2023-01-08T00:00:00+00:00, run_after=2023-01-09T00:00:00+00:00
[2023-01-09T17:13:43.681-0500] {processor.py:175} INFO - Processing /Library/Frameworks/Python.framework/Versions/3.9/lib/python3.9/site-packages/airflow/example_dags/example_branch_day_of_week_operator.py took 0.825 seconds
[2023-01-09T17:13:49.915-0500] {processor.py:153} INFO - Started process (PID=42599) to work on /Library/Frameworks/Python.framework/Versions/3.9/lib/python3.9/site-packages/airflow/example_dags/example_branch_day_of_week_operator.py
[2023-01-09T17:13:49.920-0500] {processor.py:743} INFO - Processing file /Library/Frameworks/Python.framework/Versions/3.9/lib/python3.9/site-packages/airflow/example_dags/example_branch_day_of_week_operator.py for tasks to queue
[2023-01-09T17:13:49.920-0500] {logging_mixin.py:137} INFO - [2023-01-09T17:13:49.920-0500] {dagbag.py:538} INFO - Filling up the DagBag from /Library/Frameworks/Python.framework/Versions/3.9/lib/python3.9/site-packages/airflow/example_dags/example_branch_day_of_week_operator.py
[2023-01-09T17:13:49.947-0500] {processor.py:753} INFO - DAG(s) dict_keys(['example_weekday_branch_operator']) retrieved from /Library/Frameworks/Python.framework/Versions/3.9/lib/python3.9/site-packages/airflow/example_dags/example_branch_day_of_week_operator.py
[2023-01-09T17:13:50.716-0500] {logging_mixin.py:137} INFO - [2023-01-09T17:13:50.716-0500] {dag.py:2676} INFO - Sync 1 DAGs
[2023-01-09T17:13:50.738-0500] {logging_mixin.py:137} INFO - [2023-01-09T17:13:50.737-0500] {dag.py:3423} INFO - Setting next_dagrun for example_weekday_branch_operator to 2023-01-08T00:00:00+00:00, run_after=2023-01-09T00:00:00+00:00
[2023-01-09T17:13:50.837-0500] {processor.py:175} INFO - Processing /Library/Frameworks/Python.framework/Versions/3.9/lib/python3.9/site-packages/airflow/example_dags/example_branch_day_of_week_operator.py took 0.922 seconds
[2023-01-09T17:16:20.365-0500] {processor.py:153} INFO - Started process (PID=42754) to work on /Library/Frameworks/Python.framework/Versions/3.9/lib/python3.9/site-packages/airflow/example_dags/example_branch_day_of_week_operator.py
[2023-01-09T17:16:20.373-0500] {processor.py:743} INFO - Processing file /Library/Frameworks/Python.framework/Versions/3.9/lib/python3.9/site-packages/airflow/example_dags/example_branch_day_of_week_operator.py for tasks to queue
[2023-01-09T17:16:20.374-0500] {logging_mixin.py:137} INFO - [2023-01-09T17:16:20.374-0500] {dagbag.py:538} INFO - Filling up the DagBag from /Library/Frameworks/Python.framework/Versions/3.9/lib/python3.9/site-packages/airflow/example_dags/example_branch_day_of_week_operator.py
[2023-01-09T17:16:20.423-0500] {processor.py:753} INFO - DAG(s) dict_keys(['example_weekday_branch_operator']) retrieved from /Library/Frameworks/Python.framework/Versions/3.9/lib/python3.9/site-packages/airflow/example_dags/example_branch_day_of_week_operator.py
[2023-01-09T17:16:21.108-0500] {processor.py:153} INFO - Started process (PID=42759) to work on /Library/Frameworks/Python.framework/Versions/3.9/lib/python3.9/site-packages/airflow/example_dags/example_branch_day_of_week_operator.py
[2023-01-09T17:16:21.113-0500] {processor.py:743} INFO - Processing file /Library/Frameworks/Python.framework/Versions/3.9/lib/python3.9/site-packages/airflow/example_dags/example_branch_day_of_week_operator.py for tasks to queue
[2023-01-09T17:16:21.113-0500] {logging_mixin.py:137} INFO - [2023-01-09T17:16:21.113-0500] {dagbag.py:538} INFO - Filling up the DagBag from /Library/Frameworks/Python.framework/Versions/3.9/lib/python3.9/site-packages/airflow/example_dags/example_branch_day_of_week_operator.py
[2023-01-09T17:16:21.143-0500] {processor.py:753} INFO - DAG(s) dict_keys(['example_weekday_branch_operator']) retrieved from /Library/Frameworks/Python.framework/Versions/3.9/lib/python3.9/site-packages/airflow/example_dags/example_branch_day_of_week_operator.py
[2023-01-09T17:16:21.328-0500] {logging_mixin.py:137} INFO - [2023-01-09T17:16:21.328-0500] {dag.py:2676} INFO - Sync 1 DAGs
[2023-01-09T17:16:21.345-0500] {logging_mixin.py:137} INFO - [2023-01-09T17:16:21.345-0500] {dag.py:3423} INFO - Setting next_dagrun for example_weekday_branch_operator to 2023-01-08T00:00:00+00:00, run_after=2023-01-09T00:00:00+00:00
[2023-01-09T17:16:21.361-0500] {processor.py:175} INFO - Processing /Library/Frameworks/Python.framework/Versions/3.9/lib/python3.9/site-packages/airflow/example_dags/example_branch_day_of_week_operator.py took 0.998 seconds
[2023-01-09T17:16:21.911-0500] {logging_mixin.py:137} INFO - [2023-01-09T17:16:21.910-0500] {dag.py:2676} INFO - Sync 1 DAGs
[2023-01-09T17:16:21.928-0500] {logging_mixin.py:137} INFO - [2023-01-09T17:16:21.928-0500] {dag.py:3423} INFO - Setting next_dagrun for example_weekday_branch_operator to 2023-01-08T00:00:00+00:00, run_after=2023-01-09T00:00:00+00:00
[2023-01-09T17:16:21.952-0500] {processor.py:175} INFO - Processing /Library/Frameworks/Python.framework/Versions/3.9/lib/python3.9/site-packages/airflow/example_dags/example_branch_day_of_week_operator.py took 0.845 seconds
[2023-01-09T17:18:56.123-0500] {processor.py:153} INFO - Started process (PID=43222) to work on /Library/Frameworks/Python.framework/Versions/3.9/lib/python3.9/site-packages/airflow/example_dags/example_branch_day_of_week_operator.py
[2023-01-09T17:18:56.129-0500] {processor.py:743} INFO - Processing file /Library/Frameworks/Python.framework/Versions/3.9/lib/python3.9/site-packages/airflow/example_dags/example_branch_day_of_week_operator.py for tasks to queue
[2023-01-09T17:18:56.129-0500] {logging_mixin.py:137} INFO - [2023-01-09T17:18:56.129-0500] {dagbag.py:538} INFO - Filling up the DagBag from /Library/Frameworks/Python.framework/Versions/3.9/lib/python3.9/site-packages/airflow/example_dags/example_branch_day_of_week_operator.py
[2023-01-09T17:18:56.160-0500] {processor.py:753} INFO - DAG(s) dict_keys(['example_weekday_branch_operator']) retrieved from /Library/Frameworks/Python.framework/Versions/3.9/lib/python3.9/site-packages/airflow/example_dags/example_branch_day_of_week_operator.py
[2023-01-09T17:18:56.880-0500] {logging_mixin.py:137} INFO - [2023-01-09T17:18:56.880-0500] {dag.py:2676} INFO - Sync 1 DAGs
[2023-01-09T17:18:56.897-0500] {logging_mixin.py:137} INFO - [2023-01-09T17:18:56.897-0500] {dag.py:3423} INFO - Setting next_dagrun for example_weekday_branch_operator to 2023-01-08T00:00:00+00:00, run_after=2023-01-09T00:00:00+00:00
[2023-01-09T17:18:56.902-0500] {processor.py:153} INFO - Started process (PID=43223) to work on /Library/Frameworks/Python.framework/Versions/3.9/lib/python3.9/site-packages/airflow/example_dags/example_branch_day_of_week_operator.py
[2023-01-09T17:18:56.907-0500] {processor.py:743} INFO - Processing file /Library/Frameworks/Python.framework/Versions/3.9/lib/python3.9/site-packages/airflow/example_dags/example_branch_day_of_week_operator.py for tasks to queue
[2023-01-09T17:18:56.908-0500] {logging_mixin.py:137} INFO - [2023-01-09T17:18:56.908-0500] {dagbag.py:538} INFO - Filling up the DagBag from /Library/Frameworks/Python.framework/Versions/3.9/lib/python3.9/site-packages/airflow/example_dags/example_branch_day_of_week_operator.py
[2023-01-09T17:18:56.913-0500] {processor.py:175} INFO - Processing /Library/Frameworks/Python.framework/Versions/3.9/lib/python3.9/site-packages/airflow/example_dags/example_branch_day_of_week_operator.py took 0.791 seconds
[2023-01-09T17:18:56.936-0500] {processor.py:753} INFO - DAG(s) dict_keys(['example_weekday_branch_operator']) retrieved from /Library/Frameworks/Python.framework/Versions/3.9/lib/python3.9/site-packages/airflow/example_dags/example_branch_day_of_week_operator.py
[2023-01-09T17:18:57.729-0500] {logging_mixin.py:137} INFO - [2023-01-09T17:18:57.728-0500] {dag.py:2676} INFO - Sync 1 DAGs
[2023-01-09T17:18:57.747-0500] {logging_mixin.py:137} INFO - [2023-01-09T17:18:57.747-0500] {dag.py:3423} INFO - Setting next_dagrun for example_weekday_branch_operator to 2023-01-08T00:00:00+00:00, run_after=2023-01-09T00:00:00+00:00
[2023-01-09T17:18:57.769-0500] {processor.py:175} INFO - Processing /Library/Frameworks/Python.framework/Versions/3.9/lib/python3.9/site-packages/airflow/example_dags/example_branch_day_of_week_operator.py took 0.867 seconds
[2023-01-09T17:21:27.800-0500] {processor.py:153} INFO - Started process (PID=43356) to work on /Library/Frameworks/Python.framework/Versions/3.9/lib/python3.9/site-packages/airflow/example_dags/example_branch_day_of_week_operator.py
[2023-01-09T17:21:27.805-0500] {processor.py:743} INFO - Processing file /Library/Frameworks/Python.framework/Versions/3.9/lib/python3.9/site-packages/airflow/example_dags/example_branch_day_of_week_operator.py for tasks to queue
[2023-01-09T17:21:27.805-0500] {logging_mixin.py:137} INFO - [2023-01-09T17:21:27.805-0500] {dagbag.py:538} INFO - Filling up the DagBag from /Library/Frameworks/Python.framework/Versions/3.9/lib/python3.9/site-packages/airflow/example_dags/example_branch_day_of_week_operator.py
[2023-01-09T17:21:27.833-0500] {processor.py:753} INFO - DAG(s) dict_keys(['example_weekday_branch_operator']) retrieved from /Library/Frameworks/Python.framework/Versions/3.9/lib/python3.9/site-packages/airflow/example_dags/example_branch_day_of_week_operator.py
[2023-01-09T17:21:28.563-0500] {logging_mixin.py:137} INFO - [2023-01-09T17:21:28.563-0500] {dag.py:2676} INFO - Sync 1 DAGs
[2023-01-09T17:21:28.579-0500] {logging_mixin.py:137} INFO - [2023-01-09T17:21:28.579-0500] {dag.py:3423} INFO - Setting next_dagrun for example_weekday_branch_operator to 2023-01-08T00:00:00+00:00, run_after=2023-01-09T00:00:00+00:00
[2023-01-09T17:21:28.595-0500] {processor.py:175} INFO - Processing /Library/Frameworks/Python.framework/Versions/3.9/lib/python3.9/site-packages/airflow/example_dags/example_branch_day_of_week_operator.py took 0.797 seconds
[2023-01-09T17:21:28.996-0500] {processor.py:153} INFO - Started process (PID=43357) to work on /Library/Frameworks/Python.framework/Versions/3.9/lib/python3.9/site-packages/airflow/example_dags/example_branch_day_of_week_operator.py
[2023-01-09T17:21:29.000-0500] {processor.py:743} INFO - Processing file /Library/Frameworks/Python.framework/Versions/3.9/lib/python3.9/site-packages/airflow/example_dags/example_branch_day_of_week_operator.py for tasks to queue
[2023-01-09T17:21:29.001-0500] {logging_mixin.py:137} INFO - [2023-01-09T17:21:29.001-0500] {dagbag.py:538} INFO - Filling up the DagBag from /Library/Frameworks/Python.framework/Versions/3.9/lib/python3.9/site-packages/airflow/example_dags/example_branch_day_of_week_operator.py
[2023-01-09T17:21:29.028-0500] {processor.py:753} INFO - DAG(s) dict_keys(['example_weekday_branch_operator']) retrieved from /Library/Frameworks/Python.framework/Versions/3.9/lib/python3.9/site-packages/airflow/example_dags/example_branch_day_of_week_operator.py
[2023-01-09T17:21:29.780-0500] {logging_mixin.py:137} INFO - [2023-01-09T17:21:29.779-0500] {dag.py:2676} INFO - Sync 1 DAGs
[2023-01-09T17:21:29.798-0500] {logging_mixin.py:137} INFO - [2023-01-09T17:21:29.798-0500] {dag.py:3423} INFO - Setting next_dagrun for example_weekday_branch_operator to 2023-01-08T00:00:00+00:00, run_after=2023-01-09T00:00:00+00:00
[2023-01-09T17:21:29.822-0500] {processor.py:175} INFO - Processing /Library/Frameworks/Python.framework/Versions/3.9/lib/python3.9/site-packages/airflow/example_dags/example_branch_day_of_week_operator.py took 0.827 seconds
[2023-01-09T17:44:19.435-0500] {processor.py:153} INFO - Started process (PID=43763) to work on /Library/Frameworks/Python.framework/Versions/3.9/lib/python3.9/site-packages/airflow/example_dags/example_branch_day_of_week_operator.py
[2023-01-09T17:44:19.435-0500] {processor.py:153} INFO - Started process (PID=43764) to work on /Library/Frameworks/Python.framework/Versions/3.9/lib/python3.9/site-packages/airflow/example_dags/example_branch_day_of_week_operator.py
[2023-01-09T17:44:19.441-0500] {processor.py:743} INFO - Processing file /Library/Frameworks/Python.framework/Versions/3.9/lib/python3.9/site-packages/airflow/example_dags/example_branch_day_of_week_operator.py for tasks to queue
[2023-01-09T17:44:19.441-0500] {processor.py:743} INFO - Processing file /Library/Frameworks/Python.framework/Versions/3.9/lib/python3.9/site-packages/airflow/example_dags/example_branch_day_of_week_operator.py for tasks to queue
[2023-01-09T17:44:19.441-0500] {logging_mixin.py:137} INFO - [2023-01-09T17:44:19.441-0500] {dagbag.py:538} INFO - Filling up the DagBag from /Library/Frameworks/Python.framework/Versions/3.9/lib/python3.9/site-packages/airflow/example_dags/example_branch_day_of_week_operator.py
[2023-01-09T17:44:19.441-0500] {logging_mixin.py:137} INFO - [2023-01-09T17:44:19.441-0500] {dagbag.py:538} INFO - Filling up the DagBag from /Library/Frameworks/Python.framework/Versions/3.9/lib/python3.9/site-packages/airflow/example_dags/example_branch_day_of_week_operator.py
[2023-01-09T17:44:19.471-0500] {processor.py:753} INFO - DAG(s) dict_keys(['example_weekday_branch_operator']) retrieved from /Library/Frameworks/Python.framework/Versions/3.9/lib/python3.9/site-packages/airflow/example_dags/example_branch_day_of_week_operator.py
[2023-01-09T17:44:19.471-0500] {processor.py:753} INFO - DAG(s) dict_keys(['example_weekday_branch_operator']) retrieved from /Library/Frameworks/Python.framework/Versions/3.9/lib/python3.9/site-packages/airflow/example_dags/example_branch_day_of_week_operator.py
[2023-01-09T17:44:20.159-0500] {logging_mixin.py:137} INFO - [2023-01-09T17:44:20.159-0500] {dag.py:2676} INFO - Sync 1 DAGs
[2023-01-09T17:44:20.159-0500] {logging_mixin.py:137} INFO - [2023-01-09T17:44:20.159-0500] {dag.py:2676} INFO - Sync 1 DAGs
[2023-01-09T17:44:20.177-0500] {logging_mixin.py:137} INFO - [2023-01-09T17:44:20.176-0500] {dag.py:3423} INFO - Setting next_dagrun for example_weekday_branch_operator to 2023-01-08T00:00:00+00:00, run_after=2023-01-09T00:00:00+00:00
[2023-01-09T17:44:20.177-0500] {logging_mixin.py:137} INFO - [2023-01-09T17:44:20.177-0500] {dag.py:3423} INFO - Setting next_dagrun for example_weekday_branch_operator to 2023-01-08T00:00:00+00:00, run_after=2023-01-09T00:00:00+00:00
[2023-01-09T17:44:20.198-0500] {processor.py:175} INFO - Processing /Library/Frameworks/Python.framework/Versions/3.9/lib/python3.9/site-packages/airflow/example_dags/example_branch_day_of_week_operator.py took 0.763 seconds
[2023-01-09T17:44:20.199-0500] {processor.py:175} INFO - Processing /Library/Frameworks/Python.framework/Versions/3.9/lib/python3.9/site-packages/airflow/example_dags/example_branch_day_of_week_operator.py took 0.765 seconds
[2023-01-09T18:31:40.834-0500] {processor.py:153} INFO - Started process (PID=44510) to work on /Library/Frameworks/Python.framework/Versions/3.9/lib/python3.9/site-packages/airflow/example_dags/example_branch_day_of_week_operator.py
[2023-01-09T18:31:40.834-0500] {processor.py:153} INFO - Started process (PID=44509) to work on /Library/Frameworks/Python.framework/Versions/3.9/lib/python3.9/site-packages/airflow/example_dags/example_branch_day_of_week_operator.py
[2023-01-09T18:31:40.840-0500] {processor.py:743} INFO - Processing file /Library/Frameworks/Python.framework/Versions/3.9/lib/python3.9/site-packages/airflow/example_dags/example_branch_day_of_week_operator.py for tasks to queue
[2023-01-09T18:31:40.840-0500] {processor.py:743} INFO - Processing file /Library/Frameworks/Python.framework/Versions/3.9/lib/python3.9/site-packages/airflow/example_dags/example_branch_day_of_week_operator.py for tasks to queue
[2023-01-09T18:31:40.840-0500] {logging_mixin.py:137} INFO - [2023-01-09T18:31:40.840-0500] {dagbag.py:538} INFO - Filling up the DagBag from /Library/Frameworks/Python.framework/Versions/3.9/lib/python3.9/site-packages/airflow/example_dags/example_branch_day_of_week_operator.py
[2023-01-09T18:31:40.840-0500] {logging_mixin.py:137} INFO - [2023-01-09T18:31:40.840-0500] {dagbag.py:538} INFO - Filling up the DagBag from /Library/Frameworks/Python.framework/Versions/3.9/lib/python3.9/site-packages/airflow/example_dags/example_branch_day_of_week_operator.py
[2023-01-09T18:31:40.871-0500] {processor.py:753} INFO - DAG(s) dict_keys(['example_weekday_branch_operator']) retrieved from /Library/Frameworks/Python.framework/Versions/3.9/lib/python3.9/site-packages/airflow/example_dags/example_branch_day_of_week_operator.py
[2023-01-09T18:31:40.871-0500] {processor.py:753} INFO - DAG(s) dict_keys(['example_weekday_branch_operator']) retrieved from /Library/Frameworks/Python.framework/Versions/3.9/lib/python3.9/site-packages/airflow/example_dags/example_branch_day_of_week_operator.py
[2023-01-09T18:31:41.610-0500] {logging_mixin.py:137} INFO - [2023-01-09T18:31:41.610-0500] {dag.py:2676} INFO - Sync 1 DAGs
[2023-01-09T18:31:41.610-0500] {logging_mixin.py:137} INFO - [2023-01-09T18:31:41.610-0500] {dag.py:2676} INFO - Sync 1 DAGs
[2023-01-09T18:31:41.627-0500] {logging_mixin.py:137} INFO - [2023-01-09T18:31:41.627-0500] {dag.py:3423} INFO - Setting next_dagrun for example_weekday_branch_operator to 2023-01-08T00:00:00+00:00, run_after=2023-01-09T00:00:00+00:00
[2023-01-09T18:31:41.627-0500] {logging_mixin.py:137} INFO - [2023-01-09T18:31:41.627-0500] {dag.py:3423} INFO - Setting next_dagrun for example_weekday_branch_operator to 2023-01-08T00:00:00+00:00, run_after=2023-01-09T00:00:00+00:00
[2023-01-09T18:31:41.651-0500] {processor.py:175} INFO - Processing /Library/Frameworks/Python.framework/Versions/3.9/lib/python3.9/site-packages/airflow/example_dags/example_branch_day_of_week_operator.py took 0.818 seconds
[2023-01-09T18:31:41.655-0500] {processor.py:175} INFO - Processing /Library/Frameworks/Python.framework/Versions/3.9/lib/python3.9/site-packages/airflow/example_dags/example_branch_day_of_week_operator.py took 0.821 seconds
[2023-01-09T18:34:20.275-0500] {processor.py:153} INFO - Started process (PID=44665) to work on /Library/Frameworks/Python.framework/Versions/3.9/lib/python3.9/site-packages/airflow/example_dags/example_branch_day_of_week_operator.py
[2023-01-09T18:34:20.281-0500] {processor.py:743} INFO - Processing file /Library/Frameworks/Python.framework/Versions/3.9/lib/python3.9/site-packages/airflow/example_dags/example_branch_day_of_week_operator.py for tasks to queue
[2023-01-09T18:34:20.281-0500] {logging_mixin.py:137} INFO - [2023-01-09T18:34:20.281-0500] {dagbag.py:538} INFO - Filling up the DagBag from /Library/Frameworks/Python.framework/Versions/3.9/lib/python3.9/site-packages/airflow/example_dags/example_branch_day_of_week_operator.py
[2023-01-09T18:34:20.311-0500] {processor.py:753} INFO - DAG(s) dict_keys(['example_weekday_branch_operator']) retrieved from /Library/Frameworks/Python.framework/Versions/3.9/lib/python3.9/site-packages/airflow/example_dags/example_branch_day_of_week_operator.py
[2023-01-09T18:34:21.007-0500] {logging_mixin.py:137} INFO - [2023-01-09T18:34:21.006-0500] {dag.py:2676} INFO - Sync 1 DAGs
[2023-01-09T18:34:21.023-0500] {logging_mixin.py:137} INFO - [2023-01-09T18:34:21.023-0500] {dag.py:3423} INFO - Setting next_dagrun for example_weekday_branch_operator to 2023-01-08T00:00:00+00:00, run_after=2023-01-09T00:00:00+00:00
[2023-01-09T18:34:21.039-0500] {processor.py:175} INFO - Processing /Library/Frameworks/Python.framework/Versions/3.9/lib/python3.9/site-packages/airflow/example_dags/example_branch_day_of_week_operator.py took 0.765 seconds
[2023-01-09T18:34:26.207-0500] {processor.py:153} INFO - Started process (PID=44670) to work on /Library/Frameworks/Python.framework/Versions/3.9/lib/python3.9/site-packages/airflow/example_dags/example_branch_day_of_week_operator.py
[2023-01-09T18:34:26.212-0500] {processor.py:743} INFO - Processing file /Library/Frameworks/Python.framework/Versions/3.9/lib/python3.9/site-packages/airflow/example_dags/example_branch_day_of_week_operator.py for tasks to queue
[2023-01-09T18:34:26.212-0500] {logging_mixin.py:137} INFO - [2023-01-09T18:34:26.212-0500] {dagbag.py:538} INFO - Filling up the DagBag from /Library/Frameworks/Python.framework/Versions/3.9/lib/python3.9/site-packages/airflow/example_dags/example_branch_day_of_week_operator.py
[2023-01-09T18:34:26.240-0500] {processor.py:753} INFO - DAG(s) dict_keys(['example_weekday_branch_operator']) retrieved from /Library/Frameworks/Python.framework/Versions/3.9/lib/python3.9/site-packages/airflow/example_dags/example_branch_day_of_week_operator.py
[2023-01-09T18:34:26.957-0500] {logging_mixin.py:137} INFO - [2023-01-09T18:34:26.957-0500] {dag.py:2676} INFO - Sync 1 DAGs
[2023-01-09T18:34:26.976-0500] {logging_mixin.py:137} INFO - [2023-01-09T18:34:26.976-0500] {dag.py:3423} INFO - Setting next_dagrun for example_weekday_branch_operator to 2023-01-08T00:00:00+00:00, run_after=2023-01-09T00:00:00+00:00
[2023-01-09T18:34:26.993-0500] {processor.py:175} INFO - Processing /Library/Frameworks/Python.framework/Versions/3.9/lib/python3.9/site-packages/airflow/example_dags/example_branch_day_of_week_operator.py took 0.787 seconds
[2023-01-09T18:37:06.666-0500] {processor.py:153} INFO - Started process (PID=44803) to work on /Library/Frameworks/Python.framework/Versions/3.9/lib/python3.9/site-packages/airflow/example_dags/example_branch_day_of_week_operator.py
[2023-01-09T18:37:06.672-0500] {processor.py:743} INFO - Processing file /Library/Frameworks/Python.framework/Versions/3.9/lib/python3.9/site-packages/airflow/example_dags/example_branch_day_of_week_operator.py for tasks to queue
[2023-01-09T18:37:06.672-0500] {logging_mixin.py:137} INFO - [2023-01-09T18:37:06.672-0500] {dagbag.py:538} INFO - Filling up the DagBag from /Library/Frameworks/Python.framework/Versions/3.9/lib/python3.9/site-packages/airflow/example_dags/example_branch_day_of_week_operator.py
[2023-01-09T18:37:06.704-0500] {processor.py:753} INFO - DAG(s) dict_keys(['example_weekday_branch_operator']) retrieved from /Library/Frameworks/Python.framework/Versions/3.9/lib/python3.9/site-packages/airflow/example_dags/example_branch_day_of_week_operator.py
[2023-01-09T18:37:07.432-0500] {logging_mixin.py:137} INFO - [2023-01-09T18:37:07.432-0500] {dag.py:2676} INFO - Sync 1 DAGs
[2023-01-09T18:37:07.448-0500] {logging_mixin.py:137} INFO - [2023-01-09T18:37:07.448-0500] {dag.py:3423} INFO - Setting next_dagrun for example_weekday_branch_operator to 2023-01-08T00:00:00+00:00, run_after=2023-01-09T00:00:00+00:00
[2023-01-09T18:37:07.465-0500] {processor.py:175} INFO - Processing /Library/Frameworks/Python.framework/Versions/3.9/lib/python3.9/site-packages/airflow/example_dags/example_branch_day_of_week_operator.py took 0.800 seconds
[2023-01-09T18:37:10.195-0500] {processor.py:153} INFO - Started process (PID=44807) to work on /Library/Frameworks/Python.framework/Versions/3.9/lib/python3.9/site-packages/airflow/example_dags/example_branch_day_of_week_operator.py
[2023-01-09T18:37:10.201-0500] {processor.py:743} INFO - Processing file /Library/Frameworks/Python.framework/Versions/3.9/lib/python3.9/site-packages/airflow/example_dags/example_branch_day_of_week_operator.py for tasks to queue
[2023-01-09T18:37:10.202-0500] {logging_mixin.py:137} INFO - [2023-01-09T18:37:10.202-0500] {dagbag.py:538} INFO - Filling up the DagBag from /Library/Frameworks/Python.framework/Versions/3.9/lib/python3.9/site-packages/airflow/example_dags/example_branch_day_of_week_operator.py
[2023-01-09T18:37:10.246-0500] {processor.py:753} INFO - DAG(s) dict_keys(['example_weekday_branch_operator']) retrieved from /Library/Frameworks/Python.framework/Versions/3.9/lib/python3.9/site-packages/airflow/example_dags/example_branch_day_of_week_operator.py
[2023-01-09T18:37:11.045-0500] {logging_mixin.py:137} INFO - [2023-01-09T18:37:11.044-0500] {dag.py:2676} INFO - Sync 1 DAGs
[2023-01-09T18:37:11.067-0500] {logging_mixin.py:137} INFO - [2023-01-09T18:37:11.067-0500] {dag.py:3423} INFO - Setting next_dagrun for example_weekday_branch_operator to 2023-01-08T00:00:00+00:00, run_after=2023-01-09T00:00:00+00:00
[2023-01-09T18:37:11.092-0500] {processor.py:175} INFO - Processing /Library/Frameworks/Python.framework/Versions/3.9/lib/python3.9/site-packages/airflow/example_dags/example_branch_day_of_week_operator.py took 0.899 seconds
[2023-01-09T18:39:42.520-0500] {processor.py:153} INFO - Started process (PID=45046) to work on /Library/Frameworks/Python.framework/Versions/3.9/lib/python3.9/site-packages/airflow/example_dags/example_branch_day_of_week_operator.py
[2023-01-09T18:39:42.525-0500] {processor.py:743} INFO - Processing file /Library/Frameworks/Python.framework/Versions/3.9/lib/python3.9/site-packages/airflow/example_dags/example_branch_day_of_week_operator.py for tasks to queue
[2023-01-09T18:39:42.525-0500] {logging_mixin.py:137} INFO - [2023-01-09T18:39:42.525-0500] {dagbag.py:538} INFO - Filling up the DagBag from /Library/Frameworks/Python.framework/Versions/3.9/lib/python3.9/site-packages/airflow/example_dags/example_branch_day_of_week_operator.py
[2023-01-09T18:39:42.557-0500] {processor.py:753} INFO - DAG(s) dict_keys(['example_weekday_branch_operator']) retrieved from /Library/Frameworks/Python.framework/Versions/3.9/lib/python3.9/site-packages/airflow/example_dags/example_branch_day_of_week_operator.py
[2023-01-09T18:39:43.261-0500] {logging_mixin.py:137} INFO - [2023-01-09T18:39:43.261-0500] {dag.py:2676} INFO - Sync 1 DAGs
[2023-01-09T18:39:43.278-0500] {logging_mixin.py:137} INFO - [2023-01-09T18:39:43.278-0500] {dag.py:3423} INFO - Setting next_dagrun for example_weekday_branch_operator to 2023-01-08T00:00:00+00:00, run_after=2023-01-09T00:00:00+00:00
[2023-01-09T18:39:43.299-0500] {processor.py:175} INFO - Processing /Library/Frameworks/Python.framework/Versions/3.9/lib/python3.9/site-packages/airflow/example_dags/example_branch_day_of_week_operator.py took 0.780 seconds
[2023-01-09T18:39:45.915-0500] {processor.py:153} INFO - Started process (PID=45049) to work on /Library/Frameworks/Python.framework/Versions/3.9/lib/python3.9/site-packages/airflow/example_dags/example_branch_day_of_week_operator.py
[2023-01-09T18:39:45.920-0500] {processor.py:743} INFO - Processing file /Library/Frameworks/Python.framework/Versions/3.9/lib/python3.9/site-packages/airflow/example_dags/example_branch_day_of_week_operator.py for tasks to queue
[2023-01-09T18:39:45.920-0500] {logging_mixin.py:137} INFO - [2023-01-09T18:39:45.920-0500] {dagbag.py:538} INFO - Filling up the DagBag from /Library/Frameworks/Python.framework/Versions/3.9/lib/python3.9/site-packages/airflow/example_dags/example_branch_day_of_week_operator.py
[2023-01-09T18:39:45.950-0500] {processor.py:753} INFO - DAG(s) dict_keys(['example_weekday_branch_operator']) retrieved from /Library/Frameworks/Python.framework/Versions/3.9/lib/python3.9/site-packages/airflow/example_dags/example_branch_day_of_week_operator.py
[2023-01-09T18:39:46.745-0500] {logging_mixin.py:137} INFO - [2023-01-09T18:39:46.744-0500] {dag.py:2676} INFO - Sync 1 DAGs
[2023-01-09T18:39:46.761-0500] {logging_mixin.py:137} INFO - [2023-01-09T18:39:46.761-0500] {dag.py:3423} INFO - Setting next_dagrun for example_weekday_branch_operator to 2023-01-08T00:00:00+00:00, run_after=2023-01-09T00:00:00+00:00
[2023-01-09T18:39:46.782-0500] {processor.py:175} INFO - Processing /Library/Frameworks/Python.framework/Versions/3.9/lib/python3.9/site-packages/airflow/example_dags/example_branch_day_of_week_operator.py took 0.868 seconds
[2023-01-09T18:42:17.202-0500] {processor.py:153} INFO - Started process (PID=45191) to work on /Library/Frameworks/Python.framework/Versions/3.9/lib/python3.9/site-packages/airflow/example_dags/example_branch_day_of_week_operator.py
[2023-01-09T18:42:17.207-0500] {processor.py:743} INFO - Processing file /Library/Frameworks/Python.framework/Versions/3.9/lib/python3.9/site-packages/airflow/example_dags/example_branch_day_of_week_operator.py for tasks to queue
[2023-01-09T18:42:17.207-0500] {logging_mixin.py:137} INFO - [2023-01-09T18:42:17.207-0500] {dagbag.py:538} INFO - Filling up the DagBag from /Library/Frameworks/Python.framework/Versions/3.9/lib/python3.9/site-packages/airflow/example_dags/example_branch_day_of_week_operator.py
[2023-01-09T18:42:17.237-0500] {processor.py:753} INFO - DAG(s) dict_keys(['example_weekday_branch_operator']) retrieved from /Library/Frameworks/Python.framework/Versions/3.9/lib/python3.9/site-packages/airflow/example_dags/example_branch_day_of_week_operator.py
[2023-01-09T18:42:17.956-0500] {logging_mixin.py:137} INFO - [2023-01-09T18:42:17.956-0500] {dag.py:2676} INFO - Sync 1 DAGs
[2023-01-09T18:42:17.972-0500] {logging_mixin.py:137} INFO - [2023-01-09T18:42:17.972-0500] {dag.py:3423} INFO - Setting next_dagrun for example_weekday_branch_operator to 2023-01-08T00:00:00+00:00, run_after=2023-01-09T00:00:00+00:00
[2023-01-09T18:42:17.993-0500] {processor.py:175} INFO - Processing /Library/Frameworks/Python.framework/Versions/3.9/lib/python3.9/site-packages/airflow/example_dags/example_branch_day_of_week_operator.py took 0.792 seconds
[2023-01-09T18:42:23.814-0500] {processor.py:153} INFO - Started process (PID=45196) to work on /Library/Frameworks/Python.framework/Versions/3.9/lib/python3.9/site-packages/airflow/example_dags/example_branch_day_of_week_operator.py
[2023-01-09T18:42:23.819-0500] {processor.py:743} INFO - Processing file /Library/Frameworks/Python.framework/Versions/3.9/lib/python3.9/site-packages/airflow/example_dags/example_branch_day_of_week_operator.py for tasks to queue
[2023-01-09T18:42:23.819-0500] {logging_mixin.py:137} INFO - [2023-01-09T18:42:23.819-0500] {dagbag.py:538} INFO - Filling up the DagBag from /Library/Frameworks/Python.framework/Versions/3.9/lib/python3.9/site-packages/airflow/example_dags/example_branch_day_of_week_operator.py
[2023-01-09T18:42:23.847-0500] {processor.py:753} INFO - DAG(s) dict_keys(['example_weekday_branch_operator']) retrieved from /Library/Frameworks/Python.framework/Versions/3.9/lib/python3.9/site-packages/airflow/example_dags/example_branch_day_of_week_operator.py
[2023-01-09T18:42:24.575-0500] {logging_mixin.py:137} INFO - [2023-01-09T18:42:24.575-0500] {dag.py:2676} INFO - Sync 1 DAGs
[2023-01-09T18:42:24.594-0500] {logging_mixin.py:137} INFO - [2023-01-09T18:42:24.594-0500] {dag.py:3423} INFO - Setting next_dagrun for example_weekday_branch_operator to 2023-01-08T00:00:00+00:00, run_after=2023-01-09T00:00:00+00:00
[2023-01-09T18:42:24.615-0500] {processor.py:175} INFO - Processing /Library/Frameworks/Python.framework/Versions/3.9/lib/python3.9/site-packages/airflow/example_dags/example_branch_day_of_week_operator.py took 0.801 seconds
[2023-01-09T18:45:11.691-0500] {processor.py:153} INFO - Started process (PID=45425) to work on /Library/Frameworks/Python.framework/Versions/3.9/lib/python3.9/site-packages/airflow/example_dags/example_branch_day_of_week_operator.py
[2023-01-09T18:45:11.697-0500] {processor.py:743} INFO - Processing file /Library/Frameworks/Python.framework/Versions/3.9/lib/python3.9/site-packages/airflow/example_dags/example_branch_day_of_week_operator.py for tasks to queue
[2023-01-09T18:45:11.698-0500] {logging_mixin.py:137} INFO - [2023-01-09T18:45:11.697-0500] {dagbag.py:538} INFO - Filling up the DagBag from /Library/Frameworks/Python.framework/Versions/3.9/lib/python3.9/site-packages/airflow/example_dags/example_branch_day_of_week_operator.py
[2023-01-09T18:45:11.735-0500] {processor.py:753} INFO - DAG(s) dict_keys(['example_weekday_branch_operator']) retrieved from /Library/Frameworks/Python.framework/Versions/3.9/lib/python3.9/site-packages/airflow/example_dags/example_branch_day_of_week_operator.py
[2023-01-09T18:45:12.623-0500] {logging_mixin.py:137} INFO - [2023-01-09T18:45:12.623-0500] {dag.py:2676} INFO - Sync 1 DAGs
[2023-01-09T18:45:12.644-0500] {logging_mixin.py:137} INFO - [2023-01-09T18:45:12.643-0500] {dag.py:3423} INFO - Setting next_dagrun for example_weekday_branch_operator to 2023-01-08T00:00:00+00:00, run_after=2023-01-09T00:00:00+00:00
[2023-01-09T18:45:12.663-0500] {processor.py:175} INFO - Processing /Library/Frameworks/Python.framework/Versions/3.9/lib/python3.9/site-packages/airflow/example_dags/example_branch_day_of_week_operator.py took 0.973 seconds
[2023-01-09T18:45:15.840-0500] {processor.py:153} INFO - Started process (PID=45428) to work on /Library/Frameworks/Python.framework/Versions/3.9/lib/python3.9/site-packages/airflow/example_dags/example_branch_day_of_week_operator.py
[2023-01-09T18:45:15.845-0500] {processor.py:743} INFO - Processing file /Library/Frameworks/Python.framework/Versions/3.9/lib/python3.9/site-packages/airflow/example_dags/example_branch_day_of_week_operator.py for tasks to queue
[2023-01-09T18:45:15.846-0500] {logging_mixin.py:137} INFO - [2023-01-09T18:45:15.846-0500] {dagbag.py:538} INFO - Filling up the DagBag from /Library/Frameworks/Python.framework/Versions/3.9/lib/python3.9/site-packages/airflow/example_dags/example_branch_day_of_week_operator.py
[2023-01-09T18:45:15.888-0500] {processor.py:753} INFO - DAG(s) dict_keys(['example_weekday_branch_operator']) retrieved from /Library/Frameworks/Python.framework/Versions/3.9/lib/python3.9/site-packages/airflow/example_dags/example_branch_day_of_week_operator.py
[2023-01-09T18:45:16.944-0500] {logging_mixin.py:137} INFO - [2023-01-09T18:45:16.943-0500] {dag.py:2676} INFO - Sync 1 DAGs
[2023-01-09T18:45:16.964-0500] {logging_mixin.py:137} INFO - [2023-01-09T18:45:16.963-0500] {dag.py:3423} INFO - Setting next_dagrun for example_weekday_branch_operator to 2023-01-08T00:00:00+00:00, run_after=2023-01-09T00:00:00+00:00
[2023-01-09T18:45:16.985-0500] {processor.py:175} INFO - Processing /Library/Frameworks/Python.framework/Versions/3.9/lib/python3.9/site-packages/airflow/example_dags/example_branch_day_of_week_operator.py took 1.146 seconds
[2023-01-09T18:48:20.804-0500] {processor.py:153} INFO - Started process (PID=45624) to work on /Library/Frameworks/Python.framework/Versions/3.9/lib/python3.9/site-packages/airflow/example_dags/example_branch_day_of_week_operator.py
[2023-01-09T18:48:20.813-0500] {processor.py:743} INFO - Processing file /Library/Frameworks/Python.framework/Versions/3.9/lib/python3.9/site-packages/airflow/example_dags/example_branch_day_of_week_operator.py for tasks to queue
[2023-01-09T18:48:20.814-0500] {logging_mixin.py:137} INFO - [2023-01-09T18:48:20.814-0500] {dagbag.py:538} INFO - Filling up the DagBag from /Library/Frameworks/Python.framework/Versions/3.9/lib/python3.9/site-packages/airflow/example_dags/example_branch_day_of_week_operator.py
[2023-01-09T18:48:20.861-0500] {processor.py:753} INFO - DAG(s) dict_keys(['example_weekday_branch_operator']) retrieved from /Library/Frameworks/Python.framework/Versions/3.9/lib/python3.9/site-packages/airflow/example_dags/example_branch_day_of_week_operator.py
[2023-01-09T18:48:21.873-0500] {logging_mixin.py:137} INFO - [2023-01-09T18:48:21.873-0500] {dag.py:2676} INFO - Sync 1 DAGs
[2023-01-09T18:48:21.893-0500] {logging_mixin.py:137} INFO - [2023-01-09T18:48:21.893-0500] {dag.py:3423} INFO - Setting next_dagrun for example_weekday_branch_operator to 2023-01-08T00:00:00+00:00, run_after=2023-01-09T00:00:00+00:00
[2023-01-09T18:48:21.913-0500] {processor.py:175} INFO - Processing /Library/Frameworks/Python.framework/Versions/3.9/lib/python3.9/site-packages/airflow/example_dags/example_branch_day_of_week_operator.py took 1.110 seconds
[2023-01-09T18:48:29.116-0500] {processor.py:153} INFO - Started process (PID=45657) to work on /Library/Frameworks/Python.framework/Versions/3.9/lib/python3.9/site-packages/airflow/example_dags/example_branch_day_of_week_operator.py
[2023-01-09T18:48:29.123-0500] {processor.py:743} INFO - Processing file /Library/Frameworks/Python.framework/Versions/3.9/lib/python3.9/site-packages/airflow/example_dags/example_branch_day_of_week_operator.py for tasks to queue
[2023-01-09T18:48:29.124-0500] {logging_mixin.py:137} INFO - [2023-01-09T18:48:29.124-0500] {dagbag.py:538} INFO - Filling up the DagBag from /Library/Frameworks/Python.framework/Versions/3.9/lib/python3.9/site-packages/airflow/example_dags/example_branch_day_of_week_operator.py
[2023-01-09T18:48:29.161-0500] {processor.py:753} INFO - DAG(s) dict_keys(['example_weekday_branch_operator']) retrieved from /Library/Frameworks/Python.framework/Versions/3.9/lib/python3.9/site-packages/airflow/example_dags/example_branch_day_of_week_operator.py
[2023-01-09T18:48:30.080-0500] {logging_mixin.py:137} INFO - [2023-01-09T18:48:30.079-0500] {dag.py:2676} INFO - Sync 1 DAGs
[2023-01-09T18:48:30.103-0500] {logging_mixin.py:137} INFO - [2023-01-09T18:48:30.103-0500] {dag.py:3423} INFO - Setting next_dagrun for example_weekday_branch_operator to 2023-01-08T00:00:00+00:00, run_after=2023-01-09T00:00:00+00:00
[2023-01-09T18:48:30.123-0500] {processor.py:175} INFO - Processing /Library/Frameworks/Python.framework/Versions/3.9/lib/python3.9/site-packages/airflow/example_dags/example_branch_day_of_week_operator.py took 1.008 seconds
[2023-01-09T18:51:11.554-0500] {processor.py:153} INFO - Started process (PID=45788) to work on /Library/Frameworks/Python.framework/Versions/3.9/lib/python3.9/site-packages/airflow/example_dags/example_branch_day_of_week_operator.py
[2023-01-09T18:51:11.560-0500] {processor.py:743} INFO - Processing file /Library/Frameworks/Python.framework/Versions/3.9/lib/python3.9/site-packages/airflow/example_dags/example_branch_day_of_week_operator.py for tasks to queue
[2023-01-09T18:51:11.560-0500] {logging_mixin.py:137} INFO - [2023-01-09T18:51:11.560-0500] {dagbag.py:538} INFO - Filling up the DagBag from /Library/Frameworks/Python.framework/Versions/3.9/lib/python3.9/site-packages/airflow/example_dags/example_branch_day_of_week_operator.py
[2023-01-09T18:51:11.590-0500] {processor.py:753} INFO - DAG(s) dict_keys(['example_weekday_branch_operator']) retrieved from /Library/Frameworks/Python.framework/Versions/3.9/lib/python3.9/site-packages/airflow/example_dags/example_branch_day_of_week_operator.py
[2023-01-09T18:51:12.317-0500] {logging_mixin.py:137} INFO - [2023-01-09T18:51:12.317-0500] {dag.py:2676} INFO - Sync 1 DAGs
[2023-01-09T18:51:12.333-0500] {logging_mixin.py:137} INFO - [2023-01-09T18:51:12.333-0500] {dag.py:3423} INFO - Setting next_dagrun for example_weekday_branch_operator to 2023-01-08T00:00:00+00:00, run_after=2023-01-09T00:00:00+00:00
[2023-01-09T18:51:12.350-0500] {processor.py:175} INFO - Processing /Library/Frameworks/Python.framework/Versions/3.9/lib/python3.9/site-packages/airflow/example_dags/example_branch_day_of_week_operator.py took 0.796 seconds
[2023-01-09T18:51:18.586-0500] {processor.py:153} INFO - Started process (PID=45793) to work on /Library/Frameworks/Python.framework/Versions/3.9/lib/python3.9/site-packages/airflow/example_dags/example_branch_day_of_week_operator.py
[2023-01-09T18:51:18.591-0500] {processor.py:743} INFO - Processing file /Library/Frameworks/Python.framework/Versions/3.9/lib/python3.9/site-packages/airflow/example_dags/example_branch_day_of_week_operator.py for tasks to queue
[2023-01-09T18:51:18.591-0500] {logging_mixin.py:137} INFO - [2023-01-09T18:51:18.591-0500] {dagbag.py:538} INFO - Filling up the DagBag from /Library/Frameworks/Python.framework/Versions/3.9/lib/python3.9/site-packages/airflow/example_dags/example_branch_day_of_week_operator.py
[2023-01-09T18:51:18.618-0500] {processor.py:753} INFO - DAG(s) dict_keys(['example_weekday_branch_operator']) retrieved from /Library/Frameworks/Python.framework/Versions/3.9/lib/python3.9/site-packages/airflow/example_dags/example_branch_day_of_week_operator.py
[2023-01-09T18:51:19.319-0500] {logging_mixin.py:137} INFO - [2023-01-09T18:51:19.318-0500] {dag.py:2676} INFO - Sync 1 DAGs
[2023-01-09T18:51:19.335-0500] {logging_mixin.py:137} INFO - [2023-01-09T18:51:19.335-0500] {dag.py:3423} INFO - Setting next_dagrun for example_weekday_branch_operator to 2023-01-08T00:00:00+00:00, run_after=2023-01-09T00:00:00+00:00
[2023-01-09T18:51:19.351-0500] {processor.py:175} INFO - Processing /Library/Frameworks/Python.framework/Versions/3.9/lib/python3.9/site-packages/airflow/example_dags/example_branch_day_of_week_operator.py took 0.767 seconds
[2023-01-09T18:54:43.973-0500] {processor.py:153} INFO - Started process (PID=45963) to work on /Library/Frameworks/Python.framework/Versions/3.9/lib/python3.9/site-packages/airflow/example_dags/example_branch_day_of_week_operator.py
[2023-01-09T18:54:43.999-0500] {processor.py:743} INFO - Processing file /Library/Frameworks/Python.framework/Versions/3.9/lib/python3.9/site-packages/airflow/example_dags/example_branch_day_of_week_operator.py for tasks to queue
[2023-01-09T18:54:44.007-0500] {logging_mixin.py:137} INFO - [2023-01-09T18:54:44.007-0500] {dagbag.py:538} INFO - Filling up the DagBag from /Library/Frameworks/Python.framework/Versions/3.9/lib/python3.9/site-packages/airflow/example_dags/example_branch_day_of_week_operator.py
[2023-01-09T18:54:44.065-0500] {processor.py:753} INFO - DAG(s) dict_keys(['example_weekday_branch_operator']) retrieved from /Library/Frameworks/Python.framework/Versions/3.9/lib/python3.9/site-packages/airflow/example_dags/example_branch_day_of_week_operator.py
[2023-01-09T18:54:52.139-0500] {logging_mixin.py:137} INFO - [2023-01-09T18:54:52.139-0500] {dag.py:2676} INFO - Sync 1 DAGs
[2023-01-09T18:54:52.181-0500] {logging_mixin.py:137} INFO - [2023-01-09T18:54:52.180-0500] {dag.py:3423} INFO - Setting next_dagrun for example_weekday_branch_operator to 2023-01-08T00:00:00+00:00, run_after=2023-01-09T00:00:00+00:00
[2023-01-09T18:54:52.251-0500] {processor.py:175} INFO - Processing /Library/Frameworks/Python.framework/Versions/3.9/lib/python3.9/site-packages/airflow/example_dags/example_branch_day_of_week_operator.py took 8.278 seconds
[2023-01-09T18:55:07.650-0500] {processor.py:153} INFO - Started process (PID=45985) to work on /Library/Frameworks/Python.framework/Versions/3.9/lib/python3.9/site-packages/airflow/example_dags/example_branch_day_of_week_operator.py
[2023-01-09T18:55:07.660-0500] {processor.py:743} INFO - Processing file /Library/Frameworks/Python.framework/Versions/3.9/lib/python3.9/site-packages/airflow/example_dags/example_branch_day_of_week_operator.py for tasks to queue
[2023-01-09T18:55:07.660-0500] {logging_mixin.py:137} INFO - [2023-01-09T18:55:07.660-0500] {dagbag.py:538} INFO - Filling up the DagBag from /Library/Frameworks/Python.framework/Versions/3.9/lib/python3.9/site-packages/airflow/example_dags/example_branch_day_of_week_operator.py
[2023-01-09T18:55:07.724-0500] {processor.py:753} INFO - DAG(s) dict_keys(['example_weekday_branch_operator']) retrieved from /Library/Frameworks/Python.framework/Versions/3.9/lib/python3.9/site-packages/airflow/example_dags/example_branch_day_of_week_operator.py
[2023-01-09T18:55:09.654-0500] {logging_mixin.py:137} INFO - [2023-01-09T18:55:09.654-0500] {dag.py:2676} INFO - Sync 1 DAGs
[2023-01-09T18:55:09.680-0500] {logging_mixin.py:137} INFO - [2023-01-09T18:55:09.680-0500] {dag.py:3423} INFO - Setting next_dagrun for example_weekday_branch_operator to 2023-01-08T00:00:00+00:00, run_after=2023-01-09T00:00:00+00:00
[2023-01-09T18:55:09.705-0500] {processor.py:175} INFO - Processing /Library/Frameworks/Python.framework/Versions/3.9/lib/python3.9/site-packages/airflow/example_dags/example_branch_day_of_week_operator.py took 2.057 seconds
[2023-01-09T18:59:34.804-0500] {processor.py:153} INFO - Started process (PID=46201) to work on /Library/Frameworks/Python.framework/Versions/3.9/lib/python3.9/site-packages/airflow/example_dags/example_branch_day_of_week_operator.py
[2023-01-09T18:59:34.810-0500] {processor.py:743} INFO - Processing file /Library/Frameworks/Python.framework/Versions/3.9/lib/python3.9/site-packages/airflow/example_dags/example_branch_day_of_week_operator.py for tasks to queue
[2023-01-09T18:59:34.811-0500] {logging_mixin.py:137} INFO - [2023-01-09T18:59:34.811-0500] {dagbag.py:538} INFO - Filling up the DagBag from /Library/Frameworks/Python.framework/Versions/3.9/lib/python3.9/site-packages/airflow/example_dags/example_branch_day_of_week_operator.py
[2023-01-09T18:59:34.852-0500] {processor.py:753} INFO - DAG(s) dict_keys(['example_weekday_branch_operator']) retrieved from /Library/Frameworks/Python.framework/Versions/3.9/lib/python3.9/site-packages/airflow/example_dags/example_branch_day_of_week_operator.py
[2023-01-09T18:59:35.912-0500] {logging_mixin.py:137} INFO - [2023-01-09T18:59:35.912-0500] {dag.py:2676} INFO - Sync 1 DAGs
[2023-01-09T18:59:35.946-0500] {logging_mixin.py:137} INFO - [2023-01-09T18:59:35.945-0500] {dag.py:3423} INFO - Setting next_dagrun for example_weekday_branch_operator to 2023-01-08T00:00:00+00:00, run_after=2023-01-09T00:00:00+00:00
[2023-01-09T18:59:35.985-0500] {processor.py:175} INFO - Processing /Library/Frameworks/Python.framework/Versions/3.9/lib/python3.9/site-packages/airflow/example_dags/example_branch_day_of_week_operator.py took 1.182 seconds
[2023-01-09T18:59:46.241-0500] {processor.py:153} INFO - Started process (PID=46208) to work on /Library/Frameworks/Python.framework/Versions/3.9/lib/python3.9/site-packages/airflow/example_dags/example_branch_day_of_week_operator.py
[2023-01-09T18:59:46.249-0500] {processor.py:743} INFO - Processing file /Library/Frameworks/Python.framework/Versions/3.9/lib/python3.9/site-packages/airflow/example_dags/example_branch_day_of_week_operator.py for tasks to queue
[2023-01-09T18:59:46.250-0500] {logging_mixin.py:137} INFO - [2023-01-09T18:59:46.250-0500] {dagbag.py:538} INFO - Filling up the DagBag from /Library/Frameworks/Python.framework/Versions/3.9/lib/python3.9/site-packages/airflow/example_dags/example_branch_day_of_week_operator.py
[2023-01-09T18:59:46.294-0500] {processor.py:753} INFO - DAG(s) dict_keys(['example_weekday_branch_operator']) retrieved from /Library/Frameworks/Python.framework/Versions/3.9/lib/python3.9/site-packages/airflow/example_dags/example_branch_day_of_week_operator.py
[2023-01-09T18:59:47.189-0500] {logging_mixin.py:137} INFO - [2023-01-09T18:59:47.189-0500] {dag.py:2676} INFO - Sync 1 DAGs
[2023-01-09T18:59:47.211-0500] {logging_mixin.py:137} INFO - [2023-01-09T18:59:47.211-0500] {dag.py:3423} INFO - Setting next_dagrun for example_weekday_branch_operator to 2023-01-08T00:00:00+00:00, run_after=2023-01-09T00:00:00+00:00
[2023-01-09T18:59:47.232-0500] {processor.py:175} INFO - Processing /Library/Frameworks/Python.framework/Versions/3.9/lib/python3.9/site-packages/airflow/example_dags/example_branch_day_of_week_operator.py took 0.992 seconds
