[2023-01-09T16:47:29.488-0500] {processor.py:153} INFO - Started process (PID=39174) to work on /Library/Frameworks/Python.framework/Versions/3.9/lib/python3.9/site-packages/airflow/example_dags/example_dag_decorator.py
[2023-01-09T16:47:29.494-0500] {processor.py:743} INFO - Processing file /Library/Frameworks/Python.framework/Versions/3.9/lib/python3.9/site-packages/airflow/example_dags/example_dag_decorator.py for tasks to queue
[2023-01-09T16:47:29.494-0500] {logging_mixin.py:137} INFO - [2023-01-09T16:47:29.494-0500] {dagbag.py:538} INFO - Filling up the DagBag from /Library/Frameworks/Python.framework/Versions/3.9/lib/python3.9/site-packages/airflow/example_dags/example_dag_decorator.py
[2023-01-09T16:47:29.728-0500] {logging_mixin.py:137} INFO - [2023-01-09T16:47:29.728-0500] {taskmixin.py:205} WARNING - Dependency <Task(_PythonDecoratedOperator): prepare_email>, send_email already registered for DAG: example_dag_decorator
[2023-01-09T16:47:29.728-0500] {logging_mixin.py:137} INFO - [2023-01-09T16:47:29.728-0500] {taskmixin.py:205} WARNING - Dependency <Task(EmailOperator): send_email>, prepare_email already registered for DAG: example_dag_decorator
[2023-01-09T16:47:29.761-0500] {processor.py:753} INFO - DAG(s) dict_keys(['example_dag_decorator']) retrieved from /Library/Frameworks/Python.framework/Versions/3.9/lib/python3.9/site-packages/airflow/example_dags/example_dag_decorator.py
[2023-01-09T16:47:30.353-0500] {logging_mixin.py:137} INFO - [2023-01-09T16:47:30.353-0500] {manager.py:504} INFO - Created Permission View: can read on DAG:example_dag_decorator
[2023-01-09T16:47:30.360-0500] {logging_mixin.py:137} INFO - [2023-01-09T16:47:30.360-0500] {manager.py:504} INFO - Created Permission View: can delete on DAG:example_dag_decorator
[2023-01-09T16:47:30.366-0500] {logging_mixin.py:137} INFO - [2023-01-09T16:47:30.366-0500] {manager.py:504} INFO - Created Permission View: can edit on DAG:example_dag_decorator
[2023-01-09T16:47:30.366-0500] {logging_mixin.py:137} INFO - [2023-01-09T16:47:30.366-0500] {dag.py:2676} INFO - Sync 1 DAGs
[2023-01-09T16:47:30.376-0500] {logging_mixin.py:137} INFO - [2023-01-09T16:47:30.376-0500] {dag.py:2697} INFO - Creating ORM DAG for example_dag_decorator
[2023-01-09T16:47:30.384-0500] {logging_mixin.py:137} INFO - [2023-01-09T16:47:30.384-0500] {dag.py:3423} INFO - Setting next_dagrun for example_dag_decorator to None, run_after=None
[2023-01-09T16:47:30.401-0500] {processor.py:175} INFO - Processing /Library/Frameworks/Python.framework/Versions/3.9/lib/python3.9/site-packages/airflow/example_dags/example_dag_decorator.py took 0.913 seconds
[2023-01-09T16:50:20.155-0500] {processor.py:153} INFO - Started process (PID=39304) to work on /Library/Frameworks/Python.framework/Versions/3.9/lib/python3.9/site-packages/airflow/example_dags/example_dag_decorator.py
[2023-01-09T16:50:20.160-0500] {processor.py:743} INFO - Processing file /Library/Frameworks/Python.framework/Versions/3.9/lib/python3.9/site-packages/airflow/example_dags/example_dag_decorator.py for tasks to queue
[2023-01-09T16:50:20.161-0500] {logging_mixin.py:137} INFO - [2023-01-09T16:50:20.160-0500] {dagbag.py:538} INFO - Filling up the DagBag from /Library/Frameworks/Python.framework/Versions/3.9/lib/python3.9/site-packages/airflow/example_dags/example_dag_decorator.py
[2023-01-09T16:50:20.392-0500] {logging_mixin.py:137} INFO - [2023-01-09T16:50:20.391-0500] {taskmixin.py:205} WARNING - Dependency <Task(_PythonDecoratedOperator): prepare_email>, send_email already registered for DAG: example_dag_decorator
[2023-01-09T16:50:20.392-0500] {logging_mixin.py:137} INFO - [2023-01-09T16:50:20.392-0500] {taskmixin.py:205} WARNING - Dependency <Task(EmailOperator): send_email>, prepare_email already registered for DAG: example_dag_decorator
[2023-01-09T16:50:20.428-0500] {processor.py:753} INFO - DAG(s) dict_keys(['example_dag_decorator']) retrieved from /Library/Frameworks/Python.framework/Versions/3.9/lib/python3.9/site-packages/airflow/example_dags/example_dag_decorator.py
[2023-01-09T16:50:21.025-0500] {logging_mixin.py:137} INFO - [2023-01-09T16:50:21.024-0500] {dag.py:2676} INFO - Sync 1 DAGs
[2023-01-09T16:50:21.038-0500] {logging_mixin.py:137} INFO - [2023-01-09T16:50:21.038-0500] {dag.py:3423} INFO - Setting next_dagrun for example_dag_decorator to None, run_after=None
[2023-01-09T16:50:21.057-0500] {processor.py:175} INFO - Processing /Library/Frameworks/Python.framework/Versions/3.9/lib/python3.9/site-packages/airflow/example_dags/example_dag_decorator.py took 0.903 seconds
[2023-01-09T16:53:11.003-0500] {processor.py:153} INFO - Started process (PID=39402) to work on /Library/Frameworks/Python.framework/Versions/3.9/lib/python3.9/site-packages/airflow/example_dags/example_dag_decorator.py
[2023-01-09T16:53:11.008-0500] {processor.py:743} INFO - Processing file /Library/Frameworks/Python.framework/Versions/3.9/lib/python3.9/site-packages/airflow/example_dags/example_dag_decorator.py for tasks to queue
[2023-01-09T16:53:11.008-0500] {logging_mixin.py:137} INFO - [2023-01-09T16:53:11.008-0500] {dagbag.py:538} INFO - Filling up the DagBag from /Library/Frameworks/Python.framework/Versions/3.9/lib/python3.9/site-packages/airflow/example_dags/example_dag_decorator.py
[2023-01-09T16:53:11.260-0500] {logging_mixin.py:137} INFO - [2023-01-09T16:53:11.260-0500] {taskmixin.py:205} WARNING - Dependency <Task(_PythonDecoratedOperator): prepare_email>, send_email already registered for DAG: example_dag_decorator
[2023-01-09T16:53:11.260-0500] {logging_mixin.py:137} INFO - [2023-01-09T16:53:11.260-0500] {taskmixin.py:205} WARNING - Dependency <Task(EmailOperator): send_email>, prepare_email already registered for DAG: example_dag_decorator
[2023-01-09T16:53:11.298-0500] {processor.py:753} INFO - DAG(s) dict_keys(['example_dag_decorator']) retrieved from /Library/Frameworks/Python.framework/Versions/3.9/lib/python3.9/site-packages/airflow/example_dags/example_dag_decorator.py
[2023-01-09T16:53:11.865-0500] {logging_mixin.py:137} INFO - [2023-01-09T16:53:11.864-0500] {dag.py:2676} INFO - Sync 1 DAGs
[2023-01-09T16:53:11.880-0500] {logging_mixin.py:137} INFO - [2023-01-09T16:53:11.880-0500] {dag.py:3423} INFO - Setting next_dagrun for example_dag_decorator to None, run_after=None
[2023-01-09T16:53:11.899-0500] {processor.py:175} INFO - Processing /Library/Frameworks/Python.framework/Versions/3.9/lib/python3.9/site-packages/airflow/example_dags/example_dag_decorator.py took 0.897 seconds
[2023-01-09T16:55:55.650-0500] {processor.py:153} INFO - Started process (PID=39594) to work on /Library/Frameworks/Python.framework/Versions/3.9/lib/python3.9/site-packages/airflow/example_dags/example_dag_decorator.py
[2023-01-09T16:55:55.654-0500] {processor.py:743} INFO - Processing file /Library/Frameworks/Python.framework/Versions/3.9/lib/python3.9/site-packages/airflow/example_dags/example_dag_decorator.py for tasks to queue
[2023-01-09T16:55:55.655-0500] {logging_mixin.py:137} INFO - [2023-01-09T16:55:55.655-0500] {dagbag.py:538} INFO - Filling up the DagBag from /Library/Frameworks/Python.framework/Versions/3.9/lib/python3.9/site-packages/airflow/example_dags/example_dag_decorator.py
[2023-01-09T16:55:55.886-0500] {logging_mixin.py:137} INFO - [2023-01-09T16:55:55.886-0500] {taskmixin.py:205} WARNING - Dependency <Task(_PythonDecoratedOperator): prepare_email>, send_email already registered for DAG: example_dag_decorator
[2023-01-09T16:55:55.886-0500] {logging_mixin.py:137} INFO - [2023-01-09T16:55:55.886-0500] {taskmixin.py:205} WARNING - Dependency <Task(EmailOperator): send_email>, prepare_email already registered for DAG: example_dag_decorator
[2023-01-09T16:55:55.923-0500] {processor.py:753} INFO - DAG(s) dict_keys(['example_dag_decorator']) retrieved from /Library/Frameworks/Python.framework/Versions/3.9/lib/python3.9/site-packages/airflow/example_dags/example_dag_decorator.py
[2023-01-09T16:55:56.507-0500] {logging_mixin.py:137} INFO - [2023-01-09T16:55:56.507-0500] {dag.py:2676} INFO - Sync 1 DAGs
[2023-01-09T16:55:56.521-0500] {logging_mixin.py:137} INFO - [2023-01-09T16:55:56.521-0500] {dag.py:3423} INFO - Setting next_dagrun for example_dag_decorator to None, run_after=None
[2023-01-09T16:55:56.540-0500] {processor.py:175} INFO - Processing /Library/Frameworks/Python.framework/Versions/3.9/lib/python3.9/site-packages/airflow/example_dags/example_dag_decorator.py took 0.891 seconds
[2023-01-09T16:57:58.028-0500] {processor.py:153} INFO - Started process (PID=40996) to work on /Library/Frameworks/Python.framework/Versions/3.9/lib/python3.9/site-packages/airflow/example_dags/example_dag_decorator.py
[2023-01-09T16:57:58.033-0500] {processor.py:743} INFO - Processing file /Library/Frameworks/Python.framework/Versions/3.9/lib/python3.9/site-packages/airflow/example_dags/example_dag_decorator.py for tasks to queue
[2023-01-09T16:57:58.034-0500] {logging_mixin.py:137} INFO - [2023-01-09T16:57:58.034-0500] {dagbag.py:538} INFO - Filling up the DagBag from /Library/Frameworks/Python.framework/Versions/3.9/lib/python3.9/site-packages/airflow/example_dags/example_dag_decorator.py
[2023-01-09T16:57:58.260-0500] {logging_mixin.py:137} INFO - [2023-01-09T16:57:58.260-0500] {taskmixin.py:205} WARNING - Dependency <Task(_PythonDecoratedOperator): prepare_email>, send_email already registered for DAG: example_dag_decorator
[2023-01-09T16:57:58.260-0500] {logging_mixin.py:137} INFO - [2023-01-09T16:57:58.260-0500] {taskmixin.py:205} WARNING - Dependency <Task(EmailOperator): send_email>, prepare_email already registered for DAG: example_dag_decorator
[2023-01-09T16:57:58.299-0500] {processor.py:753} INFO - DAG(s) dict_keys(['example_dag_decorator']) retrieved from /Library/Frameworks/Python.framework/Versions/3.9/lib/python3.9/site-packages/airflow/example_dags/example_dag_decorator.py
[2023-01-09T16:57:58.898-0500] {logging_mixin.py:137} INFO - [2023-01-09T16:57:58.897-0500] {dag.py:2676} INFO - Sync 1 DAGs
[2023-01-09T16:57:58.912-0500] {logging_mixin.py:137} INFO - [2023-01-09T16:57:58.912-0500] {dag.py:3423} INFO - Setting next_dagrun for example_dag_decorator to None, run_after=None
[2023-01-09T16:57:58.932-0500] {processor.py:175} INFO - Processing /Library/Frameworks/Python.framework/Versions/3.9/lib/python3.9/site-packages/airflow/example_dags/example_dag_decorator.py took 0.904 seconds
[2023-01-09T17:00:42.501-0500] {processor.py:153} INFO - Started process (PID=41302) to work on /Library/Frameworks/Python.framework/Versions/3.9/lib/python3.9/site-packages/airflow/example_dags/example_dag_decorator.py
[2023-01-09T17:00:45.992-0500] {processor.py:743} INFO - Processing file /Library/Frameworks/Python.framework/Versions/3.9/lib/python3.9/site-packages/airflow/example_dags/example_dag_decorator.py for tasks to queue
[2023-01-09T17:00:46.064-0500] {logging_mixin.py:137} INFO - [2023-01-09T17:00:46.063-0500] {dagbag.py:538} INFO - Filling up the DagBag from /Library/Frameworks/Python.framework/Versions/3.9/lib/python3.9/site-packages/airflow/example_dags/example_dag_decorator.py
[2023-01-09T17:00:46.360-0500] {logging_mixin.py:137} INFO - [2023-01-09T17:00:46.360-0500] {taskmixin.py:205} WARNING - Dependency <Task(_PythonDecoratedOperator): prepare_email>, send_email already registered for DAG: example_dag_decorator
[2023-01-09T17:00:46.361-0500] {logging_mixin.py:137} INFO - [2023-01-09T17:00:46.361-0500] {taskmixin.py:205} WARNING - Dependency <Task(EmailOperator): send_email>, prepare_email already registered for DAG: example_dag_decorator
[2023-01-09T17:00:46.399-0500] {processor.py:753} INFO - DAG(s) dict_keys(['example_dag_decorator']) retrieved from /Library/Frameworks/Python.framework/Versions/3.9/lib/python3.9/site-packages/airflow/example_dags/example_dag_decorator.py
[2023-01-09T17:00:47.003-0500] {logging_mixin.py:137} INFO - [2023-01-09T17:00:47.002-0500] {dag.py:2676} INFO - Sync 1 DAGs
[2023-01-09T17:00:47.018-0500] {logging_mixin.py:137} INFO - [2023-01-09T17:00:47.017-0500] {dag.py:3423} INFO - Setting next_dagrun for example_dag_decorator to None, run_after=None
[2023-01-09T17:00:47.036-0500] {processor.py:175} INFO - Processing /Library/Frameworks/Python.framework/Versions/3.9/lib/python3.9/site-packages/airflow/example_dags/example_dag_decorator.py took 4.537 seconds
[2023-01-09T17:03:56.477-0500] {processor.py:153} INFO - Started process (PID=41549) to work on /Library/Frameworks/Python.framework/Versions/3.9/lib/python3.9/site-packages/airflow/example_dags/example_dag_decorator.py
[2023-01-09T17:03:56.483-0500] {processor.py:743} INFO - Processing file /Library/Frameworks/Python.framework/Versions/3.9/lib/python3.9/site-packages/airflow/example_dags/example_dag_decorator.py for tasks to queue
[2023-01-09T17:03:56.483-0500] {logging_mixin.py:137} INFO - [2023-01-09T17:03:56.483-0500] {dagbag.py:538} INFO - Filling up the DagBag from /Library/Frameworks/Python.framework/Versions/3.9/lib/python3.9/site-packages/airflow/example_dags/example_dag_decorator.py
[2023-01-09T17:03:56.715-0500] {logging_mixin.py:137} INFO - [2023-01-09T17:03:56.714-0500] {taskmixin.py:205} WARNING - Dependency <Task(_PythonDecoratedOperator): prepare_email>, send_email already registered for DAG: example_dag_decorator
[2023-01-09T17:03:56.715-0500] {logging_mixin.py:137} INFO - [2023-01-09T17:03:56.715-0500] {taskmixin.py:205} WARNING - Dependency <Task(EmailOperator): send_email>, prepare_email already registered for DAG: example_dag_decorator
[2023-01-09T17:03:56.761-0500] {processor.py:753} INFO - DAG(s) dict_keys(['example_dag_decorator']) retrieved from /Library/Frameworks/Python.framework/Versions/3.9/lib/python3.9/site-packages/airflow/example_dags/example_dag_decorator.py
[2023-01-09T17:03:57.510-0500] {logging_mixin.py:137} INFO - [2023-01-09T17:03:57.510-0500] {dag.py:2676} INFO - Sync 1 DAGs
[2023-01-09T17:03:57.524-0500] {logging_mixin.py:137} INFO - [2023-01-09T17:03:57.524-0500] {dag.py:3423} INFO - Setting next_dagrun for example_dag_decorator to None, run_after=None
[2023-01-09T17:03:57.544-0500] {processor.py:175} INFO - Processing /Library/Frameworks/Python.framework/Versions/3.9/lib/python3.9/site-packages/airflow/example_dags/example_dag_decorator.py took 1.067 seconds
[2023-01-09T17:06:54.085-0500] {processor.py:153} INFO - Started process (PID=41900) to work on /Library/Frameworks/Python.framework/Versions/3.9/lib/python3.9/site-packages/airflow/example_dags/example_dag_decorator.py
[2023-01-09T17:06:54.091-0500] {processor.py:743} INFO - Processing file /Library/Frameworks/Python.framework/Versions/3.9/lib/python3.9/site-packages/airflow/example_dags/example_dag_decorator.py for tasks to queue
[2023-01-09T17:06:54.092-0500] {logging_mixin.py:137} INFO - [2023-01-09T17:06:54.091-0500] {dagbag.py:538} INFO - Filling up the DagBag from /Library/Frameworks/Python.framework/Versions/3.9/lib/python3.9/site-packages/airflow/example_dags/example_dag_decorator.py
[2023-01-09T17:06:54.328-0500] {logging_mixin.py:137} INFO - [2023-01-09T17:06:54.328-0500] {taskmixin.py:205} WARNING - Dependency <Task(_PythonDecoratedOperator): prepare_email>, send_email already registered for DAG: example_dag_decorator
[2023-01-09T17:06:54.329-0500] {logging_mixin.py:137} INFO - [2023-01-09T17:06:54.329-0500] {taskmixin.py:205} WARNING - Dependency <Task(EmailOperator): send_email>, prepare_email already registered for DAG: example_dag_decorator
[2023-01-09T17:06:54.365-0500] {processor.py:753} INFO - DAG(s) dict_keys(['example_dag_decorator']) retrieved from /Library/Frameworks/Python.framework/Versions/3.9/lib/python3.9/site-packages/airflow/example_dags/example_dag_decorator.py
[2023-01-09T17:06:54.928-0500] {logging_mixin.py:137} INFO - [2023-01-09T17:06:54.928-0500] {dag.py:2676} INFO - Sync 1 DAGs
[2023-01-09T17:06:54.943-0500] {logging_mixin.py:137} INFO - [2023-01-09T17:06:54.943-0500] {dag.py:3423} INFO - Setting next_dagrun for example_dag_decorator to None, run_after=None
[2023-01-09T17:06:54.962-0500] {processor.py:175} INFO - Processing /Library/Frameworks/Python.framework/Versions/3.9/lib/python3.9/site-packages/airflow/example_dags/example_dag_decorator.py took 0.878 seconds
[2023-01-09T17:09:41.800-0500] {processor.py:153} INFO - Started process (PID=42162) to work on /Library/Frameworks/Python.framework/Versions/3.9/lib/python3.9/site-packages/airflow/example_dags/example_dag_decorator.py
[2023-01-09T17:09:41.806-0500] {processor.py:743} INFO - Processing file /Library/Frameworks/Python.framework/Versions/3.9/lib/python3.9/site-packages/airflow/example_dags/example_dag_decorator.py for tasks to queue
[2023-01-09T17:09:41.806-0500] {logging_mixin.py:137} INFO - [2023-01-09T17:09:41.806-0500] {dagbag.py:538} INFO - Filling up the DagBag from /Library/Frameworks/Python.framework/Versions/3.9/lib/python3.9/site-packages/airflow/example_dags/example_dag_decorator.py
[2023-01-09T17:09:42.101-0500] {logging_mixin.py:137} INFO - [2023-01-09T17:09:42.100-0500] {taskmixin.py:205} WARNING - Dependency <Task(_PythonDecoratedOperator): prepare_email>, send_email already registered for DAG: example_dag_decorator
[2023-01-09T17:09:42.101-0500] {logging_mixin.py:137} INFO - [2023-01-09T17:09:42.101-0500] {taskmixin.py:205} WARNING - Dependency <Task(EmailOperator): send_email>, prepare_email already registered for DAG: example_dag_decorator
[2023-01-09T17:09:42.139-0500] {processor.py:753} INFO - DAG(s) dict_keys(['example_dag_decorator']) retrieved from /Library/Frameworks/Python.framework/Versions/3.9/lib/python3.9/site-packages/airflow/example_dags/example_dag_decorator.py
[2023-01-09T17:09:42.718-0500] {logging_mixin.py:137} INFO - [2023-01-09T17:09:42.717-0500] {dag.py:2676} INFO - Sync 1 DAGs
[2023-01-09T17:09:42.733-0500] {logging_mixin.py:137} INFO - [2023-01-09T17:09:42.733-0500] {dag.py:3423} INFO - Setting next_dagrun for example_dag_decorator to None, run_after=None
[2023-01-09T17:09:42.757-0500] {processor.py:175} INFO - Processing /Library/Frameworks/Python.framework/Versions/3.9/lib/python3.9/site-packages/airflow/example_dags/example_dag_decorator.py took 0.958 seconds
[2023-01-09T17:12:26.395-0500] {processor.py:153} INFO - Started process (PID=42459) to work on /Library/Frameworks/Python.framework/Versions/3.9/lib/python3.9/site-packages/airflow/example_dags/example_dag_decorator.py
[2023-01-09T17:12:26.400-0500] {processor.py:743} INFO - Processing file /Library/Frameworks/Python.framework/Versions/3.9/lib/python3.9/site-packages/airflow/example_dags/example_dag_decorator.py for tasks to queue
[2023-01-09T17:12:26.400-0500] {logging_mixin.py:137} INFO - [2023-01-09T17:12:26.400-0500] {dagbag.py:538} INFO - Filling up the DagBag from /Library/Frameworks/Python.framework/Versions/3.9/lib/python3.9/site-packages/airflow/example_dags/example_dag_decorator.py
[2023-01-09T17:12:26.623-0500] {logging_mixin.py:137} INFO - [2023-01-09T17:12:26.623-0500] {taskmixin.py:205} WARNING - Dependency <Task(_PythonDecoratedOperator): prepare_email>, send_email already registered for DAG: example_dag_decorator
[2023-01-09T17:12:26.623-0500] {logging_mixin.py:137} INFO - [2023-01-09T17:12:26.623-0500] {taskmixin.py:205} WARNING - Dependency <Task(EmailOperator): send_email>, prepare_email already registered for DAG: example_dag_decorator
[2023-01-09T17:12:26.655-0500] {processor.py:753} INFO - DAG(s) dict_keys(['example_dag_decorator']) retrieved from /Library/Frameworks/Python.framework/Versions/3.9/lib/python3.9/site-packages/airflow/example_dags/example_dag_decorator.py
[2023-01-09T17:12:27.170-0500] {logging_mixin.py:137} INFO - [2023-01-09T17:12:27.169-0500] {dag.py:2676} INFO - Sync 1 DAGs
[2023-01-09T17:12:27.184-0500] {logging_mixin.py:137} INFO - [2023-01-09T17:12:27.184-0500] {dag.py:3423} INFO - Setting next_dagrun for example_dag_decorator to None, run_after=None
[2023-01-09T17:12:27.203-0500] {processor.py:175} INFO - Processing /Library/Frameworks/Python.framework/Versions/3.9/lib/python3.9/site-packages/airflow/example_dags/example_dag_decorator.py took 0.810 seconds
[2023-01-09T17:13:27.477-0500] {processor.py:153} INFO - Started process (PID=42579) to work on /Library/Frameworks/Python.framework/Versions/3.9/lib/python3.9/site-packages/airflow/example_dags/example_dag_decorator.py
[2023-01-09T17:13:27.482-0500] {processor.py:743} INFO - Processing file /Library/Frameworks/Python.framework/Versions/3.9/lib/python3.9/site-packages/airflow/example_dags/example_dag_decorator.py for tasks to queue
[2023-01-09T17:13:27.483-0500] {logging_mixin.py:137} INFO - [2023-01-09T17:13:27.483-0500] {dagbag.py:538} INFO - Filling up the DagBag from /Library/Frameworks/Python.framework/Versions/3.9/lib/python3.9/site-packages/airflow/example_dags/example_dag_decorator.py
[2023-01-09T17:13:27.705-0500] {logging_mixin.py:137} INFO - [2023-01-09T17:13:27.705-0500] {taskmixin.py:205} WARNING - Dependency <Task(_PythonDecoratedOperator): prepare_email>, send_email already registered for DAG: example_dag_decorator
[2023-01-09T17:13:27.705-0500] {logging_mixin.py:137} INFO - [2023-01-09T17:13:27.705-0500] {taskmixin.py:205} WARNING - Dependency <Task(EmailOperator): send_email>, prepare_email already registered for DAG: example_dag_decorator
[2023-01-09T17:13:27.738-0500] {processor.py:753} INFO - DAG(s) dict_keys(['example_dag_decorator']) retrieved from /Library/Frameworks/Python.framework/Versions/3.9/lib/python3.9/site-packages/airflow/example_dags/example_dag_decorator.py
[2023-01-09T17:13:28.233-0500] {logging_mixin.py:137} INFO - [2023-01-09T17:13:28.232-0500] {dag.py:2676} INFO - Sync 1 DAGs
[2023-01-09T17:13:28.247-0500] {logging_mixin.py:137} INFO - [2023-01-09T17:13:28.247-0500] {dag.py:3423} INFO - Setting next_dagrun for example_dag_decorator to None, run_after=None
[2023-01-09T17:13:28.264-0500] {processor.py:175} INFO - Processing /Library/Frameworks/Python.framework/Versions/3.9/lib/python3.9/site-packages/airflow/example_dags/example_dag_decorator.py took 0.788 seconds
[2023-01-09T17:15:10.725-0500] {processor.py:153} INFO - Started process (PID=42696) to work on /Library/Frameworks/Python.framework/Versions/3.9/lib/python3.9/site-packages/airflow/example_dags/example_dag_decorator.py
[2023-01-09T17:15:10.731-0500] {processor.py:743} INFO - Processing file /Library/Frameworks/Python.framework/Versions/3.9/lib/python3.9/site-packages/airflow/example_dags/example_dag_decorator.py for tasks to queue
[2023-01-09T17:15:10.731-0500] {logging_mixin.py:137} INFO - [2023-01-09T17:15:10.731-0500] {dagbag.py:538} INFO - Filling up the DagBag from /Library/Frameworks/Python.framework/Versions/3.9/lib/python3.9/site-packages/airflow/example_dags/example_dag_decorator.py
[2023-01-09T17:15:10.949-0500] {logging_mixin.py:137} INFO - [2023-01-09T17:15:10.948-0500] {taskmixin.py:205} WARNING - Dependency <Task(_PythonDecoratedOperator): prepare_email>, send_email already registered for DAG: example_dag_decorator
[2023-01-09T17:15:10.949-0500] {logging_mixin.py:137} INFO - [2023-01-09T17:15:10.949-0500] {taskmixin.py:205} WARNING - Dependency <Task(EmailOperator): send_email>, prepare_email already registered for DAG: example_dag_decorator
[2023-01-09T17:15:10.998-0500] {processor.py:753} INFO - DAG(s) dict_keys(['example_dag_decorator']) retrieved from /Library/Frameworks/Python.framework/Versions/3.9/lib/python3.9/site-packages/airflow/example_dags/example_dag_decorator.py
[2023-01-09T17:15:11.598-0500] {logging_mixin.py:137} INFO - [2023-01-09T17:15:11.598-0500] {dag.py:2676} INFO - Sync 1 DAGs
[2023-01-09T17:15:11.613-0500] {logging_mixin.py:137} INFO - [2023-01-09T17:15:11.612-0500] {dag.py:3423} INFO - Setting next_dagrun for example_dag_decorator to None, run_after=None
[2023-01-09T17:15:11.634-0500] {processor.py:175} INFO - Processing /Library/Frameworks/Python.framework/Versions/3.9/lib/python3.9/site-packages/airflow/example_dags/example_dag_decorator.py took 0.910 seconds
[2023-01-09T17:16:02.883-0500] {processor.py:153} INFO - Started process (PID=42737) to work on /Library/Frameworks/Python.framework/Versions/3.9/lib/python3.9/site-packages/airflow/example_dags/example_dag_decorator.py
[2023-01-09T17:16:02.887-0500] {processor.py:743} INFO - Processing file /Library/Frameworks/Python.framework/Versions/3.9/lib/python3.9/site-packages/airflow/example_dags/example_dag_decorator.py for tasks to queue
[2023-01-09T17:16:02.888-0500] {logging_mixin.py:137} INFO - [2023-01-09T17:16:02.888-0500] {dagbag.py:538} INFO - Filling up the DagBag from /Library/Frameworks/Python.framework/Versions/3.9/lib/python3.9/site-packages/airflow/example_dags/example_dag_decorator.py
[2023-01-09T17:16:03.110-0500] {logging_mixin.py:137} INFO - [2023-01-09T17:16:03.110-0500] {taskmixin.py:205} WARNING - Dependency <Task(_PythonDecoratedOperator): prepare_email>, send_email already registered for DAG: example_dag_decorator
[2023-01-09T17:16:03.110-0500] {logging_mixin.py:137} INFO - [2023-01-09T17:16:03.110-0500] {taskmixin.py:205} WARNING - Dependency <Task(EmailOperator): send_email>, prepare_email already registered for DAG: example_dag_decorator
[2023-01-09T17:16:03.142-0500] {processor.py:753} INFO - DAG(s) dict_keys(['example_dag_decorator']) retrieved from /Library/Frameworks/Python.framework/Versions/3.9/lib/python3.9/site-packages/airflow/example_dags/example_dag_decorator.py
[2023-01-09T17:16:03.648-0500] {logging_mixin.py:137} INFO - [2023-01-09T17:16:03.648-0500] {dag.py:2676} INFO - Sync 1 DAGs
[2023-01-09T17:16:03.662-0500] {logging_mixin.py:137} INFO - [2023-01-09T17:16:03.662-0500] {dag.py:3423} INFO - Setting next_dagrun for example_dag_decorator to None, run_after=None
[2023-01-09T17:16:03.684-0500] {processor.py:175} INFO - Processing /Library/Frameworks/Python.framework/Versions/3.9/lib/python3.9/site-packages/airflow/example_dags/example_dag_decorator.py took 0.802 seconds
[2023-01-09T17:17:43.686-0500] {processor.py:153} INFO - Started process (PID=43158) to work on /Library/Frameworks/Python.framework/Versions/3.9/lib/python3.9/site-packages/airflow/example_dags/example_dag_decorator.py
[2023-01-09T17:17:43.691-0500] {processor.py:743} INFO - Processing file /Library/Frameworks/Python.framework/Versions/3.9/lib/python3.9/site-packages/airflow/example_dags/example_dag_decorator.py for tasks to queue
[2023-01-09T17:17:43.692-0500] {logging_mixin.py:137} INFO - [2023-01-09T17:17:43.692-0500] {dagbag.py:538} INFO - Filling up the DagBag from /Library/Frameworks/Python.framework/Versions/3.9/lib/python3.9/site-packages/airflow/example_dags/example_dag_decorator.py
[2023-01-09T17:17:43.907-0500] {logging_mixin.py:137} INFO - [2023-01-09T17:17:43.906-0500] {taskmixin.py:205} WARNING - Dependency <Task(_PythonDecoratedOperator): prepare_email>, send_email already registered for DAG: example_dag_decorator
[2023-01-09T17:17:43.907-0500] {logging_mixin.py:137} INFO - [2023-01-09T17:17:43.907-0500] {taskmixin.py:205} WARNING - Dependency <Task(EmailOperator): send_email>, prepare_email already registered for DAG: example_dag_decorator
[2023-01-09T17:17:43.938-0500] {processor.py:753} INFO - DAG(s) dict_keys(['example_dag_decorator']) retrieved from /Library/Frameworks/Python.framework/Versions/3.9/lib/python3.9/site-packages/airflow/example_dags/example_dag_decorator.py
[2023-01-09T17:17:44.435-0500] {logging_mixin.py:137} INFO - [2023-01-09T17:17:44.435-0500] {dag.py:2676} INFO - Sync 1 DAGs
[2023-01-09T17:17:44.449-0500] {logging_mixin.py:137} INFO - [2023-01-09T17:17:44.449-0500] {dag.py:3423} INFO - Setting next_dagrun for example_dag_decorator to None, run_after=None
[2023-01-09T17:17:44.467-0500] {processor.py:175} INFO - Processing /Library/Frameworks/Python.framework/Versions/3.9/lib/python3.9/site-packages/airflow/example_dags/example_dag_decorator.py took 0.782 seconds
[2023-01-09T17:18:39.373-0500] {processor.py:153} INFO - Started process (PID=43206) to work on /Library/Frameworks/Python.framework/Versions/3.9/lib/python3.9/site-packages/airflow/example_dags/example_dag_decorator.py
[2023-01-09T17:18:39.379-0500] {processor.py:743} INFO - Processing file /Library/Frameworks/Python.framework/Versions/3.9/lib/python3.9/site-packages/airflow/example_dags/example_dag_decorator.py for tasks to queue
[2023-01-09T17:18:39.379-0500] {logging_mixin.py:137} INFO - [2023-01-09T17:18:39.379-0500] {dagbag.py:538} INFO - Filling up the DagBag from /Library/Frameworks/Python.framework/Versions/3.9/lib/python3.9/site-packages/airflow/example_dags/example_dag_decorator.py
[2023-01-09T17:18:39.610-0500] {logging_mixin.py:137} INFO - [2023-01-09T17:18:39.610-0500] {taskmixin.py:205} WARNING - Dependency <Task(_PythonDecoratedOperator): prepare_email>, send_email already registered for DAG: example_dag_decorator
[2023-01-09T17:18:39.610-0500] {logging_mixin.py:137} INFO - [2023-01-09T17:18:39.610-0500] {taskmixin.py:205} WARNING - Dependency <Task(EmailOperator): send_email>, prepare_email already registered for DAG: example_dag_decorator
[2023-01-09T17:18:39.643-0500] {processor.py:753} INFO - DAG(s) dict_keys(['example_dag_decorator']) retrieved from /Library/Frameworks/Python.framework/Versions/3.9/lib/python3.9/site-packages/airflow/example_dags/example_dag_decorator.py
[2023-01-09T17:18:40.160-0500] {logging_mixin.py:137} INFO - [2023-01-09T17:18:40.160-0500] {dag.py:2676} INFO - Sync 1 DAGs
[2023-01-09T17:18:40.175-0500] {logging_mixin.py:137} INFO - [2023-01-09T17:18:40.175-0500] {dag.py:3423} INFO - Setting next_dagrun for example_dag_decorator to None, run_after=None
[2023-01-09T17:18:40.193-0500] {processor.py:175} INFO - Processing /Library/Frameworks/Python.framework/Versions/3.9/lib/python3.9/site-packages/airflow/example_dags/example_dag_decorator.py took 0.820 seconds
[2023-01-09T17:20:14.350-0500] {processor.py:153} INFO - Started process (PID=43285) to work on /Library/Frameworks/Python.framework/Versions/3.9/lib/python3.9/site-packages/airflow/example_dags/example_dag_decorator.py
[2023-01-09T17:20:14.355-0500] {processor.py:743} INFO - Processing file /Library/Frameworks/Python.framework/Versions/3.9/lib/python3.9/site-packages/airflow/example_dags/example_dag_decorator.py for tasks to queue
[2023-01-09T17:20:14.356-0500] {logging_mixin.py:137} INFO - [2023-01-09T17:20:14.356-0500] {dagbag.py:538} INFO - Filling up the DagBag from /Library/Frameworks/Python.framework/Versions/3.9/lib/python3.9/site-packages/airflow/example_dags/example_dag_decorator.py
[2023-01-09T17:20:14.575-0500] {logging_mixin.py:137} INFO - [2023-01-09T17:20:14.575-0500] {taskmixin.py:205} WARNING - Dependency <Task(_PythonDecoratedOperator): prepare_email>, send_email already registered for DAG: example_dag_decorator
[2023-01-09T17:20:14.576-0500] {logging_mixin.py:137} INFO - [2023-01-09T17:20:14.576-0500] {taskmixin.py:205} WARNING - Dependency <Task(EmailOperator): send_email>, prepare_email already registered for DAG: example_dag_decorator
[2023-01-09T17:20:14.614-0500] {processor.py:753} INFO - DAG(s) dict_keys(['example_dag_decorator']) retrieved from /Library/Frameworks/Python.framework/Versions/3.9/lib/python3.9/site-packages/airflow/example_dags/example_dag_decorator.py
[2023-01-09T17:20:15.186-0500] {logging_mixin.py:137} INFO - [2023-01-09T17:20:15.186-0500] {dag.py:2676} INFO - Sync 1 DAGs
[2023-01-09T17:20:15.202-0500] {logging_mixin.py:137} INFO - [2023-01-09T17:20:15.201-0500] {dag.py:3423} INFO - Setting next_dagrun for example_dag_decorator to None, run_after=None
[2023-01-09T17:20:15.221-0500] {processor.py:175} INFO - Processing /Library/Frameworks/Python.framework/Versions/3.9/lib/python3.9/site-packages/airflow/example_dags/example_dag_decorator.py took 0.871 seconds
[2023-01-09T17:21:11.939-0500] {processor.py:153} INFO - Started process (PID=43342) to work on /Library/Frameworks/Python.framework/Versions/3.9/lib/python3.9/site-packages/airflow/example_dags/example_dag_decorator.py
[2023-01-09T17:21:11.944-0500] {processor.py:743} INFO - Processing file /Library/Frameworks/Python.framework/Versions/3.9/lib/python3.9/site-packages/airflow/example_dags/example_dag_decorator.py for tasks to queue
[2023-01-09T17:21:11.945-0500] {logging_mixin.py:137} INFO - [2023-01-09T17:21:11.945-0500] {dagbag.py:538} INFO - Filling up the DagBag from /Library/Frameworks/Python.framework/Versions/3.9/lib/python3.9/site-packages/airflow/example_dags/example_dag_decorator.py
[2023-01-09T17:21:12.162-0500] {logging_mixin.py:137} INFO - [2023-01-09T17:21:12.162-0500] {taskmixin.py:205} WARNING - Dependency <Task(_PythonDecoratedOperator): prepare_email>, send_email already registered for DAG: example_dag_decorator
[2023-01-09T17:21:12.162-0500] {logging_mixin.py:137} INFO - [2023-01-09T17:21:12.162-0500] {taskmixin.py:205} WARNING - Dependency <Task(EmailOperator): send_email>, prepare_email already registered for DAG: example_dag_decorator
[2023-01-09T17:21:12.195-0500] {processor.py:753} INFO - DAG(s) dict_keys(['example_dag_decorator']) retrieved from /Library/Frameworks/Python.framework/Versions/3.9/lib/python3.9/site-packages/airflow/example_dags/example_dag_decorator.py
[2023-01-09T17:21:12.773-0500] {logging_mixin.py:137} INFO - [2023-01-09T17:21:12.773-0500] {dag.py:2676} INFO - Sync 1 DAGs
[2023-01-09T17:21:12.787-0500] {logging_mixin.py:137} INFO - [2023-01-09T17:21:12.787-0500] {dag.py:3423} INFO - Setting next_dagrun for example_dag_decorator to None, run_after=None
[2023-01-09T17:21:12.810-0500] {processor.py:175} INFO - Processing /Library/Frameworks/Python.framework/Versions/3.9/lib/python3.9/site-packages/airflow/example_dags/example_dag_decorator.py took 0.872 seconds
[2023-01-09T17:22:45.988-0500] {processor.py:153} INFO - Started process (PID=43454) to work on /Library/Frameworks/Python.framework/Versions/3.9/lib/python3.9/site-packages/airflow/example_dags/example_dag_decorator.py
[2023-01-09T17:22:45.993-0500] {processor.py:743} INFO - Processing file /Library/Frameworks/Python.framework/Versions/3.9/lib/python3.9/site-packages/airflow/example_dags/example_dag_decorator.py for tasks to queue
[2023-01-09T17:22:45.994-0500] {logging_mixin.py:137} INFO - [2023-01-09T17:22:45.994-0500] {dagbag.py:538} INFO - Filling up the DagBag from /Library/Frameworks/Python.framework/Versions/3.9/lib/python3.9/site-packages/airflow/example_dags/example_dag_decorator.py
[2023-01-09T17:22:46.218-0500] {logging_mixin.py:137} INFO - [2023-01-09T17:22:46.218-0500] {taskmixin.py:205} WARNING - Dependency <Task(_PythonDecoratedOperator): prepare_email>, send_email already registered for DAG: example_dag_decorator
[2023-01-09T17:22:46.219-0500] {logging_mixin.py:137} INFO - [2023-01-09T17:22:46.219-0500] {taskmixin.py:205} WARNING - Dependency <Task(EmailOperator): send_email>, prepare_email already registered for DAG: example_dag_decorator
[2023-01-09T17:22:46.254-0500] {processor.py:753} INFO - DAG(s) dict_keys(['example_dag_decorator']) retrieved from /Library/Frameworks/Python.framework/Versions/3.9/lib/python3.9/site-packages/airflow/example_dags/example_dag_decorator.py
[2023-01-09T17:22:46.778-0500] {logging_mixin.py:137} INFO - [2023-01-09T17:22:46.777-0500] {dag.py:2676} INFO - Sync 1 DAGs
[2023-01-09T17:22:46.793-0500] {logging_mixin.py:137} INFO - [2023-01-09T17:22:46.792-0500] {dag.py:3423} INFO - Setting next_dagrun for example_dag_decorator to None, run_after=None
[2023-01-09T17:22:46.810-0500] {processor.py:175} INFO - Processing /Library/Frameworks/Python.framework/Versions/3.9/lib/python3.9/site-packages/airflow/example_dags/example_dag_decorator.py took 0.823 seconds
[2023-01-09T17:43:08.920-0500] {processor.py:153} INFO - Started process (PID=43570) to work on /Library/Frameworks/Python.framework/Versions/3.9/lib/python3.9/site-packages/airflow/example_dags/example_dag_decorator.py
[2023-01-09T17:43:08.925-0500] {processor.py:743} INFO - Processing file /Library/Frameworks/Python.framework/Versions/3.9/lib/python3.9/site-packages/airflow/example_dags/example_dag_decorator.py for tasks to queue
[2023-01-09T17:43:08.926-0500] {logging_mixin.py:137} INFO - [2023-01-09T17:43:08.926-0500] {dagbag.py:538} INFO - Filling up the DagBag from /Library/Frameworks/Python.framework/Versions/3.9/lib/python3.9/site-packages/airflow/example_dags/example_dag_decorator.py
[2023-01-09T17:43:09.169-0500] {logging_mixin.py:137} INFO - [2023-01-09T17:43:09.169-0500] {taskmixin.py:205} WARNING - Dependency <Task(_PythonDecoratedOperator): prepare_email>, send_email already registered for DAG: example_dag_decorator
[2023-01-09T17:43:09.170-0500] {logging_mixin.py:137} INFO - [2023-01-09T17:43:09.169-0500] {taskmixin.py:205} WARNING - Dependency <Task(EmailOperator): send_email>, prepare_email already registered for DAG: example_dag_decorator
[2023-01-09T17:43:09.205-0500] {processor.py:753} INFO - DAG(s) dict_keys(['example_dag_decorator']) retrieved from /Library/Frameworks/Python.framework/Versions/3.9/lib/python3.9/site-packages/airflow/example_dags/example_dag_decorator.py
[2023-01-09T17:43:09.736-0500] {logging_mixin.py:137} INFO - [2023-01-09T17:43:09.736-0500] {dag.py:2676} INFO - Sync 1 DAGs
[2023-01-09T17:43:09.751-0500] {logging_mixin.py:137} INFO - [2023-01-09T17:43:09.751-0500] {dag.py:3423} INFO - Setting next_dagrun for example_dag_decorator to None, run_after=None
[2023-01-09T17:43:09.773-0500] {processor.py:175} INFO - Processing /Library/Frameworks/Python.framework/Versions/3.9/lib/python3.9/site-packages/airflow/example_dags/example_dag_decorator.py took 0.854 seconds
[2023-01-09T18:31:22.773-0500] {processor.py:153} INFO - Started process (PID=44485) to work on /Library/Frameworks/Python.framework/Versions/3.9/lib/python3.9/site-packages/airflow/example_dags/example_dag_decorator.py
[2023-01-09T18:31:22.774-0500] {processor.py:153} INFO - Started process (PID=44486) to work on /Library/Frameworks/Python.framework/Versions/3.9/lib/python3.9/site-packages/airflow/example_dags/example_dag_decorator.py
[2023-01-09T18:31:22.779-0500] {processor.py:743} INFO - Processing file /Library/Frameworks/Python.framework/Versions/3.9/lib/python3.9/site-packages/airflow/example_dags/example_dag_decorator.py for tasks to queue
[2023-01-09T18:31:22.779-0500] {processor.py:743} INFO - Processing file /Library/Frameworks/Python.framework/Versions/3.9/lib/python3.9/site-packages/airflow/example_dags/example_dag_decorator.py for tasks to queue
[2023-01-09T18:31:22.779-0500] {logging_mixin.py:137} INFO - [2023-01-09T18:31:22.779-0500] {dagbag.py:538} INFO - Filling up the DagBag from /Library/Frameworks/Python.framework/Versions/3.9/lib/python3.9/site-packages/airflow/example_dags/example_dag_decorator.py
[2023-01-09T18:31:22.779-0500] {logging_mixin.py:137} INFO - [2023-01-09T18:31:22.779-0500] {dagbag.py:538} INFO - Filling up the DagBag from /Library/Frameworks/Python.framework/Versions/3.9/lib/python3.9/site-packages/airflow/example_dags/example_dag_decorator.py
[2023-01-09T18:31:23.033-0500] {logging_mixin.py:137} INFO - [2023-01-09T18:31:23.033-0500] {taskmixin.py:205} WARNING - Dependency <Task(_PythonDecoratedOperator): prepare_email>, send_email already registered for DAG: example_dag_decorator
[2023-01-09T18:31:23.033-0500] {logging_mixin.py:137} INFO - [2023-01-09T18:31:23.033-0500] {taskmixin.py:205} WARNING - Dependency <Task(_PythonDecoratedOperator): prepare_email>, send_email already registered for DAG: example_dag_decorator
[2023-01-09T18:31:23.033-0500] {logging_mixin.py:137} INFO - [2023-01-09T18:31:23.033-0500] {taskmixin.py:205} WARNING - Dependency <Task(EmailOperator): send_email>, prepare_email already registered for DAG: example_dag_decorator
[2023-01-09T18:31:23.033-0500] {logging_mixin.py:137} INFO - [2023-01-09T18:31:23.033-0500] {taskmixin.py:205} WARNING - Dependency <Task(EmailOperator): send_email>, prepare_email already registered for DAG: example_dag_decorator
[2023-01-09T18:31:23.070-0500] {processor.py:753} INFO - DAG(s) dict_keys(['example_dag_decorator']) retrieved from /Library/Frameworks/Python.framework/Versions/3.9/lib/python3.9/site-packages/airflow/example_dags/example_dag_decorator.py
[2023-01-09T18:31:23.070-0500] {processor.py:753} INFO - DAG(s) dict_keys(['example_dag_decorator']) retrieved from /Library/Frameworks/Python.framework/Versions/3.9/lib/python3.9/site-packages/airflow/example_dags/example_dag_decorator.py
[2023-01-09T18:31:23.603-0500] {logging_mixin.py:137} INFO - [2023-01-09T18:31:23.603-0500] {dag.py:2676} INFO - Sync 1 DAGs
[2023-01-09T18:31:23.603-0500] {logging_mixin.py:137} INFO - [2023-01-09T18:31:23.603-0500] {dag.py:2676} INFO - Sync 1 DAGs
[2023-01-09T18:31:23.618-0500] {logging_mixin.py:137} INFO - [2023-01-09T18:31:23.618-0500] {dag.py:3423} INFO - Setting next_dagrun for example_dag_decorator to None, run_after=None
[2023-01-09T18:31:23.618-0500] {logging_mixin.py:137} INFO - [2023-01-09T18:31:23.618-0500] {dag.py:3423} INFO - Setting next_dagrun for example_dag_decorator to None, run_after=None
[2023-01-09T18:31:23.639-0500] {processor.py:175} INFO - Processing /Library/Frameworks/Python.framework/Versions/3.9/lib/python3.9/site-packages/airflow/example_dags/example_dag_decorator.py took 0.866 seconds
[2023-01-09T18:31:23.671-0500] {processor.py:175} INFO - Processing /Library/Frameworks/Python.framework/Versions/3.9/lib/python3.9/site-packages/airflow/example_dags/example_dag_decorator.py took 0.897 seconds
[2023-01-09T18:34:03.083-0500] {processor.py:153} INFO - Started process (PID=44652) to work on /Library/Frameworks/Python.framework/Versions/3.9/lib/python3.9/site-packages/airflow/example_dags/example_dag_decorator.py
[2023-01-09T18:34:03.088-0500] {processor.py:743} INFO - Processing file /Library/Frameworks/Python.framework/Versions/3.9/lib/python3.9/site-packages/airflow/example_dags/example_dag_decorator.py for tasks to queue
[2023-01-09T18:34:03.089-0500] {logging_mixin.py:137} INFO - [2023-01-09T18:34:03.089-0500] {dagbag.py:538} INFO - Filling up the DagBag from /Library/Frameworks/Python.framework/Versions/3.9/lib/python3.9/site-packages/airflow/example_dags/example_dag_decorator.py
[2023-01-09T18:34:03.309-0500] {logging_mixin.py:137} INFO - [2023-01-09T18:34:03.309-0500] {taskmixin.py:205} WARNING - Dependency <Task(_PythonDecoratedOperator): prepare_email>, send_email already registered for DAG: example_dag_decorator
[2023-01-09T18:34:03.309-0500] {logging_mixin.py:137} INFO - [2023-01-09T18:34:03.309-0500] {taskmixin.py:205} WARNING - Dependency <Task(EmailOperator): send_email>, prepare_email already registered for DAG: example_dag_decorator
[2023-01-09T18:34:03.342-0500] {processor.py:753} INFO - DAG(s) dict_keys(['example_dag_decorator']) retrieved from /Library/Frameworks/Python.framework/Versions/3.9/lib/python3.9/site-packages/airflow/example_dags/example_dag_decorator.py
[2023-01-09T18:34:03.848-0500] {logging_mixin.py:137} INFO - [2023-01-09T18:34:03.847-0500] {dag.py:2676} INFO - Sync 1 DAGs
[2023-01-09T18:34:03.863-0500] {logging_mixin.py:137} INFO - [2023-01-09T18:34:03.862-0500] {dag.py:3423} INFO - Setting next_dagrun for example_dag_decorator to None, run_after=None
[2023-01-09T18:34:03.881-0500] {processor.py:175} INFO - Processing /Library/Frameworks/Python.framework/Versions/3.9/lib/python3.9/site-packages/airflow/example_dags/example_dag_decorator.py took 0.799 seconds
[2023-01-09T18:34:09.080-0500] {processor.py:153} INFO - Started process (PID=44657) to work on /Library/Frameworks/Python.framework/Versions/3.9/lib/python3.9/site-packages/airflow/example_dags/example_dag_decorator.py
[2023-01-09T18:34:09.085-0500] {processor.py:743} INFO - Processing file /Library/Frameworks/Python.framework/Versions/3.9/lib/python3.9/site-packages/airflow/example_dags/example_dag_decorator.py for tasks to queue
[2023-01-09T18:34:09.086-0500] {logging_mixin.py:137} INFO - [2023-01-09T18:34:09.086-0500] {dagbag.py:538} INFO - Filling up the DagBag from /Library/Frameworks/Python.framework/Versions/3.9/lib/python3.9/site-packages/airflow/example_dags/example_dag_decorator.py
[2023-01-09T18:34:09.302-0500] {logging_mixin.py:137} INFO - [2023-01-09T18:34:09.302-0500] {taskmixin.py:205} WARNING - Dependency <Task(_PythonDecoratedOperator): prepare_email>, send_email already registered for DAG: example_dag_decorator
[2023-01-09T18:34:09.302-0500] {logging_mixin.py:137} INFO - [2023-01-09T18:34:09.302-0500] {taskmixin.py:205} WARNING - Dependency <Task(EmailOperator): send_email>, prepare_email already registered for DAG: example_dag_decorator
[2023-01-09T18:34:09.335-0500] {processor.py:753} INFO - DAG(s) dict_keys(['example_dag_decorator']) retrieved from /Library/Frameworks/Python.framework/Versions/3.9/lib/python3.9/site-packages/airflow/example_dags/example_dag_decorator.py
[2023-01-09T18:34:09.377-0500] {logging_mixin.py:137} INFO - [2023-01-09T18:34:09.376-0500] {dag.py:2676} INFO - Sync 1 DAGs
[2023-01-09T18:34:09.865-0500] {logging_mixin.py:137} INFO - [2023-01-09T18:34:09.865-0500] {dag.py:3423} INFO - Setting next_dagrun for example_dag_decorator to None, run_after=None
[2023-01-09T18:34:09.886-0500] {processor.py:175} INFO - Processing /Library/Frameworks/Python.framework/Versions/3.9/lib/python3.9/site-packages/airflow/example_dags/example_dag_decorator.py took 0.806 seconds
[2023-01-09T18:36:49.867-0500] {processor.py:153} INFO - Started process (PID=44786) to work on /Library/Frameworks/Python.framework/Versions/3.9/lib/python3.9/site-packages/airflow/example_dags/example_dag_decorator.py
[2023-01-09T18:36:49.872-0500] {processor.py:743} INFO - Processing file /Library/Frameworks/Python.framework/Versions/3.9/lib/python3.9/site-packages/airflow/example_dags/example_dag_decorator.py for tasks to queue
[2023-01-09T18:36:49.872-0500] {logging_mixin.py:137} INFO - [2023-01-09T18:36:49.872-0500] {dagbag.py:538} INFO - Filling up the DagBag from /Library/Frameworks/Python.framework/Versions/3.9/lib/python3.9/site-packages/airflow/example_dags/example_dag_decorator.py
[2023-01-09T18:36:50.112-0500] {logging_mixin.py:137} INFO - [2023-01-09T18:36:50.112-0500] {taskmixin.py:205} WARNING - Dependency <Task(_PythonDecoratedOperator): prepare_email>, send_email already registered for DAG: example_dag_decorator
[2023-01-09T18:36:50.112-0500] {logging_mixin.py:137} INFO - [2023-01-09T18:36:50.112-0500] {taskmixin.py:205} WARNING - Dependency <Task(EmailOperator): send_email>, prepare_email already registered for DAG: example_dag_decorator
[2023-01-09T18:36:50.148-0500] {processor.py:753} INFO - DAG(s) dict_keys(['example_dag_decorator']) retrieved from /Library/Frameworks/Python.framework/Versions/3.9/lib/python3.9/site-packages/airflow/example_dags/example_dag_decorator.py
[2023-01-09T18:36:50.731-0500] {logging_mixin.py:137} INFO - [2023-01-09T18:36:50.731-0500] {dag.py:2676} INFO - Sync 1 DAGs
[2023-01-09T18:36:50.748-0500] {logging_mixin.py:137} INFO - [2023-01-09T18:36:50.748-0500] {dag.py:3423} INFO - Setting next_dagrun for example_dag_decorator to None, run_after=None
[2023-01-09T18:36:50.769-0500] {processor.py:175} INFO - Processing /Library/Frameworks/Python.framework/Versions/3.9/lib/python3.9/site-packages/airflow/example_dags/example_dag_decorator.py took 0.903 seconds
[2023-01-09T18:36:52.932-0500] {processor.py:153} INFO - Started process (PID=44793) to work on /Library/Frameworks/Python.framework/Versions/3.9/lib/python3.9/site-packages/airflow/example_dags/example_dag_decorator.py
[2023-01-09T18:36:52.937-0500] {processor.py:743} INFO - Processing file /Library/Frameworks/Python.framework/Versions/3.9/lib/python3.9/site-packages/airflow/example_dags/example_dag_decorator.py for tasks to queue
[2023-01-09T18:36:52.937-0500] {logging_mixin.py:137} INFO - [2023-01-09T18:36:52.937-0500] {dagbag.py:538} INFO - Filling up the DagBag from /Library/Frameworks/Python.framework/Versions/3.9/lib/python3.9/site-packages/airflow/example_dags/example_dag_decorator.py
[2023-01-09T18:36:53.151-0500] {logging_mixin.py:137} INFO - [2023-01-09T18:36:53.151-0500] {taskmixin.py:205} WARNING - Dependency <Task(_PythonDecoratedOperator): prepare_email>, send_email already registered for DAG: example_dag_decorator
[2023-01-09T18:36:53.151-0500] {logging_mixin.py:137} INFO - [2023-01-09T18:36:53.151-0500] {taskmixin.py:205} WARNING - Dependency <Task(EmailOperator): send_email>, prepare_email already registered for DAG: example_dag_decorator
[2023-01-09T18:36:53.183-0500] {processor.py:753} INFO - DAG(s) dict_keys(['example_dag_decorator']) retrieved from /Library/Frameworks/Python.framework/Versions/3.9/lib/python3.9/site-packages/airflow/example_dags/example_dag_decorator.py
[2023-01-09T18:36:53.224-0500] {logging_mixin.py:137} INFO - [2023-01-09T18:36:53.224-0500] {dag.py:2676} INFO - Sync 1 DAGs
[2023-01-09T18:36:53.698-0500] {logging_mixin.py:137} INFO - [2023-01-09T18:36:53.698-0500] {dag.py:3423} INFO - Setting next_dagrun for example_dag_decorator to None, run_after=None
[2023-01-09T18:36:53.719-0500] {processor.py:175} INFO - Processing /Library/Frameworks/Python.framework/Versions/3.9/lib/python3.9/site-packages/airflow/example_dags/example_dag_decorator.py took 0.788 seconds
[2023-01-09T18:39:25.477-0500] {processor.py:153} INFO - Started process (PID=45032) to work on /Library/Frameworks/Python.framework/Versions/3.9/lib/python3.9/site-packages/airflow/example_dags/example_dag_decorator.py
[2023-01-09T18:39:25.482-0500] {processor.py:743} INFO - Processing file /Library/Frameworks/Python.framework/Versions/3.9/lib/python3.9/site-packages/airflow/example_dags/example_dag_decorator.py for tasks to queue
[2023-01-09T18:39:25.483-0500] {logging_mixin.py:137} INFO - [2023-01-09T18:39:25.483-0500] {dagbag.py:538} INFO - Filling up the DagBag from /Library/Frameworks/Python.framework/Versions/3.9/lib/python3.9/site-packages/airflow/example_dags/example_dag_decorator.py
[2023-01-09T18:39:25.705-0500] {logging_mixin.py:137} INFO - [2023-01-09T18:39:25.705-0500] {taskmixin.py:205} WARNING - Dependency <Task(_PythonDecoratedOperator): prepare_email>, send_email already registered for DAG: example_dag_decorator
[2023-01-09T18:39:25.705-0500] {logging_mixin.py:137} INFO - [2023-01-09T18:39:25.705-0500] {taskmixin.py:205} WARNING - Dependency <Task(EmailOperator): send_email>, prepare_email already registered for DAG: example_dag_decorator
[2023-01-09T18:39:25.738-0500] {processor.py:753} INFO - DAG(s) dict_keys(['example_dag_decorator']) retrieved from /Library/Frameworks/Python.framework/Versions/3.9/lib/python3.9/site-packages/airflow/example_dags/example_dag_decorator.py
[2023-01-09T18:39:26.278-0500] {logging_mixin.py:137} INFO - [2023-01-09T18:39:26.278-0500] {dag.py:2676} INFO - Sync 1 DAGs
[2023-01-09T18:39:26.293-0500] {logging_mixin.py:137} INFO - [2023-01-09T18:39:26.293-0500] {dag.py:3423} INFO - Setting next_dagrun for example_dag_decorator to None, run_after=None
[2023-01-09T18:39:26.312-0500] {processor.py:175} INFO - Processing /Library/Frameworks/Python.framework/Versions/3.9/lib/python3.9/site-packages/airflow/example_dags/example_dag_decorator.py took 0.835 seconds
[2023-01-09T18:39:28.891-0500] {processor.py:153} INFO - Started process (PID=45035) to work on /Library/Frameworks/Python.framework/Versions/3.9/lib/python3.9/site-packages/airflow/example_dags/example_dag_decorator.py
[2023-01-09T18:39:28.896-0500] {processor.py:743} INFO - Processing file /Library/Frameworks/Python.framework/Versions/3.9/lib/python3.9/site-packages/airflow/example_dags/example_dag_decorator.py for tasks to queue
[2023-01-09T18:39:28.896-0500] {logging_mixin.py:137} INFO - [2023-01-09T18:39:28.896-0500] {dagbag.py:538} INFO - Filling up the DagBag from /Library/Frameworks/Python.framework/Versions/3.9/lib/python3.9/site-packages/airflow/example_dags/example_dag_decorator.py
[2023-01-09T18:39:29.129-0500] {logging_mixin.py:137} INFO - [2023-01-09T18:39:29.129-0500] {taskmixin.py:205} WARNING - Dependency <Task(_PythonDecoratedOperator): prepare_email>, send_email already registered for DAG: example_dag_decorator
[2023-01-09T18:39:29.129-0500] {logging_mixin.py:137} INFO - [2023-01-09T18:39:29.129-0500] {taskmixin.py:205} WARNING - Dependency <Task(EmailOperator): send_email>, prepare_email already registered for DAG: example_dag_decorator
[2023-01-09T18:39:29.162-0500] {processor.py:753} INFO - DAG(s) dict_keys(['example_dag_decorator']) retrieved from /Library/Frameworks/Python.framework/Versions/3.9/lib/python3.9/site-packages/airflow/example_dags/example_dag_decorator.py
[2023-01-09T18:39:29.211-0500] {logging_mixin.py:137} INFO - [2023-01-09T18:39:29.211-0500] {dag.py:2676} INFO - Sync 1 DAGs
[2023-01-09T18:39:29.713-0500] {logging_mixin.py:137} INFO - [2023-01-09T18:39:29.713-0500] {dag.py:3423} INFO - Setting next_dagrun for example_dag_decorator to None, run_after=None
[2023-01-09T18:39:29.735-0500] {processor.py:175} INFO - Processing /Library/Frameworks/Python.framework/Versions/3.9/lib/python3.9/site-packages/airflow/example_dags/example_dag_decorator.py took 0.844 seconds
[2023-01-09T18:41:58.559-0500] {processor.py:153} INFO - Started process (PID=45176) to work on /Library/Frameworks/Python.framework/Versions/3.9/lib/python3.9/site-packages/airflow/example_dags/example_dag_decorator.py
[2023-01-09T18:41:58.565-0500] {processor.py:743} INFO - Processing file /Library/Frameworks/Python.framework/Versions/3.9/lib/python3.9/site-packages/airflow/example_dags/example_dag_decorator.py for tasks to queue
[2023-01-09T18:41:58.566-0500] {logging_mixin.py:137} INFO - [2023-01-09T18:41:58.566-0500] {dagbag.py:538} INFO - Filling up the DagBag from /Library/Frameworks/Python.framework/Versions/3.9/lib/python3.9/site-packages/airflow/example_dags/example_dag_decorator.py
[2023-01-09T18:41:59.073-0500] {logging_mixin.py:137} INFO - [2023-01-09T18:41:59.073-0500] {taskmixin.py:205} WARNING - Dependency <Task(_PythonDecoratedOperator): prepare_email>, send_email already registered for DAG: example_dag_decorator
[2023-01-09T18:41:59.073-0500] {logging_mixin.py:137} INFO - [2023-01-09T18:41:59.073-0500] {taskmixin.py:205} WARNING - Dependency <Task(EmailOperator): send_email>, prepare_email already registered for DAG: example_dag_decorator
[2023-01-09T18:41:59.118-0500] {processor.py:753} INFO - DAG(s) dict_keys(['example_dag_decorator']) retrieved from /Library/Frameworks/Python.framework/Versions/3.9/lib/python3.9/site-packages/airflow/example_dags/example_dag_decorator.py
[2023-01-09T18:42:00.084-0500] {logging_mixin.py:137} INFO - [2023-01-09T18:42:00.084-0500] {dag.py:2676} INFO - Sync 1 DAGs
[2023-01-09T18:42:00.103-0500] {logging_mixin.py:137} INFO - [2023-01-09T18:42:00.103-0500] {dag.py:3423} INFO - Setting next_dagrun for example_dag_decorator to None, run_after=None
[2023-01-09T18:42:00.126-0500] {processor.py:175} INFO - Processing /Library/Frameworks/Python.framework/Versions/3.9/lib/python3.9/site-packages/airflow/example_dags/example_dag_decorator.py took 1.567 seconds
[2023-01-09T18:42:06.879-0500] {processor.py:153} INFO - Started process (PID=45183) to work on /Library/Frameworks/Python.framework/Versions/3.9/lib/python3.9/site-packages/airflow/example_dags/example_dag_decorator.py
[2023-01-09T18:42:06.883-0500] {processor.py:743} INFO - Processing file /Library/Frameworks/Python.framework/Versions/3.9/lib/python3.9/site-packages/airflow/example_dags/example_dag_decorator.py for tasks to queue
[2023-01-09T18:42:06.884-0500] {logging_mixin.py:137} INFO - [2023-01-09T18:42:06.884-0500] {dagbag.py:538} INFO - Filling up the DagBag from /Library/Frameworks/Python.framework/Versions/3.9/lib/python3.9/site-packages/airflow/example_dags/example_dag_decorator.py
[2023-01-09T18:42:07.112-0500] {logging_mixin.py:137} INFO - [2023-01-09T18:42:07.111-0500] {taskmixin.py:205} WARNING - Dependency <Task(_PythonDecoratedOperator): prepare_email>, send_email already registered for DAG: example_dag_decorator
[2023-01-09T18:42:07.112-0500] {logging_mixin.py:137} INFO - [2023-01-09T18:42:07.112-0500] {taskmixin.py:205} WARNING - Dependency <Task(EmailOperator): send_email>, prepare_email already registered for DAG: example_dag_decorator
[2023-01-09T18:42:07.145-0500] {processor.py:753} INFO - DAG(s) dict_keys(['example_dag_decorator']) retrieved from /Library/Frameworks/Python.framework/Versions/3.9/lib/python3.9/site-packages/airflow/example_dags/example_dag_decorator.py
[2023-01-09T18:42:07.188-0500] {logging_mixin.py:137} INFO - [2023-01-09T18:42:07.188-0500] {dag.py:2676} INFO - Sync 1 DAGs
[2023-01-09T18:42:07.686-0500] {logging_mixin.py:137} INFO - [2023-01-09T18:42:07.685-0500] {dag.py:3423} INFO - Setting next_dagrun for example_dag_decorator to None, run_after=None
[2023-01-09T18:42:07.704-0500] {processor.py:175} INFO - Processing /Library/Frameworks/Python.framework/Versions/3.9/lib/python3.9/site-packages/airflow/example_dags/example_dag_decorator.py took 0.826 seconds
[2023-01-09T18:44:40.650-0500] {processor.py:153} INFO - Started process (PID=45388) to work on /Library/Frameworks/Python.framework/Versions/3.9/lib/python3.9/site-packages/airflow/example_dags/example_dag_decorator.py
[2023-01-09T18:44:40.658-0500] {processor.py:743} INFO - Processing file /Library/Frameworks/Python.framework/Versions/3.9/lib/python3.9/site-packages/airflow/example_dags/example_dag_decorator.py for tasks to queue
[2023-01-09T18:44:40.658-0500] {logging_mixin.py:137} INFO - [2023-01-09T18:44:40.658-0500] {dagbag.py:538} INFO - Filling up the DagBag from /Library/Frameworks/Python.framework/Versions/3.9/lib/python3.9/site-packages/airflow/example_dags/example_dag_decorator.py
[2023-01-09T18:44:41.111-0500] {logging_mixin.py:137} INFO - [2023-01-09T18:44:41.110-0500] {taskmixin.py:205} WARNING - Dependency <Task(_PythonDecoratedOperator): prepare_email>, send_email already registered for DAG: example_dag_decorator
[2023-01-09T18:44:41.111-0500] {logging_mixin.py:137} INFO - [2023-01-09T18:44:41.111-0500] {taskmixin.py:205} WARNING - Dependency <Task(EmailOperator): send_email>, prepare_email already registered for DAG: example_dag_decorator
[2023-01-09T18:44:41.170-0500] {processor.py:753} INFO - DAG(s) dict_keys(['example_dag_decorator']) retrieved from /Library/Frameworks/Python.framework/Versions/3.9/lib/python3.9/site-packages/airflow/example_dags/example_dag_decorator.py
[2023-01-09T18:44:42.427-0500] {logging_mixin.py:137} INFO - [2023-01-09T18:44:42.427-0500] {dag.py:2676} INFO - Sync 1 DAGs
[2023-01-09T18:44:42.509-0500] {logging_mixin.py:137} INFO - [2023-01-09T18:44:42.509-0500] {dag.py:3423} INFO - Setting next_dagrun for example_dag_decorator to None, run_after=None
[2023-01-09T18:44:42.540-0500] {processor.py:175} INFO - Processing /Library/Frameworks/Python.framework/Versions/3.9/lib/python3.9/site-packages/airflow/example_dags/example_dag_decorator.py took 1.891 seconds
[2023-01-09T18:44:47.710-0500] {processor.py:153} INFO - Started process (PID=45395) to work on /Library/Frameworks/Python.framework/Versions/3.9/lib/python3.9/site-packages/airflow/example_dags/example_dag_decorator.py
[2023-01-09T18:44:47.717-0500] {processor.py:743} INFO - Processing file /Library/Frameworks/Python.framework/Versions/3.9/lib/python3.9/site-packages/airflow/example_dags/example_dag_decorator.py for tasks to queue
[2023-01-09T18:44:47.717-0500] {logging_mixin.py:137} INFO - [2023-01-09T18:44:47.717-0500] {dagbag.py:538} INFO - Filling up the DagBag from /Library/Frameworks/Python.framework/Versions/3.9/lib/python3.9/site-packages/airflow/example_dags/example_dag_decorator.py
[2023-01-09T18:44:48.031-0500] {logging_mixin.py:137} INFO - [2023-01-09T18:44:48.031-0500] {taskmixin.py:205} WARNING - Dependency <Task(_PythonDecoratedOperator): prepare_email>, send_email already registered for DAG: example_dag_decorator
[2023-01-09T18:44:48.032-0500] {logging_mixin.py:137} INFO - [2023-01-09T18:44:48.031-0500] {taskmixin.py:205} WARNING - Dependency <Task(EmailOperator): send_email>, prepare_email already registered for DAG: example_dag_decorator
[2023-01-09T18:44:48.082-0500] {processor.py:753} INFO - DAG(s) dict_keys(['example_dag_decorator']) retrieved from /Library/Frameworks/Python.framework/Versions/3.9/lib/python3.9/site-packages/airflow/example_dags/example_dag_decorator.py
[2023-01-09T18:44:48.176-0500] {logging_mixin.py:137} INFO - [2023-01-09T18:44:48.175-0500] {dag.py:2676} INFO - Sync 1 DAGs
[2023-01-09T18:44:48.941-0500] {logging_mixin.py:137} INFO - [2023-01-09T18:44:48.941-0500] {dag.py:3423} INFO - Setting next_dagrun for example_dag_decorator to None, run_after=None
[2023-01-09T18:44:48.963-0500] {processor.py:175} INFO - Processing /Library/Frameworks/Python.framework/Versions/3.9/lib/python3.9/site-packages/airflow/example_dags/example_dag_decorator.py took 1.254 seconds
[2023-01-09T18:46:41.860-0500] {processor.py:153} INFO - Started process (PID=45518) to work on /Library/Frameworks/Python.framework/Versions/3.9/lib/python3.9/site-packages/airflow/example_dags/example_dag_decorator.py
[2023-01-09T18:46:41.868-0500] {processor.py:743} INFO - Processing file /Library/Frameworks/Python.framework/Versions/3.9/lib/python3.9/site-packages/airflow/example_dags/example_dag_decorator.py for tasks to queue
[2023-01-09T18:46:41.869-0500] {logging_mixin.py:137} INFO - [2023-01-09T18:46:41.869-0500] {dagbag.py:538} INFO - Filling up the DagBag from /Library/Frameworks/Python.framework/Versions/3.9/lib/python3.9/site-packages/airflow/example_dags/example_dag_decorator.py
[2023-01-09T18:46:42.238-0500] {logging_mixin.py:137} INFO - [2023-01-09T18:46:42.238-0500] {taskmixin.py:205} WARNING - Dependency <Task(_PythonDecoratedOperator): prepare_email>, send_email already registered for DAG: example_dag_decorator
[2023-01-09T18:46:42.239-0500] {logging_mixin.py:137} INFO - [2023-01-09T18:46:42.239-0500] {taskmixin.py:205} WARNING - Dependency <Task(EmailOperator): send_email>, prepare_email already registered for DAG: example_dag_decorator
[2023-01-09T18:46:42.283-0500] {processor.py:753} INFO - DAG(s) dict_keys(['example_dag_decorator']) retrieved from /Library/Frameworks/Python.framework/Versions/3.9/lib/python3.9/site-packages/airflow/example_dags/example_dag_decorator.py
[2023-01-09T18:46:44.292-0500] {logging_mixin.py:137} INFO - [2023-01-09T18:46:44.291-0500] {dag.py:2676} INFO - Sync 1 DAGs
[2023-01-09T18:46:44.328-0500] {logging_mixin.py:137} INFO - [2023-01-09T18:46:44.328-0500] {dag.py:3423} INFO - Setting next_dagrun for example_dag_decorator to None, run_after=None
[2023-01-09T18:46:44.395-0500] {processor.py:175} INFO - Processing /Library/Frameworks/Python.framework/Versions/3.9/lib/python3.9/site-packages/airflow/example_dags/example_dag_decorator.py took 2.536 seconds
[2023-01-09T18:48:10.187-0500] {processor.py:153} INFO - Started process (PID=45592) to work on /Library/Frameworks/Python.framework/Versions/3.9/lib/python3.9/site-packages/airflow/example_dags/example_dag_decorator.py
[2023-01-09T18:48:10.193-0500] {processor.py:743} INFO - Processing file /Library/Frameworks/Python.framework/Versions/3.9/lib/python3.9/site-packages/airflow/example_dags/example_dag_decorator.py for tasks to queue
[2023-01-09T18:48:10.193-0500] {logging_mixin.py:137} INFO - [2023-01-09T18:48:10.193-0500] {dagbag.py:538} INFO - Filling up the DagBag from /Library/Frameworks/Python.framework/Versions/3.9/lib/python3.9/site-packages/airflow/example_dags/example_dag_decorator.py
[2023-01-09T18:48:10.441-0500] {logging_mixin.py:137} INFO - [2023-01-09T18:48:10.441-0500] {taskmixin.py:205} WARNING - Dependency <Task(_PythonDecoratedOperator): prepare_email>, send_email already registered for DAG: example_dag_decorator
[2023-01-09T18:48:10.441-0500] {logging_mixin.py:137} INFO - [2023-01-09T18:48:10.441-0500] {taskmixin.py:205} WARNING - Dependency <Task(EmailOperator): send_email>, prepare_email already registered for DAG: example_dag_decorator
[2023-01-09T18:48:10.480-0500] {processor.py:753} INFO - DAG(s) dict_keys(['example_dag_decorator']) retrieved from /Library/Frameworks/Python.framework/Versions/3.9/lib/python3.9/site-packages/airflow/example_dags/example_dag_decorator.py
[2023-01-09T18:48:11.169-0500] {logging_mixin.py:137} INFO - [2023-01-09T18:48:11.169-0500] {dag.py:2676} INFO - Sync 1 DAGs
[2023-01-09T18:48:11.184-0500] {logging_mixin.py:137} INFO - [2023-01-09T18:48:11.184-0500] {dag.py:3423} INFO - Setting next_dagrun for example_dag_decorator to None, run_after=None
[2023-01-09T18:48:11.203-0500] {processor.py:175} INFO - Processing /Library/Frameworks/Python.framework/Versions/3.9/lib/python3.9/site-packages/airflow/example_dags/example_dag_decorator.py took 1.017 seconds
[2023-01-09T18:49:38.013-0500] {processor.py:153} INFO - Started process (PID=45716) to work on /Library/Frameworks/Python.framework/Versions/3.9/lib/python3.9/site-packages/airflow/example_dags/example_dag_decorator.py
[2023-01-09T18:49:38.019-0500] {processor.py:743} INFO - Processing file /Library/Frameworks/Python.framework/Versions/3.9/lib/python3.9/site-packages/airflow/example_dags/example_dag_decorator.py for tasks to queue
[2023-01-09T18:49:38.019-0500] {logging_mixin.py:137} INFO - [2023-01-09T18:49:38.019-0500] {dagbag.py:538} INFO - Filling up the DagBag from /Library/Frameworks/Python.framework/Versions/3.9/lib/python3.9/site-packages/airflow/example_dags/example_dag_decorator.py
[2023-01-09T18:49:38.274-0500] {logging_mixin.py:137} INFO - [2023-01-09T18:49:38.274-0500] {taskmixin.py:205} WARNING - Dependency <Task(_PythonDecoratedOperator): prepare_email>, send_email already registered for DAG: example_dag_decorator
[2023-01-09T18:49:38.275-0500] {logging_mixin.py:137} INFO - [2023-01-09T18:49:38.275-0500] {taskmixin.py:205} WARNING - Dependency <Task(EmailOperator): send_email>, prepare_email already registered for DAG: example_dag_decorator
[2023-01-09T18:49:38.312-0500] {processor.py:753} INFO - DAG(s) dict_keys(['example_dag_decorator']) retrieved from /Library/Frameworks/Python.framework/Versions/3.9/lib/python3.9/site-packages/airflow/example_dags/example_dag_decorator.py
[2023-01-09T18:49:38.916-0500] {logging_mixin.py:137} INFO - [2023-01-09T18:49:38.916-0500] {dag.py:2676} INFO - Sync 1 DAGs
[2023-01-09T18:49:38.932-0500] {logging_mixin.py:137} INFO - [2023-01-09T18:49:38.931-0500] {dag.py:3423} INFO - Setting next_dagrun for example_dag_decorator to None, run_after=None
[2023-01-09T18:49:38.950-0500] {processor.py:175} INFO - Processing /Library/Frameworks/Python.framework/Versions/3.9/lib/python3.9/site-packages/airflow/example_dags/example_dag_decorator.py took 0.938 seconds
[2023-01-09T18:51:01.710-0500] {processor.py:153} INFO - Started process (PID=45781) to work on /Library/Frameworks/Python.framework/Versions/3.9/lib/python3.9/site-packages/airflow/example_dags/example_dag_decorator.py
[2023-01-09T18:51:01.716-0500] {processor.py:743} INFO - Processing file /Library/Frameworks/Python.framework/Versions/3.9/lib/python3.9/site-packages/airflow/example_dags/example_dag_decorator.py for tasks to queue
[2023-01-09T18:51:01.717-0500] {logging_mixin.py:137} INFO - [2023-01-09T18:51:01.717-0500] {dagbag.py:538} INFO - Filling up the DagBag from /Library/Frameworks/Python.framework/Versions/3.9/lib/python3.9/site-packages/airflow/example_dags/example_dag_decorator.py
[2023-01-09T18:51:01.950-0500] {logging_mixin.py:137} INFO - [2023-01-09T18:51:01.950-0500] {taskmixin.py:205} WARNING - Dependency <Task(_PythonDecoratedOperator): prepare_email>, send_email already registered for DAG: example_dag_decorator
[2023-01-09T18:51:01.950-0500] {logging_mixin.py:137} INFO - [2023-01-09T18:51:01.950-0500] {taskmixin.py:205} WARNING - Dependency <Task(EmailOperator): send_email>, prepare_email already registered for DAG: example_dag_decorator
[2023-01-09T18:51:01.984-0500] {processor.py:753} INFO - DAG(s) dict_keys(['example_dag_decorator']) retrieved from /Library/Frameworks/Python.framework/Versions/3.9/lib/python3.9/site-packages/airflow/example_dags/example_dag_decorator.py
[2023-01-09T18:51:02.497-0500] {logging_mixin.py:137} INFO - [2023-01-09T18:51:02.496-0500] {dag.py:2676} INFO - Sync 1 DAGs
[2023-01-09T18:51:02.511-0500] {logging_mixin.py:137} INFO - [2023-01-09T18:51:02.511-0500] {dag.py:3423} INFO - Setting next_dagrun for example_dag_decorator to None, run_after=None
[2023-01-09T18:51:02.530-0500] {processor.py:175} INFO - Processing /Library/Frameworks/Python.framework/Versions/3.9/lib/python3.9/site-packages/airflow/example_dags/example_dag_decorator.py took 0.820 seconds
[2023-01-09T18:52:47.644-0500] {processor.py:153} INFO - Started process (PID=45895) to work on /Library/Frameworks/Python.framework/Versions/3.9/lib/python3.9/site-packages/airflow/example_dags/example_dag_decorator.py
[2023-01-09T18:52:47.651-0500] {processor.py:743} INFO - Processing file /Library/Frameworks/Python.framework/Versions/3.9/lib/python3.9/site-packages/airflow/example_dags/example_dag_decorator.py for tasks to queue
[2023-01-09T18:52:47.653-0500] {logging_mixin.py:137} INFO - [2023-01-09T18:52:47.652-0500] {dagbag.py:538} INFO - Filling up the DagBag from /Library/Frameworks/Python.framework/Versions/3.9/lib/python3.9/site-packages/airflow/example_dags/example_dag_decorator.py
[2023-01-09T18:52:47.987-0500] {logging_mixin.py:137} INFO - [2023-01-09T18:52:47.986-0500] {taskmixin.py:205} WARNING - Dependency <Task(_PythonDecoratedOperator): prepare_email>, send_email already registered for DAG: example_dag_decorator
[2023-01-09T18:52:47.987-0500] {logging_mixin.py:137} INFO - [2023-01-09T18:52:47.987-0500] {taskmixin.py:205} WARNING - Dependency <Task(EmailOperator): send_email>, prepare_email already registered for DAG: example_dag_decorator
[2023-01-09T18:52:48.040-0500] {processor.py:753} INFO - DAG(s) dict_keys(['example_dag_decorator']) retrieved from /Library/Frameworks/Python.framework/Versions/3.9/lib/python3.9/site-packages/airflow/example_dags/example_dag_decorator.py
[2023-01-09T18:52:48.813-0500] {logging_mixin.py:137} INFO - [2023-01-09T18:52:48.813-0500] {dag.py:2676} INFO - Sync 1 DAGs
[2023-01-09T18:52:48.832-0500] {logging_mixin.py:137} INFO - [2023-01-09T18:52:48.832-0500] {dag.py:3423} INFO - Setting next_dagrun for example_dag_decorator to None, run_after=None
[2023-01-09T18:52:48.859-0500] {processor.py:175} INFO - Processing /Library/Frameworks/Python.framework/Versions/3.9/lib/python3.9/site-packages/airflow/example_dags/example_dag_decorator.py took 1.215 seconds
[2023-01-09T18:54:28.524-0500] {processor.py:153} INFO - Started process (PID=45956) to work on /Library/Frameworks/Python.framework/Versions/3.9/lib/python3.9/site-packages/airflow/example_dags/example_dag_decorator.py
[2023-01-09T18:54:28.532-0500] {processor.py:743} INFO - Processing file /Library/Frameworks/Python.framework/Versions/3.9/lib/python3.9/site-packages/airflow/example_dags/example_dag_decorator.py for tasks to queue
[2023-01-09T18:54:28.532-0500] {logging_mixin.py:137} INFO - [2023-01-09T18:54:28.532-0500] {dagbag.py:538} INFO - Filling up the DagBag from /Library/Frameworks/Python.framework/Versions/3.9/lib/python3.9/site-packages/airflow/example_dags/example_dag_decorator.py
[2023-01-09T18:54:28.840-0500] {logging_mixin.py:137} INFO - [2023-01-09T18:54:28.840-0500] {taskmixin.py:205} WARNING - Dependency <Task(_PythonDecoratedOperator): prepare_email>, send_email already registered for DAG: example_dag_decorator
[2023-01-09T18:54:28.840-0500] {logging_mixin.py:137} INFO - [2023-01-09T18:54:28.840-0500] {taskmixin.py:205} WARNING - Dependency <Task(EmailOperator): send_email>, prepare_email already registered for DAG: example_dag_decorator
[2023-01-09T18:54:28.887-0500] {processor.py:753} INFO - DAG(s) dict_keys(['example_dag_decorator']) retrieved from /Library/Frameworks/Python.framework/Versions/3.9/lib/python3.9/site-packages/airflow/example_dags/example_dag_decorator.py
[2023-01-09T18:54:29.784-0500] {logging_mixin.py:137} INFO - [2023-01-09T18:54:29.784-0500] {dag.py:2676} INFO - Sync 1 DAGs
[2023-01-09T18:54:29.807-0500] {logging_mixin.py:137} INFO - [2023-01-09T18:54:29.807-0500] {dag.py:3423} INFO - Setting next_dagrun for example_dag_decorator to None, run_after=None
[2023-01-09T18:54:29.833-0500] {processor.py:175} INFO - Processing /Library/Frameworks/Python.framework/Versions/3.9/lib/python3.9/site-packages/airflow/example_dags/example_dag_decorator.py took 1.310 seconds
[2023-01-09T18:57:03.141-0500] {processor.py:153} INFO - Started process (PID=46060) to work on /Library/Frameworks/Python.framework/Versions/3.9/lib/python3.9/site-packages/airflow/example_dags/example_dag_decorator.py
[2023-01-09T18:57:03.151-0500] {processor.py:743} INFO - Processing file /Library/Frameworks/Python.framework/Versions/3.9/lib/python3.9/site-packages/airflow/example_dags/example_dag_decorator.py for tasks to queue
[2023-01-09T18:57:03.153-0500] {logging_mixin.py:137} INFO - [2023-01-09T18:57:03.152-0500] {dagbag.py:538} INFO - Filling up the DagBag from /Library/Frameworks/Python.framework/Versions/3.9/lib/python3.9/site-packages/airflow/example_dags/example_dag_decorator.py
[2023-01-09T18:57:04.697-0500] {logging_mixin.py:137} INFO - [2023-01-09T18:57:04.696-0500] {taskmixin.py:205} WARNING - Dependency <Task(_PythonDecoratedOperator): prepare_email>, send_email already registered for DAG: example_dag_decorator
[2023-01-09T18:57:04.697-0500] {logging_mixin.py:137} INFO - [2023-01-09T18:57:04.697-0500] {taskmixin.py:205} WARNING - Dependency <Task(EmailOperator): send_email>, prepare_email already registered for DAG: example_dag_decorator
[2023-01-09T18:57:04.766-0500] {processor.py:753} INFO - DAG(s) dict_keys(['example_dag_decorator']) retrieved from /Library/Frameworks/Python.framework/Versions/3.9/lib/python3.9/site-packages/airflow/example_dags/example_dag_decorator.py
[2023-01-09T18:57:06.067-0500] {logging_mixin.py:137} INFO - [2023-01-09T18:57:06.067-0500] {dag.py:2676} INFO - Sync 1 DAGs
[2023-01-09T18:57:06.092-0500] {logging_mixin.py:137} INFO - [2023-01-09T18:57:06.092-0500] {dag.py:3423} INFO - Setting next_dagrun for example_dag_decorator to None, run_after=None
[2023-01-09T18:57:06.118-0500] {processor.py:175} INFO - Processing /Library/Frameworks/Python.framework/Versions/3.9/lib/python3.9/site-packages/airflow/example_dags/example_dag_decorator.py took 2.978 seconds
[2023-01-09T18:57:20.180-0500] {processor.py:153} INFO - Started process (PID=46073) to work on /Library/Frameworks/Python.framework/Versions/3.9/lib/python3.9/site-packages/airflow/example_dags/example_dag_decorator.py
[2023-01-09T18:57:20.199-0500] {processor.py:743} INFO - Processing file /Library/Frameworks/Python.framework/Versions/3.9/lib/python3.9/site-packages/airflow/example_dags/example_dag_decorator.py for tasks to queue
[2023-01-09T18:57:20.202-0500] {logging_mixin.py:137} INFO - [2023-01-09T18:57:20.201-0500] {dagbag.py:538} INFO - Filling up the DagBag from /Library/Frameworks/Python.framework/Versions/3.9/lib/python3.9/site-packages/airflow/example_dags/example_dag_decorator.py
[2023-01-09T18:57:20.635-0500] {logging_mixin.py:137} INFO - [2023-01-09T18:57:20.634-0500] {taskmixin.py:205} WARNING - Dependency <Task(_PythonDecoratedOperator): prepare_email>, send_email already registered for DAG: example_dag_decorator
[2023-01-09T18:57:20.635-0500] {logging_mixin.py:137} INFO - [2023-01-09T18:57:20.635-0500] {taskmixin.py:205} WARNING - Dependency <Task(EmailOperator): send_email>, prepare_email already registered for DAG: example_dag_decorator
[2023-01-09T18:57:20.692-0500] {processor.py:753} INFO - DAG(s) dict_keys(['example_dag_decorator']) retrieved from /Library/Frameworks/Python.framework/Versions/3.9/lib/python3.9/site-packages/airflow/example_dags/example_dag_decorator.py
[2023-01-09T18:57:20.755-0500] {logging_mixin.py:137} INFO - [2023-01-09T18:57:20.755-0500] {dag.py:2676} INFO - Sync 1 DAGs
[2023-01-09T18:57:21.724-0500] {logging_mixin.py:137} INFO - [2023-01-09T18:57:21.724-0500] {dag.py:3423} INFO - Setting next_dagrun for example_dag_decorator to None, run_after=None
[2023-01-09T18:57:21.784-0500] {processor.py:175} INFO - Processing /Library/Frameworks/Python.framework/Versions/3.9/lib/python3.9/site-packages/airflow/example_dags/example_dag_decorator.py took 1.605 seconds
