[2023-01-09T16:47:16.631-0500] {processor.py:153} INFO - Started process (PID=39140) to work on /Library/Frameworks/Python.framework/Versions/3.9/lib/python3.9/site-packages/airflow/example_dags/example_latest_only.py
[2023-01-09T16:47:16.636-0500] {processor.py:743} INFO - Processing file /Library/Frameworks/Python.framework/Versions/3.9/lib/python3.9/site-packages/airflow/example_dags/example_latest_only.py for tasks to queue
[2023-01-09T16:47:16.636-0500] {logging_mixin.py:137} INFO - [2023-01-09T16:47:16.636-0500] {dagbag.py:538} INFO - Filling up the DagBag from /Library/Frameworks/Python.framework/Versions/3.9/lib/python3.9/site-packages/airflow/example_dags/example_latest_only.py
[2023-01-09T16:47:16.665-0500] {processor.py:753} INFO - DAG(s) dict_keys(['latest_only']) retrieved from /Library/Frameworks/Python.framework/Versions/3.9/lib/python3.9/site-packages/airflow/example_dags/example_latest_only.py
[2023-01-09T16:47:18.116-0500] {logging_mixin.py:137} INFO - [2023-01-09T16:47:18.116-0500] {manager.py:504} INFO - Created Permission View: can edit on DAG:latest_only
[2023-01-09T16:47:18.129-0500] {logging_mixin.py:137} INFO - [2023-01-09T16:47:18.128-0500] {manager.py:504} INFO - Created Permission View: can delete on DAG:latest_only
[2023-01-09T16:47:18.137-0500] {logging_mixin.py:137} INFO - [2023-01-09T16:47:18.136-0500] {manager.py:504} INFO - Created Permission View: can read on DAG:latest_only
[2023-01-09T16:47:18.137-0500] {logging_mixin.py:137} INFO - [2023-01-09T16:47:18.137-0500] {dag.py:2676} INFO - Sync 1 DAGs
[2023-01-09T16:47:18.148-0500] {logging_mixin.py:137} INFO - [2023-01-09T16:47:18.148-0500] {dag.py:2697} INFO - Creating ORM DAG for latest_only
[2023-01-09T16:47:18.158-0500] {logging_mixin.py:137} INFO - [2023-01-09T16:47:18.158-0500] {dag.py:3423} INFO - Setting next_dagrun for latest_only to 2023-01-09T17:47:18.158117+00:00, run_after=2023-01-09T21:47:18.158117+00:00
[2023-01-09T16:47:18.177-0500] {processor.py:175} INFO - Processing /Library/Frameworks/Python.framework/Versions/3.9/lib/python3.9/site-packages/airflow/example_dags/example_latest_only.py took 1.547 seconds
[2023-01-09T16:49:14.091-0500] {processor.py:153} INFO - Started process (PID=39272) to work on /Library/Frameworks/Python.framework/Versions/3.9/lib/python3.9/site-packages/airflow/example_dags/example_latest_only.py
[2023-01-09T16:49:14.097-0500] {processor.py:743} INFO - Processing file /Library/Frameworks/Python.framework/Versions/3.9/lib/python3.9/site-packages/airflow/example_dags/example_latest_only.py for tasks to queue
[2023-01-09T16:49:14.097-0500] {logging_mixin.py:137} INFO - [2023-01-09T16:49:14.097-0500] {dagbag.py:538} INFO - Filling up the DagBag from /Library/Frameworks/Python.framework/Versions/3.9/lib/python3.9/site-packages/airflow/example_dags/example_latest_only.py
[2023-01-09T16:49:14.124-0500] {processor.py:753} INFO - DAG(s) dict_keys(['latest_only']) retrieved from /Library/Frameworks/Python.framework/Versions/3.9/lib/python3.9/site-packages/airflow/example_dags/example_latest_only.py
[2023-01-09T16:49:14.903-0500] {logging_mixin.py:137} INFO - [2023-01-09T16:49:14.903-0500] {dag.py:2676} INFO - Sync 1 DAGs
[2023-01-09T16:49:14.923-0500] {logging_mixin.py:137} INFO - [2023-01-09T16:49:14.922-0500] {dag.py:3423} INFO - Setting next_dagrun for latest_only to 2023-01-09T17:49:14.922797+00:00, run_after=2023-01-09T21:49:14.922797+00:00
[2023-01-09T16:49:14.945-0500] {processor.py:175} INFO - Processing /Library/Frameworks/Python.framework/Versions/3.9/lib/python3.9/site-packages/airflow/example_dags/example_latest_only.py took 0.854 seconds
[2023-01-09T16:52:06.048-0500] {processor.py:153} INFO - Started process (PID=39364) to work on /Library/Frameworks/Python.framework/Versions/3.9/lib/python3.9/site-packages/airflow/example_dags/example_latest_only.py
[2023-01-09T16:52:06.054-0500] {processor.py:743} INFO - Processing file /Library/Frameworks/Python.framework/Versions/3.9/lib/python3.9/site-packages/airflow/example_dags/example_latest_only.py for tasks to queue
[2023-01-09T16:52:06.054-0500] {logging_mixin.py:137} INFO - [2023-01-09T16:52:06.054-0500] {dagbag.py:538} INFO - Filling up the DagBag from /Library/Frameworks/Python.framework/Versions/3.9/lib/python3.9/site-packages/airflow/example_dags/example_latest_only.py
[2023-01-09T16:52:06.079-0500] {processor.py:753} INFO - DAG(s) dict_keys(['latest_only']) retrieved from /Library/Frameworks/Python.framework/Versions/3.9/lib/python3.9/site-packages/airflow/example_dags/example_latest_only.py
[2023-01-09T16:52:06.769-0500] {logging_mixin.py:137} INFO - [2023-01-09T16:52:06.769-0500] {dag.py:2676} INFO - Sync 1 DAGs
[2023-01-09T16:52:06.787-0500] {logging_mixin.py:137} INFO - [2023-01-09T16:52:06.787-0500] {dag.py:3423} INFO - Setting next_dagrun for latest_only to 2023-01-09T17:52:06.787253+00:00, run_after=2023-01-09T21:52:06.787253+00:00
[2023-01-09T16:52:06.807-0500] {processor.py:175} INFO - Processing /Library/Frameworks/Python.framework/Versions/3.9/lib/python3.9/site-packages/airflow/example_dags/example_latest_only.py took 0.760 seconds
[2023-01-09T16:54:52.413-0500] {processor.py:153} INFO - Started process (PID=39464) to work on /Library/Frameworks/Python.framework/Versions/3.9/lib/python3.9/site-packages/airflow/example_dags/example_latest_only.py
[2023-01-09T16:54:52.418-0500] {processor.py:743} INFO - Processing file /Library/Frameworks/Python.framework/Versions/3.9/lib/python3.9/site-packages/airflow/example_dags/example_latest_only.py for tasks to queue
[2023-01-09T16:54:52.419-0500] {logging_mixin.py:137} INFO - [2023-01-09T16:54:52.419-0500] {dagbag.py:538} INFO - Filling up the DagBag from /Library/Frameworks/Python.framework/Versions/3.9/lib/python3.9/site-packages/airflow/example_dags/example_latest_only.py
[2023-01-09T16:54:52.444-0500] {processor.py:753} INFO - DAG(s) dict_keys(['latest_only']) retrieved from /Library/Frameworks/Python.framework/Versions/3.9/lib/python3.9/site-packages/airflow/example_dags/example_latest_only.py
[2023-01-09T16:54:53.192-0500] {logging_mixin.py:137} INFO - [2023-01-09T16:54:53.192-0500] {dag.py:2676} INFO - Sync 1 DAGs
[2023-01-09T16:54:53.210-0500] {logging_mixin.py:137} INFO - [2023-01-09T16:54:53.210-0500] {dag.py:3423} INFO - Setting next_dagrun for latest_only to 2023-01-09T17:54:53.210124+00:00, run_after=2023-01-09T21:54:53.210124+00:00
[2023-01-09T16:54:53.230-0500] {processor.py:175} INFO - Processing /Library/Frameworks/Python.framework/Versions/3.9/lib/python3.9/site-packages/airflow/example_dags/example_latest_only.py took 0.818 seconds
[2023-01-09T16:57:44.435-0500] {processor.py:153} INFO - Started process (PID=40986) to work on /Library/Frameworks/Python.framework/Versions/3.9/lib/python3.9/site-packages/airflow/example_dags/example_latest_only.py
[2023-01-09T16:57:44.442-0500] {processor.py:743} INFO - Processing file /Library/Frameworks/Python.framework/Versions/3.9/lib/python3.9/site-packages/airflow/example_dags/example_latest_only.py for tasks to queue
[2023-01-09T16:57:44.443-0500] {logging_mixin.py:137} INFO - [2023-01-09T16:57:44.442-0500] {dagbag.py:538} INFO - Filling up the DagBag from /Library/Frameworks/Python.framework/Versions/3.9/lib/python3.9/site-packages/airflow/example_dags/example_latest_only.py
[2023-01-09T16:57:44.474-0500] {processor.py:753} INFO - DAG(s) dict_keys(['latest_only']) retrieved from /Library/Frameworks/Python.framework/Versions/3.9/lib/python3.9/site-packages/airflow/example_dags/example_latest_only.py
[2023-01-09T16:57:45.203-0500] {logging_mixin.py:137} INFO - [2023-01-09T16:57:45.203-0500] {dag.py:2676} INFO - Sync 1 DAGs
[2023-01-09T16:57:45.221-0500] {logging_mixin.py:137} INFO - [2023-01-09T16:57:45.221-0500] {dag.py:3423} INFO - Setting next_dagrun for latest_only to 2023-01-09T17:57:45.220996+00:00, run_after=2023-01-09T21:57:45.220996+00:00
[2023-01-09T16:57:45.245-0500] {processor.py:175} INFO - Processing /Library/Frameworks/Python.framework/Versions/3.9/lib/python3.9/site-packages/airflow/example_dags/example_latest_only.py took 0.811 seconds
[2023-01-09T17:00:30.577-0500] {processor.py:153} INFO - Started process (PID=41293) to work on /Library/Frameworks/Python.framework/Versions/3.9/lib/python3.9/site-packages/airflow/example_dags/example_latest_only.py
[2023-01-09T17:00:30.582-0500] {processor.py:743} INFO - Processing file /Library/Frameworks/Python.framework/Versions/3.9/lib/python3.9/site-packages/airflow/example_dags/example_latest_only.py for tasks to queue
[2023-01-09T17:00:30.582-0500] {logging_mixin.py:137} INFO - [2023-01-09T17:00:30.582-0500] {dagbag.py:538} INFO - Filling up the DagBag from /Library/Frameworks/Python.framework/Versions/3.9/lib/python3.9/site-packages/airflow/example_dags/example_latest_only.py
[2023-01-09T17:00:30.609-0500] {processor.py:753} INFO - DAG(s) dict_keys(['latest_only']) retrieved from /Library/Frameworks/Python.framework/Versions/3.9/lib/python3.9/site-packages/airflow/example_dags/example_latest_only.py
[2023-01-09T17:00:31.406-0500] {logging_mixin.py:137} INFO - [2023-01-09T17:00:31.405-0500] {dag.py:2676} INFO - Sync 1 DAGs
[2023-01-09T17:00:31.422-0500] {logging_mixin.py:137} INFO - [2023-01-09T17:00:31.422-0500] {dag.py:3423} INFO - Setting next_dagrun for latest_only to 2023-01-09T18:00:31.422019+00:00, run_after=2023-01-09T22:00:31.422019+00:00
[2023-01-09T17:00:31.439-0500] {processor.py:175} INFO - Processing /Library/Frameworks/Python.framework/Versions/3.9/lib/python3.9/site-packages/airflow/example_dags/example_latest_only.py took 0.863 seconds
[2023-01-09T17:03:43.213-0500] {processor.py:153} INFO - Started process (PID=41543) to work on /Library/Frameworks/Python.framework/Versions/3.9/lib/python3.9/site-packages/airflow/example_dags/example_latest_only.py
[2023-01-09T17:03:43.219-0500] {processor.py:743} INFO - Processing file /Library/Frameworks/Python.framework/Versions/3.9/lib/python3.9/site-packages/airflow/example_dags/example_latest_only.py for tasks to queue
[2023-01-09T17:03:43.220-0500] {logging_mixin.py:137} INFO - [2023-01-09T17:03:43.219-0500] {dagbag.py:538} INFO - Filling up the DagBag from /Library/Frameworks/Python.framework/Versions/3.9/lib/python3.9/site-packages/airflow/example_dags/example_latest_only.py
[2023-01-09T17:03:43.247-0500] {processor.py:753} INFO - DAG(s) dict_keys(['latest_only']) retrieved from /Library/Frameworks/Python.framework/Versions/3.9/lib/python3.9/site-packages/airflow/example_dags/example_latest_only.py
[2023-01-09T17:03:44.202-0500] {logging_mixin.py:137} INFO - [2023-01-09T17:03:44.202-0500] {dag.py:2676} INFO - Sync 1 DAGs
[2023-01-09T17:03:44.219-0500] {logging_mixin.py:137} INFO - [2023-01-09T17:03:44.219-0500] {dag.py:3423} INFO - Setting next_dagrun for latest_only to 2023-01-09T18:03:44.218886+00:00, run_after=2023-01-09T22:03:44.218886+00:00
[2023-01-09T17:03:44.238-0500] {processor.py:175} INFO - Processing /Library/Frameworks/Python.framework/Versions/3.9/lib/python3.9/site-packages/airflow/example_dags/example_latest_only.py took 1.025 seconds
[2023-01-09T17:06:42.539-0500] {processor.py:153} INFO - Started process (PID=41896) to work on /Library/Frameworks/Python.framework/Versions/3.9/lib/python3.9/site-packages/airflow/example_dags/example_latest_only.py
[2023-01-09T17:06:42.544-0500] {processor.py:743} INFO - Processing file /Library/Frameworks/Python.framework/Versions/3.9/lib/python3.9/site-packages/airflow/example_dags/example_latest_only.py for tasks to queue
[2023-01-09T17:06:42.544-0500] {logging_mixin.py:137} INFO - [2023-01-09T17:06:42.544-0500] {dagbag.py:538} INFO - Filling up the DagBag from /Library/Frameworks/Python.framework/Versions/3.9/lib/python3.9/site-packages/airflow/example_dags/example_latest_only.py
[2023-01-09T17:06:42.573-0500] {processor.py:753} INFO - DAG(s) dict_keys(['latest_only']) retrieved from /Library/Frameworks/Python.framework/Versions/3.9/lib/python3.9/site-packages/airflow/example_dags/example_latest_only.py
[2023-01-09T17:06:43.337-0500] {logging_mixin.py:137} INFO - [2023-01-09T17:06:43.337-0500] {dag.py:2676} INFO - Sync 1 DAGs
[2023-01-09T17:06:43.352-0500] {logging_mixin.py:137} INFO - [2023-01-09T17:06:43.352-0500] {dag.py:3423} INFO - Setting next_dagrun for latest_only to 2023-01-09T18:06:43.352713+00:00, run_after=2023-01-09T22:06:43.352713+00:00
[2023-01-09T17:06:43.373-0500] {processor.py:175} INFO - Processing /Library/Frameworks/Python.framework/Versions/3.9/lib/python3.9/site-packages/airflow/example_dags/example_latest_only.py took 0.835 seconds
[2023-01-09T17:09:29.619-0500] {processor.py:153} INFO - Started process (PID=42156) to work on /Library/Frameworks/Python.framework/Versions/3.9/lib/python3.9/site-packages/airflow/example_dags/example_latest_only.py
[2023-01-09T17:09:29.624-0500] {processor.py:743} INFO - Processing file /Library/Frameworks/Python.framework/Versions/3.9/lib/python3.9/site-packages/airflow/example_dags/example_latest_only.py for tasks to queue
[2023-01-09T17:09:29.625-0500] {logging_mixin.py:137} INFO - [2023-01-09T17:09:29.625-0500] {dagbag.py:538} INFO - Filling up the DagBag from /Library/Frameworks/Python.framework/Versions/3.9/lib/python3.9/site-packages/airflow/example_dags/example_latest_only.py
[2023-01-09T17:09:29.651-0500] {processor.py:753} INFO - DAG(s) dict_keys(['latest_only']) retrieved from /Library/Frameworks/Python.framework/Versions/3.9/lib/python3.9/site-packages/airflow/example_dags/example_latest_only.py
[2023-01-09T17:09:30.411-0500] {logging_mixin.py:137} INFO - [2023-01-09T17:09:30.410-0500] {dag.py:2676} INFO - Sync 1 DAGs
[2023-01-09T17:09:30.429-0500] {logging_mixin.py:137} INFO - [2023-01-09T17:09:30.428-0500] {dag.py:3423} INFO - Setting next_dagrun for latest_only to 2023-01-09T18:09:30.428802+00:00, run_after=2023-01-09T22:09:30.428802+00:00
[2023-01-09T17:09:30.449-0500] {processor.py:175} INFO - Processing /Library/Frameworks/Python.framework/Versions/3.9/lib/python3.9/site-packages/airflow/example_dags/example_latest_only.py took 0.831 seconds
[2023-01-09T17:12:14.617-0500] {processor.py:153} INFO - Started process (PID=42448) to work on /Library/Frameworks/Python.framework/Versions/3.9/lib/python3.9/site-packages/airflow/example_dags/example_latest_only.py
[2023-01-09T17:12:14.622-0500] {processor.py:743} INFO - Processing file /Library/Frameworks/Python.framework/Versions/3.9/lib/python3.9/site-packages/airflow/example_dags/example_latest_only.py for tasks to queue
[2023-01-09T17:12:14.623-0500] {logging_mixin.py:137} INFO - [2023-01-09T17:12:14.623-0500] {dagbag.py:538} INFO - Filling up the DagBag from /Library/Frameworks/Python.framework/Versions/3.9/lib/python3.9/site-packages/airflow/example_dags/example_latest_only.py
[2023-01-09T17:12:14.650-0500] {processor.py:753} INFO - DAG(s) dict_keys(['latest_only']) retrieved from /Library/Frameworks/Python.framework/Versions/3.9/lib/python3.9/site-packages/airflow/example_dags/example_latest_only.py
[2023-01-09T17:12:14.719-0500] {logging_mixin.py:137} INFO - [2023-01-09T17:12:14.719-0500] {dag.py:2676} INFO - Sync 1 DAGs
[2023-01-09T17:12:15.365-0500] {logging_mixin.py:137} INFO - [2023-01-09T17:12:15.364-0500] {dag.py:3423} INFO - Setting next_dagrun for latest_only to 2023-01-09T18:12:15.364864+00:00, run_after=2023-01-09T22:12:15.364864+00:00
[2023-01-09T17:12:15.381-0500] {processor.py:175} INFO - Processing /Library/Frameworks/Python.framework/Versions/3.9/lib/python3.9/site-packages/airflow/example_dags/example_latest_only.py took 0.765 seconds
[2023-01-09T17:13:15.503-0500] {processor.py:153} INFO - Started process (PID=42558) to work on /Library/Frameworks/Python.framework/Versions/3.9/lib/python3.9/site-packages/airflow/example_dags/example_latest_only.py
[2023-01-09T17:13:15.512-0500] {processor.py:743} INFO - Processing file /Library/Frameworks/Python.framework/Versions/3.9/lib/python3.9/site-packages/airflow/example_dags/example_latest_only.py for tasks to queue
[2023-01-09T17:13:15.512-0500] {logging_mixin.py:137} INFO - [2023-01-09T17:13:15.512-0500] {dagbag.py:538} INFO - Filling up the DagBag from /Library/Frameworks/Python.framework/Versions/3.9/lib/python3.9/site-packages/airflow/example_dags/example_latest_only.py
[2023-01-09T17:13:15.550-0500] {processor.py:753} INFO - DAG(s) dict_keys(['latest_only']) retrieved from /Library/Frameworks/Python.framework/Versions/3.9/lib/python3.9/site-packages/airflow/example_dags/example_latest_only.py
[2023-01-09T17:13:16.265-0500] {logging_mixin.py:137} INFO - [2023-01-09T17:13:16.264-0500] {dag.py:2676} INFO - Sync 1 DAGs
[2023-01-09T17:13:16.280-0500] {logging_mixin.py:137} INFO - [2023-01-09T17:13:16.280-0500] {dag.py:3423} INFO - Setting next_dagrun for latest_only to 2023-01-09T18:13:16.279910+00:00, run_after=2023-01-09T22:13:16.279910+00:00
[2023-01-09T17:13:16.296-0500] {processor.py:175} INFO - Processing /Library/Frameworks/Python.framework/Versions/3.9/lib/python3.9/site-packages/airflow/example_dags/example_latest_only.py took 0.794 seconds
[2023-01-09T17:14:58.799-0500] {processor.py:153} INFO - Started process (PID=42681) to work on /Library/Frameworks/Python.framework/Versions/3.9/lib/python3.9/site-packages/airflow/example_dags/example_latest_only.py
[2023-01-09T17:14:58.804-0500] {processor.py:743} INFO - Processing file /Library/Frameworks/Python.framework/Versions/3.9/lib/python3.9/site-packages/airflow/example_dags/example_latest_only.py for tasks to queue
[2023-01-09T17:14:58.805-0500] {logging_mixin.py:137} INFO - [2023-01-09T17:14:58.805-0500] {dagbag.py:538} INFO - Filling up the DagBag from /Library/Frameworks/Python.framework/Versions/3.9/lib/python3.9/site-packages/airflow/example_dags/example_latest_only.py
[2023-01-09T17:14:58.831-0500] {processor.py:753} INFO - DAG(s) dict_keys(['latest_only']) retrieved from /Library/Frameworks/Python.framework/Versions/3.9/lib/python3.9/site-packages/airflow/example_dags/example_latest_only.py
[2023-01-09T17:14:59.705-0500] {logging_mixin.py:137} INFO - [2023-01-09T17:14:59.705-0500] {dag.py:2676} INFO - Sync 1 DAGs
[2023-01-09T17:14:59.721-0500] {logging_mixin.py:137} INFO - [2023-01-09T17:14:59.721-0500] {dag.py:3423} INFO - Setting next_dagrun for latest_only to 2023-01-09T18:14:59.721449+00:00, run_after=2023-01-09T22:14:59.721449+00:00
[2023-01-09T17:14:59.739-0500] {processor.py:175} INFO - Processing /Library/Frameworks/Python.framework/Versions/3.9/lib/python3.9/site-packages/airflow/example_dags/example_latest_only.py took 0.941 seconds
[2023-01-09T17:15:04.001-0500] {processor.py:153} INFO - Started process (PID=42690) to work on /Library/Frameworks/Python.framework/Versions/3.9/lib/python3.9/site-packages/airflow/example_dags/example_latest_only.py
[2023-01-09T17:15:04.006-0500] {processor.py:743} INFO - Processing file /Library/Frameworks/Python.framework/Versions/3.9/lib/python3.9/site-packages/airflow/example_dags/example_latest_only.py for tasks to queue
[2023-01-09T17:15:04.006-0500] {logging_mixin.py:137} INFO - [2023-01-09T17:15:04.006-0500] {dagbag.py:538} INFO - Filling up the DagBag from /Library/Frameworks/Python.framework/Versions/3.9/lib/python3.9/site-packages/airflow/example_dags/example_latest_only.py
[2023-01-09T17:15:04.032-0500] {processor.py:753} INFO - DAG(s) dict_keys(['latest_only']) retrieved from /Library/Frameworks/Python.framework/Versions/3.9/lib/python3.9/site-packages/airflow/example_dags/example_latest_only.py
[2023-01-09T17:15:04.731-0500] {logging_mixin.py:137} INFO - [2023-01-09T17:15:04.731-0500] {dag.py:2676} INFO - Sync 1 DAGs
[2023-01-09T17:15:04.746-0500] {logging_mixin.py:137} INFO - [2023-01-09T17:15:04.746-0500] {dag.py:3423} INFO - Setting next_dagrun for latest_only to 2023-01-09T18:15:04.746029+00:00, run_after=2023-01-09T22:15:04.746029+00:00
[2023-01-09T17:15:04.762-0500] {processor.py:175} INFO - Processing /Library/Frameworks/Python.framework/Versions/3.9/lib/python3.9/site-packages/airflow/example_dags/example_latest_only.py took 0.762 seconds
[2023-01-09T17:17:32.658-0500] {processor.py:153} INFO - Started process (PID=43143) to work on /Library/Frameworks/Python.framework/Versions/3.9/lib/python3.9/site-packages/airflow/example_dags/example_latest_only.py
[2023-01-09T17:17:32.663-0500] {processor.py:743} INFO - Processing file /Library/Frameworks/Python.framework/Versions/3.9/lib/python3.9/site-packages/airflow/example_dags/example_latest_only.py for tasks to queue
[2023-01-09T17:17:32.664-0500] {logging_mixin.py:137} INFO - [2023-01-09T17:17:32.663-0500] {dagbag.py:538} INFO - Filling up the DagBag from /Library/Frameworks/Python.framework/Versions/3.9/lib/python3.9/site-packages/airflow/example_dags/example_latest_only.py
[2023-01-09T17:17:32.692-0500] {processor.py:753} INFO - DAG(s) dict_keys(['latest_only']) retrieved from /Library/Frameworks/Python.framework/Versions/3.9/lib/python3.9/site-packages/airflow/example_dags/example_latest_only.py
[2023-01-09T17:17:33.421-0500] {logging_mixin.py:137} INFO - [2023-01-09T17:17:33.421-0500] {dag.py:2676} INFO - Sync 1 DAGs
[2023-01-09T17:17:33.437-0500] {logging_mixin.py:137} INFO - [2023-01-09T17:17:33.437-0500] {dag.py:3423} INFO - Setting next_dagrun for latest_only to 2023-01-09T18:17:33.437467+00:00, run_after=2023-01-09T22:17:33.437467+00:00
[2023-01-09T17:17:33.454-0500] {processor.py:175} INFO - Processing /Library/Frameworks/Python.framework/Versions/3.9/lib/python3.9/site-packages/airflow/example_dags/example_latest_only.py took 0.797 seconds
[2023-01-09T17:17:41.133-0500] {processor.py:153} INFO - Started process (PID=43155) to work on /Library/Frameworks/Python.framework/Versions/3.9/lib/python3.9/site-packages/airflow/example_dags/example_latest_only.py
[2023-01-09T17:17:41.138-0500] {processor.py:743} INFO - Processing file /Library/Frameworks/Python.framework/Versions/3.9/lib/python3.9/site-packages/airflow/example_dags/example_latest_only.py for tasks to queue
[2023-01-09T17:17:41.139-0500] {logging_mixin.py:137} INFO - [2023-01-09T17:17:41.139-0500] {dagbag.py:538} INFO - Filling up the DagBag from /Library/Frameworks/Python.framework/Versions/3.9/lib/python3.9/site-packages/airflow/example_dags/example_latest_only.py
[2023-01-09T17:17:41.164-0500] {processor.py:753} INFO - DAG(s) dict_keys(['latest_only']) retrieved from /Library/Frameworks/Python.framework/Versions/3.9/lib/python3.9/site-packages/airflow/example_dags/example_latest_only.py
[2023-01-09T17:17:41.862-0500] {logging_mixin.py:137} INFO - [2023-01-09T17:17:41.862-0500] {dag.py:2676} INFO - Sync 1 DAGs
[2023-01-09T17:17:41.878-0500] {logging_mixin.py:137} INFO - [2023-01-09T17:17:41.877-0500] {dag.py:3423} INFO - Setting next_dagrun for latest_only to 2023-01-09T18:17:41.877750+00:00, run_after=2023-01-09T22:17:41.877750+00:00
[2023-01-09T17:17:41.894-0500] {processor.py:175} INFO - Processing /Library/Frameworks/Python.framework/Versions/3.9/lib/python3.9/site-packages/airflow/example_dags/example_latest_only.py took 0.761 seconds
[2023-01-09T17:20:02.526-0500] {processor.py:153} INFO - Started process (PID=43273) to work on /Library/Frameworks/Python.framework/Versions/3.9/lib/python3.9/site-packages/airflow/example_dags/example_latest_only.py
[2023-01-09T17:20:02.532-0500] {processor.py:743} INFO - Processing file /Library/Frameworks/Python.framework/Versions/3.9/lib/python3.9/site-packages/airflow/example_dags/example_latest_only.py for tasks to queue
[2023-01-09T17:20:02.532-0500] {logging_mixin.py:137} INFO - [2023-01-09T17:20:02.532-0500] {dagbag.py:538} INFO - Filling up the DagBag from /Library/Frameworks/Python.framework/Versions/3.9/lib/python3.9/site-packages/airflow/example_dags/example_latest_only.py
[2023-01-09T17:20:02.558-0500] {processor.py:753} INFO - DAG(s) dict_keys(['latest_only']) retrieved from /Library/Frameworks/Python.framework/Versions/3.9/lib/python3.9/site-packages/airflow/example_dags/example_latest_only.py
[2023-01-09T17:20:03.309-0500] {logging_mixin.py:137} INFO - [2023-01-09T17:20:03.308-0500] {dag.py:2676} INFO - Sync 1 DAGs
[2023-01-09T17:20:03.324-0500] {logging_mixin.py:137} INFO - [2023-01-09T17:20:03.324-0500] {dag.py:3423} INFO - Setting next_dagrun for latest_only to 2023-01-09T18:20:03.324671+00:00, run_after=2023-01-09T22:20:03.324671+00:00
[2023-01-09T17:20:03.343-0500] {processor.py:175} INFO - Processing /Library/Frameworks/Python.framework/Versions/3.9/lib/python3.9/site-packages/airflow/example_dags/example_latest_only.py took 0.817 seconds
[2023-01-09T17:20:12.817-0500] {processor.py:153} INFO - Started process (PID=43284) to work on /Library/Frameworks/Python.framework/Versions/3.9/lib/python3.9/site-packages/airflow/example_dags/example_latest_only.py
[2023-01-09T17:20:12.822-0500] {processor.py:743} INFO - Processing file /Library/Frameworks/Python.framework/Versions/3.9/lib/python3.9/site-packages/airflow/example_dags/example_latest_only.py for tasks to queue
[2023-01-09T17:20:12.822-0500] {logging_mixin.py:137} INFO - [2023-01-09T17:20:12.822-0500] {dagbag.py:538} INFO - Filling up the DagBag from /Library/Frameworks/Python.framework/Versions/3.9/lib/python3.9/site-packages/airflow/example_dags/example_latest_only.py
[2023-01-09T17:20:12.847-0500] {processor.py:753} INFO - DAG(s) dict_keys(['latest_only']) retrieved from /Library/Frameworks/Python.framework/Versions/3.9/lib/python3.9/site-packages/airflow/example_dags/example_latest_only.py
[2023-01-09T17:20:13.583-0500] {logging_mixin.py:137} INFO - [2023-01-09T17:20:13.583-0500] {dag.py:2676} INFO - Sync 1 DAGs
[2023-01-09T17:20:13.599-0500] {logging_mixin.py:137} INFO - [2023-01-09T17:20:13.599-0500] {dag.py:3423} INFO - Setting next_dagrun for latest_only to 2023-01-09T18:20:13.599176+00:00, run_after=2023-01-09T22:20:13.599176+00:00
[2023-01-09T17:20:13.618-0500] {processor.py:175} INFO - Processing /Library/Frameworks/Python.framework/Versions/3.9/lib/python3.9/site-packages/airflow/example_dags/example_latest_only.py took 0.802 seconds
[2023-01-09T17:22:34.840-0500] {processor.py:153} INFO - Started process (PID=43445) to work on /Library/Frameworks/Python.framework/Versions/3.9/lib/python3.9/site-packages/airflow/example_dags/example_latest_only.py
[2023-01-09T17:22:34.845-0500] {processor.py:743} INFO - Processing file /Library/Frameworks/Python.framework/Versions/3.9/lib/python3.9/site-packages/airflow/example_dags/example_latest_only.py for tasks to queue
[2023-01-09T17:22:34.846-0500] {logging_mixin.py:137} INFO - [2023-01-09T17:22:34.845-0500] {dagbag.py:538} INFO - Filling up the DagBag from /Library/Frameworks/Python.framework/Versions/3.9/lib/python3.9/site-packages/airflow/example_dags/example_latest_only.py
[2023-01-09T17:22:34.870-0500] {processor.py:753} INFO - DAG(s) dict_keys(['latest_only']) retrieved from /Library/Frameworks/Python.framework/Versions/3.9/lib/python3.9/site-packages/airflow/example_dags/example_latest_only.py
[2023-01-09T17:22:35.582-0500] {logging_mixin.py:137} INFO - [2023-01-09T17:22:35.582-0500] {dag.py:2676} INFO - Sync 1 DAGs
[2023-01-09T17:22:35.597-0500] {logging_mixin.py:137} INFO - [2023-01-09T17:22:35.597-0500] {dag.py:3423} INFO - Setting next_dagrun for latest_only to 2023-01-09T18:22:35.597335+00:00, run_after=2023-01-09T22:22:35.597335+00:00
[2023-01-09T17:22:35.614-0500] {processor.py:175} INFO - Processing /Library/Frameworks/Python.framework/Versions/3.9/lib/python3.9/site-packages/airflow/example_dags/example_latest_only.py took 0.775 seconds
[2023-01-09T17:22:43.808-0500] {processor.py:153} INFO - Started process (PID=43452) to work on /Library/Frameworks/Python.framework/Versions/3.9/lib/python3.9/site-packages/airflow/example_dags/example_latest_only.py
[2023-01-09T17:22:43.813-0500] {processor.py:743} INFO - Processing file /Library/Frameworks/Python.framework/Versions/3.9/lib/python3.9/site-packages/airflow/example_dags/example_latest_only.py for tasks to queue
[2023-01-09T17:22:43.813-0500] {logging_mixin.py:137} INFO - [2023-01-09T17:22:43.813-0500] {dagbag.py:538} INFO - Filling up the DagBag from /Library/Frameworks/Python.framework/Versions/3.9/lib/python3.9/site-packages/airflow/example_dags/example_latest_only.py
[2023-01-09T17:22:43.839-0500] {processor.py:753} INFO - DAG(s) dict_keys(['latest_only']) retrieved from /Library/Frameworks/Python.framework/Versions/3.9/lib/python3.9/site-packages/airflow/example_dags/example_latest_only.py
[2023-01-09T17:22:44.553-0500] {logging_mixin.py:137} INFO - [2023-01-09T17:22:44.552-0500] {dag.py:2676} INFO - Sync 1 DAGs
[2023-01-09T17:22:44.569-0500] {logging_mixin.py:137} INFO - [2023-01-09T17:22:44.569-0500] {dag.py:3423} INFO - Setting next_dagrun for latest_only to 2023-01-09T18:22:44.569136+00:00, run_after=2023-01-09T22:22:44.569136+00:00
[2023-01-09T17:22:44.589-0500] {processor.py:175} INFO - Processing /Library/Frameworks/Python.framework/Versions/3.9/lib/python3.9/site-packages/airflow/example_dags/example_latest_only.py took 0.782 seconds
[2023-01-09T18:31:09.477-0500] {processor.py:153} INFO - Started process (PID=44458) to work on /Library/Frameworks/Python.framework/Versions/3.9/lib/python3.9/site-packages/airflow/example_dags/example_latest_only.py
[2023-01-09T18:31:09.477-0500] {processor.py:153} INFO - Started process (PID=44457) to work on /Library/Frameworks/Python.framework/Versions/3.9/lib/python3.9/site-packages/airflow/example_dags/example_latest_only.py
[2023-01-09T18:31:09.482-0500] {processor.py:743} INFO - Processing file /Library/Frameworks/Python.framework/Versions/3.9/lib/python3.9/site-packages/airflow/example_dags/example_latest_only.py for tasks to queue
[2023-01-09T18:31:09.482-0500] {processor.py:743} INFO - Processing file /Library/Frameworks/Python.framework/Versions/3.9/lib/python3.9/site-packages/airflow/example_dags/example_latest_only.py for tasks to queue
[2023-01-09T18:31:09.483-0500] {logging_mixin.py:137} INFO - [2023-01-09T18:31:09.483-0500] {dagbag.py:538} INFO - Filling up the DagBag from /Library/Frameworks/Python.framework/Versions/3.9/lib/python3.9/site-packages/airflow/example_dags/example_latest_only.py
[2023-01-09T18:31:09.483-0500] {logging_mixin.py:137} INFO - [2023-01-09T18:31:09.483-0500] {dagbag.py:538} INFO - Filling up the DagBag from /Library/Frameworks/Python.framework/Versions/3.9/lib/python3.9/site-packages/airflow/example_dags/example_latest_only.py
[2023-01-09T18:31:09.511-0500] {processor.py:753} INFO - DAG(s) dict_keys(['latest_only']) retrieved from /Library/Frameworks/Python.framework/Versions/3.9/lib/python3.9/site-packages/airflow/example_dags/example_latest_only.py
[2023-01-09T18:31:09.511-0500] {processor.py:753} INFO - DAG(s) dict_keys(['latest_only']) retrieved from /Library/Frameworks/Python.framework/Versions/3.9/lib/python3.9/site-packages/airflow/example_dags/example_latest_only.py
[2023-01-09T18:31:10.304-0500] {logging_mixin.py:137} INFO - [2023-01-09T18:31:10.304-0500] {dag.py:2676} INFO - Sync 1 DAGs
[2023-01-09T18:31:10.305-0500] {logging_mixin.py:137} INFO - [2023-01-09T18:31:10.305-0500] {dag.py:2676} INFO - Sync 1 DAGs
[2023-01-09T18:31:10.322-0500] {logging_mixin.py:137} INFO - [2023-01-09T18:31:10.322-0500] {dag.py:3423} INFO - Setting next_dagrun for latest_only to 2023-01-09T19:31:10.322489+00:00, run_after=2023-01-09T23:31:10.322489+00:00
[2023-01-09T18:31:10.324-0500] {logging_mixin.py:137} INFO - [2023-01-09T18:31:10.323-0500] {dag.py:3423} INFO - Setting next_dagrun for latest_only to 2023-01-09T19:31:10.323707+00:00, run_after=2023-01-09T23:31:10.323707+00:00
[2023-01-09T18:31:10.347-0500] {processor.py:175} INFO - Processing /Library/Frameworks/Python.framework/Versions/3.9/lib/python3.9/site-packages/airflow/example_dags/example_latest_only.py took 0.870 seconds
[2023-01-09T18:31:10.351-0500] {processor.py:175} INFO - Processing /Library/Frameworks/Python.framework/Versions/3.9/lib/python3.9/site-packages/airflow/example_dags/example_latest_only.py took 0.874 seconds
[2023-01-09T18:32:59.778-0500] {processor.py:153} INFO - Started process (PID=44591) to work on /Library/Frameworks/Python.framework/Versions/3.9/lib/python3.9/site-packages/airflow/example_dags/example_latest_only.py
[2023-01-09T18:32:59.784-0500] {processor.py:743} INFO - Processing file /Library/Frameworks/Python.framework/Versions/3.9/lib/python3.9/site-packages/airflow/example_dags/example_latest_only.py for tasks to queue
[2023-01-09T18:32:59.784-0500] {logging_mixin.py:137} INFO - [2023-01-09T18:32:59.784-0500] {dagbag.py:538} INFO - Filling up the DagBag from /Library/Frameworks/Python.framework/Versions/3.9/lib/python3.9/site-packages/airflow/example_dags/example_latest_only.py
[2023-01-09T18:32:59.810-0500] {processor.py:753} INFO - DAG(s) dict_keys(['latest_only']) retrieved from /Library/Frameworks/Python.framework/Versions/3.9/lib/python3.9/site-packages/airflow/example_dags/example_latest_only.py
[2023-01-09T18:33:00.501-0500] {processor.py:153} INFO - Started process (PID=44592) to work on /Library/Frameworks/Python.framework/Versions/3.9/lib/python3.9/site-packages/airflow/example_dags/example_latest_only.py
[2023-01-09T18:33:00.506-0500] {processor.py:743} INFO - Processing file /Library/Frameworks/Python.framework/Versions/3.9/lib/python3.9/site-packages/airflow/example_dags/example_latest_only.py for tasks to queue
[2023-01-09T18:33:00.506-0500] {logging_mixin.py:137} INFO - [2023-01-09T18:33:00.506-0500] {dagbag.py:538} INFO - Filling up the DagBag from /Library/Frameworks/Python.framework/Versions/3.9/lib/python3.9/site-packages/airflow/example_dags/example_latest_only.py
[2023-01-09T18:33:00.509-0500] {logging_mixin.py:137} INFO - [2023-01-09T18:33:00.509-0500] {dag.py:2676} INFO - Sync 1 DAGs
[2023-01-09T18:33:00.525-0500] {logging_mixin.py:137} INFO - [2023-01-09T18:33:00.525-0500] {dag.py:3423} INFO - Setting next_dagrun for latest_only to 2023-01-09T19:33:00.525049+00:00, run_after=2023-01-09T23:33:00.525049+00:00
[2023-01-09T18:33:00.533-0500] {processor.py:753} INFO - DAG(s) dict_keys(['latest_only']) retrieved from /Library/Frameworks/Python.framework/Versions/3.9/lib/python3.9/site-packages/airflow/example_dags/example_latest_only.py
[2023-01-09T18:33:00.545-0500] {processor.py:175} INFO - Processing /Library/Frameworks/Python.framework/Versions/3.9/lib/python3.9/site-packages/airflow/example_dags/example_latest_only.py took 0.767 seconds
[2023-01-09T18:33:01.242-0500] {logging_mixin.py:137} INFO - [2023-01-09T18:33:01.242-0500] {dag.py:2676} INFO - Sync 1 DAGs
[2023-01-09T18:33:01.260-0500] {logging_mixin.py:137} INFO - [2023-01-09T18:33:01.260-0500] {dag.py:3423} INFO - Setting next_dagrun for latest_only to 2023-01-09T19:33:01.260192+00:00, run_after=2023-01-09T23:33:01.260192+00:00
[2023-01-09T18:33:01.278-0500] {processor.py:175} INFO - Processing /Library/Frameworks/Python.framework/Versions/3.9/lib/python3.9/site-packages/airflow/example_dags/example_latest_only.py took 0.777 seconds
[2023-01-09T18:35:36.482-0500] {processor.py:153} INFO - Started process (PID=44728) to work on /Library/Frameworks/Python.framework/Versions/3.9/lib/python3.9/site-packages/airflow/example_dags/example_latest_only.py
[2023-01-09T18:35:36.488-0500] {processor.py:743} INFO - Processing file /Library/Frameworks/Python.framework/Versions/3.9/lib/python3.9/site-packages/airflow/example_dags/example_latest_only.py for tasks to queue
[2023-01-09T18:35:36.489-0500] {logging_mixin.py:137} INFO - [2023-01-09T18:35:36.489-0500] {dagbag.py:538} INFO - Filling up the DagBag from /Library/Frameworks/Python.framework/Versions/3.9/lib/python3.9/site-packages/airflow/example_dags/example_latest_only.py
[2023-01-09T18:35:36.516-0500] {processor.py:753} INFO - DAG(s) dict_keys(['latest_only']) retrieved from /Library/Frameworks/Python.framework/Versions/3.9/lib/python3.9/site-packages/airflow/example_dags/example_latest_only.py
[2023-01-09T18:35:37.203-0500] {logging_mixin.py:137} INFO - [2023-01-09T18:35:37.203-0500] {dag.py:2676} INFO - Sync 1 DAGs
[2023-01-09T18:35:37.223-0500] {logging_mixin.py:137} INFO - [2023-01-09T18:35:37.222-0500] {dag.py:3423} INFO - Setting next_dagrun for latest_only to 2023-01-09T19:35:37.222723+00:00, run_after=2023-01-09T23:35:37.222723+00:00
[2023-01-09T18:35:37.244-0500] {processor.py:175} INFO - Processing /Library/Frameworks/Python.framework/Versions/3.9/lib/python3.9/site-packages/airflow/example_dags/example_latest_only.py took 0.763 seconds
[2023-01-09T18:35:41.860-0500] {processor.py:153} INFO - Started process (PID=44732) to work on /Library/Frameworks/Python.framework/Versions/3.9/lib/python3.9/site-packages/airflow/example_dags/example_latest_only.py
[2023-01-09T18:35:41.865-0500] {processor.py:743} INFO - Processing file /Library/Frameworks/Python.framework/Versions/3.9/lib/python3.9/site-packages/airflow/example_dags/example_latest_only.py for tasks to queue
[2023-01-09T18:35:41.865-0500] {logging_mixin.py:137} INFO - [2023-01-09T18:35:41.865-0500] {dagbag.py:538} INFO - Filling up the DagBag from /Library/Frameworks/Python.framework/Versions/3.9/lib/python3.9/site-packages/airflow/example_dags/example_latest_only.py
[2023-01-09T18:35:41.892-0500] {processor.py:753} INFO - DAG(s) dict_keys(['latest_only']) retrieved from /Library/Frameworks/Python.framework/Versions/3.9/lib/python3.9/site-packages/airflow/example_dags/example_latest_only.py
[2023-01-09T18:35:42.600-0500] {logging_mixin.py:137} INFO - [2023-01-09T18:35:42.599-0500] {dag.py:2676} INFO - Sync 1 DAGs
[2023-01-09T18:35:42.615-0500] {logging_mixin.py:137} INFO - [2023-01-09T18:35:42.615-0500] {dag.py:3423} INFO - Setting next_dagrun for latest_only to 2023-01-09T19:35:42.615215+00:00, run_after=2023-01-09T23:35:42.615215+00:00
[2023-01-09T18:35:42.632-0500] {processor.py:175} INFO - Processing /Library/Frameworks/Python.framework/Versions/3.9/lib/python3.9/site-packages/airflow/example_dags/example_latest_only.py took 0.772 seconds
[2023-01-09T18:38:17.678-0500] {processor.py:153} INFO - Started process (PID=44886) to work on /Library/Frameworks/Python.framework/Versions/3.9/lib/python3.9/site-packages/airflow/example_dags/example_latest_only.py
[2023-01-09T18:38:17.683-0500] {processor.py:743} INFO - Processing file /Library/Frameworks/Python.framework/Versions/3.9/lib/python3.9/site-packages/airflow/example_dags/example_latest_only.py for tasks to queue
[2023-01-09T18:38:17.684-0500] {logging_mixin.py:137} INFO - [2023-01-09T18:38:17.684-0500] {dagbag.py:538} INFO - Filling up the DagBag from /Library/Frameworks/Python.framework/Versions/3.9/lib/python3.9/site-packages/airflow/example_dags/example_latest_only.py
[2023-01-09T18:38:17.711-0500] {processor.py:753} INFO - DAG(s) dict_keys(['latest_only']) retrieved from /Library/Frameworks/Python.framework/Versions/3.9/lib/python3.9/site-packages/airflow/example_dags/example_latest_only.py
[2023-01-09T18:38:18.454-0500] {logging_mixin.py:137} INFO - [2023-01-09T18:38:18.454-0500] {dag.py:2676} INFO - Sync 1 DAGs
[2023-01-09T18:38:18.470-0500] {logging_mixin.py:137} INFO - [2023-01-09T18:38:18.470-0500] {dag.py:3423} INFO - Setting next_dagrun for latest_only to 2023-01-09T19:38:18.469907+00:00, run_after=2023-01-09T23:38:18.469907+00:00
[2023-01-09T18:38:18.487-0500] {processor.py:175} INFO - Processing /Library/Frameworks/Python.framework/Versions/3.9/lib/python3.9/site-packages/airflow/example_dags/example_latest_only.py took 0.810 seconds
[2023-01-09T18:38:19.826-0500] {processor.py:153} INFO - Started process (PID=44894) to work on /Library/Frameworks/Python.framework/Versions/3.9/lib/python3.9/site-packages/airflow/example_dags/example_latest_only.py
[2023-01-09T18:38:19.831-0500] {processor.py:743} INFO - Processing file /Library/Frameworks/Python.framework/Versions/3.9/lib/python3.9/site-packages/airflow/example_dags/example_latest_only.py for tasks to queue
[2023-01-09T18:38:19.831-0500] {logging_mixin.py:137} INFO - [2023-01-09T18:38:19.831-0500] {dagbag.py:538} INFO - Filling up the DagBag from /Library/Frameworks/Python.framework/Versions/3.9/lib/python3.9/site-packages/airflow/example_dags/example_latest_only.py
[2023-01-09T18:38:19.857-0500] {processor.py:753} INFO - DAG(s) dict_keys(['latest_only']) retrieved from /Library/Frameworks/Python.framework/Versions/3.9/lib/python3.9/site-packages/airflow/example_dags/example_latest_only.py
[2023-01-09T18:38:20.587-0500] {logging_mixin.py:137} INFO - [2023-01-09T18:38:20.587-0500] {dag.py:2676} INFO - Sync 1 DAGs
[2023-01-09T18:38:20.604-0500] {logging_mixin.py:137} INFO - [2023-01-09T18:38:20.604-0500] {dag.py:3423} INFO - Setting next_dagrun for latest_only to 2023-01-09T19:38:20.604454+00:00, run_after=2023-01-09T23:38:20.604454+00:00
[2023-01-09T18:38:20.622-0500] {processor.py:175} INFO - Processing /Library/Frameworks/Python.framework/Versions/3.9/lib/python3.9/site-packages/airflow/example_dags/example_latest_only.py took 0.797 seconds
[2023-01-09T18:40:52.527-0500] {processor.py:153} INFO - Started process (PID=45109) to work on /Library/Frameworks/Python.framework/Versions/3.9/lib/python3.9/site-packages/airflow/example_dags/example_latest_only.py
[2023-01-09T18:40:52.533-0500] {processor.py:743} INFO - Processing file /Library/Frameworks/Python.framework/Versions/3.9/lib/python3.9/site-packages/airflow/example_dags/example_latest_only.py for tasks to queue
[2023-01-09T18:40:52.534-0500] {logging_mixin.py:137} INFO - [2023-01-09T18:40:52.534-0500] {dagbag.py:538} INFO - Filling up the DagBag from /Library/Frameworks/Python.framework/Versions/3.9/lib/python3.9/site-packages/airflow/example_dags/example_latest_only.py
[2023-01-09T18:40:52.562-0500] {processor.py:753} INFO - DAG(s) dict_keys(['latest_only']) retrieved from /Library/Frameworks/Python.framework/Versions/3.9/lib/python3.9/site-packages/airflow/example_dags/example_latest_only.py
[2023-01-09T18:40:53.351-0500] {logging_mixin.py:137} INFO - [2023-01-09T18:40:53.350-0500] {dag.py:2676} INFO - Sync 1 DAGs
[2023-01-09T18:40:53.370-0500] {logging_mixin.py:137} INFO - [2023-01-09T18:40:53.370-0500] {dag.py:3423} INFO - Setting next_dagrun for latest_only to 2023-01-09T19:40:53.370608+00:00, run_after=2023-01-09T23:40:53.370608+00:00
[2023-01-09T18:40:53.395-0500] {processor.py:175} INFO - Processing /Library/Frameworks/Python.framework/Versions/3.9/lib/python3.9/site-packages/airflow/example_dags/example_latest_only.py took 0.869 seconds
[2023-01-09T18:40:57.242-0500] {processor.py:153} INFO - Started process (PID=45112) to work on /Library/Frameworks/Python.framework/Versions/3.9/lib/python3.9/site-packages/airflow/example_dags/example_latest_only.py
[2023-01-09T18:40:57.247-0500] {processor.py:743} INFO - Processing file /Library/Frameworks/Python.framework/Versions/3.9/lib/python3.9/site-packages/airflow/example_dags/example_latest_only.py for tasks to queue
[2023-01-09T18:40:57.247-0500] {logging_mixin.py:137} INFO - [2023-01-09T18:40:57.247-0500] {dagbag.py:538} INFO - Filling up the DagBag from /Library/Frameworks/Python.framework/Versions/3.9/lib/python3.9/site-packages/airflow/example_dags/example_latest_only.py
[2023-01-09T18:40:57.272-0500] {processor.py:753} INFO - DAG(s) dict_keys(['latest_only']) retrieved from /Library/Frameworks/Python.framework/Versions/3.9/lib/python3.9/site-packages/airflow/example_dags/example_latest_only.py
[2023-01-09T18:40:57.989-0500] {logging_mixin.py:137} INFO - [2023-01-09T18:40:57.989-0500] {dag.py:2676} INFO - Sync 1 DAGs
[2023-01-09T18:40:58.004-0500] {logging_mixin.py:137} INFO - [2023-01-09T18:40:58.004-0500] {dag.py:3423} INFO - Setting next_dagrun for latest_only to 2023-01-09T19:40:58.004384+00:00, run_after=2023-01-09T23:40:58.004384+00:00
[2023-01-09T18:40:58.021-0500] {processor.py:175} INFO - Processing /Library/Frameworks/Python.framework/Versions/3.9/lib/python3.9/site-packages/airflow/example_dags/example_latest_only.py took 0.780 seconds
[2023-01-09T18:43:31.187-0500] {processor.py:153} INFO - Started process (PID=45251) to work on /Library/Frameworks/Python.framework/Versions/3.9/lib/python3.9/site-packages/airflow/example_dags/example_latest_only.py
[2023-01-09T18:43:31.193-0500] {processor.py:743} INFO - Processing file /Library/Frameworks/Python.framework/Versions/3.9/lib/python3.9/site-packages/airflow/example_dags/example_latest_only.py for tasks to queue
[2023-01-09T18:43:31.194-0500] {logging_mixin.py:137} INFO - [2023-01-09T18:43:31.193-0500] {dagbag.py:538} INFO - Filling up the DagBag from /Library/Frameworks/Python.framework/Versions/3.9/lib/python3.9/site-packages/airflow/example_dags/example_latest_only.py
[2023-01-09T18:43:31.221-0500] {processor.py:753} INFO - DAG(s) dict_keys(['latest_only']) retrieved from /Library/Frameworks/Python.framework/Versions/3.9/lib/python3.9/site-packages/airflow/example_dags/example_latest_only.py
[2023-01-09T18:43:31.912-0500] {logging_mixin.py:137} INFO - [2023-01-09T18:43:31.911-0500] {dag.py:2676} INFO - Sync 1 DAGs
[2023-01-09T18:43:31.927-0500] {logging_mixin.py:137} INFO - [2023-01-09T18:43:31.927-0500] {dag.py:3423} INFO - Setting next_dagrun for latest_only to 2023-01-09T19:43:31.926904+00:00, run_after=2023-01-09T23:43:31.926904+00:00
[2023-01-09T18:43:31.944-0500] {processor.py:175} INFO - Processing /Library/Frameworks/Python.framework/Versions/3.9/lib/python3.9/site-packages/airflow/example_dags/example_latest_only.py took 0.757 seconds
[2023-01-09T18:43:36.825-0500] {processor.py:153} INFO - Started process (PID=45255) to work on /Library/Frameworks/Python.framework/Versions/3.9/lib/python3.9/site-packages/airflow/example_dags/example_latest_only.py
[2023-01-09T18:43:36.829-0500] {processor.py:743} INFO - Processing file /Library/Frameworks/Python.framework/Versions/3.9/lib/python3.9/site-packages/airflow/example_dags/example_latest_only.py for tasks to queue
[2023-01-09T18:43:36.830-0500] {logging_mixin.py:137} INFO - [2023-01-09T18:43:36.830-0500] {dagbag.py:538} INFO - Filling up the DagBag from /Library/Frameworks/Python.framework/Versions/3.9/lib/python3.9/site-packages/airflow/example_dags/example_latest_only.py
[2023-01-09T18:43:36.856-0500] {processor.py:753} INFO - DAG(s) dict_keys(['latest_only']) retrieved from /Library/Frameworks/Python.framework/Versions/3.9/lib/python3.9/site-packages/airflow/example_dags/example_latest_only.py
[2023-01-09T18:43:37.550-0500] {logging_mixin.py:137} INFO - [2023-01-09T18:43:37.549-0500] {dag.py:2676} INFO - Sync 1 DAGs
[2023-01-09T18:43:37.565-0500] {logging_mixin.py:137} INFO - [2023-01-09T18:43:37.564-0500] {dag.py:3423} INFO - Setting next_dagrun for latest_only to 2023-01-09T19:43:37.564874+00:00, run_after=2023-01-09T23:43:37.564874+00:00
[2023-01-09T18:43:37.583-0500] {processor.py:175} INFO - Processing /Library/Frameworks/Python.framework/Versions/3.9/lib/python3.9/site-packages/airflow/example_dags/example_latest_only.py took 0.759 seconds
[2023-01-09T18:46:29.729-0500] {processor.py:153} INFO - Started process (PID=45501) to work on /Library/Frameworks/Python.framework/Versions/3.9/lib/python3.9/site-packages/airflow/example_dags/example_latest_only.py
[2023-01-09T18:46:29.736-0500] {processor.py:743} INFO - Processing file /Library/Frameworks/Python.framework/Versions/3.9/lib/python3.9/site-packages/airflow/example_dags/example_latest_only.py for tasks to queue
[2023-01-09T18:46:29.737-0500] {logging_mixin.py:137} INFO - [2023-01-09T18:46:29.737-0500] {dagbag.py:538} INFO - Filling up the DagBag from /Library/Frameworks/Python.framework/Versions/3.9/lib/python3.9/site-packages/airflow/example_dags/example_latest_only.py
[2023-01-09T18:46:29.769-0500] {processor.py:753} INFO - DAG(s) dict_keys(['latest_only']) retrieved from /Library/Frameworks/Python.framework/Versions/3.9/lib/python3.9/site-packages/airflow/example_dags/example_latest_only.py
[2023-01-09T18:46:30.599-0500] {logging_mixin.py:137} INFO - [2023-01-09T18:46:30.599-0500] {dag.py:2676} INFO - Sync 1 DAGs
[2023-01-09T18:46:30.616-0500] {logging_mixin.py:137} INFO - [2023-01-09T18:46:30.616-0500] {dag.py:3423} INFO - Setting next_dagrun for latest_only to 2023-01-09T19:46:30.616009+00:00, run_after=2023-01-09T23:46:30.616009+00:00
[2023-01-09T18:46:30.636-0500] {processor.py:175} INFO - Processing /Library/Frameworks/Python.framework/Versions/3.9/lib/python3.9/site-packages/airflow/example_dags/example_latest_only.py took 0.907 seconds
[2023-01-09T18:46:35.656-0500] {processor.py:153} INFO - Started process (PID=45508) to work on /Library/Frameworks/Python.framework/Versions/3.9/lib/python3.9/site-packages/airflow/example_dags/example_latest_only.py
[2023-01-09T18:46:35.662-0500] {processor.py:743} INFO - Processing file /Library/Frameworks/Python.framework/Versions/3.9/lib/python3.9/site-packages/airflow/example_dags/example_latest_only.py for tasks to queue
[2023-01-09T18:46:35.663-0500] {logging_mixin.py:137} INFO - [2023-01-09T18:46:35.663-0500] {dagbag.py:538} INFO - Filling up the DagBag from /Library/Frameworks/Python.framework/Versions/3.9/lib/python3.9/site-packages/airflow/example_dags/example_latest_only.py
[2023-01-09T18:46:35.699-0500] {processor.py:753} INFO - DAG(s) dict_keys(['latest_only']) retrieved from /Library/Frameworks/Python.framework/Versions/3.9/lib/python3.9/site-packages/airflow/example_dags/example_latest_only.py
[2023-01-09T18:46:36.757-0500] {logging_mixin.py:137} INFO - [2023-01-09T18:46:36.757-0500] {dag.py:2676} INFO - Sync 1 DAGs
[2023-01-09T18:46:36.775-0500] {logging_mixin.py:137} INFO - [2023-01-09T18:46:36.775-0500] {dag.py:3423} INFO - Setting next_dagrun for latest_only to 2023-01-09T19:46:36.775346+00:00, run_after=2023-01-09T23:46:36.775346+00:00
[2023-01-09T18:46:36.795-0500] {processor.py:175} INFO - Processing /Library/Frameworks/Python.framework/Versions/3.9/lib/python3.9/site-packages/airflow/example_dags/example_latest_only.py took 1.139 seconds
[2023-01-09T18:49:27.380-0500] {processor.py:153} INFO - Started process (PID=45708) to work on /Library/Frameworks/Python.framework/Versions/3.9/lib/python3.9/site-packages/airflow/example_dags/example_latest_only.py
[2023-01-09T18:49:27.385-0500] {processor.py:743} INFO - Processing file /Library/Frameworks/Python.framework/Versions/3.9/lib/python3.9/site-packages/airflow/example_dags/example_latest_only.py for tasks to queue
[2023-01-09T18:49:27.385-0500] {logging_mixin.py:137} INFO - [2023-01-09T18:49:27.385-0500] {dagbag.py:538} INFO - Filling up the DagBag from /Library/Frameworks/Python.framework/Versions/3.9/lib/python3.9/site-packages/airflow/example_dags/example_latest_only.py
[2023-01-09T18:49:27.417-0500] {processor.py:753} INFO - DAG(s) dict_keys(['latest_only']) retrieved from /Library/Frameworks/Python.framework/Versions/3.9/lib/python3.9/site-packages/airflow/example_dags/example_latest_only.py
[2023-01-09T18:49:28.297-0500] {logging_mixin.py:137} INFO - [2023-01-09T18:49:28.297-0500] {dag.py:2676} INFO - Sync 1 DAGs
[2023-01-09T18:49:28.314-0500] {logging_mixin.py:137} INFO - [2023-01-09T18:49:28.314-0500] {dag.py:3423} INFO - Setting next_dagrun for latest_only to 2023-01-09T19:49:28.314264+00:00, run_after=2023-01-09T23:49:28.314264+00:00
[2023-01-09T18:49:28.334-0500] {processor.py:175} INFO - Processing /Library/Frameworks/Python.framework/Versions/3.9/lib/python3.9/site-packages/airflow/example_dags/example_latest_only.py took 0.955 seconds
[2023-01-09T18:49:36.980-0500] {processor.py:153} INFO - Started process (PID=45715) to work on /Library/Frameworks/Python.framework/Versions/3.9/lib/python3.9/site-packages/airflow/example_dags/example_latest_only.py
[2023-01-09T18:49:36.984-0500] {processor.py:743} INFO - Processing file /Library/Frameworks/Python.framework/Versions/3.9/lib/python3.9/site-packages/airflow/example_dags/example_latest_only.py for tasks to queue
[2023-01-09T18:49:36.985-0500] {logging_mixin.py:137} INFO - [2023-01-09T18:49:36.985-0500] {dagbag.py:538} INFO - Filling up the DagBag from /Library/Frameworks/Python.framework/Versions/3.9/lib/python3.9/site-packages/airflow/example_dags/example_latest_only.py
[2023-01-09T18:49:37.014-0500] {processor.py:753} INFO - DAG(s) dict_keys(['latest_only']) retrieved from /Library/Frameworks/Python.framework/Versions/3.9/lib/python3.9/site-packages/airflow/example_dags/example_latest_only.py
[2023-01-09T18:49:37.787-0500] {logging_mixin.py:137} INFO - [2023-01-09T18:49:37.787-0500] {dag.py:2676} INFO - Sync 1 DAGs
[2023-01-09T18:49:37.804-0500] {logging_mixin.py:137} INFO - [2023-01-09T18:49:37.804-0500] {dag.py:3423} INFO - Setting next_dagrun for latest_only to 2023-01-09T19:49:37.804657+00:00, run_after=2023-01-09T23:49:37.804657+00:00
[2023-01-09T18:49:37.827-0500] {processor.py:175} INFO - Processing /Library/Frameworks/Python.framework/Versions/3.9/lib/python3.9/site-packages/airflow/example_dags/example_latest_only.py took 0.849 seconds
[2023-01-09T18:52:31.673-0500] {processor.py:153} INFO - Started process (PID=45887) to work on /Library/Frameworks/Python.framework/Versions/3.9/lib/python3.9/site-packages/airflow/example_dags/example_latest_only.py
[2023-01-09T18:52:31.680-0500] {processor.py:743} INFO - Processing file /Library/Frameworks/Python.framework/Versions/3.9/lib/python3.9/site-packages/airflow/example_dags/example_latest_only.py for tasks to queue
[2023-01-09T18:52:31.681-0500] {logging_mixin.py:137} INFO - [2023-01-09T18:52:31.681-0500] {dagbag.py:538} INFO - Filling up the DagBag from /Library/Frameworks/Python.framework/Versions/3.9/lib/python3.9/site-packages/airflow/example_dags/example_latest_only.py
[2023-01-09T18:52:31.721-0500] {processor.py:753} INFO - DAG(s) dict_keys(['latest_only']) retrieved from /Library/Frameworks/Python.framework/Versions/3.9/lib/python3.9/site-packages/airflow/example_dags/example_latest_only.py
[2023-01-09T18:52:33.123-0500] {logging_mixin.py:137} INFO - [2023-01-09T18:52:33.123-0500] {dag.py:2676} INFO - Sync 1 DAGs
[2023-01-09T18:52:33.145-0500] {logging_mixin.py:137} INFO - [2023-01-09T18:52:33.144-0500] {dag.py:3423} INFO - Setting next_dagrun for latest_only to 2023-01-09T19:52:33.144667+00:00, run_after=2023-01-09T23:52:33.144667+00:00
[2023-01-09T18:52:33.171-0500] {processor.py:175} INFO - Processing /Library/Frameworks/Python.framework/Versions/3.9/lib/python3.9/site-packages/airflow/example_dags/example_latest_only.py took 1.499 seconds
[2023-01-09T18:52:43.109-0500] {processor.py:153} INFO - Started process (PID=45892) to work on /Library/Frameworks/Python.framework/Versions/3.9/lib/python3.9/site-packages/airflow/example_dags/example_latest_only.py
[2023-01-09T18:52:43.116-0500] {processor.py:743} INFO - Processing file /Library/Frameworks/Python.framework/Versions/3.9/lib/python3.9/site-packages/airflow/example_dags/example_latest_only.py for tasks to queue
[2023-01-09T18:52:43.116-0500] {logging_mixin.py:137} INFO - [2023-01-09T18:52:43.116-0500] {dagbag.py:538} INFO - Filling up the DagBag from /Library/Frameworks/Python.framework/Versions/3.9/lib/python3.9/site-packages/airflow/example_dags/example_latest_only.py
[2023-01-09T18:52:43.152-0500] {processor.py:753} INFO - DAG(s) dict_keys(['latest_only']) retrieved from /Library/Frameworks/Python.framework/Versions/3.9/lib/python3.9/site-packages/airflow/example_dags/example_latest_only.py
[2023-01-09T18:52:44.491-0500] {logging_mixin.py:137} INFO - [2023-01-09T18:52:44.491-0500] {dag.py:2676} INFO - Sync 1 DAGs
[2023-01-09T18:52:44.512-0500] {logging_mixin.py:137} INFO - [2023-01-09T18:52:44.511-0500] {dag.py:3423} INFO - Setting next_dagrun for latest_only to 2023-01-09T19:52:44.511830+00:00, run_after=2023-01-09T23:52:44.511830+00:00
[2023-01-09T18:52:44.541-0500] {processor.py:175} INFO - Processing /Library/Frameworks/Python.framework/Versions/3.9/lib/python3.9/site-packages/airflow/example_dags/example_latest_only.py took 1.433 seconds
[2023-01-09T18:56:44.105-0500] {processor.py:153} INFO - Started process (PID=46049) to work on /Library/Frameworks/Python.framework/Versions/3.9/lib/python3.9/site-packages/airflow/example_dags/example_latest_only.py
[2023-01-09T18:56:44.115-0500] {processor.py:743} INFO - Processing file /Library/Frameworks/Python.framework/Versions/3.9/lib/python3.9/site-packages/airflow/example_dags/example_latest_only.py for tasks to queue
[2023-01-09T18:56:44.115-0500] {logging_mixin.py:137} INFO - [2023-01-09T18:56:44.115-0500] {dagbag.py:538} INFO - Filling up the DagBag from /Library/Frameworks/Python.framework/Versions/3.9/lib/python3.9/site-packages/airflow/example_dags/example_latest_only.py
[2023-01-09T18:56:44.199-0500] {processor.py:753} INFO - DAG(s) dict_keys(['latest_only']) retrieved from /Library/Frameworks/Python.framework/Versions/3.9/lib/python3.9/site-packages/airflow/example_dags/example_latest_only.py
[2023-01-09T18:56:45.817-0500] {logging_mixin.py:137} INFO - [2023-01-09T18:56:45.817-0500] {dag.py:2676} INFO - Sync 1 DAGs
[2023-01-09T18:56:45.841-0500] {logging_mixin.py:137} INFO - [2023-01-09T18:56:45.840-0500] {dag.py:3423} INFO - Setting next_dagrun for latest_only to 2023-01-09T19:56:45.840763+00:00, run_after=2023-01-09T23:56:45.840763+00:00
[2023-01-09T18:56:45.866-0500] {processor.py:175} INFO - Processing /Library/Frameworks/Python.framework/Versions/3.9/lib/python3.9/site-packages/airflow/example_dags/example_latest_only.py took 1.764 seconds
[2023-01-09T18:56:56.143-0500] {processor.py:153} INFO - Started process (PID=46057) to work on /Library/Frameworks/Python.framework/Versions/3.9/lib/python3.9/site-packages/airflow/example_dags/example_latest_only.py
[2023-01-09T18:56:56.159-0500] {processor.py:743} INFO - Processing file /Library/Frameworks/Python.framework/Versions/3.9/lib/python3.9/site-packages/airflow/example_dags/example_latest_only.py for tasks to queue
[2023-01-09T18:56:56.160-0500] {logging_mixin.py:137} INFO - [2023-01-09T18:56:56.159-0500] {dagbag.py:538} INFO - Filling up the DagBag from /Library/Frameworks/Python.framework/Versions/3.9/lib/python3.9/site-packages/airflow/example_dags/example_latest_only.py
[2023-01-09T18:56:56.216-0500] {processor.py:753} INFO - DAG(s) dict_keys(['latest_only']) retrieved from /Library/Frameworks/Python.framework/Versions/3.9/lib/python3.9/site-packages/airflow/example_dags/example_latest_only.py
[2023-01-09T18:56:57.595-0500] {logging_mixin.py:137} INFO - [2023-01-09T18:56:57.595-0500] {dag.py:2676} INFO - Sync 1 DAGs
[2023-01-09T18:56:57.631-0500] {logging_mixin.py:137} INFO - [2023-01-09T18:56:57.630-0500] {dag.py:3423} INFO - Setting next_dagrun for latest_only to 2023-01-09T19:56:57.630082+00:00, run_after=2023-01-09T23:56:57.630082+00:00
[2023-01-09T18:56:57.682-0500] {processor.py:175} INFO - Processing /Library/Frameworks/Python.framework/Versions/3.9/lib/python3.9/site-packages/airflow/example_dags/example_latest_only.py took 1.540 seconds
[2023-01-09T18:59:13.599-0500] {processor.py:153} INFO - Started process (PID=46187) to work on /Library/Frameworks/Python.framework/Versions/3.9/lib/python3.9/site-packages/airflow/example_dags/example_latest_only.py
[2023-01-09T18:59:13.607-0500] {processor.py:743} INFO - Processing file /Library/Frameworks/Python.framework/Versions/3.9/lib/python3.9/site-packages/airflow/example_dags/example_latest_only.py for tasks to queue
[2023-01-09T18:59:13.608-0500] {logging_mixin.py:137} INFO - [2023-01-09T18:59:13.608-0500] {dagbag.py:538} INFO - Filling up the DagBag from /Library/Frameworks/Python.framework/Versions/3.9/lib/python3.9/site-packages/airflow/example_dags/example_latest_only.py
[2023-01-09T18:59:13.657-0500] {processor.py:753} INFO - DAG(s) dict_keys(['latest_only']) retrieved from /Library/Frameworks/Python.framework/Versions/3.9/lib/python3.9/site-packages/airflow/example_dags/example_latest_only.py
[2023-01-09T18:59:14.834-0500] {logging_mixin.py:137} INFO - [2023-01-09T18:59:14.834-0500] {dag.py:2676} INFO - Sync 1 DAGs
[2023-01-09T18:59:14.856-0500] {logging_mixin.py:137} INFO - [2023-01-09T18:59:14.856-0500] {dag.py:3423} INFO - Setting next_dagrun for latest_only to 2023-01-09T19:59:14.856231+00:00, run_after=2023-01-09T23:59:14.856231+00:00
[2023-01-09T18:59:14.880-0500] {processor.py:175} INFO - Processing /Library/Frameworks/Python.framework/Versions/3.9/lib/python3.9/site-packages/airflow/example_dags/example_latest_only.py took 1.282 seconds
[2023-01-09T18:59:25.478-0500] {processor.py:153} INFO - Started process (PID=46196) to work on /Library/Frameworks/Python.framework/Versions/3.9/lib/python3.9/site-packages/airflow/example_dags/example_latest_only.py
[2023-01-09T18:59:25.484-0500] {processor.py:743} INFO - Processing file /Library/Frameworks/Python.framework/Versions/3.9/lib/python3.9/site-packages/airflow/example_dags/example_latest_only.py for tasks to queue
[2023-01-09T18:59:25.484-0500] {logging_mixin.py:137} INFO - [2023-01-09T18:59:25.484-0500] {dagbag.py:538} INFO - Filling up the DagBag from /Library/Frameworks/Python.framework/Versions/3.9/lib/python3.9/site-packages/airflow/example_dags/example_latest_only.py
[2023-01-09T18:59:25.517-0500] {processor.py:753} INFO - DAG(s) dict_keys(['latest_only']) retrieved from /Library/Frameworks/Python.framework/Versions/3.9/lib/python3.9/site-packages/airflow/example_dags/example_latest_only.py
[2023-01-09T18:59:26.519-0500] {logging_mixin.py:137} INFO - [2023-01-09T18:59:26.519-0500] {dag.py:2676} INFO - Sync 1 DAGs
[2023-01-09T18:59:26.539-0500] {logging_mixin.py:137} INFO - [2023-01-09T18:59:26.539-0500] {dag.py:3423} INFO - Setting next_dagrun for latest_only to 2023-01-09T19:59:26.539527+00:00, run_after=2023-01-09T23:59:26.539527+00:00
[2023-01-09T18:59:26.564-0500] {processor.py:175} INFO - Processing /Library/Frameworks/Python.framework/Versions/3.9/lib/python3.9/site-packages/airflow/example_dags/example_latest_only.py took 1.086 seconds
