[2023-01-09T16:46:49.324-0500] {processor.py:153} INFO - Started process (PID=39109) to work on /Library/Frameworks/Python.framework/Versions/3.9/lib/python3.9/site-packages/airflow/example_dags/example_short_circuit_decorator.py
[2023-01-09T16:46:49.329-0500] {processor.py:743} INFO - Processing file /Library/Frameworks/Python.framework/Versions/3.9/lib/python3.9/site-packages/airflow/example_dags/example_short_circuit_decorator.py for tasks to queue
[2023-01-09T16:46:49.329-0500] {logging_mixin.py:137} INFO - [2023-01-09T16:46:49.329-0500] {dagbag.py:538} INFO - Filling up the DagBag from /Library/Frameworks/Python.framework/Versions/3.9/lib/python3.9/site-packages/airflow/example_dags/example_short_circuit_decorator.py
[2023-01-09T16:46:49.418-0500] {processor.py:753} INFO - DAG(s) dict_keys(['example_short_circuit_decorator']) retrieved from /Library/Frameworks/Python.framework/Versions/3.9/lib/python3.9/site-packages/airflow/example_dags/example_short_circuit_decorator.py
[2023-01-09T16:46:50.268-0500] {logging_mixin.py:137} INFO - [2023-01-09T16:46:50.267-0500] {manager.py:504} INFO - Created Permission View: can read on DAG:example_short_circuit_decorator
[2023-01-09T16:46:50.276-0500] {logging_mixin.py:137} INFO - [2023-01-09T16:46:50.276-0500] {manager.py:504} INFO - Created Permission View: can delete on DAG:example_short_circuit_decorator
[2023-01-09T16:46:50.283-0500] {logging_mixin.py:137} INFO - [2023-01-09T16:46:50.283-0500] {manager.py:504} INFO - Created Permission View: can edit on DAG:example_short_circuit_decorator
[2023-01-09T16:46:50.284-0500] {logging_mixin.py:137} INFO - [2023-01-09T16:46:50.283-0500] {dag.py:2676} INFO - Sync 1 DAGs
[2023-01-09T16:46:50.296-0500] {logging_mixin.py:137} INFO - [2023-01-09T16:46:50.296-0500] {dag.py:2697} INFO - Creating ORM DAG for example_short_circuit_decorator
[2023-01-09T16:46:50.303-0500] {logging_mixin.py:137} INFO - [2023-01-09T16:46:50.303-0500] {dag.py:3423} INFO - Setting next_dagrun for example_short_circuit_decorator to 2023-01-08T21:46:50.303620+00:00, run_after=2023-01-09T21:46:50.303620+00:00
[2023-01-09T16:46:50.321-0500] {processor.py:175} INFO - Processing /Library/Frameworks/Python.framework/Versions/3.9/lib/python3.9/site-packages/airflow/example_dags/example_short_circuit_decorator.py took 0.998 seconds
[2023-01-09T16:48:50.141-0500] {processor.py:153} INFO - Started process (PID=39264) to work on /Library/Frameworks/Python.framework/Versions/3.9/lib/python3.9/site-packages/airflow/example_dags/example_short_circuit_decorator.py
[2023-01-09T16:48:50.147-0500] {processor.py:743} INFO - Processing file /Library/Frameworks/Python.framework/Versions/3.9/lib/python3.9/site-packages/airflow/example_dags/example_short_circuit_decorator.py for tasks to queue
[2023-01-09T16:48:50.147-0500] {logging_mixin.py:137} INFO - [2023-01-09T16:48:50.147-0500] {dagbag.py:538} INFO - Filling up the DagBag from /Library/Frameworks/Python.framework/Versions/3.9/lib/python3.9/site-packages/airflow/example_dags/example_short_circuit_decorator.py
[2023-01-09T16:48:50.218-0500] {processor.py:753} INFO - DAG(s) dict_keys(['example_short_circuit_decorator']) retrieved from /Library/Frameworks/Python.framework/Versions/3.9/lib/python3.9/site-packages/airflow/example_dags/example_short_circuit_decorator.py
[2023-01-09T16:48:51.004-0500] {logging_mixin.py:137} INFO - [2023-01-09T16:48:51.004-0500] {dag.py:2676} INFO - Sync 1 DAGs
[2023-01-09T16:48:51.021-0500] {logging_mixin.py:137} INFO - [2023-01-09T16:48:51.021-0500] {dag.py:3423} INFO - Setting next_dagrun for example_short_circuit_decorator to 2023-01-08T21:48:51.021520+00:00, run_after=2023-01-09T21:48:51.021520+00:00
[2023-01-09T16:48:51.041-0500] {processor.py:175} INFO - Processing /Library/Frameworks/Python.framework/Versions/3.9/lib/python3.9/site-packages/airflow/example_dags/example_short_circuit_decorator.py took 0.900 seconds
[2023-01-09T16:50:14.129-0500] {processor.py:153} INFO - Started process (PID=39302) to work on /Library/Frameworks/Python.framework/Versions/3.9/lib/python3.9/site-packages/airflow/example_dags/example_short_circuit_decorator.py
[2023-01-09T16:50:14.134-0500] {processor.py:743} INFO - Processing file /Library/Frameworks/Python.framework/Versions/3.9/lib/python3.9/site-packages/airflow/example_dags/example_short_circuit_decorator.py for tasks to queue
[2023-01-09T16:50:14.135-0500] {logging_mixin.py:137} INFO - [2023-01-09T16:50:14.135-0500] {dagbag.py:538} INFO - Filling up the DagBag from /Library/Frameworks/Python.framework/Versions/3.9/lib/python3.9/site-packages/airflow/example_dags/example_short_circuit_decorator.py
[2023-01-09T16:50:14.210-0500] {processor.py:753} INFO - DAG(s) dict_keys(['example_short_circuit_decorator']) retrieved from /Library/Frameworks/Python.framework/Versions/3.9/lib/python3.9/site-packages/airflow/example_dags/example_short_circuit_decorator.py
[2023-01-09T16:50:14.883-0500] {logging_mixin.py:137} INFO - [2023-01-09T16:50:14.883-0500] {dag.py:2676} INFO - Sync 1 DAGs
[2023-01-09T16:50:14.899-0500] {logging_mixin.py:137} INFO - [2023-01-09T16:50:14.899-0500] {dag.py:3423} INFO - Setting next_dagrun for example_short_circuit_decorator to 2023-01-08T21:50:14.899553+00:00, run_after=2023-01-09T21:50:14.899553+00:00
[2023-01-09T16:50:14.918-0500] {processor.py:175} INFO - Processing /Library/Frameworks/Python.framework/Versions/3.9/lib/python3.9/site-packages/airflow/example_dags/example_short_circuit_decorator.py took 0.790 seconds
[2023-01-09T16:51:42.840-0500] {processor.py:153} INFO - Started process (PID=39355) to work on /Library/Frameworks/Python.framework/Versions/3.9/lib/python3.9/site-packages/airflow/example_dags/example_short_circuit_decorator.py
[2023-01-09T16:51:42.846-0500] {processor.py:743} INFO - Processing file /Library/Frameworks/Python.framework/Versions/3.9/lib/python3.9/site-packages/airflow/example_dags/example_short_circuit_decorator.py for tasks to queue
[2023-01-09T16:51:42.846-0500] {logging_mixin.py:137} INFO - [2023-01-09T16:51:42.846-0500] {dagbag.py:538} INFO - Filling up the DagBag from /Library/Frameworks/Python.framework/Versions/3.9/lib/python3.9/site-packages/airflow/example_dags/example_short_circuit_decorator.py
[2023-01-09T16:51:42.920-0500] {processor.py:753} INFO - DAG(s) dict_keys(['example_short_circuit_decorator']) retrieved from /Library/Frameworks/Python.framework/Versions/3.9/lib/python3.9/site-packages/airflow/example_dags/example_short_circuit_decorator.py
[2023-01-09T16:51:43.604-0500] {logging_mixin.py:137} INFO - [2023-01-09T16:51:43.604-0500] {dag.py:2676} INFO - Sync 1 DAGs
[2023-01-09T16:51:43.620-0500] {logging_mixin.py:137} INFO - [2023-01-09T16:51:43.620-0500] {dag.py:3423} INFO - Setting next_dagrun for example_short_circuit_decorator to 2023-01-08T21:51:43.619907+00:00, run_after=2023-01-09T21:51:43.619907+00:00
[2023-01-09T16:51:43.638-0500] {processor.py:175} INFO - Processing /Library/Frameworks/Python.framework/Versions/3.9/lib/python3.9/site-packages/airflow/example_dags/example_short_circuit_decorator.py took 0.798 seconds
[2023-01-09T16:53:04.811-0500] {processor.py:153} INFO - Started process (PID=39400) to work on /Library/Frameworks/Python.framework/Versions/3.9/lib/python3.9/site-packages/airflow/example_dags/example_short_circuit_decorator.py
[2023-01-09T16:53:04.817-0500] {processor.py:743} INFO - Processing file /Library/Frameworks/Python.framework/Versions/3.9/lib/python3.9/site-packages/airflow/example_dags/example_short_circuit_decorator.py for tasks to queue
[2023-01-09T16:53:04.817-0500] {logging_mixin.py:137} INFO - [2023-01-09T16:53:04.817-0500] {dagbag.py:538} INFO - Filling up the DagBag from /Library/Frameworks/Python.framework/Versions/3.9/lib/python3.9/site-packages/airflow/example_dags/example_short_circuit_decorator.py
[2023-01-09T16:53:04.893-0500] {processor.py:753} INFO - DAG(s) dict_keys(['example_short_circuit_decorator']) retrieved from /Library/Frameworks/Python.framework/Versions/3.9/lib/python3.9/site-packages/airflow/example_dags/example_short_circuit_decorator.py
[2023-01-09T16:53:05.578-0500] {logging_mixin.py:137} INFO - [2023-01-09T16:53:05.578-0500] {dag.py:2676} INFO - Sync 1 DAGs
[2023-01-09T16:53:05.595-0500] {logging_mixin.py:137} INFO - [2023-01-09T16:53:05.594-0500] {dag.py:3423} INFO - Setting next_dagrun for example_short_circuit_decorator to 2023-01-08T21:53:05.594798+00:00, run_after=2023-01-09T21:53:05.594798+00:00
[2023-01-09T16:53:05.614-0500] {processor.py:175} INFO - Processing /Library/Frameworks/Python.framework/Versions/3.9/lib/python3.9/site-packages/airflow/example_dags/example_short_circuit_decorator.py took 0.804 seconds
[2023-01-09T16:54:26.543-0500] {processor.py:153} INFO - Started process (PID=39442) to work on /Library/Frameworks/Python.framework/Versions/3.9/lib/python3.9/site-packages/airflow/example_dags/example_short_circuit_decorator.py
[2023-01-09T16:54:26.548-0500] {processor.py:743} INFO - Processing file /Library/Frameworks/Python.framework/Versions/3.9/lib/python3.9/site-packages/airflow/example_dags/example_short_circuit_decorator.py for tasks to queue
[2023-01-09T16:54:26.548-0500] {logging_mixin.py:137} INFO - [2023-01-09T16:54:26.548-0500] {dagbag.py:538} INFO - Filling up the DagBag from /Library/Frameworks/Python.framework/Versions/3.9/lib/python3.9/site-packages/airflow/example_dags/example_short_circuit_decorator.py
[2023-01-09T16:54:26.623-0500] {processor.py:753} INFO - DAG(s) dict_keys(['example_short_circuit_decorator']) retrieved from /Library/Frameworks/Python.framework/Versions/3.9/lib/python3.9/site-packages/airflow/example_dags/example_short_circuit_decorator.py
[2023-01-09T16:54:27.356-0500] {logging_mixin.py:137} INFO - [2023-01-09T16:54:27.356-0500] {dag.py:2676} INFO - Sync 1 DAGs
[2023-01-09T16:54:27.373-0500] {logging_mixin.py:137} INFO - [2023-01-09T16:54:27.373-0500] {dag.py:3423} INFO - Setting next_dagrun for example_short_circuit_decorator to 2023-01-08T21:54:27.373562+00:00, run_after=2023-01-09T21:54:27.373562+00:00
[2023-01-09T16:54:27.394-0500] {processor.py:175} INFO - Processing /Library/Frameworks/Python.framework/Versions/3.9/lib/python3.9/site-packages/airflow/example_dags/example_short_circuit_decorator.py took 0.852 seconds
[2023-01-09T16:55:50.075-0500] {processor.py:153} INFO - Started process (PID=39592) to work on /Library/Frameworks/Python.framework/Versions/3.9/lib/python3.9/site-packages/airflow/example_dags/example_short_circuit_decorator.py
[2023-01-09T16:55:50.080-0500] {processor.py:743} INFO - Processing file /Library/Frameworks/Python.framework/Versions/3.9/lib/python3.9/site-packages/airflow/example_dags/example_short_circuit_decorator.py for tasks to queue
[2023-01-09T16:55:50.080-0500] {logging_mixin.py:137} INFO - [2023-01-09T16:55:50.080-0500] {dagbag.py:538} INFO - Filling up the DagBag from /Library/Frameworks/Python.framework/Versions/3.9/lib/python3.9/site-packages/airflow/example_dags/example_short_circuit_decorator.py
[2023-01-09T16:55:50.198-0500] {processor.py:753} INFO - DAG(s) dict_keys(['example_short_circuit_decorator']) retrieved from /Library/Frameworks/Python.framework/Versions/3.9/lib/python3.9/site-packages/airflow/example_dags/example_short_circuit_decorator.py
[2023-01-09T16:55:50.935-0500] {logging_mixin.py:137} INFO - [2023-01-09T16:55:50.934-0500] {dag.py:2676} INFO - Sync 1 DAGs
[2023-01-09T16:55:50.951-0500] {logging_mixin.py:137} INFO - [2023-01-09T16:55:50.951-0500] {dag.py:3423} INFO - Setting next_dagrun for example_short_circuit_decorator to 2023-01-08T21:55:50.951212+00:00, run_after=2023-01-09T21:55:50.951212+00:00
[2023-01-09T16:55:50.969-0500] {processor.py:175} INFO - Processing /Library/Frameworks/Python.framework/Versions/3.9/lib/python3.9/site-packages/airflow/example_dags/example_short_circuit_decorator.py took 0.895 seconds
[2023-01-09T16:57:21.816-0500] {processor.py:153} INFO - Started process (PID=40918) to work on /Library/Frameworks/Python.framework/Versions/3.9/lib/python3.9/site-packages/airflow/example_dags/example_short_circuit_decorator.py
[2023-01-09T16:57:21.821-0500] {processor.py:743} INFO - Processing file /Library/Frameworks/Python.framework/Versions/3.9/lib/python3.9/site-packages/airflow/example_dags/example_short_circuit_decorator.py for tasks to queue
[2023-01-09T16:57:21.822-0500] {logging_mixin.py:137} INFO - [2023-01-09T16:57:21.822-0500] {dagbag.py:538} INFO - Filling up the DagBag from /Library/Frameworks/Python.framework/Versions/3.9/lib/python3.9/site-packages/airflow/example_dags/example_short_circuit_decorator.py
[2023-01-09T16:57:21.901-0500] {processor.py:753} INFO - DAG(s) dict_keys(['example_short_circuit_decorator']) retrieved from /Library/Frameworks/Python.framework/Versions/3.9/lib/python3.9/site-packages/airflow/example_dags/example_short_circuit_decorator.py
[2023-01-09T16:57:22.730-0500] {logging_mixin.py:137} INFO - [2023-01-09T16:57:22.730-0500] {dag.py:2676} INFO - Sync 1 DAGs
[2023-01-09T16:57:22.748-0500] {logging_mixin.py:137} INFO - [2023-01-09T16:57:22.748-0500] {dag.py:3423} INFO - Setting next_dagrun for example_short_circuit_decorator to 2023-01-08T21:57:22.748605+00:00, run_after=2023-01-09T21:57:22.748605+00:00
[2023-01-09T16:57:22.770-0500] {processor.py:175} INFO - Processing /Library/Frameworks/Python.framework/Versions/3.9/lib/python3.9/site-packages/airflow/example_dags/example_short_circuit_decorator.py took 0.955 seconds
[2023-01-09T16:58:53.785-0500] {processor.py:153} INFO - Started process (PID=41127) to work on /Library/Frameworks/Python.framework/Versions/3.9/lib/python3.9/site-packages/airflow/example_dags/example_short_circuit_decorator.py
[2023-01-09T16:58:53.791-0500] {processor.py:743} INFO - Processing file /Library/Frameworks/Python.framework/Versions/3.9/lib/python3.9/site-packages/airflow/example_dags/example_short_circuit_decorator.py for tasks to queue
[2023-01-09T16:58:53.791-0500] {logging_mixin.py:137} INFO - [2023-01-09T16:58:53.791-0500] {dagbag.py:538} INFO - Filling up the DagBag from /Library/Frameworks/Python.framework/Versions/3.9/lib/python3.9/site-packages/airflow/example_dags/example_short_circuit_decorator.py
[2023-01-09T16:58:53.865-0500] {processor.py:753} INFO - DAG(s) dict_keys(['example_short_circuit_decorator']) retrieved from /Library/Frameworks/Python.framework/Versions/3.9/lib/python3.9/site-packages/airflow/example_dags/example_short_circuit_decorator.py
[2023-01-09T16:58:54.529-0500] {logging_mixin.py:137} INFO - [2023-01-09T16:58:54.529-0500] {dag.py:2676} INFO - Sync 1 DAGs
[2023-01-09T16:58:54.545-0500] {logging_mixin.py:137} INFO - [2023-01-09T16:58:54.545-0500] {dag.py:3423} INFO - Setting next_dagrun for example_short_circuit_decorator to 2023-01-08T21:58:54.545357+00:00, run_after=2023-01-09T21:58:54.545357+00:00
[2023-01-09T16:58:54.563-0500] {processor.py:175} INFO - Processing /Library/Frameworks/Python.framework/Versions/3.9/lib/python3.9/site-packages/airflow/example_dags/example_short_circuit_decorator.py took 0.779 seconds
[2023-01-09T17:01:46.814-0500] {processor.py:153} INFO - Started process (PID=41352) to work on /Library/Frameworks/Python.framework/Versions/3.9/lib/python3.9/site-packages/airflow/example_dags/example_short_circuit_decorator.py
[2023-01-09T17:01:46.819-0500] {processor.py:743} INFO - Processing file /Library/Frameworks/Python.framework/Versions/3.9/lib/python3.9/site-packages/airflow/example_dags/example_short_circuit_decorator.py for tasks to queue
[2023-01-09T17:01:46.819-0500] {logging_mixin.py:137} INFO - [2023-01-09T17:01:46.819-0500] {dagbag.py:538} INFO - Filling up the DagBag from /Library/Frameworks/Python.framework/Versions/3.9/lib/python3.9/site-packages/airflow/example_dags/example_short_circuit_decorator.py
[2023-01-09T17:01:46.897-0500] {processor.py:753} INFO - DAG(s) dict_keys(['example_short_circuit_decorator']) retrieved from /Library/Frameworks/Python.framework/Versions/3.9/lib/python3.9/site-packages/airflow/example_dags/example_short_circuit_decorator.py
[2023-01-09T17:01:47.682-0500] {logging_mixin.py:137} INFO - [2023-01-09T17:01:47.681-0500] {dag.py:2676} INFO - Sync 1 DAGs
[2023-01-09T17:01:47.698-0500] {logging_mixin.py:137} INFO - [2023-01-09T17:01:47.698-0500] {dag.py:3423} INFO - Setting next_dagrun for example_short_circuit_decorator to 2023-01-08T22:01:47.698408+00:00, run_after=2023-01-09T22:01:47.698408+00:00
[2023-01-09T17:01:47.716-0500] {processor.py:175} INFO - Processing /Library/Frameworks/Python.framework/Versions/3.9/lib/python3.9/site-packages/airflow/example_dags/example_short_circuit_decorator.py took 0.903 seconds
[2023-01-09T17:03:23.015-0500] {processor.py:153} INFO - Started process (PID=41508) to work on /Library/Frameworks/Python.framework/Versions/3.9/lib/python3.9/site-packages/airflow/example_dags/example_short_circuit_decorator.py
[2023-01-09T17:03:23.020-0500] {processor.py:743} INFO - Processing file /Library/Frameworks/Python.framework/Versions/3.9/lib/python3.9/site-packages/airflow/example_dags/example_short_circuit_decorator.py for tasks to queue
[2023-01-09T17:03:23.021-0500] {logging_mixin.py:137} INFO - [2023-01-09T17:03:23.021-0500] {dagbag.py:538} INFO - Filling up the DagBag from /Library/Frameworks/Python.framework/Versions/3.9/lib/python3.9/site-packages/airflow/example_dags/example_short_circuit_decorator.py
[2023-01-09T17:03:23.096-0500] {processor.py:753} INFO - DAG(s) dict_keys(['example_short_circuit_decorator']) retrieved from /Library/Frameworks/Python.framework/Versions/3.9/lib/python3.9/site-packages/airflow/example_dags/example_short_circuit_decorator.py
[2023-01-09T17:03:23.857-0500] {logging_mixin.py:137} INFO - [2023-01-09T17:03:23.857-0500] {dag.py:2676} INFO - Sync 1 DAGs
[2023-01-09T17:03:23.873-0500] {logging_mixin.py:137} INFO - [2023-01-09T17:03:23.873-0500] {dag.py:3423} INFO - Setting next_dagrun for example_short_circuit_decorator to 2023-01-08T22:03:23.873507+00:00, run_after=2023-01-09T22:03:23.873507+00:00
[2023-01-09T17:03:23.890-0500] {processor.py:175} INFO - Processing /Library/Frameworks/Python.framework/Versions/3.9/lib/python3.9/site-packages/airflow/example_dags/example_short_circuit_decorator.py took 0.875 seconds
[2023-01-09T17:04:56.440-0500] {processor.py:153} INFO - Started process (PID=41645) to work on /Library/Frameworks/Python.framework/Versions/3.9/lib/python3.9/site-packages/airflow/example_dags/example_short_circuit_decorator.py
[2023-01-09T17:04:56.445-0500] {processor.py:743} INFO - Processing file /Library/Frameworks/Python.framework/Versions/3.9/lib/python3.9/site-packages/airflow/example_dags/example_short_circuit_decorator.py for tasks to queue
[2023-01-09T17:04:56.446-0500] {logging_mixin.py:137} INFO - [2023-01-09T17:04:56.446-0500] {dagbag.py:538} INFO - Filling up the DagBag from /Library/Frameworks/Python.framework/Versions/3.9/lib/python3.9/site-packages/airflow/example_dags/example_short_circuit_decorator.py
[2023-01-09T17:04:56.521-0500] {processor.py:753} INFO - DAG(s) dict_keys(['example_short_circuit_decorator']) retrieved from /Library/Frameworks/Python.framework/Versions/3.9/lib/python3.9/site-packages/airflow/example_dags/example_short_circuit_decorator.py
[2023-01-09T17:04:57.279-0500] {logging_mixin.py:137} INFO - [2023-01-09T17:04:57.279-0500] {dag.py:2676} INFO - Sync 1 DAGs
[2023-01-09T17:04:57.297-0500] {logging_mixin.py:137} INFO - [2023-01-09T17:04:57.296-0500] {dag.py:3423} INFO - Setting next_dagrun for example_short_circuit_decorator to 2023-01-08T22:04:57.296832+00:00, run_after=2023-01-09T22:04:57.296832+00:00
[2023-01-09T17:04:57.316-0500] {processor.py:175} INFO - Processing /Library/Frameworks/Python.framework/Versions/3.9/lib/python3.9/site-packages/airflow/example_dags/example_short_circuit_decorator.py took 0.877 seconds
[2023-01-09T17:06:23.770-0500] {processor.py:153} INFO - Started process (PID=41878) to work on /Library/Frameworks/Python.framework/Versions/3.9/lib/python3.9/site-packages/airflow/example_dags/example_short_circuit_decorator.py
[2023-01-09T17:06:23.775-0500] {processor.py:743} INFO - Processing file /Library/Frameworks/Python.framework/Versions/3.9/lib/python3.9/site-packages/airflow/example_dags/example_short_circuit_decorator.py for tasks to queue
[2023-01-09T17:06:23.776-0500] {logging_mixin.py:137} INFO - [2023-01-09T17:06:23.776-0500] {dagbag.py:538} INFO - Filling up the DagBag from /Library/Frameworks/Python.framework/Versions/3.9/lib/python3.9/site-packages/airflow/example_dags/example_short_circuit_decorator.py
[2023-01-09T17:06:23.853-0500] {processor.py:753} INFO - DAG(s) dict_keys(['example_short_circuit_decorator']) retrieved from /Library/Frameworks/Python.framework/Versions/3.9/lib/python3.9/site-packages/airflow/example_dags/example_short_circuit_decorator.py
[2023-01-09T17:06:24.561-0500] {logging_mixin.py:137} INFO - [2023-01-09T17:06:24.561-0500] {dag.py:2676} INFO - Sync 1 DAGs
[2023-01-09T17:06:24.578-0500] {logging_mixin.py:137} INFO - [2023-01-09T17:06:24.578-0500] {dag.py:3423} INFO - Setting next_dagrun for example_short_circuit_decorator to 2023-01-08T22:06:24.578390+00:00, run_after=2023-01-09T22:06:24.578390+00:00
[2023-01-09T17:06:24.597-0500] {processor.py:175} INFO - Processing /Library/Frameworks/Python.framework/Versions/3.9/lib/python3.9/site-packages/airflow/example_dags/example_short_circuit_decorator.py took 0.828 seconds
[2023-01-09T17:07:50.970-0500] {processor.py:153} INFO - Started process (PID=41987) to work on /Library/Frameworks/Python.framework/Versions/3.9/lib/python3.9/site-packages/airflow/example_dags/example_short_circuit_decorator.py
[2023-01-09T17:07:50.977-0500] {processor.py:743} INFO - Processing file /Library/Frameworks/Python.framework/Versions/3.9/lib/python3.9/site-packages/airflow/example_dags/example_short_circuit_decorator.py for tasks to queue
[2023-01-09T17:07:50.977-0500] {logging_mixin.py:137} INFO - [2023-01-09T17:07:50.977-0500] {dagbag.py:538} INFO - Filling up the DagBag from /Library/Frameworks/Python.framework/Versions/3.9/lib/python3.9/site-packages/airflow/example_dags/example_short_circuit_decorator.py
[2023-01-09T17:07:51.064-0500] {processor.py:753} INFO - DAG(s) dict_keys(['example_short_circuit_decorator']) retrieved from /Library/Frameworks/Python.framework/Versions/3.9/lib/python3.9/site-packages/airflow/example_dags/example_short_circuit_decorator.py
[2023-01-09T17:07:51.774-0500] {logging_mixin.py:137} INFO - [2023-01-09T17:07:51.774-0500] {dag.py:2676} INFO - Sync 1 DAGs
[2023-01-09T17:07:51.790-0500] {logging_mixin.py:137} INFO - [2023-01-09T17:07:51.790-0500] {dag.py:3423} INFO - Setting next_dagrun for example_short_circuit_decorator to 2023-01-08T22:07:51.790705+00:00, run_after=2023-01-09T22:07:51.790705+00:00
[2023-01-09T17:07:51.809-0500] {processor.py:175} INFO - Processing /Library/Frameworks/Python.framework/Versions/3.9/lib/python3.9/site-packages/airflow/example_dags/example_short_circuit_decorator.py took 0.839 seconds
[2023-01-09T17:09:14.443-0500] {processor.py:153} INFO - Started process (PID=42097) to work on /Library/Frameworks/Python.framework/Versions/3.9/lib/python3.9/site-packages/airflow/example_dags/example_short_circuit_decorator.py
[2023-01-09T17:09:14.449-0500] {processor.py:743} INFO - Processing file /Library/Frameworks/Python.framework/Versions/3.9/lib/python3.9/site-packages/airflow/example_dags/example_short_circuit_decorator.py for tasks to queue
[2023-01-09T17:09:14.450-0500] {logging_mixin.py:137} INFO - [2023-01-09T17:09:14.449-0500] {dagbag.py:538} INFO - Filling up the DagBag from /Library/Frameworks/Python.framework/Versions/3.9/lib/python3.9/site-packages/airflow/example_dags/example_short_circuit_decorator.py
[2023-01-09T17:09:14.521-0500] {processor.py:753} INFO - DAG(s) dict_keys(['example_short_circuit_decorator']) retrieved from /Library/Frameworks/Python.framework/Versions/3.9/lib/python3.9/site-packages/airflow/example_dags/example_short_circuit_decorator.py
[2023-01-09T17:09:15.389-0500] {logging_mixin.py:137} INFO - [2023-01-09T17:09:15.389-0500] {dag.py:2676} INFO - Sync 1 DAGs
[2023-01-09T17:09:15.405-0500] {logging_mixin.py:137} INFO - [2023-01-09T17:09:15.405-0500] {dag.py:3423} INFO - Setting next_dagrun for example_short_circuit_decorator to 2023-01-08T22:09:15.405067+00:00, run_after=2023-01-09T22:09:15.405067+00:00
[2023-01-09T17:09:15.429-0500] {processor.py:175} INFO - Processing /Library/Frameworks/Python.framework/Versions/3.9/lib/python3.9/site-packages/airflow/example_dags/example_short_circuit_decorator.py took 0.986 seconds
[2023-01-09T17:10:37.483-0500] {processor.py:153} INFO - Started process (PID=42258) to work on /Library/Frameworks/Python.framework/Versions/3.9/lib/python3.9/site-packages/airflow/example_dags/example_short_circuit_decorator.py
[2023-01-09T17:10:37.489-0500] {processor.py:743} INFO - Processing file /Library/Frameworks/Python.framework/Versions/3.9/lib/python3.9/site-packages/airflow/example_dags/example_short_circuit_decorator.py for tasks to queue
[2023-01-09T17:10:37.489-0500] {logging_mixin.py:137} INFO - [2023-01-09T17:10:37.489-0500] {dagbag.py:538} INFO - Filling up the DagBag from /Library/Frameworks/Python.framework/Versions/3.9/lib/python3.9/site-packages/airflow/example_dags/example_short_circuit_decorator.py
[2023-01-09T17:10:37.561-0500] {processor.py:753} INFO - DAG(s) dict_keys(['example_short_circuit_decorator']) retrieved from /Library/Frameworks/Python.framework/Versions/3.9/lib/python3.9/site-packages/airflow/example_dags/example_short_circuit_decorator.py
[2023-01-09T17:10:38.261-0500] {logging_mixin.py:137} INFO - [2023-01-09T17:10:38.261-0500] {dag.py:2676} INFO - Sync 1 DAGs
[2023-01-09T17:10:38.279-0500] {logging_mixin.py:137} INFO - [2023-01-09T17:10:38.279-0500] {dag.py:3423} INFO - Setting next_dagrun for example_short_circuit_decorator to 2023-01-08T22:10:38.279069+00:00, run_after=2023-01-09T22:10:38.279069+00:00
[2023-01-09T17:10:38.298-0500] {processor.py:175} INFO - Processing /Library/Frameworks/Python.framework/Versions/3.9/lib/python3.9/site-packages/airflow/example_dags/example_short_circuit_decorator.py took 0.816 seconds
[2023-01-09T17:11:59.425-0500] {processor.py:153} INFO - Started process (PID=42431) to work on /Library/Frameworks/Python.framework/Versions/3.9/lib/python3.9/site-packages/airflow/example_dags/example_short_circuit_decorator.py
[2023-01-09T17:11:59.431-0500] {processor.py:743} INFO - Processing file /Library/Frameworks/Python.framework/Versions/3.9/lib/python3.9/site-packages/airflow/example_dags/example_short_circuit_decorator.py for tasks to queue
[2023-01-09T17:11:59.431-0500] {logging_mixin.py:137} INFO - [2023-01-09T17:11:59.431-0500] {dagbag.py:538} INFO - Filling up the DagBag from /Library/Frameworks/Python.framework/Versions/3.9/lib/python3.9/site-packages/airflow/example_dags/example_short_circuit_decorator.py
[2023-01-09T17:11:59.504-0500] {processor.py:753} INFO - DAG(s) dict_keys(['example_short_circuit_decorator']) retrieved from /Library/Frameworks/Python.framework/Versions/3.9/lib/python3.9/site-packages/airflow/example_dags/example_short_circuit_decorator.py
[2023-01-09T17:11:59.544-0500] {logging_mixin.py:137} INFO - [2023-01-09T17:11:59.544-0500] {dag.py:2676} INFO - Sync 1 DAGs
[2023-01-09T17:12:00.202-0500] {logging_mixin.py:137} INFO - [2023-01-09T17:12:00.202-0500] {dag.py:3423} INFO - Setting next_dagrun for example_short_circuit_decorator to 2023-01-08T22:12:00.202328+00:00, run_after=2023-01-09T22:12:00.202328+00:00
[2023-01-09T17:12:00.222-0500] {processor.py:175} INFO - Processing /Library/Frameworks/Python.framework/Versions/3.9/lib/python3.9/site-packages/airflow/example_dags/example_short_circuit_decorator.py took 0.798 seconds
[2023-01-09T17:12:45.391-0500] {processor.py:153} INFO - Started process (PID=42474) to work on /Library/Frameworks/Python.framework/Versions/3.9/lib/python3.9/site-packages/airflow/example_dags/example_short_circuit_decorator.py
[2023-01-09T17:12:45.396-0500] {processor.py:743} INFO - Processing file /Library/Frameworks/Python.framework/Versions/3.9/lib/python3.9/site-packages/airflow/example_dags/example_short_circuit_decorator.py for tasks to queue
[2023-01-09T17:12:45.397-0500] {logging_mixin.py:137} INFO - [2023-01-09T17:12:45.397-0500] {dagbag.py:538} INFO - Filling up the DagBag from /Library/Frameworks/Python.framework/Versions/3.9/lib/python3.9/site-packages/airflow/example_dags/example_short_circuit_decorator.py
[2023-01-09T17:12:45.475-0500] {processor.py:753} INFO - DAG(s) dict_keys(['example_short_circuit_decorator']) retrieved from /Library/Frameworks/Python.framework/Versions/3.9/lib/python3.9/site-packages/airflow/example_dags/example_short_circuit_decorator.py
[2023-01-09T17:12:46.147-0500] {logging_mixin.py:137} INFO - [2023-01-09T17:12:46.147-0500] {dag.py:2676} INFO - Sync 1 DAGs
[2023-01-09T17:12:46.164-0500] {logging_mixin.py:137} INFO - [2023-01-09T17:12:46.164-0500] {dag.py:3423} INFO - Setting next_dagrun for example_short_circuit_decorator to 2023-01-08T22:12:46.164160+00:00, run_after=2023-01-09T22:12:46.164160+00:00
[2023-01-09T17:12:46.181-0500] {processor.py:175} INFO - Processing /Library/Frameworks/Python.framework/Versions/3.9/lib/python3.9/site-packages/airflow/example_dags/example_short_circuit_decorator.py took 0.791 seconds
[2023-01-09T17:13:27.617-0500] {processor.py:153} INFO - Started process (PID=42580) to work on /Library/Frameworks/Python.framework/Versions/3.9/lib/python3.9/site-packages/airflow/example_dags/example_short_circuit_decorator.py
[2023-01-09T17:13:27.622-0500] {processor.py:743} INFO - Processing file /Library/Frameworks/Python.framework/Versions/3.9/lib/python3.9/site-packages/airflow/example_dags/example_short_circuit_decorator.py for tasks to queue
[2023-01-09T17:13:27.623-0500] {logging_mixin.py:137} INFO - [2023-01-09T17:13:27.622-0500] {dagbag.py:538} INFO - Filling up the DagBag from /Library/Frameworks/Python.framework/Versions/3.9/lib/python3.9/site-packages/airflow/example_dags/example_short_circuit_decorator.py
[2023-01-09T17:13:27.694-0500] {processor.py:753} INFO - DAG(s) dict_keys(['example_short_circuit_decorator']) retrieved from /Library/Frameworks/Python.framework/Versions/3.9/lib/python3.9/site-packages/airflow/example_dags/example_short_circuit_decorator.py
[2023-01-09T17:13:28.348-0500] {logging_mixin.py:137} INFO - [2023-01-09T17:13:28.347-0500] {dag.py:2676} INFO - Sync 1 DAGs
[2023-01-09T17:13:28.367-0500] {logging_mixin.py:137} INFO - [2023-01-09T17:13:28.367-0500] {dag.py:3423} INFO - Setting next_dagrun for example_short_circuit_decorator to 2023-01-08T22:13:28.367322+00:00, run_after=2023-01-09T22:13:28.367322+00:00
[2023-01-09T17:13:28.392-0500] {processor.py:175} INFO - Processing /Library/Frameworks/Python.framework/Versions/3.9/lib/python3.9/site-packages/airflow/example_dags/example_short_circuit_decorator.py took 0.775 seconds
[2023-01-09T17:14:40.350-0500] {processor.py:153} INFO - Started process (PID=42656) to work on /Library/Frameworks/Python.framework/Versions/3.9/lib/python3.9/site-packages/airflow/example_dags/example_short_circuit_decorator.py
[2023-01-09T17:14:40.356-0500] {processor.py:743} INFO - Processing file /Library/Frameworks/Python.framework/Versions/3.9/lib/python3.9/site-packages/airflow/example_dags/example_short_circuit_decorator.py for tasks to queue
[2023-01-09T17:14:40.356-0500] {logging_mixin.py:137} INFO - [2023-01-09T17:14:40.356-0500] {dagbag.py:538} INFO - Filling up the DagBag from /Library/Frameworks/Python.framework/Versions/3.9/lib/python3.9/site-packages/airflow/example_dags/example_short_circuit_decorator.py
[2023-01-09T17:14:40.430-0500] {processor.py:753} INFO - DAG(s) dict_keys(['example_short_circuit_decorator']) retrieved from /Library/Frameworks/Python.framework/Versions/3.9/lib/python3.9/site-packages/airflow/example_dags/example_short_circuit_decorator.py
[2023-01-09T17:14:41.139-0500] {logging_mixin.py:137} INFO - [2023-01-09T17:14:41.139-0500] {dag.py:2676} INFO - Sync 1 DAGs
[2023-01-09T17:14:41.156-0500] {logging_mixin.py:137} INFO - [2023-01-09T17:14:41.156-0500] {dag.py:3423} INFO - Setting next_dagrun for example_short_circuit_decorator to 2023-01-08T22:14:41.156599+00:00, run_after=2023-01-09T22:14:41.156599+00:00
[2023-01-09T17:14:41.174-0500] {processor.py:175} INFO - Processing /Library/Frameworks/Python.framework/Versions/3.9/lib/python3.9/site-packages/airflow/example_dags/example_short_circuit_decorator.py took 0.824 seconds
[2023-01-09T17:15:58.177-0500] {processor.py:153} INFO - Started process (PID=42734) to work on /Library/Frameworks/Python.framework/Versions/3.9/lib/python3.9/site-packages/airflow/example_dags/example_short_circuit_decorator.py
[2023-01-09T17:15:58.182-0500] {processor.py:743} INFO - Processing file /Library/Frameworks/Python.framework/Versions/3.9/lib/python3.9/site-packages/airflow/example_dags/example_short_circuit_decorator.py for tasks to queue
[2023-01-09T17:15:58.183-0500] {logging_mixin.py:137} INFO - [2023-01-09T17:15:58.183-0500] {dagbag.py:538} INFO - Filling up the DagBag from /Library/Frameworks/Python.framework/Versions/3.9/lib/python3.9/site-packages/airflow/example_dags/example_short_circuit_decorator.py
[2023-01-09T17:15:58.256-0500] {processor.py:753} INFO - DAG(s) dict_keys(['example_short_circuit_decorator']) retrieved from /Library/Frameworks/Python.framework/Versions/3.9/lib/python3.9/site-packages/airflow/example_dags/example_short_circuit_decorator.py
[2023-01-09T17:15:58.952-0500] {logging_mixin.py:137} INFO - [2023-01-09T17:15:58.951-0500] {dag.py:2676} INFO - Sync 1 DAGs
[2023-01-09T17:15:58.969-0500] {logging_mixin.py:137} INFO - [2023-01-09T17:15:58.969-0500] {dag.py:3423} INFO - Setting next_dagrun for example_short_circuit_decorator to 2023-01-08T22:15:58.969548+00:00, run_after=2023-01-09T22:15:58.969548+00:00
[2023-01-09T17:15:58.993-0500] {processor.py:175} INFO - Processing /Library/Frameworks/Python.framework/Versions/3.9/lib/python3.9/site-packages/airflow/example_dags/example_short_circuit_decorator.py took 0.817 seconds
[2023-01-09T17:17:17.523-0500] {processor.py:153} INFO - Started process (PID=43020) to work on /Library/Frameworks/Python.framework/Versions/3.9/lib/python3.9/site-packages/airflow/example_dags/example_short_circuit_decorator.py
[2023-01-09T17:17:17.528-0500] {processor.py:743} INFO - Processing file /Library/Frameworks/Python.framework/Versions/3.9/lib/python3.9/site-packages/airflow/example_dags/example_short_circuit_decorator.py for tasks to queue
[2023-01-09T17:17:17.529-0500] {logging_mixin.py:137} INFO - [2023-01-09T17:17:17.529-0500] {dagbag.py:538} INFO - Filling up the DagBag from /Library/Frameworks/Python.framework/Versions/3.9/lib/python3.9/site-packages/airflow/example_dags/example_short_circuit_decorator.py
[2023-01-09T17:17:17.601-0500] {processor.py:753} INFO - DAG(s) dict_keys(['example_short_circuit_decorator']) retrieved from /Library/Frameworks/Python.framework/Versions/3.9/lib/python3.9/site-packages/airflow/example_dags/example_short_circuit_decorator.py
[2023-01-09T17:17:18.301-0500] {logging_mixin.py:137} INFO - [2023-01-09T17:17:18.300-0500] {dag.py:2676} INFO - Sync 1 DAGs
[2023-01-09T17:17:18.316-0500] {logging_mixin.py:137} INFO - [2023-01-09T17:17:18.316-0500] {dag.py:3423} INFO - Setting next_dagrun for example_short_circuit_decorator to 2023-01-08T22:17:18.316710+00:00, run_after=2023-01-09T22:17:18.316710+00:00
[2023-01-09T17:17:18.335-0500] {processor.py:175} INFO - Processing /Library/Frameworks/Python.framework/Versions/3.9/lib/python3.9/site-packages/airflow/example_dags/example_short_circuit_decorator.py took 0.813 seconds
[2023-01-09T17:17:18.822-0500] {processor.py:153} INFO - Started process (PID=43021) to work on /Library/Frameworks/Python.framework/Versions/3.9/lib/python3.9/site-packages/airflow/example_dags/example_short_circuit_decorator.py
[2023-01-09T17:17:18.827-0500] {processor.py:743} INFO - Processing file /Library/Frameworks/Python.framework/Versions/3.9/lib/python3.9/site-packages/airflow/example_dags/example_short_circuit_decorator.py for tasks to queue
[2023-01-09T17:17:18.827-0500] {logging_mixin.py:137} INFO - [2023-01-09T17:17:18.827-0500] {dagbag.py:538} INFO - Filling up the DagBag from /Library/Frameworks/Python.framework/Versions/3.9/lib/python3.9/site-packages/airflow/example_dags/example_short_circuit_decorator.py
[2023-01-09T17:17:18.901-0500] {processor.py:753} INFO - DAG(s) dict_keys(['example_short_circuit_decorator']) retrieved from /Library/Frameworks/Python.framework/Versions/3.9/lib/python3.9/site-packages/airflow/example_dags/example_short_circuit_decorator.py
[2023-01-09T17:17:19.612-0500] {logging_mixin.py:137} INFO - [2023-01-09T17:17:19.611-0500] {dag.py:2676} INFO - Sync 1 DAGs
[2023-01-09T17:17:19.629-0500] {logging_mixin.py:137} INFO - [2023-01-09T17:17:19.629-0500] {dag.py:3423} INFO - Setting next_dagrun for example_short_circuit_decorator to 2023-01-08T22:17:19.629040+00:00, run_after=2023-01-09T22:17:19.629040+00:00
[2023-01-09T17:17:19.647-0500] {processor.py:175} INFO - Processing /Library/Frameworks/Python.framework/Versions/3.9/lib/python3.9/site-packages/airflow/example_dags/example_short_circuit_decorator.py took 0.826 seconds
[2023-01-09T17:19:49.719-0500] {processor.py:153} INFO - Started process (PID=43262) to work on /Library/Frameworks/Python.framework/Versions/3.9/lib/python3.9/site-packages/airflow/example_dags/example_short_circuit_decorator.py
[2023-01-09T17:19:49.724-0500] {processor.py:743} INFO - Processing file /Library/Frameworks/Python.framework/Versions/3.9/lib/python3.9/site-packages/airflow/example_dags/example_short_circuit_decorator.py for tasks to queue
[2023-01-09T17:19:49.725-0500] {logging_mixin.py:137} INFO - [2023-01-09T17:19:49.725-0500] {dagbag.py:538} INFO - Filling up the DagBag from /Library/Frameworks/Python.framework/Versions/3.9/lib/python3.9/site-packages/airflow/example_dags/example_short_circuit_decorator.py
[2023-01-09T17:19:49.798-0500] {processor.py:753} INFO - DAG(s) dict_keys(['example_short_circuit_decorator']) retrieved from /Library/Frameworks/Python.framework/Versions/3.9/lib/python3.9/site-packages/airflow/example_dags/example_short_circuit_decorator.py
[2023-01-09T17:19:50.477-0500] {logging_mixin.py:137} INFO - [2023-01-09T17:19:50.476-0500] {dag.py:2676} INFO - Sync 1 DAGs
[2023-01-09T17:19:50.495-0500] {logging_mixin.py:137} INFO - [2023-01-09T17:19:50.495-0500] {dag.py:3423} INFO - Setting next_dagrun for example_short_circuit_decorator to 2023-01-08T22:19:50.495194+00:00, run_after=2023-01-09T22:19:50.495194+00:00
[2023-01-09T17:19:50.512-0500] {processor.py:175} INFO - Processing /Library/Frameworks/Python.framework/Versions/3.9/lib/python3.9/site-packages/airflow/example_dags/example_short_circuit_decorator.py took 0.794 seconds
[2023-01-09T17:19:50.719-0500] {processor.py:153} INFO - Started process (PID=43263) to work on /Library/Frameworks/Python.framework/Versions/3.9/lib/python3.9/site-packages/airflow/example_dags/example_short_circuit_decorator.py
[2023-01-09T17:19:50.724-0500] {processor.py:743} INFO - Processing file /Library/Frameworks/Python.framework/Versions/3.9/lib/python3.9/site-packages/airflow/example_dags/example_short_circuit_decorator.py for tasks to queue
[2023-01-09T17:19:50.725-0500] {logging_mixin.py:137} INFO - [2023-01-09T17:19:50.725-0500] {dagbag.py:538} INFO - Filling up the DagBag from /Library/Frameworks/Python.framework/Versions/3.9/lib/python3.9/site-packages/airflow/example_dags/example_short_circuit_decorator.py
[2023-01-09T17:19:50.795-0500] {processor.py:753} INFO - DAG(s) dict_keys(['example_short_circuit_decorator']) retrieved from /Library/Frameworks/Python.framework/Versions/3.9/lib/python3.9/site-packages/airflow/example_dags/example_short_circuit_decorator.py
[2023-01-09T17:19:51.608-0500] {logging_mixin.py:137} INFO - [2023-01-09T17:19:51.608-0500] {dag.py:2676} INFO - Sync 1 DAGs
[2023-01-09T17:19:51.626-0500] {logging_mixin.py:137} INFO - [2023-01-09T17:19:51.626-0500] {dag.py:3423} INFO - Setting next_dagrun for example_short_circuit_decorator to 2023-01-08T22:19:51.626214+00:00, run_after=2023-01-09T22:19:51.626214+00:00
[2023-01-09T17:19:51.653-0500] {processor.py:175} INFO - Processing /Library/Frameworks/Python.framework/Versions/3.9/lib/python3.9/site-packages/airflow/example_dags/example_short_circuit_decorator.py took 0.935 seconds
[2023-01-09T17:22:20.247-0500] {processor.py:153} INFO - Started process (PID=43435) to work on /Library/Frameworks/Python.framework/Versions/3.9/lib/python3.9/site-packages/airflow/example_dags/example_short_circuit_decorator.py
[2023-01-09T17:22:20.252-0500] {processor.py:743} INFO - Processing file /Library/Frameworks/Python.framework/Versions/3.9/lib/python3.9/site-packages/airflow/example_dags/example_short_circuit_decorator.py for tasks to queue
[2023-01-09T17:22:20.253-0500] {logging_mixin.py:137} INFO - [2023-01-09T17:22:20.253-0500] {dagbag.py:538} INFO - Filling up the DagBag from /Library/Frameworks/Python.framework/Versions/3.9/lib/python3.9/site-packages/airflow/example_dags/example_short_circuit_decorator.py
[2023-01-09T17:22:20.330-0500] {processor.py:753} INFO - DAG(s) dict_keys(['example_short_circuit_decorator']) retrieved from /Library/Frameworks/Python.framework/Versions/3.9/lib/python3.9/site-packages/airflow/example_dags/example_short_circuit_decorator.py
[2023-01-09T17:22:21.004-0500] {processor.py:153} INFO - Started process (PID=43436) to work on /Library/Frameworks/Python.framework/Versions/3.9/lib/python3.9/site-packages/airflow/example_dags/example_short_circuit_decorator.py
[2023-01-09T17:22:21.008-0500] {processor.py:743} INFO - Processing file /Library/Frameworks/Python.framework/Versions/3.9/lib/python3.9/site-packages/airflow/example_dags/example_short_circuit_decorator.py for tasks to queue
[2023-01-09T17:22:21.009-0500] {logging_mixin.py:137} INFO - [2023-01-09T17:22:21.009-0500] {dagbag.py:538} INFO - Filling up the DagBag from /Library/Frameworks/Python.framework/Versions/3.9/lib/python3.9/site-packages/airflow/example_dags/example_short_circuit_decorator.py
[2023-01-09T17:22:21.086-0500] {processor.py:753} INFO - DAG(s) dict_keys(['example_short_circuit_decorator']) retrieved from /Library/Frameworks/Python.framework/Versions/3.9/lib/python3.9/site-packages/airflow/example_dags/example_short_circuit_decorator.py
[2023-01-09T17:22:21.099-0500] {logging_mixin.py:137} INFO - [2023-01-09T17:22:21.099-0500] {dag.py:2676} INFO - Sync 1 DAGs
[2023-01-09T17:22:21.116-0500] {logging_mixin.py:137} INFO - [2023-01-09T17:22:21.116-0500] {dag.py:3423} INFO - Setting next_dagrun for example_short_circuit_decorator to 2023-01-08T22:22:21.115861+00:00, run_after=2023-01-09T22:22:21.115861+00:00
[2023-01-09T17:22:21.133-0500] {processor.py:175} INFO - Processing /Library/Frameworks/Python.framework/Versions/3.9/lib/python3.9/site-packages/airflow/example_dags/example_short_circuit_decorator.py took 0.887 seconds
[2023-01-09T17:22:21.791-0500] {logging_mixin.py:137} INFO - [2023-01-09T17:22:21.791-0500] {dag.py:2676} INFO - Sync 1 DAGs
[2023-01-09T17:22:21.811-0500] {logging_mixin.py:137} INFO - [2023-01-09T17:22:21.811-0500] {dag.py:3423} INFO - Setting next_dagrun for example_short_circuit_decorator to 2023-01-08T22:22:21.811523+00:00, run_after=2023-01-09T22:22:21.811523+00:00
[2023-01-09T17:22:21.846-0500] {processor.py:175} INFO - Processing /Library/Frameworks/Python.framework/Versions/3.9/lib/python3.9/site-packages/airflow/example_dags/example_short_circuit_decorator.py took 0.843 seconds
[2023-01-09T18:23:27.713-0500] {processor.py:153} INFO - Started process (PID=44191) to work on /Library/Frameworks/Python.framework/Versions/3.9/lib/python3.9/site-packages/airflow/example_dags/example_short_circuit_decorator.py
[2023-01-09T18:23:27.756-0500] {processor.py:743} INFO - Processing file /Library/Frameworks/Python.framework/Versions/3.9/lib/python3.9/site-packages/airflow/example_dags/example_short_circuit_decorator.py for tasks to queue
[2023-01-09T18:23:27.760-0500] {logging_mixin.py:137} INFO - [2023-01-09T18:23:27.759-0500] {dagbag.py:538} INFO - Filling up the DagBag from /Library/Frameworks/Python.framework/Versions/3.9/lib/python3.9/site-packages/airflow/example_dags/example_short_circuit_decorator.py
[2023-01-09T18:23:27.739-0500] {processor.py:153} INFO - Started process (PID=44192) to work on /Library/Frameworks/Python.framework/Versions/3.9/lib/python3.9/site-packages/airflow/example_dags/example_short_circuit_decorator.py
[2023-01-09T18:23:27.782-0500] {processor.py:743} INFO - Processing file /Library/Frameworks/Python.framework/Versions/3.9/lib/python3.9/site-packages/airflow/example_dags/example_short_circuit_decorator.py for tasks to queue
[2023-01-09T18:23:27.785-0500] {logging_mixin.py:137} INFO - [2023-01-09T18:23:27.784-0500] {dagbag.py:538} INFO - Filling up the DagBag from /Library/Frameworks/Python.framework/Versions/3.9/lib/python3.9/site-packages/airflow/example_dags/example_short_circuit_decorator.py
[2023-01-09T18:23:28.386-0500] {processor.py:753} INFO - DAG(s) dict_keys(['example_short_circuit_decorator']) retrieved from /Library/Frameworks/Python.framework/Versions/3.9/lib/python3.9/site-packages/airflow/example_dags/example_short_circuit_decorator.py
[2023-01-09T18:23:28.410-0500] {processor.py:753} INFO - DAG(s) dict_keys(['example_short_circuit_decorator']) retrieved from /Library/Frameworks/Python.framework/Versions/3.9/lib/python3.9/site-packages/airflow/example_dags/example_short_circuit_decorator.py
[2023-01-09T18:23:36.494-0500] {logging_mixin.py:137} INFO - [2023-01-09T18:23:36.492-0500] {dag.py:2676} INFO - Sync 1 DAGs
[2023-01-09T18:23:36.506-0500] {logging_mixin.py:137} INFO - [2023-01-09T18:23:36.504-0500] {dag.py:2676} INFO - Sync 1 DAGs
[2023-01-09T18:23:36.635-0500] {logging_mixin.py:137} INFO - [2023-01-09T18:23:36.634-0500] {dag.py:3423} INFO - Setting next_dagrun for example_short_circuit_decorator to 2023-01-08T23:23:36.633236+00:00, run_after=2023-01-09T23:23:36.633236+00:00
[2023-01-09T18:23:36.643-0500] {logging_mixin.py:137} INFO - [2023-01-09T18:23:36.642-0500] {dag.py:3423} INFO - Setting next_dagrun for example_short_circuit_decorator to 2023-01-08T23:23:36.641042+00:00, run_after=2023-01-09T23:23:36.641042+00:00
[2023-01-09T18:23:36.779-0500] {processor.py:175} INFO - Processing /Library/Frameworks/Python.framework/Versions/3.9/lib/python3.9/site-packages/airflow/example_dags/example_short_circuit_decorator.py took 9.043 seconds
[2023-01-09T18:23:36.794-0500] {processor.py:175} INFO - Processing /Library/Frameworks/Python.framework/Versions/3.9/lib/python3.9/site-packages/airflow/example_dags/example_short_circuit_decorator.py took 9.084 seconds
[2023-01-09T18:32:34.822-0500] {processor.py:153} INFO - Started process (PID=44555) to work on /Library/Frameworks/Python.framework/Versions/3.9/lib/python3.9/site-packages/airflow/example_dags/example_short_circuit_decorator.py
[2023-01-09T18:32:34.822-0500] {processor.py:153} INFO - Started process (PID=44556) to work on /Library/Frameworks/Python.framework/Versions/3.9/lib/python3.9/site-packages/airflow/example_dags/example_short_circuit_decorator.py
[2023-01-09T18:32:34.827-0500] {processor.py:743} INFO - Processing file /Library/Frameworks/Python.framework/Versions/3.9/lib/python3.9/site-packages/airflow/example_dags/example_short_circuit_decorator.py for tasks to queue
[2023-01-09T18:32:34.827-0500] {processor.py:743} INFO - Processing file /Library/Frameworks/Python.framework/Versions/3.9/lib/python3.9/site-packages/airflow/example_dags/example_short_circuit_decorator.py for tasks to queue
[2023-01-09T18:32:34.828-0500] {logging_mixin.py:137} INFO - [2023-01-09T18:32:34.828-0500] {dagbag.py:538} INFO - Filling up the DagBag from /Library/Frameworks/Python.framework/Versions/3.9/lib/python3.9/site-packages/airflow/example_dags/example_short_circuit_decorator.py
[2023-01-09T18:32:34.828-0500] {logging_mixin.py:137} INFO - [2023-01-09T18:32:34.828-0500] {dagbag.py:538} INFO - Filling up the DagBag from /Library/Frameworks/Python.framework/Versions/3.9/lib/python3.9/site-packages/airflow/example_dags/example_short_circuit_decorator.py
[2023-01-09T18:32:34.903-0500] {processor.py:753} INFO - DAG(s) dict_keys(['example_short_circuit_decorator']) retrieved from /Library/Frameworks/Python.framework/Versions/3.9/lib/python3.9/site-packages/airflow/example_dags/example_short_circuit_decorator.py
[2023-01-09T18:32:34.903-0500] {processor.py:753} INFO - DAG(s) dict_keys(['example_short_circuit_decorator']) retrieved from /Library/Frameworks/Python.framework/Versions/3.9/lib/python3.9/site-packages/airflow/example_dags/example_short_circuit_decorator.py
[2023-01-09T18:32:35.604-0500] {logging_mixin.py:137} INFO - [2023-01-09T18:32:35.603-0500] {dag.py:2676} INFO - Sync 1 DAGs
[2023-01-09T18:32:35.604-0500] {logging_mixin.py:137} INFO - [2023-01-09T18:32:35.604-0500] {dag.py:2676} INFO - Sync 1 DAGs
[2023-01-09T18:32:35.621-0500] {logging_mixin.py:137} INFO - [2023-01-09T18:32:35.620-0500] {dag.py:3423} INFO - Setting next_dagrun for example_short_circuit_decorator to 2023-01-08T23:32:35.620809+00:00, run_after=2023-01-09T23:32:35.620809+00:00
[2023-01-09T18:32:35.621-0500] {logging_mixin.py:137} INFO - [2023-01-09T18:32:35.621-0500] {dag.py:3423} INFO - Setting next_dagrun for example_short_circuit_decorator to 2023-01-08T23:32:35.621386+00:00, run_after=2023-01-09T23:32:35.621386+00:00
[2023-01-09T18:32:35.645-0500] {processor.py:175} INFO - Processing /Library/Frameworks/Python.framework/Versions/3.9/lib/python3.9/site-packages/airflow/example_dags/example_short_circuit_decorator.py took 0.824 seconds
[2023-01-09T18:32:35.645-0500] {processor.py:175} INFO - Processing /Library/Frameworks/Python.framework/Versions/3.9/lib/python3.9/site-packages/airflow/example_dags/example_short_circuit_decorator.py took 0.824 seconds
[2023-01-09T18:33:57.719-0500] {processor.py:153} INFO - Started process (PID=44649) to work on /Library/Frameworks/Python.framework/Versions/3.9/lib/python3.9/site-packages/airflow/example_dags/example_short_circuit_decorator.py
[2023-01-09T18:33:57.724-0500] {processor.py:743} INFO - Processing file /Library/Frameworks/Python.framework/Versions/3.9/lib/python3.9/site-packages/airflow/example_dags/example_short_circuit_decorator.py for tasks to queue
[2023-01-09T18:33:57.724-0500] {logging_mixin.py:137} INFO - [2023-01-09T18:33:57.724-0500] {dagbag.py:538} INFO - Filling up the DagBag from /Library/Frameworks/Python.framework/Versions/3.9/lib/python3.9/site-packages/airflow/example_dags/example_short_circuit_decorator.py
[2023-01-09T18:33:57.806-0500] {processor.py:753} INFO - DAG(s) dict_keys(['example_short_circuit_decorator']) retrieved from /Library/Frameworks/Python.framework/Versions/3.9/lib/python3.9/site-packages/airflow/example_dags/example_short_circuit_decorator.py
[2023-01-09T18:33:58.622-0500] {logging_mixin.py:137} INFO - [2023-01-09T18:33:58.621-0500] {dag.py:2676} INFO - Sync 1 DAGs
[2023-01-09T18:33:58.637-0500] {logging_mixin.py:137} INFO - [2023-01-09T18:33:58.637-0500] {dag.py:3423} INFO - Setting next_dagrun for example_short_circuit_decorator to 2023-01-08T23:33:58.637568+00:00, run_after=2023-01-09T23:33:58.637568+00:00
[2023-01-09T18:33:58.656-0500] {processor.py:175} INFO - Processing /Library/Frameworks/Python.framework/Versions/3.9/lib/python3.9/site-packages/airflow/example_dags/example_short_circuit_decorator.py took 0.938 seconds
[2023-01-09T18:35:09.179-0500] {processor.py:153} INFO - Started process (PID=44704) to work on /Library/Frameworks/Python.framework/Versions/3.9/lib/python3.9/site-packages/airflow/example_dags/example_short_circuit_decorator.py
[2023-01-09T18:35:09.184-0500] {processor.py:743} INFO - Processing file /Library/Frameworks/Python.framework/Versions/3.9/lib/python3.9/site-packages/airflow/example_dags/example_short_circuit_decorator.py for tasks to queue
[2023-01-09T18:35:09.185-0500] {logging_mixin.py:137} INFO - [2023-01-09T18:35:09.185-0500] {dagbag.py:538} INFO - Filling up the DagBag from /Library/Frameworks/Python.framework/Versions/3.9/lib/python3.9/site-packages/airflow/example_dags/example_short_circuit_decorator.py
[2023-01-09T18:35:09.260-0500] {processor.py:753} INFO - DAG(s) dict_keys(['example_short_circuit_decorator']) retrieved from /Library/Frameworks/Python.framework/Versions/3.9/lib/python3.9/site-packages/airflow/example_dags/example_short_circuit_decorator.py
[2023-01-09T18:35:10.056-0500] {logging_mixin.py:137} INFO - [2023-01-09T18:35:10.055-0500] {dag.py:2676} INFO - Sync 1 DAGs
[2023-01-09T18:35:10.073-0500] {logging_mixin.py:137} INFO - [2023-01-09T18:35:10.073-0500] {dag.py:3423} INFO - Setting next_dagrun for example_short_circuit_decorator to 2023-01-08T23:35:10.073059+00:00, run_after=2023-01-09T23:35:10.073059+00:00
[2023-01-09T18:35:10.091-0500] {processor.py:175} INFO - Processing /Library/Frameworks/Python.framework/Versions/3.9/lib/python3.9/site-packages/airflow/example_dags/example_short_circuit_decorator.py took 0.913 seconds
[2023-01-09T18:36:35.024-0500] {processor.py:153} INFO - Started process (PID=44774) to work on /Library/Frameworks/Python.framework/Versions/3.9/lib/python3.9/site-packages/airflow/example_dags/example_short_circuit_decorator.py
[2023-01-09T18:36:35.029-0500] {processor.py:743} INFO - Processing file /Library/Frameworks/Python.framework/Versions/3.9/lib/python3.9/site-packages/airflow/example_dags/example_short_circuit_decorator.py for tasks to queue
[2023-01-09T18:36:35.030-0500] {logging_mixin.py:137} INFO - [2023-01-09T18:36:35.029-0500] {dagbag.py:538} INFO - Filling up the DagBag from /Library/Frameworks/Python.framework/Versions/3.9/lib/python3.9/site-packages/airflow/example_dags/example_short_circuit_decorator.py
[2023-01-09T18:36:35.107-0500] {processor.py:753} INFO - DAG(s) dict_keys(['example_short_circuit_decorator']) retrieved from /Library/Frameworks/Python.framework/Versions/3.9/lib/python3.9/site-packages/airflow/example_dags/example_short_circuit_decorator.py
[2023-01-09T18:36:35.798-0500] {logging_mixin.py:137} INFO - [2023-01-09T18:36:35.798-0500] {dag.py:2676} INFO - Sync 1 DAGs
[2023-01-09T18:36:35.814-0500] {logging_mixin.py:137} INFO - [2023-01-09T18:36:35.814-0500] {dag.py:3423} INFO - Setting next_dagrun for example_short_circuit_decorator to 2023-01-08T23:36:35.814599+00:00, run_after=2023-01-09T23:36:35.814599+00:00
[2023-01-09T18:36:35.837-0500] {processor.py:175} INFO - Processing /Library/Frameworks/Python.framework/Versions/3.9/lib/python3.9/site-packages/airflow/example_dags/example_short_circuit_decorator.py took 0.814 seconds
[2023-01-09T18:36:38.711-0500] {processor.py:153} INFO - Started process (PID=44777) to work on /Library/Frameworks/Python.framework/Versions/3.9/lib/python3.9/site-packages/airflow/example_dags/example_short_circuit_decorator.py
[2023-01-09T18:36:38.716-0500] {processor.py:743} INFO - Processing file /Library/Frameworks/Python.framework/Versions/3.9/lib/python3.9/site-packages/airflow/example_dags/example_short_circuit_decorator.py for tasks to queue
[2023-01-09T18:36:38.716-0500] {logging_mixin.py:137} INFO - [2023-01-09T18:36:38.716-0500] {dagbag.py:538} INFO - Filling up the DagBag from /Library/Frameworks/Python.framework/Versions/3.9/lib/python3.9/site-packages/airflow/example_dags/example_short_circuit_decorator.py
[2023-01-09T18:36:38.789-0500] {processor.py:753} INFO - DAG(s) dict_keys(['example_short_circuit_decorator']) retrieved from /Library/Frameworks/Python.framework/Versions/3.9/lib/python3.9/site-packages/airflow/example_dags/example_short_circuit_decorator.py
[2023-01-09T18:36:39.491-0500] {logging_mixin.py:137} INFO - [2023-01-09T18:36:39.491-0500] {dag.py:2676} INFO - Sync 1 DAGs
[2023-01-09T18:36:39.507-0500] {logging_mixin.py:137} INFO - [2023-01-09T18:36:39.506-0500] {dag.py:3423} INFO - Setting next_dagrun for example_short_circuit_decorator to 2023-01-08T23:36:39.506863+00:00, run_after=2023-01-09T23:36:39.506863+00:00
[2023-01-09T18:36:39.527-0500] {processor.py:175} INFO - Processing /Library/Frameworks/Python.framework/Versions/3.9/lib/python3.9/site-packages/airflow/example_dags/example_short_circuit_decorator.py took 0.817 seconds
[2023-01-09T18:37:57.951-0500] {processor.py:153} INFO - Started process (PID=44860) to work on /Library/Frameworks/Python.framework/Versions/3.9/lib/python3.9/site-packages/airflow/example_dags/example_short_circuit_decorator.py
[2023-01-09T18:37:57.957-0500] {processor.py:743} INFO - Processing file /Library/Frameworks/Python.framework/Versions/3.9/lib/python3.9/site-packages/airflow/example_dags/example_short_circuit_decorator.py for tasks to queue
[2023-01-09T18:37:57.958-0500] {logging_mixin.py:137} INFO - [2023-01-09T18:37:57.958-0500] {dagbag.py:538} INFO - Filling up the DagBag from /Library/Frameworks/Python.framework/Versions/3.9/lib/python3.9/site-packages/airflow/example_dags/example_short_circuit_decorator.py
[2023-01-09T18:37:58.037-0500] {processor.py:753} INFO - DAG(s) dict_keys(['example_short_circuit_decorator']) retrieved from /Library/Frameworks/Python.framework/Versions/3.9/lib/python3.9/site-packages/airflow/example_dags/example_short_circuit_decorator.py
[2023-01-09T18:37:58.758-0500] {logging_mixin.py:137} INFO - [2023-01-09T18:37:58.758-0500] {dag.py:2676} INFO - Sync 1 DAGs
[2023-01-09T18:37:58.779-0500] {logging_mixin.py:137} INFO - [2023-01-09T18:37:58.779-0500] {dag.py:3423} INFO - Setting next_dagrun for example_short_circuit_decorator to 2023-01-08T23:37:58.779444+00:00, run_after=2023-01-09T23:37:58.779444+00:00
[2023-01-09T18:37:58.798-0500] {processor.py:175} INFO - Processing /Library/Frameworks/Python.framework/Versions/3.9/lib/python3.9/site-packages/airflow/example_dags/example_short_circuit_decorator.py took 0.848 seconds
[2023-01-09T18:38:00.187-0500] {processor.py:153} INFO - Started process (PID=44861) to work on /Library/Frameworks/Python.framework/Versions/3.9/lib/python3.9/site-packages/airflow/example_dags/example_short_circuit_decorator.py
[2023-01-09T18:38:00.192-0500] {processor.py:743} INFO - Processing file /Library/Frameworks/Python.framework/Versions/3.9/lib/python3.9/site-packages/airflow/example_dags/example_short_circuit_decorator.py for tasks to queue
[2023-01-09T18:38:00.192-0500] {logging_mixin.py:137} INFO - [2023-01-09T18:38:00.192-0500] {dagbag.py:538} INFO - Filling up the DagBag from /Library/Frameworks/Python.framework/Versions/3.9/lib/python3.9/site-packages/airflow/example_dags/example_short_circuit_decorator.py
[2023-01-09T18:38:00.275-0500] {processor.py:753} INFO - DAG(s) dict_keys(['example_short_circuit_decorator']) retrieved from /Library/Frameworks/Python.framework/Versions/3.9/lib/python3.9/site-packages/airflow/example_dags/example_short_circuit_decorator.py
[2023-01-09T18:38:00.967-0500] {logging_mixin.py:137} INFO - [2023-01-09T18:38:00.967-0500] {dag.py:2676} INFO - Sync 1 DAGs
[2023-01-09T18:38:00.983-0500] {logging_mixin.py:137} INFO - [2023-01-09T18:38:00.983-0500] {dag.py:3423} INFO - Setting next_dagrun for example_short_circuit_decorator to 2023-01-08T23:38:00.983583+00:00, run_after=2023-01-09T23:38:00.983583+00:00
[2023-01-09T18:38:01.000-0500] {processor.py:175} INFO - Processing /Library/Frameworks/Python.framework/Versions/3.9/lib/python3.9/site-packages/airflow/example_dags/example_short_circuit_decorator.py took 0.814 seconds
[2023-01-09T18:40:32.834-0500] {processor.py:153} INFO - Started process (PID=45095) to work on /Library/Frameworks/Python.framework/Versions/3.9/lib/python3.9/site-packages/airflow/example_dags/example_short_circuit_decorator.py
[2023-01-09T18:40:32.840-0500] {processor.py:743} INFO - Processing file /Library/Frameworks/Python.framework/Versions/3.9/lib/python3.9/site-packages/airflow/example_dags/example_short_circuit_decorator.py for tasks to queue
[2023-01-09T18:40:32.840-0500] {logging_mixin.py:137} INFO - [2023-01-09T18:40:32.840-0500] {dagbag.py:538} INFO - Filling up the DagBag from /Library/Frameworks/Python.framework/Versions/3.9/lib/python3.9/site-packages/airflow/example_dags/example_short_circuit_decorator.py
[2023-01-09T18:40:32.912-0500] {processor.py:753} INFO - DAG(s) dict_keys(['example_short_circuit_decorator']) retrieved from /Library/Frameworks/Python.framework/Versions/3.9/lib/python3.9/site-packages/airflow/example_dags/example_short_circuit_decorator.py
[2023-01-09T18:40:33.646-0500] {logging_mixin.py:137} INFO - [2023-01-09T18:40:33.646-0500] {dag.py:2676} INFO - Sync 1 DAGs
[2023-01-09T18:40:33.663-0500] {logging_mixin.py:137} INFO - [2023-01-09T18:40:33.663-0500] {dag.py:3423} INFO - Setting next_dagrun for example_short_circuit_decorator to 2023-01-08T23:40:33.663169+00:00, run_after=2023-01-09T23:40:33.663169+00:00
[2023-01-09T18:40:33.684-0500] {processor.py:175} INFO - Processing /Library/Frameworks/Python.framework/Versions/3.9/lib/python3.9/site-packages/airflow/example_dags/example_short_circuit_decorator.py took 0.850 seconds
[2023-01-09T18:40:37.953-0500] {processor.py:153} INFO - Started process (PID=45098) to work on /Library/Frameworks/Python.framework/Versions/3.9/lib/python3.9/site-packages/airflow/example_dags/example_short_circuit_decorator.py
[2023-01-09T18:40:37.958-0500] {processor.py:743} INFO - Processing file /Library/Frameworks/Python.framework/Versions/3.9/lib/python3.9/site-packages/airflow/example_dags/example_short_circuit_decorator.py for tasks to queue
[2023-01-09T18:40:37.959-0500] {logging_mixin.py:137} INFO - [2023-01-09T18:40:37.958-0500] {dagbag.py:538} INFO - Filling up the DagBag from /Library/Frameworks/Python.framework/Versions/3.9/lib/python3.9/site-packages/airflow/example_dags/example_short_circuit_decorator.py
[2023-01-09T18:40:38.037-0500] {processor.py:753} INFO - DAG(s) dict_keys(['example_short_circuit_decorator']) retrieved from /Library/Frameworks/Python.framework/Versions/3.9/lib/python3.9/site-packages/airflow/example_dags/example_short_circuit_decorator.py
[2023-01-09T18:40:38.758-0500] {logging_mixin.py:137} INFO - [2023-01-09T18:40:38.758-0500] {dag.py:2676} INFO - Sync 1 DAGs
[2023-01-09T18:40:38.775-0500] {logging_mixin.py:137} INFO - [2023-01-09T18:40:38.774-0500] {dag.py:3423} INFO - Setting next_dagrun for example_short_circuit_decorator to 2023-01-08T23:40:38.774867+00:00, run_after=2023-01-09T23:40:38.774867+00:00
[2023-01-09T18:40:38.797-0500] {processor.py:175} INFO - Processing /Library/Frameworks/Python.framework/Versions/3.9/lib/python3.9/site-packages/airflow/example_dags/example_short_circuit_decorator.py took 0.844 seconds
[2023-01-09T18:43:09.104-0500] {processor.py:153} INFO - Started process (PID=45235) to work on /Library/Frameworks/Python.framework/Versions/3.9/lib/python3.9/site-packages/airflow/example_dags/example_short_circuit_decorator.py
[2023-01-09T18:43:09.109-0500] {processor.py:743} INFO - Processing file /Library/Frameworks/Python.framework/Versions/3.9/lib/python3.9/site-packages/airflow/example_dags/example_short_circuit_decorator.py for tasks to queue
[2023-01-09T18:43:09.110-0500] {logging_mixin.py:137} INFO - [2023-01-09T18:43:09.110-0500] {dagbag.py:538} INFO - Filling up the DagBag from /Library/Frameworks/Python.framework/Versions/3.9/lib/python3.9/site-packages/airflow/example_dags/example_short_circuit_decorator.py
[2023-01-09T18:43:09.190-0500] {processor.py:753} INFO - DAG(s) dict_keys(['example_short_circuit_decorator']) retrieved from /Library/Frameworks/Python.framework/Versions/3.9/lib/python3.9/site-packages/airflow/example_dags/example_short_circuit_decorator.py
[2023-01-09T18:43:09.849-0500] {logging_mixin.py:137} INFO - [2023-01-09T18:43:09.849-0500] {dag.py:2676} INFO - Sync 1 DAGs
[2023-01-09T18:43:09.865-0500] {logging_mixin.py:137} INFO - [2023-01-09T18:43:09.865-0500] {dag.py:3423} INFO - Setting next_dagrun for example_short_circuit_decorator to 2023-01-08T23:43:09.865235+00:00, run_after=2023-01-09T23:43:09.865235+00:00
[2023-01-09T18:43:09.881-0500] {processor.py:175} INFO - Processing /Library/Frameworks/Python.framework/Versions/3.9/lib/python3.9/site-packages/airflow/example_dags/example_short_circuit_decorator.py took 0.778 seconds
[2023-01-09T18:43:14.454-0500] {processor.py:153} INFO - Started process (PID=45240) to work on /Library/Frameworks/Python.framework/Versions/3.9/lib/python3.9/site-packages/airflow/example_dags/example_short_circuit_decorator.py
[2023-01-09T18:43:14.459-0500] {processor.py:743} INFO - Processing file /Library/Frameworks/Python.framework/Versions/3.9/lib/python3.9/site-packages/airflow/example_dags/example_short_circuit_decorator.py for tasks to queue
[2023-01-09T18:43:14.459-0500] {logging_mixin.py:137} INFO - [2023-01-09T18:43:14.459-0500] {dagbag.py:538} INFO - Filling up the DagBag from /Library/Frameworks/Python.framework/Versions/3.9/lib/python3.9/site-packages/airflow/example_dags/example_short_circuit_decorator.py
[2023-01-09T18:43:14.532-0500] {processor.py:753} INFO - DAG(s) dict_keys(['example_short_circuit_decorator']) retrieved from /Library/Frameworks/Python.framework/Versions/3.9/lib/python3.9/site-packages/airflow/example_dags/example_short_circuit_decorator.py
[2023-01-09T18:43:15.181-0500] {logging_mixin.py:137} INFO - [2023-01-09T18:43:15.181-0500] {dag.py:2676} INFO - Sync 1 DAGs
[2023-01-09T18:43:15.197-0500] {logging_mixin.py:137} INFO - [2023-01-09T18:43:15.197-0500] {dag.py:3423} INFO - Setting next_dagrun for example_short_circuit_decorator to 2023-01-08T23:43:15.197037+00:00, run_after=2023-01-09T23:43:15.197037+00:00
[2023-01-09T18:43:15.214-0500] {processor.py:175} INFO - Processing /Library/Frameworks/Python.framework/Versions/3.9/lib/python3.9/site-packages/airflow/example_dags/example_short_circuit_decorator.py took 0.761 seconds
[2023-01-09T18:46:03.166-0500] {processor.py:153} INFO - Started process (PID=45474) to work on /Library/Frameworks/Python.framework/Versions/3.9/lib/python3.9/site-packages/airflow/example_dags/example_short_circuit_decorator.py
[2023-01-09T18:46:03.172-0500] {processor.py:743} INFO - Processing file /Library/Frameworks/Python.framework/Versions/3.9/lib/python3.9/site-packages/airflow/example_dags/example_short_circuit_decorator.py for tasks to queue
[2023-01-09T18:46:03.172-0500] {logging_mixin.py:137} INFO - [2023-01-09T18:46:03.172-0500] {dagbag.py:538} INFO - Filling up the DagBag from /Library/Frameworks/Python.framework/Versions/3.9/lib/python3.9/site-packages/airflow/example_dags/example_short_circuit_decorator.py
[2023-01-09T18:46:03.261-0500] {processor.py:753} INFO - DAG(s) dict_keys(['example_short_circuit_decorator']) retrieved from /Library/Frameworks/Python.framework/Versions/3.9/lib/python3.9/site-packages/airflow/example_dags/example_short_circuit_decorator.py
[2023-01-09T18:46:04.025-0500] {logging_mixin.py:137} INFO - [2023-01-09T18:46:04.025-0500] {dag.py:2676} INFO - Sync 1 DAGs
[2023-01-09T18:46:04.041-0500] {logging_mixin.py:137} INFO - [2023-01-09T18:46:04.041-0500] {dag.py:3423} INFO - Setting next_dagrun for example_short_circuit_decorator to 2023-01-08T23:46:04.041376+00:00, run_after=2023-01-09T23:46:04.041376+00:00
[2023-01-09T18:46:04.060-0500] {processor.py:175} INFO - Processing /Library/Frameworks/Python.framework/Versions/3.9/lib/python3.9/site-packages/airflow/example_dags/example_short_circuit_decorator.py took 0.894 seconds
[2023-01-09T18:46:08.745-0500] {processor.py:153} INFO - Started process (PID=45479) to work on /Library/Frameworks/Python.framework/Versions/3.9/lib/python3.9/site-packages/airflow/example_dags/example_short_circuit_decorator.py
[2023-01-09T18:46:08.750-0500] {processor.py:743} INFO - Processing file /Library/Frameworks/Python.framework/Versions/3.9/lib/python3.9/site-packages/airflow/example_dags/example_short_circuit_decorator.py for tasks to queue
[2023-01-09T18:46:08.750-0500] {logging_mixin.py:137} INFO - [2023-01-09T18:46:08.750-0500] {dagbag.py:538} INFO - Filling up the DagBag from /Library/Frameworks/Python.framework/Versions/3.9/lib/python3.9/site-packages/airflow/example_dags/example_short_circuit_decorator.py
[2023-01-09T18:46:08.825-0500] {processor.py:753} INFO - DAG(s) dict_keys(['example_short_circuit_decorator']) retrieved from /Library/Frameworks/Python.framework/Versions/3.9/lib/python3.9/site-packages/airflow/example_dags/example_short_circuit_decorator.py
[2023-01-09T18:46:09.526-0500] {logging_mixin.py:137} INFO - [2023-01-09T18:46:09.526-0500] {dag.py:2676} INFO - Sync 1 DAGs
[2023-01-09T18:46:09.543-0500] {logging_mixin.py:137} INFO - [2023-01-09T18:46:09.543-0500] {dag.py:3423} INFO - Setting next_dagrun for example_short_circuit_decorator to 2023-01-08T23:46:09.543386+00:00, run_after=2023-01-09T23:46:09.543386+00:00
[2023-01-09T18:46:09.562-0500] {processor.py:175} INFO - Processing /Library/Frameworks/Python.framework/Versions/3.9/lib/python3.9/site-packages/airflow/example_dags/example_short_circuit_decorator.py took 0.817 seconds
[2023-01-09T18:47:47.026-0500] {processor.py:153} INFO - Started process (PID=45575) to work on /Library/Frameworks/Python.framework/Versions/3.9/lib/python3.9/site-packages/airflow/example_dags/example_short_circuit_decorator.py
[2023-01-09T18:47:47.032-0500] {processor.py:743} INFO - Processing file /Library/Frameworks/Python.framework/Versions/3.9/lib/python3.9/site-packages/airflow/example_dags/example_short_circuit_decorator.py for tasks to queue
[2023-01-09T18:47:47.032-0500] {logging_mixin.py:137} INFO - [2023-01-09T18:47:47.032-0500] {dagbag.py:538} INFO - Filling up the DagBag from /Library/Frameworks/Python.framework/Versions/3.9/lib/python3.9/site-packages/airflow/example_dags/example_short_circuit_decorator.py
[2023-01-09T18:47:47.132-0500] {processor.py:753} INFO - DAG(s) dict_keys(['example_short_circuit_decorator']) retrieved from /Library/Frameworks/Python.framework/Versions/3.9/lib/python3.9/site-packages/airflow/example_dags/example_short_circuit_decorator.py
[2023-01-09T18:47:48.036-0500] {logging_mixin.py:137} INFO - [2023-01-09T18:47:48.035-0500] {dag.py:2676} INFO - Sync 1 DAGs
[2023-01-09T18:47:48.240-0500] {logging_mixin.py:137} INFO - [2023-01-09T18:47:48.240-0500] {dag.py:3423} INFO - Setting next_dagrun for example_short_circuit_decorator to 2023-01-08T23:47:48.240312+00:00, run_after=2023-01-09T23:47:48.240312+00:00
[2023-01-09T18:47:48.275-0500] {processor.py:175} INFO - Processing /Library/Frameworks/Python.framework/Versions/3.9/lib/python3.9/site-packages/airflow/example_dags/example_short_circuit_decorator.py took 1.249 seconds
[2023-01-09T18:47:52.398-0500] {processor.py:153} INFO - Started process (PID=45578) to work on /Library/Frameworks/Python.framework/Versions/3.9/lib/python3.9/site-packages/airflow/example_dags/example_short_circuit_decorator.py
[2023-01-09T18:47:52.403-0500] {processor.py:743} INFO - Processing file /Library/Frameworks/Python.framework/Versions/3.9/lib/python3.9/site-packages/airflow/example_dags/example_short_circuit_decorator.py for tasks to queue
[2023-01-09T18:47:52.404-0500] {logging_mixin.py:137} INFO - [2023-01-09T18:47:52.403-0500] {dagbag.py:538} INFO - Filling up the DagBag from /Library/Frameworks/Python.framework/Versions/3.9/lib/python3.9/site-packages/airflow/example_dags/example_short_circuit_decorator.py
[2023-01-09T18:47:52.486-0500] {processor.py:753} INFO - DAG(s) dict_keys(['example_short_circuit_decorator']) retrieved from /Library/Frameworks/Python.framework/Versions/3.9/lib/python3.9/site-packages/airflow/example_dags/example_short_circuit_decorator.py
[2023-01-09T18:47:53.303-0500] {logging_mixin.py:137} INFO - [2023-01-09T18:47:53.303-0500] {dag.py:2676} INFO - Sync 1 DAGs
[2023-01-09T18:47:53.321-0500] {logging_mixin.py:137} INFO - [2023-01-09T18:47:53.321-0500] {dag.py:3423} INFO - Setting next_dagrun for example_short_circuit_decorator to 2023-01-08T23:47:53.321509+00:00, run_after=2023-01-09T23:47:53.321509+00:00
[2023-01-09T18:47:53.341-0500] {processor.py:175} INFO - Processing /Library/Frameworks/Python.framework/Versions/3.9/lib/python3.9/site-packages/airflow/example_dags/example_short_circuit_decorator.py took 0.944 seconds
[2023-01-09T18:49:14.366-0500] {processor.py:153} INFO - Started process (PID=45700) to work on /Library/Frameworks/Python.framework/Versions/3.9/lib/python3.9/site-packages/airflow/example_dags/example_short_circuit_decorator.py
[2023-01-09T18:49:14.371-0500] {processor.py:743} INFO - Processing file /Library/Frameworks/Python.framework/Versions/3.9/lib/python3.9/site-packages/airflow/example_dags/example_short_circuit_decorator.py for tasks to queue
[2023-01-09T18:49:14.372-0500] {logging_mixin.py:137} INFO - [2023-01-09T18:49:14.372-0500] {dagbag.py:538} INFO - Filling up the DagBag from /Library/Frameworks/Python.framework/Versions/3.9/lib/python3.9/site-packages/airflow/example_dags/example_short_circuit_decorator.py
[2023-01-09T18:49:14.448-0500] {processor.py:753} INFO - DAG(s) dict_keys(['example_short_circuit_decorator']) retrieved from /Library/Frameworks/Python.framework/Versions/3.9/lib/python3.9/site-packages/airflow/example_dags/example_short_circuit_decorator.py
[2023-01-09T18:49:15.203-0500] {logging_mixin.py:137} INFO - [2023-01-09T18:49:15.203-0500] {dag.py:2676} INFO - Sync 1 DAGs
[2023-01-09T18:49:15.221-0500] {logging_mixin.py:137} INFO - [2023-01-09T18:49:15.221-0500] {dag.py:3423} INFO - Setting next_dagrun for example_short_circuit_decorator to 2023-01-08T23:49:15.221554+00:00, run_after=2023-01-09T23:49:15.221554+00:00
[2023-01-09T18:49:15.240-0500] {processor.py:175} INFO - Processing /Library/Frameworks/Python.framework/Versions/3.9/lib/python3.9/site-packages/airflow/example_dags/example_short_circuit_decorator.py took 0.875 seconds
[2023-01-09T18:49:21.659-0500] {processor.py:153} INFO - Started process (PID=45705) to work on /Library/Frameworks/Python.framework/Versions/3.9/lib/python3.9/site-packages/airflow/example_dags/example_short_circuit_decorator.py
[2023-01-09T18:49:21.665-0500] {processor.py:743} INFO - Processing file /Library/Frameworks/Python.framework/Versions/3.9/lib/python3.9/site-packages/airflow/example_dags/example_short_circuit_decorator.py for tasks to queue
[2023-01-09T18:49:21.666-0500] {logging_mixin.py:137} INFO - [2023-01-09T18:49:21.666-0500] {dagbag.py:538} INFO - Filling up the DagBag from /Library/Frameworks/Python.framework/Versions/3.9/lib/python3.9/site-packages/airflow/example_dags/example_short_circuit_decorator.py
[2023-01-09T18:49:21.831-0500] {processor.py:753} INFO - DAG(s) dict_keys(['example_short_circuit_decorator']) retrieved from /Library/Frameworks/Python.framework/Versions/3.9/lib/python3.9/site-packages/airflow/example_dags/example_short_circuit_decorator.py
[2023-01-09T18:49:22.760-0500] {logging_mixin.py:137} INFO - [2023-01-09T18:49:22.759-0500] {dag.py:2676} INFO - Sync 1 DAGs
[2023-01-09T18:49:22.779-0500] {logging_mixin.py:137} INFO - [2023-01-09T18:49:22.779-0500] {dag.py:3423} INFO - Setting next_dagrun for example_short_circuit_decorator to 2023-01-08T23:49:22.778869+00:00, run_after=2023-01-09T23:49:22.778869+00:00
[2023-01-09T18:49:22.801-0500] {processor.py:175} INFO - Processing /Library/Frameworks/Python.framework/Versions/3.9/lib/python3.9/site-packages/airflow/example_dags/example_short_circuit_decorator.py took 1.143 seconds
[2023-01-09T18:50:44.333-0500] {processor.py:153} INFO - Started process (PID=45768) to work on /Library/Frameworks/Python.framework/Versions/3.9/lib/python3.9/site-packages/airflow/example_dags/example_short_circuit_decorator.py
[2023-01-09T18:50:44.339-0500] {processor.py:743} INFO - Processing file /Library/Frameworks/Python.framework/Versions/3.9/lib/python3.9/site-packages/airflow/example_dags/example_short_circuit_decorator.py for tasks to queue
[2023-01-09T18:50:44.340-0500] {logging_mixin.py:137} INFO - [2023-01-09T18:50:44.339-0500] {dagbag.py:538} INFO - Filling up the DagBag from /Library/Frameworks/Python.framework/Versions/3.9/lib/python3.9/site-packages/airflow/example_dags/example_short_circuit_decorator.py
[2023-01-09T18:50:44.416-0500] {processor.py:753} INFO - DAG(s) dict_keys(['example_short_circuit_decorator']) retrieved from /Library/Frameworks/Python.framework/Versions/3.9/lib/python3.9/site-packages/airflow/example_dags/example_short_circuit_decorator.py
[2023-01-09T18:50:45.098-0500] {logging_mixin.py:137} INFO - [2023-01-09T18:50:45.098-0500] {dag.py:2676} INFO - Sync 1 DAGs
[2023-01-09T18:50:45.116-0500] {logging_mixin.py:137} INFO - [2023-01-09T18:50:45.116-0500] {dag.py:3423} INFO - Setting next_dagrun for example_short_circuit_decorator to 2023-01-08T23:50:45.116450+00:00, run_after=2023-01-09T23:50:45.116450+00:00
[2023-01-09T18:50:45.136-0500] {processor.py:175} INFO - Processing /Library/Frameworks/Python.framework/Versions/3.9/lib/python3.9/site-packages/airflow/example_dags/example_short_circuit_decorator.py took 0.804 seconds
[2023-01-09T18:50:50.077-0500] {processor.py:153} INFO - Started process (PID=45772) to work on /Library/Frameworks/Python.framework/Versions/3.9/lib/python3.9/site-packages/airflow/example_dags/example_short_circuit_decorator.py
[2023-01-09T18:50:50.082-0500] {processor.py:743} INFO - Processing file /Library/Frameworks/Python.framework/Versions/3.9/lib/python3.9/site-packages/airflow/example_dags/example_short_circuit_decorator.py for tasks to queue
[2023-01-09T18:50:50.083-0500] {logging_mixin.py:137} INFO - [2023-01-09T18:50:50.083-0500] {dagbag.py:538} INFO - Filling up the DagBag from /Library/Frameworks/Python.framework/Versions/3.9/lib/python3.9/site-packages/airflow/example_dags/example_short_circuit_decorator.py
[2023-01-09T18:50:50.154-0500] {processor.py:753} INFO - DAG(s) dict_keys(['example_short_circuit_decorator']) retrieved from /Library/Frameworks/Python.framework/Versions/3.9/lib/python3.9/site-packages/airflow/example_dags/example_short_circuit_decorator.py
[2023-01-09T18:50:50.853-0500] {logging_mixin.py:137} INFO - [2023-01-09T18:50:50.853-0500] {dag.py:2676} INFO - Sync 1 DAGs
[2023-01-09T18:50:50.870-0500] {logging_mixin.py:137} INFO - [2023-01-09T18:50:50.870-0500] {dag.py:3423} INFO - Setting next_dagrun for example_short_circuit_decorator to 2023-01-08T23:50:50.870695+00:00, run_after=2023-01-09T23:50:50.870695+00:00
[2023-01-09T18:50:50.888-0500] {processor.py:175} INFO - Processing /Library/Frameworks/Python.framework/Versions/3.9/lib/python3.9/site-packages/airflow/example_dags/example_short_circuit_decorator.py took 0.811 seconds
[2023-01-09T18:53:56.890-0500] {processor.py:153} INFO - Started process (PID=45939) to work on /Library/Frameworks/Python.framework/Versions/3.9/lib/python3.9/site-packages/airflow/example_dags/example_short_circuit_decorator.py
[2023-01-09T18:53:56.905-0500] {processor.py:743} INFO - Processing file /Library/Frameworks/Python.framework/Versions/3.9/lib/python3.9/site-packages/airflow/example_dags/example_short_circuit_decorator.py for tasks to queue
[2023-01-09T18:53:56.906-0500] {logging_mixin.py:137} INFO - [2023-01-09T18:53:56.905-0500] {dagbag.py:538} INFO - Filling up the DagBag from /Library/Frameworks/Python.framework/Versions/3.9/lib/python3.9/site-packages/airflow/example_dags/example_short_circuit_decorator.py
[2023-01-09T18:53:57.023-0500] {processor.py:753} INFO - DAG(s) dict_keys(['example_short_circuit_decorator']) retrieved from /Library/Frameworks/Python.framework/Versions/3.9/lib/python3.9/site-packages/airflow/example_dags/example_short_circuit_decorator.py
[2023-01-09T18:53:58.126-0500] {logging_mixin.py:137} INFO - [2023-01-09T18:53:58.125-0500] {dag.py:2676} INFO - Sync 1 DAGs
[2023-01-09T18:53:58.157-0500] {logging_mixin.py:137} INFO - [2023-01-09T18:53:58.157-0500] {dag.py:3423} INFO - Setting next_dagrun for example_short_circuit_decorator to 2023-01-08T23:53:58.157316+00:00, run_after=2023-01-09T23:53:58.157316+00:00
[2023-01-09T18:53:58.199-0500] {processor.py:175} INFO - Processing /Library/Frameworks/Python.framework/Versions/3.9/lib/python3.9/site-packages/airflow/example_dags/example_short_circuit_decorator.py took 1.311 seconds
[2023-01-09T18:54:05.033-0500] {processor.py:153} INFO - Started process (PID=45944) to work on /Library/Frameworks/Python.framework/Versions/3.9/lib/python3.9/site-packages/airflow/example_dags/example_short_circuit_decorator.py
[2023-01-09T18:54:05.039-0500] {processor.py:743} INFO - Processing file /Library/Frameworks/Python.framework/Versions/3.9/lib/python3.9/site-packages/airflow/example_dags/example_short_circuit_decorator.py for tasks to queue
[2023-01-09T18:54:05.039-0500] {logging_mixin.py:137} INFO - [2023-01-09T18:54:05.039-0500] {dagbag.py:538} INFO - Filling up the DagBag from /Library/Frameworks/Python.framework/Versions/3.9/lib/python3.9/site-packages/airflow/example_dags/example_short_circuit_decorator.py
[2023-01-09T18:54:05.149-0500] {processor.py:753} INFO - DAG(s) dict_keys(['example_short_circuit_decorator']) retrieved from /Library/Frameworks/Python.framework/Versions/3.9/lib/python3.9/site-packages/airflow/example_dags/example_short_circuit_decorator.py
[2023-01-09T18:54:06.158-0500] {logging_mixin.py:137} INFO - [2023-01-09T18:54:06.158-0500] {dag.py:2676} INFO - Sync 1 DAGs
[2023-01-09T18:54:06.181-0500] {logging_mixin.py:137} INFO - [2023-01-09T18:54:06.181-0500] {dag.py:3423} INFO - Setting next_dagrun for example_short_circuit_decorator to 2023-01-08T23:54:06.181268+00:00, run_after=2023-01-09T23:54:06.181268+00:00
[2023-01-09T18:54:06.208-0500] {processor.py:175} INFO - Processing /Library/Frameworks/Python.framework/Versions/3.9/lib/python3.9/site-packages/airflow/example_dags/example_short_circuit_decorator.py took 1.176 seconds
[2023-01-09T18:56:10.313-0500] {processor.py:153} INFO - Started process (PID=46021) to work on /Library/Frameworks/Python.framework/Versions/3.9/lib/python3.9/site-packages/airflow/example_dags/example_short_circuit_decorator.py
[2023-01-09T18:56:10.320-0500] {processor.py:743} INFO - Processing file /Library/Frameworks/Python.framework/Versions/3.9/lib/python3.9/site-packages/airflow/example_dags/example_short_circuit_decorator.py for tasks to queue
[2023-01-09T18:56:10.322-0500] {logging_mixin.py:137} INFO - [2023-01-09T18:56:10.322-0500] {dagbag.py:538} INFO - Filling up the DagBag from /Library/Frameworks/Python.framework/Versions/3.9/lib/python3.9/site-packages/airflow/example_dags/example_short_circuit_decorator.py
[2023-01-09T18:56:10.442-0500] {processor.py:753} INFO - DAG(s) dict_keys(['example_short_circuit_decorator']) retrieved from /Library/Frameworks/Python.framework/Versions/3.9/lib/python3.9/site-packages/airflow/example_dags/example_short_circuit_decorator.py
[2023-01-09T18:56:11.674-0500] {logging_mixin.py:137} INFO - [2023-01-09T18:56:11.673-0500] {dag.py:2676} INFO - Sync 1 DAGs
[2023-01-09T18:56:11.697-0500] {logging_mixin.py:137} INFO - [2023-01-09T18:56:11.697-0500] {dag.py:3423} INFO - Setting next_dagrun for example_short_circuit_decorator to 2023-01-08T23:56:11.696931+00:00, run_after=2023-01-09T23:56:11.696931+00:00
[2023-01-09T18:56:11.725-0500] {processor.py:175} INFO - Processing /Library/Frameworks/Python.framework/Versions/3.9/lib/python3.9/site-packages/airflow/example_dags/example_short_circuit_decorator.py took 1.413 seconds
[2023-01-09T18:56:21.464-0500] {processor.py:153} INFO - Started process (PID=46032) to work on /Library/Frameworks/Python.framework/Versions/3.9/lib/python3.9/site-packages/airflow/example_dags/example_short_circuit_decorator.py
[2023-01-09T18:56:21.483-0500] {processor.py:743} INFO - Processing file /Library/Frameworks/Python.framework/Versions/3.9/lib/python3.9/site-packages/airflow/example_dags/example_short_circuit_decorator.py for tasks to queue
[2023-01-09T18:56:21.484-0500] {logging_mixin.py:137} INFO - [2023-01-09T18:56:21.484-0500] {dagbag.py:538} INFO - Filling up the DagBag from /Library/Frameworks/Python.framework/Versions/3.9/lib/python3.9/site-packages/airflow/example_dags/example_short_circuit_decorator.py
[2023-01-09T18:56:21.613-0500] {processor.py:753} INFO - DAG(s) dict_keys(['example_short_circuit_decorator']) retrieved from /Library/Frameworks/Python.framework/Versions/3.9/lib/python3.9/site-packages/airflow/example_dags/example_short_circuit_decorator.py
[2023-01-09T18:56:22.822-0500] {logging_mixin.py:137} INFO - [2023-01-09T18:56:22.821-0500] {dag.py:2676} INFO - Sync 1 DAGs
[2023-01-09T18:56:22.847-0500] {logging_mixin.py:137} INFO - [2023-01-09T18:56:22.847-0500] {dag.py:3423} INFO - Setting next_dagrun for example_short_circuit_decorator to 2023-01-08T23:56:22.847529+00:00, run_after=2023-01-09T23:56:22.847529+00:00
[2023-01-09T18:56:22.873-0500] {processor.py:175} INFO - Processing /Library/Frameworks/Python.framework/Versions/3.9/lib/python3.9/site-packages/airflow/example_dags/example_short_circuit_decorator.py took 1.410 seconds
[2023-01-09T18:58:41.624-0500] {processor.py:153} INFO - Started process (PID=46162) to work on /Library/Frameworks/Python.framework/Versions/3.9/lib/python3.9/site-packages/airflow/example_dags/example_short_circuit_decorator.py
[2023-01-09T18:58:41.632-0500] {processor.py:743} INFO - Processing file /Library/Frameworks/Python.framework/Versions/3.9/lib/python3.9/site-packages/airflow/example_dags/example_short_circuit_decorator.py for tasks to queue
[2023-01-09T18:58:41.633-0500] {logging_mixin.py:137} INFO - [2023-01-09T18:58:41.632-0500] {dagbag.py:538} INFO - Filling up the DagBag from /Library/Frameworks/Python.framework/Versions/3.9/lib/python3.9/site-packages/airflow/example_dags/example_short_circuit_decorator.py
[2023-01-09T18:58:41.780-0500] {processor.py:753} INFO - DAG(s) dict_keys(['example_short_circuit_decorator']) retrieved from /Library/Frameworks/Python.framework/Versions/3.9/lib/python3.9/site-packages/airflow/example_dags/example_short_circuit_decorator.py
[2023-01-09T18:58:43.366-0500] {logging_mixin.py:137} INFO - [2023-01-09T18:58:43.366-0500] {dag.py:2676} INFO - Sync 1 DAGs
[2023-01-09T18:58:43.389-0500] {logging_mixin.py:137} INFO - [2023-01-09T18:58:43.389-0500] {dag.py:3423} INFO - Setting next_dagrun for example_short_circuit_decorator to 2023-01-08T23:58:43.389245+00:00, run_after=2023-01-09T23:58:43.389245+00:00
[2023-01-09T18:58:43.412-0500] {processor.py:175} INFO - Processing /Library/Frameworks/Python.framework/Versions/3.9/lib/python3.9/site-packages/airflow/example_dags/example_short_circuit_decorator.py took 1.789 seconds
[2023-01-09T18:58:54.333-0500] {processor.py:153} INFO - Started process (PID=46178) to work on /Library/Frameworks/Python.framework/Versions/3.9/lib/python3.9/site-packages/airflow/example_dags/example_short_circuit_decorator.py
[2023-01-09T18:58:54.343-0500] {processor.py:743} INFO - Processing file /Library/Frameworks/Python.framework/Versions/3.9/lib/python3.9/site-packages/airflow/example_dags/example_short_circuit_decorator.py for tasks to queue
[2023-01-09T18:58:54.344-0500] {logging_mixin.py:137} INFO - [2023-01-09T18:58:54.343-0500] {dagbag.py:538} INFO - Filling up the DagBag from /Library/Frameworks/Python.framework/Versions/3.9/lib/python3.9/site-packages/airflow/example_dags/example_short_circuit_decorator.py
[2023-01-09T18:58:54.447-0500] {processor.py:753} INFO - DAG(s) dict_keys(['example_short_circuit_decorator']) retrieved from /Library/Frameworks/Python.framework/Versions/3.9/lib/python3.9/site-packages/airflow/example_dags/example_short_circuit_decorator.py
[2023-01-09T18:58:55.565-0500] {logging_mixin.py:137} INFO - [2023-01-09T18:58:55.565-0500] {dag.py:2676} INFO - Sync 1 DAGs
[2023-01-09T18:58:55.591-0500] {logging_mixin.py:137} INFO - [2023-01-09T18:58:55.591-0500] {dag.py:3423} INFO - Setting next_dagrun for example_short_circuit_decorator to 2023-01-08T23:58:55.591262+00:00, run_after=2023-01-09T23:58:55.591262+00:00
[2023-01-09T18:58:55.619-0500] {processor.py:175} INFO - Processing /Library/Frameworks/Python.framework/Versions/3.9/lib/python3.9/site-packages/airflow/example_dags/example_short_circuit_decorator.py took 1.287 seconds
