[2023-01-09T16:47:35.407-0500] {processor.py:153} INFO - Started process (PID=39193) to work on /Library/Frameworks/Python.framework/Versions/3.9/lib/python3.9/site-packages/airflow/example_dags/example_branch_python_dop_operator_3.py
[2023-01-09T16:47:35.412-0500] {processor.py:743} INFO - Processing file /Library/Frameworks/Python.framework/Versions/3.9/lib/python3.9/site-packages/airflow/example_dags/example_branch_python_dop_operator_3.py for tasks to queue
[2023-01-09T16:47:35.412-0500] {logging_mixin.py:137} INFO - [2023-01-09T16:47:35.412-0500] {dagbag.py:538} INFO - Filling up the DagBag from /Library/Frameworks/Python.framework/Versions/3.9/lib/python3.9/site-packages/airflow/example_dags/example_branch_python_dop_operator_3.py
[2023-01-09T16:47:35.491-0500] {processor.py:753} INFO - DAG(s) dict_keys(['example_branch_dop_operator_v3']) retrieved from /Library/Frameworks/Python.framework/Versions/3.9/lib/python3.9/site-packages/airflow/example_dags/example_branch_python_dop_operator_3.py
[2023-01-09T16:47:36.290-0500] {logging_mixin.py:137} INFO - [2023-01-09T16:47:36.290-0500] {manager.py:504} INFO - Created Permission View: can edit on DAG:example_branch_dop_operator_v3
[2023-01-09T16:47:36.317-0500] {logging_mixin.py:137} INFO - [2023-01-09T16:47:36.317-0500] {manager.py:504} INFO - Created Permission View: can delete on DAG:example_branch_dop_operator_v3
[2023-01-09T16:47:36.328-0500] {logging_mixin.py:137} INFO - [2023-01-09T16:47:36.328-0500] {manager.py:504} INFO - Created Permission View: can read on DAG:example_branch_dop_operator_v3
[2023-01-09T16:47:36.328-0500] {logging_mixin.py:137} INFO - [2023-01-09T16:47:36.328-0500] {dag.py:2676} INFO - Sync 1 DAGs
[2023-01-09T16:47:36.342-0500] {logging_mixin.py:137} INFO - [2023-01-09T16:47:36.342-0500] {dag.py:2697} INFO - Creating ORM DAG for example_branch_dop_operator_v3
[2023-01-09T16:47:36.355-0500] {logging_mixin.py:137} INFO - [2023-01-09T16:47:36.355-0500] {dag.py:3423} INFO - Setting next_dagrun for example_branch_dop_operator_v3 to 2023-01-09T21:46:00+00:00, run_after=2023-01-09T21:47:00+00:00
[2023-01-09T16:47:36.375-0500] {processor.py:175} INFO - Processing /Library/Frameworks/Python.framework/Versions/3.9/lib/python3.9/site-packages/airflow/example_dags/example_branch_python_dop_operator_3.py took 0.969 seconds
[2023-01-09T16:50:26.393-0500] {processor.py:153} INFO - Started process (PID=39308) to work on /Library/Frameworks/Python.framework/Versions/3.9/lib/python3.9/site-packages/airflow/example_dags/example_branch_python_dop_operator_3.py
[2023-01-09T16:50:26.398-0500] {processor.py:743} INFO - Processing file /Library/Frameworks/Python.framework/Versions/3.9/lib/python3.9/site-packages/airflow/example_dags/example_branch_python_dop_operator_3.py for tasks to queue
[2023-01-09T16:50:26.399-0500] {logging_mixin.py:137} INFO - [2023-01-09T16:50:26.399-0500] {dagbag.py:538} INFO - Filling up the DagBag from /Library/Frameworks/Python.framework/Versions/3.9/lib/python3.9/site-packages/airflow/example_dags/example_branch_python_dop_operator_3.py
[2023-01-09T16:50:26.481-0500] {processor.py:753} INFO - DAG(s) dict_keys(['example_branch_dop_operator_v3']) retrieved from /Library/Frameworks/Python.framework/Versions/3.9/lib/python3.9/site-packages/airflow/example_dags/example_branch_python_dop_operator_3.py
[2023-01-09T16:50:27.220-0500] {logging_mixin.py:137} INFO - [2023-01-09T16:50:27.219-0500] {dag.py:2676} INFO - Sync 1 DAGs
[2023-01-09T16:50:27.245-0500] {logging_mixin.py:137} INFO - [2023-01-09T16:50:27.245-0500] {dag.py:3423} INFO - Setting next_dagrun for example_branch_dop_operator_v3 to 2023-01-09T21:49:00+00:00, run_after=2023-01-09T21:50:00+00:00
[2023-01-09T16:50:27.272-0500] {processor.py:175} INFO - Processing /Library/Frameworks/Python.framework/Versions/3.9/lib/python3.9/site-packages/airflow/example_dags/example_branch_python_dop_operator_3.py took 0.880 seconds
[2023-01-09T16:53:16.727-0500] {processor.py:153} INFO - Started process (PID=39404) to work on /Library/Frameworks/Python.framework/Versions/3.9/lib/python3.9/site-packages/airflow/example_dags/example_branch_python_dop_operator_3.py
[2023-01-09T16:53:16.733-0500] {processor.py:743} INFO - Processing file /Library/Frameworks/Python.framework/Versions/3.9/lib/python3.9/site-packages/airflow/example_dags/example_branch_python_dop_operator_3.py for tasks to queue
[2023-01-09T16:53:16.733-0500] {logging_mixin.py:137} INFO - [2023-01-09T16:53:16.733-0500] {dagbag.py:538} INFO - Filling up the DagBag from /Library/Frameworks/Python.framework/Versions/3.9/lib/python3.9/site-packages/airflow/example_dags/example_branch_python_dop_operator_3.py
[2023-01-09T16:53:16.808-0500] {processor.py:753} INFO - DAG(s) dict_keys(['example_branch_dop_operator_v3']) retrieved from /Library/Frameworks/Python.framework/Versions/3.9/lib/python3.9/site-packages/airflow/example_dags/example_branch_python_dop_operator_3.py
[2023-01-09T16:53:17.482-0500] {logging_mixin.py:137} INFO - [2023-01-09T16:53:17.482-0500] {dag.py:2676} INFO - Sync 1 DAGs
[2023-01-09T16:53:17.503-0500] {logging_mixin.py:137} INFO - [2023-01-09T16:53:17.503-0500] {dag.py:3423} INFO - Setting next_dagrun for example_branch_dop_operator_v3 to 2023-01-09T21:52:00+00:00, run_after=2023-01-09T21:53:00+00:00
[2023-01-09T16:53:17.523-0500] {processor.py:175} INFO - Processing /Library/Frameworks/Python.framework/Versions/3.9/lib/python3.9/site-packages/airflow/example_dags/example_branch_python_dop_operator_3.py took 0.796 seconds
[2023-01-09T16:56:01.735-0500] {processor.py:153} INFO - Started process (PID=39598) to work on /Library/Frameworks/Python.framework/Versions/3.9/lib/python3.9/site-packages/airflow/example_dags/example_branch_python_dop_operator_3.py
[2023-01-09T16:56:01.741-0500] {processor.py:743} INFO - Processing file /Library/Frameworks/Python.framework/Versions/3.9/lib/python3.9/site-packages/airflow/example_dags/example_branch_python_dop_operator_3.py for tasks to queue
[2023-01-09T16:56:01.741-0500] {logging_mixin.py:137} INFO - [2023-01-09T16:56:01.741-0500] {dagbag.py:538} INFO - Filling up the DagBag from /Library/Frameworks/Python.framework/Versions/3.9/lib/python3.9/site-packages/airflow/example_dags/example_branch_python_dop_operator_3.py
[2023-01-09T16:56:01.816-0500] {processor.py:753} INFO - DAG(s) dict_keys(['example_branch_dop_operator_v3']) retrieved from /Library/Frameworks/Python.framework/Versions/3.9/lib/python3.9/site-packages/airflow/example_dags/example_branch_python_dop_operator_3.py
[2023-01-09T16:56:02.548-0500] {logging_mixin.py:137} INFO - [2023-01-09T16:56:02.548-0500] {dag.py:2676} INFO - Sync 1 DAGs
[2023-01-09T16:56:02.569-0500] {logging_mixin.py:137} INFO - [2023-01-09T16:56:02.569-0500] {dag.py:3423} INFO - Setting next_dagrun for example_branch_dop_operator_v3 to 2023-01-09T21:55:00+00:00, run_after=2023-01-09T21:56:00+00:00
[2023-01-09T16:56:02.592-0500] {processor.py:175} INFO - Processing /Library/Frameworks/Python.framework/Versions/3.9/lib/python3.9/site-packages/airflow/example_dags/example_branch_python_dop_operator_3.py took 0.857 seconds
[2023-01-09T16:59:05.523-0500] {processor.py:153} INFO - Started process (PID=41152) to work on /Library/Frameworks/Python.framework/Versions/3.9/lib/python3.9/site-packages/airflow/example_dags/example_branch_python_dop_operator_3.py
[2023-01-09T16:59:05.528-0500] {processor.py:743} INFO - Processing file /Library/Frameworks/Python.framework/Versions/3.9/lib/python3.9/site-packages/airflow/example_dags/example_branch_python_dop_operator_3.py for tasks to queue
[2023-01-09T16:59:05.529-0500] {logging_mixin.py:137} INFO - [2023-01-09T16:59:05.529-0500] {dagbag.py:538} INFO - Filling up the DagBag from /Library/Frameworks/Python.framework/Versions/3.9/lib/python3.9/site-packages/airflow/example_dags/example_branch_python_dop_operator_3.py
[2023-01-09T16:59:05.603-0500] {processor.py:753} INFO - DAG(s) dict_keys(['example_branch_dop_operator_v3']) retrieved from /Library/Frameworks/Python.framework/Versions/3.9/lib/python3.9/site-packages/airflow/example_dags/example_branch_python_dop_operator_3.py
[2023-01-09T16:59:06.260-0500] {logging_mixin.py:137} INFO - [2023-01-09T16:59:06.260-0500] {dag.py:2676} INFO - Sync 1 DAGs
[2023-01-09T16:59:06.280-0500] {logging_mixin.py:137} INFO - [2023-01-09T16:59:06.280-0500] {dag.py:3423} INFO - Setting next_dagrun for example_branch_dop_operator_v3 to 2023-01-09T21:58:00+00:00, run_after=2023-01-09T21:59:00+00:00
[2023-01-09T16:59:06.299-0500] {processor.py:175} INFO - Processing /Library/Frameworks/Python.framework/Versions/3.9/lib/python3.9/site-packages/airflow/example_dags/example_branch_python_dop_operator_3.py took 0.777 seconds
[2023-01-09T17:02:04.230-0500] {processor.py:153} INFO - Started process (PID=41386) to work on /Library/Frameworks/Python.framework/Versions/3.9/lib/python3.9/site-packages/airflow/example_dags/example_branch_python_dop_operator_3.py
[2023-01-09T17:02:04.236-0500] {processor.py:743} INFO - Processing file /Library/Frameworks/Python.framework/Versions/3.9/lib/python3.9/site-packages/airflow/example_dags/example_branch_python_dop_operator_3.py for tasks to queue
[2023-01-09T17:02:04.237-0500] {logging_mixin.py:137} INFO - [2023-01-09T17:02:04.237-0500] {dagbag.py:538} INFO - Filling up the DagBag from /Library/Frameworks/Python.framework/Versions/3.9/lib/python3.9/site-packages/airflow/example_dags/example_branch_python_dop_operator_3.py
[2023-01-09T17:02:04.349-0500] {processor.py:753} INFO - DAG(s) dict_keys(['example_branch_dop_operator_v3']) retrieved from /Library/Frameworks/Python.framework/Versions/3.9/lib/python3.9/site-packages/airflow/example_dags/example_branch_python_dop_operator_3.py
[2023-01-09T17:02:05.084-0500] {logging_mixin.py:137} INFO - [2023-01-09T17:02:05.083-0500] {dag.py:2676} INFO - Sync 1 DAGs
[2023-01-09T17:02:05.104-0500] {logging_mixin.py:137} INFO - [2023-01-09T17:02:05.104-0500] {dag.py:3423} INFO - Setting next_dagrun for example_branch_dop_operator_v3 to 2023-01-09T22:01:00+00:00, run_after=2023-01-09T22:02:00+00:00
[2023-01-09T17:02:05.122-0500] {processor.py:175} INFO - Processing /Library/Frameworks/Python.framework/Versions/3.9/lib/python3.9/site-packages/airflow/example_dags/example_branch_python_dop_operator_3.py took 0.892 seconds
[2023-01-09T17:05:13.592-0500] {processor.py:153} INFO - Started process (PID=41746) to work on /Library/Frameworks/Python.framework/Versions/3.9/lib/python3.9/site-packages/airflow/example_dags/example_branch_python_dop_operator_3.py
[2023-01-09T17:05:13.597-0500] {processor.py:743} INFO - Processing file /Library/Frameworks/Python.framework/Versions/3.9/lib/python3.9/site-packages/airflow/example_dags/example_branch_python_dop_operator_3.py for tasks to queue
[2023-01-09T17:05:13.598-0500] {logging_mixin.py:137} INFO - [2023-01-09T17:05:13.598-0500] {dagbag.py:538} INFO - Filling up the DagBag from /Library/Frameworks/Python.framework/Versions/3.9/lib/python3.9/site-packages/airflow/example_dags/example_branch_python_dop_operator_3.py
[2023-01-09T17:05:13.674-0500] {processor.py:753} INFO - DAG(s) dict_keys(['example_branch_dop_operator_v3']) retrieved from /Library/Frameworks/Python.framework/Versions/3.9/lib/python3.9/site-packages/airflow/example_dags/example_branch_python_dop_operator_3.py
[2023-01-09T17:05:14.635-0500] {logging_mixin.py:137} INFO - [2023-01-09T17:05:14.635-0500] {dag.py:2676} INFO - Sync 1 DAGs
[2023-01-09T17:05:14.661-0500] {logging_mixin.py:137} INFO - [2023-01-09T17:05:14.661-0500] {dag.py:3423} INFO - Setting next_dagrun for example_branch_dop_operator_v3 to 2023-01-09T22:04:00+00:00, run_after=2023-01-09T22:05:00+00:00
[2023-01-09T17:05:14.683-0500] {processor.py:175} INFO - Processing /Library/Frameworks/Python.framework/Versions/3.9/lib/python3.9/site-packages/airflow/example_dags/example_branch_python_dop_operator_3.py took 1.092 seconds
[2023-01-09T17:08:03.058-0500] {processor.py:153} INFO - Started process (PID=41991) to work on /Library/Frameworks/Python.framework/Versions/3.9/lib/python3.9/site-packages/airflow/example_dags/example_branch_python_dop_operator_3.py
[2023-01-09T17:08:03.063-0500] {processor.py:743} INFO - Processing file /Library/Frameworks/Python.framework/Versions/3.9/lib/python3.9/site-packages/airflow/example_dags/example_branch_python_dop_operator_3.py for tasks to queue
[2023-01-09T17:08:03.064-0500] {logging_mixin.py:137} INFO - [2023-01-09T17:08:03.063-0500] {dagbag.py:538} INFO - Filling up the DagBag from /Library/Frameworks/Python.framework/Versions/3.9/lib/python3.9/site-packages/airflow/example_dags/example_branch_python_dop_operator_3.py
[2023-01-09T17:08:03.138-0500] {processor.py:753} INFO - DAG(s) dict_keys(['example_branch_dop_operator_v3']) retrieved from /Library/Frameworks/Python.framework/Versions/3.9/lib/python3.9/site-packages/airflow/example_dags/example_branch_python_dop_operator_3.py
[2023-01-09T17:08:03.867-0500] {logging_mixin.py:137} INFO - [2023-01-09T17:08:03.867-0500] {dag.py:2676} INFO - Sync 1 DAGs
[2023-01-09T17:08:03.890-0500] {logging_mixin.py:137} INFO - [2023-01-09T17:08:03.890-0500] {dag.py:3423} INFO - Setting next_dagrun for example_branch_dop_operator_v3 to 2023-01-09T22:07:00+00:00, run_after=2023-01-09T22:08:00+00:00
[2023-01-09T17:08:03.911-0500] {processor.py:175} INFO - Processing /Library/Frameworks/Python.framework/Versions/3.9/lib/python3.9/site-packages/airflow/example_dags/example_branch_python_dop_operator_3.py took 0.854 seconds
[2023-01-09T17:10:49.506-0500] {processor.py:153} INFO - Started process (PID=42296) to work on /Library/Frameworks/Python.framework/Versions/3.9/lib/python3.9/site-packages/airflow/example_dags/example_branch_python_dop_operator_3.py
[2023-01-09T17:10:49.511-0500] {processor.py:743} INFO - Processing file /Library/Frameworks/Python.framework/Versions/3.9/lib/python3.9/site-packages/airflow/example_dags/example_branch_python_dop_operator_3.py for tasks to queue
[2023-01-09T17:10:49.512-0500] {logging_mixin.py:137} INFO - [2023-01-09T17:10:49.512-0500] {dagbag.py:538} INFO - Filling up the DagBag from /Library/Frameworks/Python.framework/Versions/3.9/lib/python3.9/site-packages/airflow/example_dags/example_branch_python_dop_operator_3.py
[2023-01-09T17:10:49.586-0500] {processor.py:753} INFO - DAG(s) dict_keys(['example_branch_dop_operator_v3']) retrieved from /Library/Frameworks/Python.framework/Versions/3.9/lib/python3.9/site-packages/airflow/example_dags/example_branch_python_dop_operator_3.py
[2023-01-09T17:10:50.326-0500] {logging_mixin.py:137} INFO - [2023-01-09T17:10:50.326-0500] {dag.py:2676} INFO - Sync 1 DAGs
[2023-01-09T17:10:50.348-0500] {logging_mixin.py:137} INFO - [2023-01-09T17:10:50.348-0500] {dag.py:3423} INFO - Setting next_dagrun for example_branch_dop_operator_v3 to 2023-01-09T22:09:00+00:00, run_after=2023-01-09T22:10:00+00:00
[2023-01-09T17:10:50.368-0500] {processor.py:175} INFO - Processing /Library/Frameworks/Python.framework/Versions/3.9/lib/python3.9/site-packages/airflow/example_dags/example_branch_python_dop_operator_3.py took 0.863 seconds
[2023-01-09T17:13:32.357-0500] {processor.py:153} INFO - Started process (PID=42585) to work on /Library/Frameworks/Python.framework/Versions/3.9/lib/python3.9/site-packages/airflow/example_dags/example_branch_python_dop_operator_3.py
[2023-01-09T17:13:32.363-0500] {processor.py:743} INFO - Processing file /Library/Frameworks/Python.framework/Versions/3.9/lib/python3.9/site-packages/airflow/example_dags/example_branch_python_dop_operator_3.py for tasks to queue
[2023-01-09T17:13:32.363-0500] {logging_mixin.py:137} INFO - [2023-01-09T17:13:32.363-0500] {dagbag.py:538} INFO - Filling up the DagBag from /Library/Frameworks/Python.framework/Versions/3.9/lib/python3.9/site-packages/airflow/example_dags/example_branch_python_dop_operator_3.py
[2023-01-09T17:13:32.440-0500] {processor.py:753} INFO - DAG(s) dict_keys(['example_branch_dop_operator_v3']) retrieved from /Library/Frameworks/Python.framework/Versions/3.9/lib/python3.9/site-packages/airflow/example_dags/example_branch_python_dop_operator_3.py
[2023-01-09T17:13:33.128-0500] {logging_mixin.py:137} INFO - [2023-01-09T17:13:33.128-0500] {dag.py:2676} INFO - Sync 1 DAGs
[2023-01-09T17:13:33.149-0500] {logging_mixin.py:137} INFO - [2023-01-09T17:13:33.149-0500] {dag.py:3423} INFO - Setting next_dagrun for example_branch_dop_operator_v3 to 2023-01-09T22:12:00+00:00, run_after=2023-01-09T22:13:00+00:00
[2023-01-09T17:13:33.166-0500] {processor.py:175} INFO - Processing /Library/Frameworks/Python.framework/Versions/3.9/lib/python3.9/site-packages/airflow/example_dags/example_branch_python_dop_operator_3.py took 0.810 seconds
[2023-01-09T17:13:38.749-0500] {processor.py:153} INFO - Started process (PID=42590) to work on /Library/Frameworks/Python.framework/Versions/3.9/lib/python3.9/site-packages/airflow/example_dags/example_branch_python_dop_operator_3.py
[2023-01-09T17:13:38.753-0500] {processor.py:743} INFO - Processing file /Library/Frameworks/Python.framework/Versions/3.9/lib/python3.9/site-packages/airflow/example_dags/example_branch_python_dop_operator_3.py for tasks to queue
[2023-01-09T17:13:38.754-0500] {logging_mixin.py:137} INFO - [2023-01-09T17:13:38.754-0500] {dagbag.py:538} INFO - Filling up the DagBag from /Library/Frameworks/Python.framework/Versions/3.9/lib/python3.9/site-packages/airflow/example_dags/example_branch_python_dop_operator_3.py
[2023-01-09T17:13:38.827-0500] {processor.py:753} INFO - DAG(s) dict_keys(['example_branch_dop_operator_v3']) retrieved from /Library/Frameworks/Python.framework/Versions/3.9/lib/python3.9/site-packages/airflow/example_dags/example_branch_python_dop_operator_3.py
[2023-01-09T17:13:39.505-0500] {logging_mixin.py:137} INFO - [2023-01-09T17:13:39.505-0500] {dag.py:2676} INFO - Sync 1 DAGs
[2023-01-09T17:13:39.525-0500] {logging_mixin.py:137} INFO - [2023-01-09T17:13:39.525-0500] {dag.py:3423} INFO - Setting next_dagrun for example_branch_dop_operator_v3 to 2023-01-09T22:12:00+00:00, run_after=2023-01-09T22:13:00+00:00
[2023-01-09T17:13:39.542-0500] {processor.py:175} INFO - Processing /Library/Frameworks/Python.framework/Versions/3.9/lib/python3.9/site-packages/airflow/example_dags/example_branch_python_dop_operator_3.py took 0.794 seconds
[2023-01-09T17:16:08.194-0500] {processor.py:153} INFO - Started process (PID=42745) to work on /Library/Frameworks/Python.framework/Versions/3.9/lib/python3.9/site-packages/airflow/example_dags/example_branch_python_dop_operator_3.py
[2023-01-09T17:16:08.200-0500] {processor.py:743} INFO - Processing file /Library/Frameworks/Python.framework/Versions/3.9/lib/python3.9/site-packages/airflow/example_dags/example_branch_python_dop_operator_3.py for tasks to queue
[2023-01-09T17:16:08.200-0500] {logging_mixin.py:137} INFO - [2023-01-09T17:16:08.200-0500] {dagbag.py:538} INFO - Filling up the DagBag from /Library/Frameworks/Python.framework/Versions/3.9/lib/python3.9/site-packages/airflow/example_dags/example_branch_python_dop_operator_3.py
[2023-01-09T17:16:08.276-0500] {processor.py:753} INFO - DAG(s) dict_keys(['example_branch_dop_operator_v3']) retrieved from /Library/Frameworks/Python.framework/Versions/3.9/lib/python3.9/site-packages/airflow/example_dags/example_branch_python_dop_operator_3.py
[2023-01-09T17:16:08.807-0500] {processor.py:153} INFO - Started process (PID=42746) to work on /Library/Frameworks/Python.framework/Versions/3.9/lib/python3.9/site-packages/airflow/example_dags/example_branch_python_dop_operator_3.py
[2023-01-09T17:16:08.812-0500] {processor.py:743} INFO - Processing file /Library/Frameworks/Python.framework/Versions/3.9/lib/python3.9/site-packages/airflow/example_dags/example_branch_python_dop_operator_3.py for tasks to queue
[2023-01-09T17:16:08.812-0500] {logging_mixin.py:137} INFO - [2023-01-09T17:16:08.812-0500] {dagbag.py:538} INFO - Filling up the DagBag from /Library/Frameworks/Python.framework/Versions/3.9/lib/python3.9/site-packages/airflow/example_dags/example_branch_python_dop_operator_3.py
[2023-01-09T17:16:08.890-0500] {processor.py:753} INFO - DAG(s) dict_keys(['example_branch_dop_operator_v3']) retrieved from /Library/Frameworks/Python.framework/Versions/3.9/lib/python3.9/site-packages/airflow/example_dags/example_branch_python_dop_operator_3.py
[2023-01-09T17:16:08.971-0500] {logging_mixin.py:137} INFO - [2023-01-09T17:16:08.970-0500] {dag.py:2676} INFO - Sync 1 DAGs
[2023-01-09T17:16:08.991-0500] {logging_mixin.py:137} INFO - [2023-01-09T17:16:08.991-0500] {dag.py:3423} INFO - Setting next_dagrun for example_branch_dop_operator_v3 to 2023-01-09T22:15:00+00:00, run_after=2023-01-09T22:16:00+00:00
[2023-01-09T17:16:09.008-0500] {processor.py:175} INFO - Processing /Library/Frameworks/Python.framework/Versions/3.9/lib/python3.9/site-packages/airflow/example_dags/example_branch_python_dop_operator_3.py took 0.814 seconds
[2023-01-09T17:16:09.631-0500] {logging_mixin.py:137} INFO - [2023-01-09T17:16:09.631-0500] {dag.py:2676} INFO - Sync 1 DAGs
[2023-01-09T17:16:09.652-0500] {logging_mixin.py:137} INFO - [2023-01-09T17:16:09.652-0500] {dag.py:3423} INFO - Setting next_dagrun for example_branch_dop_operator_v3 to 2023-01-09T22:15:00+00:00, run_after=2023-01-09T22:16:00+00:00
[2023-01-09T17:16:09.674-0500] {processor.py:175} INFO - Processing /Library/Frameworks/Python.framework/Versions/3.9/lib/python3.9/site-packages/airflow/example_dags/example_branch_python_dop_operator_3.py took 0.868 seconds
[2023-01-09T17:18:45.187-0500] {processor.py:153} INFO - Started process (PID=43214) to work on /Library/Frameworks/Python.framework/Versions/3.9/lib/python3.9/site-packages/airflow/example_dags/example_branch_python_dop_operator_3.py
[2023-01-09T17:18:45.187-0500] {processor.py:153} INFO - Started process (PID=43213) to work on /Library/Frameworks/Python.framework/Versions/3.9/lib/python3.9/site-packages/airflow/example_dags/example_branch_python_dop_operator_3.py
[2023-01-09T17:18:45.193-0500] {processor.py:743} INFO - Processing file /Library/Frameworks/Python.framework/Versions/3.9/lib/python3.9/site-packages/airflow/example_dags/example_branch_python_dop_operator_3.py for tasks to queue
[2023-01-09T17:18:45.193-0500] {processor.py:743} INFO - Processing file /Library/Frameworks/Python.framework/Versions/3.9/lib/python3.9/site-packages/airflow/example_dags/example_branch_python_dop_operator_3.py for tasks to queue
[2023-01-09T17:18:45.193-0500] {logging_mixin.py:137} INFO - [2023-01-09T17:18:45.193-0500] {dagbag.py:538} INFO - Filling up the DagBag from /Library/Frameworks/Python.framework/Versions/3.9/lib/python3.9/site-packages/airflow/example_dags/example_branch_python_dop_operator_3.py
[2023-01-09T17:18:45.193-0500] {logging_mixin.py:137} INFO - [2023-01-09T17:18:45.193-0500] {dagbag.py:538} INFO - Filling up the DagBag from /Library/Frameworks/Python.framework/Versions/3.9/lib/python3.9/site-packages/airflow/example_dags/example_branch_python_dop_operator_3.py
[2023-01-09T17:18:45.272-0500] {processor.py:753} INFO - DAG(s) dict_keys(['example_branch_dop_operator_v3']) retrieved from /Library/Frameworks/Python.framework/Versions/3.9/lib/python3.9/site-packages/airflow/example_dags/example_branch_python_dop_operator_3.py
[2023-01-09T17:18:45.272-0500] {processor.py:753} INFO - DAG(s) dict_keys(['example_branch_dop_operator_v3']) retrieved from /Library/Frameworks/Python.framework/Versions/3.9/lib/python3.9/site-packages/airflow/example_dags/example_branch_python_dop_operator_3.py
[2023-01-09T17:18:45.966-0500] {logging_mixin.py:137} INFO - [2023-01-09T17:18:45.965-0500] {dag.py:2676} INFO - Sync 1 DAGs
[2023-01-09T17:18:45.966-0500] {logging_mixin.py:137} INFO - [2023-01-09T17:18:45.966-0500] {dag.py:2676} INFO - Sync 1 DAGs
[2023-01-09T17:18:45.986-0500] {logging_mixin.py:137} INFO - [2023-01-09T17:18:45.986-0500] {dag.py:3423} INFO - Setting next_dagrun for example_branch_dop_operator_v3 to 2023-01-09T22:17:00+00:00, run_after=2023-01-09T22:18:00+00:00
[2023-01-09T17:18:45.986-0500] {logging_mixin.py:137} INFO - [2023-01-09T17:18:45.986-0500] {dag.py:3423} INFO - Setting next_dagrun for example_branch_dop_operator_v3 to 2023-01-09T22:17:00+00:00, run_after=2023-01-09T22:18:00+00:00
[2023-01-09T17:18:46.012-0500] {processor.py:175} INFO - Processing /Library/Frameworks/Python.framework/Versions/3.9/lib/python3.9/site-packages/airflow/example_dags/example_branch_python_dop_operator_3.py took 0.826 seconds
[2023-01-09T17:18:46.014-0500] {processor.py:175} INFO - Processing /Library/Frameworks/Python.framework/Versions/3.9/lib/python3.9/site-packages/airflow/example_dags/example_branch_python_dop_operator_3.py took 0.828 seconds
[2023-01-09T17:21:16.825-0500] {processor.py:153} INFO - Started process (PID=43346) to work on /Library/Frameworks/Python.framework/Versions/3.9/lib/python3.9/site-packages/airflow/example_dags/example_branch_python_dop_operator_3.py
[2023-01-09T17:21:16.830-0500] {processor.py:743} INFO - Processing file /Library/Frameworks/Python.framework/Versions/3.9/lib/python3.9/site-packages/airflow/example_dags/example_branch_python_dop_operator_3.py for tasks to queue
[2023-01-09T17:21:16.831-0500] {logging_mixin.py:137} INFO - [2023-01-09T17:21:16.831-0500] {dagbag.py:538} INFO - Filling up the DagBag from /Library/Frameworks/Python.framework/Versions/3.9/lib/python3.9/site-packages/airflow/example_dags/example_branch_python_dop_operator_3.py
[2023-01-09T17:21:16.908-0500] {processor.py:753} INFO - DAG(s) dict_keys(['example_branch_dop_operator_v3']) retrieved from /Library/Frameworks/Python.framework/Versions/3.9/lib/python3.9/site-packages/airflow/example_dags/example_branch_python_dop_operator_3.py
[2023-01-09T17:21:17.374-0500] {processor.py:153} INFO - Started process (PID=43348) to work on /Library/Frameworks/Python.framework/Versions/3.9/lib/python3.9/site-packages/airflow/example_dags/example_branch_python_dop_operator_3.py
[2023-01-09T17:21:17.378-0500] {processor.py:743} INFO - Processing file /Library/Frameworks/Python.framework/Versions/3.9/lib/python3.9/site-packages/airflow/example_dags/example_branch_python_dop_operator_3.py for tasks to queue
[2023-01-09T17:21:17.379-0500] {logging_mixin.py:137} INFO - [2023-01-09T17:21:17.379-0500] {dagbag.py:538} INFO - Filling up the DagBag from /Library/Frameworks/Python.framework/Versions/3.9/lib/python3.9/site-packages/airflow/example_dags/example_branch_python_dop_operator_3.py
[2023-01-09T17:21:17.456-0500] {processor.py:753} INFO - DAG(s) dict_keys(['example_branch_dop_operator_v3']) retrieved from /Library/Frameworks/Python.framework/Versions/3.9/lib/python3.9/site-packages/airflow/example_dags/example_branch_python_dop_operator_3.py
[2023-01-09T17:21:17.579-0500] {logging_mixin.py:137} INFO - [2023-01-09T17:21:17.578-0500] {dag.py:2676} INFO - Sync 1 DAGs
[2023-01-09T17:21:17.601-0500] {logging_mixin.py:137} INFO - [2023-01-09T17:21:17.601-0500] {dag.py:3423} INFO - Setting next_dagrun for example_branch_dop_operator_v3 to 2023-01-09T22:20:00+00:00, run_after=2023-01-09T22:21:00+00:00
[2023-01-09T17:21:17.618-0500] {processor.py:175} INFO - Processing /Library/Frameworks/Python.framework/Versions/3.9/lib/python3.9/site-packages/airflow/example_dags/example_branch_python_dop_operator_3.py took 0.794 seconds
[2023-01-09T17:21:18.160-0500] {logging_mixin.py:137} INFO - [2023-01-09T17:21:18.160-0500] {dag.py:2676} INFO - Sync 1 DAGs
[2023-01-09T17:21:18.181-0500] {logging_mixin.py:137} INFO - [2023-01-09T17:21:18.181-0500] {dag.py:3423} INFO - Setting next_dagrun for example_branch_dop_operator_v3 to 2023-01-09T22:20:00+00:00, run_after=2023-01-09T22:21:00+00:00
[2023-01-09T17:21:18.206-0500] {processor.py:175} INFO - Processing /Library/Frameworks/Python.framework/Versions/3.9/lib/python3.9/site-packages/airflow/example_dags/example_branch_python_dop_operator_3.py took 0.833 seconds
[2023-01-09T17:43:14.639-0500] {processor.py:153} INFO - Started process (PID=43635) to work on /Library/Frameworks/Python.framework/Versions/3.9/lib/python3.9/site-packages/airflow/example_dags/example_branch_python_dop_operator_3.py
[2023-01-09T17:43:14.644-0500] {processor.py:743} INFO - Processing file /Library/Frameworks/Python.framework/Versions/3.9/lib/python3.9/site-packages/airflow/example_dags/example_branch_python_dop_operator_3.py for tasks to queue
[2023-01-09T17:43:14.644-0500] {logging_mixin.py:137} INFO - [2023-01-09T17:43:14.644-0500] {dagbag.py:538} INFO - Filling up the DagBag from /Library/Frameworks/Python.framework/Versions/3.9/lib/python3.9/site-packages/airflow/example_dags/example_branch_python_dop_operator_3.py
[2023-01-09T17:43:14.719-0500] {processor.py:753} INFO - DAG(s) dict_keys(['example_branch_dop_operator_v3']) retrieved from /Library/Frameworks/Python.framework/Versions/3.9/lib/python3.9/site-packages/airflow/example_dags/example_branch_python_dop_operator_3.py
[2023-01-09T17:43:15.191-0500] {processor.py:153} INFO - Started process (PID=43636) to work on /Library/Frameworks/Python.framework/Versions/3.9/lib/python3.9/site-packages/airflow/example_dags/example_branch_python_dop_operator_3.py
[2023-01-09T17:43:15.196-0500] {processor.py:743} INFO - Processing file /Library/Frameworks/Python.framework/Versions/3.9/lib/python3.9/site-packages/airflow/example_dags/example_branch_python_dop_operator_3.py for tasks to queue
[2023-01-09T17:43:15.196-0500] {logging_mixin.py:137} INFO - [2023-01-09T17:43:15.196-0500] {dagbag.py:538} INFO - Filling up the DagBag from /Library/Frameworks/Python.framework/Versions/3.9/lib/python3.9/site-packages/airflow/example_dags/example_branch_python_dop_operator_3.py
[2023-01-09T17:43:15.272-0500] {processor.py:753} INFO - DAG(s) dict_keys(['example_branch_dop_operator_v3']) retrieved from /Library/Frameworks/Python.framework/Versions/3.9/lib/python3.9/site-packages/airflow/example_dags/example_branch_python_dop_operator_3.py
[2023-01-09T17:43:15.396-0500] {logging_mixin.py:137} INFO - [2023-01-09T17:43:15.395-0500] {dag.py:2676} INFO - Sync 1 DAGs
[2023-01-09T17:43:15.416-0500] {logging_mixin.py:137} INFO - [2023-01-09T17:43:15.415-0500] {dag.py:3423} INFO - Setting next_dagrun for example_branch_dop_operator_v3 to 2023-01-09T22:42:00+00:00, run_after=2023-01-09T22:43:00+00:00
[2023-01-09T17:43:15.435-0500] {processor.py:175} INFO - Processing /Library/Frameworks/Python.framework/Versions/3.9/lib/python3.9/site-packages/airflow/example_dags/example_branch_python_dop_operator_3.py took 0.797 seconds
[2023-01-09T17:43:15.959-0500] {logging_mixin.py:137} INFO - [2023-01-09T17:43:15.959-0500] {dag.py:2676} INFO - Sync 1 DAGs
[2023-01-09T17:43:15.979-0500] {logging_mixin.py:137} INFO - [2023-01-09T17:43:15.979-0500] {dag.py:3423} INFO - Setting next_dagrun for example_branch_dop_operator_v3 to 2023-01-09T22:42:00+00:00, run_after=2023-01-09T22:43:00+00:00
[2023-01-09T17:43:15.995-0500] {processor.py:175} INFO - Processing /Library/Frameworks/Python.framework/Versions/3.9/lib/python3.9/site-packages/airflow/example_dags/example_branch_python_dop_operator_3.py took 0.805 seconds
[2023-01-09T18:31:29.414-0500] {processor.py:153} INFO - Started process (PID=44496) to work on /Library/Frameworks/Python.framework/Versions/3.9/lib/python3.9/site-packages/airflow/example_dags/example_branch_python_dop_operator_3.py
[2023-01-09T18:31:29.414-0500] {processor.py:153} INFO - Started process (PID=44497) to work on /Library/Frameworks/Python.framework/Versions/3.9/lib/python3.9/site-packages/airflow/example_dags/example_branch_python_dop_operator_3.py
[2023-01-09T18:31:29.419-0500] {processor.py:743} INFO - Processing file /Library/Frameworks/Python.framework/Versions/3.9/lib/python3.9/site-packages/airflow/example_dags/example_branch_python_dop_operator_3.py for tasks to queue
[2023-01-09T18:31:29.419-0500] {processor.py:743} INFO - Processing file /Library/Frameworks/Python.framework/Versions/3.9/lib/python3.9/site-packages/airflow/example_dags/example_branch_python_dop_operator_3.py for tasks to queue
[2023-01-09T18:31:29.420-0500] {logging_mixin.py:137} INFO - [2023-01-09T18:31:29.420-0500] {dagbag.py:538} INFO - Filling up the DagBag from /Library/Frameworks/Python.framework/Versions/3.9/lib/python3.9/site-packages/airflow/example_dags/example_branch_python_dop_operator_3.py
[2023-01-09T18:31:29.420-0500] {logging_mixin.py:137} INFO - [2023-01-09T18:31:29.420-0500] {dagbag.py:538} INFO - Filling up the DagBag from /Library/Frameworks/Python.framework/Versions/3.9/lib/python3.9/site-packages/airflow/example_dags/example_branch_python_dop_operator_3.py
[2023-01-09T18:31:29.514-0500] {processor.py:753} INFO - DAG(s) dict_keys(['example_branch_dop_operator_v3']) retrieved from /Library/Frameworks/Python.framework/Versions/3.9/lib/python3.9/site-packages/airflow/example_dags/example_branch_python_dop_operator_3.py
[2023-01-09T18:31:29.515-0500] {processor.py:753} INFO - DAG(s) dict_keys(['example_branch_dop_operator_v3']) retrieved from /Library/Frameworks/Python.framework/Versions/3.9/lib/python3.9/site-packages/airflow/example_dags/example_branch_python_dop_operator_3.py
[2023-01-09T18:31:30.313-0500] {logging_mixin.py:137} INFO - [2023-01-09T18:31:30.313-0500] {dag.py:2676} INFO - Sync 1 DAGs
[2023-01-09T18:31:30.315-0500] {logging_mixin.py:137} INFO - [2023-01-09T18:31:30.315-0500] {dag.py:2676} INFO - Sync 1 DAGs
[2023-01-09T18:31:30.336-0500] {logging_mixin.py:137} INFO - [2023-01-09T18:31:30.336-0500] {dag.py:3423} INFO - Setting next_dagrun for example_branch_dop_operator_v3 to 2023-01-09T23:30:00+00:00, run_after=2023-01-09T23:31:00+00:00
[2023-01-09T18:31:30.339-0500] {logging_mixin.py:137} INFO - [2023-01-09T18:31:30.339-0500] {dag.py:3423} INFO - Setting next_dagrun for example_branch_dop_operator_v3 to 2023-01-09T23:30:00+00:00, run_after=2023-01-09T23:31:00+00:00
[2023-01-09T18:31:30.359-0500] {processor.py:175} INFO - Processing /Library/Frameworks/Python.framework/Versions/3.9/lib/python3.9/site-packages/airflow/example_dags/example_branch_python_dop_operator_3.py took 0.945 seconds
[2023-01-09T18:31:30.362-0500] {processor.py:175} INFO - Processing /Library/Frameworks/Python.framework/Versions/3.9/lib/python3.9/site-packages/airflow/example_dags/example_branch_python_dop_operator_3.py took 0.949 seconds
[2023-01-09T18:34:08.844-0500] {processor.py:153} INFO - Started process (PID=44656) to work on /Library/Frameworks/Python.framework/Versions/3.9/lib/python3.9/site-packages/airflow/example_dags/example_branch_python_dop_operator_3.py
[2023-01-09T18:34:08.849-0500] {processor.py:743} INFO - Processing file /Library/Frameworks/Python.framework/Versions/3.9/lib/python3.9/site-packages/airflow/example_dags/example_branch_python_dop_operator_3.py for tasks to queue
[2023-01-09T18:34:08.850-0500] {logging_mixin.py:137} INFO - [2023-01-09T18:34:08.850-0500] {dagbag.py:538} INFO - Filling up the DagBag from /Library/Frameworks/Python.framework/Versions/3.9/lib/python3.9/site-packages/airflow/example_dags/example_branch_python_dop_operator_3.py
[2023-01-09T18:34:08.923-0500] {processor.py:753} INFO - DAG(s) dict_keys(['example_branch_dop_operator_v3']) retrieved from /Library/Frameworks/Python.framework/Versions/3.9/lib/python3.9/site-packages/airflow/example_dags/example_branch_python_dop_operator_3.py
[2023-01-09T18:34:09.590-0500] {logging_mixin.py:137} INFO - [2023-01-09T18:34:09.590-0500] {dag.py:2676} INFO - Sync 1 DAGs
[2023-01-09T18:34:09.610-0500] {logging_mixin.py:137} INFO - [2023-01-09T18:34:09.610-0500] {dag.py:3423} INFO - Setting next_dagrun for example_branch_dop_operator_v3 to 2023-01-09T23:33:00+00:00, run_after=2023-01-09T23:34:00+00:00
[2023-01-09T18:34:09.628-0500] {processor.py:175} INFO - Processing /Library/Frameworks/Python.framework/Versions/3.9/lib/python3.9/site-packages/airflow/example_dags/example_branch_python_dop_operator_3.py took 0.785 seconds
[2023-01-09T18:34:14.748-0500] {processor.py:153} INFO - Started process (PID=44662) to work on /Library/Frameworks/Python.framework/Versions/3.9/lib/python3.9/site-packages/airflow/example_dags/example_branch_python_dop_operator_3.py
[2023-01-09T18:34:14.753-0500] {processor.py:743} INFO - Processing file /Library/Frameworks/Python.framework/Versions/3.9/lib/python3.9/site-packages/airflow/example_dags/example_branch_python_dop_operator_3.py for tasks to queue
[2023-01-09T18:34:14.753-0500] {logging_mixin.py:137} INFO - [2023-01-09T18:34:14.753-0500] {dagbag.py:538} INFO - Filling up the DagBag from /Library/Frameworks/Python.framework/Versions/3.9/lib/python3.9/site-packages/airflow/example_dags/example_branch_python_dop_operator_3.py
[2023-01-09T18:34:14.827-0500] {processor.py:753} INFO - DAG(s) dict_keys(['example_branch_dop_operator_v3']) retrieved from /Library/Frameworks/Python.framework/Versions/3.9/lib/python3.9/site-packages/airflow/example_dags/example_branch_python_dop_operator_3.py
[2023-01-09T18:34:15.542-0500] {logging_mixin.py:137} INFO - [2023-01-09T18:34:15.542-0500] {dag.py:2676} INFO - Sync 1 DAGs
[2023-01-09T18:34:15.563-0500] {logging_mixin.py:137} INFO - [2023-01-09T18:34:15.562-0500] {dag.py:3423} INFO - Setting next_dagrun for example_branch_dop_operator_v3 to 2023-01-09T23:33:00+00:00, run_after=2023-01-09T23:34:00+00:00
[2023-01-09T18:34:15.582-0500] {processor.py:175} INFO - Processing /Library/Frameworks/Python.framework/Versions/3.9/lib/python3.9/site-packages/airflow/example_dags/example_branch_python_dop_operator_3.py took 0.834 seconds
[2023-01-09T18:36:55.101-0500] {processor.py:153} INFO - Started process (PID=44794) to work on /Library/Frameworks/Python.framework/Versions/3.9/lib/python3.9/site-packages/airflow/example_dags/example_branch_python_dop_operator_3.py
[2023-01-09T18:36:55.106-0500] {processor.py:743} INFO - Processing file /Library/Frameworks/Python.framework/Versions/3.9/lib/python3.9/site-packages/airflow/example_dags/example_branch_python_dop_operator_3.py for tasks to queue
[2023-01-09T18:36:55.107-0500] {logging_mixin.py:137} INFO - [2023-01-09T18:36:55.107-0500] {dagbag.py:538} INFO - Filling up the DagBag from /Library/Frameworks/Python.framework/Versions/3.9/lib/python3.9/site-packages/airflow/example_dags/example_branch_python_dop_operator_3.py
[2023-01-09T18:36:55.185-0500] {processor.py:753} INFO - DAG(s) dict_keys(['example_branch_dop_operator_v3']) retrieved from /Library/Frameworks/Python.framework/Versions/3.9/lib/python3.9/site-packages/airflow/example_dags/example_branch_python_dop_operator_3.py
[2023-01-09T18:36:55.857-0500] {logging_mixin.py:137} INFO - [2023-01-09T18:36:55.857-0500] {dag.py:2676} INFO - Sync 1 DAGs
[2023-01-09T18:36:55.878-0500] {logging_mixin.py:137} INFO - [2023-01-09T18:36:55.877-0500] {dag.py:3423} INFO - Setting next_dagrun for example_branch_dop_operator_v3 to 2023-01-09T23:35:00+00:00, run_after=2023-01-09T23:36:00+00:00
[2023-01-09T18:36:55.896-0500] {processor.py:175} INFO - Processing /Library/Frameworks/Python.framework/Versions/3.9/lib/python3.9/site-packages/airflow/example_dags/example_branch_python_dop_operator_3.py took 0.796 seconds
[2023-01-09T18:36:58.643-0500] {processor.py:153} INFO - Started process (PID=44797) to work on /Library/Frameworks/Python.framework/Versions/3.9/lib/python3.9/site-packages/airflow/example_dags/example_branch_python_dop_operator_3.py
[2023-01-09T18:36:58.648-0500] {processor.py:743} INFO - Processing file /Library/Frameworks/Python.framework/Versions/3.9/lib/python3.9/site-packages/airflow/example_dags/example_branch_python_dop_operator_3.py for tasks to queue
[2023-01-09T18:36:58.648-0500] {logging_mixin.py:137} INFO - [2023-01-09T18:36:58.648-0500] {dagbag.py:538} INFO - Filling up the DagBag from /Library/Frameworks/Python.framework/Versions/3.9/lib/python3.9/site-packages/airflow/example_dags/example_branch_python_dop_operator_3.py
[2023-01-09T18:36:58.720-0500] {processor.py:753} INFO - DAG(s) dict_keys(['example_branch_dop_operator_v3']) retrieved from /Library/Frameworks/Python.framework/Versions/3.9/lib/python3.9/site-packages/airflow/example_dags/example_branch_python_dop_operator_3.py
[2023-01-09T18:36:59.402-0500] {logging_mixin.py:137} INFO - [2023-01-09T18:36:59.401-0500] {dag.py:2676} INFO - Sync 1 DAGs
[2023-01-09T18:36:59.428-0500] {logging_mixin.py:137} INFO - [2023-01-09T18:36:59.428-0500] {dag.py:3423} INFO - Setting next_dagrun for example_branch_dop_operator_v3 to 2023-01-09T23:35:00+00:00, run_after=2023-01-09T23:36:00+00:00
[2023-01-09T18:36:59.446-0500] {processor.py:175} INFO - Processing /Library/Frameworks/Python.framework/Versions/3.9/lib/python3.9/site-packages/airflow/example_dags/example_branch_python_dop_operator_3.py took 0.804 seconds
[2023-01-09T18:39:31.358-0500] {processor.py:153} INFO - Started process (PID=45037) to work on /Library/Frameworks/Python.framework/Versions/3.9/lib/python3.9/site-packages/airflow/example_dags/example_branch_python_dop_operator_3.py
[2023-01-09T18:39:31.363-0500] {processor.py:743} INFO - Processing file /Library/Frameworks/Python.framework/Versions/3.9/lib/python3.9/site-packages/airflow/example_dags/example_branch_python_dop_operator_3.py for tasks to queue
[2023-01-09T18:39:31.363-0500] {logging_mixin.py:137} INFO - [2023-01-09T18:39:31.363-0500] {dagbag.py:538} INFO - Filling up the DagBag from /Library/Frameworks/Python.framework/Versions/3.9/lib/python3.9/site-packages/airflow/example_dags/example_branch_python_dop_operator_3.py
[2023-01-09T18:39:31.450-0500] {processor.py:753} INFO - DAG(s) dict_keys(['example_branch_dop_operator_v3']) retrieved from /Library/Frameworks/Python.framework/Versions/3.9/lib/python3.9/site-packages/airflow/example_dags/example_branch_python_dop_operator_3.py
[2023-01-09T18:39:32.161-0500] {logging_mixin.py:137} INFO - [2023-01-09T18:39:32.161-0500] {dag.py:2676} INFO - Sync 1 DAGs
[2023-01-09T18:39:32.181-0500] {logging_mixin.py:137} INFO - [2023-01-09T18:39:32.181-0500] {dag.py:3423} INFO - Setting next_dagrun for example_branch_dop_operator_v3 to 2023-01-09T23:38:00+00:00, run_after=2023-01-09T23:39:00+00:00
[2023-01-09T18:39:32.197-0500] {processor.py:175} INFO - Processing /Library/Frameworks/Python.framework/Versions/3.9/lib/python3.9/site-packages/airflow/example_dags/example_branch_python_dop_operator_3.py took 0.840 seconds
[2023-01-09T18:39:34.431-0500] {processor.py:153} INFO - Started process (PID=45040) to work on /Library/Frameworks/Python.framework/Versions/3.9/lib/python3.9/site-packages/airflow/example_dags/example_branch_python_dop_operator_3.py
[2023-01-09T18:39:34.436-0500] {processor.py:743} INFO - Processing file /Library/Frameworks/Python.framework/Versions/3.9/lib/python3.9/site-packages/airflow/example_dags/example_branch_python_dop_operator_3.py for tasks to queue
[2023-01-09T18:39:34.436-0500] {logging_mixin.py:137} INFO - [2023-01-09T18:39:34.436-0500] {dagbag.py:538} INFO - Filling up the DagBag from /Library/Frameworks/Python.framework/Versions/3.9/lib/python3.9/site-packages/airflow/example_dags/example_branch_python_dop_operator_3.py
[2023-01-09T18:39:34.507-0500] {processor.py:753} INFO - DAG(s) dict_keys(['example_branch_dop_operator_v3']) retrieved from /Library/Frameworks/Python.framework/Versions/3.9/lib/python3.9/site-packages/airflow/example_dags/example_branch_python_dop_operator_3.py
[2023-01-09T18:39:35.183-0500] {logging_mixin.py:137} INFO - [2023-01-09T18:39:35.182-0500] {dag.py:2676} INFO - Sync 1 DAGs
[2023-01-09T18:39:35.203-0500] {logging_mixin.py:137} INFO - [2023-01-09T18:39:35.203-0500] {dag.py:3423} INFO - Setting next_dagrun for example_branch_dop_operator_v3 to 2023-01-09T23:38:00+00:00, run_after=2023-01-09T23:39:00+00:00
[2023-01-09T18:39:35.221-0500] {processor.py:175} INFO - Processing /Library/Frameworks/Python.framework/Versions/3.9/lib/python3.9/site-packages/airflow/example_dags/example_branch_python_dop_operator_3.py took 0.790 seconds
[2023-01-09T18:42:05.840-0500] {processor.py:153} INFO - Started process (PID=45182) to work on /Library/Frameworks/Python.framework/Versions/3.9/lib/python3.9/site-packages/airflow/example_dags/example_branch_python_dop_operator_3.py
[2023-01-09T18:42:05.846-0500] {processor.py:743} INFO - Processing file /Library/Frameworks/Python.framework/Versions/3.9/lib/python3.9/site-packages/airflow/example_dags/example_branch_python_dop_operator_3.py for tasks to queue
[2023-01-09T18:42:05.847-0500] {logging_mixin.py:137} INFO - [2023-01-09T18:42:05.847-0500] {dagbag.py:538} INFO - Filling up the DagBag from /Library/Frameworks/Python.framework/Versions/3.9/lib/python3.9/site-packages/airflow/example_dags/example_branch_python_dop_operator_3.py
[2023-01-09T18:42:05.934-0500] {processor.py:753} INFO - DAG(s) dict_keys(['example_branch_dop_operator_v3']) retrieved from /Library/Frameworks/Python.framework/Versions/3.9/lib/python3.9/site-packages/airflow/example_dags/example_branch_python_dop_operator_3.py
[2023-01-09T18:42:06.659-0500] {logging_mixin.py:137} INFO - [2023-01-09T18:42:06.659-0500] {dag.py:2676} INFO - Sync 1 DAGs
[2023-01-09T18:42:06.680-0500] {logging_mixin.py:137} INFO - [2023-01-09T18:42:06.680-0500] {dag.py:3423} INFO - Setting next_dagrun for example_branch_dop_operator_v3 to 2023-01-09T23:41:00+00:00, run_after=2023-01-09T23:42:00+00:00
[2023-01-09T18:42:06.697-0500] {processor.py:175} INFO - Processing /Library/Frameworks/Python.framework/Versions/3.9/lib/python3.9/site-packages/airflow/example_dags/example_branch_python_dop_operator_3.py took 0.858 seconds
[2023-01-09T18:42:12.437-0500] {processor.py:153} INFO - Started process (PID=45187) to work on /Library/Frameworks/Python.framework/Versions/3.9/lib/python3.9/site-packages/airflow/example_dags/example_branch_python_dop_operator_3.py
[2023-01-09T18:42:12.442-0500] {processor.py:743} INFO - Processing file /Library/Frameworks/Python.framework/Versions/3.9/lib/python3.9/site-packages/airflow/example_dags/example_branch_python_dop_operator_3.py for tasks to queue
[2023-01-09T18:42:12.442-0500] {logging_mixin.py:137} INFO - [2023-01-09T18:42:12.442-0500] {dagbag.py:538} INFO - Filling up the DagBag from /Library/Frameworks/Python.framework/Versions/3.9/lib/python3.9/site-packages/airflow/example_dags/example_branch_python_dop_operator_3.py
[2023-01-09T18:42:12.519-0500] {processor.py:753} INFO - DAG(s) dict_keys(['example_branch_dop_operator_v3']) retrieved from /Library/Frameworks/Python.framework/Versions/3.9/lib/python3.9/site-packages/airflow/example_dags/example_branch_python_dop_operator_3.py
[2023-01-09T18:42:13.233-0500] {logging_mixin.py:137} INFO - [2023-01-09T18:42:13.233-0500] {dag.py:2676} INFO - Sync 1 DAGs
[2023-01-09T18:42:13.258-0500] {logging_mixin.py:137} INFO - [2023-01-09T18:42:13.258-0500] {dag.py:3423} INFO - Setting next_dagrun for example_branch_dop_operator_v3 to 2023-01-09T23:41:00+00:00, run_after=2023-01-09T23:42:00+00:00
[2023-01-09T18:42:13.282-0500] {processor.py:175} INFO - Processing /Library/Frameworks/Python.framework/Versions/3.9/lib/python3.9/site-packages/airflow/example_dags/example_branch_python_dop_operator_3.py took 0.846 seconds
[2023-01-09T18:44:49.023-0500] {processor.py:153} INFO - Started process (PID=45398) to work on /Library/Frameworks/Python.framework/Versions/3.9/lib/python3.9/site-packages/airflow/example_dags/example_branch_python_dop_operator_3.py
[2023-01-09T18:44:49.031-0500] {processor.py:743} INFO - Processing file /Library/Frameworks/Python.framework/Versions/3.9/lib/python3.9/site-packages/airflow/example_dags/example_branch_python_dop_operator_3.py for tasks to queue
[2023-01-09T18:44:49.031-0500] {logging_mixin.py:137} INFO - [2023-01-09T18:44:49.031-0500] {dagbag.py:538} INFO - Filling up the DagBag from /Library/Frameworks/Python.framework/Versions/3.9/lib/python3.9/site-packages/airflow/example_dags/example_branch_python_dop_operator_3.py
[2023-01-09T18:44:49.125-0500] {processor.py:753} INFO - DAG(s) dict_keys(['example_branch_dop_operator_v3']) retrieved from /Library/Frameworks/Python.framework/Versions/3.9/lib/python3.9/site-packages/airflow/example_dags/example_branch_python_dop_operator_3.py
[2023-01-09T18:44:50.051-0500] {logging_mixin.py:137} INFO - [2023-01-09T18:44:50.051-0500] {dag.py:2676} INFO - Sync 1 DAGs
[2023-01-09T18:44:50.076-0500] {logging_mixin.py:137} INFO - [2023-01-09T18:44:50.075-0500] {dag.py:3423} INFO - Setting next_dagrun for example_branch_dop_operator_v3 to 2023-01-09T23:43:00+00:00, run_after=2023-01-09T23:44:00+00:00
[2023-01-09T18:44:50.097-0500] {processor.py:175} INFO - Processing /Library/Frameworks/Python.framework/Versions/3.9/lib/python3.9/site-packages/airflow/example_dags/example_branch_python_dop_operator_3.py took 1.075 seconds
[2023-01-09T18:44:58.462-0500] {processor.py:153} INFO - Started process (PID=45415) to work on /Library/Frameworks/Python.framework/Versions/3.9/lib/python3.9/site-packages/airflow/example_dags/example_branch_python_dop_operator_3.py
[2023-01-09T18:44:58.468-0500] {processor.py:743} INFO - Processing file /Library/Frameworks/Python.framework/Versions/3.9/lib/python3.9/site-packages/airflow/example_dags/example_branch_python_dop_operator_3.py for tasks to queue
[2023-01-09T18:44:58.469-0500] {logging_mixin.py:137} INFO - [2023-01-09T18:44:58.469-0500] {dagbag.py:538} INFO - Filling up the DagBag from /Library/Frameworks/Python.framework/Versions/3.9/lib/python3.9/site-packages/airflow/example_dags/example_branch_python_dop_operator_3.py
[2023-01-09T18:44:58.609-0500] {processor.py:753} INFO - DAG(s) dict_keys(['example_branch_dop_operator_v3']) retrieved from /Library/Frameworks/Python.framework/Versions/3.9/lib/python3.9/site-packages/airflow/example_dags/example_branch_python_dop_operator_3.py
[2023-01-09T18:45:00.834-0500] {logging_mixin.py:137} INFO - [2023-01-09T18:45:00.834-0500] {dag.py:2676} INFO - Sync 1 DAGs
[2023-01-09T18:45:00.881-0500] {logging_mixin.py:137} INFO - [2023-01-09T18:45:00.881-0500] {dag.py:3423} INFO - Setting next_dagrun for example_branch_dop_operator_v3 to 2023-01-09T23:44:00+00:00, run_after=2023-01-09T23:45:00+00:00
[2023-01-09T18:45:00.915-0500] {processor.py:175} INFO - Processing /Library/Frameworks/Python.framework/Versions/3.9/lib/python3.9/site-packages/airflow/example_dags/example_branch_python_dop_operator_3.py took 2.455 seconds
[2023-01-09T18:48:09.154-0500] {processor.py:153} INFO - Started process (PID=45591) to work on /Library/Frameworks/Python.framework/Versions/3.9/lib/python3.9/site-packages/airflow/example_dags/example_branch_python_dop_operator_3.py
[2023-01-09T18:48:09.160-0500] {processor.py:743} INFO - Processing file /Library/Frameworks/Python.framework/Versions/3.9/lib/python3.9/site-packages/airflow/example_dags/example_branch_python_dop_operator_3.py for tasks to queue
[2023-01-09T18:48:09.160-0500] {logging_mixin.py:137} INFO - [2023-01-09T18:48:09.160-0500] {dagbag.py:538} INFO - Filling up the DagBag from /Library/Frameworks/Python.framework/Versions/3.9/lib/python3.9/site-packages/airflow/example_dags/example_branch_python_dop_operator_3.py
[2023-01-09T18:48:09.237-0500] {processor.py:753} INFO - DAG(s) dict_keys(['example_branch_dop_operator_v3']) retrieved from /Library/Frameworks/Python.framework/Versions/3.9/lib/python3.9/site-packages/airflow/example_dags/example_branch_python_dop_operator_3.py
[2023-01-09T18:48:09.971-0500] {logging_mixin.py:137} INFO - [2023-01-09T18:48:09.971-0500] {dag.py:2676} INFO - Sync 1 DAGs
[2023-01-09T18:48:09.993-0500] {logging_mixin.py:137} INFO - [2023-01-09T18:48:09.993-0500] {dag.py:3423} INFO - Setting next_dagrun for example_branch_dop_operator_v3 to 2023-01-09T23:47:00+00:00, run_after=2023-01-09T23:48:00+00:00
[2023-01-09T18:48:10.012-0500] {processor.py:175} INFO - Processing /Library/Frameworks/Python.framework/Versions/3.9/lib/python3.9/site-packages/airflow/example_dags/example_branch_python_dop_operator_3.py took 0.858 seconds
[2023-01-09T18:48:16.543-0500] {processor.py:153} INFO - Started process (PID=45601) to work on /Library/Frameworks/Python.framework/Versions/3.9/lib/python3.9/site-packages/airflow/example_dags/example_branch_python_dop_operator_3.py
[2023-01-09T18:48:16.549-0500] {processor.py:743} INFO - Processing file /Library/Frameworks/Python.framework/Versions/3.9/lib/python3.9/site-packages/airflow/example_dags/example_branch_python_dop_operator_3.py for tasks to queue
[2023-01-09T18:48:16.549-0500] {logging_mixin.py:137} INFO - [2023-01-09T18:48:16.549-0500] {dagbag.py:538} INFO - Filling up the DagBag from /Library/Frameworks/Python.framework/Versions/3.9/lib/python3.9/site-packages/airflow/example_dags/example_branch_python_dop_operator_3.py
[2023-01-09T18:48:16.638-0500] {processor.py:753} INFO - DAG(s) dict_keys(['example_branch_dop_operator_v3']) retrieved from /Library/Frameworks/Python.framework/Versions/3.9/lib/python3.9/site-packages/airflow/example_dags/example_branch_python_dop_operator_3.py
[2023-01-09T18:48:17.518-0500] {logging_mixin.py:137} INFO - [2023-01-09T18:48:17.517-0500] {dag.py:2676} INFO - Sync 1 DAGs
[2023-01-09T18:48:17.546-0500] {logging_mixin.py:137} INFO - [2023-01-09T18:48:17.546-0500] {dag.py:3423} INFO - Setting next_dagrun for example_branch_dop_operator_v3 to 2023-01-09T23:47:00+00:00, run_after=2023-01-09T23:48:00+00:00
[2023-01-09T18:48:17.571-0500] {processor.py:175} INFO - Processing /Library/Frameworks/Python.framework/Versions/3.9/lib/python3.9/site-packages/airflow/example_dags/example_branch_python_dop_operator_3.py took 1.028 seconds
[2023-01-09T18:50:59.979-0500] {processor.py:153} INFO - Started process (PID=45779) to work on /Library/Frameworks/Python.framework/Versions/3.9/lib/python3.9/site-packages/airflow/example_dags/example_branch_python_dop_operator_3.py
[2023-01-09T18:50:59.984-0500] {processor.py:743} INFO - Processing file /Library/Frameworks/Python.framework/Versions/3.9/lib/python3.9/site-packages/airflow/example_dags/example_branch_python_dop_operator_3.py for tasks to queue
[2023-01-09T18:50:59.984-0500] {logging_mixin.py:137} INFO - [2023-01-09T18:50:59.984-0500] {dagbag.py:538} INFO - Filling up the DagBag from /Library/Frameworks/Python.framework/Versions/3.9/lib/python3.9/site-packages/airflow/example_dags/example_branch_python_dop_operator_3.py
[2023-01-09T18:51:00.059-0500] {processor.py:753} INFO - DAG(s) dict_keys(['example_branch_dop_operator_v3']) retrieved from /Library/Frameworks/Python.framework/Versions/3.9/lib/python3.9/site-packages/airflow/example_dags/example_branch_python_dop_operator_3.py
[2023-01-09T18:51:00.758-0500] {logging_mixin.py:137} INFO - [2023-01-09T18:51:00.758-0500] {dag.py:2676} INFO - Sync 1 DAGs
[2023-01-09T18:51:00.779-0500] {logging_mixin.py:137} INFO - [2023-01-09T18:51:00.779-0500] {dag.py:3423} INFO - Setting next_dagrun for example_branch_dop_operator_v3 to 2023-01-09T23:50:00+00:00, run_after=2023-01-09T23:51:00+00:00
[2023-01-09T18:51:00.803-0500] {processor.py:175} INFO - Processing /Library/Frameworks/Python.framework/Versions/3.9/lib/python3.9/site-packages/airflow/example_dags/example_branch_python_dop_operator_3.py took 0.825 seconds
[2023-01-09T18:51:07.041-0500] {processor.py:153} INFO - Started process (PID=45785) to work on /Library/Frameworks/Python.framework/Versions/3.9/lib/python3.9/site-packages/airflow/example_dags/example_branch_python_dop_operator_3.py
[2023-01-09T18:51:07.046-0500] {processor.py:743} INFO - Processing file /Library/Frameworks/Python.framework/Versions/3.9/lib/python3.9/site-packages/airflow/example_dags/example_branch_python_dop_operator_3.py for tasks to queue
[2023-01-09T18:51:07.046-0500] {logging_mixin.py:137} INFO - [2023-01-09T18:51:07.046-0500] {dagbag.py:538} INFO - Filling up the DagBag from /Library/Frameworks/Python.framework/Versions/3.9/lib/python3.9/site-packages/airflow/example_dags/example_branch_python_dop_operator_3.py
[2023-01-09T18:51:07.117-0500] {processor.py:753} INFO - DAG(s) dict_keys(['example_branch_dop_operator_v3']) retrieved from /Library/Frameworks/Python.framework/Versions/3.9/lib/python3.9/site-packages/airflow/example_dags/example_branch_python_dop_operator_3.py
[2023-01-09T18:51:07.831-0500] {logging_mixin.py:137} INFO - [2023-01-09T18:51:07.831-0500] {dag.py:2676} INFO - Sync 1 DAGs
[2023-01-09T18:51:07.851-0500] {logging_mixin.py:137} INFO - [2023-01-09T18:51:07.851-0500] {dag.py:3423} INFO - Setting next_dagrun for example_branch_dop_operator_v3 to 2023-01-09T23:50:00+00:00, run_after=2023-01-09T23:51:00+00:00
[2023-01-09T18:51:07.870-0500] {processor.py:175} INFO - Processing /Library/Frameworks/Python.framework/Versions/3.9/lib/python3.9/site-packages/airflow/example_dags/example_branch_python_dop_operator_3.py took 0.829 seconds
[2023-01-09T18:54:26.564-0500] {processor.py:153} INFO - Started process (PID=45955) to work on /Library/Frameworks/Python.framework/Versions/3.9/lib/python3.9/site-packages/airflow/example_dags/example_branch_python_dop_operator_3.py
[2023-01-09T18:54:26.571-0500] {processor.py:743} INFO - Processing file /Library/Frameworks/Python.framework/Versions/3.9/lib/python3.9/site-packages/airflow/example_dags/example_branch_python_dop_operator_3.py for tasks to queue
[2023-01-09T18:54:26.571-0500] {logging_mixin.py:137} INFO - [2023-01-09T18:54:26.571-0500] {dagbag.py:538} INFO - Filling up the DagBag from /Library/Frameworks/Python.framework/Versions/3.9/lib/python3.9/site-packages/airflow/example_dags/example_branch_python_dop_operator_3.py
[2023-01-09T18:54:26.686-0500] {processor.py:753} INFO - DAG(s) dict_keys(['example_branch_dop_operator_v3']) retrieved from /Library/Frameworks/Python.framework/Versions/3.9/lib/python3.9/site-packages/airflow/example_dags/example_branch_python_dop_operator_3.py
[2023-01-09T18:54:27.705-0500] {logging_mixin.py:137} INFO - [2023-01-09T18:54:27.705-0500] {dag.py:2676} INFO - Sync 1 DAGs
[2023-01-09T18:54:27.735-0500] {logging_mixin.py:137} INFO - [2023-01-09T18:54:27.735-0500] {dag.py:3423} INFO - Setting next_dagrun for example_branch_dop_operator_v3 to 2023-01-09T23:53:00+00:00, run_after=2023-01-09T23:54:00+00:00
[2023-01-09T18:54:27.765-0500] {processor.py:175} INFO - Processing /Library/Frameworks/Python.framework/Versions/3.9/lib/python3.9/site-packages/airflow/example_dags/example_branch_python_dop_operator_3.py took 1.202 seconds
[2023-01-09T18:54:36.190-0500] {processor.py:153} INFO - Started process (PID=45960) to work on /Library/Frameworks/Python.framework/Versions/3.9/lib/python3.9/site-packages/airflow/example_dags/example_branch_python_dop_operator_3.py
[2023-01-09T18:54:36.196-0500] {processor.py:743} INFO - Processing file /Library/Frameworks/Python.framework/Versions/3.9/lib/python3.9/site-packages/airflow/example_dags/example_branch_python_dop_operator_3.py for tasks to queue
[2023-01-09T18:54:36.197-0500] {logging_mixin.py:137} INFO - [2023-01-09T18:54:36.196-0500] {dagbag.py:538} INFO - Filling up the DagBag from /Library/Frameworks/Python.framework/Versions/3.9/lib/python3.9/site-packages/airflow/example_dags/example_branch_python_dop_operator_3.py
[2023-01-09T18:54:36.303-0500] {processor.py:753} INFO - DAG(s) dict_keys(['example_branch_dop_operator_v3']) retrieved from /Library/Frameworks/Python.framework/Versions/3.9/lib/python3.9/site-packages/airflow/example_dags/example_branch_python_dop_operator_3.py
[2023-01-09T18:54:37.390-0500] {logging_mixin.py:137} INFO - [2023-01-09T18:54:37.390-0500] {dag.py:2676} INFO - Sync 1 DAGs
[2023-01-09T18:54:37.431-0500] {logging_mixin.py:137} INFO - [2023-01-09T18:54:37.431-0500] {dag.py:3423} INFO - Setting next_dagrun for example_branch_dop_operator_v3 to 2023-01-09T23:53:00+00:00, run_after=2023-01-09T23:54:00+00:00
[2023-01-09T18:54:37.462-0500] {processor.py:175} INFO - Processing /Library/Frameworks/Python.framework/Versions/3.9/lib/python3.9/site-packages/airflow/example_dags/example_branch_python_dop_operator_3.py took 1.273 seconds
[2023-01-09T18:57:28.900-0500] {processor.py:153} INFO - Started process (PID=46078) to work on /Library/Frameworks/Python.framework/Versions/3.9/lib/python3.9/site-packages/airflow/example_dags/example_branch_python_dop_operator_3.py
[2023-01-09T18:57:28.913-0500] {processor.py:743} INFO - Processing file /Library/Frameworks/Python.framework/Versions/3.9/lib/python3.9/site-packages/airflow/example_dags/example_branch_python_dop_operator_3.py for tasks to queue
[2023-01-09T18:57:28.915-0500] {logging_mixin.py:137} INFO - [2023-01-09T18:57:28.915-0500] {dagbag.py:538} INFO - Filling up the DagBag from /Library/Frameworks/Python.framework/Versions/3.9/lib/python3.9/site-packages/airflow/example_dags/example_branch_python_dop_operator_3.py
[2023-01-09T18:57:29.049-0500] {processor.py:753} INFO - DAG(s) dict_keys(['example_branch_dop_operator_v3']) retrieved from /Library/Frameworks/Python.framework/Versions/3.9/lib/python3.9/site-packages/airflow/example_dags/example_branch_python_dop_operator_3.py
[2023-01-09T18:57:30.706-0500] {logging_mixin.py:137} INFO - [2023-01-09T18:57:30.706-0500] {dag.py:2676} INFO - Sync 1 DAGs
[2023-01-09T18:57:30.751-0500] {logging_mixin.py:137} INFO - [2023-01-09T18:57:30.751-0500] {dag.py:3423} INFO - Setting next_dagrun for example_branch_dop_operator_v3 to 2023-01-09T23:56:00+00:00, run_after=2023-01-09T23:57:00+00:00
[2023-01-09T18:57:30.785-0500] {processor.py:175} INFO - Processing /Library/Frameworks/Python.framework/Versions/3.9/lib/python3.9/site-packages/airflow/example_dags/example_branch_python_dop_operator_3.py took 1.886 seconds
[2023-01-09T18:59:20.865-0500] {processor.py:153} INFO - Started process (PID=46191) to work on /Library/Frameworks/Python.framework/Versions/3.9/lib/python3.9/site-packages/airflow/example_dags/example_branch_python_dop_operator_3.py
[2023-01-09T18:59:20.875-0500] {processor.py:743} INFO - Processing file /Library/Frameworks/Python.framework/Versions/3.9/lib/python3.9/site-packages/airflow/example_dags/example_branch_python_dop_operator_3.py for tasks to queue
[2023-01-09T18:59:20.876-0500] {logging_mixin.py:137} INFO - [2023-01-09T18:59:20.875-0500] {dagbag.py:538} INFO - Filling up the DagBag from /Library/Frameworks/Python.framework/Versions/3.9/lib/python3.9/site-packages/airflow/example_dags/example_branch_python_dop_operator_3.py
[2023-01-09T18:59:21.028-0500] {processor.py:753} INFO - DAG(s) dict_keys(['example_branch_dop_operator_v3']) retrieved from /Library/Frameworks/Python.framework/Versions/3.9/lib/python3.9/site-packages/airflow/example_dags/example_branch_python_dop_operator_3.py
[2023-01-09T18:59:22.112-0500] {logging_mixin.py:137} INFO - [2023-01-09T18:59:22.111-0500] {dag.py:2676} INFO - Sync 1 DAGs
[2023-01-09T18:59:22.140-0500] {logging_mixin.py:137} INFO - [2023-01-09T18:59:22.140-0500] {dag.py:3423} INFO - Setting next_dagrun for example_branch_dop_operator_v3 to 2023-01-09T23:58:00+00:00, run_after=2023-01-09T23:59:00+00:00
[2023-01-09T18:59:22.163-0500] {processor.py:175} INFO - Processing /Library/Frameworks/Python.framework/Versions/3.9/lib/python3.9/site-packages/airflow/example_dags/example_branch_python_dop_operator_3.py took 1.300 seconds
