[2023-01-09T16:47:22.462-0500] {processor.py:153} INFO - Started process (PID=39144) to work on /Library/Frameworks/Python.framework/Versions/3.9/lib/python3.9/site-packages/airflow/example_dags/example_external_task_marker_dag.py
[2023-01-09T16:47:22.467-0500] {processor.py:743} INFO - Processing file /Library/Frameworks/Python.framework/Versions/3.9/lib/python3.9/site-packages/airflow/example_dags/example_external_task_marker_dag.py for tasks to queue
[2023-01-09T16:47:22.467-0500] {logging_mixin.py:137} INFO - [2023-01-09T16:47:22.467-0500] {dagbag.py:538} INFO - Filling up the DagBag from /Library/Frameworks/Python.framework/Versions/3.9/lib/python3.9/site-packages/airflow/example_dags/example_external_task_marker_dag.py
[2023-01-09T16:47:22.495-0500] {processor.py:753} INFO - DAG(s) dict_keys(['example_external_task_marker_parent', 'example_external_task_marker_child']) retrieved from /Library/Frameworks/Python.framework/Versions/3.9/lib/python3.9/site-packages/airflow/example_dags/example_external_task_marker_dag.py
[2023-01-09T16:47:23.336-0500] {logging_mixin.py:137} INFO - [2023-01-09T16:47:23.336-0500] {manager.py:504} INFO - Created Permission View: can edit on DAG:example_external_task_marker_parent
[2023-01-09T16:47:23.348-0500] {logging_mixin.py:137} INFO - [2023-01-09T16:47:23.347-0500] {manager.py:504} INFO - Created Permission View: can read on DAG:example_external_task_marker_parent
[2023-01-09T16:47:23.357-0500] {logging_mixin.py:137} INFO - [2023-01-09T16:47:23.357-0500] {manager.py:504} INFO - Created Permission View: can delete on DAG:example_external_task_marker_parent
[2023-01-09T16:47:23.774-0500] {logging_mixin.py:137} INFO - [2023-01-09T16:47:23.774-0500] {manager.py:504} INFO - Created Permission View: can edit on DAG:example_external_task_marker_child
[2023-01-09T16:47:23.787-0500] {logging_mixin.py:137} INFO - [2023-01-09T16:47:23.787-0500] {manager.py:504} INFO - Created Permission View: can read on DAG:example_external_task_marker_child
[2023-01-09T16:47:23.797-0500] {logging_mixin.py:137} INFO - [2023-01-09T16:47:23.796-0500] {manager.py:504} INFO - Created Permission View: can delete on DAG:example_external_task_marker_child
[2023-01-09T16:47:23.797-0500] {logging_mixin.py:137} INFO - [2023-01-09T16:47:23.797-0500] {dag.py:2676} INFO - Sync 2 DAGs
[2023-01-09T16:47:23.813-0500] {logging_mixin.py:137} INFO - [2023-01-09T16:47:23.812-0500] {dag.py:2697} INFO - Creating ORM DAG for example_external_task_marker_child
[2023-01-09T16:47:23.813-0500] {logging_mixin.py:137} INFO - [2023-01-09T16:47:23.813-0500] {dag.py:2697} INFO - Creating ORM DAG for example_external_task_marker_parent
[2023-01-09T16:47:23.822-0500] {logging_mixin.py:137} INFO - [2023-01-09T16:47:23.821-0500] {dag.py:3423} INFO - Setting next_dagrun for example_external_task_marker_child to None, run_after=None
[2023-01-09T16:47:23.822-0500] {logging_mixin.py:137} INFO - [2023-01-09T16:47:23.822-0500] {dag.py:3423} INFO - Setting next_dagrun for example_external_task_marker_parent to None, run_after=None
[2023-01-09T16:47:23.845-0500] {processor.py:175} INFO - Processing /Library/Frameworks/Python.framework/Versions/3.9/lib/python3.9/site-packages/airflow/example_dags/example_external_task_marker_dag.py took 1.384 seconds
[2023-01-09T16:49:19.773-0500] {processor.py:153} INFO - Started process (PID=39274) to work on /Library/Frameworks/Python.framework/Versions/3.9/lib/python3.9/site-packages/airflow/example_dags/example_external_task_marker_dag.py
[2023-01-09T16:49:19.778-0500] {processor.py:743} INFO - Processing file /Library/Frameworks/Python.framework/Versions/3.9/lib/python3.9/site-packages/airflow/example_dags/example_external_task_marker_dag.py for tasks to queue
[2023-01-09T16:49:19.778-0500] {logging_mixin.py:137} INFO - [2023-01-09T16:49:19.778-0500] {dagbag.py:538} INFO - Filling up the DagBag from /Library/Frameworks/Python.framework/Versions/3.9/lib/python3.9/site-packages/airflow/example_dags/example_external_task_marker_dag.py
[2023-01-09T16:49:19.805-0500] {processor.py:753} INFO - DAG(s) dict_keys(['example_external_task_marker_child', 'example_external_task_marker_parent']) retrieved from /Library/Frameworks/Python.framework/Versions/3.9/lib/python3.9/site-packages/airflow/example_dags/example_external_task_marker_dag.py
[2023-01-09T16:49:21.381-0500] {logging_mixin.py:137} INFO - [2023-01-09T16:49:21.380-0500] {dag.py:2676} INFO - Sync 2 DAGs
[2023-01-09T16:49:21.397-0500] {logging_mixin.py:137} INFO - [2023-01-09T16:49:21.397-0500] {dag.py:3423} INFO - Setting next_dagrun for example_external_task_marker_child to None, run_after=None
[2023-01-09T16:49:21.399-0500] {logging_mixin.py:137} INFO - [2023-01-09T16:49:21.399-0500] {dag.py:3423} INFO - Setting next_dagrun for example_external_task_marker_parent to None, run_after=None
[2023-01-09T16:49:21.415-0500] {processor.py:175} INFO - Processing /Library/Frameworks/Python.framework/Versions/3.9/lib/python3.9/site-packages/airflow/example_dags/example_external_task_marker_dag.py took 1.643 seconds
[2023-01-09T16:52:11.707-0500] {processor.py:153} INFO - Started process (PID=39366) to work on /Library/Frameworks/Python.framework/Versions/3.9/lib/python3.9/site-packages/airflow/example_dags/example_external_task_marker_dag.py
[2023-01-09T16:52:11.713-0500] {processor.py:743} INFO - Processing file /Library/Frameworks/Python.framework/Versions/3.9/lib/python3.9/site-packages/airflow/example_dags/example_external_task_marker_dag.py for tasks to queue
[2023-01-09T16:52:11.713-0500] {logging_mixin.py:137} INFO - [2023-01-09T16:52:11.713-0500] {dagbag.py:538} INFO - Filling up the DagBag from /Library/Frameworks/Python.framework/Versions/3.9/lib/python3.9/site-packages/airflow/example_dags/example_external_task_marker_dag.py
[2023-01-09T16:52:11.740-0500] {processor.py:753} INFO - DAG(s) dict_keys(['example_external_task_marker_parent', 'example_external_task_marker_child']) retrieved from /Library/Frameworks/Python.framework/Versions/3.9/lib/python3.9/site-packages/airflow/example_dags/example_external_task_marker_dag.py
[2023-01-09T16:52:12.926-0500] {logging_mixin.py:137} INFO - [2023-01-09T16:52:12.926-0500] {dag.py:2676} INFO - Sync 2 DAGs
[2023-01-09T16:52:12.941-0500] {logging_mixin.py:137} INFO - [2023-01-09T16:52:12.941-0500] {dag.py:3423} INFO - Setting next_dagrun for example_external_task_marker_child to None, run_after=None
[2023-01-09T16:52:12.943-0500] {logging_mixin.py:137} INFO - [2023-01-09T16:52:12.943-0500] {dag.py:3423} INFO - Setting next_dagrun for example_external_task_marker_parent to None, run_after=None
[2023-01-09T16:52:12.960-0500] {processor.py:175} INFO - Processing /Library/Frameworks/Python.framework/Versions/3.9/lib/python3.9/site-packages/airflow/example_dags/example_external_task_marker_dag.py took 1.254 seconds
[2023-01-09T16:54:58.382-0500] {processor.py:153} INFO - Started process (PID=39466) to work on /Library/Frameworks/Python.framework/Versions/3.9/lib/python3.9/site-packages/airflow/example_dags/example_external_task_marker_dag.py
[2023-01-09T16:54:58.388-0500] {processor.py:743} INFO - Processing file /Library/Frameworks/Python.framework/Versions/3.9/lib/python3.9/site-packages/airflow/example_dags/example_external_task_marker_dag.py for tasks to queue
[2023-01-09T16:54:58.389-0500] {logging_mixin.py:137} INFO - [2023-01-09T16:54:58.389-0500] {dagbag.py:538} INFO - Filling up the DagBag from /Library/Frameworks/Python.framework/Versions/3.9/lib/python3.9/site-packages/airflow/example_dags/example_external_task_marker_dag.py
[2023-01-09T16:54:58.420-0500] {processor.py:753} INFO - DAG(s) dict_keys(['example_external_task_marker_child', 'example_external_task_marker_parent']) retrieved from /Library/Frameworks/Python.framework/Versions/3.9/lib/python3.9/site-packages/airflow/example_dags/example_external_task_marker_dag.py
[2023-01-09T16:54:59.640-0500] {logging_mixin.py:137} INFO - [2023-01-09T16:54:59.639-0500] {dag.py:2676} INFO - Sync 2 DAGs
[2023-01-09T16:54:59.659-0500] {logging_mixin.py:137} INFO - [2023-01-09T16:54:59.658-0500] {dag.py:3423} INFO - Setting next_dagrun for example_external_task_marker_child to None, run_after=None
[2023-01-09T16:54:59.661-0500] {logging_mixin.py:137} INFO - [2023-01-09T16:54:59.661-0500] {dag.py:3423} INFO - Setting next_dagrun for example_external_task_marker_parent to None, run_after=None
[2023-01-09T16:54:59.681-0500] {processor.py:175} INFO - Processing /Library/Frameworks/Python.framework/Versions/3.9/lib/python3.9/site-packages/airflow/example_dags/example_external_task_marker_dag.py took 1.299 seconds
[2023-01-09T16:57:50.233-0500] {processor.py:153} INFO - Started process (PID=40990) to work on /Library/Frameworks/Python.framework/Versions/3.9/lib/python3.9/site-packages/airflow/example_dags/example_external_task_marker_dag.py
[2023-01-09T16:57:50.238-0500] {processor.py:743} INFO - Processing file /Library/Frameworks/Python.framework/Versions/3.9/lib/python3.9/site-packages/airflow/example_dags/example_external_task_marker_dag.py for tasks to queue
[2023-01-09T16:57:50.239-0500] {logging_mixin.py:137} INFO - [2023-01-09T16:57:50.239-0500] {dagbag.py:538} INFO - Filling up the DagBag from /Library/Frameworks/Python.framework/Versions/3.9/lib/python3.9/site-packages/airflow/example_dags/example_external_task_marker_dag.py
[2023-01-09T16:57:50.266-0500] {processor.py:753} INFO - DAG(s) dict_keys(['example_external_task_marker_child', 'example_external_task_marker_parent']) retrieved from /Library/Frameworks/Python.framework/Versions/3.9/lib/python3.9/site-packages/airflow/example_dags/example_external_task_marker_dag.py
[2023-01-09T16:57:52.767-0500] {logging_mixin.py:137} INFO - [2023-01-09T16:57:52.767-0500] {dag.py:2676} INFO - Sync 2 DAGs
[2023-01-09T16:57:52.784-0500] {logging_mixin.py:137} INFO - [2023-01-09T16:57:52.784-0500] {dag.py:3423} INFO - Setting next_dagrun for example_external_task_marker_child to None, run_after=None
[2023-01-09T16:57:52.787-0500] {logging_mixin.py:137} INFO - [2023-01-09T16:57:52.787-0500] {dag.py:3423} INFO - Setting next_dagrun for example_external_task_marker_parent to None, run_after=None
[2023-01-09T16:57:52.805-0500] {processor.py:175} INFO - Processing /Library/Frameworks/Python.framework/Versions/3.9/lib/python3.9/site-packages/airflow/example_dags/example_external_task_marker_dag.py took 2.573 seconds
[2023-01-09T17:00:36.399-0500] {processor.py:153} INFO - Started process (PID=41296) to work on /Library/Frameworks/Python.framework/Versions/3.9/lib/python3.9/site-packages/airflow/example_dags/example_external_task_marker_dag.py
[2023-01-09T17:00:36.404-0500] {processor.py:743} INFO - Processing file /Library/Frameworks/Python.framework/Versions/3.9/lib/python3.9/site-packages/airflow/example_dags/example_external_task_marker_dag.py for tasks to queue
[2023-01-09T17:00:36.405-0500] {logging_mixin.py:137} INFO - [2023-01-09T17:00:36.405-0500] {dagbag.py:538} INFO - Filling up the DagBag from /Library/Frameworks/Python.framework/Versions/3.9/lib/python3.9/site-packages/airflow/example_dags/example_external_task_marker_dag.py
[2023-01-09T17:00:36.431-0500] {processor.py:753} INFO - DAG(s) dict_keys(['example_external_task_marker_parent', 'example_external_task_marker_child']) retrieved from /Library/Frameworks/Python.framework/Versions/3.9/lib/python3.9/site-packages/airflow/example_dags/example_external_task_marker_dag.py
[2023-01-09T17:00:37.497-0500] {logging_mixin.py:137} INFO - [2023-01-09T17:00:37.497-0500] {dag.py:2676} INFO - Sync 2 DAGs
[2023-01-09T17:00:37.511-0500] {logging_mixin.py:137} INFO - [2023-01-09T17:00:37.511-0500] {dag.py:3423} INFO - Setting next_dagrun for example_external_task_marker_child to None, run_after=None
[2023-01-09T17:00:37.513-0500] {logging_mixin.py:137} INFO - [2023-01-09T17:00:37.513-0500] {dag.py:3423} INFO - Setting next_dagrun for example_external_task_marker_parent to None, run_after=None
[2023-01-09T17:00:37.531-0500] {processor.py:175} INFO - Processing /Library/Frameworks/Python.framework/Versions/3.9/lib/python3.9/site-packages/airflow/example_dags/example_external_task_marker_dag.py took 1.133 seconds
[2023-01-09T17:03:49.151-0500] {processor.py:153} INFO - Started process (PID=41547) to work on /Library/Frameworks/Python.framework/Versions/3.9/lib/python3.9/site-packages/airflow/example_dags/example_external_task_marker_dag.py
[2023-01-09T17:03:49.156-0500] {processor.py:743} INFO - Processing file /Library/Frameworks/Python.framework/Versions/3.9/lib/python3.9/site-packages/airflow/example_dags/example_external_task_marker_dag.py for tasks to queue
[2023-01-09T17:03:49.157-0500] {logging_mixin.py:137} INFO - [2023-01-09T17:03:49.157-0500] {dagbag.py:538} INFO - Filling up the DagBag from /Library/Frameworks/Python.framework/Versions/3.9/lib/python3.9/site-packages/airflow/example_dags/example_external_task_marker_dag.py
[2023-01-09T17:03:49.187-0500] {processor.py:753} INFO - DAG(s) dict_keys(['example_external_task_marker_parent', 'example_external_task_marker_child']) retrieved from /Library/Frameworks/Python.framework/Versions/3.9/lib/python3.9/site-packages/airflow/example_dags/example_external_task_marker_dag.py
[2023-01-09T17:03:50.337-0500] {logging_mixin.py:137} INFO - [2023-01-09T17:03:50.337-0500] {dag.py:2676} INFO - Sync 2 DAGs
[2023-01-09T17:03:50.358-0500] {logging_mixin.py:137} INFO - [2023-01-09T17:03:50.358-0500] {dag.py:3423} INFO - Setting next_dagrun for example_external_task_marker_child to None, run_after=None
[2023-01-09T17:03:50.361-0500] {logging_mixin.py:137} INFO - [2023-01-09T17:03:50.361-0500] {dag.py:3423} INFO - Setting next_dagrun for example_external_task_marker_parent to None, run_after=None
[2023-01-09T17:03:50.445-0500] {processor.py:175} INFO - Processing /Library/Frameworks/Python.framework/Versions/3.9/lib/python3.9/site-packages/airflow/example_dags/example_external_task_marker_dag.py took 1.295 seconds
[2023-01-09T17:06:47.533-0500] {processor.py:153} INFO - Started process (PID=41898) to work on /Library/Frameworks/Python.framework/Versions/3.9/lib/python3.9/site-packages/airflow/example_dags/example_external_task_marker_dag.py
[2023-01-09T17:06:47.538-0500] {processor.py:743} INFO - Processing file /Library/Frameworks/Python.framework/Versions/3.9/lib/python3.9/site-packages/airflow/example_dags/example_external_task_marker_dag.py for tasks to queue
[2023-01-09T17:06:47.539-0500] {logging_mixin.py:137} INFO - [2023-01-09T17:06:47.539-0500] {dagbag.py:538} INFO - Filling up the DagBag from /Library/Frameworks/Python.framework/Versions/3.9/lib/python3.9/site-packages/airflow/example_dags/example_external_task_marker_dag.py
[2023-01-09T17:06:47.566-0500] {processor.py:753} INFO - DAG(s) dict_keys(['example_external_task_marker_child', 'example_external_task_marker_parent']) retrieved from /Library/Frameworks/Python.framework/Versions/3.9/lib/python3.9/site-packages/airflow/example_dags/example_external_task_marker_dag.py
[2023-01-09T17:06:48.803-0500] {logging_mixin.py:137} INFO - [2023-01-09T17:06:48.803-0500] {dag.py:2676} INFO - Sync 2 DAGs
[2023-01-09T17:06:48.820-0500] {logging_mixin.py:137} INFO - [2023-01-09T17:06:48.820-0500] {dag.py:3423} INFO - Setting next_dagrun for example_external_task_marker_child to None, run_after=None
[2023-01-09T17:06:48.823-0500] {logging_mixin.py:137} INFO - [2023-01-09T17:06:48.823-0500] {dag.py:3423} INFO - Setting next_dagrun for example_external_task_marker_parent to None, run_after=None
[2023-01-09T17:06:48.839-0500] {processor.py:175} INFO - Processing /Library/Frameworks/Python.framework/Versions/3.9/lib/python3.9/site-packages/airflow/example_dags/example_external_task_marker_dag.py took 1.307 seconds
[2023-01-09T17:09:35.298-0500] {processor.py:153} INFO - Started process (PID=42160) to work on /Library/Frameworks/Python.framework/Versions/3.9/lib/python3.9/site-packages/airflow/example_dags/example_external_task_marker_dag.py
[2023-01-09T17:09:35.303-0500] {processor.py:743} INFO - Processing file /Library/Frameworks/Python.framework/Versions/3.9/lib/python3.9/site-packages/airflow/example_dags/example_external_task_marker_dag.py for tasks to queue
[2023-01-09T17:09:35.304-0500] {logging_mixin.py:137} INFO - [2023-01-09T17:09:35.304-0500] {dagbag.py:538} INFO - Filling up the DagBag from /Library/Frameworks/Python.framework/Versions/3.9/lib/python3.9/site-packages/airflow/example_dags/example_external_task_marker_dag.py
[2023-01-09T17:09:35.333-0500] {processor.py:753} INFO - DAG(s) dict_keys(['example_external_task_marker_parent', 'example_external_task_marker_child']) retrieved from /Library/Frameworks/Python.framework/Versions/3.9/lib/python3.9/site-packages/airflow/example_dags/example_external_task_marker_dag.py
[2023-01-09T17:09:36.520-0500] {logging_mixin.py:137} INFO - [2023-01-09T17:09:36.520-0500] {dag.py:2676} INFO - Sync 2 DAGs
[2023-01-09T17:09:36.535-0500] {logging_mixin.py:137} INFO - [2023-01-09T17:09:36.535-0500] {dag.py:3423} INFO - Setting next_dagrun for example_external_task_marker_child to None, run_after=None
[2023-01-09T17:09:36.546-0500] {logging_mixin.py:137} INFO - [2023-01-09T17:09:36.545-0500] {dag.py:3423} INFO - Setting next_dagrun for example_external_task_marker_parent to None, run_after=None
[2023-01-09T17:09:36.573-0500] {processor.py:175} INFO - Processing /Library/Frameworks/Python.framework/Versions/3.9/lib/python3.9/site-packages/airflow/example_dags/example_external_task_marker_dag.py took 1.276 seconds
[2023-01-09T17:12:20.161-0500] {processor.py:153} INFO - Started process (PID=42453) to work on /Library/Frameworks/Python.framework/Versions/3.9/lib/python3.9/site-packages/airflow/example_dags/example_external_task_marker_dag.py
[2023-01-09T17:12:20.167-0500] {processor.py:743} INFO - Processing file /Library/Frameworks/Python.framework/Versions/3.9/lib/python3.9/site-packages/airflow/example_dags/example_external_task_marker_dag.py for tasks to queue
[2023-01-09T17:12:20.167-0500] {logging_mixin.py:137} INFO - [2023-01-09T17:12:20.167-0500] {dagbag.py:538} INFO - Filling up the DagBag from /Library/Frameworks/Python.framework/Versions/3.9/lib/python3.9/site-packages/airflow/example_dags/example_external_task_marker_dag.py
[2023-01-09T17:12:20.201-0500] {processor.py:753} INFO - DAG(s) dict_keys(['example_external_task_marker_child', 'example_external_task_marker_parent']) retrieved from /Library/Frameworks/Python.framework/Versions/3.9/lib/python3.9/site-packages/airflow/example_dags/example_external_task_marker_dag.py
[2023-01-09T17:12:21.350-0500] {logging_mixin.py:137} INFO - [2023-01-09T17:12:21.350-0500] {dag.py:2676} INFO - Sync 2 DAGs
[2023-01-09T17:12:21.366-0500] {logging_mixin.py:137} INFO - [2023-01-09T17:12:21.366-0500] {dag.py:3423} INFO - Setting next_dagrun for example_external_task_marker_child to None, run_after=None
[2023-01-09T17:12:21.369-0500] {logging_mixin.py:137} INFO - [2023-01-09T17:12:21.369-0500] {dag.py:3423} INFO - Setting next_dagrun for example_external_task_marker_parent to None, run_after=None
[2023-01-09T17:12:21.385-0500] {processor.py:175} INFO - Processing /Library/Frameworks/Python.framework/Versions/3.9/lib/python3.9/site-packages/airflow/example_dags/example_external_task_marker_dag.py took 1.224 seconds
[2023-01-09T17:13:21.503-0500] {processor.py:153} INFO - Started process (PID=42566) to work on /Library/Frameworks/Python.framework/Versions/3.9/lib/python3.9/site-packages/airflow/example_dags/example_external_task_marker_dag.py
[2023-01-09T17:13:21.509-0500] {processor.py:743} INFO - Processing file /Library/Frameworks/Python.framework/Versions/3.9/lib/python3.9/site-packages/airflow/example_dags/example_external_task_marker_dag.py for tasks to queue
[2023-01-09T17:13:21.510-0500] {logging_mixin.py:137} INFO - [2023-01-09T17:13:21.509-0500] {dagbag.py:538} INFO - Filling up the DagBag from /Library/Frameworks/Python.framework/Versions/3.9/lib/python3.9/site-packages/airflow/example_dags/example_external_task_marker_dag.py
[2023-01-09T17:13:21.539-0500] {processor.py:753} INFO - DAG(s) dict_keys(['example_external_task_marker_child', 'example_external_task_marker_parent']) retrieved from /Library/Frameworks/Python.framework/Versions/3.9/lib/python3.9/site-packages/airflow/example_dags/example_external_task_marker_dag.py
[2023-01-09T17:13:22.488-0500] {logging_mixin.py:137} INFO - [2023-01-09T17:13:22.488-0500] {dag.py:2676} INFO - Sync 2 DAGs
[2023-01-09T17:13:22.505-0500] {logging_mixin.py:137} INFO - [2023-01-09T17:13:22.505-0500] {dag.py:3423} INFO - Setting next_dagrun for example_external_task_marker_child to None, run_after=None
[2023-01-09T17:13:22.508-0500] {logging_mixin.py:137} INFO - [2023-01-09T17:13:22.508-0500] {dag.py:3423} INFO - Setting next_dagrun for example_external_task_marker_parent to None, run_after=None
[2023-01-09T17:13:22.532-0500] {processor.py:175} INFO - Processing /Library/Frameworks/Python.framework/Versions/3.9/lib/python3.9/site-packages/airflow/example_dags/example_external_task_marker_dag.py took 1.030 seconds
[2023-01-09T17:15:04.552-0500] {processor.py:153} INFO - Started process (PID=42691) to work on /Library/Frameworks/Python.framework/Versions/3.9/lib/python3.9/site-packages/airflow/example_dags/example_external_task_marker_dag.py
[2023-01-09T17:15:04.560-0500] {processor.py:743} INFO - Processing file /Library/Frameworks/Python.framework/Versions/3.9/lib/python3.9/site-packages/airflow/example_dags/example_external_task_marker_dag.py for tasks to queue
[2023-01-09T17:15:04.561-0500] {logging_mixin.py:137} INFO - [2023-01-09T17:15:04.561-0500] {dagbag.py:538} INFO - Filling up the DagBag from /Library/Frameworks/Python.framework/Versions/3.9/lib/python3.9/site-packages/airflow/example_dags/example_external_task_marker_dag.py
[2023-01-09T17:15:04.587-0500] {processor.py:753} INFO - DAG(s) dict_keys(['example_external_task_marker_parent', 'example_external_task_marker_child']) retrieved from /Library/Frameworks/Python.framework/Versions/3.9/lib/python3.9/site-packages/airflow/example_dags/example_external_task_marker_dag.py
[2023-01-09T17:15:05.716-0500] {logging_mixin.py:137} INFO - [2023-01-09T17:15:05.715-0500] {dag.py:2676} INFO - Sync 2 DAGs
[2023-01-09T17:15:05.729-0500] {logging_mixin.py:137} INFO - [2023-01-09T17:15:05.729-0500] {dag.py:3423} INFO - Setting next_dagrun for example_external_task_marker_child to None, run_after=None
[2023-01-09T17:15:05.731-0500] {logging_mixin.py:137} INFO - [2023-01-09T17:15:05.731-0500] {dag.py:3423} INFO - Setting next_dagrun for example_external_task_marker_parent to None, run_after=None
[2023-01-09T17:15:05.751-0500] {processor.py:175} INFO - Processing /Library/Frameworks/Python.framework/Versions/3.9/lib/python3.9/site-packages/airflow/example_dags/example_external_task_marker_dag.py took 1.199 seconds
[2023-01-09T17:15:57.188-0500] {processor.py:153} INFO - Started process (PID=42733) to work on /Library/Frameworks/Python.framework/Versions/3.9/lib/python3.9/site-packages/airflow/example_dags/example_external_task_marker_dag.py
[2023-01-09T17:15:57.193-0500] {processor.py:743} INFO - Processing file /Library/Frameworks/Python.framework/Versions/3.9/lib/python3.9/site-packages/airflow/example_dags/example_external_task_marker_dag.py for tasks to queue
[2023-01-09T17:15:57.194-0500] {logging_mixin.py:137} INFO - [2023-01-09T17:15:57.193-0500] {dagbag.py:538} INFO - Filling up the DagBag from /Library/Frameworks/Python.framework/Versions/3.9/lib/python3.9/site-packages/airflow/example_dags/example_external_task_marker_dag.py
[2023-01-09T17:15:57.220-0500] {processor.py:753} INFO - DAG(s) dict_keys(['example_external_task_marker_child', 'example_external_task_marker_parent']) retrieved from /Library/Frameworks/Python.framework/Versions/3.9/lib/python3.9/site-packages/airflow/example_dags/example_external_task_marker_dag.py
[2023-01-09T17:15:58.109-0500] {logging_mixin.py:137} INFO - [2023-01-09T17:15:58.108-0500] {dag.py:2676} INFO - Sync 2 DAGs
[2023-01-09T17:15:58.123-0500] {logging_mixin.py:137} INFO - [2023-01-09T17:15:58.123-0500] {dag.py:3423} INFO - Setting next_dagrun for example_external_task_marker_child to None, run_after=None
[2023-01-09T17:15:58.126-0500] {logging_mixin.py:137} INFO - [2023-01-09T17:15:58.125-0500] {dag.py:3423} INFO - Setting next_dagrun for example_external_task_marker_parent to None, run_after=None
[2023-01-09T17:15:58.142-0500] {processor.py:175} INFO - Processing /Library/Frameworks/Python.framework/Versions/3.9/lib/python3.9/site-packages/airflow/example_dags/example_external_task_marker_dag.py took 0.954 seconds
[2023-01-09T17:17:38.301-0500] {processor.py:153} INFO - Started process (PID=43149) to work on /Library/Frameworks/Python.framework/Versions/3.9/lib/python3.9/site-packages/airflow/example_dags/example_external_task_marker_dag.py
[2023-01-09T17:17:38.307-0500] {processor.py:743} INFO - Processing file /Library/Frameworks/Python.framework/Versions/3.9/lib/python3.9/site-packages/airflow/example_dags/example_external_task_marker_dag.py for tasks to queue
[2023-01-09T17:17:38.307-0500] {logging_mixin.py:137} INFO - [2023-01-09T17:17:38.307-0500] {dagbag.py:538} INFO - Filling up the DagBag from /Library/Frameworks/Python.framework/Versions/3.9/lib/python3.9/site-packages/airflow/example_dags/example_external_task_marker_dag.py
[2023-01-09T17:17:38.334-0500] {processor.py:753} INFO - DAG(s) dict_keys(['example_external_task_marker_child', 'example_external_task_marker_parent']) retrieved from /Library/Frameworks/Python.framework/Versions/3.9/lib/python3.9/site-packages/airflow/example_dags/example_external_task_marker_dag.py
[2023-01-09T17:17:39.327-0500] {logging_mixin.py:137} INFO - [2023-01-09T17:17:39.327-0500] {dag.py:2676} INFO - Sync 2 DAGs
[2023-01-09T17:17:39.342-0500] {logging_mixin.py:137} INFO - [2023-01-09T17:17:39.342-0500] {dag.py:3423} INFO - Setting next_dagrun for example_external_task_marker_child to None, run_after=None
[2023-01-09T17:17:39.345-0500] {logging_mixin.py:137} INFO - [2023-01-09T17:17:39.345-0500] {dag.py:3423} INFO - Setting next_dagrun for example_external_task_marker_parent to None, run_after=None
[2023-01-09T17:17:39.366-0500] {processor.py:175} INFO - Processing /Library/Frameworks/Python.framework/Versions/3.9/lib/python3.9/site-packages/airflow/example_dags/example_external_task_marker_dag.py took 1.066 seconds
[2023-01-09T17:17:46.649-0500] {processor.py:153} INFO - Started process (PID=43163) to work on /Library/Frameworks/Python.framework/Versions/3.9/lib/python3.9/site-packages/airflow/example_dags/example_external_task_marker_dag.py
[2023-01-09T17:17:46.654-0500] {processor.py:743} INFO - Processing file /Library/Frameworks/Python.framework/Versions/3.9/lib/python3.9/site-packages/airflow/example_dags/example_external_task_marker_dag.py for tasks to queue
[2023-01-09T17:17:46.654-0500] {logging_mixin.py:137} INFO - [2023-01-09T17:17:46.654-0500] {dagbag.py:538} INFO - Filling up the DagBag from /Library/Frameworks/Python.framework/Versions/3.9/lib/python3.9/site-packages/airflow/example_dags/example_external_task_marker_dag.py
[2023-01-09T17:17:46.680-0500] {processor.py:753} INFO - DAG(s) dict_keys(['example_external_task_marker_parent', 'example_external_task_marker_child']) retrieved from /Library/Frameworks/Python.framework/Versions/3.9/lib/python3.9/site-packages/airflow/example_dags/example_external_task_marker_dag.py
[2023-01-09T17:17:47.372-0500] {logging_mixin.py:137} INFO - [2023-01-09T17:17:47.372-0500] {dag.py:2676} INFO - Sync 2 DAGs
[2023-01-09T17:17:47.391-0500] {logging_mixin.py:137} INFO - [2023-01-09T17:17:47.391-0500] {dag.py:3423} INFO - Setting next_dagrun for example_external_task_marker_child to None, run_after=None
[2023-01-09T17:17:47.394-0500] {logging_mixin.py:137} INFO - [2023-01-09T17:17:47.394-0500] {dag.py:3423} INFO - Setting next_dagrun for example_external_task_marker_parent to None, run_after=None
[2023-01-09T17:17:47.413-0500] {processor.py:175} INFO - Processing /Library/Frameworks/Python.framework/Versions/3.9/lib/python3.9/site-packages/airflow/example_dags/example_external_task_marker_dag.py took 0.765 seconds
[2023-01-09T17:20:08.147-0500] {processor.py:153} INFO - Started process (PID=43278) to work on /Library/Frameworks/Python.framework/Versions/3.9/lib/python3.9/site-packages/airflow/example_dags/example_external_task_marker_dag.py
[2023-01-09T17:20:08.152-0500] {processor.py:743} INFO - Processing file /Library/Frameworks/Python.framework/Versions/3.9/lib/python3.9/site-packages/airflow/example_dags/example_external_task_marker_dag.py for tasks to queue
[2023-01-09T17:20:08.153-0500] {logging_mixin.py:137} INFO - [2023-01-09T17:20:08.153-0500] {dagbag.py:538} INFO - Filling up the DagBag from /Library/Frameworks/Python.framework/Versions/3.9/lib/python3.9/site-packages/airflow/example_dags/example_external_task_marker_dag.py
[2023-01-09T17:20:08.180-0500] {processor.py:753} INFO - DAG(s) dict_keys(['example_external_task_marker_parent', 'example_external_task_marker_child']) retrieved from /Library/Frameworks/Python.framework/Versions/3.9/lib/python3.9/site-packages/airflow/example_dags/example_external_task_marker_dag.py
[2023-01-09T17:20:09.332-0500] {logging_mixin.py:137} INFO - [2023-01-09T17:20:09.332-0500] {dag.py:2676} INFO - Sync 2 DAGs
[2023-01-09T17:20:09.354-0500] {logging_mixin.py:137} INFO - [2023-01-09T17:20:09.354-0500] {dag.py:3423} INFO - Setting next_dagrun for example_external_task_marker_child to None, run_after=None
[2023-01-09T17:20:09.358-0500] {logging_mixin.py:137} INFO - [2023-01-09T17:20:09.357-0500] {dag.py:3423} INFO - Setting next_dagrun for example_external_task_marker_parent to None, run_after=None
[2023-01-09T17:20:09.376-0500] {processor.py:175} INFO - Processing /Library/Frameworks/Python.framework/Versions/3.9/lib/python3.9/site-packages/airflow/example_dags/example_external_task_marker_dag.py took 1.230 seconds
[2023-01-09T17:20:18.457-0500] {processor.py:153} INFO - Started process (PID=43288) to work on /Library/Frameworks/Python.framework/Versions/3.9/lib/python3.9/site-packages/airflow/example_dags/example_external_task_marker_dag.py
[2023-01-09T17:20:18.462-0500] {processor.py:743} INFO - Processing file /Library/Frameworks/Python.framework/Versions/3.9/lib/python3.9/site-packages/airflow/example_dags/example_external_task_marker_dag.py for tasks to queue
[2023-01-09T17:20:18.462-0500] {logging_mixin.py:137} INFO - [2023-01-09T17:20:18.462-0500] {dagbag.py:538} INFO - Filling up the DagBag from /Library/Frameworks/Python.framework/Versions/3.9/lib/python3.9/site-packages/airflow/example_dags/example_external_task_marker_dag.py
[2023-01-09T17:20:18.488-0500] {processor.py:753} INFO - DAG(s) dict_keys(['example_external_task_marker_parent', 'example_external_task_marker_child']) retrieved from /Library/Frameworks/Python.framework/Versions/3.9/lib/python3.9/site-packages/airflow/example_dags/example_external_task_marker_dag.py
[2023-01-09T17:20:19.229-0500] {logging_mixin.py:137} INFO - [2023-01-09T17:20:19.229-0500] {dag.py:2676} INFO - Sync 2 DAGs
[2023-01-09T17:20:19.246-0500] {logging_mixin.py:137} INFO - [2023-01-09T17:20:19.246-0500] {dag.py:3423} INFO - Setting next_dagrun for example_external_task_marker_child to None, run_after=None
[2023-01-09T17:20:19.248-0500] {logging_mixin.py:137} INFO - [2023-01-09T17:20:19.248-0500] {dag.py:3423} INFO - Setting next_dagrun for example_external_task_marker_parent to None, run_after=None
[2023-01-09T17:20:19.271-0500] {processor.py:175} INFO - Processing /Library/Frameworks/Python.framework/Versions/3.9/lib/python3.9/site-packages/airflow/example_dags/example_external_task_marker_dag.py took 0.814 seconds
[2023-01-09T17:22:40.453-0500] {processor.py:153} INFO - Started process (PID=43449) to work on /Library/Frameworks/Python.framework/Versions/3.9/lib/python3.9/site-packages/airflow/example_dags/example_external_task_marker_dag.py
[2023-01-09T17:22:40.458-0500] {processor.py:743} INFO - Processing file /Library/Frameworks/Python.framework/Versions/3.9/lib/python3.9/site-packages/airflow/example_dags/example_external_task_marker_dag.py for tasks to queue
[2023-01-09T17:22:40.459-0500] {logging_mixin.py:137} INFO - [2023-01-09T17:22:40.459-0500] {dagbag.py:538} INFO - Filling up the DagBag from /Library/Frameworks/Python.framework/Versions/3.9/lib/python3.9/site-packages/airflow/example_dags/example_external_task_marker_dag.py
[2023-01-09T17:22:40.485-0500] {processor.py:753} INFO - DAG(s) dict_keys(['example_external_task_marker_parent', 'example_external_task_marker_child']) retrieved from /Library/Frameworks/Python.framework/Versions/3.9/lib/python3.9/site-packages/airflow/example_dags/example_external_task_marker_dag.py
[2023-01-09T17:22:41.342-0500] {logging_mixin.py:137} INFO - [2023-01-09T17:22:41.342-0500] {dag.py:2676} INFO - Sync 2 DAGs
[2023-01-09T17:22:41.357-0500] {logging_mixin.py:137} INFO - [2023-01-09T17:22:41.357-0500] {dag.py:3423} INFO - Setting next_dagrun for example_external_task_marker_child to None, run_after=None
[2023-01-09T17:22:41.359-0500] {logging_mixin.py:137} INFO - [2023-01-09T17:22:41.359-0500] {dag.py:3423} INFO - Setting next_dagrun for example_external_task_marker_parent to None, run_after=None
[2023-01-09T17:22:41.377-0500] {processor.py:175} INFO - Processing /Library/Frameworks/Python.framework/Versions/3.9/lib/python3.9/site-packages/airflow/example_dags/example_external_task_marker_dag.py took 0.924 seconds
[2023-01-09T17:22:49.331-0500] {processor.py:153} INFO - Started process (PID=43457) to work on /Library/Frameworks/Python.framework/Versions/3.9/lib/python3.9/site-packages/airflow/example_dags/example_external_task_marker_dag.py
[2023-01-09T17:22:49.335-0500] {processor.py:743} INFO - Processing file /Library/Frameworks/Python.framework/Versions/3.9/lib/python3.9/site-packages/airflow/example_dags/example_external_task_marker_dag.py for tasks to queue
[2023-01-09T17:22:49.336-0500] {logging_mixin.py:137} INFO - [2023-01-09T17:22:49.336-0500] {dagbag.py:538} INFO - Filling up the DagBag from /Library/Frameworks/Python.framework/Versions/3.9/lib/python3.9/site-packages/airflow/example_dags/example_external_task_marker_dag.py
[2023-01-09T17:22:49.361-0500] {processor.py:753} INFO - DAG(s) dict_keys(['example_external_task_marker_parent', 'example_external_task_marker_child']) retrieved from /Library/Frameworks/Python.framework/Versions/3.9/lib/python3.9/site-packages/airflow/example_dags/example_external_task_marker_dag.py
[2023-01-09T17:22:50.062-0500] {logging_mixin.py:137} INFO - [2023-01-09T17:22:50.062-0500] {dag.py:2676} INFO - Sync 2 DAGs
[2023-01-09T17:22:50.079-0500] {logging_mixin.py:137} INFO - [2023-01-09T17:22:50.079-0500] {dag.py:3423} INFO - Setting next_dagrun for example_external_task_marker_child to None, run_after=None
[2023-01-09T17:22:50.081-0500] {logging_mixin.py:137} INFO - [2023-01-09T17:22:50.081-0500] {dag.py:3423} INFO - Setting next_dagrun for example_external_task_marker_parent to None, run_after=None
[2023-01-09T17:22:50.104-0500] {processor.py:175} INFO - Processing /Library/Frameworks/Python.framework/Versions/3.9/lib/python3.9/site-packages/airflow/example_dags/example_external_task_marker_dag.py took 0.774 seconds
[2023-01-09T18:31:15.405-0500] {processor.py:153} INFO - Started process (PID=44463) to work on /Library/Frameworks/Python.framework/Versions/3.9/lib/python3.9/site-packages/airflow/example_dags/example_external_task_marker_dag.py
[2023-01-09T18:31:15.406-0500] {processor.py:153} INFO - Started process (PID=44464) to work on /Library/Frameworks/Python.framework/Versions/3.9/lib/python3.9/site-packages/airflow/example_dags/example_external_task_marker_dag.py
[2023-01-09T18:31:15.412-0500] {processor.py:743} INFO - Processing file /Library/Frameworks/Python.framework/Versions/3.9/lib/python3.9/site-packages/airflow/example_dags/example_external_task_marker_dag.py for tasks to queue
[2023-01-09T18:31:15.412-0500] {processor.py:743} INFO - Processing file /Library/Frameworks/Python.framework/Versions/3.9/lib/python3.9/site-packages/airflow/example_dags/example_external_task_marker_dag.py for tasks to queue
[2023-01-09T18:31:15.412-0500] {logging_mixin.py:137} INFO - [2023-01-09T18:31:15.412-0500] {dagbag.py:538} INFO - Filling up the DagBag from /Library/Frameworks/Python.framework/Versions/3.9/lib/python3.9/site-packages/airflow/example_dags/example_external_task_marker_dag.py
[2023-01-09T18:31:15.412-0500] {logging_mixin.py:137} INFO - [2023-01-09T18:31:15.412-0500] {dagbag.py:538} INFO - Filling up the DagBag from /Library/Frameworks/Python.framework/Versions/3.9/lib/python3.9/site-packages/airflow/example_dags/example_external_task_marker_dag.py
[2023-01-09T18:31:15.441-0500] {processor.py:753} INFO - DAG(s) dict_keys(['example_external_task_marker_parent', 'example_external_task_marker_child']) retrieved from /Library/Frameworks/Python.framework/Versions/3.9/lib/python3.9/site-packages/airflow/example_dags/example_external_task_marker_dag.py
[2023-01-09T18:31:15.442-0500] {processor.py:753} INFO - DAG(s) dict_keys(['example_external_task_marker_child', 'example_external_task_marker_parent']) retrieved from /Library/Frameworks/Python.framework/Versions/3.9/lib/python3.9/site-packages/airflow/example_dags/example_external_task_marker_dag.py
[2023-01-09T18:31:16.462-0500] {logging_mixin.py:137} INFO - [2023-01-09T18:31:16.462-0500] {dag.py:2676} INFO - Sync 2 DAGs
[2023-01-09T18:31:16.471-0500] {logging_mixin.py:137} INFO - [2023-01-09T18:31:16.470-0500] {dag.py:2676} INFO - Sync 2 DAGs
[2023-01-09T18:31:16.477-0500] {logging_mixin.py:137} INFO - [2023-01-09T18:31:16.477-0500] {dag.py:3423} INFO - Setting next_dagrun for example_external_task_marker_child to None, run_after=None
[2023-01-09T18:31:16.481-0500] {logging_mixin.py:137} INFO - [2023-01-09T18:31:16.480-0500] {dag.py:3423} INFO - Setting next_dagrun for example_external_task_marker_parent to None, run_after=None
[2023-01-09T18:31:16.488-0500] {logging_mixin.py:137} INFO - [2023-01-09T18:31:16.488-0500] {dag.py:3423} INFO - Setting next_dagrun for example_external_task_marker_child to None, run_after=None
[2023-01-09T18:31:16.491-0500] {logging_mixin.py:137} INFO - [2023-01-09T18:31:16.490-0500] {dag.py:3423} INFO - Setting next_dagrun for example_external_task_marker_parent to None, run_after=None
[2023-01-09T18:31:16.499-0500] {processor.py:175} INFO - Processing /Library/Frameworks/Python.framework/Versions/3.9/lib/python3.9/site-packages/airflow/example_dags/example_external_task_marker_dag.py took 1.093 seconds
[2023-01-09T18:31:16.510-0500] {processor.py:175} INFO - Processing /Library/Frameworks/Python.framework/Versions/3.9/lib/python3.9/site-packages/airflow/example_dags/example_external_task_marker_dag.py took 1.105 seconds
[2023-01-09T18:33:57.068-0500] {processor.py:153} INFO - Started process (PID=44648) to work on /Library/Frameworks/Python.framework/Versions/3.9/lib/python3.9/site-packages/airflow/example_dags/example_external_task_marker_dag.py
[2023-01-09T18:33:57.073-0500] {processor.py:743} INFO - Processing file /Library/Frameworks/Python.framework/Versions/3.9/lib/python3.9/site-packages/airflow/example_dags/example_external_task_marker_dag.py for tasks to queue
[2023-01-09T18:33:57.074-0500] {logging_mixin.py:137} INFO - [2023-01-09T18:33:57.073-0500] {dagbag.py:538} INFO - Filling up the DagBag from /Library/Frameworks/Python.framework/Versions/3.9/lib/python3.9/site-packages/airflow/example_dags/example_external_task_marker_dag.py
[2023-01-09T18:33:57.101-0500] {processor.py:753} INFO - DAG(s) dict_keys(['example_external_task_marker_child', 'example_external_task_marker_parent']) retrieved from /Library/Frameworks/Python.framework/Versions/3.9/lib/python3.9/site-packages/airflow/example_dags/example_external_task_marker_dag.py
[2023-01-09T18:33:58.264-0500] {logging_mixin.py:137} INFO - [2023-01-09T18:33:58.264-0500] {dag.py:2676} INFO - Sync 2 DAGs
[2023-01-09T18:33:58.280-0500] {logging_mixin.py:137} INFO - [2023-01-09T18:33:58.280-0500] {dag.py:3423} INFO - Setting next_dagrun for example_external_task_marker_child to None, run_after=None
[2023-01-09T18:33:58.282-0500] {logging_mixin.py:137} INFO - [2023-01-09T18:33:58.282-0500] {dag.py:3423} INFO - Setting next_dagrun for example_external_task_marker_parent to None, run_after=None
[2023-01-09T18:33:58.300-0500] {processor.py:175} INFO - Processing /Library/Frameworks/Python.framework/Versions/3.9/lib/python3.9/site-packages/airflow/example_dags/example_external_task_marker_dag.py took 1.233 seconds
[2023-01-09T18:34:03.376-0500] {processor.py:153} INFO - Started process (PID=44653) to work on /Library/Frameworks/Python.framework/Versions/3.9/lib/python3.9/site-packages/airflow/example_dags/example_external_task_marker_dag.py
[2023-01-09T18:34:03.381-0500] {processor.py:743} INFO - Processing file /Library/Frameworks/Python.framework/Versions/3.9/lib/python3.9/site-packages/airflow/example_dags/example_external_task_marker_dag.py for tasks to queue
[2023-01-09T18:34:03.382-0500] {logging_mixin.py:137} INFO - [2023-01-09T18:34:03.381-0500] {dagbag.py:538} INFO - Filling up the DagBag from /Library/Frameworks/Python.framework/Versions/3.9/lib/python3.9/site-packages/airflow/example_dags/example_external_task_marker_dag.py
[2023-01-09T18:34:03.408-0500] {processor.py:753} INFO - DAG(s) dict_keys(['example_external_task_marker_child', 'example_external_task_marker_parent']) retrieved from /Library/Frameworks/Python.framework/Versions/3.9/lib/python3.9/site-packages/airflow/example_dags/example_external_task_marker_dag.py
[2023-01-09T18:34:04.123-0500] {logging_mixin.py:137} INFO - [2023-01-09T18:34:04.123-0500] {dag.py:2676} INFO - Sync 2 DAGs
[2023-01-09T18:34:04.140-0500] {logging_mixin.py:137} INFO - [2023-01-09T18:34:04.140-0500] {dag.py:3423} INFO - Setting next_dagrun for example_external_task_marker_child to None, run_after=None
[2023-01-09T18:34:04.143-0500] {logging_mixin.py:137} INFO - [2023-01-09T18:34:04.143-0500] {dag.py:3423} INFO - Setting next_dagrun for example_external_task_marker_parent to None, run_after=None
[2023-01-09T18:34:04.158-0500] {processor.py:175} INFO - Processing /Library/Frameworks/Python.framework/Versions/3.9/lib/python3.9/site-packages/airflow/example_dags/example_external_task_marker_dag.py took 0.782 seconds
[2023-01-09T18:36:43.771-0500] {processor.py:153} INFO - Started process (PID=44781) to work on /Library/Frameworks/Python.framework/Versions/3.9/lib/python3.9/site-packages/airflow/example_dags/example_external_task_marker_dag.py
[2023-01-09T18:36:43.777-0500] {processor.py:743} INFO - Processing file /Library/Frameworks/Python.framework/Versions/3.9/lib/python3.9/site-packages/airflow/example_dags/example_external_task_marker_dag.py for tasks to queue
[2023-01-09T18:36:43.778-0500] {logging_mixin.py:137} INFO - [2023-01-09T18:36:43.778-0500] {dagbag.py:538} INFO - Filling up the DagBag from /Library/Frameworks/Python.framework/Versions/3.9/lib/python3.9/site-packages/airflow/example_dags/example_external_task_marker_dag.py
[2023-01-09T18:36:43.804-0500] {processor.py:753} INFO - DAG(s) dict_keys(['example_external_task_marker_child', 'example_external_task_marker_parent']) retrieved from /Library/Frameworks/Python.framework/Versions/3.9/lib/python3.9/site-packages/airflow/example_dags/example_external_task_marker_dag.py
[2023-01-09T18:36:44.800-0500] {logging_mixin.py:137} INFO - [2023-01-09T18:36:44.800-0500] {dag.py:2676} INFO - Sync 2 DAGs
[2023-01-09T18:36:44.816-0500] {logging_mixin.py:137} INFO - [2023-01-09T18:36:44.816-0500] {dag.py:3423} INFO - Setting next_dagrun for example_external_task_marker_child to None, run_after=None
[2023-01-09T18:36:44.819-0500] {logging_mixin.py:137} INFO - [2023-01-09T18:36:44.818-0500] {dag.py:3423} INFO - Setting next_dagrun for example_external_task_marker_parent to None, run_after=None
[2023-01-09T18:36:44.841-0500] {processor.py:175} INFO - Processing /Library/Frameworks/Python.framework/Versions/3.9/lib/python3.9/site-packages/airflow/example_dags/example_external_task_marker_dag.py took 1.070 seconds
[2023-01-09T18:36:46.901-0500] {processor.py:153} INFO - Started process (PID=44784) to work on /Library/Frameworks/Python.framework/Versions/3.9/lib/python3.9/site-packages/airflow/example_dags/example_external_task_marker_dag.py
[2023-01-09T18:36:46.906-0500] {processor.py:743} INFO - Processing file /Library/Frameworks/Python.framework/Versions/3.9/lib/python3.9/site-packages/airflow/example_dags/example_external_task_marker_dag.py for tasks to queue
[2023-01-09T18:36:46.907-0500] {logging_mixin.py:137} INFO - [2023-01-09T18:36:46.907-0500] {dagbag.py:538} INFO - Filling up the DagBag from /Library/Frameworks/Python.framework/Versions/3.9/lib/python3.9/site-packages/airflow/example_dags/example_external_task_marker_dag.py
[2023-01-09T18:36:46.935-0500] {processor.py:753} INFO - DAG(s) dict_keys(['example_external_task_marker_child', 'example_external_task_marker_parent']) retrieved from /Library/Frameworks/Python.framework/Versions/3.9/lib/python3.9/site-packages/airflow/example_dags/example_external_task_marker_dag.py
[2023-01-09T18:36:47.842-0500] {logging_mixin.py:137} INFO - [2023-01-09T18:36:47.841-0500] {dag.py:2676} INFO - Sync 2 DAGs
[2023-01-09T18:36:47.858-0500] {logging_mixin.py:137} INFO - [2023-01-09T18:36:47.858-0500] {dag.py:3423} INFO - Setting next_dagrun for example_external_task_marker_child to None, run_after=None
[2023-01-09T18:36:47.861-0500] {logging_mixin.py:137} INFO - [2023-01-09T18:36:47.861-0500] {dag.py:3423} INFO - Setting next_dagrun for example_external_task_marker_parent to None, run_after=None
[2023-01-09T18:36:47.883-0500] {processor.py:175} INFO - Processing /Library/Frameworks/Python.framework/Versions/3.9/lib/python3.9/site-packages/airflow/example_dags/example_external_task_marker_dag.py took 0.982 seconds
[2023-01-09T18:39:19.940-0500] {processor.py:153} INFO - Started process (PID=45027) to work on /Library/Frameworks/Python.framework/Versions/3.9/lib/python3.9/site-packages/airflow/example_dags/example_external_task_marker_dag.py
[2023-01-09T18:39:19.945-0500] {processor.py:743} INFO - Processing file /Library/Frameworks/Python.framework/Versions/3.9/lib/python3.9/site-packages/airflow/example_dags/example_external_task_marker_dag.py for tasks to queue
[2023-01-09T18:39:19.946-0500] {logging_mixin.py:137} INFO - [2023-01-09T18:39:19.946-0500] {dagbag.py:538} INFO - Filling up the DagBag from /Library/Frameworks/Python.framework/Versions/3.9/lib/python3.9/site-packages/airflow/example_dags/example_external_task_marker_dag.py
[2023-01-09T18:39:19.973-0500] {processor.py:753} INFO - DAG(s) dict_keys(['example_external_task_marker_parent', 'example_external_task_marker_child']) retrieved from /Library/Frameworks/Python.framework/Versions/3.9/lib/python3.9/site-packages/airflow/example_dags/example_external_task_marker_dag.py
[2023-01-09T18:39:20.833-0500] {logging_mixin.py:137} INFO - [2023-01-09T18:39:20.833-0500] {dag.py:2676} INFO - Sync 2 DAGs
[2023-01-09T18:39:20.849-0500] {logging_mixin.py:137} INFO - [2023-01-09T18:39:20.849-0500] {dag.py:3423} INFO - Setting next_dagrun for example_external_task_marker_child to None, run_after=None
[2023-01-09T18:39:20.851-0500] {logging_mixin.py:137} INFO - [2023-01-09T18:39:20.851-0500] {dag.py:3423} INFO - Setting next_dagrun for example_external_task_marker_parent to None, run_after=None
[2023-01-09T18:39:20.873-0500] {processor.py:175} INFO - Processing /Library/Frameworks/Python.framework/Versions/3.9/lib/python3.9/site-packages/airflow/example_dags/example_external_task_marker_dag.py took 0.933 seconds
[2023-01-09T18:39:23.153-0500] {processor.py:153} INFO - Started process (PID=45031) to work on /Library/Frameworks/Python.framework/Versions/3.9/lib/python3.9/site-packages/airflow/example_dags/example_external_task_marker_dag.py
[2023-01-09T18:39:23.158-0500] {processor.py:743} INFO - Processing file /Library/Frameworks/Python.framework/Versions/3.9/lib/python3.9/site-packages/airflow/example_dags/example_external_task_marker_dag.py for tasks to queue
[2023-01-09T18:39:23.158-0500] {logging_mixin.py:137} INFO - [2023-01-09T18:39:23.158-0500] {dagbag.py:538} INFO - Filling up the DagBag from /Library/Frameworks/Python.framework/Versions/3.9/lib/python3.9/site-packages/airflow/example_dags/example_external_task_marker_dag.py
[2023-01-09T18:39:23.184-0500] {processor.py:753} INFO - DAG(s) dict_keys(['example_external_task_marker_child', 'example_external_task_marker_parent']) retrieved from /Library/Frameworks/Python.framework/Versions/3.9/lib/python3.9/site-packages/airflow/example_dags/example_external_task_marker_dag.py
[2023-01-09T18:39:23.898-0500] {logging_mixin.py:137} INFO - [2023-01-09T18:39:23.898-0500] {dag.py:2676} INFO - Sync 2 DAGs
[2023-01-09T18:39:23.915-0500] {logging_mixin.py:137} INFO - [2023-01-09T18:39:23.915-0500] {dag.py:3423} INFO - Setting next_dagrun for example_external_task_marker_child to None, run_after=None
[2023-01-09T18:39:23.917-0500] {logging_mixin.py:137} INFO - [2023-01-09T18:39:23.917-0500] {dag.py:3423} INFO - Setting next_dagrun for example_external_task_marker_parent to None, run_after=None
[2023-01-09T18:39:23.933-0500] {processor.py:175} INFO - Processing /Library/Frameworks/Python.framework/Versions/3.9/lib/python3.9/site-packages/airflow/example_dags/example_external_task_marker_dag.py took 0.781 seconds
[2023-01-09T18:41:52.041-0500] {processor.py:153} INFO - Started process (PID=45171) to work on /Library/Frameworks/Python.framework/Versions/3.9/lib/python3.9/site-packages/airflow/example_dags/example_external_task_marker_dag.py
[2023-01-09T18:41:52.047-0500] {processor.py:743} INFO - Processing file /Library/Frameworks/Python.framework/Versions/3.9/lib/python3.9/site-packages/airflow/example_dags/example_external_task_marker_dag.py for tasks to queue
[2023-01-09T18:41:52.047-0500] {logging_mixin.py:137} INFO - [2023-01-09T18:41:52.047-0500] {dagbag.py:538} INFO - Filling up the DagBag from /Library/Frameworks/Python.framework/Versions/3.9/lib/python3.9/site-packages/airflow/example_dags/example_external_task_marker_dag.py
[2023-01-09T18:41:52.079-0500] {processor.py:753} INFO - DAG(s) dict_keys(['example_external_task_marker_child', 'example_external_task_marker_parent']) retrieved from /Library/Frameworks/Python.framework/Versions/3.9/lib/python3.9/site-packages/airflow/example_dags/example_external_task_marker_dag.py
[2023-01-09T18:41:53.139-0500] {logging_mixin.py:137} INFO - [2023-01-09T18:41:53.138-0500] {dag.py:2676} INFO - Sync 2 DAGs
[2023-01-09T18:41:53.155-0500] {logging_mixin.py:137} INFO - [2023-01-09T18:41:53.154-0500] {dag.py:3423} INFO - Setting next_dagrun for example_external_task_marker_child to None, run_after=None
[2023-01-09T18:41:53.157-0500] {logging_mixin.py:137} INFO - [2023-01-09T18:41:53.157-0500] {dag.py:3423} INFO - Setting next_dagrun for example_external_task_marker_parent to None, run_after=None
[2023-01-09T18:41:53.174-0500] {processor.py:175} INFO - Processing /Library/Frameworks/Python.framework/Versions/3.9/lib/python3.9/site-packages/airflow/example_dags/example_external_task_marker_dag.py took 1.134 seconds
[2023-01-09T18:41:59.839-0500] {processor.py:153} INFO - Started process (PID=45177) to work on /Library/Frameworks/Python.framework/Versions/3.9/lib/python3.9/site-packages/airflow/example_dags/example_external_task_marker_dag.py
[2023-01-09T18:41:59.845-0500] {processor.py:743} INFO - Processing file /Library/Frameworks/Python.framework/Versions/3.9/lib/python3.9/site-packages/airflow/example_dags/example_external_task_marker_dag.py for tasks to queue
[2023-01-09T18:41:59.846-0500] {logging_mixin.py:137} INFO - [2023-01-09T18:41:59.846-0500] {dagbag.py:538} INFO - Filling up the DagBag from /Library/Frameworks/Python.framework/Versions/3.9/lib/python3.9/site-packages/airflow/example_dags/example_external_task_marker_dag.py
[2023-01-09T18:41:59.889-0500] {processor.py:753} INFO - DAG(s) dict_keys(['example_external_task_marker_child', 'example_external_task_marker_parent']) retrieved from /Library/Frameworks/Python.framework/Versions/3.9/lib/python3.9/site-packages/airflow/example_dags/example_external_task_marker_dag.py
[2023-01-09T18:42:01.301-0500] {logging_mixin.py:137} INFO - [2023-01-09T18:42:01.301-0500] {dag.py:2676} INFO - Sync 2 DAGs
[2023-01-09T18:42:01.324-0500] {logging_mixin.py:137} INFO - [2023-01-09T18:42:01.324-0500] {dag.py:3423} INFO - Setting next_dagrun for example_external_task_marker_child to None, run_after=None
[2023-01-09T18:42:01.328-0500] {logging_mixin.py:137} INFO - [2023-01-09T18:42:01.328-0500] {dag.py:3423} INFO - Setting next_dagrun for example_external_task_marker_parent to None, run_after=None
[2023-01-09T18:42:01.357-0500] {processor.py:175} INFO - Processing /Library/Frameworks/Python.framework/Versions/3.9/lib/python3.9/site-packages/airflow/example_dags/example_external_task_marker_dag.py took 1.519 seconds
[2023-01-09T18:44:32.229-0500] {processor.py:153} INFO - Started process (PID=45307) to work on /Library/Frameworks/Python.framework/Versions/3.9/lib/python3.9/site-packages/airflow/example_dags/example_external_task_marker_dag.py
[2023-01-09T18:44:32.244-0500] {processor.py:743} INFO - Processing file /Library/Frameworks/Python.framework/Versions/3.9/lib/python3.9/site-packages/airflow/example_dags/example_external_task_marker_dag.py for tasks to queue
[2023-01-09T18:44:32.245-0500] {logging_mixin.py:137} INFO - [2023-01-09T18:44:32.244-0500] {dagbag.py:538} INFO - Filling up the DagBag from /Library/Frameworks/Python.framework/Versions/3.9/lib/python3.9/site-packages/airflow/example_dags/example_external_task_marker_dag.py
[2023-01-09T18:44:32.294-0500] {processor.py:753} INFO - DAG(s) dict_keys(['example_external_task_marker_parent', 'example_external_task_marker_child']) retrieved from /Library/Frameworks/Python.framework/Versions/3.9/lib/python3.9/site-packages/airflow/example_dags/example_external_task_marker_dag.py
[2023-01-09T18:44:33.524-0500] {logging_mixin.py:137} INFO - [2023-01-09T18:44:33.524-0500] {dag.py:2676} INFO - Sync 2 DAGs
[2023-01-09T18:44:33.541-0500] {logging_mixin.py:137} INFO - [2023-01-09T18:44:33.541-0500] {dag.py:3423} INFO - Setting next_dagrun for example_external_task_marker_child to None, run_after=None
[2023-01-09T18:44:33.543-0500] {logging_mixin.py:137} INFO - [2023-01-09T18:44:33.543-0500] {dag.py:3423} INFO - Setting next_dagrun for example_external_task_marker_parent to None, run_after=None
[2023-01-09T18:44:33.562-0500] {processor.py:175} INFO - Processing /Library/Frameworks/Python.framework/Versions/3.9/lib/python3.9/site-packages/airflow/example_dags/example_external_task_marker_dag.py took 1.333 seconds
[2023-01-09T18:44:39.885-0500] {processor.py:153} INFO - Started process (PID=45386) to work on /Library/Frameworks/Python.framework/Versions/3.9/lib/python3.9/site-packages/airflow/example_dags/example_external_task_marker_dag.py
[2023-01-09T18:44:39.894-0500] {processor.py:743} INFO - Processing file /Library/Frameworks/Python.framework/Versions/3.9/lib/python3.9/site-packages/airflow/example_dags/example_external_task_marker_dag.py for tasks to queue
[2023-01-09T18:44:39.895-0500] {logging_mixin.py:137} INFO - [2023-01-09T18:44:39.895-0500] {dagbag.py:538} INFO - Filling up the DagBag from /Library/Frameworks/Python.framework/Versions/3.9/lib/python3.9/site-packages/airflow/example_dags/example_external_task_marker_dag.py
[2023-01-09T18:44:39.936-0500] {processor.py:753} INFO - DAG(s) dict_keys(['example_external_task_marker_child', 'example_external_task_marker_parent']) retrieved from /Library/Frameworks/Python.framework/Versions/3.9/lib/python3.9/site-packages/airflow/example_dags/example_external_task_marker_dag.py
[2023-01-09T18:44:41.439-0500] {logging_mixin.py:137} INFO - [2023-01-09T18:44:41.438-0500] {dag.py:2676} INFO - Sync 2 DAGs
[2023-01-09T18:44:41.458-0500] {logging_mixin.py:137} INFO - [2023-01-09T18:44:41.458-0500] {dag.py:3423} INFO - Setting next_dagrun for example_external_task_marker_child to None, run_after=None
[2023-01-09T18:44:41.461-0500] {logging_mixin.py:137} INFO - [2023-01-09T18:44:41.461-0500] {dag.py:3423} INFO - Setting next_dagrun for example_external_task_marker_parent to None, run_after=None
[2023-01-09T18:44:41.480-0500] {processor.py:175} INFO - Processing /Library/Frameworks/Python.framework/Versions/3.9/lib/python3.9/site-packages/airflow/example_dags/example_external_task_marker_dag.py took 1.595 seconds
[2023-01-09T18:46:34.502-0500] {processor.py:153} INFO - Started process (PID=45506) to work on /Library/Frameworks/Python.framework/Versions/3.9/lib/python3.9/site-packages/airflow/example_dags/example_external_task_marker_dag.py
[2023-01-09T18:46:34.507-0500] {processor.py:743} INFO - Processing file /Library/Frameworks/Python.framework/Versions/3.9/lib/python3.9/site-packages/airflow/example_dags/example_external_task_marker_dag.py for tasks to queue
[2023-01-09T18:46:34.507-0500] {logging_mixin.py:137} INFO - [2023-01-09T18:46:34.507-0500] {dagbag.py:538} INFO - Filling up the DagBag from /Library/Frameworks/Python.framework/Versions/3.9/lib/python3.9/site-packages/airflow/example_dags/example_external_task_marker_dag.py
[2023-01-09T18:46:34.549-0500] {processor.py:753} INFO - DAG(s) dict_keys(['example_external_task_marker_parent', 'example_external_task_marker_child']) retrieved from /Library/Frameworks/Python.framework/Versions/3.9/lib/python3.9/site-packages/airflow/example_dags/example_external_task_marker_dag.py
[2023-01-09T18:46:36.223-0500] {logging_mixin.py:137} INFO - [2023-01-09T18:46:36.222-0500] {dag.py:2676} INFO - Sync 2 DAGs
[2023-01-09T18:46:36.242-0500] {logging_mixin.py:137} INFO - [2023-01-09T18:46:36.242-0500] {dag.py:3423} INFO - Setting next_dagrun for example_external_task_marker_child to None, run_after=None
[2023-01-09T18:46:36.247-0500] {logging_mixin.py:137} INFO - [2023-01-09T18:46:36.246-0500] {dag.py:3423} INFO - Setting next_dagrun for example_external_task_marker_parent to None, run_after=None
[2023-01-09T18:46:36.266-0500] {processor.py:175} INFO - Processing /Library/Frameworks/Python.framework/Versions/3.9/lib/python3.9/site-packages/airflow/example_dags/example_external_task_marker_dag.py took 1.765 seconds
[2023-01-09T18:46:42.542-0500] {processor.py:153} INFO - Started process (PID=45520) to work on /Library/Frameworks/Python.framework/Versions/3.9/lib/python3.9/site-packages/airflow/example_dags/example_external_task_marker_dag.py
[2023-01-09T18:46:42.553-0500] {processor.py:743} INFO - Processing file /Library/Frameworks/Python.framework/Versions/3.9/lib/python3.9/site-packages/airflow/example_dags/example_external_task_marker_dag.py for tasks to queue
[2023-01-09T18:46:42.553-0500] {logging_mixin.py:137} INFO - [2023-01-09T18:46:42.553-0500] {dagbag.py:538} INFO - Filling up the DagBag from /Library/Frameworks/Python.framework/Versions/3.9/lib/python3.9/site-packages/airflow/example_dags/example_external_task_marker_dag.py
[2023-01-09T18:46:42.647-0500] {processor.py:753} INFO - DAG(s) dict_keys(['example_external_task_marker_parent', 'example_external_task_marker_child']) retrieved from /Library/Frameworks/Python.framework/Versions/3.9/lib/python3.9/site-packages/airflow/example_dags/example_external_task_marker_dag.py
[2023-01-09T18:46:45.449-0500] {logging_mixin.py:137} INFO - [2023-01-09T18:46:45.449-0500] {dag.py:2676} INFO - Sync 2 DAGs
[2023-01-09T18:46:45.468-0500] {logging_mixin.py:137} INFO - [2023-01-09T18:46:45.468-0500] {dag.py:3423} INFO - Setting next_dagrun for example_external_task_marker_child to None, run_after=None
[2023-01-09T18:46:45.471-0500] {logging_mixin.py:137} INFO - [2023-01-09T18:46:45.471-0500] {dag.py:3423} INFO - Setting next_dagrun for example_external_task_marker_parent to None, run_after=None
[2023-01-09T18:46:45.494-0500] {processor.py:175} INFO - Processing /Library/Frameworks/Python.framework/Versions/3.9/lib/python3.9/site-packages/airflow/example_dags/example_external_task_marker_dag.py took 2.953 seconds
[2023-01-09T18:49:32.747-0500] {processor.py:153} INFO - Started process (PID=45712) to work on /Library/Frameworks/Python.framework/Versions/3.9/lib/python3.9/site-packages/airflow/example_dags/example_external_task_marker_dag.py
[2023-01-09T18:49:32.753-0500] {processor.py:743} INFO - Processing file /Library/Frameworks/Python.framework/Versions/3.9/lib/python3.9/site-packages/airflow/example_dags/example_external_task_marker_dag.py for tasks to queue
[2023-01-09T18:49:32.754-0500] {logging_mixin.py:137} INFO - [2023-01-09T18:49:32.753-0500] {dagbag.py:538} INFO - Filling up the DagBag from /Library/Frameworks/Python.framework/Versions/3.9/lib/python3.9/site-packages/airflow/example_dags/example_external_task_marker_dag.py
[2023-01-09T18:49:32.786-0500] {processor.py:753} INFO - DAG(s) dict_keys(['example_external_task_marker_parent', 'example_external_task_marker_child']) retrieved from /Library/Frameworks/Python.framework/Versions/3.9/lib/python3.9/site-packages/airflow/example_dags/example_external_task_marker_dag.py
[2023-01-09T18:49:33.771-0500] {logging_mixin.py:137} INFO - [2023-01-09T18:49:33.770-0500] {dag.py:2676} INFO - Sync 2 DAGs
[2023-01-09T18:49:33.787-0500] {logging_mixin.py:137} INFO - [2023-01-09T18:49:33.787-0500] {dag.py:3423} INFO - Setting next_dagrun for example_external_task_marker_child to None, run_after=None
[2023-01-09T18:49:33.790-0500] {logging_mixin.py:137} INFO - [2023-01-09T18:49:33.790-0500] {dag.py:3423} INFO - Setting next_dagrun for example_external_task_marker_parent to None, run_after=None
[2023-01-09T18:49:33.808-0500] {processor.py:175} INFO - Processing /Library/Frameworks/Python.framework/Versions/3.9/lib/python3.9/site-packages/airflow/example_dags/example_external_task_marker_dag.py took 1.061 seconds
[2023-01-09T18:49:42.562-0500] {processor.py:153} INFO - Started process (PID=45719) to work on /Library/Frameworks/Python.framework/Versions/3.9/lib/python3.9/site-packages/airflow/example_dags/example_external_task_marker_dag.py
[2023-01-09T18:49:42.567-0500] {processor.py:743} INFO - Processing file /Library/Frameworks/Python.framework/Versions/3.9/lib/python3.9/site-packages/airflow/example_dags/example_external_task_marker_dag.py for tasks to queue
[2023-01-09T18:49:42.568-0500] {logging_mixin.py:137} INFO - [2023-01-09T18:49:42.567-0500] {dagbag.py:538} INFO - Filling up the DagBag from /Library/Frameworks/Python.framework/Versions/3.9/lib/python3.9/site-packages/airflow/example_dags/example_external_task_marker_dag.py
[2023-01-09T18:49:42.600-0500] {processor.py:753} INFO - DAG(s) dict_keys(['example_external_task_marker_parent', 'example_external_task_marker_child']) retrieved from /Library/Frameworks/Python.framework/Versions/3.9/lib/python3.9/site-packages/airflow/example_dags/example_external_task_marker_dag.py
[2023-01-09T18:49:43.486-0500] {logging_mixin.py:137} INFO - [2023-01-09T18:49:43.486-0500] {dag.py:2676} INFO - Sync 2 DAGs
[2023-01-09T18:49:43.508-0500] {logging_mixin.py:137} INFO - [2023-01-09T18:49:43.508-0500] {dag.py:3423} INFO - Setting next_dagrun for example_external_task_marker_child to None, run_after=None
[2023-01-09T18:49:43.514-0500] {logging_mixin.py:137} INFO - [2023-01-09T18:49:43.514-0500] {dag.py:3423} INFO - Setting next_dagrun for example_external_task_marker_parent to None, run_after=None
[2023-01-09T18:49:43.537-0500] {processor.py:175} INFO - Processing /Library/Frameworks/Python.framework/Versions/3.9/lib/python3.9/site-packages/airflow/example_dags/example_external_task_marker_dag.py took 0.975 seconds
[2023-01-09T18:52:39.805-0500] {processor.py:153} INFO - Started process (PID=45891) to work on /Library/Frameworks/Python.framework/Versions/3.9/lib/python3.9/site-packages/airflow/example_dags/example_external_task_marker_dag.py
[2023-01-09T18:52:39.812-0500] {processor.py:743} INFO - Processing file /Library/Frameworks/Python.framework/Versions/3.9/lib/python3.9/site-packages/airflow/example_dags/example_external_task_marker_dag.py for tasks to queue
[2023-01-09T18:52:39.813-0500] {logging_mixin.py:137} INFO - [2023-01-09T18:52:39.813-0500] {dagbag.py:538} INFO - Filling up the DagBag from /Library/Frameworks/Python.framework/Versions/3.9/lib/python3.9/site-packages/airflow/example_dags/example_external_task_marker_dag.py
[2023-01-09T18:52:39.855-0500] {processor.py:753} INFO - DAG(s) dict_keys(['example_external_task_marker_child', 'example_external_task_marker_parent']) retrieved from /Library/Frameworks/Python.framework/Versions/3.9/lib/python3.9/site-packages/airflow/example_dags/example_external_task_marker_dag.py
[2023-01-09T18:52:41.129-0500] {logging_mixin.py:137} INFO - [2023-01-09T18:52:41.129-0500] {dag.py:2676} INFO - Sync 2 DAGs
[2023-01-09T18:52:41.151-0500] {logging_mixin.py:137} INFO - [2023-01-09T18:52:41.150-0500] {dag.py:3423} INFO - Setting next_dagrun for example_external_task_marker_child to None, run_after=None
[2023-01-09T18:52:41.153-0500] {logging_mixin.py:137} INFO - [2023-01-09T18:52:41.153-0500] {dag.py:3423} INFO - Setting next_dagrun for example_external_task_marker_parent to None, run_after=None
[2023-01-09T18:52:41.177-0500] {processor.py:175} INFO - Processing /Library/Frameworks/Python.framework/Versions/3.9/lib/python3.9/site-packages/airflow/example_dags/example_external_task_marker_dag.py took 1.373 seconds
[2023-01-09T18:52:50.326-0500] {processor.py:153} INFO - Started process (PID=45896) to work on /Library/Frameworks/Python.framework/Versions/3.9/lib/python3.9/site-packages/airflow/example_dags/example_external_task_marker_dag.py
[2023-01-09T18:52:50.332-0500] {processor.py:743} INFO - Processing file /Library/Frameworks/Python.framework/Versions/3.9/lib/python3.9/site-packages/airflow/example_dags/example_external_task_marker_dag.py for tasks to queue
[2023-01-09T18:52:50.333-0500] {logging_mixin.py:137} INFO - [2023-01-09T18:52:50.333-0500] {dagbag.py:538} INFO - Filling up the DagBag from /Library/Frameworks/Python.framework/Versions/3.9/lib/python3.9/site-packages/airflow/example_dags/example_external_task_marker_dag.py
[2023-01-09T18:52:50.368-0500] {processor.py:753} INFO - DAG(s) dict_keys(['example_external_task_marker_parent', 'example_external_task_marker_child']) retrieved from /Library/Frameworks/Python.framework/Versions/3.9/lib/python3.9/site-packages/airflow/example_dags/example_external_task_marker_dag.py
[2023-01-09T18:52:51.391-0500] {logging_mixin.py:137} INFO - [2023-01-09T18:52:51.391-0500] {dag.py:2676} INFO - Sync 2 DAGs
[2023-01-09T18:52:51.411-0500] {logging_mixin.py:137} INFO - [2023-01-09T18:52:51.411-0500] {dag.py:3423} INFO - Setting next_dagrun for example_external_task_marker_child to None, run_after=None
[2023-01-09T18:52:51.415-0500] {logging_mixin.py:137} INFO - [2023-01-09T18:52:51.415-0500] {dag.py:3423} INFO - Setting next_dagrun for example_external_task_marker_parent to None, run_after=None
[2023-01-09T18:52:51.441-0500] {processor.py:175} INFO - Processing /Library/Frameworks/Python.framework/Versions/3.9/lib/python3.9/site-packages/airflow/example_dags/example_external_task_marker_dag.py took 1.116 seconds
[2023-01-09T18:56:52.620-0500] {processor.py:153} INFO - Started process (PID=46055) to work on /Library/Frameworks/Python.framework/Versions/3.9/lib/python3.9/site-packages/airflow/example_dags/example_external_task_marker_dag.py
[2023-01-09T18:56:52.626-0500] {processor.py:743} INFO - Processing file /Library/Frameworks/Python.framework/Versions/3.9/lib/python3.9/site-packages/airflow/example_dags/example_external_task_marker_dag.py for tasks to queue
[2023-01-09T18:56:52.626-0500] {logging_mixin.py:137} INFO - [2023-01-09T18:56:52.626-0500] {dagbag.py:538} INFO - Filling up the DagBag from /Library/Frameworks/Python.framework/Versions/3.9/lib/python3.9/site-packages/airflow/example_dags/example_external_task_marker_dag.py
[2023-01-09T18:56:52.712-0500] {processor.py:753} INFO - DAG(s) dict_keys(['example_external_task_marker_child', 'example_external_task_marker_parent']) retrieved from /Library/Frameworks/Python.framework/Versions/3.9/lib/python3.9/site-packages/airflow/example_dags/example_external_task_marker_dag.py
[2023-01-09T18:56:54.498-0500] {logging_mixin.py:137} INFO - [2023-01-09T18:56:54.498-0500] {dag.py:2676} INFO - Sync 2 DAGs
[2023-01-09T18:56:54.522-0500] {logging_mixin.py:137} INFO - [2023-01-09T18:56:54.522-0500] {dag.py:3423} INFO - Setting next_dagrun for example_external_task_marker_child to None, run_after=None
[2023-01-09T18:56:54.526-0500] {logging_mixin.py:137} INFO - [2023-01-09T18:56:54.526-0500] {dag.py:3423} INFO - Setting next_dagrun for example_external_task_marker_parent to None, run_after=None
[2023-01-09T18:56:54.555-0500] {processor.py:175} INFO - Processing /Library/Frameworks/Python.framework/Versions/3.9/lib/python3.9/site-packages/airflow/example_dags/example_external_task_marker_dag.py took 1.937 seconds
[2023-01-09T18:57:08.525-0500] {processor.py:153} INFO - Started process (PID=46066) to work on /Library/Frameworks/Python.framework/Versions/3.9/lib/python3.9/site-packages/airflow/example_dags/example_external_task_marker_dag.py
[2023-01-09T18:57:08.535-0500] {processor.py:743} INFO - Processing file /Library/Frameworks/Python.framework/Versions/3.9/lib/python3.9/site-packages/airflow/example_dags/example_external_task_marker_dag.py for tasks to queue
[2023-01-09T18:57:08.536-0500] {logging_mixin.py:137} INFO - [2023-01-09T18:57:08.536-0500] {dagbag.py:538} INFO - Filling up the DagBag from /Library/Frameworks/Python.framework/Versions/3.9/lib/python3.9/site-packages/airflow/example_dags/example_external_task_marker_dag.py
[2023-01-09T18:57:08.646-0500] {processor.py:753} INFO - DAG(s) dict_keys(['example_external_task_marker_child', 'example_external_task_marker_parent']) retrieved from /Library/Frameworks/Python.framework/Versions/3.9/lib/python3.9/site-packages/airflow/example_dags/example_external_task_marker_dag.py
[2023-01-09T18:57:10.121-0500] {logging_mixin.py:137} INFO - [2023-01-09T18:57:10.120-0500] {dag.py:2676} INFO - Sync 2 DAGs
[2023-01-09T18:57:10.152-0500] {logging_mixin.py:137} INFO - [2023-01-09T18:57:10.151-0500] {dag.py:3423} INFO - Setting next_dagrun for example_external_task_marker_child to None, run_after=None
[2023-01-09T18:57:10.158-0500] {logging_mixin.py:137} INFO - [2023-01-09T18:57:10.158-0500] {dag.py:3423} INFO - Setting next_dagrun for example_external_task_marker_parent to None, run_after=None
[2023-01-09T18:57:10.190-0500] {processor.py:175} INFO - Processing /Library/Frameworks/Python.framework/Versions/3.9/lib/python3.9/site-packages/airflow/example_dags/example_external_task_marker_dag.py took 1.666 seconds
[2023-01-09T18:59:32.365-0500] {processor.py:153} INFO - Started process (PID=46200) to work on /Library/Frameworks/Python.framework/Versions/3.9/lib/python3.9/site-packages/airflow/example_dags/example_external_task_marker_dag.py
[2023-01-09T18:59:32.374-0500] {processor.py:743} INFO - Processing file /Library/Frameworks/Python.framework/Versions/3.9/lib/python3.9/site-packages/airflow/example_dags/example_external_task_marker_dag.py for tasks to queue
[2023-01-09T18:59:32.374-0500] {logging_mixin.py:137} INFO - [2023-01-09T18:59:32.374-0500] {dagbag.py:538} INFO - Filling up the DagBag from /Library/Frameworks/Python.framework/Versions/3.9/lib/python3.9/site-packages/airflow/example_dags/example_external_task_marker_dag.py
[2023-01-09T18:59:32.411-0500] {processor.py:753} INFO - DAG(s) dict_keys(['example_external_task_marker_child', 'example_external_task_marker_parent']) retrieved from /Library/Frameworks/Python.framework/Versions/3.9/lib/python3.9/site-packages/airflow/example_dags/example_external_task_marker_dag.py
[2023-01-09T18:59:33.595-0500] {logging_mixin.py:137} INFO - [2023-01-09T18:59:33.595-0500] {dag.py:2676} INFO - Sync 2 DAGs
[2023-01-09T18:59:33.617-0500] {logging_mixin.py:137} INFO - [2023-01-09T18:59:33.616-0500] {dag.py:3423} INFO - Setting next_dagrun for example_external_task_marker_child to None, run_after=None
[2023-01-09T18:59:33.620-0500] {logging_mixin.py:137} INFO - [2023-01-09T18:59:33.619-0500] {dag.py:3423} INFO - Setting next_dagrun for example_external_task_marker_parent to None, run_after=None
[2023-01-09T18:59:33.644-0500] {processor.py:175} INFO - Processing /Library/Frameworks/Python.framework/Versions/3.9/lib/python3.9/site-packages/airflow/example_dags/example_external_task_marker_dag.py took 1.280 seconds
