[2023-01-09T16:47:38.483-0500] {processor.py:153} INFO - Started process (PID=39195) to work on /Library/Frameworks/Python.framework/Versions/3.9/lib/python3.9/site-packages/airflow/example_dags/example_branch_operator_decorator.py
[2023-01-09T16:47:38.488-0500] {processor.py:743} INFO - Processing file /Library/Frameworks/Python.framework/Versions/3.9/lib/python3.9/site-packages/airflow/example_dags/example_branch_operator_decorator.py for tasks to queue
[2023-01-09T16:47:38.488-0500] {logging_mixin.py:137} INFO - [2023-01-09T16:47:38.488-0500] {dagbag.py:538} INFO - Filling up the DagBag from /Library/Frameworks/Python.framework/Versions/3.9/lib/python3.9/site-packages/airflow/example_dags/example_branch_operator_decorator.py
[2023-01-09T16:47:38.569-0500] {processor.py:753} INFO - DAG(s) dict_keys(['example_branch_python_operator_decorator']) retrieved from /Library/Frameworks/Python.framework/Versions/3.9/lib/python3.9/site-packages/airflow/example_dags/example_branch_operator_decorator.py
[2023-01-09T16:47:39.329-0500] {logging_mixin.py:137} INFO - [2023-01-09T16:47:39.329-0500] {manager.py:504} INFO - Created Permission View: can delete on DAG:example_branch_python_operator_decorator
[2023-01-09T16:47:39.337-0500] {logging_mixin.py:137} INFO - [2023-01-09T16:47:39.336-0500] {manager.py:504} INFO - Created Permission View: can read on DAG:example_branch_python_operator_decorator
[2023-01-09T16:47:39.343-0500] {logging_mixin.py:137} INFO - [2023-01-09T16:47:39.342-0500] {manager.py:504} INFO - Created Permission View: can edit on DAG:example_branch_python_operator_decorator
[2023-01-09T16:47:39.343-0500] {logging_mixin.py:137} INFO - [2023-01-09T16:47:39.343-0500] {dag.py:2676} INFO - Sync 1 DAGs
[2023-01-09T16:47:39.353-0500] {logging_mixin.py:137} INFO - [2023-01-09T16:47:39.353-0500] {dag.py:2697} INFO - Creating ORM DAG for example_branch_python_operator_decorator
[2023-01-09T16:47:39.362-0500] {logging_mixin.py:137} INFO - [2023-01-09T16:47:39.362-0500] {dag.py:3423} INFO - Setting next_dagrun for example_branch_python_operator_decorator to 2023-01-08T00:00:00+00:00, run_after=2023-01-09T00:00:00+00:00
[2023-01-09T16:47:39.379-0500] {processor.py:175} INFO - Processing /Library/Frameworks/Python.framework/Versions/3.9/lib/python3.9/site-packages/airflow/example_dags/example_branch_operator_decorator.py took 0.896 seconds
[2023-01-09T16:50:29.131-0500] {processor.py:153} INFO - Started process (PID=39309) to work on /Library/Frameworks/Python.framework/Versions/3.9/lib/python3.9/site-packages/airflow/example_dags/example_branch_operator_decorator.py
[2023-01-09T16:50:29.139-0500] {processor.py:743} INFO - Processing file /Library/Frameworks/Python.framework/Versions/3.9/lib/python3.9/site-packages/airflow/example_dags/example_branch_operator_decorator.py for tasks to queue
[2023-01-09T16:50:29.139-0500] {logging_mixin.py:137} INFO - [2023-01-09T16:50:29.139-0500] {dagbag.py:538} INFO - Filling up the DagBag from /Library/Frameworks/Python.framework/Versions/3.9/lib/python3.9/site-packages/airflow/example_dags/example_branch_operator_decorator.py
[2023-01-09T16:50:29.215-0500] {processor.py:753} INFO - DAG(s) dict_keys(['example_branch_python_operator_decorator']) retrieved from /Library/Frameworks/Python.framework/Versions/3.9/lib/python3.9/site-packages/airflow/example_dags/example_branch_operator_decorator.py
[2023-01-09T16:50:29.977-0500] {logging_mixin.py:137} INFO - [2023-01-09T16:50:29.977-0500] {dag.py:2676} INFO - Sync 1 DAGs
[2023-01-09T16:50:29.995-0500] {logging_mixin.py:137} INFO - [2023-01-09T16:50:29.995-0500] {dag.py:3423} INFO - Setting next_dagrun for example_branch_python_operator_decorator to 2023-01-08T00:00:00+00:00, run_after=2023-01-09T00:00:00+00:00
[2023-01-09T16:50:30.015-0500] {processor.py:175} INFO - Processing /Library/Frameworks/Python.framework/Versions/3.9/lib/python3.9/site-packages/airflow/example_dags/example_branch_operator_decorator.py took 0.884 seconds
[2023-01-09T16:53:19.604-0500] {processor.py:153} INFO - Started process (PID=39405) to work on /Library/Frameworks/Python.framework/Versions/3.9/lib/python3.9/site-packages/airflow/example_dags/example_branch_operator_decorator.py
[2023-01-09T16:53:19.609-0500] {processor.py:743} INFO - Processing file /Library/Frameworks/Python.framework/Versions/3.9/lib/python3.9/site-packages/airflow/example_dags/example_branch_operator_decorator.py for tasks to queue
[2023-01-09T16:53:19.610-0500] {logging_mixin.py:137} INFO - [2023-01-09T16:53:19.610-0500] {dagbag.py:538} INFO - Filling up the DagBag from /Library/Frameworks/Python.framework/Versions/3.9/lib/python3.9/site-packages/airflow/example_dags/example_branch_operator_decorator.py
[2023-01-09T16:53:19.685-0500] {processor.py:753} INFO - DAG(s) dict_keys(['example_branch_python_operator_decorator']) retrieved from /Library/Frameworks/Python.framework/Versions/3.9/lib/python3.9/site-packages/airflow/example_dags/example_branch_operator_decorator.py
[2023-01-09T16:53:20.372-0500] {logging_mixin.py:137} INFO - [2023-01-09T16:53:20.371-0500] {dag.py:2676} INFO - Sync 1 DAGs
[2023-01-09T16:53:20.390-0500] {logging_mixin.py:137} INFO - [2023-01-09T16:53:20.389-0500] {dag.py:3423} INFO - Setting next_dagrun for example_branch_python_operator_decorator to 2023-01-08T00:00:00+00:00, run_after=2023-01-09T00:00:00+00:00
[2023-01-09T16:53:20.416-0500] {processor.py:175} INFO - Processing /Library/Frameworks/Python.framework/Versions/3.9/lib/python3.9/site-packages/airflow/example_dags/example_branch_operator_decorator.py took 0.812 seconds
[2023-01-09T16:56:04.720-0500] {processor.py:153} INFO - Started process (PID=39599) to work on /Library/Frameworks/Python.framework/Versions/3.9/lib/python3.9/site-packages/airflow/example_dags/example_branch_operator_decorator.py
[2023-01-09T16:56:04.725-0500] {processor.py:743} INFO - Processing file /Library/Frameworks/Python.framework/Versions/3.9/lib/python3.9/site-packages/airflow/example_dags/example_branch_operator_decorator.py for tasks to queue
[2023-01-09T16:56:04.726-0500] {logging_mixin.py:137} INFO - [2023-01-09T16:56:04.726-0500] {dagbag.py:538} INFO - Filling up the DagBag from /Library/Frameworks/Python.framework/Versions/3.9/lib/python3.9/site-packages/airflow/example_dags/example_branch_operator_decorator.py
[2023-01-09T16:56:04.800-0500] {processor.py:753} INFO - DAG(s) dict_keys(['example_branch_python_operator_decorator']) retrieved from /Library/Frameworks/Python.framework/Versions/3.9/lib/python3.9/site-packages/airflow/example_dags/example_branch_operator_decorator.py
[2023-01-09T16:56:05.515-0500] {logging_mixin.py:137} INFO - [2023-01-09T16:56:05.515-0500] {dag.py:2676} INFO - Sync 1 DAGs
[2023-01-09T16:56:05.534-0500] {logging_mixin.py:137} INFO - [2023-01-09T16:56:05.534-0500] {dag.py:3423} INFO - Setting next_dagrun for example_branch_python_operator_decorator to 2023-01-08T00:00:00+00:00, run_after=2023-01-09T00:00:00+00:00
[2023-01-09T16:56:05.552-0500] {processor.py:175} INFO - Processing /Library/Frameworks/Python.framework/Versions/3.9/lib/python3.9/site-packages/airflow/example_dags/example_branch_operator_decorator.py took 0.833 seconds
[2023-01-09T16:59:08.370-0500] {processor.py:153} INFO - Started process (PID=41153) to work on /Library/Frameworks/Python.framework/Versions/3.9/lib/python3.9/site-packages/airflow/example_dags/example_branch_operator_decorator.py
[2023-01-09T16:59:08.375-0500] {processor.py:743} INFO - Processing file /Library/Frameworks/Python.framework/Versions/3.9/lib/python3.9/site-packages/airflow/example_dags/example_branch_operator_decorator.py for tasks to queue
[2023-01-09T16:59:08.376-0500] {logging_mixin.py:137} INFO - [2023-01-09T16:59:08.375-0500] {dagbag.py:538} INFO - Filling up the DagBag from /Library/Frameworks/Python.framework/Versions/3.9/lib/python3.9/site-packages/airflow/example_dags/example_branch_operator_decorator.py
[2023-01-09T16:59:08.450-0500] {processor.py:753} INFO - DAG(s) dict_keys(['example_branch_python_operator_decorator']) retrieved from /Library/Frameworks/Python.framework/Versions/3.9/lib/python3.9/site-packages/airflow/example_dags/example_branch_operator_decorator.py
[2023-01-09T16:59:09.141-0500] {logging_mixin.py:137} INFO - [2023-01-09T16:59:09.141-0500] {dag.py:2676} INFO - Sync 1 DAGs
[2023-01-09T16:59:09.159-0500] {logging_mixin.py:137} INFO - [2023-01-09T16:59:09.159-0500] {dag.py:3423} INFO - Setting next_dagrun for example_branch_python_operator_decorator to 2023-01-08T00:00:00+00:00, run_after=2023-01-09T00:00:00+00:00
[2023-01-09T16:59:09.179-0500] {processor.py:175} INFO - Processing /Library/Frameworks/Python.framework/Versions/3.9/lib/python3.9/site-packages/airflow/example_dags/example_branch_operator_decorator.py took 0.810 seconds
[2023-01-09T17:02:07.318-0500] {processor.py:153} INFO - Started process (PID=41389) to work on /Library/Frameworks/Python.framework/Versions/3.9/lib/python3.9/site-packages/airflow/example_dags/example_branch_operator_decorator.py
[2023-01-09T17:02:07.323-0500] {processor.py:743} INFO - Processing file /Library/Frameworks/Python.framework/Versions/3.9/lib/python3.9/site-packages/airflow/example_dags/example_branch_operator_decorator.py for tasks to queue
[2023-01-09T17:02:07.324-0500] {logging_mixin.py:137} INFO - [2023-01-09T17:02:07.324-0500] {dagbag.py:538} INFO - Filling up the DagBag from /Library/Frameworks/Python.framework/Versions/3.9/lib/python3.9/site-packages/airflow/example_dags/example_branch_operator_decorator.py
[2023-01-09T17:02:07.399-0500] {processor.py:753} INFO - DAG(s) dict_keys(['example_branch_python_operator_decorator']) retrieved from /Library/Frameworks/Python.framework/Versions/3.9/lib/python3.9/site-packages/airflow/example_dags/example_branch_operator_decorator.py
[2023-01-09T17:02:08.138-0500] {logging_mixin.py:137} INFO - [2023-01-09T17:02:08.138-0500] {dag.py:2676} INFO - Sync 1 DAGs
[2023-01-09T17:02:08.156-0500] {logging_mixin.py:137} INFO - [2023-01-09T17:02:08.155-0500] {dag.py:3423} INFO - Setting next_dagrun for example_branch_python_operator_decorator to 2023-01-08T00:00:00+00:00, run_after=2023-01-09T00:00:00+00:00
[2023-01-09T17:02:08.175-0500] {processor.py:175} INFO - Processing /Library/Frameworks/Python.framework/Versions/3.9/lib/python3.9/site-packages/airflow/example_dags/example_branch_operator_decorator.py took 0.857 seconds
[2023-01-09T17:05:16.880-0500] {processor.py:153} INFO - Started process (PID=41749) to work on /Library/Frameworks/Python.framework/Versions/3.9/lib/python3.9/site-packages/airflow/example_dags/example_branch_operator_decorator.py
[2023-01-09T17:05:16.886-0500] {processor.py:743} INFO - Processing file /Library/Frameworks/Python.framework/Versions/3.9/lib/python3.9/site-packages/airflow/example_dags/example_branch_operator_decorator.py for tasks to queue
[2023-01-09T17:05:16.886-0500] {logging_mixin.py:137} INFO - [2023-01-09T17:05:16.886-0500] {dagbag.py:538} INFO - Filling up the DagBag from /Library/Frameworks/Python.framework/Versions/3.9/lib/python3.9/site-packages/airflow/example_dags/example_branch_operator_decorator.py
[2023-01-09T17:05:16.966-0500] {processor.py:753} INFO - DAG(s) dict_keys(['example_branch_python_operator_decorator']) retrieved from /Library/Frameworks/Python.framework/Versions/3.9/lib/python3.9/site-packages/airflow/example_dags/example_branch_operator_decorator.py
[2023-01-09T17:05:17.869-0500] {logging_mixin.py:137} INFO - [2023-01-09T17:05:17.869-0500] {dag.py:2676} INFO - Sync 1 DAGs
[2023-01-09T17:05:17.885-0500] {logging_mixin.py:137} INFO - [2023-01-09T17:05:17.885-0500] {dag.py:3423} INFO - Setting next_dagrun for example_branch_python_operator_decorator to 2023-01-08T00:00:00+00:00, run_after=2023-01-09T00:00:00+00:00
[2023-01-09T17:05:17.904-0500] {processor.py:175} INFO - Processing /Library/Frameworks/Python.framework/Versions/3.9/lib/python3.9/site-packages/airflow/example_dags/example_branch_operator_decorator.py took 1.025 seconds
[2023-01-09T17:08:06.091-0500] {processor.py:153} INFO - Started process (PID=42000) to work on /Library/Frameworks/Python.framework/Versions/3.9/lib/python3.9/site-packages/airflow/example_dags/example_branch_operator_decorator.py
[2023-01-09T17:08:06.096-0500] {processor.py:743} INFO - Processing file /Library/Frameworks/Python.framework/Versions/3.9/lib/python3.9/site-packages/airflow/example_dags/example_branch_operator_decorator.py for tasks to queue
[2023-01-09T17:08:06.097-0500] {logging_mixin.py:137} INFO - [2023-01-09T17:08:06.097-0500] {dagbag.py:538} INFO - Filling up the DagBag from /Library/Frameworks/Python.framework/Versions/3.9/lib/python3.9/site-packages/airflow/example_dags/example_branch_operator_decorator.py
[2023-01-09T17:08:06.176-0500] {processor.py:753} INFO - DAG(s) dict_keys(['example_branch_python_operator_decorator']) retrieved from /Library/Frameworks/Python.framework/Versions/3.9/lib/python3.9/site-packages/airflow/example_dags/example_branch_operator_decorator.py
[2023-01-09T17:08:06.893-0500] {logging_mixin.py:137} INFO - [2023-01-09T17:08:06.893-0500] {dag.py:2676} INFO - Sync 1 DAGs
[2023-01-09T17:08:06.911-0500] {logging_mixin.py:137} INFO - [2023-01-09T17:08:06.911-0500] {dag.py:3423} INFO - Setting next_dagrun for example_branch_python_operator_decorator to 2023-01-08T00:00:00+00:00, run_after=2023-01-09T00:00:00+00:00
[2023-01-09T17:08:06.932-0500] {processor.py:175} INFO - Processing /Library/Frameworks/Python.framework/Versions/3.9/lib/python3.9/site-packages/airflow/example_dags/example_branch_operator_decorator.py took 0.841 seconds
[2023-01-09T17:10:52.480-0500] {processor.py:153} INFO - Started process (PID=42300) to work on /Library/Frameworks/Python.framework/Versions/3.9/lib/python3.9/site-packages/airflow/example_dags/example_branch_operator_decorator.py
[2023-01-09T17:10:52.485-0500] {processor.py:743} INFO - Processing file /Library/Frameworks/Python.framework/Versions/3.9/lib/python3.9/site-packages/airflow/example_dags/example_branch_operator_decorator.py for tasks to queue
[2023-01-09T17:10:52.486-0500] {logging_mixin.py:137} INFO - [2023-01-09T17:10:52.485-0500] {dagbag.py:538} INFO - Filling up the DagBag from /Library/Frameworks/Python.framework/Versions/3.9/lib/python3.9/site-packages/airflow/example_dags/example_branch_operator_decorator.py
[2023-01-09T17:10:52.561-0500] {processor.py:753} INFO - DAG(s) dict_keys(['example_branch_python_operator_decorator']) retrieved from /Library/Frameworks/Python.framework/Versions/3.9/lib/python3.9/site-packages/airflow/example_dags/example_branch_operator_decorator.py
[2023-01-09T17:10:53.386-0500] {logging_mixin.py:137} INFO - [2023-01-09T17:10:53.386-0500] {dag.py:2676} INFO - Sync 1 DAGs
[2023-01-09T17:10:53.407-0500] {logging_mixin.py:137} INFO - [2023-01-09T17:10:53.406-0500] {dag.py:3423} INFO - Setting next_dagrun for example_branch_python_operator_decorator to 2023-01-08T00:00:00+00:00, run_after=2023-01-09T00:00:00+00:00
[2023-01-09T17:10:53.432-0500] {processor.py:175} INFO - Processing /Library/Frameworks/Python.framework/Versions/3.9/lib/python3.9/site-packages/airflow/example_dags/example_branch_operator_decorator.py took 0.952 seconds
[2023-01-09T17:13:35.227-0500] {processor.py:153} INFO - Started process (PID=42587) to work on /Library/Frameworks/Python.framework/Versions/3.9/lib/python3.9/site-packages/airflow/example_dags/example_branch_operator_decorator.py
[2023-01-09T17:13:35.233-0500] {processor.py:743} INFO - Processing file /Library/Frameworks/Python.framework/Versions/3.9/lib/python3.9/site-packages/airflow/example_dags/example_branch_operator_decorator.py for tasks to queue
[2023-01-09T17:13:35.233-0500] {logging_mixin.py:137} INFO - [2023-01-09T17:13:35.233-0500] {dagbag.py:538} INFO - Filling up the DagBag from /Library/Frameworks/Python.framework/Versions/3.9/lib/python3.9/site-packages/airflow/example_dags/example_branch_operator_decorator.py
[2023-01-09T17:13:35.312-0500] {processor.py:753} INFO - DAG(s) dict_keys(['example_branch_python_operator_decorator']) retrieved from /Library/Frameworks/Python.framework/Versions/3.9/lib/python3.9/site-packages/airflow/example_dags/example_branch_operator_decorator.py
[2023-01-09T17:13:35.988-0500] {logging_mixin.py:137} INFO - [2023-01-09T17:13:35.988-0500] {dag.py:2676} INFO - Sync 1 DAGs
[2023-01-09T17:13:36.005-0500] {logging_mixin.py:137} INFO - [2023-01-09T17:13:36.005-0500] {dag.py:3423} INFO - Setting next_dagrun for example_branch_python_operator_decorator to 2023-01-08T00:00:00+00:00, run_after=2023-01-09T00:00:00+00:00
[2023-01-09T17:13:36.025-0500] {processor.py:175} INFO - Processing /Library/Frameworks/Python.framework/Versions/3.9/lib/python3.9/site-packages/airflow/example_dags/example_branch_operator_decorator.py took 0.798 seconds
[2023-01-09T17:13:41.577-0500] {processor.py:153} INFO - Started process (PID=42592) to work on /Library/Frameworks/Python.framework/Versions/3.9/lib/python3.9/site-packages/airflow/example_dags/example_branch_operator_decorator.py
[2023-01-09T17:13:41.581-0500] {processor.py:743} INFO - Processing file /Library/Frameworks/Python.framework/Versions/3.9/lib/python3.9/site-packages/airflow/example_dags/example_branch_operator_decorator.py for tasks to queue
[2023-01-09T17:13:41.582-0500] {logging_mixin.py:137} INFO - [2023-01-09T17:13:41.582-0500] {dagbag.py:538} INFO - Filling up the DagBag from /Library/Frameworks/Python.framework/Versions/3.9/lib/python3.9/site-packages/airflow/example_dags/example_branch_operator_decorator.py
[2023-01-09T17:13:41.654-0500] {processor.py:753} INFO - DAG(s) dict_keys(['example_branch_python_operator_decorator']) retrieved from /Library/Frameworks/Python.framework/Versions/3.9/lib/python3.9/site-packages/airflow/example_dags/example_branch_operator_decorator.py
[2023-01-09T17:13:42.386-0500] {logging_mixin.py:137} INFO - [2023-01-09T17:13:42.386-0500] {dag.py:2676} INFO - Sync 1 DAGs
[2023-01-09T17:13:42.404-0500] {logging_mixin.py:137} INFO - [2023-01-09T17:13:42.403-0500] {dag.py:3423} INFO - Setting next_dagrun for example_branch_python_operator_decorator to 2023-01-08T00:00:00+00:00, run_after=2023-01-09T00:00:00+00:00
[2023-01-09T17:13:42.420-0500] {processor.py:175} INFO - Processing /Library/Frameworks/Python.framework/Versions/3.9/lib/python3.9/site-packages/airflow/example_dags/example_branch_operator_decorator.py took 0.844 seconds
[2023-01-09T17:16:11.059-0500] {processor.py:153} INFO - Started process (PID=42748) to work on /Library/Frameworks/Python.framework/Versions/3.9/lib/python3.9/site-packages/airflow/example_dags/example_branch_operator_decorator.py
[2023-01-09T17:16:11.064-0500] {processor.py:743} INFO - Processing file /Library/Frameworks/Python.framework/Versions/3.9/lib/python3.9/site-packages/airflow/example_dags/example_branch_operator_decorator.py for tasks to queue
[2023-01-09T17:16:11.064-0500] {logging_mixin.py:137} INFO - [2023-01-09T17:16:11.064-0500] {dagbag.py:538} INFO - Filling up the DagBag from /Library/Frameworks/Python.framework/Versions/3.9/lib/python3.9/site-packages/airflow/example_dags/example_branch_operator_decorator.py
[2023-01-09T17:16:11.142-0500] {processor.py:753} INFO - DAG(s) dict_keys(['example_branch_python_operator_decorator']) retrieved from /Library/Frameworks/Python.framework/Versions/3.9/lib/python3.9/site-packages/airflow/example_dags/example_branch_operator_decorator.py
[2023-01-09T17:16:11.751-0500] {processor.py:153} INFO - Started process (PID=42749) to work on /Library/Frameworks/Python.framework/Versions/3.9/lib/python3.9/site-packages/airflow/example_dags/example_branch_operator_decorator.py
[2023-01-09T17:16:11.756-0500] {processor.py:743} INFO - Processing file /Library/Frameworks/Python.framework/Versions/3.9/lib/python3.9/site-packages/airflow/example_dags/example_branch_operator_decorator.py for tasks to queue
[2023-01-09T17:16:11.756-0500] {logging_mixin.py:137} INFO - [2023-01-09T17:16:11.756-0500] {dagbag.py:538} INFO - Filling up the DagBag from /Library/Frameworks/Python.framework/Versions/3.9/lib/python3.9/site-packages/airflow/example_dags/example_branch_operator_decorator.py
[2023-01-09T17:16:11.811-0500] {logging_mixin.py:137} INFO - [2023-01-09T17:16:11.811-0500] {dag.py:2676} INFO - Sync 1 DAGs
[2023-01-09T17:16:11.829-0500] {logging_mixin.py:137} INFO - [2023-01-09T17:16:11.829-0500] {dag.py:3423} INFO - Setting next_dagrun for example_branch_python_operator_decorator to 2023-01-08T00:00:00+00:00, run_after=2023-01-09T00:00:00+00:00
[2023-01-09T17:16:11.833-0500] {processor.py:753} INFO - DAG(s) dict_keys(['example_branch_python_operator_decorator']) retrieved from /Library/Frameworks/Python.framework/Versions/3.9/lib/python3.9/site-packages/airflow/example_dags/example_branch_operator_decorator.py
[2023-01-09T17:16:11.846-0500] {processor.py:175} INFO - Processing /Library/Frameworks/Python.framework/Versions/3.9/lib/python3.9/site-packages/airflow/example_dags/example_branch_operator_decorator.py took 0.788 seconds
[2023-01-09T17:16:12.508-0500] {logging_mixin.py:137} INFO - [2023-01-09T17:16:12.508-0500] {dag.py:2676} INFO - Sync 1 DAGs
[2023-01-09T17:16:12.529-0500] {logging_mixin.py:137} INFO - [2023-01-09T17:16:12.529-0500] {dag.py:3423} INFO - Setting next_dagrun for example_branch_python_operator_decorator to 2023-01-08T00:00:00+00:00, run_after=2023-01-09T00:00:00+00:00
[2023-01-09T17:16:12.553-0500] {processor.py:175} INFO - Processing /Library/Frameworks/Python.framework/Versions/3.9/lib/python3.9/site-packages/airflow/example_dags/example_branch_operator_decorator.py took 0.803 seconds
[2023-01-09T17:18:48.178-0500] {processor.py:153} INFO - Started process (PID=43216) to work on /Library/Frameworks/Python.framework/Versions/3.9/lib/python3.9/site-packages/airflow/example_dags/example_branch_operator_decorator.py
[2023-01-09T17:18:48.178-0500] {processor.py:153} INFO - Started process (PID=43217) to work on /Library/Frameworks/Python.framework/Versions/3.9/lib/python3.9/site-packages/airflow/example_dags/example_branch_operator_decorator.py
[2023-01-09T17:18:48.184-0500] {processor.py:743} INFO - Processing file /Library/Frameworks/Python.framework/Versions/3.9/lib/python3.9/site-packages/airflow/example_dags/example_branch_operator_decorator.py for tasks to queue
[2023-01-09T17:18:48.184-0500] {processor.py:743} INFO - Processing file /Library/Frameworks/Python.framework/Versions/3.9/lib/python3.9/site-packages/airflow/example_dags/example_branch_operator_decorator.py for tasks to queue
[2023-01-09T17:18:48.184-0500] {logging_mixin.py:137} INFO - [2023-01-09T17:18:48.184-0500] {dagbag.py:538} INFO - Filling up the DagBag from /Library/Frameworks/Python.framework/Versions/3.9/lib/python3.9/site-packages/airflow/example_dags/example_branch_operator_decorator.py
[2023-01-09T17:18:48.184-0500] {logging_mixin.py:137} INFO - [2023-01-09T17:18:48.184-0500] {dagbag.py:538} INFO - Filling up the DagBag from /Library/Frameworks/Python.framework/Versions/3.9/lib/python3.9/site-packages/airflow/example_dags/example_branch_operator_decorator.py
[2023-01-09T17:18:48.270-0500] {processor.py:753} INFO - DAG(s) dict_keys(['example_branch_python_operator_decorator']) retrieved from /Library/Frameworks/Python.framework/Versions/3.9/lib/python3.9/site-packages/airflow/example_dags/example_branch_operator_decorator.py
[2023-01-09T17:18:48.270-0500] {processor.py:753} INFO - DAG(s) dict_keys(['example_branch_python_operator_decorator']) retrieved from /Library/Frameworks/Python.framework/Versions/3.9/lib/python3.9/site-packages/airflow/example_dags/example_branch_operator_decorator.py
[2023-01-09T17:18:48.943-0500] {logging_mixin.py:137} INFO - [2023-01-09T17:18:48.943-0500] {dag.py:2676} INFO - Sync 1 DAGs
[2023-01-09T17:18:48.946-0500] {logging_mixin.py:137} INFO - [2023-01-09T17:18:48.945-0500] {dag.py:2676} INFO - Sync 1 DAGs
[2023-01-09T17:18:48.960-0500] {logging_mixin.py:137} INFO - [2023-01-09T17:18:48.960-0500] {dag.py:3423} INFO - Setting next_dagrun for example_branch_python_operator_decorator to 2023-01-08T00:00:00+00:00, run_after=2023-01-09T00:00:00+00:00
[2023-01-09T17:18:48.962-0500] {logging_mixin.py:137} INFO - [2023-01-09T17:18:48.962-0500] {dag.py:3423} INFO - Setting next_dagrun for example_branch_python_operator_decorator to 2023-01-08T00:00:00+00:00, run_after=2023-01-09T00:00:00+00:00
[2023-01-09T17:18:48.977-0500] {processor.py:175} INFO - Processing /Library/Frameworks/Python.framework/Versions/3.9/lib/python3.9/site-packages/airflow/example_dags/example_branch_operator_decorator.py took 0.800 seconds
[2023-01-09T17:18:48.979-0500] {processor.py:175} INFO - Processing /Library/Frameworks/Python.framework/Versions/3.9/lib/python3.9/site-packages/airflow/example_dags/example_branch_operator_decorator.py took 0.802 seconds
[2023-01-09T17:21:19.676-0500] {processor.py:153} INFO - Started process (PID=43350) to work on /Library/Frameworks/Python.framework/Versions/3.9/lib/python3.9/site-packages/airflow/example_dags/example_branch_operator_decorator.py
[2023-01-09T17:21:19.682-0500] {processor.py:743} INFO - Processing file /Library/Frameworks/Python.framework/Versions/3.9/lib/python3.9/site-packages/airflow/example_dags/example_branch_operator_decorator.py for tasks to queue
[2023-01-09T17:21:19.682-0500] {logging_mixin.py:137} INFO - [2023-01-09T17:21:19.682-0500] {dagbag.py:538} INFO - Filling up the DagBag from /Library/Frameworks/Python.framework/Versions/3.9/lib/python3.9/site-packages/airflow/example_dags/example_branch_operator_decorator.py
[2023-01-09T17:21:19.760-0500] {processor.py:753} INFO - DAG(s) dict_keys(['example_branch_python_operator_decorator']) retrieved from /Library/Frameworks/Python.framework/Versions/3.9/lib/python3.9/site-packages/airflow/example_dags/example_branch_operator_decorator.py
[2023-01-09T17:21:20.290-0500] {processor.py:153} INFO - Started process (PID=43351) to work on /Library/Frameworks/Python.framework/Versions/3.9/lib/python3.9/site-packages/airflow/example_dags/example_branch_operator_decorator.py
[2023-01-09T17:21:20.295-0500] {processor.py:743} INFO - Processing file /Library/Frameworks/Python.framework/Versions/3.9/lib/python3.9/site-packages/airflow/example_dags/example_branch_operator_decorator.py for tasks to queue
[2023-01-09T17:21:20.295-0500] {logging_mixin.py:137} INFO - [2023-01-09T17:21:20.295-0500] {dagbag.py:538} INFO - Filling up the DagBag from /Library/Frameworks/Python.framework/Versions/3.9/lib/python3.9/site-packages/airflow/example_dags/example_branch_operator_decorator.py
[2023-01-09T17:21:20.375-0500] {processor.py:753} INFO - DAG(s) dict_keys(['example_branch_python_operator_decorator']) retrieved from /Library/Frameworks/Python.framework/Versions/3.9/lib/python3.9/site-packages/airflow/example_dags/example_branch_operator_decorator.py
[2023-01-09T17:21:20.424-0500] {logging_mixin.py:137} INFO - [2023-01-09T17:21:20.424-0500] {dag.py:2676} INFO - Sync 1 DAGs
[2023-01-09T17:21:20.442-0500] {logging_mixin.py:137} INFO - [2023-01-09T17:21:20.441-0500] {dag.py:3423} INFO - Setting next_dagrun for example_branch_python_operator_decorator to 2023-01-08T00:00:00+00:00, run_after=2023-01-09T00:00:00+00:00
[2023-01-09T17:21:20.461-0500] {processor.py:175} INFO - Processing /Library/Frameworks/Python.framework/Versions/3.9/lib/python3.9/site-packages/airflow/example_dags/example_branch_operator_decorator.py took 0.786 seconds
[2023-01-09T17:21:21.085-0500] {logging_mixin.py:137} INFO - [2023-01-09T17:21:21.085-0500] {dag.py:2676} INFO - Sync 1 DAGs
[2023-01-09T17:21:21.104-0500] {logging_mixin.py:137} INFO - [2023-01-09T17:21:21.104-0500] {dag.py:3423} INFO - Setting next_dagrun for example_branch_python_operator_decorator to 2023-01-08T00:00:00+00:00, run_after=2023-01-09T00:00:00+00:00
[2023-01-09T17:21:21.128-0500] {processor.py:175} INFO - Processing /Library/Frameworks/Python.framework/Versions/3.9/lib/python3.9/site-packages/airflow/example_dags/example_branch_operator_decorator.py took 0.839 seconds
[2023-01-09T17:43:40.919-0500] {processor.py:153} INFO - Started process (PID=43638) to work on /Library/Frameworks/Python.framework/Versions/3.9/lib/python3.9/site-packages/airflow/example_dags/example_branch_operator_decorator.py
[2023-01-09T17:43:40.989-0500] {processor.py:743} INFO - Processing file /Library/Frameworks/Python.framework/Versions/3.9/lib/python3.9/site-packages/airflow/example_dags/example_branch_operator_decorator.py for tasks to queue
[2023-01-09T17:43:40.992-0500] {logging_mixin.py:137} INFO - [2023-01-09T17:43:40.991-0500] {dagbag.py:538} INFO - Filling up the DagBag from /Library/Frameworks/Python.framework/Versions/3.9/lib/python3.9/site-packages/airflow/example_dags/example_branch_operator_decorator.py
[2023-01-09T17:43:42.069-0500] {processor.py:153} INFO - Started process (PID=43641) to work on /Library/Frameworks/Python.framework/Versions/3.9/lib/python3.9/site-packages/airflow/example_dags/example_branch_operator_decorator.py
[2023-01-09T17:43:42.113-0500] {processor.py:743} INFO - Processing file /Library/Frameworks/Python.framework/Versions/3.9/lib/python3.9/site-packages/airflow/example_dags/example_branch_operator_decorator.py for tasks to queue
[2023-01-09T17:43:42.117-0500] {logging_mixin.py:137} INFO - [2023-01-09T17:43:42.116-0500] {dagbag.py:538} INFO - Filling up the DagBag from /Library/Frameworks/Python.framework/Versions/3.9/lib/python3.9/site-packages/airflow/example_dags/example_branch_operator_decorator.py
[2023-01-09T17:43:42.883-0500] {processor.py:753} INFO - DAG(s) dict_keys(['example_branch_python_operator_decorator']) retrieved from /Library/Frameworks/Python.framework/Versions/3.9/lib/python3.9/site-packages/airflow/example_dags/example_branch_operator_decorator.py
[2023-01-09T17:43:43.207-0500] {processor.py:753} INFO - DAG(s) dict_keys(['example_branch_python_operator_decorator']) retrieved from /Library/Frameworks/Python.framework/Versions/3.9/lib/python3.9/site-packages/airflow/example_dags/example_branch_operator_decorator.py
[2023-01-09T17:43:51.461-0500] {logging_mixin.py:137} INFO - [2023-01-09T17:43:51.459-0500] {dag.py:2676} INFO - Sync 1 DAGs
[2023-01-09T17:43:51.465-0500] {logging_mixin.py:137} INFO - [2023-01-09T17:43:51.463-0500] {dag.py:2676} INFO - Sync 1 DAGs
[2023-01-09T17:43:51.612-0500] {logging_mixin.py:137} INFO - [2023-01-09T17:43:51.611-0500] {dag.py:3423} INFO - Setting next_dagrun for example_branch_python_operator_decorator to 2023-01-08T00:00:00+00:00, run_after=2023-01-09T00:00:00+00:00
[2023-01-09T17:43:51.615-0500] {logging_mixin.py:137} INFO - [2023-01-09T17:43:51.614-0500] {dag.py:3423} INFO - Setting next_dagrun for example_branch_python_operator_decorator to 2023-01-08T00:00:00+00:00, run_after=2023-01-09T00:00:00+00:00
[2023-01-09T17:43:51.753-0500] {processor.py:175} INFO - Processing /Library/Frameworks/Python.framework/Versions/3.9/lib/python3.9/site-packages/airflow/example_dags/example_branch_operator_decorator.py took 10.840 seconds
[2023-01-09T17:43:51.772-0500] {processor.py:175} INFO - Processing /Library/Frameworks/Python.framework/Versions/3.9/lib/python3.9/site-packages/airflow/example_dags/example_branch_operator_decorator.py took 9.708 seconds
[2023-01-09T18:31:31.944-0500] {processor.py:153} INFO - Started process (PID=44501) to work on /Library/Frameworks/Python.framework/Versions/3.9/lib/python3.9/site-packages/airflow/example_dags/example_branch_operator_decorator.py
[2023-01-09T18:31:31.950-0500] {processor.py:743} INFO - Processing file /Library/Frameworks/Python.framework/Versions/3.9/lib/python3.9/site-packages/airflow/example_dags/example_branch_operator_decorator.py for tasks to queue
[2023-01-09T18:31:31.950-0500] {logging_mixin.py:137} INFO - [2023-01-09T18:31:31.950-0500] {dagbag.py:538} INFO - Filling up the DagBag from /Library/Frameworks/Python.framework/Versions/3.9/lib/python3.9/site-packages/airflow/example_dags/example_branch_operator_decorator.py
[2023-01-09T18:31:31.950-0500] {processor.py:153} INFO - Started process (PID=44500) to work on /Library/Frameworks/Python.framework/Versions/3.9/lib/python3.9/site-packages/airflow/example_dags/example_branch_operator_decorator.py
[2023-01-09T18:31:31.957-0500] {processor.py:743} INFO - Processing file /Library/Frameworks/Python.framework/Versions/3.9/lib/python3.9/site-packages/airflow/example_dags/example_branch_operator_decorator.py for tasks to queue
[2023-01-09T18:31:31.958-0500] {logging_mixin.py:137} INFO - [2023-01-09T18:31:31.957-0500] {dagbag.py:538} INFO - Filling up the DagBag from /Library/Frameworks/Python.framework/Versions/3.9/lib/python3.9/site-packages/airflow/example_dags/example_branch_operator_decorator.py
[2023-01-09T18:31:32.047-0500] {processor.py:753} INFO - DAG(s) dict_keys(['example_branch_python_operator_decorator']) retrieved from /Library/Frameworks/Python.framework/Versions/3.9/lib/python3.9/site-packages/airflow/example_dags/example_branch_operator_decorator.py
[2023-01-09T18:31:32.057-0500] {processor.py:753} INFO - DAG(s) dict_keys(['example_branch_python_operator_decorator']) retrieved from /Library/Frameworks/Python.framework/Versions/3.9/lib/python3.9/site-packages/airflow/example_dags/example_branch_operator_decorator.py
[2023-01-09T18:31:32.771-0500] {logging_mixin.py:137} INFO - [2023-01-09T18:31:32.771-0500] {dag.py:2676} INFO - Sync 1 DAGs
[2023-01-09T18:31:32.772-0500] {logging_mixin.py:137} INFO - [2023-01-09T18:31:32.771-0500] {dag.py:2676} INFO - Sync 1 DAGs
[2023-01-09T18:31:32.790-0500] {logging_mixin.py:137} INFO - [2023-01-09T18:31:32.790-0500] {dag.py:3423} INFO - Setting next_dagrun for example_branch_python_operator_decorator to 2023-01-08T00:00:00+00:00, run_after=2023-01-09T00:00:00+00:00
[2023-01-09T18:31:32.790-0500] {logging_mixin.py:137} INFO - [2023-01-09T18:31:32.790-0500] {dag.py:3423} INFO - Setting next_dagrun for example_branch_python_operator_decorator to 2023-01-08T00:00:00+00:00, run_after=2023-01-09T00:00:00+00:00
[2023-01-09T18:31:32.815-0500] {processor.py:175} INFO - Processing /Library/Frameworks/Python.framework/Versions/3.9/lib/python3.9/site-packages/airflow/example_dags/example_branch_operator_decorator.py took 0.872 seconds
[2023-01-09T18:31:32.820-0500] {processor.py:175} INFO - Processing /Library/Frameworks/Python.framework/Versions/3.9/lib/python3.9/site-packages/airflow/example_dags/example_branch_operator_decorator.py took 0.871 seconds
[2023-01-09T18:34:11.678-0500] {processor.py:153} INFO - Started process (PID=44658) to work on /Library/Frameworks/Python.framework/Versions/3.9/lib/python3.9/site-packages/airflow/example_dags/example_branch_operator_decorator.py
[2023-01-09T18:34:11.683-0500] {processor.py:743} INFO - Processing file /Library/Frameworks/Python.framework/Versions/3.9/lib/python3.9/site-packages/airflow/example_dags/example_branch_operator_decorator.py for tasks to queue
[2023-01-09T18:34:11.683-0500] {logging_mixin.py:137} INFO - [2023-01-09T18:34:11.683-0500] {dagbag.py:538} INFO - Filling up the DagBag from /Library/Frameworks/Python.framework/Versions/3.9/lib/python3.9/site-packages/airflow/example_dags/example_branch_operator_decorator.py
[2023-01-09T18:34:11.772-0500] {processor.py:753} INFO - DAG(s) dict_keys(['example_branch_python_operator_decorator']) retrieved from /Library/Frameworks/Python.framework/Versions/3.9/lib/python3.9/site-packages/airflow/example_dags/example_branch_operator_decorator.py
[2023-01-09T18:34:12.437-0500] {logging_mixin.py:137} INFO - [2023-01-09T18:34:12.437-0500] {dag.py:2676} INFO - Sync 1 DAGs
[2023-01-09T18:34:12.455-0500] {logging_mixin.py:137} INFO - [2023-01-09T18:34:12.455-0500] {dag.py:3423} INFO - Setting next_dagrun for example_branch_python_operator_decorator to 2023-01-08T00:00:00+00:00, run_after=2023-01-09T00:00:00+00:00
[2023-01-09T18:34:12.471-0500] {processor.py:175} INFO - Processing /Library/Frameworks/Python.framework/Versions/3.9/lib/python3.9/site-packages/airflow/example_dags/example_branch_operator_decorator.py took 0.794 seconds
[2023-01-09T18:34:17.748-0500] {processor.py:153} INFO - Started process (PID=44664) to work on /Library/Frameworks/Python.framework/Versions/3.9/lib/python3.9/site-packages/airflow/example_dags/example_branch_operator_decorator.py
[2023-01-09T18:34:17.752-0500] {processor.py:743} INFO - Processing file /Library/Frameworks/Python.framework/Versions/3.9/lib/python3.9/site-packages/airflow/example_dags/example_branch_operator_decorator.py for tasks to queue
[2023-01-09T18:34:17.753-0500] {logging_mixin.py:137} INFO - [2023-01-09T18:34:17.753-0500] {dagbag.py:538} INFO - Filling up the DagBag from /Library/Frameworks/Python.framework/Versions/3.9/lib/python3.9/site-packages/airflow/example_dags/example_branch_operator_decorator.py
[2023-01-09T18:34:17.828-0500] {processor.py:753} INFO - DAG(s) dict_keys(['example_branch_python_operator_decorator']) retrieved from /Library/Frameworks/Python.framework/Versions/3.9/lib/python3.9/site-packages/airflow/example_dags/example_branch_operator_decorator.py
[2023-01-09T18:34:18.523-0500] {logging_mixin.py:137} INFO - [2023-01-09T18:34:18.522-0500] {dag.py:2676} INFO - Sync 1 DAGs
[2023-01-09T18:34:18.540-0500] {logging_mixin.py:137} INFO - [2023-01-09T18:34:18.540-0500] {dag.py:3423} INFO - Setting next_dagrun for example_branch_python_operator_decorator to 2023-01-08T00:00:00+00:00, run_after=2023-01-09T00:00:00+00:00
[2023-01-09T18:34:18.565-0500] {processor.py:175} INFO - Processing /Library/Frameworks/Python.framework/Versions/3.9/lib/python3.9/site-packages/airflow/example_dags/example_branch_operator_decorator.py took 0.818 seconds
[2023-01-09T18:36:58.032-0500] {processor.py:153} INFO - Started process (PID=44796) to work on /Library/Frameworks/Python.framework/Versions/3.9/lib/python3.9/site-packages/airflow/example_dags/example_branch_operator_decorator.py
[2023-01-09T18:36:58.038-0500] {processor.py:743} INFO - Processing file /Library/Frameworks/Python.framework/Versions/3.9/lib/python3.9/site-packages/airflow/example_dags/example_branch_operator_decorator.py for tasks to queue
[2023-01-09T18:36:58.038-0500] {logging_mixin.py:137} INFO - [2023-01-09T18:36:58.038-0500] {dagbag.py:538} INFO - Filling up the DagBag from /Library/Frameworks/Python.framework/Versions/3.9/lib/python3.9/site-packages/airflow/example_dags/example_branch_operator_decorator.py
[2023-01-09T18:36:58.116-0500] {processor.py:753} INFO - DAG(s) dict_keys(['example_branch_python_operator_decorator']) retrieved from /Library/Frameworks/Python.framework/Versions/3.9/lib/python3.9/site-packages/airflow/example_dags/example_branch_operator_decorator.py
[2023-01-09T18:36:58.780-0500] {logging_mixin.py:137} INFO - [2023-01-09T18:36:58.780-0500] {dag.py:2676} INFO - Sync 1 DAGs
[2023-01-09T18:36:58.797-0500] {logging_mixin.py:137} INFO - [2023-01-09T18:36:58.797-0500] {dag.py:3423} INFO - Setting next_dagrun for example_branch_python_operator_decorator to 2023-01-08T00:00:00+00:00, run_after=2023-01-09T00:00:00+00:00
[2023-01-09T18:36:58.814-0500] {processor.py:175} INFO - Processing /Library/Frameworks/Python.framework/Versions/3.9/lib/python3.9/site-packages/airflow/example_dags/example_branch_operator_decorator.py took 0.783 seconds
[2023-01-09T18:37:01.515-0500] {processor.py:153} INFO - Started process (PID=44799) to work on /Library/Frameworks/Python.framework/Versions/3.9/lib/python3.9/site-packages/airflow/example_dags/example_branch_operator_decorator.py
[2023-01-09T18:37:01.519-0500] {processor.py:743} INFO - Processing file /Library/Frameworks/Python.framework/Versions/3.9/lib/python3.9/site-packages/airflow/example_dags/example_branch_operator_decorator.py for tasks to queue
[2023-01-09T18:37:01.520-0500] {logging_mixin.py:137} INFO - [2023-01-09T18:37:01.520-0500] {dagbag.py:538} INFO - Filling up the DagBag from /Library/Frameworks/Python.framework/Versions/3.9/lib/python3.9/site-packages/airflow/example_dags/example_branch_operator_decorator.py
[2023-01-09T18:37:01.593-0500] {processor.py:753} INFO - DAG(s) dict_keys(['example_branch_python_operator_decorator']) retrieved from /Library/Frameworks/Python.framework/Versions/3.9/lib/python3.9/site-packages/airflow/example_dags/example_branch_operator_decorator.py
[2023-01-09T18:37:02.291-0500] {logging_mixin.py:137} INFO - [2023-01-09T18:37:02.291-0500] {dag.py:2676} INFO - Sync 1 DAGs
[2023-01-09T18:37:02.309-0500] {logging_mixin.py:137} INFO - [2023-01-09T18:37:02.308-0500] {dag.py:3423} INFO - Setting next_dagrun for example_branch_python_operator_decorator to 2023-01-08T00:00:00+00:00, run_after=2023-01-09T00:00:00+00:00
[2023-01-09T18:37:02.326-0500] {processor.py:175} INFO - Processing /Library/Frameworks/Python.framework/Versions/3.9/lib/python3.9/site-packages/airflow/example_dags/example_branch_operator_decorator.py took 0.812 seconds
[2023-01-09T18:39:34.309-0500] {processor.py:153} INFO - Started process (PID=45039) to work on /Library/Frameworks/Python.framework/Versions/3.9/lib/python3.9/site-packages/airflow/example_dags/example_branch_operator_decorator.py
[2023-01-09T18:39:34.314-0500] {processor.py:743} INFO - Processing file /Library/Frameworks/Python.framework/Versions/3.9/lib/python3.9/site-packages/airflow/example_dags/example_branch_operator_decorator.py for tasks to queue
[2023-01-09T18:39:34.315-0500] {logging_mixin.py:137} INFO - [2023-01-09T18:39:34.315-0500] {dagbag.py:538} INFO - Filling up the DagBag from /Library/Frameworks/Python.framework/Versions/3.9/lib/python3.9/site-packages/airflow/example_dags/example_branch_operator_decorator.py
[2023-01-09T18:39:34.388-0500] {processor.py:753} INFO - DAG(s) dict_keys(['example_branch_python_operator_decorator']) retrieved from /Library/Frameworks/Python.framework/Versions/3.9/lib/python3.9/site-packages/airflow/example_dags/example_branch_operator_decorator.py
[2023-01-09T18:39:35.068-0500] {logging_mixin.py:137} INFO - [2023-01-09T18:39:35.068-0500] {dag.py:2676} INFO - Sync 1 DAGs
[2023-01-09T18:39:35.088-0500] {logging_mixin.py:137} INFO - [2023-01-09T18:39:35.087-0500] {dag.py:3423} INFO - Setting next_dagrun for example_branch_python_operator_decorator to 2023-01-08T00:00:00+00:00, run_after=2023-01-09T00:00:00+00:00
[2023-01-09T18:39:35.105-0500] {processor.py:175} INFO - Processing /Library/Frameworks/Python.framework/Versions/3.9/lib/python3.9/site-packages/airflow/example_dags/example_branch_operator_decorator.py took 0.797 seconds
[2023-01-09T18:39:37.272-0500] {processor.py:153} INFO - Started process (PID=45043) to work on /Library/Frameworks/Python.framework/Versions/3.9/lib/python3.9/site-packages/airflow/example_dags/example_branch_operator_decorator.py
[2023-01-09T18:39:37.277-0500] {processor.py:743} INFO - Processing file /Library/Frameworks/Python.framework/Versions/3.9/lib/python3.9/site-packages/airflow/example_dags/example_branch_operator_decorator.py for tasks to queue
[2023-01-09T18:39:37.277-0500] {logging_mixin.py:137} INFO - [2023-01-09T18:39:37.277-0500] {dagbag.py:538} INFO - Filling up the DagBag from /Library/Frameworks/Python.framework/Versions/3.9/lib/python3.9/site-packages/airflow/example_dags/example_branch_operator_decorator.py
[2023-01-09T18:39:37.351-0500] {processor.py:753} INFO - DAG(s) dict_keys(['example_branch_python_operator_decorator']) retrieved from /Library/Frameworks/Python.framework/Versions/3.9/lib/python3.9/site-packages/airflow/example_dags/example_branch_operator_decorator.py
[2023-01-09T18:39:38.064-0500] {logging_mixin.py:137} INFO - [2023-01-09T18:39:38.064-0500] {dag.py:2676} INFO - Sync 1 DAGs
[2023-01-09T18:39:38.089-0500] {logging_mixin.py:137} INFO - [2023-01-09T18:39:38.089-0500] {dag.py:3423} INFO - Setting next_dagrun for example_branch_python_operator_decorator to 2023-01-08T00:00:00+00:00, run_after=2023-01-09T00:00:00+00:00
[2023-01-09T18:39:38.111-0500] {processor.py:175} INFO - Processing /Library/Frameworks/Python.framework/Versions/3.9/lib/python3.9/site-packages/airflow/example_dags/example_branch_operator_decorator.py took 0.841 seconds
[2023-01-09T18:42:08.707-0500] {processor.py:153} INFO - Started process (PID=45184) to work on /Library/Frameworks/Python.framework/Versions/3.9/lib/python3.9/site-packages/airflow/example_dags/example_branch_operator_decorator.py
[2023-01-09T18:42:08.713-0500] {processor.py:743} INFO - Processing file /Library/Frameworks/Python.framework/Versions/3.9/lib/python3.9/site-packages/airflow/example_dags/example_branch_operator_decorator.py for tasks to queue
[2023-01-09T18:42:08.713-0500] {logging_mixin.py:137} INFO - [2023-01-09T18:42:08.713-0500] {dagbag.py:538} INFO - Filling up the DagBag from /Library/Frameworks/Python.framework/Versions/3.9/lib/python3.9/site-packages/airflow/example_dags/example_branch_operator_decorator.py
[2023-01-09T18:42:08.786-0500] {processor.py:753} INFO - DAG(s) dict_keys(['example_branch_python_operator_decorator']) retrieved from /Library/Frameworks/Python.framework/Versions/3.9/lib/python3.9/site-packages/airflow/example_dags/example_branch_operator_decorator.py
[2023-01-09T18:42:09.474-0500] {logging_mixin.py:137} INFO - [2023-01-09T18:42:09.474-0500] {dag.py:2676} INFO - Sync 1 DAGs
[2023-01-09T18:42:09.492-0500] {logging_mixin.py:137} INFO - [2023-01-09T18:42:09.492-0500] {dag.py:3423} INFO - Setting next_dagrun for example_branch_python_operator_decorator to 2023-01-08T00:00:00+00:00, run_after=2023-01-09T00:00:00+00:00
[2023-01-09T18:42:09.508-0500] {processor.py:175} INFO - Processing /Library/Frameworks/Python.framework/Versions/3.9/lib/python3.9/site-packages/airflow/example_dags/example_branch_operator_decorator.py took 0.801 seconds
[2023-01-09T18:42:15.366-0500] {processor.py:153} INFO - Started process (PID=45190) to work on /Library/Frameworks/Python.framework/Versions/3.9/lib/python3.9/site-packages/airflow/example_dags/example_branch_operator_decorator.py
[2023-01-09T18:42:15.371-0500] {processor.py:743} INFO - Processing file /Library/Frameworks/Python.framework/Versions/3.9/lib/python3.9/site-packages/airflow/example_dags/example_branch_operator_decorator.py for tasks to queue
[2023-01-09T18:42:15.371-0500] {logging_mixin.py:137} INFO - [2023-01-09T18:42:15.371-0500] {dagbag.py:538} INFO - Filling up the DagBag from /Library/Frameworks/Python.framework/Versions/3.9/lib/python3.9/site-packages/airflow/example_dags/example_branch_operator_decorator.py
[2023-01-09T18:42:15.442-0500] {processor.py:753} INFO - DAG(s) dict_keys(['example_branch_python_operator_decorator']) retrieved from /Library/Frameworks/Python.framework/Versions/3.9/lib/python3.9/site-packages/airflow/example_dags/example_branch_operator_decorator.py
[2023-01-09T18:42:16.156-0500] {logging_mixin.py:137} INFO - [2023-01-09T18:42:16.156-0500] {dag.py:2676} INFO - Sync 1 DAGs
[2023-01-09T18:42:16.175-0500] {logging_mixin.py:137} INFO - [2023-01-09T18:42:16.174-0500] {dag.py:3423} INFO - Setting next_dagrun for example_branch_python_operator_decorator to 2023-01-08T00:00:00+00:00, run_after=2023-01-09T00:00:00+00:00
[2023-01-09T18:42:16.196-0500] {processor.py:175} INFO - Processing /Library/Frameworks/Python.framework/Versions/3.9/lib/python3.9/site-packages/airflow/example_dags/example_branch_operator_decorator.py took 0.830 seconds
[2023-01-09T18:44:53.886-0500] {processor.py:153} INFO - Started process (PID=45405) to work on /Library/Frameworks/Python.framework/Versions/3.9/lib/python3.9/site-packages/airflow/example_dags/example_branch_operator_decorator.py
[2023-01-09T18:44:53.892-0500] {processor.py:743} INFO - Processing file /Library/Frameworks/Python.framework/Versions/3.9/lib/python3.9/site-packages/airflow/example_dags/example_branch_operator_decorator.py for tasks to queue
[2023-01-09T18:44:53.893-0500] {logging_mixin.py:137} INFO - [2023-01-09T18:44:53.893-0500] {dagbag.py:538} INFO - Filling up the DagBag from /Library/Frameworks/Python.framework/Versions/3.9/lib/python3.9/site-packages/airflow/example_dags/example_branch_operator_decorator.py
[2023-01-09T18:44:54.126-0500] {processor.py:753} INFO - DAG(s) dict_keys(['example_branch_python_operator_decorator']) retrieved from /Library/Frameworks/Python.framework/Versions/3.9/lib/python3.9/site-packages/airflow/example_dags/example_branch_operator_decorator.py
[2023-01-09T18:44:56.738-0500] {logging_mixin.py:137} INFO - [2023-01-09T18:44:56.738-0500] {dag.py:2676} INFO - Sync 1 DAGs
[2023-01-09T18:44:56.794-0500] {logging_mixin.py:137} INFO - [2023-01-09T18:44:56.793-0500] {dag.py:3423} INFO - Setting next_dagrun for example_branch_python_operator_decorator to 2023-01-08T00:00:00+00:00, run_after=2023-01-09T00:00:00+00:00
[2023-01-09T18:44:56.868-0500] {processor.py:175} INFO - Processing /Library/Frameworks/Python.framework/Versions/3.9/lib/python3.9/site-packages/airflow/example_dags/example_branch_operator_decorator.py took 2.983 seconds
[2023-01-09T18:45:03.736-0500] {processor.py:153} INFO - Started process (PID=45422) to work on /Library/Frameworks/Python.framework/Versions/3.9/lib/python3.9/site-packages/airflow/example_dags/example_branch_operator_decorator.py
[2023-01-09T18:45:03.747-0500] {processor.py:743} INFO - Processing file /Library/Frameworks/Python.framework/Versions/3.9/lib/python3.9/site-packages/airflow/example_dags/example_branch_operator_decorator.py for tasks to queue
[2023-01-09T18:45:03.748-0500] {logging_mixin.py:137} INFO - [2023-01-09T18:45:03.747-0500] {dagbag.py:538} INFO - Filling up the DagBag from /Library/Frameworks/Python.framework/Versions/3.9/lib/python3.9/site-packages/airflow/example_dags/example_branch_operator_decorator.py
[2023-01-09T18:45:04.010-0500] {processor.py:753} INFO - DAG(s) dict_keys(['example_branch_python_operator_decorator']) retrieved from /Library/Frameworks/Python.framework/Versions/3.9/lib/python3.9/site-packages/airflow/example_dags/example_branch_operator_decorator.py
[2023-01-09T18:45:06.220-0500] {logging_mixin.py:137} INFO - [2023-01-09T18:45:06.219-0500] {dag.py:2676} INFO - Sync 1 DAGs
[2023-01-09T18:45:06.301-0500] {logging_mixin.py:137} INFO - [2023-01-09T18:45:06.300-0500] {dag.py:3423} INFO - Setting next_dagrun for example_branch_python_operator_decorator to 2023-01-08T00:00:00+00:00, run_after=2023-01-09T00:00:00+00:00
[2023-01-09T18:45:06.325-0500] {processor.py:175} INFO - Processing /Library/Frameworks/Python.framework/Versions/3.9/lib/python3.9/site-packages/airflow/example_dags/example_branch_operator_decorator.py took 2.589 seconds
[2023-01-09T18:48:12.175-0500] {processor.py:153} INFO - Started process (PID=45593) to work on /Library/Frameworks/Python.framework/Versions/3.9/lib/python3.9/site-packages/airflow/example_dags/example_branch_operator_decorator.py
[2023-01-09T18:48:12.180-0500] {processor.py:743} INFO - Processing file /Library/Frameworks/Python.framework/Versions/3.9/lib/python3.9/site-packages/airflow/example_dags/example_branch_operator_decorator.py for tasks to queue
[2023-01-09T18:48:12.180-0500] {logging_mixin.py:137} INFO - [2023-01-09T18:48:12.180-0500] {dagbag.py:538} INFO - Filling up the DagBag from /Library/Frameworks/Python.framework/Versions/3.9/lib/python3.9/site-packages/airflow/example_dags/example_branch_operator_decorator.py
[2023-01-09T18:48:12.259-0500] {processor.py:753} INFO - DAG(s) dict_keys(['example_branch_python_operator_decorator']) retrieved from /Library/Frameworks/Python.framework/Versions/3.9/lib/python3.9/site-packages/airflow/example_dags/example_branch_operator_decorator.py
[2023-01-09T18:48:12.999-0500] {logging_mixin.py:137} INFO - [2023-01-09T18:48:12.999-0500] {dag.py:2676} INFO - Sync 1 DAGs
[2023-01-09T18:48:13.017-0500] {logging_mixin.py:137} INFO - [2023-01-09T18:48:13.017-0500] {dag.py:3423} INFO - Setting next_dagrun for example_branch_python_operator_decorator to 2023-01-08T00:00:00+00:00, run_after=2023-01-09T00:00:00+00:00
[2023-01-09T18:48:13.035-0500] {processor.py:175} INFO - Processing /Library/Frameworks/Python.framework/Versions/3.9/lib/python3.9/site-packages/airflow/example_dags/example_branch_operator_decorator.py took 0.861 seconds
[2023-01-09T18:48:19.739-0500] {processor.py:153} INFO - Started process (PID=45620) to work on /Library/Frameworks/Python.framework/Versions/3.9/lib/python3.9/site-packages/airflow/example_dags/example_branch_operator_decorator.py
[2023-01-09T18:48:19.746-0500] {processor.py:743} INFO - Processing file /Library/Frameworks/Python.framework/Versions/3.9/lib/python3.9/site-packages/airflow/example_dags/example_branch_operator_decorator.py for tasks to queue
[2023-01-09T18:48:19.747-0500] {logging_mixin.py:137} INFO - [2023-01-09T18:48:19.747-0500] {dagbag.py:538} INFO - Filling up the DagBag from /Library/Frameworks/Python.framework/Versions/3.9/lib/python3.9/site-packages/airflow/example_dags/example_branch_operator_decorator.py
[2023-01-09T18:48:19.847-0500] {processor.py:753} INFO - DAG(s) dict_keys(['example_branch_python_operator_decorator']) retrieved from /Library/Frameworks/Python.framework/Versions/3.9/lib/python3.9/site-packages/airflow/example_dags/example_branch_operator_decorator.py
[2023-01-09T18:48:20.897-0500] {logging_mixin.py:137} INFO - [2023-01-09T18:48:20.897-0500] {dag.py:2676} INFO - Sync 1 DAGs
[2023-01-09T18:48:20.920-0500] {logging_mixin.py:137} INFO - [2023-01-09T18:48:20.920-0500] {dag.py:3423} INFO - Setting next_dagrun for example_branch_python_operator_decorator to 2023-01-08T00:00:00+00:00, run_after=2023-01-09T00:00:00+00:00
[2023-01-09T18:48:20.945-0500] {processor.py:175} INFO - Processing /Library/Frameworks/Python.framework/Versions/3.9/lib/python3.9/site-packages/airflow/example_dags/example_branch_operator_decorator.py took 1.206 seconds
[2023-01-09T18:51:02.862-0500] {processor.py:153} INFO - Started process (PID=45782) to work on /Library/Frameworks/Python.framework/Versions/3.9/lib/python3.9/site-packages/airflow/example_dags/example_branch_operator_decorator.py
[2023-01-09T18:51:02.867-0500] {processor.py:743} INFO - Processing file /Library/Frameworks/Python.framework/Versions/3.9/lib/python3.9/site-packages/airflow/example_dags/example_branch_operator_decorator.py for tasks to queue
[2023-01-09T18:51:02.868-0500] {logging_mixin.py:137} INFO - [2023-01-09T18:51:02.868-0500] {dagbag.py:538} INFO - Filling up the DagBag from /Library/Frameworks/Python.framework/Versions/3.9/lib/python3.9/site-packages/airflow/example_dags/example_branch_operator_decorator.py
[2023-01-09T18:51:02.939-0500] {processor.py:753} INFO - DAG(s) dict_keys(['example_branch_python_operator_decorator']) retrieved from /Library/Frameworks/Python.framework/Versions/3.9/lib/python3.9/site-packages/airflow/example_dags/example_branch_operator_decorator.py
[2023-01-09T18:51:03.615-0500] {logging_mixin.py:137} INFO - [2023-01-09T18:51:03.615-0500] {dag.py:2676} INFO - Sync 1 DAGs
[2023-01-09T18:51:03.632-0500] {logging_mixin.py:137} INFO - [2023-01-09T18:51:03.632-0500] {dag.py:3423} INFO - Setting next_dagrun for example_branch_python_operator_decorator to 2023-01-08T00:00:00+00:00, run_after=2023-01-09T00:00:00+00:00
[2023-01-09T18:51:03.649-0500] {processor.py:175} INFO - Processing /Library/Frameworks/Python.framework/Versions/3.9/lib/python3.9/site-packages/airflow/example_dags/example_branch_operator_decorator.py took 0.787 seconds
[2023-01-09T18:51:09.973-0500] {processor.py:153} INFO - Started process (PID=45787) to work on /Library/Frameworks/Python.framework/Versions/3.9/lib/python3.9/site-packages/airflow/example_dags/example_branch_operator_decorator.py
[2023-01-09T18:51:09.977-0500] {processor.py:743} INFO - Processing file /Library/Frameworks/Python.framework/Versions/3.9/lib/python3.9/site-packages/airflow/example_dags/example_branch_operator_decorator.py for tasks to queue
[2023-01-09T18:51:09.978-0500] {logging_mixin.py:137} INFO - [2023-01-09T18:51:09.978-0500] {dagbag.py:538} INFO - Filling up the DagBag from /Library/Frameworks/Python.framework/Versions/3.9/lib/python3.9/site-packages/airflow/example_dags/example_branch_operator_decorator.py
[2023-01-09T18:51:10.048-0500] {processor.py:753} INFO - DAG(s) dict_keys(['example_branch_python_operator_decorator']) retrieved from /Library/Frameworks/Python.framework/Versions/3.9/lib/python3.9/site-packages/airflow/example_dags/example_branch_operator_decorator.py
[2023-01-09T18:51:10.765-0500] {logging_mixin.py:137} INFO - [2023-01-09T18:51:10.765-0500] {dag.py:2676} INFO - Sync 1 DAGs
[2023-01-09T18:51:10.785-0500] {logging_mixin.py:137} INFO - [2023-01-09T18:51:10.785-0500] {dag.py:3423} INFO - Setting next_dagrun for example_branch_python_operator_decorator to 2023-01-08T00:00:00+00:00, run_after=2023-01-09T00:00:00+00:00
[2023-01-09T18:51:10.802-0500] {processor.py:175} INFO - Processing /Library/Frameworks/Python.framework/Versions/3.9/lib/python3.9/site-packages/airflow/example_dags/example_branch_operator_decorator.py took 0.831 seconds
[2023-01-09T18:54:30.366-0500] {processor.py:153} INFO - Started process (PID=45957) to work on /Library/Frameworks/Python.framework/Versions/3.9/lib/python3.9/site-packages/airflow/example_dags/example_branch_operator_decorator.py
[2023-01-09T18:54:30.373-0500] {processor.py:743} INFO - Processing file /Library/Frameworks/Python.framework/Versions/3.9/lib/python3.9/site-packages/airflow/example_dags/example_branch_operator_decorator.py for tasks to queue
[2023-01-09T18:54:30.374-0500] {logging_mixin.py:137} INFO - [2023-01-09T18:54:30.373-0500] {dagbag.py:538} INFO - Filling up the DagBag from /Library/Frameworks/Python.framework/Versions/3.9/lib/python3.9/site-packages/airflow/example_dags/example_branch_operator_decorator.py
[2023-01-09T18:54:30.485-0500] {processor.py:753} INFO - DAG(s) dict_keys(['example_branch_python_operator_decorator']) retrieved from /Library/Frameworks/Python.framework/Versions/3.9/lib/python3.9/site-packages/airflow/example_dags/example_branch_operator_decorator.py
[2023-01-09T18:54:31.514-0500] {logging_mixin.py:137} INFO - [2023-01-09T18:54:31.513-0500] {dag.py:2676} INFO - Sync 1 DAGs
[2023-01-09T18:54:31.540-0500] {logging_mixin.py:137} INFO - [2023-01-09T18:54:31.540-0500] {dag.py:3423} INFO - Setting next_dagrun for example_branch_python_operator_decorator to 2023-01-08T00:00:00+00:00, run_after=2023-01-09T00:00:00+00:00
[2023-01-09T18:54:31.570-0500] {processor.py:175} INFO - Processing /Library/Frameworks/Python.framework/Versions/3.9/lib/python3.9/site-packages/airflow/example_dags/example_branch_operator_decorator.py took 1.205 seconds
[2023-01-09T18:54:43.972-0500] {processor.py:153} INFO - Started process (PID=45962) to work on /Library/Frameworks/Python.framework/Versions/3.9/lib/python3.9/site-packages/airflow/example_dags/example_branch_operator_decorator.py
[2023-01-09T18:54:43.995-0500] {processor.py:743} INFO - Processing file /Library/Frameworks/Python.framework/Versions/3.9/lib/python3.9/site-packages/airflow/example_dags/example_branch_operator_decorator.py for tasks to queue
[2023-01-09T18:54:44.002-0500] {logging_mixin.py:137} INFO - [2023-01-09T18:54:44.000-0500] {dagbag.py:538} INFO - Filling up the DagBag from /Library/Frameworks/Python.framework/Versions/3.9/lib/python3.9/site-packages/airflow/example_dags/example_branch_operator_decorator.py
[2023-01-09T18:54:44.908-0500] {processor.py:753} INFO - DAG(s) dict_keys(['example_branch_python_operator_decorator']) retrieved from /Library/Frameworks/Python.framework/Versions/3.9/lib/python3.9/site-packages/airflow/example_dags/example_branch_operator_decorator.py
[2023-01-09T18:54:52.103-0500] {logging_mixin.py:137} INFO - [2023-01-09T18:54:52.097-0500] {dag.py:2676} INFO - Sync 1 DAGs
[2023-01-09T18:54:52.190-0500] {logging_mixin.py:137} INFO - [2023-01-09T18:54:52.188-0500] {dag.py:3423} INFO - Setting next_dagrun for example_branch_python_operator_decorator to 2023-01-08T00:00:00+00:00, run_after=2023-01-09T00:00:00+00:00
[2023-01-09T18:54:52.246-0500] {processor.py:175} INFO - Processing /Library/Frameworks/Python.framework/Versions/3.9/lib/python3.9/site-packages/airflow/example_dags/example_branch_operator_decorator.py took 8.275 seconds
[2023-01-09T18:59:24.509-0500] {processor.py:153} INFO - Started process (PID=46194) to work on /Library/Frameworks/Python.framework/Versions/3.9/lib/python3.9/site-packages/airflow/example_dags/example_branch_operator_decorator.py
[2023-01-09T18:59:24.515-0500] {processor.py:743} INFO - Processing file /Library/Frameworks/Python.framework/Versions/3.9/lib/python3.9/site-packages/airflow/example_dags/example_branch_operator_decorator.py for tasks to queue
[2023-01-09T18:59:24.516-0500] {logging_mixin.py:137} INFO - [2023-01-09T18:59:24.516-0500] {dagbag.py:538} INFO - Filling up the DagBag from /Library/Frameworks/Python.framework/Versions/3.9/lib/python3.9/site-packages/airflow/example_dags/example_branch_operator_decorator.py
[2023-01-09T18:59:24.622-0500] {processor.py:753} INFO - DAG(s) dict_keys(['example_branch_python_operator_decorator']) retrieved from /Library/Frameworks/Python.framework/Versions/3.9/lib/python3.9/site-packages/airflow/example_dags/example_branch_operator_decorator.py
[2023-01-09T18:59:25.660-0500] {logging_mixin.py:137} INFO - [2023-01-09T18:59:25.660-0500] {dag.py:2676} INFO - Sync 1 DAGs
[2023-01-09T18:59:25.688-0500] {logging_mixin.py:137} INFO - [2023-01-09T18:59:25.688-0500] {dag.py:3423} INFO - Setting next_dagrun for example_branch_python_operator_decorator to 2023-01-08T00:00:00+00:00, run_after=2023-01-09T00:00:00+00:00
[2023-01-09T18:59:25.714-0500] {processor.py:175} INFO - Processing /Library/Frameworks/Python.framework/Versions/3.9/lib/python3.9/site-packages/airflow/example_dags/example_branch_operator_decorator.py took 1.207 seconds
[2023-01-09T18:59:35.772-0500] {processor.py:153} INFO - Started process (PID=46202) to work on /Library/Frameworks/Python.framework/Versions/3.9/lib/python3.9/site-packages/airflow/example_dags/example_branch_operator_decorator.py
[2023-01-09T18:59:35.778-0500] {processor.py:743} INFO - Processing file /Library/Frameworks/Python.framework/Versions/3.9/lib/python3.9/site-packages/airflow/example_dags/example_branch_operator_decorator.py for tasks to queue
[2023-01-09T18:59:35.778-0500] {logging_mixin.py:137} INFO - [2023-01-09T18:59:35.778-0500] {dagbag.py:538} INFO - Filling up the DagBag from /Library/Frameworks/Python.framework/Versions/3.9/lib/python3.9/site-packages/airflow/example_dags/example_branch_operator_decorator.py
[2023-01-09T18:59:35.981-0500] {processor.py:753} INFO - DAG(s) dict_keys(['example_branch_python_operator_decorator']) retrieved from /Library/Frameworks/Python.framework/Versions/3.9/lib/python3.9/site-packages/airflow/example_dags/example_branch_operator_decorator.py
[2023-01-09T18:59:36.914-0500] {logging_mixin.py:137} INFO - [2023-01-09T18:59:36.914-0500] {dag.py:2676} INFO - Sync 1 DAGs
[2023-01-09T18:59:36.936-0500] {logging_mixin.py:137} INFO - [2023-01-09T18:59:36.936-0500] {dag.py:3423} INFO - Setting next_dagrun for example_branch_python_operator_decorator to 2023-01-08T00:00:00+00:00, run_after=2023-01-09T00:00:00+00:00
[2023-01-09T18:59:36.962-0500] {processor.py:175} INFO - Processing /Library/Frameworks/Python.framework/Versions/3.9/lib/python3.9/site-packages/airflow/example_dags/example_branch_operator_decorator.py took 1.191 seconds
