[2023-01-09T16:47:41.694-0500] {processor.py:153} INFO - Started process (PID=39197) to work on /Library/Frameworks/Python.framework/Versions/3.9/lib/python3.9/site-packages/airflow/example_dags/example_branch_operator.py
[2023-01-09T16:47:41.699-0500] {processor.py:743} INFO - Processing file /Library/Frameworks/Python.framework/Versions/3.9/lib/python3.9/site-packages/airflow/example_dags/example_branch_operator.py for tasks to queue
[2023-01-09T16:47:41.700-0500] {logging_mixin.py:137} INFO - [2023-01-09T16:47:41.700-0500] {dagbag.py:538} INFO - Filling up the DagBag from /Library/Frameworks/Python.framework/Versions/3.9/lib/python3.9/site-packages/airflow/example_dags/example_branch_operator.py
[2023-01-09T16:47:41.744-0500] {processor.py:753} INFO - DAG(s) dict_keys(['example_branch_operator']) retrieved from /Library/Frameworks/Python.framework/Versions/3.9/lib/python3.9/site-packages/airflow/example_dags/example_branch_operator.py
[2023-01-09T16:47:42.627-0500] {logging_mixin.py:137} INFO - [2023-01-09T16:47:42.627-0500] {manager.py:504} INFO - Created Permission View: can read on DAG:example_branch_operator
[2023-01-09T16:47:42.636-0500] {logging_mixin.py:137} INFO - [2023-01-09T16:47:42.636-0500] {manager.py:504} INFO - Created Permission View: can delete on DAG:example_branch_operator
[2023-01-09T16:47:42.643-0500] {logging_mixin.py:137} INFO - [2023-01-09T16:47:42.643-0500] {manager.py:504} INFO - Created Permission View: can edit on DAG:example_branch_operator
[2023-01-09T16:47:42.643-0500] {logging_mixin.py:137} INFO - [2023-01-09T16:47:42.643-0500] {dag.py:2676} INFO - Sync 1 DAGs
[2023-01-09T16:47:42.653-0500] {logging_mixin.py:137} INFO - [2023-01-09T16:47:42.653-0500] {dag.py:2697} INFO - Creating ORM DAG for example_branch_operator
[2023-01-09T16:47:42.665-0500] {logging_mixin.py:137} INFO - [2023-01-09T16:47:42.665-0500] {dag.py:3423} INFO - Setting next_dagrun for example_branch_operator to 2023-01-08T00:00:00+00:00, run_after=2023-01-09T00:00:00+00:00
[2023-01-09T16:47:42.684-0500] {processor.py:175} INFO - Processing /Library/Frameworks/Python.framework/Versions/3.9/lib/python3.9/site-packages/airflow/example_dags/example_branch_operator.py took 0.991 seconds
[2023-01-09T16:50:32.075-0500] {processor.py:153} INFO - Started process (PID=39310) to work on /Library/Frameworks/Python.framework/Versions/3.9/lib/python3.9/site-packages/airflow/example_dags/example_branch_operator.py
[2023-01-09T16:50:32.081-0500] {processor.py:743} INFO - Processing file /Library/Frameworks/Python.framework/Versions/3.9/lib/python3.9/site-packages/airflow/example_dags/example_branch_operator.py for tasks to queue
[2023-01-09T16:50:32.081-0500] {logging_mixin.py:137} INFO - [2023-01-09T16:50:32.081-0500] {dagbag.py:538} INFO - Filling up the DagBag from /Library/Frameworks/Python.framework/Versions/3.9/lib/python3.9/site-packages/airflow/example_dags/example_branch_operator.py
[2023-01-09T16:50:32.122-0500] {processor.py:753} INFO - DAG(s) dict_keys(['example_branch_operator']) retrieved from /Library/Frameworks/Python.framework/Versions/3.9/lib/python3.9/site-packages/airflow/example_dags/example_branch_operator.py
[2023-01-09T16:50:32.817-0500] {logging_mixin.py:137} INFO - [2023-01-09T16:50:32.816-0500] {dag.py:2676} INFO - Sync 1 DAGs
[2023-01-09T16:50:32.835-0500] {logging_mixin.py:137} INFO - [2023-01-09T16:50:32.835-0500] {dag.py:3423} INFO - Setting next_dagrun for example_branch_operator to 2023-01-08T00:00:00+00:00, run_after=2023-01-09T00:00:00+00:00
[2023-01-09T16:50:32.855-0500] {processor.py:175} INFO - Processing /Library/Frameworks/Python.framework/Versions/3.9/lib/python3.9/site-packages/airflow/example_dags/example_branch_operator.py took 0.780 seconds
[2023-01-09T16:53:22.644-0500] {processor.py:153} INFO - Started process (PID=39406) to work on /Library/Frameworks/Python.framework/Versions/3.9/lib/python3.9/site-packages/airflow/example_dags/example_branch_operator.py
[2023-01-09T16:53:22.650-0500] {processor.py:743} INFO - Processing file /Library/Frameworks/Python.framework/Versions/3.9/lib/python3.9/site-packages/airflow/example_dags/example_branch_operator.py for tasks to queue
[2023-01-09T16:53:22.651-0500] {logging_mixin.py:137} INFO - [2023-01-09T16:53:22.650-0500] {dagbag.py:538} INFO - Filling up the DagBag from /Library/Frameworks/Python.framework/Versions/3.9/lib/python3.9/site-packages/airflow/example_dags/example_branch_operator.py
[2023-01-09T16:53:22.692-0500] {processor.py:753} INFO - DAG(s) dict_keys(['example_branch_operator']) retrieved from /Library/Frameworks/Python.framework/Versions/3.9/lib/python3.9/site-packages/airflow/example_dags/example_branch_operator.py
[2023-01-09T16:53:23.474-0500] {logging_mixin.py:137} INFO - [2023-01-09T16:53:23.474-0500] {dag.py:2676} INFO - Sync 1 DAGs
[2023-01-09T16:53:23.492-0500] {logging_mixin.py:137} INFO - [2023-01-09T16:53:23.492-0500] {dag.py:3423} INFO - Setting next_dagrun for example_branch_operator to 2023-01-08T00:00:00+00:00, run_after=2023-01-09T00:00:00+00:00
[2023-01-09T16:53:23.522-0500] {processor.py:175} INFO - Processing /Library/Frameworks/Python.framework/Versions/3.9/lib/python3.9/site-packages/airflow/example_dags/example_branch_operator.py took 0.878 seconds
[2023-01-09T16:56:07.750-0500] {processor.py:153} INFO - Started process (PID=39600) to work on /Library/Frameworks/Python.framework/Versions/3.9/lib/python3.9/site-packages/airflow/example_dags/example_branch_operator.py
[2023-01-09T16:56:07.755-0500] {processor.py:743} INFO - Processing file /Library/Frameworks/Python.framework/Versions/3.9/lib/python3.9/site-packages/airflow/example_dags/example_branch_operator.py for tasks to queue
[2023-01-09T16:56:07.755-0500] {logging_mixin.py:137} INFO - [2023-01-09T16:56:07.755-0500] {dagbag.py:538} INFO - Filling up the DagBag from /Library/Frameworks/Python.framework/Versions/3.9/lib/python3.9/site-packages/airflow/example_dags/example_branch_operator.py
[2023-01-09T16:56:07.796-0500] {processor.py:753} INFO - DAG(s) dict_keys(['example_branch_operator']) retrieved from /Library/Frameworks/Python.framework/Versions/3.9/lib/python3.9/site-packages/airflow/example_dags/example_branch_operator.py
[2023-01-09T16:56:08.565-0500] {logging_mixin.py:137} INFO - [2023-01-09T16:56:08.565-0500] {dag.py:2676} INFO - Sync 1 DAGs
[2023-01-09T16:56:08.583-0500] {logging_mixin.py:137} INFO - [2023-01-09T16:56:08.583-0500] {dag.py:3423} INFO - Setting next_dagrun for example_branch_operator to 2023-01-08T00:00:00+00:00, run_after=2023-01-09T00:00:00+00:00
[2023-01-09T16:56:08.601-0500] {processor.py:175} INFO - Processing /Library/Frameworks/Python.framework/Versions/3.9/lib/python3.9/site-packages/airflow/example_dags/example_branch_operator.py took 0.852 seconds
[2023-01-09T16:59:10.646-0500] {processor.py:153} INFO - Started process (PID=41172) to work on /Library/Frameworks/Python.framework/Versions/3.9/lib/python3.9/site-packages/airflow/example_dags/example_branch_operator.py
[2023-01-09T16:59:10.651-0500] {processor.py:743} INFO - Processing file /Library/Frameworks/Python.framework/Versions/3.9/lib/python3.9/site-packages/airflow/example_dags/example_branch_operator.py for tasks to queue
[2023-01-09T16:59:10.651-0500] {logging_mixin.py:137} INFO - [2023-01-09T16:59:10.651-0500] {dagbag.py:538} INFO - Filling up the DagBag from /Library/Frameworks/Python.framework/Versions/3.9/lib/python3.9/site-packages/airflow/example_dags/example_branch_operator.py
[2023-01-09T16:59:10.692-0500] {processor.py:753} INFO - DAG(s) dict_keys(['example_branch_operator']) retrieved from /Library/Frameworks/Python.framework/Versions/3.9/lib/python3.9/site-packages/airflow/example_dags/example_branch_operator.py
[2023-01-09T16:59:11.372-0500] {logging_mixin.py:137} INFO - [2023-01-09T16:59:11.372-0500] {dag.py:2676} INFO - Sync 1 DAGs
[2023-01-09T16:59:11.390-0500] {logging_mixin.py:137} INFO - [2023-01-09T16:59:11.390-0500] {dag.py:3423} INFO - Setting next_dagrun for example_branch_operator to 2023-01-08T00:00:00+00:00, run_after=2023-01-09T00:00:00+00:00
[2023-01-09T16:59:11.409-0500] {processor.py:175} INFO - Processing /Library/Frameworks/Python.framework/Versions/3.9/lib/python3.9/site-packages/airflow/example_dags/example_branch_operator.py took 0.765 seconds
[2023-01-09T17:02:10.573-0500] {processor.py:153} INFO - Started process (PID=41391) to work on /Library/Frameworks/Python.framework/Versions/3.9/lib/python3.9/site-packages/airflow/example_dags/example_branch_operator.py
[2023-01-09T17:02:10.589-0500] {processor.py:743} INFO - Processing file /Library/Frameworks/Python.framework/Versions/3.9/lib/python3.9/site-packages/airflow/example_dags/example_branch_operator.py for tasks to queue
[2023-01-09T17:02:10.591-0500] {logging_mixin.py:137} INFO - [2023-01-09T17:02:10.590-0500] {dagbag.py:538} INFO - Filling up the DagBag from /Library/Frameworks/Python.framework/Versions/3.9/lib/python3.9/site-packages/airflow/example_dags/example_branch_operator.py
[2023-01-09T17:02:10.705-0500] {processor.py:753} INFO - DAG(s) dict_keys(['example_branch_operator']) retrieved from /Library/Frameworks/Python.framework/Versions/3.9/lib/python3.9/site-packages/airflow/example_dags/example_branch_operator.py
[2023-01-09T17:02:11.501-0500] {logging_mixin.py:137} INFO - [2023-01-09T17:02:11.500-0500] {dag.py:2676} INFO - Sync 1 DAGs
[2023-01-09T17:02:11.520-0500] {logging_mixin.py:137} INFO - [2023-01-09T17:02:11.520-0500] {dag.py:3423} INFO - Setting next_dagrun for example_branch_operator to 2023-01-08T00:00:00+00:00, run_after=2023-01-09T00:00:00+00:00
[2023-01-09T17:02:11.540-0500] {processor.py:175} INFO - Processing /Library/Frameworks/Python.framework/Versions/3.9/lib/python3.9/site-packages/airflow/example_dags/example_branch_operator.py took 0.968 seconds
[2023-01-09T17:05:19.314-0500] {processor.py:153} INFO - Started process (PID=41750) to work on /Library/Frameworks/Python.framework/Versions/3.9/lib/python3.9/site-packages/airflow/example_dags/example_branch_operator.py
[2023-01-09T17:05:19.320-0500] {processor.py:743} INFO - Processing file /Library/Frameworks/Python.framework/Versions/3.9/lib/python3.9/site-packages/airflow/example_dags/example_branch_operator.py for tasks to queue
[2023-01-09T17:05:19.320-0500] {logging_mixin.py:137} INFO - [2023-01-09T17:05:19.320-0500] {dagbag.py:538} INFO - Filling up the DagBag from /Library/Frameworks/Python.framework/Versions/3.9/lib/python3.9/site-packages/airflow/example_dags/example_branch_operator.py
[2023-01-09T17:05:19.365-0500] {processor.py:753} INFO - DAG(s) dict_keys(['example_branch_operator']) retrieved from /Library/Frameworks/Python.framework/Versions/3.9/lib/python3.9/site-packages/airflow/example_dags/example_branch_operator.py
[2023-01-09T17:05:20.422-0500] {logging_mixin.py:137} INFO - [2023-01-09T17:05:20.422-0500] {dag.py:2676} INFO - Sync 1 DAGs
[2023-01-09T17:05:20.440-0500] {logging_mixin.py:137} INFO - [2023-01-09T17:05:20.440-0500] {dag.py:3423} INFO - Setting next_dagrun for example_branch_operator to 2023-01-08T00:00:00+00:00, run_after=2023-01-09T00:00:00+00:00
[2023-01-09T17:05:20.472-0500] {processor.py:175} INFO - Processing /Library/Frameworks/Python.framework/Versions/3.9/lib/python3.9/site-packages/airflow/example_dags/example_branch_operator.py took 1.158 seconds
[2023-01-09T17:08:09.038-0500] {processor.py:153} INFO - Started process (PID=42013) to work on /Library/Frameworks/Python.framework/Versions/3.9/lib/python3.9/site-packages/airflow/example_dags/example_branch_operator.py
[2023-01-09T17:08:09.043-0500] {processor.py:743} INFO - Processing file /Library/Frameworks/Python.framework/Versions/3.9/lib/python3.9/site-packages/airflow/example_dags/example_branch_operator.py for tasks to queue
[2023-01-09T17:08:09.044-0500] {logging_mixin.py:137} INFO - [2023-01-09T17:08:09.043-0500] {dagbag.py:538} INFO - Filling up the DagBag from /Library/Frameworks/Python.framework/Versions/3.9/lib/python3.9/site-packages/airflow/example_dags/example_branch_operator.py
[2023-01-09T17:08:09.087-0500] {processor.py:753} INFO - DAG(s) dict_keys(['example_branch_operator']) retrieved from /Library/Frameworks/Python.framework/Versions/3.9/lib/python3.9/site-packages/airflow/example_dags/example_branch_operator.py
[2023-01-09T17:08:09.841-0500] {logging_mixin.py:137} INFO - [2023-01-09T17:08:09.841-0500] {dag.py:2676} INFO - Sync 1 DAGs
[2023-01-09T17:08:09.858-0500] {logging_mixin.py:137} INFO - [2023-01-09T17:08:09.858-0500] {dag.py:3423} INFO - Setting next_dagrun for example_branch_operator to 2023-01-08T00:00:00+00:00, run_after=2023-01-09T00:00:00+00:00
[2023-01-09T17:08:09.876-0500] {processor.py:175} INFO - Processing /Library/Frameworks/Python.framework/Versions/3.9/lib/python3.9/site-packages/airflow/example_dags/example_branch_operator.py took 0.839 seconds
[2023-01-09T17:10:55.764-0500] {processor.py:153} INFO - Started process (PID=42323) to work on /Library/Frameworks/Python.framework/Versions/3.9/lib/python3.9/site-packages/airflow/example_dags/example_branch_operator.py
[2023-01-09T17:10:55.769-0500] {processor.py:743} INFO - Processing file /Library/Frameworks/Python.framework/Versions/3.9/lib/python3.9/site-packages/airflow/example_dags/example_branch_operator.py for tasks to queue
[2023-01-09T17:10:55.769-0500] {logging_mixin.py:137} INFO - [2023-01-09T17:10:55.769-0500] {dagbag.py:538} INFO - Filling up the DagBag from /Library/Frameworks/Python.framework/Versions/3.9/lib/python3.9/site-packages/airflow/example_dags/example_branch_operator.py
[2023-01-09T17:10:55.813-0500] {processor.py:753} INFO - DAG(s) dict_keys(['example_branch_operator']) retrieved from /Library/Frameworks/Python.framework/Versions/3.9/lib/python3.9/site-packages/airflow/example_dags/example_branch_operator.py
[2023-01-09T17:10:57.534-0500] {logging_mixin.py:137} INFO - [2023-01-09T17:10:57.534-0500] {dag.py:2676} INFO - Sync 1 DAGs
[2023-01-09T17:10:57.553-0500] {logging_mixin.py:137} INFO - [2023-01-09T17:10:57.553-0500] {dag.py:3423} INFO - Setting next_dagrun for example_branch_operator to 2023-01-08T00:00:00+00:00, run_after=2023-01-09T00:00:00+00:00
[2023-01-09T17:10:57.573-0500] {processor.py:175} INFO - Processing /Library/Frameworks/Python.framework/Versions/3.9/lib/python3.9/site-packages/airflow/example_dags/example_branch_operator.py took 1.810 seconds
[2023-01-09T17:13:37.204-0500] {processor.py:153} INFO - Started process (PID=42589) to work on /Library/Frameworks/Python.framework/Versions/3.9/lib/python3.9/site-packages/airflow/example_dags/example_branch_operator.py
[2023-01-09T17:13:37.209-0500] {processor.py:743} INFO - Processing file /Library/Frameworks/Python.framework/Versions/3.9/lib/python3.9/site-packages/airflow/example_dags/example_branch_operator.py for tasks to queue
[2023-01-09T17:13:37.210-0500] {logging_mixin.py:137} INFO - [2023-01-09T17:13:37.210-0500] {dagbag.py:538} INFO - Filling up the DagBag from /Library/Frameworks/Python.framework/Versions/3.9/lib/python3.9/site-packages/airflow/example_dags/example_branch_operator.py
[2023-01-09T17:13:37.249-0500] {processor.py:753} INFO - DAG(s) dict_keys(['example_branch_operator']) retrieved from /Library/Frameworks/Python.framework/Versions/3.9/lib/python3.9/site-packages/airflow/example_dags/example_branch_operator.py
[2023-01-09T17:13:37.998-0500] {logging_mixin.py:137} INFO - [2023-01-09T17:13:37.997-0500] {dag.py:2676} INFO - Sync 1 DAGs
[2023-01-09T17:13:38.015-0500] {logging_mixin.py:137} INFO - [2023-01-09T17:13:38.015-0500] {dag.py:3423} INFO - Setting next_dagrun for example_branch_operator to 2023-01-08T00:00:00+00:00, run_after=2023-01-09T00:00:00+00:00
[2023-01-09T17:13:38.035-0500] {processor.py:175} INFO - Processing /Library/Frameworks/Python.framework/Versions/3.9/lib/python3.9/site-packages/airflow/example_dags/example_branch_operator.py took 0.832 seconds
[2023-01-09T17:13:44.457-0500] {processor.py:153} INFO - Started process (PID=42595) to work on /Library/Frameworks/Python.framework/Versions/3.9/lib/python3.9/site-packages/airflow/example_dags/example_branch_operator.py
[2023-01-09T17:13:44.462-0500] {processor.py:743} INFO - Processing file /Library/Frameworks/Python.framework/Versions/3.9/lib/python3.9/site-packages/airflow/example_dags/example_branch_operator.py for tasks to queue
[2023-01-09T17:13:44.462-0500] {logging_mixin.py:137} INFO - [2023-01-09T17:13:44.462-0500] {dagbag.py:538} INFO - Filling up the DagBag from /Library/Frameworks/Python.framework/Versions/3.9/lib/python3.9/site-packages/airflow/example_dags/example_branch_operator.py
[2023-01-09T17:13:44.500-0500] {processor.py:753} INFO - DAG(s) dict_keys(['example_branch_operator']) retrieved from /Library/Frameworks/Python.framework/Versions/3.9/lib/python3.9/site-packages/airflow/example_dags/example_branch_operator.py
[2023-01-09T17:13:45.288-0500] {logging_mixin.py:137} INFO - [2023-01-09T17:13:45.288-0500] {dag.py:2676} INFO - Sync 1 DAGs
[2023-01-09T17:13:45.305-0500] {logging_mixin.py:137} INFO - [2023-01-09T17:13:45.305-0500] {dag.py:3423} INFO - Setting next_dagrun for example_branch_operator to 2023-01-08T00:00:00+00:00, run_after=2023-01-09T00:00:00+00:00
[2023-01-09T17:13:45.325-0500] {processor.py:175} INFO - Processing /Library/Frameworks/Python.framework/Versions/3.9/lib/python3.9/site-packages/airflow/example_dags/example_branch_operator.py took 0.869 seconds
[2023-01-09T17:16:13.971-0500] {processor.py:153} INFO - Started process (PID=42750) to work on /Library/Frameworks/Python.framework/Versions/3.9/lib/python3.9/site-packages/airflow/example_dags/example_branch_operator.py
[2023-01-09T17:16:13.977-0500] {processor.py:743} INFO - Processing file /Library/Frameworks/Python.framework/Versions/3.9/lib/python3.9/site-packages/airflow/example_dags/example_branch_operator.py for tasks to queue
[2023-01-09T17:16:13.978-0500] {logging_mixin.py:137} INFO - [2023-01-09T17:16:13.977-0500] {dagbag.py:538} INFO - Filling up the DagBag from /Library/Frameworks/Python.framework/Versions/3.9/lib/python3.9/site-packages/airflow/example_dags/example_branch_operator.py
[2023-01-09T17:16:14.018-0500] {processor.py:753} INFO - DAG(s) dict_keys(['example_branch_operator']) retrieved from /Library/Frameworks/Python.framework/Versions/3.9/lib/python3.9/site-packages/airflow/example_dags/example_branch_operator.py
[2023-01-09T17:16:14.658-0500] {processor.py:153} INFO - Started process (PID=42751) to work on /Library/Frameworks/Python.framework/Versions/3.9/lib/python3.9/site-packages/airflow/example_dags/example_branch_operator.py
[2023-01-09T17:16:14.662-0500] {processor.py:743} INFO - Processing file /Library/Frameworks/Python.framework/Versions/3.9/lib/python3.9/site-packages/airflow/example_dags/example_branch_operator.py for tasks to queue
[2023-01-09T17:16:14.663-0500] {logging_mixin.py:137} INFO - [2023-01-09T17:16:14.663-0500] {dagbag.py:538} INFO - Filling up the DagBag from /Library/Frameworks/Python.framework/Versions/3.9/lib/python3.9/site-packages/airflow/example_dags/example_branch_operator.py
[2023-01-09T17:16:14.704-0500] {processor.py:753} INFO - DAG(s) dict_keys(['example_branch_operator']) retrieved from /Library/Frameworks/Python.framework/Versions/3.9/lib/python3.9/site-packages/airflow/example_dags/example_branch_operator.py
[2023-01-09T17:16:14.733-0500] {logging_mixin.py:137} INFO - [2023-01-09T17:16:14.732-0500] {dag.py:2676} INFO - Sync 1 DAGs
[2023-01-09T17:16:14.762-0500] {logging_mixin.py:137} INFO - [2023-01-09T17:16:14.761-0500] {dag.py:3423} INFO - Setting next_dagrun for example_branch_operator to 2023-01-08T00:00:00+00:00, run_after=2023-01-09T00:00:00+00:00
[2023-01-09T17:16:14.781-0500] {processor.py:175} INFO - Processing /Library/Frameworks/Python.framework/Versions/3.9/lib/python3.9/site-packages/airflow/example_dags/example_branch_operator.py took 0.810 seconds
[2023-01-09T17:16:15.413-0500] {logging_mixin.py:137} INFO - [2023-01-09T17:16:15.413-0500] {dag.py:2676} INFO - Sync 1 DAGs
[2023-01-09T17:16:15.433-0500] {logging_mixin.py:137} INFO - [2023-01-09T17:16:15.433-0500] {dag.py:3423} INFO - Setting next_dagrun for example_branch_operator to 2023-01-08T00:00:00+00:00, run_after=2023-01-09T00:00:00+00:00
[2023-01-09T17:16:15.457-0500] {processor.py:175} INFO - Processing /Library/Frameworks/Python.framework/Versions/3.9/lib/python3.9/site-packages/airflow/example_dags/example_branch_operator.py took 0.800 seconds
[2023-01-09T17:18:50.296-0500] {processor.py:153} INFO - Started process (PID=43218) to work on /Library/Frameworks/Python.framework/Versions/3.9/lib/python3.9/site-packages/airflow/example_dags/example_branch_operator.py
[2023-01-09T17:18:50.302-0500] {processor.py:743} INFO - Processing file /Library/Frameworks/Python.framework/Versions/3.9/lib/python3.9/site-packages/airflow/example_dags/example_branch_operator.py for tasks to queue
[2023-01-09T17:18:50.302-0500] {logging_mixin.py:137} INFO - [2023-01-09T17:18:50.302-0500] {dagbag.py:538} INFO - Filling up the DagBag from /Library/Frameworks/Python.framework/Versions/3.9/lib/python3.9/site-packages/airflow/example_dags/example_branch_operator.py
[2023-01-09T17:18:50.344-0500] {processor.py:753} INFO - DAG(s) dict_keys(['example_branch_operator']) retrieved from /Library/Frameworks/Python.framework/Versions/3.9/lib/python3.9/site-packages/airflow/example_dags/example_branch_operator.py
[2023-01-09T17:18:51.120-0500] {processor.py:153} INFO - Started process (PID=43219) to work on /Library/Frameworks/Python.framework/Versions/3.9/lib/python3.9/site-packages/airflow/example_dags/example_branch_operator.py
[2023-01-09T17:18:51.125-0500] {processor.py:743} INFO - Processing file /Library/Frameworks/Python.framework/Versions/3.9/lib/python3.9/site-packages/airflow/example_dags/example_branch_operator.py for tasks to queue
[2023-01-09T17:18:51.126-0500] {logging_mixin.py:137} INFO - [2023-01-09T17:18:51.126-0500] {dagbag.py:538} INFO - Filling up the DagBag from /Library/Frameworks/Python.framework/Versions/3.9/lib/python3.9/site-packages/airflow/example_dags/example_branch_operator.py
[2023-01-09T17:18:51.147-0500] {logging_mixin.py:137} INFO - [2023-01-09T17:18:51.147-0500] {dag.py:2676} INFO - Sync 1 DAGs
[2023-01-09T17:18:51.164-0500] {logging_mixin.py:137} INFO - [2023-01-09T17:18:51.164-0500] {dag.py:3423} INFO - Setting next_dagrun for example_branch_operator to 2023-01-08T00:00:00+00:00, run_after=2023-01-09T00:00:00+00:00
[2023-01-09T17:18:51.165-0500] {processor.py:753} INFO - DAG(s) dict_keys(['example_branch_operator']) retrieved from /Library/Frameworks/Python.framework/Versions/3.9/lib/python3.9/site-packages/airflow/example_dags/example_branch_operator.py
[2023-01-09T17:18:51.187-0500] {processor.py:175} INFO - Processing /Library/Frameworks/Python.framework/Versions/3.9/lib/python3.9/site-packages/airflow/example_dags/example_branch_operator.py took 0.892 seconds
[2023-01-09T17:18:51.908-0500] {logging_mixin.py:137} INFO - [2023-01-09T17:18:51.908-0500] {dag.py:2676} INFO - Sync 1 DAGs
[2023-01-09T17:18:51.925-0500] {logging_mixin.py:137} INFO - [2023-01-09T17:18:51.924-0500] {dag.py:3423} INFO - Setting next_dagrun for example_branch_operator to 2023-01-08T00:00:00+00:00, run_after=2023-01-09T00:00:00+00:00
[2023-01-09T17:18:51.956-0500] {processor.py:175} INFO - Processing /Library/Frameworks/Python.framework/Versions/3.9/lib/python3.9/site-packages/airflow/example_dags/example_branch_operator.py took 0.836 seconds
[2023-01-09T17:21:22.036-0500] {processor.py:153} INFO - Started process (PID=43352) to work on /Library/Frameworks/Python.framework/Versions/3.9/lib/python3.9/site-packages/airflow/example_dags/example_branch_operator.py
[2023-01-09T17:21:22.041-0500] {processor.py:743} INFO - Processing file /Library/Frameworks/Python.framework/Versions/3.9/lib/python3.9/site-packages/airflow/example_dags/example_branch_operator.py for tasks to queue
[2023-01-09T17:21:22.042-0500] {logging_mixin.py:137} INFO - [2023-01-09T17:21:22.042-0500] {dagbag.py:538} INFO - Filling up the DagBag from /Library/Frameworks/Python.framework/Versions/3.9/lib/python3.9/site-packages/airflow/example_dags/example_branch_operator.py
[2023-01-09T17:21:22.081-0500] {processor.py:753} INFO - DAG(s) dict_keys(['example_branch_operator']) retrieved from /Library/Frameworks/Python.framework/Versions/3.9/lib/python3.9/site-packages/airflow/example_dags/example_branch_operator.py
[2023-01-09T17:21:22.803-0500] {logging_mixin.py:137} INFO - [2023-01-09T17:21:22.803-0500] {dag.py:2676} INFO - Sync 1 DAGs
[2023-01-09T17:21:22.821-0500] {logging_mixin.py:137} INFO - [2023-01-09T17:21:22.821-0500] {dag.py:3423} INFO - Setting next_dagrun for example_branch_operator to 2023-01-08T00:00:00+00:00, run_after=2023-01-09T00:00:00+00:00
[2023-01-09T17:21:22.840-0500] {processor.py:175} INFO - Processing /Library/Frameworks/Python.framework/Versions/3.9/lib/python3.9/site-packages/airflow/example_dags/example_branch_operator.py took 0.805 seconds
[2023-01-09T17:21:23.208-0500] {processor.py:153} INFO - Started process (PID=43353) to work on /Library/Frameworks/Python.framework/Versions/3.9/lib/python3.9/site-packages/airflow/example_dags/example_branch_operator.py
[2023-01-09T17:21:23.213-0500] {processor.py:743} INFO - Processing file /Library/Frameworks/Python.framework/Versions/3.9/lib/python3.9/site-packages/airflow/example_dags/example_branch_operator.py for tasks to queue
[2023-01-09T17:21:23.213-0500] {logging_mixin.py:137} INFO - [2023-01-09T17:21:23.213-0500] {dagbag.py:538} INFO - Filling up the DagBag from /Library/Frameworks/Python.framework/Versions/3.9/lib/python3.9/site-packages/airflow/example_dags/example_branch_operator.py
[2023-01-09T17:21:23.251-0500] {processor.py:753} INFO - DAG(s) dict_keys(['example_branch_operator']) retrieved from /Library/Frameworks/Python.framework/Versions/3.9/lib/python3.9/site-packages/airflow/example_dags/example_branch_operator.py
[2023-01-09T17:21:24.018-0500] {logging_mixin.py:137} INFO - [2023-01-09T17:21:24.018-0500] {dag.py:2676} INFO - Sync 1 DAGs
[2023-01-09T17:21:24.036-0500] {logging_mixin.py:137} INFO - [2023-01-09T17:21:24.036-0500] {dag.py:3423} INFO - Setting next_dagrun for example_branch_operator to 2023-01-08T00:00:00+00:00, run_after=2023-01-09T00:00:00+00:00
[2023-01-09T17:21:24.059-0500] {processor.py:175} INFO - Processing /Library/Frameworks/Python.framework/Versions/3.9/lib/python3.9/site-packages/airflow/example_dags/example_branch_operator.py took 0.852 seconds
[2023-01-09T17:44:13.386-0500] {processor.py:153} INFO - Started process (PID=43705) to work on /Library/Frameworks/Python.framework/Versions/3.9/lib/python3.9/site-packages/airflow/example_dags/example_branch_operator.py
[2023-01-09T17:44:13.386-0500] {processor.py:153} INFO - Started process (PID=43704) to work on /Library/Frameworks/Python.framework/Versions/3.9/lib/python3.9/site-packages/airflow/example_dags/example_branch_operator.py
[2023-01-09T17:44:13.393-0500] {processor.py:743} INFO - Processing file /Library/Frameworks/Python.framework/Versions/3.9/lib/python3.9/site-packages/airflow/example_dags/example_branch_operator.py for tasks to queue
[2023-01-09T17:44:13.393-0500] {processor.py:743} INFO - Processing file /Library/Frameworks/Python.framework/Versions/3.9/lib/python3.9/site-packages/airflow/example_dags/example_branch_operator.py for tasks to queue
[2023-01-09T17:44:13.393-0500] {logging_mixin.py:137} INFO - [2023-01-09T17:44:13.393-0500] {dagbag.py:538} INFO - Filling up the DagBag from /Library/Frameworks/Python.framework/Versions/3.9/lib/python3.9/site-packages/airflow/example_dags/example_branch_operator.py
[2023-01-09T17:44:13.394-0500] {logging_mixin.py:137} INFO - [2023-01-09T17:44:13.393-0500] {dagbag.py:538} INFO - Filling up the DagBag from /Library/Frameworks/Python.framework/Versions/3.9/lib/python3.9/site-packages/airflow/example_dags/example_branch_operator.py
[2023-01-09T17:44:13.456-0500] {processor.py:753} INFO - DAG(s) dict_keys(['example_branch_operator']) retrieved from /Library/Frameworks/Python.framework/Versions/3.9/lib/python3.9/site-packages/airflow/example_dags/example_branch_operator.py
[2023-01-09T17:44:13.456-0500] {processor.py:753} INFO - DAG(s) dict_keys(['example_branch_operator']) retrieved from /Library/Frameworks/Python.framework/Versions/3.9/lib/python3.9/site-packages/airflow/example_dags/example_branch_operator.py
[2023-01-09T17:44:14.484-0500] {logging_mixin.py:137} INFO - [2023-01-09T17:44:14.484-0500] {dag.py:2676} INFO - Sync 1 DAGs
[2023-01-09T17:44:14.485-0500] {logging_mixin.py:137} INFO - [2023-01-09T17:44:14.485-0500] {dag.py:2676} INFO - Sync 1 DAGs
[2023-01-09T17:44:14.502-0500] {logging_mixin.py:137} INFO - [2023-01-09T17:44:14.502-0500] {dag.py:3423} INFO - Setting next_dagrun for example_branch_operator to 2023-01-08T00:00:00+00:00, run_after=2023-01-09T00:00:00+00:00
[2023-01-09T17:44:14.502-0500] {logging_mixin.py:137} INFO - [2023-01-09T17:44:14.502-0500] {dag.py:3423} INFO - Setting next_dagrun for example_branch_operator to 2023-01-08T00:00:00+00:00, run_after=2023-01-09T00:00:00+00:00
[2023-01-09T17:44:14.524-0500] {processor.py:175} INFO - Processing /Library/Frameworks/Python.framework/Versions/3.9/lib/python3.9/site-packages/airflow/example_dags/example_branch_operator.py took 1.139 seconds
[2023-01-09T17:44:14.526-0500] {processor.py:175} INFO - Processing /Library/Frameworks/Python.framework/Versions/3.9/lib/python3.9/site-packages/airflow/example_dags/example_branch_operator.py took 1.142 seconds
[2023-01-09T18:31:34.936-0500] {processor.py:153} INFO - Started process (PID=44504) to work on /Library/Frameworks/Python.framework/Versions/3.9/lib/python3.9/site-packages/airflow/example_dags/example_branch_operator.py
[2023-01-09T18:31:34.936-0500] {processor.py:153} INFO - Started process (PID=44503) to work on /Library/Frameworks/Python.framework/Versions/3.9/lib/python3.9/site-packages/airflow/example_dags/example_branch_operator.py
[2023-01-09T18:31:34.941-0500] {processor.py:743} INFO - Processing file /Library/Frameworks/Python.framework/Versions/3.9/lib/python3.9/site-packages/airflow/example_dags/example_branch_operator.py for tasks to queue
[2023-01-09T18:31:34.941-0500] {processor.py:743} INFO - Processing file /Library/Frameworks/Python.framework/Versions/3.9/lib/python3.9/site-packages/airflow/example_dags/example_branch_operator.py for tasks to queue
[2023-01-09T18:31:34.942-0500] {logging_mixin.py:137} INFO - [2023-01-09T18:31:34.942-0500] {dagbag.py:538} INFO - Filling up the DagBag from /Library/Frameworks/Python.framework/Versions/3.9/lib/python3.9/site-packages/airflow/example_dags/example_branch_operator.py
[2023-01-09T18:31:34.942-0500] {logging_mixin.py:137} INFO - [2023-01-09T18:31:34.942-0500] {dagbag.py:538} INFO - Filling up the DagBag from /Library/Frameworks/Python.framework/Versions/3.9/lib/python3.9/site-packages/airflow/example_dags/example_branch_operator.py
[2023-01-09T18:31:34.987-0500] {processor.py:753} INFO - DAG(s) dict_keys(['example_branch_operator']) retrieved from /Library/Frameworks/Python.framework/Versions/3.9/lib/python3.9/site-packages/airflow/example_dags/example_branch_operator.py
[2023-01-09T18:31:34.987-0500] {processor.py:753} INFO - DAG(s) dict_keys(['example_branch_operator']) retrieved from /Library/Frameworks/Python.framework/Versions/3.9/lib/python3.9/site-packages/airflow/example_dags/example_branch_operator.py
[2023-01-09T18:31:35.715-0500] {logging_mixin.py:137} INFO - [2023-01-09T18:31:35.715-0500] {dag.py:2676} INFO - Sync 1 DAGs
[2023-01-09T18:31:35.715-0500] {logging_mixin.py:137} INFO - [2023-01-09T18:31:35.715-0500] {dag.py:2676} INFO - Sync 1 DAGs
[2023-01-09T18:31:35.734-0500] {logging_mixin.py:137} INFO - [2023-01-09T18:31:35.734-0500] {dag.py:3423} INFO - Setting next_dagrun for example_branch_operator to 2023-01-08T00:00:00+00:00, run_after=2023-01-09T00:00:00+00:00
[2023-01-09T18:31:35.734-0500] {logging_mixin.py:137} INFO - [2023-01-09T18:31:35.734-0500] {dag.py:3423} INFO - Setting next_dagrun for example_branch_operator to 2023-01-08T00:00:00+00:00, run_after=2023-01-09T00:00:00+00:00
[2023-01-09T18:31:35.755-0500] {processor.py:175} INFO - Processing /Library/Frameworks/Python.framework/Versions/3.9/lib/python3.9/site-packages/airflow/example_dags/example_branch_operator.py took 0.820 seconds
[2023-01-09T18:31:35.758-0500] {processor.py:175} INFO - Processing /Library/Frameworks/Python.framework/Versions/3.9/lib/python3.9/site-packages/airflow/example_dags/example_branch_operator.py took 0.822 seconds
[2023-01-09T18:34:14.449-0500] {processor.py:153} INFO - Started process (PID=44660) to work on /Library/Frameworks/Python.framework/Versions/3.9/lib/python3.9/site-packages/airflow/example_dags/example_branch_operator.py
[2023-01-09T18:34:14.455-0500] {processor.py:743} INFO - Processing file /Library/Frameworks/Python.framework/Versions/3.9/lib/python3.9/site-packages/airflow/example_dags/example_branch_operator.py for tasks to queue
[2023-01-09T18:34:14.455-0500] {logging_mixin.py:137} INFO - [2023-01-09T18:34:14.455-0500] {dagbag.py:538} INFO - Filling up the DagBag from /Library/Frameworks/Python.framework/Versions/3.9/lib/python3.9/site-packages/airflow/example_dags/example_branch_operator.py
[2023-01-09T18:34:14.497-0500] {processor.py:753} INFO - DAG(s) dict_keys(['example_branch_operator']) retrieved from /Library/Frameworks/Python.framework/Versions/3.9/lib/python3.9/site-packages/airflow/example_dags/example_branch_operator.py
[2023-01-09T18:34:15.215-0500] {logging_mixin.py:137} INFO - [2023-01-09T18:34:15.215-0500] {dag.py:2676} INFO - Sync 1 DAGs
[2023-01-09T18:34:15.232-0500] {logging_mixin.py:137} INFO - [2023-01-09T18:34:15.232-0500] {dag.py:3423} INFO - Setting next_dagrun for example_branch_operator to 2023-01-08T00:00:00+00:00, run_after=2023-01-09T00:00:00+00:00
[2023-01-09T18:34:15.251-0500] {processor.py:175} INFO - Processing /Library/Frameworks/Python.framework/Versions/3.9/lib/python3.9/site-packages/airflow/example_dags/example_branch_operator.py took 0.803 seconds
[2023-01-09T18:34:20.590-0500] {processor.py:153} INFO - Started process (PID=44666) to work on /Library/Frameworks/Python.framework/Versions/3.9/lib/python3.9/site-packages/airflow/example_dags/example_branch_operator.py
[2023-01-09T18:34:20.594-0500] {processor.py:743} INFO - Processing file /Library/Frameworks/Python.framework/Versions/3.9/lib/python3.9/site-packages/airflow/example_dags/example_branch_operator.py for tasks to queue
[2023-01-09T18:34:20.595-0500] {logging_mixin.py:137} INFO - [2023-01-09T18:34:20.595-0500] {dagbag.py:538} INFO - Filling up the DagBag from /Library/Frameworks/Python.framework/Versions/3.9/lib/python3.9/site-packages/airflow/example_dags/example_branch_operator.py
[2023-01-09T18:34:20.635-0500] {processor.py:753} INFO - DAG(s) dict_keys(['example_branch_operator']) retrieved from /Library/Frameworks/Python.framework/Versions/3.9/lib/python3.9/site-packages/airflow/example_dags/example_branch_operator.py
[2023-01-09T18:34:21.341-0500] {logging_mixin.py:137} INFO - [2023-01-09T18:34:21.341-0500] {dag.py:2676} INFO - Sync 1 DAGs
[2023-01-09T18:34:21.358-0500] {logging_mixin.py:137} INFO - [2023-01-09T18:34:21.358-0500] {dag.py:3423} INFO - Setting next_dagrun for example_branch_operator to 2023-01-08T00:00:00+00:00, run_after=2023-01-09T00:00:00+00:00
[2023-01-09T18:34:21.383-0500] {processor.py:175} INFO - Processing /Library/Frameworks/Python.framework/Versions/3.9/lib/python3.9/site-packages/airflow/example_dags/example_branch_operator.py took 0.794 seconds
[2023-01-09T18:37:00.885-0500] {processor.py:153} INFO - Started process (PID=44798) to work on /Library/Frameworks/Python.framework/Versions/3.9/lib/python3.9/site-packages/airflow/example_dags/example_branch_operator.py
[2023-01-09T18:37:00.890-0500] {processor.py:743} INFO - Processing file /Library/Frameworks/Python.framework/Versions/3.9/lib/python3.9/site-packages/airflow/example_dags/example_branch_operator.py for tasks to queue
[2023-01-09T18:37:00.891-0500] {logging_mixin.py:137} INFO - [2023-01-09T18:37:00.891-0500] {dagbag.py:538} INFO - Filling up the DagBag from /Library/Frameworks/Python.framework/Versions/3.9/lib/python3.9/site-packages/airflow/example_dags/example_branch_operator.py
[2023-01-09T18:37:00.932-0500] {processor.py:753} INFO - DAG(s) dict_keys(['example_branch_operator']) retrieved from /Library/Frameworks/Python.framework/Versions/3.9/lib/python3.9/site-packages/airflow/example_dags/example_branch_operator.py
[2023-01-09T18:37:01.643-0500] {logging_mixin.py:137} INFO - [2023-01-09T18:37:01.643-0500] {dag.py:2676} INFO - Sync 1 DAGs
[2023-01-09T18:37:01.660-0500] {logging_mixin.py:137} INFO - [2023-01-09T18:37:01.660-0500] {dag.py:3423} INFO - Setting next_dagrun for example_branch_operator to 2023-01-08T00:00:00+00:00, run_after=2023-01-09T00:00:00+00:00
[2023-01-09T18:37:01.679-0500] {processor.py:175} INFO - Processing /Library/Frameworks/Python.framework/Versions/3.9/lib/python3.9/site-packages/airflow/example_dags/example_branch_operator.py took 0.794 seconds
[2023-01-09T18:37:03.929-0500] {processor.py:153} INFO - Started process (PID=44802) to work on /Library/Frameworks/Python.framework/Versions/3.9/lib/python3.9/site-packages/airflow/example_dags/example_branch_operator.py
[2023-01-09T18:37:03.934-0500] {processor.py:743} INFO - Processing file /Library/Frameworks/Python.framework/Versions/3.9/lib/python3.9/site-packages/airflow/example_dags/example_branch_operator.py for tasks to queue
[2023-01-09T18:37:03.935-0500] {logging_mixin.py:137} INFO - [2023-01-09T18:37:03.934-0500] {dagbag.py:538} INFO - Filling up the DagBag from /Library/Frameworks/Python.framework/Versions/3.9/lib/python3.9/site-packages/airflow/example_dags/example_branch_operator.py
[2023-01-09T18:37:03.975-0500] {processor.py:753} INFO - DAG(s) dict_keys(['example_branch_operator']) retrieved from /Library/Frameworks/Python.framework/Versions/3.9/lib/python3.9/site-packages/airflow/example_dags/example_branch_operator.py
[2023-01-09T18:37:04.694-0500] {logging_mixin.py:137} INFO - [2023-01-09T18:37:04.693-0500] {dag.py:2676} INFO - Sync 1 DAGs
[2023-01-09T18:37:04.715-0500] {logging_mixin.py:137} INFO - [2023-01-09T18:37:04.715-0500] {dag.py:3423} INFO - Setting next_dagrun for example_branch_operator to 2023-01-08T00:00:00+00:00, run_after=2023-01-09T00:00:00+00:00
[2023-01-09T18:37:04.736-0500] {processor.py:175} INFO - Processing /Library/Frameworks/Python.framework/Versions/3.9/lib/python3.9/site-packages/airflow/example_dags/example_branch_operator.py took 0.808 seconds
[2023-01-09T18:39:37.148-0500] {processor.py:153} INFO - Started process (PID=45042) to work on /Library/Frameworks/Python.framework/Versions/3.9/lib/python3.9/site-packages/airflow/example_dags/example_branch_operator.py
[2023-01-09T18:39:37.154-0500] {processor.py:743} INFO - Processing file /Library/Frameworks/Python.framework/Versions/3.9/lib/python3.9/site-packages/airflow/example_dags/example_branch_operator.py for tasks to queue
[2023-01-09T18:39:37.154-0500] {logging_mixin.py:137} INFO - [2023-01-09T18:39:37.154-0500] {dagbag.py:538} INFO - Filling up the DagBag from /Library/Frameworks/Python.framework/Versions/3.9/lib/python3.9/site-packages/airflow/example_dags/example_branch_operator.py
[2023-01-09T18:39:37.196-0500] {processor.py:753} INFO - DAG(s) dict_keys(['example_branch_operator']) retrieved from /Library/Frameworks/Python.framework/Versions/3.9/lib/python3.9/site-packages/airflow/example_dags/example_branch_operator.py
[2023-01-09T18:39:37.903-0500] {logging_mixin.py:137} INFO - [2023-01-09T18:39:37.903-0500] {dag.py:2676} INFO - Sync 1 DAGs
[2023-01-09T18:39:37.920-0500] {logging_mixin.py:137} INFO - [2023-01-09T18:39:37.919-0500] {dag.py:3423} INFO - Setting next_dagrun for example_branch_operator to 2023-01-08T00:00:00+00:00, run_after=2023-01-09T00:00:00+00:00
[2023-01-09T18:39:37.938-0500] {processor.py:175} INFO - Processing /Library/Frameworks/Python.framework/Versions/3.9/lib/python3.9/site-packages/airflow/example_dags/example_branch_operator.py took 0.790 seconds
[2023-01-09T18:39:40.135-0500] {processor.py:153} INFO - Started process (PID=45045) to work on /Library/Frameworks/Python.framework/Versions/3.9/lib/python3.9/site-packages/airflow/example_dags/example_branch_operator.py
[2023-01-09T18:39:40.140-0500] {processor.py:743} INFO - Processing file /Library/Frameworks/Python.framework/Versions/3.9/lib/python3.9/site-packages/airflow/example_dags/example_branch_operator.py for tasks to queue
[2023-01-09T18:39:40.141-0500] {logging_mixin.py:137} INFO - [2023-01-09T18:39:40.141-0500] {dagbag.py:538} INFO - Filling up the DagBag from /Library/Frameworks/Python.framework/Versions/3.9/lib/python3.9/site-packages/airflow/example_dags/example_branch_operator.py
[2023-01-09T18:39:40.180-0500] {processor.py:753} INFO - DAG(s) dict_keys(['example_branch_operator']) retrieved from /Library/Frameworks/Python.framework/Versions/3.9/lib/python3.9/site-packages/airflow/example_dags/example_branch_operator.py
[2023-01-09T18:39:40.909-0500] {logging_mixin.py:137} INFO - [2023-01-09T18:39:40.909-0500] {dag.py:2676} INFO - Sync 1 DAGs
[2023-01-09T18:39:40.925-0500] {logging_mixin.py:137} INFO - [2023-01-09T18:39:40.925-0500] {dag.py:3423} INFO - Setting next_dagrun for example_branch_operator to 2023-01-08T00:00:00+00:00, run_after=2023-01-09T00:00:00+00:00
[2023-01-09T18:39:40.945-0500] {processor.py:175} INFO - Processing /Library/Frameworks/Python.framework/Versions/3.9/lib/python3.9/site-packages/airflow/example_dags/example_branch_operator.py took 0.810 seconds
[2023-01-09T18:42:11.583-0500] {processor.py:153} INFO - Started process (PID=45186) to work on /Library/Frameworks/Python.framework/Versions/3.9/lib/python3.9/site-packages/airflow/example_dags/example_branch_operator.py
[2023-01-09T18:42:11.589-0500] {processor.py:743} INFO - Processing file /Library/Frameworks/Python.framework/Versions/3.9/lib/python3.9/site-packages/airflow/example_dags/example_branch_operator.py for tasks to queue
[2023-01-09T18:42:11.589-0500] {logging_mixin.py:137} INFO - [2023-01-09T18:42:11.589-0500] {dagbag.py:538} INFO - Filling up the DagBag from /Library/Frameworks/Python.framework/Versions/3.9/lib/python3.9/site-packages/airflow/example_dags/example_branch_operator.py
[2023-01-09T18:42:11.629-0500] {processor.py:753} INFO - DAG(s) dict_keys(['example_branch_operator']) retrieved from /Library/Frameworks/Python.framework/Versions/3.9/lib/python3.9/site-packages/airflow/example_dags/example_branch_operator.py
[2023-01-09T18:42:12.318-0500] {logging_mixin.py:137} INFO - [2023-01-09T18:42:12.317-0500] {dag.py:2676} INFO - Sync 1 DAGs
[2023-01-09T18:42:12.334-0500] {logging_mixin.py:137} INFO - [2023-01-09T18:42:12.334-0500] {dag.py:3423} INFO - Setting next_dagrun for example_branch_operator to 2023-01-08T00:00:00+00:00, run_after=2023-01-09T00:00:00+00:00
[2023-01-09T18:42:12.352-0500] {processor.py:175} INFO - Processing /Library/Frameworks/Python.framework/Versions/3.9/lib/python3.9/site-packages/airflow/example_dags/example_branch_operator.py took 0.769 seconds
[2023-01-09T18:42:18.263-0500] {processor.py:153} INFO - Started process (PID=45192) to work on /Library/Frameworks/Python.framework/Versions/3.9/lib/python3.9/site-packages/airflow/example_dags/example_branch_operator.py
[2023-01-09T18:42:18.268-0500] {processor.py:743} INFO - Processing file /Library/Frameworks/Python.framework/Versions/3.9/lib/python3.9/site-packages/airflow/example_dags/example_branch_operator.py for tasks to queue
[2023-01-09T18:42:18.268-0500] {logging_mixin.py:137} INFO - [2023-01-09T18:42:18.268-0500] {dagbag.py:538} INFO - Filling up the DagBag from /Library/Frameworks/Python.framework/Versions/3.9/lib/python3.9/site-packages/airflow/example_dags/example_branch_operator.py
[2023-01-09T18:42:18.306-0500] {processor.py:753} INFO - DAG(s) dict_keys(['example_branch_operator']) retrieved from /Library/Frameworks/Python.framework/Versions/3.9/lib/python3.9/site-packages/airflow/example_dags/example_branch_operator.py
[2023-01-09T18:42:19.085-0500] {logging_mixin.py:137} INFO - [2023-01-09T18:42:19.084-0500] {dag.py:2676} INFO - Sync 1 DAGs
[2023-01-09T18:42:19.103-0500] {logging_mixin.py:137} INFO - [2023-01-09T18:42:19.102-0500] {dag.py:3423} INFO - Setting next_dagrun for example_branch_operator to 2023-01-08T00:00:00+00:00, run_after=2023-01-09T00:00:00+00:00
[2023-01-09T18:42:19.124-0500] {processor.py:175} INFO - Processing /Library/Frameworks/Python.framework/Versions/3.9/lib/python3.9/site-packages/airflow/example_dags/example_branch_operator.py took 0.861 seconds
[2023-01-09T18:45:00.749-0500] {processor.py:153} INFO - Started process (PID=45418) to work on /Library/Frameworks/Python.framework/Versions/3.9/lib/python3.9/site-packages/airflow/example_dags/example_branch_operator.py
[2023-01-09T18:45:00.756-0500] {processor.py:743} INFO - Processing file /Library/Frameworks/Python.framework/Versions/3.9/lib/python3.9/site-packages/airflow/example_dags/example_branch_operator.py for tasks to queue
[2023-01-09T18:45:00.756-0500] {logging_mixin.py:137} INFO - [2023-01-09T18:45:00.756-0500] {dagbag.py:538} INFO - Filling up the DagBag from /Library/Frameworks/Python.framework/Versions/3.9/lib/python3.9/site-packages/airflow/example_dags/example_branch_operator.py
[2023-01-09T18:45:00.831-0500] {processor.py:753} INFO - DAG(s) dict_keys(['example_branch_operator']) retrieved from /Library/Frameworks/Python.framework/Versions/3.9/lib/python3.9/site-packages/airflow/example_dags/example_branch_operator.py
[2023-01-09T18:45:02.438-0500] {logging_mixin.py:137} INFO - [2023-01-09T18:45:02.438-0500] {dag.py:2676} INFO - Sync 1 DAGs
[2023-01-09T18:45:02.511-0500] {logging_mixin.py:137} INFO - [2023-01-09T18:45:02.510-0500] {dag.py:3423} INFO - Setting next_dagrun for example_branch_operator to 2023-01-08T00:00:00+00:00, run_after=2023-01-09T00:00:00+00:00
[2023-01-09T18:45:02.545-0500] {processor.py:175} INFO - Processing /Library/Frameworks/Python.framework/Versions/3.9/lib/python3.9/site-packages/airflow/example_dags/example_branch_operator.py took 1.797 seconds
[2023-01-09T18:45:09.863-0500] {processor.py:153} INFO - Started process (PID=45424) to work on /Library/Frameworks/Python.framework/Versions/3.9/lib/python3.9/site-packages/airflow/example_dags/example_branch_operator.py
[2023-01-09T18:45:09.869-0500] {processor.py:743} INFO - Processing file /Library/Frameworks/Python.framework/Versions/3.9/lib/python3.9/site-packages/airflow/example_dags/example_branch_operator.py for tasks to queue
[2023-01-09T18:45:09.869-0500] {logging_mixin.py:137} INFO - [2023-01-09T18:45:09.869-0500] {dagbag.py:538} INFO - Filling up the DagBag from /Library/Frameworks/Python.framework/Versions/3.9/lib/python3.9/site-packages/airflow/example_dags/example_branch_operator.py
[2023-01-09T18:45:09.939-0500] {processor.py:753} INFO - DAG(s) dict_keys(['example_branch_operator']) retrieved from /Library/Frameworks/Python.framework/Versions/3.9/lib/python3.9/site-packages/airflow/example_dags/example_branch_operator.py
[2023-01-09T18:45:11.231-0500] {logging_mixin.py:137} INFO - [2023-01-09T18:45:11.230-0500] {dag.py:2676} INFO - Sync 1 DAGs
[2023-01-09T18:45:11.261-0500] {logging_mixin.py:137} INFO - [2023-01-09T18:45:11.261-0500] {dag.py:3423} INFO - Setting next_dagrun for example_branch_operator to 2023-01-08T00:00:00+00:00, run_after=2023-01-09T00:00:00+00:00
[2023-01-09T18:45:11.290-0500] {processor.py:175} INFO - Processing /Library/Frameworks/Python.framework/Versions/3.9/lib/python3.9/site-packages/airflow/example_dags/example_branch_operator.py took 1.428 seconds
[2023-01-09T18:48:15.214-0500] {processor.py:153} INFO - Started process (PID=45598) to work on /Library/Frameworks/Python.framework/Versions/3.9/lib/python3.9/site-packages/airflow/example_dags/example_branch_operator.py
[2023-01-09T18:48:15.220-0500] {processor.py:743} INFO - Processing file /Library/Frameworks/Python.framework/Versions/3.9/lib/python3.9/site-packages/airflow/example_dags/example_branch_operator.py for tasks to queue
[2023-01-09T18:48:15.220-0500] {logging_mixin.py:137} INFO - [2023-01-09T18:48:15.220-0500] {dagbag.py:538} INFO - Filling up the DagBag from /Library/Frameworks/Python.framework/Versions/3.9/lib/python3.9/site-packages/airflow/example_dags/example_branch_operator.py
[2023-01-09T18:48:15.265-0500] {processor.py:753} INFO - DAG(s) dict_keys(['example_branch_operator']) retrieved from /Library/Frameworks/Python.framework/Versions/3.9/lib/python3.9/site-packages/airflow/example_dags/example_branch_operator.py
[2023-01-09T18:48:16.091-0500] {logging_mixin.py:137} INFO - [2023-01-09T18:48:16.091-0500] {dag.py:2676} INFO - Sync 1 DAGs
[2023-01-09T18:48:16.110-0500] {logging_mixin.py:137} INFO - [2023-01-09T18:48:16.110-0500] {dag.py:3423} INFO - Setting next_dagrun for example_branch_operator to 2023-01-08T00:00:00+00:00, run_after=2023-01-09T00:00:00+00:00
[2023-01-09T18:48:16.129-0500] {processor.py:175} INFO - Processing /Library/Frameworks/Python.framework/Versions/3.9/lib/python3.9/site-packages/airflow/example_dags/example_branch_operator.py took 0.916 seconds
[2023-01-09T18:48:22.526-0500] {processor.py:153} INFO - Started process (PID=45643) to work on /Library/Frameworks/Python.framework/Versions/3.9/lib/python3.9/site-packages/airflow/example_dags/example_branch_operator.py
[2023-01-09T18:48:22.532-0500] {processor.py:743} INFO - Processing file /Library/Frameworks/Python.framework/Versions/3.9/lib/python3.9/site-packages/airflow/example_dags/example_branch_operator.py for tasks to queue
[2023-01-09T18:48:22.533-0500] {logging_mixin.py:137} INFO - [2023-01-09T18:48:22.532-0500] {dagbag.py:538} INFO - Filling up the DagBag from /Library/Frameworks/Python.framework/Versions/3.9/lib/python3.9/site-packages/airflow/example_dags/example_branch_operator.py
[2023-01-09T18:48:22.581-0500] {processor.py:753} INFO - DAG(s) dict_keys(['example_branch_operator']) retrieved from /Library/Frameworks/Python.framework/Versions/3.9/lib/python3.9/site-packages/airflow/example_dags/example_branch_operator.py
[2023-01-09T18:48:23.449-0500] {logging_mixin.py:137} INFO - [2023-01-09T18:48:23.449-0500] {dag.py:2676} INFO - Sync 1 DAGs
[2023-01-09T18:48:23.469-0500] {logging_mixin.py:137} INFO - [2023-01-09T18:48:23.469-0500] {dag.py:3423} INFO - Setting next_dagrun for example_branch_operator to 2023-01-08T00:00:00+00:00, run_after=2023-01-09T00:00:00+00:00
[2023-01-09T18:48:23.494-0500] {processor.py:175} INFO - Processing /Library/Frameworks/Python.framework/Versions/3.9/lib/python3.9/site-packages/airflow/example_dags/example_branch_operator.py took 0.968 seconds
[2023-01-09T18:51:05.823-0500] {processor.py:153} INFO - Started process (PID=45784) to work on /Library/Frameworks/Python.framework/Versions/3.9/lib/python3.9/site-packages/airflow/example_dags/example_branch_operator.py
[2023-01-09T18:51:05.829-0500] {processor.py:743} INFO - Processing file /Library/Frameworks/Python.framework/Versions/3.9/lib/python3.9/site-packages/airflow/example_dags/example_branch_operator.py for tasks to queue
[2023-01-09T18:51:05.829-0500] {logging_mixin.py:137} INFO - [2023-01-09T18:51:05.829-0500] {dagbag.py:538} INFO - Filling up the DagBag from /Library/Frameworks/Python.framework/Versions/3.9/lib/python3.9/site-packages/airflow/example_dags/example_branch_operator.py
[2023-01-09T18:51:05.869-0500] {processor.py:753} INFO - DAG(s) dict_keys(['example_branch_operator']) retrieved from /Library/Frameworks/Python.framework/Versions/3.9/lib/python3.9/site-packages/airflow/example_dags/example_branch_operator.py
[2023-01-09T18:51:06.654-0500] {logging_mixin.py:137} INFO - [2023-01-09T18:51:06.654-0500] {dag.py:2676} INFO - Sync 1 DAGs
[2023-01-09T18:51:06.672-0500] {logging_mixin.py:137} INFO - [2023-01-09T18:51:06.672-0500] {dag.py:3423} INFO - Setting next_dagrun for example_branch_operator to 2023-01-08T00:00:00+00:00, run_after=2023-01-09T00:00:00+00:00
[2023-01-09T18:51:06.690-0500] {processor.py:175} INFO - Processing /Library/Frameworks/Python.framework/Versions/3.9/lib/python3.9/site-packages/airflow/example_dags/example_branch_operator.py took 0.867 seconds
[2023-01-09T18:51:12.841-0500] {processor.py:153} INFO - Started process (PID=45789) to work on /Library/Frameworks/Python.framework/Versions/3.9/lib/python3.9/site-packages/airflow/example_dags/example_branch_operator.py
[2023-01-09T18:51:12.846-0500] {processor.py:743} INFO - Processing file /Library/Frameworks/Python.framework/Versions/3.9/lib/python3.9/site-packages/airflow/example_dags/example_branch_operator.py for tasks to queue
[2023-01-09T18:51:12.846-0500] {logging_mixin.py:137} INFO - [2023-01-09T18:51:12.846-0500] {dagbag.py:538} INFO - Filling up the DagBag from /Library/Frameworks/Python.framework/Versions/3.9/lib/python3.9/site-packages/airflow/example_dags/example_branch_operator.py
[2023-01-09T18:51:12.885-0500] {processor.py:753} INFO - DAG(s) dict_keys(['example_branch_operator']) retrieved from /Library/Frameworks/Python.framework/Versions/3.9/lib/python3.9/site-packages/airflow/example_dags/example_branch_operator.py
[2023-01-09T18:51:13.699-0500] {logging_mixin.py:137} INFO - [2023-01-09T18:51:13.699-0500] {dag.py:2676} INFO - Sync 1 DAGs
[2023-01-09T18:51:13.716-0500] {logging_mixin.py:137} INFO - [2023-01-09T18:51:13.716-0500] {dag.py:3423} INFO - Setting next_dagrun for example_branch_operator to 2023-01-08T00:00:00+00:00, run_after=2023-01-09T00:00:00+00:00
[2023-01-09T18:51:13.735-0500] {processor.py:175} INFO - Processing /Library/Frameworks/Python.framework/Versions/3.9/lib/python3.9/site-packages/airflow/example_dags/example_branch_operator.py took 0.895 seconds
[2023-01-09T18:54:34.147-0500] {processor.py:153} INFO - Started process (PID=45959) to work on /Library/Frameworks/Python.framework/Versions/3.9/lib/python3.9/site-packages/airflow/example_dags/example_branch_operator.py
[2023-01-09T18:54:34.154-0500] {processor.py:743} INFO - Processing file /Library/Frameworks/Python.framework/Versions/3.9/lib/python3.9/site-packages/airflow/example_dags/example_branch_operator.py for tasks to queue
[2023-01-09T18:54:34.155-0500] {logging_mixin.py:137} INFO - [2023-01-09T18:54:34.155-0500] {dagbag.py:538} INFO - Filling up the DagBag from /Library/Frameworks/Python.framework/Versions/3.9/lib/python3.9/site-packages/airflow/example_dags/example_branch_operator.py
[2023-01-09T18:54:34.218-0500] {processor.py:753} INFO - DAG(s) dict_keys(['example_branch_operator']) retrieved from /Library/Frameworks/Python.framework/Versions/3.9/lib/python3.9/site-packages/airflow/example_dags/example_branch_operator.py
[2023-01-09T18:54:35.321-0500] {logging_mixin.py:137} INFO - [2023-01-09T18:54:35.321-0500] {dag.py:2676} INFO - Sync 1 DAGs
[2023-01-09T18:54:35.345-0500] {logging_mixin.py:137} INFO - [2023-01-09T18:54:35.344-0500] {dag.py:3423} INFO - Setting next_dagrun for example_branch_operator to 2023-01-08T00:00:00+00:00, run_after=2023-01-09T00:00:00+00:00
[2023-01-09T18:54:35.371-0500] {processor.py:175} INFO - Processing /Library/Frameworks/Python.framework/Versions/3.9/lib/python3.9/site-packages/airflow/example_dags/example_branch_operator.py took 1.226 seconds
[2023-01-09T18:54:56.854-0500] {processor.py:153} INFO - Started process (PID=45976) to work on /Library/Frameworks/Python.framework/Versions/3.9/lib/python3.9/site-packages/airflow/example_dags/example_branch_operator.py
[2023-01-09T18:54:56.866-0500] {processor.py:743} INFO - Processing file /Library/Frameworks/Python.framework/Versions/3.9/lib/python3.9/site-packages/airflow/example_dags/example_branch_operator.py for tasks to queue
[2023-01-09T18:54:56.867-0500] {logging_mixin.py:137} INFO - [2023-01-09T18:54:56.867-0500] {dagbag.py:538} INFO - Filling up the DagBag from /Library/Frameworks/Python.framework/Versions/3.9/lib/python3.9/site-packages/airflow/example_dags/example_branch_operator.py
[2023-01-09T18:54:56.952-0500] {processor.py:753} INFO - DAG(s) dict_keys(['example_branch_operator']) retrieved from /Library/Frameworks/Python.framework/Versions/3.9/lib/python3.9/site-packages/airflow/example_dags/example_branch_operator.py
[2023-01-09T18:55:00.112-0500] {logging_mixin.py:137} INFO - [2023-01-09T18:55:00.112-0500] {dag.py:2676} INFO - Sync 1 DAGs
[2023-01-09T18:55:00.269-0500] {logging_mixin.py:137} INFO - [2023-01-09T18:55:00.267-0500] {dag.py:3423} INFO - Setting next_dagrun for example_branch_operator to 2023-01-08T00:00:00+00:00, run_after=2023-01-09T00:00:00+00:00
[2023-01-09T18:55:00.317-0500] {processor.py:175} INFO - Processing /Library/Frameworks/Python.framework/Versions/3.9/lib/python3.9/site-packages/airflow/example_dags/example_branch_operator.py took 3.464 seconds
[2023-01-09T18:59:28.043-0500] {processor.py:153} INFO - Started process (PID=46197) to work on /Library/Frameworks/Python.framework/Versions/3.9/lib/python3.9/site-packages/airflow/example_dags/example_branch_operator.py
[2023-01-09T18:59:28.049-0500] {processor.py:743} INFO - Processing file /Library/Frameworks/Python.framework/Versions/3.9/lib/python3.9/site-packages/airflow/example_dags/example_branch_operator.py for tasks to queue
[2023-01-09T18:59:28.050-0500] {logging_mixin.py:137} INFO - [2023-01-09T18:59:28.050-0500] {dagbag.py:538} INFO - Filling up the DagBag from /Library/Frameworks/Python.framework/Versions/3.9/lib/python3.9/site-packages/airflow/example_dags/example_branch_operator.py
[2023-01-09T18:59:28.127-0500] {processor.py:753} INFO - DAG(s) dict_keys(['example_branch_operator']) retrieved from /Library/Frameworks/Python.framework/Versions/3.9/lib/python3.9/site-packages/airflow/example_dags/example_branch_operator.py
[2023-01-09T18:59:29.127-0500] {logging_mixin.py:137} INFO - [2023-01-09T18:59:29.127-0500] {dag.py:2676} INFO - Sync 1 DAGs
[2023-01-09T18:59:29.149-0500] {logging_mixin.py:137} INFO - [2023-01-09T18:59:29.149-0500] {dag.py:3423} INFO - Setting next_dagrun for example_branch_operator to 2023-01-08T00:00:00+00:00, run_after=2023-01-09T00:00:00+00:00
[2023-01-09T18:59:29.174-0500] {processor.py:175} INFO - Processing /Library/Frameworks/Python.framework/Versions/3.9/lib/python3.9/site-packages/airflow/example_dags/example_branch_operator.py took 1.132 seconds
[2023-01-09T18:59:39.261-0500] {processor.py:153} INFO - Started process (PID=46204) to work on /Library/Frameworks/Python.framework/Versions/3.9/lib/python3.9/site-packages/airflow/example_dags/example_branch_operator.py
[2023-01-09T18:59:39.266-0500] {processor.py:743} INFO - Processing file /Library/Frameworks/Python.framework/Versions/3.9/lib/python3.9/site-packages/airflow/example_dags/example_branch_operator.py for tasks to queue
[2023-01-09T18:59:39.267-0500] {logging_mixin.py:137} INFO - [2023-01-09T18:59:39.267-0500] {dagbag.py:538} INFO - Filling up the DagBag from /Library/Frameworks/Python.framework/Versions/3.9/lib/python3.9/site-packages/airflow/example_dags/example_branch_operator.py
[2023-01-09T18:59:39.335-0500] {processor.py:753} INFO - DAG(s) dict_keys(['example_branch_operator']) retrieved from /Library/Frameworks/Python.framework/Versions/3.9/lib/python3.9/site-packages/airflow/example_dags/example_branch_operator.py
[2023-01-09T18:59:40.277-0500] {logging_mixin.py:137} INFO - [2023-01-09T18:59:40.277-0500] {dag.py:2676} INFO - Sync 1 DAGs
[2023-01-09T18:59:40.298-0500] {logging_mixin.py:137} INFO - [2023-01-09T18:59:40.297-0500] {dag.py:3423} INFO - Setting next_dagrun for example_branch_operator to 2023-01-08T00:00:00+00:00, run_after=2023-01-09T00:00:00+00:00
[2023-01-09T18:59:40.320-0500] {processor.py:175} INFO - Processing /Library/Frameworks/Python.framework/Versions/3.9/lib/python3.9/site-packages/airflow/example_dags/example_branch_operator.py took 1.060 seconds
