[2023-01-09T16:47:19.513-0500] {processor.py:153} INFO - Started process (PID=39143) to work on /Library/Frameworks/Python.framework/Versions/3.9/lib/python3.9/site-packages/airflow/example_dags/example_kubernetes_executor.py
[2023-01-09T16:47:19.518-0500] {processor.py:743} INFO - Processing file /Library/Frameworks/Python.framework/Versions/3.9/lib/python3.9/site-packages/airflow/example_dags/example_kubernetes_executor.py for tasks to queue
[2023-01-09T16:47:19.519-0500] {logging_mixin.py:137} INFO - [2023-01-09T16:47:19.519-0500] {dagbag.py:538} INFO - Filling up the DagBag from /Library/Frameworks/Python.framework/Versions/3.9/lib/python3.9/site-packages/airflow/example_dags/example_kubernetes_executor.py
[2023-01-09T16:47:19.563-0500] {logging_mixin.py:137} INFO - [2023-01-09T16:47:19.563-0500] {example_kubernetes_executor.py:41} WARNING - The example_kubernetes_executor example DAG requires the kubernetes provider. Please install it with: pip install apache-airflow[cncf.kubernetes]
[2023-01-09T16:47:19.564-0500] {processor.py:755} WARNING - No viable dags retrieved from /Library/Frameworks/Python.framework/Versions/3.9/lib/python3.9/site-packages/airflow/example_dags/example_kubernetes_executor.py
[2023-01-09T16:47:20.244-0500] {processor.py:175} INFO - Processing /Library/Frameworks/Python.framework/Versions/3.9/lib/python3.9/site-packages/airflow/example_dags/example_kubernetes_executor.py took 0.732 seconds
[2023-01-09T16:49:16.820-0500] {processor.py:153} INFO - Started process (PID=39273) to work on /Library/Frameworks/Python.framework/Versions/3.9/lib/python3.9/site-packages/airflow/example_dags/example_kubernetes_executor.py
[2023-01-09T16:49:16.826-0500] {processor.py:743} INFO - Processing file /Library/Frameworks/Python.framework/Versions/3.9/lib/python3.9/site-packages/airflow/example_dags/example_kubernetes_executor.py for tasks to queue
[2023-01-09T16:49:16.826-0500] {logging_mixin.py:137} INFO - [2023-01-09T16:49:16.826-0500] {dagbag.py:538} INFO - Filling up the DagBag from /Library/Frameworks/Python.framework/Versions/3.9/lib/python3.9/site-packages/airflow/example_dags/example_kubernetes_executor.py
[2023-01-09T16:49:16.868-0500] {logging_mixin.py:137} INFO - [2023-01-09T16:49:16.868-0500] {example_kubernetes_executor.py:41} WARNING - The example_kubernetes_executor example DAG requires the kubernetes provider. Please install it with: pip install apache-airflow[cncf.kubernetes]
[2023-01-09T16:49:16.868-0500] {processor.py:755} WARNING - No viable dags retrieved from /Library/Frameworks/Python.framework/Versions/3.9/lib/python3.9/site-packages/airflow/example_dags/example_kubernetes_executor.py
[2023-01-09T16:49:17.556-0500] {processor.py:175} INFO - Processing /Library/Frameworks/Python.framework/Versions/3.9/lib/python3.9/site-packages/airflow/example_dags/example_kubernetes_executor.py took 0.736 seconds
[2023-01-09T16:52:08.904-0500] {processor.py:153} INFO - Started process (PID=39365) to work on /Library/Frameworks/Python.framework/Versions/3.9/lib/python3.9/site-packages/airflow/example_dags/example_kubernetes_executor.py
[2023-01-09T16:52:08.909-0500] {processor.py:743} INFO - Processing file /Library/Frameworks/Python.framework/Versions/3.9/lib/python3.9/site-packages/airflow/example_dags/example_kubernetes_executor.py for tasks to queue
[2023-01-09T16:52:08.909-0500] {logging_mixin.py:137} INFO - [2023-01-09T16:52:08.909-0500] {dagbag.py:538} INFO - Filling up the DagBag from /Library/Frameworks/Python.framework/Versions/3.9/lib/python3.9/site-packages/airflow/example_dags/example_kubernetes_executor.py
[2023-01-09T16:52:08.952-0500] {logging_mixin.py:137} INFO - [2023-01-09T16:52:08.952-0500] {example_kubernetes_executor.py:41} WARNING - The example_kubernetes_executor example DAG requires the kubernetes provider. Please install it with: pip install apache-airflow[cncf.kubernetes]
[2023-01-09T16:52:08.952-0500] {processor.py:755} WARNING - No viable dags retrieved from /Library/Frameworks/Python.framework/Versions/3.9/lib/python3.9/site-packages/airflow/example_dags/example_kubernetes_executor.py
[2023-01-09T16:52:09.583-0500] {processor.py:175} INFO - Processing /Library/Frameworks/Python.framework/Versions/3.9/lib/python3.9/site-packages/airflow/example_dags/example_kubernetes_executor.py took 0.681 seconds
[2023-01-09T16:54:55.423-0500] {processor.py:153} INFO - Started process (PID=39465) to work on /Library/Frameworks/Python.framework/Versions/3.9/lib/python3.9/site-packages/airflow/example_dags/example_kubernetes_executor.py
[2023-01-09T16:54:55.429-0500] {processor.py:743} INFO - Processing file /Library/Frameworks/Python.framework/Versions/3.9/lib/python3.9/site-packages/airflow/example_dags/example_kubernetes_executor.py for tasks to queue
[2023-01-09T16:54:55.429-0500] {logging_mixin.py:137} INFO - [2023-01-09T16:54:55.429-0500] {dagbag.py:538} INFO - Filling up the DagBag from /Library/Frameworks/Python.framework/Versions/3.9/lib/python3.9/site-packages/airflow/example_dags/example_kubernetes_executor.py
[2023-01-09T16:54:55.472-0500] {logging_mixin.py:137} INFO - [2023-01-09T16:54:55.471-0500] {example_kubernetes_executor.py:41} WARNING - The example_kubernetes_executor example DAG requires the kubernetes provider. Please install it with: pip install apache-airflow[cncf.kubernetes]
[2023-01-09T16:54:55.472-0500] {processor.py:755} WARNING - No viable dags retrieved from /Library/Frameworks/Python.framework/Versions/3.9/lib/python3.9/site-packages/airflow/example_dags/example_kubernetes_executor.py
[2023-01-09T16:54:56.164-0500] {processor.py:175} INFO - Processing /Library/Frameworks/Python.framework/Versions/3.9/lib/python3.9/site-packages/airflow/example_dags/example_kubernetes_executor.py took 0.742 seconds
[2023-01-09T16:57:47.103-0500] {processor.py:153} INFO - Started process (PID=40987) to work on /Library/Frameworks/Python.framework/Versions/3.9/lib/python3.9/site-packages/airflow/example_dags/example_kubernetes_executor.py
[2023-01-09T16:57:47.110-0500] {processor.py:743} INFO - Processing file /Library/Frameworks/Python.framework/Versions/3.9/lib/python3.9/site-packages/airflow/example_dags/example_kubernetes_executor.py for tasks to queue
[2023-01-09T16:57:47.111-0500] {logging_mixin.py:137} INFO - [2023-01-09T16:57:47.111-0500] {dagbag.py:538} INFO - Filling up the DagBag from /Library/Frameworks/Python.framework/Versions/3.9/lib/python3.9/site-packages/airflow/example_dags/example_kubernetes_executor.py
[2023-01-09T16:57:47.159-0500] {logging_mixin.py:137} INFO - [2023-01-09T16:57:47.158-0500] {example_kubernetes_executor.py:41} WARNING - The example_kubernetes_executor example DAG requires the kubernetes provider. Please install it with: pip install apache-airflow[cncf.kubernetes]
[2023-01-09T16:57:47.159-0500] {processor.py:755} WARNING - No viable dags retrieved from /Library/Frameworks/Python.framework/Versions/3.9/lib/python3.9/site-packages/airflow/example_dags/example_kubernetes_executor.py
[2023-01-09T16:57:48.055-0500] {processor.py:175} INFO - Processing /Library/Frameworks/Python.framework/Versions/3.9/lib/python3.9/site-packages/airflow/example_dags/example_kubernetes_executor.py took 0.952 seconds
[2023-01-09T17:00:33.569-0500] {processor.py:153} INFO - Started process (PID=41294) to work on /Library/Frameworks/Python.framework/Versions/3.9/lib/python3.9/site-packages/airflow/example_dags/example_kubernetes_executor.py
[2023-01-09T17:00:33.574-0500] {processor.py:743} INFO - Processing file /Library/Frameworks/Python.framework/Versions/3.9/lib/python3.9/site-packages/airflow/example_dags/example_kubernetes_executor.py for tasks to queue
[2023-01-09T17:00:33.574-0500] {logging_mixin.py:137} INFO - [2023-01-09T17:00:33.574-0500] {dagbag.py:538} INFO - Filling up the DagBag from /Library/Frameworks/Python.framework/Versions/3.9/lib/python3.9/site-packages/airflow/example_dags/example_kubernetes_executor.py
[2023-01-09T17:00:33.617-0500] {logging_mixin.py:137} INFO - [2023-01-09T17:00:33.616-0500] {example_kubernetes_executor.py:41} WARNING - The example_kubernetes_executor example DAG requires the kubernetes provider. Please install it with: pip install apache-airflow[cncf.kubernetes]
[2023-01-09T17:00:33.617-0500] {processor.py:755} WARNING - No viable dags retrieved from /Library/Frameworks/Python.framework/Versions/3.9/lib/python3.9/site-packages/airflow/example_dags/example_kubernetes_executor.py
[2023-01-09T17:00:34.289-0500] {processor.py:175} INFO - Processing /Library/Frameworks/Python.framework/Versions/3.9/lib/python3.9/site-packages/airflow/example_dags/example_kubernetes_executor.py took 0.721 seconds
[2023-01-09T17:03:45.940-0500] {processor.py:153} INFO - Started process (PID=41546) to work on /Library/Frameworks/Python.framework/Versions/3.9/lib/python3.9/site-packages/airflow/example_dags/example_kubernetes_executor.py
[2023-01-09T17:03:45.946-0500] {processor.py:743} INFO - Processing file /Library/Frameworks/Python.framework/Versions/3.9/lib/python3.9/site-packages/airflow/example_dags/example_kubernetes_executor.py for tasks to queue
[2023-01-09T17:03:45.946-0500] {logging_mixin.py:137} INFO - [2023-01-09T17:03:45.946-0500] {dagbag.py:538} INFO - Filling up the DagBag from /Library/Frameworks/Python.framework/Versions/3.9/lib/python3.9/site-packages/airflow/example_dags/example_kubernetes_executor.py
[2023-01-09T17:03:45.989-0500] {logging_mixin.py:137} INFO - [2023-01-09T17:03:45.989-0500] {example_kubernetes_executor.py:41} WARNING - The example_kubernetes_executor example DAG requires the kubernetes provider. Please install it with: pip install apache-airflow[cncf.kubernetes]
[2023-01-09T17:03:45.989-0500] {processor.py:755} WARNING - No viable dags retrieved from /Library/Frameworks/Python.framework/Versions/3.9/lib/python3.9/site-packages/airflow/example_dags/example_kubernetes_executor.py
[2023-01-09T17:03:46.834-0500] {processor.py:175} INFO - Processing /Library/Frameworks/Python.framework/Versions/3.9/lib/python3.9/site-packages/airflow/example_dags/example_kubernetes_executor.py took 0.894 seconds
[2023-01-09T17:06:44.565-0500] {processor.py:153} INFO - Started process (PID=41897) to work on /Library/Frameworks/Python.framework/Versions/3.9/lib/python3.9/site-packages/airflow/example_dags/example_kubernetes_executor.py
[2023-01-09T17:06:44.571-0500] {processor.py:743} INFO - Processing file /Library/Frameworks/Python.framework/Versions/3.9/lib/python3.9/site-packages/airflow/example_dags/example_kubernetes_executor.py for tasks to queue
[2023-01-09T17:06:44.571-0500] {logging_mixin.py:137} INFO - [2023-01-09T17:06:44.571-0500] {dagbag.py:538} INFO - Filling up the DagBag from /Library/Frameworks/Python.framework/Versions/3.9/lib/python3.9/site-packages/airflow/example_dags/example_kubernetes_executor.py
[2023-01-09T17:06:44.616-0500] {logging_mixin.py:137} INFO - [2023-01-09T17:06:44.615-0500] {example_kubernetes_executor.py:41} WARNING - The example_kubernetes_executor example DAG requires the kubernetes provider. Please install it with: pip install apache-airflow[cncf.kubernetes]
[2023-01-09T17:06:44.616-0500] {processor.py:755} WARNING - No viable dags retrieved from /Library/Frameworks/Python.framework/Versions/3.9/lib/python3.9/site-packages/airflow/example_dags/example_kubernetes_executor.py
[2023-01-09T17:06:45.298-0500] {processor.py:175} INFO - Processing /Library/Frameworks/Python.framework/Versions/3.9/lib/python3.9/site-packages/airflow/example_dags/example_kubernetes_executor.py took 0.734 seconds
[2023-01-09T17:09:32.614-0500] {processor.py:153} INFO - Started process (PID=42159) to work on /Library/Frameworks/Python.framework/Versions/3.9/lib/python3.9/site-packages/airflow/example_dags/example_kubernetes_executor.py
[2023-01-09T17:09:32.619-0500] {processor.py:743} INFO - Processing file /Library/Frameworks/Python.framework/Versions/3.9/lib/python3.9/site-packages/airflow/example_dags/example_kubernetes_executor.py for tasks to queue
[2023-01-09T17:09:32.620-0500] {logging_mixin.py:137} INFO - [2023-01-09T17:09:32.619-0500] {dagbag.py:538} INFO - Filling up the DagBag from /Library/Frameworks/Python.framework/Versions/3.9/lib/python3.9/site-packages/airflow/example_dags/example_kubernetes_executor.py
[2023-01-09T17:09:32.663-0500] {logging_mixin.py:137} INFO - [2023-01-09T17:09:32.663-0500] {example_kubernetes_executor.py:41} WARNING - The example_kubernetes_executor example DAG requires the kubernetes provider. Please install it with: pip install apache-airflow[cncf.kubernetes]
[2023-01-09T17:09:32.664-0500] {processor.py:755} WARNING - No viable dags retrieved from /Library/Frameworks/Python.framework/Versions/3.9/lib/python3.9/site-packages/airflow/example_dags/example_kubernetes_executor.py
[2023-01-09T17:09:33.322-0500] {processor.py:175} INFO - Processing /Library/Frameworks/Python.framework/Versions/3.9/lib/python3.9/site-packages/airflow/example_dags/example_kubernetes_executor.py took 0.709 seconds
[2023-01-09T17:12:17.116-0500] {processor.py:153} INFO - Started process (PID=42450) to work on /Library/Frameworks/Python.framework/Versions/3.9/lib/python3.9/site-packages/airflow/example_dags/example_kubernetes_executor.py
[2023-01-09T17:12:17.121-0500] {processor.py:743} INFO - Processing file /Library/Frameworks/Python.framework/Versions/3.9/lib/python3.9/site-packages/airflow/example_dags/example_kubernetes_executor.py for tasks to queue
[2023-01-09T17:12:17.121-0500] {logging_mixin.py:137} INFO - [2023-01-09T17:12:17.121-0500] {dagbag.py:538} INFO - Filling up the DagBag from /Library/Frameworks/Python.framework/Versions/3.9/lib/python3.9/site-packages/airflow/example_dags/example_kubernetes_executor.py
[2023-01-09T17:12:17.167-0500] {logging_mixin.py:137} INFO - [2023-01-09T17:12:17.167-0500] {example_kubernetes_executor.py:41} WARNING - The example_kubernetes_executor example DAG requires the kubernetes provider. Please install it with: pip install apache-airflow[cncf.kubernetes]
[2023-01-09T17:12:17.167-0500] {processor.py:755} WARNING - No viable dags retrieved from /Library/Frameworks/Python.framework/Versions/3.9/lib/python3.9/site-packages/airflow/example_dags/example_kubernetes_executor.py
[2023-01-09T17:12:17.879-0500] {processor.py:175} INFO - Processing /Library/Frameworks/Python.framework/Versions/3.9/lib/python3.9/site-packages/airflow/example_dags/example_kubernetes_executor.py took 0.764 seconds
[2023-01-09T17:13:18.385-0500] {processor.py:153} INFO - Started process (PID=42564) to work on /Library/Frameworks/Python.framework/Versions/3.9/lib/python3.9/site-packages/airflow/example_dags/example_kubernetes_executor.py
[2023-01-09T17:13:18.390-0500] {processor.py:743} INFO - Processing file /Library/Frameworks/Python.framework/Versions/3.9/lib/python3.9/site-packages/airflow/example_dags/example_kubernetes_executor.py for tasks to queue
[2023-01-09T17:13:18.391-0500] {logging_mixin.py:137} INFO - [2023-01-09T17:13:18.391-0500] {dagbag.py:538} INFO - Filling up the DagBag from /Library/Frameworks/Python.framework/Versions/3.9/lib/python3.9/site-packages/airflow/example_dags/example_kubernetes_executor.py
[2023-01-09T17:13:18.435-0500] {logging_mixin.py:137} INFO - [2023-01-09T17:13:18.435-0500] {example_kubernetes_executor.py:41} WARNING - The example_kubernetes_executor example DAG requires the kubernetes provider. Please install it with: pip install apache-airflow[cncf.kubernetes]
[2023-01-09T17:13:18.435-0500] {processor.py:755} WARNING - No viable dags retrieved from /Library/Frameworks/Python.framework/Versions/3.9/lib/python3.9/site-packages/airflow/example_dags/example_kubernetes_executor.py
[2023-01-09T17:13:19.160-0500] {processor.py:175} INFO - Processing /Library/Frameworks/Python.framework/Versions/3.9/lib/python3.9/site-packages/airflow/example_dags/example_kubernetes_executor.py took 0.776 seconds
[2023-01-09T17:15:01.778-0500] {processor.py:153} INFO - Started process (PID=42689) to work on /Library/Frameworks/Python.framework/Versions/3.9/lib/python3.9/site-packages/airflow/example_dags/example_kubernetes_executor.py
[2023-01-09T17:15:01.785-0500] {processor.py:743} INFO - Processing file /Library/Frameworks/Python.framework/Versions/3.9/lib/python3.9/site-packages/airflow/example_dags/example_kubernetes_executor.py for tasks to queue
[2023-01-09T17:15:01.785-0500] {logging_mixin.py:137} INFO - [2023-01-09T17:15:01.785-0500] {dagbag.py:538} INFO - Filling up the DagBag from /Library/Frameworks/Python.framework/Versions/3.9/lib/python3.9/site-packages/airflow/example_dags/example_kubernetes_executor.py
[2023-01-09T17:15:01.831-0500] {logging_mixin.py:137} INFO - [2023-01-09T17:15:01.830-0500] {example_kubernetes_executor.py:41} WARNING - The example_kubernetes_executor example DAG requires the kubernetes provider. Please install it with: pip install apache-airflow[cncf.kubernetes]
[2023-01-09T17:15:01.831-0500] {processor.py:755} WARNING - No viable dags retrieved from /Library/Frameworks/Python.framework/Versions/3.9/lib/python3.9/site-packages/airflow/example_dags/example_kubernetes_executor.py
[2023-01-09T17:15:02.484-0500] {processor.py:175} INFO - Processing /Library/Frameworks/Python.framework/Versions/3.9/lib/python3.9/site-packages/airflow/example_dags/example_kubernetes_executor.py took 0.706 seconds
[2023-01-09T17:15:06.824-0500] {processor.py:153} INFO - Started process (PID=42692) to work on /Library/Frameworks/Python.framework/Versions/3.9/lib/python3.9/site-packages/airflow/example_dags/example_kubernetes_executor.py
[2023-01-09T17:15:06.828-0500] {processor.py:743} INFO - Processing file /Library/Frameworks/Python.framework/Versions/3.9/lib/python3.9/site-packages/airflow/example_dags/example_kubernetes_executor.py for tasks to queue
[2023-01-09T17:15:06.829-0500] {logging_mixin.py:137} INFO - [2023-01-09T17:15:06.829-0500] {dagbag.py:538} INFO - Filling up the DagBag from /Library/Frameworks/Python.framework/Versions/3.9/lib/python3.9/site-packages/airflow/example_dags/example_kubernetes_executor.py
[2023-01-09T17:15:06.869-0500] {logging_mixin.py:137} INFO - [2023-01-09T17:15:06.869-0500] {example_kubernetes_executor.py:41} WARNING - The example_kubernetes_executor example DAG requires the kubernetes provider. Please install it with: pip install apache-airflow[cncf.kubernetes]
[2023-01-09T17:15:06.869-0500] {processor.py:755} WARNING - No viable dags retrieved from /Library/Frameworks/Python.framework/Versions/3.9/lib/python3.9/site-packages/airflow/example_dags/example_kubernetes_executor.py
[2023-01-09T17:15:07.486-0500] {processor.py:175} INFO - Processing /Library/Frameworks/Python.framework/Versions/3.9/lib/python3.9/site-packages/airflow/example_dags/example_kubernetes_executor.py took 0.663 seconds
[2023-01-09T17:17:35.572-0500] {processor.py:153} INFO - Started process (PID=43147) to work on /Library/Frameworks/Python.framework/Versions/3.9/lib/python3.9/site-packages/airflow/example_dags/example_kubernetes_executor.py
[2023-01-09T17:17:35.577-0500] {processor.py:743} INFO - Processing file /Library/Frameworks/Python.framework/Versions/3.9/lib/python3.9/site-packages/airflow/example_dags/example_kubernetes_executor.py for tasks to queue
[2023-01-09T17:17:35.577-0500] {logging_mixin.py:137} INFO - [2023-01-09T17:17:35.577-0500] {dagbag.py:538} INFO - Filling up the DagBag from /Library/Frameworks/Python.framework/Versions/3.9/lib/python3.9/site-packages/airflow/example_dags/example_kubernetes_executor.py
[2023-01-09T17:17:35.621-0500] {logging_mixin.py:137} INFO - [2023-01-09T17:17:35.621-0500] {example_kubernetes_executor.py:41} WARNING - The example_kubernetes_executor example DAG requires the kubernetes provider. Please install it with: pip install apache-airflow[cncf.kubernetes]
[2023-01-09T17:17:35.621-0500] {processor.py:755} WARNING - No viable dags retrieved from /Library/Frameworks/Python.framework/Versions/3.9/lib/python3.9/site-packages/airflow/example_dags/example_kubernetes_executor.py
[2023-01-09T17:17:36.251-0500] {processor.py:175} INFO - Processing /Library/Frameworks/Python.framework/Versions/3.9/lib/python3.9/site-packages/airflow/example_dags/example_kubernetes_executor.py took 0.680 seconds
[2023-01-09T17:17:43.970-0500] {processor.py:153} INFO - Started process (PID=43160) to work on /Library/Frameworks/Python.framework/Versions/3.9/lib/python3.9/site-packages/airflow/example_dags/example_kubernetes_executor.py
[2023-01-09T17:17:43.975-0500] {processor.py:743} INFO - Processing file /Library/Frameworks/Python.framework/Versions/3.9/lib/python3.9/site-packages/airflow/example_dags/example_kubernetes_executor.py for tasks to queue
[2023-01-09T17:17:43.976-0500] {logging_mixin.py:137} INFO - [2023-01-09T17:17:43.975-0500] {dagbag.py:538} INFO - Filling up the DagBag from /Library/Frameworks/Python.framework/Versions/3.9/lib/python3.9/site-packages/airflow/example_dags/example_kubernetes_executor.py
[2023-01-09T17:17:44.016-0500] {logging_mixin.py:137} INFO - [2023-01-09T17:17:44.016-0500] {example_kubernetes_executor.py:41} WARNING - The example_kubernetes_executor example DAG requires the kubernetes provider. Please install it with: pip install apache-airflow[cncf.kubernetes]
[2023-01-09T17:17:44.017-0500] {processor.py:755} WARNING - No viable dags retrieved from /Library/Frameworks/Python.framework/Versions/3.9/lib/python3.9/site-packages/airflow/example_dags/example_kubernetes_executor.py
[2023-01-09T17:17:44.624-0500] {processor.py:175} INFO - Processing /Library/Frameworks/Python.framework/Versions/3.9/lib/python3.9/site-packages/airflow/example_dags/example_kubernetes_executor.py took 0.655 seconds
[2023-01-09T17:20:05.366-0500] {processor.py:153} INFO - Started process (PID=43275) to work on /Library/Frameworks/Python.framework/Versions/3.9/lib/python3.9/site-packages/airflow/example_dags/example_kubernetes_executor.py
[2023-01-09T17:20:05.372-0500] {processor.py:743} INFO - Processing file /Library/Frameworks/Python.framework/Versions/3.9/lib/python3.9/site-packages/airflow/example_dags/example_kubernetes_executor.py for tasks to queue
[2023-01-09T17:20:05.372-0500] {logging_mixin.py:137} INFO - [2023-01-09T17:20:05.372-0500] {dagbag.py:538} INFO - Filling up the DagBag from /Library/Frameworks/Python.framework/Versions/3.9/lib/python3.9/site-packages/airflow/example_dags/example_kubernetes_executor.py
[2023-01-09T17:20:05.413-0500] {logging_mixin.py:137} INFO - [2023-01-09T17:20:05.413-0500] {example_kubernetes_executor.py:41} WARNING - The example_kubernetes_executor example DAG requires the kubernetes provider. Please install it with: pip install apache-airflow[cncf.kubernetes]
[2023-01-09T17:20:05.413-0500] {processor.py:755} WARNING - No viable dags retrieved from /Library/Frameworks/Python.framework/Versions/3.9/lib/python3.9/site-packages/airflow/example_dags/example_kubernetes_executor.py
[2023-01-09T17:20:06.062-0500] {processor.py:175} INFO - Processing /Library/Frameworks/Python.framework/Versions/3.9/lib/python3.9/site-packages/airflow/example_dags/example_kubernetes_executor.py took 0.697 seconds
[2023-01-09T17:20:15.658-0500] {processor.py:153} INFO - Started process (PID=43286) to work on /Library/Frameworks/Python.framework/Versions/3.9/lib/python3.9/site-packages/airflow/example_dags/example_kubernetes_executor.py
[2023-01-09T17:20:15.663-0500] {processor.py:743} INFO - Processing file /Library/Frameworks/Python.framework/Versions/3.9/lib/python3.9/site-packages/airflow/example_dags/example_kubernetes_executor.py for tasks to queue
[2023-01-09T17:20:15.663-0500] {logging_mixin.py:137} INFO - [2023-01-09T17:20:15.663-0500] {dagbag.py:538} INFO - Filling up the DagBag from /Library/Frameworks/Python.framework/Versions/3.9/lib/python3.9/site-packages/airflow/example_dags/example_kubernetes_executor.py
[2023-01-09T17:20:15.703-0500] {logging_mixin.py:137} INFO - [2023-01-09T17:20:15.703-0500] {example_kubernetes_executor.py:41} WARNING - The example_kubernetes_executor example DAG requires the kubernetes provider. Please install it with: pip install apache-airflow[cncf.kubernetes]
[2023-01-09T17:20:15.704-0500] {processor.py:755} WARNING - No viable dags retrieved from /Library/Frameworks/Python.framework/Versions/3.9/lib/python3.9/site-packages/airflow/example_dags/example_kubernetes_executor.py
[2023-01-09T17:20:16.369-0500] {processor.py:175} INFO - Processing /Library/Frameworks/Python.framework/Versions/3.9/lib/python3.9/site-packages/airflow/example_dags/example_kubernetes_executor.py took 0.712 seconds
[2023-01-09T17:22:37.755-0500] {processor.py:153} INFO - Started process (PID=43447) to work on /Library/Frameworks/Python.framework/Versions/3.9/lib/python3.9/site-packages/airflow/example_dags/example_kubernetes_executor.py
[2023-01-09T17:22:37.760-0500] {processor.py:743} INFO - Processing file /Library/Frameworks/Python.framework/Versions/3.9/lib/python3.9/site-packages/airflow/example_dags/example_kubernetes_executor.py for tasks to queue
[2023-01-09T17:22:37.761-0500] {logging_mixin.py:137} INFO - [2023-01-09T17:22:37.761-0500] {dagbag.py:538} INFO - Filling up the DagBag from /Library/Frameworks/Python.framework/Versions/3.9/lib/python3.9/site-packages/airflow/example_dags/example_kubernetes_executor.py
[2023-01-09T17:22:37.801-0500] {logging_mixin.py:137} INFO - [2023-01-09T17:22:37.801-0500] {example_kubernetes_executor.py:41} WARNING - The example_kubernetes_executor example DAG requires the kubernetes provider. Please install it with: pip install apache-airflow[cncf.kubernetes]
[2023-01-09T17:22:37.801-0500] {processor.py:755} WARNING - No viable dags retrieved from /Library/Frameworks/Python.framework/Versions/3.9/lib/python3.9/site-packages/airflow/example_dags/example_kubernetes_executor.py
[2023-01-09T17:22:38.422-0500] {processor.py:175} INFO - Processing /Library/Frameworks/Python.framework/Versions/3.9/lib/python3.9/site-packages/airflow/example_dags/example_kubernetes_executor.py took 0.668 seconds
[2023-01-09T17:22:46.628-0500] {processor.py:153} INFO - Started process (PID=43455) to work on /Library/Frameworks/Python.framework/Versions/3.9/lib/python3.9/site-packages/airflow/example_dags/example_kubernetes_executor.py
[2023-01-09T17:22:46.633-0500] {processor.py:743} INFO - Processing file /Library/Frameworks/Python.framework/Versions/3.9/lib/python3.9/site-packages/airflow/example_dags/example_kubernetes_executor.py for tasks to queue
[2023-01-09T17:22:46.633-0500] {logging_mixin.py:137} INFO - [2023-01-09T17:22:46.633-0500] {dagbag.py:538} INFO - Filling up the DagBag from /Library/Frameworks/Python.framework/Versions/3.9/lib/python3.9/site-packages/airflow/example_dags/example_kubernetes_executor.py
[2023-01-09T17:22:46.676-0500] {logging_mixin.py:137} INFO - [2023-01-09T17:22:46.676-0500] {example_kubernetes_executor.py:41} WARNING - The example_kubernetes_executor example DAG requires the kubernetes provider. Please install it with: pip install apache-airflow[cncf.kubernetes]
[2023-01-09T17:22:46.676-0500] {processor.py:755} WARNING - No viable dags retrieved from /Library/Frameworks/Python.framework/Versions/3.9/lib/python3.9/site-packages/airflow/example_dags/example_kubernetes_executor.py
[2023-01-09T17:22:47.303-0500] {processor.py:175} INFO - Processing /Library/Frameworks/Python.framework/Versions/3.9/lib/python3.9/site-packages/airflow/example_dags/example_kubernetes_executor.py took 0.676 seconds
[2023-01-09T18:31:12.473-0500] {processor.py:153} INFO - Started process (PID=44462) to work on /Library/Frameworks/Python.framework/Versions/3.9/lib/python3.9/site-packages/airflow/example_dags/example_kubernetes_executor.py
[2023-01-09T18:31:12.473-0500] {processor.py:153} INFO - Started process (PID=44461) to work on /Library/Frameworks/Python.framework/Versions/3.9/lib/python3.9/site-packages/airflow/example_dags/example_kubernetes_executor.py
[2023-01-09T18:31:12.479-0500] {processor.py:743} INFO - Processing file /Library/Frameworks/Python.framework/Versions/3.9/lib/python3.9/site-packages/airflow/example_dags/example_kubernetes_executor.py for tasks to queue
[2023-01-09T18:31:12.479-0500] {processor.py:743} INFO - Processing file /Library/Frameworks/Python.framework/Versions/3.9/lib/python3.9/site-packages/airflow/example_dags/example_kubernetes_executor.py for tasks to queue
[2023-01-09T18:31:12.479-0500] {logging_mixin.py:137} INFO - [2023-01-09T18:31:12.479-0500] {dagbag.py:538} INFO - Filling up the DagBag from /Library/Frameworks/Python.framework/Versions/3.9/lib/python3.9/site-packages/airflow/example_dags/example_kubernetes_executor.py
[2023-01-09T18:31:12.479-0500] {logging_mixin.py:137} INFO - [2023-01-09T18:31:12.479-0500] {dagbag.py:538} INFO - Filling up the DagBag from /Library/Frameworks/Python.framework/Versions/3.9/lib/python3.9/site-packages/airflow/example_dags/example_kubernetes_executor.py
[2023-01-09T18:31:12.522-0500] {logging_mixin.py:137} INFO - [2023-01-09T18:31:12.522-0500] {example_kubernetes_executor.py:41} WARNING - The example_kubernetes_executor example DAG requires the kubernetes provider. Please install it with: pip install apache-airflow[cncf.kubernetes]
[2023-01-09T18:31:12.522-0500] {logging_mixin.py:137} INFO - [2023-01-09T18:31:12.522-0500] {example_kubernetes_executor.py:41} WARNING - The example_kubernetes_executor example DAG requires the kubernetes provider. Please install it with: pip install apache-airflow[cncf.kubernetes]
[2023-01-09T18:31:12.523-0500] {processor.py:755} WARNING - No viable dags retrieved from /Library/Frameworks/Python.framework/Versions/3.9/lib/python3.9/site-packages/airflow/example_dags/example_kubernetes_executor.py
[2023-01-09T18:31:12.523-0500] {processor.py:755} WARNING - No viable dags retrieved from /Library/Frameworks/Python.framework/Versions/3.9/lib/python3.9/site-packages/airflow/example_dags/example_kubernetes_executor.py
[2023-01-09T18:31:13.148-0500] {processor.py:175} INFO - Processing /Library/Frameworks/Python.framework/Versions/3.9/lib/python3.9/site-packages/airflow/example_dags/example_kubernetes_executor.py took 0.675 seconds
[2023-01-09T18:31:13.149-0500] {processor.py:175} INFO - Processing /Library/Frameworks/Python.framework/Versions/3.9/lib/python3.9/site-packages/airflow/example_dags/example_kubernetes_executor.py took 0.676 seconds
[2023-01-09T18:33:54.169-0500] {processor.py:153} INFO - Started process (PID=44645) to work on /Library/Frameworks/Python.framework/Versions/3.9/lib/python3.9/site-packages/airflow/example_dags/example_kubernetes_executor.py
[2023-01-09T18:33:54.175-0500] {processor.py:743} INFO - Processing file /Library/Frameworks/Python.framework/Versions/3.9/lib/python3.9/site-packages/airflow/example_dags/example_kubernetes_executor.py for tasks to queue
[2023-01-09T18:33:54.175-0500] {logging_mixin.py:137} INFO - [2023-01-09T18:33:54.175-0500] {dagbag.py:538} INFO - Filling up the DagBag from /Library/Frameworks/Python.framework/Versions/3.9/lib/python3.9/site-packages/airflow/example_dags/example_kubernetes_executor.py
[2023-01-09T18:33:54.219-0500] {logging_mixin.py:137} INFO - [2023-01-09T18:33:54.219-0500] {example_kubernetes_executor.py:41} WARNING - The example_kubernetes_executor example DAG requires the kubernetes provider. Please install it with: pip install apache-airflow[cncf.kubernetes]
[2023-01-09T18:33:54.219-0500] {processor.py:755} WARNING - No viable dags retrieved from /Library/Frameworks/Python.framework/Versions/3.9/lib/python3.9/site-packages/airflow/example_dags/example_kubernetes_executor.py
[2023-01-09T18:33:54.958-0500] {processor.py:175} INFO - Processing /Library/Frameworks/Python.framework/Versions/3.9/lib/python3.9/site-packages/airflow/example_dags/example_kubernetes_executor.py took 0.790 seconds
[2023-01-09T18:34:00.688-0500] {processor.py:153} INFO - Started process (PID=44651) to work on /Library/Frameworks/Python.framework/Versions/3.9/lib/python3.9/site-packages/airflow/example_dags/example_kubernetes_executor.py
[2023-01-09T18:34:00.693-0500] {processor.py:743} INFO - Processing file /Library/Frameworks/Python.framework/Versions/3.9/lib/python3.9/site-packages/airflow/example_dags/example_kubernetes_executor.py for tasks to queue
[2023-01-09T18:34:00.693-0500] {logging_mixin.py:137} INFO - [2023-01-09T18:34:00.693-0500] {dagbag.py:538} INFO - Filling up the DagBag from /Library/Frameworks/Python.framework/Versions/3.9/lib/python3.9/site-packages/airflow/example_dags/example_kubernetes_executor.py
[2023-01-09T18:34:00.734-0500] {logging_mixin.py:137} INFO - [2023-01-09T18:34:00.734-0500] {example_kubernetes_executor.py:41} WARNING - The example_kubernetes_executor example DAG requires the kubernetes provider. Please install it with: pip install apache-airflow[cncf.kubernetes]
[2023-01-09T18:34:00.734-0500] {processor.py:755} WARNING - No viable dags retrieved from /Library/Frameworks/Python.framework/Versions/3.9/lib/python3.9/site-packages/airflow/example_dags/example_kubernetes_executor.py
[2023-01-09T18:34:01.369-0500] {processor.py:175} INFO - Processing /Library/Frameworks/Python.framework/Versions/3.9/lib/python3.9/site-packages/airflow/example_dags/example_kubernetes_executor.py took 0.681 seconds
[2023-01-09T18:36:41.044-0500] {processor.py:153} INFO - Started process (PID=44778) to work on /Library/Frameworks/Python.framework/Versions/3.9/lib/python3.9/site-packages/airflow/example_dags/example_kubernetes_executor.py
[2023-01-09T18:36:41.050-0500] {processor.py:743} INFO - Processing file /Library/Frameworks/Python.framework/Versions/3.9/lib/python3.9/site-packages/airflow/example_dags/example_kubernetes_executor.py for tasks to queue
[2023-01-09T18:36:41.051-0500] {logging_mixin.py:137} INFO - [2023-01-09T18:36:41.050-0500] {dagbag.py:538} INFO - Filling up the DagBag from /Library/Frameworks/Python.framework/Versions/3.9/lib/python3.9/site-packages/airflow/example_dags/example_kubernetes_executor.py
[2023-01-09T18:36:41.095-0500] {logging_mixin.py:137} INFO - [2023-01-09T18:36:41.094-0500] {example_kubernetes_executor.py:41} WARNING - The example_kubernetes_executor example DAG requires the kubernetes provider. Please install it with: pip install apache-airflow[cncf.kubernetes]
[2023-01-09T18:36:41.095-0500] {processor.py:755} WARNING - No viable dags retrieved from /Library/Frameworks/Python.framework/Versions/3.9/lib/python3.9/site-packages/airflow/example_dags/example_kubernetes_executor.py
[2023-01-09T18:36:41.736-0500] {processor.py:175} INFO - Processing /Library/Frameworks/Python.framework/Versions/3.9/lib/python3.9/site-packages/airflow/example_dags/example_kubernetes_executor.py took 0.692 seconds
[2023-01-09T18:36:44.868-0500] {processor.py:153} INFO - Started process (PID=44782) to work on /Library/Frameworks/Python.framework/Versions/3.9/lib/python3.9/site-packages/airflow/example_dags/example_kubernetes_executor.py
[2023-01-09T18:36:44.873-0500] {processor.py:743} INFO - Processing file /Library/Frameworks/Python.framework/Versions/3.9/lib/python3.9/site-packages/airflow/example_dags/example_kubernetes_executor.py for tasks to queue
[2023-01-09T18:36:44.873-0500] {logging_mixin.py:137} INFO - [2023-01-09T18:36:44.873-0500] {dagbag.py:538} INFO - Filling up the DagBag from /Library/Frameworks/Python.framework/Versions/3.9/lib/python3.9/site-packages/airflow/example_dags/example_kubernetes_executor.py
[2023-01-09T18:36:44.916-0500] {logging_mixin.py:137} INFO - [2023-01-09T18:36:44.916-0500] {example_kubernetes_executor.py:41} WARNING - The example_kubernetes_executor example DAG requires the kubernetes provider. Please install it with: pip install apache-airflow[cncf.kubernetes]
[2023-01-09T18:36:44.917-0500] {processor.py:755} WARNING - No viable dags retrieved from /Library/Frameworks/Python.framework/Versions/3.9/lib/python3.9/site-packages/airflow/example_dags/example_kubernetes_executor.py
[2023-01-09T18:36:45.686-0500] {processor.py:175} INFO - Processing /Library/Frameworks/Python.framework/Versions/3.9/lib/python3.9/site-packages/airflow/example_dags/example_kubernetes_executor.py took 0.818 seconds
[2023-01-09T18:39:17.180-0500] {processor.py:153} INFO - Started process (PID=45024) to work on /Library/Frameworks/Python.framework/Versions/3.9/lib/python3.9/site-packages/airflow/example_dags/example_kubernetes_executor.py
[2023-01-09T18:39:17.185-0500] {processor.py:743} INFO - Processing file /Library/Frameworks/Python.framework/Versions/3.9/lib/python3.9/site-packages/airflow/example_dags/example_kubernetes_executor.py for tasks to queue
[2023-01-09T18:39:17.186-0500] {logging_mixin.py:137} INFO - [2023-01-09T18:39:17.186-0500] {dagbag.py:538} INFO - Filling up the DagBag from /Library/Frameworks/Python.framework/Versions/3.9/lib/python3.9/site-packages/airflow/example_dags/example_kubernetes_executor.py
[2023-01-09T18:39:17.230-0500] {logging_mixin.py:137} INFO - [2023-01-09T18:39:17.230-0500] {example_kubernetes_executor.py:41} WARNING - The example_kubernetes_executor example DAG requires the kubernetes provider. Please install it with: pip install apache-airflow[cncf.kubernetes]
[2023-01-09T18:39:17.230-0500] {processor.py:755} WARNING - No viable dags retrieved from /Library/Frameworks/Python.framework/Versions/3.9/lib/python3.9/site-packages/airflow/example_dags/example_kubernetes_executor.py
[2023-01-09T18:39:17.856-0500] {processor.py:175} INFO - Processing /Library/Frameworks/Python.framework/Versions/3.9/lib/python3.9/site-packages/airflow/example_dags/example_kubernetes_executor.py took 0.676 seconds
[2023-01-09T18:39:20.427-0500] {processor.py:153} INFO - Started process (PID=45028) to work on /Library/Frameworks/Python.framework/Versions/3.9/lib/python3.9/site-packages/airflow/example_dags/example_kubernetes_executor.py
[2023-01-09T18:39:20.432-0500] {processor.py:743} INFO - Processing file /Library/Frameworks/Python.framework/Versions/3.9/lib/python3.9/site-packages/airflow/example_dags/example_kubernetes_executor.py for tasks to queue
[2023-01-09T18:39:20.433-0500] {logging_mixin.py:137} INFO - [2023-01-09T18:39:20.433-0500] {dagbag.py:538} INFO - Filling up the DagBag from /Library/Frameworks/Python.framework/Versions/3.9/lib/python3.9/site-packages/airflow/example_dags/example_kubernetes_executor.py
[2023-01-09T18:39:20.477-0500] {logging_mixin.py:137} INFO - [2023-01-09T18:39:20.477-0500] {example_kubernetes_executor.py:41} WARNING - The example_kubernetes_executor example DAG requires the kubernetes provider. Please install it with: pip install apache-airflow[cncf.kubernetes]
[2023-01-09T18:39:20.477-0500] {processor.py:755} WARNING - No viable dags retrieved from /Library/Frameworks/Python.framework/Versions/3.9/lib/python3.9/site-packages/airflow/example_dags/example_kubernetes_executor.py
[2023-01-09T18:39:21.129-0500] {processor.py:175} INFO - Processing /Library/Frameworks/Python.framework/Versions/3.9/lib/python3.9/site-packages/airflow/example_dags/example_kubernetes_executor.py took 0.702 seconds
[2023-01-09T18:41:48.607-0500] {processor.py:153} INFO - Started process (PID=45167) to work on /Library/Frameworks/Python.framework/Versions/3.9/lib/python3.9/site-packages/airflow/example_dags/example_kubernetes_executor.py
[2023-01-09T18:41:48.614-0500] {processor.py:743} INFO - Processing file /Library/Frameworks/Python.framework/Versions/3.9/lib/python3.9/site-packages/airflow/example_dags/example_kubernetes_executor.py for tasks to queue
[2023-01-09T18:41:48.615-0500] {logging_mixin.py:137} INFO - [2023-01-09T18:41:48.615-0500] {dagbag.py:538} INFO - Filling up the DagBag from /Library/Frameworks/Python.framework/Versions/3.9/lib/python3.9/site-packages/airflow/example_dags/example_kubernetes_executor.py
[2023-01-09T18:41:48.685-0500] {logging_mixin.py:137} INFO - [2023-01-09T18:41:48.685-0500] {example_kubernetes_executor.py:41} WARNING - The example_kubernetes_executor example DAG requires the kubernetes provider. Please install it with: pip install apache-airflow[cncf.kubernetes]
[2023-01-09T18:41:48.686-0500] {processor.py:755} WARNING - No viable dags retrieved from /Library/Frameworks/Python.framework/Versions/3.9/lib/python3.9/site-packages/airflow/example_dags/example_kubernetes_executor.py
[2023-01-09T18:41:49.631-0500] {processor.py:175} INFO - Processing /Library/Frameworks/Python.framework/Versions/3.9/lib/python3.9/site-packages/airflow/example_dags/example_kubernetes_executor.py took 1.025 seconds
[2023-01-09T18:41:57.469-0500] {processor.py:153} INFO - Started process (PID=45174) to work on /Library/Frameworks/Python.framework/Versions/3.9/lib/python3.9/site-packages/airflow/example_dags/example_kubernetes_executor.py
[2023-01-09T18:41:57.474-0500] {processor.py:743} INFO - Processing file /Library/Frameworks/Python.framework/Versions/3.9/lib/python3.9/site-packages/airflow/example_dags/example_kubernetes_executor.py for tasks to queue
[2023-01-09T18:41:57.475-0500] {logging_mixin.py:137} INFO - [2023-01-09T18:41:57.475-0500] {dagbag.py:538} INFO - Filling up the DagBag from /Library/Frameworks/Python.framework/Versions/3.9/lib/python3.9/site-packages/airflow/example_dags/example_kubernetes_executor.py
[2023-01-09T18:41:57.524-0500] {logging_mixin.py:137} INFO - [2023-01-09T18:41:57.524-0500] {example_kubernetes_executor.py:41} WARNING - The example_kubernetes_executor example DAG requires the kubernetes provider. Please install it with: pip install apache-airflow[cncf.kubernetes]
[2023-01-09T18:41:57.524-0500] {processor.py:755} WARNING - No viable dags retrieved from /Library/Frameworks/Python.framework/Versions/3.9/lib/python3.9/site-packages/airflow/example_dags/example_kubernetes_executor.py
[2023-01-09T18:41:58.191-0500] {processor.py:175} INFO - Processing /Library/Frameworks/Python.framework/Versions/3.9/lib/python3.9/site-packages/airflow/example_dags/example_kubernetes_executor.py took 0.723 seconds
[2023-01-09T18:44:28.339-0500] {processor.py:153} INFO - Started process (PID=45299) to work on /Library/Frameworks/Python.framework/Versions/3.9/lib/python3.9/site-packages/airflow/example_dags/example_kubernetes_executor.py
[2023-01-09T18:44:28.348-0500] {processor.py:743} INFO - Processing file /Library/Frameworks/Python.framework/Versions/3.9/lib/python3.9/site-packages/airflow/example_dags/example_kubernetes_executor.py for tasks to queue
[2023-01-09T18:44:28.349-0500] {logging_mixin.py:137} INFO - [2023-01-09T18:44:28.349-0500] {dagbag.py:538} INFO - Filling up the DagBag from /Library/Frameworks/Python.framework/Versions/3.9/lib/python3.9/site-packages/airflow/example_dags/example_kubernetes_executor.py
[2023-01-09T18:44:28.417-0500] {logging_mixin.py:137} INFO - [2023-01-09T18:44:28.417-0500] {example_kubernetes_executor.py:41} WARNING - The example_kubernetes_executor example DAG requires the kubernetes provider. Please install it with: pip install apache-airflow[cncf.kubernetes]
[2023-01-09T18:44:28.417-0500] {processor.py:755} WARNING - No viable dags retrieved from /Library/Frameworks/Python.framework/Versions/3.9/lib/python3.9/site-packages/airflow/example_dags/example_kubernetes_executor.py
[2023-01-09T18:44:29.209-0500] {processor.py:175} INFO - Processing /Library/Frameworks/Python.framework/Versions/3.9/lib/python3.9/site-packages/airflow/example_dags/example_kubernetes_executor.py took 0.871 seconds
[2023-01-09T18:44:35.559-0500] {processor.py:153} INFO - Started process (PID=45365) to work on /Library/Frameworks/Python.framework/Versions/3.9/lib/python3.9/site-packages/airflow/example_dags/example_kubernetes_executor.py
[2023-01-09T18:44:35.564-0500] {processor.py:743} INFO - Processing file /Library/Frameworks/Python.framework/Versions/3.9/lib/python3.9/site-packages/airflow/example_dags/example_kubernetes_executor.py for tasks to queue
[2023-01-09T18:44:35.565-0500] {logging_mixin.py:137} INFO - [2023-01-09T18:44:35.564-0500] {dagbag.py:538} INFO - Filling up the DagBag from /Library/Frameworks/Python.framework/Versions/3.9/lib/python3.9/site-packages/airflow/example_dags/example_kubernetes_executor.py
[2023-01-09T18:44:35.618-0500] {logging_mixin.py:137} INFO - [2023-01-09T18:44:35.618-0500] {example_kubernetes_executor.py:41} WARNING - The example_kubernetes_executor example DAG requires the kubernetes provider. Please install it with: pip install apache-airflow[cncf.kubernetes]
[2023-01-09T18:44:35.619-0500] {processor.py:755} WARNING - No viable dags retrieved from /Library/Frameworks/Python.framework/Versions/3.9/lib/python3.9/site-packages/airflow/example_dags/example_kubernetes_executor.py
[2023-01-09T18:44:36.605-0500] {processor.py:175} INFO - Processing /Library/Frameworks/Python.framework/Versions/3.9/lib/python3.9/site-packages/airflow/example_dags/example_kubernetes_executor.py took 1.047 seconds
[2023-01-09T18:46:32.525-0500] {processor.py:153} INFO - Started process (PID=45505) to work on /Library/Frameworks/Python.framework/Versions/3.9/lib/python3.9/site-packages/airflow/example_dags/example_kubernetes_executor.py
[2023-01-09T18:46:32.535-0500] {processor.py:743} INFO - Processing file /Library/Frameworks/Python.framework/Versions/3.9/lib/python3.9/site-packages/airflow/example_dags/example_kubernetes_executor.py for tasks to queue
[2023-01-09T18:46:32.536-0500] {logging_mixin.py:137} INFO - [2023-01-09T18:46:32.536-0500] {dagbag.py:538} INFO - Filling up the DagBag from /Library/Frameworks/Python.framework/Versions/3.9/lib/python3.9/site-packages/airflow/example_dags/example_kubernetes_executor.py
[2023-01-09T18:46:32.607-0500] {logging_mixin.py:137} INFO - [2023-01-09T18:46:32.607-0500] {example_kubernetes_executor.py:41} WARNING - The example_kubernetes_executor example DAG requires the kubernetes provider. Please install it with: pip install apache-airflow[cncf.kubernetes]
[2023-01-09T18:46:32.608-0500] {processor.py:755} WARNING - No viable dags retrieved from /Library/Frameworks/Python.framework/Versions/3.9/lib/python3.9/site-packages/airflow/example_dags/example_kubernetes_executor.py
[2023-01-09T18:46:33.257-0500] {processor.py:175} INFO - Processing /Library/Frameworks/Python.framework/Versions/3.9/lib/python3.9/site-packages/airflow/example_dags/example_kubernetes_executor.py took 0.732 seconds
[2023-01-09T18:46:39.024-0500] {processor.py:153} INFO - Started process (PID=45513) to work on /Library/Frameworks/Python.framework/Versions/3.9/lib/python3.9/site-packages/airflow/example_dags/example_kubernetes_executor.py
[2023-01-09T18:46:39.030-0500] {processor.py:743} INFO - Processing file /Library/Frameworks/Python.framework/Versions/3.9/lib/python3.9/site-packages/airflow/example_dags/example_kubernetes_executor.py for tasks to queue
[2023-01-09T18:46:39.030-0500] {logging_mixin.py:137} INFO - [2023-01-09T18:46:39.030-0500] {dagbag.py:538} INFO - Filling up the DagBag from /Library/Frameworks/Python.framework/Versions/3.9/lib/python3.9/site-packages/airflow/example_dags/example_kubernetes_executor.py
[2023-01-09T18:46:39.084-0500] {logging_mixin.py:137} INFO - [2023-01-09T18:46:39.084-0500] {example_kubernetes_executor.py:41} WARNING - The example_kubernetes_executor example DAG requires the kubernetes provider. Please install it with: pip install apache-airflow[cncf.kubernetes]
[2023-01-09T18:46:39.084-0500] {processor.py:755} WARNING - No viable dags retrieved from /Library/Frameworks/Python.framework/Versions/3.9/lib/python3.9/site-packages/airflow/example_dags/example_kubernetes_executor.py
[2023-01-09T18:46:39.939-0500] {processor.py:175} INFO - Processing /Library/Frameworks/Python.framework/Versions/3.9/lib/python3.9/site-packages/airflow/example_dags/example_kubernetes_executor.py took 0.915 seconds
[2023-01-09T18:49:29.721-0500] {processor.py:153} INFO - Started process (PID=45710) to work on /Library/Frameworks/Python.framework/Versions/3.9/lib/python3.9/site-packages/airflow/example_dags/example_kubernetes_executor.py
[2023-01-09T18:49:29.728-0500] {processor.py:743} INFO - Processing file /Library/Frameworks/Python.framework/Versions/3.9/lib/python3.9/site-packages/airflow/example_dags/example_kubernetes_executor.py for tasks to queue
[2023-01-09T18:49:29.729-0500] {logging_mixin.py:137} INFO - [2023-01-09T18:49:29.729-0500] {dagbag.py:538} INFO - Filling up the DagBag from /Library/Frameworks/Python.framework/Versions/3.9/lib/python3.9/site-packages/airflow/example_dags/example_kubernetes_executor.py
[2023-01-09T18:49:29.780-0500] {logging_mixin.py:137} INFO - [2023-01-09T18:49:29.780-0500] {example_kubernetes_executor.py:41} WARNING - The example_kubernetes_executor example DAG requires the kubernetes provider. Please install it with: pip install apache-airflow[cncf.kubernetes]
[2023-01-09T18:49:29.780-0500] {processor.py:755} WARNING - No viable dags retrieved from /Library/Frameworks/Python.framework/Versions/3.9/lib/python3.9/site-packages/airflow/example_dags/example_kubernetes_executor.py
[2023-01-09T18:49:30.536-0500] {processor.py:175} INFO - Processing /Library/Frameworks/Python.framework/Versions/3.9/lib/python3.9/site-packages/airflow/example_dags/example_kubernetes_executor.py took 0.815 seconds
[2023-01-09T18:49:39.956-0500] {processor.py:153} INFO - Started process (PID=45717) to work on /Library/Frameworks/Python.framework/Versions/3.9/lib/python3.9/site-packages/airflow/example_dags/example_kubernetes_executor.py
[2023-01-09T18:49:39.962-0500] {processor.py:743} INFO - Processing file /Library/Frameworks/Python.framework/Versions/3.9/lib/python3.9/site-packages/airflow/example_dags/example_kubernetes_executor.py for tasks to queue
[2023-01-09T18:49:39.962-0500] {logging_mixin.py:137} INFO - [2023-01-09T18:49:39.962-0500] {dagbag.py:538} INFO - Filling up the DagBag from /Library/Frameworks/Python.framework/Versions/3.9/lib/python3.9/site-packages/airflow/example_dags/example_kubernetes_executor.py
[2023-01-09T18:49:40.007-0500] {logging_mixin.py:137} INFO - [2023-01-09T18:49:40.007-0500] {example_kubernetes_executor.py:41} WARNING - The example_kubernetes_executor example DAG requires the kubernetes provider. Please install it with: pip install apache-airflow[cncf.kubernetes]
[2023-01-09T18:49:40.007-0500] {processor.py:755} WARNING - No viable dags retrieved from /Library/Frameworks/Python.framework/Versions/3.9/lib/python3.9/site-packages/airflow/example_dags/example_kubernetes_executor.py
[2023-01-09T18:49:40.782-0500] {processor.py:175} INFO - Processing /Library/Frameworks/Python.framework/Versions/3.9/lib/python3.9/site-packages/airflow/example_dags/example_kubernetes_executor.py took 0.826 seconds
[2023-01-09T18:52:35.973-0500] {processor.py:153} INFO - Started process (PID=45889) to work on /Library/Frameworks/Python.framework/Versions/3.9/lib/python3.9/site-packages/airflow/example_dags/example_kubernetes_executor.py
[2023-01-09T18:52:35.981-0500] {processor.py:743} INFO - Processing file /Library/Frameworks/Python.framework/Versions/3.9/lib/python3.9/site-packages/airflow/example_dags/example_kubernetes_executor.py for tasks to queue
[2023-01-09T18:52:35.982-0500] {logging_mixin.py:137} INFO - [2023-01-09T18:52:35.982-0500] {dagbag.py:538} INFO - Filling up the DagBag from /Library/Frameworks/Python.framework/Versions/3.9/lib/python3.9/site-packages/airflow/example_dags/example_kubernetes_executor.py
[2023-01-09T18:52:36.045-0500] {logging_mixin.py:137} INFO - [2023-01-09T18:52:36.045-0500] {example_kubernetes_executor.py:41} WARNING - The example_kubernetes_executor example DAG requires the kubernetes provider. Please install it with: pip install apache-airflow[cncf.kubernetes]
[2023-01-09T18:52:36.045-0500] {processor.py:755} WARNING - No viable dags retrieved from /Library/Frameworks/Python.framework/Versions/3.9/lib/python3.9/site-packages/airflow/example_dags/example_kubernetes_executor.py
[2023-01-09T18:52:37.272-0500] {processor.py:175} INFO - Processing /Library/Frameworks/Python.framework/Versions/3.9/lib/python3.9/site-packages/airflow/example_dags/example_kubernetes_executor.py took 1.300 seconds
[2023-01-09T18:52:46.929-0500] {processor.py:153} INFO - Started process (PID=45894) to work on /Library/Frameworks/Python.framework/Versions/3.9/lib/python3.9/site-packages/airflow/example_dags/example_kubernetes_executor.py
[2023-01-09T18:52:46.935-0500] {processor.py:743} INFO - Processing file /Library/Frameworks/Python.framework/Versions/3.9/lib/python3.9/site-packages/airflow/example_dags/example_kubernetes_executor.py for tasks to queue
[2023-01-09T18:52:46.937-0500] {logging_mixin.py:137} INFO - [2023-01-09T18:52:46.936-0500] {dagbag.py:538} INFO - Filling up the DagBag from /Library/Frameworks/Python.framework/Versions/3.9/lib/python3.9/site-packages/airflow/example_dags/example_kubernetes_executor.py
[2023-01-09T18:52:46.995-0500] {logging_mixin.py:137} INFO - [2023-01-09T18:52:46.995-0500] {example_kubernetes_executor.py:41} WARNING - The example_kubernetes_executor example DAG requires the kubernetes provider. Please install it with: pip install apache-airflow[cncf.kubernetes]
[2023-01-09T18:52:46.996-0500] {processor.py:755} WARNING - No viable dags retrieved from /Library/Frameworks/Python.framework/Versions/3.9/lib/python3.9/site-packages/airflow/example_dags/example_kubernetes_executor.py
[2023-01-09T18:52:47.972-0500] {processor.py:175} INFO - Processing /Library/Frameworks/Python.framework/Versions/3.9/lib/python3.9/site-packages/airflow/example_dags/example_kubernetes_executor.py took 1.044 seconds
[2023-01-09T18:56:48.850-0500] {processor.py:153} INFO - Started process (PID=46053) to work on /Library/Frameworks/Python.framework/Versions/3.9/lib/python3.9/site-packages/airflow/example_dags/example_kubernetes_executor.py
[2023-01-09T18:56:48.857-0500] {processor.py:743} INFO - Processing file /Library/Frameworks/Python.framework/Versions/3.9/lib/python3.9/site-packages/airflow/example_dags/example_kubernetes_executor.py for tasks to queue
[2023-01-09T18:56:48.857-0500] {logging_mixin.py:137} INFO - [2023-01-09T18:56:48.857-0500] {dagbag.py:538} INFO - Filling up the DagBag from /Library/Frameworks/Python.framework/Versions/3.9/lib/python3.9/site-packages/airflow/example_dags/example_kubernetes_executor.py
[2023-01-09T18:56:48.950-0500] {logging_mixin.py:137} INFO - [2023-01-09T18:56:48.950-0500] {example_kubernetes_executor.py:41} WARNING - The example_kubernetes_executor example DAG requires the kubernetes provider. Please install it with: pip install apache-airflow[cncf.kubernetes]
[2023-01-09T18:56:48.950-0500] {processor.py:755} WARNING - No viable dags retrieved from /Library/Frameworks/Python.framework/Versions/3.9/lib/python3.9/site-packages/airflow/example_dags/example_kubernetes_executor.py
[2023-01-09T18:56:50.373-0500] {processor.py:175} INFO - Processing /Library/Frameworks/Python.framework/Versions/3.9/lib/python3.9/site-packages/airflow/example_dags/example_kubernetes_executor.py took 1.524 seconds
[2023-01-09T18:57:01.379-0500] {processor.py:153} INFO - Started process (PID=46059) to work on /Library/Frameworks/Python.framework/Versions/3.9/lib/python3.9/site-packages/airflow/example_dags/example_kubernetes_executor.py
[2023-01-09T18:57:01.389-0500] {processor.py:743} INFO - Processing file /Library/Frameworks/Python.framework/Versions/3.9/lib/python3.9/site-packages/airflow/example_dags/example_kubernetes_executor.py for tasks to queue
[2023-01-09T18:57:01.390-0500] {logging_mixin.py:137} INFO - [2023-01-09T18:57:01.390-0500] {dagbag.py:538} INFO - Filling up the DagBag from /Library/Frameworks/Python.framework/Versions/3.9/lib/python3.9/site-packages/airflow/example_dags/example_kubernetes_executor.py
[2023-01-09T18:57:01.739-0500] {logging_mixin.py:137} INFO - [2023-01-09T18:57:01.738-0500] {example_kubernetes_executor.py:41} WARNING - The example_kubernetes_executor example DAG requires the kubernetes provider. Please install it with: pip install apache-airflow[cncf.kubernetes]
[2023-01-09T18:57:01.739-0500] {processor.py:755} WARNING - No viable dags retrieved from /Library/Frameworks/Python.framework/Versions/3.9/lib/python3.9/site-packages/airflow/example_dags/example_kubernetes_executor.py
[2023-01-09T18:57:05.011-0500] {processor.py:175} INFO - Processing /Library/Frameworks/Python.framework/Versions/3.9/lib/python3.9/site-packages/airflow/example_dags/example_kubernetes_executor.py took 3.633 seconds
[2023-01-09T18:59:17.244-0500] {processor.py:153} INFO - Started process (PID=46189) to work on /Library/Frameworks/Python.framework/Versions/3.9/lib/python3.9/site-packages/airflow/example_dags/example_kubernetes_executor.py
[2023-01-09T18:59:17.252-0500] {processor.py:743} INFO - Processing file /Library/Frameworks/Python.framework/Versions/3.9/lib/python3.9/site-packages/airflow/example_dags/example_kubernetes_executor.py for tasks to queue
[2023-01-09T18:59:17.252-0500] {logging_mixin.py:137} INFO - [2023-01-09T18:59:17.252-0500] {dagbag.py:538} INFO - Filling up the DagBag from /Library/Frameworks/Python.framework/Versions/3.9/lib/python3.9/site-packages/airflow/example_dags/example_kubernetes_executor.py
[2023-01-09T18:59:17.321-0500] {logging_mixin.py:137} INFO - [2023-01-09T18:59:17.321-0500] {example_kubernetes_executor.py:41} WARNING - The example_kubernetes_executor example DAG requires the kubernetes provider. Please install it with: pip install apache-airflow[cncf.kubernetes]
[2023-01-09T18:59:17.322-0500] {processor.py:755} WARNING - No viable dags retrieved from /Library/Frameworks/Python.framework/Versions/3.9/lib/python3.9/site-packages/airflow/example_dags/example_kubernetes_executor.py
[2023-01-09T18:59:18.509-0500] {processor.py:175} INFO - Processing /Library/Frameworks/Python.framework/Versions/3.9/lib/python3.9/site-packages/airflow/example_dags/example_kubernetes_executor.py took 1.266 seconds
[2023-01-09T18:59:28.966-0500] {processor.py:153} INFO - Started process (PID=46198) to work on /Library/Frameworks/Python.framework/Versions/3.9/lib/python3.9/site-packages/airflow/example_dags/example_kubernetes_executor.py
[2023-01-09T18:59:28.972-0500] {processor.py:743} INFO - Processing file /Library/Frameworks/Python.framework/Versions/3.9/lib/python3.9/site-packages/airflow/example_dags/example_kubernetes_executor.py for tasks to queue
[2023-01-09T18:59:28.973-0500] {logging_mixin.py:137} INFO - [2023-01-09T18:59:28.973-0500] {dagbag.py:538} INFO - Filling up the DagBag from /Library/Frameworks/Python.framework/Versions/3.9/lib/python3.9/site-packages/airflow/example_dags/example_kubernetes_executor.py
[2023-01-09T18:59:29.027-0500] {logging_mixin.py:137} INFO - [2023-01-09T18:59:29.027-0500] {example_kubernetes_executor.py:41} WARNING - The example_kubernetes_executor example DAG requires the kubernetes provider. Please install it with: pip install apache-airflow[cncf.kubernetes]
[2023-01-09T18:59:29.028-0500] {processor.py:755} WARNING - No viable dags retrieved from /Library/Frameworks/Python.framework/Versions/3.9/lib/python3.9/site-packages/airflow/example_dags/example_kubernetes_executor.py
[2023-01-09T18:59:29.949-0500] {processor.py:175} INFO - Processing /Library/Frameworks/Python.framework/Versions/3.9/lib/python3.9/site-packages/airflow/example_dags/example_kubernetes_executor.py took 0.984 seconds
