[2023-01-09T16:47:13.425-0500] {processor.py:153} INFO - Started process (PID=39139) to work on /Library/Frameworks/Python.framework/Versions/3.9/lib/python3.9/site-packages/airflow/example_dags/example_latest_only_with_trigger.py
[2023-01-09T16:47:13.430-0500] {processor.py:743} INFO - Processing file /Library/Frameworks/Python.framework/Versions/3.9/lib/python3.9/site-packages/airflow/example_dags/example_latest_only_with_trigger.py for tasks to queue
[2023-01-09T16:47:13.431-0500] {logging_mixin.py:137} INFO - [2023-01-09T16:47:13.431-0500] {dagbag.py:538} INFO - Filling up the DagBag from /Library/Frameworks/Python.framework/Versions/3.9/lib/python3.9/site-packages/airflow/example_dags/example_latest_only_with_trigger.py
[2023-01-09T16:47:13.465-0500] {processor.py:753} INFO - DAG(s) dict_keys(['latest_only_with_trigger']) retrieved from /Library/Frameworks/Python.framework/Versions/3.9/lib/python3.9/site-packages/airflow/example_dags/example_latest_only_with_trigger.py
[2023-01-09T16:47:14.386-0500] {logging_mixin.py:137} INFO - [2023-01-09T16:47:14.385-0500] {manager.py:504} INFO - Created Permission View: can delete on DAG:latest_only_with_trigger
[2023-01-09T16:47:14.397-0500] {logging_mixin.py:137} INFO - [2023-01-09T16:47:14.397-0500] {manager.py:504} INFO - Created Permission View: can read on DAG:latest_only_with_trigger
[2023-01-09T16:47:14.407-0500] {logging_mixin.py:137} INFO - [2023-01-09T16:47:14.407-0500] {manager.py:504} INFO - Created Permission View: can edit on DAG:latest_only_with_trigger
[2023-01-09T16:47:14.408-0500] {logging_mixin.py:137} INFO - [2023-01-09T16:47:14.408-0500] {dag.py:2676} INFO - Sync 1 DAGs
[2023-01-09T16:47:14.421-0500] {logging_mixin.py:137} INFO - [2023-01-09T16:47:14.421-0500] {dag.py:2697} INFO - Creating ORM DAG for latest_only_with_trigger
[2023-01-09T16:47:14.432-0500] {logging_mixin.py:137} INFO - [2023-01-09T16:47:14.431-0500] {dag.py:3423} INFO - Setting next_dagrun for latest_only_with_trigger to 2023-01-09T17:47:14.431799+00:00, run_after=2023-01-09T21:47:14.431799+00:00
[2023-01-09T16:47:14.452-0500] {processor.py:175} INFO - Processing /Library/Frameworks/Python.framework/Versions/3.9/lib/python3.9/site-packages/airflow/example_dags/example_latest_only_with_trigger.py took 1.028 seconds
[2023-01-09T16:49:10.977-0500] {processor.py:153} INFO - Started process (PID=39271) to work on /Library/Frameworks/Python.framework/Versions/3.9/lib/python3.9/site-packages/airflow/example_dags/example_latest_only_with_trigger.py
[2023-01-09T16:49:10.982-0500] {processor.py:743} INFO - Processing file /Library/Frameworks/Python.framework/Versions/3.9/lib/python3.9/site-packages/airflow/example_dags/example_latest_only_with_trigger.py for tasks to queue
[2023-01-09T16:49:10.983-0500] {logging_mixin.py:137} INFO - [2023-01-09T16:49:10.982-0500] {dagbag.py:538} INFO - Filling up the DagBag from /Library/Frameworks/Python.framework/Versions/3.9/lib/python3.9/site-packages/airflow/example_dags/example_latest_only_with_trigger.py
[2023-01-09T16:49:11.014-0500] {processor.py:753} INFO - DAG(s) dict_keys(['latest_only_with_trigger']) retrieved from /Library/Frameworks/Python.framework/Versions/3.9/lib/python3.9/site-packages/airflow/example_dags/example_latest_only_with_trigger.py
[2023-01-09T16:49:11.868-0500] {logging_mixin.py:137} INFO - [2023-01-09T16:49:11.867-0500] {dag.py:2676} INFO - Sync 1 DAGs
[2023-01-09T16:49:11.887-0500] {logging_mixin.py:137} INFO - [2023-01-09T16:49:11.887-0500] {dag.py:3423} INFO - Setting next_dagrun for latest_only_with_trigger to 2023-01-09T17:49:11.887096+00:00, run_after=2023-01-09T21:49:11.887096+00:00
[2023-01-09T16:49:11.910-0500] {processor.py:175} INFO - Processing /Library/Frameworks/Python.framework/Versions/3.9/lib/python3.9/site-packages/airflow/example_dags/example_latest_only_with_trigger.py took 0.934 seconds
[2023-01-09T16:52:03.201-0500] {processor.py:153} INFO - Started process (PID=39363) to work on /Library/Frameworks/Python.framework/Versions/3.9/lib/python3.9/site-packages/airflow/example_dags/example_latest_only_with_trigger.py
[2023-01-09T16:52:03.206-0500] {processor.py:743} INFO - Processing file /Library/Frameworks/Python.framework/Versions/3.9/lib/python3.9/site-packages/airflow/example_dags/example_latest_only_with_trigger.py for tasks to queue
[2023-01-09T16:52:03.206-0500] {logging_mixin.py:137} INFO - [2023-01-09T16:52:03.206-0500] {dagbag.py:538} INFO - Filling up the DagBag from /Library/Frameworks/Python.framework/Versions/3.9/lib/python3.9/site-packages/airflow/example_dags/example_latest_only_with_trigger.py
[2023-01-09T16:52:03.233-0500] {processor.py:753} INFO - DAG(s) dict_keys(['latest_only_with_trigger']) retrieved from /Library/Frameworks/Python.framework/Versions/3.9/lib/python3.9/site-packages/airflow/example_dags/example_latest_only_with_trigger.py
[2023-01-09T16:52:03.953-0500] {logging_mixin.py:137} INFO - [2023-01-09T16:52:03.952-0500] {dag.py:2676} INFO - Sync 1 DAGs
[2023-01-09T16:52:03.970-0500] {logging_mixin.py:137} INFO - [2023-01-09T16:52:03.969-0500] {dag.py:3423} INFO - Setting next_dagrun for latest_only_with_trigger to 2023-01-09T17:52:03.969778+00:00, run_after=2023-01-09T21:52:03.969778+00:00
[2023-01-09T16:52:03.989-0500] {processor.py:175} INFO - Processing /Library/Frameworks/Python.framework/Versions/3.9/lib/python3.9/site-packages/airflow/example_dags/example_latest_only_with_trigger.py took 0.789 seconds
[2023-01-09T16:54:49.421-0500] {processor.py:153} INFO - Started process (PID=39463) to work on /Library/Frameworks/Python.framework/Versions/3.9/lib/python3.9/site-packages/airflow/example_dags/example_latest_only_with_trigger.py
[2023-01-09T16:54:49.427-0500] {processor.py:743} INFO - Processing file /Library/Frameworks/Python.framework/Versions/3.9/lib/python3.9/site-packages/airflow/example_dags/example_latest_only_with_trigger.py for tasks to queue
[2023-01-09T16:54:49.427-0500] {logging_mixin.py:137} INFO - [2023-01-09T16:54:49.427-0500] {dagbag.py:538} INFO - Filling up the DagBag from /Library/Frameworks/Python.framework/Versions/3.9/lib/python3.9/site-packages/airflow/example_dags/example_latest_only_with_trigger.py
[2023-01-09T16:54:49.454-0500] {processor.py:753} INFO - DAG(s) dict_keys(['latest_only_with_trigger']) retrieved from /Library/Frameworks/Python.framework/Versions/3.9/lib/python3.9/site-packages/airflow/example_dags/example_latest_only_with_trigger.py
[2023-01-09T16:54:50.246-0500] {logging_mixin.py:137} INFO - [2023-01-09T16:54:50.246-0500] {dag.py:2676} INFO - Sync 1 DAGs
[2023-01-09T16:54:50.268-0500] {logging_mixin.py:137} INFO - [2023-01-09T16:54:50.268-0500] {dag.py:3423} INFO - Setting next_dagrun for latest_only_with_trigger to 2023-01-09T17:54:50.268281+00:00, run_after=2023-01-09T21:54:50.268281+00:00
[2023-01-09T16:54:50.290-0500] {processor.py:175} INFO - Processing /Library/Frameworks/Python.framework/Versions/3.9/lib/python3.9/site-packages/airflow/example_dags/example_latest_only_with_trigger.py took 0.870 seconds
[2023-01-09T16:57:41.450-0500] {processor.py:153} INFO - Started process (PID=40985) to work on /Library/Frameworks/Python.framework/Versions/3.9/lib/python3.9/site-packages/airflow/example_dags/example_latest_only_with_trigger.py
[2023-01-09T16:57:41.455-0500] {processor.py:743} INFO - Processing file /Library/Frameworks/Python.framework/Versions/3.9/lib/python3.9/site-packages/airflow/example_dags/example_latest_only_with_trigger.py for tasks to queue
[2023-01-09T16:57:41.456-0500] {logging_mixin.py:137} INFO - [2023-01-09T16:57:41.456-0500] {dagbag.py:538} INFO - Filling up the DagBag from /Library/Frameworks/Python.framework/Versions/3.9/lib/python3.9/site-packages/airflow/example_dags/example_latest_only_with_trigger.py
[2023-01-09T16:57:41.483-0500] {processor.py:753} INFO - DAG(s) dict_keys(['latest_only_with_trigger']) retrieved from /Library/Frameworks/Python.framework/Versions/3.9/lib/python3.9/site-packages/airflow/example_dags/example_latest_only_with_trigger.py
[2023-01-09T16:57:42.214-0500] {logging_mixin.py:137} INFO - [2023-01-09T16:57:42.214-0500] {dag.py:2676} INFO - Sync 1 DAGs
[2023-01-09T16:57:42.231-0500] {logging_mixin.py:137} INFO - [2023-01-09T16:57:42.231-0500] {dag.py:3423} INFO - Setting next_dagrun for latest_only_with_trigger to 2023-01-09T17:57:42.231064+00:00, run_after=2023-01-09T21:57:42.231064+00:00
[2023-01-09T16:57:42.250-0500] {processor.py:175} INFO - Processing /Library/Frameworks/Python.framework/Versions/3.9/lib/python3.9/site-packages/airflow/example_dags/example_latest_only_with_trigger.py took 0.800 seconds
[2023-01-09T17:00:27.789-0500] {processor.py:153} INFO - Started process (PID=41292) to work on /Library/Frameworks/Python.framework/Versions/3.9/lib/python3.9/site-packages/airflow/example_dags/example_latest_only_with_trigger.py
[2023-01-09T17:00:27.794-0500] {processor.py:743} INFO - Processing file /Library/Frameworks/Python.framework/Versions/3.9/lib/python3.9/site-packages/airflow/example_dags/example_latest_only_with_trigger.py for tasks to queue
[2023-01-09T17:00:27.795-0500] {logging_mixin.py:137} INFO - [2023-01-09T17:00:27.795-0500] {dagbag.py:538} INFO - Filling up the DagBag from /Library/Frameworks/Python.framework/Versions/3.9/lib/python3.9/site-packages/airflow/example_dags/example_latest_only_with_trigger.py
[2023-01-09T17:00:27.827-0500] {processor.py:753} INFO - DAG(s) dict_keys(['latest_only_with_trigger']) retrieved from /Library/Frameworks/Python.framework/Versions/3.9/lib/python3.9/site-packages/airflow/example_dags/example_latest_only_with_trigger.py
[2023-01-09T17:00:28.598-0500] {logging_mixin.py:137} INFO - [2023-01-09T17:00:28.597-0500] {dag.py:2676} INFO - Sync 1 DAGs
[2023-01-09T17:00:28.616-0500] {logging_mixin.py:137} INFO - [2023-01-09T17:00:28.616-0500] {dag.py:3423} INFO - Setting next_dagrun for latest_only_with_trigger to 2023-01-09T18:00:28.616234+00:00, run_after=2023-01-09T22:00:28.616234+00:00
[2023-01-09T17:00:28.637-0500] {processor.py:175} INFO - Processing /Library/Frameworks/Python.framework/Versions/3.9/lib/python3.9/site-packages/airflow/example_dags/example_latest_only_with_trigger.py took 0.848 seconds
[2023-01-09T17:03:39.929-0500] {processor.py:153} INFO - Started process (PID=41542) to work on /Library/Frameworks/Python.framework/Versions/3.9/lib/python3.9/site-packages/airflow/example_dags/example_latest_only_with_trigger.py
[2023-01-09T17:03:39.937-0500] {processor.py:743} INFO - Processing file /Library/Frameworks/Python.framework/Versions/3.9/lib/python3.9/site-packages/airflow/example_dags/example_latest_only_with_trigger.py for tasks to queue
[2023-01-09T17:03:39.937-0500] {logging_mixin.py:137} INFO - [2023-01-09T17:03:39.937-0500] {dagbag.py:538} INFO - Filling up the DagBag from /Library/Frameworks/Python.framework/Versions/3.9/lib/python3.9/site-packages/airflow/example_dags/example_latest_only_with_trigger.py
[2023-01-09T17:03:39.969-0500] {processor.py:753} INFO - DAG(s) dict_keys(['latest_only_with_trigger']) retrieved from /Library/Frameworks/Python.framework/Versions/3.9/lib/python3.9/site-packages/airflow/example_dags/example_latest_only_with_trigger.py
[2023-01-09T17:03:40.863-0500] {logging_mixin.py:137} INFO - [2023-01-09T17:03:40.862-0500] {dag.py:2676} INFO - Sync 1 DAGs
[2023-01-09T17:03:40.878-0500] {logging_mixin.py:137} INFO - [2023-01-09T17:03:40.878-0500] {dag.py:3423} INFO - Setting next_dagrun for latest_only_with_trigger to 2023-01-09T18:03:40.878593+00:00, run_after=2023-01-09T22:03:40.878593+00:00
[2023-01-09T17:03:40.896-0500] {processor.py:175} INFO - Processing /Library/Frameworks/Python.framework/Versions/3.9/lib/python3.9/site-packages/airflow/example_dags/example_latest_only_with_trigger.py took 0.967 seconds
[2023-01-09T17:06:39.588-0500] {processor.py:153} INFO - Started process (PID=41895) to work on /Library/Frameworks/Python.framework/Versions/3.9/lib/python3.9/site-packages/airflow/example_dags/example_latest_only_with_trigger.py
[2023-01-09T17:06:39.593-0500] {processor.py:743} INFO - Processing file /Library/Frameworks/Python.framework/Versions/3.9/lib/python3.9/site-packages/airflow/example_dags/example_latest_only_with_trigger.py for tasks to queue
[2023-01-09T17:06:39.593-0500] {logging_mixin.py:137} INFO - [2023-01-09T17:06:39.593-0500] {dagbag.py:538} INFO - Filling up the DagBag from /Library/Frameworks/Python.framework/Versions/3.9/lib/python3.9/site-packages/airflow/example_dags/example_latest_only_with_trigger.py
[2023-01-09T17:06:39.621-0500] {processor.py:753} INFO - DAG(s) dict_keys(['latest_only_with_trigger']) retrieved from /Library/Frameworks/Python.framework/Versions/3.9/lib/python3.9/site-packages/airflow/example_dags/example_latest_only_with_trigger.py
[2023-01-09T17:06:40.361-0500] {logging_mixin.py:137} INFO - [2023-01-09T17:06:40.361-0500] {dag.py:2676} INFO - Sync 1 DAGs
[2023-01-09T17:06:40.377-0500] {logging_mixin.py:137} INFO - [2023-01-09T17:06:40.377-0500] {dag.py:3423} INFO - Setting next_dagrun for latest_only_with_trigger to 2023-01-09T18:06:40.377250+00:00, run_after=2023-01-09T22:06:40.377250+00:00
[2023-01-09T17:06:40.395-0500] {processor.py:175} INFO - Processing /Library/Frameworks/Python.framework/Versions/3.9/lib/python3.9/site-packages/airflow/example_dags/example_latest_only_with_trigger.py took 0.808 seconds
[2023-01-09T17:09:25.783-0500] {processor.py:153} INFO - Started process (PID=42154) to work on /Library/Frameworks/Python.framework/Versions/3.9/lib/python3.9/site-packages/airflow/example_dags/example_latest_only_with_trigger.py
[2023-01-09T17:09:25.789-0500] {processor.py:743} INFO - Processing file /Library/Frameworks/Python.framework/Versions/3.9/lib/python3.9/site-packages/airflow/example_dags/example_latest_only_with_trigger.py for tasks to queue
[2023-01-09T17:09:25.789-0500] {logging_mixin.py:137} INFO - [2023-01-09T17:09:25.789-0500] {dagbag.py:538} INFO - Filling up the DagBag from /Library/Frameworks/Python.framework/Versions/3.9/lib/python3.9/site-packages/airflow/example_dags/example_latest_only_with_trigger.py
[2023-01-09T17:09:25.819-0500] {processor.py:753} INFO - DAG(s) dict_keys(['latest_only_with_trigger']) retrieved from /Library/Frameworks/Python.framework/Versions/3.9/lib/python3.9/site-packages/airflow/example_dags/example_latest_only_with_trigger.py
[2023-01-09T17:09:26.585-0500] {logging_mixin.py:137} INFO - [2023-01-09T17:09:26.585-0500] {dag.py:2676} INFO - Sync 1 DAGs
[2023-01-09T17:09:26.603-0500] {logging_mixin.py:137} INFO - [2023-01-09T17:09:26.603-0500] {dag.py:3423} INFO - Setting next_dagrun for latest_only_with_trigger to 2023-01-09T18:09:26.603556+00:00, run_after=2023-01-09T22:09:26.603556+00:00
[2023-01-09T17:09:26.621-0500] {processor.py:175} INFO - Processing /Library/Frameworks/Python.framework/Versions/3.9/lib/python3.9/site-packages/airflow/example_dags/example_latest_only_with_trigger.py took 0.838 seconds
[2023-01-09T17:12:11.640-0500] {processor.py:153} INFO - Started process (PID=42443) to work on /Library/Frameworks/Python.framework/Versions/3.9/lib/python3.9/site-packages/airflow/example_dags/example_latest_only_with_trigger.py
[2023-01-09T17:12:11.645-0500] {processor.py:743} INFO - Processing file /Library/Frameworks/Python.framework/Versions/3.9/lib/python3.9/site-packages/airflow/example_dags/example_latest_only_with_trigger.py for tasks to queue
[2023-01-09T17:12:11.646-0500] {logging_mixin.py:137} INFO - [2023-01-09T17:12:11.646-0500] {dagbag.py:538} INFO - Filling up the DagBag from /Library/Frameworks/Python.framework/Versions/3.9/lib/python3.9/site-packages/airflow/example_dags/example_latest_only_with_trigger.py
[2023-01-09T17:12:11.702-0500] {processor.py:753} INFO - DAG(s) dict_keys(['latest_only_with_trigger']) retrieved from /Library/Frameworks/Python.framework/Versions/3.9/lib/python3.9/site-packages/airflow/example_dags/example_latest_only_with_trigger.py
[2023-01-09T17:12:11.802-0500] {logging_mixin.py:137} INFO - [2023-01-09T17:12:11.802-0500] {dag.py:2676} INFO - Sync 1 DAGs
[2023-01-09T17:12:12.479-0500] {logging_mixin.py:137} INFO - [2023-01-09T17:12:12.479-0500] {dag.py:3423} INFO - Setting next_dagrun for latest_only_with_trigger to 2023-01-09T18:12:12.478912+00:00, run_after=2023-01-09T22:12:12.478912+00:00
[2023-01-09T17:12:12.497-0500] {processor.py:175} INFO - Processing /Library/Frameworks/Python.framework/Versions/3.9/lib/python3.9/site-packages/airflow/example_dags/example_latest_only_with_trigger.py took 0.858 seconds
[2023-01-09T17:13:12.633-0500] {processor.py:153} INFO - Started process (PID=42548) to work on /Library/Frameworks/Python.framework/Versions/3.9/lib/python3.9/site-packages/airflow/example_dags/example_latest_only_with_trigger.py
[2023-01-09T17:13:12.642-0500] {processor.py:743} INFO - Processing file /Library/Frameworks/Python.framework/Versions/3.9/lib/python3.9/site-packages/airflow/example_dags/example_latest_only_with_trigger.py for tasks to queue
[2023-01-09T17:13:12.643-0500] {logging_mixin.py:137} INFO - [2023-01-09T17:13:12.643-0500] {dagbag.py:538} INFO - Filling up the DagBag from /Library/Frameworks/Python.framework/Versions/3.9/lib/python3.9/site-packages/airflow/example_dags/example_latest_only_with_trigger.py
[2023-01-09T17:13:12.673-0500] {processor.py:753} INFO - DAG(s) dict_keys(['latest_only_with_trigger']) retrieved from /Library/Frameworks/Python.framework/Versions/3.9/lib/python3.9/site-packages/airflow/example_dags/example_latest_only_with_trigger.py
[2023-01-09T17:13:13.383-0500] {logging_mixin.py:137} INFO - [2023-01-09T17:13:13.383-0500] {dag.py:2676} INFO - Sync 1 DAGs
[2023-01-09T17:13:13.398-0500] {logging_mixin.py:137} INFO - [2023-01-09T17:13:13.398-0500] {dag.py:3423} INFO - Setting next_dagrun for latest_only_with_trigger to 2023-01-09T18:13:13.398468+00:00, run_after=2023-01-09T22:13:13.398468+00:00
[2023-01-09T17:13:13.418-0500] {processor.py:175} INFO - Processing /Library/Frameworks/Python.framework/Versions/3.9/lib/python3.9/site-packages/airflow/example_dags/example_latest_only_with_trigger.py took 0.786 seconds
[2023-01-09T17:14:55.893-0500] {processor.py:153} INFO - Started process (PID=42676) to work on /Library/Frameworks/Python.framework/Versions/3.9/lib/python3.9/site-packages/airflow/example_dags/example_latest_only_with_trigger.py
[2023-01-09T17:14:55.899-0500] {processor.py:743} INFO - Processing file /Library/Frameworks/Python.framework/Versions/3.9/lib/python3.9/site-packages/airflow/example_dags/example_latest_only_with_trigger.py for tasks to queue
[2023-01-09T17:14:55.900-0500] {logging_mixin.py:137} INFO - [2023-01-09T17:14:55.900-0500] {dagbag.py:538} INFO - Filling up the DagBag from /Library/Frameworks/Python.framework/Versions/3.9/lib/python3.9/site-packages/airflow/example_dags/example_latest_only_with_trigger.py
[2023-01-09T17:14:55.928-0500] {processor.py:753} INFO - DAG(s) dict_keys(['latest_only_with_trigger']) retrieved from /Library/Frameworks/Python.framework/Versions/3.9/lib/python3.9/site-packages/airflow/example_dags/example_latest_only_with_trigger.py
[2023-01-09T17:14:56.629-0500] {logging_mixin.py:137} INFO - [2023-01-09T17:14:56.629-0500] {dag.py:2676} INFO - Sync 1 DAGs
[2023-01-09T17:14:56.647-0500] {logging_mixin.py:137} INFO - [2023-01-09T17:14:56.646-0500] {dag.py:3423} INFO - Setting next_dagrun for latest_only_with_trigger to 2023-01-09T18:14:56.646783+00:00, run_after=2023-01-09T22:14:56.646783+00:00
[2023-01-09T17:14:56.670-0500] {processor.py:175} INFO - Processing /Library/Frameworks/Python.framework/Versions/3.9/lib/python3.9/site-packages/airflow/example_dags/example_latest_only_with_trigger.py took 0.777 seconds
[2023-01-09T17:15:01.169-0500] {processor.py:153} INFO - Started process (PID=42688) to work on /Library/Frameworks/Python.framework/Versions/3.9/lib/python3.9/site-packages/airflow/example_dags/example_latest_only_with_trigger.py
[2023-01-09T17:15:01.173-0500] {processor.py:743} INFO - Processing file /Library/Frameworks/Python.framework/Versions/3.9/lib/python3.9/site-packages/airflow/example_dags/example_latest_only_with_trigger.py for tasks to queue
[2023-01-09T17:15:01.174-0500] {logging_mixin.py:137} INFO - [2023-01-09T17:15:01.174-0500] {dagbag.py:538} INFO - Filling up the DagBag from /Library/Frameworks/Python.framework/Versions/3.9/lib/python3.9/site-packages/airflow/example_dags/example_latest_only_with_trigger.py
[2023-01-09T17:15:01.203-0500] {processor.py:753} INFO - DAG(s) dict_keys(['latest_only_with_trigger']) retrieved from /Library/Frameworks/Python.framework/Versions/3.9/lib/python3.9/site-packages/airflow/example_dags/example_latest_only_with_trigger.py
[2023-01-09T17:15:01.923-0500] {logging_mixin.py:137} INFO - [2023-01-09T17:15:01.923-0500] {dag.py:2676} INFO - Sync 1 DAGs
[2023-01-09T17:15:01.939-0500] {logging_mixin.py:137} INFO - [2023-01-09T17:15:01.938-0500] {dag.py:3423} INFO - Setting next_dagrun for latest_only_with_trigger to 2023-01-09T18:15:01.938775+00:00, run_after=2023-01-09T22:15:01.938775+00:00
[2023-01-09T17:15:01.955-0500] {processor.py:175} INFO - Processing /Library/Frameworks/Python.framework/Versions/3.9/lib/python3.9/site-packages/airflow/example_dags/example_latest_only_with_trigger.py took 0.787 seconds
[2023-01-09T17:17:29.620-0500] {processor.py:153} INFO - Started process (PID=43110) to work on /Library/Frameworks/Python.framework/Versions/3.9/lib/python3.9/site-packages/airflow/example_dags/example_latest_only_with_trigger.py
[2023-01-09T17:17:29.626-0500] {processor.py:743} INFO - Processing file /Library/Frameworks/Python.framework/Versions/3.9/lib/python3.9/site-packages/airflow/example_dags/example_latest_only_with_trigger.py for tasks to queue
[2023-01-09T17:17:29.626-0500] {logging_mixin.py:137} INFO - [2023-01-09T17:17:29.626-0500] {dagbag.py:538} INFO - Filling up the DagBag from /Library/Frameworks/Python.framework/Versions/3.9/lib/python3.9/site-packages/airflow/example_dags/example_latest_only_with_trigger.py
[2023-01-09T17:17:29.656-0500] {processor.py:753} INFO - DAG(s) dict_keys(['latest_only_with_trigger']) retrieved from /Library/Frameworks/Python.framework/Versions/3.9/lib/python3.9/site-packages/airflow/example_dags/example_latest_only_with_trigger.py
[2023-01-09T17:17:30.538-0500] {logging_mixin.py:137} INFO - [2023-01-09T17:17:30.537-0500] {dag.py:2676} INFO - Sync 1 DAGs
[2023-01-09T17:17:30.554-0500] {logging_mixin.py:137} INFO - [2023-01-09T17:17:30.554-0500] {dag.py:3423} INFO - Setting next_dagrun for latest_only_with_trigger to 2023-01-09T18:17:30.554574+00:00, run_after=2023-01-09T22:17:30.554574+00:00
[2023-01-09T17:17:30.573-0500] {processor.py:175} INFO - Processing /Library/Frameworks/Python.framework/Versions/3.9/lib/python3.9/site-packages/airflow/example_dags/example_latest_only_with_trigger.py took 0.953 seconds
[2023-01-09T17:17:38.306-0500] {processor.py:153} INFO - Started process (PID=43150) to work on /Library/Frameworks/Python.framework/Versions/3.9/lib/python3.9/site-packages/airflow/example_dags/example_latest_only_with_trigger.py
[2023-01-09T17:17:38.311-0500] {processor.py:743} INFO - Processing file /Library/Frameworks/Python.framework/Versions/3.9/lib/python3.9/site-packages/airflow/example_dags/example_latest_only_with_trigger.py for tasks to queue
[2023-01-09T17:17:38.311-0500] {logging_mixin.py:137} INFO - [2023-01-09T17:17:38.311-0500] {dagbag.py:538} INFO - Filling up the DagBag from /Library/Frameworks/Python.framework/Versions/3.9/lib/python3.9/site-packages/airflow/example_dags/example_latest_only_with_trigger.py
[2023-01-09T17:17:38.337-0500] {processor.py:753} INFO - DAG(s) dict_keys(['latest_only_with_trigger']) retrieved from /Library/Frameworks/Python.framework/Versions/3.9/lib/python3.9/site-packages/airflow/example_dags/example_latest_only_with_trigger.py
[2023-01-09T17:17:39.040-0500] {logging_mixin.py:137} INFO - [2023-01-09T17:17:39.040-0500] {dag.py:2676} INFO - Sync 1 DAGs
[2023-01-09T17:17:39.056-0500] {logging_mixin.py:137} INFO - [2023-01-09T17:17:39.055-0500] {dag.py:3423} INFO - Setting next_dagrun for latest_only_with_trigger to 2023-01-09T18:17:39.055804+00:00, run_after=2023-01-09T22:17:39.055804+00:00
[2023-01-09T17:17:39.083-0500] {processor.py:175} INFO - Processing /Library/Frameworks/Python.framework/Versions/3.9/lib/python3.9/site-packages/airflow/example_dags/example_latest_only_with_trigger.py took 0.778 seconds
[2023-01-09T17:19:59.625-0500] {processor.py:153} INFO - Started process (PID=43271) to work on /Library/Frameworks/Python.framework/Versions/3.9/lib/python3.9/site-packages/airflow/example_dags/example_latest_only_with_trigger.py
[2023-01-09T17:19:59.631-0500] {processor.py:743} INFO - Processing file /Library/Frameworks/Python.framework/Versions/3.9/lib/python3.9/site-packages/airflow/example_dags/example_latest_only_with_trigger.py for tasks to queue
[2023-01-09T17:19:59.631-0500] {logging_mixin.py:137} INFO - [2023-01-09T17:19:59.631-0500] {dagbag.py:538} INFO - Filling up the DagBag from /Library/Frameworks/Python.framework/Versions/3.9/lib/python3.9/site-packages/airflow/example_dags/example_latest_only_with_trigger.py
[2023-01-09T17:19:59.658-0500] {processor.py:753} INFO - DAG(s) dict_keys(['latest_only_with_trigger']) retrieved from /Library/Frameworks/Python.framework/Versions/3.9/lib/python3.9/site-packages/airflow/example_dags/example_latest_only_with_trigger.py
[2023-01-09T17:20:00.412-0500] {logging_mixin.py:137} INFO - [2023-01-09T17:20:00.412-0500] {dag.py:2676} INFO - Sync 1 DAGs
[2023-01-09T17:20:00.429-0500] {logging_mixin.py:137} INFO - [2023-01-09T17:20:00.429-0500] {dag.py:3423} INFO - Setting next_dagrun for latest_only_with_trigger to 2023-01-09T18:20:00.429519+00:00, run_after=2023-01-09T22:20:00.429519+00:00
[2023-01-09T17:20:00.451-0500] {processor.py:175} INFO - Processing /Library/Frameworks/Python.framework/Versions/3.9/lib/python3.9/site-packages/airflow/example_dags/example_latest_only_with_trigger.py took 0.826 seconds
[2023-01-09T17:20:09.921-0500] {processor.py:153} INFO - Started process (PID=43282) to work on /Library/Frameworks/Python.framework/Versions/3.9/lib/python3.9/site-packages/airflow/example_dags/example_latest_only_with_trigger.py
[2023-01-09T17:20:09.926-0500] {processor.py:743} INFO - Processing file /Library/Frameworks/Python.framework/Versions/3.9/lib/python3.9/site-packages/airflow/example_dags/example_latest_only_with_trigger.py for tasks to queue
[2023-01-09T17:20:09.926-0500] {logging_mixin.py:137} INFO - [2023-01-09T17:20:09.926-0500] {dagbag.py:538} INFO - Filling up the DagBag from /Library/Frameworks/Python.framework/Versions/3.9/lib/python3.9/site-packages/airflow/example_dags/example_latest_only_with_trigger.py
[2023-01-09T17:20:09.953-0500] {processor.py:753} INFO - DAG(s) dict_keys(['latest_only_with_trigger']) retrieved from /Library/Frameworks/Python.framework/Versions/3.9/lib/python3.9/site-packages/airflow/example_dags/example_latest_only_with_trigger.py
[2023-01-09T17:20:10.744-0500] {logging_mixin.py:137} INFO - [2023-01-09T17:20:10.744-0500] {dag.py:2676} INFO - Sync 1 DAGs
[2023-01-09T17:20:10.760-0500] {logging_mixin.py:137} INFO - [2023-01-09T17:20:10.760-0500] {dag.py:3423} INFO - Setting next_dagrun for latest_only_with_trigger to 2023-01-09T18:20:10.760659+00:00, run_after=2023-01-09T22:20:10.760659+00:00
[2023-01-09T17:20:10.778-0500] {processor.py:175} INFO - Processing /Library/Frameworks/Python.framework/Versions/3.9/lib/python3.9/site-packages/airflow/example_dags/example_latest_only_with_trigger.py took 0.857 seconds
[2023-01-09T17:22:31.966-0500] {processor.py:153} INFO - Started process (PID=43443) to work on /Library/Frameworks/Python.framework/Versions/3.9/lib/python3.9/site-packages/airflow/example_dags/example_latest_only_with_trigger.py
[2023-01-09T17:22:31.971-0500] {processor.py:743} INFO - Processing file /Library/Frameworks/Python.framework/Versions/3.9/lib/python3.9/site-packages/airflow/example_dags/example_latest_only_with_trigger.py for tasks to queue
[2023-01-09T17:22:31.972-0500] {logging_mixin.py:137} INFO - [2023-01-09T17:22:31.972-0500] {dagbag.py:538} INFO - Filling up the DagBag from /Library/Frameworks/Python.framework/Versions/3.9/lib/python3.9/site-packages/airflow/example_dags/example_latest_only_with_trigger.py
[2023-01-09T17:22:31.998-0500] {processor.py:753} INFO - DAG(s) dict_keys(['latest_only_with_trigger']) retrieved from /Library/Frameworks/Python.framework/Versions/3.9/lib/python3.9/site-packages/airflow/example_dags/example_latest_only_with_trigger.py
[2023-01-09T17:22:32.713-0500] {logging_mixin.py:137} INFO - [2023-01-09T17:22:32.713-0500] {dag.py:2676} INFO - Sync 1 DAGs
[2023-01-09T17:22:32.728-0500] {logging_mixin.py:137} INFO - [2023-01-09T17:22:32.728-0500] {dag.py:3423} INFO - Setting next_dagrun for latest_only_with_trigger to 2023-01-09T18:22:32.728055+00:00, run_after=2023-01-09T22:22:32.728055+00:00
[2023-01-09T17:22:32.749-0500] {processor.py:175} INFO - Processing /Library/Frameworks/Python.framework/Versions/3.9/lib/python3.9/site-packages/airflow/example_dags/example_latest_only_with_trigger.py took 0.784 seconds
[2023-01-09T17:22:41.003-0500] {processor.py:153} INFO - Started process (PID=43450) to work on /Library/Frameworks/Python.framework/Versions/3.9/lib/python3.9/site-packages/airflow/example_dags/example_latest_only_with_trigger.py
[2023-01-09T17:22:41.008-0500] {processor.py:743} INFO - Processing file /Library/Frameworks/Python.framework/Versions/3.9/lib/python3.9/site-packages/airflow/example_dags/example_latest_only_with_trigger.py for tasks to queue
[2023-01-09T17:22:41.008-0500] {logging_mixin.py:137} INFO - [2023-01-09T17:22:41.008-0500] {dagbag.py:538} INFO - Filling up the DagBag from /Library/Frameworks/Python.framework/Versions/3.9/lib/python3.9/site-packages/airflow/example_dags/example_latest_only_with_trigger.py
[2023-01-09T17:22:41.034-0500] {processor.py:753} INFO - DAG(s) dict_keys(['latest_only_with_trigger']) retrieved from /Library/Frameworks/Python.framework/Versions/3.9/lib/python3.9/site-packages/airflow/example_dags/example_latest_only_with_trigger.py
[2023-01-09T17:22:41.741-0500] {logging_mixin.py:137} INFO - [2023-01-09T17:22:41.741-0500] {dag.py:2676} INFO - Sync 1 DAGs
[2023-01-09T17:22:41.758-0500] {logging_mixin.py:137} INFO - [2023-01-09T17:22:41.757-0500] {dag.py:3423} INFO - Setting next_dagrun for latest_only_with_trigger to 2023-01-09T18:22:41.757834+00:00, run_after=2023-01-09T22:22:41.757834+00:00
[2023-01-09T17:22:41.778-0500] {processor.py:175} INFO - Processing /Library/Frameworks/Python.framework/Versions/3.9/lib/python3.9/site-packages/airflow/example_dags/example_latest_only_with_trigger.py took 0.776 seconds
[2023-01-09T18:31:06.236-0500] {processor.py:153} INFO - Started process (PID=44439) to work on /Library/Frameworks/Python.framework/Versions/3.9/lib/python3.9/site-packages/airflow/example_dags/example_latest_only_with_trigger.py
[2023-01-09T18:31:06.245-0500] {processor.py:743} INFO - Processing file /Library/Frameworks/Python.framework/Versions/3.9/lib/python3.9/site-packages/airflow/example_dags/example_latest_only_with_trigger.py for tasks to queue
[2023-01-09T18:31:06.245-0500] {logging_mixin.py:137} INFO - [2023-01-09T18:31:06.245-0500] {dagbag.py:538} INFO - Filling up the DagBag from /Library/Frameworks/Python.framework/Versions/3.9/lib/python3.9/site-packages/airflow/example_dags/example_latest_only_with_trigger.py
[2023-01-09T18:31:06.247-0500] {processor.py:153} INFO - Started process (PID=44440) to work on /Library/Frameworks/Python.framework/Versions/3.9/lib/python3.9/site-packages/airflow/example_dags/example_latest_only_with_trigger.py
[2023-01-09T18:31:06.253-0500] {processor.py:743} INFO - Processing file /Library/Frameworks/Python.framework/Versions/3.9/lib/python3.9/site-packages/airflow/example_dags/example_latest_only_with_trigger.py for tasks to queue
[2023-01-09T18:31:06.253-0500] {logging_mixin.py:137} INFO - [2023-01-09T18:31:06.253-0500] {dagbag.py:538} INFO - Filling up the DagBag from /Library/Frameworks/Python.framework/Versions/3.9/lib/python3.9/site-packages/airflow/example_dags/example_latest_only_with_trigger.py
[2023-01-09T18:31:06.288-0500] {processor.py:753} INFO - DAG(s) dict_keys(['latest_only_with_trigger']) retrieved from /Library/Frameworks/Python.framework/Versions/3.9/lib/python3.9/site-packages/airflow/example_dags/example_latest_only_with_trigger.py
[2023-01-09T18:31:06.288-0500] {processor.py:753} INFO - DAG(s) dict_keys(['latest_only_with_trigger']) retrieved from /Library/Frameworks/Python.framework/Versions/3.9/lib/python3.9/site-packages/airflow/example_dags/example_latest_only_with_trigger.py
[2023-01-09T18:31:07.230-0500] {logging_mixin.py:137} INFO - [2023-01-09T18:31:07.229-0500] {dag.py:2676} INFO - Sync 1 DAGs
[2023-01-09T18:31:07.241-0500] {logging_mixin.py:137} INFO - [2023-01-09T18:31:07.241-0500] {dag.py:2676} INFO - Sync 1 DAGs
[2023-01-09T18:31:07.253-0500] {logging_mixin.py:137} INFO - [2023-01-09T18:31:07.253-0500] {dag.py:3423} INFO - Setting next_dagrun for latest_only_with_trigger to 2023-01-09T19:31:07.253630+00:00, run_after=2023-01-09T23:31:07.253630+00:00
[2023-01-09T18:31:07.260-0500] {logging_mixin.py:137} INFO - [2023-01-09T18:31:07.259-0500] {dag.py:3423} INFO - Setting next_dagrun for latest_only_with_trigger to 2023-01-09T19:31:07.259608+00:00, run_after=2023-01-09T23:31:07.259608+00:00
[2023-01-09T18:31:07.279-0500] {processor.py:175} INFO - Processing /Library/Frameworks/Python.framework/Versions/3.9/lib/python3.9/site-packages/airflow/example_dags/example_latest_only_with_trigger.py took 1.043 seconds
[2023-01-09T18:31:07.286-0500] {processor.py:175} INFO - Processing /Library/Frameworks/Python.framework/Versions/3.9/lib/python3.9/site-packages/airflow/example_dags/example_latest_only_with_trigger.py took 1.040 seconds
[2023-01-09T18:32:57.664-0500] {processor.py:153} INFO - Started process (PID=44585) to work on /Library/Frameworks/Python.framework/Versions/3.9/lib/python3.9/site-packages/airflow/example_dags/example_latest_only_with_trigger.py
[2023-01-09T18:32:57.664-0500] {processor.py:153} INFO - Started process (PID=44586) to work on /Library/Frameworks/Python.framework/Versions/3.9/lib/python3.9/site-packages/airflow/example_dags/example_latest_only_with_trigger.py
[2023-01-09T18:32:57.670-0500] {processor.py:743} INFO - Processing file /Library/Frameworks/Python.framework/Versions/3.9/lib/python3.9/site-packages/airflow/example_dags/example_latest_only_with_trigger.py for tasks to queue
[2023-01-09T18:32:57.670-0500] {processor.py:743} INFO - Processing file /Library/Frameworks/Python.framework/Versions/3.9/lib/python3.9/site-packages/airflow/example_dags/example_latest_only_with_trigger.py for tasks to queue
[2023-01-09T18:32:57.670-0500] {logging_mixin.py:137} INFO - [2023-01-09T18:32:57.670-0500] {dagbag.py:538} INFO - Filling up the DagBag from /Library/Frameworks/Python.framework/Versions/3.9/lib/python3.9/site-packages/airflow/example_dags/example_latest_only_with_trigger.py
[2023-01-09T18:32:57.670-0500] {logging_mixin.py:137} INFO - [2023-01-09T18:32:57.670-0500] {dagbag.py:538} INFO - Filling up the DagBag from /Library/Frameworks/Python.framework/Versions/3.9/lib/python3.9/site-packages/airflow/example_dags/example_latest_only_with_trigger.py
[2023-01-09T18:32:57.699-0500] {processor.py:753} INFO - DAG(s) dict_keys(['latest_only_with_trigger']) retrieved from /Library/Frameworks/Python.framework/Versions/3.9/lib/python3.9/site-packages/airflow/example_dags/example_latest_only_with_trigger.py
[2023-01-09T18:32:57.699-0500] {processor.py:753} INFO - DAG(s) dict_keys(['latest_only_with_trigger']) retrieved from /Library/Frameworks/Python.framework/Versions/3.9/lib/python3.9/site-packages/airflow/example_dags/example_latest_only_with_trigger.py
[2023-01-09T18:32:58.411-0500] {logging_mixin.py:137} INFO - [2023-01-09T18:32:58.411-0500] {dag.py:2676} INFO - Sync 1 DAGs
[2023-01-09T18:32:58.411-0500] {logging_mixin.py:137} INFO - [2023-01-09T18:32:58.411-0500] {dag.py:2676} INFO - Sync 1 DAGs
[2023-01-09T18:32:58.429-0500] {logging_mixin.py:137} INFO - [2023-01-09T18:32:58.429-0500] {dag.py:3423} INFO - Setting next_dagrun for latest_only_with_trigger to 2023-01-09T19:32:58.429318+00:00, run_after=2023-01-09T23:32:58.429318+00:00
[2023-01-09T18:32:58.429-0500] {logging_mixin.py:137} INFO - [2023-01-09T18:32:58.429-0500] {dag.py:3423} INFO - Setting next_dagrun for latest_only_with_trigger to 2023-01-09T19:32:58.429323+00:00, run_after=2023-01-09T23:32:58.429323+00:00
[2023-01-09T18:32:58.450-0500] {processor.py:175} INFO - Processing /Library/Frameworks/Python.framework/Versions/3.9/lib/python3.9/site-packages/airflow/example_dags/example_latest_only_with_trigger.py took 0.786 seconds
[2023-01-09T18:32:58.451-0500] {processor.py:175} INFO - Processing /Library/Frameworks/Python.framework/Versions/3.9/lib/python3.9/site-packages/airflow/example_dags/example_latest_only_with_trigger.py took 0.787 seconds
[2023-01-09T18:35:33.422-0500] {processor.py:153} INFO - Started process (PID=44725) to work on /Library/Frameworks/Python.framework/Versions/3.9/lib/python3.9/site-packages/airflow/example_dags/example_latest_only_with_trigger.py
[2023-01-09T18:35:33.435-0500] {processor.py:743} INFO - Processing file /Library/Frameworks/Python.framework/Versions/3.9/lib/python3.9/site-packages/airflow/example_dags/example_latest_only_with_trigger.py for tasks to queue
[2023-01-09T18:35:33.435-0500] {logging_mixin.py:137} INFO - [2023-01-09T18:35:33.435-0500] {dagbag.py:538} INFO - Filling up the DagBag from /Library/Frameworks/Python.framework/Versions/3.9/lib/python3.9/site-packages/airflow/example_dags/example_latest_only_with_trigger.py
[2023-01-09T18:35:33.473-0500] {processor.py:753} INFO - DAG(s) dict_keys(['latest_only_with_trigger']) retrieved from /Library/Frameworks/Python.framework/Versions/3.9/lib/python3.9/site-packages/airflow/example_dags/example_latest_only_with_trigger.py
[2023-01-09T18:35:34.292-0500] {logging_mixin.py:137} INFO - [2023-01-09T18:35:34.291-0500] {dag.py:2676} INFO - Sync 1 DAGs
[2023-01-09T18:35:34.310-0500] {logging_mixin.py:137} INFO - [2023-01-09T18:35:34.310-0500] {dag.py:3423} INFO - Setting next_dagrun for latest_only_with_trigger to 2023-01-09T19:35:34.310678+00:00, run_after=2023-01-09T23:35:34.310678+00:00
[2023-01-09T18:35:34.331-0500] {processor.py:175} INFO - Processing /Library/Frameworks/Python.framework/Versions/3.9/lib/python3.9/site-packages/airflow/example_dags/example_latest_only_with_trigger.py took 0.910 seconds
[2023-01-09T18:35:39.041-0500] {processor.py:153} INFO - Started process (PID=44730) to work on /Library/Frameworks/Python.framework/Versions/3.9/lib/python3.9/site-packages/airflow/example_dags/example_latest_only_with_trigger.py
[2023-01-09T18:35:39.046-0500] {processor.py:743} INFO - Processing file /Library/Frameworks/Python.framework/Versions/3.9/lib/python3.9/site-packages/airflow/example_dags/example_latest_only_with_trigger.py for tasks to queue
[2023-01-09T18:35:39.046-0500] {logging_mixin.py:137} INFO - [2023-01-09T18:35:39.046-0500] {dagbag.py:538} INFO - Filling up the DagBag from /Library/Frameworks/Python.framework/Versions/3.9/lib/python3.9/site-packages/airflow/example_dags/example_latest_only_with_trigger.py
[2023-01-09T18:35:39.074-0500] {processor.py:753} INFO - DAG(s) dict_keys(['latest_only_with_trigger']) retrieved from /Library/Frameworks/Python.framework/Versions/3.9/lib/python3.9/site-packages/airflow/example_dags/example_latest_only_with_trigger.py
[2023-01-09T18:35:39.789-0500] {logging_mixin.py:137} INFO - [2023-01-09T18:35:39.789-0500] {dag.py:2676} INFO - Sync 1 DAGs
[2023-01-09T18:35:39.804-0500] {logging_mixin.py:137} INFO - [2023-01-09T18:35:39.804-0500] {dag.py:3423} INFO - Setting next_dagrun for latest_only_with_trigger to 2023-01-09T19:35:39.804302+00:00, run_after=2023-01-09T23:35:39.804302+00:00
[2023-01-09T18:35:39.821-0500] {processor.py:175} INFO - Processing /Library/Frameworks/Python.framework/Versions/3.9/lib/python3.9/site-packages/airflow/example_dags/example_latest_only_with_trigger.py took 0.781 seconds
[2023-01-09T18:38:15.326-0500] {processor.py:153} INFO - Started process (PID=44876) to work on /Library/Frameworks/Python.framework/Versions/3.9/lib/python3.9/site-packages/airflow/example_dags/example_latest_only_with_trigger.py
[2023-01-09T18:38:15.331-0500] {processor.py:743} INFO - Processing file /Library/Frameworks/Python.framework/Versions/3.9/lib/python3.9/site-packages/airflow/example_dags/example_latest_only_with_trigger.py for tasks to queue
[2023-01-09T18:38:15.331-0500] {logging_mixin.py:137} INFO - [2023-01-09T18:38:15.331-0500] {dagbag.py:538} INFO - Filling up the DagBag from /Library/Frameworks/Python.framework/Versions/3.9/lib/python3.9/site-packages/airflow/example_dags/example_latest_only_with_trigger.py
[2023-01-09T18:38:15.358-0500] {processor.py:753} INFO - DAG(s) dict_keys(['latest_only_with_trigger']) retrieved from /Library/Frameworks/Python.framework/Versions/3.9/lib/python3.9/site-packages/airflow/example_dags/example_latest_only_with_trigger.py
[2023-01-09T18:38:16.048-0500] {logging_mixin.py:137} INFO - [2023-01-09T18:38:16.047-0500] {dag.py:2676} INFO - Sync 1 DAGs
[2023-01-09T18:38:16.062-0500] {logging_mixin.py:137} INFO - [2023-01-09T18:38:16.062-0500] {dag.py:3423} INFO - Setting next_dagrun for latest_only_with_trigger to 2023-01-09T19:38:16.062651+00:00, run_after=2023-01-09T23:38:16.062651+00:00
[2023-01-09T18:38:16.079-0500] {processor.py:175} INFO - Processing /Library/Frameworks/Python.framework/Versions/3.9/lib/python3.9/site-packages/airflow/example_dags/example_latest_only_with_trigger.py took 0.754 seconds
[2023-01-09T18:38:16.957-0500] {processor.py:153} INFO - Started process (PID=44880) to work on /Library/Frameworks/Python.framework/Versions/3.9/lib/python3.9/site-packages/airflow/example_dags/example_latest_only_with_trigger.py
[2023-01-09T18:38:16.962-0500] {processor.py:743} INFO - Processing file /Library/Frameworks/Python.framework/Versions/3.9/lib/python3.9/site-packages/airflow/example_dags/example_latest_only_with_trigger.py for tasks to queue
[2023-01-09T18:38:16.962-0500] {logging_mixin.py:137} INFO - [2023-01-09T18:38:16.962-0500] {dagbag.py:538} INFO - Filling up the DagBag from /Library/Frameworks/Python.framework/Versions/3.9/lib/python3.9/site-packages/airflow/example_dags/example_latest_only_with_trigger.py
[2023-01-09T18:38:16.989-0500] {processor.py:753} INFO - DAG(s) dict_keys(['latest_only_with_trigger']) retrieved from /Library/Frameworks/Python.framework/Versions/3.9/lib/python3.9/site-packages/airflow/example_dags/example_latest_only_with_trigger.py
[2023-01-09T18:38:17.744-0500] {logging_mixin.py:137} INFO - [2023-01-09T18:38:17.744-0500] {dag.py:2676} INFO - Sync 1 DAGs
[2023-01-09T18:38:17.760-0500] {logging_mixin.py:137} INFO - [2023-01-09T18:38:17.759-0500] {dag.py:3423} INFO - Setting next_dagrun for latest_only_with_trigger to 2023-01-09T19:38:17.759801+00:00, run_after=2023-01-09T23:38:17.759801+00:00
[2023-01-09T18:38:17.777-0500] {processor.py:175} INFO - Processing /Library/Frameworks/Python.framework/Versions/3.9/lib/python3.9/site-packages/airflow/example_dags/example_latest_only_with_trigger.py took 0.821 seconds
[2023-01-09T18:40:49.613-0500] {processor.py:153} INFO - Started process (PID=45107) to work on /Library/Frameworks/Python.framework/Versions/3.9/lib/python3.9/site-packages/airflow/example_dags/example_latest_only_with_trigger.py
[2023-01-09T18:40:49.618-0500] {processor.py:743} INFO - Processing file /Library/Frameworks/Python.framework/Versions/3.9/lib/python3.9/site-packages/airflow/example_dags/example_latest_only_with_trigger.py for tasks to queue
[2023-01-09T18:40:49.619-0500] {logging_mixin.py:137} INFO - [2023-01-09T18:40:49.619-0500] {dagbag.py:538} INFO - Filling up the DagBag from /Library/Frameworks/Python.framework/Versions/3.9/lib/python3.9/site-packages/airflow/example_dags/example_latest_only_with_trigger.py
[2023-01-09T18:40:49.646-0500] {processor.py:753} INFO - DAG(s) dict_keys(['latest_only_with_trigger']) retrieved from /Library/Frameworks/Python.framework/Versions/3.9/lib/python3.9/site-packages/airflow/example_dags/example_latest_only_with_trigger.py
[2023-01-09T18:40:50.351-0500] {logging_mixin.py:137} INFO - [2023-01-09T18:40:50.350-0500] {dag.py:2676} INFO - Sync 1 DAGs
[2023-01-09T18:40:50.368-0500] {logging_mixin.py:137} INFO - [2023-01-09T18:40:50.368-0500] {dag.py:3423} INFO - Setting next_dagrun for latest_only_with_trigger to 2023-01-09T19:40:50.368411+00:00, run_after=2023-01-09T23:40:50.368411+00:00
[2023-01-09T18:40:50.392-0500] {processor.py:175} INFO - Processing /Library/Frameworks/Python.framework/Versions/3.9/lib/python3.9/site-packages/airflow/example_dags/example_latest_only_with_trigger.py took 0.780 seconds
[2023-01-09T18:40:54.852-0500] {processor.py:153} INFO - Started process (PID=45110) to work on /Library/Frameworks/Python.framework/Versions/3.9/lib/python3.9/site-packages/airflow/example_dags/example_latest_only_with_trigger.py
[2023-01-09T18:40:54.856-0500] {processor.py:743} INFO - Processing file /Library/Frameworks/Python.framework/Versions/3.9/lib/python3.9/site-packages/airflow/example_dags/example_latest_only_with_trigger.py for tasks to queue
[2023-01-09T18:40:54.857-0500] {logging_mixin.py:137} INFO - [2023-01-09T18:40:54.857-0500] {dagbag.py:538} INFO - Filling up the DagBag from /Library/Frameworks/Python.framework/Versions/3.9/lib/python3.9/site-packages/airflow/example_dags/example_latest_only_with_trigger.py
[2023-01-09T18:40:54.882-0500] {processor.py:753} INFO - DAG(s) dict_keys(['latest_only_with_trigger']) retrieved from /Library/Frameworks/Python.framework/Versions/3.9/lib/python3.9/site-packages/airflow/example_dags/example_latest_only_with_trigger.py
[2023-01-09T18:40:55.631-0500] {logging_mixin.py:137} INFO - [2023-01-09T18:40:55.630-0500] {dag.py:2676} INFO - Sync 1 DAGs
[2023-01-09T18:40:55.649-0500] {logging_mixin.py:137} INFO - [2023-01-09T18:40:55.649-0500] {dag.py:3423} INFO - Setting next_dagrun for latest_only_with_trigger to 2023-01-09T19:40:55.649656+00:00, run_after=2023-01-09T23:40:55.649656+00:00
[2023-01-09T18:40:55.668-0500] {processor.py:175} INFO - Processing /Library/Frameworks/Python.framework/Versions/3.9/lib/python3.9/site-packages/airflow/example_dags/example_latest_only_with_trigger.py took 0.817 seconds
[2023-01-09T18:43:28.380-0500] {processor.py:153} INFO - Started process (PID=45249) to work on /Library/Frameworks/Python.framework/Versions/3.9/lib/python3.9/site-packages/airflow/example_dags/example_latest_only_with_trigger.py
[2023-01-09T18:43:28.386-0500] {processor.py:743} INFO - Processing file /Library/Frameworks/Python.framework/Versions/3.9/lib/python3.9/site-packages/airflow/example_dags/example_latest_only_with_trigger.py for tasks to queue
[2023-01-09T18:43:28.386-0500] {logging_mixin.py:137} INFO - [2023-01-09T18:43:28.386-0500] {dagbag.py:538} INFO - Filling up the DagBag from /Library/Frameworks/Python.framework/Versions/3.9/lib/python3.9/site-packages/airflow/example_dags/example_latest_only_with_trigger.py
[2023-01-09T18:43:28.415-0500] {processor.py:753} INFO - DAG(s) dict_keys(['latest_only_with_trigger']) retrieved from /Library/Frameworks/Python.framework/Versions/3.9/lib/python3.9/site-packages/airflow/example_dags/example_latest_only_with_trigger.py
[2023-01-09T18:43:29.102-0500] {logging_mixin.py:137} INFO - [2023-01-09T18:43:29.102-0500] {dag.py:2676} INFO - Sync 1 DAGs
[2023-01-09T18:43:29.117-0500] {logging_mixin.py:137} INFO - [2023-01-09T18:43:29.117-0500] {dag.py:3423} INFO - Setting next_dagrun for latest_only_with_trigger to 2023-01-09T19:43:29.116937+00:00, run_after=2023-01-09T23:43:29.116937+00:00
[2023-01-09T18:43:29.134-0500] {processor.py:175} INFO - Processing /Library/Frameworks/Python.framework/Versions/3.9/lib/python3.9/site-packages/airflow/example_dags/example_latest_only_with_trigger.py took 0.754 seconds
[2023-01-09T18:43:33.971-0500] {processor.py:153} INFO - Started process (PID=45253) to work on /Library/Frameworks/Python.framework/Versions/3.9/lib/python3.9/site-packages/airflow/example_dags/example_latest_only_with_trigger.py
[2023-01-09T18:43:33.976-0500] {processor.py:743} INFO - Processing file /Library/Frameworks/Python.framework/Versions/3.9/lib/python3.9/site-packages/airflow/example_dags/example_latest_only_with_trigger.py for tasks to queue
[2023-01-09T18:43:33.976-0500] {logging_mixin.py:137} INFO - [2023-01-09T18:43:33.976-0500] {dagbag.py:538} INFO - Filling up the DagBag from /Library/Frameworks/Python.framework/Versions/3.9/lib/python3.9/site-packages/airflow/example_dags/example_latest_only_with_trigger.py
[2023-01-09T18:43:34.002-0500] {processor.py:753} INFO - DAG(s) dict_keys(['latest_only_with_trigger']) retrieved from /Library/Frameworks/Python.framework/Versions/3.9/lib/python3.9/site-packages/airflow/example_dags/example_latest_only_with_trigger.py
[2023-01-09T18:43:34.687-0500] {logging_mixin.py:137} INFO - [2023-01-09T18:43:34.687-0500] {dag.py:2676} INFO - Sync 1 DAGs
[2023-01-09T18:43:34.706-0500] {logging_mixin.py:137} INFO - [2023-01-09T18:43:34.705-0500] {dag.py:3423} INFO - Setting next_dagrun for latest_only_with_trigger to 2023-01-09T19:43:34.705830+00:00, run_after=2023-01-09T23:43:34.705830+00:00
[2023-01-09T18:43:34.726-0500] {processor.py:175} INFO - Processing /Library/Frameworks/Python.framework/Versions/3.9/lib/python3.9/site-packages/airflow/example_dags/example_latest_only_with_trigger.py took 0.756 seconds
[2023-01-09T18:46:24.600-0500] {processor.py:153} INFO - Started process (PID=45494) to work on /Library/Frameworks/Python.framework/Versions/3.9/lib/python3.9/site-packages/airflow/example_dags/example_latest_only_with_trigger.py
[2023-01-09T18:46:24.612-0500] {processor.py:743} INFO - Processing file /Library/Frameworks/Python.framework/Versions/3.9/lib/python3.9/site-packages/airflow/example_dags/example_latest_only_with_trigger.py for tasks to queue
[2023-01-09T18:46:24.613-0500] {logging_mixin.py:137} INFO - [2023-01-09T18:46:24.613-0500] {dagbag.py:538} INFO - Filling up the DagBag from /Library/Frameworks/Python.framework/Versions/3.9/lib/python3.9/site-packages/airflow/example_dags/example_latest_only_with_trigger.py
[2023-01-09T18:46:24.659-0500] {processor.py:753} INFO - DAG(s) dict_keys(['latest_only_with_trigger']) retrieved from /Library/Frameworks/Python.framework/Versions/3.9/lib/python3.9/site-packages/airflow/example_dags/example_latest_only_with_trigger.py
[2023-01-09T18:46:26.160-0500] {logging_mixin.py:137} INFO - [2023-01-09T18:46:26.160-0500] {dag.py:2676} INFO - Sync 1 DAGs
[2023-01-09T18:46:26.203-0500] {logging_mixin.py:137} INFO - [2023-01-09T18:46:26.203-0500] {dag.py:3423} INFO - Setting next_dagrun for latest_only_with_trigger to 2023-01-09T19:46:26.203219+00:00, run_after=2023-01-09T23:46:26.203219+00:00
[2023-01-09T18:46:26.281-0500] {processor.py:175} INFO - Processing /Library/Frameworks/Python.framework/Versions/3.9/lib/python3.9/site-packages/airflow/example_dags/example_latest_only_with_trigger.py took 1.681 seconds
[2023-01-09T18:46:32.339-0500] {processor.py:153} INFO - Started process (PID=45504) to work on /Library/Frameworks/Python.framework/Versions/3.9/lib/python3.9/site-packages/airflow/example_dags/example_latest_only_with_trigger.py
[2023-01-09T18:46:32.344-0500] {processor.py:743} INFO - Processing file /Library/Frameworks/Python.framework/Versions/3.9/lib/python3.9/site-packages/airflow/example_dags/example_latest_only_with_trigger.py for tasks to queue
[2023-01-09T18:46:32.345-0500] {logging_mixin.py:137} INFO - [2023-01-09T18:46:32.345-0500] {dagbag.py:538} INFO - Filling up the DagBag from /Library/Frameworks/Python.framework/Versions/3.9/lib/python3.9/site-packages/airflow/example_dags/example_latest_only_with_trigger.py
[2023-01-09T18:46:32.374-0500] {processor.py:753} INFO - DAG(s) dict_keys(['latest_only_with_trigger']) retrieved from /Library/Frameworks/Python.framework/Versions/3.9/lib/python3.9/site-packages/airflow/example_dags/example_latest_only_with_trigger.py
[2023-01-09T18:46:33.181-0500] {logging_mixin.py:137} INFO - [2023-01-09T18:46:33.181-0500] {dag.py:2676} INFO - Sync 1 DAGs
[2023-01-09T18:46:33.197-0500] {logging_mixin.py:137} INFO - [2023-01-09T18:46:33.197-0500] {dag.py:3423} INFO - Setting next_dagrun for latest_only_with_trigger to 2023-01-09T19:46:33.197335+00:00, run_after=2023-01-09T23:46:33.197335+00:00
[2023-01-09T18:46:33.214-0500] {processor.py:175} INFO - Processing /Library/Frameworks/Python.framework/Versions/3.9/lib/python3.9/site-packages/airflow/example_dags/example_latest_only_with_trigger.py took 0.876 seconds
[2023-01-09T18:49:24.145-0500] {processor.py:153} INFO - Started process (PID=45706) to work on /Library/Frameworks/Python.framework/Versions/3.9/lib/python3.9/site-packages/airflow/example_dags/example_latest_only_with_trigger.py
[2023-01-09T18:49:24.151-0500] {processor.py:743} INFO - Processing file /Library/Frameworks/Python.framework/Versions/3.9/lib/python3.9/site-packages/airflow/example_dags/example_latest_only_with_trigger.py for tasks to queue
[2023-01-09T18:49:24.152-0500] {logging_mixin.py:137} INFO - [2023-01-09T18:49:24.151-0500] {dagbag.py:538} INFO - Filling up the DagBag from /Library/Frameworks/Python.framework/Versions/3.9/lib/python3.9/site-packages/airflow/example_dags/example_latest_only_with_trigger.py
[2023-01-09T18:49:24.185-0500] {processor.py:753} INFO - DAG(s) dict_keys(['latest_only_with_trigger']) retrieved from /Library/Frameworks/Python.framework/Versions/3.9/lib/python3.9/site-packages/airflow/example_dags/example_latest_only_with_trigger.py
[2023-01-09T18:49:25.118-0500] {logging_mixin.py:137} INFO - [2023-01-09T18:49:25.118-0500] {dag.py:2676} INFO - Sync 1 DAGs
[2023-01-09T18:49:25.136-0500] {logging_mixin.py:137} INFO - [2023-01-09T18:49:25.136-0500] {dag.py:3423} INFO - Setting next_dagrun for latest_only_with_trigger to 2023-01-09T19:49:25.135979+00:00, run_after=2023-01-09T23:49:25.135979+00:00
[2023-01-09T18:49:25.157-0500] {processor.py:175} INFO - Processing /Library/Frameworks/Python.framework/Versions/3.9/lib/python3.9/site-packages/airflow/example_dags/example_latest_only_with_trigger.py took 1.012 seconds
[2023-01-09T18:49:33.959-0500] {processor.py:153} INFO - Started process (PID=45713) to work on /Library/Frameworks/Python.framework/Versions/3.9/lib/python3.9/site-packages/airflow/example_dags/example_latest_only_with_trigger.py
[2023-01-09T18:49:33.964-0500] {processor.py:743} INFO - Processing file /Library/Frameworks/Python.framework/Versions/3.9/lib/python3.9/site-packages/airflow/example_dags/example_latest_only_with_trigger.py for tasks to queue
[2023-01-09T18:49:33.964-0500] {logging_mixin.py:137} INFO - [2023-01-09T18:49:33.964-0500] {dagbag.py:538} INFO - Filling up the DagBag from /Library/Frameworks/Python.framework/Versions/3.9/lib/python3.9/site-packages/airflow/example_dags/example_latest_only_with_trigger.py
[2023-01-09T18:49:33.995-0500] {processor.py:753} INFO - DAG(s) dict_keys(['latest_only_with_trigger']) retrieved from /Library/Frameworks/Python.framework/Versions/3.9/lib/python3.9/site-packages/airflow/example_dags/example_latest_only_with_trigger.py
[2023-01-09T18:49:34.813-0500] {logging_mixin.py:137} INFO - [2023-01-09T18:49:34.813-0500] {dag.py:2676} INFO - Sync 1 DAGs
[2023-01-09T18:49:34.830-0500] {logging_mixin.py:137} INFO - [2023-01-09T18:49:34.830-0500] {dag.py:3423} INFO - Setting next_dagrun for latest_only_with_trigger to 2023-01-09T19:49:34.830005+00:00, run_after=2023-01-09T23:49:34.830005+00:00
[2023-01-09T18:49:34.849-0500] {processor.py:175} INFO - Processing /Library/Frameworks/Python.framework/Versions/3.9/lib/python3.9/site-packages/airflow/example_dags/example_latest_only_with_trigger.py took 0.891 seconds
[2023-01-09T18:52:27.735-0500] {processor.py:153} INFO - Started process (PID=45883) to work on /Library/Frameworks/Python.framework/Versions/3.9/lib/python3.9/site-packages/airflow/example_dags/example_latest_only_with_trigger.py
[2023-01-09T18:52:27.743-0500] {processor.py:743} INFO - Processing file /Library/Frameworks/Python.framework/Versions/3.9/lib/python3.9/site-packages/airflow/example_dags/example_latest_only_with_trigger.py for tasks to queue
[2023-01-09T18:52:27.743-0500] {logging_mixin.py:137} INFO - [2023-01-09T18:52:27.743-0500] {dagbag.py:538} INFO - Filling up the DagBag from /Library/Frameworks/Python.framework/Versions/3.9/lib/python3.9/site-packages/airflow/example_dags/example_latest_only_with_trigger.py
[2023-01-09T18:52:27.817-0500] {processor.py:753} INFO - DAG(s) dict_keys(['latest_only_with_trigger']) retrieved from /Library/Frameworks/Python.framework/Versions/3.9/lib/python3.9/site-packages/airflow/example_dags/example_latest_only_with_trigger.py
[2023-01-09T18:52:29.094-0500] {logging_mixin.py:137} INFO - [2023-01-09T18:52:29.094-0500] {dag.py:2676} INFO - Sync 1 DAGs
[2023-01-09T18:52:29.116-0500] {logging_mixin.py:137} INFO - [2023-01-09T18:52:29.116-0500] {dag.py:3423} INFO - Setting next_dagrun for latest_only_with_trigger to 2023-01-09T19:52:29.115855+00:00, run_after=2023-01-09T23:52:29.115855+00:00
[2023-01-09T18:52:29.153-0500] {processor.py:175} INFO - Processing /Library/Frameworks/Python.framework/Versions/3.9/lib/python3.9/site-packages/airflow/example_dags/example_latest_only_with_trigger.py took 1.419 seconds
[2023-01-09T18:52:39.474-0500] {processor.py:153} INFO - Started process (PID=45890) to work on /Library/Frameworks/Python.framework/Versions/3.9/lib/python3.9/site-packages/airflow/example_dags/example_latest_only_with_trigger.py
[2023-01-09T18:52:39.483-0500] {processor.py:743} INFO - Processing file /Library/Frameworks/Python.framework/Versions/3.9/lib/python3.9/site-packages/airflow/example_dags/example_latest_only_with_trigger.py for tasks to queue
[2023-01-09T18:52:39.484-0500] {logging_mixin.py:137} INFO - [2023-01-09T18:52:39.484-0500] {dagbag.py:538} INFO - Filling up the DagBag from /Library/Frameworks/Python.framework/Versions/3.9/lib/python3.9/site-packages/airflow/example_dags/example_latest_only_with_trigger.py
[2023-01-09T18:52:39.525-0500] {processor.py:753} INFO - DAG(s) dict_keys(['latest_only_with_trigger']) retrieved from /Library/Frameworks/Python.framework/Versions/3.9/lib/python3.9/site-packages/airflow/example_dags/example_latest_only_with_trigger.py
[2023-01-09T18:52:40.547-0500] {logging_mixin.py:137} INFO - [2023-01-09T18:52:40.546-0500] {dag.py:2676} INFO - Sync 1 DAGs
[2023-01-09T18:52:40.570-0500] {logging_mixin.py:137} INFO - [2023-01-09T18:52:40.569-0500] {dag.py:3423} INFO - Setting next_dagrun for latest_only_with_trigger to 2023-01-09T19:52:40.569683+00:00, run_after=2023-01-09T23:52:40.569683+00:00
[2023-01-09T18:52:40.596-0500] {processor.py:175} INFO - Processing /Library/Frameworks/Python.framework/Versions/3.9/lib/python3.9/site-packages/airflow/example_dags/example_latest_only_with_trigger.py took 1.122 seconds
[2023-01-09T18:56:39.459-0500] {processor.py:153} INFO - Started process (PID=46046) to work on /Library/Frameworks/Python.framework/Versions/3.9/lib/python3.9/site-packages/airflow/example_dags/example_latest_only_with_trigger.py
[2023-01-09T18:56:39.466-0500] {processor.py:743} INFO - Processing file /Library/Frameworks/Python.framework/Versions/3.9/lib/python3.9/site-packages/airflow/example_dags/example_latest_only_with_trigger.py for tasks to queue
[2023-01-09T18:56:39.467-0500] {logging_mixin.py:137} INFO - [2023-01-09T18:56:39.467-0500] {dagbag.py:538} INFO - Filling up the DagBag from /Library/Frameworks/Python.framework/Versions/3.9/lib/python3.9/site-packages/airflow/example_dags/example_latest_only_with_trigger.py
[2023-01-09T18:56:39.549-0500] {processor.py:753} INFO - DAG(s) dict_keys(['latest_only_with_trigger']) retrieved from /Library/Frameworks/Python.framework/Versions/3.9/lib/python3.9/site-packages/airflow/example_dags/example_latest_only_with_trigger.py
[2023-01-09T18:56:40.898-0500] {logging_mixin.py:137} INFO - [2023-01-09T18:56:40.897-0500] {dag.py:2676} INFO - Sync 1 DAGs
[2023-01-09T18:56:40.918-0500] {logging_mixin.py:137} INFO - [2023-01-09T18:56:40.918-0500] {dag.py:3423} INFO - Setting next_dagrun for latest_only_with_trigger to 2023-01-09T19:56:40.918163+00:00, run_after=2023-01-09T23:56:40.918163+00:00
[2023-01-09T18:56:40.942-0500] {processor.py:175} INFO - Processing /Library/Frameworks/Python.framework/Versions/3.9/lib/python3.9/site-packages/airflow/example_dags/example_latest_only_with_trigger.py took 1.484 seconds
[2023-01-09T18:56:51.932-0500] {processor.py:153} INFO - Started process (PID=46054) to work on /Library/Frameworks/Python.framework/Versions/3.9/lib/python3.9/site-packages/airflow/example_dags/example_latest_only_with_trigger.py
[2023-01-09T18:56:51.943-0500] {processor.py:743} INFO - Processing file /Library/Frameworks/Python.framework/Versions/3.9/lib/python3.9/site-packages/airflow/example_dags/example_latest_only_with_trigger.py for tasks to queue
[2023-01-09T18:56:51.943-0500] {logging_mixin.py:137} INFO - [2023-01-09T18:56:51.943-0500] {dagbag.py:538} INFO - Filling up the DagBag from /Library/Frameworks/Python.framework/Versions/3.9/lib/python3.9/site-packages/airflow/example_dags/example_latest_only_with_trigger.py
[2023-01-09T18:56:51.991-0500] {processor.py:753} INFO - DAG(s) dict_keys(['latest_only_with_trigger']) retrieved from /Library/Frameworks/Python.framework/Versions/3.9/lib/python3.9/site-packages/airflow/example_dags/example_latest_only_with_trigger.py
[2023-01-09T18:56:53.252-0500] {logging_mixin.py:137} INFO - [2023-01-09T18:56:53.252-0500] {dag.py:2676} INFO - Sync 1 DAGs
[2023-01-09T18:56:53.276-0500] {logging_mixin.py:137} INFO - [2023-01-09T18:56:53.275-0500] {dag.py:3423} INFO - Setting next_dagrun for latest_only_with_trigger to 2023-01-09T19:56:53.275466+00:00, run_after=2023-01-09T23:56:53.275466+00:00
[2023-01-09T18:56:53.304-0500] {processor.py:175} INFO - Processing /Library/Frameworks/Python.framework/Versions/3.9/lib/python3.9/site-packages/airflow/example_dags/example_latest_only_with_trigger.py took 1.376 seconds
[2023-01-09T18:59:09.744-0500] {processor.py:153} INFO - Started process (PID=46185) to work on /Library/Frameworks/Python.framework/Versions/3.9/lib/python3.9/site-packages/airflow/example_dags/example_latest_only_with_trigger.py
[2023-01-09T18:59:09.761-0500] {processor.py:743} INFO - Processing file /Library/Frameworks/Python.framework/Versions/3.9/lib/python3.9/site-packages/airflow/example_dags/example_latest_only_with_trigger.py for tasks to queue
[2023-01-09T18:59:09.762-0500] {logging_mixin.py:137} INFO - [2023-01-09T18:59:09.761-0500] {dagbag.py:538} INFO - Filling up the DagBag from /Library/Frameworks/Python.framework/Versions/3.9/lib/python3.9/site-packages/airflow/example_dags/example_latest_only_with_trigger.py
[2023-01-09T18:59:09.820-0500] {processor.py:753} INFO - DAG(s) dict_keys(['latest_only_with_trigger']) retrieved from /Library/Frameworks/Python.framework/Versions/3.9/lib/python3.9/site-packages/airflow/example_dags/example_latest_only_with_trigger.py
[2023-01-09T18:59:11.112-0500] {logging_mixin.py:137} INFO - [2023-01-09T18:59:11.112-0500] {dag.py:2676} INFO - Sync 1 DAGs
[2023-01-09T18:59:11.143-0500] {logging_mixin.py:137} INFO - [2023-01-09T18:59:11.143-0500] {dag.py:3423} INFO - Setting next_dagrun for latest_only_with_trigger to 2023-01-09T19:59:11.143280+00:00, run_after=2023-01-09T23:59:11.143280+00:00
[2023-01-09T18:59:11.174-0500] {processor.py:175} INFO - Processing /Library/Frameworks/Python.framework/Versions/3.9/lib/python3.9/site-packages/airflow/example_dags/example_latest_only_with_trigger.py took 1.431 seconds
[2023-01-09T18:59:21.909-0500] {processor.py:153} INFO - Started process (PID=46192) to work on /Library/Frameworks/Python.framework/Versions/3.9/lib/python3.9/site-packages/airflow/example_dags/example_latest_only_with_trigger.py
[2023-01-09T18:59:21.915-0500] {processor.py:743} INFO - Processing file /Library/Frameworks/Python.framework/Versions/3.9/lib/python3.9/site-packages/airflow/example_dags/example_latest_only_with_trigger.py for tasks to queue
[2023-01-09T18:59:21.915-0500] {logging_mixin.py:137} INFO - [2023-01-09T18:59:21.915-0500] {dagbag.py:538} INFO - Filling up the DagBag from /Library/Frameworks/Python.framework/Versions/3.9/lib/python3.9/site-packages/airflow/example_dags/example_latest_only_with_trigger.py
[2023-01-09T18:59:22.032-0500] {processor.py:753} INFO - DAG(s) dict_keys(['latest_only_with_trigger']) retrieved from /Library/Frameworks/Python.framework/Versions/3.9/lib/python3.9/site-packages/airflow/example_dags/example_latest_only_with_trigger.py
[2023-01-09T18:59:23.079-0500] {logging_mixin.py:137} INFO - [2023-01-09T18:59:23.079-0500] {dag.py:2676} INFO - Sync 1 DAGs
[2023-01-09T18:59:23.098-0500] {logging_mixin.py:137} INFO - [2023-01-09T18:59:23.098-0500] {dag.py:3423} INFO - Setting next_dagrun for latest_only_with_trigger to 2023-01-09T19:59:23.098378+00:00, run_after=2023-01-09T23:59:23.098378+00:00
[2023-01-09T18:59:23.120-0500] {processor.py:175} INFO - Processing /Library/Frameworks/Python.framework/Versions/3.9/lib/python3.9/site-packages/airflow/example_dags/example_latest_only_with_trigger.py took 1.211 seconds
