[2023-01-09T16:47:51.041-0500] {processor.py:153} INFO - Started process (PID=39215) to work on /Library/Frameworks/Python.framework/Versions/3.9/lib/python3.9/site-packages/airflow/example_dags/example_branch_datetime_operator.py
[2023-01-09T16:47:51.045-0500] {processor.py:743} INFO - Processing file /Library/Frameworks/Python.framework/Versions/3.9/lib/python3.9/site-packages/airflow/example_dags/example_branch_datetime_operator.py for tasks to queue
[2023-01-09T16:47:51.046-0500] {logging_mixin.py:137} INFO - [2023-01-09T16:47:51.046-0500] {dagbag.py:538} INFO - Filling up the DagBag from /Library/Frameworks/Python.framework/Versions/3.9/lib/python3.9/site-packages/airflow/example_dags/example_branch_datetime_operator.py
[2023-01-09T16:47:51.078-0500] {processor.py:753} INFO - DAG(s) dict_keys(['example_branch_datetime_operator', 'example_branch_datetime_operator_3', 'example_branch_datetime_operator_2']) retrieved from /Library/Frameworks/Python.framework/Versions/3.9/lib/python3.9/site-packages/airflow/example_dags/example_branch_datetime_operator.py
[2023-01-09T16:47:51.973-0500] {logging_mixin.py:137} INFO - [2023-01-09T16:47:51.973-0500] {manager.py:504} INFO - Created Permission View: can edit on DAG:example_branch_datetime_operator
[2023-01-09T16:47:51.981-0500] {logging_mixin.py:137} INFO - [2023-01-09T16:47:51.981-0500] {manager.py:504} INFO - Created Permission View: can delete on DAG:example_branch_datetime_operator
[2023-01-09T16:47:51.988-0500] {logging_mixin.py:137} INFO - [2023-01-09T16:47:51.988-0500] {manager.py:504} INFO - Created Permission View: can read on DAG:example_branch_datetime_operator
[2023-01-09T16:47:52.002-0500] {logging_mixin.py:137} INFO - [2023-01-09T16:47:52.002-0500] {manager.py:504} INFO - Created Permission View: can edit on DAG:example_branch_datetime_operator_3
[2023-01-09T16:47:52.010-0500] {logging_mixin.py:137} INFO - [2023-01-09T16:47:52.010-0500] {manager.py:504} INFO - Created Permission View: can delete on DAG:example_branch_datetime_operator_3
[2023-01-09T16:47:52.019-0500] {logging_mixin.py:137} INFO - [2023-01-09T16:47:52.018-0500] {manager.py:504} INFO - Created Permission View: can read on DAG:example_branch_datetime_operator_3
[2023-01-09T16:47:52.034-0500] {logging_mixin.py:137} INFO - [2023-01-09T16:47:52.034-0500] {manager.py:504} INFO - Created Permission View: can edit on DAG:example_branch_datetime_operator_2
[2023-01-09T16:47:52.041-0500] {logging_mixin.py:137} INFO - [2023-01-09T16:47:52.041-0500] {manager.py:504} INFO - Created Permission View: can delete on DAG:example_branch_datetime_operator_2
[2023-01-09T16:47:52.048-0500] {logging_mixin.py:137} INFO - [2023-01-09T16:47:52.048-0500] {manager.py:504} INFO - Created Permission View: can read on DAG:example_branch_datetime_operator_2
[2023-01-09T16:47:52.048-0500] {logging_mixin.py:137} INFO - [2023-01-09T16:47:52.048-0500] {dag.py:2676} INFO - Sync 3 DAGs
[2023-01-09T16:47:52.059-0500] {logging_mixin.py:137} INFO - [2023-01-09T16:47:52.059-0500] {dag.py:2697} INFO - Creating ORM DAG for example_branch_datetime_operator_3
[2023-01-09T16:47:52.060-0500] {logging_mixin.py:137} INFO - [2023-01-09T16:47:52.060-0500] {dag.py:2697} INFO - Creating ORM DAG for example_branch_datetime_operator
[2023-01-09T16:47:52.060-0500] {logging_mixin.py:137} INFO - [2023-01-09T16:47:52.060-0500] {dag.py:2697} INFO - Creating ORM DAG for example_branch_datetime_operator_2
[2023-01-09T16:47:52.071-0500] {logging_mixin.py:137} INFO - [2023-01-09T16:47:52.071-0500] {dag.py:3423} INFO - Setting next_dagrun for example_branch_datetime_operator to 2023-01-08T00:00:00+00:00, run_after=2023-01-09T00:00:00+00:00
[2023-01-09T16:47:52.074-0500] {logging_mixin.py:137} INFO - [2023-01-09T16:47:52.074-0500] {dag.py:3423} INFO - Setting next_dagrun for example_branch_datetime_operator_2 to 2023-01-08T00:00:00+00:00, run_after=2023-01-09T00:00:00+00:00
[2023-01-09T16:47:52.076-0500] {logging_mixin.py:137} INFO - [2023-01-09T16:47:52.075-0500] {dag.py:3423} INFO - Setting next_dagrun for example_branch_datetime_operator_3 to 2023-01-08T00:00:00+00:00, run_after=2023-01-09T00:00:00+00:00
[2023-01-09T16:47:52.095-0500] {processor.py:175} INFO - Processing /Library/Frameworks/Python.framework/Versions/3.9/lib/python3.9/site-packages/airflow/example_dags/example_branch_datetime_operator.py took 1.055 seconds
[2023-01-09T16:50:40.615-0500] {processor.py:153} INFO - Started process (PID=39313) to work on /Library/Frameworks/Python.framework/Versions/3.9/lib/python3.9/site-packages/airflow/example_dags/example_branch_datetime_operator.py
[2023-01-09T16:50:40.621-0500] {processor.py:743} INFO - Processing file /Library/Frameworks/Python.framework/Versions/3.9/lib/python3.9/site-packages/airflow/example_dags/example_branch_datetime_operator.py for tasks to queue
[2023-01-09T16:50:40.621-0500] {logging_mixin.py:137} INFO - [2023-01-09T16:50:40.621-0500] {dagbag.py:538} INFO - Filling up the DagBag from /Library/Frameworks/Python.framework/Versions/3.9/lib/python3.9/site-packages/airflow/example_dags/example_branch_datetime_operator.py
[2023-01-09T16:50:40.652-0500] {processor.py:753} INFO - DAG(s) dict_keys(['example_branch_datetime_operator_2', 'example_branch_datetime_operator_3', 'example_branch_datetime_operator']) retrieved from /Library/Frameworks/Python.framework/Versions/3.9/lib/python3.9/site-packages/airflow/example_dags/example_branch_datetime_operator.py
[2023-01-09T16:50:41.410-0500] {logging_mixin.py:137} INFO - [2023-01-09T16:50:41.410-0500] {dag.py:2676} INFO - Sync 3 DAGs
[2023-01-09T16:50:41.429-0500] {logging_mixin.py:137} INFO - [2023-01-09T16:50:41.429-0500] {dag.py:3423} INFO - Setting next_dagrun for example_branch_datetime_operator to 2023-01-08T00:00:00+00:00, run_after=2023-01-09T00:00:00+00:00
[2023-01-09T16:50:41.433-0500] {logging_mixin.py:137} INFO - [2023-01-09T16:50:41.433-0500] {dag.py:3423} INFO - Setting next_dagrun for example_branch_datetime_operator_2 to 2023-01-08T00:00:00+00:00, run_after=2023-01-09T00:00:00+00:00
[2023-01-09T16:50:41.435-0500] {logging_mixin.py:137} INFO - [2023-01-09T16:50:41.435-0500] {dag.py:3423} INFO - Setting next_dagrun for example_branch_datetime_operator_3 to 2023-01-08T00:00:00+00:00, run_after=2023-01-09T00:00:00+00:00
[2023-01-09T16:50:41.455-0500] {processor.py:175} INFO - Processing /Library/Frameworks/Python.framework/Versions/3.9/lib/python3.9/site-packages/airflow/example_dags/example_branch_datetime_operator.py took 0.841 seconds
[2023-01-09T16:53:31.064-0500] {processor.py:153} INFO - Started process (PID=39409) to work on /Library/Frameworks/Python.framework/Versions/3.9/lib/python3.9/site-packages/airflow/example_dags/example_branch_datetime_operator.py
[2023-01-09T16:53:31.069-0500] {processor.py:743} INFO - Processing file /Library/Frameworks/Python.framework/Versions/3.9/lib/python3.9/site-packages/airflow/example_dags/example_branch_datetime_operator.py for tasks to queue
[2023-01-09T16:53:31.070-0500] {logging_mixin.py:137} INFO - [2023-01-09T16:53:31.070-0500] {dagbag.py:538} INFO - Filling up the DagBag from /Library/Frameworks/Python.framework/Versions/3.9/lib/python3.9/site-packages/airflow/example_dags/example_branch_datetime_operator.py
[2023-01-09T16:53:31.102-0500] {processor.py:753} INFO - DAG(s) dict_keys(['example_branch_datetime_operator_3', 'example_branch_datetime_operator_2', 'example_branch_datetime_operator']) retrieved from /Library/Frameworks/Python.framework/Versions/3.9/lib/python3.9/site-packages/airflow/example_dags/example_branch_datetime_operator.py
[2023-01-09T16:53:31.848-0500] {logging_mixin.py:137} INFO - [2023-01-09T16:53:31.848-0500] {dag.py:2676} INFO - Sync 3 DAGs
[2023-01-09T16:53:31.868-0500] {logging_mixin.py:137} INFO - [2023-01-09T16:53:31.868-0500] {dag.py:3423} INFO - Setting next_dagrun for example_branch_datetime_operator to 2023-01-08T00:00:00+00:00, run_after=2023-01-09T00:00:00+00:00
[2023-01-09T16:53:31.872-0500] {logging_mixin.py:137} INFO - [2023-01-09T16:53:31.872-0500] {dag.py:3423} INFO - Setting next_dagrun for example_branch_datetime_operator_2 to 2023-01-08T00:00:00+00:00, run_after=2023-01-09T00:00:00+00:00
[2023-01-09T16:53:31.874-0500] {logging_mixin.py:137} INFO - [2023-01-09T16:53:31.874-0500] {dag.py:3423} INFO - Setting next_dagrun for example_branch_datetime_operator_3 to 2023-01-08T00:00:00+00:00, run_after=2023-01-09T00:00:00+00:00
[2023-01-09T16:53:31.890-0500] {processor.py:175} INFO - Processing /Library/Frameworks/Python.framework/Versions/3.9/lib/python3.9/site-packages/airflow/example_dags/example_branch_datetime_operator.py took 0.827 seconds
[2023-01-09T16:56:16.830-0500] {processor.py:153} INFO - Started process (PID=39604) to work on /Library/Frameworks/Python.framework/Versions/3.9/lib/python3.9/site-packages/airflow/example_dags/example_branch_datetime_operator.py
[2023-01-09T16:56:16.835-0500] {processor.py:743} INFO - Processing file /Library/Frameworks/Python.framework/Versions/3.9/lib/python3.9/site-packages/airflow/example_dags/example_branch_datetime_operator.py for tasks to queue
[2023-01-09T16:56:16.836-0500] {logging_mixin.py:137} INFO - [2023-01-09T16:56:16.836-0500] {dagbag.py:538} INFO - Filling up the DagBag from /Library/Frameworks/Python.framework/Versions/3.9/lib/python3.9/site-packages/airflow/example_dags/example_branch_datetime_operator.py
[2023-01-09T16:56:16.868-0500] {processor.py:753} INFO - DAG(s) dict_keys(['example_branch_datetime_operator_2', 'example_branch_datetime_operator_3', 'example_branch_datetime_operator']) retrieved from /Library/Frameworks/Python.framework/Versions/3.9/lib/python3.9/site-packages/airflow/example_dags/example_branch_datetime_operator.py
[2023-01-09T16:56:17.636-0500] {logging_mixin.py:137} INFO - [2023-01-09T16:56:17.636-0500] {dag.py:2676} INFO - Sync 3 DAGs
[2023-01-09T16:56:17.655-0500] {logging_mixin.py:137} INFO - [2023-01-09T16:56:17.654-0500] {dag.py:3423} INFO - Setting next_dagrun for example_branch_datetime_operator to 2023-01-08T00:00:00+00:00, run_after=2023-01-09T00:00:00+00:00
[2023-01-09T16:56:17.659-0500] {logging_mixin.py:137} INFO - [2023-01-09T16:56:17.658-0500] {dag.py:3423} INFO - Setting next_dagrun for example_branch_datetime_operator_2 to 2023-01-08T00:00:00+00:00, run_after=2023-01-09T00:00:00+00:00
[2023-01-09T16:56:17.661-0500] {logging_mixin.py:137} INFO - [2023-01-09T16:56:17.661-0500] {dag.py:3423} INFO - Setting next_dagrun for example_branch_datetime_operator_3 to 2023-01-08T00:00:00+00:00, run_after=2023-01-09T00:00:00+00:00
[2023-01-09T16:56:17.677-0500] {processor.py:175} INFO - Processing /Library/Frameworks/Python.framework/Versions/3.9/lib/python3.9/site-packages/airflow/example_dags/example_branch_datetime_operator.py took 0.847 seconds
[2023-01-09T16:59:19.303-0500] {processor.py:153} INFO - Started process (PID=41223) to work on /Library/Frameworks/Python.framework/Versions/3.9/lib/python3.9/site-packages/airflow/example_dags/example_branch_datetime_operator.py
[2023-01-09T16:59:19.309-0500] {processor.py:743} INFO - Processing file /Library/Frameworks/Python.framework/Versions/3.9/lib/python3.9/site-packages/airflow/example_dags/example_branch_datetime_operator.py for tasks to queue
[2023-01-09T16:59:19.309-0500] {logging_mixin.py:137} INFO - [2023-01-09T16:59:19.309-0500] {dagbag.py:538} INFO - Filling up the DagBag from /Library/Frameworks/Python.framework/Versions/3.9/lib/python3.9/site-packages/airflow/example_dags/example_branch_datetime_operator.py
[2023-01-09T16:59:19.340-0500] {processor.py:753} INFO - DAG(s) dict_keys(['example_branch_datetime_operator_3', 'example_branch_datetime_operator', 'example_branch_datetime_operator_2']) retrieved from /Library/Frameworks/Python.framework/Versions/3.9/lib/python3.9/site-packages/airflow/example_dags/example_branch_datetime_operator.py
[2023-01-09T16:59:20.038-0500] {logging_mixin.py:137} INFO - [2023-01-09T16:59:20.038-0500] {dag.py:2676} INFO - Sync 3 DAGs
[2023-01-09T16:59:20.056-0500] {logging_mixin.py:137} INFO - [2023-01-09T16:59:20.056-0500] {dag.py:3423} INFO - Setting next_dagrun for example_branch_datetime_operator to 2023-01-08T00:00:00+00:00, run_after=2023-01-09T00:00:00+00:00
[2023-01-09T16:59:20.060-0500] {logging_mixin.py:137} INFO - [2023-01-09T16:59:20.060-0500] {dag.py:3423} INFO - Setting next_dagrun for example_branch_datetime_operator_2 to 2023-01-08T00:00:00+00:00, run_after=2023-01-09T00:00:00+00:00
[2023-01-09T16:59:20.062-0500] {logging_mixin.py:137} INFO - [2023-01-09T16:59:20.062-0500] {dag.py:3423} INFO - Setting next_dagrun for example_branch_datetime_operator_3 to 2023-01-08T00:00:00+00:00, run_after=2023-01-09T00:00:00+00:00
[2023-01-09T16:59:20.078-0500] {processor.py:175} INFO - Processing /Library/Frameworks/Python.framework/Versions/3.9/lib/python3.9/site-packages/airflow/example_dags/example_branch_datetime_operator.py took 0.776 seconds
[2023-01-09T17:02:20.980-0500] {processor.py:153} INFO - Started process (PID=41395) to work on /Library/Frameworks/Python.framework/Versions/3.9/lib/python3.9/site-packages/airflow/example_dags/example_branch_datetime_operator.py
[2023-01-09T17:02:20.985-0500] {processor.py:743} INFO - Processing file /Library/Frameworks/Python.framework/Versions/3.9/lib/python3.9/site-packages/airflow/example_dags/example_branch_datetime_operator.py for tasks to queue
[2023-01-09T17:02:20.986-0500] {logging_mixin.py:137} INFO - [2023-01-09T17:02:20.986-0500] {dagbag.py:538} INFO - Filling up the DagBag from /Library/Frameworks/Python.framework/Versions/3.9/lib/python3.9/site-packages/airflow/example_dags/example_branch_datetime_operator.py
[2023-01-09T17:02:21.037-0500] {processor.py:753} INFO - DAG(s) dict_keys(['example_branch_datetime_operator_2', 'example_branch_datetime_operator_3', 'example_branch_datetime_operator']) retrieved from /Library/Frameworks/Python.framework/Versions/3.9/lib/python3.9/site-packages/airflow/example_dags/example_branch_datetime_operator.py
[2023-01-09T17:02:22.131-0500] {logging_mixin.py:137} INFO - [2023-01-09T17:02:22.130-0500] {dag.py:2676} INFO - Sync 3 DAGs
[2023-01-09T17:02:22.151-0500] {logging_mixin.py:137} INFO - [2023-01-09T17:02:22.151-0500] {dag.py:3423} INFO - Setting next_dagrun for example_branch_datetime_operator to 2023-01-08T00:00:00+00:00, run_after=2023-01-09T00:00:00+00:00
[2023-01-09T17:02:22.156-0500] {logging_mixin.py:137} INFO - [2023-01-09T17:02:22.156-0500] {dag.py:3423} INFO - Setting next_dagrun for example_branch_datetime_operator_2 to 2023-01-08T00:00:00+00:00, run_after=2023-01-09T00:00:00+00:00
[2023-01-09T17:02:22.158-0500] {logging_mixin.py:137} INFO - [2023-01-09T17:02:22.158-0500] {dag.py:3423} INFO - Setting next_dagrun for example_branch_datetime_operator_3 to 2023-01-08T00:00:00+00:00, run_after=2023-01-09T00:00:00+00:00
[2023-01-09T17:02:22.175-0500] {processor.py:175} INFO - Processing /Library/Frameworks/Python.framework/Versions/3.9/lib/python3.9/site-packages/airflow/example_dags/example_branch_datetime_operator.py took 1.196 seconds
[2023-01-09T17:05:29.405-0500] {processor.py:153} INFO - Started process (PID=41759) to work on /Library/Frameworks/Python.framework/Versions/3.9/lib/python3.9/site-packages/airflow/example_dags/example_branch_datetime_operator.py
[2023-01-09T17:05:29.410-0500] {processor.py:743} INFO - Processing file /Library/Frameworks/Python.framework/Versions/3.9/lib/python3.9/site-packages/airflow/example_dags/example_branch_datetime_operator.py for tasks to queue
[2023-01-09T17:05:29.410-0500] {logging_mixin.py:137} INFO - [2023-01-09T17:05:29.410-0500] {dagbag.py:538} INFO - Filling up the DagBag from /Library/Frameworks/Python.framework/Versions/3.9/lib/python3.9/site-packages/airflow/example_dags/example_branch_datetime_operator.py
[2023-01-09T17:05:29.442-0500] {processor.py:753} INFO - DAG(s) dict_keys(['example_branch_datetime_operator_3', 'example_branch_datetime_operator', 'example_branch_datetime_operator_2']) retrieved from /Library/Frameworks/Python.framework/Versions/3.9/lib/python3.9/site-packages/airflow/example_dags/example_branch_datetime_operator.py
[2023-01-09T17:05:30.544-0500] {logging_mixin.py:137} INFO - [2023-01-09T17:05:30.543-0500] {dag.py:2676} INFO - Sync 3 DAGs
[2023-01-09T17:05:30.562-0500] {logging_mixin.py:137} INFO - [2023-01-09T17:05:30.562-0500] {dag.py:3423} INFO - Setting next_dagrun for example_branch_datetime_operator to 2023-01-08T00:00:00+00:00, run_after=2023-01-09T00:00:00+00:00
[2023-01-09T17:05:30.565-0500] {logging_mixin.py:137} INFO - [2023-01-09T17:05:30.565-0500] {dag.py:3423} INFO - Setting next_dagrun for example_branch_datetime_operator_2 to 2023-01-08T00:00:00+00:00, run_after=2023-01-09T00:00:00+00:00
[2023-01-09T17:05:30.567-0500] {logging_mixin.py:137} INFO - [2023-01-09T17:05:30.567-0500] {dag.py:3423} INFO - Setting next_dagrun for example_branch_datetime_operator_3 to 2023-01-08T00:00:00+00:00, run_after=2023-01-09T00:00:00+00:00
[2023-01-09T17:05:30.583-0500] {processor.py:175} INFO - Processing /Library/Frameworks/Python.framework/Versions/3.9/lib/python3.9/site-packages/airflow/example_dags/example_branch_datetime_operator.py took 1.179 seconds
[2023-01-09T17:08:18.119-0500] {processor.py:153} INFO - Started process (PID=42020) to work on /Library/Frameworks/Python.framework/Versions/3.9/lib/python3.9/site-packages/airflow/example_dags/example_branch_datetime_operator.py
[2023-01-09T17:08:18.126-0500] {processor.py:743} INFO - Processing file /Library/Frameworks/Python.framework/Versions/3.9/lib/python3.9/site-packages/airflow/example_dags/example_branch_datetime_operator.py for tasks to queue
[2023-01-09T17:08:18.126-0500] {logging_mixin.py:137} INFO - [2023-01-09T17:08:18.126-0500] {dagbag.py:538} INFO - Filling up the DagBag from /Library/Frameworks/Python.framework/Versions/3.9/lib/python3.9/site-packages/airflow/example_dags/example_branch_datetime_operator.py
[2023-01-09T17:08:18.164-0500] {processor.py:753} INFO - DAG(s) dict_keys(['example_branch_datetime_operator_2', 'example_branch_datetime_operator', 'example_branch_datetime_operator_3']) retrieved from /Library/Frameworks/Python.framework/Versions/3.9/lib/python3.9/site-packages/airflow/example_dags/example_branch_datetime_operator.py
[2023-01-09T17:08:18.944-0500] {logging_mixin.py:137} INFO - [2023-01-09T17:08:18.944-0500] {dag.py:2676} INFO - Sync 3 DAGs
[2023-01-09T17:08:18.963-0500] {logging_mixin.py:137} INFO - [2023-01-09T17:08:18.963-0500] {dag.py:3423} INFO - Setting next_dagrun for example_branch_datetime_operator to 2023-01-08T00:00:00+00:00, run_after=2023-01-09T00:00:00+00:00
[2023-01-09T17:08:18.966-0500] {logging_mixin.py:137} INFO - [2023-01-09T17:08:18.966-0500] {dag.py:3423} INFO - Setting next_dagrun for example_branch_datetime_operator_2 to 2023-01-08T00:00:00+00:00, run_after=2023-01-09T00:00:00+00:00
[2023-01-09T17:08:18.968-0500] {logging_mixin.py:137} INFO - [2023-01-09T17:08:18.968-0500] {dag.py:3423} INFO - Setting next_dagrun for example_branch_datetime_operator_3 to 2023-01-08T00:00:00+00:00, run_after=2023-01-09T00:00:00+00:00
[2023-01-09T17:08:18.989-0500] {processor.py:175} INFO - Processing /Library/Frameworks/Python.framework/Versions/3.9/lib/python3.9/site-packages/airflow/example_dags/example_branch_datetime_operator.py took 0.870 seconds
[2023-01-09T17:11:04.674-0500] {processor.py:153} INFO - Started process (PID=42331) to work on /Library/Frameworks/Python.framework/Versions/3.9/lib/python3.9/site-packages/airflow/example_dags/example_branch_datetime_operator.py
[2023-01-09T17:11:04.680-0500] {processor.py:743} INFO - Processing file /Library/Frameworks/Python.framework/Versions/3.9/lib/python3.9/site-packages/airflow/example_dags/example_branch_datetime_operator.py for tasks to queue
[2023-01-09T17:11:04.680-0500] {logging_mixin.py:137} INFO - [2023-01-09T17:11:04.680-0500] {dagbag.py:538} INFO - Filling up the DagBag from /Library/Frameworks/Python.framework/Versions/3.9/lib/python3.9/site-packages/airflow/example_dags/example_branch_datetime_operator.py
[2023-01-09T17:11:04.711-0500] {processor.py:753} INFO - DAG(s) dict_keys(['example_branch_datetime_operator_2', 'example_branch_datetime_operator', 'example_branch_datetime_operator_3']) retrieved from /Library/Frameworks/Python.framework/Versions/3.9/lib/python3.9/site-packages/airflow/example_dags/example_branch_datetime_operator.py
[2023-01-09T17:11:05.530-0500] {logging_mixin.py:137} INFO - [2023-01-09T17:11:05.530-0500] {dag.py:2676} INFO - Sync 3 DAGs
[2023-01-09T17:11:05.548-0500] {logging_mixin.py:137} INFO - [2023-01-09T17:11:05.547-0500] {dag.py:3423} INFO - Setting next_dagrun for example_branch_datetime_operator to 2023-01-08T00:00:00+00:00, run_after=2023-01-09T00:00:00+00:00
[2023-01-09T17:11:05.551-0500] {logging_mixin.py:137} INFO - [2023-01-09T17:11:05.551-0500] {dag.py:3423} INFO - Setting next_dagrun for example_branch_datetime_operator_2 to 2023-01-08T00:00:00+00:00, run_after=2023-01-09T00:00:00+00:00
[2023-01-09T17:11:05.553-0500] {logging_mixin.py:137} INFO - [2023-01-09T17:11:05.553-0500] {dag.py:3423} INFO - Setting next_dagrun for example_branch_datetime_operator_3 to 2023-01-08T00:00:00+00:00, run_after=2023-01-09T00:00:00+00:00
[2023-01-09T17:11:05.574-0500] {processor.py:175} INFO - Processing /Library/Frameworks/Python.framework/Versions/3.9/lib/python3.9/site-packages/airflow/example_dags/example_branch_datetime_operator.py took 0.900 seconds
[2023-01-09T17:13:45.736-0500] {processor.py:153} INFO - Started process (PID=42596) to work on /Library/Frameworks/Python.framework/Versions/3.9/lib/python3.9/site-packages/airflow/example_dags/example_branch_datetime_operator.py
[2023-01-09T17:13:45.742-0500] {processor.py:743} INFO - Processing file /Library/Frameworks/Python.framework/Versions/3.9/lib/python3.9/site-packages/airflow/example_dags/example_branch_datetime_operator.py for tasks to queue
[2023-01-09T17:13:45.742-0500] {logging_mixin.py:137} INFO - [2023-01-09T17:13:45.742-0500] {dagbag.py:538} INFO - Filling up the DagBag from /Library/Frameworks/Python.framework/Versions/3.9/lib/python3.9/site-packages/airflow/example_dags/example_branch_datetime_operator.py
[2023-01-09T17:13:45.777-0500] {processor.py:753} INFO - DAG(s) dict_keys(['example_branch_datetime_operator_2', 'example_branch_datetime_operator', 'example_branch_datetime_operator_3']) retrieved from /Library/Frameworks/Python.framework/Versions/3.9/lib/python3.9/site-packages/airflow/example_dags/example_branch_datetime_operator.py
[2023-01-09T17:13:46.535-0500] {logging_mixin.py:137} INFO - [2023-01-09T17:13:46.535-0500] {dag.py:2676} INFO - Sync 3 DAGs
[2023-01-09T17:13:46.556-0500] {logging_mixin.py:137} INFO - [2023-01-09T17:13:46.556-0500] {dag.py:3423} INFO - Setting next_dagrun for example_branch_datetime_operator to 2023-01-08T00:00:00+00:00, run_after=2023-01-09T00:00:00+00:00
[2023-01-09T17:13:46.560-0500] {logging_mixin.py:137} INFO - [2023-01-09T17:13:46.560-0500] {dag.py:3423} INFO - Setting next_dagrun for example_branch_datetime_operator_2 to 2023-01-08T00:00:00+00:00, run_after=2023-01-09T00:00:00+00:00
[2023-01-09T17:13:46.562-0500] {logging_mixin.py:137} INFO - [2023-01-09T17:13:46.562-0500] {dag.py:3423} INFO - Setting next_dagrun for example_branch_datetime_operator_3 to 2023-01-08T00:00:00+00:00, run_after=2023-01-09T00:00:00+00:00
[2023-01-09T17:13:46.582-0500] {processor.py:175} INFO - Processing /Library/Frameworks/Python.framework/Versions/3.9/lib/python3.9/site-packages/airflow/example_dags/example_branch_datetime_operator.py took 0.847 seconds
[2023-01-09T17:13:53.064-0500] {processor.py:153} INFO - Started process (PID=42601) to work on /Library/Frameworks/Python.framework/Versions/3.9/lib/python3.9/site-packages/airflow/example_dags/example_branch_datetime_operator.py
[2023-01-09T17:13:53.069-0500] {processor.py:743} INFO - Processing file /Library/Frameworks/Python.framework/Versions/3.9/lib/python3.9/site-packages/airflow/example_dags/example_branch_datetime_operator.py for tasks to queue
[2023-01-09T17:13:53.070-0500] {logging_mixin.py:137} INFO - [2023-01-09T17:13:53.070-0500] {dagbag.py:538} INFO - Filling up the DagBag from /Library/Frameworks/Python.framework/Versions/3.9/lib/python3.9/site-packages/airflow/example_dags/example_branch_datetime_operator.py
[2023-01-09T17:13:53.101-0500] {processor.py:753} INFO - DAG(s) dict_keys(['example_branch_datetime_operator_3', 'example_branch_datetime_operator_2', 'example_branch_datetime_operator']) retrieved from /Library/Frameworks/Python.framework/Versions/3.9/lib/python3.9/site-packages/airflow/example_dags/example_branch_datetime_operator.py
[2023-01-09T17:13:53.976-0500] {logging_mixin.py:137} INFO - [2023-01-09T17:13:53.976-0500] {dag.py:2676} INFO - Sync 3 DAGs
[2023-01-09T17:13:53.993-0500] {logging_mixin.py:137} INFO - [2023-01-09T17:13:53.993-0500] {dag.py:3423} INFO - Setting next_dagrun for example_branch_datetime_operator to 2023-01-08T00:00:00+00:00, run_after=2023-01-09T00:00:00+00:00
[2023-01-09T17:13:53.997-0500] {logging_mixin.py:137} INFO - [2023-01-09T17:13:53.997-0500] {dag.py:3423} INFO - Setting next_dagrun for example_branch_datetime_operator_2 to 2023-01-08T00:00:00+00:00, run_after=2023-01-09T00:00:00+00:00
[2023-01-09T17:13:53.999-0500] {logging_mixin.py:137} INFO - [2023-01-09T17:13:53.999-0500] {dag.py:3423} INFO - Setting next_dagrun for example_branch_datetime_operator_3 to 2023-01-08T00:00:00+00:00, run_after=2023-01-09T00:00:00+00:00
[2023-01-09T17:13:54.019-0500] {processor.py:175} INFO - Processing /Library/Frameworks/Python.framework/Versions/3.9/lib/python3.9/site-packages/airflow/example_dags/example_branch_datetime_operator.py took 0.955 seconds
[2023-01-09T17:16:23.476-0500] {processor.py:153} INFO - Started process (PID=42804) to work on /Library/Frameworks/Python.framework/Versions/3.9/lib/python3.9/site-packages/airflow/example_dags/example_branch_datetime_operator.py
[2023-01-09T17:16:23.481-0500] {processor.py:743} INFO - Processing file /Library/Frameworks/Python.framework/Versions/3.9/lib/python3.9/site-packages/airflow/example_dags/example_branch_datetime_operator.py for tasks to queue
[2023-01-09T17:16:23.482-0500] {logging_mixin.py:137} INFO - [2023-01-09T17:16:23.482-0500] {dagbag.py:538} INFO - Filling up the DagBag from /Library/Frameworks/Python.framework/Versions/3.9/lib/python3.9/site-packages/airflow/example_dags/example_branch_datetime_operator.py
[2023-01-09T17:16:23.513-0500] {processor.py:753} INFO - DAG(s) dict_keys(['example_branch_datetime_operator', 'example_branch_datetime_operator_3', 'example_branch_datetime_operator_2']) retrieved from /Library/Frameworks/Python.framework/Versions/3.9/lib/python3.9/site-packages/airflow/example_dags/example_branch_datetime_operator.py
[2023-01-09T17:16:24.223-0500] {processor.py:153} INFO - Started process (PID=42805) to work on /Library/Frameworks/Python.framework/Versions/3.9/lib/python3.9/site-packages/airflow/example_dags/example_branch_datetime_operator.py
[2023-01-09T17:16:24.229-0500] {processor.py:743} INFO - Processing file /Library/Frameworks/Python.framework/Versions/3.9/lib/python3.9/site-packages/airflow/example_dags/example_branch_datetime_operator.py for tasks to queue
[2023-01-09T17:16:24.229-0500] {logging_mixin.py:137} INFO - [2023-01-09T17:16:24.229-0500] {dagbag.py:538} INFO - Filling up the DagBag from /Library/Frameworks/Python.framework/Versions/3.9/lib/python3.9/site-packages/airflow/example_dags/example_branch_datetime_operator.py
[2023-01-09T17:16:24.263-0500] {processor.py:753} INFO - DAG(s) dict_keys(['example_branch_datetime_operator', 'example_branch_datetime_operator_3', 'example_branch_datetime_operator_2']) retrieved from /Library/Frameworks/Python.framework/Versions/3.9/lib/python3.9/site-packages/airflow/example_dags/example_branch_datetime_operator.py
[2023-01-09T17:16:24.402-0500] {logging_mixin.py:137} INFO - [2023-01-09T17:16:24.402-0500] {dag.py:2676} INFO - Sync 3 DAGs
[2023-01-09T17:16:24.420-0500] {logging_mixin.py:137} INFO - [2023-01-09T17:16:24.420-0500] {dag.py:3423} INFO - Setting next_dagrun for example_branch_datetime_operator to 2023-01-08T00:00:00+00:00, run_after=2023-01-09T00:00:00+00:00
[2023-01-09T17:16:24.424-0500] {logging_mixin.py:137} INFO - [2023-01-09T17:16:24.424-0500] {dag.py:3423} INFO - Setting next_dagrun for example_branch_datetime_operator_2 to 2023-01-08T00:00:00+00:00, run_after=2023-01-09T00:00:00+00:00
[2023-01-09T17:16:24.426-0500] {logging_mixin.py:137} INFO - [2023-01-09T17:16:24.426-0500] {dag.py:3423} INFO - Setting next_dagrun for example_branch_datetime_operator_3 to 2023-01-08T00:00:00+00:00, run_after=2023-01-09T00:00:00+00:00
[2023-01-09T17:16:24.477-0500] {processor.py:175} INFO - Processing /Library/Frameworks/Python.framework/Versions/3.9/lib/python3.9/site-packages/airflow/example_dags/example_branch_datetime_operator.py took 1.002 seconds
[2023-01-09T17:16:25.114-0500] {logging_mixin.py:137} INFO - [2023-01-09T17:16:25.113-0500] {dag.py:2676} INFO - Sync 3 DAGs
[2023-01-09T17:16:25.130-0500] {logging_mixin.py:137} INFO - [2023-01-09T17:16:25.130-0500] {dag.py:3423} INFO - Setting next_dagrun for example_branch_datetime_operator to 2023-01-08T00:00:00+00:00, run_after=2023-01-09T00:00:00+00:00
[2023-01-09T17:16:25.134-0500] {logging_mixin.py:137} INFO - [2023-01-09T17:16:25.134-0500] {dag.py:3423} INFO - Setting next_dagrun for example_branch_datetime_operator_2 to 2023-01-08T00:00:00+00:00, run_after=2023-01-09T00:00:00+00:00
[2023-01-09T17:16:25.136-0500] {logging_mixin.py:137} INFO - [2023-01-09T17:16:25.136-0500] {dag.py:3423} INFO - Setting next_dagrun for example_branch_datetime_operator_3 to 2023-01-08T00:00:00+00:00, run_after=2023-01-09T00:00:00+00:00
[2023-01-09T17:16:25.154-0500] {processor.py:175} INFO - Processing /Library/Frameworks/Python.framework/Versions/3.9/lib/python3.9/site-packages/airflow/example_dags/example_branch_datetime_operator.py took 0.931 seconds
[2023-01-09T17:18:59.046-0500] {processor.py:153} INFO - Started process (PID=43224) to work on /Library/Frameworks/Python.framework/Versions/3.9/lib/python3.9/site-packages/airflow/example_dags/example_branch_datetime_operator.py
[2023-01-09T17:18:59.052-0500] {processor.py:743} INFO - Processing file /Library/Frameworks/Python.framework/Versions/3.9/lib/python3.9/site-packages/airflow/example_dags/example_branch_datetime_operator.py for tasks to queue
[2023-01-09T17:18:59.052-0500] {logging_mixin.py:137} INFO - [2023-01-09T17:18:59.052-0500] {dagbag.py:538} INFO - Filling up the DagBag from /Library/Frameworks/Python.framework/Versions/3.9/lib/python3.9/site-packages/airflow/example_dags/example_branch_datetime_operator.py
[2023-01-09T17:18:59.084-0500] {processor.py:753} INFO - DAG(s) dict_keys(['example_branch_datetime_operator', 'example_branch_datetime_operator_3', 'example_branch_datetime_operator_2']) retrieved from /Library/Frameworks/Python.framework/Versions/3.9/lib/python3.9/site-packages/airflow/example_dags/example_branch_datetime_operator.py
[2023-01-09T17:18:59.823-0500] {logging_mixin.py:137} INFO - [2023-01-09T17:18:59.823-0500] {dag.py:2676} INFO - Sync 3 DAGs
[2023-01-09T17:18:59.840-0500] {logging_mixin.py:137} INFO - [2023-01-09T17:18:59.840-0500] {dag.py:3423} INFO - Setting next_dagrun for example_branch_datetime_operator to 2023-01-08T00:00:00+00:00, run_after=2023-01-09T00:00:00+00:00
[2023-01-09T17:18:59.844-0500] {logging_mixin.py:137} INFO - [2023-01-09T17:18:59.844-0500] {dag.py:3423} INFO - Setting next_dagrun for example_branch_datetime_operator_2 to 2023-01-08T00:00:00+00:00, run_after=2023-01-09T00:00:00+00:00
[2023-01-09T17:18:59.846-0500] {logging_mixin.py:137} INFO - [2023-01-09T17:18:59.846-0500] {dag.py:3423} INFO - Setting next_dagrun for example_branch_datetime_operator_3 to 2023-01-08T00:00:00+00:00, run_after=2023-01-09T00:00:00+00:00
[2023-01-09T17:18:59.864-0500] {processor.py:175} INFO - Processing /Library/Frameworks/Python.framework/Versions/3.9/lib/python3.9/site-packages/airflow/example_dags/example_branch_datetime_operator.py took 0.819 seconds
[2023-01-09T17:18:59.867-0500] {processor.py:153} INFO - Started process (PID=43225) to work on /Library/Frameworks/Python.framework/Versions/3.9/lib/python3.9/site-packages/airflow/example_dags/example_branch_datetime_operator.py
[2023-01-09T17:18:59.871-0500] {processor.py:743} INFO - Processing file /Library/Frameworks/Python.framework/Versions/3.9/lib/python3.9/site-packages/airflow/example_dags/example_branch_datetime_operator.py for tasks to queue
[2023-01-09T17:18:59.872-0500] {logging_mixin.py:137} INFO - [2023-01-09T17:18:59.872-0500] {dagbag.py:538} INFO - Filling up the DagBag from /Library/Frameworks/Python.framework/Versions/3.9/lib/python3.9/site-packages/airflow/example_dags/example_branch_datetime_operator.py
[2023-01-09T17:18:59.903-0500] {processor.py:753} INFO - DAG(s) dict_keys(['example_branch_datetime_operator_2', 'example_branch_datetime_operator', 'example_branch_datetime_operator_3']) retrieved from /Library/Frameworks/Python.framework/Versions/3.9/lib/python3.9/site-packages/airflow/example_dags/example_branch_datetime_operator.py
[2023-01-09T17:19:00.661-0500] {logging_mixin.py:137} INFO - [2023-01-09T17:19:00.660-0500] {dag.py:2676} INFO - Sync 3 DAGs
[2023-01-09T17:19:00.679-0500] {logging_mixin.py:137} INFO - [2023-01-09T17:19:00.679-0500] {dag.py:3423} INFO - Setting next_dagrun for example_branch_datetime_operator to 2023-01-08T00:00:00+00:00, run_after=2023-01-09T00:00:00+00:00
[2023-01-09T17:19:00.683-0500] {logging_mixin.py:137} INFO - [2023-01-09T17:19:00.683-0500] {dag.py:3423} INFO - Setting next_dagrun for example_branch_datetime_operator_2 to 2023-01-08T00:00:00+00:00, run_after=2023-01-09T00:00:00+00:00
[2023-01-09T17:19:00.685-0500] {logging_mixin.py:137} INFO - [2023-01-09T17:19:00.685-0500] {dag.py:3423} INFO - Setting next_dagrun for example_branch_datetime_operator_3 to 2023-01-08T00:00:00+00:00, run_after=2023-01-09T00:00:00+00:00
[2023-01-09T17:19:00.703-0500] {processor.py:175} INFO - Processing /Library/Frameworks/Python.framework/Versions/3.9/lib/python3.9/site-packages/airflow/example_dags/example_branch_datetime_operator.py took 0.837 seconds
[2023-01-09T17:21:30.633-0500] {processor.py:153} INFO - Started process (PID=43358) to work on /Library/Frameworks/Python.framework/Versions/3.9/lib/python3.9/site-packages/airflow/example_dags/example_branch_datetime_operator.py
[2023-01-09T17:21:30.639-0500] {processor.py:743} INFO - Processing file /Library/Frameworks/Python.framework/Versions/3.9/lib/python3.9/site-packages/airflow/example_dags/example_branch_datetime_operator.py for tasks to queue
[2023-01-09T17:21:30.639-0500] {logging_mixin.py:137} INFO - [2023-01-09T17:21:30.639-0500] {dagbag.py:538} INFO - Filling up the DagBag from /Library/Frameworks/Python.framework/Versions/3.9/lib/python3.9/site-packages/airflow/example_dags/example_branch_datetime_operator.py
[2023-01-09T17:21:30.669-0500] {processor.py:753} INFO - DAG(s) dict_keys(['example_branch_datetime_operator_3', 'example_branch_datetime_operator_2', 'example_branch_datetime_operator']) retrieved from /Library/Frameworks/Python.framework/Versions/3.9/lib/python3.9/site-packages/airflow/example_dags/example_branch_datetime_operator.py
[2023-01-09T17:21:31.432-0500] {logging_mixin.py:137} INFO - [2023-01-09T17:21:31.431-0500] {dag.py:2676} INFO - Sync 3 DAGs
[2023-01-09T17:21:31.448-0500] {logging_mixin.py:137} INFO - [2023-01-09T17:21:31.448-0500] {dag.py:3423} INFO - Setting next_dagrun for example_branch_datetime_operator to 2023-01-08T00:00:00+00:00, run_after=2023-01-09T00:00:00+00:00
[2023-01-09T17:21:31.452-0500] {logging_mixin.py:137} INFO - [2023-01-09T17:21:31.452-0500] {dag.py:3423} INFO - Setting next_dagrun for example_branch_datetime_operator_2 to 2023-01-08T00:00:00+00:00, run_after=2023-01-09T00:00:00+00:00
[2023-01-09T17:21:31.454-0500] {logging_mixin.py:137} INFO - [2023-01-09T17:21:31.454-0500] {dag.py:3423} INFO - Setting next_dagrun for example_branch_datetime_operator_3 to 2023-01-08T00:00:00+00:00, run_after=2023-01-09T00:00:00+00:00
[2023-01-09T17:21:31.470-0500] {processor.py:175} INFO - Processing /Library/Frameworks/Python.framework/Versions/3.9/lib/python3.9/site-packages/airflow/example_dags/example_branch_datetime_operator.py took 0.837 seconds
[2023-01-09T17:21:31.908-0500] {processor.py:153} INFO - Started process (PID=43359) to work on /Library/Frameworks/Python.framework/Versions/3.9/lib/python3.9/site-packages/airflow/example_dags/example_branch_datetime_operator.py
[2023-01-09T17:21:31.913-0500] {processor.py:743} INFO - Processing file /Library/Frameworks/Python.framework/Versions/3.9/lib/python3.9/site-packages/airflow/example_dags/example_branch_datetime_operator.py for tasks to queue
[2023-01-09T17:21:31.913-0500] {logging_mixin.py:137} INFO - [2023-01-09T17:21:31.913-0500] {dagbag.py:538} INFO - Filling up the DagBag from /Library/Frameworks/Python.framework/Versions/3.9/lib/python3.9/site-packages/airflow/example_dags/example_branch_datetime_operator.py
[2023-01-09T17:21:31.942-0500] {processor.py:753} INFO - DAG(s) dict_keys(['example_branch_datetime_operator_2', 'example_branch_datetime_operator_3', 'example_branch_datetime_operator']) retrieved from /Library/Frameworks/Python.framework/Versions/3.9/lib/python3.9/site-packages/airflow/example_dags/example_branch_datetime_operator.py
[2023-01-09T17:21:32.699-0500] {logging_mixin.py:137} INFO - [2023-01-09T17:21:32.699-0500] {dag.py:2676} INFO - Sync 3 DAGs
[2023-01-09T17:21:32.719-0500] {logging_mixin.py:137} INFO - [2023-01-09T17:21:32.719-0500] {dag.py:3423} INFO - Setting next_dagrun for example_branch_datetime_operator to 2023-01-08T00:00:00+00:00, run_after=2023-01-09T00:00:00+00:00
[2023-01-09T17:21:32.723-0500] {logging_mixin.py:137} INFO - [2023-01-09T17:21:32.723-0500] {dag.py:3423} INFO - Setting next_dagrun for example_branch_datetime_operator_2 to 2023-01-08T00:00:00+00:00, run_after=2023-01-09T00:00:00+00:00
[2023-01-09T17:21:32.725-0500] {logging_mixin.py:137} INFO - [2023-01-09T17:21:32.725-0500] {dag.py:3423} INFO - Setting next_dagrun for example_branch_datetime_operator_3 to 2023-01-08T00:00:00+00:00, run_after=2023-01-09T00:00:00+00:00
[2023-01-09T17:21:32.742-0500] {processor.py:175} INFO - Processing /Library/Frameworks/Python.framework/Versions/3.9/lib/python3.9/site-packages/airflow/example_dags/example_branch_datetime_operator.py took 0.834 seconds
[2023-01-09T17:44:22.732-0500] {processor.py:153} INFO - Started process (PID=43765) to work on /Library/Frameworks/Python.framework/Versions/3.9/lib/python3.9/site-packages/airflow/example_dags/example_branch_datetime_operator.py
[2023-01-09T17:44:22.775-0500] {processor.py:743} INFO - Processing file /Library/Frameworks/Python.framework/Versions/3.9/lib/python3.9/site-packages/airflow/example_dags/example_branch_datetime_operator.py for tasks to queue
[2023-01-09T17:44:22.779-0500] {logging_mixin.py:137} INFO - [2023-01-09T17:44:22.778-0500] {dagbag.py:538} INFO - Filling up the DagBag from /Library/Frameworks/Python.framework/Versions/3.9/lib/python3.9/site-packages/airflow/example_dags/example_branch_datetime_operator.py
[2023-01-09T17:44:22.746-0500] {processor.py:153} INFO - Started process (PID=43766) to work on /Library/Frameworks/Python.framework/Versions/3.9/lib/python3.9/site-packages/airflow/example_dags/example_branch_datetime_operator.py
[2023-01-09T17:44:22.788-0500] {processor.py:743} INFO - Processing file /Library/Frameworks/Python.framework/Versions/3.9/lib/python3.9/site-packages/airflow/example_dags/example_branch_datetime_operator.py for tasks to queue
[2023-01-09T17:44:22.791-0500] {logging_mixin.py:137} INFO - [2023-01-09T17:44:22.790-0500] {dagbag.py:538} INFO - Filling up the DagBag from /Library/Frameworks/Python.framework/Versions/3.9/lib/python3.9/site-packages/airflow/example_dags/example_branch_datetime_operator.py
[2023-01-09T17:44:23.061-0500] {processor.py:753} INFO - DAG(s) dict_keys(['example_branch_datetime_operator', 'example_branch_datetime_operator_3', 'example_branch_datetime_operator_2']) retrieved from /Library/Frameworks/Python.framework/Versions/3.9/lib/python3.9/site-packages/airflow/example_dags/example_branch_datetime_operator.py
[2023-01-09T17:44:23.067-0500] {processor.py:753} INFO - DAG(s) dict_keys(['example_branch_datetime_operator', 'example_branch_datetime_operator_3', 'example_branch_datetime_operator_2']) retrieved from /Library/Frameworks/Python.framework/Versions/3.9/lib/python3.9/site-packages/airflow/example_dags/example_branch_datetime_operator.py
[2023-01-09T17:44:29.976-0500] {logging_mixin.py:137} INFO - [2023-01-09T17:44:29.974-0500] {dag.py:2676} INFO - Sync 3 DAGs
[2023-01-09T17:44:29.993-0500] {logging_mixin.py:137} INFO - [2023-01-09T17:44:29.991-0500] {dag.py:2676} INFO - Sync 3 DAGs
[2023-01-09T17:44:30.125-0500] {logging_mixin.py:137} INFO - [2023-01-09T17:44:30.124-0500] {dag.py:3423} INFO - Setting next_dagrun for example_branch_datetime_operator to 2023-01-08T00:00:00+00:00, run_after=2023-01-09T00:00:00+00:00
[2023-01-09T17:44:30.143-0500] {logging_mixin.py:137} INFO - [2023-01-09T17:44:30.142-0500] {dag.py:3423} INFO - Setting next_dagrun for example_branch_datetime_operator to 2023-01-08T00:00:00+00:00, run_after=2023-01-09T00:00:00+00:00
[2023-01-09T17:44:30.158-0500] {logging_mixin.py:137} INFO - [2023-01-09T17:44:30.157-0500] {dag.py:3423} INFO - Setting next_dagrun for example_branch_datetime_operator_2 to 2023-01-08T00:00:00+00:00, run_after=2023-01-09T00:00:00+00:00
[2023-01-09T17:44:30.175-0500] {logging_mixin.py:137} INFO - [2023-01-09T17:44:30.174-0500] {dag.py:3423} INFO - Setting next_dagrun for example_branch_datetime_operator_2 to 2023-01-08T00:00:00+00:00, run_after=2023-01-09T00:00:00+00:00
[2023-01-09T17:44:30.183-0500] {logging_mixin.py:137} INFO - [2023-01-09T17:44:30.182-0500] {dag.py:3423} INFO - Setting next_dagrun for example_branch_datetime_operator_3 to 2023-01-08T00:00:00+00:00, run_after=2023-01-09T00:00:00+00:00
[2023-01-09T17:44:30.196-0500] {logging_mixin.py:137} INFO - [2023-01-09T17:44:30.195-0500] {dag.py:3423} INFO - Setting next_dagrun for example_branch_datetime_operator_3 to 2023-01-08T00:00:00+00:00, run_after=2023-01-09T00:00:00+00:00
[2023-01-09T17:44:30.319-0500] {processor.py:175} INFO - Processing /Library/Frameworks/Python.framework/Versions/3.9/lib/python3.9/site-packages/airflow/example_dags/example_branch_datetime_operator.py took 7.593 seconds
[2023-01-09T17:44:30.337-0500] {processor.py:175} INFO - Processing /Library/Frameworks/Python.framework/Versions/3.9/lib/python3.9/site-packages/airflow/example_dags/example_branch_datetime_operator.py took 7.597 seconds
[2023-01-09T18:33:01.642-0500] {processor.py:153} INFO - Started process (PID=44593) to work on /Library/Frameworks/Python.framework/Versions/3.9/lib/python3.9/site-packages/airflow/example_dags/example_branch_datetime_operator.py
[2023-01-09T18:33:01.647-0500] {processor.py:743} INFO - Processing file /Library/Frameworks/Python.framework/Versions/3.9/lib/python3.9/site-packages/airflow/example_dags/example_branch_datetime_operator.py for tasks to queue
[2023-01-09T18:33:01.648-0500] {logging_mixin.py:137} INFO - [2023-01-09T18:33:01.648-0500] {dagbag.py:538} INFO - Filling up the DagBag from /Library/Frameworks/Python.framework/Versions/3.9/lib/python3.9/site-packages/airflow/example_dags/example_branch_datetime_operator.py
[2023-01-09T18:33:01.680-0500] {processor.py:753} INFO - DAG(s) dict_keys(['example_branch_datetime_operator_3', 'example_branch_datetime_operator_2', 'example_branch_datetime_operator']) retrieved from /Library/Frameworks/Python.framework/Versions/3.9/lib/python3.9/site-packages/airflow/example_dags/example_branch_datetime_operator.py
[2023-01-09T18:33:02.407-0500] {logging_mixin.py:137} INFO - [2023-01-09T18:33:02.407-0500] {dag.py:2676} INFO - Sync 3 DAGs
[2023-01-09T18:33:02.424-0500] {logging_mixin.py:137} INFO - [2023-01-09T18:33:02.424-0500] {dag.py:3423} INFO - Setting next_dagrun for example_branch_datetime_operator to 2023-01-08T00:00:00+00:00, run_after=2023-01-09T00:00:00+00:00
[2023-01-09T18:33:02.428-0500] {logging_mixin.py:137} INFO - [2023-01-09T18:33:02.427-0500] {dag.py:3423} INFO - Setting next_dagrun for example_branch_datetime_operator_2 to 2023-01-08T00:00:00+00:00, run_after=2023-01-09T00:00:00+00:00
[2023-01-09T18:33:02.430-0500] {logging_mixin.py:137} INFO - [2023-01-09T18:33:02.430-0500] {dag.py:3423} INFO - Setting next_dagrun for example_branch_datetime_operator_3 to 2023-01-08T00:00:00+00:00, run_after=2023-01-09T00:00:00+00:00
[2023-01-09T18:33:02.449-0500] {processor.py:175} INFO - Processing /Library/Frameworks/Python.framework/Versions/3.9/lib/python3.9/site-packages/airflow/example_dags/example_branch_datetime_operator.py took 0.807 seconds
[2023-01-09T18:33:03.341-0500] {processor.py:153} INFO - Started process (PID=44594) to work on /Library/Frameworks/Python.framework/Versions/3.9/lib/python3.9/site-packages/airflow/example_dags/example_branch_datetime_operator.py
[2023-01-09T18:33:03.346-0500] {processor.py:743} INFO - Processing file /Library/Frameworks/Python.framework/Versions/3.9/lib/python3.9/site-packages/airflow/example_dags/example_branch_datetime_operator.py for tasks to queue
[2023-01-09T18:33:03.347-0500] {logging_mixin.py:137} INFO - [2023-01-09T18:33:03.347-0500] {dagbag.py:538} INFO - Filling up the DagBag from /Library/Frameworks/Python.framework/Versions/3.9/lib/python3.9/site-packages/airflow/example_dags/example_branch_datetime_operator.py
[2023-01-09T18:33:03.378-0500] {processor.py:753} INFO - DAG(s) dict_keys(['example_branch_datetime_operator', 'example_branch_datetime_operator_2', 'example_branch_datetime_operator_3']) retrieved from /Library/Frameworks/Python.framework/Versions/3.9/lib/python3.9/site-packages/airflow/example_dags/example_branch_datetime_operator.py
[2023-01-09T18:33:04.072-0500] {logging_mixin.py:137} INFO - [2023-01-09T18:33:04.072-0500] {dag.py:2676} INFO - Sync 3 DAGs
[2023-01-09T18:33:04.089-0500] {logging_mixin.py:137} INFO - [2023-01-09T18:33:04.089-0500] {dag.py:3423} INFO - Setting next_dagrun for example_branch_datetime_operator to 2023-01-08T00:00:00+00:00, run_after=2023-01-09T00:00:00+00:00
[2023-01-09T18:33:04.093-0500] {logging_mixin.py:137} INFO - [2023-01-09T18:33:04.093-0500] {dag.py:3423} INFO - Setting next_dagrun for example_branch_datetime_operator_2 to 2023-01-08T00:00:00+00:00, run_after=2023-01-09T00:00:00+00:00
[2023-01-09T18:33:04.095-0500] {logging_mixin.py:137} INFO - [2023-01-09T18:33:04.095-0500] {dag.py:3423} INFO - Setting next_dagrun for example_branch_datetime_operator_3 to 2023-01-08T00:00:00+00:00, run_after=2023-01-09T00:00:00+00:00
[2023-01-09T18:33:04.118-0500] {processor.py:175} INFO - Processing /Library/Frameworks/Python.framework/Versions/3.9/lib/python3.9/site-packages/airflow/example_dags/example_branch_datetime_operator.py took 0.777 seconds
[2023-01-09T18:35:39.312-0500] {processor.py:153} INFO - Started process (PID=44731) to work on /Library/Frameworks/Python.framework/Versions/3.9/lib/python3.9/site-packages/airflow/example_dags/example_branch_datetime_operator.py
[2023-01-09T18:35:39.317-0500] {processor.py:743} INFO - Processing file /Library/Frameworks/Python.framework/Versions/3.9/lib/python3.9/site-packages/airflow/example_dags/example_branch_datetime_operator.py for tasks to queue
[2023-01-09T18:35:39.317-0500] {logging_mixin.py:137} INFO - [2023-01-09T18:35:39.317-0500] {dagbag.py:538} INFO - Filling up the DagBag from /Library/Frameworks/Python.framework/Versions/3.9/lib/python3.9/site-packages/airflow/example_dags/example_branch_datetime_operator.py
[2023-01-09T18:35:39.369-0500] {processor.py:753} INFO - DAG(s) dict_keys(['example_branch_datetime_operator_2', 'example_branch_datetime_operator_3', 'example_branch_datetime_operator']) retrieved from /Library/Frameworks/Python.framework/Versions/3.9/lib/python3.9/site-packages/airflow/example_dags/example_branch_datetime_operator.py
[2023-01-09T18:35:40.078-0500] {logging_mixin.py:137} INFO - [2023-01-09T18:35:40.078-0500] {dag.py:2676} INFO - Sync 3 DAGs
[2023-01-09T18:35:40.096-0500] {logging_mixin.py:137} INFO - [2023-01-09T18:35:40.096-0500] {dag.py:3423} INFO - Setting next_dagrun for example_branch_datetime_operator to 2023-01-08T00:00:00+00:00, run_after=2023-01-09T00:00:00+00:00
[2023-01-09T18:35:40.100-0500] {logging_mixin.py:137} INFO - [2023-01-09T18:35:40.100-0500] {dag.py:3423} INFO - Setting next_dagrun for example_branch_datetime_operator_2 to 2023-01-08T00:00:00+00:00, run_after=2023-01-09T00:00:00+00:00
[2023-01-09T18:35:40.102-0500] {logging_mixin.py:137} INFO - [2023-01-09T18:35:40.102-0500] {dag.py:3423} INFO - Setting next_dagrun for example_branch_datetime_operator_3 to 2023-01-08T00:00:00+00:00, run_after=2023-01-09T00:00:00+00:00
[2023-01-09T18:35:40.119-0500] {processor.py:175} INFO - Processing /Library/Frameworks/Python.framework/Versions/3.9/lib/python3.9/site-packages/airflow/example_dags/example_branch_datetime_operator.py took 0.808 seconds
[2023-01-09T18:35:44.651-0500] {processor.py:153} INFO - Started process (PID=44735) to work on /Library/Frameworks/Python.framework/Versions/3.9/lib/python3.9/site-packages/airflow/example_dags/example_branch_datetime_operator.py
[2023-01-09T18:35:44.656-0500] {processor.py:743} INFO - Processing file /Library/Frameworks/Python.framework/Versions/3.9/lib/python3.9/site-packages/airflow/example_dags/example_branch_datetime_operator.py for tasks to queue
[2023-01-09T18:35:44.656-0500] {logging_mixin.py:137} INFO - [2023-01-09T18:35:44.656-0500] {dagbag.py:538} INFO - Filling up the DagBag from /Library/Frameworks/Python.framework/Versions/3.9/lib/python3.9/site-packages/airflow/example_dags/example_branch_datetime_operator.py
[2023-01-09T18:35:44.686-0500] {processor.py:753} INFO - DAG(s) dict_keys(['example_branch_datetime_operator', 'example_branch_datetime_operator_3', 'example_branch_datetime_operator_2']) retrieved from /Library/Frameworks/Python.framework/Versions/3.9/lib/python3.9/site-packages/airflow/example_dags/example_branch_datetime_operator.py
[2023-01-09T18:35:45.464-0500] {logging_mixin.py:137} INFO - [2023-01-09T18:35:45.463-0500] {dag.py:2676} INFO - Sync 3 DAGs
[2023-01-09T18:35:45.483-0500] {logging_mixin.py:137} INFO - [2023-01-09T18:35:45.483-0500] {dag.py:3423} INFO - Setting next_dagrun for example_branch_datetime_operator to 2023-01-08T00:00:00+00:00, run_after=2023-01-09T00:00:00+00:00
[2023-01-09T18:35:45.487-0500] {logging_mixin.py:137} INFO - [2023-01-09T18:35:45.487-0500] {dag.py:3423} INFO - Setting next_dagrun for example_branch_datetime_operator_2 to 2023-01-08T00:00:00+00:00, run_after=2023-01-09T00:00:00+00:00
[2023-01-09T18:35:45.489-0500] {logging_mixin.py:137} INFO - [2023-01-09T18:35:45.489-0500] {dag.py:3423} INFO - Setting next_dagrun for example_branch_datetime_operator_3 to 2023-01-08T00:00:00+00:00, run_after=2023-01-09T00:00:00+00:00
[2023-01-09T18:35:45.506-0500] {processor.py:175} INFO - Processing /Library/Frameworks/Python.framework/Versions/3.9/lib/python3.9/site-packages/airflow/example_dags/example_branch_datetime_operator.py took 0.856 seconds
[2023-01-09T18:38:20.534-0500] {processor.py:153} INFO - Started process (PID=44898) to work on /Library/Frameworks/Python.framework/Versions/3.9/lib/python3.9/site-packages/airflow/example_dags/example_branch_datetime_operator.py
[2023-01-09T18:38:20.539-0500] {processor.py:743} INFO - Processing file /Library/Frameworks/Python.framework/Versions/3.9/lib/python3.9/site-packages/airflow/example_dags/example_branch_datetime_operator.py for tasks to queue
[2023-01-09T18:38:20.539-0500] {logging_mixin.py:137} INFO - [2023-01-09T18:38:20.539-0500] {dagbag.py:538} INFO - Filling up the DagBag from /Library/Frameworks/Python.framework/Versions/3.9/lib/python3.9/site-packages/airflow/example_dags/example_branch_datetime_operator.py
[2023-01-09T18:38:20.571-0500] {processor.py:753} INFO - DAG(s) dict_keys(['example_branch_datetime_operator', 'example_branch_datetime_operator_2', 'example_branch_datetime_operator_3']) retrieved from /Library/Frameworks/Python.framework/Versions/3.9/lib/python3.9/site-packages/airflow/example_dags/example_branch_datetime_operator.py
[2023-01-09T18:38:21.308-0500] {logging_mixin.py:137} INFO - [2023-01-09T18:38:21.308-0500] {dag.py:2676} INFO - Sync 3 DAGs
[2023-01-09T18:38:21.326-0500] {logging_mixin.py:137} INFO - [2023-01-09T18:38:21.326-0500] {dag.py:3423} INFO - Setting next_dagrun for example_branch_datetime_operator to 2023-01-08T00:00:00+00:00, run_after=2023-01-09T00:00:00+00:00
[2023-01-09T18:38:21.330-0500] {logging_mixin.py:137} INFO - [2023-01-09T18:38:21.330-0500] {dag.py:3423} INFO - Setting next_dagrun for example_branch_datetime_operator_2 to 2023-01-08T00:00:00+00:00, run_after=2023-01-09T00:00:00+00:00
[2023-01-09T18:38:21.332-0500] {logging_mixin.py:137} INFO - [2023-01-09T18:38:21.332-0500] {dag.py:3423} INFO - Setting next_dagrun for example_branch_datetime_operator_3 to 2023-01-08T00:00:00+00:00, run_after=2023-01-09T00:00:00+00:00
[2023-01-09T18:38:21.348-0500] {processor.py:175} INFO - Processing /Library/Frameworks/Python.framework/Versions/3.9/lib/python3.9/site-packages/airflow/example_dags/example_branch_datetime_operator.py took 0.815 seconds
[2023-01-09T18:38:22.747-0500] {processor.py:153} INFO - Started process (PID=44903) to work on /Library/Frameworks/Python.framework/Versions/3.9/lib/python3.9/site-packages/airflow/example_dags/example_branch_datetime_operator.py
[2023-01-09T18:38:22.752-0500] {processor.py:743} INFO - Processing file /Library/Frameworks/Python.framework/Versions/3.9/lib/python3.9/site-packages/airflow/example_dags/example_branch_datetime_operator.py for tasks to queue
[2023-01-09T18:38:22.752-0500] {logging_mixin.py:137} INFO - [2023-01-09T18:38:22.752-0500] {dagbag.py:538} INFO - Filling up the DagBag from /Library/Frameworks/Python.framework/Versions/3.9/lib/python3.9/site-packages/airflow/example_dags/example_branch_datetime_operator.py
[2023-01-09T18:38:22.785-0500] {processor.py:753} INFO - DAG(s) dict_keys(['example_branch_datetime_operator', 'example_branch_datetime_operator_3', 'example_branch_datetime_operator_2']) retrieved from /Library/Frameworks/Python.framework/Versions/3.9/lib/python3.9/site-packages/airflow/example_dags/example_branch_datetime_operator.py
[2023-01-09T18:38:23.670-0500] {logging_mixin.py:137} INFO - [2023-01-09T18:38:23.669-0500] {dag.py:2676} INFO - Sync 3 DAGs
[2023-01-09T18:38:23.692-0500] {logging_mixin.py:137} INFO - [2023-01-09T18:38:23.692-0500] {dag.py:3423} INFO - Setting next_dagrun for example_branch_datetime_operator to 2023-01-08T00:00:00+00:00, run_after=2023-01-09T00:00:00+00:00
[2023-01-09T18:38:23.696-0500] {logging_mixin.py:137} INFO - [2023-01-09T18:38:23.696-0500] {dag.py:3423} INFO - Setting next_dagrun for example_branch_datetime_operator_2 to 2023-01-08T00:00:00+00:00, run_after=2023-01-09T00:00:00+00:00
[2023-01-09T18:38:23.699-0500] {logging_mixin.py:137} INFO - [2023-01-09T18:38:23.699-0500] {dag.py:3423} INFO - Setting next_dagrun for example_branch_datetime_operator_3 to 2023-01-08T00:00:00+00:00, run_after=2023-01-09T00:00:00+00:00
[2023-01-09T18:38:23.717-0500] {processor.py:175} INFO - Processing /Library/Frameworks/Python.framework/Versions/3.9/lib/python3.9/site-packages/airflow/example_dags/example_branch_datetime_operator.py took 0.970 seconds
[2023-01-09T18:40:55.469-0500] {processor.py:153} INFO - Started process (PID=45111) to work on /Library/Frameworks/Python.framework/Versions/3.9/lib/python3.9/site-packages/airflow/example_dags/example_branch_datetime_operator.py
[2023-01-09T18:40:55.475-0500] {processor.py:743} INFO - Processing file /Library/Frameworks/Python.framework/Versions/3.9/lib/python3.9/site-packages/airflow/example_dags/example_branch_datetime_operator.py for tasks to queue
[2023-01-09T18:40:55.476-0500] {logging_mixin.py:137} INFO - [2023-01-09T18:40:55.476-0500] {dagbag.py:538} INFO - Filling up the DagBag from /Library/Frameworks/Python.framework/Versions/3.9/lib/python3.9/site-packages/airflow/example_dags/example_branch_datetime_operator.py
[2023-01-09T18:40:55.511-0500] {processor.py:753} INFO - DAG(s) dict_keys(['example_branch_datetime_operator_3', 'example_branch_datetime_operator', 'example_branch_datetime_operator_2']) retrieved from /Library/Frameworks/Python.framework/Versions/3.9/lib/python3.9/site-packages/airflow/example_dags/example_branch_datetime_operator.py
[2023-01-09T18:40:56.336-0500] {logging_mixin.py:137} INFO - [2023-01-09T18:40:56.336-0500] {dag.py:2676} INFO - Sync 3 DAGs
[2023-01-09T18:40:56.355-0500] {logging_mixin.py:137} INFO - [2023-01-09T18:40:56.355-0500] {dag.py:3423} INFO - Setting next_dagrun for example_branch_datetime_operator to 2023-01-08T00:00:00+00:00, run_after=2023-01-09T00:00:00+00:00
[2023-01-09T18:40:56.359-0500] {logging_mixin.py:137} INFO - [2023-01-09T18:40:56.359-0500] {dag.py:3423} INFO - Setting next_dagrun for example_branch_datetime_operator_2 to 2023-01-08T00:00:00+00:00, run_after=2023-01-09T00:00:00+00:00
[2023-01-09T18:40:56.362-0500] {logging_mixin.py:137} INFO - [2023-01-09T18:40:56.362-0500] {dag.py:3423} INFO - Setting next_dagrun for example_branch_datetime_operator_3 to 2023-01-08T00:00:00+00:00, run_after=2023-01-09T00:00:00+00:00
[2023-01-09T18:40:56.386-0500] {processor.py:175} INFO - Processing /Library/Frameworks/Python.framework/Versions/3.9/lib/python3.9/site-packages/airflow/example_dags/example_branch_datetime_operator.py took 0.917 seconds
[2023-01-09T18:41:00.082-0500] {processor.py:153} INFO - Started process (PID=45115) to work on /Library/Frameworks/Python.framework/Versions/3.9/lib/python3.9/site-packages/airflow/example_dags/example_branch_datetime_operator.py
[2023-01-09T18:41:00.087-0500] {processor.py:743} INFO - Processing file /Library/Frameworks/Python.framework/Versions/3.9/lib/python3.9/site-packages/airflow/example_dags/example_branch_datetime_operator.py for tasks to queue
[2023-01-09T18:41:00.087-0500] {logging_mixin.py:137} INFO - [2023-01-09T18:41:00.087-0500] {dagbag.py:538} INFO - Filling up the DagBag from /Library/Frameworks/Python.framework/Versions/3.9/lib/python3.9/site-packages/airflow/example_dags/example_branch_datetime_operator.py
[2023-01-09T18:41:00.116-0500] {processor.py:753} INFO - DAG(s) dict_keys(['example_branch_datetime_operator_2', 'example_branch_datetime_operator', 'example_branch_datetime_operator_3']) retrieved from /Library/Frameworks/Python.framework/Versions/3.9/lib/python3.9/site-packages/airflow/example_dags/example_branch_datetime_operator.py
[2023-01-09T18:41:00.840-0500] {logging_mixin.py:137} INFO - [2023-01-09T18:41:00.840-0500] {dag.py:2676} INFO - Sync 3 DAGs
[2023-01-09T18:41:00.857-0500] {logging_mixin.py:137} INFO - [2023-01-09T18:41:00.857-0500] {dag.py:3423} INFO - Setting next_dagrun for example_branch_datetime_operator to 2023-01-08T00:00:00+00:00, run_after=2023-01-09T00:00:00+00:00
[2023-01-09T18:41:00.861-0500] {logging_mixin.py:137} INFO - [2023-01-09T18:41:00.861-0500] {dag.py:3423} INFO - Setting next_dagrun for example_branch_datetime_operator_2 to 2023-01-08T00:00:00+00:00, run_after=2023-01-09T00:00:00+00:00
[2023-01-09T18:41:00.863-0500] {logging_mixin.py:137} INFO - [2023-01-09T18:41:00.863-0500] {dag.py:3423} INFO - Setting next_dagrun for example_branch_datetime_operator_3 to 2023-01-08T00:00:00+00:00, run_after=2023-01-09T00:00:00+00:00
[2023-01-09T18:41:00.878-0500] {processor.py:175} INFO - Processing /Library/Frameworks/Python.framework/Versions/3.9/lib/python3.9/site-packages/airflow/example_dags/example_branch_datetime_operator.py took 0.797 seconds
[2023-01-09T18:43:33.993-0500] {processor.py:153} INFO - Started process (PID=45254) to work on /Library/Frameworks/Python.framework/Versions/3.9/lib/python3.9/site-packages/airflow/example_dags/example_branch_datetime_operator.py
[2023-01-09T18:43:33.999-0500] {processor.py:743} INFO - Processing file /Library/Frameworks/Python.framework/Versions/3.9/lib/python3.9/site-packages/airflow/example_dags/example_branch_datetime_operator.py for tasks to queue
[2023-01-09T18:43:33.999-0500] {logging_mixin.py:137} INFO - [2023-01-09T18:43:33.999-0500] {dagbag.py:538} INFO - Filling up the DagBag from /Library/Frameworks/Python.framework/Versions/3.9/lib/python3.9/site-packages/airflow/example_dags/example_branch_datetime_operator.py
[2023-01-09T18:43:34.032-0500] {processor.py:753} INFO - DAG(s) dict_keys(['example_branch_datetime_operator_3', 'example_branch_datetime_operator', 'example_branch_datetime_operator_2']) retrieved from /Library/Frameworks/Python.framework/Versions/3.9/lib/python3.9/site-packages/airflow/example_dags/example_branch_datetime_operator.py
[2023-01-09T18:43:34.719-0500] {logging_mixin.py:137} INFO - [2023-01-09T18:43:34.719-0500] {dag.py:2676} INFO - Sync 3 DAGs
[2023-01-09T18:43:34.737-0500] {logging_mixin.py:137} INFO - [2023-01-09T18:43:34.737-0500] {dag.py:3423} INFO - Setting next_dagrun for example_branch_datetime_operator to 2023-01-08T00:00:00+00:00, run_after=2023-01-09T00:00:00+00:00
[2023-01-09T18:43:34.741-0500] {logging_mixin.py:137} INFO - [2023-01-09T18:43:34.741-0500] {dag.py:3423} INFO - Setting next_dagrun for example_branch_datetime_operator_2 to 2023-01-08T00:00:00+00:00, run_after=2023-01-09T00:00:00+00:00
[2023-01-09T18:43:34.744-0500] {logging_mixin.py:137} INFO - [2023-01-09T18:43:34.744-0500] {dag.py:3423} INFO - Setting next_dagrun for example_branch_datetime_operator_3 to 2023-01-08T00:00:00+00:00, run_after=2023-01-09T00:00:00+00:00
[2023-01-09T18:43:34.760-0500] {processor.py:175} INFO - Processing /Library/Frameworks/Python.framework/Versions/3.9/lib/python3.9/site-packages/airflow/example_dags/example_branch_datetime_operator.py took 0.768 seconds
[2023-01-09T18:43:39.626-0500] {processor.py:153} INFO - Started process (PID=45257) to work on /Library/Frameworks/Python.framework/Versions/3.9/lib/python3.9/site-packages/airflow/example_dags/example_branch_datetime_operator.py
[2023-01-09T18:43:39.631-0500] {processor.py:743} INFO - Processing file /Library/Frameworks/Python.framework/Versions/3.9/lib/python3.9/site-packages/airflow/example_dags/example_branch_datetime_operator.py for tasks to queue
[2023-01-09T18:43:39.631-0500] {logging_mixin.py:137} INFO - [2023-01-09T18:43:39.631-0500] {dagbag.py:538} INFO - Filling up the DagBag from /Library/Frameworks/Python.framework/Versions/3.9/lib/python3.9/site-packages/airflow/example_dags/example_branch_datetime_operator.py
[2023-01-09T18:43:39.662-0500] {processor.py:753} INFO - DAG(s) dict_keys(['example_branch_datetime_operator_2', 'example_branch_datetime_operator_3', 'example_branch_datetime_operator']) retrieved from /Library/Frameworks/Python.framework/Versions/3.9/lib/python3.9/site-packages/airflow/example_dags/example_branch_datetime_operator.py
[2023-01-09T18:43:40.346-0500] {logging_mixin.py:137} INFO - [2023-01-09T18:43:40.345-0500] {dag.py:2676} INFO - Sync 3 DAGs
[2023-01-09T18:43:40.367-0500] {logging_mixin.py:137} INFO - [2023-01-09T18:43:40.367-0500] {dag.py:3423} INFO - Setting next_dagrun for example_branch_datetime_operator to 2023-01-08T00:00:00+00:00, run_after=2023-01-09T00:00:00+00:00
[2023-01-09T18:43:40.371-0500] {logging_mixin.py:137} INFO - [2023-01-09T18:43:40.371-0500] {dag.py:3423} INFO - Setting next_dagrun for example_branch_datetime_operator_2 to 2023-01-08T00:00:00+00:00, run_after=2023-01-09T00:00:00+00:00
[2023-01-09T18:43:40.374-0500] {logging_mixin.py:137} INFO - [2023-01-09T18:43:40.374-0500] {dag.py:3423} INFO - Setting next_dagrun for example_branch_datetime_operator_3 to 2023-01-08T00:00:00+00:00, run_after=2023-01-09T00:00:00+00:00
[2023-01-09T18:43:40.396-0500] {processor.py:175} INFO - Processing /Library/Frameworks/Python.framework/Versions/3.9/lib/python3.9/site-packages/airflow/example_dags/example_branch_datetime_operator.py took 0.771 seconds
[2023-01-09T18:46:46.183-0500] {processor.py:153} INFO - Started process (PID=45523) to work on /Library/Frameworks/Python.framework/Versions/3.9/lib/python3.9/site-packages/airflow/example_dags/example_branch_datetime_operator.py
[2023-01-09T18:46:46.190-0500] {processor.py:743} INFO - Processing file /Library/Frameworks/Python.framework/Versions/3.9/lib/python3.9/site-packages/airflow/example_dags/example_branch_datetime_operator.py for tasks to queue
[2023-01-09T18:46:46.191-0500] {logging_mixin.py:137} INFO - [2023-01-09T18:46:46.191-0500] {dagbag.py:538} INFO - Filling up the DagBag from /Library/Frameworks/Python.framework/Versions/3.9/lib/python3.9/site-packages/airflow/example_dags/example_branch_datetime_operator.py
[2023-01-09T18:46:46.232-0500] {processor.py:753} INFO - DAG(s) dict_keys(['example_branch_datetime_operator', 'example_branch_datetime_operator_2', 'example_branch_datetime_operator_3']) retrieved from /Library/Frameworks/Python.framework/Versions/3.9/lib/python3.9/site-packages/airflow/example_dags/example_branch_datetime_operator.py
[2023-01-09T18:46:47.257-0500] {logging_mixin.py:137} INFO - [2023-01-09T18:46:47.256-0500] {dag.py:2676} INFO - Sync 3 DAGs
[2023-01-09T18:46:47.288-0500] {logging_mixin.py:137} INFO - [2023-01-09T18:46:47.287-0500] {dag.py:3423} INFO - Setting next_dagrun for example_branch_datetime_operator to 2023-01-08T00:00:00+00:00, run_after=2023-01-09T00:00:00+00:00
[2023-01-09T18:46:47.292-0500] {logging_mixin.py:137} INFO - [2023-01-09T18:46:47.292-0500] {dag.py:3423} INFO - Setting next_dagrun for example_branch_datetime_operator_2 to 2023-01-08T00:00:00+00:00, run_after=2023-01-09T00:00:00+00:00
[2023-01-09T18:46:47.296-0500] {logging_mixin.py:137} INFO - [2023-01-09T18:46:47.295-0500] {dag.py:3423} INFO - Setting next_dagrun for example_branch_datetime_operator_3 to 2023-01-08T00:00:00+00:00, run_after=2023-01-09T00:00:00+00:00
[2023-01-09T18:46:47.323-0500] {processor.py:175} INFO - Processing /Library/Frameworks/Python.framework/Versions/3.9/lib/python3.9/site-packages/airflow/example_dags/example_branch_datetime_operator.py took 1.141 seconds
[2023-01-09T18:46:51.802-0500] {processor.py:153} INFO - Started process (PID=45530) to work on /Library/Frameworks/Python.framework/Versions/3.9/lib/python3.9/site-packages/airflow/example_dags/example_branch_datetime_operator.py
[2023-01-09T18:46:51.808-0500] {processor.py:743} INFO - Processing file /Library/Frameworks/Python.framework/Versions/3.9/lib/python3.9/site-packages/airflow/example_dags/example_branch_datetime_operator.py for tasks to queue
[2023-01-09T18:46:51.809-0500] {logging_mixin.py:137} INFO - [2023-01-09T18:46:51.809-0500] {dagbag.py:538} INFO - Filling up the DagBag from /Library/Frameworks/Python.framework/Versions/3.9/lib/python3.9/site-packages/airflow/example_dags/example_branch_datetime_operator.py
[2023-01-09T18:46:51.858-0500] {processor.py:753} INFO - DAG(s) dict_keys(['example_branch_datetime_operator', 'example_branch_datetime_operator_3', 'example_branch_datetime_operator_2']) retrieved from /Library/Frameworks/Python.framework/Versions/3.9/lib/python3.9/site-packages/airflow/example_dags/example_branch_datetime_operator.py
[2023-01-09T18:46:53.522-0500] {logging_mixin.py:137} INFO - [2023-01-09T18:46:53.522-0500] {dag.py:2676} INFO - Sync 3 DAGs
[2023-01-09T18:46:55.513-0500] {logging_mixin.py:137} INFO - [2023-01-09T18:46:55.513-0500] {dag.py:3423} INFO - Setting next_dagrun for example_branch_datetime_operator to 2023-01-08T00:00:00+00:00, run_after=2023-01-09T00:00:00+00:00
[2023-01-09T18:46:55.554-0500] {logging_mixin.py:137} INFO - [2023-01-09T18:46:55.554-0500] {dag.py:3423} INFO - Setting next_dagrun for example_branch_datetime_operator_2 to 2023-01-08T00:00:00+00:00, run_after=2023-01-09T00:00:00+00:00
[2023-01-09T18:46:55.557-0500] {logging_mixin.py:137} INFO - [2023-01-09T18:46:55.557-0500] {dag.py:3423} INFO - Setting next_dagrun for example_branch_datetime_operator_3 to 2023-01-08T00:00:00+00:00, run_after=2023-01-09T00:00:00+00:00
[2023-01-09T18:46:55.730-0500] {processor.py:175} INFO - Processing /Library/Frameworks/Python.framework/Versions/3.9/lib/python3.9/site-packages/airflow/example_dags/example_branch_datetime_operator.py took 3.929 seconds
[2023-01-09T18:49:41.227-0500] {processor.py:153} INFO - Started process (PID=45718) to work on /Library/Frameworks/Python.framework/Versions/3.9/lib/python3.9/site-packages/airflow/example_dags/example_branch_datetime_operator.py
[2023-01-09T18:49:41.233-0500] {processor.py:743} INFO - Processing file /Library/Frameworks/Python.framework/Versions/3.9/lib/python3.9/site-packages/airflow/example_dags/example_branch_datetime_operator.py for tasks to queue
[2023-01-09T18:49:41.233-0500] {logging_mixin.py:137} INFO - [2023-01-09T18:49:41.233-0500] {dagbag.py:538} INFO - Filling up the DagBag from /Library/Frameworks/Python.framework/Versions/3.9/lib/python3.9/site-packages/airflow/example_dags/example_branch_datetime_operator.py
[2023-01-09T18:49:41.269-0500] {processor.py:753} INFO - DAG(s) dict_keys(['example_branch_datetime_operator_3', 'example_branch_datetime_operator_2', 'example_branch_datetime_operator']) retrieved from /Library/Frameworks/Python.framework/Versions/3.9/lib/python3.9/site-packages/airflow/example_dags/example_branch_datetime_operator.py
[2023-01-09T18:49:42.143-0500] {logging_mixin.py:137} INFO - [2023-01-09T18:49:42.142-0500] {dag.py:2676} INFO - Sync 3 DAGs
[2023-01-09T18:49:42.164-0500] {logging_mixin.py:137} INFO - [2023-01-09T18:49:42.163-0500] {dag.py:3423} INFO - Setting next_dagrun for example_branch_datetime_operator to 2023-01-08T00:00:00+00:00, run_after=2023-01-09T00:00:00+00:00
[2023-01-09T18:49:42.168-0500] {logging_mixin.py:137} INFO - [2023-01-09T18:49:42.168-0500] {dag.py:3423} INFO - Setting next_dagrun for example_branch_datetime_operator_2 to 2023-01-08T00:00:00+00:00, run_after=2023-01-09T00:00:00+00:00
[2023-01-09T18:49:42.170-0500] {logging_mixin.py:137} INFO - [2023-01-09T18:49:42.170-0500] {dag.py:3423} INFO - Setting next_dagrun for example_branch_datetime_operator_3 to 2023-01-08T00:00:00+00:00, run_after=2023-01-09T00:00:00+00:00
[2023-01-09T18:49:42.191-0500] {processor.py:175} INFO - Processing /Library/Frameworks/Python.framework/Versions/3.9/lib/python3.9/site-packages/airflow/example_dags/example_branch_datetime_operator.py took 0.965 seconds
[2023-01-09T18:49:50.132-0500] {processor.py:153} INFO - Started process (PID=45723) to work on /Library/Frameworks/Python.framework/Versions/3.9/lib/python3.9/site-packages/airflow/example_dags/example_branch_datetime_operator.py
[2023-01-09T18:49:50.137-0500] {processor.py:743} INFO - Processing file /Library/Frameworks/Python.framework/Versions/3.9/lib/python3.9/site-packages/airflow/example_dags/example_branch_datetime_operator.py for tasks to queue
[2023-01-09T18:49:50.138-0500] {logging_mixin.py:137} INFO - [2023-01-09T18:49:50.137-0500] {dagbag.py:538} INFO - Filling up the DagBag from /Library/Frameworks/Python.framework/Versions/3.9/lib/python3.9/site-packages/airflow/example_dags/example_branch_datetime_operator.py
[2023-01-09T18:49:50.179-0500] {processor.py:753} INFO - DAG(s) dict_keys(['example_branch_datetime_operator_3', 'example_branch_datetime_operator_2', 'example_branch_datetime_operator']) retrieved from /Library/Frameworks/Python.framework/Versions/3.9/lib/python3.9/site-packages/airflow/example_dags/example_branch_datetime_operator.py
[2023-01-09T18:49:51.167-0500] {logging_mixin.py:137} INFO - [2023-01-09T18:49:51.167-0500] {dag.py:2676} INFO - Sync 3 DAGs
[2023-01-09T18:49:51.199-0500] {logging_mixin.py:137} INFO - [2023-01-09T18:49:51.199-0500] {dag.py:3423} INFO - Setting next_dagrun for example_branch_datetime_operator to 2023-01-08T00:00:00+00:00, run_after=2023-01-09T00:00:00+00:00
[2023-01-09T18:49:51.204-0500] {logging_mixin.py:137} INFO - [2023-01-09T18:49:51.203-0500] {dag.py:3423} INFO - Setting next_dagrun for example_branch_datetime_operator_2 to 2023-01-08T00:00:00+00:00, run_after=2023-01-09T00:00:00+00:00
[2023-01-09T18:49:51.210-0500] {logging_mixin.py:137} INFO - [2023-01-09T18:49:51.209-0500] {dag.py:3423} INFO - Setting next_dagrun for example_branch_datetime_operator_3 to 2023-01-08T00:00:00+00:00, run_after=2023-01-09T00:00:00+00:00
[2023-01-09T18:49:51.237-0500] {processor.py:175} INFO - Processing /Library/Frameworks/Python.framework/Versions/3.9/lib/python3.9/site-packages/airflow/example_dags/example_branch_datetime_operator.py took 1.106 seconds
[2023-01-09T18:52:51.269-0500] {processor.py:153} INFO - Started process (PID=45897) to work on /Library/Frameworks/Python.framework/Versions/3.9/lib/python3.9/site-packages/airflow/example_dags/example_branch_datetime_operator.py
[2023-01-09T18:52:51.276-0500] {processor.py:743} INFO - Processing file /Library/Frameworks/Python.framework/Versions/3.9/lib/python3.9/site-packages/airflow/example_dags/example_branch_datetime_operator.py for tasks to queue
[2023-01-09T18:52:51.277-0500] {logging_mixin.py:137} INFO - [2023-01-09T18:52:51.277-0500] {dagbag.py:538} INFO - Filling up the DagBag from /Library/Frameworks/Python.framework/Versions/3.9/lib/python3.9/site-packages/airflow/example_dags/example_branch_datetime_operator.py
[2023-01-09T18:52:51.319-0500] {processor.py:753} INFO - DAG(s) dict_keys(['example_branch_datetime_operator', 'example_branch_datetime_operator_3', 'example_branch_datetime_operator_2']) retrieved from /Library/Frameworks/Python.framework/Versions/3.9/lib/python3.9/site-packages/airflow/example_dags/example_branch_datetime_operator.py
[2023-01-09T18:52:52.376-0500] {logging_mixin.py:137} INFO - [2023-01-09T18:52:52.375-0500] {dag.py:2676} INFO - Sync 3 DAGs
[2023-01-09T18:52:52.397-0500] {logging_mixin.py:137} INFO - [2023-01-09T18:52:52.396-0500] {dag.py:3423} INFO - Setting next_dagrun for example_branch_datetime_operator to 2023-01-08T00:00:00+00:00, run_after=2023-01-09T00:00:00+00:00
[2023-01-09T18:52:52.402-0500] {logging_mixin.py:137} INFO - [2023-01-09T18:52:52.402-0500] {dag.py:3423} INFO - Setting next_dagrun for example_branch_datetime_operator_2 to 2023-01-08T00:00:00+00:00, run_after=2023-01-09T00:00:00+00:00
[2023-01-09T18:52:52.405-0500] {logging_mixin.py:137} INFO - [2023-01-09T18:52:52.404-0500] {dag.py:3423} INFO - Setting next_dagrun for example_branch_datetime_operator_3 to 2023-01-08T00:00:00+00:00, run_after=2023-01-09T00:00:00+00:00
[2023-01-09T18:52:52.424-0500] {processor.py:175} INFO - Processing /Library/Frameworks/Python.framework/Versions/3.9/lib/python3.9/site-packages/airflow/example_dags/example_branch_datetime_operator.py took 1.155 seconds
[2023-01-09T18:52:57.401-0500] {processor.py:153} INFO - Started process (PID=45901) to work on /Library/Frameworks/Python.framework/Versions/3.9/lib/python3.9/site-packages/airflow/example_dags/example_branch_datetime_operator.py
[2023-01-09T18:52:57.407-0500] {processor.py:743} INFO - Processing file /Library/Frameworks/Python.framework/Versions/3.9/lib/python3.9/site-packages/airflow/example_dags/example_branch_datetime_operator.py for tasks to queue
[2023-01-09T18:52:57.407-0500] {logging_mixin.py:137} INFO - [2023-01-09T18:52:57.407-0500] {dagbag.py:538} INFO - Filling up the DagBag from /Library/Frameworks/Python.framework/Versions/3.9/lib/python3.9/site-packages/airflow/example_dags/example_branch_datetime_operator.py
[2023-01-09T18:52:57.460-0500] {processor.py:753} INFO - DAG(s) dict_keys(['example_branch_datetime_operator_3', 'example_branch_datetime_operator', 'example_branch_datetime_operator_2']) retrieved from /Library/Frameworks/Python.framework/Versions/3.9/lib/python3.9/site-packages/airflow/example_dags/example_branch_datetime_operator.py
[2023-01-09T18:52:58.602-0500] {logging_mixin.py:137} INFO - [2023-01-09T18:52:58.602-0500] {dag.py:2676} INFO - Sync 3 DAGs
[2023-01-09T18:52:58.622-0500] {logging_mixin.py:137} INFO - [2023-01-09T18:52:58.622-0500] {dag.py:3423} INFO - Setting next_dagrun for example_branch_datetime_operator to 2023-01-08T00:00:00+00:00, run_after=2023-01-09T00:00:00+00:00
[2023-01-09T18:52:58.627-0500] {logging_mixin.py:137} INFO - [2023-01-09T18:52:58.627-0500] {dag.py:3423} INFO - Setting next_dagrun for example_branch_datetime_operator_2 to 2023-01-08T00:00:00+00:00, run_after=2023-01-09T00:00:00+00:00
[2023-01-09T18:52:58.630-0500] {logging_mixin.py:137} INFO - [2023-01-09T18:52:58.630-0500] {dag.py:3423} INFO - Setting next_dagrun for example_branch_datetime_operator_3 to 2023-01-08T00:00:00+00:00, run_after=2023-01-09T00:00:00+00:00
[2023-01-09T18:52:58.650-0500] {processor.py:175} INFO - Processing /Library/Frameworks/Python.framework/Versions/3.9/lib/python3.9/site-packages/airflow/example_dags/example_branch_datetime_operator.py took 1.250 seconds
[2023-01-09T18:57:14.699-0500] {processor.py:153} INFO - Started process (PID=46069) to work on /Library/Frameworks/Python.framework/Versions/3.9/lib/python3.9/site-packages/airflow/example_dags/example_branch_datetime_operator.py
[2023-01-09T18:57:14.706-0500] {processor.py:743} INFO - Processing file /Library/Frameworks/Python.framework/Versions/3.9/lib/python3.9/site-packages/airflow/example_dags/example_branch_datetime_operator.py for tasks to queue
[2023-01-09T18:57:14.707-0500] {logging_mixin.py:137} INFO - [2023-01-09T18:57:14.707-0500] {dagbag.py:538} INFO - Filling up the DagBag from /Library/Frameworks/Python.framework/Versions/3.9/lib/python3.9/site-packages/airflow/example_dags/example_branch_datetime_operator.py
[2023-01-09T18:57:14.772-0500] {processor.py:753} INFO - DAG(s) dict_keys(['example_branch_datetime_operator', 'example_branch_datetime_operator_2', 'example_branch_datetime_operator_3']) retrieved from /Library/Frameworks/Python.framework/Versions/3.9/lib/python3.9/site-packages/airflow/example_dags/example_branch_datetime_operator.py
[2023-01-09T18:57:16.440-0500] {logging_mixin.py:137} INFO - [2023-01-09T18:57:16.439-0500] {dag.py:2676} INFO - Sync 3 DAGs
[2023-01-09T18:57:16.484-0500] {logging_mixin.py:137} INFO - [2023-01-09T18:57:16.483-0500] {dag.py:3423} INFO - Setting next_dagrun for example_branch_datetime_operator to 2023-01-08T00:00:00+00:00, run_after=2023-01-09T00:00:00+00:00
[2023-01-09T18:57:16.491-0500] {logging_mixin.py:137} INFO - [2023-01-09T18:57:16.491-0500] {dag.py:3423} INFO - Setting next_dagrun for example_branch_datetime_operator_2 to 2023-01-08T00:00:00+00:00, run_after=2023-01-09T00:00:00+00:00
[2023-01-09T18:57:16.495-0500] {logging_mixin.py:137} INFO - [2023-01-09T18:57:16.495-0500] {dag.py:3423} INFO - Setting next_dagrun for example_branch_datetime_operator_3 to 2023-01-08T00:00:00+00:00, run_after=2023-01-09T00:00:00+00:00
[2023-01-09T18:57:16.532-0500] {processor.py:175} INFO - Processing /Library/Frameworks/Python.framework/Versions/3.9/lib/python3.9/site-packages/airflow/example_dags/example_branch_datetime_operator.py took 1.834 seconds
[2023-01-09T18:57:33.551-0500] {processor.py:153} INFO - Started process (PID=46081) to work on /Library/Frameworks/Python.framework/Versions/3.9/lib/python3.9/site-packages/airflow/example_dags/example_branch_datetime_operator.py
[2023-01-09T18:57:33.560-0500] {processor.py:743} INFO - Processing file /Library/Frameworks/Python.framework/Versions/3.9/lib/python3.9/site-packages/airflow/example_dags/example_branch_datetime_operator.py for tasks to queue
[2023-01-09T18:57:33.561-0500] {logging_mixin.py:137} INFO - [2023-01-09T18:57:33.560-0500] {dagbag.py:538} INFO - Filling up the DagBag from /Library/Frameworks/Python.framework/Versions/3.9/lib/python3.9/site-packages/airflow/example_dags/example_branch_datetime_operator.py
[2023-01-09T18:57:33.631-0500] {processor.py:753} INFO - DAG(s) dict_keys(['example_branch_datetime_operator', 'example_branch_datetime_operator_3', 'example_branch_datetime_operator_2']) retrieved from /Library/Frameworks/Python.framework/Versions/3.9/lib/python3.9/site-packages/airflow/example_dags/example_branch_datetime_operator.py
[2023-01-09T18:57:35.545-0500] {logging_mixin.py:137} INFO - [2023-01-09T18:57:35.544-0500] {dag.py:2676} INFO - Sync 3 DAGs
[2023-01-09T18:57:35.571-0500] {logging_mixin.py:137} INFO - [2023-01-09T18:57:35.570-0500] {dag.py:3423} INFO - Setting next_dagrun for example_branch_datetime_operator to 2023-01-08T00:00:00+00:00, run_after=2023-01-09T00:00:00+00:00
[2023-01-09T18:57:35.577-0500] {logging_mixin.py:137} INFO - [2023-01-09T18:57:35.576-0500] {dag.py:3423} INFO - Setting next_dagrun for example_branch_datetime_operator_2 to 2023-01-08T00:00:00+00:00, run_after=2023-01-09T00:00:00+00:00
[2023-01-09T18:57:35.580-0500] {logging_mixin.py:137} INFO - [2023-01-09T18:57:35.580-0500] {dag.py:3423} INFO - Setting next_dagrun for example_branch_datetime_operator_3 to 2023-01-08T00:00:00+00:00, run_after=2023-01-09T00:00:00+00:00
[2023-01-09T18:57:35.610-0500] {processor.py:175} INFO - Processing /Library/Frameworks/Python.framework/Versions/3.9/lib/python3.9/site-packages/airflow/example_dags/example_branch_datetime_operator.py took 2.060 seconds
