[2023-01-09T16:47:44.698-0500] {processor.py:153} INFO - Started process (PID=39206) to work on /Library/Frameworks/Python.framework/Versions/3.9/lib/python3.9/site-packages/airflow/example_dags/example_branch_labels.py
[2023-01-09T16:47:44.703-0500] {processor.py:743} INFO - Processing file /Library/Frameworks/Python.framework/Versions/3.9/lib/python3.9/site-packages/airflow/example_dags/example_branch_labels.py for tasks to queue
[2023-01-09T16:47:44.704-0500] {logging_mixin.py:137} INFO - [2023-01-09T16:47:44.703-0500] {dagbag.py:538} INFO - Filling up the DagBag from /Library/Frameworks/Python.framework/Versions/3.9/lib/python3.9/site-packages/airflow/example_dags/example_branch_labels.py
[2023-01-09T16:47:44.734-0500] {processor.py:753} INFO - DAG(s) dict_keys(['example_branch_labels']) retrieved from /Library/Frameworks/Python.framework/Versions/3.9/lib/python3.9/site-packages/airflow/example_dags/example_branch_labels.py
[2023-01-09T16:47:45.625-0500] {logging_mixin.py:137} INFO - [2023-01-09T16:47:45.625-0500] {manager.py:504} INFO - Created Permission View: can delete on DAG:example_branch_labels
[2023-01-09T16:47:45.636-0500] {logging_mixin.py:137} INFO - [2023-01-09T16:47:45.636-0500] {manager.py:504} INFO - Created Permission View: can read on DAG:example_branch_labels
[2023-01-09T16:47:45.644-0500] {logging_mixin.py:137} INFO - [2023-01-09T16:47:45.644-0500] {manager.py:504} INFO - Created Permission View: can edit on DAG:example_branch_labels
[2023-01-09T16:47:45.644-0500] {logging_mixin.py:137} INFO - [2023-01-09T16:47:45.644-0500] {dag.py:2676} INFO - Sync 1 DAGs
[2023-01-09T16:47:45.655-0500] {logging_mixin.py:137} INFO - [2023-01-09T16:47:45.655-0500] {dag.py:2697} INFO - Creating ORM DAG for example_branch_labels
[2023-01-09T16:47:45.665-0500] {logging_mixin.py:137} INFO - [2023-01-09T16:47:45.665-0500] {dag.py:3423} INFO - Setting next_dagrun for example_branch_labels to 2023-01-08T00:00:00+00:00, run_after=2023-01-09T00:00:00+00:00
[2023-01-09T16:47:45.682-0500] {processor.py:175} INFO - Processing /Library/Frameworks/Python.framework/Versions/3.9/lib/python3.9/site-packages/airflow/example_dags/example_branch_labels.py took 0.985 seconds
[2023-01-09T16:50:34.980-0500] {processor.py:153} INFO - Started process (PID=39311) to work on /Library/Frameworks/Python.framework/Versions/3.9/lib/python3.9/site-packages/airflow/example_dags/example_branch_labels.py
[2023-01-09T16:50:34.985-0500] {processor.py:743} INFO - Processing file /Library/Frameworks/Python.framework/Versions/3.9/lib/python3.9/site-packages/airflow/example_dags/example_branch_labels.py for tasks to queue
[2023-01-09T16:50:34.986-0500] {logging_mixin.py:137} INFO - [2023-01-09T16:50:34.986-0500] {dagbag.py:538} INFO - Filling up the DagBag from /Library/Frameworks/Python.framework/Versions/3.9/lib/python3.9/site-packages/airflow/example_dags/example_branch_labels.py
[2023-01-09T16:50:35.013-0500] {processor.py:753} INFO - DAG(s) dict_keys(['example_branch_labels']) retrieved from /Library/Frameworks/Python.framework/Versions/3.9/lib/python3.9/site-packages/airflow/example_dags/example_branch_labels.py
[2023-01-09T16:50:35.707-0500] {logging_mixin.py:137} INFO - [2023-01-09T16:50:35.707-0500] {dag.py:2676} INFO - Sync 1 DAGs
[2023-01-09T16:50:35.725-0500] {logging_mixin.py:137} INFO - [2023-01-09T16:50:35.724-0500] {dag.py:3423} INFO - Setting next_dagrun for example_branch_labels to 2023-01-08T00:00:00+00:00, run_after=2023-01-09T00:00:00+00:00
[2023-01-09T16:50:35.742-0500] {processor.py:175} INFO - Processing /Library/Frameworks/Python.framework/Versions/3.9/lib/python3.9/site-packages/airflow/example_dags/example_branch_labels.py took 0.763 seconds
[2023-01-09T16:53:25.747-0500] {processor.py:153} INFO - Started process (PID=39407) to work on /Library/Frameworks/Python.framework/Versions/3.9/lib/python3.9/site-packages/airflow/example_dags/example_branch_labels.py
[2023-01-09T16:53:25.753-0500] {processor.py:743} INFO - Processing file /Library/Frameworks/Python.framework/Versions/3.9/lib/python3.9/site-packages/airflow/example_dags/example_branch_labels.py for tasks to queue
[2023-01-09T16:53:25.753-0500] {logging_mixin.py:137} INFO - [2023-01-09T16:53:25.753-0500] {dagbag.py:538} INFO - Filling up the DagBag from /Library/Frameworks/Python.framework/Versions/3.9/lib/python3.9/site-packages/airflow/example_dags/example_branch_labels.py
[2023-01-09T16:53:25.780-0500] {processor.py:753} INFO - DAG(s) dict_keys(['example_branch_labels']) retrieved from /Library/Frameworks/Python.framework/Versions/3.9/lib/python3.9/site-packages/airflow/example_dags/example_branch_labels.py
[2023-01-09T16:53:26.514-0500] {logging_mixin.py:137} INFO - [2023-01-09T16:53:26.514-0500] {dag.py:2676} INFO - Sync 1 DAGs
[2023-01-09T16:53:26.532-0500] {logging_mixin.py:137} INFO - [2023-01-09T16:53:26.532-0500] {dag.py:3423} INFO - Setting next_dagrun for example_branch_labels to 2023-01-08T00:00:00+00:00, run_after=2023-01-09T00:00:00+00:00
[2023-01-09T16:53:26.555-0500] {processor.py:175} INFO - Processing /Library/Frameworks/Python.framework/Versions/3.9/lib/python3.9/site-packages/airflow/example_dags/example_branch_labels.py took 0.808 seconds
[2023-01-09T16:56:10.811-0500] {processor.py:153} INFO - Started process (PID=39601) to work on /Library/Frameworks/Python.framework/Versions/3.9/lib/python3.9/site-packages/airflow/example_dags/example_branch_labels.py
[2023-01-09T16:56:10.816-0500] {processor.py:743} INFO - Processing file /Library/Frameworks/Python.framework/Versions/3.9/lib/python3.9/site-packages/airflow/example_dags/example_branch_labels.py for tasks to queue
[2023-01-09T16:56:10.816-0500] {logging_mixin.py:137} INFO - [2023-01-09T16:56:10.816-0500] {dagbag.py:538} INFO - Filling up the DagBag from /Library/Frameworks/Python.framework/Versions/3.9/lib/python3.9/site-packages/airflow/example_dags/example_branch_labels.py
[2023-01-09T16:56:10.844-0500] {processor.py:753} INFO - DAG(s) dict_keys(['example_branch_labels']) retrieved from /Library/Frameworks/Python.framework/Versions/3.9/lib/python3.9/site-packages/airflow/example_dags/example_branch_labels.py
[2023-01-09T16:56:11.629-0500] {logging_mixin.py:137} INFO - [2023-01-09T16:56:11.629-0500] {dag.py:2676} INFO - Sync 1 DAGs
[2023-01-09T16:56:11.647-0500] {logging_mixin.py:137} INFO - [2023-01-09T16:56:11.647-0500] {dag.py:3423} INFO - Setting next_dagrun for example_branch_labels to 2023-01-08T00:00:00+00:00, run_after=2023-01-09T00:00:00+00:00
[2023-01-09T16:56:11.666-0500] {processor.py:175} INFO - Processing /Library/Frameworks/Python.framework/Versions/3.9/lib/python3.9/site-packages/airflow/example_dags/example_branch_labels.py took 0.856 seconds
[2023-01-09T16:59:13.512-0500] {processor.py:153} INFO - Started process (PID=41193) to work on /Library/Frameworks/Python.framework/Versions/3.9/lib/python3.9/site-packages/airflow/example_dags/example_branch_labels.py
[2023-01-09T16:59:13.518-0500] {processor.py:743} INFO - Processing file /Library/Frameworks/Python.framework/Versions/3.9/lib/python3.9/site-packages/airflow/example_dags/example_branch_labels.py for tasks to queue
[2023-01-09T16:59:13.518-0500] {logging_mixin.py:137} INFO - [2023-01-09T16:59:13.518-0500] {dagbag.py:538} INFO - Filling up the DagBag from /Library/Frameworks/Python.framework/Versions/3.9/lib/python3.9/site-packages/airflow/example_dags/example_branch_labels.py
[2023-01-09T16:59:13.545-0500] {processor.py:753} INFO - DAG(s) dict_keys(['example_branch_labels']) retrieved from /Library/Frameworks/Python.framework/Versions/3.9/lib/python3.9/site-packages/airflow/example_dags/example_branch_labels.py
[2023-01-09T16:59:14.245-0500] {logging_mixin.py:137} INFO - [2023-01-09T16:59:14.245-0500] {dag.py:2676} INFO - Sync 1 DAGs
[2023-01-09T16:59:14.263-0500] {logging_mixin.py:137} INFO - [2023-01-09T16:59:14.263-0500] {dag.py:3423} INFO - Setting next_dagrun for example_branch_labels to 2023-01-08T00:00:00+00:00, run_after=2023-01-09T00:00:00+00:00
[2023-01-09T16:59:14.282-0500] {processor.py:175} INFO - Processing /Library/Frameworks/Python.framework/Versions/3.9/lib/python3.9/site-packages/airflow/example_dags/example_branch_labels.py took 0.770 seconds
[2023-01-09T17:02:14.354-0500] {processor.py:153} INFO - Started process (PID=41392) to work on /Library/Frameworks/Python.framework/Versions/3.9/lib/python3.9/site-packages/airflow/example_dags/example_branch_labels.py
[2023-01-09T17:02:14.363-0500] {processor.py:743} INFO - Processing file /Library/Frameworks/Python.framework/Versions/3.9/lib/python3.9/site-packages/airflow/example_dags/example_branch_labels.py for tasks to queue
[2023-01-09T17:02:14.363-0500] {logging_mixin.py:137} INFO - [2023-01-09T17:02:14.363-0500] {dagbag.py:538} INFO - Filling up the DagBag from /Library/Frameworks/Python.framework/Versions/3.9/lib/python3.9/site-packages/airflow/example_dags/example_branch_labels.py
[2023-01-09T17:02:14.402-0500] {processor.py:753} INFO - DAG(s) dict_keys(['example_branch_labels']) retrieved from /Library/Frameworks/Python.framework/Versions/3.9/lib/python3.9/site-packages/airflow/example_dags/example_branch_labels.py
[2023-01-09T17:02:15.385-0500] {logging_mixin.py:137} INFO - [2023-01-09T17:02:15.384-0500] {dag.py:2676} INFO - Sync 1 DAGs
[2023-01-09T17:02:15.405-0500] {logging_mixin.py:137} INFO - [2023-01-09T17:02:15.405-0500] {dag.py:3423} INFO - Setting next_dagrun for example_branch_labels to 2023-01-08T00:00:00+00:00, run_after=2023-01-09T00:00:00+00:00
[2023-01-09T17:02:15.424-0500] {processor.py:175} INFO - Processing /Library/Frameworks/Python.framework/Versions/3.9/lib/python3.9/site-packages/airflow/example_dags/example_branch_labels.py took 1.071 seconds
[2023-01-09T17:05:23.008-0500] {processor.py:153} INFO - Started process (PID=41751) to work on /Library/Frameworks/Python.framework/Versions/3.9/lib/python3.9/site-packages/airflow/example_dags/example_branch_labels.py
[2023-01-09T17:05:23.013-0500] {processor.py:743} INFO - Processing file /Library/Frameworks/Python.framework/Versions/3.9/lib/python3.9/site-packages/airflow/example_dags/example_branch_labels.py for tasks to queue
[2023-01-09T17:05:23.014-0500] {logging_mixin.py:137} INFO - [2023-01-09T17:05:23.014-0500] {dagbag.py:538} INFO - Filling up the DagBag from /Library/Frameworks/Python.framework/Versions/3.9/lib/python3.9/site-packages/airflow/example_dags/example_branch_labels.py
[2023-01-09T17:05:23.041-0500] {processor.py:753} INFO - DAG(s) dict_keys(['example_branch_labels']) retrieved from /Library/Frameworks/Python.framework/Versions/3.9/lib/python3.9/site-packages/airflow/example_dags/example_branch_labels.py
[2023-01-09T17:05:24.073-0500] {logging_mixin.py:137} INFO - [2023-01-09T17:05:24.073-0500] {dag.py:2676} INFO - Sync 1 DAGs
[2023-01-09T17:05:24.093-0500] {logging_mixin.py:137} INFO - [2023-01-09T17:05:24.093-0500] {dag.py:3423} INFO - Setting next_dagrun for example_branch_labels to 2023-01-08T00:00:00+00:00, run_after=2023-01-09T00:00:00+00:00
[2023-01-09T17:05:24.119-0500] {processor.py:175} INFO - Processing /Library/Frameworks/Python.framework/Versions/3.9/lib/python3.9/site-packages/airflow/example_dags/example_branch_labels.py took 1.111 seconds
[2023-01-09T17:08:12.025-0500] {processor.py:153} INFO - Started process (PID=42016) to work on /Library/Frameworks/Python.framework/Versions/3.9/lib/python3.9/site-packages/airflow/example_dags/example_branch_labels.py
[2023-01-09T17:08:12.030-0500] {processor.py:743} INFO - Processing file /Library/Frameworks/Python.framework/Versions/3.9/lib/python3.9/site-packages/airflow/example_dags/example_branch_labels.py for tasks to queue
[2023-01-09T17:08:12.031-0500] {logging_mixin.py:137} INFO - [2023-01-09T17:08:12.031-0500] {dagbag.py:538} INFO - Filling up the DagBag from /Library/Frameworks/Python.framework/Versions/3.9/lib/python3.9/site-packages/airflow/example_dags/example_branch_labels.py
[2023-01-09T17:08:12.058-0500] {processor.py:753} INFO - DAG(s) dict_keys(['example_branch_labels']) retrieved from /Library/Frameworks/Python.framework/Versions/3.9/lib/python3.9/site-packages/airflow/example_dags/example_branch_labels.py
[2023-01-09T17:08:12.813-0500] {logging_mixin.py:137} INFO - [2023-01-09T17:08:12.813-0500] {dag.py:2676} INFO - Sync 1 DAGs
[2023-01-09T17:08:12.834-0500] {logging_mixin.py:137} INFO - [2023-01-09T17:08:12.833-0500] {dag.py:3423} INFO - Setting next_dagrun for example_branch_labels to 2023-01-08T00:00:00+00:00, run_after=2023-01-09T00:00:00+00:00
[2023-01-09T17:08:12.852-0500] {processor.py:175} INFO - Processing /Library/Frameworks/Python.framework/Versions/3.9/lib/python3.9/site-packages/airflow/example_dags/example_branch_labels.py took 0.827 seconds
[2023-01-09T17:10:59.588-0500] {processor.py:153} INFO - Started process (PID=42327) to work on /Library/Frameworks/Python.framework/Versions/3.9/lib/python3.9/site-packages/airflow/example_dags/example_branch_labels.py
[2023-01-09T17:10:59.594-0500] {processor.py:743} INFO - Processing file /Library/Frameworks/Python.framework/Versions/3.9/lib/python3.9/site-packages/airflow/example_dags/example_branch_labels.py for tasks to queue
[2023-01-09T17:10:59.594-0500] {logging_mixin.py:137} INFO - [2023-01-09T17:10:59.594-0500] {dagbag.py:538} INFO - Filling up the DagBag from /Library/Frameworks/Python.framework/Versions/3.9/lib/python3.9/site-packages/airflow/example_dags/example_branch_labels.py
[2023-01-09T17:10:59.622-0500] {processor.py:753} INFO - DAG(s) dict_keys(['example_branch_labels']) retrieved from /Library/Frameworks/Python.framework/Versions/3.9/lib/python3.9/site-packages/airflow/example_dags/example_branch_labels.py
[2023-01-09T17:11:00.381-0500] {logging_mixin.py:137} INFO - [2023-01-09T17:11:00.381-0500] {dag.py:2676} INFO - Sync 1 DAGs
[2023-01-09T17:11:00.400-0500] {logging_mixin.py:137} INFO - [2023-01-09T17:11:00.400-0500] {dag.py:3423} INFO - Setting next_dagrun for example_branch_labels to 2023-01-08T00:00:00+00:00, run_after=2023-01-09T00:00:00+00:00
[2023-01-09T17:11:00.420-0500] {processor.py:175} INFO - Processing /Library/Frameworks/Python.framework/Versions/3.9/lib/python3.9/site-packages/airflow/example_dags/example_branch_labels.py took 0.833 seconds
[2023-01-09T17:13:40.055-0500] {processor.py:153} INFO - Started process (PID=42591) to work on /Library/Frameworks/Python.framework/Versions/3.9/lib/python3.9/site-packages/airflow/example_dags/example_branch_labels.py
[2023-01-09T17:13:40.060-0500] {processor.py:743} INFO - Processing file /Library/Frameworks/Python.framework/Versions/3.9/lib/python3.9/site-packages/airflow/example_dags/example_branch_labels.py for tasks to queue
[2023-01-09T17:13:40.061-0500] {logging_mixin.py:137} INFO - [2023-01-09T17:13:40.061-0500] {dagbag.py:538} INFO - Filling up the DagBag from /Library/Frameworks/Python.framework/Versions/3.9/lib/python3.9/site-packages/airflow/example_dags/example_branch_labels.py
[2023-01-09T17:13:40.088-0500] {processor.py:753} INFO - DAG(s) dict_keys(['example_branch_labels']) retrieved from /Library/Frameworks/Python.framework/Versions/3.9/lib/python3.9/site-packages/airflow/example_dags/example_branch_labels.py
[2023-01-09T17:13:40.770-0500] {logging_mixin.py:137} INFO - [2023-01-09T17:13:40.770-0500] {dag.py:2676} INFO - Sync 1 DAGs
[2023-01-09T17:13:40.787-0500] {logging_mixin.py:137} INFO - [2023-01-09T17:13:40.787-0500] {dag.py:3423} INFO - Setting next_dagrun for example_branch_labels to 2023-01-08T00:00:00+00:00, run_after=2023-01-09T00:00:00+00:00
[2023-01-09T17:13:40.826-0500] {processor.py:175} INFO - Processing /Library/Frameworks/Python.framework/Versions/3.9/lib/python3.9/site-packages/airflow/example_dags/example_branch_labels.py took 0.771 seconds
[2023-01-09T17:13:47.367-0500] {processor.py:153} INFO - Started process (PID=42597) to work on /Library/Frameworks/Python.framework/Versions/3.9/lib/python3.9/site-packages/airflow/example_dags/example_branch_labels.py
[2023-01-09T17:13:47.371-0500] {processor.py:743} INFO - Processing file /Library/Frameworks/Python.framework/Versions/3.9/lib/python3.9/site-packages/airflow/example_dags/example_branch_labels.py for tasks to queue
[2023-01-09T17:13:47.372-0500] {logging_mixin.py:137} INFO - [2023-01-09T17:13:47.372-0500] {dagbag.py:538} INFO - Filling up the DagBag from /Library/Frameworks/Python.framework/Versions/3.9/lib/python3.9/site-packages/airflow/example_dags/example_branch_labels.py
[2023-01-09T17:13:47.398-0500] {processor.py:753} INFO - DAG(s) dict_keys(['example_branch_labels']) retrieved from /Library/Frameworks/Python.framework/Versions/3.9/lib/python3.9/site-packages/airflow/example_dags/example_branch_labels.py
[2023-01-09T17:13:48.123-0500] {logging_mixin.py:137} INFO - [2023-01-09T17:13:48.122-0500] {dag.py:2676} INFO - Sync 1 DAGs
[2023-01-09T17:13:48.139-0500] {logging_mixin.py:137} INFO - [2023-01-09T17:13:48.139-0500] {dag.py:3423} INFO - Setting next_dagrun for example_branch_labels to 2023-01-08T00:00:00+00:00, run_after=2023-01-09T00:00:00+00:00
[2023-01-09T17:13:48.156-0500] {processor.py:175} INFO - Processing /Library/Frameworks/Python.framework/Versions/3.9/lib/python3.9/site-packages/airflow/example_dags/example_branch_labels.py took 0.790 seconds
[2023-01-09T17:16:16.807-0500] {processor.py:153} INFO - Started process (PID=42752) to work on /Library/Frameworks/Python.framework/Versions/3.9/lib/python3.9/site-packages/airflow/example_dags/example_branch_labels.py
[2023-01-09T17:16:16.813-0500] {processor.py:743} INFO - Processing file /Library/Frameworks/Python.framework/Versions/3.9/lib/python3.9/site-packages/airflow/example_dags/example_branch_labels.py for tasks to queue
[2023-01-09T17:16:16.813-0500] {logging_mixin.py:137} INFO - [2023-01-09T17:16:16.813-0500] {dagbag.py:538} INFO - Filling up the DagBag from /Library/Frameworks/Python.framework/Versions/3.9/lib/python3.9/site-packages/airflow/example_dags/example_branch_labels.py
[2023-01-09T17:16:16.818-0500] {processor.py:153} INFO - Started process (PID=42753) to work on /Library/Frameworks/Python.framework/Versions/3.9/lib/python3.9/site-packages/airflow/example_dags/example_branch_labels.py
[2023-01-09T17:16:16.823-0500] {processor.py:743} INFO - Processing file /Library/Frameworks/Python.framework/Versions/3.9/lib/python3.9/site-packages/airflow/example_dags/example_branch_labels.py for tasks to queue
[2023-01-09T17:16:16.823-0500] {logging_mixin.py:137} INFO - [2023-01-09T17:16:16.823-0500] {dagbag.py:538} INFO - Filling up the DagBag from /Library/Frameworks/Python.framework/Versions/3.9/lib/python3.9/site-packages/airflow/example_dags/example_branch_labels.py
[2023-01-09T17:16:16.841-0500] {processor.py:753} INFO - DAG(s) dict_keys(['example_branch_labels']) retrieved from /Library/Frameworks/Python.framework/Versions/3.9/lib/python3.9/site-packages/airflow/example_dags/example_branch_labels.py
[2023-01-09T17:16:16.851-0500] {processor.py:753} INFO - DAG(s) dict_keys(['example_branch_labels']) retrieved from /Library/Frameworks/Python.framework/Versions/3.9/lib/python3.9/site-packages/airflow/example_dags/example_branch_labels.py
[2023-01-09T17:16:17.535-0500] {logging_mixin.py:137} INFO - [2023-01-09T17:16:17.535-0500] {dag.py:2676} INFO - Sync 1 DAGs
[2023-01-09T17:16:17.541-0500] {logging_mixin.py:137} INFO - [2023-01-09T17:16:17.541-0500] {dag.py:2676} INFO - Sync 1 DAGs
[2023-01-09T17:16:17.554-0500] {logging_mixin.py:137} INFO - [2023-01-09T17:16:17.554-0500] {dag.py:3423} INFO - Setting next_dagrun for example_branch_labels to 2023-01-08T00:00:00+00:00, run_after=2023-01-09T00:00:00+00:00
[2023-01-09T17:16:17.559-0500] {logging_mixin.py:137} INFO - [2023-01-09T17:16:17.558-0500] {dag.py:3423} INFO - Setting next_dagrun for example_branch_labels to 2023-01-08T00:00:00+00:00, run_after=2023-01-09T00:00:00+00:00
[2023-01-09T17:16:17.574-0500] {processor.py:175} INFO - Processing /Library/Frameworks/Python.framework/Versions/3.9/lib/python3.9/site-packages/airflow/example_dags/example_branch_labels.py took 0.768 seconds
[2023-01-09T17:16:17.578-0500] {processor.py:175} INFO - Processing /Library/Frameworks/Python.framework/Versions/3.9/lib/python3.9/site-packages/airflow/example_dags/example_branch_labels.py took 0.760 seconds
[2023-01-09T17:18:53.295-0500] {processor.py:153} INFO - Started process (PID=43220) to work on /Library/Frameworks/Python.framework/Versions/3.9/lib/python3.9/site-packages/airflow/example_dags/example_branch_labels.py
[2023-01-09T17:18:53.300-0500] {processor.py:743} INFO - Processing file /Library/Frameworks/Python.framework/Versions/3.9/lib/python3.9/site-packages/airflow/example_dags/example_branch_labels.py for tasks to queue
[2023-01-09T17:18:53.301-0500] {logging_mixin.py:137} INFO - [2023-01-09T17:18:53.301-0500] {dagbag.py:538} INFO - Filling up the DagBag from /Library/Frameworks/Python.framework/Versions/3.9/lib/python3.9/site-packages/airflow/example_dags/example_branch_labels.py
[2023-01-09T17:18:53.329-0500] {processor.py:753} INFO - DAG(s) dict_keys(['example_branch_labels']) retrieved from /Library/Frameworks/Python.framework/Versions/3.9/lib/python3.9/site-packages/airflow/example_dags/example_branch_labels.py
[2023-01-09T17:18:54.024-0500] {processor.py:153} INFO - Started process (PID=43221) to work on /Library/Frameworks/Python.framework/Versions/3.9/lib/python3.9/site-packages/airflow/example_dags/example_branch_labels.py
[2023-01-09T17:18:54.030-0500] {processor.py:743} INFO - Processing file /Library/Frameworks/Python.framework/Versions/3.9/lib/python3.9/site-packages/airflow/example_dags/example_branch_labels.py for tasks to queue
[2023-01-09T17:18:54.030-0500] {logging_mixin.py:137} INFO - [2023-01-09T17:18:54.030-0500] {dagbag.py:538} INFO - Filling up the DagBag from /Library/Frameworks/Python.framework/Versions/3.9/lib/python3.9/site-packages/airflow/example_dags/example_branch_labels.py
[2023-01-09T17:18:54.045-0500] {logging_mixin.py:137} INFO - [2023-01-09T17:18:54.044-0500] {dag.py:2676} INFO - Sync 1 DAGs
[2023-01-09T17:18:54.057-0500] {processor.py:753} INFO - DAG(s) dict_keys(['example_branch_labels']) retrieved from /Library/Frameworks/Python.framework/Versions/3.9/lib/python3.9/site-packages/airflow/example_dags/example_branch_labels.py
[2023-01-09T17:18:54.061-0500] {logging_mixin.py:137} INFO - [2023-01-09T17:18:54.061-0500] {dag.py:3423} INFO - Setting next_dagrun for example_branch_labels to 2023-01-08T00:00:00+00:00, run_after=2023-01-09T00:00:00+00:00
[2023-01-09T17:18:54.079-0500] {processor.py:175} INFO - Processing /Library/Frameworks/Python.framework/Versions/3.9/lib/python3.9/site-packages/airflow/example_dags/example_branch_labels.py took 0.785 seconds
[2023-01-09T17:18:54.787-0500] {logging_mixin.py:137} INFO - [2023-01-09T17:18:54.787-0500] {dag.py:2676} INFO - Sync 1 DAGs
[2023-01-09T17:18:54.805-0500] {logging_mixin.py:137} INFO - [2023-01-09T17:18:54.805-0500] {dag.py:3423} INFO - Setting next_dagrun for example_branch_labels to 2023-01-08T00:00:00+00:00, run_after=2023-01-09T00:00:00+00:00
[2023-01-09T17:18:54.829-0500] {processor.py:175} INFO - Processing /Library/Frameworks/Python.framework/Versions/3.9/lib/python3.9/site-packages/airflow/example_dags/example_branch_labels.py took 0.805 seconds
[2023-01-09T17:21:24.892-0500] {processor.py:153} INFO - Started process (PID=43354) to work on /Library/Frameworks/Python.framework/Versions/3.9/lib/python3.9/site-packages/airflow/example_dags/example_branch_labels.py
[2023-01-09T17:21:24.897-0500] {processor.py:743} INFO - Processing file /Library/Frameworks/Python.framework/Versions/3.9/lib/python3.9/site-packages/airflow/example_dags/example_branch_labels.py for tasks to queue
[2023-01-09T17:21:24.898-0500] {logging_mixin.py:137} INFO - [2023-01-09T17:21:24.898-0500] {dagbag.py:538} INFO - Filling up the DagBag from /Library/Frameworks/Python.framework/Versions/3.9/lib/python3.9/site-packages/airflow/example_dags/example_branch_labels.py
[2023-01-09T17:21:24.924-0500] {processor.py:753} INFO - DAG(s) dict_keys(['example_branch_labels']) retrieved from /Library/Frameworks/Python.framework/Versions/3.9/lib/python3.9/site-packages/airflow/example_dags/example_branch_labels.py
[2023-01-09T17:21:25.690-0500] {logging_mixin.py:137} INFO - [2023-01-09T17:21:25.689-0500] {dag.py:2676} INFO - Sync 1 DAGs
[2023-01-09T17:21:25.708-0500] {logging_mixin.py:137} INFO - [2023-01-09T17:21:25.708-0500] {dag.py:3423} INFO - Setting next_dagrun for example_branch_labels to 2023-01-08T00:00:00+00:00, run_after=2023-01-09T00:00:00+00:00
[2023-01-09T17:21:25.727-0500] {processor.py:175} INFO - Processing /Library/Frameworks/Python.framework/Versions/3.9/lib/python3.9/site-packages/airflow/example_dags/example_branch_labels.py took 0.836 seconds
[2023-01-09T17:21:26.139-0500] {processor.py:153} INFO - Started process (PID=43355) to work on /Library/Frameworks/Python.framework/Versions/3.9/lib/python3.9/site-packages/airflow/example_dags/example_branch_labels.py
[2023-01-09T17:21:26.144-0500] {processor.py:743} INFO - Processing file /Library/Frameworks/Python.framework/Versions/3.9/lib/python3.9/site-packages/airflow/example_dags/example_branch_labels.py for tasks to queue
[2023-01-09T17:21:26.144-0500] {logging_mixin.py:137} INFO - [2023-01-09T17:21:26.144-0500] {dagbag.py:538} INFO - Filling up the DagBag from /Library/Frameworks/Python.framework/Versions/3.9/lib/python3.9/site-packages/airflow/example_dags/example_branch_labels.py
[2023-01-09T17:21:26.171-0500] {processor.py:753} INFO - DAG(s) dict_keys(['example_branch_labels']) retrieved from /Library/Frameworks/Python.framework/Versions/3.9/lib/python3.9/site-packages/airflow/example_dags/example_branch_labels.py
[2023-01-09T17:21:26.913-0500] {logging_mixin.py:137} INFO - [2023-01-09T17:21:26.913-0500] {dag.py:2676} INFO - Sync 1 DAGs
[2023-01-09T17:21:26.931-0500] {logging_mixin.py:137} INFO - [2023-01-09T17:21:26.931-0500] {dag.py:3423} INFO - Setting next_dagrun for example_branch_labels to 2023-01-08T00:00:00+00:00, run_after=2023-01-09T00:00:00+00:00
[2023-01-09T17:21:26.952-0500] {processor.py:175} INFO - Processing /Library/Frameworks/Python.framework/Versions/3.9/lib/python3.9/site-packages/airflow/example_dags/example_branch_labels.py took 0.813 seconds
[2023-01-09T17:44:16.594-0500] {processor.py:153} INFO - Started process (PID=43761) to work on /Library/Frameworks/Python.framework/Versions/3.9/lib/python3.9/site-packages/airflow/example_dags/example_branch_labels.py
[2023-01-09T17:44:16.594-0500] {processor.py:153} INFO - Started process (PID=43760) to work on /Library/Frameworks/Python.framework/Versions/3.9/lib/python3.9/site-packages/airflow/example_dags/example_branch_labels.py
[2023-01-09T17:44:16.600-0500] {processor.py:743} INFO - Processing file /Library/Frameworks/Python.framework/Versions/3.9/lib/python3.9/site-packages/airflow/example_dags/example_branch_labels.py for tasks to queue
[2023-01-09T17:44:16.600-0500] {processor.py:743} INFO - Processing file /Library/Frameworks/Python.framework/Versions/3.9/lib/python3.9/site-packages/airflow/example_dags/example_branch_labels.py for tasks to queue
[2023-01-09T17:44:16.600-0500] {logging_mixin.py:137} INFO - [2023-01-09T17:44:16.600-0500] {dagbag.py:538} INFO - Filling up the DagBag from /Library/Frameworks/Python.framework/Versions/3.9/lib/python3.9/site-packages/airflow/example_dags/example_branch_labels.py
[2023-01-09T17:44:16.600-0500] {logging_mixin.py:137} INFO - [2023-01-09T17:44:16.600-0500] {dagbag.py:538} INFO - Filling up the DagBag from /Library/Frameworks/Python.framework/Versions/3.9/lib/python3.9/site-packages/airflow/example_dags/example_branch_labels.py
[2023-01-09T17:44:16.628-0500] {processor.py:753} INFO - DAG(s) dict_keys(['example_branch_labels']) retrieved from /Library/Frameworks/Python.framework/Versions/3.9/lib/python3.9/site-packages/airflow/example_dags/example_branch_labels.py
[2023-01-09T17:44:16.628-0500] {processor.py:753} INFO - DAG(s) dict_keys(['example_branch_labels']) retrieved from /Library/Frameworks/Python.framework/Versions/3.9/lib/python3.9/site-packages/airflow/example_dags/example_branch_labels.py
[2023-01-09T17:44:17.325-0500] {logging_mixin.py:137} INFO - [2023-01-09T17:44:17.325-0500] {dag.py:2676} INFO - Sync 1 DAGs
[2023-01-09T17:44:17.325-0500] {logging_mixin.py:137} INFO - [2023-01-09T17:44:17.325-0500] {dag.py:2676} INFO - Sync 1 DAGs
[2023-01-09T17:44:17.342-0500] {logging_mixin.py:137} INFO - [2023-01-09T17:44:17.342-0500] {dag.py:3423} INFO - Setting next_dagrun for example_branch_labels to 2023-01-08T00:00:00+00:00, run_after=2023-01-09T00:00:00+00:00
[2023-01-09T17:44:17.342-0500] {logging_mixin.py:137} INFO - [2023-01-09T17:44:17.342-0500] {dag.py:3423} INFO - Setting next_dagrun for example_branch_labels to 2023-01-08T00:00:00+00:00, run_after=2023-01-09T00:00:00+00:00
[2023-01-09T17:44:17.360-0500] {processor.py:175} INFO - Processing /Library/Frameworks/Python.framework/Versions/3.9/lib/python3.9/site-packages/airflow/example_dags/example_branch_labels.py took 0.766 seconds
[2023-01-09T17:44:17.363-0500] {processor.py:175} INFO - Processing /Library/Frameworks/Python.framework/Versions/3.9/lib/python3.9/site-packages/airflow/example_dags/example_branch_labels.py took 0.770 seconds
[2023-01-09T18:31:37.922-0500] {processor.py:153} INFO - Started process (PID=44506) to work on /Library/Frameworks/Python.framework/Versions/3.9/lib/python3.9/site-packages/airflow/example_dags/example_branch_labels.py
[2023-01-09T18:31:37.923-0500] {processor.py:153} INFO - Started process (PID=44505) to work on /Library/Frameworks/Python.framework/Versions/3.9/lib/python3.9/site-packages/airflow/example_dags/example_branch_labels.py
[2023-01-09T18:31:37.928-0500] {processor.py:743} INFO - Processing file /Library/Frameworks/Python.framework/Versions/3.9/lib/python3.9/site-packages/airflow/example_dags/example_branch_labels.py for tasks to queue
[2023-01-09T18:31:37.928-0500] {processor.py:743} INFO - Processing file /Library/Frameworks/Python.framework/Versions/3.9/lib/python3.9/site-packages/airflow/example_dags/example_branch_labels.py for tasks to queue
[2023-01-09T18:31:37.928-0500] {logging_mixin.py:137} INFO - [2023-01-09T18:31:37.928-0500] {dagbag.py:538} INFO - Filling up the DagBag from /Library/Frameworks/Python.framework/Versions/3.9/lib/python3.9/site-packages/airflow/example_dags/example_branch_labels.py
[2023-01-09T18:31:37.929-0500] {logging_mixin.py:137} INFO - [2023-01-09T18:31:37.928-0500] {dagbag.py:538} INFO - Filling up the DagBag from /Library/Frameworks/Python.framework/Versions/3.9/lib/python3.9/site-packages/airflow/example_dags/example_branch_labels.py
[2023-01-09T18:31:37.959-0500] {processor.py:753} INFO - DAG(s) dict_keys(['example_branch_labels']) retrieved from /Library/Frameworks/Python.framework/Versions/3.9/lib/python3.9/site-packages/airflow/example_dags/example_branch_labels.py
[2023-01-09T18:31:37.959-0500] {processor.py:753} INFO - DAG(s) dict_keys(['example_branch_labels']) retrieved from /Library/Frameworks/Python.framework/Versions/3.9/lib/python3.9/site-packages/airflow/example_dags/example_branch_labels.py
[2023-01-09T18:31:38.718-0500] {logging_mixin.py:137} INFO - [2023-01-09T18:31:38.718-0500] {dag.py:2676} INFO - Sync 1 DAGs
[2023-01-09T18:31:38.718-0500] {logging_mixin.py:137} INFO - [2023-01-09T18:31:38.718-0500] {dag.py:2676} INFO - Sync 1 DAGs
[2023-01-09T18:31:38.738-0500] {logging_mixin.py:137} INFO - [2023-01-09T18:31:38.737-0500] {dag.py:3423} INFO - Setting next_dagrun for example_branch_labels to 2023-01-08T00:00:00+00:00, run_after=2023-01-09T00:00:00+00:00
[2023-01-09T18:31:38.739-0500] {logging_mixin.py:137} INFO - [2023-01-09T18:31:38.739-0500] {dag.py:3423} INFO - Setting next_dagrun for example_branch_labels to 2023-01-08T00:00:00+00:00, run_after=2023-01-09T00:00:00+00:00
[2023-01-09T18:31:38.761-0500] {processor.py:175} INFO - Processing /Library/Frameworks/Python.framework/Versions/3.9/lib/python3.9/site-packages/airflow/example_dags/example_branch_labels.py took 0.839 seconds
[2023-01-09T18:31:38.762-0500] {processor.py:175} INFO - Processing /Library/Frameworks/Python.framework/Versions/3.9/lib/python3.9/site-packages/airflow/example_dags/example_branch_labels.py took 0.840 seconds
[2023-01-09T18:34:17.439-0500] {processor.py:153} INFO - Started process (PID=44663) to work on /Library/Frameworks/Python.framework/Versions/3.9/lib/python3.9/site-packages/airflow/example_dags/example_branch_labels.py
[2023-01-09T18:34:17.444-0500] {processor.py:743} INFO - Processing file /Library/Frameworks/Python.framework/Versions/3.9/lib/python3.9/site-packages/airflow/example_dags/example_branch_labels.py for tasks to queue
[2023-01-09T18:34:17.445-0500] {logging_mixin.py:137} INFO - [2023-01-09T18:34:17.445-0500] {dagbag.py:538} INFO - Filling up the DagBag from /Library/Frameworks/Python.framework/Versions/3.9/lib/python3.9/site-packages/airflow/example_dags/example_branch_labels.py
[2023-01-09T18:34:17.474-0500] {processor.py:753} INFO - DAG(s) dict_keys(['example_branch_labels']) retrieved from /Library/Frameworks/Python.framework/Versions/3.9/lib/python3.9/site-packages/airflow/example_dags/example_branch_labels.py
[2023-01-09T18:34:18.204-0500] {logging_mixin.py:137} INFO - [2023-01-09T18:34:18.204-0500] {dag.py:2676} INFO - Sync 1 DAGs
[2023-01-09T18:34:18.220-0500] {logging_mixin.py:137} INFO - [2023-01-09T18:34:18.220-0500] {dag.py:3423} INFO - Setting next_dagrun for example_branch_labels to 2023-01-08T00:00:00+00:00, run_after=2023-01-09T00:00:00+00:00
[2023-01-09T18:34:18.238-0500] {processor.py:175} INFO - Processing /Library/Frameworks/Python.framework/Versions/3.9/lib/python3.9/site-packages/airflow/example_dags/example_branch_labels.py took 0.799 seconds
[2023-01-09T18:34:23.412-0500] {processor.py:153} INFO - Started process (PID=44668) to work on /Library/Frameworks/Python.framework/Versions/3.9/lib/python3.9/site-packages/airflow/example_dags/example_branch_labels.py
[2023-01-09T18:34:23.417-0500] {processor.py:743} INFO - Processing file /Library/Frameworks/Python.framework/Versions/3.9/lib/python3.9/site-packages/airflow/example_dags/example_branch_labels.py for tasks to queue
[2023-01-09T18:34:23.418-0500] {logging_mixin.py:137} INFO - [2023-01-09T18:34:23.418-0500] {dagbag.py:538} INFO - Filling up the DagBag from /Library/Frameworks/Python.framework/Versions/3.9/lib/python3.9/site-packages/airflow/example_dags/example_branch_labels.py
[2023-01-09T18:34:23.445-0500] {processor.py:753} INFO - DAG(s) dict_keys(['example_branch_labels']) retrieved from /Library/Frameworks/Python.framework/Versions/3.9/lib/python3.9/site-packages/airflow/example_dags/example_branch_labels.py
[2023-01-09T18:34:24.157-0500] {logging_mixin.py:137} INFO - [2023-01-09T18:34:24.157-0500] {dag.py:2676} INFO - Sync 1 DAGs
[2023-01-09T18:34:24.174-0500] {logging_mixin.py:137} INFO - [2023-01-09T18:34:24.174-0500] {dag.py:3423} INFO - Setting next_dagrun for example_branch_labels to 2023-01-08T00:00:00+00:00, run_after=2023-01-09T00:00:00+00:00
[2023-01-09T18:34:24.191-0500] {processor.py:175} INFO - Processing /Library/Frameworks/Python.framework/Versions/3.9/lib/python3.9/site-packages/airflow/example_dags/example_branch_labels.py took 0.780 seconds
[2023-01-09T18:37:03.747-0500] {processor.py:153} INFO - Started process (PID=44801) to work on /Library/Frameworks/Python.framework/Versions/3.9/lib/python3.9/site-packages/airflow/example_dags/example_branch_labels.py
[2023-01-09T18:37:03.752-0500] {processor.py:743} INFO - Processing file /Library/Frameworks/Python.framework/Versions/3.9/lib/python3.9/site-packages/airflow/example_dags/example_branch_labels.py for tasks to queue
[2023-01-09T18:37:03.752-0500] {logging_mixin.py:137} INFO - [2023-01-09T18:37:03.752-0500] {dagbag.py:538} INFO - Filling up the DagBag from /Library/Frameworks/Python.framework/Versions/3.9/lib/python3.9/site-packages/airflow/example_dags/example_branch_labels.py
[2023-01-09T18:37:03.781-0500] {processor.py:753} INFO - DAG(s) dict_keys(['example_branch_labels']) retrieved from /Library/Frameworks/Python.framework/Versions/3.9/lib/python3.9/site-packages/airflow/example_dags/example_branch_labels.py
[2023-01-09T18:37:04.488-0500] {logging_mixin.py:137} INFO - [2023-01-09T18:37:04.488-0500] {dag.py:2676} INFO - Sync 1 DAGs
[2023-01-09T18:37:04.506-0500] {logging_mixin.py:137} INFO - [2023-01-09T18:37:04.505-0500] {dag.py:3423} INFO - Setting next_dagrun for example_branch_labels to 2023-01-08T00:00:00+00:00, run_after=2023-01-09T00:00:00+00:00
[2023-01-09T18:37:04.535-0500] {processor.py:175} INFO - Processing /Library/Frameworks/Python.framework/Versions/3.9/lib/python3.9/site-packages/airflow/example_dags/example_branch_labels.py took 0.789 seconds
[2023-01-09T18:37:06.779-0500] {processor.py:153} INFO - Started process (PID=44804) to work on /Library/Frameworks/Python.framework/Versions/3.9/lib/python3.9/site-packages/airflow/example_dags/example_branch_labels.py
[2023-01-09T18:37:06.785-0500] {processor.py:743} INFO - Processing file /Library/Frameworks/Python.framework/Versions/3.9/lib/python3.9/site-packages/airflow/example_dags/example_branch_labels.py for tasks to queue
[2023-01-09T18:37:06.785-0500] {logging_mixin.py:137} INFO - [2023-01-09T18:37:06.785-0500] {dagbag.py:538} INFO - Filling up the DagBag from /Library/Frameworks/Python.framework/Versions/3.9/lib/python3.9/site-packages/airflow/example_dags/example_branch_labels.py
[2023-01-09T18:37:06.812-0500] {processor.py:753} INFO - DAG(s) dict_keys(['example_branch_labels']) retrieved from /Library/Frameworks/Python.framework/Versions/3.9/lib/python3.9/site-packages/airflow/example_dags/example_branch_labels.py
[2023-01-09T18:37:07.522-0500] {logging_mixin.py:137} INFO - [2023-01-09T18:37:07.522-0500] {dag.py:2676} INFO - Sync 1 DAGs
[2023-01-09T18:37:07.544-0500] {logging_mixin.py:137} INFO - [2023-01-09T18:37:07.544-0500] {dag.py:3423} INFO - Setting next_dagrun for example_branch_labels to 2023-01-08T00:00:00+00:00, run_after=2023-01-09T00:00:00+00:00
[2023-01-09T18:37:07.566-0500] {processor.py:175} INFO - Processing /Library/Frameworks/Python.framework/Versions/3.9/lib/python3.9/site-packages/airflow/example_dags/example_branch_labels.py took 0.787 seconds
[2023-01-09T18:39:39.632-0500] {processor.py:153} INFO - Started process (PID=45044) to work on /Library/Frameworks/Python.framework/Versions/3.9/lib/python3.9/site-packages/airflow/example_dags/example_branch_labels.py
[2023-01-09T18:39:39.637-0500] {processor.py:743} INFO - Processing file /Library/Frameworks/Python.framework/Versions/3.9/lib/python3.9/site-packages/airflow/example_dags/example_branch_labels.py for tasks to queue
[2023-01-09T18:39:39.638-0500] {logging_mixin.py:137} INFO - [2023-01-09T18:39:39.638-0500] {dagbag.py:538} INFO - Filling up the DagBag from /Library/Frameworks/Python.framework/Versions/3.9/lib/python3.9/site-packages/airflow/example_dags/example_branch_labels.py
[2023-01-09T18:39:39.665-0500] {processor.py:753} INFO - DAG(s) dict_keys(['example_branch_labels']) retrieved from /Library/Frameworks/Python.framework/Versions/3.9/lib/python3.9/site-packages/airflow/example_dags/example_branch_labels.py
[2023-01-09T18:39:40.350-0500] {logging_mixin.py:137} INFO - [2023-01-09T18:39:40.350-0500] {dag.py:2676} INFO - Sync 1 DAGs
[2023-01-09T18:39:40.366-0500] {logging_mixin.py:137} INFO - [2023-01-09T18:39:40.366-0500] {dag.py:3423} INFO - Setting next_dagrun for example_branch_labels to 2023-01-08T00:00:00+00:00, run_after=2023-01-09T00:00:00+00:00
[2023-01-09T18:39:40.383-0500] {processor.py:175} INFO - Processing /Library/Frameworks/Python.framework/Versions/3.9/lib/python3.9/site-packages/airflow/example_dags/example_branch_labels.py took 0.752 seconds
[2023-01-09T18:39:42.974-0500] {processor.py:153} INFO - Started process (PID=45047) to work on /Library/Frameworks/Python.framework/Versions/3.9/lib/python3.9/site-packages/airflow/example_dags/example_branch_labels.py
[2023-01-09T18:39:42.979-0500] {processor.py:743} INFO - Processing file /Library/Frameworks/Python.framework/Versions/3.9/lib/python3.9/site-packages/airflow/example_dags/example_branch_labels.py for tasks to queue
[2023-01-09T18:39:42.979-0500] {logging_mixin.py:137} INFO - [2023-01-09T18:39:42.979-0500] {dagbag.py:538} INFO - Filling up the DagBag from /Library/Frameworks/Python.framework/Versions/3.9/lib/python3.9/site-packages/airflow/example_dags/example_branch_labels.py
[2023-01-09T18:39:43.006-0500] {processor.py:753} INFO - DAG(s) dict_keys(['example_branch_labels']) retrieved from /Library/Frameworks/Python.framework/Versions/3.9/lib/python3.9/site-packages/airflow/example_dags/example_branch_labels.py
[2023-01-09T18:39:43.836-0500] {logging_mixin.py:137} INFO - [2023-01-09T18:39:43.836-0500] {dag.py:2676} INFO - Sync 1 DAGs
[2023-01-09T18:39:43.855-0500] {logging_mixin.py:137} INFO - [2023-01-09T18:39:43.854-0500] {dag.py:3423} INFO - Setting next_dagrun for example_branch_labels to 2023-01-08T00:00:00+00:00, run_after=2023-01-09T00:00:00+00:00
[2023-01-09T18:39:43.871-0500] {processor.py:175} INFO - Processing /Library/Frameworks/Python.framework/Versions/3.9/lib/python3.9/site-packages/airflow/example_dags/example_branch_labels.py took 0.898 seconds
[2023-01-09T18:42:14.391-0500] {processor.py:153} INFO - Started process (PID=45189) to work on /Library/Frameworks/Python.framework/Versions/3.9/lib/python3.9/site-packages/airflow/example_dags/example_branch_labels.py
[2023-01-09T18:42:14.396-0500] {processor.py:743} INFO - Processing file /Library/Frameworks/Python.framework/Versions/3.9/lib/python3.9/site-packages/airflow/example_dags/example_branch_labels.py for tasks to queue
[2023-01-09T18:42:14.397-0500] {logging_mixin.py:137} INFO - [2023-01-09T18:42:14.397-0500] {dagbag.py:538} INFO - Filling up the DagBag from /Library/Frameworks/Python.framework/Versions/3.9/lib/python3.9/site-packages/airflow/example_dags/example_branch_labels.py
[2023-01-09T18:42:14.425-0500] {processor.py:753} INFO - DAG(s) dict_keys(['example_branch_labels']) retrieved from /Library/Frameworks/Python.framework/Versions/3.9/lib/python3.9/site-packages/airflow/example_dags/example_branch_labels.py
[2023-01-09T18:42:15.132-0500] {logging_mixin.py:137} INFO - [2023-01-09T18:42:15.132-0500] {dag.py:2676} INFO - Sync 1 DAGs
[2023-01-09T18:42:15.148-0500] {logging_mixin.py:137} INFO - [2023-01-09T18:42:15.148-0500] {dag.py:3423} INFO - Setting next_dagrun for example_branch_labels to 2023-01-08T00:00:00+00:00, run_after=2023-01-09T00:00:00+00:00
[2023-01-09T18:42:15.165-0500] {processor.py:175} INFO - Processing /Library/Frameworks/Python.framework/Versions/3.9/lib/python3.9/site-packages/airflow/example_dags/example_branch_labels.py took 0.774 seconds
[2023-01-09T18:42:20.863-0500] {processor.py:153} INFO - Started process (PID=45194) to work on /Library/Frameworks/Python.framework/Versions/3.9/lib/python3.9/site-packages/airflow/example_dags/example_branch_labels.py
[2023-01-09T18:42:20.868-0500] {processor.py:743} INFO - Processing file /Library/Frameworks/Python.framework/Versions/3.9/lib/python3.9/site-packages/airflow/example_dags/example_branch_labels.py for tasks to queue
[2023-01-09T18:42:20.869-0500] {logging_mixin.py:137} INFO - [2023-01-09T18:42:20.869-0500] {dagbag.py:538} INFO - Filling up the DagBag from /Library/Frameworks/Python.framework/Versions/3.9/lib/python3.9/site-packages/airflow/example_dags/example_branch_labels.py
[2023-01-09T18:42:20.896-0500] {processor.py:753} INFO - DAG(s) dict_keys(['example_branch_labels']) retrieved from /Library/Frameworks/Python.framework/Versions/3.9/lib/python3.9/site-packages/airflow/example_dags/example_branch_labels.py
[2023-01-09T18:42:21.659-0500] {logging_mixin.py:137} INFO - [2023-01-09T18:42:21.658-0500] {dag.py:2676} INFO - Sync 1 DAGs
[2023-01-09T18:42:21.677-0500] {logging_mixin.py:137} INFO - [2023-01-09T18:42:21.677-0500] {dag.py:3423} INFO - Setting next_dagrun for example_branch_labels to 2023-01-08T00:00:00+00:00, run_after=2023-01-09T00:00:00+00:00
[2023-01-09T18:42:21.698-0500] {processor.py:175} INFO - Processing /Library/Frameworks/Python.framework/Versions/3.9/lib/python3.9/site-packages/airflow/example_dags/example_branch_labels.py took 0.835 seconds
[2023-01-09T18:45:05.976-0500] {processor.py:153} INFO - Started process (PID=45423) to work on /Library/Frameworks/Python.framework/Versions/3.9/lib/python3.9/site-packages/airflow/example_dags/example_branch_labels.py
[2023-01-09T18:45:05.988-0500] {processor.py:743} INFO - Processing file /Library/Frameworks/Python.framework/Versions/3.9/lib/python3.9/site-packages/airflow/example_dags/example_branch_labels.py for tasks to queue
[2023-01-09T18:45:05.988-0500] {logging_mixin.py:137} INFO - [2023-01-09T18:45:05.988-0500] {dagbag.py:538} INFO - Filling up the DagBag from /Library/Frameworks/Python.framework/Versions/3.9/lib/python3.9/site-packages/airflow/example_dags/example_branch_labels.py
[2023-01-09T18:45:06.220-0500] {processor.py:753} INFO - DAG(s) dict_keys(['example_branch_labels']) retrieved from /Library/Frameworks/Python.framework/Versions/3.9/lib/python3.9/site-packages/airflow/example_dags/example_branch_labels.py
[2023-01-09T18:45:08.873-0500] {logging_mixin.py:137} INFO - [2023-01-09T18:45:08.873-0500] {dag.py:2676} INFO - Sync 1 DAGs
[2023-01-09T18:45:08.902-0500] {logging_mixin.py:137} INFO - [2023-01-09T18:45:08.902-0500] {dag.py:3423} INFO - Setting next_dagrun for example_branch_labels to 2023-01-08T00:00:00+00:00, run_after=2023-01-09T00:00:00+00:00
[2023-01-09T18:45:08.932-0500] {processor.py:175} INFO - Processing /Library/Frameworks/Python.framework/Versions/3.9/lib/python3.9/site-packages/airflow/example_dags/example_branch_labels.py took 2.957 seconds
[2023-01-09T18:45:12.629-0500] {processor.py:153} INFO - Started process (PID=45426) to work on /Library/Frameworks/Python.framework/Versions/3.9/lib/python3.9/site-packages/airflow/example_dags/example_branch_labels.py
[2023-01-09T18:45:12.634-0500] {processor.py:743} INFO - Processing file /Library/Frameworks/Python.framework/Versions/3.9/lib/python3.9/site-packages/airflow/example_dags/example_branch_labels.py for tasks to queue
[2023-01-09T18:45:12.635-0500] {logging_mixin.py:137} INFO - [2023-01-09T18:45:12.635-0500] {dagbag.py:538} INFO - Filling up the DagBag from /Library/Frameworks/Python.framework/Versions/3.9/lib/python3.9/site-packages/airflow/example_dags/example_branch_labels.py
[2023-01-09T18:45:12.665-0500] {processor.py:753} INFO - DAG(s) dict_keys(['example_branch_labels']) retrieved from /Library/Frameworks/Python.framework/Versions/3.9/lib/python3.9/site-packages/airflow/example_dags/example_branch_labels.py
[2023-01-09T18:45:13.478-0500] {logging_mixin.py:137} INFO - [2023-01-09T18:45:13.478-0500] {dag.py:2676} INFO - Sync 1 DAGs
[2023-01-09T18:45:13.497-0500] {logging_mixin.py:137} INFO - [2023-01-09T18:45:13.497-0500] {dag.py:3423} INFO - Setting next_dagrun for example_branch_labels to 2023-01-08T00:00:00+00:00, run_after=2023-01-09T00:00:00+00:00
[2023-01-09T18:45:13.519-0500] {processor.py:175} INFO - Processing /Library/Frameworks/Python.framework/Versions/3.9/lib/python3.9/site-packages/airflow/example_dags/example_branch_labels.py took 0.891 seconds
[2023-01-09T18:48:17.410-0500] {processor.py:153} INFO - Started process (PID=45606) to work on /Library/Frameworks/Python.framework/Versions/3.9/lib/python3.9/site-packages/airflow/example_dags/example_branch_labels.py
[2023-01-09T18:48:17.416-0500] {processor.py:743} INFO - Processing file /Library/Frameworks/Python.framework/Versions/3.9/lib/python3.9/site-packages/airflow/example_dags/example_branch_labels.py for tasks to queue
[2023-01-09T18:48:17.416-0500] {logging_mixin.py:137} INFO - [2023-01-09T18:48:17.416-0500] {dagbag.py:538} INFO - Filling up the DagBag from /Library/Frameworks/Python.framework/Versions/3.9/lib/python3.9/site-packages/airflow/example_dags/example_branch_labels.py
[2023-01-09T18:48:17.450-0500] {processor.py:753} INFO - DAG(s) dict_keys(['example_branch_labels']) retrieved from /Library/Frameworks/Python.framework/Versions/3.9/lib/python3.9/site-packages/airflow/example_dags/example_branch_labels.py
[2023-01-09T18:48:18.325-0500] {logging_mixin.py:137} INFO - [2023-01-09T18:48:18.325-0500] {dag.py:2676} INFO - Sync 1 DAGs
[2023-01-09T18:48:18.344-0500] {logging_mixin.py:137} INFO - [2023-01-09T18:48:18.344-0500] {dag.py:3423} INFO - Setting next_dagrun for example_branch_labels to 2023-01-08T00:00:00+00:00, run_after=2023-01-09T00:00:00+00:00
[2023-01-09T18:48:18.363-0500] {processor.py:175} INFO - Processing /Library/Frameworks/Python.framework/Versions/3.9/lib/python3.9/site-packages/airflow/example_dags/example_branch_labels.py took 0.953 seconds
[2023-01-09T18:48:25.767-0500] {processor.py:153} INFO - Started process (PID=45654) to work on /Library/Frameworks/Python.framework/Versions/3.9/lib/python3.9/site-packages/airflow/example_dags/example_branch_labels.py
[2023-01-09T18:48:25.774-0500] {processor.py:743} INFO - Processing file /Library/Frameworks/Python.framework/Versions/3.9/lib/python3.9/site-packages/airflow/example_dags/example_branch_labels.py for tasks to queue
[2023-01-09T18:48:25.775-0500] {logging_mixin.py:137} INFO - [2023-01-09T18:48:25.775-0500] {dagbag.py:538} INFO - Filling up the DagBag from /Library/Frameworks/Python.framework/Versions/3.9/lib/python3.9/site-packages/airflow/example_dags/example_branch_labels.py
[2023-01-09T18:48:25.810-0500] {processor.py:753} INFO - DAG(s) dict_keys(['example_branch_labels']) retrieved from /Library/Frameworks/Python.framework/Versions/3.9/lib/python3.9/site-packages/airflow/example_dags/example_branch_labels.py
[2023-01-09T18:48:26.695-0500] {logging_mixin.py:137} INFO - [2023-01-09T18:48:26.694-0500] {dag.py:2676} INFO - Sync 1 DAGs
[2023-01-09T18:48:26.714-0500] {logging_mixin.py:137} INFO - [2023-01-09T18:48:26.714-0500] {dag.py:3423} INFO - Setting next_dagrun for example_branch_labels to 2023-01-08T00:00:00+00:00, run_after=2023-01-09T00:00:00+00:00
[2023-01-09T18:48:26.737-0500] {processor.py:175} INFO - Processing /Library/Frameworks/Python.framework/Versions/3.9/lib/python3.9/site-packages/airflow/example_dags/example_branch_labels.py took 0.971 seconds
[2023-01-09T18:51:08.711-0500] {processor.py:153} INFO - Started process (PID=45786) to work on /Library/Frameworks/Python.framework/Versions/3.9/lib/python3.9/site-packages/airflow/example_dags/example_branch_labels.py
[2023-01-09T18:51:08.717-0500] {processor.py:743} INFO - Processing file /Library/Frameworks/Python.framework/Versions/3.9/lib/python3.9/site-packages/airflow/example_dags/example_branch_labels.py for tasks to queue
[2023-01-09T18:51:08.717-0500] {logging_mixin.py:137} INFO - [2023-01-09T18:51:08.717-0500] {dagbag.py:538} INFO - Filling up the DagBag from /Library/Frameworks/Python.framework/Versions/3.9/lib/python3.9/site-packages/airflow/example_dags/example_branch_labels.py
[2023-01-09T18:51:08.744-0500] {processor.py:753} INFO - DAG(s) dict_keys(['example_branch_labels']) retrieved from /Library/Frameworks/Python.framework/Versions/3.9/lib/python3.9/site-packages/airflow/example_dags/example_branch_labels.py
[2023-01-09T18:51:09.464-0500] {logging_mixin.py:137} INFO - [2023-01-09T18:51:09.463-0500] {dag.py:2676} INFO - Sync 1 DAGs
[2023-01-09T18:51:09.480-0500] {logging_mixin.py:137} INFO - [2023-01-09T18:51:09.480-0500] {dag.py:3423} INFO - Setting next_dagrun for example_branch_labels to 2023-01-08T00:00:00+00:00, run_after=2023-01-09T00:00:00+00:00
[2023-01-09T18:51:09.497-0500] {processor.py:175} INFO - Processing /Library/Frameworks/Python.framework/Versions/3.9/lib/python3.9/site-packages/airflow/example_dags/example_branch_labels.py took 0.786 seconds
[2023-01-09T18:51:15.759-0500] {processor.py:153} INFO - Started process (PID=45791) to work on /Library/Frameworks/Python.framework/Versions/3.9/lib/python3.9/site-packages/airflow/example_dags/example_branch_labels.py
[2023-01-09T18:51:15.764-0500] {processor.py:743} INFO - Processing file /Library/Frameworks/Python.framework/Versions/3.9/lib/python3.9/site-packages/airflow/example_dags/example_branch_labels.py for tasks to queue
[2023-01-09T18:51:15.764-0500] {logging_mixin.py:137} INFO - [2023-01-09T18:51:15.764-0500] {dagbag.py:538} INFO - Filling up the DagBag from /Library/Frameworks/Python.framework/Versions/3.9/lib/python3.9/site-packages/airflow/example_dags/example_branch_labels.py
[2023-01-09T18:51:15.791-0500] {processor.py:753} INFO - DAG(s) dict_keys(['example_branch_labels']) retrieved from /Library/Frameworks/Python.framework/Versions/3.9/lib/python3.9/site-packages/airflow/example_dags/example_branch_labels.py
[2023-01-09T18:51:16.516-0500] {logging_mixin.py:137} INFO - [2023-01-09T18:51:16.516-0500] {dag.py:2676} INFO - Sync 1 DAGs
[2023-01-09T18:51:16.533-0500] {logging_mixin.py:137} INFO - [2023-01-09T18:51:16.533-0500] {dag.py:3423} INFO - Setting next_dagrun for example_branch_labels to 2023-01-08T00:00:00+00:00, run_after=2023-01-09T00:00:00+00:00
[2023-01-09T18:51:16.550-0500] {processor.py:175} INFO - Processing /Library/Frameworks/Python.framework/Versions/3.9/lib/python3.9/site-packages/airflow/example_dags/example_branch_labels.py took 0.791 seconds
[2023-01-09T18:54:37.983-0500] {processor.py:153} INFO - Started process (PID=45961) to work on /Library/Frameworks/Python.framework/Versions/3.9/lib/python3.9/site-packages/airflow/example_dags/example_branch_labels.py
[2023-01-09T18:54:37.990-0500] {processor.py:743} INFO - Processing file /Library/Frameworks/Python.framework/Versions/3.9/lib/python3.9/site-packages/airflow/example_dags/example_branch_labels.py for tasks to queue
[2023-01-09T18:54:37.991-0500] {logging_mixin.py:137} INFO - [2023-01-09T18:54:37.991-0500] {dagbag.py:538} INFO - Filling up the DagBag from /Library/Frameworks/Python.framework/Versions/3.9/lib/python3.9/site-packages/airflow/example_dags/example_branch_labels.py
[2023-01-09T18:54:38.028-0500] {processor.py:753} INFO - DAG(s) dict_keys(['example_branch_labels']) retrieved from /Library/Frameworks/Python.framework/Versions/3.9/lib/python3.9/site-packages/airflow/example_dags/example_branch_labels.py
[2023-01-09T18:54:39.033-0500] {logging_mixin.py:137} INFO - [2023-01-09T18:54:39.032-0500] {dag.py:2676} INFO - Sync 1 DAGs
[2023-01-09T18:54:39.060-0500] {logging_mixin.py:137} INFO - [2023-01-09T18:54:39.060-0500] {dag.py:3423} INFO - Setting next_dagrun for example_branch_labels to 2023-01-08T00:00:00+00:00, run_after=2023-01-09T00:00:00+00:00
[2023-01-09T18:54:39.097-0500] {processor.py:175} INFO - Processing /Library/Frameworks/Python.framework/Versions/3.9/lib/python3.9/site-packages/airflow/example_dags/example_branch_labels.py took 1.115 seconds
[2023-01-09T18:55:03.701-0500] {processor.py:153} INFO - Started process (PID=45983) to work on /Library/Frameworks/Python.framework/Versions/3.9/lib/python3.9/site-packages/airflow/example_dags/example_branch_labels.py
[2023-01-09T18:55:03.711-0500] {processor.py:743} INFO - Processing file /Library/Frameworks/Python.framework/Versions/3.9/lib/python3.9/site-packages/airflow/example_dags/example_branch_labels.py for tasks to queue
[2023-01-09T18:55:03.712-0500] {logging_mixin.py:137} INFO - [2023-01-09T18:55:03.711-0500] {dagbag.py:538} INFO - Filling up the DagBag from /Library/Frameworks/Python.framework/Versions/3.9/lib/python3.9/site-packages/airflow/example_dags/example_branch_labels.py
[2023-01-09T18:55:03.754-0500] {processor.py:753} INFO - DAG(s) dict_keys(['example_branch_labels']) retrieved from /Library/Frameworks/Python.framework/Versions/3.9/lib/python3.9/site-packages/airflow/example_dags/example_branch_labels.py
[2023-01-09T18:55:05.056-0500] {logging_mixin.py:137} INFO - [2023-01-09T18:55:05.055-0500] {dag.py:2676} INFO - Sync 1 DAGs
[2023-01-09T18:55:05.080-0500] {logging_mixin.py:137} INFO - [2023-01-09T18:55:05.080-0500] {dag.py:3423} INFO - Setting next_dagrun for example_branch_labels to 2023-01-08T00:00:00+00:00, run_after=2023-01-09T00:00:00+00:00
[2023-01-09T18:55:05.107-0500] {processor.py:175} INFO - Processing /Library/Frameworks/Python.framework/Versions/3.9/lib/python3.9/site-packages/airflow/example_dags/example_branch_labels.py took 1.408 seconds
[2023-01-09T18:59:31.448-0500] {processor.py:153} INFO - Started process (PID=46199) to work on /Library/Frameworks/Python.framework/Versions/3.9/lib/python3.9/site-packages/airflow/example_dags/example_branch_labels.py
[2023-01-09T18:59:31.455-0500] {processor.py:743} INFO - Processing file /Library/Frameworks/Python.framework/Versions/3.9/lib/python3.9/site-packages/airflow/example_dags/example_branch_labels.py for tasks to queue
[2023-01-09T18:59:31.455-0500] {logging_mixin.py:137} INFO - [2023-01-09T18:59:31.455-0500] {dagbag.py:538} INFO - Filling up the DagBag from /Library/Frameworks/Python.framework/Versions/3.9/lib/python3.9/site-packages/airflow/example_dags/example_branch_labels.py
[2023-01-09T18:59:31.490-0500] {processor.py:753} INFO - DAG(s) dict_keys(['example_branch_labels']) retrieved from /Library/Frameworks/Python.framework/Versions/3.9/lib/python3.9/site-packages/airflow/example_dags/example_branch_labels.py
[2023-01-09T18:59:32.564-0500] {logging_mixin.py:137} INFO - [2023-01-09T18:59:32.563-0500] {dag.py:2676} INFO - Sync 1 DAGs
[2023-01-09T18:59:32.585-0500] {logging_mixin.py:137} INFO - [2023-01-09T18:59:32.585-0500] {dag.py:3423} INFO - Setting next_dagrun for example_branch_labels to 2023-01-08T00:00:00+00:00, run_after=2023-01-09T00:00:00+00:00
[2023-01-09T18:59:32.606-0500] {processor.py:175} INFO - Processing /Library/Frameworks/Python.framework/Versions/3.9/lib/python3.9/site-packages/airflow/example_dags/example_branch_labels.py took 1.159 seconds
[2023-01-09T18:59:42.753-0500] {processor.py:153} INFO - Started process (PID=46206) to work on /Library/Frameworks/Python.framework/Versions/3.9/lib/python3.9/site-packages/airflow/example_dags/example_branch_labels.py
[2023-01-09T18:59:42.763-0500] {processor.py:743} INFO - Processing file /Library/Frameworks/Python.framework/Versions/3.9/lib/python3.9/site-packages/airflow/example_dags/example_branch_labels.py for tasks to queue
[2023-01-09T18:59:42.764-0500] {logging_mixin.py:137} INFO - [2023-01-09T18:59:42.763-0500] {dagbag.py:538} INFO - Filling up the DagBag from /Library/Frameworks/Python.framework/Versions/3.9/lib/python3.9/site-packages/airflow/example_dags/example_branch_labels.py
[2023-01-09T18:59:42.804-0500] {processor.py:753} INFO - DAG(s) dict_keys(['example_branch_labels']) retrieved from /Library/Frameworks/Python.framework/Versions/3.9/lib/python3.9/site-packages/airflow/example_dags/example_branch_labels.py
[2023-01-09T18:59:43.796-0500] {logging_mixin.py:137} INFO - [2023-01-09T18:59:43.796-0500] {dag.py:2676} INFO - Sync 1 DAGs
[2023-01-09T18:59:43.817-0500] {logging_mixin.py:137} INFO - [2023-01-09T18:59:43.817-0500] {dag.py:3423} INFO - Setting next_dagrun for example_branch_labels to 2023-01-08T00:00:00+00:00, run_after=2023-01-09T00:00:00+00:00
[2023-01-09T18:59:43.843-0500] {processor.py:175} INFO - Processing /Library/Frameworks/Python.framework/Versions/3.9/lib/python3.9/site-packages/airflow/example_dags/example_branch_labels.py took 1.090 seconds
