[2023-01-09T16:47:07.341-0500] {processor.py:153} INFO - Started process (PID=39135) to work on /Library/Frameworks/Python.framework/Versions/3.9/lib/python3.9/site-packages/airflow/example_dags/example_nested_branch_dag.py
[2023-01-09T16:47:07.345-0500] {processor.py:743} INFO - Processing file /Library/Frameworks/Python.framework/Versions/3.9/lib/python3.9/site-packages/airflow/example_dags/example_nested_branch_dag.py for tasks to queue
[2023-01-09T16:47:07.346-0500] {logging_mixin.py:137} INFO - [2023-01-09T16:47:07.346-0500] {dagbag.py:538} INFO - Filling up the DagBag from /Library/Frameworks/Python.framework/Versions/3.9/lib/python3.9/site-packages/airflow/example_dags/example_nested_branch_dag.py
[2023-01-09T16:47:07.424-0500] {processor.py:753} INFO - DAG(s) dict_keys(['example_nested_branch_dag']) retrieved from /Library/Frameworks/Python.framework/Versions/3.9/lib/python3.9/site-packages/airflow/example_dags/example_nested_branch_dag.py
[2023-01-09T16:47:08.264-0500] {logging_mixin.py:137} INFO - [2023-01-09T16:47:08.263-0500] {manager.py:504} INFO - Created Permission View: can edit on DAG:example_nested_branch_dag
[2023-01-09T16:47:08.271-0500] {logging_mixin.py:137} INFO - [2023-01-09T16:47:08.271-0500] {manager.py:504} INFO - Created Permission View: can read on DAG:example_nested_branch_dag
[2023-01-09T16:47:08.278-0500] {logging_mixin.py:137} INFO - [2023-01-09T16:47:08.278-0500] {manager.py:504} INFO - Created Permission View: can delete on DAG:example_nested_branch_dag
[2023-01-09T16:47:08.278-0500] {logging_mixin.py:137} INFO - [2023-01-09T16:47:08.278-0500] {dag.py:2676} INFO - Sync 1 DAGs
[2023-01-09T16:47:08.289-0500] {logging_mixin.py:137} INFO - [2023-01-09T16:47:08.289-0500] {dag.py:2697} INFO - Creating ORM DAG for example_nested_branch_dag
[2023-01-09T16:47:08.298-0500] {logging_mixin.py:137} INFO - [2023-01-09T16:47:08.298-0500] {dag.py:3423} INFO - Setting next_dagrun for example_nested_branch_dag to 2023-01-08T00:00:00+00:00, run_after=2023-01-09T00:00:00+00:00
[2023-01-09T16:47:08.316-0500] {processor.py:175} INFO - Processing /Library/Frameworks/Python.framework/Versions/3.9/lib/python3.9/site-packages/airflow/example_dags/example_nested_branch_dag.py took 0.976 seconds
[2023-01-09T16:49:04.882-0500] {processor.py:153} INFO - Started process (PID=39269) to work on /Library/Frameworks/Python.framework/Versions/3.9/lib/python3.9/site-packages/airflow/example_dags/example_nested_branch_dag.py
[2023-01-09T16:49:04.888-0500] {processor.py:743} INFO - Processing file /Library/Frameworks/Python.framework/Versions/3.9/lib/python3.9/site-packages/airflow/example_dags/example_nested_branch_dag.py for tasks to queue
[2023-01-09T16:49:04.888-0500] {logging_mixin.py:137} INFO - [2023-01-09T16:49:04.888-0500] {dagbag.py:538} INFO - Filling up the DagBag from /Library/Frameworks/Python.framework/Versions/3.9/lib/python3.9/site-packages/airflow/example_dags/example_nested_branch_dag.py
[2023-01-09T16:49:04.964-0500] {processor.py:753} INFO - DAG(s) dict_keys(['example_nested_branch_dag']) retrieved from /Library/Frameworks/Python.framework/Versions/3.9/lib/python3.9/site-packages/airflow/example_dags/example_nested_branch_dag.py
[2023-01-09T16:49:05.698-0500] {logging_mixin.py:137} INFO - [2023-01-09T16:49:05.698-0500] {dag.py:2676} INFO - Sync 1 DAGs
[2023-01-09T16:49:05.717-0500] {logging_mixin.py:137} INFO - [2023-01-09T16:49:05.717-0500] {dag.py:3423} INFO - Setting next_dagrun for example_nested_branch_dag to 2023-01-08T00:00:00+00:00, run_after=2023-01-09T00:00:00+00:00
[2023-01-09T16:49:05.737-0500] {processor.py:175} INFO - Processing /Library/Frameworks/Python.framework/Versions/3.9/lib/python3.9/site-packages/airflow/example_dags/example_nested_branch_dag.py took 0.856 seconds
[2023-01-09T16:51:57.653-0500] {processor.py:153} INFO - Started process (PID=39360) to work on /Library/Frameworks/Python.framework/Versions/3.9/lib/python3.9/site-packages/airflow/example_dags/example_nested_branch_dag.py
[2023-01-09T16:51:57.659-0500] {processor.py:743} INFO - Processing file /Library/Frameworks/Python.framework/Versions/3.9/lib/python3.9/site-packages/airflow/example_dags/example_nested_branch_dag.py for tasks to queue
[2023-01-09T16:51:57.659-0500] {logging_mixin.py:137} INFO - [2023-01-09T16:51:57.659-0500] {dagbag.py:538} INFO - Filling up the DagBag from /Library/Frameworks/Python.framework/Versions/3.9/lib/python3.9/site-packages/airflow/example_dags/example_nested_branch_dag.py
[2023-01-09T16:51:57.737-0500] {processor.py:753} INFO - DAG(s) dict_keys(['example_nested_branch_dag']) retrieved from /Library/Frameworks/Python.framework/Versions/3.9/lib/python3.9/site-packages/airflow/example_dags/example_nested_branch_dag.py
[2023-01-09T16:51:58.427-0500] {logging_mixin.py:137} INFO - [2023-01-09T16:51:58.426-0500] {dag.py:2676} INFO - Sync 1 DAGs
[2023-01-09T16:51:58.444-0500] {logging_mixin.py:137} INFO - [2023-01-09T16:51:58.444-0500] {dag.py:3423} INFO - Setting next_dagrun for example_nested_branch_dag to 2023-01-08T00:00:00+00:00, run_after=2023-01-09T00:00:00+00:00
[2023-01-09T16:51:58.463-0500] {processor.py:175} INFO - Processing /Library/Frameworks/Python.framework/Versions/3.9/lib/python3.9/site-packages/airflow/example_dags/example_nested_branch_dag.py took 0.810 seconds
[2023-01-09T16:54:43.704-0500] {processor.py:153} INFO - Started process (PID=39461) to work on /Library/Frameworks/Python.framework/Versions/3.9/lib/python3.9/site-packages/airflow/example_dags/example_nested_branch_dag.py
[2023-01-09T16:54:43.709-0500] {processor.py:743} INFO - Processing file /Library/Frameworks/Python.framework/Versions/3.9/lib/python3.9/site-packages/airflow/example_dags/example_nested_branch_dag.py for tasks to queue
[2023-01-09T16:54:43.710-0500] {logging_mixin.py:137} INFO - [2023-01-09T16:54:43.710-0500] {dagbag.py:538} INFO - Filling up the DagBag from /Library/Frameworks/Python.framework/Versions/3.9/lib/python3.9/site-packages/airflow/example_dags/example_nested_branch_dag.py
[2023-01-09T16:54:43.784-0500] {processor.py:753} INFO - DAG(s) dict_keys(['example_nested_branch_dag']) retrieved from /Library/Frameworks/Python.framework/Versions/3.9/lib/python3.9/site-packages/airflow/example_dags/example_nested_branch_dag.py
[2023-01-09T16:54:44.517-0500] {logging_mixin.py:137} INFO - [2023-01-09T16:54:44.517-0500] {dag.py:2676} INFO - Sync 1 DAGs
[2023-01-09T16:54:44.536-0500] {logging_mixin.py:137} INFO - [2023-01-09T16:54:44.535-0500] {dag.py:3423} INFO - Setting next_dagrun for example_nested_branch_dag to 2023-01-08T00:00:00+00:00, run_after=2023-01-09T00:00:00+00:00
[2023-01-09T16:54:44.559-0500] {processor.py:175} INFO - Processing /Library/Frameworks/Python.framework/Versions/3.9/lib/python3.9/site-packages/airflow/example_dags/example_nested_branch_dag.py took 0.856 seconds
[2023-01-09T16:57:35.864-0500] {processor.py:153} INFO - Started process (PID=40949) to work on /Library/Frameworks/Python.framework/Versions/3.9/lib/python3.9/site-packages/airflow/example_dags/example_nested_branch_dag.py
[2023-01-09T16:57:35.869-0500] {processor.py:743} INFO - Processing file /Library/Frameworks/Python.framework/Versions/3.9/lib/python3.9/site-packages/airflow/example_dags/example_nested_branch_dag.py for tasks to queue
[2023-01-09T16:57:35.870-0500] {logging_mixin.py:137} INFO - [2023-01-09T16:57:35.869-0500] {dagbag.py:538} INFO - Filling up the DagBag from /Library/Frameworks/Python.framework/Versions/3.9/lib/python3.9/site-packages/airflow/example_dags/example_nested_branch_dag.py
[2023-01-09T16:57:35.941-0500] {processor.py:753} INFO - DAG(s) dict_keys(['example_nested_branch_dag']) retrieved from /Library/Frameworks/Python.framework/Versions/3.9/lib/python3.9/site-packages/airflow/example_dags/example_nested_branch_dag.py
[2023-01-09T16:57:36.576-0500] {logging_mixin.py:137} INFO - [2023-01-09T16:57:36.575-0500] {dag.py:2676} INFO - Sync 1 DAGs
[2023-01-09T16:57:36.593-0500] {logging_mixin.py:137} INFO - [2023-01-09T16:57:36.592-0500] {dag.py:3423} INFO - Setting next_dagrun for example_nested_branch_dag to 2023-01-08T00:00:00+00:00, run_after=2023-01-09T00:00:00+00:00
[2023-01-09T16:57:36.609-0500] {processor.py:175} INFO - Processing /Library/Frameworks/Python.framework/Versions/3.9/lib/python3.9/site-packages/airflow/example_dags/example_nested_branch_dag.py took 0.746 seconds
[2023-01-09T17:00:21.615-0500] {processor.py:153} INFO - Started process (PID=41290) to work on /Library/Frameworks/Python.framework/Versions/3.9/lib/python3.9/site-packages/airflow/example_dags/example_nested_branch_dag.py
[2023-01-09T17:00:21.621-0500] {processor.py:743} INFO - Processing file /Library/Frameworks/Python.framework/Versions/3.9/lib/python3.9/site-packages/airflow/example_dags/example_nested_branch_dag.py for tasks to queue
[2023-01-09T17:00:21.621-0500] {logging_mixin.py:137} INFO - [2023-01-09T17:00:21.621-0500] {dagbag.py:538} INFO - Filling up the DagBag from /Library/Frameworks/Python.framework/Versions/3.9/lib/python3.9/site-packages/airflow/example_dags/example_nested_branch_dag.py
[2023-01-09T17:00:21.698-0500] {processor.py:753} INFO - DAG(s) dict_keys(['example_nested_branch_dag']) retrieved from /Library/Frameworks/Python.framework/Versions/3.9/lib/python3.9/site-packages/airflow/example_dags/example_nested_branch_dag.py
[2023-01-09T17:00:22.514-0500] {logging_mixin.py:137} INFO - [2023-01-09T17:00:22.514-0500] {dag.py:2676} INFO - Sync 1 DAGs
[2023-01-09T17:00:22.536-0500] {logging_mixin.py:137} INFO - [2023-01-09T17:00:22.535-0500] {dag.py:3423} INFO - Setting next_dagrun for example_nested_branch_dag to 2023-01-08T00:00:00+00:00, run_after=2023-01-09T00:00:00+00:00
[2023-01-09T17:00:22.563-0500] {processor.py:175} INFO - Processing /Library/Frameworks/Python.framework/Versions/3.9/lib/python3.9/site-packages/airflow/example_dags/example_nested_branch_dag.py took 0.949 seconds
[2023-01-09T17:03:33.348-0500] {processor.py:153} INFO - Started process (PID=41532) to work on /Library/Frameworks/Python.framework/Versions/3.9/lib/python3.9/site-packages/airflow/example_dags/example_nested_branch_dag.py
[2023-01-09T17:03:33.353-0500] {processor.py:743} INFO - Processing file /Library/Frameworks/Python.framework/Versions/3.9/lib/python3.9/site-packages/airflow/example_dags/example_nested_branch_dag.py for tasks to queue
[2023-01-09T17:03:33.353-0500] {logging_mixin.py:137} INFO - [2023-01-09T17:03:33.353-0500] {dagbag.py:538} INFO - Filling up the DagBag from /Library/Frameworks/Python.framework/Versions/3.9/lib/python3.9/site-packages/airflow/example_dags/example_nested_branch_dag.py
[2023-01-09T17:03:33.429-0500] {processor.py:753} INFO - DAG(s) dict_keys(['example_nested_branch_dag']) retrieved from /Library/Frameworks/Python.framework/Versions/3.9/lib/python3.9/site-packages/airflow/example_dags/example_nested_branch_dag.py
[2023-01-09T17:03:34.541-0500] {logging_mixin.py:137} INFO - [2023-01-09T17:03:34.540-0500] {dag.py:2676} INFO - Sync 1 DAGs
[2023-01-09T17:03:34.564-0500] {logging_mixin.py:137} INFO - [2023-01-09T17:03:34.563-0500] {dag.py:3423} INFO - Setting next_dagrun for example_nested_branch_dag to 2023-01-08T00:00:00+00:00, run_after=2023-01-09T00:00:00+00:00
[2023-01-09T17:03:34.593-0500] {processor.py:175} INFO - Processing /Library/Frameworks/Python.framework/Versions/3.9/lib/python3.9/site-packages/airflow/example_dags/example_nested_branch_dag.py took 1.246 seconds
[2023-01-09T17:06:34.075-0500] {processor.py:153} INFO - Started process (PID=41884) to work on /Library/Frameworks/Python.framework/Versions/3.9/lib/python3.9/site-packages/airflow/example_dags/example_nested_branch_dag.py
[2023-01-09T17:06:34.091-0500] {processor.py:743} INFO - Processing file /Library/Frameworks/Python.framework/Versions/3.9/lib/python3.9/site-packages/airflow/example_dags/example_nested_branch_dag.py for tasks to queue
[2023-01-09T17:06:34.091-0500] {logging_mixin.py:137} INFO - [2023-01-09T17:06:34.091-0500] {dagbag.py:538} INFO - Filling up the DagBag from /Library/Frameworks/Python.framework/Versions/3.9/lib/python3.9/site-packages/airflow/example_dags/example_nested_branch_dag.py
[2023-01-09T17:06:34.167-0500] {processor.py:753} INFO - DAG(s) dict_keys(['example_nested_branch_dag']) retrieved from /Library/Frameworks/Python.framework/Versions/3.9/lib/python3.9/site-packages/airflow/example_dags/example_nested_branch_dag.py
[2023-01-09T17:06:34.902-0500] {logging_mixin.py:137} INFO - [2023-01-09T17:06:34.901-0500] {dag.py:2676} INFO - Sync 1 DAGs
[2023-01-09T17:06:34.919-0500] {logging_mixin.py:137} INFO - [2023-01-09T17:06:34.919-0500] {dag.py:3423} INFO - Setting next_dagrun for example_nested_branch_dag to 2023-01-08T00:00:00+00:00, run_after=2023-01-09T00:00:00+00:00
[2023-01-09T17:06:34.937-0500] {processor.py:175} INFO - Processing /Library/Frameworks/Python.framework/Versions/3.9/lib/python3.9/site-packages/airflow/example_dags/example_nested_branch_dag.py took 0.863 seconds
[2023-01-09T17:09:20.798-0500] {processor.py:153} INFO - Started process (PID=42150) to work on /Library/Frameworks/Python.framework/Versions/3.9/lib/python3.9/site-packages/airflow/example_dags/example_nested_branch_dag.py
[2023-01-09T17:09:20.803-0500] {processor.py:743} INFO - Processing file /Library/Frameworks/Python.framework/Versions/3.9/lib/python3.9/site-packages/airflow/example_dags/example_nested_branch_dag.py for tasks to queue
[2023-01-09T17:09:20.804-0500] {logging_mixin.py:137} INFO - [2023-01-09T17:09:20.803-0500] {dagbag.py:538} INFO - Filling up the DagBag from /Library/Frameworks/Python.framework/Versions/3.9/lib/python3.9/site-packages/airflow/example_dags/example_nested_branch_dag.py
[2023-01-09T17:09:20.880-0500] {processor.py:753} INFO - DAG(s) dict_keys(['example_nested_branch_dag']) retrieved from /Library/Frameworks/Python.framework/Versions/3.9/lib/python3.9/site-packages/airflow/example_dags/example_nested_branch_dag.py
[2023-01-09T17:09:21.624-0500] {logging_mixin.py:137} INFO - [2023-01-09T17:09:21.624-0500] {dag.py:2676} INFO - Sync 1 DAGs
[2023-01-09T17:09:21.641-0500] {logging_mixin.py:137} INFO - [2023-01-09T17:09:21.641-0500] {dag.py:3423} INFO - Setting next_dagrun for example_nested_branch_dag to 2023-01-08T00:00:00+00:00, run_after=2023-01-09T00:00:00+00:00
[2023-01-09T17:09:21.662-0500] {processor.py:175} INFO - Processing /Library/Frameworks/Python.framework/Versions/3.9/lib/python3.9/site-packages/airflow/example_dags/example_nested_branch_dag.py took 0.864 seconds
[2023-01-09T17:12:05.148-0500] {processor.py:153} INFO - Started process (PID=42439) to work on /Library/Frameworks/Python.framework/Versions/3.9/lib/python3.9/site-packages/airflow/example_dags/example_nested_branch_dag.py
[2023-01-09T17:12:05.154-0500] {processor.py:743} INFO - Processing file /Library/Frameworks/Python.framework/Versions/3.9/lib/python3.9/site-packages/airflow/example_dags/example_nested_branch_dag.py for tasks to queue
[2023-01-09T17:12:05.154-0500] {logging_mixin.py:137} INFO - [2023-01-09T17:12:05.154-0500] {dagbag.py:538} INFO - Filling up the DagBag from /Library/Frameworks/Python.framework/Versions/3.9/lib/python3.9/site-packages/airflow/example_dags/example_nested_branch_dag.py
[2023-01-09T17:12:05.228-0500] {processor.py:753} INFO - DAG(s) dict_keys(['example_nested_branch_dag']) retrieved from /Library/Frameworks/Python.framework/Versions/3.9/lib/python3.9/site-packages/airflow/example_dags/example_nested_branch_dag.py
[2023-01-09T17:12:05.268-0500] {logging_mixin.py:137} INFO - [2023-01-09T17:12:05.267-0500] {dag.py:2676} INFO - Sync 1 DAGs
[2023-01-09T17:12:05.945-0500] {logging_mixin.py:137} INFO - [2023-01-09T17:12:05.945-0500] {dag.py:3423} INFO - Setting next_dagrun for example_nested_branch_dag to 2023-01-08T00:00:00+00:00, run_after=2023-01-09T00:00:00+00:00
[2023-01-09T17:12:05.963-0500] {processor.py:175} INFO - Processing /Library/Frameworks/Python.framework/Versions/3.9/lib/python3.9/site-packages/airflow/example_dags/example_nested_branch_dag.py took 0.816 seconds
[2023-01-09T17:13:05.538-0500] {processor.py:153} INFO - Started process (PID=42489) to work on /Library/Frameworks/Python.framework/Versions/3.9/lib/python3.9/site-packages/airflow/example_dags/example_nested_branch_dag.py
[2023-01-09T17:13:05.543-0500] {processor.py:743} INFO - Processing file /Library/Frameworks/Python.framework/Versions/3.9/lib/python3.9/site-packages/airflow/example_dags/example_nested_branch_dag.py for tasks to queue
[2023-01-09T17:13:05.544-0500] {logging_mixin.py:137} INFO - [2023-01-09T17:13:05.544-0500] {dagbag.py:538} INFO - Filling up the DagBag from /Library/Frameworks/Python.framework/Versions/3.9/lib/python3.9/site-packages/airflow/example_dags/example_nested_branch_dag.py
[2023-01-09T17:13:05.635-0500] {processor.py:753} INFO - DAG(s) dict_keys(['example_nested_branch_dag']) retrieved from /Library/Frameworks/Python.framework/Versions/3.9/lib/python3.9/site-packages/airflow/example_dags/example_nested_branch_dag.py
[2023-01-09T17:13:06.433-0500] {logging_mixin.py:137} INFO - [2023-01-09T17:13:06.433-0500] {dag.py:2676} INFO - Sync 1 DAGs
[2023-01-09T17:13:06.452-0500] {logging_mixin.py:137} INFO - [2023-01-09T17:13:06.451-0500] {dag.py:3423} INFO - Setting next_dagrun for example_nested_branch_dag to 2023-01-08T00:00:00+00:00, run_after=2023-01-09T00:00:00+00:00
[2023-01-09T17:13:06.471-0500] {processor.py:175} INFO - Processing /Library/Frameworks/Python.framework/Versions/3.9/lib/python3.9/site-packages/airflow/example_dags/example_nested_branch_dag.py took 0.933 seconds
[2023-01-09T17:14:50.829-0500] {processor.py:153} INFO - Started process (PID=42663) to work on /Library/Frameworks/Python.framework/Versions/3.9/lib/python3.9/site-packages/airflow/example_dags/example_nested_branch_dag.py
[2023-01-09T17:14:50.834-0500] {processor.py:743} INFO - Processing file /Library/Frameworks/Python.framework/Versions/3.9/lib/python3.9/site-packages/airflow/example_dags/example_nested_branch_dag.py for tasks to queue
[2023-01-09T17:14:50.834-0500] {logging_mixin.py:137} INFO - [2023-01-09T17:14:50.834-0500] {dagbag.py:538} INFO - Filling up the DagBag from /Library/Frameworks/Python.framework/Versions/3.9/lib/python3.9/site-packages/airflow/example_dags/example_nested_branch_dag.py
[2023-01-09T17:14:50.912-0500] {processor.py:753} INFO - DAG(s) dict_keys(['example_nested_branch_dag']) retrieved from /Library/Frameworks/Python.framework/Versions/3.9/lib/python3.9/site-packages/airflow/example_dags/example_nested_branch_dag.py
[2023-01-09T17:14:51.635-0500] {logging_mixin.py:137} INFO - [2023-01-09T17:14:51.634-0500] {dag.py:2676} INFO - Sync 1 DAGs
[2023-01-09T17:14:51.654-0500] {logging_mixin.py:137} INFO - [2023-01-09T17:14:51.654-0500] {dag.py:3423} INFO - Setting next_dagrun for example_nested_branch_dag to 2023-01-08T00:00:00+00:00, run_after=2023-01-09T00:00:00+00:00
[2023-01-09T17:14:51.671-0500] {processor.py:175} INFO - Processing /Library/Frameworks/Python.framework/Versions/3.9/lib/python3.9/site-packages/airflow/example_dags/example_nested_branch_dag.py took 0.843 seconds
[2023-01-09T17:14:55.330-0500] {processor.py:153} INFO - Started process (PID=42675) to work on /Library/Frameworks/Python.framework/Versions/3.9/lib/python3.9/site-packages/airflow/example_dags/example_nested_branch_dag.py
[2023-01-09T17:14:55.335-0500] {processor.py:743} INFO - Processing file /Library/Frameworks/Python.framework/Versions/3.9/lib/python3.9/site-packages/airflow/example_dags/example_nested_branch_dag.py for tasks to queue
[2023-01-09T17:14:55.336-0500] {logging_mixin.py:137} INFO - [2023-01-09T17:14:55.336-0500] {dagbag.py:538} INFO - Filling up the DagBag from /Library/Frameworks/Python.framework/Versions/3.9/lib/python3.9/site-packages/airflow/example_dags/example_nested_branch_dag.py
[2023-01-09T17:14:55.412-0500] {processor.py:753} INFO - DAG(s) dict_keys(['example_nested_branch_dag']) retrieved from /Library/Frameworks/Python.framework/Versions/3.9/lib/python3.9/site-packages/airflow/example_dags/example_nested_branch_dag.py
[2023-01-09T17:14:56.097-0500] {logging_mixin.py:137} INFO - [2023-01-09T17:14:56.096-0500] {dag.py:2676} INFO - Sync 1 DAGs
[2023-01-09T17:14:56.114-0500] {logging_mixin.py:137} INFO - [2023-01-09T17:14:56.113-0500] {dag.py:3423} INFO - Setting next_dagrun for example_nested_branch_dag to 2023-01-08T00:00:00+00:00, run_after=2023-01-09T00:00:00+00:00
[2023-01-09T17:14:56.131-0500] {processor.py:175} INFO - Processing /Library/Frameworks/Python.framework/Versions/3.9/lib/python3.9/site-packages/airflow/example_dags/example_nested_branch_dag.py took 0.801 seconds
[2023-01-09T17:17:23.852-0500] {processor.py:153} INFO - Started process (PID=43062) to work on /Library/Frameworks/Python.framework/Versions/3.9/lib/python3.9/site-packages/airflow/example_dags/example_nested_branch_dag.py
[2023-01-09T17:17:23.857-0500] {processor.py:743} INFO - Processing file /Library/Frameworks/Python.framework/Versions/3.9/lib/python3.9/site-packages/airflow/example_dags/example_nested_branch_dag.py for tasks to queue
[2023-01-09T17:17:23.857-0500] {logging_mixin.py:137} INFO - [2023-01-09T17:17:23.857-0500] {dagbag.py:538} INFO - Filling up the DagBag from /Library/Frameworks/Python.framework/Versions/3.9/lib/python3.9/site-packages/airflow/example_dags/example_nested_branch_dag.py
[2023-01-09T17:17:23.938-0500] {processor.py:753} INFO - DAG(s) dict_keys(['example_nested_branch_dag']) retrieved from /Library/Frameworks/Python.framework/Versions/3.9/lib/python3.9/site-packages/airflow/example_dags/example_nested_branch_dag.py
[2023-01-09T17:17:24.604-0500] {logging_mixin.py:137} INFO - [2023-01-09T17:17:24.604-0500] {dag.py:2676} INFO - Sync 1 DAGs
[2023-01-09T17:17:24.623-0500] {logging_mixin.py:137} INFO - [2023-01-09T17:17:24.623-0500] {dag.py:3423} INFO - Setting next_dagrun for example_nested_branch_dag to 2023-01-08T00:00:00+00:00, run_after=2023-01-09T00:00:00+00:00
[2023-01-09T17:17:24.662-0500] {processor.py:175} INFO - Processing /Library/Frameworks/Python.framework/Versions/3.9/lib/python3.9/site-packages/airflow/example_dags/example_nested_branch_dag.py took 0.810 seconds
[2023-01-09T17:17:33.433-0500] {processor.py:153} INFO - Started process (PID=43144) to work on /Library/Frameworks/Python.framework/Versions/3.9/lib/python3.9/site-packages/airflow/example_dags/example_nested_branch_dag.py
[2023-01-09T17:17:33.438-0500] {processor.py:743} INFO - Processing file /Library/Frameworks/Python.framework/Versions/3.9/lib/python3.9/site-packages/airflow/example_dags/example_nested_branch_dag.py for tasks to queue
[2023-01-09T17:17:33.438-0500] {logging_mixin.py:137} INFO - [2023-01-09T17:17:33.438-0500] {dagbag.py:538} INFO - Filling up the DagBag from /Library/Frameworks/Python.framework/Versions/3.9/lib/python3.9/site-packages/airflow/example_dags/example_nested_branch_dag.py
[2023-01-09T17:17:33.514-0500] {processor.py:753} INFO - DAG(s) dict_keys(['example_nested_branch_dag']) retrieved from /Library/Frameworks/Python.framework/Versions/3.9/lib/python3.9/site-packages/airflow/example_dags/example_nested_branch_dag.py
[2023-01-09T17:17:34.197-0500] {logging_mixin.py:137} INFO - [2023-01-09T17:17:34.197-0500] {dag.py:2676} INFO - Sync 1 DAGs
[2023-01-09T17:17:34.215-0500] {logging_mixin.py:137} INFO - [2023-01-09T17:17:34.214-0500] {dag.py:3423} INFO - Setting next_dagrun for example_nested_branch_dag to 2023-01-08T00:00:00+00:00, run_after=2023-01-09T00:00:00+00:00
[2023-01-09T17:17:34.232-0500] {processor.py:175} INFO - Processing /Library/Frameworks/Python.framework/Versions/3.9/lib/python3.9/site-packages/airflow/example_dags/example_nested_branch_dag.py took 0.800 seconds
[2023-01-09T17:19:55.711-0500] {processor.py:153} INFO - Started process (PID=43266) to work on /Library/Frameworks/Python.framework/Versions/3.9/lib/python3.9/site-packages/airflow/example_dags/example_nested_branch_dag.py
[2023-01-09T17:19:55.717-0500] {processor.py:743} INFO - Processing file /Library/Frameworks/Python.framework/Versions/3.9/lib/python3.9/site-packages/airflow/example_dags/example_nested_branch_dag.py for tasks to queue
[2023-01-09T17:19:55.717-0500] {logging_mixin.py:137} INFO - [2023-01-09T17:19:55.717-0500] {dagbag.py:538} INFO - Filling up the DagBag from /Library/Frameworks/Python.framework/Versions/3.9/lib/python3.9/site-packages/airflow/example_dags/example_nested_branch_dag.py
[2023-01-09T17:19:55.797-0500] {processor.py:753} INFO - DAG(s) dict_keys(['example_nested_branch_dag']) retrieved from /Library/Frameworks/Python.framework/Versions/3.9/lib/python3.9/site-packages/airflow/example_dags/example_nested_branch_dag.py
[2023-01-09T17:19:56.486-0500] {logging_mixin.py:137} INFO - [2023-01-09T17:19:56.486-0500] {dag.py:2676} INFO - Sync 1 DAGs
[2023-01-09T17:19:56.503-0500] {logging_mixin.py:137} INFO - [2023-01-09T17:19:56.503-0500] {dag.py:3423} INFO - Setting next_dagrun for example_nested_branch_dag to 2023-01-08T00:00:00+00:00, run_after=2023-01-09T00:00:00+00:00
[2023-01-09T17:19:56.520-0500] {processor.py:175} INFO - Processing /Library/Frameworks/Python.framework/Versions/3.9/lib/python3.9/site-packages/airflow/example_dags/example_nested_branch_dag.py took 0.809 seconds
[2023-01-09T17:20:04.101-0500] {processor.py:153} INFO - Started process (PID=43274) to work on /Library/Frameworks/Python.framework/Versions/3.9/lib/python3.9/site-packages/airflow/example_dags/example_nested_branch_dag.py
[2023-01-09T17:20:04.106-0500] {processor.py:743} INFO - Processing file /Library/Frameworks/Python.framework/Versions/3.9/lib/python3.9/site-packages/airflow/example_dags/example_nested_branch_dag.py for tasks to queue
[2023-01-09T17:20:04.106-0500] {logging_mixin.py:137} INFO - [2023-01-09T17:20:04.106-0500] {dagbag.py:538} INFO - Filling up the DagBag from /Library/Frameworks/Python.framework/Versions/3.9/lib/python3.9/site-packages/airflow/example_dags/example_nested_branch_dag.py
[2023-01-09T17:20:04.180-0500] {processor.py:753} INFO - DAG(s) dict_keys(['example_nested_branch_dag']) retrieved from /Library/Frameworks/Python.framework/Versions/3.9/lib/python3.9/site-packages/airflow/example_dags/example_nested_branch_dag.py
[2023-01-09T17:20:04.912-0500] {logging_mixin.py:137} INFO - [2023-01-09T17:20:04.912-0500] {dag.py:2676} INFO - Sync 1 DAGs
[2023-01-09T17:20:04.930-0500] {logging_mixin.py:137} INFO - [2023-01-09T17:20:04.930-0500] {dag.py:3423} INFO - Setting next_dagrun for example_nested_branch_dag to 2023-01-08T00:00:00+00:00, run_after=2023-01-09T00:00:00+00:00
[2023-01-09T17:20:04.949-0500] {processor.py:175} INFO - Processing /Library/Frameworks/Python.framework/Versions/3.9/lib/python3.9/site-packages/airflow/example_dags/example_nested_branch_dag.py took 0.849 seconds
[2023-01-09T17:22:26.242-0500] {processor.py:153} INFO - Started process (PID=43439) to work on /Library/Frameworks/Python.framework/Versions/3.9/lib/python3.9/site-packages/airflow/example_dags/example_nested_branch_dag.py
[2023-01-09T17:22:26.248-0500] {processor.py:743} INFO - Processing file /Library/Frameworks/Python.framework/Versions/3.9/lib/python3.9/site-packages/airflow/example_dags/example_nested_branch_dag.py for tasks to queue
[2023-01-09T17:22:26.248-0500] {logging_mixin.py:137} INFO - [2023-01-09T17:22:26.248-0500] {dagbag.py:538} INFO - Filling up the DagBag from /Library/Frameworks/Python.framework/Versions/3.9/lib/python3.9/site-packages/airflow/example_dags/example_nested_branch_dag.py
[2023-01-09T17:22:26.328-0500] {processor.py:753} INFO - DAG(s) dict_keys(['example_nested_branch_dag']) retrieved from /Library/Frameworks/Python.framework/Versions/3.9/lib/python3.9/site-packages/airflow/example_dags/example_nested_branch_dag.py
[2023-01-09T17:22:27.023-0500] {logging_mixin.py:137} INFO - [2023-01-09T17:22:27.022-0500] {dag.py:2676} INFO - Sync 1 DAGs
[2023-01-09T17:22:27.040-0500] {logging_mixin.py:137} INFO - [2023-01-09T17:22:27.040-0500] {dag.py:3423} INFO - Setting next_dagrun for example_nested_branch_dag to 2023-01-08T00:00:00+00:00, run_after=2023-01-09T00:00:00+00:00
[2023-01-09T17:22:27.061-0500] {processor.py:175} INFO - Processing /Library/Frameworks/Python.framework/Versions/3.9/lib/python3.9/site-packages/airflow/example_dags/example_nested_branch_dag.py took 0.819 seconds
[2023-01-09T17:22:35.835-0500] {processor.py:153} INFO - Started process (PID=43446) to work on /Library/Frameworks/Python.framework/Versions/3.9/lib/python3.9/site-packages/airflow/example_dags/example_nested_branch_dag.py
[2023-01-09T17:22:35.839-0500] {processor.py:743} INFO - Processing file /Library/Frameworks/Python.framework/Versions/3.9/lib/python3.9/site-packages/airflow/example_dags/example_nested_branch_dag.py for tasks to queue
[2023-01-09T17:22:35.840-0500] {logging_mixin.py:137} INFO - [2023-01-09T17:22:35.840-0500] {dagbag.py:538} INFO - Filling up the DagBag from /Library/Frameworks/Python.framework/Versions/3.9/lib/python3.9/site-packages/airflow/example_dags/example_nested_branch_dag.py
[2023-01-09T17:22:35.910-0500] {processor.py:753} INFO - DAG(s) dict_keys(['example_nested_branch_dag']) retrieved from /Library/Frameworks/Python.framework/Versions/3.9/lib/python3.9/site-packages/airflow/example_dags/example_nested_branch_dag.py
[2023-01-09T17:22:36.611-0500] {logging_mixin.py:137} INFO - [2023-01-09T17:22:36.611-0500] {dag.py:2676} INFO - Sync 1 DAGs
[2023-01-09T17:22:36.631-0500] {logging_mixin.py:137} INFO - [2023-01-09T17:22:36.631-0500] {dag.py:3423} INFO - Setting next_dagrun for example_nested_branch_dag to 2023-01-08T00:00:00+00:00, run_after=2023-01-09T00:00:00+00:00
[2023-01-09T17:22:36.654-0500] {processor.py:175} INFO - Processing /Library/Frameworks/Python.framework/Versions/3.9/lib/python3.9/site-packages/airflow/example_dags/example_nested_branch_dag.py took 0.820 seconds
[2023-01-09T18:25:00.281-0500] {processor.py:153} INFO - Started process (PID=44321) to work on /Library/Frameworks/Python.framework/Versions/3.9/lib/python3.9/site-packages/airflow/example_dags/example_nested_branch_dag.py
[2023-01-09T18:25:00.326-0500] {processor.py:743} INFO - Processing file /Library/Frameworks/Python.framework/Versions/3.9/lib/python3.9/site-packages/airflow/example_dags/example_nested_branch_dag.py for tasks to queue
[2023-01-09T18:25:00.285-0500] {processor.py:153} INFO - Started process (PID=44322) to work on /Library/Frameworks/Python.framework/Versions/3.9/lib/python3.9/site-packages/airflow/example_dags/example_nested_branch_dag.py
[2023-01-09T18:25:00.330-0500] {logging_mixin.py:137} INFO - [2023-01-09T18:25:00.329-0500] {dagbag.py:538} INFO - Filling up the DagBag from /Library/Frameworks/Python.framework/Versions/3.9/lib/python3.9/site-packages/airflow/example_dags/example_nested_branch_dag.py
[2023-01-09T18:25:00.329-0500] {processor.py:743} INFO - Processing file /Library/Frameworks/Python.framework/Versions/3.9/lib/python3.9/site-packages/airflow/example_dags/example_nested_branch_dag.py for tasks to queue
[2023-01-09T18:25:00.335-0500] {logging_mixin.py:137} INFO - [2023-01-09T18:25:00.334-0500] {dagbag.py:538} INFO - Filling up the DagBag from /Library/Frameworks/Python.framework/Versions/3.9/lib/python3.9/site-packages/airflow/example_dags/example_nested_branch_dag.py
[2023-01-09T18:25:00.990-0500] {processor.py:753} INFO - DAG(s) dict_keys(['example_nested_branch_dag']) retrieved from /Library/Frameworks/Python.framework/Versions/3.9/lib/python3.9/site-packages/airflow/example_dags/example_nested_branch_dag.py
[2023-01-09T18:25:00.990-0500] {processor.py:753} INFO - DAG(s) dict_keys(['example_nested_branch_dag']) retrieved from /Library/Frameworks/Python.framework/Versions/3.9/lib/python3.9/site-packages/airflow/example_dags/example_nested_branch_dag.py
[2023-01-09T18:25:12.853-0500] {logging_mixin.py:137} INFO - [2023-01-09T18:25:12.820-0500] {dag.py:2676} INFO - Sync 1 DAGs
[2023-01-09T18:25:12.887-0500] {logging_mixin.py:137} INFO - [2023-01-09T18:25:12.885-0500] {dag.py:2676} INFO - Sync 1 DAGs
[2023-01-09T18:25:13.431-0500] {logging_mixin.py:137} INFO - [2023-01-09T18:25:13.429-0500] {dag.py:3423} INFO - Setting next_dagrun for example_nested_branch_dag to 2023-01-08T00:00:00+00:00, run_after=2023-01-09T00:00:00+00:00
[2023-01-09T18:25:13.509-0500] {logging_mixin.py:137} INFO - [2023-01-09T18:25:13.507-0500] {dag.py:3423} INFO - Setting next_dagrun for example_nested_branch_dag to 2023-01-08T00:00:00+00:00, run_after=2023-01-09T00:00:00+00:00
[2023-01-09T18:25:13.879-0500] {processor.py:175} INFO - Processing /Library/Frameworks/Python.framework/Versions/3.9/lib/python3.9/site-packages/airflow/example_dags/example_nested_branch_dag.py took 13.601 seconds
[2023-01-09T18:25:13.898-0500] {processor.py:175} INFO - Processing /Library/Frameworks/Python.framework/Versions/3.9/lib/python3.9/site-packages/airflow/example_dags/example_nested_branch_dag.py took 13.623 seconds
[2023-01-09T18:32:51.870-0500] {processor.py:153} INFO - Started process (PID=44575) to work on /Library/Frameworks/Python.framework/Versions/3.9/lib/python3.9/site-packages/airflow/example_dags/example_nested_branch_dag.py
[2023-01-09T18:32:51.871-0500] {processor.py:153} INFO - Started process (PID=44574) to work on /Library/Frameworks/Python.framework/Versions/3.9/lib/python3.9/site-packages/airflow/example_dags/example_nested_branch_dag.py
[2023-01-09T18:32:51.877-0500] {processor.py:743} INFO - Processing file /Library/Frameworks/Python.framework/Versions/3.9/lib/python3.9/site-packages/airflow/example_dags/example_nested_branch_dag.py for tasks to queue
[2023-01-09T18:32:51.877-0500] {processor.py:743} INFO - Processing file /Library/Frameworks/Python.framework/Versions/3.9/lib/python3.9/site-packages/airflow/example_dags/example_nested_branch_dag.py for tasks to queue
[2023-01-09T18:32:51.877-0500] {logging_mixin.py:137} INFO - [2023-01-09T18:32:51.877-0500] {dagbag.py:538} INFO - Filling up the DagBag from /Library/Frameworks/Python.framework/Versions/3.9/lib/python3.9/site-packages/airflow/example_dags/example_nested_branch_dag.py
[2023-01-09T18:32:51.877-0500] {logging_mixin.py:137} INFO - [2023-01-09T18:32:51.877-0500] {dagbag.py:538} INFO - Filling up the DagBag from /Library/Frameworks/Python.framework/Versions/3.9/lib/python3.9/site-packages/airflow/example_dags/example_nested_branch_dag.py
[2023-01-09T18:32:51.961-0500] {processor.py:753} INFO - DAG(s) dict_keys(['example_nested_branch_dag']) retrieved from /Library/Frameworks/Python.framework/Versions/3.9/lib/python3.9/site-packages/airflow/example_dags/example_nested_branch_dag.py
[2023-01-09T18:32:51.961-0500] {processor.py:753} INFO - DAG(s) dict_keys(['example_nested_branch_dag']) retrieved from /Library/Frameworks/Python.framework/Versions/3.9/lib/python3.9/site-packages/airflow/example_dags/example_nested_branch_dag.py
[2023-01-09T18:32:52.700-0500] {logging_mixin.py:137} INFO - [2023-01-09T18:32:52.699-0500] {dag.py:2676} INFO - Sync 1 DAGs
[2023-01-09T18:32:52.701-0500] {logging_mixin.py:137} INFO - [2023-01-09T18:32:52.701-0500] {dag.py:2676} INFO - Sync 1 DAGs
[2023-01-09T18:32:52.719-0500] {logging_mixin.py:137} INFO - [2023-01-09T18:32:52.719-0500] {dag.py:3423} INFO - Setting next_dagrun for example_nested_branch_dag to 2023-01-08T00:00:00+00:00, run_after=2023-01-09T00:00:00+00:00
[2023-01-09T18:32:52.720-0500] {logging_mixin.py:137} INFO - [2023-01-09T18:32:52.720-0500] {dag.py:3423} INFO - Setting next_dagrun for example_nested_branch_dag to 2023-01-08T00:00:00+00:00, run_after=2023-01-09T00:00:00+00:00
[2023-01-09T18:32:52.742-0500] {processor.py:175} INFO - Processing /Library/Frameworks/Python.framework/Versions/3.9/lib/python3.9/site-packages/airflow/example_dags/example_nested_branch_dag.py took 0.872 seconds
[2023-01-09T18:32:52.744-0500] {processor.py:175} INFO - Processing /Library/Frameworks/Python.framework/Versions/3.9/lib/python3.9/site-packages/airflow/example_dags/example_nested_branch_dag.py took 0.874 seconds
[2023-01-09T18:35:27.267-0500] {processor.py:153} INFO - Started process (PID=44721) to work on /Library/Frameworks/Python.framework/Versions/3.9/lib/python3.9/site-packages/airflow/example_dags/example_nested_branch_dag.py
[2023-01-09T18:35:27.285-0500] {processor.py:743} INFO - Processing file /Library/Frameworks/Python.framework/Versions/3.9/lib/python3.9/site-packages/airflow/example_dags/example_nested_branch_dag.py for tasks to queue
[2023-01-09T18:35:27.286-0500] {logging_mixin.py:137} INFO - [2023-01-09T18:35:27.285-0500] {dagbag.py:538} INFO - Filling up the DagBag from /Library/Frameworks/Python.framework/Versions/3.9/lib/python3.9/site-packages/airflow/example_dags/example_nested_branch_dag.py
[2023-01-09T18:35:27.396-0500] {processor.py:753} INFO - DAG(s) dict_keys(['example_nested_branch_dag']) retrieved from /Library/Frameworks/Python.framework/Versions/3.9/lib/python3.9/site-packages/airflow/example_dags/example_nested_branch_dag.py
[2023-01-09T18:35:28.328-0500] {logging_mixin.py:137} INFO - [2023-01-09T18:35:28.327-0500] {dag.py:2676} INFO - Sync 1 DAGs
[2023-01-09T18:35:28.349-0500] {logging_mixin.py:137} INFO - [2023-01-09T18:35:28.348-0500] {dag.py:3423} INFO - Setting next_dagrun for example_nested_branch_dag to 2023-01-08T00:00:00+00:00, run_after=2023-01-09T00:00:00+00:00
[2023-01-09T18:35:28.368-0500] {processor.py:175} INFO - Processing /Library/Frameworks/Python.framework/Versions/3.9/lib/python3.9/site-packages/airflow/example_dags/example_nested_branch_dag.py took 1.103 seconds
[2023-01-09T18:35:33.472-0500] {processor.py:153} INFO - Started process (PID=44726) to work on /Library/Frameworks/Python.framework/Versions/3.9/lib/python3.9/site-packages/airflow/example_dags/example_nested_branch_dag.py
[2023-01-09T18:35:33.477-0500] {processor.py:743} INFO - Processing file /Library/Frameworks/Python.framework/Versions/3.9/lib/python3.9/site-packages/airflow/example_dags/example_nested_branch_dag.py for tasks to queue
[2023-01-09T18:35:33.478-0500] {logging_mixin.py:137} INFO - [2023-01-09T18:35:33.477-0500] {dagbag.py:538} INFO - Filling up the DagBag from /Library/Frameworks/Python.framework/Versions/3.9/lib/python3.9/site-packages/airflow/example_dags/example_nested_branch_dag.py
[2023-01-09T18:35:33.578-0500] {processor.py:753} INFO - DAG(s) dict_keys(['example_nested_branch_dag']) retrieved from /Library/Frameworks/Python.framework/Versions/3.9/lib/python3.9/site-packages/airflow/example_dags/example_nested_branch_dag.py
[2023-01-09T18:35:34.345-0500] {logging_mixin.py:137} INFO - [2023-01-09T18:35:34.344-0500] {dag.py:2676} INFO - Sync 1 DAGs
[2023-01-09T18:35:34.367-0500] {logging_mixin.py:137} INFO - [2023-01-09T18:35:34.367-0500] {dag.py:3423} INFO - Setting next_dagrun for example_nested_branch_dag to 2023-01-08T00:00:00+00:00, run_after=2023-01-09T00:00:00+00:00
[2023-01-09T18:35:34.390-0500] {processor.py:175} INFO - Processing /Library/Frameworks/Python.framework/Versions/3.9/lib/python3.9/site-packages/airflow/example_dags/example_nested_branch_dag.py took 0.920 seconds
[2023-01-09T18:38:09.592-0500] {processor.py:153} INFO - Started process (PID=44872) to work on /Library/Frameworks/Python.framework/Versions/3.9/lib/python3.9/site-packages/airflow/example_dags/example_nested_branch_dag.py
[2023-01-09T18:38:09.597-0500] {processor.py:743} INFO - Processing file /Library/Frameworks/Python.framework/Versions/3.9/lib/python3.9/site-packages/airflow/example_dags/example_nested_branch_dag.py for tasks to queue
[2023-01-09T18:38:09.597-0500] {logging_mixin.py:137} INFO - [2023-01-09T18:38:09.597-0500] {dagbag.py:538} INFO - Filling up the DagBag from /Library/Frameworks/Python.framework/Versions/3.9/lib/python3.9/site-packages/airflow/example_dags/example_nested_branch_dag.py
[2023-01-09T18:38:09.671-0500] {processor.py:753} INFO - DAG(s) dict_keys(['example_nested_branch_dag']) retrieved from /Library/Frameworks/Python.framework/Versions/3.9/lib/python3.9/site-packages/airflow/example_dags/example_nested_branch_dag.py
[2023-01-09T18:38:10.455-0500] {logging_mixin.py:137} INFO - [2023-01-09T18:38:10.454-0500] {dag.py:2676} INFO - Sync 1 DAGs
[2023-01-09T18:38:10.474-0500] {logging_mixin.py:137} INFO - [2023-01-09T18:38:10.473-0500] {dag.py:3423} INFO - Setting next_dagrun for example_nested_branch_dag to 2023-01-08T00:00:00+00:00, run_after=2023-01-09T00:00:00+00:00
[2023-01-09T18:38:10.494-0500] {processor.py:175} INFO - Processing /Library/Frameworks/Python.framework/Versions/3.9/lib/python3.9/site-packages/airflow/example_dags/example_nested_branch_dag.py took 0.903 seconds
[2023-01-09T18:38:11.375-0500] {processor.py:153} INFO - Started process (PID=44873) to work on /Library/Frameworks/Python.framework/Versions/3.9/lib/python3.9/site-packages/airflow/example_dags/example_nested_branch_dag.py
[2023-01-09T18:38:11.380-0500] {processor.py:743} INFO - Processing file /Library/Frameworks/Python.framework/Versions/3.9/lib/python3.9/site-packages/airflow/example_dags/example_nested_branch_dag.py for tasks to queue
[2023-01-09T18:38:11.380-0500] {logging_mixin.py:137} INFO - [2023-01-09T18:38:11.380-0500] {dagbag.py:538} INFO - Filling up the DagBag from /Library/Frameworks/Python.framework/Versions/3.9/lib/python3.9/site-packages/airflow/example_dags/example_nested_branch_dag.py
[2023-01-09T18:38:11.451-0500] {processor.py:753} INFO - DAG(s) dict_keys(['example_nested_branch_dag']) retrieved from /Library/Frameworks/Python.framework/Versions/3.9/lib/python3.9/site-packages/airflow/example_dags/example_nested_branch_dag.py
[2023-01-09T18:38:12.128-0500] {logging_mixin.py:137} INFO - [2023-01-09T18:38:12.128-0500] {dag.py:2676} INFO - Sync 1 DAGs
[2023-01-09T18:38:12.146-0500] {logging_mixin.py:137} INFO - [2023-01-09T18:38:12.146-0500] {dag.py:3423} INFO - Setting next_dagrun for example_nested_branch_dag to 2023-01-08T00:00:00+00:00, run_after=2023-01-09T00:00:00+00:00
[2023-01-09T18:38:12.166-0500] {processor.py:175} INFO - Processing /Library/Frameworks/Python.framework/Versions/3.9/lib/python3.9/site-packages/airflow/example_dags/example_nested_branch_dag.py took 0.792 seconds
[2023-01-09T18:40:43.777-0500] {processor.py:153} INFO - Started process (PID=45103) to work on /Library/Frameworks/Python.framework/Versions/3.9/lib/python3.9/site-packages/airflow/example_dags/example_nested_branch_dag.py
[2023-01-09T18:40:43.782-0500] {processor.py:743} INFO - Processing file /Library/Frameworks/Python.framework/Versions/3.9/lib/python3.9/site-packages/airflow/example_dags/example_nested_branch_dag.py for tasks to queue
[2023-01-09T18:40:43.783-0500] {logging_mixin.py:137} INFO - [2023-01-09T18:40:43.783-0500] {dagbag.py:538} INFO - Filling up the DagBag from /Library/Frameworks/Python.framework/Versions/3.9/lib/python3.9/site-packages/airflow/example_dags/example_nested_branch_dag.py
[2023-01-09T18:40:43.860-0500] {processor.py:753} INFO - DAG(s) dict_keys(['example_nested_branch_dag']) retrieved from /Library/Frameworks/Python.framework/Versions/3.9/lib/python3.9/site-packages/airflow/example_dags/example_nested_branch_dag.py
[2023-01-09T18:40:44.591-0500] {logging_mixin.py:137} INFO - [2023-01-09T18:40:44.591-0500] {dag.py:2676} INFO - Sync 1 DAGs
[2023-01-09T18:40:44.610-0500] {logging_mixin.py:137} INFO - [2023-01-09T18:40:44.609-0500] {dag.py:3423} INFO - Setting next_dagrun for example_nested_branch_dag to 2023-01-08T00:00:00+00:00, run_after=2023-01-09T00:00:00+00:00
[2023-01-09T18:40:44.628-0500] {processor.py:175} INFO - Processing /Library/Frameworks/Python.framework/Versions/3.9/lib/python3.9/site-packages/airflow/example_dags/example_nested_branch_dag.py took 0.852 seconds
[2023-01-09T18:40:49.136-0500] {processor.py:153} INFO - Started process (PID=45106) to work on /Library/Frameworks/Python.framework/Versions/3.9/lib/python3.9/site-packages/airflow/example_dags/example_nested_branch_dag.py
[2023-01-09T18:40:49.141-0500] {processor.py:743} INFO - Processing file /Library/Frameworks/Python.framework/Versions/3.9/lib/python3.9/site-packages/airflow/example_dags/example_nested_branch_dag.py for tasks to queue
[2023-01-09T18:40:49.141-0500] {logging_mixin.py:137} INFO - [2023-01-09T18:40:49.141-0500] {dagbag.py:538} INFO - Filling up the DagBag from /Library/Frameworks/Python.framework/Versions/3.9/lib/python3.9/site-packages/airflow/example_dags/example_nested_branch_dag.py
[2023-01-09T18:40:49.214-0500] {processor.py:753} INFO - DAG(s) dict_keys(['example_nested_branch_dag']) retrieved from /Library/Frameworks/Python.framework/Versions/3.9/lib/python3.9/site-packages/airflow/example_dags/example_nested_branch_dag.py
[2023-01-09T18:40:49.896-0500] {logging_mixin.py:137} INFO - [2023-01-09T18:40:49.896-0500] {dag.py:2676} INFO - Sync 1 DAGs
[2023-01-09T18:40:49.913-0500] {logging_mixin.py:137} INFO - [2023-01-09T18:40:49.913-0500] {dag.py:3423} INFO - Setting next_dagrun for example_nested_branch_dag to 2023-01-08T00:00:00+00:00, run_after=2023-01-09T00:00:00+00:00
[2023-01-09T18:40:49.930-0500] {processor.py:175} INFO - Processing /Library/Frameworks/Python.framework/Versions/3.9/lib/python3.9/site-packages/airflow/example_dags/example_nested_branch_dag.py took 0.795 seconds
[2023-01-09T18:43:22.869-0500] {processor.py:153} INFO - Started process (PID=45246) to work on /Library/Frameworks/Python.framework/Versions/3.9/lib/python3.9/site-packages/airflow/example_dags/example_nested_branch_dag.py
[2023-01-09T18:43:22.875-0500] {processor.py:743} INFO - Processing file /Library/Frameworks/Python.framework/Versions/3.9/lib/python3.9/site-packages/airflow/example_dags/example_nested_branch_dag.py for tasks to queue
[2023-01-09T18:43:22.875-0500] {logging_mixin.py:137} INFO - [2023-01-09T18:43:22.875-0500] {dagbag.py:538} INFO - Filling up the DagBag from /Library/Frameworks/Python.framework/Versions/3.9/lib/python3.9/site-packages/airflow/example_dags/example_nested_branch_dag.py
[2023-01-09T18:43:22.949-0500] {processor.py:753} INFO - DAG(s) dict_keys(['example_nested_branch_dag']) retrieved from /Library/Frameworks/Python.framework/Versions/3.9/lib/python3.9/site-packages/airflow/example_dags/example_nested_branch_dag.py
[2023-01-09T18:43:23.590-0500] {logging_mixin.py:137} INFO - [2023-01-09T18:43:23.590-0500] {dag.py:2676} INFO - Sync 1 DAGs
[2023-01-09T18:43:23.608-0500] {logging_mixin.py:137} INFO - [2023-01-09T18:43:23.608-0500] {dag.py:3423} INFO - Setting next_dagrun for example_nested_branch_dag to 2023-01-08T00:00:00+00:00, run_after=2023-01-09T00:00:00+00:00
[2023-01-09T18:43:23.626-0500] {processor.py:175} INFO - Processing /Library/Frameworks/Python.framework/Versions/3.9/lib/python3.9/site-packages/airflow/example_dags/example_nested_branch_dag.py took 0.758 seconds
[2023-01-09T18:43:28.464-0500] {processor.py:153} INFO - Started process (PID=45250) to work on /Library/Frameworks/Python.framework/Versions/3.9/lib/python3.9/site-packages/airflow/example_dags/example_nested_branch_dag.py
[2023-01-09T18:43:28.469-0500] {processor.py:743} INFO - Processing file /Library/Frameworks/Python.framework/Versions/3.9/lib/python3.9/site-packages/airflow/example_dags/example_nested_branch_dag.py for tasks to queue
[2023-01-09T18:43:28.470-0500] {logging_mixin.py:137} INFO - [2023-01-09T18:43:28.470-0500] {dagbag.py:538} INFO - Filling up the DagBag from /Library/Frameworks/Python.framework/Versions/3.9/lib/python3.9/site-packages/airflow/example_dags/example_nested_branch_dag.py
[2023-01-09T18:43:28.541-0500] {processor.py:753} INFO - DAG(s) dict_keys(['example_nested_branch_dag']) retrieved from /Library/Frameworks/Python.framework/Versions/3.9/lib/python3.9/site-packages/airflow/example_dags/example_nested_branch_dag.py
[2023-01-09T18:43:29.194-0500] {logging_mixin.py:137} INFO - [2023-01-09T18:43:29.194-0500] {dag.py:2676} INFO - Sync 1 DAGs
[2023-01-09T18:43:29.215-0500] {logging_mixin.py:137} INFO - [2023-01-09T18:43:29.215-0500] {dag.py:3423} INFO - Setting next_dagrun for example_nested_branch_dag to 2023-01-08T00:00:00+00:00, run_after=2023-01-09T00:00:00+00:00
[2023-01-09T18:43:29.235-0500] {processor.py:175} INFO - Processing /Library/Frameworks/Python.framework/Versions/3.9/lib/python3.9/site-packages/airflow/example_dags/example_nested_branch_dag.py took 0.771 seconds
[2023-01-09T18:46:17.260-0500] {processor.py:153} INFO - Started process (PID=45487) to work on /Library/Frameworks/Python.framework/Versions/3.9/lib/python3.9/site-packages/airflow/example_dags/example_nested_branch_dag.py
[2023-01-09T18:46:17.265-0500] {processor.py:743} INFO - Processing file /Library/Frameworks/Python.framework/Versions/3.9/lib/python3.9/site-packages/airflow/example_dags/example_nested_branch_dag.py for tasks to queue
[2023-01-09T18:46:17.266-0500] {logging_mixin.py:137} INFO - [2023-01-09T18:46:17.265-0500] {dagbag.py:538} INFO - Filling up the DagBag from /Library/Frameworks/Python.framework/Versions/3.9/lib/python3.9/site-packages/airflow/example_dags/example_nested_branch_dag.py
[2023-01-09T18:46:17.344-0500] {processor.py:753} INFO - DAG(s) dict_keys(['example_nested_branch_dag']) retrieved from /Library/Frameworks/Python.framework/Versions/3.9/lib/python3.9/site-packages/airflow/example_dags/example_nested_branch_dag.py
[2023-01-09T18:46:18.343-0500] {logging_mixin.py:137} INFO - [2023-01-09T18:46:18.343-0500] {dag.py:2676} INFO - Sync 1 DAGs
[2023-01-09T18:46:18.361-0500] {logging_mixin.py:137} INFO - [2023-01-09T18:46:18.361-0500] {dag.py:3423} INFO - Setting next_dagrun for example_nested_branch_dag to 2023-01-08T00:00:00+00:00, run_after=2023-01-09T00:00:00+00:00
[2023-01-09T18:46:18.379-0500] {processor.py:175} INFO - Processing /Library/Frameworks/Python.framework/Versions/3.9/lib/python3.9/site-packages/airflow/example_dags/example_nested_branch_dag.py took 1.120 seconds
[2023-01-09T18:46:25.037-0500] {processor.py:153} INFO - Started process (PID=45495) to work on /Library/Frameworks/Python.framework/Versions/3.9/lib/python3.9/site-packages/airflow/example_dags/example_nested_branch_dag.py
[2023-01-09T18:46:25.044-0500] {processor.py:743} INFO - Processing file /Library/Frameworks/Python.framework/Versions/3.9/lib/python3.9/site-packages/airflow/example_dags/example_nested_branch_dag.py for tasks to queue
[2023-01-09T18:46:25.045-0500] {logging_mixin.py:137} INFO - [2023-01-09T18:46:25.045-0500] {dagbag.py:538} INFO - Filling up the DagBag from /Library/Frameworks/Python.framework/Versions/3.9/lib/python3.9/site-packages/airflow/example_dags/example_nested_branch_dag.py
[2023-01-09T18:46:25.138-0500] {processor.py:753} INFO - DAG(s) dict_keys(['example_nested_branch_dag']) retrieved from /Library/Frameworks/Python.framework/Versions/3.9/lib/python3.9/site-packages/airflow/example_dags/example_nested_branch_dag.py
[2023-01-09T18:46:26.610-0500] {logging_mixin.py:137} INFO - [2023-01-09T18:46:26.610-0500] {dag.py:2676} INFO - Sync 1 DAGs
[2023-01-09T18:46:26.636-0500] {logging_mixin.py:137} INFO - [2023-01-09T18:46:26.636-0500] {dag.py:3423} INFO - Setting next_dagrun for example_nested_branch_dag to 2023-01-08T00:00:00+00:00, run_after=2023-01-09T00:00:00+00:00
[2023-01-09T18:46:26.674-0500] {processor.py:175} INFO - Processing /Library/Frameworks/Python.framework/Versions/3.9/lib/python3.9/site-packages/airflow/example_dags/example_nested_branch_dag.py took 1.638 seconds
[2023-01-09T18:48:03.381-0500] {processor.py:153} INFO - Started process (PID=45585) to work on /Library/Frameworks/Python.framework/Versions/3.9/lib/python3.9/site-packages/airflow/example_dags/example_nested_branch_dag.py
[2023-01-09T18:48:03.387-0500] {processor.py:743} INFO - Processing file /Library/Frameworks/Python.framework/Versions/3.9/lib/python3.9/site-packages/airflow/example_dags/example_nested_branch_dag.py for tasks to queue
[2023-01-09T18:48:03.387-0500] {logging_mixin.py:137} INFO - [2023-01-09T18:48:03.387-0500] {dagbag.py:538} INFO - Filling up the DagBag from /Library/Frameworks/Python.framework/Versions/3.9/lib/python3.9/site-packages/airflow/example_dags/example_nested_branch_dag.py
[2023-01-09T18:48:03.469-0500] {processor.py:753} INFO - DAG(s) dict_keys(['example_nested_branch_dag']) retrieved from /Library/Frameworks/Python.framework/Versions/3.9/lib/python3.9/site-packages/airflow/example_dags/example_nested_branch_dag.py
[2023-01-09T18:48:04.217-0500] {logging_mixin.py:137} INFO - [2023-01-09T18:48:04.217-0500] {dag.py:2676} INFO - Sync 1 DAGs
[2023-01-09T18:48:04.237-0500] {logging_mixin.py:137} INFO - [2023-01-09T18:48:04.237-0500] {dag.py:3423} INFO - Setting next_dagrun for example_nested_branch_dag to 2023-01-08T00:00:00+00:00, run_after=2023-01-09T00:00:00+00:00
[2023-01-09T18:48:04.258-0500] {processor.py:175} INFO - Processing /Library/Frameworks/Python.framework/Versions/3.9/lib/python3.9/site-packages/airflow/example_dags/example_nested_branch_dag.py took 0.877 seconds
[2023-01-09T18:48:07.215-0500] {processor.py:153} INFO - Started process (PID=45588) to work on /Library/Frameworks/Python.framework/Versions/3.9/lib/python3.9/site-packages/airflow/example_dags/example_nested_branch_dag.py
[2023-01-09T18:48:07.220-0500] {processor.py:743} INFO - Processing file /Library/Frameworks/Python.framework/Versions/3.9/lib/python3.9/site-packages/airflow/example_dags/example_nested_branch_dag.py for tasks to queue
[2023-01-09T18:48:07.221-0500] {logging_mixin.py:137} INFO - [2023-01-09T18:48:07.221-0500] {dagbag.py:538} INFO - Filling up the DagBag from /Library/Frameworks/Python.framework/Versions/3.9/lib/python3.9/site-packages/airflow/example_dags/example_nested_branch_dag.py
[2023-01-09T18:48:07.307-0500] {processor.py:753} INFO - DAG(s) dict_keys(['example_nested_branch_dag']) retrieved from /Library/Frameworks/Python.framework/Versions/3.9/lib/python3.9/site-packages/airflow/example_dags/example_nested_branch_dag.py
[2023-01-09T18:48:08.064-0500] {logging_mixin.py:137} INFO - [2023-01-09T18:48:08.064-0500] {dag.py:2676} INFO - Sync 1 DAGs
[2023-01-09T18:48:08.083-0500] {logging_mixin.py:137} INFO - [2023-01-09T18:48:08.082-0500] {dag.py:3423} INFO - Setting next_dagrun for example_nested_branch_dag to 2023-01-08T00:00:00+00:00, run_after=2023-01-09T00:00:00+00:00
[2023-01-09T18:48:08.101-0500] {processor.py:175} INFO - Processing /Library/Frameworks/Python.framework/Versions/3.9/lib/python3.9/site-packages/airflow/example_dags/example_nested_branch_dag.py took 0.886 seconds
[2023-01-09T18:50:54.155-0500] {processor.py:153} INFO - Started process (PID=45775) to work on /Library/Frameworks/Python.framework/Versions/3.9/lib/python3.9/site-packages/airflow/example_dags/example_nested_branch_dag.py
[2023-01-09T18:50:54.160-0500] {processor.py:743} INFO - Processing file /Library/Frameworks/Python.framework/Versions/3.9/lib/python3.9/site-packages/airflow/example_dags/example_nested_branch_dag.py for tasks to queue
[2023-01-09T18:50:54.161-0500] {logging_mixin.py:137} INFO - [2023-01-09T18:50:54.160-0500] {dagbag.py:538} INFO - Filling up the DagBag from /Library/Frameworks/Python.framework/Versions/3.9/lib/python3.9/site-packages/airflow/example_dags/example_nested_branch_dag.py
[2023-01-09T18:50:54.233-0500] {processor.py:753} INFO - DAG(s) dict_keys(['example_nested_branch_dag']) retrieved from /Library/Frameworks/Python.framework/Versions/3.9/lib/python3.9/site-packages/airflow/example_dags/example_nested_branch_dag.py
[2023-01-09T18:50:54.950-0500] {logging_mixin.py:137} INFO - [2023-01-09T18:50:54.950-0500] {dag.py:2676} INFO - Sync 1 DAGs
[2023-01-09T18:50:54.970-0500] {logging_mixin.py:137} INFO - [2023-01-09T18:50:54.970-0500] {dag.py:3423} INFO - Setting next_dagrun for example_nested_branch_dag to 2023-01-08T00:00:00+00:00, run_after=2023-01-09T00:00:00+00:00
[2023-01-09T18:50:54.989-0500] {processor.py:175} INFO - Processing /Library/Frameworks/Python.framework/Versions/3.9/lib/python3.9/site-packages/airflow/example_dags/example_nested_branch_dag.py took 0.835 seconds
[2023-01-09T18:50:58.824-0500] {processor.py:153} INFO - Started process (PID=45778) to work on /Library/Frameworks/Python.framework/Versions/3.9/lib/python3.9/site-packages/airflow/example_dags/example_nested_branch_dag.py
[2023-01-09T18:50:58.829-0500] {processor.py:743} INFO - Processing file /Library/Frameworks/Python.framework/Versions/3.9/lib/python3.9/site-packages/airflow/example_dags/example_nested_branch_dag.py for tasks to queue
[2023-01-09T18:50:58.829-0500] {logging_mixin.py:137} INFO - [2023-01-09T18:50:58.829-0500] {dagbag.py:538} INFO - Filling up the DagBag from /Library/Frameworks/Python.framework/Versions/3.9/lib/python3.9/site-packages/airflow/example_dags/example_nested_branch_dag.py
[2023-01-09T18:50:58.905-0500] {processor.py:753} INFO - DAG(s) dict_keys(['example_nested_branch_dag']) retrieved from /Library/Frameworks/Python.framework/Versions/3.9/lib/python3.9/site-packages/airflow/example_dags/example_nested_branch_dag.py
[2023-01-09T18:50:59.593-0500] {logging_mixin.py:137} INFO - [2023-01-09T18:50:59.593-0500] {dag.py:2676} INFO - Sync 1 DAGs
[2023-01-09T18:50:59.611-0500] {logging_mixin.py:137} INFO - [2023-01-09T18:50:59.611-0500] {dag.py:3423} INFO - Setting next_dagrun for example_nested_branch_dag to 2023-01-08T00:00:00+00:00, run_after=2023-01-09T00:00:00+00:00
[2023-01-09T18:50:59.628-0500] {processor.py:175} INFO - Processing /Library/Frameworks/Python.framework/Versions/3.9/lib/python3.9/site-packages/airflow/example_dags/example_nested_branch_dag.py took 0.805 seconds
[2023-01-09T18:54:16.408-0500] {processor.py:153} INFO - Started process (PID=45949) to work on /Library/Frameworks/Python.framework/Versions/3.9/lib/python3.9/site-packages/airflow/example_dags/example_nested_branch_dag.py
[2023-01-09T18:54:16.418-0500] {processor.py:743} INFO - Processing file /Library/Frameworks/Python.framework/Versions/3.9/lib/python3.9/site-packages/airflow/example_dags/example_nested_branch_dag.py for tasks to queue
[2023-01-09T18:54:16.419-0500] {logging_mixin.py:137} INFO - [2023-01-09T18:54:16.419-0500] {dagbag.py:538} INFO - Filling up the DagBag from /Library/Frameworks/Python.framework/Versions/3.9/lib/python3.9/site-packages/airflow/example_dags/example_nested_branch_dag.py
[2023-01-09T18:54:16.548-0500] {processor.py:753} INFO - DAG(s) dict_keys(['example_nested_branch_dag']) retrieved from /Library/Frameworks/Python.framework/Versions/3.9/lib/python3.9/site-packages/airflow/example_dags/example_nested_branch_dag.py
[2023-01-09T18:54:17.607-0500] {logging_mixin.py:137} INFO - [2023-01-09T18:54:17.607-0500] {dag.py:2676} INFO - Sync 1 DAGs
[2023-01-09T18:54:17.633-0500] {logging_mixin.py:137} INFO - [2023-01-09T18:54:17.633-0500] {dag.py:3423} INFO - Setting next_dagrun for example_nested_branch_dag to 2023-01-08T00:00:00+00:00, run_after=2023-01-09T00:00:00+00:00
[2023-01-09T18:54:17.657-0500] {processor.py:175} INFO - Processing /Library/Frameworks/Python.framework/Versions/3.9/lib/python3.9/site-packages/airflow/example_dags/example_nested_branch_dag.py took 1.249 seconds
[2023-01-09T18:54:24.739-0500] {processor.py:153} INFO - Started process (PID=45954) to work on /Library/Frameworks/Python.framework/Versions/3.9/lib/python3.9/site-packages/airflow/example_dags/example_nested_branch_dag.py
[2023-01-09T18:54:24.745-0500] {processor.py:743} INFO - Processing file /Library/Frameworks/Python.framework/Versions/3.9/lib/python3.9/site-packages/airflow/example_dags/example_nested_branch_dag.py for tasks to queue
[2023-01-09T18:54:24.745-0500] {logging_mixin.py:137} INFO - [2023-01-09T18:54:24.745-0500] {dagbag.py:538} INFO - Filling up the DagBag from /Library/Frameworks/Python.framework/Versions/3.9/lib/python3.9/site-packages/airflow/example_dags/example_nested_branch_dag.py
[2023-01-09T18:54:24.844-0500] {processor.py:753} INFO - DAG(s) dict_keys(['example_nested_branch_dag']) retrieved from /Library/Frameworks/Python.framework/Versions/3.9/lib/python3.9/site-packages/airflow/example_dags/example_nested_branch_dag.py
[2023-01-09T18:54:25.859-0500] {logging_mixin.py:137} INFO - [2023-01-09T18:54:25.859-0500] {dag.py:2676} INFO - Sync 1 DAGs
[2023-01-09T18:54:25.885-0500] {logging_mixin.py:137} INFO - [2023-01-09T18:54:25.885-0500] {dag.py:3423} INFO - Setting next_dagrun for example_nested_branch_dag to 2023-01-08T00:00:00+00:00, run_after=2023-01-09T00:00:00+00:00
[2023-01-09T18:54:25.909-0500] {processor.py:175} INFO - Processing /Library/Frameworks/Python.framework/Versions/3.9/lib/python3.9/site-packages/airflow/example_dags/example_nested_branch_dag.py took 1.171 seconds
[2023-01-09T18:56:31.283-0500] {processor.py:153} INFO - Started process (PID=46039) to work on /Library/Frameworks/Python.framework/Versions/3.9/lib/python3.9/site-packages/airflow/example_dags/example_nested_branch_dag.py
[2023-01-09T18:56:31.292-0500] {processor.py:743} INFO - Processing file /Library/Frameworks/Python.framework/Versions/3.9/lib/python3.9/site-packages/airflow/example_dags/example_nested_branch_dag.py for tasks to queue
[2023-01-09T18:56:31.292-0500] {logging_mixin.py:137} INFO - [2023-01-09T18:56:31.292-0500] {dagbag.py:538} INFO - Filling up the DagBag from /Library/Frameworks/Python.framework/Versions/3.9/lib/python3.9/site-packages/airflow/example_dags/example_nested_branch_dag.py
[2023-01-09T18:56:31.476-0500] {processor.py:753} INFO - DAG(s) dict_keys(['example_nested_branch_dag']) retrieved from /Library/Frameworks/Python.framework/Versions/3.9/lib/python3.9/site-packages/airflow/example_dags/example_nested_branch_dag.py
[2023-01-09T18:56:32.658-0500] {logging_mixin.py:137} INFO - [2023-01-09T18:56:32.657-0500] {dag.py:2676} INFO - Sync 1 DAGs
[2023-01-09T18:56:32.681-0500] {logging_mixin.py:137} INFO - [2023-01-09T18:56:32.681-0500] {dag.py:3423} INFO - Setting next_dagrun for example_nested_branch_dag to 2023-01-08T00:00:00+00:00, run_after=2023-01-09T00:00:00+00:00
[2023-01-09T18:56:32.707-0500] {processor.py:175} INFO - Processing /Library/Frameworks/Python.framework/Versions/3.9/lib/python3.9/site-packages/airflow/example_dags/example_nested_branch_dag.py took 1.425 seconds
[2023-01-09T18:56:43.298-0500] {processor.py:153} INFO - Started process (PID=46047) to work on /Library/Frameworks/Python.framework/Versions/3.9/lib/python3.9/site-packages/airflow/example_dags/example_nested_branch_dag.py
[2023-01-09T18:56:43.308-0500] {processor.py:743} INFO - Processing file /Library/Frameworks/Python.framework/Versions/3.9/lib/python3.9/site-packages/airflow/example_dags/example_nested_branch_dag.py for tasks to queue
[2023-01-09T18:56:43.309-0500] {logging_mixin.py:137} INFO - [2023-01-09T18:56:43.309-0500] {dagbag.py:538} INFO - Filling up the DagBag from /Library/Frameworks/Python.framework/Versions/3.9/lib/python3.9/site-packages/airflow/example_dags/example_nested_branch_dag.py
[2023-01-09T18:56:43.448-0500] {processor.py:753} INFO - DAG(s) dict_keys(['example_nested_branch_dag']) retrieved from /Library/Frameworks/Python.framework/Versions/3.9/lib/python3.9/site-packages/airflow/example_dags/example_nested_branch_dag.py
[2023-01-09T18:56:45.195-0500] {logging_mixin.py:137} INFO - [2023-01-09T18:56:45.194-0500] {dag.py:2676} INFO - Sync 1 DAGs
[2023-01-09T18:56:45.218-0500] {logging_mixin.py:137} INFO - [2023-01-09T18:56:45.218-0500] {dag.py:3423} INFO - Setting next_dagrun for example_nested_branch_dag to 2023-01-08T00:00:00+00:00, run_after=2023-01-09T00:00:00+00:00
[2023-01-09T18:56:45.245-0500] {processor.py:175} INFO - Processing /Library/Frameworks/Python.framework/Versions/3.9/lib/python3.9/site-packages/airflow/example_dags/example_nested_branch_dag.py took 1.948 seconds
[2023-01-09T18:59:01.304-0500] {processor.py:153} INFO - Started process (PID=46181) to work on /Library/Frameworks/Python.framework/Versions/3.9/lib/python3.9/site-packages/airflow/example_dags/example_nested_branch_dag.py
[2023-01-09T18:59:01.312-0500] {processor.py:743} INFO - Processing file /Library/Frameworks/Python.framework/Versions/3.9/lib/python3.9/site-packages/airflow/example_dags/example_nested_branch_dag.py for tasks to queue
[2023-01-09T18:59:01.312-0500] {logging_mixin.py:137} INFO - [2023-01-09T18:59:01.312-0500] {dagbag.py:538} INFO - Filling up the DagBag from /Library/Frameworks/Python.framework/Versions/3.9/lib/python3.9/site-packages/airflow/example_dags/example_nested_branch_dag.py
[2023-01-09T18:59:01.418-0500] {processor.py:753} INFO - DAG(s) dict_keys(['example_nested_branch_dag']) retrieved from /Library/Frameworks/Python.framework/Versions/3.9/lib/python3.9/site-packages/airflow/example_dags/example_nested_branch_dag.py
[2023-01-09T18:59:02.645-0500] {logging_mixin.py:137} INFO - [2023-01-09T18:59:02.644-0500] {dag.py:2676} INFO - Sync 1 DAGs
[2023-01-09T18:59:02.694-0500] {logging_mixin.py:137} INFO - [2023-01-09T18:59:02.693-0500] {dag.py:3423} INFO - Setting next_dagrun for example_nested_branch_dag to 2023-01-08T00:00:00+00:00, run_after=2023-01-09T00:00:00+00:00
[2023-01-09T18:59:02.755-0500] {processor.py:175} INFO - Processing /Library/Frameworks/Python.framework/Versions/3.9/lib/python3.9/site-packages/airflow/example_dags/example_nested_branch_dag.py took 1.452 seconds
[2023-01-09T18:59:14.518-0500] {processor.py:153} INFO - Started process (PID=46188) to work on /Library/Frameworks/Python.framework/Versions/3.9/lib/python3.9/site-packages/airflow/example_dags/example_nested_branch_dag.py
[2023-01-09T18:59:14.528-0500] {processor.py:743} INFO - Processing file /Library/Frameworks/Python.framework/Versions/3.9/lib/python3.9/site-packages/airflow/example_dags/example_nested_branch_dag.py for tasks to queue
[2023-01-09T18:59:14.528-0500] {logging_mixin.py:137} INFO - [2023-01-09T18:59:14.528-0500] {dagbag.py:538} INFO - Filling up the DagBag from /Library/Frameworks/Python.framework/Versions/3.9/lib/python3.9/site-packages/airflow/example_dags/example_nested_branch_dag.py
[2023-01-09T18:59:14.662-0500] {processor.py:753} INFO - DAG(s) dict_keys(['example_nested_branch_dag']) retrieved from /Library/Frameworks/Python.framework/Versions/3.9/lib/python3.9/site-packages/airflow/example_dags/example_nested_branch_dag.py
[2023-01-09T18:59:15.718-0500] {logging_mixin.py:137} INFO - [2023-01-09T18:59:15.717-0500] {dag.py:2676} INFO - Sync 1 DAGs
[2023-01-09T18:59:15.740-0500] {logging_mixin.py:137} INFO - [2023-01-09T18:59:15.740-0500] {dag.py:3423} INFO - Setting next_dagrun for example_nested_branch_dag to 2023-01-08T00:00:00+00:00, run_after=2023-01-09T00:00:00+00:00
[2023-01-09T18:59:15.762-0500] {processor.py:175} INFO - Processing /Library/Frameworks/Python.framework/Versions/3.9/lib/python3.9/site-packages/airflow/example_dags/example_nested_branch_dag.py took 1.245 seconds
