[2023-01-09T16:46:52.499-0500] {processor.py:153} INFO - Started process (PID=39110) to work on /Library/Frameworks/Python.framework/Versions/3.9/lib/python3.9/site-packages/airflow/example_dags/example_sensors.py
[2023-01-09T16:46:52.504-0500] {processor.py:743} INFO - Processing file /Library/Frameworks/Python.framework/Versions/3.9/lib/python3.9/site-packages/airflow/example_dags/example_sensors.py for tasks to queue
[2023-01-09T16:46:52.505-0500] {logging_mixin.py:137} INFO - [2023-01-09T16:46:52.505-0500] {dagbag.py:538} INFO - Filling up the DagBag from /Library/Frameworks/Python.framework/Versions/3.9/lib/python3.9/site-packages/airflow/example_dags/example_sensors.py
[2023-01-09T16:46:52.546-0500] {processor.py:753} INFO - DAG(s) dict_keys(['example_sensors']) retrieved from /Library/Frameworks/Python.framework/Versions/3.9/lib/python3.9/site-packages/airflow/example_dags/example_sensors.py
[2023-01-09T16:46:53.592-0500] {logging_mixin.py:137} INFO - [2023-01-09T16:46:53.592-0500] {manager.py:504} INFO - Created Permission View: can edit on DAG:example_sensors
[2023-01-09T16:46:53.602-0500] {logging_mixin.py:137} INFO - [2023-01-09T16:46:53.601-0500] {manager.py:504} INFO - Created Permission View: can read on DAG:example_sensors
[2023-01-09T16:46:53.609-0500] {logging_mixin.py:137} INFO - [2023-01-09T16:46:53.608-0500] {manager.py:504} INFO - Created Permission View: can delete on DAG:example_sensors
[2023-01-09T16:46:53.609-0500] {logging_mixin.py:137} INFO - [2023-01-09T16:46:53.609-0500] {dag.py:2676} INFO - Sync 1 DAGs
[2023-01-09T16:46:53.621-0500] {logging_mixin.py:137} INFO - [2023-01-09T16:46:53.620-0500] {dag.py:2697} INFO - Creating ORM DAG for example_sensors
[2023-01-09T16:46:53.628-0500] {logging_mixin.py:137} INFO - [2023-01-09T16:46:53.628-0500] {dag.py:3423} INFO - Setting next_dagrun for example_sensors to None, run_after=None
[2023-01-09T16:46:53.647-0500] {processor.py:175} INFO - Processing /Library/Frameworks/Python.framework/Versions/3.9/lib/python3.9/site-packages/airflow/example_dags/example_sensors.py took 1.149 seconds
[2023-01-09T16:48:52.333-0500] {processor.py:153} INFO - Started process (PID=39265) to work on /Library/Frameworks/Python.framework/Versions/3.9/lib/python3.9/site-packages/airflow/example_dags/example_sensors.py
[2023-01-09T16:48:52.338-0500] {processor.py:743} INFO - Processing file /Library/Frameworks/Python.framework/Versions/3.9/lib/python3.9/site-packages/airflow/example_dags/example_sensors.py for tasks to queue
[2023-01-09T16:48:52.343-0500] {logging_mixin.py:137} INFO - [2023-01-09T16:48:52.343-0500] {dagbag.py:538} INFO - Filling up the DagBag from /Library/Frameworks/Python.framework/Versions/3.9/lib/python3.9/site-packages/airflow/example_dags/example_sensors.py
[2023-01-09T16:48:52.387-0500] {processor.py:753} INFO - DAG(s) dict_keys(['example_sensors']) retrieved from /Library/Frameworks/Python.framework/Versions/3.9/lib/python3.9/site-packages/airflow/example_dags/example_sensors.py
[2023-01-09T16:48:53.521-0500] {logging_mixin.py:137} INFO - [2023-01-09T16:48:53.521-0500] {dag.py:2676} INFO - Sync 1 DAGs
[2023-01-09T16:48:53.537-0500] {logging_mixin.py:137} INFO - [2023-01-09T16:48:53.536-0500] {dag.py:3423} INFO - Setting next_dagrun for example_sensors to None, run_after=None
[2023-01-09T16:48:53.556-0500] {processor.py:175} INFO - Processing /Library/Frameworks/Python.framework/Versions/3.9/lib/python3.9/site-packages/airflow/example_dags/example_sensors.py took 1.224 seconds
[2023-01-09T16:51:45.749-0500] {processor.py:153} INFO - Started process (PID=39356) to work on /Library/Frameworks/Python.framework/Versions/3.9/lib/python3.9/site-packages/airflow/example_dags/example_sensors.py
[2023-01-09T16:51:45.755-0500] {processor.py:743} INFO - Processing file /Library/Frameworks/Python.framework/Versions/3.9/lib/python3.9/site-packages/airflow/example_dags/example_sensors.py for tasks to queue
[2023-01-09T16:51:45.755-0500] {logging_mixin.py:137} INFO - [2023-01-09T16:51:45.755-0500] {dagbag.py:538} INFO - Filling up the DagBag from /Library/Frameworks/Python.framework/Versions/3.9/lib/python3.9/site-packages/airflow/example_dags/example_sensors.py
[2023-01-09T16:51:45.794-0500] {processor.py:753} INFO - DAG(s) dict_keys(['example_sensors']) retrieved from /Library/Frameworks/Python.framework/Versions/3.9/lib/python3.9/site-packages/airflow/example_dags/example_sensors.py
[2023-01-09T16:51:46.956-0500] {logging_mixin.py:137} INFO - [2023-01-09T16:51:46.956-0500] {dag.py:2676} INFO - Sync 1 DAGs
[2023-01-09T16:51:46.972-0500] {logging_mixin.py:137} INFO - [2023-01-09T16:51:46.971-0500] {dag.py:3423} INFO - Setting next_dagrun for example_sensors to None, run_after=None
[2023-01-09T16:51:46.994-0500] {processor.py:175} INFO - Processing /Library/Frameworks/Python.framework/Versions/3.9/lib/python3.9/site-packages/airflow/example_dags/example_sensors.py took 1.246 seconds
[2023-01-09T16:54:30.272-0500] {processor.py:153} INFO - Started process (PID=39443) to work on /Library/Frameworks/Python.framework/Versions/3.9/lib/python3.9/site-packages/airflow/example_dags/example_sensors.py
[2023-01-09T16:54:30.280-0500] {processor.py:743} INFO - Processing file /Library/Frameworks/Python.framework/Versions/3.9/lib/python3.9/site-packages/airflow/example_dags/example_sensors.py for tasks to queue
[2023-01-09T16:54:30.281-0500] {logging_mixin.py:137} INFO - [2023-01-09T16:54:30.281-0500] {dagbag.py:538} INFO - Filling up the DagBag from /Library/Frameworks/Python.framework/Versions/3.9/lib/python3.9/site-packages/airflow/example_dags/example_sensors.py
[2023-01-09T16:54:30.325-0500] {processor.py:753} INFO - DAG(s) dict_keys(['example_sensors']) retrieved from /Library/Frameworks/Python.framework/Versions/3.9/lib/python3.9/site-packages/airflow/example_dags/example_sensors.py
[2023-01-09T16:54:31.737-0500] {logging_mixin.py:137} INFO - [2023-01-09T16:54:31.737-0500] {dag.py:2676} INFO - Sync 1 DAGs
[2023-01-09T16:54:31.758-0500] {logging_mixin.py:137} INFO - [2023-01-09T16:54:31.758-0500] {dag.py:3423} INFO - Setting next_dagrun for example_sensors to None, run_after=None
[2023-01-09T16:54:31.778-0500] {processor.py:175} INFO - Processing /Library/Frameworks/Python.framework/Versions/3.9/lib/python3.9/site-packages/airflow/example_dags/example_sensors.py took 1.507 seconds
[2023-01-09T16:57:24.990-0500] {processor.py:153} INFO - Started process (PID=40921) to work on /Library/Frameworks/Python.framework/Versions/3.9/lib/python3.9/site-packages/airflow/example_dags/example_sensors.py
[2023-01-09T16:57:24.995-0500] {processor.py:743} INFO - Processing file /Library/Frameworks/Python.framework/Versions/3.9/lib/python3.9/site-packages/airflow/example_dags/example_sensors.py for tasks to queue
[2023-01-09T16:57:24.995-0500] {logging_mixin.py:137} INFO - [2023-01-09T16:57:24.995-0500] {dagbag.py:538} INFO - Filling up the DagBag from /Library/Frameworks/Python.framework/Versions/3.9/lib/python3.9/site-packages/airflow/example_dags/example_sensors.py
[2023-01-09T16:57:25.035-0500] {processor.py:753} INFO - DAG(s) dict_keys(['example_sensors']) retrieved from /Library/Frameworks/Python.framework/Versions/3.9/lib/python3.9/site-packages/airflow/example_dags/example_sensors.py
[2023-01-09T16:57:26.050-0500] {logging_mixin.py:137} INFO - [2023-01-09T16:57:26.049-0500] {dag.py:2676} INFO - Sync 1 DAGs
[2023-01-09T16:57:26.065-0500] {logging_mixin.py:137} INFO - [2023-01-09T16:57:26.065-0500] {dag.py:3423} INFO - Setting next_dagrun for example_sensors to None, run_after=None
[2023-01-09T16:57:26.083-0500] {processor.py:175} INFO - Processing /Library/Frameworks/Python.framework/Versions/3.9/lib/python3.9/site-packages/airflow/example_dags/example_sensors.py took 1.094 seconds
[2023-01-09T16:58:56.612-0500] {processor.py:153} INFO - Started process (PID=41130) to work on /Library/Frameworks/Python.framework/Versions/3.9/lib/python3.9/site-packages/airflow/example_dags/example_sensors.py
[2023-01-09T16:58:56.618-0500] {processor.py:743} INFO - Processing file /Library/Frameworks/Python.framework/Versions/3.9/lib/python3.9/site-packages/airflow/example_dags/example_sensors.py for tasks to queue
[2023-01-09T16:58:56.618-0500] {logging_mixin.py:137} INFO - [2023-01-09T16:58:56.618-0500] {dagbag.py:538} INFO - Filling up the DagBag from /Library/Frameworks/Python.framework/Versions/3.9/lib/python3.9/site-packages/airflow/example_dags/example_sensors.py
[2023-01-09T16:58:56.661-0500] {processor.py:753} INFO - DAG(s) dict_keys(['example_sensors']) retrieved from /Library/Frameworks/Python.framework/Versions/3.9/lib/python3.9/site-packages/airflow/example_dags/example_sensors.py
[2023-01-09T16:58:57.609-0500] {logging_mixin.py:137} INFO - [2023-01-09T16:58:57.609-0500] {dag.py:2676} INFO - Sync 1 DAGs
[2023-01-09T16:58:57.625-0500] {logging_mixin.py:137} INFO - [2023-01-09T16:58:57.625-0500] {dag.py:3423} INFO - Setting next_dagrun for example_sensors to None, run_after=None
[2023-01-09T16:58:57.642-0500] {processor.py:175} INFO - Processing /Library/Frameworks/Python.framework/Versions/3.9/lib/python3.9/site-packages/airflow/example_dags/example_sensors.py took 1.030 seconds
[2023-01-09T17:01:49.842-0500] {processor.py:153} INFO - Started process (PID=41357) to work on /Library/Frameworks/Python.framework/Versions/3.9/lib/python3.9/site-packages/airflow/example_dags/example_sensors.py
[2023-01-09T17:01:49.847-0500] {processor.py:743} INFO - Processing file /Library/Frameworks/Python.framework/Versions/3.9/lib/python3.9/site-packages/airflow/example_dags/example_sensors.py for tasks to queue
[2023-01-09T17:01:49.848-0500] {logging_mixin.py:137} INFO - [2023-01-09T17:01:49.848-0500] {dagbag.py:538} INFO - Filling up the DagBag from /Library/Frameworks/Python.framework/Versions/3.9/lib/python3.9/site-packages/airflow/example_dags/example_sensors.py
[2023-01-09T17:01:49.889-0500] {processor.py:753} INFO - DAG(s) dict_keys(['example_sensors']) retrieved from /Library/Frameworks/Python.framework/Versions/3.9/lib/python3.9/site-packages/airflow/example_dags/example_sensors.py
[2023-01-09T17:01:51.127-0500] {logging_mixin.py:137} INFO - [2023-01-09T17:01:51.127-0500] {dag.py:2676} INFO - Sync 1 DAGs
[2023-01-09T17:01:51.144-0500] {logging_mixin.py:137} INFO - [2023-01-09T17:01:51.144-0500] {dag.py:3423} INFO - Setting next_dagrun for example_sensors to None, run_after=None
[2023-01-09T17:01:51.228-0500] {processor.py:175} INFO - Processing /Library/Frameworks/Python.framework/Versions/3.9/lib/python3.9/site-packages/airflow/example_dags/example_sensors.py took 1.386 seconds
[2023-01-09T17:03:26.040-0500] {processor.py:153} INFO - Started process (PID=41530) to work on /Library/Frameworks/Python.framework/Versions/3.9/lib/python3.9/site-packages/airflow/example_dags/example_sensors.py
[2023-01-09T17:03:26.045-0500] {processor.py:743} INFO - Processing file /Library/Frameworks/Python.framework/Versions/3.9/lib/python3.9/site-packages/airflow/example_dags/example_sensors.py for tasks to queue
[2023-01-09T17:03:26.045-0500] {logging_mixin.py:137} INFO - [2023-01-09T17:03:26.045-0500] {dagbag.py:538} INFO - Filling up the DagBag from /Library/Frameworks/Python.framework/Versions/3.9/lib/python3.9/site-packages/airflow/example_dags/example_sensors.py
[2023-01-09T17:03:26.087-0500] {processor.py:753} INFO - DAG(s) dict_keys(['example_sensors']) retrieved from /Library/Frameworks/Python.framework/Versions/3.9/lib/python3.9/site-packages/airflow/example_dags/example_sensors.py
[2023-01-09T17:03:27.225-0500] {logging_mixin.py:137} INFO - [2023-01-09T17:03:27.224-0500] {dag.py:2676} INFO - Sync 1 DAGs
[2023-01-09T17:03:27.240-0500] {logging_mixin.py:137} INFO - [2023-01-09T17:03:27.240-0500] {dag.py:3423} INFO - Setting next_dagrun for example_sensors to None, run_after=None
[2023-01-09T17:03:27.258-0500] {processor.py:175} INFO - Processing /Library/Frameworks/Python.framework/Versions/3.9/lib/python3.9/site-packages/airflow/example_dags/example_sensors.py took 1.218 seconds
[2023-01-09T17:04:59.658-0500] {processor.py:153} INFO - Started process (PID=41646) to work on /Library/Frameworks/Python.framework/Versions/3.9/lib/python3.9/site-packages/airflow/example_dags/example_sensors.py
[2023-01-09T17:04:59.663-0500] {processor.py:743} INFO - Processing file /Library/Frameworks/Python.framework/Versions/3.9/lib/python3.9/site-packages/airflow/example_dags/example_sensors.py for tasks to queue
[2023-01-09T17:04:59.663-0500] {logging_mixin.py:137} INFO - [2023-01-09T17:04:59.663-0500] {dagbag.py:538} INFO - Filling up the DagBag from /Library/Frameworks/Python.framework/Versions/3.9/lib/python3.9/site-packages/airflow/example_dags/example_sensors.py
[2023-01-09T17:04:59.722-0500] {processor.py:753} INFO - DAG(s) dict_keys(['example_sensors']) retrieved from /Library/Frameworks/Python.framework/Versions/3.9/lib/python3.9/site-packages/airflow/example_dags/example_sensors.py
[2023-01-09T17:05:00.988-0500] {logging_mixin.py:137} INFO - [2023-01-09T17:05:00.988-0500] {dag.py:2676} INFO - Sync 1 DAGs
[2023-01-09T17:05:01.008-0500] {logging_mixin.py:137} INFO - [2023-01-09T17:05:01.008-0500] {dag.py:3423} INFO - Setting next_dagrun for example_sensors to None, run_after=None
[2023-01-09T17:05:01.038-0500] {processor.py:175} INFO - Processing /Library/Frameworks/Python.framework/Versions/3.9/lib/python3.9/site-packages/airflow/example_dags/example_sensors.py took 1.381 seconds
[2023-01-09T17:06:26.838-0500] {processor.py:153} INFO - Started process (PID=41879) to work on /Library/Frameworks/Python.framework/Versions/3.9/lib/python3.9/site-packages/airflow/example_dags/example_sensors.py
[2023-01-09T17:06:26.843-0500] {processor.py:743} INFO - Processing file /Library/Frameworks/Python.framework/Versions/3.9/lib/python3.9/site-packages/airflow/example_dags/example_sensors.py for tasks to queue
[2023-01-09T17:06:26.844-0500] {logging_mixin.py:137} INFO - [2023-01-09T17:06:26.844-0500] {dagbag.py:538} INFO - Filling up the DagBag from /Library/Frameworks/Python.framework/Versions/3.9/lib/python3.9/site-packages/airflow/example_dags/example_sensors.py
[2023-01-09T17:06:26.883-0500] {processor.py:753} INFO - DAG(s) dict_keys(['example_sensors']) retrieved from /Library/Frameworks/Python.framework/Versions/3.9/lib/python3.9/site-packages/airflow/example_dags/example_sensors.py
[2023-01-09T17:06:28.328-0500] {logging_mixin.py:137} INFO - [2023-01-09T17:06:28.327-0500] {dag.py:2676} INFO - Sync 1 DAGs
[2023-01-09T17:06:28.342-0500] {logging_mixin.py:137} INFO - [2023-01-09T17:06:28.342-0500] {dag.py:3423} INFO - Setting next_dagrun for example_sensors to None, run_after=None
[2023-01-09T17:06:28.360-0500] {processor.py:175} INFO - Processing /Library/Frameworks/Python.framework/Versions/3.9/lib/python3.9/site-packages/airflow/example_dags/example_sensors.py took 1.522 seconds
[2023-01-09T17:07:53.870-0500] {processor.py:153} INFO - Started process (PID=41988) to work on /Library/Frameworks/Python.framework/Versions/3.9/lib/python3.9/site-packages/airflow/example_dags/example_sensors.py
[2023-01-09T17:07:53.876-0500] {processor.py:743} INFO - Processing file /Library/Frameworks/Python.framework/Versions/3.9/lib/python3.9/site-packages/airflow/example_dags/example_sensors.py for tasks to queue
[2023-01-09T17:07:53.877-0500] {logging_mixin.py:137} INFO - [2023-01-09T17:07:53.876-0500] {dagbag.py:538} INFO - Filling up the DagBag from /Library/Frameworks/Python.framework/Versions/3.9/lib/python3.9/site-packages/airflow/example_dags/example_sensors.py
[2023-01-09T17:07:53.921-0500] {processor.py:753} INFO - DAG(s) dict_keys(['example_sensors']) retrieved from /Library/Frameworks/Python.framework/Versions/3.9/lib/python3.9/site-packages/airflow/example_dags/example_sensors.py
[2023-01-09T17:07:54.824-0500] {logging_mixin.py:137} INFO - [2023-01-09T17:07:54.824-0500] {dag.py:2676} INFO - Sync 1 DAGs
[2023-01-09T17:07:54.843-0500] {logging_mixin.py:137} INFO - [2023-01-09T17:07:54.842-0500] {dag.py:3423} INFO - Setting next_dagrun for example_sensors to None, run_after=None
[2023-01-09T17:07:54.866-0500] {processor.py:175} INFO - Processing /Library/Frameworks/Python.framework/Versions/3.9/lib/python3.9/site-packages/airflow/example_dags/example_sensors.py took 0.997 seconds
[2023-01-09T17:10:40.474-0500] {processor.py:153} INFO - Started process (PID=42289) to work on /Library/Frameworks/Python.framework/Versions/3.9/lib/python3.9/site-packages/airflow/example_dags/example_sensors.py
[2023-01-09T17:10:40.480-0500] {processor.py:743} INFO - Processing file /Library/Frameworks/Python.framework/Versions/3.9/lib/python3.9/site-packages/airflow/example_dags/example_sensors.py for tasks to queue
[2023-01-09T17:10:40.480-0500] {logging_mixin.py:137} INFO - [2023-01-09T17:10:40.480-0500] {dagbag.py:538} INFO - Filling up the DagBag from /Library/Frameworks/Python.framework/Versions/3.9/lib/python3.9/site-packages/airflow/example_dags/example_sensors.py
[2023-01-09T17:10:40.520-0500] {processor.py:753} INFO - DAG(s) dict_keys(['example_sensors']) retrieved from /Library/Frameworks/Python.framework/Versions/3.9/lib/python3.9/site-packages/airflow/example_dags/example_sensors.py
[2023-01-09T17:10:41.624-0500] {logging_mixin.py:137} INFO - [2023-01-09T17:10:41.624-0500] {dag.py:2676} INFO - Sync 1 DAGs
[2023-01-09T17:10:41.641-0500] {logging_mixin.py:137} INFO - [2023-01-09T17:10:41.641-0500] {dag.py:3423} INFO - Setting next_dagrun for example_sensors to None, run_after=None
[2023-01-09T17:10:41.659-0500] {processor.py:175} INFO - Processing /Library/Frameworks/Python.framework/Versions/3.9/lib/python3.9/site-packages/airflow/example_dags/example_sensors.py took 1.186 seconds
[2023-01-09T17:12:48.278-0500] {processor.py:153} INFO - Started process (PID=42476) to work on /Library/Frameworks/Python.framework/Versions/3.9/lib/python3.9/site-packages/airflow/example_dags/example_sensors.py
[2023-01-09T17:12:48.284-0500] {processor.py:743} INFO - Processing file /Library/Frameworks/Python.framework/Versions/3.9/lib/python3.9/site-packages/airflow/example_dags/example_sensors.py for tasks to queue
[2023-01-09T17:12:48.284-0500] {logging_mixin.py:137} INFO - [2023-01-09T17:12:48.284-0500] {dagbag.py:538} INFO - Filling up the DagBag from /Library/Frameworks/Python.framework/Versions/3.9/lib/python3.9/site-packages/airflow/example_dags/example_sensors.py
[2023-01-09T17:12:48.326-0500] {processor.py:753} INFO - DAG(s) dict_keys(['example_sensors']) retrieved from /Library/Frameworks/Python.framework/Versions/3.9/lib/python3.9/site-packages/airflow/example_dags/example_sensors.py
[2023-01-09T17:12:49.312-0500] {logging_mixin.py:137} INFO - [2023-01-09T17:12:49.312-0500] {dag.py:2676} INFO - Sync 1 DAGs
[2023-01-09T17:12:49.331-0500] {logging_mixin.py:137} INFO - [2023-01-09T17:12:49.331-0500] {dag.py:3423} INFO - Setting next_dagrun for example_sensors to None, run_after=None
[2023-01-09T17:12:49.350-0500] {processor.py:175} INFO - Processing /Library/Frameworks/Python.framework/Versions/3.9/lib/python3.9/site-packages/airflow/example_dags/example_sensors.py took 1.072 seconds
[2023-01-09T17:13:30.413-0500] {processor.py:153} INFO - Started process (PID=42583) to work on /Library/Frameworks/Python.framework/Versions/3.9/lib/python3.9/site-packages/airflow/example_dags/example_sensors.py
[2023-01-09T17:13:30.418-0500] {processor.py:743} INFO - Processing file /Library/Frameworks/Python.framework/Versions/3.9/lib/python3.9/site-packages/airflow/example_dags/example_sensors.py for tasks to queue
[2023-01-09T17:13:30.418-0500] {logging_mixin.py:137} INFO - [2023-01-09T17:13:30.418-0500] {dagbag.py:538} INFO - Filling up the DagBag from /Library/Frameworks/Python.framework/Versions/3.9/lib/python3.9/site-packages/airflow/example_dags/example_sensors.py
[2023-01-09T17:13:30.456-0500] {processor.py:753} INFO - DAG(s) dict_keys(['example_sensors']) retrieved from /Library/Frameworks/Python.framework/Versions/3.9/lib/python3.9/site-packages/airflow/example_dags/example_sensors.py
[2023-01-09T17:13:31.304-0500] {logging_mixin.py:137} INFO - [2023-01-09T17:13:31.303-0500] {dag.py:2676} INFO - Sync 1 DAGs
[2023-01-09T17:13:31.321-0500] {logging_mixin.py:137} INFO - [2023-01-09T17:13:31.321-0500] {dag.py:3423} INFO - Setting next_dagrun for example_sensors to None, run_after=None
[2023-01-09T17:13:31.341-0500] {processor.py:175} INFO - Processing /Library/Frameworks/Python.framework/Versions/3.9/lib/python3.9/site-packages/airflow/example_dags/example_sensors.py took 0.928 seconds
[2023-01-09T17:14:43.259-0500] {processor.py:153} INFO - Started process (PID=42658) to work on /Library/Frameworks/Python.framework/Versions/3.9/lib/python3.9/site-packages/airflow/example_dags/example_sensors.py
[2023-01-09T17:14:43.264-0500] {processor.py:743} INFO - Processing file /Library/Frameworks/Python.framework/Versions/3.9/lib/python3.9/site-packages/airflow/example_dags/example_sensors.py for tasks to queue
[2023-01-09T17:14:43.265-0500] {logging_mixin.py:137} INFO - [2023-01-09T17:14:43.265-0500] {dagbag.py:538} INFO - Filling up the DagBag from /Library/Frameworks/Python.framework/Versions/3.9/lib/python3.9/site-packages/airflow/example_dags/example_sensors.py
[2023-01-09T17:14:43.303-0500] {processor.py:753} INFO - DAG(s) dict_keys(['example_sensors']) retrieved from /Library/Frameworks/Python.framework/Versions/3.9/lib/python3.9/site-packages/airflow/example_dags/example_sensors.py
[2023-01-09T17:14:44.228-0500] {logging_mixin.py:137} INFO - [2023-01-09T17:14:44.228-0500] {dag.py:2676} INFO - Sync 1 DAGs
[2023-01-09T17:14:44.245-0500] {logging_mixin.py:137} INFO - [2023-01-09T17:14:44.245-0500] {dag.py:3423} INFO - Setting next_dagrun for example_sensors to None, run_after=None
[2023-01-09T17:14:44.264-0500] {processor.py:175} INFO - Processing /Library/Frameworks/Python.framework/Versions/3.9/lib/python3.9/site-packages/airflow/example_dags/example_sensors.py took 1.005 seconds
[2023-01-09T17:16:01.048-0500] {processor.py:153} INFO - Started process (PID=42736) to work on /Library/Frameworks/Python.framework/Versions/3.9/lib/python3.9/site-packages/airflow/example_dags/example_sensors.py
[2023-01-09T17:16:01.054-0500] {processor.py:743} INFO - Processing file /Library/Frameworks/Python.framework/Versions/3.9/lib/python3.9/site-packages/airflow/example_dags/example_sensors.py for tasks to queue
[2023-01-09T17:16:01.054-0500] {logging_mixin.py:137} INFO - [2023-01-09T17:16:01.054-0500] {dagbag.py:538} INFO - Filling up the DagBag from /Library/Frameworks/Python.framework/Versions/3.9/lib/python3.9/site-packages/airflow/example_dags/example_sensors.py
[2023-01-09T17:16:01.091-0500] {processor.py:753} INFO - DAG(s) dict_keys(['example_sensors']) retrieved from /Library/Frameworks/Python.framework/Versions/3.9/lib/python3.9/site-packages/airflow/example_dags/example_sensors.py
[2023-01-09T17:16:01.982-0500] {logging_mixin.py:137} INFO - [2023-01-09T17:16:01.981-0500] {dag.py:2676} INFO - Sync 1 DAGs
[2023-01-09T17:16:02.001-0500] {logging_mixin.py:137} INFO - [2023-01-09T17:16:02.000-0500] {dag.py:3423} INFO - Setting next_dagrun for example_sensors to None, run_after=None
[2023-01-09T17:16:02.022-0500] {processor.py:175} INFO - Processing /Library/Frameworks/Python.framework/Versions/3.9/lib/python3.9/site-packages/airflow/example_dags/example_sensors.py took 0.974 seconds
[2023-01-09T17:17:21.280-0500] {processor.py:153} INFO - Started process (PID=43024) to work on /Library/Frameworks/Python.framework/Versions/3.9/lib/python3.9/site-packages/airflow/example_dags/example_sensors.py
[2023-01-09T17:17:21.286-0500] {processor.py:743} INFO - Processing file /Library/Frameworks/Python.framework/Versions/3.9/lib/python3.9/site-packages/airflow/example_dags/example_sensors.py for tasks to queue
[2023-01-09T17:17:21.286-0500] {logging_mixin.py:137} INFO - [2023-01-09T17:17:21.286-0500] {dagbag.py:538} INFO - Filling up the DagBag from /Library/Frameworks/Python.framework/Versions/3.9/lib/python3.9/site-packages/airflow/example_dags/example_sensors.py
[2023-01-09T17:17:21.322-0500] {processor.py:753} INFO - DAG(s) dict_keys(['example_sensors']) retrieved from /Library/Frameworks/Python.framework/Versions/3.9/lib/python3.9/site-packages/airflow/example_dags/example_sensors.py
[2023-01-09T17:17:22.213-0500] {logging_mixin.py:137} INFO - [2023-01-09T17:17:22.213-0500] {dag.py:2676} INFO - Sync 1 DAGs
[2023-01-09T17:17:22.229-0500] {logging_mixin.py:137} INFO - [2023-01-09T17:17:22.229-0500] {dag.py:3423} INFO - Setting next_dagrun for example_sensors to None, run_after=None
[2023-01-09T17:17:22.250-0500] {processor.py:175} INFO - Processing /Library/Frameworks/Python.framework/Versions/3.9/lib/python3.9/site-packages/airflow/example_dags/example_sensors.py took 0.970 seconds
[2023-01-09T17:18:36.308-0500] {processor.py:153} INFO - Started process (PID=43204) to work on /Library/Frameworks/Python.framework/Versions/3.9/lib/python3.9/site-packages/airflow/example_dags/example_sensors.py
[2023-01-09T17:18:36.313-0500] {processor.py:743} INFO - Processing file /Library/Frameworks/Python.framework/Versions/3.9/lib/python3.9/site-packages/airflow/example_dags/example_sensors.py for tasks to queue
[2023-01-09T17:18:36.314-0500] {logging_mixin.py:137} INFO - [2023-01-09T17:18:36.314-0500] {dagbag.py:538} INFO - Filling up the DagBag from /Library/Frameworks/Python.framework/Versions/3.9/lib/python3.9/site-packages/airflow/example_dags/example_sensors.py
[2023-01-09T17:18:36.357-0500] {processor.py:753} INFO - DAG(s) dict_keys(['example_sensors']) retrieved from /Library/Frameworks/Python.framework/Versions/3.9/lib/python3.9/site-packages/airflow/example_dags/example_sensors.py
[2023-01-09T17:18:37.175-0500] {logging_mixin.py:137} INFO - [2023-01-09T17:18:37.174-0500] {dag.py:2676} INFO - Sync 1 DAGs
[2023-01-09T17:18:37.189-0500] {logging_mixin.py:137} INFO - [2023-01-09T17:18:37.189-0500] {dag.py:3423} INFO - Setting next_dagrun for example_sensors to None, run_after=None
[2023-01-09T17:18:37.216-0500] {processor.py:175} INFO - Processing /Library/Frameworks/Python.framework/Versions/3.9/lib/python3.9/site-packages/airflow/example_dags/example_sensors.py took 0.909 seconds
[2023-01-09T17:19:52.841-0500] {processor.py:153} INFO - Started process (PID=43265) to work on /Library/Frameworks/Python.framework/Versions/3.9/lib/python3.9/site-packages/airflow/example_dags/example_sensors.py
[2023-01-09T17:19:52.846-0500] {processor.py:743} INFO - Processing file /Library/Frameworks/Python.framework/Versions/3.9/lib/python3.9/site-packages/airflow/example_dags/example_sensors.py for tasks to queue
[2023-01-09T17:19:52.846-0500] {logging_mixin.py:137} INFO - [2023-01-09T17:19:52.846-0500] {dagbag.py:538} INFO - Filling up the DagBag from /Library/Frameworks/Python.framework/Versions/3.9/lib/python3.9/site-packages/airflow/example_dags/example_sensors.py
[2023-01-09T17:19:52.884-0500] {processor.py:753} INFO - DAG(s) dict_keys(['example_sensors']) retrieved from /Library/Frameworks/Python.framework/Versions/3.9/lib/python3.9/site-packages/airflow/example_dags/example_sensors.py
[2023-01-09T17:19:53.724-0500] {logging_mixin.py:137} INFO - [2023-01-09T17:19:53.723-0500] {dag.py:2676} INFO - Sync 1 DAGs
[2023-01-09T17:19:53.741-0500] {logging_mixin.py:137} INFO - [2023-01-09T17:19:53.741-0500] {dag.py:3423} INFO - Setting next_dagrun for example_sensors to None, run_after=None
[2023-01-09T17:19:53.760-0500] {processor.py:175} INFO - Processing /Library/Frameworks/Python.framework/Versions/3.9/lib/python3.9/site-packages/airflow/example_dags/example_sensors.py took 0.920 seconds
[2023-01-09T17:21:08.089-0500] {processor.py:153} INFO - Started process (PID=43336) to work on /Library/Frameworks/Python.framework/Versions/3.9/lib/python3.9/site-packages/airflow/example_dags/example_sensors.py
[2023-01-09T17:21:08.094-0500] {processor.py:743} INFO - Processing file /Library/Frameworks/Python.framework/Versions/3.9/lib/python3.9/site-packages/airflow/example_dags/example_sensors.py for tasks to queue
[2023-01-09T17:21:08.095-0500] {logging_mixin.py:137} INFO - [2023-01-09T17:21:08.095-0500] {dagbag.py:538} INFO - Filling up the DagBag from /Library/Frameworks/Python.framework/Versions/3.9/lib/python3.9/site-packages/airflow/example_dags/example_sensors.py
[2023-01-09T17:21:08.132-0500] {processor.py:753} INFO - DAG(s) dict_keys(['example_sensors']) retrieved from /Library/Frameworks/Python.framework/Versions/3.9/lib/python3.9/site-packages/airflow/example_dags/example_sensors.py
[2023-01-09T17:21:09.006-0500] {logging_mixin.py:137} INFO - [2023-01-09T17:21:09.006-0500] {dag.py:2676} INFO - Sync 1 DAGs
[2023-01-09T17:21:09.022-0500] {logging_mixin.py:137} INFO - [2023-01-09T17:21:09.022-0500] {dag.py:3423} INFO - Setting next_dagrun for example_sensors to None, run_after=None
[2023-01-09T17:21:09.042-0500] {processor.py:175} INFO - Processing /Library/Frameworks/Python.framework/Versions/3.9/lib/python3.9/site-packages/airflow/example_dags/example_sensors.py took 0.953 seconds
[2023-01-09T17:22:23.950-0500] {processor.py:153} INFO - Started process (PID=43438) to work on /Library/Frameworks/Python.framework/Versions/3.9/lib/python3.9/site-packages/airflow/example_dags/example_sensors.py
[2023-01-09T17:22:23.956-0500] {processor.py:743} INFO - Processing file /Library/Frameworks/Python.framework/Versions/3.9/lib/python3.9/site-packages/airflow/example_dags/example_sensors.py for tasks to queue
[2023-01-09T17:22:23.956-0500] {logging_mixin.py:137} INFO - [2023-01-09T17:22:23.956-0500] {dagbag.py:538} INFO - Filling up the DagBag from /Library/Frameworks/Python.framework/Versions/3.9/lib/python3.9/site-packages/airflow/example_dags/example_sensors.py
[2023-01-09T17:22:24.003-0500] {processor.py:753} INFO - DAG(s) dict_keys(['example_sensors']) retrieved from /Library/Frameworks/Python.framework/Versions/3.9/lib/python3.9/site-packages/airflow/example_dags/example_sensors.py
[2023-01-09T17:22:24.889-0500] {logging_mixin.py:137} INFO - [2023-01-09T17:22:24.888-0500] {dag.py:2676} INFO - Sync 1 DAGs
[2023-01-09T17:22:24.907-0500] {logging_mixin.py:137} INFO - [2023-01-09T17:22:24.907-0500] {dag.py:3423} INFO - Setting next_dagrun for example_sensors to None, run_after=None
[2023-01-09T17:22:24.932-0500] {processor.py:175} INFO - Processing /Library/Frameworks/Python.framework/Versions/3.9/lib/python3.9/site-packages/airflow/example_dags/example_sensors.py took 0.983 seconds
[2023-01-09T17:23:42.782-0500] {processor.py:153} INFO - Started process (PID=43551) to work on /Library/Frameworks/Python.framework/Versions/3.9/lib/python3.9/site-packages/airflow/example_dags/example_sensors.py
[2023-01-09T17:23:42.789-0500] {processor.py:743} INFO - Processing file /Library/Frameworks/Python.framework/Versions/3.9/lib/python3.9/site-packages/airflow/example_dags/example_sensors.py for tasks to queue
[2023-01-09T17:23:42.789-0500] {logging_mixin.py:137} INFO - [2023-01-09T17:23:42.789-0500] {dagbag.py:538} INFO - Filling up the DagBag from /Library/Frameworks/Python.framework/Versions/3.9/lib/python3.9/site-packages/airflow/example_dags/example_sensors.py
[2023-01-09T17:23:42.836-0500] {processor.py:753} INFO - DAG(s) dict_keys(['example_sensors']) retrieved from /Library/Frameworks/Python.framework/Versions/3.9/lib/python3.9/site-packages/airflow/example_dags/example_sensors.py
[2023-01-09T17:43:07.238-0500] {logging_mixin.py:137} INFO - [2023-01-09T17:43:07.238-0500] {dag.py:2676} INFO - Sync 1 DAGs
[2023-01-09T17:43:07.260-0500] {logging_mixin.py:137} INFO - [2023-01-09T17:43:07.260-0500] {dag.py:3423} INFO - Setting next_dagrun for example_sensors to None, run_after=None
[2023-01-09T17:43:07.298-0500] {processor.py:175} INFO - Processing /Library/Frameworks/Python.framework/Versions/3.9/lib/python3.9/site-packages/airflow/example_dags/example_sensors.py took 4.070 seconds
[2023-01-09T18:23:47.472-0500] {processor.py:153} INFO - Started process (PID=44200) to work on /Library/Frameworks/Python.framework/Versions/3.9/lib/python3.9/site-packages/airflow/example_dags/example_sensors.py
[2023-01-09T18:23:47.515-0500] {processor.py:743} INFO - Processing file /Library/Frameworks/Python.framework/Versions/3.9/lib/python3.9/site-packages/airflow/example_dags/example_sensors.py for tasks to queue
[2023-01-09T18:23:47.519-0500] {logging_mixin.py:137} INFO - [2023-01-09T18:23:47.518-0500] {dagbag.py:538} INFO - Filling up the DagBag from /Library/Frameworks/Python.framework/Versions/3.9/lib/python3.9/site-packages/airflow/example_dags/example_sensors.py
[2023-01-09T18:23:47.488-0500] {processor.py:153} INFO - Started process (PID=44199) to work on /Library/Frameworks/Python.framework/Versions/3.9/lib/python3.9/site-packages/airflow/example_dags/example_sensors.py
[2023-01-09T18:23:47.531-0500] {processor.py:743} INFO - Processing file /Library/Frameworks/Python.framework/Versions/3.9/lib/python3.9/site-packages/airflow/example_dags/example_sensors.py for tasks to queue
[2023-01-09T18:23:47.534-0500] {logging_mixin.py:137} INFO - [2023-01-09T18:23:47.533-0500] {dagbag.py:538} INFO - Filling up the DagBag from /Library/Frameworks/Python.framework/Versions/3.9/lib/python3.9/site-packages/airflow/example_dags/example_sensors.py
[2023-01-09T18:23:48.448-0500] {processor.py:753} INFO - DAG(s) dict_keys(['example_sensors']) retrieved from /Library/Frameworks/Python.framework/Versions/3.9/lib/python3.9/site-packages/airflow/example_dags/example_sensors.py
[2023-01-09T18:23:48.457-0500] {processor.py:753} INFO - DAG(s) dict_keys(['example_sensors']) retrieved from /Library/Frameworks/Python.framework/Versions/3.9/lib/python3.9/site-packages/airflow/example_dags/example_sensors.py
[2023-01-09T18:24:24.204-0500] {logging_mixin.py:137} INFO - [2023-01-09T18:24:24.204-0500] {dag.py:2676} INFO - Sync 1 DAGs
[2023-01-09T18:24:24.204-0500] {logging_mixin.py:137} INFO - [2023-01-09T18:24:24.204-0500] {dag.py:2676} INFO - Sync 1 DAGs
[2023-01-09T18:24:24.230-0500] {logging_mixin.py:137} INFO - [2023-01-09T18:24:24.229-0500] {dag.py:3423} INFO - Setting next_dagrun for example_sensors to None, run_after=None
[2023-01-09T18:24:24.301-0500] {logging_mixin.py:137} INFO - [2023-01-09T18:24:24.301-0500] {dag.py:3423} INFO - Setting next_dagrun for example_sensors to None, run_after=None
[2023-01-09T18:24:24.304-0500] {processor.py:175} INFO - Processing /Library/Frameworks/Python.framework/Versions/3.9/lib/python3.9/site-packages/airflow/example_dags/example_sensors.py took 22.738 seconds
[2023-01-09T18:24:24.323-0500] {processor.py:175} INFO - Processing /Library/Frameworks/Python.framework/Versions/3.9/lib/python3.9/site-packages/airflow/example_dags/example_sensors.py took 22.742 seconds
[2023-01-09T18:32:37.829-0500] {processor.py:153} INFO - Started process (PID=44557) to work on /Library/Frameworks/Python.framework/Versions/3.9/lib/python3.9/site-packages/airflow/example_dags/example_sensors.py
[2023-01-09T18:32:37.835-0500] {processor.py:743} INFO - Processing file /Library/Frameworks/Python.framework/Versions/3.9/lib/python3.9/site-packages/airflow/example_dags/example_sensors.py for tasks to queue
[2023-01-09T18:32:37.835-0500] {logging_mixin.py:137} INFO - [2023-01-09T18:32:37.835-0500] {dagbag.py:538} INFO - Filling up the DagBag from /Library/Frameworks/Python.framework/Versions/3.9/lib/python3.9/site-packages/airflow/example_dags/example_sensors.py
[2023-01-09T18:32:37.831-0500] {processor.py:153} INFO - Started process (PID=44558) to work on /Library/Frameworks/Python.framework/Versions/3.9/lib/python3.9/site-packages/airflow/example_dags/example_sensors.py
[2023-01-09T18:32:37.836-0500] {processor.py:743} INFO - Processing file /Library/Frameworks/Python.framework/Versions/3.9/lib/python3.9/site-packages/airflow/example_dags/example_sensors.py for tasks to queue
[2023-01-09T18:32:37.836-0500] {logging_mixin.py:137} INFO - [2023-01-09T18:32:37.836-0500] {dagbag.py:538} INFO - Filling up the DagBag from /Library/Frameworks/Python.framework/Versions/3.9/lib/python3.9/site-packages/airflow/example_dags/example_sensors.py
[2023-01-09T18:32:37.876-0500] {processor.py:753} INFO - DAG(s) dict_keys(['example_sensors']) retrieved from /Library/Frameworks/Python.framework/Versions/3.9/lib/python3.9/site-packages/airflow/example_dags/example_sensors.py
[2023-01-09T18:32:37.876-0500] {processor.py:753} INFO - DAG(s) dict_keys(['example_sensors']) retrieved from /Library/Frameworks/Python.framework/Versions/3.9/lib/python3.9/site-packages/airflow/example_dags/example_sensors.py
[2023-01-09T18:32:38.809-0500] {logging_mixin.py:137} INFO - [2023-01-09T18:32:38.809-0500] {dag.py:2676} INFO - Sync 1 DAGs
[2023-01-09T18:32:38.809-0500] {logging_mixin.py:137} INFO - [2023-01-09T18:32:38.809-0500] {dag.py:2676} INFO - Sync 1 DAGs
[2023-01-09T18:32:38.824-0500] {logging_mixin.py:137} INFO - [2023-01-09T18:32:38.824-0500] {dag.py:3423} INFO - Setting next_dagrun for example_sensors to None, run_after=None
[2023-01-09T18:32:38.825-0500] {logging_mixin.py:137} INFO - [2023-01-09T18:32:38.824-0500] {dag.py:3423} INFO - Setting next_dagrun for example_sensors to None, run_after=None
[2023-01-09T18:32:38.846-0500] {processor.py:175} INFO - Processing /Library/Frameworks/Python.framework/Versions/3.9/lib/python3.9/site-packages/airflow/example_dags/example_sensors.py took 1.016 seconds
[2023-01-09T18:32:38.848-0500] {processor.py:175} INFO - Processing /Library/Frameworks/Python.framework/Versions/3.9/lib/python3.9/site-packages/airflow/example_dags/example_sensors.py took 1.019 seconds
[2023-01-09T18:35:12.139-0500] {processor.py:153} INFO - Started process (PID=44708) to work on /Library/Frameworks/Python.framework/Versions/3.9/lib/python3.9/site-packages/airflow/example_dags/example_sensors.py
[2023-01-09T18:35:12.144-0500] {processor.py:743} INFO - Processing file /Library/Frameworks/Python.framework/Versions/3.9/lib/python3.9/site-packages/airflow/example_dags/example_sensors.py for tasks to queue
[2023-01-09T18:35:12.145-0500] {logging_mixin.py:137} INFO - [2023-01-09T18:35:12.145-0500] {dagbag.py:538} INFO - Filling up the DagBag from /Library/Frameworks/Python.framework/Versions/3.9/lib/python3.9/site-packages/airflow/example_dags/example_sensors.py
[2023-01-09T18:35:12.182-0500] {processor.py:753} INFO - DAG(s) dict_keys(['example_sensors']) retrieved from /Library/Frameworks/Python.framework/Versions/3.9/lib/python3.9/site-packages/airflow/example_dags/example_sensors.py
[2023-01-09T18:35:13.084-0500] {logging_mixin.py:137} INFO - [2023-01-09T18:35:13.084-0500] {dag.py:2676} INFO - Sync 1 DAGs
[2023-01-09T18:35:13.100-0500] {logging_mixin.py:137} INFO - [2023-01-09T18:35:13.100-0500] {dag.py:3423} INFO - Setting next_dagrun for example_sensors to None, run_after=None
[2023-01-09T18:35:13.118-0500] {processor.py:175} INFO - Processing /Library/Frameworks/Python.framework/Versions/3.9/lib/python3.9/site-packages/airflow/example_dags/example_sensors.py took 0.980 seconds
[2023-01-09T18:35:16.720-0500] {processor.py:153} INFO - Started process (PID=44711) to work on /Library/Frameworks/Python.framework/Versions/3.9/lib/python3.9/site-packages/airflow/example_dags/example_sensors.py
[2023-01-09T18:35:16.725-0500] {processor.py:743} INFO - Processing file /Library/Frameworks/Python.framework/Versions/3.9/lib/python3.9/site-packages/airflow/example_dags/example_sensors.py for tasks to queue
[2023-01-09T18:35:16.725-0500] {logging_mixin.py:137} INFO - [2023-01-09T18:35:16.725-0500] {dagbag.py:538} INFO - Filling up the DagBag from /Library/Frameworks/Python.framework/Versions/3.9/lib/python3.9/site-packages/airflow/example_dags/example_sensors.py
[2023-01-09T18:35:16.764-0500] {processor.py:753} INFO - DAG(s) dict_keys(['example_sensors']) retrieved from /Library/Frameworks/Python.framework/Versions/3.9/lib/python3.9/site-packages/airflow/example_dags/example_sensors.py
[2023-01-09T18:35:17.627-0500] {logging_mixin.py:137} INFO - [2023-01-09T18:35:17.627-0500] {dag.py:2676} INFO - Sync 1 DAGs
[2023-01-09T18:35:17.644-0500] {logging_mixin.py:137} INFO - [2023-01-09T18:35:17.644-0500] {dag.py:3423} INFO - Setting next_dagrun for example_sensors to None, run_after=None
[2023-01-09T18:35:17.662-0500] {processor.py:175} INFO - Processing /Library/Frameworks/Python.framework/Versions/3.9/lib/python3.9/site-packages/airflow/example_dags/example_sensors.py took 0.942 seconds
[2023-01-09T18:36:37.962-0500] {processor.py:153} INFO - Started process (PID=44776) to work on /Library/Frameworks/Python.framework/Versions/3.9/lib/python3.9/site-packages/airflow/example_dags/example_sensors.py
[2023-01-09T18:36:37.968-0500] {processor.py:743} INFO - Processing file /Library/Frameworks/Python.framework/Versions/3.9/lib/python3.9/site-packages/airflow/example_dags/example_sensors.py for tasks to queue
[2023-01-09T18:36:37.969-0500] {logging_mixin.py:137} INFO - [2023-01-09T18:36:37.968-0500] {dagbag.py:538} INFO - Filling up the DagBag from /Library/Frameworks/Python.framework/Versions/3.9/lib/python3.9/site-packages/airflow/example_dags/example_sensors.py
[2023-01-09T18:36:38.009-0500] {processor.py:753} INFO - DAG(s) dict_keys(['example_sensors']) retrieved from /Library/Frameworks/Python.framework/Versions/3.9/lib/python3.9/site-packages/airflow/example_dags/example_sensors.py
[2023-01-09T18:36:38.975-0500] {logging_mixin.py:137} INFO - [2023-01-09T18:36:38.975-0500] {dag.py:2676} INFO - Sync 1 DAGs
[2023-01-09T18:36:38.991-0500] {logging_mixin.py:137} INFO - [2023-01-09T18:36:38.991-0500] {dag.py:3423} INFO - Setting next_dagrun for example_sensors to None, run_after=None
[2023-01-09T18:36:39.009-0500] {processor.py:175} INFO - Processing /Library/Frameworks/Python.framework/Versions/3.9/lib/python3.9/site-packages/airflow/example_dags/example_sensors.py took 1.047 seconds
[2023-01-09T18:36:41.592-0500] {processor.py:153} INFO - Started process (PID=44779) to work on /Library/Frameworks/Python.framework/Versions/3.9/lib/python3.9/site-packages/airflow/example_dags/example_sensors.py
[2023-01-09T18:36:41.597-0500] {processor.py:743} INFO - Processing file /Library/Frameworks/Python.framework/Versions/3.9/lib/python3.9/site-packages/airflow/example_dags/example_sensors.py for tasks to queue
[2023-01-09T18:36:41.597-0500] {logging_mixin.py:137} INFO - [2023-01-09T18:36:41.597-0500] {dagbag.py:538} INFO - Filling up the DagBag from /Library/Frameworks/Python.framework/Versions/3.9/lib/python3.9/site-packages/airflow/example_dags/example_sensors.py
[2023-01-09T18:36:41.631-0500] {processor.py:753} INFO - DAG(s) dict_keys(['example_sensors']) retrieved from /Library/Frameworks/Python.framework/Versions/3.9/lib/python3.9/site-packages/airflow/example_dags/example_sensors.py
[2023-01-09T18:36:42.580-0500] {logging_mixin.py:137} INFO - [2023-01-09T18:36:42.579-0500] {dag.py:2676} INFO - Sync 1 DAGs
[2023-01-09T18:36:42.595-0500] {logging_mixin.py:137} INFO - [2023-01-09T18:36:42.595-0500] {dag.py:3423} INFO - Setting next_dagrun for example_sensors to None, run_after=None
[2023-01-09T18:36:42.612-0500] {processor.py:175} INFO - Processing /Library/Frameworks/Python.framework/Versions/3.9/lib/python3.9/site-packages/airflow/example_dags/example_sensors.py took 1.021 seconds
[2023-01-09T18:39:14.220-0500] {processor.py:153} INFO - Started process (PID=45021) to work on /Library/Frameworks/Python.framework/Versions/3.9/lib/python3.9/site-packages/airflow/example_dags/example_sensors.py
[2023-01-09T18:39:14.225-0500] {processor.py:743} INFO - Processing file /Library/Frameworks/Python.framework/Versions/3.9/lib/python3.9/site-packages/airflow/example_dags/example_sensors.py for tasks to queue
[2023-01-09T18:39:14.226-0500] {logging_mixin.py:137} INFO - [2023-01-09T18:39:14.225-0500] {dagbag.py:538} INFO - Filling up the DagBag from /Library/Frameworks/Python.framework/Versions/3.9/lib/python3.9/site-packages/airflow/example_dags/example_sensors.py
[2023-01-09T18:39:14.269-0500] {processor.py:753} INFO - DAG(s) dict_keys(['example_sensors']) retrieved from /Library/Frameworks/Python.framework/Versions/3.9/lib/python3.9/site-packages/airflow/example_dags/example_sensors.py
[2023-01-09T18:39:15.120-0500] {logging_mixin.py:137} INFO - [2023-01-09T18:39:15.120-0500] {dag.py:2676} INFO - Sync 1 DAGs
[2023-01-09T18:39:15.136-0500] {logging_mixin.py:137} INFO - [2023-01-09T18:39:15.135-0500] {dag.py:3423} INFO - Setting next_dagrun for example_sensors to None, run_after=None
[2023-01-09T18:39:15.152-0500] {processor.py:175} INFO - Processing /Library/Frameworks/Python.framework/Versions/3.9/lib/python3.9/site-packages/airflow/example_dags/example_sensors.py took 0.933 seconds
[2023-01-09T18:39:17.389-0500] {processor.py:153} INFO - Started process (PID=45025) to work on /Library/Frameworks/Python.framework/Versions/3.9/lib/python3.9/site-packages/airflow/example_dags/example_sensors.py
[2023-01-09T18:39:17.395-0500] {processor.py:743} INFO - Processing file /Library/Frameworks/Python.framework/Versions/3.9/lib/python3.9/site-packages/airflow/example_dags/example_sensors.py for tasks to queue
[2023-01-09T18:39:17.395-0500] {logging_mixin.py:137} INFO - [2023-01-09T18:39:17.395-0500] {dagbag.py:538} INFO - Filling up the DagBag from /Library/Frameworks/Python.framework/Versions/3.9/lib/python3.9/site-packages/airflow/example_dags/example_sensors.py
[2023-01-09T18:39:17.431-0500] {processor.py:753} INFO - DAG(s) dict_keys(['example_sensors']) retrieved from /Library/Frameworks/Python.framework/Versions/3.9/lib/python3.9/site-packages/airflow/example_dags/example_sensors.py
[2023-01-09T18:39:18.284-0500] {logging_mixin.py:137} INFO - [2023-01-09T18:39:18.283-0500] {dag.py:2676} INFO - Sync 1 DAGs
[2023-01-09T18:39:18.304-0500] {logging_mixin.py:137} INFO - [2023-01-09T18:39:18.304-0500] {dag.py:3423} INFO - Setting next_dagrun for example_sensors to None, run_after=None
[2023-01-09T18:39:18.330-0500] {processor.py:175} INFO - Processing /Library/Frameworks/Python.framework/Versions/3.9/lib/python3.9/site-packages/airflow/example_dags/example_sensors.py took 0.942 seconds
[2023-01-09T18:41:44.702-0500] {processor.py:153} INFO - Started process (PID=45161) to work on /Library/Frameworks/Python.framework/Versions/3.9/lib/python3.9/site-packages/airflow/example_dags/example_sensors.py
[2023-01-09T18:41:44.708-0500] {processor.py:743} INFO - Processing file /Library/Frameworks/Python.framework/Versions/3.9/lib/python3.9/site-packages/airflow/example_dags/example_sensors.py for tasks to queue
[2023-01-09T18:41:44.708-0500] {logging_mixin.py:137} INFO - [2023-01-09T18:41:44.708-0500] {dagbag.py:538} INFO - Filling up the DagBag from /Library/Frameworks/Python.framework/Versions/3.9/lib/python3.9/site-packages/airflow/example_dags/example_sensors.py
[2023-01-09T18:41:44.776-0500] {processor.py:753} INFO - DAG(s) dict_keys(['example_sensors']) retrieved from /Library/Frameworks/Python.framework/Versions/3.9/lib/python3.9/site-packages/airflow/example_dags/example_sensors.py
[2023-01-09T18:41:45.913-0500] {logging_mixin.py:137} INFO - [2023-01-09T18:41:45.913-0500] {dag.py:2676} INFO - Sync 1 DAGs
[2023-01-09T18:41:45.934-0500] {logging_mixin.py:137} INFO - [2023-01-09T18:41:45.934-0500] {dag.py:3423} INFO - Setting next_dagrun for example_sensors to None, run_after=None
[2023-01-09T18:41:45.956-0500] {processor.py:175} INFO - Processing /Library/Frameworks/Python.framework/Versions/3.9/lib/python3.9/site-packages/airflow/example_dags/example_sensors.py took 1.255 seconds
[2023-01-09T18:41:54.222-0500] {processor.py:153} INFO - Started process (PID=45172) to work on /Library/Frameworks/Python.framework/Versions/3.9/lib/python3.9/site-packages/airflow/example_dags/example_sensors.py
[2023-01-09T18:41:54.227-0500] {processor.py:743} INFO - Processing file /Library/Frameworks/Python.framework/Versions/3.9/lib/python3.9/site-packages/airflow/example_dags/example_sensors.py for tasks to queue
[2023-01-09T18:41:54.227-0500] {logging_mixin.py:137} INFO - [2023-01-09T18:41:54.227-0500] {dagbag.py:538} INFO - Filling up the DagBag from /Library/Frameworks/Python.framework/Versions/3.9/lib/python3.9/site-packages/airflow/example_dags/example_sensors.py
[2023-01-09T18:41:54.272-0500] {processor.py:753} INFO - DAG(s) dict_keys(['example_sensors']) retrieved from /Library/Frameworks/Python.framework/Versions/3.9/lib/python3.9/site-packages/airflow/example_dags/example_sensors.py
[2023-01-09T18:41:55.316-0500] {logging_mixin.py:137} INFO - [2023-01-09T18:41:55.315-0500] {dag.py:2676} INFO - Sync 1 DAGs
[2023-01-09T18:41:55.334-0500] {logging_mixin.py:137} INFO - [2023-01-09T18:41:55.334-0500] {dag.py:3423} INFO - Setting next_dagrun for example_sensors to None, run_after=None
[2023-01-09T18:41:55.354-0500] {processor.py:175} INFO - Processing /Library/Frameworks/Python.framework/Versions/3.9/lib/python3.9/site-packages/airflow/example_dags/example_sensors.py took 1.133 seconds
[2023-01-09T18:43:11.913-0500] {processor.py:153} INFO - Started process (PID=45238) to work on /Library/Frameworks/Python.framework/Versions/3.9/lib/python3.9/site-packages/airflow/example_dags/example_sensors.py
[2023-01-09T18:43:11.918-0500] {processor.py:743} INFO - Processing file /Library/Frameworks/Python.framework/Versions/3.9/lib/python3.9/site-packages/airflow/example_dags/example_sensors.py for tasks to queue
[2023-01-09T18:43:11.919-0500] {logging_mixin.py:137} INFO - [2023-01-09T18:43:11.919-0500] {dagbag.py:538} INFO - Filling up the DagBag from /Library/Frameworks/Python.framework/Versions/3.9/lib/python3.9/site-packages/airflow/example_dags/example_sensors.py
[2023-01-09T18:43:11.957-0500] {processor.py:753} INFO - DAG(s) dict_keys(['example_sensors']) retrieved from /Library/Frameworks/Python.framework/Versions/3.9/lib/python3.9/site-packages/airflow/example_dags/example_sensors.py
[2023-01-09T18:43:12.809-0500] {logging_mixin.py:137} INFO - [2023-01-09T18:43:12.808-0500] {dag.py:2676} INFO - Sync 1 DAGs
[2023-01-09T18:43:12.826-0500] {logging_mixin.py:137} INFO - [2023-01-09T18:43:12.826-0500] {dag.py:3423} INFO - Setting next_dagrun for example_sensors to None, run_after=None
[2023-01-09T18:43:12.847-0500] {processor.py:175} INFO - Processing /Library/Frameworks/Python.framework/Versions/3.9/lib/python3.9/site-packages/airflow/example_dags/example_sensors.py took 0.935 seconds
[2023-01-09T18:43:17.271-0500] {processor.py:153} INFO - Started process (PID=45241) to work on /Library/Frameworks/Python.framework/Versions/3.9/lib/python3.9/site-packages/airflow/example_dags/example_sensors.py
[2023-01-09T18:43:17.276-0500] {processor.py:743} INFO - Processing file /Library/Frameworks/Python.framework/Versions/3.9/lib/python3.9/site-packages/airflow/example_dags/example_sensors.py for tasks to queue
[2023-01-09T18:43:17.277-0500] {logging_mixin.py:137} INFO - [2023-01-09T18:43:17.276-0500] {dagbag.py:538} INFO - Filling up the DagBag from /Library/Frameworks/Python.framework/Versions/3.9/lib/python3.9/site-packages/airflow/example_dags/example_sensors.py
[2023-01-09T18:43:17.311-0500] {processor.py:753} INFO - DAG(s) dict_keys(['example_sensors']) retrieved from /Library/Frameworks/Python.framework/Versions/3.9/lib/python3.9/site-packages/airflow/example_dags/example_sensors.py
[2023-01-09T18:43:18.139-0500] {logging_mixin.py:137} INFO - [2023-01-09T18:43:18.139-0500] {dag.py:2676} INFO - Sync 1 DAGs
[2023-01-09T18:43:18.156-0500] {logging_mixin.py:137} INFO - [2023-01-09T18:43:18.156-0500] {dag.py:3423} INFO - Setting next_dagrun for example_sensors to None, run_after=None
[2023-01-09T18:43:18.176-0500] {processor.py:175} INFO - Processing /Library/Frameworks/Python.framework/Versions/3.9/lib/python3.9/site-packages/airflow/example_dags/example_sensors.py took 0.905 seconds
[2023-01-09T18:46:05.364-0500] {processor.py:153} INFO - Started process (PID=45475) to work on /Library/Frameworks/Python.framework/Versions/3.9/lib/python3.9/site-packages/airflow/example_dags/example_sensors.py
[2023-01-09T18:46:05.370-0500] {processor.py:743} INFO - Processing file /Library/Frameworks/Python.framework/Versions/3.9/lib/python3.9/site-packages/airflow/example_dags/example_sensors.py for tasks to queue
[2023-01-09T18:46:05.370-0500] {logging_mixin.py:137} INFO - [2023-01-09T18:46:05.370-0500] {dagbag.py:538} INFO - Filling up the DagBag from /Library/Frameworks/Python.framework/Versions/3.9/lib/python3.9/site-packages/airflow/example_dags/example_sensors.py
[2023-01-09T18:46:05.409-0500] {processor.py:753} INFO - DAG(s) dict_keys(['example_sensors']) retrieved from /Library/Frameworks/Python.framework/Versions/3.9/lib/python3.9/site-packages/airflow/example_dags/example_sensors.py
[2023-01-09T18:46:06.660-0500] {logging_mixin.py:137} INFO - [2023-01-09T18:46:06.659-0500] {dag.py:2676} INFO - Sync 1 DAGs
[2023-01-09T18:46:06.676-0500] {logging_mixin.py:137} INFO - [2023-01-09T18:46:06.676-0500] {dag.py:3423} INFO - Setting next_dagrun for example_sensors to None, run_after=None
[2023-01-09T18:46:06.695-0500] {processor.py:175} INFO - Processing /Library/Frameworks/Python.framework/Versions/3.9/lib/python3.9/site-packages/airflow/example_dags/example_sensors.py took 1.332 seconds
[2023-01-09T18:46:11.742-0500] {processor.py:153} INFO - Started process (PID=45483) to work on /Library/Frameworks/Python.framework/Versions/3.9/lib/python3.9/site-packages/airflow/example_dags/example_sensors.py
[2023-01-09T18:46:11.747-0500] {processor.py:743} INFO - Processing file /Library/Frameworks/Python.framework/Versions/3.9/lib/python3.9/site-packages/airflow/example_dags/example_sensors.py for tasks to queue
[2023-01-09T18:46:11.747-0500] {logging_mixin.py:137} INFO - [2023-01-09T18:46:11.747-0500] {dagbag.py:538} INFO - Filling up the DagBag from /Library/Frameworks/Python.framework/Versions/3.9/lib/python3.9/site-packages/airflow/example_dags/example_sensors.py
[2023-01-09T18:46:11.784-0500] {processor.py:753} INFO - DAG(s) dict_keys(['example_sensors']) retrieved from /Library/Frameworks/Python.framework/Versions/3.9/lib/python3.9/site-packages/airflow/example_dags/example_sensors.py
[2023-01-09T18:46:12.638-0500] {logging_mixin.py:137} INFO - [2023-01-09T18:46:12.638-0500] {dag.py:2676} INFO - Sync 1 DAGs
[2023-01-09T18:46:12.654-0500] {logging_mixin.py:137} INFO - [2023-01-09T18:46:12.653-0500] {dag.py:3423} INFO - Setting next_dagrun for example_sensors to None, run_after=None
[2023-01-09T18:46:12.670-0500] {processor.py:175} INFO - Processing /Library/Frameworks/Python.framework/Versions/3.9/lib/python3.9/site-packages/airflow/example_dags/example_sensors.py took 0.929 seconds
[2023-01-09T18:47:50.533-0500] {processor.py:153} INFO - Started process (PID=45577) to work on /Library/Frameworks/Python.framework/Versions/3.9/lib/python3.9/site-packages/airflow/example_dags/example_sensors.py
[2023-01-09T18:47:50.538-0500] {processor.py:743} INFO - Processing file /Library/Frameworks/Python.framework/Versions/3.9/lib/python3.9/site-packages/airflow/example_dags/example_sensors.py for tasks to queue
[2023-01-09T18:47:50.539-0500] {logging_mixin.py:137} INFO - [2023-01-09T18:47:50.539-0500] {dagbag.py:538} INFO - Filling up the DagBag from /Library/Frameworks/Python.framework/Versions/3.9/lib/python3.9/site-packages/airflow/example_dags/example_sensors.py
[2023-01-09T18:47:50.585-0500] {processor.py:753} INFO - DAG(s) dict_keys(['example_sensors']) retrieved from /Library/Frameworks/Python.framework/Versions/3.9/lib/python3.9/site-packages/airflow/example_dags/example_sensors.py
[2023-01-09T18:47:51.658-0500] {logging_mixin.py:137} INFO - [2023-01-09T18:47:51.658-0500] {dag.py:2676} INFO - Sync 1 DAGs
[2023-01-09T18:47:51.676-0500] {logging_mixin.py:137} INFO - [2023-01-09T18:47:51.676-0500] {dag.py:3423} INFO - Setting next_dagrun for example_sensors to None, run_after=None
[2023-01-09T18:47:51.698-0500] {processor.py:175} INFO - Processing /Library/Frameworks/Python.framework/Versions/3.9/lib/python3.9/site-packages/airflow/example_dags/example_sensors.py took 1.165 seconds
[2023-01-09T18:47:55.535-0500] {processor.py:153} INFO - Started process (PID=45580) to work on /Library/Frameworks/Python.framework/Versions/3.9/lib/python3.9/site-packages/airflow/example_dags/example_sensors.py
[2023-01-09T18:47:55.541-0500] {processor.py:743} INFO - Processing file /Library/Frameworks/Python.framework/Versions/3.9/lib/python3.9/site-packages/airflow/example_dags/example_sensors.py for tasks to queue
[2023-01-09T18:47:55.541-0500] {logging_mixin.py:137} INFO - [2023-01-09T18:47:55.541-0500] {dagbag.py:538} INFO - Filling up the DagBag from /Library/Frameworks/Python.framework/Versions/3.9/lib/python3.9/site-packages/airflow/example_dags/example_sensors.py
[2023-01-09T18:47:55.580-0500] {processor.py:753} INFO - DAG(s) dict_keys(['example_sensors']) retrieved from /Library/Frameworks/Python.framework/Versions/3.9/lib/python3.9/site-packages/airflow/example_dags/example_sensors.py
[2023-01-09T18:47:56.648-0500] {logging_mixin.py:137} INFO - [2023-01-09T18:47:56.648-0500] {dag.py:2676} INFO - Sync 1 DAGs
[2023-01-09T18:47:56.665-0500] {logging_mixin.py:137} INFO - [2023-01-09T18:47:56.665-0500] {dag.py:3423} INFO - Setting next_dagrun for example_sensors to None, run_after=None
[2023-01-09T18:47:56.684-0500] {processor.py:175} INFO - Processing /Library/Frameworks/Python.framework/Versions/3.9/lib/python3.9/site-packages/airflow/example_dags/example_sensors.py took 1.150 seconds
[2023-01-09T18:49:17.302-0500] {processor.py:153} INFO - Started process (PID=45702) to work on /Library/Frameworks/Python.framework/Versions/3.9/lib/python3.9/site-packages/airflow/example_dags/example_sensors.py
[2023-01-09T18:49:17.308-0500] {processor.py:743} INFO - Processing file /Library/Frameworks/Python.framework/Versions/3.9/lib/python3.9/site-packages/airflow/example_dags/example_sensors.py for tasks to queue
[2023-01-09T18:49:17.308-0500] {logging_mixin.py:137} INFO - [2023-01-09T18:49:17.308-0500] {dagbag.py:538} INFO - Filling up the DagBag from /Library/Frameworks/Python.framework/Versions/3.9/lib/python3.9/site-packages/airflow/example_dags/example_sensors.py
[2023-01-09T18:49:17.354-0500] {processor.py:753} INFO - DAG(s) dict_keys(['example_sensors']) retrieved from /Library/Frameworks/Python.framework/Versions/3.9/lib/python3.9/site-packages/airflow/example_dags/example_sensors.py
[2023-01-09T18:49:18.452-0500] {logging_mixin.py:137} INFO - [2023-01-09T18:49:18.452-0500] {dag.py:2676} INFO - Sync 1 DAGs
[2023-01-09T18:49:18.470-0500] {logging_mixin.py:137} INFO - [2023-01-09T18:49:18.469-0500] {dag.py:3423} INFO - Setting next_dagrun for example_sensors to None, run_after=None
[2023-01-09T18:49:18.488-0500] {processor.py:175} INFO - Processing /Library/Frameworks/Python.framework/Versions/3.9/lib/python3.9/site-packages/airflow/example_dags/example_sensors.py took 1.187 seconds
[2023-01-09T18:49:25.093-0500] {processor.py:153} INFO - Started process (PID=45707) to work on /Library/Frameworks/Python.framework/Versions/3.9/lib/python3.9/site-packages/airflow/example_dags/example_sensors.py
[2023-01-09T18:49:25.099-0500] {processor.py:743} INFO - Processing file /Library/Frameworks/Python.framework/Versions/3.9/lib/python3.9/site-packages/airflow/example_dags/example_sensors.py for tasks to queue
[2023-01-09T18:49:25.099-0500] {logging_mixin.py:137} INFO - [2023-01-09T18:49:25.099-0500] {dagbag.py:538} INFO - Filling up the DagBag from /Library/Frameworks/Python.framework/Versions/3.9/lib/python3.9/site-packages/airflow/example_dags/example_sensors.py
[2023-01-09T18:49:25.145-0500] {processor.py:753} INFO - DAG(s) dict_keys(['example_sensors']) retrieved from /Library/Frameworks/Python.framework/Versions/3.9/lib/python3.9/site-packages/airflow/example_dags/example_sensors.py
[2023-01-09T18:49:26.214-0500] {logging_mixin.py:137} INFO - [2023-01-09T18:49:26.214-0500] {dag.py:2676} INFO - Sync 1 DAGs
[2023-01-09T18:49:26.233-0500] {logging_mixin.py:137} INFO - [2023-01-09T18:49:26.232-0500] {dag.py:3423} INFO - Setting next_dagrun for example_sensors to None, run_after=None
[2023-01-09T18:49:26.252-0500] {processor.py:175} INFO - Processing /Library/Frameworks/Python.framework/Versions/3.9/lib/python3.9/site-packages/airflow/example_dags/example_sensors.py took 1.160 seconds
[2023-01-09T18:52:18.802-0500] {processor.py:153} INFO - Started process (PID=45877) to work on /Library/Frameworks/Python.framework/Versions/3.9/lib/python3.9/site-packages/airflow/example_dags/example_sensors.py
[2023-01-09T18:52:18.809-0500] {processor.py:743} INFO - Processing file /Library/Frameworks/Python.framework/Versions/3.9/lib/python3.9/site-packages/airflow/example_dags/example_sensors.py for tasks to queue
[2023-01-09T18:52:18.809-0500] {logging_mixin.py:137} INFO - [2023-01-09T18:52:18.809-0500] {dagbag.py:538} INFO - Filling up the DagBag from /Library/Frameworks/Python.framework/Versions/3.9/lib/python3.9/site-packages/airflow/example_dags/example_sensors.py
[2023-01-09T18:52:18.861-0500] {processor.py:753} INFO - DAG(s) dict_keys(['example_sensors']) retrieved from /Library/Frameworks/Python.framework/Versions/3.9/lib/python3.9/site-packages/airflow/example_dags/example_sensors.py
[2023-01-09T18:52:20.596-0500] {logging_mixin.py:137} INFO - [2023-01-09T18:52:20.596-0500] {dag.py:2676} INFO - Sync 1 DAGs
[2023-01-09T18:52:20.617-0500] {logging_mixin.py:137} INFO - [2023-01-09T18:52:20.617-0500] {dag.py:3423} INFO - Setting next_dagrun for example_sensors to None, run_after=None
[2023-01-09T18:52:20.640-0500] {processor.py:175} INFO - Processing /Library/Frameworks/Python.framework/Versions/3.9/lib/python3.9/site-packages/airflow/example_dags/example_sensors.py took 1.839 seconds
[2023-01-09T18:52:26.730-0500] {processor.py:153} INFO - Started process (PID=45882) to work on /Library/Frameworks/Python.framework/Versions/3.9/lib/python3.9/site-packages/airflow/example_dags/example_sensors.py
[2023-01-09T18:52:26.738-0500] {processor.py:743} INFO - Processing file /Library/Frameworks/Python.framework/Versions/3.9/lib/python3.9/site-packages/airflow/example_dags/example_sensors.py for tasks to queue
[2023-01-09T18:52:26.739-0500] {logging_mixin.py:137} INFO - [2023-01-09T18:52:26.739-0500] {dagbag.py:538} INFO - Filling up the DagBag from /Library/Frameworks/Python.framework/Versions/3.9/lib/python3.9/site-packages/airflow/example_dags/example_sensors.py
[2023-01-09T18:52:26.812-0500] {processor.py:753} INFO - DAG(s) dict_keys(['example_sensors']) retrieved from /Library/Frameworks/Python.framework/Versions/3.9/lib/python3.9/site-packages/airflow/example_dags/example_sensors.py
[2023-01-09T18:52:28.537-0500] {logging_mixin.py:137} INFO - [2023-01-09T18:52:28.537-0500] {dag.py:2676} INFO - Sync 1 DAGs
[2023-01-09T18:52:28.582-0500] {logging_mixin.py:137} INFO - [2023-01-09T18:52:28.582-0500] {dag.py:3423} INFO - Setting next_dagrun for example_sensors to None, run_after=None
[2023-01-09T18:52:28.613-0500] {processor.py:175} INFO - Processing /Library/Frameworks/Python.framework/Versions/3.9/lib/python3.9/site-packages/airflow/example_dags/example_sensors.py took 1.884 seconds
[2023-01-09T18:54:01.034-0500] {processor.py:153} INFO - Started process (PID=45941) to work on /Library/Frameworks/Python.framework/Versions/3.9/lib/python3.9/site-packages/airflow/example_dags/example_sensors.py
[2023-01-09T18:54:01.046-0500] {processor.py:743} INFO - Processing file /Library/Frameworks/Python.framework/Versions/3.9/lib/python3.9/site-packages/airflow/example_dags/example_sensors.py for tasks to queue
[2023-01-09T18:54:01.047-0500] {logging_mixin.py:137} INFO - [2023-01-09T18:54:01.047-0500] {dagbag.py:538} INFO - Filling up the DagBag from /Library/Frameworks/Python.framework/Versions/3.9/lib/python3.9/site-packages/airflow/example_dags/example_sensors.py
[2023-01-09T18:54:01.117-0500] {processor.py:753} INFO - DAG(s) dict_keys(['example_sensors']) retrieved from /Library/Frameworks/Python.framework/Versions/3.9/lib/python3.9/site-packages/airflow/example_dags/example_sensors.py
[2023-01-09T18:54:02.686-0500] {logging_mixin.py:137} INFO - [2023-01-09T18:54:02.686-0500] {dag.py:2676} INFO - Sync 1 DAGs
[2023-01-09T18:54:02.712-0500] {logging_mixin.py:137} INFO - [2023-01-09T18:54:02.712-0500] {dag.py:3423} INFO - Setting next_dagrun for example_sensors to None, run_after=None
[2023-01-09T18:54:02.744-0500] {processor.py:175} INFO - Processing /Library/Frameworks/Python.framework/Versions/3.9/lib/python3.9/site-packages/airflow/example_dags/example_sensors.py took 1.711 seconds
[2023-01-09T18:54:08.830-0500] {processor.py:153} INFO - Started process (PID=45945) to work on /Library/Frameworks/Python.framework/Versions/3.9/lib/python3.9/site-packages/airflow/example_dags/example_sensors.py
[2023-01-09T18:54:08.837-0500] {processor.py:743} INFO - Processing file /Library/Frameworks/Python.framework/Versions/3.9/lib/python3.9/site-packages/airflow/example_dags/example_sensors.py for tasks to queue
[2023-01-09T18:54:08.838-0500] {logging_mixin.py:137} INFO - [2023-01-09T18:54:08.838-0500] {dagbag.py:538} INFO - Filling up the DagBag from /Library/Frameworks/Python.framework/Versions/3.9/lib/python3.9/site-packages/airflow/example_dags/example_sensors.py
[2023-01-09T18:54:08.906-0500] {processor.py:753} INFO - DAG(s) dict_keys(['example_sensors']) retrieved from /Library/Frameworks/Python.framework/Versions/3.9/lib/python3.9/site-packages/airflow/example_dags/example_sensors.py
[2023-01-09T18:54:10.238-0500] {logging_mixin.py:137} INFO - [2023-01-09T18:54:10.238-0500] {dag.py:2676} INFO - Sync 1 DAGs
[2023-01-09T18:54:10.262-0500] {logging_mixin.py:137} INFO - [2023-01-09T18:54:10.262-0500] {dag.py:3423} INFO - Setting next_dagrun for example_sensors to None, run_after=None
[2023-01-09T18:54:10.288-0500] {processor.py:175} INFO - Processing /Library/Frameworks/Python.framework/Versions/3.9/lib/python3.9/site-packages/airflow/example_dags/example_sensors.py took 1.459 seconds
[2023-01-09T18:56:14.383-0500] {processor.py:153} INFO - Started process (PID=46027) to work on /Library/Frameworks/Python.framework/Versions/3.9/lib/python3.9/site-packages/airflow/example_dags/example_sensors.py
[2023-01-09T18:56:14.392-0500] {processor.py:743} INFO - Processing file /Library/Frameworks/Python.framework/Versions/3.9/lib/python3.9/site-packages/airflow/example_dags/example_sensors.py for tasks to queue
[2023-01-09T18:56:14.392-0500] {logging_mixin.py:137} INFO - [2023-01-09T18:56:14.392-0500] {dagbag.py:538} INFO - Filling up the DagBag from /Library/Frameworks/Python.framework/Versions/3.9/lib/python3.9/site-packages/airflow/example_dags/example_sensors.py
[2023-01-09T18:56:14.461-0500] {processor.py:753} INFO - DAG(s) dict_keys(['example_sensors']) retrieved from /Library/Frameworks/Python.framework/Versions/3.9/lib/python3.9/site-packages/airflow/example_dags/example_sensors.py
[2023-01-09T18:56:15.882-0500] {logging_mixin.py:137} INFO - [2023-01-09T18:56:15.882-0500] {dag.py:2676} INFO - Sync 1 DAGs
[2023-01-09T18:56:15.903-0500] {logging_mixin.py:137} INFO - [2023-01-09T18:56:15.902-0500] {dag.py:3423} INFO - Setting next_dagrun for example_sensors to None, run_after=None
[2023-01-09T18:56:15.933-0500] {processor.py:175} INFO - Processing /Library/Frameworks/Python.framework/Versions/3.9/lib/python3.9/site-packages/airflow/example_dags/example_sensors.py took 1.551 seconds
[2023-01-09T18:56:25.432-0500] {processor.py:153} INFO - Started process (PID=46036) to work on /Library/Frameworks/Python.framework/Versions/3.9/lib/python3.9/site-packages/airflow/example_dags/example_sensors.py
[2023-01-09T18:56:25.443-0500] {processor.py:743} INFO - Processing file /Library/Frameworks/Python.framework/Versions/3.9/lib/python3.9/site-packages/airflow/example_dags/example_sensors.py for tasks to queue
[2023-01-09T18:56:25.444-0500] {logging_mixin.py:137} INFO - [2023-01-09T18:56:25.443-0500] {dagbag.py:538} INFO - Filling up the DagBag from /Library/Frameworks/Python.framework/Versions/3.9/lib/python3.9/site-packages/airflow/example_dags/example_sensors.py
[2023-01-09T18:56:25.548-0500] {processor.py:753} INFO - DAG(s) dict_keys(['example_sensors']) retrieved from /Library/Frameworks/Python.framework/Versions/3.9/lib/python3.9/site-packages/airflow/example_dags/example_sensors.py
[2023-01-09T18:56:26.971-0500] {logging_mixin.py:137} INFO - [2023-01-09T18:56:26.971-0500] {dag.py:2676} INFO - Sync 1 DAGs
[2023-01-09T18:56:26.994-0500] {logging_mixin.py:137} INFO - [2023-01-09T18:56:26.994-0500] {dag.py:3423} INFO - Setting next_dagrun for example_sensors to None, run_after=None
[2023-01-09T18:56:27.021-0500] {processor.py:175} INFO - Processing /Library/Frameworks/Python.framework/Versions/3.9/lib/python3.9/site-packages/airflow/example_dags/example_sensors.py took 1.590 seconds
[2023-01-09T18:58:45.525-0500] {processor.py:153} INFO - Started process (PID=46173) to work on /Library/Frameworks/Python.framework/Versions/3.9/lib/python3.9/site-packages/airflow/example_dags/example_sensors.py
[2023-01-09T18:58:45.532-0500] {processor.py:743} INFO - Processing file /Library/Frameworks/Python.framework/Versions/3.9/lib/python3.9/site-packages/airflow/example_dags/example_sensors.py for tasks to queue
[2023-01-09T18:58:45.533-0500] {logging_mixin.py:137} INFO - [2023-01-09T18:58:45.533-0500] {dagbag.py:538} INFO - Filling up the DagBag from /Library/Frameworks/Python.framework/Versions/3.9/lib/python3.9/site-packages/airflow/example_dags/example_sensors.py
[2023-01-09T18:58:45.614-0500] {processor.py:753} INFO - DAG(s) dict_keys(['example_sensors']) retrieved from /Library/Frameworks/Python.framework/Versions/3.9/lib/python3.9/site-packages/airflow/example_dags/example_sensors.py
[2023-01-09T18:58:47.152-0500] {logging_mixin.py:137} INFO - [2023-01-09T18:58:47.152-0500] {dag.py:2676} INFO - Sync 1 DAGs
[2023-01-09T18:58:47.172-0500] {logging_mixin.py:137} INFO - [2023-01-09T18:58:47.172-0500] {dag.py:3423} INFO - Setting next_dagrun for example_sensors to None, run_after=None
[2023-01-09T18:58:47.195-0500] {processor.py:175} INFO - Processing /Library/Frameworks/Python.framework/Versions/3.9/lib/python3.9/site-packages/airflow/example_dags/example_sensors.py took 1.672 seconds
[2023-01-09T18:58:58.186-0500] {processor.py:153} INFO - Started process (PID=46180) to work on /Library/Frameworks/Python.framework/Versions/3.9/lib/python3.9/site-packages/airflow/example_dags/example_sensors.py
[2023-01-09T18:58:58.192-0500] {processor.py:743} INFO - Processing file /Library/Frameworks/Python.framework/Versions/3.9/lib/python3.9/site-packages/airflow/example_dags/example_sensors.py for tasks to queue
[2023-01-09T18:58:58.193-0500] {logging_mixin.py:137} INFO - [2023-01-09T18:58:58.193-0500] {dagbag.py:538} INFO - Filling up the DagBag from /Library/Frameworks/Python.framework/Versions/3.9/lib/python3.9/site-packages/airflow/example_dags/example_sensors.py
[2023-01-09T18:58:58.243-0500] {processor.py:753} INFO - DAG(s) dict_keys(['example_sensors']) retrieved from /Library/Frameworks/Python.framework/Versions/3.9/lib/python3.9/site-packages/airflow/example_dags/example_sensors.py
[2023-01-09T18:58:59.484-0500] {logging_mixin.py:137} INFO - [2023-01-09T18:58:59.484-0500] {dag.py:2676} INFO - Sync 1 DAGs
[2023-01-09T18:58:59.505-0500] {logging_mixin.py:137} INFO - [2023-01-09T18:58:59.505-0500] {dag.py:3423} INFO - Setting next_dagrun for example_sensors to None, run_after=None
[2023-01-09T18:58:59.531-0500] {processor.py:175} INFO - Processing /Library/Frameworks/Python.framework/Versions/3.9/lib/python3.9/site-packages/airflow/example_dags/example_sensors.py took 1.346 seconds
