[2023-01-09T16:46:54.942-0500] {processor.py:153} INFO - Started process (PID=39111) to work on /Library/Frameworks/Python.framework/Versions/3.9/lib/python3.9/site-packages/airflow/example_dags/example_sensor_decorator.py
[2023-01-09T16:46:54.948-0500] {processor.py:743} INFO - Processing file /Library/Frameworks/Python.framework/Versions/3.9/lib/python3.9/site-packages/airflow/example_dags/example_sensor_decorator.py for tasks to queue
[2023-01-09T16:46:54.948-0500] {logging_mixin.py:137} INFO - [2023-01-09T16:46:54.948-0500] {dagbag.py:538} INFO - Filling up the DagBag from /Library/Frameworks/Python.framework/Versions/3.9/lib/python3.9/site-packages/airflow/example_dags/example_sensor_decorator.py
[2023-01-09T16:46:55.083-0500] {logging_mixin.py:137} WARNING - /Library/Frameworks/Python.framework/Versions/3.9/lib/python3.9/site-packages/airflow/models/dag.py:3492 RemovedInAirflow3Warning: Param `schedule_interval` is deprecated and will be removed in a future release. Please use `schedule` instead.
[2023-01-09T16:46:55.091-0500] {processor.py:753} INFO - DAG(s) dict_keys(['example_sensor_decorator']) retrieved from /Library/Frameworks/Python.framework/Versions/3.9/lib/python3.9/site-packages/airflow/example_dags/example_sensor_decorator.py
[2023-01-09T16:46:56.126-0500] {logging_mixin.py:137} INFO - [2023-01-09T16:46:56.126-0500] {manager.py:504} INFO - Created Permission View: can read on DAG:example_sensor_decorator
[2023-01-09T16:46:56.135-0500] {logging_mixin.py:137} INFO - [2023-01-09T16:46:56.134-0500] {manager.py:504} INFO - Created Permission View: can edit on DAG:example_sensor_decorator
[2023-01-09T16:46:56.141-0500] {logging_mixin.py:137} INFO - [2023-01-09T16:46:56.141-0500] {manager.py:504} INFO - Created Permission View: can delete on DAG:example_sensor_decorator
[2023-01-09T16:46:56.141-0500] {logging_mixin.py:137} INFO - [2023-01-09T16:46:56.141-0500] {dag.py:2676} INFO - Sync 1 DAGs
[2023-01-09T16:46:56.152-0500] {logging_mixin.py:137} INFO - [2023-01-09T16:46:56.152-0500] {dag.py:2697} INFO - Creating ORM DAG for example_sensor_decorator
[2023-01-09T16:46:56.162-0500] {logging_mixin.py:137} INFO - [2023-01-09T16:46:56.161-0500] {dag.py:3423} INFO - Setting next_dagrun for example_sensor_decorator to None, run_after=None
[2023-01-09T16:46:56.181-0500] {processor.py:175} INFO - Processing /Library/Frameworks/Python.framework/Versions/3.9/lib/python3.9/site-packages/airflow/example_dags/example_sensor_decorator.py took 1.239 seconds
[2023-01-09T16:48:55.816-0500] {processor.py:153} INFO - Started process (PID=39266) to work on /Library/Frameworks/Python.framework/Versions/3.9/lib/python3.9/site-packages/airflow/example_dags/example_sensor_decorator.py
[2023-01-09T16:48:55.821-0500] {processor.py:743} INFO - Processing file /Library/Frameworks/Python.framework/Versions/3.9/lib/python3.9/site-packages/airflow/example_dags/example_sensor_decorator.py for tasks to queue
[2023-01-09T16:48:55.822-0500] {logging_mixin.py:137} INFO - [2023-01-09T16:48:55.822-0500] {dagbag.py:538} INFO - Filling up the DagBag from /Library/Frameworks/Python.framework/Versions/3.9/lib/python3.9/site-packages/airflow/example_dags/example_sensor_decorator.py
[2023-01-09T16:48:55.921-0500] {logging_mixin.py:137} WARNING - /Library/Frameworks/Python.framework/Versions/3.9/lib/python3.9/site-packages/airflow/models/dag.py:3492 RemovedInAirflow3Warning: Param `schedule_interval` is deprecated and will be removed in a future release. Please use `schedule` instead.
[2023-01-09T16:48:55.929-0500] {processor.py:753} INFO - DAG(s) dict_keys(['example_sensor_decorator']) retrieved from /Library/Frameworks/Python.framework/Versions/3.9/lib/python3.9/site-packages/airflow/example_dags/example_sensor_decorator.py
[2023-01-09T16:48:56.780-0500] {logging_mixin.py:137} INFO - [2023-01-09T16:48:56.780-0500] {dag.py:2676} INFO - Sync 1 DAGs
[2023-01-09T16:48:56.799-0500] {logging_mixin.py:137} INFO - [2023-01-09T16:48:56.799-0500] {dag.py:3423} INFO - Setting next_dagrun for example_sensor_decorator to None, run_after=None
[2023-01-09T16:48:56.821-0500] {processor.py:175} INFO - Processing /Library/Frameworks/Python.framework/Versions/3.9/lib/python3.9/site-packages/airflow/example_dags/example_sensor_decorator.py took 1.006 seconds
[2023-01-09T16:51:49.040-0500] {processor.py:153} INFO - Started process (PID=39357) to work on /Library/Frameworks/Python.framework/Versions/3.9/lib/python3.9/site-packages/airflow/example_dags/example_sensor_decorator.py
[2023-01-09T16:51:49.045-0500] {processor.py:743} INFO - Processing file /Library/Frameworks/Python.framework/Versions/3.9/lib/python3.9/site-packages/airflow/example_dags/example_sensor_decorator.py for tasks to queue
[2023-01-09T16:51:49.045-0500] {logging_mixin.py:137} INFO - [2023-01-09T16:51:49.045-0500] {dagbag.py:538} INFO - Filling up the DagBag from /Library/Frameworks/Python.framework/Versions/3.9/lib/python3.9/site-packages/airflow/example_dags/example_sensor_decorator.py
[2023-01-09T16:51:49.145-0500] {logging_mixin.py:137} WARNING - /Library/Frameworks/Python.framework/Versions/3.9/lib/python3.9/site-packages/airflow/models/dag.py:3492 RemovedInAirflow3Warning: Param `schedule_interval` is deprecated and will be removed in a future release. Please use `schedule` instead.
[2023-01-09T16:51:49.152-0500] {processor.py:753} INFO - DAG(s) dict_keys(['example_sensor_decorator']) retrieved from /Library/Frameworks/Python.framework/Versions/3.9/lib/python3.9/site-packages/airflow/example_dags/example_sensor_decorator.py
[2023-01-09T16:51:49.915-0500] {logging_mixin.py:137} INFO - [2023-01-09T16:51:49.915-0500] {dag.py:2676} INFO - Sync 1 DAGs
[2023-01-09T16:51:49.930-0500] {logging_mixin.py:137} INFO - [2023-01-09T16:51:49.930-0500] {dag.py:3423} INFO - Setting next_dagrun for example_sensor_decorator to None, run_after=None
[2023-01-09T16:51:49.947-0500] {processor.py:175} INFO - Processing /Library/Frameworks/Python.framework/Versions/3.9/lib/python3.9/site-packages/airflow/example_dags/example_sensor_decorator.py took 0.908 seconds
[2023-01-09T16:54:33.912-0500] {processor.py:153} INFO - Started process (PID=39458) to work on /Library/Frameworks/Python.framework/Versions/3.9/lib/python3.9/site-packages/airflow/example_dags/example_sensor_decorator.py
[2023-01-09T16:54:33.919-0500] {processor.py:743} INFO - Processing file /Library/Frameworks/Python.framework/Versions/3.9/lib/python3.9/site-packages/airflow/example_dags/example_sensor_decorator.py for tasks to queue
[2023-01-09T16:54:33.920-0500] {logging_mixin.py:137} INFO - [2023-01-09T16:54:33.919-0500] {dagbag.py:538} INFO - Filling up the DagBag from /Library/Frameworks/Python.framework/Versions/3.9/lib/python3.9/site-packages/airflow/example_dags/example_sensor_decorator.py
[2023-01-09T16:54:34.111-0500] {logging_mixin.py:137} WARNING - /Library/Frameworks/Python.framework/Versions/3.9/lib/python3.9/site-packages/airflow/models/dag.py:3492 RemovedInAirflow3Warning: Param `schedule_interval` is deprecated and will be removed in a future release. Please use `schedule` instead.
[2023-01-09T16:54:34.126-0500] {processor.py:753} INFO - DAG(s) dict_keys(['example_sensor_decorator']) retrieved from /Library/Frameworks/Python.framework/Versions/3.9/lib/python3.9/site-packages/airflow/example_dags/example_sensor_decorator.py
[2023-01-09T16:54:35.186-0500] {logging_mixin.py:137} INFO - [2023-01-09T16:54:35.186-0500] {dag.py:2676} INFO - Sync 1 DAGs
[2023-01-09T16:54:35.204-0500] {logging_mixin.py:137} INFO - [2023-01-09T16:54:35.204-0500] {dag.py:3423} INFO - Setting next_dagrun for example_sensor_decorator to None, run_after=None
[2023-01-09T16:54:35.226-0500] {processor.py:175} INFO - Processing /Library/Frameworks/Python.framework/Versions/3.9/lib/python3.9/site-packages/airflow/example_dags/example_sensor_decorator.py took 1.315 seconds
[2023-01-09T16:57:27.856-0500] {processor.py:153} INFO - Started process (PID=40928) to work on /Library/Frameworks/Python.framework/Versions/3.9/lib/python3.9/site-packages/airflow/example_dags/example_sensor_decorator.py
[2023-01-09T16:57:27.861-0500] {processor.py:743} INFO - Processing file /Library/Frameworks/Python.framework/Versions/3.9/lib/python3.9/site-packages/airflow/example_dags/example_sensor_decorator.py for tasks to queue
[2023-01-09T16:57:27.861-0500] {logging_mixin.py:137} INFO - [2023-01-09T16:57:27.861-0500] {dagbag.py:538} INFO - Filling up the DagBag from /Library/Frameworks/Python.framework/Versions/3.9/lib/python3.9/site-packages/airflow/example_dags/example_sensor_decorator.py
[2023-01-09T16:57:27.965-0500] {logging_mixin.py:137} WARNING - /Library/Frameworks/Python.framework/Versions/3.9/lib/python3.9/site-packages/airflow/models/dag.py:3492 RemovedInAirflow3Warning: Param `schedule_interval` is deprecated and will be removed in a future release. Please use `schedule` instead.
[2023-01-09T16:57:27.972-0500] {processor.py:753} INFO - DAG(s) dict_keys(['example_sensor_decorator']) retrieved from /Library/Frameworks/Python.framework/Versions/3.9/lib/python3.9/site-packages/airflow/example_dags/example_sensor_decorator.py
[2023-01-09T16:57:28.754-0500] {logging_mixin.py:137} INFO - [2023-01-09T16:57:28.753-0500] {dag.py:2676} INFO - Sync 1 DAGs
[2023-01-09T16:57:28.769-0500] {logging_mixin.py:137} INFO - [2023-01-09T16:57:28.769-0500] {dag.py:3423} INFO - Setting next_dagrun for example_sensor_decorator to None, run_after=None
[2023-01-09T16:57:28.786-0500] {processor.py:175} INFO - Processing /Library/Frameworks/Python.framework/Versions/3.9/lib/python3.9/site-packages/airflow/example_dags/example_sensor_decorator.py took 0.931 seconds
[2023-01-09T16:58:59.656-0500] {processor.py:153} INFO - Started process (PID=41131) to work on /Library/Frameworks/Python.framework/Versions/3.9/lib/python3.9/site-packages/airflow/example_dags/example_sensor_decorator.py
[2023-01-09T16:58:59.661-0500] {processor.py:743} INFO - Processing file /Library/Frameworks/Python.framework/Versions/3.9/lib/python3.9/site-packages/airflow/example_dags/example_sensor_decorator.py for tasks to queue
[2023-01-09T16:58:59.662-0500] {logging_mixin.py:137} INFO - [2023-01-09T16:58:59.662-0500] {dagbag.py:538} INFO - Filling up the DagBag from /Library/Frameworks/Python.framework/Versions/3.9/lib/python3.9/site-packages/airflow/example_dags/example_sensor_decorator.py
[2023-01-09T16:58:59.762-0500] {logging_mixin.py:137} WARNING - /Library/Frameworks/Python.framework/Versions/3.9/lib/python3.9/site-packages/airflow/models/dag.py:3492 RemovedInAirflow3Warning: Param `schedule_interval` is deprecated and will be removed in a future release. Please use `schedule` instead.
[2023-01-09T16:58:59.769-0500] {processor.py:753} INFO - DAG(s) dict_keys(['example_sensor_decorator']) retrieved from /Library/Frameworks/Python.framework/Versions/3.9/lib/python3.9/site-packages/airflow/example_dags/example_sensor_decorator.py
[2023-01-09T16:59:00.545-0500] {logging_mixin.py:137} INFO - [2023-01-09T16:59:00.544-0500] {dag.py:2676} INFO - Sync 1 DAGs
[2023-01-09T16:59:00.560-0500] {logging_mixin.py:137} INFO - [2023-01-09T16:59:00.560-0500] {dag.py:3423} INFO - Setting next_dagrun for example_sensor_decorator to None, run_after=None
[2023-01-09T16:59:00.578-0500] {processor.py:175} INFO - Processing /Library/Frameworks/Python.framework/Versions/3.9/lib/python3.9/site-packages/airflow/example_dags/example_sensor_decorator.py took 0.923 seconds
[2023-01-09T17:01:53.077-0500] {processor.py:153} INFO - Started process (PID=41359) to work on /Library/Frameworks/Python.framework/Versions/3.9/lib/python3.9/site-packages/airflow/example_dags/example_sensor_decorator.py
[2023-01-09T17:01:53.195-0500] {processor.py:743} INFO - Processing file /Library/Frameworks/Python.framework/Versions/3.9/lib/python3.9/site-packages/airflow/example_dags/example_sensor_decorator.py for tasks to queue
[2023-01-09T17:01:53.257-0500] {logging_mixin.py:137} INFO - [2023-01-09T17:01:53.257-0500] {dagbag.py:538} INFO - Filling up the DagBag from /Library/Frameworks/Python.framework/Versions/3.9/lib/python3.9/site-packages/airflow/example_dags/example_sensor_decorator.py
[2023-01-09T17:01:53.543-0500] {logging_mixin.py:137} WARNING - /Library/Frameworks/Python.framework/Versions/3.9/lib/python3.9/site-packages/airflow/models/dag.py:3492 RemovedInAirflow3Warning: Param `schedule_interval` is deprecated and will be removed in a future release. Please use `schedule` instead.
[2023-01-09T17:01:53.553-0500] {processor.py:753} INFO - DAG(s) dict_keys(['example_sensor_decorator']) retrieved from /Library/Frameworks/Python.framework/Versions/3.9/lib/python3.9/site-packages/airflow/example_dags/example_sensor_decorator.py
[2023-01-09T17:01:54.759-0500] {logging_mixin.py:137} INFO - [2023-01-09T17:01:54.759-0500] {dag.py:2676} INFO - Sync 1 DAGs
[2023-01-09T17:01:54.774-0500] {logging_mixin.py:137} INFO - [2023-01-09T17:01:54.774-0500] {dag.py:3423} INFO - Setting next_dagrun for example_sensor_decorator to None, run_after=None
[2023-01-09T17:01:54.795-0500] {processor.py:175} INFO - Processing /Library/Frameworks/Python.framework/Versions/3.9/lib/python3.9/site-packages/airflow/example_dags/example_sensor_decorator.py took 1.719 seconds
[2023-01-09T17:03:29.850-0500] {processor.py:153} INFO - Started process (PID=41531) to work on /Library/Frameworks/Python.framework/Versions/3.9/lib/python3.9/site-packages/airflow/example_dags/example_sensor_decorator.py
[2023-01-09T17:03:29.856-0500] {processor.py:743} INFO - Processing file /Library/Frameworks/Python.framework/Versions/3.9/lib/python3.9/site-packages/airflow/example_dags/example_sensor_decorator.py for tasks to queue
[2023-01-09T17:03:29.857-0500] {logging_mixin.py:137} INFO - [2023-01-09T17:03:29.856-0500] {dagbag.py:538} INFO - Filling up the DagBag from /Library/Frameworks/Python.framework/Versions/3.9/lib/python3.9/site-packages/airflow/example_dags/example_sensor_decorator.py
[2023-01-09T17:03:29.975-0500] {logging_mixin.py:137} WARNING - /Library/Frameworks/Python.framework/Versions/3.9/lib/python3.9/site-packages/airflow/models/dag.py:3492 RemovedInAirflow3Warning: Param `schedule_interval` is deprecated and will be removed in a future release. Please use `schedule` instead.
[2023-01-09T17:03:29.984-0500] {processor.py:753} INFO - DAG(s) dict_keys(['example_sensor_decorator']) retrieved from /Library/Frameworks/Python.framework/Versions/3.9/lib/python3.9/site-packages/airflow/example_dags/example_sensor_decorator.py
[2023-01-09T17:03:31.025-0500] {logging_mixin.py:137} INFO - [2023-01-09T17:03:31.025-0500] {dag.py:2676} INFO - Sync 1 DAGs
[2023-01-09T17:03:31.070-0500] {logging_mixin.py:137} INFO - [2023-01-09T17:03:31.070-0500] {dag.py:3423} INFO - Setting next_dagrun for example_sensor_decorator to None, run_after=None
[2023-01-09T17:03:31.092-0500] {processor.py:175} INFO - Processing /Library/Frameworks/Python.framework/Versions/3.9/lib/python3.9/site-packages/airflow/example_dags/example_sensor_decorator.py took 1.243 seconds
[2023-01-09T17:05:03.302-0500] {processor.py:153} INFO - Started process (PID=41649) to work on /Library/Frameworks/Python.framework/Versions/3.9/lib/python3.9/site-packages/airflow/example_dags/example_sensor_decorator.py
[2023-01-09T17:05:03.308-0500] {processor.py:743} INFO - Processing file /Library/Frameworks/Python.framework/Versions/3.9/lib/python3.9/site-packages/airflow/example_dags/example_sensor_decorator.py for tasks to queue
[2023-01-09T17:05:03.308-0500] {logging_mixin.py:137} INFO - [2023-01-09T17:05:03.308-0500] {dagbag.py:538} INFO - Filling up the DagBag from /Library/Frameworks/Python.framework/Versions/3.9/lib/python3.9/site-packages/airflow/example_dags/example_sensor_decorator.py
[2023-01-09T17:05:03.442-0500] {logging_mixin.py:137} WARNING - /Library/Frameworks/Python.framework/Versions/3.9/lib/python3.9/site-packages/airflow/models/dag.py:3492 RemovedInAirflow3Warning: Param `schedule_interval` is deprecated and will be removed in a future release. Please use `schedule` instead.
[2023-01-09T17:05:03.451-0500] {processor.py:753} INFO - DAG(s) dict_keys(['example_sensor_decorator']) retrieved from /Library/Frameworks/Python.framework/Versions/3.9/lib/python3.9/site-packages/airflow/example_dags/example_sensor_decorator.py
[2023-01-09T17:05:04.630-0500] {logging_mixin.py:137} INFO - [2023-01-09T17:05:04.630-0500] {dag.py:2676} INFO - Sync 1 DAGs
[2023-01-09T17:05:04.649-0500] {logging_mixin.py:137} INFO - [2023-01-09T17:05:04.649-0500] {dag.py:3423} INFO - Setting next_dagrun for example_sensor_decorator to None, run_after=None
[2023-01-09T17:05:04.671-0500] {processor.py:175} INFO - Processing /Library/Frameworks/Python.framework/Versions/3.9/lib/python3.9/site-packages/airflow/example_dags/example_sensor_decorator.py took 1.369 seconds
[2023-01-09T17:06:30.674-0500] {processor.py:153} INFO - Started process (PID=41880) to work on /Library/Frameworks/Python.framework/Versions/3.9/lib/python3.9/site-packages/airflow/example_dags/example_sensor_decorator.py
[2023-01-09T17:06:30.679-0500] {processor.py:743} INFO - Processing file /Library/Frameworks/Python.framework/Versions/3.9/lib/python3.9/site-packages/airflow/example_dags/example_sensor_decorator.py for tasks to queue
[2023-01-09T17:06:30.679-0500] {logging_mixin.py:137} INFO - [2023-01-09T17:06:30.679-0500] {dagbag.py:538} INFO - Filling up the DagBag from /Library/Frameworks/Python.framework/Versions/3.9/lib/python3.9/site-packages/airflow/example_dags/example_sensor_decorator.py
[2023-01-09T17:06:30.784-0500] {logging_mixin.py:137} WARNING - /Library/Frameworks/Python.framework/Versions/3.9/lib/python3.9/site-packages/airflow/models/dag.py:3492 RemovedInAirflow3Warning: Param `schedule_interval` is deprecated and will be removed in a future release. Please use `schedule` instead.
[2023-01-09T17:06:30.792-0500] {processor.py:753} INFO - DAG(s) dict_keys(['example_sensor_decorator']) retrieved from /Library/Frameworks/Python.framework/Versions/3.9/lib/python3.9/site-packages/airflow/example_dags/example_sensor_decorator.py
[2023-01-09T17:06:31.671-0500] {logging_mixin.py:137} INFO - [2023-01-09T17:06:31.670-0500] {dag.py:2676} INFO - Sync 1 DAGs
[2023-01-09T17:06:31.851-0500] {logging_mixin.py:137} INFO - [2023-01-09T17:06:31.851-0500] {dag.py:3423} INFO - Setting next_dagrun for example_sensor_decorator to None, run_after=None
[2023-01-09T17:06:31.945-0500] {processor.py:175} INFO - Processing /Library/Frameworks/Python.framework/Versions/3.9/lib/python3.9/site-packages/airflow/example_dags/example_sensor_decorator.py took 1.272 seconds
[2023-01-09T17:09:17.534-0500] {processor.py:153} INFO - Started process (PID=42144) to work on /Library/Frameworks/Python.framework/Versions/3.9/lib/python3.9/site-packages/airflow/example_dags/example_sensor_decorator.py
[2023-01-09T17:09:17.539-0500] {processor.py:743} INFO - Processing file /Library/Frameworks/Python.framework/Versions/3.9/lib/python3.9/site-packages/airflow/example_dags/example_sensor_decorator.py for tasks to queue
[2023-01-09T17:09:17.540-0500] {logging_mixin.py:137} INFO - [2023-01-09T17:09:17.540-0500] {dagbag.py:538} INFO - Filling up the DagBag from /Library/Frameworks/Python.framework/Versions/3.9/lib/python3.9/site-packages/airflow/example_dags/example_sensor_decorator.py
[2023-01-09T17:09:17.656-0500] {logging_mixin.py:137} WARNING - /Library/Frameworks/Python.framework/Versions/3.9/lib/python3.9/site-packages/airflow/models/dag.py:3492 RemovedInAirflow3Warning: Param `schedule_interval` is deprecated and will be removed in a future release. Please use `schedule` instead.
[2023-01-09T17:09:17.665-0500] {processor.py:753} INFO - DAG(s) dict_keys(['example_sensor_decorator']) retrieved from /Library/Frameworks/Python.framework/Versions/3.9/lib/python3.9/site-packages/airflow/example_dags/example_sensor_decorator.py
[2023-01-09T17:09:18.523-0500] {logging_mixin.py:137} INFO - [2023-01-09T17:09:18.522-0500] {dag.py:2676} INFO - Sync 1 DAGs
[2023-01-09T17:09:18.541-0500] {logging_mixin.py:137} INFO - [2023-01-09T17:09:18.541-0500] {dag.py:3423} INFO - Setting next_dagrun for example_sensor_decorator to None, run_after=None
[2023-01-09T17:09:18.569-0500] {processor.py:175} INFO - Processing /Library/Frameworks/Python.framework/Versions/3.9/lib/python3.9/site-packages/airflow/example_dags/example_sensor_decorator.py took 1.036 seconds
[2023-01-09T17:12:02.267-0500] {processor.py:153} INFO - Started process (PID=42435) to work on /Library/Frameworks/Python.framework/Versions/3.9/lib/python3.9/site-packages/airflow/example_dags/example_sensor_decorator.py
[2023-01-09T17:12:02.272-0500] {processor.py:743} INFO - Processing file /Library/Frameworks/Python.framework/Versions/3.9/lib/python3.9/site-packages/airflow/example_dags/example_sensor_decorator.py for tasks to queue
[2023-01-09T17:12:02.273-0500] {logging_mixin.py:137} INFO - [2023-01-09T17:12:02.273-0500] {dagbag.py:538} INFO - Filling up the DagBag from /Library/Frameworks/Python.framework/Versions/3.9/lib/python3.9/site-packages/airflow/example_dags/example_sensor_decorator.py
[2023-01-09T17:12:02.371-0500] {logging_mixin.py:137} WARNING - /Library/Frameworks/Python.framework/Versions/3.9/lib/python3.9/site-packages/airflow/models/dag.py:3492 RemovedInAirflow3Warning: Param `schedule_interval` is deprecated and will be removed in a future release. Please use `schedule` instead.
[2023-01-09T17:12:02.378-0500] {processor.py:753} INFO - DAG(s) dict_keys(['example_sensor_decorator']) retrieved from /Library/Frameworks/Python.framework/Versions/3.9/lib/python3.9/site-packages/airflow/example_dags/example_sensor_decorator.py
[2023-01-09T17:12:02.428-0500] {logging_mixin.py:137} INFO - [2023-01-09T17:12:02.428-0500] {dag.py:2676} INFO - Sync 1 DAGs
[2023-01-09T17:12:03.089-0500] {logging_mixin.py:137} INFO - [2023-01-09T17:12:03.089-0500] {dag.py:3423} INFO - Setting next_dagrun for example_sensor_decorator to None, run_after=None
[2023-01-09T17:12:03.108-0500] {processor.py:175} INFO - Processing /Library/Frameworks/Python.framework/Versions/3.9/lib/python3.9/site-packages/airflow/example_dags/example_sensor_decorator.py took 0.842 seconds
[2023-01-09T17:12:51.475-0500] {processor.py:153} INFO - Started process (PID=42478) to work on /Library/Frameworks/Python.framework/Versions/3.9/lib/python3.9/site-packages/airflow/example_dags/example_sensor_decorator.py
[2023-01-09T17:12:51.481-0500] {processor.py:743} INFO - Processing file /Library/Frameworks/Python.framework/Versions/3.9/lib/python3.9/site-packages/airflow/example_dags/example_sensor_decorator.py for tasks to queue
[2023-01-09T17:12:51.481-0500] {logging_mixin.py:137} INFO - [2023-01-09T17:12:51.481-0500] {dagbag.py:538} INFO - Filling up the DagBag from /Library/Frameworks/Python.framework/Versions/3.9/lib/python3.9/site-packages/airflow/example_dags/example_sensor_decorator.py
[2023-01-09T17:12:51.595-0500] {logging_mixin.py:137} WARNING - /Library/Frameworks/Python.framework/Versions/3.9/lib/python3.9/site-packages/airflow/models/dag.py:3492 RemovedInAirflow3Warning: Param `schedule_interval` is deprecated and will be removed in a future release. Please use `schedule` instead.
[2023-01-09T17:12:51.603-0500] {processor.py:753} INFO - DAG(s) dict_keys(['example_sensor_decorator']) retrieved from /Library/Frameworks/Python.framework/Versions/3.9/lib/python3.9/site-packages/airflow/example_dags/example_sensor_decorator.py
[2023-01-09T17:12:52.645-0500] {logging_mixin.py:137} INFO - [2023-01-09T17:12:52.645-0500] {dag.py:2676} INFO - Sync 1 DAGs
[2023-01-09T17:12:52.733-0500] {logging_mixin.py:137} INFO - [2023-01-09T17:12:52.732-0500] {dag.py:3423} INFO - Setting next_dagrun for example_sensor_decorator to None, run_after=None
[2023-01-09T17:12:52.805-0500] {processor.py:175} INFO - Processing /Library/Frameworks/Python.framework/Versions/3.9/lib/python3.9/site-packages/airflow/example_dags/example_sensor_decorator.py took 1.331 seconds
[2023-01-09T17:14:46.355-0500] {processor.py:153} INFO - Started process (PID=42660) to work on /Library/Frameworks/Python.framework/Versions/3.9/lib/python3.9/site-packages/airflow/example_dags/example_sensor_decorator.py
[2023-01-09T17:14:46.360-0500] {processor.py:743} INFO - Processing file /Library/Frameworks/Python.framework/Versions/3.9/lib/python3.9/site-packages/airflow/example_dags/example_sensor_decorator.py for tasks to queue
[2023-01-09T17:14:46.361-0500] {logging_mixin.py:137} INFO - [2023-01-09T17:14:46.360-0500] {dagbag.py:538} INFO - Filling up the DagBag from /Library/Frameworks/Python.framework/Versions/3.9/lib/python3.9/site-packages/airflow/example_dags/example_sensor_decorator.py
[2023-01-09T17:14:46.459-0500] {logging_mixin.py:137} WARNING - /Library/Frameworks/Python.framework/Versions/3.9/lib/python3.9/site-packages/airflow/models/dag.py:3492 RemovedInAirflow3Warning: Param `schedule_interval` is deprecated and will be removed in a future release. Please use `schedule` instead.
[2023-01-09T17:14:46.467-0500] {processor.py:753} INFO - DAG(s) dict_keys(['example_sensor_decorator']) retrieved from /Library/Frameworks/Python.framework/Versions/3.9/lib/python3.9/site-packages/airflow/example_dags/example_sensor_decorator.py
[2023-01-09T17:14:47.267-0500] {logging_mixin.py:137} INFO - [2023-01-09T17:14:47.267-0500] {dag.py:2676} INFO - Sync 1 DAGs
[2023-01-09T17:14:47.282-0500] {logging_mixin.py:137} INFO - [2023-01-09T17:14:47.282-0500] {dag.py:3423} INFO - Setting next_dagrun for example_sensor_decorator to None, run_after=None
[2023-01-09T17:14:47.299-0500] {processor.py:175} INFO - Processing /Library/Frameworks/Python.framework/Versions/3.9/lib/python3.9/site-packages/airflow/example_dags/example_sensor_decorator.py took 0.945 seconds
[2023-01-09T17:14:47.693-0500] {processor.py:153} INFO - Started process (PID=42661) to work on /Library/Frameworks/Python.framework/Versions/3.9/lib/python3.9/site-packages/airflow/example_dags/example_sensor_decorator.py
[2023-01-09T17:14:47.698-0500] {processor.py:743} INFO - Processing file /Library/Frameworks/Python.framework/Versions/3.9/lib/python3.9/site-packages/airflow/example_dags/example_sensor_decorator.py for tasks to queue
[2023-01-09T17:14:47.698-0500] {logging_mixin.py:137} INFO - [2023-01-09T17:14:47.698-0500] {dagbag.py:538} INFO - Filling up the DagBag from /Library/Frameworks/Python.framework/Versions/3.9/lib/python3.9/site-packages/airflow/example_dags/example_sensor_decorator.py
[2023-01-09T17:14:47.795-0500] {logging_mixin.py:137} WARNING - /Library/Frameworks/Python.framework/Versions/3.9/lib/python3.9/site-packages/airflow/models/dag.py:3492 RemovedInAirflow3Warning: Param `schedule_interval` is deprecated and will be removed in a future release. Please use `schedule` instead.
[2023-01-09T17:14:47.802-0500] {processor.py:753} INFO - DAG(s) dict_keys(['example_sensor_decorator']) retrieved from /Library/Frameworks/Python.framework/Versions/3.9/lib/python3.9/site-packages/airflow/example_dags/example_sensor_decorator.py
[2023-01-09T17:14:48.655-0500] {logging_mixin.py:137} INFO - [2023-01-09T17:14:48.655-0500] {dag.py:2676} INFO - Sync 1 DAGs
[2023-01-09T17:14:48.671-0500] {logging_mixin.py:137} INFO - [2023-01-09T17:14:48.671-0500] {dag.py:3423} INFO - Setting next_dagrun for example_sensor_decorator to None, run_after=None
[2023-01-09T17:14:48.689-0500] {processor.py:175} INFO - Processing /Library/Frameworks/Python.framework/Versions/3.9/lib/python3.9/site-packages/airflow/example_dags/example_sensor_decorator.py took 0.997 seconds
[2023-01-09T17:17:20.529-0500] {processor.py:153} INFO - Started process (PID=43022) to work on /Library/Frameworks/Python.framework/Versions/3.9/lib/python3.9/site-packages/airflow/example_dags/example_sensor_decorator.py
[2023-01-09T17:17:20.538-0500] {processor.py:743} INFO - Processing file /Library/Frameworks/Python.framework/Versions/3.9/lib/python3.9/site-packages/airflow/example_dags/example_sensor_decorator.py for tasks to queue
[2023-01-09T17:17:20.538-0500] {logging_mixin.py:137} INFO - [2023-01-09T17:17:20.538-0500] {dagbag.py:538} INFO - Filling up the DagBag from /Library/Frameworks/Python.framework/Versions/3.9/lib/python3.9/site-packages/airflow/example_dags/example_sensor_decorator.py
[2023-01-09T17:17:20.709-0500] {logging_mixin.py:137} WARNING - /Library/Frameworks/Python.framework/Versions/3.9/lib/python3.9/site-packages/airflow/models/dag.py:3492 RemovedInAirflow3Warning: Param `schedule_interval` is deprecated and will be removed in a future release. Please use `schedule` instead.
[2023-01-09T17:17:20.717-0500] {processor.py:753} INFO - DAG(s) dict_keys(['example_sensor_decorator']) retrieved from /Library/Frameworks/Python.framework/Versions/3.9/lib/python3.9/site-packages/airflow/example_dags/example_sensor_decorator.py
[2023-01-09T17:17:21.651-0500] {logging_mixin.py:137} INFO - [2023-01-09T17:17:21.651-0500] {dag.py:2676} INFO - Sync 1 DAGs
[2023-01-09T17:17:21.669-0500] {logging_mixin.py:137} INFO - [2023-01-09T17:17:21.668-0500] {dag.py:3423} INFO - Setting next_dagrun for example_sensor_decorator to None, run_after=None
[2023-01-09T17:17:21.685-0500] {processor.py:175} INFO - Processing /Library/Frameworks/Python.framework/Versions/3.9/lib/python3.9/site-packages/airflow/example_dags/example_sensor_decorator.py took 1.157 seconds
[2023-01-09T17:17:24.313-0500] {processor.py:153} INFO - Started process (PID=43063) to work on /Library/Frameworks/Python.framework/Versions/3.9/lib/python3.9/site-packages/airflow/example_dags/example_sensor_decorator.py
[2023-01-09T17:17:24.318-0500] {processor.py:743} INFO - Processing file /Library/Frameworks/Python.framework/Versions/3.9/lib/python3.9/site-packages/airflow/example_dags/example_sensor_decorator.py for tasks to queue
[2023-01-09T17:17:24.318-0500] {logging_mixin.py:137} INFO - [2023-01-09T17:17:24.318-0500] {dagbag.py:538} INFO - Filling up the DagBag from /Library/Frameworks/Python.framework/Versions/3.9/lib/python3.9/site-packages/airflow/example_dags/example_sensor_decorator.py
[2023-01-09T17:17:24.415-0500] {logging_mixin.py:137} WARNING - /Library/Frameworks/Python.framework/Versions/3.9/lib/python3.9/site-packages/airflow/models/dag.py:3492 RemovedInAirflow3Warning: Param `schedule_interval` is deprecated and will be removed in a future release. Please use `schedule` instead.
[2023-01-09T17:17:24.423-0500] {processor.py:753} INFO - DAG(s) dict_keys(['example_sensor_decorator']) retrieved from /Library/Frameworks/Python.framework/Versions/3.9/lib/python3.9/site-packages/airflow/example_dags/example_sensor_decorator.py
[2023-01-09T17:17:25.483-0500] {logging_mixin.py:137} INFO - [2023-01-09T17:17:25.482-0500] {dag.py:2676} INFO - Sync 1 DAGs
[2023-01-09T17:17:25.498-0500] {logging_mixin.py:137} INFO - [2023-01-09T17:17:25.498-0500] {dag.py:3423} INFO - Setting next_dagrun for example_sensor_decorator to None, run_after=None
[2023-01-09T17:17:25.515-0500] {processor.py:175} INFO - Processing /Library/Frameworks/Python.framework/Versions/3.9/lib/python3.9/site-packages/airflow/example_dags/example_sensor_decorator.py took 1.203 seconds
[2023-01-09T17:19:52.591-0500] {processor.py:153} INFO - Started process (PID=43264) to work on /Library/Frameworks/Python.framework/Versions/3.9/lib/python3.9/site-packages/airflow/example_dags/example_sensor_decorator.py
[2023-01-09T17:19:52.597-0500] {processor.py:743} INFO - Processing file /Library/Frameworks/Python.framework/Versions/3.9/lib/python3.9/site-packages/airflow/example_dags/example_sensor_decorator.py for tasks to queue
[2023-01-09T17:19:52.597-0500] {logging_mixin.py:137} INFO - [2023-01-09T17:19:52.597-0500] {dagbag.py:538} INFO - Filling up the DagBag from /Library/Frameworks/Python.framework/Versions/3.9/lib/python3.9/site-packages/airflow/example_dags/example_sensor_decorator.py
[2023-01-09T17:19:52.702-0500] {logging_mixin.py:137} WARNING - /Library/Frameworks/Python.framework/Versions/3.9/lib/python3.9/site-packages/airflow/models/dag.py:3492 RemovedInAirflow3Warning: Param `schedule_interval` is deprecated and will be removed in a future release. Please use `schedule` instead.
[2023-01-09T17:19:52.710-0500] {processor.py:753} INFO - DAG(s) dict_keys(['example_sensor_decorator']) retrieved from /Library/Frameworks/Python.framework/Versions/3.9/lib/python3.9/site-packages/airflow/example_dags/example_sensor_decorator.py
[2023-01-09T17:19:53.586-0500] {logging_mixin.py:137} INFO - [2023-01-09T17:19:53.586-0500] {dag.py:2676} INFO - Sync 1 DAGs
[2023-01-09T17:19:53.602-0500] {logging_mixin.py:137} INFO - [2023-01-09T17:19:53.602-0500] {dag.py:3423} INFO - Setting next_dagrun for example_sensor_decorator to None, run_after=None
[2023-01-09T17:19:53.619-0500] {processor.py:175} INFO - Processing /Library/Frameworks/Python.framework/Versions/3.9/lib/python3.9/site-packages/airflow/example_dags/example_sensor_decorator.py took 1.028 seconds
[2023-01-09T17:19:55.820-0500] {processor.py:153} INFO - Started process (PID=43267) to work on /Library/Frameworks/Python.framework/Versions/3.9/lib/python3.9/site-packages/airflow/example_dags/example_sensor_decorator.py
[2023-01-09T17:19:55.825-0500] {processor.py:743} INFO - Processing file /Library/Frameworks/Python.framework/Versions/3.9/lib/python3.9/site-packages/airflow/example_dags/example_sensor_decorator.py for tasks to queue
[2023-01-09T17:19:55.826-0500] {logging_mixin.py:137} INFO - [2023-01-09T17:19:55.825-0500] {dagbag.py:538} INFO - Filling up the DagBag from /Library/Frameworks/Python.framework/Versions/3.9/lib/python3.9/site-packages/airflow/example_dags/example_sensor_decorator.py
[2023-01-09T17:19:55.929-0500] {logging_mixin.py:137} WARNING - /Library/Frameworks/Python.framework/Versions/3.9/lib/python3.9/site-packages/airflow/models/dag.py:3492 RemovedInAirflow3Warning: Param `schedule_interval` is deprecated and will be removed in a future release. Please use `schedule` instead.
[2023-01-09T17:19:55.937-0500] {processor.py:753} INFO - DAG(s) dict_keys(['example_sensor_decorator']) retrieved from /Library/Frameworks/Python.framework/Versions/3.9/lib/python3.9/site-packages/airflow/example_dags/example_sensor_decorator.py
[2023-01-09T17:19:56.749-0500] {logging_mixin.py:137} INFO - [2023-01-09T17:19:56.749-0500] {dag.py:2676} INFO - Sync 1 DAGs
[2023-01-09T17:19:56.766-0500] {logging_mixin.py:137} INFO - [2023-01-09T17:19:56.765-0500] {dag.py:3423} INFO - Setting next_dagrun for example_sensor_decorator to None, run_after=None
[2023-01-09T17:19:56.788-0500] {processor.py:175} INFO - Processing /Library/Frameworks/Python.framework/Versions/3.9/lib/python3.9/site-packages/airflow/example_dags/example_sensor_decorator.py took 0.969 seconds
[2023-01-09T17:22:23.158-0500] {processor.py:153} INFO - Started process (PID=43437) to work on /Library/Frameworks/Python.framework/Versions/3.9/lib/python3.9/site-packages/airflow/example_dags/example_sensor_decorator.py
[2023-01-09T17:22:23.164-0500] {processor.py:743} INFO - Processing file /Library/Frameworks/Python.framework/Versions/3.9/lib/python3.9/site-packages/airflow/example_dags/example_sensor_decorator.py for tasks to queue
[2023-01-09T17:22:23.164-0500] {logging_mixin.py:137} INFO - [2023-01-09T17:22:23.164-0500] {dagbag.py:538} INFO - Filling up the DagBag from /Library/Frameworks/Python.framework/Versions/3.9/lib/python3.9/site-packages/airflow/example_dags/example_sensor_decorator.py
[2023-01-09T17:22:23.268-0500] {logging_mixin.py:137} WARNING - /Library/Frameworks/Python.framework/Versions/3.9/lib/python3.9/site-packages/airflow/models/dag.py:3492 RemovedInAirflow3Warning: Param `schedule_interval` is deprecated and will be removed in a future release. Please use `schedule` instead.
[2023-01-09T17:22:23.276-0500] {processor.py:753} INFO - DAG(s) dict_keys(['example_sensor_decorator']) retrieved from /Library/Frameworks/Python.framework/Versions/3.9/lib/python3.9/site-packages/airflow/example_dags/example_sensor_decorator.py
[2023-01-09T17:22:24.073-0500] {logging_mixin.py:137} INFO - [2023-01-09T17:22:24.073-0500] {dag.py:2676} INFO - Sync 1 DAGs
[2023-01-09T17:22:24.089-0500] {logging_mixin.py:137} INFO - [2023-01-09T17:22:24.089-0500] {dag.py:3423} INFO - Setting next_dagrun for example_sensor_decorator to None, run_after=None
[2023-01-09T17:22:24.109-0500] {processor.py:175} INFO - Processing /Library/Frameworks/Python.framework/Versions/3.9/lib/python3.9/site-packages/airflow/example_dags/example_sensor_decorator.py took 0.952 seconds
[2023-01-09T17:22:27.033-0500] {processor.py:153} INFO - Started process (PID=43440) to work on /Library/Frameworks/Python.framework/Versions/3.9/lib/python3.9/site-packages/airflow/example_dags/example_sensor_decorator.py
[2023-01-09T17:22:27.038-0500] {processor.py:743} INFO - Processing file /Library/Frameworks/Python.framework/Versions/3.9/lib/python3.9/site-packages/airflow/example_dags/example_sensor_decorator.py for tasks to queue
[2023-01-09T17:22:27.039-0500] {logging_mixin.py:137} INFO - [2023-01-09T17:22:27.039-0500] {dagbag.py:538} INFO - Filling up the DagBag from /Library/Frameworks/Python.framework/Versions/3.9/lib/python3.9/site-packages/airflow/example_dags/example_sensor_decorator.py
[2023-01-09T17:22:27.141-0500] {logging_mixin.py:137} WARNING - /Library/Frameworks/Python.framework/Versions/3.9/lib/python3.9/site-packages/airflow/models/dag.py:3492 RemovedInAirflow3Warning: Param `schedule_interval` is deprecated and will be removed in a future release. Please use `schedule` instead.
[2023-01-09T17:22:27.150-0500] {processor.py:753} INFO - DAG(s) dict_keys(['example_sensor_decorator']) retrieved from /Library/Frameworks/Python.framework/Versions/3.9/lib/python3.9/site-packages/airflow/example_dags/example_sensor_decorator.py
[2023-01-09T17:22:28.006-0500] {logging_mixin.py:137} INFO - [2023-01-09T17:22:28.006-0500] {dag.py:2676} INFO - Sync 1 DAGs
[2023-01-09T17:22:28.022-0500] {logging_mixin.py:137} INFO - [2023-01-09T17:22:28.022-0500] {dag.py:3423} INFO - Setting next_dagrun for example_sensor_decorator to None, run_after=None
[2023-01-09T17:22:28.046-0500] {processor.py:175} INFO - Processing /Library/Frameworks/Python.framework/Versions/3.9/lib/python3.9/site-packages/airflow/example_dags/example_sensor_decorator.py took 1.013 seconds
[2023-01-09T18:24:28.233-0500] {processor.py:153} INFO - Started process (PID=44300) to work on /Library/Frameworks/Python.framework/Versions/3.9/lib/python3.9/site-packages/airflow/example_dags/example_sensor_decorator.py
[2023-01-09T18:24:28.233-0500] {processor.py:153} INFO - Started process (PID=44301) to work on /Library/Frameworks/Python.framework/Versions/3.9/lib/python3.9/site-packages/airflow/example_dags/example_sensor_decorator.py
[2023-01-09T18:24:28.239-0500] {processor.py:743} INFO - Processing file /Library/Frameworks/Python.framework/Versions/3.9/lib/python3.9/site-packages/airflow/example_dags/example_sensor_decorator.py for tasks to queue
[2023-01-09T18:24:28.239-0500] {processor.py:743} INFO - Processing file /Library/Frameworks/Python.framework/Versions/3.9/lib/python3.9/site-packages/airflow/example_dags/example_sensor_decorator.py for tasks to queue
[2023-01-09T18:24:28.240-0500] {logging_mixin.py:137} INFO - [2023-01-09T18:24:28.240-0500] {dagbag.py:538} INFO - Filling up the DagBag from /Library/Frameworks/Python.framework/Versions/3.9/lib/python3.9/site-packages/airflow/example_dags/example_sensor_decorator.py
[2023-01-09T18:24:28.240-0500] {logging_mixin.py:137} INFO - [2023-01-09T18:24:28.240-0500] {dagbag.py:538} INFO - Filling up the DagBag from /Library/Frameworks/Python.framework/Versions/3.9/lib/python3.9/site-packages/airflow/example_dags/example_sensor_decorator.py
[2023-01-09T18:24:28.397-0500] {logging_mixin.py:137} WARNING - /Library/Frameworks/Python.framework/Versions/3.9/lib/python3.9/site-packages/airflow/models/dag.py:3492 RemovedInAirflow3Warning: Param `schedule_interval` is deprecated and will be removed in a future release. Please use `schedule` instead.
[2023-01-09T18:24:28.397-0500] {logging_mixin.py:137} WARNING - /Library/Frameworks/Python.framework/Versions/3.9/lib/python3.9/site-packages/airflow/models/dag.py:3492 RemovedInAirflow3Warning: Param `schedule_interval` is deprecated and will be removed in a future release. Please use `schedule` instead.
[2023-01-09T18:24:28.413-0500] {processor.py:753} INFO - DAG(s) dict_keys(['example_sensor_decorator']) retrieved from /Library/Frameworks/Python.framework/Versions/3.9/lib/python3.9/site-packages/airflow/example_dags/example_sensor_decorator.py
[2023-01-09T18:24:28.413-0500] {processor.py:753} INFO - DAG(s) dict_keys(['example_sensor_decorator']) retrieved from /Library/Frameworks/Python.framework/Versions/3.9/lib/python3.9/site-packages/airflow/example_dags/example_sensor_decorator.py
[2023-01-09T18:24:29.563-0500] {logging_mixin.py:137} INFO - [2023-01-09T18:24:29.563-0500] {dag.py:2676} INFO - Sync 1 DAGs
[2023-01-09T18:24:29.563-0500] {logging_mixin.py:137} INFO - [2023-01-09T18:24:29.563-0500] {dag.py:2676} INFO - Sync 1 DAGs
[2023-01-09T18:24:29.579-0500] {logging_mixin.py:137} INFO - [2023-01-09T18:24:29.579-0500] {dag.py:3423} INFO - Setting next_dagrun for example_sensor_decorator to None, run_after=None
[2023-01-09T18:24:29.580-0500] {logging_mixin.py:137} INFO - [2023-01-09T18:24:29.580-0500] {dag.py:3423} INFO - Setting next_dagrun for example_sensor_decorator to None, run_after=None
[2023-01-09T18:24:29.604-0500] {processor.py:175} INFO - Processing /Library/Frameworks/Python.framework/Versions/3.9/lib/python3.9/site-packages/airflow/example_dags/example_sensor_decorator.py took 1.372 seconds
[2023-01-09T18:24:29.605-0500] {processor.py:175} INFO - Processing /Library/Frameworks/Python.framework/Versions/3.9/lib/python3.9/site-packages/airflow/example_dags/example_sensor_decorator.py took 1.374 seconds
[2023-01-09T18:32:40.974-0500] {processor.py:153} INFO - Started process (PID=44560) to work on /Library/Frameworks/Python.framework/Versions/3.9/lib/python3.9/site-packages/airflow/example_dags/example_sensor_decorator.py
[2023-01-09T18:32:40.975-0500] {processor.py:153} INFO - Started process (PID=44559) to work on /Library/Frameworks/Python.framework/Versions/3.9/lib/python3.9/site-packages/airflow/example_dags/example_sensor_decorator.py
[2023-01-09T18:32:40.980-0500] {processor.py:743} INFO - Processing file /Library/Frameworks/Python.framework/Versions/3.9/lib/python3.9/site-packages/airflow/example_dags/example_sensor_decorator.py for tasks to queue
[2023-01-09T18:32:40.980-0500] {processor.py:743} INFO - Processing file /Library/Frameworks/Python.framework/Versions/3.9/lib/python3.9/site-packages/airflow/example_dags/example_sensor_decorator.py for tasks to queue
[2023-01-09T18:32:40.980-0500] {logging_mixin.py:137} INFO - [2023-01-09T18:32:40.980-0500] {dagbag.py:538} INFO - Filling up the DagBag from /Library/Frameworks/Python.framework/Versions/3.9/lib/python3.9/site-packages/airflow/example_dags/example_sensor_decorator.py
[2023-01-09T18:32:40.980-0500] {logging_mixin.py:137} INFO - [2023-01-09T18:32:40.980-0500] {dagbag.py:538} INFO - Filling up the DagBag from /Library/Frameworks/Python.framework/Versions/3.9/lib/python3.9/site-packages/airflow/example_dags/example_sensor_decorator.py
[2023-01-09T18:32:41.086-0500] {logging_mixin.py:137} WARNING - /Library/Frameworks/Python.framework/Versions/3.9/lib/python3.9/site-packages/airflow/models/dag.py:3492 RemovedInAirflow3Warning: Param `schedule_interval` is deprecated and will be removed in a future release. Please use `schedule` instead.
[2023-01-09T18:32:41.086-0500] {logging_mixin.py:137} WARNING - /Library/Frameworks/Python.framework/Versions/3.9/lib/python3.9/site-packages/airflow/models/dag.py:3492 RemovedInAirflow3Warning: Param `schedule_interval` is deprecated and will be removed in a future release. Please use `schedule` instead.
[2023-01-09T18:32:41.096-0500] {processor.py:753} INFO - DAG(s) dict_keys(['example_sensor_decorator']) retrieved from /Library/Frameworks/Python.framework/Versions/3.9/lib/python3.9/site-packages/airflow/example_dags/example_sensor_decorator.py
[2023-01-09T18:32:41.096-0500] {processor.py:753} INFO - DAG(s) dict_keys(['example_sensor_decorator']) retrieved from /Library/Frameworks/Python.framework/Versions/3.9/lib/python3.9/site-packages/airflow/example_dags/example_sensor_decorator.py
[2023-01-09T18:32:41.879-0500] {logging_mixin.py:137} INFO - [2023-01-09T18:32:41.879-0500] {dag.py:2676} INFO - Sync 1 DAGs
[2023-01-09T18:32:41.879-0500] {logging_mixin.py:137} INFO - [2023-01-09T18:32:41.879-0500] {dag.py:2676} INFO - Sync 1 DAGs
[2023-01-09T18:32:41.895-0500] {logging_mixin.py:137} INFO - [2023-01-09T18:32:41.895-0500] {dag.py:3423} INFO - Setting next_dagrun for example_sensor_decorator to None, run_after=None
[2023-01-09T18:32:41.895-0500] {logging_mixin.py:137} INFO - [2023-01-09T18:32:41.895-0500] {dag.py:3423} INFO - Setting next_dagrun for example_sensor_decorator to None, run_after=None
[2023-01-09T18:32:41.918-0500] {processor.py:175} INFO - Processing /Library/Frameworks/Python.framework/Versions/3.9/lib/python3.9/site-packages/airflow/example_dags/example_sensor_decorator.py took 0.944 seconds
[2023-01-09T18:32:41.920-0500] {processor.py:175} INFO - Processing /Library/Frameworks/Python.framework/Versions/3.9/lib/python3.9/site-packages/airflow/example_dags/example_sensor_decorator.py took 0.946 seconds
[2023-01-09T18:35:15.177-0500] {processor.py:153} INFO - Started process (PID=44710) to work on /Library/Frameworks/Python.framework/Versions/3.9/lib/python3.9/site-packages/airflow/example_dags/example_sensor_decorator.py
[2023-01-09T18:35:15.182-0500] {processor.py:743} INFO - Processing file /Library/Frameworks/Python.framework/Versions/3.9/lib/python3.9/site-packages/airflow/example_dags/example_sensor_decorator.py for tasks to queue
[2023-01-09T18:35:15.182-0500] {logging_mixin.py:137} INFO - [2023-01-09T18:35:15.182-0500] {dagbag.py:538} INFO - Filling up the DagBag from /Library/Frameworks/Python.framework/Versions/3.9/lib/python3.9/site-packages/airflow/example_dags/example_sensor_decorator.py
[2023-01-09T18:35:15.295-0500] {logging_mixin.py:137} WARNING - /Library/Frameworks/Python.framework/Versions/3.9/lib/python3.9/site-packages/airflow/models/dag.py:3492 RemovedInAirflow3Warning: Param `schedule_interval` is deprecated and will be removed in a future release. Please use `schedule` instead.
[2023-01-09T18:35:15.304-0500] {processor.py:753} INFO - DAG(s) dict_keys(['example_sensor_decorator']) retrieved from /Library/Frameworks/Python.framework/Versions/3.9/lib/python3.9/site-packages/airflow/example_dags/example_sensor_decorator.py
[2023-01-09T18:35:16.111-0500] {logging_mixin.py:137} INFO - [2023-01-09T18:35:16.111-0500] {dag.py:2676} INFO - Sync 1 DAGs
[2023-01-09T18:35:16.126-0500] {logging_mixin.py:137} INFO - [2023-01-09T18:35:16.126-0500] {dag.py:3423} INFO - Setting next_dagrun for example_sensor_decorator to None, run_after=None
[2023-01-09T18:35:16.143-0500] {processor.py:175} INFO - Processing /Library/Frameworks/Python.framework/Versions/3.9/lib/python3.9/site-packages/airflow/example_dags/example_sensor_decorator.py took 0.967 seconds
[2023-01-09T18:35:20.195-0500] {processor.py:153} INFO - Started process (PID=44713) to work on /Library/Frameworks/Python.framework/Versions/3.9/lib/python3.9/site-packages/airflow/example_dags/example_sensor_decorator.py
[2023-01-09T18:35:20.204-0500] {processor.py:743} INFO - Processing file /Library/Frameworks/Python.framework/Versions/3.9/lib/python3.9/site-packages/airflow/example_dags/example_sensor_decorator.py for tasks to queue
[2023-01-09T18:35:20.205-0500] {logging_mixin.py:137} INFO - [2023-01-09T18:35:20.205-0500] {dagbag.py:538} INFO - Filling up the DagBag from /Library/Frameworks/Python.framework/Versions/3.9/lib/python3.9/site-packages/airflow/example_dags/example_sensor_decorator.py
[2023-01-09T18:35:20.418-0500] {logging_mixin.py:137} WARNING - /Library/Frameworks/Python.framework/Versions/3.9/lib/python3.9/site-packages/airflow/models/dag.py:3492 RemovedInAirflow3Warning: Param `schedule_interval` is deprecated and will be removed in a future release. Please use `schedule` instead.
[2023-01-09T18:35:20.428-0500] {processor.py:753} INFO - DAG(s) dict_keys(['example_sensor_decorator']) retrieved from /Library/Frameworks/Python.framework/Versions/3.9/lib/python3.9/site-packages/airflow/example_dags/example_sensor_decorator.py
[2023-01-09T18:35:22.761-0500] {logging_mixin.py:137} INFO - [2023-01-09T18:35:22.760-0500] {dag.py:2676} INFO - Sync 1 DAGs
[2023-01-09T18:35:22.784-0500] {logging_mixin.py:137} INFO - [2023-01-09T18:35:22.784-0500] {dag.py:3423} INFO - Setting next_dagrun for example_sensor_decorator to None, run_after=None
[2023-01-09T18:35:22.810-0500] {processor.py:175} INFO - Processing /Library/Frameworks/Python.framework/Versions/3.9/lib/python3.9/site-packages/airflow/example_dags/example_sensor_decorator.py took 2.615 seconds
[2023-01-09T18:38:00.414-0500] {processor.py:153} INFO - Started process (PID=44862) to work on /Library/Frameworks/Python.framework/Versions/3.9/lib/python3.9/site-packages/airflow/example_dags/example_sensor_decorator.py
[2023-01-09T18:38:00.419-0500] {processor.py:743} INFO - Processing file /Library/Frameworks/Python.framework/Versions/3.9/lib/python3.9/site-packages/airflow/example_dags/example_sensor_decorator.py for tasks to queue
[2023-01-09T18:38:00.419-0500] {logging_mixin.py:137} INFO - [2023-01-09T18:38:00.419-0500] {dagbag.py:538} INFO - Filling up the DagBag from /Library/Frameworks/Python.framework/Versions/3.9/lib/python3.9/site-packages/airflow/example_dags/example_sensor_decorator.py
[2023-01-09T18:38:00.523-0500] {logging_mixin.py:137} WARNING - /Library/Frameworks/Python.framework/Versions/3.9/lib/python3.9/site-packages/airflow/models/dag.py:3492 RemovedInAirflow3Warning: Param `schedule_interval` is deprecated and will be removed in a future release. Please use `schedule` instead.
[2023-01-09T18:38:00.531-0500] {processor.py:753} INFO - DAG(s) dict_keys(['example_sensor_decorator']) retrieved from /Library/Frameworks/Python.framework/Versions/3.9/lib/python3.9/site-packages/airflow/example_dags/example_sensor_decorator.py
[2023-01-09T18:38:01.558-0500] {logging_mixin.py:137} INFO - [2023-01-09T18:38:01.558-0500] {dag.py:2676} INFO - Sync 1 DAGs
[2023-01-09T18:38:01.575-0500] {logging_mixin.py:137} INFO - [2023-01-09T18:38:01.575-0500] {dag.py:3423} INFO - Setting next_dagrun for example_sensor_decorator to None, run_after=None
[2023-01-09T18:38:01.592-0500] {processor.py:175} INFO - Processing /Library/Frameworks/Python.framework/Versions/3.9/lib/python3.9/site-packages/airflow/example_dags/example_sensor_decorator.py took 1.179 seconds
[2023-01-09T18:38:02.410-0500] {processor.py:153} INFO - Started process (PID=44863) to work on /Library/Frameworks/Python.framework/Versions/3.9/lib/python3.9/site-packages/airflow/example_dags/example_sensor_decorator.py
[2023-01-09T18:38:02.415-0500] {processor.py:743} INFO - Processing file /Library/Frameworks/Python.framework/Versions/3.9/lib/python3.9/site-packages/airflow/example_dags/example_sensor_decorator.py for tasks to queue
[2023-01-09T18:38:02.415-0500] {logging_mixin.py:137} INFO - [2023-01-09T18:38:02.415-0500] {dagbag.py:538} INFO - Filling up the DagBag from /Library/Frameworks/Python.framework/Versions/3.9/lib/python3.9/site-packages/airflow/example_dags/example_sensor_decorator.py
[2023-01-09T18:38:02.516-0500] {logging_mixin.py:137} WARNING - /Library/Frameworks/Python.framework/Versions/3.9/lib/python3.9/site-packages/airflow/models/dag.py:3492 RemovedInAirflow3Warning: Param `schedule_interval` is deprecated and will be removed in a future release. Please use `schedule` instead.
[2023-01-09T18:38:02.524-0500] {processor.py:753} INFO - DAG(s) dict_keys(['example_sensor_decorator']) retrieved from /Library/Frameworks/Python.framework/Versions/3.9/lib/python3.9/site-packages/airflow/example_dags/example_sensor_decorator.py
[2023-01-09T18:38:03.337-0500] {logging_mixin.py:137} INFO - [2023-01-09T18:38:03.336-0500] {dag.py:2676} INFO - Sync 1 DAGs
[2023-01-09T18:38:03.352-0500] {logging_mixin.py:137} INFO - [2023-01-09T18:38:03.352-0500] {dag.py:3423} INFO - Setting next_dagrun for example_sensor_decorator to None, run_after=None
[2023-01-09T18:38:03.368-0500] {processor.py:175} INFO - Processing /Library/Frameworks/Python.framework/Versions/3.9/lib/python3.9/site-packages/airflow/example_dags/example_sensor_decorator.py took 0.959 seconds
[2023-01-09T18:40:34.886-0500] {processor.py:153} INFO - Started process (PID=45096) to work on /Library/Frameworks/Python.framework/Versions/3.9/lib/python3.9/site-packages/airflow/example_dags/example_sensor_decorator.py
[2023-01-09T18:40:34.891-0500] {processor.py:743} INFO - Processing file /Library/Frameworks/Python.framework/Versions/3.9/lib/python3.9/site-packages/airflow/example_dags/example_sensor_decorator.py for tasks to queue
[2023-01-09T18:40:34.892-0500] {logging_mixin.py:137} INFO - [2023-01-09T18:40:34.892-0500] {dagbag.py:538} INFO - Filling up the DagBag from /Library/Frameworks/Python.framework/Versions/3.9/lib/python3.9/site-packages/airflow/example_dags/example_sensor_decorator.py
[2023-01-09T18:40:34.991-0500] {logging_mixin.py:137} WARNING - /Library/Frameworks/Python.framework/Versions/3.9/lib/python3.9/site-packages/airflow/models/dag.py:3492 RemovedInAirflow3Warning: Param `schedule_interval` is deprecated and will be removed in a future release. Please use `schedule` instead.
[2023-01-09T18:40:34.999-0500] {processor.py:753} INFO - DAG(s) dict_keys(['example_sensor_decorator']) retrieved from /Library/Frameworks/Python.framework/Versions/3.9/lib/python3.9/site-packages/airflow/example_dags/example_sensor_decorator.py
[2023-01-09T18:40:35.761-0500] {logging_mixin.py:137} INFO - [2023-01-09T18:40:35.761-0500] {dag.py:2676} INFO - Sync 1 DAGs
[2023-01-09T18:40:35.777-0500] {logging_mixin.py:137} INFO - [2023-01-09T18:40:35.777-0500] {dag.py:3423} INFO - Setting next_dagrun for example_sensor_decorator to None, run_after=None
[2023-01-09T18:40:35.794-0500] {processor.py:175} INFO - Processing /Library/Frameworks/Python.framework/Versions/3.9/lib/python3.9/site-packages/airflow/example_dags/example_sensor_decorator.py took 0.908 seconds
[2023-01-09T18:40:40.243-0500] {processor.py:153} INFO - Started process (PID=45100) to work on /Library/Frameworks/Python.framework/Versions/3.9/lib/python3.9/site-packages/airflow/example_dags/example_sensor_decorator.py
[2023-01-09T18:40:40.248-0500] {processor.py:743} INFO - Processing file /Library/Frameworks/Python.framework/Versions/3.9/lib/python3.9/site-packages/airflow/example_dags/example_sensor_decorator.py for tasks to queue
[2023-01-09T18:40:40.249-0500] {logging_mixin.py:137} INFO - [2023-01-09T18:40:40.249-0500] {dagbag.py:538} INFO - Filling up the DagBag from /Library/Frameworks/Python.framework/Versions/3.9/lib/python3.9/site-packages/airflow/example_dags/example_sensor_decorator.py
[2023-01-09T18:40:40.353-0500] {logging_mixin.py:137} WARNING - /Library/Frameworks/Python.framework/Versions/3.9/lib/python3.9/site-packages/airflow/models/dag.py:3492 RemovedInAirflow3Warning: Param `schedule_interval` is deprecated and will be removed in a future release. Please use `schedule` instead.
[2023-01-09T18:40:40.362-0500] {processor.py:753} INFO - DAG(s) dict_keys(['example_sensor_decorator']) retrieved from /Library/Frameworks/Python.framework/Versions/3.9/lib/python3.9/site-packages/airflow/example_dags/example_sensor_decorator.py
[2023-01-09T18:40:41.126-0500] {logging_mixin.py:137} INFO - [2023-01-09T18:40:41.126-0500] {dag.py:2676} INFO - Sync 1 DAGs
[2023-01-09T18:40:41.141-0500] {logging_mixin.py:137} INFO - [2023-01-09T18:40:41.141-0500] {dag.py:3423} INFO - Setting next_dagrun for example_sensor_decorator to None, run_after=None
[2023-01-09T18:40:41.157-0500] {processor.py:175} INFO - Processing /Library/Frameworks/Python.framework/Versions/3.9/lib/python3.9/site-packages/airflow/example_dags/example_sensor_decorator.py took 0.915 seconds
[2023-01-09T18:43:14.319-0500] {processor.py:153} INFO - Started process (PID=45239) to work on /Library/Frameworks/Python.framework/Versions/3.9/lib/python3.9/site-packages/airflow/example_dags/example_sensor_decorator.py
[2023-01-09T18:43:14.325-0500] {processor.py:743} INFO - Processing file /Library/Frameworks/Python.framework/Versions/3.9/lib/python3.9/site-packages/airflow/example_dags/example_sensor_decorator.py for tasks to queue
[2023-01-09T18:43:14.325-0500] {logging_mixin.py:137} INFO - [2023-01-09T18:43:14.325-0500] {dagbag.py:538} INFO - Filling up the DagBag from /Library/Frameworks/Python.framework/Versions/3.9/lib/python3.9/site-packages/airflow/example_dags/example_sensor_decorator.py
[2023-01-09T18:43:14.425-0500] {logging_mixin.py:137} WARNING - /Library/Frameworks/Python.framework/Versions/3.9/lib/python3.9/site-packages/airflow/models/dag.py:3492 RemovedInAirflow3Warning: Param `schedule_interval` is deprecated and will be removed in a future release. Please use `schedule` instead.
[2023-01-09T18:43:14.434-0500] {processor.py:753} INFO - DAG(s) dict_keys(['example_sensor_decorator']) retrieved from /Library/Frameworks/Python.framework/Versions/3.9/lib/python3.9/site-packages/airflow/example_dags/example_sensor_decorator.py
[2023-01-09T18:43:15.191-0500] {logging_mixin.py:137} INFO - [2023-01-09T18:43:15.191-0500] {dag.py:2676} INFO - Sync 1 DAGs
[2023-01-09T18:43:15.208-0500] {logging_mixin.py:137} INFO - [2023-01-09T18:43:15.208-0500] {dag.py:3423} INFO - Setting next_dagrun for example_sensor_decorator to None, run_after=None
[2023-01-09T18:43:15.225-0500] {processor.py:175} INFO - Processing /Library/Frameworks/Python.framework/Versions/3.9/lib/python3.9/site-packages/airflow/example_dags/example_sensor_decorator.py took 0.906 seconds
[2023-01-09T18:43:20.195-0500] {processor.py:153} INFO - Started process (PID=45244) to work on /Library/Frameworks/Python.framework/Versions/3.9/lib/python3.9/site-packages/airflow/example_dags/example_sensor_decorator.py
[2023-01-09T18:43:20.200-0500] {processor.py:743} INFO - Processing file /Library/Frameworks/Python.framework/Versions/3.9/lib/python3.9/site-packages/airflow/example_dags/example_sensor_decorator.py for tasks to queue
[2023-01-09T18:43:20.200-0500] {logging_mixin.py:137} INFO - [2023-01-09T18:43:20.200-0500] {dagbag.py:538} INFO - Filling up the DagBag from /Library/Frameworks/Python.framework/Versions/3.9/lib/python3.9/site-packages/airflow/example_dags/example_sensor_decorator.py
[2023-01-09T18:43:20.296-0500] {logging_mixin.py:137} WARNING - /Library/Frameworks/Python.framework/Versions/3.9/lib/python3.9/site-packages/airflow/models/dag.py:3492 RemovedInAirflow3Warning: Param `schedule_interval` is deprecated and will be removed in a future release. Please use `schedule` instead.
[2023-01-09T18:43:20.303-0500] {processor.py:753} INFO - DAG(s) dict_keys(['example_sensor_decorator']) retrieved from /Library/Frameworks/Python.framework/Versions/3.9/lib/python3.9/site-packages/airflow/example_dags/example_sensor_decorator.py
[2023-01-09T18:43:21.080-0500] {logging_mixin.py:137} INFO - [2023-01-09T18:43:21.080-0500] {dag.py:2676} INFO - Sync 1 DAGs
[2023-01-09T18:43:21.096-0500] {logging_mixin.py:137} INFO - [2023-01-09T18:43:21.095-0500] {dag.py:3423} INFO - Setting next_dagrun for example_sensor_decorator to None, run_after=None
[2023-01-09T18:43:21.112-0500] {processor.py:175} INFO - Processing /Library/Frameworks/Python.framework/Versions/3.9/lib/python3.9/site-packages/airflow/example_dags/example_sensor_decorator.py took 0.918 seconds
[2023-01-09T18:46:08.787-0500] {processor.py:153} INFO - Started process (PID=45480) to work on /Library/Frameworks/Python.framework/Versions/3.9/lib/python3.9/site-packages/airflow/example_dags/example_sensor_decorator.py
[2023-01-09T18:46:08.793-0500] {processor.py:743} INFO - Processing file /Library/Frameworks/Python.framework/Versions/3.9/lib/python3.9/site-packages/airflow/example_dags/example_sensor_decorator.py for tasks to queue
[2023-01-09T18:46:08.793-0500] {logging_mixin.py:137} INFO - [2023-01-09T18:46:08.793-0500] {dagbag.py:538} INFO - Filling up the DagBag from /Library/Frameworks/Python.framework/Versions/3.9/lib/python3.9/site-packages/airflow/example_dags/example_sensor_decorator.py
[2023-01-09T18:46:08.895-0500] {logging_mixin.py:137} WARNING - /Library/Frameworks/Python.framework/Versions/3.9/lib/python3.9/site-packages/airflow/models/dag.py:3492 RemovedInAirflow3Warning: Param `schedule_interval` is deprecated and will be removed in a future release. Please use `schedule` instead.
[2023-01-09T18:46:08.905-0500] {processor.py:753} INFO - DAG(s) dict_keys(['example_sensor_decorator']) retrieved from /Library/Frameworks/Python.framework/Versions/3.9/lib/python3.9/site-packages/airflow/example_dags/example_sensor_decorator.py
[2023-01-09T18:46:09.716-0500] {logging_mixin.py:137} INFO - [2023-01-09T18:46:09.716-0500] {dag.py:2676} INFO - Sync 1 DAGs
[2023-01-09T18:46:09.737-0500] {logging_mixin.py:137} INFO - [2023-01-09T18:46:09.737-0500] {dag.py:3423} INFO - Setting next_dagrun for example_sensor_decorator to None, run_after=None
[2023-01-09T18:46:09.764-0500] {processor.py:175} INFO - Processing /Library/Frameworks/Python.framework/Versions/3.9/lib/python3.9/site-packages/airflow/example_dags/example_sensor_decorator.py took 0.977 seconds
[2023-01-09T18:46:14.408-0500] {processor.py:153} INFO - Started process (PID=45485) to work on /Library/Frameworks/Python.framework/Versions/3.9/lib/python3.9/site-packages/airflow/example_dags/example_sensor_decorator.py
[2023-01-09T18:46:14.413-0500] {processor.py:743} INFO - Processing file /Library/Frameworks/Python.framework/Versions/3.9/lib/python3.9/site-packages/airflow/example_dags/example_sensor_decorator.py for tasks to queue
[2023-01-09T18:46:14.413-0500] {logging_mixin.py:137} INFO - [2023-01-09T18:46:14.413-0500] {dagbag.py:538} INFO - Filling up the DagBag from /Library/Frameworks/Python.framework/Versions/3.9/lib/python3.9/site-packages/airflow/example_dags/example_sensor_decorator.py
[2023-01-09T18:46:14.514-0500] {logging_mixin.py:137} WARNING - /Library/Frameworks/Python.framework/Versions/3.9/lib/python3.9/site-packages/airflow/models/dag.py:3492 RemovedInAirflow3Warning: Param `schedule_interval` is deprecated and will be removed in a future release. Please use `schedule` instead.
[2023-01-09T18:46:14.522-0500] {processor.py:753} INFO - DAG(s) dict_keys(['example_sensor_decorator']) retrieved from /Library/Frameworks/Python.framework/Versions/3.9/lib/python3.9/site-packages/airflow/example_dags/example_sensor_decorator.py
[2023-01-09T18:46:15.469-0500] {logging_mixin.py:137} INFO - [2023-01-09T18:46:15.469-0500] {dag.py:2676} INFO - Sync 1 DAGs
[2023-01-09T18:46:15.485-0500] {logging_mixin.py:137} INFO - [2023-01-09T18:46:15.485-0500] {dag.py:3423} INFO - Setting next_dagrun for example_sensor_decorator to None, run_after=None
[2023-01-09T18:46:15.503-0500] {processor.py:175} INFO - Processing /Library/Frameworks/Python.framework/Versions/3.9/lib/python3.9/site-packages/airflow/example_dags/example_sensor_decorator.py took 1.095 seconds
[2023-01-09T18:47:53.929-0500] {processor.py:153} INFO - Started process (PID=45579) to work on /Library/Frameworks/Python.framework/Versions/3.9/lib/python3.9/site-packages/airflow/example_dags/example_sensor_decorator.py
[2023-01-09T18:47:53.935-0500] {processor.py:743} INFO - Processing file /Library/Frameworks/Python.framework/Versions/3.9/lib/python3.9/site-packages/airflow/example_dags/example_sensor_decorator.py for tasks to queue
[2023-01-09T18:47:53.935-0500] {logging_mixin.py:137} INFO - [2023-01-09T18:47:53.935-0500] {dagbag.py:538} INFO - Filling up the DagBag from /Library/Frameworks/Python.framework/Versions/3.9/lib/python3.9/site-packages/airflow/example_dags/example_sensor_decorator.py
[2023-01-09T18:47:54.052-0500] {logging_mixin.py:137} WARNING - /Library/Frameworks/Python.framework/Versions/3.9/lib/python3.9/site-packages/airflow/models/dag.py:3492 RemovedInAirflow3Warning: Param `schedule_interval` is deprecated and will be removed in a future release. Please use `schedule` instead.
[2023-01-09T18:47:54.062-0500] {processor.py:753} INFO - DAG(s) dict_keys(['example_sensor_decorator']) retrieved from /Library/Frameworks/Python.framework/Versions/3.9/lib/python3.9/site-packages/airflow/example_dags/example_sensor_decorator.py
[2023-01-09T18:47:55.036-0500] {logging_mixin.py:137} INFO - [2023-01-09T18:47:55.035-0500] {dag.py:2676} INFO - Sync 1 DAGs
[2023-01-09T18:47:55.053-0500] {logging_mixin.py:137} INFO - [2023-01-09T18:47:55.053-0500] {dag.py:3423} INFO - Setting next_dagrun for example_sensor_decorator to None, run_after=None
[2023-01-09T18:47:55.074-0500] {processor.py:175} INFO - Processing /Library/Frameworks/Python.framework/Versions/3.9/lib/python3.9/site-packages/airflow/example_dags/example_sensor_decorator.py took 1.146 seconds
[2023-01-09T18:47:58.026-0500] {processor.py:153} INFO - Started process (PID=45582) to work on /Library/Frameworks/Python.framework/Versions/3.9/lib/python3.9/site-packages/airflow/example_dags/example_sensor_decorator.py
[2023-01-09T18:47:58.031-0500] {processor.py:743} INFO - Processing file /Library/Frameworks/Python.framework/Versions/3.9/lib/python3.9/site-packages/airflow/example_dags/example_sensor_decorator.py for tasks to queue
[2023-01-09T18:47:58.032-0500] {logging_mixin.py:137} INFO - [2023-01-09T18:47:58.032-0500] {dagbag.py:538} INFO - Filling up the DagBag from /Library/Frameworks/Python.framework/Versions/3.9/lib/python3.9/site-packages/airflow/example_dags/example_sensor_decorator.py
[2023-01-09T18:47:58.145-0500] {logging_mixin.py:137} WARNING - /Library/Frameworks/Python.framework/Versions/3.9/lib/python3.9/site-packages/airflow/models/dag.py:3492 RemovedInAirflow3Warning: Param `schedule_interval` is deprecated and will be removed in a future release. Please use `schedule` instead.
[2023-01-09T18:47:58.154-0500] {processor.py:753} INFO - DAG(s) dict_keys(['example_sensor_decorator']) retrieved from /Library/Frameworks/Python.framework/Versions/3.9/lib/python3.9/site-packages/airflow/example_dags/example_sensor_decorator.py
[2023-01-09T18:47:59.045-0500] {logging_mixin.py:137} INFO - [2023-01-09T18:47:59.045-0500] {dag.py:2676} INFO - Sync 1 DAGs
[2023-01-09T18:47:59.061-0500] {logging_mixin.py:137} INFO - [2023-01-09T18:47:59.061-0500] {dag.py:3423} INFO - Setting next_dagrun for example_sensor_decorator to None, run_after=None
[2023-01-09T18:47:59.080-0500] {processor.py:175} INFO - Processing /Library/Frameworks/Python.framework/Versions/3.9/lib/python3.9/site-packages/airflow/example_dags/example_sensor_decorator.py took 1.055 seconds
[2023-01-09T18:49:28.503-0500] {processor.py:153} INFO - Started process (PID=45709) to work on /Library/Frameworks/Python.framework/Versions/3.9/lib/python3.9/site-packages/airflow/example_dags/example_sensor_decorator.py
[2023-01-09T18:49:28.510-0500] {processor.py:743} INFO - Processing file /Library/Frameworks/Python.framework/Versions/3.9/lib/python3.9/site-packages/airflow/example_dags/example_sensor_decorator.py for tasks to queue
[2023-01-09T18:49:28.511-0500] {logging_mixin.py:137} INFO - [2023-01-09T18:49:28.511-0500] {dagbag.py:538} INFO - Filling up the DagBag from /Library/Frameworks/Python.framework/Versions/3.9/lib/python3.9/site-packages/airflow/example_dags/example_sensor_decorator.py
[2023-01-09T18:49:28.635-0500] {logging_mixin.py:137} WARNING - /Library/Frameworks/Python.framework/Versions/3.9/lib/python3.9/site-packages/airflow/models/dag.py:3492 RemovedInAirflow3Warning: Param `schedule_interval` is deprecated and will be removed in a future release. Please use `schedule` instead.
[2023-01-09T18:49:28.645-0500] {processor.py:753} INFO - DAG(s) dict_keys(['example_sensor_decorator']) retrieved from /Library/Frameworks/Python.framework/Versions/3.9/lib/python3.9/site-packages/airflow/example_dags/example_sensor_decorator.py
[2023-01-09T18:49:29.547-0500] {logging_mixin.py:137} INFO - [2023-01-09T18:49:29.547-0500] {dag.py:2676} INFO - Sync 1 DAGs
[2023-01-09T18:49:29.565-0500] {logging_mixin.py:137} INFO - [2023-01-09T18:49:29.565-0500] {dag.py:3423} INFO - Setting next_dagrun for example_sensor_decorator to None, run_after=None
[2023-01-09T18:49:29.584-0500] {processor.py:175} INFO - Processing /Library/Frameworks/Python.framework/Versions/3.9/lib/python3.9/site-packages/airflow/example_dags/example_sensor_decorator.py took 1.082 seconds
[2023-01-09T18:50:46.385-0500] {processor.py:153} INFO - Started process (PID=45769) to work on /Library/Frameworks/Python.framework/Versions/3.9/lib/python3.9/site-packages/airflow/example_dags/example_sensor_decorator.py
[2023-01-09T18:50:46.390-0500] {processor.py:743} INFO - Processing file /Library/Frameworks/Python.framework/Versions/3.9/lib/python3.9/site-packages/airflow/example_dags/example_sensor_decorator.py for tasks to queue
[2023-01-09T18:50:46.391-0500] {logging_mixin.py:137} INFO - [2023-01-09T18:50:46.391-0500] {dagbag.py:538} INFO - Filling up the DagBag from /Library/Frameworks/Python.framework/Versions/3.9/lib/python3.9/site-packages/airflow/example_dags/example_sensor_decorator.py
[2023-01-09T18:50:46.498-0500] {logging_mixin.py:137} WARNING - /Library/Frameworks/Python.framework/Versions/3.9/lib/python3.9/site-packages/airflow/models/dag.py:3492 RemovedInAirflow3Warning: Param `schedule_interval` is deprecated and will be removed in a future release. Please use `schedule` instead.
[2023-01-09T18:50:46.506-0500] {processor.py:753} INFO - DAG(s) dict_keys(['example_sensor_decorator']) retrieved from /Library/Frameworks/Python.framework/Versions/3.9/lib/python3.9/site-packages/airflow/example_dags/example_sensor_decorator.py
[2023-01-09T18:50:47.259-0500] {logging_mixin.py:137} INFO - [2023-01-09T18:50:47.259-0500] {dag.py:2676} INFO - Sync 1 DAGs
[2023-01-09T18:50:47.275-0500] {logging_mixin.py:137} INFO - [2023-01-09T18:50:47.275-0500] {dag.py:3423} INFO - Setting next_dagrun for example_sensor_decorator to None, run_after=None
[2023-01-09T18:50:47.293-0500] {processor.py:175} INFO - Processing /Library/Frameworks/Python.framework/Versions/3.9/lib/python3.9/site-packages/airflow/example_dags/example_sensor_decorator.py took 0.909 seconds
[2023-01-09T18:52:30.801-0500] {processor.py:153} INFO - Started process (PID=45886) to work on /Library/Frameworks/Python.framework/Versions/3.9/lib/python3.9/site-packages/airflow/example_dags/example_sensor_decorator.py
[2023-01-09T18:52:30.811-0500] {processor.py:743} INFO - Processing file /Library/Frameworks/Python.framework/Versions/3.9/lib/python3.9/site-packages/airflow/example_dags/example_sensor_decorator.py for tasks to queue
[2023-01-09T18:52:30.813-0500] {logging_mixin.py:137} INFO - [2023-01-09T18:52:30.812-0500] {dagbag.py:538} INFO - Filling up the DagBag from /Library/Frameworks/Python.framework/Versions/3.9/lib/python3.9/site-packages/airflow/example_dags/example_sensor_decorator.py
[2023-01-09T18:52:31.013-0500] {logging_mixin.py:137} WARNING - /Library/Frameworks/Python.framework/Versions/3.9/lib/python3.9/site-packages/airflow/models/dag.py:3492 RemovedInAirflow3Warning: Param `schedule_interval` is deprecated and will be removed in a future release. Please use `schedule` instead.
[2023-01-09T18:52:31.047-0500] {processor.py:753} INFO - DAG(s) dict_keys(['example_sensor_decorator']) retrieved from /Library/Frameworks/Python.framework/Versions/3.9/lib/python3.9/site-packages/airflow/example_dags/example_sensor_decorator.py
[2023-01-09T18:52:32.658-0500] {logging_mixin.py:137} INFO - [2023-01-09T18:52:32.657-0500] {dag.py:2676} INFO - Sync 1 DAGs
[2023-01-09T18:52:32.680-0500] {logging_mixin.py:137} INFO - [2023-01-09T18:52:32.680-0500] {dag.py:3423} INFO - Setting next_dagrun for example_sensor_decorator to None, run_after=None
[2023-01-09T18:52:32.707-0500] {processor.py:175} INFO - Processing /Library/Frameworks/Python.framework/Versions/3.9/lib/python3.9/site-packages/airflow/example_dags/example_sensor_decorator.py took 1.908 seconds
[2023-01-09T18:54:04.784-0500] {processor.py:153} INFO - Started process (PID=45943) to work on /Library/Frameworks/Python.framework/Versions/3.9/lib/python3.9/site-packages/airflow/example_dags/example_sensor_decorator.py
[2023-01-09T18:54:04.792-0500] {processor.py:743} INFO - Processing file /Library/Frameworks/Python.framework/Versions/3.9/lib/python3.9/site-packages/airflow/example_dags/example_sensor_decorator.py for tasks to queue
[2023-01-09T18:54:04.798-0500] {logging_mixin.py:137} INFO - [2023-01-09T18:54:04.798-0500] {dagbag.py:538} INFO - Filling up the DagBag from /Library/Frameworks/Python.framework/Versions/3.9/lib/python3.9/site-packages/airflow/example_dags/example_sensor_decorator.py
[2023-01-09T18:54:04.966-0500] {logging_mixin.py:137} WARNING - /Library/Frameworks/Python.framework/Versions/3.9/lib/python3.9/site-packages/airflow/models/dag.py:3492 RemovedInAirflow3Warning: Param `schedule_interval` is deprecated and will be removed in a future release. Please use `schedule` instead.
[2023-01-09T18:54:04.977-0500] {processor.py:753} INFO - DAG(s) dict_keys(['example_sensor_decorator']) retrieved from /Library/Frameworks/Python.framework/Versions/3.9/lib/python3.9/site-packages/airflow/example_dags/example_sensor_decorator.py
[2023-01-09T18:54:06.182-0500] {logging_mixin.py:137} INFO - [2023-01-09T18:54:06.182-0500] {dag.py:2676} INFO - Sync 1 DAGs
[2023-01-09T18:54:06.204-0500] {logging_mixin.py:137} INFO - [2023-01-09T18:54:06.204-0500] {dag.py:3423} INFO - Setting next_dagrun for example_sensor_decorator to None, run_after=None
[2023-01-09T18:54:06.232-0500] {processor.py:175} INFO - Processing /Library/Frameworks/Python.framework/Versions/3.9/lib/python3.9/site-packages/airflow/example_dags/example_sensor_decorator.py took 1.449 seconds
[2023-01-09T18:54:12.843-0500] {processor.py:153} INFO - Started process (PID=45948) to work on /Library/Frameworks/Python.framework/Versions/3.9/lib/python3.9/site-packages/airflow/example_dags/example_sensor_decorator.py
[2023-01-09T18:54:12.850-0500] {processor.py:743} INFO - Processing file /Library/Frameworks/Python.framework/Versions/3.9/lib/python3.9/site-packages/airflow/example_dags/example_sensor_decorator.py for tasks to queue
[2023-01-09T18:54:12.850-0500] {logging_mixin.py:137} INFO - [2023-01-09T18:54:12.850-0500] {dagbag.py:538} INFO - Filling up the DagBag from /Library/Frameworks/Python.framework/Versions/3.9/lib/python3.9/site-packages/airflow/example_dags/example_sensor_decorator.py
[2023-01-09T18:54:12.987-0500] {logging_mixin.py:137} WARNING - /Library/Frameworks/Python.framework/Versions/3.9/lib/python3.9/site-packages/airflow/models/dag.py:3492 RemovedInAirflow3Warning: Param `schedule_interval` is deprecated and will be removed in a future release. Please use `schedule` instead.
[2023-01-09T18:54:13.001-0500] {processor.py:753} INFO - DAG(s) dict_keys(['example_sensor_decorator']) retrieved from /Library/Frameworks/Python.framework/Versions/3.9/lib/python3.9/site-packages/airflow/example_dags/example_sensor_decorator.py
[2023-01-09T18:54:14.281-0500] {logging_mixin.py:137} INFO - [2023-01-09T18:54:14.280-0500] {dag.py:2676} INFO - Sync 1 DAGs
[2023-01-09T18:54:14.302-0500] {logging_mixin.py:137} INFO - [2023-01-09T18:54:14.302-0500] {dag.py:3423} INFO - Setting next_dagrun for example_sensor_decorator to None, run_after=None
[2023-01-09T18:54:14.327-0500] {processor.py:175} INFO - Processing /Library/Frameworks/Python.framework/Versions/3.9/lib/python3.9/site-packages/airflow/example_dags/example_sensor_decorator.py took 1.486 seconds
[2023-01-09T18:56:18.368-0500] {processor.py:153} INFO - Started process (PID=46030) to work on /Library/Frameworks/Python.framework/Versions/3.9/lib/python3.9/site-packages/airflow/example_dags/example_sensor_decorator.py
[2023-01-09T18:56:18.380-0500] {processor.py:743} INFO - Processing file /Library/Frameworks/Python.framework/Versions/3.9/lib/python3.9/site-packages/airflow/example_dags/example_sensor_decorator.py for tasks to queue
[2023-01-09T18:56:18.381-0500] {logging_mixin.py:137} INFO - [2023-01-09T18:56:18.380-0500] {dagbag.py:538} INFO - Filling up the DagBag from /Library/Frameworks/Python.framework/Versions/3.9/lib/python3.9/site-packages/airflow/example_dags/example_sensor_decorator.py
[2023-01-09T18:56:18.597-0500] {logging_mixin.py:137} WARNING - /Library/Frameworks/Python.framework/Versions/3.9/lib/python3.9/site-packages/airflow/models/dag.py:3492 RemovedInAirflow3Warning: Param `schedule_interval` is deprecated and will be removed in a future release. Please use `schedule` instead.
[2023-01-09T18:56:18.617-0500] {processor.py:753} INFO - DAG(s) dict_keys(['example_sensor_decorator']) retrieved from /Library/Frameworks/Python.framework/Versions/3.9/lib/python3.9/site-packages/airflow/example_dags/example_sensor_decorator.py
[2023-01-09T18:56:19.982-0500] {logging_mixin.py:137} INFO - [2023-01-09T18:56:19.982-0500] {dag.py:2676} INFO - Sync 1 DAGs
[2023-01-09T18:56:20.004-0500] {logging_mixin.py:137} INFO - [2023-01-09T18:56:20.003-0500] {dag.py:3423} INFO - Setting next_dagrun for example_sensor_decorator to None, run_after=None
[2023-01-09T18:56:20.029-0500] {processor.py:175} INFO - Processing /Library/Frameworks/Python.framework/Versions/3.9/lib/python3.9/site-packages/airflow/example_dags/example_sensor_decorator.py took 1.662 seconds
[2023-01-09T18:56:30.235-0500] {processor.py:153} INFO - Started process (PID=46038) to work on /Library/Frameworks/Python.framework/Versions/3.9/lib/python3.9/site-packages/airflow/example_dags/example_sensor_decorator.py
[2023-01-09T18:56:30.254-0500] {processor.py:743} INFO - Processing file /Library/Frameworks/Python.framework/Versions/3.9/lib/python3.9/site-packages/airflow/example_dags/example_sensor_decorator.py for tasks to queue
[2023-01-09T18:56:30.255-0500] {logging_mixin.py:137} INFO - [2023-01-09T18:56:30.254-0500] {dagbag.py:538} INFO - Filling up the DagBag from /Library/Frameworks/Python.framework/Versions/3.9/lib/python3.9/site-packages/airflow/example_dags/example_sensor_decorator.py
[2023-01-09T18:56:30.430-0500] {logging_mixin.py:137} WARNING - /Library/Frameworks/Python.framework/Versions/3.9/lib/python3.9/site-packages/airflow/models/dag.py:3492 RemovedInAirflow3Warning: Param `schedule_interval` is deprecated and will be removed in a future release. Please use `schedule` instead.
[2023-01-09T18:56:30.447-0500] {processor.py:753} INFO - DAG(s) dict_keys(['example_sensor_decorator']) retrieved from /Library/Frameworks/Python.framework/Versions/3.9/lib/python3.9/site-packages/airflow/example_dags/example_sensor_decorator.py
[2023-01-09T18:56:32.037-0500] {logging_mixin.py:137} INFO - [2023-01-09T18:56:32.036-0500] {dag.py:2676} INFO - Sync 1 DAGs
[2023-01-09T18:56:32.061-0500] {logging_mixin.py:137} INFO - [2023-01-09T18:56:32.061-0500] {dag.py:3423} INFO - Setting next_dagrun for example_sensor_decorator to None, run_after=None
[2023-01-09T18:56:32.085-0500] {processor.py:175} INFO - Processing /Library/Frameworks/Python.framework/Versions/3.9/lib/python3.9/site-packages/airflow/example_dags/example_sensor_decorator.py took 1.851 seconds
[2023-01-09T18:58:49.827-0500] {processor.py:153} INFO - Started process (PID=46175) to work on /Library/Frameworks/Python.framework/Versions/3.9/lib/python3.9/site-packages/airflow/example_dags/example_sensor_decorator.py
[2023-01-09T18:58:49.834-0500] {processor.py:743} INFO - Processing file /Library/Frameworks/Python.framework/Versions/3.9/lib/python3.9/site-packages/airflow/example_dags/example_sensor_decorator.py for tasks to queue
[2023-01-09T18:58:49.835-0500] {logging_mixin.py:137} INFO - [2023-01-09T18:58:49.835-0500] {dagbag.py:538} INFO - Filling up the DagBag from /Library/Frameworks/Python.framework/Versions/3.9/lib/python3.9/site-packages/airflow/example_dags/example_sensor_decorator.py
[2023-01-09T18:58:50.134-0500] {logging_mixin.py:137} WARNING - /Library/Frameworks/Python.framework/Versions/3.9/lib/python3.9/site-packages/airflow/models/dag.py:3492 RemovedInAirflow3Warning: Param `schedule_interval` is deprecated and will be removed in a future release. Please use `schedule` instead.
[2023-01-09T18:58:50.152-0500] {processor.py:753} INFO - DAG(s) dict_keys(['example_sensor_decorator']) retrieved from /Library/Frameworks/Python.framework/Versions/3.9/lib/python3.9/site-packages/airflow/example_dags/example_sensor_decorator.py
[2023-01-09T18:58:51.367-0500] {logging_mixin.py:137} INFO - [2023-01-09T18:58:51.367-0500] {dag.py:2676} INFO - Sync 1 DAGs
[2023-01-09T18:58:51.389-0500] {logging_mixin.py:137} INFO - [2023-01-09T18:58:51.389-0500] {dag.py:3423} INFO - Setting next_dagrun for example_sensor_decorator to None, run_after=None
[2023-01-09T18:58:51.413-0500] {processor.py:175} INFO - Processing /Library/Frameworks/Python.framework/Versions/3.9/lib/python3.9/site-packages/airflow/example_dags/example_sensor_decorator.py took 1.587 seconds
[2023-01-09T18:59:01.992-0500] {processor.py:153} INFO - Started process (PID=46182) to work on /Library/Frameworks/Python.framework/Versions/3.9/lib/python3.9/site-packages/airflow/example_dags/example_sensor_decorator.py
[2023-01-09T18:59:01.998-0500] {processor.py:743} INFO - Processing file /Library/Frameworks/Python.framework/Versions/3.9/lib/python3.9/site-packages/airflow/example_dags/example_sensor_decorator.py for tasks to queue
[2023-01-09T18:59:01.999-0500] {logging_mixin.py:137} INFO - [2023-01-09T18:59:01.999-0500] {dagbag.py:538} INFO - Filling up the DagBag from /Library/Frameworks/Python.framework/Versions/3.9/lib/python3.9/site-packages/airflow/example_dags/example_sensor_decorator.py
[2023-01-09T18:59:02.168-0500] {logging_mixin.py:137} WARNING - /Library/Frameworks/Python.framework/Versions/3.9/lib/python3.9/site-packages/airflow/models/dag.py:3492 RemovedInAirflow3Warning: Param `schedule_interval` is deprecated and will be removed in a future release. Please use `schedule` instead.
[2023-01-09T18:59:02.182-0500] {processor.py:753} INFO - DAG(s) dict_keys(['example_sensor_decorator']) retrieved from /Library/Frameworks/Python.framework/Versions/3.9/lib/python3.9/site-packages/airflow/example_dags/example_sensor_decorator.py
[2023-01-09T18:59:03.734-0500] {logging_mixin.py:137} INFO - [2023-01-09T18:59:03.734-0500] {dag.py:2676} INFO - Sync 1 DAGs
[2023-01-09T18:59:03.756-0500] {logging_mixin.py:137} INFO - [2023-01-09T18:59:03.756-0500] {dag.py:3423} INFO - Setting next_dagrun for example_sensor_decorator to None, run_after=None
[2023-01-09T18:59:03.782-0500] {processor.py:175} INFO - Processing /Library/Frameworks/Python.framework/Versions/3.9/lib/python3.9/site-packages/airflow/example_dags/example_sensor_decorator.py took 1.791 seconds
