[2023-01-09T16:47:53.983-0500] {processor.py:153} INFO - Started process (PID=39219) to work on /Library/Frameworks/Python.framework/Versions/3.9/lib/python3.9/site-packages/airflow/example_dags/example_bash_operator.py
[2023-01-09T16:47:53.988-0500] {processor.py:743} INFO - Processing file /Library/Frameworks/Python.framework/Versions/3.9/lib/python3.9/site-packages/airflow/example_dags/example_bash_operator.py for tasks to queue
[2023-01-09T16:47:53.989-0500] {logging_mixin.py:137} INFO - [2023-01-09T16:47:53.988-0500] {dagbag.py:538} INFO - Filling up the DagBag from /Library/Frameworks/Python.framework/Versions/3.9/lib/python3.9/site-packages/airflow/example_dags/example_bash_operator.py
[2023-01-09T16:47:54.078-0500] {processor.py:753} INFO - DAG(s) dict_keys(['example_bash_operator']) retrieved from /Library/Frameworks/Python.framework/Versions/3.9/lib/python3.9/site-packages/airflow/example_dags/example_bash_operator.py
[2023-01-09T16:47:54.885-0500] {logging_mixin.py:137} INFO - [2023-01-09T16:47:54.885-0500] {manager.py:504} INFO - Created Permission View: can edit on DAG:example_bash_operator
[2023-01-09T16:47:54.893-0500] {logging_mixin.py:137} INFO - [2023-01-09T16:47:54.893-0500] {manager.py:504} INFO - Created Permission View: can read on DAG:example_bash_operator
[2023-01-09T16:47:54.900-0500] {logging_mixin.py:137} INFO - [2023-01-09T16:47:54.900-0500] {manager.py:504} INFO - Created Permission View: can delete on DAG:example_bash_operator
[2023-01-09T16:47:54.900-0500] {logging_mixin.py:137} INFO - [2023-01-09T16:47:54.900-0500] {dag.py:2676} INFO - Sync 1 DAGs
[2023-01-09T16:47:54.911-0500] {logging_mixin.py:137} INFO - [2023-01-09T16:47:54.911-0500] {dag.py:2697} INFO - Creating ORM DAG for example_bash_operator
[2023-01-09T16:47:54.920-0500] {logging_mixin.py:137} INFO - [2023-01-09T16:47:54.920-0500] {dag.py:3423} INFO - Setting next_dagrun for example_bash_operator to 2023-01-08T00:00:00+00:00, run_after=2023-01-09T00:00:00+00:00
[2023-01-09T16:47:54.945-0500] {processor.py:175} INFO - Processing /Library/Frameworks/Python.framework/Versions/3.9/lib/python3.9/site-packages/airflow/example_dags/example_bash_operator.py took 0.962 seconds
[2023-01-09T16:50:43.387-0500] {processor.py:153} INFO - Started process (PID=39314) to work on /Library/Frameworks/Python.framework/Versions/3.9/lib/python3.9/site-packages/airflow/example_dags/example_bash_operator.py
[2023-01-09T16:50:43.392-0500] {processor.py:743} INFO - Processing file /Library/Frameworks/Python.framework/Versions/3.9/lib/python3.9/site-packages/airflow/example_dags/example_bash_operator.py for tasks to queue
[2023-01-09T16:50:43.393-0500] {logging_mixin.py:137} INFO - [2023-01-09T16:50:43.393-0500] {dagbag.py:538} INFO - Filling up the DagBag from /Library/Frameworks/Python.framework/Versions/3.9/lib/python3.9/site-packages/airflow/example_dags/example_bash_operator.py
[2023-01-09T16:50:43.478-0500] {processor.py:753} INFO - DAG(s) dict_keys(['example_bash_operator']) retrieved from /Library/Frameworks/Python.framework/Versions/3.9/lib/python3.9/site-packages/airflow/example_dags/example_bash_operator.py
[2023-01-09T16:50:44.157-0500] {logging_mixin.py:137} INFO - [2023-01-09T16:50:44.157-0500] {dag.py:2676} INFO - Sync 1 DAGs
[2023-01-09T16:50:44.178-0500] {logging_mixin.py:137} INFO - [2023-01-09T16:50:44.178-0500] {dag.py:3423} INFO - Setting next_dagrun for example_bash_operator to 2023-01-08T00:00:00+00:00, run_after=2023-01-09T00:00:00+00:00
[2023-01-09T16:50:44.198-0500] {processor.py:175} INFO - Processing /Library/Frameworks/Python.framework/Versions/3.9/lib/python3.9/site-packages/airflow/example_dags/example_bash_operator.py took 0.812 seconds
[2023-01-09T16:53:33.972-0500] {processor.py:153} INFO - Started process (PID=39410) to work on /Library/Frameworks/Python.framework/Versions/3.9/lib/python3.9/site-packages/airflow/example_dags/example_bash_operator.py
[2023-01-09T16:53:33.978-0500] {processor.py:743} INFO - Processing file /Library/Frameworks/Python.framework/Versions/3.9/lib/python3.9/site-packages/airflow/example_dags/example_bash_operator.py for tasks to queue
[2023-01-09T16:53:33.978-0500] {logging_mixin.py:137} INFO - [2023-01-09T16:53:33.978-0500] {dagbag.py:538} INFO - Filling up the DagBag from /Library/Frameworks/Python.framework/Versions/3.9/lib/python3.9/site-packages/airflow/example_dags/example_bash_operator.py
[2023-01-09T16:53:34.067-0500] {processor.py:753} INFO - DAG(s) dict_keys(['example_bash_operator']) retrieved from /Library/Frameworks/Python.framework/Versions/3.9/lib/python3.9/site-packages/airflow/example_dags/example_bash_operator.py
[2023-01-09T16:53:34.747-0500] {logging_mixin.py:137} INFO - [2023-01-09T16:53:34.747-0500] {dag.py:2676} INFO - Sync 1 DAGs
[2023-01-09T16:53:34.763-0500] {logging_mixin.py:137} INFO - [2023-01-09T16:53:34.763-0500] {dag.py:3423} INFO - Setting next_dagrun for example_bash_operator to 2023-01-08T00:00:00+00:00, run_after=2023-01-09T00:00:00+00:00
[2023-01-09T16:53:34.784-0500] {processor.py:175} INFO - Processing /Library/Frameworks/Python.framework/Versions/3.9/lib/python3.9/site-packages/airflow/example_dags/example_bash_operator.py took 0.812 seconds
[2023-01-09T16:56:20.395-0500] {processor.py:153} INFO - Started process (PID=39605) to work on /Library/Frameworks/Python.framework/Versions/3.9/lib/python3.9/site-packages/airflow/example_dags/example_bash_operator.py
[2023-01-09T16:56:20.404-0500] {processor.py:743} INFO - Processing file /Library/Frameworks/Python.framework/Versions/3.9/lib/python3.9/site-packages/airflow/example_dags/example_bash_operator.py for tasks to queue
[2023-01-09T16:56:20.405-0500] {logging_mixin.py:137} INFO - [2023-01-09T16:56:20.405-0500] {dagbag.py:538} INFO - Filling up the DagBag from /Library/Frameworks/Python.framework/Versions/3.9/lib/python3.9/site-packages/airflow/example_dags/example_bash_operator.py
[2023-01-09T16:56:20.529-0500] {processor.py:753} INFO - DAG(s) dict_keys(['example_bash_operator']) retrieved from /Library/Frameworks/Python.framework/Versions/3.9/lib/python3.9/site-packages/airflow/example_dags/example_bash_operator.py
[2023-01-09T16:56:28.076-0500] {logging_mixin.py:137} INFO - [2023-01-09T16:56:28.076-0500] {dag.py:2676} INFO - Sync 1 DAGs
[2023-01-09T16:56:28.144-0500] {logging_mixin.py:137} INFO - [2023-01-09T16:56:28.144-0500] {dag.py:3423} INFO - Setting next_dagrun for example_bash_operator to 2023-01-08T00:00:00+00:00, run_after=2023-01-09T00:00:00+00:00
[2023-01-09T16:56:28.194-0500] {processor.py:175} INFO - Processing /Library/Frameworks/Python.framework/Versions/3.9/lib/python3.9/site-packages/airflow/example_dags/example_bash_operator.py took 7.800 seconds
[2023-01-09T16:59:22.185-0500] {processor.py:153} INFO - Started process (PID=41239) to work on /Library/Frameworks/Python.framework/Versions/3.9/lib/python3.9/site-packages/airflow/example_dags/example_bash_operator.py
[2023-01-09T16:59:22.190-0500] {processor.py:743} INFO - Processing file /Library/Frameworks/Python.framework/Versions/3.9/lib/python3.9/site-packages/airflow/example_dags/example_bash_operator.py for tasks to queue
[2023-01-09T16:59:22.191-0500] {logging_mixin.py:137} INFO - [2023-01-09T16:59:22.191-0500] {dagbag.py:538} INFO - Filling up the DagBag from /Library/Frameworks/Python.framework/Versions/3.9/lib/python3.9/site-packages/airflow/example_dags/example_bash_operator.py
[2023-01-09T16:59:22.277-0500] {processor.py:753} INFO - DAG(s) dict_keys(['example_bash_operator']) retrieved from /Library/Frameworks/Python.framework/Versions/3.9/lib/python3.9/site-packages/airflow/example_dags/example_bash_operator.py
[2023-01-09T16:59:22.935-0500] {logging_mixin.py:137} INFO - [2023-01-09T16:59:22.935-0500] {dag.py:2676} INFO - Sync 1 DAGs
[2023-01-09T16:59:22.952-0500] {logging_mixin.py:137} INFO - [2023-01-09T16:59:22.952-0500] {dag.py:3423} INFO - Setting next_dagrun for example_bash_operator to 2023-01-08T00:00:00+00:00, run_after=2023-01-09T00:00:00+00:00
[2023-01-09T16:59:22.971-0500] {processor.py:175} INFO - Processing /Library/Frameworks/Python.framework/Versions/3.9/lib/python3.9/site-packages/airflow/example_dags/example_bash_operator.py took 0.786 seconds
[2023-01-09T17:02:24.594-0500] {processor.py:153} INFO - Started process (PID=41397) to work on /Library/Frameworks/Python.framework/Versions/3.9/lib/python3.9/site-packages/airflow/example_dags/example_bash_operator.py
[2023-01-09T17:02:24.599-0500] {processor.py:743} INFO - Processing file /Library/Frameworks/Python.framework/Versions/3.9/lib/python3.9/site-packages/airflow/example_dags/example_bash_operator.py for tasks to queue
[2023-01-09T17:02:24.600-0500] {logging_mixin.py:137} INFO - [2023-01-09T17:02:24.599-0500] {dagbag.py:538} INFO - Filling up the DagBag from /Library/Frameworks/Python.framework/Versions/3.9/lib/python3.9/site-packages/airflow/example_dags/example_bash_operator.py
[2023-01-09T17:02:24.684-0500] {processor.py:753} INFO - DAG(s) dict_keys(['example_bash_operator']) retrieved from /Library/Frameworks/Python.framework/Versions/3.9/lib/python3.9/site-packages/airflow/example_dags/example_bash_operator.py
[2023-01-09T17:02:25.558-0500] {logging_mixin.py:137} INFO - [2023-01-09T17:02:25.558-0500] {dag.py:2676} INFO - Sync 1 DAGs
[2023-01-09T17:02:25.575-0500] {logging_mixin.py:137} INFO - [2023-01-09T17:02:25.575-0500] {dag.py:3423} INFO - Setting next_dagrun for example_bash_operator to 2023-01-08T00:00:00+00:00, run_after=2023-01-09T00:00:00+00:00
[2023-01-09T17:02:25.599-0500] {processor.py:175} INFO - Processing /Library/Frameworks/Python.framework/Versions/3.9/lib/python3.9/site-packages/airflow/example_dags/example_bash_operator.py took 1.006 seconds
[2023-01-09T17:05:32.869-0500] {processor.py:153} INFO - Started process (PID=41805) to work on /Library/Frameworks/Python.framework/Versions/3.9/lib/python3.9/site-packages/airflow/example_dags/example_bash_operator.py
[2023-01-09T17:05:32.875-0500] {processor.py:743} INFO - Processing file /Library/Frameworks/Python.framework/Versions/3.9/lib/python3.9/site-packages/airflow/example_dags/example_bash_operator.py for tasks to queue
[2023-01-09T17:05:32.875-0500] {logging_mixin.py:137} INFO - [2023-01-09T17:05:32.875-0500] {dagbag.py:538} INFO - Filling up the DagBag from /Library/Frameworks/Python.framework/Versions/3.9/lib/python3.9/site-packages/airflow/example_dags/example_bash_operator.py
[2023-01-09T17:05:32.959-0500] {processor.py:753} INFO - DAG(s) dict_keys(['example_bash_operator']) retrieved from /Library/Frameworks/Python.framework/Versions/3.9/lib/python3.9/site-packages/airflow/example_dags/example_bash_operator.py
[2023-01-09T17:05:33.644-0500] {logging_mixin.py:137} INFO - [2023-01-09T17:05:33.644-0500] {dag.py:2676} INFO - Sync 1 DAGs
[2023-01-09T17:05:33.661-0500] {logging_mixin.py:137} INFO - [2023-01-09T17:05:33.661-0500] {dag.py:3423} INFO - Setting next_dagrun for example_bash_operator to 2023-01-08T00:00:00+00:00, run_after=2023-01-09T00:00:00+00:00
[2023-01-09T17:05:33.687-0500] {processor.py:175} INFO - Processing /Library/Frameworks/Python.framework/Versions/3.9/lib/python3.9/site-packages/airflow/example_dags/example_bash_operator.py took 0.819 seconds
[2023-01-09T17:08:21.303-0500] {processor.py:153} INFO - Started process (PID=42021) to work on /Library/Frameworks/Python.framework/Versions/3.9/lib/python3.9/site-packages/airflow/example_dags/example_bash_operator.py
[2023-01-09T17:08:21.308-0500] {processor.py:743} INFO - Processing file /Library/Frameworks/Python.framework/Versions/3.9/lib/python3.9/site-packages/airflow/example_dags/example_bash_operator.py for tasks to queue
[2023-01-09T17:08:21.309-0500] {logging_mixin.py:137} INFO - [2023-01-09T17:08:21.309-0500] {dagbag.py:538} INFO - Filling up the DagBag from /Library/Frameworks/Python.framework/Versions/3.9/lib/python3.9/site-packages/airflow/example_dags/example_bash_operator.py
[2023-01-09T17:08:21.402-0500] {processor.py:753} INFO - DAG(s) dict_keys(['example_bash_operator']) retrieved from /Library/Frameworks/Python.framework/Versions/3.9/lib/python3.9/site-packages/airflow/example_dags/example_bash_operator.py
[2023-01-09T17:08:22.148-0500] {logging_mixin.py:137} INFO - [2023-01-09T17:08:22.148-0500] {dag.py:2676} INFO - Sync 1 DAGs
[2023-01-09T17:08:22.167-0500] {logging_mixin.py:137} INFO - [2023-01-09T17:08:22.166-0500] {dag.py:3423} INFO - Setting next_dagrun for example_bash_operator to 2023-01-08T00:00:00+00:00, run_after=2023-01-09T00:00:00+00:00
[2023-01-09T17:08:22.189-0500] {processor.py:175} INFO - Processing /Library/Frameworks/Python.framework/Versions/3.9/lib/python3.9/site-packages/airflow/example_dags/example_bash_operator.py took 0.887 seconds
[2023-01-09T17:11:07.748-0500] {processor.py:153} INFO - Started process (PID=42332) to work on /Library/Frameworks/Python.framework/Versions/3.9/lib/python3.9/site-packages/airflow/example_dags/example_bash_operator.py
[2023-01-09T17:11:07.754-0500] {processor.py:743} INFO - Processing file /Library/Frameworks/Python.framework/Versions/3.9/lib/python3.9/site-packages/airflow/example_dags/example_bash_operator.py for tasks to queue
[2023-01-09T17:11:07.754-0500] {logging_mixin.py:137} INFO - [2023-01-09T17:11:07.754-0500] {dagbag.py:538} INFO - Filling up the DagBag from /Library/Frameworks/Python.framework/Versions/3.9/lib/python3.9/site-packages/airflow/example_dags/example_bash_operator.py
[2023-01-09T17:11:07.837-0500] {processor.py:753} INFO - DAG(s) dict_keys(['example_bash_operator']) retrieved from /Library/Frameworks/Python.framework/Versions/3.9/lib/python3.9/site-packages/airflow/example_dags/example_bash_operator.py
[2023-01-09T17:11:08.550-0500] {logging_mixin.py:137} INFO - [2023-01-09T17:11:08.550-0500] {dag.py:2676} INFO - Sync 1 DAGs
[2023-01-09T17:11:08.566-0500] {logging_mixin.py:137} INFO - [2023-01-09T17:11:08.566-0500] {dag.py:3423} INFO - Setting next_dagrun for example_bash_operator to 2023-01-08T00:00:00+00:00, run_after=2023-01-09T00:00:00+00:00
[2023-01-09T17:11:08.586-0500] {processor.py:175} INFO - Processing /Library/Frameworks/Python.framework/Versions/3.9/lib/python3.9/site-packages/airflow/example_dags/example_bash_operator.py took 0.838 seconds
[2023-01-09T17:13:48.655-0500] {processor.py:153} INFO - Started process (PID=42598) to work on /Library/Frameworks/Python.framework/Versions/3.9/lib/python3.9/site-packages/airflow/example_dags/example_bash_operator.py
[2023-01-09T17:13:48.661-0500] {processor.py:743} INFO - Processing file /Library/Frameworks/Python.framework/Versions/3.9/lib/python3.9/site-packages/airflow/example_dags/example_bash_operator.py for tasks to queue
[2023-01-09T17:13:48.661-0500] {logging_mixin.py:137} INFO - [2023-01-09T17:13:48.661-0500] {dagbag.py:538} INFO - Filling up the DagBag from /Library/Frameworks/Python.framework/Versions/3.9/lib/python3.9/site-packages/airflow/example_dags/example_bash_operator.py
[2023-01-09T17:13:48.743-0500] {processor.py:753} INFO - DAG(s) dict_keys(['example_bash_operator']) retrieved from /Library/Frameworks/Python.framework/Versions/3.9/lib/python3.9/site-packages/airflow/example_dags/example_bash_operator.py
[2023-01-09T17:13:49.443-0500] {logging_mixin.py:137} INFO - [2023-01-09T17:13:49.443-0500] {dag.py:2676} INFO - Sync 1 DAGs
[2023-01-09T17:13:49.459-0500] {logging_mixin.py:137} INFO - [2023-01-09T17:13:49.459-0500] {dag.py:3423} INFO - Setting next_dagrun for example_bash_operator to 2023-01-08T00:00:00+00:00, run_after=2023-01-09T00:00:00+00:00
[2023-01-09T17:13:49.477-0500] {processor.py:175} INFO - Processing /Library/Frameworks/Python.framework/Versions/3.9/lib/python3.9/site-packages/airflow/example_dags/example_bash_operator.py took 0.822 seconds
[2023-01-09T17:13:56.074-0500] {processor.py:153} INFO - Started process (PID=42605) to work on /Library/Frameworks/Python.framework/Versions/3.9/lib/python3.9/site-packages/airflow/example_dags/example_bash_operator.py
[2023-01-09T17:13:56.079-0500] {processor.py:743} INFO - Processing file /Library/Frameworks/Python.framework/Versions/3.9/lib/python3.9/site-packages/airflow/example_dags/example_bash_operator.py for tasks to queue
[2023-01-09T17:13:56.079-0500] {logging_mixin.py:137} INFO - [2023-01-09T17:13:56.079-0500] {dagbag.py:538} INFO - Filling up the DagBag from /Library/Frameworks/Python.framework/Versions/3.9/lib/python3.9/site-packages/airflow/example_dags/example_bash_operator.py
[2023-01-09T17:13:56.164-0500] {processor.py:753} INFO - DAG(s) dict_keys(['example_bash_operator']) retrieved from /Library/Frameworks/Python.framework/Versions/3.9/lib/python3.9/site-packages/airflow/example_dags/example_bash_operator.py
[2023-01-09T17:13:56.893-0500] {logging_mixin.py:137} INFO - [2023-01-09T17:13:56.893-0500] {dag.py:2676} INFO - Sync 1 DAGs
[2023-01-09T17:13:56.911-0500] {logging_mixin.py:137} INFO - [2023-01-09T17:13:56.911-0500] {dag.py:3423} INFO - Setting next_dagrun for example_bash_operator to 2023-01-08T00:00:00+00:00, run_after=2023-01-09T00:00:00+00:00
[2023-01-09T17:13:56.932-0500] {processor.py:175} INFO - Processing /Library/Frameworks/Python.framework/Versions/3.9/lib/python3.9/site-packages/airflow/example_dags/example_bash_operator.py took 0.859 seconds
[2023-01-09T17:16:26.635-0500] {processor.py:153} INFO - Started process (PID=42811) to work on /Library/Frameworks/Python.framework/Versions/3.9/lib/python3.9/site-packages/airflow/example_dags/example_bash_operator.py
[2023-01-09T17:16:26.640-0500] {processor.py:743} INFO - Processing file /Library/Frameworks/Python.framework/Versions/3.9/lib/python3.9/site-packages/airflow/example_dags/example_bash_operator.py for tasks to queue
[2023-01-09T17:16:26.640-0500] {logging_mixin.py:137} INFO - [2023-01-09T17:16:26.640-0500] {dagbag.py:538} INFO - Filling up the DagBag from /Library/Frameworks/Python.framework/Versions/3.9/lib/python3.9/site-packages/airflow/example_dags/example_bash_operator.py
[2023-01-09T17:16:26.725-0500] {processor.py:753} INFO - DAG(s) dict_keys(['example_bash_operator']) retrieved from /Library/Frameworks/Python.framework/Versions/3.9/lib/python3.9/site-packages/airflow/example_dags/example_bash_operator.py
[2023-01-09T17:16:27.213-0500] {processor.py:153} INFO - Started process (PID=42816) to work on /Library/Frameworks/Python.framework/Versions/3.9/lib/python3.9/site-packages/airflow/example_dags/example_bash_operator.py
[2023-01-09T17:16:27.218-0500] {processor.py:743} INFO - Processing file /Library/Frameworks/Python.framework/Versions/3.9/lib/python3.9/site-packages/airflow/example_dags/example_bash_operator.py for tasks to queue
[2023-01-09T17:16:27.218-0500] {logging_mixin.py:137} INFO - [2023-01-09T17:16:27.218-0500] {dagbag.py:538} INFO - Filling up the DagBag from /Library/Frameworks/Python.framework/Versions/3.9/lib/python3.9/site-packages/airflow/example_dags/example_bash_operator.py
[2023-01-09T17:16:27.305-0500] {processor.py:753} INFO - DAG(s) dict_keys(['example_bash_operator']) retrieved from /Library/Frameworks/Python.framework/Versions/3.9/lib/python3.9/site-packages/airflow/example_dags/example_bash_operator.py
[2023-01-09T17:16:27.441-0500] {logging_mixin.py:137} INFO - [2023-01-09T17:16:27.441-0500] {dag.py:2676} INFO - Sync 1 DAGs
[2023-01-09T17:16:27.458-0500] {logging_mixin.py:137} INFO - [2023-01-09T17:16:27.458-0500] {dag.py:3423} INFO - Setting next_dagrun for example_bash_operator to 2023-01-08T00:00:00+00:00, run_after=2023-01-09T00:00:00+00:00
[2023-01-09T17:16:27.476-0500] {processor.py:175} INFO - Processing /Library/Frameworks/Python.framework/Versions/3.9/lib/python3.9/site-packages/airflow/example_dags/example_bash_operator.py took 0.842 seconds
[2023-01-09T17:16:28.028-0500] {logging_mixin.py:137} INFO - [2023-01-09T17:16:28.028-0500] {dag.py:2676} INFO - Sync 1 DAGs
[2023-01-09T17:16:28.044-0500] {logging_mixin.py:137} INFO - [2023-01-09T17:16:28.044-0500] {dag.py:3423} INFO - Setting next_dagrun for example_bash_operator to 2023-01-08T00:00:00+00:00, run_after=2023-01-09T00:00:00+00:00
[2023-01-09T17:16:28.063-0500] {processor.py:175} INFO - Processing /Library/Frameworks/Python.framework/Versions/3.9/lib/python3.9/site-packages/airflow/example_dags/example_bash_operator.py took 0.851 seconds
[2023-01-09T17:19:01.891-0500] {processor.py:153} INFO - Started process (PID=43226) to work on /Library/Frameworks/Python.framework/Versions/3.9/lib/python3.9/site-packages/airflow/example_dags/example_bash_operator.py
[2023-01-09T17:19:01.896-0500] {processor.py:743} INFO - Processing file /Library/Frameworks/Python.framework/Versions/3.9/lib/python3.9/site-packages/airflow/example_dags/example_bash_operator.py for tasks to queue
[2023-01-09T17:19:01.896-0500] {logging_mixin.py:137} INFO - [2023-01-09T17:19:01.896-0500] {dagbag.py:538} INFO - Filling up the DagBag from /Library/Frameworks/Python.framework/Versions/3.9/lib/python3.9/site-packages/airflow/example_dags/example_bash_operator.py
[2023-01-09T17:19:02.004-0500] {processor.py:753} INFO - DAG(s) dict_keys(['example_bash_operator']) retrieved from /Library/Frameworks/Python.framework/Versions/3.9/lib/python3.9/site-packages/airflow/example_dags/example_bash_operator.py
[2023-01-09T17:19:02.123-0500] {processor.py:153} INFO - Started process (PID=43227) to work on /Library/Frameworks/Python.framework/Versions/3.9/lib/python3.9/site-packages/airflow/example_dags/example_bash_operator.py
[2023-01-09T17:19:02.128-0500] {processor.py:743} INFO - Processing file /Library/Frameworks/Python.framework/Versions/3.9/lib/python3.9/site-packages/airflow/example_dags/example_bash_operator.py for tasks to queue
[2023-01-09T17:19:02.128-0500] {logging_mixin.py:137} INFO - [2023-01-09T17:19:02.128-0500] {dagbag.py:538} INFO - Filling up the DagBag from /Library/Frameworks/Python.framework/Versions/3.9/lib/python3.9/site-packages/airflow/example_dags/example_bash_operator.py
[2023-01-09T17:19:02.229-0500] {processor.py:753} INFO - DAG(s) dict_keys(['example_bash_operator']) retrieved from /Library/Frameworks/Python.framework/Versions/3.9/lib/python3.9/site-packages/airflow/example_dags/example_bash_operator.py
[2023-01-09T17:19:02.709-0500] {logging_mixin.py:137} INFO - [2023-01-09T17:19:02.709-0500] {dag.py:2676} INFO - Sync 1 DAGs
[2023-01-09T17:19:02.726-0500] {logging_mixin.py:137} INFO - [2023-01-09T17:19:02.726-0500] {dag.py:3423} INFO - Setting next_dagrun for example_bash_operator to 2023-01-08T00:00:00+00:00, run_after=2023-01-09T00:00:00+00:00
[2023-01-09T17:19:02.750-0500] {processor.py:175} INFO - Processing /Library/Frameworks/Python.framework/Versions/3.9/lib/python3.9/site-packages/airflow/example_dags/example_bash_operator.py took 0.860 seconds
[2023-01-09T17:19:02.959-0500] {logging_mixin.py:137} INFO - [2023-01-09T17:19:02.959-0500] {dag.py:2676} INFO - Sync 1 DAGs
[2023-01-09T17:19:02.976-0500] {logging_mixin.py:137} INFO - [2023-01-09T17:19:02.976-0500] {dag.py:3423} INFO - Setting next_dagrun for example_bash_operator to 2023-01-08T00:00:00+00:00, run_after=2023-01-09T00:00:00+00:00
[2023-01-09T17:19:02.998-0500] {processor.py:175} INFO - Processing /Library/Frameworks/Python.framework/Versions/3.9/lib/python3.9/site-packages/airflow/example_dags/example_bash_operator.py took 0.876 seconds
[2023-01-09T17:21:33.545-0500] {processor.py:153} INFO - Started process (PID=43360) to work on /Library/Frameworks/Python.framework/Versions/3.9/lib/python3.9/site-packages/airflow/example_dags/example_bash_operator.py
[2023-01-09T17:21:33.550-0500] {processor.py:743} INFO - Processing file /Library/Frameworks/Python.framework/Versions/3.9/lib/python3.9/site-packages/airflow/example_dags/example_bash_operator.py for tasks to queue
[2023-01-09T17:21:33.551-0500] {logging_mixin.py:137} INFO - [2023-01-09T17:21:33.551-0500] {dagbag.py:538} INFO - Filling up the DagBag from /Library/Frameworks/Python.framework/Versions/3.9/lib/python3.9/site-packages/airflow/example_dags/example_bash_operator.py
[2023-01-09T17:21:33.637-0500] {processor.py:753} INFO - DAG(s) dict_keys(['example_bash_operator']) retrieved from /Library/Frameworks/Python.framework/Versions/3.9/lib/python3.9/site-packages/airflow/example_dags/example_bash_operator.py
[2023-01-09T17:21:34.291-0500] {processor.py:153} INFO - Started process (PID=43361) to work on /Library/Frameworks/Python.framework/Versions/3.9/lib/python3.9/site-packages/airflow/example_dags/example_bash_operator.py
[2023-01-09T17:21:34.295-0500] {processor.py:743} INFO - Processing file /Library/Frameworks/Python.framework/Versions/3.9/lib/python3.9/site-packages/airflow/example_dags/example_bash_operator.py for tasks to queue
[2023-01-09T17:21:34.296-0500] {logging_mixin.py:137} INFO - [2023-01-09T17:21:34.296-0500] {dagbag.py:538} INFO - Filling up the DagBag from /Library/Frameworks/Python.framework/Versions/3.9/lib/python3.9/site-packages/airflow/example_dags/example_bash_operator.py
[2023-01-09T17:21:34.317-0500] {logging_mixin.py:137} INFO - [2023-01-09T17:21:34.317-0500] {dag.py:2676} INFO - Sync 1 DAGs
[2023-01-09T17:21:34.334-0500] {logging_mixin.py:137} INFO - [2023-01-09T17:21:34.334-0500] {dag.py:3423} INFO - Setting next_dagrun for example_bash_operator to 2023-01-08T00:00:00+00:00, run_after=2023-01-09T00:00:00+00:00
[2023-01-09T17:21:34.354-0500] {processor.py:175} INFO - Processing /Library/Frameworks/Python.framework/Versions/3.9/lib/python3.9/site-packages/airflow/example_dags/example_bash_operator.py took 0.810 seconds
[2023-01-09T17:21:34.383-0500] {processor.py:753} INFO - DAG(s) dict_keys(['example_bash_operator']) retrieved from /Library/Frameworks/Python.framework/Versions/3.9/lib/python3.9/site-packages/airflow/example_dags/example_bash_operator.py
[2023-01-09T17:21:35.068-0500] {logging_mixin.py:137} INFO - [2023-01-09T17:21:35.067-0500] {dag.py:2676} INFO - Sync 1 DAGs
[2023-01-09T17:21:35.084-0500] {logging_mixin.py:137} INFO - [2023-01-09T17:21:35.083-0500] {dag.py:3423} INFO - Setting next_dagrun for example_bash_operator to 2023-01-08T00:00:00+00:00, run_after=2023-01-09T00:00:00+00:00
[2023-01-09T17:21:35.109-0500] {processor.py:175} INFO - Processing /Library/Frameworks/Python.framework/Versions/3.9/lib/python3.9/site-packages/airflow/example_dags/example_bash_operator.py took 0.819 seconds
[2023-01-09T17:44:41.506-0500] {processor.py:153} INFO - Started process (PID=43769) to work on /Library/Frameworks/Python.framework/Versions/3.9/lib/python3.9/site-packages/airflow/example_dags/example_bash_operator.py
[2023-01-09T17:44:41.508-0500] {processor.py:153} INFO - Started process (PID=43768) to work on /Library/Frameworks/Python.framework/Versions/3.9/lib/python3.9/site-packages/airflow/example_dags/example_bash_operator.py
[2023-01-09T17:44:41.550-0500] {processor.py:743} INFO - Processing file /Library/Frameworks/Python.framework/Versions/3.9/lib/python3.9/site-packages/airflow/example_dags/example_bash_operator.py for tasks to queue
[2023-01-09T17:44:41.550-0500] {processor.py:743} INFO - Processing file /Library/Frameworks/Python.framework/Versions/3.9/lib/python3.9/site-packages/airflow/example_dags/example_bash_operator.py for tasks to queue
[2023-01-09T17:44:41.553-0500] {logging_mixin.py:137} INFO - [2023-01-09T17:44:41.552-0500] {dagbag.py:538} INFO - Filling up the DagBag from /Library/Frameworks/Python.framework/Versions/3.9/lib/python3.9/site-packages/airflow/example_dags/example_bash_operator.py
[2023-01-09T17:44:41.554-0500] {logging_mixin.py:137} INFO - [2023-01-09T17:44:41.553-0500] {dagbag.py:538} INFO - Filling up the DagBag from /Library/Frameworks/Python.framework/Versions/3.9/lib/python3.9/site-packages/airflow/example_dags/example_bash_operator.py
[2023-01-09T17:44:42.221-0500] {processor.py:753} INFO - DAG(s) dict_keys(['example_bash_operator']) retrieved from /Library/Frameworks/Python.framework/Versions/3.9/lib/python3.9/site-packages/airflow/example_dags/example_bash_operator.py
[2023-01-09T17:44:42.221-0500] {processor.py:753} INFO - DAG(s) dict_keys(['example_bash_operator']) retrieved from /Library/Frameworks/Python.framework/Versions/3.9/lib/python3.9/site-packages/airflow/example_dags/example_bash_operator.py
[2023-01-09T17:44:53.876-0500] {logging_mixin.py:137} INFO - [2023-01-09T17:44:53.874-0500] {dag.py:2676} INFO - Sync 1 DAGs
[2023-01-09T17:44:53.891-0500] {logging_mixin.py:137} INFO - [2023-01-09T17:44:53.889-0500] {dag.py:2676} INFO - Sync 1 DAGs
[2023-01-09T17:44:54.364-0500] {logging_mixin.py:137} INFO - [2023-01-09T17:44:54.362-0500] {dag.py:3423} INFO - Setting next_dagrun for example_bash_operator to 2023-01-08T00:00:00+00:00, run_after=2023-01-09T00:00:00+00:00
[2023-01-09T17:44:54.384-0500] {logging_mixin.py:137} INFO - [2023-01-09T17:44:54.381-0500] {dag.py:3423} INFO - Setting next_dagrun for example_bash_operator to 2023-01-08T00:00:00+00:00, run_after=2023-01-09T00:00:00+00:00
[2023-01-09T17:44:54.770-0500] {processor.py:175} INFO - Processing /Library/Frameworks/Python.framework/Versions/3.9/lib/python3.9/site-packages/airflow/example_dags/example_bash_operator.py took 13.267 seconds
[2023-01-09T17:44:54.788-0500] {processor.py:175} INFO - Processing /Library/Frameworks/Python.framework/Versions/3.9/lib/python3.9/site-packages/airflow/example_dags/example_bash_operator.py took 13.287 seconds
[2023-01-09T18:33:03.786-0500] {processor.py:153} INFO - Started process (PID=44597) to work on /Library/Frameworks/Python.framework/Versions/3.9/lib/python3.9/site-packages/airflow/example_dags/example_bash_operator.py
[2023-01-09T18:33:03.792-0500] {processor.py:743} INFO - Processing file /Library/Frameworks/Python.framework/Versions/3.9/lib/python3.9/site-packages/airflow/example_dags/example_bash_operator.py for tasks to queue
[2023-01-09T18:33:03.792-0500] {logging_mixin.py:137} INFO - [2023-01-09T18:33:03.792-0500] {dagbag.py:538} INFO - Filling up the DagBag from /Library/Frameworks/Python.framework/Versions/3.9/lib/python3.9/site-packages/airflow/example_dags/example_bash_operator.py
[2023-01-09T18:33:03.876-0500] {processor.py:753} INFO - DAG(s) dict_keys(['example_bash_operator']) retrieved from /Library/Frameworks/Python.framework/Versions/3.9/lib/python3.9/site-packages/airflow/example_dags/example_bash_operator.py
[2023-01-09T18:33:04.566-0500] {logging_mixin.py:137} INFO - [2023-01-09T18:33:04.566-0500] {dag.py:2676} INFO - Sync 1 DAGs
[2023-01-09T18:33:04.583-0500] {logging_mixin.py:137} INFO - [2023-01-09T18:33:04.582-0500] {dag.py:3423} INFO - Setting next_dagrun for example_bash_operator to 2023-01-08T00:00:00+00:00, run_after=2023-01-09T00:00:00+00:00
[2023-01-09T18:33:04.606-0500] {processor.py:175} INFO - Processing /Library/Frameworks/Python.framework/Versions/3.9/lib/python3.9/site-packages/airflow/example_dags/example_bash_operator.py took 0.820 seconds
[2023-01-09T18:33:06.179-0500] {processor.py:153} INFO - Started process (PID=44598) to work on /Library/Frameworks/Python.framework/Versions/3.9/lib/python3.9/site-packages/airflow/example_dags/example_bash_operator.py
[2023-01-09T18:33:06.184-0500] {processor.py:743} INFO - Processing file /Library/Frameworks/Python.framework/Versions/3.9/lib/python3.9/site-packages/airflow/example_dags/example_bash_operator.py for tasks to queue
[2023-01-09T18:33:06.184-0500] {logging_mixin.py:137} INFO - [2023-01-09T18:33:06.184-0500] {dagbag.py:538} INFO - Filling up the DagBag from /Library/Frameworks/Python.framework/Versions/3.9/lib/python3.9/site-packages/airflow/example_dags/example_bash_operator.py
[2023-01-09T18:33:06.269-0500] {processor.py:753} INFO - DAG(s) dict_keys(['example_bash_operator']) retrieved from /Library/Frameworks/Python.framework/Versions/3.9/lib/python3.9/site-packages/airflow/example_dags/example_bash_operator.py
[2023-01-09T18:33:06.939-0500] {logging_mixin.py:137} INFO - [2023-01-09T18:33:06.939-0500] {dag.py:2676} INFO - Sync 1 DAGs
[2023-01-09T18:33:06.956-0500] {logging_mixin.py:137} INFO - [2023-01-09T18:33:06.956-0500] {dag.py:3423} INFO - Setting next_dagrun for example_bash_operator to 2023-01-08T00:00:00+00:00, run_after=2023-01-09T00:00:00+00:00
[2023-01-09T18:33:06.973-0500] {processor.py:175} INFO - Processing /Library/Frameworks/Python.framework/Versions/3.9/lib/python3.9/site-packages/airflow/example_dags/example_bash_operator.py took 0.795 seconds
[2023-01-09T18:35:42.135-0500] {processor.py:153} INFO - Started process (PID=44733) to work on /Library/Frameworks/Python.framework/Versions/3.9/lib/python3.9/site-packages/airflow/example_dags/example_bash_operator.py
[2023-01-09T18:35:42.140-0500] {processor.py:743} INFO - Processing file /Library/Frameworks/Python.framework/Versions/3.9/lib/python3.9/site-packages/airflow/example_dags/example_bash_operator.py for tasks to queue
[2023-01-09T18:35:42.141-0500] {logging_mixin.py:137} INFO - [2023-01-09T18:35:42.141-0500] {dagbag.py:538} INFO - Filling up the DagBag from /Library/Frameworks/Python.framework/Versions/3.9/lib/python3.9/site-packages/airflow/example_dags/example_bash_operator.py
[2023-01-09T18:35:42.223-0500] {processor.py:753} INFO - DAG(s) dict_keys(['example_bash_operator']) retrieved from /Library/Frameworks/Python.framework/Versions/3.9/lib/python3.9/site-packages/airflow/example_dags/example_bash_operator.py
[2023-01-09T18:35:42.910-0500] {logging_mixin.py:137} INFO - [2023-01-09T18:35:42.909-0500] {dag.py:2676} INFO - Sync 1 DAGs
[2023-01-09T18:35:42.926-0500] {logging_mixin.py:137} INFO - [2023-01-09T18:35:42.926-0500] {dag.py:3423} INFO - Setting next_dagrun for example_bash_operator to 2023-01-08T00:00:00+00:00, run_after=2023-01-09T00:00:00+00:00
[2023-01-09T18:35:42.945-0500] {processor.py:175} INFO - Processing /Library/Frameworks/Python.framework/Versions/3.9/lib/python3.9/site-packages/airflow/example_dags/example_bash_operator.py took 0.811 seconds
[2023-01-09T18:35:47.700-0500] {processor.py:153} INFO - Started process (PID=44737) to work on /Library/Frameworks/Python.framework/Versions/3.9/lib/python3.9/site-packages/airflow/example_dags/example_bash_operator.py
[2023-01-09T18:35:47.705-0500] {processor.py:743} INFO - Processing file /Library/Frameworks/Python.framework/Versions/3.9/lib/python3.9/site-packages/airflow/example_dags/example_bash_operator.py for tasks to queue
[2023-01-09T18:35:47.705-0500] {logging_mixin.py:137} INFO - [2023-01-09T18:35:47.705-0500] {dagbag.py:538} INFO - Filling up the DagBag from /Library/Frameworks/Python.framework/Versions/3.9/lib/python3.9/site-packages/airflow/example_dags/example_bash_operator.py
[2023-01-09T18:35:47.808-0500] {processor.py:753} INFO - DAG(s) dict_keys(['example_bash_operator']) retrieved from /Library/Frameworks/Python.framework/Versions/3.9/lib/python3.9/site-packages/airflow/example_dags/example_bash_operator.py
[2023-01-09T18:35:48.461-0500] {logging_mixin.py:137} INFO - [2023-01-09T18:35:48.461-0500] {dag.py:2676} INFO - Sync 1 DAGs
[2023-01-09T18:35:48.478-0500] {logging_mixin.py:137} INFO - [2023-01-09T18:35:48.478-0500] {dag.py:3423} INFO - Setting next_dagrun for example_bash_operator to 2023-01-08T00:00:00+00:00, run_after=2023-01-09T00:00:00+00:00
[2023-01-09T18:35:48.495-0500] {processor.py:175} INFO - Processing /Library/Frameworks/Python.framework/Versions/3.9/lib/python3.9/site-packages/airflow/example_dags/example_bash_operator.py took 0.796 seconds
[2023-01-09T18:38:23.487-0500] {processor.py:153} INFO - Started process (PID=44906) to work on /Library/Frameworks/Python.framework/Versions/3.9/lib/python3.9/site-packages/airflow/example_dags/example_bash_operator.py
[2023-01-09T18:38:23.493-0500] {processor.py:743} INFO - Processing file /Library/Frameworks/Python.framework/Versions/3.9/lib/python3.9/site-packages/airflow/example_dags/example_bash_operator.py for tasks to queue
[2023-01-09T18:38:23.493-0500] {logging_mixin.py:137} INFO - [2023-01-09T18:38:23.493-0500] {dagbag.py:538} INFO - Filling up the DagBag from /Library/Frameworks/Python.framework/Versions/3.9/lib/python3.9/site-packages/airflow/example_dags/example_bash_operator.py
[2023-01-09T18:38:23.594-0500] {processor.py:753} INFO - DAG(s) dict_keys(['example_bash_operator']) retrieved from /Library/Frameworks/Python.framework/Versions/3.9/lib/python3.9/site-packages/airflow/example_dags/example_bash_operator.py
[2023-01-09T18:38:24.395-0500] {logging_mixin.py:137} INFO - [2023-01-09T18:38:24.395-0500] {dag.py:2676} INFO - Sync 1 DAGs
[2023-01-09T18:38:24.414-0500] {logging_mixin.py:137} INFO - [2023-01-09T18:38:24.414-0500] {dag.py:3423} INFO - Setting next_dagrun for example_bash_operator to 2023-01-08T00:00:00+00:00, run_after=2023-01-09T00:00:00+00:00
[2023-01-09T18:38:24.434-0500] {processor.py:175} INFO - Processing /Library/Frameworks/Python.framework/Versions/3.9/lib/python3.9/site-packages/airflow/example_dags/example_bash_operator.py took 0.947 seconds
[2023-01-09T18:38:25.967-0500] {processor.py:153} INFO - Started process (PID=44913) to work on /Library/Frameworks/Python.framework/Versions/3.9/lib/python3.9/site-packages/airflow/example_dags/example_bash_operator.py
[2023-01-09T18:38:25.973-0500] {processor.py:743} INFO - Processing file /Library/Frameworks/Python.framework/Versions/3.9/lib/python3.9/site-packages/airflow/example_dags/example_bash_operator.py for tasks to queue
[2023-01-09T18:38:25.973-0500] {logging_mixin.py:137} INFO - [2023-01-09T18:38:25.973-0500] {dagbag.py:538} INFO - Filling up the DagBag from /Library/Frameworks/Python.framework/Versions/3.9/lib/python3.9/site-packages/airflow/example_dags/example_bash_operator.py
[2023-01-09T18:38:26.102-0500] {processor.py:753} INFO - DAG(s) dict_keys(['example_bash_operator']) retrieved from /Library/Frameworks/Python.framework/Versions/3.9/lib/python3.9/site-packages/airflow/example_dags/example_bash_operator.py
[2023-01-09T18:38:27.133-0500] {logging_mixin.py:137} INFO - [2023-01-09T18:38:27.133-0500] {dag.py:2676} INFO - Sync 1 DAGs
[2023-01-09T18:38:27.154-0500] {logging_mixin.py:137} INFO - [2023-01-09T18:38:27.154-0500] {dag.py:3423} INFO - Setting next_dagrun for example_bash_operator to 2023-01-08T00:00:00+00:00, run_after=2023-01-09T00:00:00+00:00
[2023-01-09T18:38:27.176-0500] {processor.py:175} INFO - Processing /Library/Frameworks/Python.framework/Versions/3.9/lib/python3.9/site-packages/airflow/example_dags/example_bash_operator.py took 1.209 seconds
[2023-01-09T18:40:58.453-0500] {processor.py:153} INFO - Started process (PID=45114) to work on /Library/Frameworks/Python.framework/Versions/3.9/lib/python3.9/site-packages/airflow/example_dags/example_bash_operator.py
[2023-01-09T18:40:58.459-0500] {processor.py:743} INFO - Processing file /Library/Frameworks/Python.framework/Versions/3.9/lib/python3.9/site-packages/airflow/example_dags/example_bash_operator.py for tasks to queue
[2023-01-09T18:40:58.459-0500] {logging_mixin.py:137} INFO - [2023-01-09T18:40:58.459-0500] {dagbag.py:538} INFO - Filling up the DagBag from /Library/Frameworks/Python.framework/Versions/3.9/lib/python3.9/site-packages/airflow/example_dags/example_bash_operator.py
[2023-01-09T18:40:58.538-0500] {processor.py:753} INFO - DAG(s) dict_keys(['example_bash_operator']) retrieved from /Library/Frameworks/Python.framework/Versions/3.9/lib/python3.9/site-packages/airflow/example_dags/example_bash_operator.py
[2023-01-09T18:40:59.262-0500] {logging_mixin.py:137} INFO - [2023-01-09T18:40:59.262-0500] {dag.py:2676} INFO - Sync 1 DAGs
[2023-01-09T18:40:59.280-0500] {logging_mixin.py:137} INFO - [2023-01-09T18:40:59.280-0500] {dag.py:3423} INFO - Setting next_dagrun for example_bash_operator to 2023-01-08T00:00:00+00:00, run_after=2023-01-09T00:00:00+00:00
[2023-01-09T18:40:59.298-0500] {processor.py:175} INFO - Processing /Library/Frameworks/Python.framework/Versions/3.9/lib/python3.9/site-packages/airflow/example_dags/example_bash_operator.py took 0.845 seconds
[2023-01-09T18:41:03.129-0500] {processor.py:153} INFO - Started process (PID=45118) to work on /Library/Frameworks/Python.framework/Versions/3.9/lib/python3.9/site-packages/airflow/example_dags/example_bash_operator.py
[2023-01-09T18:41:03.134-0500] {processor.py:743} INFO - Processing file /Library/Frameworks/Python.framework/Versions/3.9/lib/python3.9/site-packages/airflow/example_dags/example_bash_operator.py for tasks to queue
[2023-01-09T18:41:03.135-0500] {logging_mixin.py:137} INFO - [2023-01-09T18:41:03.135-0500] {dagbag.py:538} INFO - Filling up the DagBag from /Library/Frameworks/Python.framework/Versions/3.9/lib/python3.9/site-packages/airflow/example_dags/example_bash_operator.py
[2023-01-09T18:41:03.222-0500] {processor.py:753} INFO - DAG(s) dict_keys(['example_bash_operator']) retrieved from /Library/Frameworks/Python.framework/Versions/3.9/lib/python3.9/site-packages/airflow/example_dags/example_bash_operator.py
[2023-01-09T18:41:03.958-0500] {logging_mixin.py:137} INFO - [2023-01-09T18:41:03.958-0500] {dag.py:2676} INFO - Sync 1 DAGs
[2023-01-09T18:41:03.975-0500] {logging_mixin.py:137} INFO - [2023-01-09T18:41:03.975-0500] {dag.py:3423} INFO - Setting next_dagrun for example_bash_operator to 2023-01-08T00:00:00+00:00, run_after=2023-01-09T00:00:00+00:00
[2023-01-09T18:41:03.993-0500] {processor.py:175} INFO - Processing /Library/Frameworks/Python.framework/Versions/3.9/lib/python3.9/site-packages/airflow/example_dags/example_bash_operator.py took 0.864 seconds
[2023-01-09T18:43:36.824-0500] {processor.py:153} INFO - Started process (PID=45256) to work on /Library/Frameworks/Python.framework/Versions/3.9/lib/python3.9/site-packages/airflow/example_dags/example_bash_operator.py
[2023-01-09T18:43:36.830-0500] {processor.py:743} INFO - Processing file /Library/Frameworks/Python.framework/Versions/3.9/lib/python3.9/site-packages/airflow/example_dags/example_bash_operator.py for tasks to queue
[2023-01-09T18:43:36.831-0500] {logging_mixin.py:137} INFO - [2023-01-09T18:43:36.831-0500] {dagbag.py:538} INFO - Filling up the DagBag from /Library/Frameworks/Python.framework/Versions/3.9/lib/python3.9/site-packages/airflow/example_dags/example_bash_operator.py
[2023-01-09T18:43:36.918-0500] {processor.py:753} INFO - DAG(s) dict_keys(['example_bash_operator']) retrieved from /Library/Frameworks/Python.framework/Versions/3.9/lib/python3.9/site-packages/airflow/example_dags/example_bash_operator.py
[2023-01-09T18:43:37.569-0500] {logging_mixin.py:137} INFO - [2023-01-09T18:43:37.569-0500] {dag.py:2676} INFO - Sync 1 DAGs
[2023-01-09T18:43:37.586-0500] {logging_mixin.py:137} INFO - [2023-01-09T18:43:37.586-0500] {dag.py:3423} INFO - Setting next_dagrun for example_bash_operator to 2023-01-08T00:00:00+00:00, run_after=2023-01-09T00:00:00+00:00
[2023-01-09T18:43:37.603-0500] {processor.py:175} INFO - Processing /Library/Frameworks/Python.framework/Versions/3.9/lib/python3.9/site-packages/airflow/example_dags/example_bash_operator.py took 0.780 seconds
[2023-01-09T18:43:42.422-0500] {processor.py:153} INFO - Started process (PID=45260) to work on /Library/Frameworks/Python.framework/Versions/3.9/lib/python3.9/site-packages/airflow/example_dags/example_bash_operator.py
[2023-01-09T18:43:42.427-0500] {processor.py:743} INFO - Processing file /Library/Frameworks/Python.framework/Versions/3.9/lib/python3.9/site-packages/airflow/example_dags/example_bash_operator.py for tasks to queue
[2023-01-09T18:43:42.427-0500] {logging_mixin.py:137} INFO - [2023-01-09T18:43:42.427-0500] {dagbag.py:538} INFO - Filling up the DagBag from /Library/Frameworks/Python.framework/Versions/3.9/lib/python3.9/site-packages/airflow/example_dags/example_bash_operator.py
[2023-01-09T18:43:42.508-0500] {processor.py:753} INFO - DAG(s) dict_keys(['example_bash_operator']) retrieved from /Library/Frameworks/Python.framework/Versions/3.9/lib/python3.9/site-packages/airflow/example_dags/example_bash_operator.py
[2023-01-09T18:43:43.262-0500] {logging_mixin.py:137} INFO - [2023-01-09T18:43:43.261-0500] {dag.py:2676} INFO - Sync 1 DAGs
[2023-01-09T18:43:43.280-0500] {logging_mixin.py:137} INFO - [2023-01-09T18:43:43.280-0500] {dag.py:3423} INFO - Setting next_dagrun for example_bash_operator to 2023-01-08T00:00:00+00:00, run_after=2023-01-09T00:00:00+00:00
[2023-01-09T18:43:43.304-0500] {processor.py:175} INFO - Processing /Library/Frameworks/Python.framework/Versions/3.9/lib/python3.9/site-packages/airflow/example_dags/example_bash_operator.py took 0.883 seconds
[2023-01-09T18:46:49.695-0500] {processor.py:153} INFO - Started process (PID=45529) to work on /Library/Frameworks/Python.framework/Versions/3.9/lib/python3.9/site-packages/airflow/example_dags/example_bash_operator.py
[2023-01-09T18:46:49.700-0500] {processor.py:743} INFO - Processing file /Library/Frameworks/Python.framework/Versions/3.9/lib/python3.9/site-packages/airflow/example_dags/example_bash_operator.py for tasks to queue
[2023-01-09T18:46:49.701-0500] {logging_mixin.py:137} INFO - [2023-01-09T18:46:49.701-0500] {dagbag.py:538} INFO - Filling up the DagBag from /Library/Frameworks/Python.framework/Versions/3.9/lib/python3.9/site-packages/airflow/example_dags/example_bash_operator.py
[2023-01-09T18:46:49.799-0500] {processor.py:753} INFO - DAG(s) dict_keys(['example_bash_operator']) retrieved from /Library/Frameworks/Python.framework/Versions/3.9/lib/python3.9/site-packages/airflow/example_dags/example_bash_operator.py
[2023-01-09T18:46:50.942-0500] {logging_mixin.py:137} INFO - [2023-01-09T18:46:50.942-0500] {dag.py:2676} INFO - Sync 1 DAGs
[2023-01-09T18:46:50.968-0500] {logging_mixin.py:137} INFO - [2023-01-09T18:46:50.967-0500] {dag.py:3423} INFO - Setting next_dagrun for example_bash_operator to 2023-01-08T00:00:00+00:00, run_after=2023-01-09T00:00:00+00:00
[2023-01-09T18:46:51.008-0500] {processor.py:175} INFO - Processing /Library/Frameworks/Python.framework/Versions/3.9/lib/python3.9/site-packages/airflow/example_dags/example_bash_operator.py took 1.314 seconds
[2023-01-09T18:46:58.111-0500] {processor.py:153} INFO - Started process (PID=45533) to work on /Library/Frameworks/Python.framework/Versions/3.9/lib/python3.9/site-packages/airflow/example_dags/example_bash_operator.py
[2023-01-09T18:46:58.116-0500] {processor.py:743} INFO - Processing file /Library/Frameworks/Python.framework/Versions/3.9/lib/python3.9/site-packages/airflow/example_dags/example_bash_operator.py for tasks to queue
[2023-01-09T18:46:58.117-0500] {logging_mixin.py:137} INFO - [2023-01-09T18:46:58.117-0500] {dagbag.py:538} INFO - Filling up the DagBag from /Library/Frameworks/Python.framework/Versions/3.9/lib/python3.9/site-packages/airflow/example_dags/example_bash_operator.py
[2023-01-09T18:46:58.215-0500] {processor.py:753} INFO - DAG(s) dict_keys(['example_bash_operator']) retrieved from /Library/Frameworks/Python.framework/Versions/3.9/lib/python3.9/site-packages/airflow/example_dags/example_bash_operator.py
[2023-01-09T18:46:58.989-0500] {logging_mixin.py:137} INFO - [2023-01-09T18:46:58.988-0500] {dag.py:2676} INFO - Sync 1 DAGs
[2023-01-09T18:46:59.011-0500] {logging_mixin.py:137} INFO - [2023-01-09T18:46:59.010-0500] {dag.py:3423} INFO - Setting next_dagrun for example_bash_operator to 2023-01-08T00:00:00+00:00, run_after=2023-01-09T00:00:00+00:00
[2023-01-09T18:46:59.032-0500] {processor.py:175} INFO - Processing /Library/Frameworks/Python.framework/Versions/3.9/lib/python3.9/site-packages/airflow/example_dags/example_bash_operator.py took 0.922 seconds
[2023-01-09T18:49:44.546-0500] {processor.py:153} INFO - Started process (PID=45720) to work on /Library/Frameworks/Python.framework/Versions/3.9/lib/python3.9/site-packages/airflow/example_dags/example_bash_operator.py
[2023-01-09T18:49:44.552-0500] {processor.py:743} INFO - Processing file /Library/Frameworks/Python.framework/Versions/3.9/lib/python3.9/site-packages/airflow/example_dags/example_bash_operator.py for tasks to queue
[2023-01-09T18:49:44.552-0500] {logging_mixin.py:137} INFO - [2023-01-09T18:49:44.552-0500] {dagbag.py:538} INFO - Filling up the DagBag from /Library/Frameworks/Python.framework/Versions/3.9/lib/python3.9/site-packages/airflow/example_dags/example_bash_operator.py
[2023-01-09T18:49:44.650-0500] {processor.py:753} INFO - DAG(s) dict_keys(['example_bash_operator']) retrieved from /Library/Frameworks/Python.framework/Versions/3.9/lib/python3.9/site-packages/airflow/example_dags/example_bash_operator.py
[2023-01-09T18:49:46.137-0500] {logging_mixin.py:137} INFO - [2023-01-09T18:49:46.136-0500] {dag.py:2676} INFO - Sync 1 DAGs
[2023-01-09T18:49:46.159-0500] {logging_mixin.py:137} INFO - [2023-01-09T18:49:46.159-0500] {dag.py:3423} INFO - Setting next_dagrun for example_bash_operator to 2023-01-08T00:00:00+00:00, run_after=2023-01-09T00:00:00+00:00
[2023-01-09T18:49:46.185-0500] {processor.py:175} INFO - Processing /Library/Frameworks/Python.framework/Versions/3.9/lib/python3.9/site-packages/airflow/example_dags/example_bash_operator.py took 1.640 seconds
[2023-01-09T18:49:53.483-0500] {processor.py:153} INFO - Started process (PID=45727) to work on /Library/Frameworks/Python.framework/Versions/3.9/lib/python3.9/site-packages/airflow/example_dags/example_bash_operator.py
[2023-01-09T18:49:53.488-0500] {processor.py:743} INFO - Processing file /Library/Frameworks/Python.framework/Versions/3.9/lib/python3.9/site-packages/airflow/example_dags/example_bash_operator.py for tasks to queue
[2023-01-09T18:49:53.489-0500] {logging_mixin.py:137} INFO - [2023-01-09T18:49:53.489-0500] {dagbag.py:538} INFO - Filling up the DagBag from /Library/Frameworks/Python.framework/Versions/3.9/lib/python3.9/site-packages/airflow/example_dags/example_bash_operator.py
[2023-01-09T18:49:53.586-0500] {processor.py:753} INFO - DAG(s) dict_keys(['example_bash_operator']) retrieved from /Library/Frameworks/Python.framework/Versions/3.9/lib/python3.9/site-packages/airflow/example_dags/example_bash_operator.py
[2023-01-09T18:49:54.427-0500] {logging_mixin.py:137} INFO - [2023-01-09T18:49:54.426-0500] {dag.py:2676} INFO - Sync 1 DAGs
[2023-01-09T18:49:54.447-0500] {logging_mixin.py:137} INFO - [2023-01-09T18:49:54.447-0500] {dag.py:3423} INFO - Setting next_dagrun for example_bash_operator to 2023-01-08T00:00:00+00:00, run_after=2023-01-09T00:00:00+00:00
[2023-01-09T18:49:54.475-0500] {processor.py:175} INFO - Processing /Library/Frameworks/Python.framework/Versions/3.9/lib/python3.9/site-packages/airflow/example_dags/example_bash_operator.py took 0.993 seconds
[2023-01-09T18:52:54.785-0500] {processor.py:153} INFO - Started process (PID=45900) to work on /Library/Frameworks/Python.framework/Versions/3.9/lib/python3.9/site-packages/airflow/example_dags/example_bash_operator.py
[2023-01-09T18:52:54.792-0500] {processor.py:743} INFO - Processing file /Library/Frameworks/Python.framework/Versions/3.9/lib/python3.9/site-packages/airflow/example_dags/example_bash_operator.py for tasks to queue
[2023-01-09T18:52:54.793-0500] {logging_mixin.py:137} INFO - [2023-01-09T18:52:54.792-0500] {dagbag.py:538} INFO - Filling up the DagBag from /Library/Frameworks/Python.framework/Versions/3.9/lib/python3.9/site-packages/airflow/example_dags/example_bash_operator.py
[2023-01-09T18:52:54.908-0500] {processor.py:753} INFO - DAG(s) dict_keys(['example_bash_operator']) retrieved from /Library/Frameworks/Python.framework/Versions/3.9/lib/python3.9/site-packages/airflow/example_dags/example_bash_operator.py
[2023-01-09T18:52:55.822-0500] {logging_mixin.py:137} INFO - [2023-01-09T18:52:55.821-0500] {dag.py:2676} INFO - Sync 1 DAGs
[2023-01-09T18:52:55.843-0500] {logging_mixin.py:137} INFO - [2023-01-09T18:52:55.842-0500] {dag.py:3423} INFO - Setting next_dagrun for example_bash_operator to 2023-01-08T00:00:00+00:00, run_after=2023-01-09T00:00:00+00:00
[2023-01-09T18:52:55.865-0500] {processor.py:175} INFO - Processing /Library/Frameworks/Python.framework/Versions/3.9/lib/python3.9/site-packages/airflow/example_dags/example_bash_operator.py took 1.081 seconds
[2023-01-09T18:53:01.133-0500] {processor.py:153} INFO - Started process (PID=45903) to work on /Library/Frameworks/Python.framework/Versions/3.9/lib/python3.9/site-packages/airflow/example_dags/example_bash_operator.py
[2023-01-09T18:53:01.139-0500] {processor.py:743} INFO - Processing file /Library/Frameworks/Python.framework/Versions/3.9/lib/python3.9/site-packages/airflow/example_dags/example_bash_operator.py for tasks to queue
[2023-01-09T18:53:01.140-0500] {logging_mixin.py:137} INFO - [2023-01-09T18:53:01.140-0500] {dagbag.py:538} INFO - Filling up the DagBag from /Library/Frameworks/Python.framework/Versions/3.9/lib/python3.9/site-packages/airflow/example_dags/example_bash_operator.py
[2023-01-09T18:53:01.251-0500] {processor.py:753} INFO - DAG(s) dict_keys(['example_bash_operator']) retrieved from /Library/Frameworks/Python.framework/Versions/3.9/lib/python3.9/site-packages/airflow/example_dags/example_bash_operator.py
[2023-01-09T18:53:02.248-0500] {logging_mixin.py:137} INFO - [2023-01-09T18:53:02.248-0500] {dag.py:2676} INFO - Sync 1 DAGs
[2023-01-09T18:53:02.269-0500] {logging_mixin.py:137} INFO - [2023-01-09T18:53:02.269-0500] {dag.py:3423} INFO - Setting next_dagrun for example_bash_operator to 2023-01-08T00:00:00+00:00, run_after=2023-01-09T00:00:00+00:00
[2023-01-09T18:53:02.299-0500] {processor.py:175} INFO - Processing /Library/Frameworks/Python.framework/Versions/3.9/lib/python3.9/site-packages/airflow/example_dags/example_bash_operator.py took 1.167 seconds
[2023-01-09T18:57:20.192-0500] {processor.py:153} INFO - Started process (PID=46072) to work on /Library/Frameworks/Python.framework/Versions/3.9/lib/python3.9/site-packages/airflow/example_dags/example_bash_operator.py
[2023-01-09T18:57:20.206-0500] {processor.py:743} INFO - Processing file /Library/Frameworks/Python.framework/Versions/3.9/lib/python3.9/site-packages/airflow/example_dags/example_bash_operator.py for tasks to queue
[2023-01-09T18:57:20.207-0500] {logging_mixin.py:137} INFO - [2023-01-09T18:57:20.207-0500] {dagbag.py:538} INFO - Filling up the DagBag from /Library/Frameworks/Python.framework/Versions/3.9/lib/python3.9/site-packages/airflow/example_dags/example_bash_operator.py
[2023-01-09T18:57:20.376-0500] {processor.py:753} INFO - DAG(s) dict_keys(['example_bash_operator']) retrieved from /Library/Frameworks/Python.framework/Versions/3.9/lib/python3.9/site-packages/airflow/example_dags/example_bash_operator.py
[2023-01-09T18:57:21.720-0500] {logging_mixin.py:137} INFO - [2023-01-09T18:57:21.719-0500] {dag.py:2676} INFO - Sync 1 DAGs
[2023-01-09T18:57:21.750-0500] {logging_mixin.py:137} INFO - [2023-01-09T18:57:21.749-0500] {dag.py:3423} INFO - Setting next_dagrun for example_bash_operator to 2023-01-08T00:00:00+00:00, run_after=2023-01-09T00:00:00+00:00
[2023-01-09T18:57:21.807-0500] {processor.py:175} INFO - Processing /Library/Frameworks/Python.framework/Versions/3.9/lib/python3.9/site-packages/airflow/example_dags/example_bash_operator.py took 1.619 seconds
[2023-01-09T18:57:37.665-0500] {processor.py:153} INFO - Started process (PID=46084) to work on /Library/Frameworks/Python.framework/Versions/3.9/lib/python3.9/site-packages/airflow/example_dags/example_bash_operator.py
[2023-01-09T18:57:37.683-0500] {processor.py:743} INFO - Processing file /Library/Frameworks/Python.framework/Versions/3.9/lib/python3.9/site-packages/airflow/example_dags/example_bash_operator.py for tasks to queue
[2023-01-09T18:57:37.684-0500] {logging_mixin.py:137} INFO - [2023-01-09T18:57:37.684-0500] {dagbag.py:538} INFO - Filling up the DagBag from /Library/Frameworks/Python.framework/Versions/3.9/lib/python3.9/site-packages/airflow/example_dags/example_bash_operator.py
[2023-01-09T18:57:37.861-0500] {processor.py:753} INFO - DAG(s) dict_keys(['example_bash_operator']) retrieved from /Library/Frameworks/Python.framework/Versions/3.9/lib/python3.9/site-packages/airflow/example_dags/example_bash_operator.py
[2023-01-09T18:57:39.060-0500] {logging_mixin.py:137} INFO - [2023-01-09T18:57:39.060-0500] {dag.py:2676} INFO - Sync 1 DAGs
[2023-01-09T18:57:39.096-0500] {logging_mixin.py:137} INFO - [2023-01-09T18:57:39.096-0500] {dag.py:3423} INFO - Setting next_dagrun for example_bash_operator to 2023-01-08T00:00:00+00:00, run_after=2023-01-09T00:00:00+00:00
[2023-01-09T18:57:39.142-0500] {processor.py:175} INFO - Processing /Library/Frameworks/Python.framework/Versions/3.9/lib/python3.9/site-packages/airflow/example_dags/example_bash_operator.py took 1.478 seconds
