[2023-01-09T16:46:00.830-0500] {processor.py:153} INFO - Started process (PID=39078) to work on /Library/Frameworks/Python.framework/Versions/3.9/lib/python3.9/site-packages/airflow/example_dags/plugins/workday.py
[2023-01-09T16:46:00.835-0500] {processor.py:743} INFO - Processing file /Library/Frameworks/Python.framework/Versions/3.9/lib/python3.9/site-packages/airflow/example_dags/plugins/workday.py for tasks to queue
[2023-01-09T16:46:00.835-0500] {logging_mixin.py:137} INFO - [2023-01-09T16:46:00.835-0500] {dagbag.py:538} INFO - Filling up the DagBag from /Library/Frameworks/Python.framework/Versions/3.9/lib/python3.9/site-packages/airflow/example_dags/plugins/workday.py
[2023-01-09T16:46:00.848-0500] {processor.py:755} WARNING - No viable dags retrieved from /Library/Frameworks/Python.framework/Versions/3.9/lib/python3.9/site-packages/airflow/example_dags/plugins/workday.py
[2023-01-09T16:46:01.490-0500] {processor.py:175} INFO - Processing /Library/Frameworks/Python.framework/Versions/3.9/lib/python3.9/site-packages/airflow/example_dags/plugins/workday.py took 0.661 seconds
[2023-01-09T16:47:59.982-0500] {processor.py:153} INFO - Started process (PID=39221) to work on /Library/Frameworks/Python.framework/Versions/3.9/lib/python3.9/site-packages/airflow/example_dags/plugins/workday.py
[2023-01-09T16:47:59.987-0500] {processor.py:743} INFO - Processing file /Library/Frameworks/Python.framework/Versions/3.9/lib/python3.9/site-packages/airflow/example_dags/plugins/workday.py for tasks to queue
[2023-01-09T16:47:59.988-0500] {logging_mixin.py:137} INFO - [2023-01-09T16:47:59.988-0500] {dagbag.py:538} INFO - Filling up the DagBag from /Library/Frameworks/Python.framework/Versions/3.9/lib/python3.9/site-packages/airflow/example_dags/plugins/workday.py
[2023-01-09T16:48:00.004-0500] {processor.py:755} WARNING - No viable dags retrieved from /Library/Frameworks/Python.framework/Versions/3.9/lib/python3.9/site-packages/airflow/example_dags/plugins/workday.py
[2023-01-09T16:48:00.750-0500] {processor.py:175} INFO - Processing /Library/Frameworks/Python.framework/Versions/3.9/lib/python3.9/site-packages/airflow/example_dags/plugins/workday.py took 0.768 seconds
[2023-01-09T16:49:26.816-0500] {processor.py:153} INFO - Started process (PID=39278) to work on /Library/Frameworks/Python.framework/Versions/3.9/lib/python3.9/site-packages/airflow/example_dags/plugins/workday.py
[2023-01-09T16:49:26.823-0500] {processor.py:743} INFO - Processing file /Library/Frameworks/Python.framework/Versions/3.9/lib/python3.9/site-packages/airflow/example_dags/plugins/workday.py for tasks to queue
[2023-01-09T16:49:26.823-0500] {logging_mixin.py:137} INFO - [2023-01-09T16:49:26.823-0500] {dagbag.py:538} INFO - Filling up the DagBag from /Library/Frameworks/Python.framework/Versions/3.9/lib/python3.9/site-packages/airflow/example_dags/plugins/workday.py
[2023-01-09T16:49:26.838-0500] {processor.py:755} WARNING - No viable dags retrieved from /Library/Frameworks/Python.framework/Versions/3.9/lib/python3.9/site-packages/airflow/example_dags/plugins/workday.py
[2023-01-09T16:49:27.523-0500] {processor.py:175} INFO - Processing /Library/Frameworks/Python.framework/Versions/3.9/lib/python3.9/site-packages/airflow/example_dags/plugins/workday.py took 0.708 seconds
[2023-01-09T16:50:49.322-0500] {processor.py:153} INFO - Started process (PID=39316) to work on /Library/Frameworks/Python.framework/Versions/3.9/lib/python3.9/site-packages/airflow/example_dags/plugins/workday.py
[2023-01-09T16:50:49.328-0500] {processor.py:743} INFO - Processing file /Library/Frameworks/Python.framework/Versions/3.9/lib/python3.9/site-packages/airflow/example_dags/plugins/workday.py for tasks to queue
[2023-01-09T16:50:49.329-0500] {logging_mixin.py:137} INFO - [2023-01-09T16:50:49.329-0500] {dagbag.py:538} INFO - Filling up the DagBag from /Library/Frameworks/Python.framework/Versions/3.9/lib/python3.9/site-packages/airflow/example_dags/plugins/workday.py
[2023-01-09T16:50:49.345-0500] {processor.py:755} WARNING - No viable dags retrieved from /Library/Frameworks/Python.framework/Versions/3.9/lib/python3.9/site-packages/airflow/example_dags/plugins/workday.py
[2023-01-09T16:50:50.002-0500] {processor.py:175} INFO - Processing /Library/Frameworks/Python.framework/Versions/3.9/lib/python3.9/site-packages/airflow/example_dags/plugins/workday.py took 0.680 seconds
[2023-01-09T16:52:17.764-0500] {processor.py:153} INFO - Started process (PID=39368) to work on /Library/Frameworks/Python.framework/Versions/3.9/lib/python3.9/site-packages/airflow/example_dags/plugins/workday.py
[2023-01-09T16:52:17.769-0500] {processor.py:743} INFO - Processing file /Library/Frameworks/Python.framework/Versions/3.9/lib/python3.9/site-packages/airflow/example_dags/plugins/workday.py for tasks to queue
[2023-01-09T16:52:17.769-0500] {logging_mixin.py:137} INFO - [2023-01-09T16:52:17.769-0500] {dagbag.py:538} INFO - Filling up the DagBag from /Library/Frameworks/Python.framework/Versions/3.9/lib/python3.9/site-packages/airflow/example_dags/plugins/workday.py
[2023-01-09T16:52:17.783-0500] {processor.py:755} WARNING - No viable dags retrieved from /Library/Frameworks/Python.framework/Versions/3.9/lib/python3.9/site-packages/airflow/example_dags/plugins/workday.py
[2023-01-09T16:52:18.400-0500] {processor.py:175} INFO - Processing /Library/Frameworks/Python.framework/Versions/3.9/lib/python3.9/site-packages/airflow/example_dags/plugins/workday.py took 0.637 seconds
[2023-01-09T16:53:39.819-0500] {processor.py:153} INFO - Started process (PID=39412) to work on /Library/Frameworks/Python.framework/Versions/3.9/lib/python3.9/site-packages/airflow/example_dags/plugins/workday.py
[2023-01-09T16:53:39.824-0500] {processor.py:743} INFO - Processing file /Library/Frameworks/Python.framework/Versions/3.9/lib/python3.9/site-packages/airflow/example_dags/plugins/workday.py for tasks to queue
[2023-01-09T16:53:39.825-0500] {logging_mixin.py:137} INFO - [2023-01-09T16:53:39.825-0500] {dagbag.py:538} INFO - Filling up the DagBag from /Library/Frameworks/Python.framework/Versions/3.9/lib/python3.9/site-packages/airflow/example_dags/plugins/workday.py
[2023-01-09T16:53:39.839-0500] {processor.py:755} WARNING - No viable dags retrieved from /Library/Frameworks/Python.framework/Versions/3.9/lib/python3.9/site-packages/airflow/example_dags/plugins/workday.py
[2023-01-09T16:53:40.523-0500] {processor.py:175} INFO - Processing /Library/Frameworks/Python.framework/Versions/3.9/lib/python3.9/site-packages/airflow/example_dags/plugins/workday.py took 0.705 seconds
[2023-01-09T16:55:04.626-0500] {processor.py:153} INFO - Started process (PID=39470) to work on /Library/Frameworks/Python.framework/Versions/3.9/lib/python3.9/site-packages/airflow/example_dags/plugins/workday.py
[2023-01-09T16:55:04.631-0500] {processor.py:743} INFO - Processing file /Library/Frameworks/Python.framework/Versions/3.9/lib/python3.9/site-packages/airflow/example_dags/plugins/workday.py for tasks to queue
[2023-01-09T16:55:04.632-0500] {logging_mixin.py:137} INFO - [2023-01-09T16:55:04.632-0500] {dagbag.py:538} INFO - Filling up the DagBag from /Library/Frameworks/Python.framework/Versions/3.9/lib/python3.9/site-packages/airflow/example_dags/plugins/workday.py
[2023-01-09T16:55:04.646-0500] {processor.py:755} WARNING - No viable dags retrieved from /Library/Frameworks/Python.framework/Versions/3.9/lib/python3.9/site-packages/airflow/example_dags/plugins/workday.py
[2023-01-09T16:55:05.317-0500] {processor.py:175} INFO - Processing /Library/Frameworks/Python.framework/Versions/3.9/lib/python3.9/site-packages/airflow/example_dags/plugins/workday.py took 0.691 seconds
[2023-01-09T16:56:34.010-0500] {processor.py:153} INFO - Started process (PID=40849) to work on /Library/Frameworks/Python.framework/Versions/3.9/lib/python3.9/site-packages/airflow/example_dags/plugins/workday.py
[2023-01-09T16:56:34.015-0500] {processor.py:743} INFO - Processing file /Library/Frameworks/Python.framework/Versions/3.9/lib/python3.9/site-packages/airflow/example_dags/plugins/workday.py for tasks to queue
[2023-01-09T16:56:34.016-0500] {logging_mixin.py:137} INFO - [2023-01-09T16:56:34.016-0500] {dagbag.py:538} INFO - Filling up the DagBag from /Library/Frameworks/Python.framework/Versions/3.9/lib/python3.9/site-packages/airflow/example_dags/plugins/workday.py
[2023-01-09T16:56:34.030-0500] {processor.py:755} WARNING - No viable dags retrieved from /Library/Frameworks/Python.framework/Versions/3.9/lib/python3.9/site-packages/airflow/example_dags/plugins/workday.py
[2023-01-09T16:56:34.677-0500] {processor.py:175} INFO - Processing /Library/Frameworks/Python.framework/Versions/3.9/lib/python3.9/site-packages/airflow/example_dags/plugins/workday.py took 0.668 seconds
[2023-01-09T16:58:06.987-0500] {processor.py:153} INFO - Started process (PID=40999) to work on /Library/Frameworks/Python.framework/Versions/3.9/lib/python3.9/site-packages/airflow/example_dags/plugins/workday.py
[2023-01-09T16:58:06.993-0500] {processor.py:743} INFO - Processing file /Library/Frameworks/Python.framework/Versions/3.9/lib/python3.9/site-packages/airflow/example_dags/plugins/workday.py for tasks to queue
[2023-01-09T16:58:06.993-0500] {logging_mixin.py:137} INFO - [2023-01-09T16:58:06.993-0500] {dagbag.py:538} INFO - Filling up the DagBag from /Library/Frameworks/Python.framework/Versions/3.9/lib/python3.9/site-packages/airflow/example_dags/plugins/workday.py
[2023-01-09T16:58:07.008-0500] {processor.py:755} WARNING - No viable dags retrieved from /Library/Frameworks/Python.framework/Versions/3.9/lib/python3.9/site-packages/airflow/example_dags/plugins/workday.py
[2023-01-09T16:58:07.683-0500] {processor.py:175} INFO - Processing /Library/Frameworks/Python.framework/Versions/3.9/lib/python3.9/site-packages/airflow/example_dags/plugins/workday.py took 0.697 seconds
[2023-01-09T16:59:27.554-0500] {processor.py:153} INFO - Started process (PID=41243) to work on /Library/Frameworks/Python.framework/Versions/3.9/lib/python3.9/site-packages/airflow/example_dags/plugins/workday.py
[2023-01-09T16:59:27.560-0500] {processor.py:743} INFO - Processing file /Library/Frameworks/Python.framework/Versions/3.9/lib/python3.9/site-packages/airflow/example_dags/plugins/workday.py for tasks to queue
[2023-01-09T16:59:27.560-0500] {logging_mixin.py:137} INFO - [2023-01-09T16:59:27.560-0500] {dagbag.py:538} INFO - Filling up the DagBag from /Library/Frameworks/Python.framework/Versions/3.9/lib/python3.9/site-packages/airflow/example_dags/plugins/workday.py
[2023-01-09T16:59:27.575-0500] {processor.py:755} WARNING - No viable dags retrieved from /Library/Frameworks/Python.framework/Versions/3.9/lib/python3.9/site-packages/airflow/example_dags/plugins/workday.py
[2023-01-09T16:59:28.268-0500] {processor.py:175} INFO - Processing /Library/Frameworks/Python.framework/Versions/3.9/lib/python3.9/site-packages/airflow/example_dags/plugins/workday.py took 0.715 seconds
[2023-01-09T17:00:55.188-0500] {processor.py:153} INFO - Started process (PID=41319) to work on /Library/Frameworks/Python.framework/Versions/3.9/lib/python3.9/site-packages/airflow/example_dags/plugins/workday.py
[2023-01-09T17:00:55.194-0500] {processor.py:743} INFO - Processing file /Library/Frameworks/Python.framework/Versions/3.9/lib/python3.9/site-packages/airflow/example_dags/plugins/workday.py for tasks to queue
[2023-01-09T17:00:55.194-0500] {logging_mixin.py:137} INFO - [2023-01-09T17:00:55.194-0500] {dagbag.py:538} INFO - Filling up the DagBag from /Library/Frameworks/Python.framework/Versions/3.9/lib/python3.9/site-packages/airflow/example_dags/plugins/workday.py
[2023-01-09T17:00:55.210-0500] {processor.py:755} WARNING - No viable dags retrieved from /Library/Frameworks/Python.framework/Versions/3.9/lib/python3.9/site-packages/airflow/example_dags/plugins/workday.py
[2023-01-09T17:00:55.908-0500] {processor.py:175} INFO - Processing /Library/Frameworks/Python.framework/Versions/3.9/lib/python3.9/site-packages/airflow/example_dags/plugins/workday.py took 0.721 seconds
[2023-01-09T17:02:30.858-0500] {processor.py:153} INFO - Started process (PID=41399) to work on /Library/Frameworks/Python.framework/Versions/3.9/lib/python3.9/site-packages/airflow/example_dags/plugins/workday.py
[2023-01-09T17:02:30.863-0500] {processor.py:743} INFO - Processing file /Library/Frameworks/Python.framework/Versions/3.9/lib/python3.9/site-packages/airflow/example_dags/plugins/workday.py for tasks to queue
[2023-01-09T17:02:30.863-0500] {logging_mixin.py:137} INFO - [2023-01-09T17:02:30.863-0500] {dagbag.py:538} INFO - Filling up the DagBag from /Library/Frameworks/Python.framework/Versions/3.9/lib/python3.9/site-packages/airflow/example_dags/plugins/workday.py
[2023-01-09T17:02:30.878-0500] {processor.py:755} WARNING - No viable dags retrieved from /Library/Frameworks/Python.framework/Versions/3.9/lib/python3.9/site-packages/airflow/example_dags/plugins/workday.py
[2023-01-09T17:02:31.611-0500] {processor.py:175} INFO - Processing /Library/Frameworks/Python.framework/Versions/3.9/lib/python3.9/site-packages/airflow/example_dags/plugins/workday.py took 0.754 seconds
[2023-01-09T17:04:06.472-0500] {processor.py:153} INFO - Started process (PID=41564) to work on /Library/Frameworks/Python.framework/Versions/3.9/lib/python3.9/site-packages/airflow/example_dags/plugins/workday.py
[2023-01-09T17:04:06.479-0500] {processor.py:743} INFO - Processing file /Library/Frameworks/Python.framework/Versions/3.9/lib/python3.9/site-packages/airflow/example_dags/plugins/workday.py for tasks to queue
[2023-01-09T17:04:06.480-0500] {logging_mixin.py:137} INFO - [2023-01-09T17:04:06.480-0500] {dagbag.py:538} INFO - Filling up the DagBag from /Library/Frameworks/Python.framework/Versions/3.9/lib/python3.9/site-packages/airflow/example_dags/plugins/workday.py
[2023-01-09T17:04:06.497-0500] {processor.py:755} WARNING - No viable dags retrieved from /Library/Frameworks/Python.framework/Versions/3.9/lib/python3.9/site-packages/airflow/example_dags/plugins/workday.py
[2023-01-09T17:04:07.379-0500] {processor.py:175} INFO - Processing /Library/Frameworks/Python.framework/Versions/3.9/lib/python3.9/site-packages/airflow/example_dags/plugins/workday.py took 0.908 seconds
[2023-01-09T17:05:38.461-0500] {processor.py:153} INFO - Started process (PID=41853) to work on /Library/Frameworks/Python.framework/Versions/3.9/lib/python3.9/site-packages/airflow/example_dags/plugins/workday.py
[2023-01-09T17:05:38.466-0500] {processor.py:743} INFO - Processing file /Library/Frameworks/Python.framework/Versions/3.9/lib/python3.9/site-packages/airflow/example_dags/plugins/workday.py for tasks to queue
[2023-01-09T17:05:38.467-0500] {logging_mixin.py:137} INFO - [2023-01-09T17:05:38.467-0500] {dagbag.py:538} INFO - Filling up the DagBag from /Library/Frameworks/Python.framework/Versions/3.9/lib/python3.9/site-packages/airflow/example_dags/plugins/workday.py
[2023-01-09T17:05:38.481-0500] {processor.py:755} WARNING - No viable dags retrieved from /Library/Frameworks/Python.framework/Versions/3.9/lib/python3.9/site-packages/airflow/example_dags/plugins/workday.py
[2023-01-09T17:05:39.095-0500] {processor.py:175} INFO - Processing /Library/Frameworks/Python.framework/Versions/3.9/lib/python3.9/site-packages/airflow/example_dags/plugins/workday.py took 0.635 seconds
[2023-01-09T17:07:02.965-0500] {processor.py:153} INFO - Started process (PID=41903) to work on /Library/Frameworks/Python.framework/Versions/3.9/lib/python3.9/site-packages/airflow/example_dags/plugins/workday.py
[2023-01-09T17:07:02.970-0500] {processor.py:743} INFO - Processing file /Library/Frameworks/Python.framework/Versions/3.9/lib/python3.9/site-packages/airflow/example_dags/plugins/workday.py for tasks to queue
[2023-01-09T17:07:02.970-0500] {logging_mixin.py:137} INFO - [2023-01-09T17:07:02.970-0500] {dagbag.py:538} INFO - Filling up the DagBag from /Library/Frameworks/Python.framework/Versions/3.9/lib/python3.9/site-packages/airflow/example_dags/plugins/workday.py
[2023-01-09T17:07:02.985-0500] {processor.py:755} WARNING - No viable dags retrieved from /Library/Frameworks/Python.framework/Versions/3.9/lib/python3.9/site-packages/airflow/example_dags/plugins/workday.py
[2023-01-09T17:07:03.655-0500] {processor.py:175} INFO - Processing /Library/Frameworks/Python.framework/Versions/3.9/lib/python3.9/site-packages/airflow/example_dags/plugins/workday.py took 0.692 seconds
[2023-01-09T17:08:26.936-0500] {processor.py:153} INFO - Started process (PID=42023) to work on /Library/Frameworks/Python.framework/Versions/3.9/lib/python3.9/site-packages/airflow/example_dags/plugins/workday.py
[2023-01-09T17:08:26.956-0500] {processor.py:743} INFO - Processing file /Library/Frameworks/Python.framework/Versions/3.9/lib/python3.9/site-packages/airflow/example_dags/plugins/workday.py for tasks to queue
[2023-01-09T17:08:26.956-0500] {logging_mixin.py:137} INFO - [2023-01-09T17:08:26.956-0500] {dagbag.py:538} INFO - Filling up the DagBag from /Library/Frameworks/Python.framework/Versions/3.9/lib/python3.9/site-packages/airflow/example_dags/plugins/workday.py
[2023-01-09T17:08:26.971-0500] {processor.py:755} WARNING - No viable dags retrieved from /Library/Frameworks/Python.framework/Versions/3.9/lib/python3.9/site-packages/airflow/example_dags/plugins/workday.py
[2023-01-09T17:08:27.650-0500] {processor.py:175} INFO - Processing /Library/Frameworks/Python.framework/Versions/3.9/lib/python3.9/site-packages/airflow/example_dags/plugins/workday.py took 0.714 seconds
[2023-01-09T17:09:50.542-0500] {processor.py:153} INFO - Started process (PID=42166) to work on /Library/Frameworks/Python.framework/Versions/3.9/lib/python3.9/site-packages/airflow/example_dags/plugins/workday.py
[2023-01-09T17:09:50.548-0500] {processor.py:743} INFO - Processing file /Library/Frameworks/Python.framework/Versions/3.9/lib/python3.9/site-packages/airflow/example_dags/plugins/workday.py for tasks to queue
[2023-01-09T17:09:50.548-0500] {logging_mixin.py:137} INFO - [2023-01-09T17:09:50.548-0500] {dagbag.py:538} INFO - Filling up the DagBag from /Library/Frameworks/Python.framework/Versions/3.9/lib/python3.9/site-packages/airflow/example_dags/plugins/workday.py
[2023-01-09T17:09:50.562-0500] {processor.py:755} WARNING - No viable dags retrieved from /Library/Frameworks/Python.framework/Versions/3.9/lib/python3.9/site-packages/airflow/example_dags/plugins/workday.py
[2023-01-09T17:09:51.253-0500] {processor.py:175} INFO - Processing /Library/Frameworks/Python.framework/Versions/3.9/lib/python3.9/site-packages/airflow/example_dags/plugins/workday.py took 0.712 seconds
[2023-01-09T17:11:13.568-0500] {processor.py:153} INFO - Started process (PID=42334) to work on /Library/Frameworks/Python.framework/Versions/3.9/lib/python3.9/site-packages/airflow/example_dags/plugins/workday.py
[2023-01-09T17:11:13.573-0500] {processor.py:743} INFO - Processing file /Library/Frameworks/Python.framework/Versions/3.9/lib/python3.9/site-packages/airflow/example_dags/plugins/workday.py for tasks to queue
[2023-01-09T17:11:13.574-0500] {logging_mixin.py:137} INFO - [2023-01-09T17:11:13.574-0500] {dagbag.py:538} INFO - Filling up the DagBag from /Library/Frameworks/Python.framework/Versions/3.9/lib/python3.9/site-packages/airflow/example_dags/plugins/workday.py
[2023-01-09T17:11:13.587-0500] {processor.py:755} WARNING - No viable dags retrieved from /Library/Frameworks/Python.framework/Versions/3.9/lib/python3.9/site-packages/airflow/example_dags/plugins/workday.py
[2023-01-09T17:11:14.287-0500] {processor.py:175} INFO - Processing /Library/Frameworks/Python.framework/Versions/3.9/lib/python3.9/site-packages/airflow/example_dags/plugins/workday.py took 0.720 seconds
[2023-01-09T17:11:58.042-0500] {processor.py:153} INFO - Started process (PID=42430) to work on /Library/Frameworks/Python.framework/Versions/3.9/lib/python3.9/site-packages/airflow/example_dags/plugins/workday.py
[2023-01-09T17:11:58.047-0500] {processor.py:743} INFO - Processing file /Library/Frameworks/Python.framework/Versions/3.9/lib/python3.9/site-packages/airflow/example_dags/plugins/workday.py for tasks to queue
[2023-01-09T17:11:58.048-0500] {logging_mixin.py:137} INFO - [2023-01-09T17:11:58.048-0500] {dagbag.py:538} INFO - Filling up the DagBag from /Library/Frameworks/Python.framework/Versions/3.9/lib/python3.9/site-packages/airflow/example_dags/plugins/workday.py
[2023-01-09T17:11:58.061-0500] {processor.py:755} WARNING - No viable dags retrieved from /Library/Frameworks/Python.framework/Versions/3.9/lib/python3.9/site-packages/airflow/example_dags/plugins/workday.py
[2023-01-09T17:11:58.793-0500] {processor.py:175} INFO - Processing /Library/Frameworks/Python.framework/Versions/3.9/lib/python3.9/site-packages/airflow/example_dags/plugins/workday.py took 0.752 seconds
[2023-01-09T17:12:34.655-0500] {processor.py:153} INFO - Started process (PID=42467) to work on /Library/Frameworks/Python.framework/Versions/3.9/lib/python3.9/site-packages/airflow/example_dags/plugins/workday.py
[2023-01-09T17:12:34.661-0500] {processor.py:743} INFO - Processing file /Library/Frameworks/Python.framework/Versions/3.9/lib/python3.9/site-packages/airflow/example_dags/plugins/workday.py for tasks to queue
[2023-01-09T17:12:34.661-0500] {logging_mixin.py:137} INFO - [2023-01-09T17:12:34.661-0500] {dagbag.py:538} INFO - Filling up the DagBag from /Library/Frameworks/Python.framework/Versions/3.9/lib/python3.9/site-packages/airflow/example_dags/plugins/workday.py
[2023-01-09T17:12:34.675-0500] {processor.py:755} WARNING - No viable dags retrieved from /Library/Frameworks/Python.framework/Versions/3.9/lib/python3.9/site-packages/airflow/example_dags/plugins/workday.py
[2023-01-09T17:12:35.406-0500] {processor.py:175} INFO - Processing /Library/Frameworks/Python.framework/Versions/3.9/lib/python3.9/site-packages/airflow/example_dags/plugins/workday.py took 0.751 seconds
[2023-01-09T17:13:54.019-0500] {processor.py:153} INFO - Started process (PID=42602) to work on /Library/Frameworks/Python.framework/Versions/3.9/lib/python3.9/site-packages/airflow/example_dags/plugins/workday.py
[2023-01-09T17:13:54.024-0500] {processor.py:743} INFO - Processing file /Library/Frameworks/Python.framework/Versions/3.9/lib/python3.9/site-packages/airflow/example_dags/plugins/workday.py for tasks to queue
[2023-01-09T17:13:54.025-0500] {logging_mixin.py:137} INFO - [2023-01-09T17:13:54.024-0500] {dagbag.py:538} INFO - Filling up the DagBag from /Library/Frameworks/Python.framework/Versions/3.9/lib/python3.9/site-packages/airflow/example_dags/plugins/workday.py
[2023-01-09T17:13:54.039-0500] {processor.py:755} WARNING - No viable dags retrieved from /Library/Frameworks/Python.framework/Versions/3.9/lib/python3.9/site-packages/airflow/example_dags/plugins/workday.py
[2023-01-09T17:13:54.718-0500] {processor.py:175} INFO - Processing /Library/Frameworks/Python.framework/Versions/3.9/lib/python3.9/site-packages/airflow/example_dags/plugins/workday.py took 0.699 seconds
[2023-01-09T17:14:01.910-0500] {processor.py:153} INFO - Started process (PID=42617) to work on /Library/Frameworks/Python.framework/Versions/3.9/lib/python3.9/site-packages/airflow/example_dags/plugins/workday.py
[2023-01-09T17:14:01.914-0500] {processor.py:743} INFO - Processing file /Library/Frameworks/Python.framework/Versions/3.9/lib/python3.9/site-packages/airflow/example_dags/plugins/workday.py for tasks to queue
[2023-01-09T17:14:01.915-0500] {logging_mixin.py:137} INFO - [2023-01-09T17:14:01.915-0500] {dagbag.py:538} INFO - Filling up the DagBag from /Library/Frameworks/Python.framework/Versions/3.9/lib/python3.9/site-packages/airflow/example_dags/plugins/workday.py
[2023-01-09T17:14:01.929-0500] {processor.py:755} WARNING - No viable dags retrieved from /Library/Frameworks/Python.framework/Versions/3.9/lib/python3.9/site-packages/airflow/example_dags/plugins/workday.py
[2023-01-09T17:14:02.593-0500] {processor.py:175} INFO - Processing /Library/Frameworks/Python.framework/Versions/3.9/lib/python3.9/site-packages/airflow/example_dags/plugins/workday.py took 0.684 seconds
[2023-01-09T17:15:12.196-0500] {processor.py:153} INFO - Started process (PID=42697) to work on /Library/Frameworks/Python.framework/Versions/3.9/lib/python3.9/site-packages/airflow/example_dags/plugins/workday.py
[2023-01-09T17:15:12.201-0500] {processor.py:743} INFO - Processing file /Library/Frameworks/Python.framework/Versions/3.9/lib/python3.9/site-packages/airflow/example_dags/plugins/workday.py for tasks to queue
[2023-01-09T17:15:12.202-0500] {logging_mixin.py:137} INFO - [2023-01-09T17:15:12.202-0500] {dagbag.py:538} INFO - Filling up the DagBag from /Library/Frameworks/Python.framework/Versions/3.9/lib/python3.9/site-packages/airflow/example_dags/plugins/workday.py
[2023-01-09T17:15:12.216-0500] {processor.py:755} WARNING - No viable dags retrieved from /Library/Frameworks/Python.framework/Versions/3.9/lib/python3.9/site-packages/airflow/example_dags/plugins/workday.py
[2023-01-09T17:15:12.844-0500] {processor.py:175} INFO - Processing /Library/Frameworks/Python.framework/Versions/3.9/lib/python3.9/site-packages/airflow/example_dags/plugins/workday.py took 0.649 seconds
[2023-01-09T17:15:17.436-0500] {processor.py:153} INFO - Started process (PID=42701) to work on /Library/Frameworks/Python.framework/Versions/3.9/lib/python3.9/site-packages/airflow/example_dags/plugins/workday.py
[2023-01-09T17:15:17.441-0500] {processor.py:743} INFO - Processing file /Library/Frameworks/Python.framework/Versions/3.9/lib/python3.9/site-packages/airflow/example_dags/plugins/workday.py for tasks to queue
[2023-01-09T17:15:17.442-0500] {logging_mixin.py:137} INFO - [2023-01-09T17:15:17.442-0500] {dagbag.py:538} INFO - Filling up the DagBag from /Library/Frameworks/Python.framework/Versions/3.9/lib/python3.9/site-packages/airflow/example_dags/plugins/workday.py
[2023-01-09T17:15:17.455-0500] {processor.py:755} WARNING - No viable dags retrieved from /Library/Frameworks/Python.framework/Versions/3.9/lib/python3.9/site-packages/airflow/example_dags/plugins/workday.py
[2023-01-09T17:15:18.092-0500] {processor.py:175} INFO - Processing /Library/Frameworks/Python.framework/Versions/3.9/lib/python3.9/site-packages/airflow/example_dags/plugins/workday.py took 0.656 seconds
[2023-01-09T17:16:32.421-0500] {processor.py:153} INFO - Started process (PID=42850) to work on /Library/Frameworks/Python.framework/Versions/3.9/lib/python3.9/site-packages/airflow/example_dags/plugins/workday.py
[2023-01-09T17:16:32.426-0500] {processor.py:743} INFO - Processing file /Library/Frameworks/Python.framework/Versions/3.9/lib/python3.9/site-packages/airflow/example_dags/plugins/workday.py for tasks to queue
[2023-01-09T17:16:32.427-0500] {logging_mixin.py:137} INFO - [2023-01-09T17:16:32.426-0500] {dagbag.py:538} INFO - Filling up the DagBag from /Library/Frameworks/Python.framework/Versions/3.9/lib/python3.9/site-packages/airflow/example_dags/plugins/workday.py
[2023-01-09T17:16:32.441-0500] {processor.py:755} WARNING - No viable dags retrieved from /Library/Frameworks/Python.framework/Versions/3.9/lib/python3.9/site-packages/airflow/example_dags/plugins/workday.py
[2023-01-09T17:16:33.034-0500] {processor.py:153} INFO - Started process (PID=42856) to work on /Library/Frameworks/Python.framework/Versions/3.9/lib/python3.9/site-packages/airflow/example_dags/plugins/workday.py
[2023-01-09T17:16:33.038-0500] {processor.py:743} INFO - Processing file /Library/Frameworks/Python.framework/Versions/3.9/lib/python3.9/site-packages/airflow/example_dags/plugins/workday.py for tasks to queue
[2023-01-09T17:16:33.039-0500] {logging_mixin.py:137} INFO - [2023-01-09T17:16:33.039-0500] {dagbag.py:538} INFO - Filling up the DagBag from /Library/Frameworks/Python.framework/Versions/3.9/lib/python3.9/site-packages/airflow/example_dags/plugins/workday.py
[2023-01-09T17:16:33.052-0500] {processor.py:755} WARNING - No viable dags retrieved from /Library/Frameworks/Python.framework/Versions/3.9/lib/python3.9/site-packages/airflow/example_dags/plugins/workday.py
[2023-01-09T17:16:33.151-0500] {processor.py:175} INFO - Processing /Library/Frameworks/Python.framework/Versions/3.9/lib/python3.9/site-packages/airflow/example_dags/plugins/workday.py took 0.730 seconds
[2023-01-09T17:16:33.719-0500] {processor.py:175} INFO - Processing /Library/Frameworks/Python.framework/Versions/3.9/lib/python3.9/site-packages/airflow/example_dags/plugins/workday.py took 0.686 seconds
[2023-01-09T17:17:51.171-0500] {processor.py:153} INFO - Started process (PID=43167) to work on /Library/Frameworks/Python.framework/Versions/3.9/lib/python3.9/site-packages/airflow/example_dags/plugins/workday.py
[2023-01-09T17:17:51.177-0500] {processor.py:743} INFO - Processing file /Library/Frameworks/Python.framework/Versions/3.9/lib/python3.9/site-packages/airflow/example_dags/plugins/workday.py for tasks to queue
[2023-01-09T17:17:51.177-0500] {logging_mixin.py:137} INFO - [2023-01-09T17:17:51.177-0500] {dagbag.py:538} INFO - Filling up the DagBag from /Library/Frameworks/Python.framework/Versions/3.9/lib/python3.9/site-packages/airflow/example_dags/plugins/workday.py
[2023-01-09T17:17:51.191-0500] {processor.py:755} WARNING - No viable dags retrieved from /Library/Frameworks/Python.framework/Versions/3.9/lib/python3.9/site-packages/airflow/example_dags/plugins/workday.py
[2023-01-09T17:17:51.869-0500] {processor.py:175} INFO - Processing /Library/Frameworks/Python.framework/Versions/3.9/lib/python3.9/site-packages/airflow/example_dags/plugins/workday.py took 0.699 seconds
[2023-01-09T17:17:52.328-0500] {processor.py:153} INFO - Started process (PID=43168) to work on /Library/Frameworks/Python.framework/Versions/3.9/lib/python3.9/site-packages/airflow/example_dags/plugins/workday.py
[2023-01-09T17:17:52.333-0500] {processor.py:743} INFO - Processing file /Library/Frameworks/Python.framework/Versions/3.9/lib/python3.9/site-packages/airflow/example_dags/plugins/workday.py for tasks to queue
[2023-01-09T17:17:52.333-0500] {logging_mixin.py:137} INFO - [2023-01-09T17:17:52.333-0500] {dagbag.py:538} INFO - Filling up the DagBag from /Library/Frameworks/Python.framework/Versions/3.9/lib/python3.9/site-packages/airflow/example_dags/plugins/workday.py
[2023-01-09T17:17:52.346-0500] {processor.py:755} WARNING - No viable dags retrieved from /Library/Frameworks/Python.framework/Versions/3.9/lib/python3.9/site-packages/airflow/example_dags/plugins/workday.py
[2023-01-09T17:17:53.006-0500] {processor.py:175} INFO - Processing /Library/Frameworks/Python.framework/Versions/3.9/lib/python3.9/site-packages/airflow/example_dags/plugins/workday.py took 0.679 seconds
[2023-01-09T17:19:07.309-0500] {processor.py:153} INFO - Started process (PID=43230) to work on /Library/Frameworks/Python.framework/Versions/3.9/lib/python3.9/site-packages/airflow/example_dags/plugins/workday.py
[2023-01-09T17:19:07.315-0500] {processor.py:743} INFO - Processing file /Library/Frameworks/Python.framework/Versions/3.9/lib/python3.9/site-packages/airflow/example_dags/plugins/workday.py for tasks to queue
[2023-01-09T17:19:07.315-0500] {logging_mixin.py:137} INFO - [2023-01-09T17:19:07.315-0500] {dagbag.py:538} INFO - Filling up the DagBag from /Library/Frameworks/Python.framework/Versions/3.9/lib/python3.9/site-packages/airflow/example_dags/plugins/workday.py
[2023-01-09T17:19:07.330-0500] {processor.py:755} WARNING - No viable dags retrieved from /Library/Frameworks/Python.framework/Versions/3.9/lib/python3.9/site-packages/airflow/example_dags/plugins/workday.py
[2023-01-09T17:19:07.754-0500] {processor.py:153} INFO - Started process (PID=43231) to work on /Library/Frameworks/Python.framework/Versions/3.9/lib/python3.9/site-packages/airflow/example_dags/plugins/workday.py
[2023-01-09T17:19:07.759-0500] {processor.py:743} INFO - Processing file /Library/Frameworks/Python.framework/Versions/3.9/lib/python3.9/site-packages/airflow/example_dags/plugins/workday.py for tasks to queue
[2023-01-09T17:19:07.760-0500] {logging_mixin.py:137} INFO - [2023-01-09T17:19:07.760-0500] {dagbag.py:538} INFO - Filling up the DagBag from /Library/Frameworks/Python.framework/Versions/3.9/lib/python3.9/site-packages/airflow/example_dags/plugins/workday.py
[2023-01-09T17:19:07.773-0500] {processor.py:755} WARNING - No viable dags retrieved from /Library/Frameworks/Python.framework/Versions/3.9/lib/python3.9/site-packages/airflow/example_dags/plugins/workday.py
[2023-01-09T17:19:07.966-0500] {processor.py:175} INFO - Processing /Library/Frameworks/Python.framework/Versions/3.9/lib/python3.9/site-packages/airflow/example_dags/plugins/workday.py took 0.658 seconds
[2023-01-09T17:19:08.441-0500] {processor.py:175} INFO - Processing /Library/Frameworks/Python.framework/Versions/3.9/lib/python3.9/site-packages/airflow/example_dags/plugins/workday.py took 0.687 seconds
[2023-01-09T17:20:23.040-0500] {processor.py:153} INFO - Started process (PID=43291) to work on /Library/Frameworks/Python.framework/Versions/3.9/lib/python3.9/site-packages/airflow/example_dags/plugins/workday.py
[2023-01-09T17:20:23.045-0500] {processor.py:743} INFO - Processing file /Library/Frameworks/Python.framework/Versions/3.9/lib/python3.9/site-packages/airflow/example_dags/plugins/workday.py for tasks to queue
[2023-01-09T17:20:23.046-0500] {logging_mixin.py:137} INFO - [2023-01-09T17:20:23.046-0500] {dagbag.py:538} INFO - Filling up the DagBag from /Library/Frameworks/Python.framework/Versions/3.9/lib/python3.9/site-packages/airflow/example_dags/plugins/workday.py
[2023-01-09T17:20:23.060-0500] {processor.py:755} WARNING - No viable dags retrieved from /Library/Frameworks/Python.framework/Versions/3.9/lib/python3.9/site-packages/airflow/example_dags/plugins/workday.py
[2023-01-09T17:20:23.740-0500] {processor.py:175} INFO - Processing /Library/Frameworks/Python.framework/Versions/3.9/lib/python3.9/site-packages/airflow/example_dags/plugins/workday.py took 0.701 seconds
[2023-01-09T17:20:24.248-0500] {processor.py:153} INFO - Started process (PID=43292) to work on /Library/Frameworks/Python.framework/Versions/3.9/lib/python3.9/site-packages/airflow/example_dags/plugins/workday.py
[2023-01-09T17:20:24.253-0500] {processor.py:743} INFO - Processing file /Library/Frameworks/Python.framework/Versions/3.9/lib/python3.9/site-packages/airflow/example_dags/plugins/workday.py for tasks to queue
[2023-01-09T17:20:24.253-0500] {logging_mixin.py:137} INFO - [2023-01-09T17:20:24.253-0500] {dagbag.py:538} INFO - Filling up the DagBag from /Library/Frameworks/Python.framework/Versions/3.9/lib/python3.9/site-packages/airflow/example_dags/plugins/workday.py
[2023-01-09T17:20:24.266-0500] {processor.py:755} WARNING - No viable dags retrieved from /Library/Frameworks/Python.framework/Versions/3.9/lib/python3.9/site-packages/airflow/example_dags/plugins/workday.py
[2023-01-09T17:20:24.939-0500] {processor.py:175} INFO - Processing /Library/Frameworks/Python.framework/Versions/3.9/lib/python3.9/site-packages/airflow/example_dags/plugins/workday.py took 0.692 seconds
[2023-01-09T17:21:38.824-0500] {processor.py:153} INFO - Started process (PID=43365) to work on /Library/Frameworks/Python.framework/Versions/3.9/lib/python3.9/site-packages/airflow/example_dags/plugins/workday.py
[2023-01-09T17:21:38.829-0500] {processor.py:743} INFO - Processing file /Library/Frameworks/Python.framework/Versions/3.9/lib/python3.9/site-packages/airflow/example_dags/plugins/workday.py for tasks to queue
[2023-01-09T17:21:38.830-0500] {logging_mixin.py:137} INFO - [2023-01-09T17:21:38.829-0500] {dagbag.py:538} INFO - Filling up the DagBag from /Library/Frameworks/Python.framework/Versions/3.9/lib/python3.9/site-packages/airflow/example_dags/plugins/workday.py
[2023-01-09T17:21:38.843-0500] {processor.py:755} WARNING - No viable dags retrieved from /Library/Frameworks/Python.framework/Versions/3.9/lib/python3.9/site-packages/airflow/example_dags/plugins/workday.py
[2023-01-09T17:21:39.473-0500] {processor.py:175} INFO - Processing /Library/Frameworks/Python.framework/Versions/3.9/lib/python3.9/site-packages/airflow/example_dags/plugins/workday.py took 0.649 seconds
[2023-01-09T17:21:39.846-0500] {processor.py:153} INFO - Started process (PID=43368) to work on /Library/Frameworks/Python.framework/Versions/3.9/lib/python3.9/site-packages/airflow/example_dags/plugins/workday.py
[2023-01-09T17:21:39.851-0500] {processor.py:743} INFO - Processing file /Library/Frameworks/Python.framework/Versions/3.9/lib/python3.9/site-packages/airflow/example_dags/plugins/workday.py for tasks to queue
[2023-01-09T17:21:39.851-0500] {logging_mixin.py:137} INFO - [2023-01-09T17:21:39.851-0500] {dagbag.py:538} INFO - Filling up the DagBag from /Library/Frameworks/Python.framework/Versions/3.9/lib/python3.9/site-packages/airflow/example_dags/plugins/workday.py
[2023-01-09T17:21:39.864-0500] {processor.py:755} WARNING - No viable dags retrieved from /Library/Frameworks/Python.framework/Versions/3.9/lib/python3.9/site-packages/airflow/example_dags/plugins/workday.py
[2023-01-09T17:21:40.510-0500] {processor.py:175} INFO - Processing /Library/Frameworks/Python.framework/Versions/3.9/lib/python3.9/site-packages/airflow/example_dags/plugins/workday.py took 0.665 seconds
[2023-01-09T17:22:54.347-0500] {processor.py:153} INFO - Started process (PID=43462) to work on /Library/Frameworks/Python.framework/Versions/3.9/lib/python3.9/site-packages/airflow/example_dags/plugins/workday.py
[2023-01-09T17:22:54.352-0500] {processor.py:743} INFO - Processing file /Library/Frameworks/Python.framework/Versions/3.9/lib/python3.9/site-packages/airflow/example_dags/plugins/workday.py for tasks to queue
[2023-01-09T17:22:54.353-0500] {logging_mixin.py:137} INFO - [2023-01-09T17:22:54.353-0500] {dagbag.py:538} INFO - Filling up the DagBag from /Library/Frameworks/Python.framework/Versions/3.9/lib/python3.9/site-packages/airflow/example_dags/plugins/workday.py
[2023-01-09T17:22:54.367-0500] {processor.py:755} WARNING - No viable dags retrieved from /Library/Frameworks/Python.framework/Versions/3.9/lib/python3.9/site-packages/airflow/example_dags/plugins/workday.py
[2023-01-09T17:22:54.860-0500] {processor.py:153} INFO - Started process (PID=43463) to work on /Library/Frameworks/Python.framework/Versions/3.9/lib/python3.9/site-packages/airflow/example_dags/plugins/workday.py
[2023-01-09T17:22:54.865-0500] {processor.py:743} INFO - Processing file /Library/Frameworks/Python.framework/Versions/3.9/lib/python3.9/site-packages/airflow/example_dags/plugins/workday.py for tasks to queue
[2023-01-09T17:22:54.865-0500] {logging_mixin.py:137} INFO - [2023-01-09T17:22:54.865-0500] {dagbag.py:538} INFO - Filling up the DagBag from /Library/Frameworks/Python.framework/Versions/3.9/lib/python3.9/site-packages/airflow/example_dags/plugins/workday.py
[2023-01-09T17:22:54.879-0500] {processor.py:755} WARNING - No viable dags retrieved from /Library/Frameworks/Python.framework/Versions/3.9/lib/python3.9/site-packages/airflow/example_dags/plugins/workday.py
[2023-01-09T17:22:55.007-0500] {processor.py:175} INFO - Processing /Library/Frameworks/Python.framework/Versions/3.9/lib/python3.9/site-packages/airflow/example_dags/plugins/workday.py took 0.661 seconds
[2023-01-09T17:22:55.526-0500] {processor.py:175} INFO - Processing /Library/Frameworks/Python.framework/Versions/3.9/lib/python3.9/site-packages/airflow/example_dags/plugins/workday.py took 0.667 seconds
[2023-01-09T17:51:47.676-0500] {processor.py:153} INFO - Started process (PID=43869) to work on /Library/Frameworks/Python.framework/Versions/3.9/lib/python3.9/site-packages/airflow/example_dags/plugins/workday.py
[2023-01-09T17:51:47.676-0500] {processor.py:153} INFO - Started process (PID=43868) to work on /Library/Frameworks/Python.framework/Versions/3.9/lib/python3.9/site-packages/airflow/example_dags/plugins/workday.py
[2023-01-09T17:51:47.681-0500] {processor.py:743} INFO - Processing file /Library/Frameworks/Python.framework/Versions/3.9/lib/python3.9/site-packages/airflow/example_dags/plugins/workday.py for tasks to queue
[2023-01-09T17:51:47.681-0500] {processor.py:743} INFO - Processing file /Library/Frameworks/Python.framework/Versions/3.9/lib/python3.9/site-packages/airflow/example_dags/plugins/workday.py for tasks to queue
[2023-01-09T17:51:47.681-0500] {logging_mixin.py:137} INFO - [2023-01-09T17:51:47.681-0500] {dagbag.py:538} INFO - Filling up the DagBag from /Library/Frameworks/Python.framework/Versions/3.9/lib/python3.9/site-packages/airflow/example_dags/plugins/workday.py
[2023-01-09T17:51:47.681-0500] {logging_mixin.py:137} INFO - [2023-01-09T17:51:47.681-0500] {dagbag.py:538} INFO - Filling up the DagBag from /Library/Frameworks/Python.framework/Versions/3.9/lib/python3.9/site-packages/airflow/example_dags/plugins/workday.py
[2023-01-09T17:51:47.695-0500] {processor.py:755} WARNING - No viable dags retrieved from /Library/Frameworks/Python.framework/Versions/3.9/lib/python3.9/site-packages/airflow/example_dags/plugins/workday.py
[2023-01-09T17:51:47.696-0500] {processor.py:755} WARNING - No viable dags retrieved from /Library/Frameworks/Python.framework/Versions/3.9/lib/python3.9/site-packages/airflow/example_dags/plugins/workday.py
[2023-01-09T17:51:48.632-0500] {processor.py:175} INFO - Processing /Library/Frameworks/Python.framework/Versions/3.9/lib/python3.9/site-packages/airflow/example_dags/plugins/workday.py took 0.957 seconds
[2023-01-09T17:51:48.634-0500] {processor.py:175} INFO - Processing /Library/Frameworks/Python.framework/Versions/3.9/lib/python3.9/site-packages/airflow/example_dags/plugins/workday.py took 0.959 seconds
[2023-01-09T18:31:46.523-0500] {processor.py:153} INFO - Started process (PID=44513) to work on /Library/Frameworks/Python.framework/Versions/3.9/lib/python3.9/site-packages/airflow/example_dags/plugins/workday.py
[2023-01-09T18:31:46.524-0500] {processor.py:153} INFO - Started process (PID=44514) to work on /Library/Frameworks/Python.framework/Versions/3.9/lib/python3.9/site-packages/airflow/example_dags/plugins/workday.py
[2023-01-09T18:31:46.529-0500] {processor.py:743} INFO - Processing file /Library/Frameworks/Python.framework/Versions/3.9/lib/python3.9/site-packages/airflow/example_dags/plugins/workday.py for tasks to queue
[2023-01-09T18:31:46.529-0500] {processor.py:743} INFO - Processing file /Library/Frameworks/Python.framework/Versions/3.9/lib/python3.9/site-packages/airflow/example_dags/plugins/workday.py for tasks to queue
[2023-01-09T18:31:46.529-0500] {logging_mixin.py:137} INFO - [2023-01-09T18:31:46.529-0500] {dagbag.py:538} INFO - Filling up the DagBag from /Library/Frameworks/Python.framework/Versions/3.9/lib/python3.9/site-packages/airflow/example_dags/plugins/workday.py
[2023-01-09T18:31:46.529-0500] {logging_mixin.py:137} INFO - [2023-01-09T18:31:46.529-0500] {dagbag.py:538} INFO - Filling up the DagBag from /Library/Frameworks/Python.framework/Versions/3.9/lib/python3.9/site-packages/airflow/example_dags/plugins/workday.py
[2023-01-09T18:31:46.545-0500] {processor.py:755} WARNING - No viable dags retrieved from /Library/Frameworks/Python.framework/Versions/3.9/lib/python3.9/site-packages/airflow/example_dags/plugins/workday.py
[2023-01-09T18:31:46.545-0500] {processor.py:755} WARNING - No viable dags retrieved from /Library/Frameworks/Python.framework/Versions/3.9/lib/python3.9/site-packages/airflow/example_dags/plugins/workday.py
[2023-01-09T18:31:47.213-0500] {processor.py:175} INFO - Processing /Library/Frameworks/Python.framework/Versions/3.9/lib/python3.9/site-packages/airflow/example_dags/plugins/workday.py took 0.690 seconds
[2023-01-09T18:31:47.215-0500] {processor.py:175} INFO - Processing /Library/Frameworks/Python.framework/Versions/3.9/lib/python3.9/site-packages/airflow/example_dags/plugins/workday.py took 0.692 seconds
[2023-01-09T18:33:08.502-0500] {processor.py:153} INFO - Started process (PID=44601) to work on /Library/Frameworks/Python.framework/Versions/3.9/lib/python3.9/site-packages/airflow/example_dags/plugins/workday.py
[2023-01-09T18:33:08.508-0500] {processor.py:743} INFO - Processing file /Library/Frameworks/Python.framework/Versions/3.9/lib/python3.9/site-packages/airflow/example_dags/plugins/workday.py for tasks to queue
[2023-01-09T18:33:08.508-0500] {logging_mixin.py:137} INFO - [2023-01-09T18:33:08.508-0500] {dagbag.py:538} INFO - Filling up the DagBag from /Library/Frameworks/Python.framework/Versions/3.9/lib/python3.9/site-packages/airflow/example_dags/plugins/workday.py
[2023-01-09T18:33:08.522-0500] {processor.py:755} WARNING - No viable dags retrieved from /Library/Frameworks/Python.framework/Versions/3.9/lib/python3.9/site-packages/airflow/example_dags/plugins/workday.py
[2023-01-09T18:33:09.155-0500] {processor.py:175} INFO - Processing /Library/Frameworks/Python.framework/Versions/3.9/lib/python3.9/site-packages/airflow/example_dags/plugins/workday.py took 0.653 seconds
[2023-01-09T18:33:11.478-0500] {processor.py:153} INFO - Started process (PID=44604) to work on /Library/Frameworks/Python.framework/Versions/3.9/lib/python3.9/site-packages/airflow/example_dags/plugins/workday.py
[2023-01-09T18:33:11.483-0500] {processor.py:743} INFO - Processing file /Library/Frameworks/Python.framework/Versions/3.9/lib/python3.9/site-packages/airflow/example_dags/plugins/workday.py for tasks to queue
[2023-01-09T18:33:11.484-0500] {logging_mixin.py:137} INFO - [2023-01-09T18:33:11.484-0500] {dagbag.py:538} INFO - Filling up the DagBag from /Library/Frameworks/Python.framework/Versions/3.9/lib/python3.9/site-packages/airflow/example_dags/plugins/workday.py
[2023-01-09T18:33:11.497-0500] {processor.py:755} WARNING - No viable dags retrieved from /Library/Frameworks/Python.framework/Versions/3.9/lib/python3.9/site-packages/airflow/example_dags/plugins/workday.py
[2023-01-09T18:33:12.169-0500] {processor.py:175} INFO - Processing /Library/Frameworks/Python.framework/Versions/3.9/lib/python3.9/site-packages/airflow/example_dags/plugins/workday.py took 0.691 seconds
[2023-01-09T18:34:25.774-0500] {processor.py:153} INFO - Started process (PID=44669) to work on /Library/Frameworks/Python.framework/Versions/3.9/lib/python3.9/site-packages/airflow/example_dags/plugins/workday.py
[2023-01-09T18:34:25.779-0500] {processor.py:743} INFO - Processing file /Library/Frameworks/Python.framework/Versions/3.9/lib/python3.9/site-packages/airflow/example_dags/plugins/workday.py for tasks to queue
[2023-01-09T18:34:25.780-0500] {logging_mixin.py:137} INFO - [2023-01-09T18:34:25.780-0500] {dagbag.py:538} INFO - Filling up the DagBag from /Library/Frameworks/Python.framework/Versions/3.9/lib/python3.9/site-packages/airflow/example_dags/plugins/workday.py
[2023-01-09T18:34:25.795-0500] {processor.py:755} WARNING - No viable dags retrieved from /Library/Frameworks/Python.framework/Versions/3.9/lib/python3.9/site-packages/airflow/example_dags/plugins/workday.py
[2023-01-09T18:34:26.429-0500] {processor.py:175} INFO - Processing /Library/Frameworks/Python.framework/Versions/3.9/lib/python3.9/site-packages/airflow/example_dags/plugins/workday.py took 0.655 seconds
[2023-01-09T18:34:31.609-0500] {processor.py:153} INFO - Started process (PID=44674) to work on /Library/Frameworks/Python.framework/Versions/3.9/lib/python3.9/site-packages/airflow/example_dags/plugins/workday.py
[2023-01-09T18:34:31.614-0500] {processor.py:743} INFO - Processing file /Library/Frameworks/Python.framework/Versions/3.9/lib/python3.9/site-packages/airflow/example_dags/plugins/workday.py for tasks to queue
[2023-01-09T18:34:31.615-0500] {logging_mixin.py:137} INFO - [2023-01-09T18:34:31.615-0500] {dagbag.py:538} INFO - Filling up the DagBag from /Library/Frameworks/Python.framework/Versions/3.9/lib/python3.9/site-packages/airflow/example_dags/plugins/workday.py
[2023-01-09T18:34:31.628-0500] {processor.py:755} WARNING - No viable dags retrieved from /Library/Frameworks/Python.framework/Versions/3.9/lib/python3.9/site-packages/airflow/example_dags/plugins/workday.py
[2023-01-09T18:34:32.325-0500] {processor.py:175} INFO - Processing /Library/Frameworks/Python.framework/Versions/3.9/lib/python3.9/site-packages/airflow/example_dags/plugins/workday.py took 0.716 seconds
[2023-01-09T18:35:47.872-0500] {processor.py:153} INFO - Started process (PID=44738) to work on /Library/Frameworks/Python.framework/Versions/3.9/lib/python3.9/site-packages/airflow/example_dags/plugins/workday.py
[2023-01-09T18:35:47.877-0500] {processor.py:743} INFO - Processing file /Library/Frameworks/Python.framework/Versions/3.9/lib/python3.9/site-packages/airflow/example_dags/plugins/workday.py for tasks to queue
[2023-01-09T18:35:47.877-0500] {logging_mixin.py:137} INFO - [2023-01-09T18:35:47.877-0500] {dagbag.py:538} INFO - Filling up the DagBag from /Library/Frameworks/Python.framework/Versions/3.9/lib/python3.9/site-packages/airflow/example_dags/plugins/workday.py
[2023-01-09T18:35:47.892-0500] {processor.py:755} WARNING - No viable dags retrieved from /Library/Frameworks/Python.framework/Versions/3.9/lib/python3.9/site-packages/airflow/example_dags/plugins/workday.py
[2023-01-09T18:35:48.513-0500] {processor.py:175} INFO - Processing /Library/Frameworks/Python.framework/Versions/3.9/lib/python3.9/site-packages/airflow/example_dags/plugins/workday.py took 0.642 seconds
[2023-01-09T18:35:53.312-0500] {processor.py:153} INFO - Started process (PID=44742) to work on /Library/Frameworks/Python.framework/Versions/3.9/lib/python3.9/site-packages/airflow/example_dags/plugins/workday.py
[2023-01-09T18:35:53.317-0500] {processor.py:743} INFO - Processing file /Library/Frameworks/Python.framework/Versions/3.9/lib/python3.9/site-packages/airflow/example_dags/plugins/workday.py for tasks to queue
[2023-01-09T18:35:53.317-0500] {logging_mixin.py:137} INFO - [2023-01-09T18:35:53.317-0500] {dagbag.py:538} INFO - Filling up the DagBag from /Library/Frameworks/Python.framework/Versions/3.9/lib/python3.9/site-packages/airflow/example_dags/plugins/workday.py
[2023-01-09T18:35:53.331-0500] {processor.py:755} WARNING - No viable dags retrieved from /Library/Frameworks/Python.framework/Versions/3.9/lib/python3.9/site-packages/airflow/example_dags/plugins/workday.py
[2023-01-09T18:35:53.981-0500] {processor.py:175} INFO - Processing /Library/Frameworks/Python.framework/Versions/3.9/lib/python3.9/site-packages/airflow/example_dags/plugins/workday.py took 0.670 seconds
[2023-01-09T18:37:13.102-0500] {processor.py:153} INFO - Started process (PID=44812) to work on /Library/Frameworks/Python.framework/Versions/3.9/lib/python3.9/site-packages/airflow/example_dags/plugins/workday.py
[2023-01-09T18:37:13.108-0500] {processor.py:743} INFO - Processing file /Library/Frameworks/Python.framework/Versions/3.9/lib/python3.9/site-packages/airflow/example_dags/plugins/workday.py for tasks to queue
[2023-01-09T18:37:13.108-0500] {logging_mixin.py:137} INFO - [2023-01-09T18:37:13.108-0500] {dagbag.py:538} INFO - Filling up the DagBag from /Library/Frameworks/Python.framework/Versions/3.9/lib/python3.9/site-packages/airflow/example_dags/plugins/workday.py
[2023-01-09T18:37:13.123-0500] {processor.py:755} WARNING - No viable dags retrieved from /Library/Frameworks/Python.framework/Versions/3.9/lib/python3.9/site-packages/airflow/example_dags/plugins/workday.py
[2023-01-09T18:37:13.744-0500] {processor.py:175} INFO - Processing /Library/Frameworks/Python.framework/Versions/3.9/lib/python3.9/site-packages/airflow/example_dags/plugins/workday.py took 0.643 seconds
[2023-01-09T18:37:15.788-0500] {processor.py:153} INFO - Started process (PID=44814) to work on /Library/Frameworks/Python.framework/Versions/3.9/lib/python3.9/site-packages/airflow/example_dags/plugins/workday.py
[2023-01-09T18:37:15.792-0500] {processor.py:743} INFO - Processing file /Library/Frameworks/Python.framework/Versions/3.9/lib/python3.9/site-packages/airflow/example_dags/plugins/workday.py for tasks to queue
[2023-01-09T18:37:15.793-0500] {logging_mixin.py:137} INFO - [2023-01-09T18:37:15.793-0500] {dagbag.py:538} INFO - Filling up the DagBag from /Library/Frameworks/Python.framework/Versions/3.9/lib/python3.9/site-packages/airflow/example_dags/plugins/workday.py
[2023-01-09T18:37:15.806-0500] {processor.py:755} WARNING - No viable dags retrieved from /Library/Frameworks/Python.framework/Versions/3.9/lib/python3.9/site-packages/airflow/example_dags/plugins/workday.py
[2023-01-09T18:37:16.426-0500] {processor.py:175} INFO - Processing /Library/Frameworks/Python.framework/Versions/3.9/lib/python3.9/site-packages/airflow/example_dags/plugins/workday.py took 0.639 seconds
[2023-01-09T18:38:30.108-0500] {processor.py:153} INFO - Started process (PID=44929) to work on /Library/Frameworks/Python.framework/Versions/3.9/lib/python3.9/site-packages/airflow/example_dags/plugins/workday.py
[2023-01-09T18:38:30.114-0500] {processor.py:743} INFO - Processing file /Library/Frameworks/Python.framework/Versions/3.9/lib/python3.9/site-packages/airflow/example_dags/plugins/workday.py for tasks to queue
[2023-01-09T18:38:30.115-0500] {logging_mixin.py:137} INFO - [2023-01-09T18:38:30.115-0500] {dagbag.py:538} INFO - Filling up the DagBag from /Library/Frameworks/Python.framework/Versions/3.9/lib/python3.9/site-packages/airflow/example_dags/plugins/workday.py
[2023-01-09T18:38:30.136-0500] {processor.py:755} WARNING - No viable dags retrieved from /Library/Frameworks/Python.framework/Versions/3.9/lib/python3.9/site-packages/airflow/example_dags/plugins/workday.py
[2023-01-09T18:38:30.994-0500] {processor.py:175} INFO - Processing /Library/Frameworks/Python.framework/Versions/3.9/lib/python3.9/site-packages/airflow/example_dags/plugins/workday.py took 0.886 seconds
[2023-01-09T18:38:32.677-0500] {processor.py:153} INFO - Started process (PID=44955) to work on /Library/Frameworks/Python.framework/Versions/3.9/lib/python3.9/site-packages/airflow/example_dags/plugins/workday.py
[2023-01-09T18:38:32.683-0500] {processor.py:743} INFO - Processing file /Library/Frameworks/Python.framework/Versions/3.9/lib/python3.9/site-packages/airflow/example_dags/plugins/workday.py for tasks to queue
[2023-01-09T18:38:32.683-0500] {logging_mixin.py:137} INFO - [2023-01-09T18:38:32.683-0500] {dagbag.py:538} INFO - Filling up the DagBag from /Library/Frameworks/Python.framework/Versions/3.9/lib/python3.9/site-packages/airflow/example_dags/plugins/workday.py
[2023-01-09T18:38:32.701-0500] {processor.py:755} WARNING - No viable dags retrieved from /Library/Frameworks/Python.framework/Versions/3.9/lib/python3.9/site-packages/airflow/example_dags/plugins/workday.py
[2023-01-09T18:38:33.573-0500] {processor.py:175} INFO - Processing /Library/Frameworks/Python.framework/Versions/3.9/lib/python3.9/site-packages/airflow/example_dags/plugins/workday.py took 0.897 seconds
[2023-01-09T18:39:48.240-0500] {processor.py:153} INFO - Started process (PID=45050) to work on /Library/Frameworks/Python.framework/Versions/3.9/lib/python3.9/site-packages/airflow/example_dags/plugins/workday.py
[2023-01-09T18:39:48.246-0500] {processor.py:743} INFO - Processing file /Library/Frameworks/Python.framework/Versions/3.9/lib/python3.9/site-packages/airflow/example_dags/plugins/workday.py for tasks to queue
[2023-01-09T18:39:48.246-0500] {logging_mixin.py:137} INFO - [2023-01-09T18:39:48.246-0500] {dagbag.py:538} INFO - Filling up the DagBag from /Library/Frameworks/Python.framework/Versions/3.9/lib/python3.9/site-packages/airflow/example_dags/plugins/workday.py
[2023-01-09T18:39:48.260-0500] {processor.py:755} WARNING - No viable dags retrieved from /Library/Frameworks/Python.framework/Versions/3.9/lib/python3.9/site-packages/airflow/example_dags/plugins/workday.py
[2023-01-09T18:39:48.895-0500] {processor.py:175} INFO - Processing /Library/Frameworks/Python.framework/Versions/3.9/lib/python3.9/site-packages/airflow/example_dags/plugins/workday.py took 0.655 seconds
[2023-01-09T18:39:51.246-0500] {processor.py:153} INFO - Started process (PID=45053) to work on /Library/Frameworks/Python.framework/Versions/3.9/lib/python3.9/site-packages/airflow/example_dags/plugins/workday.py
[2023-01-09T18:39:51.251-0500] {processor.py:743} INFO - Processing file /Library/Frameworks/Python.framework/Versions/3.9/lib/python3.9/site-packages/airflow/example_dags/plugins/workday.py for tasks to queue
[2023-01-09T18:39:51.252-0500] {logging_mixin.py:137} INFO - [2023-01-09T18:39:51.252-0500] {dagbag.py:538} INFO - Filling up the DagBag from /Library/Frameworks/Python.framework/Versions/3.9/lib/python3.9/site-packages/airflow/example_dags/plugins/workday.py
[2023-01-09T18:39:51.265-0500] {processor.py:755} WARNING - No viable dags retrieved from /Library/Frameworks/Python.framework/Versions/3.9/lib/python3.9/site-packages/airflow/example_dags/plugins/workday.py
[2023-01-09T18:39:51.930-0500] {processor.py:175} INFO - Processing /Library/Frameworks/Python.framework/Versions/3.9/lib/python3.9/site-packages/airflow/example_dags/plugins/workday.py took 0.684 seconds
[2023-01-09T18:41:03.668-0500] {processor.py:153} INFO - Started process (PID=45119) to work on /Library/Frameworks/Python.framework/Versions/3.9/lib/python3.9/site-packages/airflow/example_dags/plugins/workday.py
[2023-01-09T18:41:03.673-0500] {processor.py:743} INFO - Processing file /Library/Frameworks/Python.framework/Versions/3.9/lib/python3.9/site-packages/airflow/example_dags/plugins/workday.py for tasks to queue
[2023-01-09T18:41:03.674-0500] {logging_mixin.py:137} INFO - [2023-01-09T18:41:03.674-0500] {dagbag.py:538} INFO - Filling up the DagBag from /Library/Frameworks/Python.framework/Versions/3.9/lib/python3.9/site-packages/airflow/example_dags/plugins/workday.py
[2023-01-09T18:41:03.687-0500] {processor.py:755} WARNING - No viable dags retrieved from /Library/Frameworks/Python.framework/Versions/3.9/lib/python3.9/site-packages/airflow/example_dags/plugins/workday.py
[2023-01-09T18:41:04.363-0500] {processor.py:175} INFO - Processing /Library/Frameworks/Python.framework/Versions/3.9/lib/python3.9/site-packages/airflow/example_dags/plugins/workday.py took 0.695 seconds
[2023-01-09T18:41:08.853-0500] {processor.py:153} INFO - Started process (PID=45124) to work on /Library/Frameworks/Python.framework/Versions/3.9/lib/python3.9/site-packages/airflow/example_dags/plugins/workday.py
[2023-01-09T18:41:08.858-0500] {processor.py:743} INFO - Processing file /Library/Frameworks/Python.framework/Versions/3.9/lib/python3.9/site-packages/airflow/example_dags/plugins/workday.py for tasks to queue
[2023-01-09T18:41:08.858-0500] {logging_mixin.py:137} INFO - [2023-01-09T18:41:08.858-0500] {dagbag.py:538} INFO - Filling up the DagBag from /Library/Frameworks/Python.framework/Versions/3.9/lib/python3.9/site-packages/airflow/example_dags/plugins/workday.py
[2023-01-09T18:41:08.872-0500] {processor.py:755} WARNING - No viable dags retrieved from /Library/Frameworks/Python.framework/Versions/3.9/lib/python3.9/site-packages/airflow/example_dags/plugins/workday.py
[2023-01-09T18:41:09.517-0500] {processor.py:175} INFO - Processing /Library/Frameworks/Python.framework/Versions/3.9/lib/python3.9/site-packages/airflow/example_dags/plugins/workday.py took 0.665 seconds
[2023-01-09T18:42:22.755-0500] {processor.py:153} INFO - Started process (PID=45195) to work on /Library/Frameworks/Python.framework/Versions/3.9/lib/python3.9/site-packages/airflow/example_dags/plugins/workday.py
[2023-01-09T18:42:22.761-0500] {processor.py:743} INFO - Processing file /Library/Frameworks/Python.framework/Versions/3.9/lib/python3.9/site-packages/airflow/example_dags/plugins/workday.py for tasks to queue
[2023-01-09T18:42:22.761-0500] {logging_mixin.py:137} INFO - [2023-01-09T18:42:22.761-0500] {dagbag.py:538} INFO - Filling up the DagBag from /Library/Frameworks/Python.framework/Versions/3.9/lib/python3.9/site-packages/airflow/example_dags/plugins/workday.py
[2023-01-09T18:42:22.776-0500] {processor.py:755} WARNING - No viable dags retrieved from /Library/Frameworks/Python.framework/Versions/3.9/lib/python3.9/site-packages/airflow/example_dags/plugins/workday.py
[2023-01-09T18:42:23.445-0500] {processor.py:175} INFO - Processing /Library/Frameworks/Python.framework/Versions/3.9/lib/python3.9/site-packages/airflow/example_dags/plugins/workday.py took 0.690 seconds
[2023-01-09T18:42:29.763-0500] {processor.py:153} INFO - Started process (PID=45202) to work on /Library/Frameworks/Python.framework/Versions/3.9/lib/python3.9/site-packages/airflow/example_dags/plugins/workday.py
[2023-01-09T18:42:29.768-0500] {processor.py:743} INFO - Processing file /Library/Frameworks/Python.framework/Versions/3.9/lib/python3.9/site-packages/airflow/example_dags/plugins/workday.py for tasks to queue
[2023-01-09T18:42:29.768-0500] {logging_mixin.py:137} INFO - [2023-01-09T18:42:29.768-0500] {dagbag.py:538} INFO - Filling up the DagBag from /Library/Frameworks/Python.framework/Versions/3.9/lib/python3.9/site-packages/airflow/example_dags/plugins/workday.py
[2023-01-09T18:42:29.784-0500] {processor.py:755} WARNING - No viable dags retrieved from /Library/Frameworks/Python.framework/Versions/3.9/lib/python3.9/site-packages/airflow/example_dags/plugins/workday.py
[2023-01-09T18:42:30.483-0500] {processor.py:175} INFO - Processing /Library/Frameworks/Python.framework/Versions/3.9/lib/python3.9/site-packages/airflow/example_dags/plugins/workday.py took 0.721 seconds
[2023-01-09T18:43:42.301-0500] {processor.py:153} INFO - Started process (PID=45259) to work on /Library/Frameworks/Python.framework/Versions/3.9/lib/python3.9/site-packages/airflow/example_dags/plugins/workday.py
[2023-01-09T18:43:42.307-0500] {processor.py:743} INFO - Processing file /Library/Frameworks/Python.framework/Versions/3.9/lib/python3.9/site-packages/airflow/example_dags/plugins/workday.py for tasks to queue
[2023-01-09T18:43:42.307-0500] {logging_mixin.py:137} INFO - [2023-01-09T18:43:42.307-0500] {dagbag.py:538} INFO - Filling up the DagBag from /Library/Frameworks/Python.framework/Versions/3.9/lib/python3.9/site-packages/airflow/example_dags/plugins/workday.py
[2023-01-09T18:43:42.321-0500] {processor.py:755} WARNING - No viable dags retrieved from /Library/Frameworks/Python.framework/Versions/3.9/lib/python3.9/site-packages/airflow/example_dags/plugins/workday.py
[2023-01-09T18:43:42.960-0500] {processor.py:175} INFO - Processing /Library/Frameworks/Python.framework/Versions/3.9/lib/python3.9/site-packages/airflow/example_dags/plugins/workday.py took 0.659 seconds
[2023-01-09T18:43:47.991-0500] {processor.py:153} INFO - Started process (PID=45265) to work on /Library/Frameworks/Python.framework/Versions/3.9/lib/python3.9/site-packages/airflow/example_dags/plugins/workday.py
[2023-01-09T18:43:47.996-0500] {processor.py:743} INFO - Processing file /Library/Frameworks/Python.framework/Versions/3.9/lib/python3.9/site-packages/airflow/example_dags/plugins/workday.py for tasks to queue
[2023-01-09T18:43:47.996-0500] {logging_mixin.py:137} INFO - [2023-01-09T18:43:47.996-0500] {dagbag.py:538} INFO - Filling up the DagBag from /Library/Frameworks/Python.framework/Versions/3.9/lib/python3.9/site-packages/airflow/example_dags/plugins/workday.py
[2023-01-09T18:43:48.010-0500] {processor.py:755} WARNING - No viable dags retrieved from /Library/Frameworks/Python.framework/Versions/3.9/lib/python3.9/site-packages/airflow/example_dags/plugins/workday.py
[2023-01-09T18:43:48.633-0500] {processor.py:175} INFO - Processing /Library/Frameworks/Python.framework/Versions/3.9/lib/python3.9/site-packages/airflow/example_dags/plugins/workday.py took 0.643 seconds
[2023-01-09T18:45:18.085-0500] {processor.py:153} INFO - Started process (PID=45431) to work on /Library/Frameworks/Python.framework/Versions/3.9/lib/python3.9/site-packages/airflow/example_dags/plugins/workday.py
[2023-01-09T18:45:18.090-0500] {processor.py:743} INFO - Processing file /Library/Frameworks/Python.framework/Versions/3.9/lib/python3.9/site-packages/airflow/example_dags/plugins/workday.py for tasks to queue
[2023-01-09T18:45:18.091-0500] {logging_mixin.py:137} INFO - [2023-01-09T18:45:18.091-0500] {dagbag.py:538} INFO - Filling up the DagBag from /Library/Frameworks/Python.framework/Versions/3.9/lib/python3.9/site-packages/airflow/example_dags/plugins/workday.py
[2023-01-09T18:45:18.110-0500] {processor.py:755} WARNING - No viable dags retrieved from /Library/Frameworks/Python.framework/Versions/3.9/lib/python3.9/site-packages/airflow/example_dags/plugins/workday.py
[2023-01-09T18:45:18.864-0500] {processor.py:175} INFO - Processing /Library/Frameworks/Python.framework/Versions/3.9/lib/python3.9/site-packages/airflow/example_dags/plugins/workday.py took 0.780 seconds
[2023-01-09T18:45:22.488-0500] {processor.py:153} INFO - Started process (PID=45434) to work on /Library/Frameworks/Python.framework/Versions/3.9/lib/python3.9/site-packages/airflow/example_dags/plugins/workday.py
[2023-01-09T18:45:22.493-0500] {processor.py:743} INFO - Processing file /Library/Frameworks/Python.framework/Versions/3.9/lib/python3.9/site-packages/airflow/example_dags/plugins/workday.py for tasks to queue
[2023-01-09T18:45:22.494-0500] {logging_mixin.py:137} INFO - [2023-01-09T18:45:22.493-0500] {dagbag.py:538} INFO - Filling up the DagBag from /Library/Frameworks/Python.framework/Versions/3.9/lib/python3.9/site-packages/airflow/example_dags/plugins/workday.py
[2023-01-09T18:45:22.509-0500] {processor.py:755} WARNING - No viable dags retrieved from /Library/Frameworks/Python.framework/Versions/3.9/lib/python3.9/site-packages/airflow/example_dags/plugins/workday.py
[2023-01-09T18:45:23.635-0500] {processor.py:175} INFO - Processing /Library/Frameworks/Python.framework/Versions/3.9/lib/python3.9/site-packages/airflow/example_dags/plugins/workday.py took 1.147 seconds
[2023-01-09T18:46:59.184-0500] {processor.py:153} INFO - Started process (PID=45536) to work on /Library/Frameworks/Python.framework/Versions/3.9/lib/python3.9/site-packages/airflow/example_dags/plugins/workday.py
[2023-01-09T18:46:59.191-0500] {processor.py:743} INFO - Processing file /Library/Frameworks/Python.framework/Versions/3.9/lib/python3.9/site-packages/airflow/example_dags/plugins/workday.py for tasks to queue
[2023-01-09T18:46:59.192-0500] {logging_mixin.py:137} INFO - [2023-01-09T18:46:59.192-0500] {dagbag.py:538} INFO - Filling up the DagBag from /Library/Frameworks/Python.framework/Versions/3.9/lib/python3.9/site-packages/airflow/example_dags/plugins/workday.py
[2023-01-09T18:46:59.210-0500] {processor.py:755} WARNING - No viable dags retrieved from /Library/Frameworks/Python.framework/Versions/3.9/lib/python3.9/site-packages/airflow/example_dags/plugins/workday.py
[2023-01-09T18:47:00.005-0500] {processor.py:175} INFO - Processing /Library/Frameworks/Python.framework/Versions/3.9/lib/python3.9/site-packages/airflow/example_dags/plugins/workday.py took 0.822 seconds
[2023-01-09T18:47:04.418-0500] {processor.py:153} INFO - Started process (PID=45539) to work on /Library/Frameworks/Python.framework/Versions/3.9/lib/python3.9/site-packages/airflow/example_dags/plugins/workday.py
[2023-01-09T18:47:04.427-0500] {processor.py:743} INFO - Processing file /Library/Frameworks/Python.framework/Versions/3.9/lib/python3.9/site-packages/airflow/example_dags/plugins/workday.py for tasks to queue
[2023-01-09T18:47:04.428-0500] {logging_mixin.py:137} INFO - [2023-01-09T18:47:04.428-0500] {dagbag.py:538} INFO - Filling up the DagBag from /Library/Frameworks/Python.framework/Versions/3.9/lib/python3.9/site-packages/airflow/example_dags/plugins/workday.py
[2023-01-09T18:47:04.447-0500] {processor.py:755} WARNING - No viable dags retrieved from /Library/Frameworks/Python.framework/Versions/3.9/lib/python3.9/site-packages/airflow/example_dags/plugins/workday.py
[2023-01-09T18:47:05.345-0500] {processor.py:175} INFO - Processing /Library/Frameworks/Python.framework/Versions/3.9/lib/python3.9/site-packages/airflow/example_dags/plugins/workday.py took 0.928 seconds
[2023-01-09T18:48:27.286-0500] {processor.py:153} INFO - Started process (PID=45656) to work on /Library/Frameworks/Python.framework/Versions/3.9/lib/python3.9/site-packages/airflow/example_dags/plugins/workday.py
[2023-01-09T18:48:27.294-0500] {processor.py:743} INFO - Processing file /Library/Frameworks/Python.framework/Versions/3.9/lib/python3.9/site-packages/airflow/example_dags/plugins/workday.py for tasks to queue
[2023-01-09T18:48:27.294-0500] {logging_mixin.py:137} INFO - [2023-01-09T18:48:27.294-0500] {dagbag.py:538} INFO - Filling up the DagBag from /Library/Frameworks/Python.framework/Versions/3.9/lib/python3.9/site-packages/airflow/example_dags/plugins/workday.py
[2023-01-09T18:48:27.312-0500] {processor.py:755} WARNING - No viable dags retrieved from /Library/Frameworks/Python.framework/Versions/3.9/lib/python3.9/site-packages/airflow/example_dags/plugins/workday.py
[2023-01-09T18:48:28.097-0500] {processor.py:175} INFO - Processing /Library/Frameworks/Python.framework/Versions/3.9/lib/python3.9/site-packages/airflow/example_dags/plugins/workday.py took 0.811 seconds
[2023-01-09T18:48:34.765-0500] {processor.py:153} INFO - Started process (PID=45668) to work on /Library/Frameworks/Python.framework/Versions/3.9/lib/python3.9/site-packages/airflow/example_dags/plugins/workday.py
[2023-01-09T18:48:34.770-0500] {processor.py:743} INFO - Processing file /Library/Frameworks/Python.framework/Versions/3.9/lib/python3.9/site-packages/airflow/example_dags/plugins/workday.py for tasks to queue
[2023-01-09T18:48:34.770-0500] {logging_mixin.py:137} INFO - [2023-01-09T18:48:34.770-0500] {dagbag.py:538} INFO - Filling up the DagBag from /Library/Frameworks/Python.framework/Versions/3.9/lib/python3.9/site-packages/airflow/example_dags/plugins/workday.py
[2023-01-09T18:48:34.787-0500] {processor.py:755} WARNING - No viable dags retrieved from /Library/Frameworks/Python.framework/Versions/3.9/lib/python3.9/site-packages/airflow/example_dags/plugins/workday.py
[2023-01-09T18:48:35.582-0500] {processor.py:175} INFO - Processing /Library/Frameworks/Python.framework/Versions/3.9/lib/python3.9/site-packages/airflow/example_dags/plugins/workday.py took 0.818 seconds
[2023-01-09T18:49:51.652-0500] {processor.py:153} INFO - Started process (PID=45724) to work on /Library/Frameworks/Python.framework/Versions/3.9/lib/python3.9/site-packages/airflow/example_dags/plugins/workday.py
[2023-01-09T18:49:51.658-0500] {processor.py:743} INFO - Processing file /Library/Frameworks/Python.framework/Versions/3.9/lib/python3.9/site-packages/airflow/example_dags/plugins/workday.py for tasks to queue
[2023-01-09T18:49:51.659-0500] {logging_mixin.py:137} INFO - [2023-01-09T18:49:51.659-0500] {dagbag.py:538} INFO - Filling up the DagBag from /Library/Frameworks/Python.framework/Versions/3.9/lib/python3.9/site-packages/airflow/example_dags/plugins/workday.py
[2023-01-09T18:49:51.675-0500] {processor.py:755} WARNING - No viable dags retrieved from /Library/Frameworks/Python.framework/Versions/3.9/lib/python3.9/site-packages/airflow/example_dags/plugins/workday.py
[2023-01-09T18:49:52.463-0500] {processor.py:175} INFO - Processing /Library/Frameworks/Python.framework/Versions/3.9/lib/python3.9/site-packages/airflow/example_dags/plugins/workday.py took 0.811 seconds
[2023-01-09T18:49:58.826-0500] {processor.py:153} INFO - Started process (PID=45731) to work on /Library/Frameworks/Python.framework/Versions/3.9/lib/python3.9/site-packages/airflow/example_dags/plugins/workday.py
[2023-01-09T18:49:58.831-0500] {processor.py:743} INFO - Processing file /Library/Frameworks/Python.framework/Versions/3.9/lib/python3.9/site-packages/airflow/example_dags/plugins/workday.py for tasks to queue
[2023-01-09T18:49:58.832-0500] {logging_mixin.py:137} INFO - [2023-01-09T18:49:58.832-0500] {dagbag.py:538} INFO - Filling up the DagBag from /Library/Frameworks/Python.framework/Versions/3.9/lib/python3.9/site-packages/airflow/example_dags/plugins/workday.py
[2023-01-09T18:49:58.848-0500] {processor.py:755} WARNING - No viable dags retrieved from /Library/Frameworks/Python.framework/Versions/3.9/lib/python3.9/site-packages/airflow/example_dags/plugins/workday.py
[2023-01-09T18:49:59.613-0500] {processor.py:175} INFO - Processing /Library/Frameworks/Python.framework/Versions/3.9/lib/python3.9/site-packages/airflow/example_dags/plugins/workday.py took 0.788 seconds
[2023-01-09T18:51:16.890-0500] {processor.py:153} INFO - Started process (PID=45792) to work on /Library/Frameworks/Python.framework/Versions/3.9/lib/python3.9/site-packages/airflow/example_dags/plugins/workday.py
[2023-01-09T18:51:16.895-0500] {processor.py:743} INFO - Processing file /Library/Frameworks/Python.framework/Versions/3.9/lib/python3.9/site-packages/airflow/example_dags/plugins/workday.py for tasks to queue
[2023-01-09T18:51:16.895-0500] {logging_mixin.py:137} INFO - [2023-01-09T18:51:16.895-0500] {dagbag.py:538} INFO - Filling up the DagBag from /Library/Frameworks/Python.framework/Versions/3.9/lib/python3.9/site-packages/airflow/example_dags/plugins/workday.py
[2023-01-09T18:51:16.909-0500] {processor.py:755} WARNING - No viable dags retrieved from /Library/Frameworks/Python.framework/Versions/3.9/lib/python3.9/site-packages/airflow/example_dags/plugins/workday.py
[2023-01-09T18:51:17.574-0500] {processor.py:175} INFO - Processing /Library/Frameworks/Python.framework/Versions/3.9/lib/python3.9/site-packages/airflow/example_dags/plugins/workday.py took 0.685 seconds
[2023-01-09T18:51:23.848-0500] {processor.py:153} INFO - Started process (PID=45801) to work on /Library/Frameworks/Python.framework/Versions/3.9/lib/python3.9/site-packages/airflow/example_dags/plugins/workday.py
[2023-01-09T18:51:23.853-0500] {processor.py:743} INFO - Processing file /Library/Frameworks/Python.framework/Versions/3.9/lib/python3.9/site-packages/airflow/example_dags/plugins/workday.py for tasks to queue
[2023-01-09T18:51:23.854-0500] {logging_mixin.py:137} INFO - [2023-01-09T18:51:23.854-0500] {dagbag.py:538} INFO - Filling up the DagBag from /Library/Frameworks/Python.framework/Versions/3.9/lib/python3.9/site-packages/airflow/example_dags/plugins/workday.py
[2023-01-09T18:51:23.867-0500] {processor.py:755} WARNING - No viable dags retrieved from /Library/Frameworks/Python.framework/Versions/3.9/lib/python3.9/site-packages/airflow/example_dags/plugins/workday.py
[2023-01-09T18:51:24.554-0500] {processor.py:175} INFO - Processing /Library/Frameworks/Python.framework/Versions/3.9/lib/python3.9/site-packages/airflow/example_dags/plugins/workday.py took 0.707 seconds
[2023-01-09T18:53:01.337-0500] {processor.py:153} INFO - Started process (PID=45904) to work on /Library/Frameworks/Python.framework/Versions/3.9/lib/python3.9/site-packages/airflow/example_dags/plugins/workday.py
[2023-01-09T18:53:01.344-0500] {processor.py:743} INFO - Processing file /Library/Frameworks/Python.framework/Versions/3.9/lib/python3.9/site-packages/airflow/example_dags/plugins/workday.py for tasks to queue
[2023-01-09T18:53:01.345-0500] {logging_mixin.py:137} INFO - [2023-01-09T18:53:01.345-0500] {dagbag.py:538} INFO - Filling up the DagBag from /Library/Frameworks/Python.framework/Versions/3.9/lib/python3.9/site-packages/airflow/example_dags/plugins/workday.py
[2023-01-09T18:53:01.365-0500] {processor.py:755} WARNING - No viable dags retrieved from /Library/Frameworks/Python.framework/Versions/3.9/lib/python3.9/site-packages/airflow/example_dags/plugins/workday.py
[2023-01-09T18:53:02.331-0500] {processor.py:175} INFO - Processing /Library/Frameworks/Python.framework/Versions/3.9/lib/python3.9/site-packages/airflow/example_dags/plugins/workday.py took 0.996 seconds
[2023-01-09T18:53:08.135-0500] {processor.py:153} INFO - Started process (PID=45908) to work on /Library/Frameworks/Python.framework/Versions/3.9/lib/python3.9/site-packages/airflow/example_dags/plugins/workday.py
[2023-01-09T18:53:08.145-0500] {processor.py:743} INFO - Processing file /Library/Frameworks/Python.framework/Versions/3.9/lib/python3.9/site-packages/airflow/example_dags/plugins/workday.py for tasks to queue
[2023-01-09T18:53:08.146-0500] {logging_mixin.py:137} INFO - [2023-01-09T18:53:08.146-0500] {dagbag.py:538} INFO - Filling up the DagBag from /Library/Frameworks/Python.framework/Versions/3.9/lib/python3.9/site-packages/airflow/example_dags/plugins/workday.py
[2023-01-09T18:53:08.165-0500] {processor.py:755} WARNING - No viable dags retrieved from /Library/Frameworks/Python.framework/Versions/3.9/lib/python3.9/site-packages/airflow/example_dags/plugins/workday.py
[2023-01-09T18:53:09.077-0500] {processor.py:175} INFO - Processing /Library/Frameworks/Python.framework/Versions/3.9/lib/python3.9/site-packages/airflow/example_dags/plugins/workday.py took 0.944 seconds
[2023-01-09T18:55:03.433-0500] {processor.py:153} INFO - Started process (PID=45982) to work on /Library/Frameworks/Python.framework/Versions/3.9/lib/python3.9/site-packages/airflow/example_dags/plugins/workday.py
[2023-01-09T18:55:03.446-0500] {processor.py:743} INFO - Processing file /Library/Frameworks/Python.framework/Versions/3.9/lib/python3.9/site-packages/airflow/example_dags/plugins/workday.py for tasks to queue
[2023-01-09T18:55:03.447-0500] {logging_mixin.py:137} INFO - [2023-01-09T18:55:03.446-0500] {dagbag.py:538} INFO - Filling up the DagBag from /Library/Frameworks/Python.framework/Versions/3.9/lib/python3.9/site-packages/airflow/example_dags/plugins/workday.py
[2023-01-09T18:55:03.469-0500] {processor.py:755} WARNING - No viable dags retrieved from /Library/Frameworks/Python.framework/Versions/3.9/lib/python3.9/site-packages/airflow/example_dags/plugins/workday.py
[2023-01-09T18:55:04.619-0500] {processor.py:175} INFO - Processing /Library/Frameworks/Python.framework/Versions/3.9/lib/python3.9/site-packages/airflow/example_dags/plugins/workday.py took 1.187 seconds
[2023-01-09T18:55:16.287-0500] {processor.py:153} INFO - Started process (PID=45992) to work on /Library/Frameworks/Python.framework/Versions/3.9/lib/python3.9/site-packages/airflow/example_dags/plugins/workday.py
[2023-01-09T18:55:16.295-0500] {processor.py:743} INFO - Processing file /Library/Frameworks/Python.framework/Versions/3.9/lib/python3.9/site-packages/airflow/example_dags/plugins/workday.py for tasks to queue
[2023-01-09T18:55:16.296-0500] {logging_mixin.py:137} INFO - [2023-01-09T18:55:16.295-0500] {dagbag.py:538} INFO - Filling up the DagBag from /Library/Frameworks/Python.framework/Versions/3.9/lib/python3.9/site-packages/airflow/example_dags/plugins/workday.py
[2023-01-09T18:55:16.316-0500] {processor.py:755} WARNING - No viable dags retrieved from /Library/Frameworks/Python.framework/Versions/3.9/lib/python3.9/site-packages/airflow/example_dags/plugins/workday.py
[2023-01-09T18:55:17.422-0500] {processor.py:175} INFO - Processing /Library/Frameworks/Python.framework/Versions/3.9/lib/python3.9/site-packages/airflow/example_dags/plugins/workday.py took 1.136 seconds
[2023-01-09T18:57:28.751-0500] {processor.py:153} INFO - Started process (PID=46076) to work on /Library/Frameworks/Python.framework/Versions/3.9/lib/python3.9/site-packages/airflow/example_dags/plugins/workday.py
[2023-01-09T18:57:28.762-0500] {processor.py:743} INFO - Processing file /Library/Frameworks/Python.framework/Versions/3.9/lib/python3.9/site-packages/airflow/example_dags/plugins/workday.py for tasks to queue
[2023-01-09T18:57:28.762-0500] {logging_mixin.py:137} INFO - [2023-01-09T18:57:28.762-0500] {dagbag.py:538} INFO - Filling up the DagBag from /Library/Frameworks/Python.framework/Versions/3.9/lib/python3.9/site-packages/airflow/example_dags/plugins/workday.py
[2023-01-09T18:57:28.787-0500] {processor.py:755} WARNING - No viable dags retrieved from /Library/Frameworks/Python.framework/Versions/3.9/lib/python3.9/site-packages/airflow/example_dags/plugins/workday.py
[2023-01-09T18:57:30.179-0500] {processor.py:175} INFO - Processing /Library/Frameworks/Python.framework/Versions/3.9/lib/python3.9/site-packages/airflow/example_dags/plugins/workday.py took 1.429 seconds
[2023-01-09T18:57:46.117-0500] {processor.py:153} INFO - Started process (PID=46089) to work on /Library/Frameworks/Python.framework/Versions/3.9/lib/python3.9/site-packages/airflow/example_dags/plugins/workday.py
[2023-01-09T18:57:46.133-0500] {processor.py:743} INFO - Processing file /Library/Frameworks/Python.framework/Versions/3.9/lib/python3.9/site-packages/airflow/example_dags/plugins/workday.py for tasks to queue
[2023-01-09T18:57:46.134-0500] {logging_mixin.py:137} INFO - [2023-01-09T18:57:46.133-0500] {dagbag.py:538} INFO - Filling up the DagBag from /Library/Frameworks/Python.framework/Versions/3.9/lib/python3.9/site-packages/airflow/example_dags/plugins/workday.py
[2023-01-09T18:57:46.159-0500] {processor.py:755} WARNING - No viable dags retrieved from /Library/Frameworks/Python.framework/Versions/3.9/lib/python3.9/site-packages/airflow/example_dags/plugins/workday.py
[2023-01-09T18:57:47.346-0500] {processor.py:175} INFO - Processing /Library/Frameworks/Python.framework/Versions/3.9/lib/python3.9/site-packages/airflow/example_dags/plugins/workday.py took 1.231 seconds
[2023-01-09T18:59:41.670-0500] {processor.py:153} INFO - Started process (PID=46205) to work on /Library/Frameworks/Python.framework/Versions/3.9/lib/python3.9/site-packages/airflow/example_dags/plugins/workday.py
[2023-01-09T18:59:41.676-0500] {processor.py:743} INFO - Processing file /Library/Frameworks/Python.framework/Versions/3.9/lib/python3.9/site-packages/airflow/example_dags/plugins/workday.py for tasks to queue
[2023-01-09T18:59:41.677-0500] {logging_mixin.py:137} INFO - [2023-01-09T18:59:41.676-0500] {dagbag.py:538} INFO - Filling up the DagBag from /Library/Frameworks/Python.framework/Versions/3.9/lib/python3.9/site-packages/airflow/example_dags/plugins/workday.py
[2023-01-09T18:59:41.700-0500] {processor.py:755} WARNING - No viable dags retrieved from /Library/Frameworks/Python.framework/Versions/3.9/lib/python3.9/site-packages/airflow/example_dags/plugins/workday.py
[2023-01-09T18:59:42.769-0500] {processor.py:175} INFO - Processing /Library/Frameworks/Python.framework/Versions/3.9/lib/python3.9/site-packages/airflow/example_dags/plugins/workday.py took 1.100 seconds
[2023-01-09T18:59:52.981-0500] {processor.py:153} INFO - Started process (PID=46212) to work on /Library/Frameworks/Python.framework/Versions/3.9/lib/python3.9/site-packages/airflow/example_dags/plugins/workday.py
[2023-01-09T18:59:52.991-0500] {processor.py:743} INFO - Processing file /Library/Frameworks/Python.framework/Versions/3.9/lib/python3.9/site-packages/airflow/example_dags/plugins/workday.py for tasks to queue
[2023-01-09T18:59:52.992-0500] {logging_mixin.py:137} INFO - [2023-01-09T18:59:52.992-0500] {dagbag.py:538} INFO - Filling up the DagBag from /Library/Frameworks/Python.framework/Versions/3.9/lib/python3.9/site-packages/airflow/example_dags/plugins/workday.py
[2023-01-09T18:59:53.015-0500] {processor.py:755} WARNING - No viable dags retrieved from /Library/Frameworks/Python.framework/Versions/3.9/lib/python3.9/site-packages/airflow/example_dags/plugins/workday.py
[2023-01-09T18:59:53.923-0500] {processor.py:175} INFO - Processing /Library/Frameworks/Python.framework/Versions/3.9/lib/python3.9/site-packages/airflow/example_dags/plugins/workday.py took 0.942 seconds
