[2023-01-09T16:51:12.926-0500] {taskinstance.py:1087} INFO - Dependencies all met for <TaskInstance: tutorial_dag.transform manual__2023-01-09T21:51:02.283887+00:00 [queued]>
[2023-01-09T16:51:12.938-0500] {taskinstance.py:1087} INFO - Dependencies all met for <TaskInstance: tutorial_dag.transform manual__2023-01-09T21:51:02.283887+00:00 [queued]>
[2023-01-09T16:51:12.938-0500] {taskinstance.py:1283} INFO - 
--------------------------------------------------------------------------------
[2023-01-09T16:51:12.938-0500] {taskinstance.py:1284} INFO - Starting attempt 1 of 3
[2023-01-09T16:51:12.938-0500] {taskinstance.py:1285} INFO - 
--------------------------------------------------------------------------------
[2023-01-09T16:51:12.950-0500] {taskinstance.py:1304} INFO - Executing <Task(PythonOperator): transform> on 2023-01-09 21:51:02.283887+00:00
[2023-01-09T16:51:12.953-0500] {standard_task_runner.py:55} INFO - Started process 39335 to run task
[2023-01-09T16:51:12.958-0500] {standard_task_runner.py:82} INFO - Running: ['airflow', 'tasks', 'run', 'tutorial_dag', 'transform', 'manual__2023-01-09T21:51:02.283887+00:00', '--job-id', '4', '--raw', '--subdir', '/Library/Frameworks/Python.framework/Versions/3.9/lib/python3.9/site-packages/airflow/example_dags/tutorial_dag.py', '--cfg-path', '/var/folders/lc/0q_5vmf5385c78mr7v2ntch00000gn/T/tmpgti_0mvb']
[2023-01-09T16:51:12.962-0500] {standard_task_runner.py:83} INFO - Job 4: Subtask transform
[2023-01-09T16:51:13.015-0500] {task_command.py:389} INFO - Running <TaskInstance: tutorial_dag.transform manual__2023-01-09T21:51:02.283887+00:00 [running]> on host toyosis-macbook-pro.local
[2023-01-09T16:51:13.056-0500] {taskinstance.py:1511} INFO - Exporting the following env vars:
AIRFLOW_CTX_DAG_OWNER=airflow
AIRFLOW_CTX_DAG_ID=tutorial_dag
AIRFLOW_CTX_TASK_ID=transform
AIRFLOW_CTX_EXECUTION_DATE=2023-01-09T21:51:02.283887+00:00
AIRFLOW_CTX_TRY_NUMBER=1
AIRFLOW_CTX_DAG_RUN_ID=manual__2023-01-09T21:51:02.283887+00:00
[2023-01-09T16:51:13.070-0500] {python.py:177} INFO - Done. Returned value was: None
[2023-01-09T16:51:13.077-0500] {taskinstance.py:1322} INFO - Marking task as SUCCESS. dag_id=tutorial_dag, task_id=transform, execution_date=20230109T215102, start_date=20230109T215112, end_date=20230109T215113
[2023-01-09T16:51:13.098-0500] {local_task_job.py:159} INFO - Task exited with return code 0
[2023-01-09T16:51:13.118-0500] {taskinstance.py:2582} INFO - 1 downstream tasks scheduled from follow-on schedule check
