[2023-01-11T23:26:43.280-0500] {processor.py:153} INFO - Started process (PID=14495) to work on /Users/toyosibamidele/airflow/dags/walmart-ml-workflow.py
[2023-01-11T23:26:43.285-0500] {processor.py:743} INFO - Processing file /Users/toyosibamidele/airflow/dags/walmart-ml-workflow.py for tasks to queue
[2023-01-11T23:26:43.285-0500] {logging_mixin.py:137} INFO - [2023-01-11T23:26:43.285-0500] {dagbag.py:538} INFO - Filling up the DagBag from /Users/toyosibamidele/airflow/dags/walmart-ml-workflow.py
[2023-01-11T23:26:43.311-0500] {processor.py:753} INFO - DAG(s) dict_keys(['walmart-ml-workflow']) retrieved from /Users/toyosibamidele/airflow/dags/walmart-ml-workflow.py
[2023-01-11T23:26:43.888-0500] {logging_mixin.py:137} INFO - [2023-01-11T23:26:43.888-0500] {dag.py:2676} INFO - Sync 1 DAGs
[2023-01-11T23:26:43.903-0500] {logging_mixin.py:137} INFO - [2023-01-11T23:26:43.903-0500] {dag.py:3423} INFO - Setting next_dagrun for walmart-ml-workflow to 2023-01-12T00:00:00+00:00, run_after=2023-01-13T00:00:00+00:00
[2023-01-11T23:26:43.923-0500] {processor.py:175} INFO - Processing /Users/toyosibamidele/airflow/dags/walmart-ml-workflow.py took 0.644 seconds
[2023-01-12T07:23:58.101-0500] {processor.py:153} INFO - Started process (PID=15018) to work on /Users/toyosibamidele/airflow/dags/walmart-ml-workflow.py
[2023-01-12T07:23:58.107-0500] {processor.py:743} INFO - Processing file /Users/toyosibamidele/airflow/dags/walmart-ml-workflow.py for tasks to queue
[2023-01-12T07:23:58.107-0500] {logging_mixin.py:137} INFO - [2023-01-12T07:23:58.107-0500] {dagbag.py:538} INFO - Filling up the DagBag from /Users/toyosibamidele/airflow/dags/walmart-ml-workflow.py
[2023-01-12T07:23:58.145-0500] {processor.py:753} INFO - DAG(s) dict_keys(['walmart-ml-workflow']) retrieved from /Users/toyosibamidele/airflow/dags/walmart-ml-workflow.py
[2023-01-12T07:23:58.819-0500] {logging_mixin.py:137} INFO - [2023-01-12T07:23:58.818-0500] {dag.py:2676} INFO - Sync 1 DAGs
[2023-01-12T07:23:58.835-0500] {logging_mixin.py:137} INFO - [2023-01-12T07:23:58.835-0500] {dag.py:3423} INFO - Setting next_dagrun for walmart-ml-workflow to 2023-01-12T00:00:00+00:00, run_after=2023-01-13T00:00:00+00:00
[2023-01-12T07:23:58.854-0500] {processor.py:175} INFO - Processing /Users/toyosibamidele/airflow/dags/walmart-ml-workflow.py took 0.753 seconds
[2023-01-12T07:25:48.654-0500] {processor.py:153} INFO - Started process (PID=15065) to work on /Users/toyosibamidele/airflow/dags/walmart-ml-workflow.py
[2023-01-12T07:25:48.659-0500] {processor.py:743} INFO - Processing file /Users/toyosibamidele/airflow/dags/walmart-ml-workflow.py for tasks to queue
[2023-01-12T07:25:48.660-0500] {logging_mixin.py:137} INFO - [2023-01-12T07:25:48.660-0500] {dagbag.py:538} INFO - Filling up the DagBag from /Users/toyosibamidele/airflow/dags/walmart-ml-workflow.py
[2023-01-12T07:25:48.697-0500] {processor.py:753} INFO - DAG(s) dict_keys(['walmart-ml-workflow']) retrieved from /Users/toyosibamidele/airflow/dags/walmart-ml-workflow.py
[2023-01-12T07:25:49.452-0500] {logging_mixin.py:137} INFO - [2023-01-12T07:25:49.452-0500] {dag.py:2676} INFO - Sync 1 DAGs
[2023-01-12T07:25:49.469-0500] {logging_mixin.py:137} INFO - [2023-01-12T07:25:49.468-0500] {dag.py:3423} INFO - Setting next_dagrun for walmart-ml-workflow to 2023-01-12T00:00:00+00:00, run_after=2023-01-13T00:00:00+00:00
[2023-01-12T07:25:49.488-0500] {processor.py:175} INFO - Processing /Users/toyosibamidele/airflow/dags/walmart-ml-workflow.py took 0.835 seconds
[2023-01-12T07:27:36.092-0500] {processor.py:153} INFO - Started process (PID=15143) to work on /Users/toyosibamidele/airflow/dags/walmart-ml-workflow.py
[2023-01-12T07:27:36.098-0500] {processor.py:743} INFO - Processing file /Users/toyosibamidele/airflow/dags/walmart-ml-workflow.py for tasks to queue
[2023-01-12T07:27:36.098-0500] {logging_mixin.py:137} INFO - [2023-01-12T07:27:36.098-0500] {dagbag.py:538} INFO - Filling up the DagBag from /Users/toyosibamidele/airflow/dags/walmart-ml-workflow.py
[2023-01-12T07:27:36.128-0500] {processor.py:753} INFO - DAG(s) dict_keys(['walmart-ml-workflow']) retrieved from /Users/toyosibamidele/airflow/dags/walmart-ml-workflow.py
[2023-01-12T07:27:36.808-0500] {logging_mixin.py:137} INFO - [2023-01-12T07:27:36.808-0500] {dag.py:2676} INFO - Sync 1 DAGs
[2023-01-12T07:27:36.825-0500] {logging_mixin.py:137} INFO - [2023-01-12T07:27:36.825-0500] {dag.py:3423} INFO - Setting next_dagrun for walmart-ml-workflow to 2023-01-12T00:00:00+00:00, run_after=2023-01-13T00:00:00+00:00
[2023-01-12T07:27:36.845-0500] {processor.py:175} INFO - Processing /Users/toyosibamidele/airflow/dags/walmart-ml-workflow.py took 0.754 seconds
[2023-01-12T07:29:19.633-0500] {processor.py:153} INFO - Started process (PID=15204) to work on /Users/toyosibamidele/airflow/dags/walmart-ml-workflow.py
[2023-01-12T07:29:19.639-0500] {processor.py:743} INFO - Processing file /Users/toyosibamidele/airflow/dags/walmart-ml-workflow.py for tasks to queue
[2023-01-12T07:29:19.640-0500] {logging_mixin.py:137} INFO - [2023-01-12T07:29:19.640-0500] {dagbag.py:538} INFO - Filling up the DagBag from /Users/toyosibamidele/airflow/dags/walmart-ml-workflow.py
[2023-01-12T07:29:19.672-0500] {processor.py:753} INFO - DAG(s) dict_keys(['walmart-ml-workflow']) retrieved from /Users/toyosibamidele/airflow/dags/walmart-ml-workflow.py
[2023-01-12T07:29:20.312-0500] {logging_mixin.py:137} INFO - [2023-01-12T07:29:20.312-0500] {dag.py:2676} INFO - Sync 1 DAGs
[2023-01-12T07:29:20.328-0500] {logging_mixin.py:137} INFO - [2023-01-12T07:29:20.328-0500] {dag.py:3423} INFO - Setting next_dagrun for walmart-ml-workflow to 2023-01-12T00:00:00+00:00, run_after=2023-01-13T00:00:00+00:00
[2023-01-12T07:29:20.347-0500] {processor.py:175} INFO - Processing /Users/toyosibamidele/airflow/dags/walmart-ml-workflow.py took 0.715 seconds
[2023-01-12T07:31:12.869-0500] {processor.py:153} INFO - Started process (PID=15344) to work on /Users/toyosibamidele/airflow/dags/walmart-ml-workflow.py
[2023-01-12T07:31:12.874-0500] {processor.py:743} INFO - Processing file /Users/toyosibamidele/airflow/dags/walmart-ml-workflow.py for tasks to queue
[2023-01-12T07:31:12.875-0500] {logging_mixin.py:137} INFO - [2023-01-12T07:31:12.875-0500] {dagbag.py:538} INFO - Filling up the DagBag from /Users/toyosibamidele/airflow/dags/walmart-ml-workflow.py
[2023-01-12T07:31:12.912-0500] {processor.py:753} INFO - DAG(s) dict_keys(['walmart-ml-workflow']) retrieved from /Users/toyosibamidele/airflow/dags/walmart-ml-workflow.py
[2023-01-12T07:31:13.568-0500] {logging_mixin.py:137} INFO - [2023-01-12T07:31:13.568-0500] {dag.py:2676} INFO - Sync 1 DAGs
[2023-01-12T07:31:13.585-0500] {logging_mixin.py:137} INFO - [2023-01-12T07:31:13.584-0500] {dag.py:3423} INFO - Setting next_dagrun for walmart-ml-workflow to 2023-01-12T00:00:00+00:00, run_after=2023-01-13T00:00:00+00:00
[2023-01-12T07:31:13.626-0500] {processor.py:175} INFO - Processing /Users/toyosibamidele/airflow/dags/walmart-ml-workflow.py took 0.758 seconds
[2023-01-12T07:32:59.900-0500] {processor.py:153} INFO - Started process (PID=15487) to work on /Users/toyosibamidele/airflow/dags/walmart-ml-workflow.py
[2023-01-12T07:32:59.906-0500] {processor.py:743} INFO - Processing file /Users/toyosibamidele/airflow/dags/walmart-ml-workflow.py for tasks to queue
[2023-01-12T07:32:59.907-0500] {logging_mixin.py:137} INFO - [2023-01-12T07:32:59.907-0500] {dagbag.py:538} INFO - Filling up the DagBag from /Users/toyosibamidele/airflow/dags/walmart-ml-workflow.py
[2023-01-12T07:32:59.939-0500] {processor.py:753} INFO - DAG(s) dict_keys(['walmart-ml-workflow']) retrieved from /Users/toyosibamidele/airflow/dags/walmart-ml-workflow.py
[2023-01-12T07:33:00.575-0500] {logging_mixin.py:137} INFO - [2023-01-12T07:33:00.575-0500] {dag.py:2676} INFO - Sync 1 DAGs
[2023-01-12T07:33:00.591-0500] {logging_mixin.py:137} INFO - [2023-01-12T07:33:00.591-0500] {dag.py:3423} INFO - Setting next_dagrun for walmart-ml-workflow to 2023-01-12T00:00:00+00:00, run_after=2023-01-13T00:00:00+00:00
[2023-01-12T07:33:00.609-0500] {processor.py:175} INFO - Processing /Users/toyosibamidele/airflow/dags/walmart-ml-workflow.py took 0.710 seconds
[2023-01-12T07:34:46.805-0500] {processor.py:153} INFO - Started process (PID=15528) to work on /Users/toyosibamidele/airflow/dags/walmart-ml-workflow.py
[2023-01-12T07:34:46.811-0500] {processor.py:743} INFO - Processing file /Users/toyosibamidele/airflow/dags/walmart-ml-workflow.py for tasks to queue
[2023-01-12T07:34:46.812-0500] {logging_mixin.py:137} INFO - [2023-01-12T07:34:46.812-0500] {dagbag.py:538} INFO - Filling up the DagBag from /Users/toyosibamidele/airflow/dags/walmart-ml-workflow.py
[2023-01-12T07:34:46.855-0500] {processor.py:753} INFO - DAG(s) dict_keys(['walmart-ml-workflow']) retrieved from /Users/toyosibamidele/airflow/dags/walmart-ml-workflow.py
[2023-01-12T07:34:47.987-0500] {logging_mixin.py:137} INFO - [2023-01-12T07:34:47.987-0500] {dag.py:2676} INFO - Sync 1 DAGs
[2023-01-12T07:34:48.014-0500] {logging_mixin.py:137} INFO - [2023-01-12T07:34:48.014-0500] {dag.py:3423} INFO - Setting next_dagrun for walmart-ml-workflow to 2023-01-12T00:00:00+00:00, run_after=2023-01-13T00:00:00+00:00
[2023-01-12T07:34:48.041-0500] {processor.py:175} INFO - Processing /Users/toyosibamidele/airflow/dags/walmart-ml-workflow.py took 1.238 seconds
[2023-01-12T07:36:36.370-0500] {processor.py:153} INFO - Started process (PID=15572) to work on /Users/toyosibamidele/airflow/dags/walmart-ml-workflow.py
[2023-01-12T07:36:36.376-0500] {processor.py:743} INFO - Processing file /Users/toyosibamidele/airflow/dags/walmart-ml-workflow.py for tasks to queue
[2023-01-12T07:36:36.377-0500] {logging_mixin.py:137} INFO - [2023-01-12T07:36:36.377-0500] {dagbag.py:538} INFO - Filling up the DagBag from /Users/toyosibamidele/airflow/dags/walmart-ml-workflow.py
[2023-01-12T07:36:36.410-0500] {processor.py:753} INFO - DAG(s) dict_keys(['walmart-ml-workflow']) retrieved from /Users/toyosibamidele/airflow/dags/walmart-ml-workflow.py
[2023-01-12T07:36:37.054-0500] {logging_mixin.py:137} INFO - [2023-01-12T07:36:37.054-0500] {dag.py:2676} INFO - Sync 1 DAGs
[2023-01-12T07:36:37.071-0500] {logging_mixin.py:137} INFO - [2023-01-12T07:36:37.070-0500] {dag.py:3423} INFO - Setting next_dagrun for walmart-ml-workflow to 2023-01-12T00:00:00+00:00, run_after=2023-01-13T00:00:00+00:00
[2023-01-12T07:36:37.092-0500] {processor.py:175} INFO - Processing /Users/toyosibamidele/airflow/dags/walmart-ml-workflow.py took 0.722 seconds
[2023-01-12T07:38:23.016-0500] {processor.py:153} INFO - Started process (PID=15618) to work on /Users/toyosibamidele/airflow/dags/walmart-ml-workflow.py
[2023-01-12T07:38:23.021-0500] {processor.py:743} INFO - Processing file /Users/toyosibamidele/airflow/dags/walmart-ml-workflow.py for tasks to queue
[2023-01-12T07:38:23.022-0500] {logging_mixin.py:137} INFO - [2023-01-12T07:38:23.022-0500] {dagbag.py:538} INFO - Filling up the DagBag from /Users/toyosibamidele/airflow/dags/walmart-ml-workflow.py
[2023-01-12T07:38:23.050-0500] {processor.py:753} INFO - DAG(s) dict_keys(['walmart-ml-workflow']) retrieved from /Users/toyosibamidele/airflow/dags/walmart-ml-workflow.py
[2023-01-12T07:38:23.696-0500] {logging_mixin.py:137} INFO - [2023-01-12T07:38:23.696-0500] {dag.py:2676} INFO - Sync 1 DAGs
[2023-01-12T07:38:23.715-0500] {logging_mixin.py:137} INFO - [2023-01-12T07:38:23.715-0500] {dag.py:3423} INFO - Setting next_dagrun for walmart-ml-workflow to 2023-01-12T00:00:00+00:00, run_after=2023-01-13T00:00:00+00:00
[2023-01-12T07:38:23.735-0500] {processor.py:175} INFO - Processing /Users/toyosibamidele/airflow/dags/walmart-ml-workflow.py took 0.720 seconds
[2023-01-12T07:40:22.184-0500] {processor.py:153} INFO - Started process (PID=15740) to work on /Users/toyosibamidele/airflow/dags/walmart-ml-workflow.py
[2023-01-12T07:40:22.192-0500] {processor.py:743} INFO - Processing file /Users/toyosibamidele/airflow/dags/walmart-ml-workflow.py for tasks to queue
[2023-01-12T07:40:22.192-0500] {logging_mixin.py:137} INFO - [2023-01-12T07:40:22.192-0500] {dagbag.py:538} INFO - Filling up the DagBag from /Users/toyosibamidele/airflow/dags/walmart-ml-workflow.py
[2023-01-12T07:40:22.231-0500] {processor.py:753} INFO - DAG(s) dict_keys(['walmart-ml-workflow']) retrieved from /Users/toyosibamidele/airflow/dags/walmart-ml-workflow.py
[2023-01-12T07:40:23.055-0500] {logging_mixin.py:137} INFO - [2023-01-12T07:40:23.054-0500] {dag.py:2676} INFO - Sync 1 DAGs
[2023-01-12T07:40:23.074-0500] {logging_mixin.py:137} INFO - [2023-01-12T07:40:23.074-0500] {dag.py:3423} INFO - Setting next_dagrun for walmart-ml-workflow to 2023-01-12T00:00:00+00:00, run_after=2023-01-13T00:00:00+00:00
[2023-01-12T07:40:23.095-0500] {processor.py:175} INFO - Processing /Users/toyosibamidele/airflow/dags/walmart-ml-workflow.py took 0.911 seconds
[2023-01-12T07:42:24.318-0500] {processor.py:153} INFO - Started process (PID=15782) to work on /Users/toyosibamidele/airflow/dags/walmart-ml-workflow.py
[2023-01-12T07:42:24.325-0500] {processor.py:743} INFO - Processing file /Users/toyosibamidele/airflow/dags/walmart-ml-workflow.py for tasks to queue
[2023-01-12T07:42:24.326-0500] {logging_mixin.py:137} INFO - [2023-01-12T07:42:24.326-0500] {dagbag.py:538} INFO - Filling up the DagBag from /Users/toyosibamidele/airflow/dags/walmart-ml-workflow.py
[2023-01-12T07:42:24.374-0500] {processor.py:753} INFO - DAG(s) dict_keys(['walmart-ml-workflow']) retrieved from /Users/toyosibamidele/airflow/dags/walmart-ml-workflow.py
[2023-01-12T07:42:25.309-0500] {logging_mixin.py:137} INFO - [2023-01-12T07:42:25.309-0500] {dag.py:2676} INFO - Sync 1 DAGs
[2023-01-12T07:42:25.330-0500] {logging_mixin.py:137} INFO - [2023-01-12T07:42:25.330-0500] {dag.py:3423} INFO - Setting next_dagrun for walmart-ml-workflow to 2023-01-12T00:00:00+00:00, run_after=2023-01-13T00:00:00+00:00
[2023-01-12T07:42:25.352-0500] {processor.py:175} INFO - Processing /Users/toyosibamidele/airflow/dags/walmart-ml-workflow.py took 1.035 seconds
[2023-01-12T07:44:25.221-0500] {processor.py:153} INFO - Started process (PID=15838) to work on /Users/toyosibamidele/airflow/dags/walmart-ml-workflow.py
[2023-01-12T07:44:25.229-0500] {processor.py:743} INFO - Processing file /Users/toyosibamidele/airflow/dags/walmart-ml-workflow.py for tasks to queue
[2023-01-12T07:44:25.230-0500] {logging_mixin.py:137} INFO - [2023-01-12T07:44:25.229-0500] {dagbag.py:538} INFO - Filling up the DagBag from /Users/toyosibamidele/airflow/dags/walmart-ml-workflow.py
[2023-01-12T07:44:25.269-0500] {processor.py:753} INFO - DAG(s) dict_keys(['walmart-ml-workflow']) retrieved from /Users/toyosibamidele/airflow/dags/walmart-ml-workflow.py
[2023-01-12T07:44:26.365-0500] {logging_mixin.py:137} INFO - [2023-01-12T07:44:26.364-0500] {dag.py:2676} INFO - Sync 1 DAGs
[2023-01-12T07:44:26.387-0500] {logging_mixin.py:137} INFO - [2023-01-12T07:44:26.387-0500] {dag.py:3423} INFO - Setting next_dagrun for walmart-ml-workflow to 2023-01-12T00:00:00+00:00, run_after=2023-01-13T00:00:00+00:00
[2023-01-12T07:44:26.415-0500] {processor.py:175} INFO - Processing /Users/toyosibamidele/airflow/dags/walmart-ml-workflow.py took 1.194 seconds
[2023-01-12T07:46:22.319-0500] {processor.py:153} INFO - Started process (PID=15888) to work on /Users/toyosibamidele/airflow/dags/walmart-ml-workflow.py
[2023-01-12T07:46:22.326-0500] {processor.py:743} INFO - Processing file /Users/toyosibamidele/airflow/dags/walmart-ml-workflow.py for tasks to queue
[2023-01-12T07:46:22.327-0500] {logging_mixin.py:137} INFO - [2023-01-12T07:46:22.326-0500] {dagbag.py:538} INFO - Filling up the DagBag from /Users/toyosibamidele/airflow/dags/walmart-ml-workflow.py
[2023-01-12T07:46:22.361-0500] {processor.py:753} INFO - DAG(s) dict_keys(['walmart-ml-workflow']) retrieved from /Users/toyosibamidele/airflow/dags/walmart-ml-workflow.py
[2023-01-12T07:46:23.337-0500] {logging_mixin.py:137} INFO - [2023-01-12T07:46:23.336-0500] {dag.py:2676} INFO - Sync 1 DAGs
[2023-01-12T07:46:23.357-0500] {logging_mixin.py:137} INFO - [2023-01-12T07:46:23.357-0500] {dag.py:3423} INFO - Setting next_dagrun for walmart-ml-workflow to 2023-01-12T00:00:00+00:00, run_after=2023-01-13T00:00:00+00:00
[2023-01-12T07:46:23.381-0500] {processor.py:175} INFO - Processing /Users/toyosibamidele/airflow/dags/walmart-ml-workflow.py took 1.063 seconds
[2023-01-12T07:48:10.697-0500] {processor.py:153} INFO - Started process (PID=15945) to work on /Users/toyosibamidele/airflow/dags/walmart-ml-workflow.py
[2023-01-12T07:48:10.703-0500] {processor.py:743} INFO - Processing file /Users/toyosibamidele/airflow/dags/walmart-ml-workflow.py for tasks to queue
[2023-01-12T07:48:10.703-0500] {logging_mixin.py:137} INFO - [2023-01-12T07:48:10.703-0500] {dagbag.py:538} INFO - Filling up the DagBag from /Users/toyosibamidele/airflow/dags/walmart-ml-workflow.py
[2023-01-12T07:48:10.733-0500] {processor.py:753} INFO - DAG(s) dict_keys(['walmart-ml-workflow']) retrieved from /Users/toyosibamidele/airflow/dags/walmart-ml-workflow.py
[2023-01-12T07:48:11.407-0500] {logging_mixin.py:137} INFO - [2023-01-12T07:48:11.407-0500] {dag.py:2676} INFO - Sync 1 DAGs
[2023-01-12T07:48:11.423-0500] {logging_mixin.py:137} INFO - [2023-01-12T07:48:11.423-0500] {dag.py:3423} INFO - Setting next_dagrun for walmart-ml-workflow to 2023-01-12T00:00:00+00:00, run_after=2023-01-13T00:00:00+00:00
[2023-01-12T07:48:11.443-0500] {processor.py:175} INFO - Processing /Users/toyosibamidele/airflow/dags/walmart-ml-workflow.py took 0.747 seconds
[2023-01-12T07:50:14.288-0500] {processor.py:153} INFO - Started process (PID=16067) to work on /Users/toyosibamidele/airflow/dags/walmart-ml-workflow.py
[2023-01-12T07:50:14.295-0500] {processor.py:743} INFO - Processing file /Users/toyosibamidele/airflow/dags/walmart-ml-workflow.py for tasks to queue
[2023-01-12T07:50:14.296-0500] {logging_mixin.py:137} INFO - [2023-01-12T07:50:14.296-0500] {dagbag.py:538} INFO - Filling up the DagBag from /Users/toyosibamidele/airflow/dags/walmart-ml-workflow.py
[2023-01-12T07:50:14.340-0500] {processor.py:753} INFO - DAG(s) dict_keys(['walmart-ml-workflow']) retrieved from /Users/toyosibamidele/airflow/dags/walmart-ml-workflow.py
[2023-01-12T07:50:15.260-0500] {logging_mixin.py:137} INFO - [2023-01-12T07:50:15.259-0500] {dag.py:2676} INFO - Sync 1 DAGs
[2023-01-12T07:50:15.285-0500] {logging_mixin.py:137} INFO - [2023-01-12T07:50:15.284-0500] {dag.py:3423} INFO - Setting next_dagrun for walmart-ml-workflow to 2023-01-12T00:00:00+00:00, run_after=2023-01-13T00:00:00+00:00
[2023-01-12T07:50:15.311-0500] {processor.py:175} INFO - Processing /Users/toyosibamidele/airflow/dags/walmart-ml-workflow.py took 1.025 seconds
[2023-01-12T07:52:19.693-0500] {processor.py:153} INFO - Started process (PID=16116) to work on /Users/toyosibamidele/airflow/dags/walmart-ml-workflow.py
[2023-01-12T07:52:19.699-0500] {processor.py:743} INFO - Processing file /Users/toyosibamidele/airflow/dags/walmart-ml-workflow.py for tasks to queue
[2023-01-12T07:52:19.700-0500] {logging_mixin.py:137} INFO - [2023-01-12T07:52:19.699-0500] {dagbag.py:538} INFO - Filling up the DagBag from /Users/toyosibamidele/airflow/dags/walmart-ml-workflow.py
[2023-01-12T07:52:19.731-0500] {processor.py:753} INFO - DAG(s) dict_keys(['walmart-ml-workflow']) retrieved from /Users/toyosibamidele/airflow/dags/walmart-ml-workflow.py
[2023-01-12T07:52:20.603-0500] {logging_mixin.py:137} INFO - [2023-01-12T07:52:20.603-0500] {dag.py:2676} INFO - Sync 1 DAGs
[2023-01-12T07:52:20.622-0500] {logging_mixin.py:137} INFO - [2023-01-12T07:52:20.621-0500] {dag.py:3423} INFO - Setting next_dagrun for walmart-ml-workflow to 2023-01-12T00:00:00+00:00, run_after=2023-01-13T00:00:00+00:00
[2023-01-12T07:52:20.683-0500] {processor.py:175} INFO - Processing /Users/toyosibamidele/airflow/dags/walmart-ml-workflow.py took 0.991 seconds
[2023-01-12T07:54:11.001-0500] {processor.py:153} INFO - Started process (PID=16152) to work on /Users/toyosibamidele/airflow/dags/walmart-ml-workflow.py
[2023-01-12T07:54:11.008-0500] {processor.py:743} INFO - Processing file /Users/toyosibamidele/airflow/dags/walmart-ml-workflow.py for tasks to queue
[2023-01-12T07:54:11.009-0500] {logging_mixin.py:137} INFO - [2023-01-12T07:54:11.009-0500] {dagbag.py:538} INFO - Filling up the DagBag from /Users/toyosibamidele/airflow/dags/walmart-ml-workflow.py
[2023-01-12T07:54:11.041-0500] {processor.py:753} INFO - DAG(s) dict_keys(['walmart-ml-workflow']) retrieved from /Users/toyosibamidele/airflow/dags/walmart-ml-workflow.py
[2023-01-12T07:54:11.735-0500] {logging_mixin.py:137} INFO - [2023-01-12T07:54:11.735-0500] {dag.py:2676} INFO - Sync 1 DAGs
[2023-01-12T07:54:11.752-0500] {logging_mixin.py:137} INFO - [2023-01-12T07:54:11.752-0500] {dag.py:3423} INFO - Setting next_dagrun for walmart-ml-workflow to 2023-01-12T00:00:00+00:00, run_after=2023-01-13T00:00:00+00:00
[2023-01-12T07:54:11.773-0500] {processor.py:175} INFO - Processing /Users/toyosibamidele/airflow/dags/walmart-ml-workflow.py took 0.772 seconds
[2023-01-12T07:56:06.095-0500] {processor.py:153} INFO - Started process (PID=16189) to work on /Users/toyosibamidele/airflow/dags/walmart-ml-workflow.py
[2023-01-12T07:56:06.102-0500] {processor.py:743} INFO - Processing file /Users/toyosibamidele/airflow/dags/walmart-ml-workflow.py for tasks to queue
[2023-01-12T07:56:06.102-0500] {logging_mixin.py:137} INFO - [2023-01-12T07:56:06.102-0500] {dagbag.py:538} INFO - Filling up the DagBag from /Users/toyosibamidele/airflow/dags/walmart-ml-workflow.py
[2023-01-12T07:56:06.141-0500] {processor.py:753} INFO - DAG(s) dict_keys(['walmart-ml-workflow']) retrieved from /Users/toyosibamidele/airflow/dags/walmart-ml-workflow.py
[2023-01-12T07:56:06.823-0500] {logging_mixin.py:137} INFO - [2023-01-12T07:56:06.823-0500] {dag.py:2676} INFO - Sync 1 DAGs
[2023-01-12T07:56:06.840-0500] {logging_mixin.py:137} INFO - [2023-01-12T07:56:06.840-0500] {dag.py:3423} INFO - Setting next_dagrun for walmart-ml-workflow to 2023-01-12T00:00:00+00:00, run_after=2023-01-13T00:00:00+00:00
[2023-01-12T07:56:06.860-0500] {processor.py:175} INFO - Processing /Users/toyosibamidele/airflow/dags/walmart-ml-workflow.py took 0.766 seconds
[2023-01-12T07:58:12.962-0500] {processor.py:153} INFO - Started process (PID=16354) to work on /Users/toyosibamidele/airflow/dags/walmart-ml-workflow.py
[2023-01-12T07:58:12.970-0500] {processor.py:743} INFO - Processing file /Users/toyosibamidele/airflow/dags/walmart-ml-workflow.py for tasks to queue
[2023-01-12T07:58:12.971-0500] {logging_mixin.py:137} INFO - [2023-01-12T07:58:12.971-0500] {dagbag.py:538} INFO - Filling up the DagBag from /Users/toyosibamidele/airflow/dags/walmart-ml-workflow.py
[2023-01-12T07:58:13.013-0500] {processor.py:753} INFO - DAG(s) dict_keys(['walmart-ml-workflow']) retrieved from /Users/toyosibamidele/airflow/dags/walmart-ml-workflow.py
[2023-01-12T07:58:13.917-0500] {logging_mixin.py:137} INFO - [2023-01-12T07:58:13.916-0500] {dag.py:2676} INFO - Sync 1 DAGs
[2023-01-12T07:58:13.937-0500] {logging_mixin.py:137} INFO - [2023-01-12T07:58:13.937-0500] {dag.py:3423} INFO - Setting next_dagrun for walmart-ml-workflow to 2023-01-12T00:00:00+00:00, run_after=2023-01-13T00:00:00+00:00
[2023-01-12T07:58:13.964-0500] {processor.py:175} INFO - Processing /Users/toyosibamidele/airflow/dags/walmart-ml-workflow.py took 1.003 seconds
[2023-01-12T08:00:05.002-0500] {processor.py:153} INFO - Started process (PID=16447) to work on /Users/toyosibamidele/airflow/dags/walmart-ml-workflow.py
[2023-01-12T08:00:05.011-0500] {processor.py:743} INFO - Processing file /Users/toyosibamidele/airflow/dags/walmart-ml-workflow.py for tasks to queue
[2023-01-12T08:00:05.012-0500] {logging_mixin.py:137} INFO - [2023-01-12T08:00:05.012-0500] {dagbag.py:538} INFO - Filling up the DagBag from /Users/toyosibamidele/airflow/dags/walmart-ml-workflow.py
[2023-01-12T08:00:05.060-0500] {processor.py:753} INFO - DAG(s) dict_keys(['walmart-ml-workflow']) retrieved from /Users/toyosibamidele/airflow/dags/walmart-ml-workflow.py
[2023-01-12T08:00:05.935-0500] {logging_mixin.py:137} INFO - [2023-01-12T08:00:05.935-0500] {dag.py:2676} INFO - Sync 1 DAGs
[2023-01-12T08:00:05.955-0500] {logging_mixin.py:137} INFO - [2023-01-12T08:00:05.955-0500] {dag.py:3423} INFO - Setting next_dagrun for walmart-ml-workflow to 2023-01-12T00:00:00+00:00, run_after=2023-01-13T00:00:00+00:00
[2023-01-12T08:00:05.982-0500] {processor.py:175} INFO - Processing /Users/toyosibamidele/airflow/dags/walmart-ml-workflow.py took 0.981 seconds
[2023-01-12T08:02:58.310-0500] {processor.py:153} INFO - Started process (PID=16518) to work on /Users/toyosibamidele/airflow/dags/walmart-ml-workflow.py
[2023-01-12T08:02:58.320-0500] {processor.py:743} INFO - Processing file /Users/toyosibamidele/airflow/dags/walmart-ml-workflow.py for tasks to queue
[2023-01-12T08:02:58.321-0500] {logging_mixin.py:137} INFO - [2023-01-12T08:02:58.321-0500] {dagbag.py:538} INFO - Filling up the DagBag from /Users/toyosibamidele/airflow/dags/walmart-ml-workflow.py
[2023-01-12T08:02:58.375-0500] {processor.py:753} INFO - DAG(s) dict_keys(['walmart-ml-workflow']) retrieved from /Users/toyosibamidele/airflow/dags/walmart-ml-workflow.py
[2023-01-12T08:02:59.510-0500] {logging_mixin.py:137} INFO - [2023-01-12T08:02:59.509-0500] {dag.py:2676} INFO - Sync 1 DAGs
[2023-01-12T08:02:59.539-0500] {logging_mixin.py:137} INFO - [2023-01-12T08:02:59.539-0500] {dag.py:3423} INFO - Setting next_dagrun for walmart-ml-workflow to 2023-01-12T00:00:00+00:00, run_after=2023-01-13T00:00:00+00:00
[2023-01-12T08:02:59.574-0500] {processor.py:175} INFO - Processing /Users/toyosibamidele/airflow/dags/walmart-ml-workflow.py took 1.265 seconds
[2023-01-12T08:06:54.739-0500] {processor.py:153} INFO - Started process (PID=16621) to work on /Users/toyosibamidele/airflow/dags/walmart-ml-workflow.py
[2023-01-12T08:06:54.753-0500] {processor.py:743} INFO - Processing file /Users/toyosibamidele/airflow/dags/walmart-ml-workflow.py for tasks to queue
[2023-01-12T08:06:54.754-0500] {logging_mixin.py:137} INFO - [2023-01-12T08:06:54.754-0500] {dagbag.py:538} INFO - Filling up the DagBag from /Users/toyosibamidele/airflow/dags/walmart-ml-workflow.py
[2023-01-12T08:06:54.899-0500] {processor.py:753} INFO - DAG(s) dict_keys(['walmart-ml-workflow']) retrieved from /Users/toyosibamidele/airflow/dags/walmart-ml-workflow.py
[2023-01-12T08:06:57.511-0500] {logging_mixin.py:137} INFO - [2023-01-12T08:06:57.511-0500] {dag.py:2676} INFO - Sync 1 DAGs
[2023-01-12T08:06:57.563-0500] {logging_mixin.py:137} INFO - [2023-01-12T08:06:57.561-0500] {dag.py:3423} INFO - Setting next_dagrun for walmart-ml-workflow to 2023-01-12T00:00:00+00:00, run_after=2023-01-13T00:00:00+00:00
[2023-01-12T08:06:57.660-0500] {processor.py:175} INFO - Processing /Users/toyosibamidele/airflow/dags/walmart-ml-workflow.py took 2.922 seconds
[2023-01-12T08:11:26.429-0500] {processor.py:153} INFO - Started process (PID=16779) to work on /Users/toyosibamidele/airflow/dags/walmart-ml-workflow.py
[2023-01-12T08:11:26.439-0500] {processor.py:743} INFO - Processing file /Users/toyosibamidele/airflow/dags/walmart-ml-workflow.py for tasks to queue
[2023-01-12T08:11:26.440-0500] {logging_mixin.py:137} INFO - [2023-01-12T08:11:26.440-0500] {dagbag.py:538} INFO - Filling up the DagBag from /Users/toyosibamidele/airflow/dags/walmart-ml-workflow.py
[2023-01-12T08:11:26.493-0500] {processor.py:753} INFO - DAG(s) dict_keys(['walmart-ml-workflow']) retrieved from /Users/toyosibamidele/airflow/dags/walmart-ml-workflow.py
[2023-01-12T08:11:27.741-0500] {logging_mixin.py:137} INFO - [2023-01-12T08:11:27.741-0500] {dag.py:2676} INFO - Sync 1 DAGs
[2023-01-12T08:11:27.771-0500] {logging_mixin.py:137} INFO - [2023-01-12T08:11:27.771-0500] {dag.py:3423} INFO - Setting next_dagrun for walmart-ml-workflow to 2023-01-12T00:00:00+00:00, run_after=2023-01-13T00:00:00+00:00
[2023-01-12T08:11:27.806-0500] {processor.py:175} INFO - Processing /Users/toyosibamidele/airflow/dags/walmart-ml-workflow.py took 1.378 seconds
[2023-01-12T08:22:02.919-0500] {processor.py:153} INFO - Started process (PID=17321) to work on /Users/toyosibamidele/airflow/dags/walmart-ml-workflow.py
[2023-01-12T08:22:02.929-0500] {processor.py:743} INFO - Processing file /Users/toyosibamidele/airflow/dags/walmart-ml-workflow.py for tasks to queue
[2023-01-12T08:22:02.930-0500] {logging_mixin.py:137} INFO - [2023-01-12T08:22:02.930-0500] {dagbag.py:538} INFO - Filling up the DagBag from /Users/toyosibamidele/airflow/dags/walmart-ml-workflow.py
[2023-01-12T08:22:02.994-0500] {processor.py:753} INFO - DAG(s) dict_keys(['walmart-ml-workflow']) retrieved from /Users/toyosibamidele/airflow/dags/walmart-ml-workflow.py
[2023-01-12T08:22:04.040-0500] {logging_mixin.py:137} INFO - [2023-01-12T08:22:04.039-0500] {dag.py:2676} INFO - Sync 1 DAGs
[2023-01-12T08:22:04.069-0500] {logging_mixin.py:137} INFO - [2023-01-12T08:22:04.069-0500] {dag.py:3423} INFO - Setting next_dagrun for walmart-ml-workflow to 2023-01-12T00:00:00+00:00, run_after=2023-01-13T00:00:00+00:00
[2023-01-12T08:22:04.102-0500] {processor.py:175} INFO - Processing /Users/toyosibamidele/airflow/dags/walmart-ml-workflow.py took 1.184 seconds
[2023-01-12T08:30:18.769-0500] {processor.py:153} INFO - Started process (PID=17555) to work on /Users/toyosibamidele/airflow/dags/walmart-ml-workflow.py
[2023-01-12T08:30:18.780-0500] {processor.py:743} INFO - Processing file /Users/toyosibamidele/airflow/dags/walmart-ml-workflow.py for tasks to queue
[2023-01-12T08:30:18.780-0500] {logging_mixin.py:137} INFO - [2023-01-12T08:30:18.780-0500] {dagbag.py:538} INFO - Filling up the DagBag from /Users/toyosibamidele/airflow/dags/walmart-ml-workflow.py
[2023-01-12T08:30:18.941-0500] {processor.py:753} INFO - DAG(s) dict_keys(['walmart-ml-workflow']) retrieved from /Users/toyosibamidele/airflow/dags/walmart-ml-workflow.py
[2023-01-12T08:30:22.339-0500] {logging_mixin.py:137} INFO - [2023-01-12T08:30:22.338-0500] {dag.py:2676} INFO - Sync 1 DAGs
[2023-01-12T08:30:22.368-0500] {logging_mixin.py:137} INFO - [2023-01-12T08:30:22.368-0500] {dag.py:3423} INFO - Setting next_dagrun for walmart-ml-workflow to 2023-01-12T00:00:00+00:00, run_after=2023-01-13T00:00:00+00:00
[2023-01-12T08:30:22.412-0500] {processor.py:175} INFO - Processing /Users/toyosibamidele/airflow/dags/walmart-ml-workflow.py took 3.644 seconds
