[2023-01-11T19:18:37.416-0500] {taskinstance.py:1087} INFO - Dependencies all met for <TaskInstance: walmart-ml-workflow.get_store_data scheduled__2023-01-11T00:00:00+00:00 [queued]>
[2023-01-11T19:18:37.515-0500] {taskinstance.py:1087} INFO - Dependencies all met for <TaskInstance: walmart-ml-workflow.get_store_data scheduled__2023-01-11T00:00:00+00:00 [queued]>
[2023-01-11T19:18:37.516-0500] {taskinstance.py:1283} INFO - 
--------------------------------------------------------------------------------
[2023-01-11T19:18:37.517-0500] {taskinstance.py:1284} INFO - Starting attempt 1 of 2
[2023-01-11T19:18:37.518-0500] {taskinstance.py:1285} INFO - 
--------------------------------------------------------------------------------
[2023-01-11T19:18:37.605-0500] {taskinstance.py:1304} INFO - Executing <Task(BashOperator): get_store_data> on 2023-01-11 00:00:00+00:00
[2023-01-11T19:18:37.620-0500] {standard_task_runner.py:55} INFO - Started process 13599 to run task
[2023-01-11T19:18:37.672-0500] {standard_task_runner.py:82} INFO - Running: ['airflow', 'tasks', 'run', 'walmart-ml-workflow', 'get_store_data', 'scheduled__2023-01-11T00:00:00+00:00', '--job-id', '27', '--raw', '--subdir', 'DAGS_FOLDER/walmart-ml-workflow.py', '--cfg-path', '/var/folders/lc/0q_5vmf5385c78mr7v2ntch00000gn/T/tmppe1gcv6l']
[2023-01-11T19:18:37.697-0500] {standard_task_runner.py:83} INFO - Job 27: Subtask get_store_data
[2023-01-11T19:18:38.145-0500] {task_command.py:389} INFO - Running <TaskInstance: walmart-ml-workflow.get_store_data scheduled__2023-01-11T00:00:00+00:00 [running]> on host Toyosis-MacBook-Pro.local
[2023-01-11T19:18:39.265-0500] {taskinstance.py:1511} INFO - Exporting the following env vars:
AIRFLOW_CTX_DAG_EMAIL=toyosibamidele@gmail.com
AIRFLOW_CTX_DAG_OWNER=Toyosi Bami
AIRFLOW_CTX_DAG_ID=walmart-ml-workflow
AIRFLOW_CTX_TASK_ID=get_store_data
AIRFLOW_CTX_EXECUTION_DATE=2023-01-11T00:00:00+00:00
AIRFLOW_CTX_TRY_NUMBER=1
AIRFLOW_CTX_DAG_RUN_ID=scheduled__2023-01-11T00:00:00+00:00
[2023-01-11T19:18:39.280-0500] {subprocess.py:63} INFO - Tmp dir root location: 
 /var/folders/lc/0q_5vmf5385c78mr7v2ntch00000gn/T
[2023-01-11T19:18:39.294-0500] {subprocess.py:75} INFO - Running command: ['/bin/bash', '-c', 'python3 ~/airflow/scripts/get_store_data.py']
[2023-01-11T19:18:39.455-0500] {subprocess.py:86} INFO - Output:
[2023-01-11T19:19:06.786-0500] {subprocess.py:93} INFO - Traceback (most recent call last):
[2023-01-11T19:19:06.794-0500] {subprocess.py:93} INFO -   File "/Users/toyosibamidele/airflow/scripts/get_store_data.py", line 7, in <module>
[2023-01-11T19:19:06.802-0500] {subprocess.py:93} INFO -     data = pd.read_csv('/Users/toyosibamidele/Desktop/FourthBrainMLELocal/FourthBrainMLE/assignments/week-04-data-eng-airflow/dat/train_comb.csv')
[2023-01-11T19:19:06.809-0500] {subprocess.py:93} INFO -   File "/Library/Frameworks/Python.framework/Versions/3.9/lib/python3.9/site-packages/pandas/util/_decorators.py", line 211, in wrapper
[2023-01-11T19:19:06.816-0500] {subprocess.py:93} INFO -     return func(*args, **kwargs)
[2023-01-11T19:19:06.823-0500] {subprocess.py:93} INFO -   File "/Library/Frameworks/Python.framework/Versions/3.9/lib/python3.9/site-packages/pandas/util/_decorators.py", line 331, in wrapper
[2023-01-11T19:19:06.829-0500] {subprocess.py:93} INFO -     return func(*args, **kwargs)
[2023-01-11T19:19:06.834-0500] {subprocess.py:93} INFO -   File "/Library/Frameworks/Python.framework/Versions/3.9/lib/python3.9/site-packages/pandas/io/parsers/readers.py", line 950, in read_csv
[2023-01-11T19:19:06.840-0500] {subprocess.py:93} INFO -     return _read(filepath_or_buffer, kwds)
[2023-01-11T19:19:06.846-0500] {subprocess.py:93} INFO -   File "/Library/Frameworks/Python.framework/Versions/3.9/lib/python3.9/site-packages/pandas/io/parsers/readers.py", line 605, in _read
[2023-01-11T19:19:06.852-0500] {subprocess.py:93} INFO -     parser = TextFileReader(filepath_or_buffer, **kwds)
[2023-01-11T19:19:06.858-0500] {subprocess.py:93} INFO -   File "/Library/Frameworks/Python.framework/Versions/3.9/lib/python3.9/site-packages/pandas/io/parsers/readers.py", line 1442, in __init__
[2023-01-11T19:19:06.863-0500] {subprocess.py:93} INFO -     self._engine = self._make_engine(f, self.engine)
[2023-01-11T19:19:06.870-0500] {subprocess.py:93} INFO -   File "/Library/Frameworks/Python.framework/Versions/3.9/lib/python3.9/site-packages/pandas/io/parsers/readers.py", line 1735, in _make_engine
[2023-01-11T19:19:06.875-0500] {subprocess.py:93} INFO -     self.handles = get_handle(
[2023-01-11T19:19:06.881-0500] {subprocess.py:93} INFO -   File "/Library/Frameworks/Python.framework/Versions/3.9/lib/python3.9/site-packages/pandas/io/common.py", line 856, in get_handle
[2023-01-11T19:19:06.887-0500] {subprocess.py:93} INFO -     handle = open(
[2023-01-11T19:19:06.892-0500] {subprocess.py:93} INFO - FileNotFoundError: [Errno 2] No such file or directory: '/Users/toyosibamidele/Desktop/FourthBrainMLELocal/FourthBrainMLE/assignments/week-04-data-eng-airflow/dat/train_comb.csv'
[2023-01-11T19:19:07.112-0500] {subprocess.py:97} INFO - Command exited with return code 1
[2023-01-11T19:19:07.174-0500] {taskinstance.py:1772} ERROR - Task failed with exception
Traceback (most recent call last):
  File "/Library/Frameworks/Python.framework/Versions/3.9/lib/python3.9/site-packages/airflow/operators/bash.py", line 196, in execute
    raise AirflowException(
airflow.exceptions.AirflowException: Bash command failed. The command returned a non-zero exit code 1.
[2023-01-11T19:19:07.212-0500] {taskinstance.py:1322} INFO - Marking task as UP_FOR_RETRY. dag_id=walmart-ml-workflow, task_id=get_store_data, execution_date=20230111T000000, start_date=20230112T001837, end_date=20230112T001907
[2023-01-11T19:19:07.284-0500] {standard_task_runner.py:100} ERROR - Failed to execute job 27 for task get_store_data (Bash command failed. The command returned a non-zero exit code 1.; 13599)
[2023-01-11T19:19:07.387-0500] {local_task_job.py:159} INFO - Task exited with return code 1
[2023-01-11T19:19:09.964-0500] {taskinstance.py:2582} INFO - 0 downstream tasks scheduled from follow-on schedule check
