[2023-01-10T20:13:10.710-0500] {processor.py:153} INFO - Started process (PID=2613) to work on /Library/Frameworks/Python.framework/Versions/3.9/lib/python3.9/site-packages/airflow/example_dags/example_branch_operator_decorator.py
[2023-01-10T20:13:10.722-0500] {processor.py:743} INFO - Processing file /Library/Frameworks/Python.framework/Versions/3.9/lib/python3.9/site-packages/airflow/example_dags/example_branch_operator_decorator.py for tasks to queue
[2023-01-10T20:13:10.723-0500] {logging_mixin.py:137} INFO - [2023-01-10T20:13:10.723-0500] {dagbag.py:538} INFO - Filling up the DagBag from /Library/Frameworks/Python.framework/Versions/3.9/lib/python3.9/site-packages/airflow/example_dags/example_branch_operator_decorator.py
[2023-01-10T20:13:11.164-0500] {processor.py:753} INFO - DAG(s) dict_keys(['example_branch_python_operator_decorator']) retrieved from /Library/Frameworks/Python.framework/Versions/3.9/lib/python3.9/site-packages/airflow/example_dags/example_branch_operator_decorator.py
[2023-01-10T20:13:13.001-0500] {logging_mixin.py:137} INFO - [2023-01-10T20:13:13.001-0500] {dag.py:2676} INFO - Sync 1 DAGs
[2023-01-10T20:13:13.041-0500] {logging_mixin.py:137} INFO - [2023-01-10T20:13:13.041-0500] {dag.py:3423} INFO - Setting next_dagrun for example_branch_python_operator_decorator to 2023-01-10T00:00:00+00:00, run_after=2023-01-11T00:00:00+00:00
[2023-01-10T20:13:13.074-0500] {processor.py:175} INFO - Processing /Library/Frameworks/Python.framework/Versions/3.9/lib/python3.9/site-packages/airflow/example_dags/example_branch_operator_decorator.py took 2.365 seconds
[2023-01-10T20:17:46.733-0500] {processor.py:153} INFO - Started process (PID=2862) to work on /Library/Frameworks/Python.framework/Versions/3.9/lib/python3.9/site-packages/airflow/example_dags/example_branch_operator_decorator.py
[2023-01-10T20:17:46.739-0500] {processor.py:743} INFO - Processing file /Library/Frameworks/Python.framework/Versions/3.9/lib/python3.9/site-packages/airflow/example_dags/example_branch_operator_decorator.py for tasks to queue
[2023-01-10T20:17:46.740-0500] {logging_mixin.py:137} INFO - [2023-01-10T20:17:46.740-0500] {dagbag.py:538} INFO - Filling up the DagBag from /Library/Frameworks/Python.framework/Versions/3.9/lib/python3.9/site-packages/airflow/example_dags/example_branch_operator_decorator.py
[2023-01-10T20:17:46.816-0500] {processor.py:753} INFO - DAG(s) dict_keys(['example_branch_python_operator_decorator']) retrieved from /Library/Frameworks/Python.framework/Versions/3.9/lib/python3.9/site-packages/airflow/example_dags/example_branch_operator_decorator.py
[2023-01-10T20:17:47.549-0500] {logging_mixin.py:137} INFO - [2023-01-10T20:17:47.549-0500] {dag.py:2676} INFO - Sync 1 DAGs
[2023-01-10T20:17:47.570-0500] {logging_mixin.py:137} INFO - [2023-01-10T20:17:47.569-0500] {dag.py:3423} INFO - Setting next_dagrun for example_branch_python_operator_decorator to 2023-01-10T00:00:00+00:00, run_after=2023-01-11T00:00:00+00:00
[2023-01-10T20:17:47.592-0500] {processor.py:175} INFO - Processing /Library/Frameworks/Python.framework/Versions/3.9/lib/python3.9/site-packages/airflow/example_dags/example_branch_operator_decorator.py took 0.859 seconds
[2023-01-10T20:20:28.112-0500] {processor.py:153} INFO - Started process (PID=2943) to work on /Library/Frameworks/Python.framework/Versions/3.9/lib/python3.9/site-packages/airflow/example_dags/example_branch_operator_decorator.py
[2023-01-10T20:20:28.117-0500] {processor.py:743} INFO - Processing file /Library/Frameworks/Python.framework/Versions/3.9/lib/python3.9/site-packages/airflow/example_dags/example_branch_operator_decorator.py for tasks to queue
[2023-01-10T20:20:28.118-0500] {logging_mixin.py:137} INFO - [2023-01-10T20:20:28.118-0500] {dagbag.py:538} INFO - Filling up the DagBag from /Library/Frameworks/Python.framework/Versions/3.9/lib/python3.9/site-packages/airflow/example_dags/example_branch_operator_decorator.py
[2023-01-10T20:20:28.197-0500] {processor.py:753} INFO - DAG(s) dict_keys(['example_branch_python_operator_decorator']) retrieved from /Library/Frameworks/Python.framework/Versions/3.9/lib/python3.9/site-packages/airflow/example_dags/example_branch_operator_decorator.py
[2023-01-10T20:20:28.936-0500] {logging_mixin.py:137} INFO - [2023-01-10T20:20:28.935-0500] {dag.py:2676} INFO - Sync 1 DAGs
[2023-01-10T20:20:28.954-0500] {logging_mixin.py:137} INFO - [2023-01-10T20:20:28.954-0500] {dag.py:3423} INFO - Setting next_dagrun for example_branch_python_operator_decorator to 2023-01-10T00:00:00+00:00, run_after=2023-01-11T00:00:00+00:00
[2023-01-10T20:20:28.971-0500] {processor.py:175} INFO - Processing /Library/Frameworks/Python.framework/Versions/3.9/lib/python3.9/site-packages/airflow/example_dags/example_branch_operator_decorator.py took 0.860 seconds
[2023-01-10T20:23:13.136-0500] {processor.py:153} INFO - Started process (PID=3030) to work on /Library/Frameworks/Python.framework/Versions/3.9/lib/python3.9/site-packages/airflow/example_dags/example_branch_operator_decorator.py
[2023-01-10T20:23:13.142-0500] {processor.py:743} INFO - Processing file /Library/Frameworks/Python.framework/Versions/3.9/lib/python3.9/site-packages/airflow/example_dags/example_branch_operator_decorator.py for tasks to queue
[2023-01-10T20:23:13.142-0500] {logging_mixin.py:137} INFO - [2023-01-10T20:23:13.142-0500] {dagbag.py:538} INFO - Filling up the DagBag from /Library/Frameworks/Python.framework/Versions/3.9/lib/python3.9/site-packages/airflow/example_dags/example_branch_operator_decorator.py
[2023-01-10T20:23:13.219-0500] {processor.py:753} INFO - DAG(s) dict_keys(['example_branch_python_operator_decorator']) retrieved from /Library/Frameworks/Python.framework/Versions/3.9/lib/python3.9/site-packages/airflow/example_dags/example_branch_operator_decorator.py
[2023-01-10T20:23:13.984-0500] {logging_mixin.py:137} INFO - [2023-01-10T20:23:13.983-0500] {dag.py:2676} INFO - Sync 1 DAGs
[2023-01-10T20:23:14.004-0500] {logging_mixin.py:137} INFO - [2023-01-10T20:23:14.004-0500] {dag.py:3423} INFO - Setting next_dagrun for example_branch_python_operator_decorator to 2023-01-10T00:00:00+00:00, run_after=2023-01-11T00:00:00+00:00
[2023-01-10T20:23:14.024-0500] {processor.py:175} INFO - Processing /Library/Frameworks/Python.framework/Versions/3.9/lib/python3.9/site-packages/airflow/example_dags/example_branch_operator_decorator.py took 0.889 seconds
[2023-01-10T20:25:46.859-0500] {processor.py:153} INFO - Started process (PID=3174) to work on /Library/Frameworks/Python.framework/Versions/3.9/lib/python3.9/site-packages/airflow/example_dags/example_branch_operator_decorator.py
[2023-01-10T20:25:46.864-0500] {processor.py:743} INFO - Processing file /Library/Frameworks/Python.framework/Versions/3.9/lib/python3.9/site-packages/airflow/example_dags/example_branch_operator_decorator.py for tasks to queue
[2023-01-10T20:25:46.865-0500] {logging_mixin.py:137} INFO - [2023-01-10T20:25:46.865-0500] {dagbag.py:538} INFO - Filling up the DagBag from /Library/Frameworks/Python.framework/Versions/3.9/lib/python3.9/site-packages/airflow/example_dags/example_branch_operator_decorator.py
[2023-01-10T20:25:46.939-0500] {processor.py:753} INFO - DAG(s) dict_keys(['example_branch_python_operator_decorator']) retrieved from /Library/Frameworks/Python.framework/Versions/3.9/lib/python3.9/site-packages/airflow/example_dags/example_branch_operator_decorator.py
[2023-01-10T20:25:47.662-0500] {logging_mixin.py:137} INFO - [2023-01-10T20:25:47.662-0500] {dag.py:2676} INFO - Sync 1 DAGs
[2023-01-10T20:25:47.684-0500] {logging_mixin.py:137} INFO - [2023-01-10T20:25:47.683-0500] {dag.py:3423} INFO - Setting next_dagrun for example_branch_python_operator_decorator to 2023-01-10T00:00:00+00:00, run_after=2023-01-11T00:00:00+00:00
[2023-01-10T20:25:47.701-0500] {processor.py:175} INFO - Processing /Library/Frameworks/Python.framework/Versions/3.9/lib/python3.9/site-packages/airflow/example_dags/example_branch_operator_decorator.py took 0.843 seconds
[2023-01-10T20:28:30.207-0500] {processor.py:153} INFO - Started process (PID=3318) to work on /Library/Frameworks/Python.framework/Versions/3.9/lib/python3.9/site-packages/airflow/example_dags/example_branch_operator_decorator.py
[2023-01-10T20:28:30.212-0500] {processor.py:743} INFO - Processing file /Library/Frameworks/Python.framework/Versions/3.9/lib/python3.9/site-packages/airflow/example_dags/example_branch_operator_decorator.py for tasks to queue
[2023-01-10T20:28:30.213-0500] {logging_mixin.py:137} INFO - [2023-01-10T20:28:30.213-0500] {dagbag.py:538} INFO - Filling up the DagBag from /Library/Frameworks/Python.framework/Versions/3.9/lib/python3.9/site-packages/airflow/example_dags/example_branch_operator_decorator.py
[2023-01-10T20:28:30.288-0500] {processor.py:753} INFO - DAG(s) dict_keys(['example_branch_python_operator_decorator']) retrieved from /Library/Frameworks/Python.framework/Versions/3.9/lib/python3.9/site-packages/airflow/example_dags/example_branch_operator_decorator.py
[2023-01-10T20:28:30.987-0500] {logging_mixin.py:137} INFO - [2023-01-10T20:28:30.987-0500] {dag.py:2676} INFO - Sync 1 DAGs
[2023-01-10T20:28:31.004-0500] {logging_mixin.py:137} INFO - [2023-01-10T20:28:31.004-0500] {dag.py:3423} INFO - Setting next_dagrun for example_branch_python_operator_decorator to 2023-01-10T00:00:00+00:00, run_after=2023-01-11T00:00:00+00:00
[2023-01-10T20:28:31.031-0500] {processor.py:175} INFO - Processing /Library/Frameworks/Python.framework/Versions/3.9/lib/python3.9/site-packages/airflow/example_dags/example_branch_operator_decorator.py took 0.825 seconds
[2023-01-10T20:31:10.355-0500] {processor.py:153} INFO - Started process (PID=3388) to work on /Library/Frameworks/Python.framework/Versions/3.9/lib/python3.9/site-packages/airflow/example_dags/example_branch_operator_decorator.py
[2023-01-10T20:31:10.360-0500] {processor.py:743} INFO - Processing file /Library/Frameworks/Python.framework/Versions/3.9/lib/python3.9/site-packages/airflow/example_dags/example_branch_operator_decorator.py for tasks to queue
[2023-01-10T20:31:10.361-0500] {logging_mixin.py:137} INFO - [2023-01-10T20:31:10.361-0500] {dagbag.py:538} INFO - Filling up the DagBag from /Library/Frameworks/Python.framework/Versions/3.9/lib/python3.9/site-packages/airflow/example_dags/example_branch_operator_decorator.py
[2023-01-10T20:31:10.437-0500] {processor.py:753} INFO - DAG(s) dict_keys(['example_branch_python_operator_decorator']) retrieved from /Library/Frameworks/Python.framework/Versions/3.9/lib/python3.9/site-packages/airflow/example_dags/example_branch_operator_decorator.py
[2023-01-10T20:31:11.171-0500] {logging_mixin.py:137} INFO - [2023-01-10T20:31:11.171-0500] {dag.py:2676} INFO - Sync 1 DAGs
[2023-01-10T20:31:11.188-0500] {logging_mixin.py:137} INFO - [2023-01-10T20:31:11.188-0500] {dag.py:3423} INFO - Setting next_dagrun for example_branch_python_operator_decorator to 2023-01-10T00:00:00+00:00, run_after=2023-01-11T00:00:00+00:00
[2023-01-10T20:31:11.205-0500] {processor.py:175} INFO - Processing /Library/Frameworks/Python.framework/Versions/3.9/lib/python3.9/site-packages/airflow/example_dags/example_branch_operator_decorator.py took 0.850 seconds
[2023-01-10T20:34:20.595-0500] {processor.py:153} INFO - Started process (PID=3626) to work on /Library/Frameworks/Python.framework/Versions/3.9/lib/python3.9/site-packages/airflow/example_dags/example_branch_operator_decorator.py
[2023-01-10T20:34:20.600-0500] {processor.py:743} INFO - Processing file /Library/Frameworks/Python.framework/Versions/3.9/lib/python3.9/site-packages/airflow/example_dags/example_branch_operator_decorator.py for tasks to queue
[2023-01-10T20:34:20.600-0500] {logging_mixin.py:137} INFO - [2023-01-10T20:34:20.600-0500] {dagbag.py:538} INFO - Filling up the DagBag from /Library/Frameworks/Python.framework/Versions/3.9/lib/python3.9/site-packages/airflow/example_dags/example_branch_operator_decorator.py
[2023-01-10T20:34:20.654-0500] {processor.py:753} INFO - DAG(s) dict_keys(['example_branch_python_operator_decorator']) retrieved from /Library/Frameworks/Python.framework/Versions/3.9/lib/python3.9/site-packages/airflow/example_dags/example_branch_operator_decorator.py
[2023-01-10T20:34:21.272-0500] {logging_mixin.py:137} INFO - [2023-01-10T20:34:21.271-0500] {dag.py:2676} INFO - Sync 1 DAGs
[2023-01-10T20:34:21.289-0500] {logging_mixin.py:137} INFO - [2023-01-10T20:34:21.289-0500] {dag.py:3423} INFO - Setting next_dagrun for example_branch_python_operator_decorator to 2023-01-10T00:00:00+00:00, run_after=2023-01-11T00:00:00+00:00
[2023-01-10T20:34:21.306-0500] {processor.py:175} INFO - Processing /Library/Frameworks/Python.framework/Versions/3.9/lib/python3.9/site-packages/airflow/example_dags/example_branch_operator_decorator.py took 0.712 seconds
[2023-01-10T20:37:42.434-0500] {processor.py:153} INFO - Started process (PID=3833) to work on /Library/Frameworks/Python.framework/Versions/3.9/lib/python3.9/site-packages/airflow/example_dags/example_branch_operator_decorator.py
[2023-01-10T20:37:42.440-0500] {processor.py:743} INFO - Processing file /Library/Frameworks/Python.framework/Versions/3.9/lib/python3.9/site-packages/airflow/example_dags/example_branch_operator_decorator.py for tasks to queue
[2023-01-10T20:37:42.441-0500] {logging_mixin.py:137} INFO - [2023-01-10T20:37:42.441-0500] {dagbag.py:538} INFO - Filling up the DagBag from /Library/Frameworks/Python.framework/Versions/3.9/lib/python3.9/site-packages/airflow/example_dags/example_branch_operator_decorator.py
[2023-01-10T20:37:42.503-0500] {processor.py:753} INFO - DAG(s) dict_keys(['example_branch_python_operator_decorator']) retrieved from /Library/Frameworks/Python.framework/Versions/3.9/lib/python3.9/site-packages/airflow/example_dags/example_branch_operator_decorator.py
[2023-01-10T20:37:43.218-0500] {logging_mixin.py:137} INFO - [2023-01-10T20:37:43.218-0500] {dag.py:2676} INFO - Sync 1 DAGs
[2023-01-10T20:37:43.238-0500] {logging_mixin.py:137} INFO - [2023-01-10T20:37:43.237-0500] {dag.py:3423} INFO - Setting next_dagrun for example_branch_python_operator_decorator to 2023-01-10T00:00:00+00:00, run_after=2023-01-11T00:00:00+00:00
[2023-01-10T20:37:43.258-0500] {processor.py:175} INFO - Processing /Library/Frameworks/Python.framework/Versions/3.9/lib/python3.9/site-packages/airflow/example_dags/example_branch_operator_decorator.py took 0.825 seconds
[2023-01-10T20:41:17.292-0500] {processor.py:153} INFO - Started process (PID=3957) to work on /Library/Frameworks/Python.framework/Versions/3.9/lib/python3.9/site-packages/airflow/example_dags/example_branch_operator_decorator.py
[2023-01-10T20:41:17.297-0500] {processor.py:743} INFO - Processing file /Library/Frameworks/Python.framework/Versions/3.9/lib/python3.9/site-packages/airflow/example_dags/example_branch_operator_decorator.py for tasks to queue
[2023-01-10T20:41:17.298-0500] {logging_mixin.py:137} INFO - [2023-01-10T20:41:17.298-0500] {dagbag.py:538} INFO - Filling up the DagBag from /Library/Frameworks/Python.framework/Versions/3.9/lib/python3.9/site-packages/airflow/example_dags/example_branch_operator_decorator.py
[2023-01-10T20:41:17.356-0500] {processor.py:753} INFO - DAG(s) dict_keys(['example_branch_python_operator_decorator']) retrieved from /Library/Frameworks/Python.framework/Versions/3.9/lib/python3.9/site-packages/airflow/example_dags/example_branch_operator_decorator.py
[2023-01-10T20:41:18.004-0500] {logging_mixin.py:137} INFO - [2023-01-10T20:41:18.004-0500] {dag.py:2676} INFO - Sync 1 DAGs
[2023-01-10T20:41:18.022-0500] {logging_mixin.py:137} INFO - [2023-01-10T20:41:18.021-0500] {dag.py:3423} INFO - Setting next_dagrun for example_branch_python_operator_decorator to 2023-01-10T00:00:00+00:00, run_after=2023-01-11T00:00:00+00:00
[2023-01-10T20:41:18.040-0500] {processor.py:175} INFO - Processing /Library/Frameworks/Python.framework/Versions/3.9/lib/python3.9/site-packages/airflow/example_dags/example_branch_operator_decorator.py took 0.749 seconds
[2023-01-10T20:44:52.761-0500] {processor.py:153} INFO - Started process (PID=4179) to work on /Library/Frameworks/Python.framework/Versions/3.9/lib/python3.9/site-packages/airflow/example_dags/example_branch_operator_decorator.py
[2023-01-10T20:44:52.767-0500] {processor.py:743} INFO - Processing file /Library/Frameworks/Python.framework/Versions/3.9/lib/python3.9/site-packages/airflow/example_dags/example_branch_operator_decorator.py for tasks to queue
[2023-01-10T20:44:52.768-0500] {logging_mixin.py:137} INFO - [2023-01-10T20:44:52.768-0500] {dagbag.py:538} INFO - Filling up the DagBag from /Library/Frameworks/Python.framework/Versions/3.9/lib/python3.9/site-packages/airflow/example_dags/example_branch_operator_decorator.py
[2023-01-10T20:44:52.818-0500] {processor.py:753} INFO - DAG(s) dict_keys(['example_branch_python_operator_decorator']) retrieved from /Library/Frameworks/Python.framework/Versions/3.9/lib/python3.9/site-packages/airflow/example_dags/example_branch_operator_decorator.py
[2023-01-10T20:44:53.401-0500] {logging_mixin.py:137} INFO - [2023-01-10T20:44:53.401-0500] {dag.py:2676} INFO - Sync 1 DAGs
[2023-01-10T20:44:53.418-0500] {logging_mixin.py:137} INFO - [2023-01-10T20:44:53.418-0500] {dag.py:3423} INFO - Setting next_dagrun for example_branch_python_operator_decorator to 2023-01-10T00:00:00+00:00, run_after=2023-01-11T00:00:00+00:00
[2023-01-10T20:44:53.435-0500] {processor.py:175} INFO - Processing /Library/Frameworks/Python.framework/Versions/3.9/lib/python3.9/site-packages/airflow/example_dags/example_branch_operator_decorator.py took 0.675 seconds
[2023-01-10T20:48:25.629-0500] {processor.py:153} INFO - Started process (PID=4350) to work on /Library/Frameworks/Python.framework/Versions/3.9/lib/python3.9/site-packages/airflow/example_dags/example_branch_operator_decorator.py
[2023-01-10T20:48:25.636-0500] {processor.py:743} INFO - Processing file /Library/Frameworks/Python.framework/Versions/3.9/lib/python3.9/site-packages/airflow/example_dags/example_branch_operator_decorator.py for tasks to queue
[2023-01-10T20:48:25.636-0500] {logging_mixin.py:137} INFO - [2023-01-10T20:48:25.636-0500] {dagbag.py:538} INFO - Filling up the DagBag from /Library/Frameworks/Python.framework/Versions/3.9/lib/python3.9/site-packages/airflow/example_dags/example_branch_operator_decorator.py
[2023-01-10T20:48:25.696-0500] {processor.py:753} INFO - DAG(s) dict_keys(['example_branch_python_operator_decorator']) retrieved from /Library/Frameworks/Python.framework/Versions/3.9/lib/python3.9/site-packages/airflow/example_dags/example_branch_operator_decorator.py
[2023-01-10T20:48:26.319-0500] {logging_mixin.py:137} INFO - [2023-01-10T20:48:26.319-0500] {dag.py:2676} INFO - Sync 1 DAGs
[2023-01-10T20:48:26.337-0500] {logging_mixin.py:137} INFO - [2023-01-10T20:48:26.337-0500] {dag.py:3423} INFO - Setting next_dagrun for example_branch_python_operator_decorator to 2023-01-10T00:00:00+00:00, run_after=2023-01-11T00:00:00+00:00
[2023-01-10T20:48:26.355-0500] {processor.py:175} INFO - Processing /Library/Frameworks/Python.framework/Versions/3.9/lib/python3.9/site-packages/airflow/example_dags/example_branch_operator_decorator.py took 0.726 seconds
[2023-01-10T20:51:44.616-0500] {processor.py:153} INFO - Started process (PID=4438) to work on /Library/Frameworks/Python.framework/Versions/3.9/lib/python3.9/site-packages/airflow/example_dags/example_branch_operator_decorator.py
[2023-01-10T20:51:44.623-0500] {processor.py:743} INFO - Processing file /Library/Frameworks/Python.framework/Versions/3.9/lib/python3.9/site-packages/airflow/example_dags/example_branch_operator_decorator.py for tasks to queue
[2023-01-10T20:51:44.623-0500] {logging_mixin.py:137} INFO - [2023-01-10T20:51:44.623-0500] {dagbag.py:538} INFO - Filling up the DagBag from /Library/Frameworks/Python.framework/Versions/3.9/lib/python3.9/site-packages/airflow/example_dags/example_branch_operator_decorator.py
[2023-01-10T20:51:44.679-0500] {processor.py:753} INFO - DAG(s) dict_keys(['example_branch_python_operator_decorator']) retrieved from /Library/Frameworks/Python.framework/Versions/3.9/lib/python3.9/site-packages/airflow/example_dags/example_branch_operator_decorator.py
[2023-01-10T20:51:45.292-0500] {logging_mixin.py:137} INFO - [2023-01-10T20:51:45.292-0500] {dag.py:2676} INFO - Sync 1 DAGs
[2023-01-10T20:51:45.309-0500] {logging_mixin.py:137} INFO - [2023-01-10T20:51:45.309-0500] {dag.py:3423} INFO - Setting next_dagrun for example_branch_python_operator_decorator to 2023-01-10T00:00:00+00:00, run_after=2023-01-11T00:00:00+00:00
[2023-01-10T20:51:45.328-0500] {processor.py:175} INFO - Processing /Library/Frameworks/Python.framework/Versions/3.9/lib/python3.9/site-packages/airflow/example_dags/example_branch_operator_decorator.py took 0.713 seconds
[2023-01-10T20:55:02.554-0500] {processor.py:153} INFO - Started process (PID=4600) to work on /Library/Frameworks/Python.framework/Versions/3.9/lib/python3.9/site-packages/airflow/example_dags/example_branch_operator_decorator.py
[2023-01-10T20:55:02.560-0500] {processor.py:743} INFO - Processing file /Library/Frameworks/Python.framework/Versions/3.9/lib/python3.9/site-packages/airflow/example_dags/example_branch_operator_decorator.py for tasks to queue
[2023-01-10T20:55:02.560-0500] {logging_mixin.py:137} INFO - [2023-01-10T20:55:02.560-0500] {dagbag.py:538} INFO - Filling up the DagBag from /Library/Frameworks/Python.framework/Versions/3.9/lib/python3.9/site-packages/airflow/example_dags/example_branch_operator_decorator.py
[2023-01-10T20:55:02.616-0500] {processor.py:753} INFO - DAG(s) dict_keys(['example_branch_python_operator_decorator']) retrieved from /Library/Frameworks/Python.framework/Versions/3.9/lib/python3.9/site-packages/airflow/example_dags/example_branch_operator_decorator.py
[2023-01-10T20:55:03.242-0500] {logging_mixin.py:137} INFO - [2023-01-10T20:55:03.241-0500] {dag.py:2676} INFO - Sync 1 DAGs
[2023-01-10T20:55:03.261-0500] {logging_mixin.py:137} INFO - [2023-01-10T20:55:03.261-0500] {dag.py:3423} INFO - Setting next_dagrun for example_branch_python_operator_decorator to 2023-01-10T00:00:00+00:00, run_after=2023-01-11T00:00:00+00:00
[2023-01-10T20:55:03.280-0500] {processor.py:175} INFO - Processing /Library/Frameworks/Python.framework/Versions/3.9/lib/python3.9/site-packages/airflow/example_dags/example_branch_operator_decorator.py took 0.727 seconds
[2023-01-10T20:58:04.388-0500] {processor.py:153} INFO - Started process (PID=4671) to work on /Library/Frameworks/Python.framework/Versions/3.9/lib/python3.9/site-packages/airflow/example_dags/example_branch_operator_decorator.py
[2023-01-10T20:58:04.394-0500] {processor.py:743} INFO - Processing file /Library/Frameworks/Python.framework/Versions/3.9/lib/python3.9/site-packages/airflow/example_dags/example_branch_operator_decorator.py for tasks to queue
[2023-01-10T20:58:04.394-0500] {logging_mixin.py:137} INFO - [2023-01-10T20:58:04.394-0500] {dagbag.py:538} INFO - Filling up the DagBag from /Library/Frameworks/Python.framework/Versions/3.9/lib/python3.9/site-packages/airflow/example_dags/example_branch_operator_decorator.py
[2023-01-10T20:58:04.449-0500] {processor.py:753} INFO - DAG(s) dict_keys(['example_branch_python_operator_decorator']) retrieved from /Library/Frameworks/Python.framework/Versions/3.9/lib/python3.9/site-packages/airflow/example_dags/example_branch_operator_decorator.py
[2023-01-10T20:58:05.048-0500] {logging_mixin.py:137} INFO - [2023-01-10T20:58:05.048-0500] {dag.py:2676} INFO - Sync 1 DAGs
[2023-01-10T20:58:05.066-0500] {logging_mixin.py:137} INFO - [2023-01-10T20:58:05.066-0500] {dag.py:3423} INFO - Setting next_dagrun for example_branch_python_operator_decorator to 2023-01-10T00:00:00+00:00, run_after=2023-01-11T00:00:00+00:00
[2023-01-10T20:58:05.083-0500] {processor.py:175} INFO - Processing /Library/Frameworks/Python.framework/Versions/3.9/lib/python3.9/site-packages/airflow/example_dags/example_branch_operator_decorator.py took 0.695 seconds
[2023-01-10T21:01:31.323-0500] {processor.py:153} INFO - Started process (PID=4764) to work on /Library/Frameworks/Python.framework/Versions/3.9/lib/python3.9/site-packages/airflow/example_dags/example_branch_operator_decorator.py
[2023-01-10T21:01:31.328-0500] {processor.py:743} INFO - Processing file /Library/Frameworks/Python.framework/Versions/3.9/lib/python3.9/site-packages/airflow/example_dags/example_branch_operator_decorator.py for tasks to queue
[2023-01-10T21:01:31.329-0500] {logging_mixin.py:137} INFO - [2023-01-10T21:01:31.329-0500] {dagbag.py:538} INFO - Filling up the DagBag from /Library/Frameworks/Python.framework/Versions/3.9/lib/python3.9/site-packages/airflow/example_dags/example_branch_operator_decorator.py
[2023-01-10T21:01:31.384-0500] {processor.py:753} INFO - DAG(s) dict_keys(['example_branch_python_operator_decorator']) retrieved from /Library/Frameworks/Python.framework/Versions/3.9/lib/python3.9/site-packages/airflow/example_dags/example_branch_operator_decorator.py
[2023-01-10T21:01:32.011-0500] {logging_mixin.py:137} INFO - [2023-01-10T21:01:32.011-0500] {dag.py:2676} INFO - Sync 1 DAGs
[2023-01-10T21:01:32.028-0500] {logging_mixin.py:137} INFO - [2023-01-10T21:01:32.028-0500] {dag.py:3423} INFO - Setting next_dagrun for example_branch_python_operator_decorator to 2023-01-10T00:00:00+00:00, run_after=2023-01-11T00:00:00+00:00
[2023-01-10T21:01:32.048-0500] {processor.py:175} INFO - Processing /Library/Frameworks/Python.framework/Versions/3.9/lib/python3.9/site-packages/airflow/example_dags/example_branch_operator_decorator.py took 0.726 seconds
[2023-01-10T21:04:38.405-0500] {processor.py:153} INFO - Started process (PID=4892) to work on /Library/Frameworks/Python.framework/Versions/3.9/lib/python3.9/site-packages/airflow/example_dags/example_branch_operator_decorator.py
[2023-01-10T21:04:38.410-0500] {processor.py:743} INFO - Processing file /Library/Frameworks/Python.framework/Versions/3.9/lib/python3.9/site-packages/airflow/example_dags/example_branch_operator_decorator.py for tasks to queue
[2023-01-10T21:04:38.411-0500] {logging_mixin.py:137} INFO - [2023-01-10T21:04:38.411-0500] {dagbag.py:538} INFO - Filling up the DagBag from /Library/Frameworks/Python.framework/Versions/3.9/lib/python3.9/site-packages/airflow/example_dags/example_branch_operator_decorator.py
[2023-01-10T21:04:38.463-0500] {processor.py:753} INFO - DAG(s) dict_keys(['example_branch_python_operator_decorator']) retrieved from /Library/Frameworks/Python.framework/Versions/3.9/lib/python3.9/site-packages/airflow/example_dags/example_branch_operator_decorator.py
[2023-01-10T21:04:39.060-0500] {logging_mixin.py:137} INFO - [2023-01-10T21:04:39.060-0500] {dag.py:2676} INFO - Sync 1 DAGs
[2023-01-10T21:04:39.077-0500] {logging_mixin.py:137} INFO - [2023-01-10T21:04:39.077-0500] {dag.py:3423} INFO - Setting next_dagrun for example_branch_python_operator_decorator to 2023-01-10T00:00:00+00:00, run_after=2023-01-11T00:00:00+00:00
[2023-01-10T21:04:39.096-0500] {processor.py:175} INFO - Processing /Library/Frameworks/Python.framework/Versions/3.9/lib/python3.9/site-packages/airflow/example_dags/example_branch_operator_decorator.py took 0.692 seconds
[2023-01-10T21:07:42.002-0500] {processor.py:153} INFO - Started process (PID=5031) to work on /Library/Frameworks/Python.framework/Versions/3.9/lib/python3.9/site-packages/airflow/example_dags/example_branch_operator_decorator.py
[2023-01-10T21:07:42.009-0500] {processor.py:743} INFO - Processing file /Library/Frameworks/Python.framework/Versions/3.9/lib/python3.9/site-packages/airflow/example_dags/example_branch_operator_decorator.py for tasks to queue
[2023-01-10T21:07:42.009-0500] {logging_mixin.py:137} INFO - [2023-01-10T21:07:42.009-0500] {dagbag.py:538} INFO - Filling up the DagBag from /Library/Frameworks/Python.framework/Versions/3.9/lib/python3.9/site-packages/airflow/example_dags/example_branch_operator_decorator.py
[2023-01-10T21:07:42.062-0500] {processor.py:753} INFO - DAG(s) dict_keys(['example_branch_python_operator_decorator']) retrieved from /Library/Frameworks/Python.framework/Versions/3.9/lib/python3.9/site-packages/airflow/example_dags/example_branch_operator_decorator.py
[2023-01-10T21:07:42.696-0500] {logging_mixin.py:137} INFO - [2023-01-10T21:07:42.695-0500] {dag.py:2676} INFO - Sync 1 DAGs
[2023-01-10T21:07:42.713-0500] {logging_mixin.py:137} INFO - [2023-01-10T21:07:42.713-0500] {dag.py:3423} INFO - Setting next_dagrun for example_branch_python_operator_decorator to 2023-01-10T00:00:00+00:00, run_after=2023-01-11T00:00:00+00:00
[2023-01-10T21:07:42.735-0500] {processor.py:175} INFO - Processing /Library/Frameworks/Python.framework/Versions/3.9/lib/python3.9/site-packages/airflow/example_dags/example_branch_operator_decorator.py took 0.733 seconds
[2023-01-10T21:10:52.532-0500] {processor.py:153} INFO - Started process (PID=5131) to work on /Library/Frameworks/Python.framework/Versions/3.9/lib/python3.9/site-packages/airflow/example_dags/example_branch_operator_decorator.py
[2023-01-10T21:10:52.538-0500] {processor.py:743} INFO - Processing file /Library/Frameworks/Python.framework/Versions/3.9/lib/python3.9/site-packages/airflow/example_dags/example_branch_operator_decorator.py for tasks to queue
[2023-01-10T21:10:52.539-0500] {logging_mixin.py:137} INFO - [2023-01-10T21:10:52.539-0500] {dagbag.py:538} INFO - Filling up the DagBag from /Library/Frameworks/Python.framework/Versions/3.9/lib/python3.9/site-packages/airflow/example_dags/example_branch_operator_decorator.py
[2023-01-10T21:10:52.595-0500] {processor.py:753} INFO - DAG(s) dict_keys(['example_branch_python_operator_decorator']) retrieved from /Library/Frameworks/Python.framework/Versions/3.9/lib/python3.9/site-packages/airflow/example_dags/example_branch_operator_decorator.py
[2023-01-10T21:10:53.205-0500] {logging_mixin.py:137} INFO - [2023-01-10T21:10:53.205-0500] {dag.py:2676} INFO - Sync 1 DAGs
[2023-01-10T21:10:53.223-0500] {logging_mixin.py:137} INFO - [2023-01-10T21:10:53.223-0500] {dag.py:3423} INFO - Setting next_dagrun for example_branch_python_operator_decorator to 2023-01-10T00:00:00+00:00, run_after=2023-01-11T00:00:00+00:00
[2023-01-10T21:10:53.241-0500] {processor.py:175} INFO - Processing /Library/Frameworks/Python.framework/Versions/3.9/lib/python3.9/site-packages/airflow/example_dags/example_branch_operator_decorator.py took 0.709 seconds
[2023-01-10T21:13:50.035-0500] {processor.py:153} INFO - Started process (PID=5231) to work on /Library/Frameworks/Python.framework/Versions/3.9/lib/python3.9/site-packages/airflow/example_dags/example_branch_operator_decorator.py
[2023-01-10T21:13:50.040-0500] {processor.py:743} INFO - Processing file /Library/Frameworks/Python.framework/Versions/3.9/lib/python3.9/site-packages/airflow/example_dags/example_branch_operator_decorator.py for tasks to queue
[2023-01-10T21:13:50.040-0500] {logging_mixin.py:137} INFO - [2023-01-10T21:13:50.040-0500] {dagbag.py:538} INFO - Filling up the DagBag from /Library/Frameworks/Python.framework/Versions/3.9/lib/python3.9/site-packages/airflow/example_dags/example_branch_operator_decorator.py
[2023-01-10T21:13:50.092-0500] {processor.py:753} INFO - DAG(s) dict_keys(['example_branch_python_operator_decorator']) retrieved from /Library/Frameworks/Python.framework/Versions/3.9/lib/python3.9/site-packages/airflow/example_dags/example_branch_operator_decorator.py
[2023-01-10T21:13:50.710-0500] {logging_mixin.py:137} INFO - [2023-01-10T21:13:50.710-0500] {dag.py:2676} INFO - Sync 1 DAGs
[2023-01-10T21:13:50.728-0500] {logging_mixin.py:137} INFO - [2023-01-10T21:13:50.728-0500] {dag.py:3423} INFO - Setting next_dagrun for example_branch_python_operator_decorator to 2023-01-10T00:00:00+00:00, run_after=2023-01-11T00:00:00+00:00
[2023-01-10T21:13:50.745-0500] {processor.py:175} INFO - Processing /Library/Frameworks/Python.framework/Versions/3.9/lib/python3.9/site-packages/airflow/example_dags/example_branch_operator_decorator.py took 0.711 seconds
[2023-01-10T21:17:01.784-0500] {processor.py:153} INFO - Started process (PID=5374) to work on /Library/Frameworks/Python.framework/Versions/3.9/lib/python3.9/site-packages/airflow/example_dags/example_branch_operator_decorator.py
[2023-01-10T21:17:01.789-0500] {processor.py:743} INFO - Processing file /Library/Frameworks/Python.framework/Versions/3.9/lib/python3.9/site-packages/airflow/example_dags/example_branch_operator_decorator.py for tasks to queue
[2023-01-10T21:17:01.790-0500] {logging_mixin.py:137} INFO - [2023-01-10T21:17:01.790-0500] {dagbag.py:538} INFO - Filling up the DagBag from /Library/Frameworks/Python.framework/Versions/3.9/lib/python3.9/site-packages/airflow/example_dags/example_branch_operator_decorator.py
[2023-01-10T21:17:01.848-0500] {processor.py:753} INFO - DAG(s) dict_keys(['example_branch_python_operator_decorator']) retrieved from /Library/Frameworks/Python.framework/Versions/3.9/lib/python3.9/site-packages/airflow/example_dags/example_branch_operator_decorator.py
[2023-01-10T21:17:02.493-0500] {logging_mixin.py:137} INFO - [2023-01-10T21:17:02.493-0500] {dag.py:2676} INFO - Sync 1 DAGs
[2023-01-10T21:17:02.513-0500] {logging_mixin.py:137} INFO - [2023-01-10T21:17:02.513-0500] {dag.py:3423} INFO - Setting next_dagrun for example_branch_python_operator_decorator to 2023-01-10T00:00:00+00:00, run_after=2023-01-11T00:00:00+00:00
[2023-01-10T21:17:02.533-0500] {processor.py:175} INFO - Processing /Library/Frameworks/Python.framework/Versions/3.9/lib/python3.9/site-packages/airflow/example_dags/example_branch_operator_decorator.py took 0.750 seconds
[2023-01-10T21:21:09.555-0500] {processor.py:153} INFO - Started process (PID=5572) to work on /Library/Frameworks/Python.framework/Versions/3.9/lib/python3.9/site-packages/airflow/example_dags/example_branch_operator_decorator.py
[2023-01-10T21:21:09.561-0500] {processor.py:743} INFO - Processing file /Library/Frameworks/Python.framework/Versions/3.9/lib/python3.9/site-packages/airflow/example_dags/example_branch_operator_decorator.py for tasks to queue
[2023-01-10T21:21:09.561-0500] {logging_mixin.py:137} INFO - [2023-01-10T21:21:09.561-0500] {dagbag.py:538} INFO - Filling up the DagBag from /Library/Frameworks/Python.framework/Versions/3.9/lib/python3.9/site-packages/airflow/example_dags/example_branch_operator_decorator.py
[2023-01-10T21:21:09.612-0500] {processor.py:753} INFO - DAG(s) dict_keys(['example_branch_python_operator_decorator']) retrieved from /Library/Frameworks/Python.framework/Versions/3.9/lib/python3.9/site-packages/airflow/example_dags/example_branch_operator_decorator.py
[2023-01-10T21:21:10.184-0500] {logging_mixin.py:137} INFO - [2023-01-10T21:21:10.184-0500] {dag.py:2676} INFO - Sync 1 DAGs
[2023-01-10T21:21:10.201-0500] {logging_mixin.py:137} INFO - [2023-01-10T21:21:10.201-0500] {dag.py:3423} INFO - Setting next_dagrun for example_branch_python_operator_decorator to 2023-01-10T00:00:00+00:00, run_after=2023-01-11T00:00:00+00:00
[2023-01-10T21:21:10.224-0500] {processor.py:175} INFO - Processing /Library/Frameworks/Python.framework/Versions/3.9/lib/python3.9/site-packages/airflow/example_dags/example_branch_operator_decorator.py took 0.669 seconds
[2023-01-10T22:22:34.001-0500] {processor.py:153} INFO - Started process (PID=6229) to work on /Library/Frameworks/Python.framework/Versions/3.9/lib/python3.9/site-packages/airflow/example_dags/example_branch_operator_decorator.py
[2023-01-10T22:22:34.013-0500] {processor.py:743} INFO - Processing file /Library/Frameworks/Python.framework/Versions/3.9/lib/python3.9/site-packages/airflow/example_dags/example_branch_operator_decorator.py for tasks to queue
[2023-01-10T22:22:34.013-0500] {logging_mixin.py:137} INFO - [2023-01-10T22:22:34.013-0500] {dagbag.py:538} INFO - Filling up the DagBag from /Library/Frameworks/Python.framework/Versions/3.9/lib/python3.9/site-packages/airflow/example_dags/example_branch_operator_decorator.py
[2023-01-10T22:22:34.180-0500] {processor.py:753} INFO - DAG(s) dict_keys(['example_branch_python_operator_decorator']) retrieved from /Library/Frameworks/Python.framework/Versions/3.9/lib/python3.9/site-packages/airflow/example_dags/example_branch_operator_decorator.py
[2023-01-10T22:22:35.675-0500] {logging_mixin.py:137} INFO - [2023-01-10T22:22:35.674-0500] {dag.py:2676} INFO - Sync 1 DAGs
[2023-01-10T22:22:35.704-0500] {logging_mixin.py:137} INFO - [2023-01-10T22:22:35.704-0500] {dag.py:3423} INFO - Setting next_dagrun for example_branch_python_operator_decorator to 2023-01-10T00:00:00+00:00, run_after=2023-01-11T00:00:00+00:00
[2023-01-10T22:22:35.733-0500] {processor.py:175} INFO - Processing /Library/Frameworks/Python.framework/Versions/3.9/lib/python3.9/site-packages/airflow/example_dags/example_branch_operator_decorator.py took 1.733 seconds
[2023-01-10T22:25:59.975-0500] {processor.py:153} INFO - Started process (PID=6324) to work on /Library/Frameworks/Python.framework/Versions/3.9/lib/python3.9/site-packages/airflow/example_dags/example_branch_operator_decorator.py
[2023-01-10T22:25:59.984-0500] {processor.py:743} INFO - Processing file /Library/Frameworks/Python.framework/Versions/3.9/lib/python3.9/site-packages/airflow/example_dags/example_branch_operator_decorator.py for tasks to queue
[2023-01-10T22:25:59.985-0500] {logging_mixin.py:137} INFO - [2023-01-10T22:25:59.985-0500] {dagbag.py:538} INFO - Filling up the DagBag from /Library/Frameworks/Python.framework/Versions/3.9/lib/python3.9/site-packages/airflow/example_dags/example_branch_operator_decorator.py
[2023-01-10T22:26:00.073-0500] {processor.py:753} INFO - DAG(s) dict_keys(['example_branch_python_operator_decorator']) retrieved from /Library/Frameworks/Python.framework/Versions/3.9/lib/python3.9/site-packages/airflow/example_dags/example_branch_operator_decorator.py
[2023-01-10T22:26:01.116-0500] {logging_mixin.py:137} INFO - [2023-01-10T22:26:01.115-0500] {dag.py:2676} INFO - Sync 1 DAGs
[2023-01-10T22:26:01.145-0500] {logging_mixin.py:137} INFO - [2023-01-10T22:26:01.145-0500] {dag.py:3423} INFO - Setting next_dagrun for example_branch_python_operator_decorator to 2023-01-10T00:00:00+00:00, run_after=2023-01-11T00:00:00+00:00
[2023-01-10T22:26:01.176-0500] {processor.py:175} INFO - Processing /Library/Frameworks/Python.framework/Versions/3.9/lib/python3.9/site-packages/airflow/example_dags/example_branch_operator_decorator.py took 1.202 seconds
[2023-01-11T11:18:34.334-0500] {processor.py:153} INFO - Started process (PID=7018) to work on /Library/Frameworks/Python.framework/Versions/3.9/lib/python3.9/site-packages/airflow/example_dags/example_branch_operator_decorator.py
[2023-01-11T11:18:34.339-0500] {processor.py:743} INFO - Processing file /Library/Frameworks/Python.framework/Versions/3.9/lib/python3.9/site-packages/airflow/example_dags/example_branch_operator_decorator.py for tasks to queue
[2023-01-11T11:18:34.340-0500] {logging_mixin.py:137} INFO - [2023-01-11T11:18:34.339-0500] {dagbag.py:538} INFO - Filling up the DagBag from /Library/Frameworks/Python.framework/Versions/3.9/lib/python3.9/site-packages/airflow/example_dags/example_branch_operator_decorator.py
[2023-01-11T11:18:34.400-0500] {processor.py:753} INFO - DAG(s) dict_keys(['example_branch_python_operator_decorator']) retrieved from /Library/Frameworks/Python.framework/Versions/3.9/lib/python3.9/site-packages/airflow/example_dags/example_branch_operator_decorator.py
[2023-01-11T11:18:35.055-0500] {logging_mixin.py:137} INFO - [2023-01-11T11:18:35.055-0500] {dag.py:2676} INFO - Sync 1 DAGs
[2023-01-11T11:18:35.074-0500] {logging_mixin.py:137} INFO - [2023-01-11T11:18:35.074-0500] {dag.py:3423} INFO - Setting next_dagrun for example_branch_python_operator_decorator to 2023-01-10T00:00:00+00:00, run_after=2023-01-11T00:00:00+00:00
[2023-01-11T11:18:35.092-0500] {processor.py:175} INFO - Processing /Library/Frameworks/Python.framework/Versions/3.9/lib/python3.9/site-packages/airflow/example_dags/example_branch_operator_decorator.py took 0.759 seconds
[2023-01-11T11:22:06.324-0500] {processor.py:153} INFO - Started process (PID=7232) to work on /Library/Frameworks/Python.framework/Versions/3.9/lib/python3.9/site-packages/airflow/example_dags/example_branch_operator_decorator.py
[2023-01-11T11:22:06.331-0500] {processor.py:743} INFO - Processing file /Library/Frameworks/Python.framework/Versions/3.9/lib/python3.9/site-packages/airflow/example_dags/example_branch_operator_decorator.py for tasks to queue
[2023-01-11T11:22:06.332-0500] {logging_mixin.py:137} INFO - [2023-01-11T11:22:06.332-0500] {dagbag.py:538} INFO - Filling up the DagBag from /Library/Frameworks/Python.framework/Versions/3.9/lib/python3.9/site-packages/airflow/example_dags/example_branch_operator_decorator.py
[2023-01-11T11:22:06.390-0500] {processor.py:753} INFO - DAG(s) dict_keys(['example_branch_python_operator_decorator']) retrieved from /Library/Frameworks/Python.framework/Versions/3.9/lib/python3.9/site-packages/airflow/example_dags/example_branch_operator_decorator.py
[2023-01-11T11:22:06.984-0500] {logging_mixin.py:137} INFO - [2023-01-11T11:22:06.984-0500] {dag.py:2676} INFO - Sync 1 DAGs
[2023-01-11T11:22:07.001-0500] {logging_mixin.py:137} INFO - [2023-01-11T11:22:07.001-0500] {dag.py:3423} INFO - Setting next_dagrun for example_branch_python_operator_decorator to 2023-01-10T00:00:00+00:00, run_after=2023-01-11T00:00:00+00:00
[2023-01-11T11:22:07.024-0500] {processor.py:175} INFO - Processing /Library/Frameworks/Python.framework/Versions/3.9/lib/python3.9/site-packages/airflow/example_dags/example_branch_operator_decorator.py took 0.701 seconds
[2023-01-11T11:25:53.071-0500] {processor.py:153} INFO - Started process (PID=8143) to work on /Library/Frameworks/Python.framework/Versions/3.9/lib/python3.9/site-packages/airflow/example_dags/example_branch_operator_decorator.py
[2023-01-11T11:25:53.077-0500] {processor.py:743} INFO - Processing file /Library/Frameworks/Python.framework/Versions/3.9/lib/python3.9/site-packages/airflow/example_dags/example_branch_operator_decorator.py for tasks to queue
[2023-01-11T11:25:53.077-0500] {logging_mixin.py:137} INFO - [2023-01-11T11:25:53.077-0500] {dagbag.py:538} INFO - Filling up the DagBag from /Library/Frameworks/Python.framework/Versions/3.9/lib/python3.9/site-packages/airflow/example_dags/example_branch_operator_decorator.py
[2023-01-11T11:25:53.132-0500] {processor.py:753} INFO - DAG(s) dict_keys(['example_branch_python_operator_decorator']) retrieved from /Library/Frameworks/Python.framework/Versions/3.9/lib/python3.9/site-packages/airflow/example_dags/example_branch_operator_decorator.py
[2023-01-11T11:25:53.791-0500] {logging_mixin.py:137} INFO - [2023-01-11T11:25:53.791-0500] {dag.py:2676} INFO - Sync 1 DAGs
[2023-01-11T11:25:53.809-0500] {logging_mixin.py:137} INFO - [2023-01-11T11:25:53.809-0500] {dag.py:3423} INFO - Setting next_dagrun for example_branch_python_operator_decorator to 2023-01-10T00:00:00+00:00, run_after=2023-01-11T00:00:00+00:00
[2023-01-11T11:25:53.832-0500] {processor.py:175} INFO - Processing /Library/Frameworks/Python.framework/Versions/3.9/lib/python3.9/site-packages/airflow/example_dags/example_branch_operator_decorator.py took 0.762 seconds
[2023-01-11T11:29:20.235-0500] {processor.py:153} INFO - Started process (PID=8287) to work on /Library/Frameworks/Python.framework/Versions/3.9/lib/python3.9/site-packages/airflow/example_dags/example_branch_operator_decorator.py
[2023-01-11T11:29:20.242-0500] {processor.py:743} INFO - Processing file /Library/Frameworks/Python.framework/Versions/3.9/lib/python3.9/site-packages/airflow/example_dags/example_branch_operator_decorator.py for tasks to queue
[2023-01-11T11:29:20.243-0500] {logging_mixin.py:137} INFO - [2023-01-11T11:29:20.243-0500] {dagbag.py:538} INFO - Filling up the DagBag from /Library/Frameworks/Python.framework/Versions/3.9/lib/python3.9/site-packages/airflow/example_dags/example_branch_operator_decorator.py
[2023-01-11T11:29:20.312-0500] {processor.py:753} INFO - DAG(s) dict_keys(['example_branch_python_operator_decorator']) retrieved from /Library/Frameworks/Python.framework/Versions/3.9/lib/python3.9/site-packages/airflow/example_dags/example_branch_operator_decorator.py
[2023-01-11T11:29:20.892-0500] {logging_mixin.py:137} INFO - [2023-01-11T11:29:20.892-0500] {dag.py:2676} INFO - Sync 1 DAGs
[2023-01-11T11:29:20.909-0500] {logging_mixin.py:137} INFO - [2023-01-11T11:29:20.909-0500] {dag.py:3423} INFO - Setting next_dagrun for example_branch_python_operator_decorator to 2023-01-10T00:00:00+00:00, run_after=2023-01-11T00:00:00+00:00
[2023-01-11T11:29:20.932-0500] {processor.py:175} INFO - Processing /Library/Frameworks/Python.framework/Versions/3.9/lib/python3.9/site-packages/airflow/example_dags/example_branch_operator_decorator.py took 0.698 seconds
[2023-01-11T11:36:46.800-0500] {processor.py:153} INFO - Started process (PID=8518) to work on /Library/Frameworks/Python.framework/Versions/3.9/lib/python3.9/site-packages/airflow/example_dags/example_branch_operator_decorator.py
[2023-01-11T11:36:46.805-0500] {processor.py:743} INFO - Processing file /Library/Frameworks/Python.framework/Versions/3.9/lib/python3.9/site-packages/airflow/example_dags/example_branch_operator_decorator.py for tasks to queue
[2023-01-11T11:36:46.806-0500] {logging_mixin.py:137} INFO - [2023-01-11T11:36:46.806-0500] {dagbag.py:538} INFO - Filling up the DagBag from /Library/Frameworks/Python.framework/Versions/3.9/lib/python3.9/site-packages/airflow/example_dags/example_branch_operator_decorator.py
[2023-01-11T11:36:46.857-0500] {processor.py:753} INFO - DAG(s) dict_keys(['example_branch_python_operator_decorator']) retrieved from /Library/Frameworks/Python.framework/Versions/3.9/lib/python3.9/site-packages/airflow/example_dags/example_branch_operator_decorator.py
[2023-01-11T11:36:47.451-0500] {logging_mixin.py:137} INFO - [2023-01-11T11:36:47.451-0500] {dag.py:2676} INFO - Sync 1 DAGs
[2023-01-11T11:36:47.468-0500] {logging_mixin.py:137} INFO - [2023-01-11T11:36:47.467-0500] {dag.py:3423} INFO - Setting next_dagrun for example_branch_python_operator_decorator to 2023-01-10T00:00:00+00:00, run_after=2023-01-11T00:00:00+00:00
[2023-01-11T11:36:47.508-0500] {processor.py:175} INFO - Processing /Library/Frameworks/Python.framework/Versions/3.9/lib/python3.9/site-packages/airflow/example_dags/example_branch_operator_decorator.py took 0.708 seconds
[2023-01-11T11:43:41.586-0500] {processor.py:153} INFO - Started process (PID=8780) to work on /Library/Frameworks/Python.framework/Versions/3.9/lib/python3.9/site-packages/airflow/example_dags/example_branch_operator_decorator.py
[2023-01-11T11:43:41.591-0500] {processor.py:743} INFO - Processing file /Library/Frameworks/Python.framework/Versions/3.9/lib/python3.9/site-packages/airflow/example_dags/example_branch_operator_decorator.py for tasks to queue
[2023-01-11T11:43:41.592-0500] {logging_mixin.py:137} INFO - [2023-01-11T11:43:41.592-0500] {dagbag.py:538} INFO - Filling up the DagBag from /Library/Frameworks/Python.framework/Versions/3.9/lib/python3.9/site-packages/airflow/example_dags/example_branch_operator_decorator.py
[2023-01-11T11:43:41.647-0500] {processor.py:753} INFO - DAG(s) dict_keys(['example_branch_python_operator_decorator']) retrieved from /Library/Frameworks/Python.framework/Versions/3.9/lib/python3.9/site-packages/airflow/example_dags/example_branch_operator_decorator.py
[2023-01-11T11:43:42.251-0500] {logging_mixin.py:137} INFO - [2023-01-11T11:43:42.251-0500] {dag.py:2676} INFO - Sync 1 DAGs
[2023-01-11T11:43:42.272-0500] {logging_mixin.py:137} INFO - [2023-01-11T11:43:42.272-0500] {dag.py:3423} INFO - Setting next_dagrun for example_branch_python_operator_decorator to 2023-01-10T00:00:00+00:00, run_after=2023-01-11T00:00:00+00:00
[2023-01-11T11:43:42.293-0500] {processor.py:175} INFO - Processing /Library/Frameworks/Python.framework/Versions/3.9/lib/python3.9/site-packages/airflow/example_dags/example_branch_operator_decorator.py took 0.708 seconds
[2023-01-11T11:47:12.173-0500] {processor.py:153} INFO - Started process (PID=8886) to work on /Library/Frameworks/Python.framework/Versions/3.9/lib/python3.9/site-packages/airflow/example_dags/example_branch_operator_decorator.py
[2023-01-11T11:47:12.179-0500] {processor.py:743} INFO - Processing file /Library/Frameworks/Python.framework/Versions/3.9/lib/python3.9/site-packages/airflow/example_dags/example_branch_operator_decorator.py for tasks to queue
[2023-01-11T11:47:12.180-0500] {logging_mixin.py:137} INFO - [2023-01-11T11:47:12.180-0500] {dagbag.py:538} INFO - Filling up the DagBag from /Library/Frameworks/Python.framework/Versions/3.9/lib/python3.9/site-packages/airflow/example_dags/example_branch_operator_decorator.py
[2023-01-11T11:47:12.239-0500] {processor.py:753} INFO - DAG(s) dict_keys(['example_branch_python_operator_decorator']) retrieved from /Library/Frameworks/Python.framework/Versions/3.9/lib/python3.9/site-packages/airflow/example_dags/example_branch_operator_decorator.py
[2023-01-11T11:47:12.880-0500] {logging_mixin.py:137} INFO - [2023-01-11T11:47:12.880-0500] {dag.py:2676} INFO - Sync 1 DAGs
[2023-01-11T11:47:12.900-0500] {logging_mixin.py:137} INFO - [2023-01-11T11:47:12.900-0500] {dag.py:3423} INFO - Setting next_dagrun for example_branch_python_operator_decorator to 2023-01-10T00:00:00+00:00, run_after=2023-01-11T00:00:00+00:00
[2023-01-11T11:47:12.923-0500] {processor.py:175} INFO - Processing /Library/Frameworks/Python.framework/Versions/3.9/lib/python3.9/site-packages/airflow/example_dags/example_branch_operator_decorator.py took 0.751 seconds
[2023-01-11T11:50:40.108-0500] {processor.py:153} INFO - Started process (PID=9136) to work on /Library/Frameworks/Python.framework/Versions/3.9/lib/python3.9/site-packages/airflow/example_dags/example_branch_operator_decorator.py
[2023-01-11T11:50:40.114-0500] {processor.py:743} INFO - Processing file /Library/Frameworks/Python.framework/Versions/3.9/lib/python3.9/site-packages/airflow/example_dags/example_branch_operator_decorator.py for tasks to queue
[2023-01-11T11:50:40.114-0500] {logging_mixin.py:137} INFO - [2023-01-11T11:50:40.114-0500] {dagbag.py:538} INFO - Filling up the DagBag from /Library/Frameworks/Python.framework/Versions/3.9/lib/python3.9/site-packages/airflow/example_dags/example_branch_operator_decorator.py
[2023-01-11T11:50:40.173-0500] {processor.py:753} INFO - DAG(s) dict_keys(['example_branch_python_operator_decorator']) retrieved from /Library/Frameworks/Python.framework/Versions/3.9/lib/python3.9/site-packages/airflow/example_dags/example_branch_operator_decorator.py
[2023-01-11T11:50:40.786-0500] {logging_mixin.py:137} INFO - [2023-01-11T11:50:40.786-0500] {dag.py:2676} INFO - Sync 1 DAGs
[2023-01-11T11:50:40.805-0500] {logging_mixin.py:137} INFO - [2023-01-11T11:50:40.805-0500] {dag.py:3423} INFO - Setting next_dagrun for example_branch_python_operator_decorator to 2023-01-10T00:00:00+00:00, run_after=2023-01-11T00:00:00+00:00
[2023-01-11T11:50:40.824-0500] {processor.py:175} INFO - Processing /Library/Frameworks/Python.framework/Versions/3.9/lib/python3.9/site-packages/airflow/example_dags/example_branch_operator_decorator.py took 0.717 seconds
[2023-01-11T11:54:03.483-0500] {processor.py:153} INFO - Started process (PID=9311) to work on /Library/Frameworks/Python.framework/Versions/3.9/lib/python3.9/site-packages/airflow/example_dags/example_branch_operator_decorator.py
[2023-01-11T11:54:03.489-0500] {processor.py:743} INFO - Processing file /Library/Frameworks/Python.framework/Versions/3.9/lib/python3.9/site-packages/airflow/example_dags/example_branch_operator_decorator.py for tasks to queue
[2023-01-11T11:54:03.490-0500] {logging_mixin.py:137} INFO - [2023-01-11T11:54:03.490-0500] {dagbag.py:538} INFO - Filling up the DagBag from /Library/Frameworks/Python.framework/Versions/3.9/lib/python3.9/site-packages/airflow/example_dags/example_branch_operator_decorator.py
[2023-01-11T11:54:03.547-0500] {processor.py:753} INFO - DAG(s) dict_keys(['example_branch_python_operator_decorator']) retrieved from /Library/Frameworks/Python.framework/Versions/3.9/lib/python3.9/site-packages/airflow/example_dags/example_branch_operator_decorator.py
[2023-01-11T11:54:04.189-0500] {logging_mixin.py:137} INFO - [2023-01-11T11:54:04.189-0500] {dag.py:2676} INFO - Sync 1 DAGs
[2023-01-11T11:54:04.207-0500] {logging_mixin.py:137} INFO - [2023-01-11T11:54:04.207-0500] {dag.py:3423} INFO - Setting next_dagrun for example_branch_python_operator_decorator to 2023-01-10T00:00:00+00:00, run_after=2023-01-11T00:00:00+00:00
[2023-01-11T11:54:04.226-0500] {processor.py:175} INFO - Processing /Library/Frameworks/Python.framework/Versions/3.9/lib/python3.9/site-packages/airflow/example_dags/example_branch_operator_decorator.py took 0.744 seconds
[2023-01-11T11:57:58.594-0500] {processor.py:153} INFO - Started process (PID=9431) to work on /Library/Frameworks/Python.framework/Versions/3.9/lib/python3.9/site-packages/airflow/example_dags/example_branch_operator_decorator.py
[2023-01-11T11:57:58.599-0500] {processor.py:743} INFO - Processing file /Library/Frameworks/Python.framework/Versions/3.9/lib/python3.9/site-packages/airflow/example_dags/example_branch_operator_decorator.py for tasks to queue
[2023-01-11T11:57:58.600-0500] {logging_mixin.py:137} INFO - [2023-01-11T11:57:58.600-0500] {dagbag.py:538} INFO - Filling up the DagBag from /Library/Frameworks/Python.framework/Versions/3.9/lib/python3.9/site-packages/airflow/example_dags/example_branch_operator_decorator.py
[2023-01-11T11:57:58.663-0500] {processor.py:753} INFO - DAG(s) dict_keys(['example_branch_python_operator_decorator']) retrieved from /Library/Frameworks/Python.framework/Versions/3.9/lib/python3.9/site-packages/airflow/example_dags/example_branch_operator_decorator.py
[2023-01-11T11:57:59.320-0500] {logging_mixin.py:137} INFO - [2023-01-11T11:57:59.320-0500] {dag.py:2676} INFO - Sync 1 DAGs
[2023-01-11T11:57:59.339-0500] {logging_mixin.py:137} INFO - [2023-01-11T11:57:59.339-0500] {dag.py:3423} INFO - Setting next_dagrun for example_branch_python_operator_decorator to 2023-01-10T00:00:00+00:00, run_after=2023-01-11T00:00:00+00:00
[2023-01-11T11:57:59.360-0500] {processor.py:175} INFO - Processing /Library/Frameworks/Python.framework/Versions/3.9/lib/python3.9/site-packages/airflow/example_dags/example_branch_operator_decorator.py took 0.766 seconds
[2023-01-11T12:01:21.558-0500] {processor.py:153} INFO - Started process (PID=9557) to work on /Library/Frameworks/Python.framework/Versions/3.9/lib/python3.9/site-packages/airflow/example_dags/example_branch_operator_decorator.py
[2023-01-11T12:01:21.563-0500] {processor.py:743} INFO - Processing file /Library/Frameworks/Python.framework/Versions/3.9/lib/python3.9/site-packages/airflow/example_dags/example_branch_operator_decorator.py for tasks to queue
[2023-01-11T12:01:21.564-0500] {logging_mixin.py:137} INFO - [2023-01-11T12:01:21.564-0500] {dagbag.py:538} INFO - Filling up the DagBag from /Library/Frameworks/Python.framework/Versions/3.9/lib/python3.9/site-packages/airflow/example_dags/example_branch_operator_decorator.py
[2023-01-11T12:01:21.615-0500] {processor.py:753} INFO - DAG(s) dict_keys(['example_branch_python_operator_decorator']) retrieved from /Library/Frameworks/Python.framework/Versions/3.9/lib/python3.9/site-packages/airflow/example_dags/example_branch_operator_decorator.py
[2023-01-11T12:01:22.204-0500] {logging_mixin.py:137} INFO - [2023-01-11T12:01:22.204-0500] {dag.py:2676} INFO - Sync 1 DAGs
[2023-01-11T12:01:22.221-0500] {logging_mixin.py:137} INFO - [2023-01-11T12:01:22.221-0500] {dag.py:3423} INFO - Setting next_dagrun for example_branch_python_operator_decorator to 2023-01-10T00:00:00+00:00, run_after=2023-01-11T00:00:00+00:00
[2023-01-11T12:01:22.240-0500] {processor.py:175} INFO - Processing /Library/Frameworks/Python.framework/Versions/3.9/lib/python3.9/site-packages/airflow/example_dags/example_branch_operator_decorator.py took 0.683 seconds
[2023-01-11T12:04:39.930-0500] {processor.py:153} INFO - Started process (PID=9732) to work on /Library/Frameworks/Python.framework/Versions/3.9/lib/python3.9/site-packages/airflow/example_dags/example_branch_operator_decorator.py
[2023-01-11T12:04:39.937-0500] {processor.py:743} INFO - Processing file /Library/Frameworks/Python.framework/Versions/3.9/lib/python3.9/site-packages/airflow/example_dags/example_branch_operator_decorator.py for tasks to queue
[2023-01-11T12:04:39.938-0500] {logging_mixin.py:137} INFO - [2023-01-11T12:04:39.938-0500] {dagbag.py:538} INFO - Filling up the DagBag from /Library/Frameworks/Python.framework/Versions/3.9/lib/python3.9/site-packages/airflow/example_dags/example_branch_operator_decorator.py
[2023-01-11T12:04:40.003-0500] {processor.py:753} INFO - DAG(s) dict_keys(['example_branch_python_operator_decorator']) retrieved from /Library/Frameworks/Python.framework/Versions/3.9/lib/python3.9/site-packages/airflow/example_dags/example_branch_operator_decorator.py
[2023-01-11T12:04:40.680-0500] {logging_mixin.py:137} INFO - [2023-01-11T12:04:40.680-0500] {dag.py:2676} INFO - Sync 1 DAGs
[2023-01-11T12:04:40.706-0500] {logging_mixin.py:137} INFO - [2023-01-11T12:04:40.705-0500] {dag.py:3423} INFO - Setting next_dagrun for example_branch_python_operator_decorator to 2023-01-10T00:00:00+00:00, run_after=2023-01-11T00:00:00+00:00
[2023-01-11T12:04:40.731-0500] {processor.py:175} INFO - Processing /Library/Frameworks/Python.framework/Versions/3.9/lib/python3.9/site-packages/airflow/example_dags/example_branch_operator_decorator.py took 0.801 seconds
[2023-01-11T12:08:03.152-0500] {processor.py:153} INFO - Started process (PID=9823) to work on /Library/Frameworks/Python.framework/Versions/3.9/lib/python3.9/site-packages/airflow/example_dags/example_branch_operator_decorator.py
[2023-01-11T12:08:03.159-0500] {processor.py:743} INFO - Processing file /Library/Frameworks/Python.framework/Versions/3.9/lib/python3.9/site-packages/airflow/example_dags/example_branch_operator_decorator.py for tasks to queue
[2023-01-11T12:08:03.160-0500] {logging_mixin.py:137} INFO - [2023-01-11T12:08:03.159-0500] {dagbag.py:538} INFO - Filling up the DagBag from /Library/Frameworks/Python.framework/Versions/3.9/lib/python3.9/site-packages/airflow/example_dags/example_branch_operator_decorator.py
[2023-01-11T12:08:03.217-0500] {processor.py:753} INFO - DAG(s) dict_keys(['example_branch_python_operator_decorator']) retrieved from /Library/Frameworks/Python.framework/Versions/3.9/lib/python3.9/site-packages/airflow/example_dags/example_branch_operator_decorator.py
[2023-01-11T12:08:03.854-0500] {logging_mixin.py:137} INFO - [2023-01-11T12:08:03.854-0500] {dag.py:2676} INFO - Sync 1 DAGs
[2023-01-11T12:08:03.873-0500] {logging_mixin.py:137} INFO - [2023-01-11T12:08:03.873-0500] {dag.py:3423} INFO - Setting next_dagrun for example_branch_python_operator_decorator to 2023-01-10T00:00:00+00:00, run_after=2023-01-11T00:00:00+00:00
[2023-01-11T12:08:03.893-0500] {processor.py:175} INFO - Processing /Library/Frameworks/Python.framework/Versions/3.9/lib/python3.9/site-packages/airflow/example_dags/example_branch_operator_decorator.py took 0.741 seconds
[2023-01-11T12:11:23.418-0500] {processor.py:153} INFO - Started process (PID=9917) to work on /Library/Frameworks/Python.framework/Versions/3.9/lib/python3.9/site-packages/airflow/example_dags/example_branch_operator_decorator.py
[2023-01-11T12:11:23.425-0500] {processor.py:743} INFO - Processing file /Library/Frameworks/Python.framework/Versions/3.9/lib/python3.9/site-packages/airflow/example_dags/example_branch_operator_decorator.py for tasks to queue
[2023-01-11T12:11:23.425-0500] {logging_mixin.py:137} INFO - [2023-01-11T12:11:23.425-0500] {dagbag.py:538} INFO - Filling up the DagBag from /Library/Frameworks/Python.framework/Versions/3.9/lib/python3.9/site-packages/airflow/example_dags/example_branch_operator_decorator.py
[2023-01-11T12:11:23.480-0500] {processor.py:753} INFO - DAG(s) dict_keys(['example_branch_python_operator_decorator']) retrieved from /Library/Frameworks/Python.framework/Versions/3.9/lib/python3.9/site-packages/airflow/example_dags/example_branch_operator_decorator.py
[2023-01-11T12:11:24.082-0500] {logging_mixin.py:137} INFO - [2023-01-11T12:11:24.082-0500] {dag.py:2676} INFO - Sync 1 DAGs
[2023-01-11T12:11:24.099-0500] {logging_mixin.py:137} INFO - [2023-01-11T12:11:24.099-0500] {dag.py:3423} INFO - Setting next_dagrun for example_branch_python_operator_decorator to 2023-01-10T00:00:00+00:00, run_after=2023-01-11T00:00:00+00:00
[2023-01-11T12:11:24.118-0500] {processor.py:175} INFO - Processing /Library/Frameworks/Python.framework/Versions/3.9/lib/python3.9/site-packages/airflow/example_dags/example_branch_operator_decorator.py took 0.701 seconds
[2023-01-11T12:14:45.463-0500] {processor.py:153} INFO - Started process (PID=10062) to work on /Library/Frameworks/Python.framework/Versions/3.9/lib/python3.9/site-packages/airflow/example_dags/example_branch_operator_decorator.py
[2023-01-11T12:14:45.470-0500] {processor.py:743} INFO - Processing file /Library/Frameworks/Python.framework/Versions/3.9/lib/python3.9/site-packages/airflow/example_dags/example_branch_operator_decorator.py for tasks to queue
[2023-01-11T12:14:45.471-0500] {logging_mixin.py:137} INFO - [2023-01-11T12:14:45.471-0500] {dagbag.py:538} INFO - Filling up the DagBag from /Library/Frameworks/Python.framework/Versions/3.9/lib/python3.9/site-packages/airflow/example_dags/example_branch_operator_decorator.py
[2023-01-11T12:14:45.526-0500] {processor.py:753} INFO - DAG(s) dict_keys(['example_branch_python_operator_decorator']) retrieved from /Library/Frameworks/Python.framework/Versions/3.9/lib/python3.9/site-packages/airflow/example_dags/example_branch_operator_decorator.py
[2023-01-11T12:14:46.279-0500] {logging_mixin.py:137} INFO - [2023-01-11T12:14:46.279-0500] {dag.py:2676} INFO - Sync 1 DAGs
[2023-01-11T12:14:46.297-0500] {logging_mixin.py:137} INFO - [2023-01-11T12:14:46.297-0500] {dag.py:3423} INFO - Setting next_dagrun for example_branch_python_operator_decorator to 2023-01-10T00:00:00+00:00, run_after=2023-01-11T00:00:00+00:00
[2023-01-11T12:14:46.317-0500] {processor.py:175} INFO - Processing /Library/Frameworks/Python.framework/Versions/3.9/lib/python3.9/site-packages/airflow/example_dags/example_branch_operator_decorator.py took 0.854 seconds
[2023-01-11T12:18:10.119-0500] {processor.py:153} INFO - Started process (PID=10240) to work on /Library/Frameworks/Python.framework/Versions/3.9/lib/python3.9/site-packages/airflow/example_dags/example_branch_operator_decorator.py
[2023-01-11T12:18:10.125-0500] {processor.py:743} INFO - Processing file /Library/Frameworks/Python.framework/Versions/3.9/lib/python3.9/site-packages/airflow/example_dags/example_branch_operator_decorator.py for tasks to queue
[2023-01-11T12:18:10.125-0500] {logging_mixin.py:137} INFO - [2023-01-11T12:18:10.125-0500] {dagbag.py:538} INFO - Filling up the DagBag from /Library/Frameworks/Python.framework/Versions/3.9/lib/python3.9/site-packages/airflow/example_dags/example_branch_operator_decorator.py
[2023-01-11T12:18:10.187-0500] {processor.py:753} INFO - DAG(s) dict_keys(['example_branch_python_operator_decorator']) retrieved from /Library/Frameworks/Python.framework/Versions/3.9/lib/python3.9/site-packages/airflow/example_dags/example_branch_operator_decorator.py
[2023-01-11T12:18:10.857-0500] {logging_mixin.py:137} INFO - [2023-01-11T12:18:10.857-0500] {dag.py:2676} INFO - Sync 1 DAGs
[2023-01-11T12:18:10.876-0500] {logging_mixin.py:137} INFO - [2023-01-11T12:18:10.876-0500] {dag.py:3423} INFO - Setting next_dagrun for example_branch_python_operator_decorator to 2023-01-10T00:00:00+00:00, run_after=2023-01-11T00:00:00+00:00
[2023-01-11T12:18:10.897-0500] {processor.py:175} INFO - Processing /Library/Frameworks/Python.framework/Versions/3.9/lib/python3.9/site-packages/airflow/example_dags/example_branch_operator_decorator.py took 0.779 seconds
[2023-01-11T12:21:39.119-0500] {processor.py:153} INFO - Started process (PID=10352) to work on /Library/Frameworks/Python.framework/Versions/3.9/lib/python3.9/site-packages/airflow/example_dags/example_branch_operator_decorator.py
[2023-01-11T12:21:39.126-0500] {processor.py:743} INFO - Processing file /Library/Frameworks/Python.framework/Versions/3.9/lib/python3.9/site-packages/airflow/example_dags/example_branch_operator_decorator.py for tasks to queue
[2023-01-11T12:21:39.127-0500] {logging_mixin.py:137} INFO - [2023-01-11T12:21:39.126-0500] {dagbag.py:538} INFO - Filling up the DagBag from /Library/Frameworks/Python.framework/Versions/3.9/lib/python3.9/site-packages/airflow/example_dags/example_branch_operator_decorator.py
[2023-01-11T12:21:39.180-0500] {processor.py:753} INFO - DAG(s) dict_keys(['example_branch_python_operator_decorator']) retrieved from /Library/Frameworks/Python.framework/Versions/3.9/lib/python3.9/site-packages/airflow/example_dags/example_branch_operator_decorator.py
[2023-01-11T12:21:39.838-0500] {logging_mixin.py:137} INFO - [2023-01-11T12:21:39.838-0500] {dag.py:2676} INFO - Sync 1 DAGs
[2023-01-11T12:21:39.855-0500] {logging_mixin.py:137} INFO - [2023-01-11T12:21:39.855-0500] {dag.py:3423} INFO - Setting next_dagrun for example_branch_python_operator_decorator to 2023-01-10T00:00:00+00:00, run_after=2023-01-11T00:00:00+00:00
[2023-01-11T12:21:39.876-0500] {processor.py:175} INFO - Processing /Library/Frameworks/Python.framework/Versions/3.9/lib/python3.9/site-packages/airflow/example_dags/example_branch_operator_decorator.py took 0.756 seconds
[2023-01-11T16:22:10.819-0500] {processor.py:153} INFO - Started process (PID=11119) to work on /Library/Frameworks/Python.framework/Versions/3.9/lib/python3.9/site-packages/airflow/example_dags/example_branch_operator_decorator.py
[2023-01-11T16:22:10.825-0500] {processor.py:743} INFO - Processing file /Library/Frameworks/Python.framework/Versions/3.9/lib/python3.9/site-packages/airflow/example_dags/example_branch_operator_decorator.py for tasks to queue
[2023-01-11T16:22:10.826-0500] {logging_mixin.py:137} INFO - [2023-01-11T16:22:10.826-0500] {dagbag.py:538} INFO - Filling up the DagBag from /Library/Frameworks/Python.framework/Versions/3.9/lib/python3.9/site-packages/airflow/example_dags/example_branch_operator_decorator.py
[2023-01-11T16:22:10.879-0500] {processor.py:753} INFO - DAG(s) dict_keys(['example_branch_python_operator_decorator']) retrieved from /Library/Frameworks/Python.framework/Versions/3.9/lib/python3.9/site-packages/airflow/example_dags/example_branch_operator_decorator.py
[2023-01-11T16:22:11.467-0500] {logging_mixin.py:137} INFO - [2023-01-11T16:22:11.467-0500] {dag.py:2676} INFO - Sync 1 DAGs
[2023-01-11T16:22:11.484-0500] {logging_mixin.py:137} INFO - [2023-01-11T16:22:11.484-0500] {dag.py:3423} INFO - Setting next_dagrun for example_branch_python_operator_decorator to 2023-01-10T00:00:00+00:00, run_after=2023-01-11T00:00:00+00:00
[2023-01-11T16:22:11.508-0500] {processor.py:175} INFO - Processing /Library/Frameworks/Python.framework/Versions/3.9/lib/python3.9/site-packages/airflow/example_dags/example_branch_operator_decorator.py took 0.690 seconds
[2023-01-11T16:25:42.343-0500] {processor.py:153} INFO - Started process (PID=11250) to work on /Library/Frameworks/Python.framework/Versions/3.9/lib/python3.9/site-packages/airflow/example_dags/example_branch_operator_decorator.py
[2023-01-11T16:25:42.350-0500] {processor.py:743} INFO - Processing file /Library/Frameworks/Python.framework/Versions/3.9/lib/python3.9/site-packages/airflow/example_dags/example_branch_operator_decorator.py for tasks to queue
[2023-01-11T16:25:42.350-0500] {logging_mixin.py:137} INFO - [2023-01-11T16:25:42.350-0500] {dagbag.py:538} INFO - Filling up the DagBag from /Library/Frameworks/Python.framework/Versions/3.9/lib/python3.9/site-packages/airflow/example_dags/example_branch_operator_decorator.py
[2023-01-11T16:25:42.413-0500] {processor.py:753} INFO - DAG(s) dict_keys(['example_branch_python_operator_decorator']) retrieved from /Library/Frameworks/Python.framework/Versions/3.9/lib/python3.9/site-packages/airflow/example_dags/example_branch_operator_decorator.py
[2023-01-11T16:25:43.140-0500] {logging_mixin.py:137} INFO - [2023-01-11T16:25:43.139-0500] {dag.py:2676} INFO - Sync 1 DAGs
[2023-01-11T16:25:43.158-0500] {logging_mixin.py:137} INFO - [2023-01-11T16:25:43.157-0500] {dag.py:3423} INFO - Setting next_dagrun for example_branch_python_operator_decorator to 2023-01-10T00:00:00+00:00, run_after=2023-01-11T00:00:00+00:00
[2023-01-11T16:25:43.176-0500] {processor.py:175} INFO - Processing /Library/Frameworks/Python.framework/Versions/3.9/lib/python3.9/site-packages/airflow/example_dags/example_branch_operator_decorator.py took 0.834 seconds
[2023-01-11T16:29:08.476-0500] {processor.py:153} INFO - Started process (PID=11413) to work on /Library/Frameworks/Python.framework/Versions/3.9/lib/python3.9/site-packages/airflow/example_dags/example_branch_operator_decorator.py
[2023-01-11T16:29:08.482-0500] {processor.py:743} INFO - Processing file /Library/Frameworks/Python.framework/Versions/3.9/lib/python3.9/site-packages/airflow/example_dags/example_branch_operator_decorator.py for tasks to queue
[2023-01-11T16:29:08.482-0500] {logging_mixin.py:137} INFO - [2023-01-11T16:29:08.482-0500] {dagbag.py:538} INFO - Filling up the DagBag from /Library/Frameworks/Python.framework/Versions/3.9/lib/python3.9/site-packages/airflow/example_dags/example_branch_operator_decorator.py
[2023-01-11T16:29:08.537-0500] {processor.py:753} INFO - DAG(s) dict_keys(['example_branch_python_operator_decorator']) retrieved from /Library/Frameworks/Python.framework/Versions/3.9/lib/python3.9/site-packages/airflow/example_dags/example_branch_operator_decorator.py
[2023-01-11T16:29:09.268-0500] {logging_mixin.py:137} INFO - [2023-01-11T16:29:09.268-0500] {dag.py:2676} INFO - Sync 1 DAGs
[2023-01-11T16:29:09.289-0500] {logging_mixin.py:137} INFO - [2023-01-11T16:29:09.289-0500] {dag.py:3423} INFO - Setting next_dagrun for example_branch_python_operator_decorator to 2023-01-10T00:00:00+00:00, run_after=2023-01-11T00:00:00+00:00
[2023-01-11T16:29:09.309-0500] {processor.py:175} INFO - Processing /Library/Frameworks/Python.framework/Versions/3.9/lib/python3.9/site-packages/airflow/example_dags/example_branch_operator_decorator.py took 0.834 seconds
[2023-01-11T16:32:29.344-0500] {processor.py:153} INFO - Started process (PID=11511) to work on /Library/Frameworks/Python.framework/Versions/3.9/lib/python3.9/site-packages/airflow/example_dags/example_branch_operator_decorator.py
[2023-01-11T16:32:29.349-0500] {processor.py:743} INFO - Processing file /Library/Frameworks/Python.framework/Versions/3.9/lib/python3.9/site-packages/airflow/example_dags/example_branch_operator_decorator.py for tasks to queue
[2023-01-11T16:32:29.350-0500] {logging_mixin.py:137} INFO - [2023-01-11T16:32:29.350-0500] {dagbag.py:538} INFO - Filling up the DagBag from /Library/Frameworks/Python.framework/Versions/3.9/lib/python3.9/site-packages/airflow/example_dags/example_branch_operator_decorator.py
[2023-01-11T16:32:29.407-0500] {processor.py:753} INFO - DAG(s) dict_keys(['example_branch_python_operator_decorator']) retrieved from /Library/Frameworks/Python.framework/Versions/3.9/lib/python3.9/site-packages/airflow/example_dags/example_branch_operator_decorator.py
[2023-01-11T16:32:30.027-0500] {logging_mixin.py:137} INFO - [2023-01-11T16:32:30.027-0500] {dag.py:2676} INFO - Sync 1 DAGs
[2023-01-11T16:32:30.045-0500] {logging_mixin.py:137} INFO - [2023-01-11T16:32:30.045-0500] {dag.py:3423} INFO - Setting next_dagrun for example_branch_python_operator_decorator to 2023-01-10T00:00:00+00:00, run_after=2023-01-11T00:00:00+00:00
[2023-01-11T16:32:30.066-0500] {processor.py:175} INFO - Processing /Library/Frameworks/Python.framework/Versions/3.9/lib/python3.9/site-packages/airflow/example_dags/example_branch_operator_decorator.py took 0.723 seconds
[2023-01-11T16:36:24.101-0500] {processor.py:153} INFO - Started process (PID=11642) to work on /Library/Frameworks/Python.framework/Versions/3.9/lib/python3.9/site-packages/airflow/example_dags/example_branch_operator_decorator.py
[2023-01-11T16:36:24.107-0500] {processor.py:743} INFO - Processing file /Library/Frameworks/Python.framework/Versions/3.9/lib/python3.9/site-packages/airflow/example_dags/example_branch_operator_decorator.py for tasks to queue
[2023-01-11T16:36:24.108-0500] {logging_mixin.py:137} INFO - [2023-01-11T16:36:24.108-0500] {dagbag.py:538} INFO - Filling up the DagBag from /Library/Frameworks/Python.framework/Versions/3.9/lib/python3.9/site-packages/airflow/example_dags/example_branch_operator_decorator.py
[2023-01-11T16:36:24.161-0500] {processor.py:753} INFO - DAG(s) dict_keys(['example_branch_python_operator_decorator']) retrieved from /Library/Frameworks/Python.framework/Versions/3.9/lib/python3.9/site-packages/airflow/example_dags/example_branch_operator_decorator.py
[2023-01-11T16:36:24.825-0500] {logging_mixin.py:137} INFO - [2023-01-11T16:36:24.825-0500] {dag.py:2676} INFO - Sync 1 DAGs
[2023-01-11T16:36:24.846-0500] {logging_mixin.py:137} INFO - [2023-01-11T16:36:24.846-0500] {dag.py:3423} INFO - Setting next_dagrun for example_branch_python_operator_decorator to 2023-01-10T00:00:00+00:00, run_after=2023-01-11T00:00:00+00:00
[2023-01-11T16:36:24.868-0500] {processor.py:175} INFO - Processing /Library/Frameworks/Python.framework/Versions/3.9/lib/python3.9/site-packages/airflow/example_dags/example_branch_operator_decorator.py took 0.767 seconds
[2023-01-11T16:51:41.980-0500] {processor.py:153} INFO - Started process (PID=12103) to work on /Library/Frameworks/Python.framework/Versions/3.9/lib/python3.9/site-packages/airflow/example_dags/example_branch_operator_decorator.py
[2023-01-11T16:51:41.986-0500] {processor.py:743} INFO - Processing file /Library/Frameworks/Python.framework/Versions/3.9/lib/python3.9/site-packages/airflow/example_dags/example_branch_operator_decorator.py for tasks to queue
[2023-01-11T16:51:41.987-0500] {logging_mixin.py:137} INFO - [2023-01-11T16:51:41.986-0500] {dagbag.py:538} INFO - Filling up the DagBag from /Library/Frameworks/Python.framework/Versions/3.9/lib/python3.9/site-packages/airflow/example_dags/example_branch_operator_decorator.py
[2023-01-11T16:51:42.044-0500] {processor.py:753} INFO - DAG(s) dict_keys(['example_branch_python_operator_decorator']) retrieved from /Library/Frameworks/Python.framework/Versions/3.9/lib/python3.9/site-packages/airflow/example_dags/example_branch_operator_decorator.py
[2023-01-11T16:51:42.695-0500] {logging_mixin.py:137} INFO - [2023-01-11T16:51:42.695-0500] {dag.py:2676} INFO - Sync 1 DAGs
[2023-01-11T16:51:42.745-0500] {logging_mixin.py:137} INFO - [2023-01-11T16:51:42.744-0500] {dag.py:3423} INFO - Setting next_dagrun for example_branch_python_operator_decorator to 2023-01-10T00:00:00+00:00, run_after=2023-01-11T00:00:00+00:00
[2023-01-11T16:51:42.765-0500] {processor.py:175} INFO - Processing /Library/Frameworks/Python.framework/Versions/3.9/lib/python3.9/site-packages/airflow/example_dags/example_branch_operator_decorator.py took 0.786 seconds
[2023-01-11T16:55:29.048-0500] {processor.py:153} INFO - Started process (PID=12294) to work on /Library/Frameworks/Python.framework/Versions/3.9/lib/python3.9/site-packages/airflow/example_dags/example_branch_operator_decorator.py
[2023-01-11T16:55:29.054-0500] {processor.py:743} INFO - Processing file /Library/Frameworks/Python.framework/Versions/3.9/lib/python3.9/site-packages/airflow/example_dags/example_branch_operator_decorator.py for tasks to queue
[2023-01-11T16:55:29.055-0500] {logging_mixin.py:137} INFO - [2023-01-11T16:55:29.055-0500] {dagbag.py:538} INFO - Filling up the DagBag from /Library/Frameworks/Python.framework/Versions/3.9/lib/python3.9/site-packages/airflow/example_dags/example_branch_operator_decorator.py
[2023-01-11T16:55:29.112-0500] {processor.py:753} INFO - DAG(s) dict_keys(['example_branch_python_operator_decorator']) retrieved from /Library/Frameworks/Python.framework/Versions/3.9/lib/python3.9/site-packages/airflow/example_dags/example_branch_operator_decorator.py
[2023-01-11T16:55:29.725-0500] {logging_mixin.py:137} INFO - [2023-01-11T16:55:29.725-0500] {dag.py:2676} INFO - Sync 1 DAGs
[2023-01-11T16:55:29.744-0500] {logging_mixin.py:137} INFO - [2023-01-11T16:55:29.744-0500] {dag.py:3423} INFO - Setting next_dagrun for example_branch_python_operator_decorator to 2023-01-10T00:00:00+00:00, run_after=2023-01-11T00:00:00+00:00
[2023-01-11T16:55:29.769-0500] {processor.py:175} INFO - Processing /Library/Frameworks/Python.framework/Versions/3.9/lib/python3.9/site-packages/airflow/example_dags/example_branch_operator_decorator.py took 0.722 seconds
[2023-01-11T16:59:09.541-0500] {processor.py:153} INFO - Started process (PID=12403) to work on /Library/Frameworks/Python.framework/Versions/3.9/lib/python3.9/site-packages/airflow/example_dags/example_branch_operator_decorator.py
[2023-01-11T16:59:09.547-0500] {processor.py:743} INFO - Processing file /Library/Frameworks/Python.framework/Versions/3.9/lib/python3.9/site-packages/airflow/example_dags/example_branch_operator_decorator.py for tasks to queue
[2023-01-11T16:59:09.548-0500] {logging_mixin.py:137} INFO - [2023-01-11T16:59:09.548-0500] {dagbag.py:538} INFO - Filling up the DagBag from /Library/Frameworks/Python.framework/Versions/3.9/lib/python3.9/site-packages/airflow/example_dags/example_branch_operator_decorator.py
[2023-01-11T16:59:09.604-0500] {processor.py:753} INFO - DAG(s) dict_keys(['example_branch_python_operator_decorator']) retrieved from /Library/Frameworks/Python.framework/Versions/3.9/lib/python3.9/site-packages/airflow/example_dags/example_branch_operator_decorator.py
[2023-01-11T16:59:10.224-0500] {logging_mixin.py:137} INFO - [2023-01-11T16:59:10.224-0500] {dag.py:2676} INFO - Sync 1 DAGs
[2023-01-11T16:59:10.268-0500] {logging_mixin.py:137} INFO - [2023-01-11T16:59:10.268-0500] {dag.py:3423} INFO - Setting next_dagrun for example_branch_python_operator_decorator to 2023-01-10T00:00:00+00:00, run_after=2023-01-11T00:00:00+00:00
[2023-01-11T16:59:10.288-0500] {processor.py:175} INFO - Processing /Library/Frameworks/Python.framework/Versions/3.9/lib/python3.9/site-packages/airflow/example_dags/example_branch_operator_decorator.py took 0.747 seconds
[2023-01-11T17:03:08.590-0500] {processor.py:153} INFO - Started process (PID=13148) to work on /Library/Frameworks/Python.framework/Versions/3.9/lib/python3.9/site-packages/airflow/example_dags/example_branch_operator_decorator.py
[2023-01-11T17:03:08.597-0500] {processor.py:743} INFO - Processing file /Library/Frameworks/Python.framework/Versions/3.9/lib/python3.9/site-packages/airflow/example_dags/example_branch_operator_decorator.py for tasks to queue
[2023-01-11T17:03:08.597-0500] {logging_mixin.py:137} INFO - [2023-01-11T17:03:08.597-0500] {dagbag.py:538} INFO - Filling up the DagBag from /Library/Frameworks/Python.framework/Versions/3.9/lib/python3.9/site-packages/airflow/example_dags/example_branch_operator_decorator.py
[2023-01-11T17:03:08.658-0500] {processor.py:753} INFO - DAG(s) dict_keys(['example_branch_python_operator_decorator']) retrieved from /Library/Frameworks/Python.framework/Versions/3.9/lib/python3.9/site-packages/airflow/example_dags/example_branch_operator_decorator.py
[2023-01-11T17:03:09.324-0500] {logging_mixin.py:137} INFO - [2023-01-11T17:03:09.323-0500] {dag.py:2676} INFO - Sync 1 DAGs
[2023-01-11T17:03:09.344-0500] {logging_mixin.py:137} INFO - [2023-01-11T17:03:09.343-0500] {dag.py:3423} INFO - Setting next_dagrun for example_branch_python_operator_decorator to 2023-01-10T00:00:00+00:00, run_after=2023-01-11T00:00:00+00:00
[2023-01-11T17:03:09.364-0500] {processor.py:175} INFO - Processing /Library/Frameworks/Python.framework/Versions/3.9/lib/python3.9/site-packages/airflow/example_dags/example_branch_operator_decorator.py took 0.774 seconds
