[2023-01-10T20:13:24.551-0500] {processor.py:153} INFO - Started process (PID=2622) to work on /Library/Frameworks/Python.framework/Versions/3.9/lib/python3.9/site-packages/airflow/example_dags/example_branch_day_of_week_operator.py
[2023-01-10T20:13:24.560-0500] {processor.py:743} INFO - Processing file /Library/Frameworks/Python.framework/Versions/3.9/lib/python3.9/site-packages/airflow/example_dags/example_branch_day_of_week_operator.py for tasks to queue
[2023-01-10T20:13:24.561-0500] {logging_mixin.py:137} INFO - [2023-01-10T20:13:24.561-0500] {dagbag.py:538} INFO - Filling up the DagBag from /Library/Frameworks/Python.framework/Versions/3.9/lib/python3.9/site-packages/airflow/example_dags/example_branch_day_of_week_operator.py
[2023-01-10T20:13:24.620-0500] {processor.py:753} INFO - DAG(s) dict_keys(['example_weekday_branch_operator']) retrieved from /Library/Frameworks/Python.framework/Versions/3.9/lib/python3.9/site-packages/airflow/example_dags/example_branch_day_of_week_operator.py
[2023-01-10T20:13:25.944-0500] {logging_mixin.py:137} INFO - [2023-01-10T20:13:25.943-0500] {dag.py:2676} INFO - Sync 1 DAGs
[2023-01-10T20:13:25.975-0500] {logging_mixin.py:137} INFO - [2023-01-10T20:13:25.975-0500] {dag.py:3423} INFO - Setting next_dagrun for example_weekday_branch_operator to 2023-01-10T00:00:00+00:00, run_after=2023-01-11T00:00:00+00:00
[2023-01-10T20:13:26.006-0500] {processor.py:175} INFO - Processing /Library/Frameworks/Python.framework/Versions/3.9/lib/python3.9/site-packages/airflow/example_dags/example_branch_day_of_week_operator.py took 1.456 seconds
[2023-01-10T20:17:55.654-0500] {processor.py:153} INFO - Started process (PID=2867) to work on /Library/Frameworks/Python.framework/Versions/3.9/lib/python3.9/site-packages/airflow/example_dags/example_branch_day_of_week_operator.py
[2023-01-10T20:17:55.659-0500] {processor.py:743} INFO - Processing file /Library/Frameworks/Python.framework/Versions/3.9/lib/python3.9/site-packages/airflow/example_dags/example_branch_day_of_week_operator.py for tasks to queue
[2023-01-10T20:17:55.660-0500] {logging_mixin.py:137} INFO - [2023-01-10T20:17:55.660-0500] {dagbag.py:538} INFO - Filling up the DagBag from /Library/Frameworks/Python.framework/Versions/3.9/lib/python3.9/site-packages/airflow/example_dags/example_branch_day_of_week_operator.py
[2023-01-10T20:17:55.694-0500] {processor.py:753} INFO - DAG(s) dict_keys(['example_weekday_branch_operator']) retrieved from /Library/Frameworks/Python.framework/Versions/3.9/lib/python3.9/site-packages/airflow/example_dags/example_branch_day_of_week_operator.py
[2023-01-10T20:17:56.434-0500] {logging_mixin.py:137} INFO - [2023-01-10T20:17:56.433-0500] {dag.py:2676} INFO - Sync 1 DAGs
[2023-01-10T20:17:56.452-0500] {logging_mixin.py:137} INFO - [2023-01-10T20:17:56.452-0500] {dag.py:3423} INFO - Setting next_dagrun for example_weekday_branch_operator to 2023-01-10T00:00:00+00:00, run_after=2023-01-11T00:00:00+00:00
[2023-01-10T20:17:56.471-0500] {processor.py:175} INFO - Processing /Library/Frameworks/Python.framework/Versions/3.9/lib/python3.9/site-packages/airflow/example_dags/example_branch_day_of_week_operator.py took 0.818 seconds
[2023-01-10T20:20:36.168-0500] {processor.py:153} INFO - Started process (PID=2946) to work on /Library/Frameworks/Python.framework/Versions/3.9/lib/python3.9/site-packages/airflow/example_dags/example_branch_day_of_week_operator.py
[2023-01-10T20:20:36.173-0500] {processor.py:743} INFO - Processing file /Library/Frameworks/Python.framework/Versions/3.9/lib/python3.9/site-packages/airflow/example_dags/example_branch_day_of_week_operator.py for tasks to queue
[2023-01-10T20:20:36.174-0500] {logging_mixin.py:137} INFO - [2023-01-10T20:20:36.174-0500] {dagbag.py:538} INFO - Filling up the DagBag from /Library/Frameworks/Python.framework/Versions/3.9/lib/python3.9/site-packages/airflow/example_dags/example_branch_day_of_week_operator.py
[2023-01-10T20:20:36.201-0500] {processor.py:753} INFO - DAG(s) dict_keys(['example_weekday_branch_operator']) retrieved from /Library/Frameworks/Python.framework/Versions/3.9/lib/python3.9/site-packages/airflow/example_dags/example_branch_day_of_week_operator.py
[2023-01-10T20:20:36.982-0500] {logging_mixin.py:137} INFO - [2023-01-10T20:20:36.981-0500] {dag.py:2676} INFO - Sync 1 DAGs
[2023-01-10T20:20:37.001-0500] {logging_mixin.py:137} INFO - [2023-01-10T20:20:37.001-0500] {dag.py:3423} INFO - Setting next_dagrun for example_weekday_branch_operator to 2023-01-10T00:00:00+00:00, run_after=2023-01-11T00:00:00+00:00
[2023-01-10T20:20:37.018-0500] {processor.py:175} INFO - Processing /Library/Frameworks/Python.framework/Versions/3.9/lib/python3.9/site-packages/airflow/example_dags/example_branch_day_of_week_operator.py took 0.851 seconds
[2023-01-10T20:23:21.124-0500] {processor.py:153} INFO - Started process (PID=3033) to work on /Library/Frameworks/Python.framework/Versions/3.9/lib/python3.9/site-packages/airflow/example_dags/example_branch_day_of_week_operator.py
[2023-01-10T20:23:21.129-0500] {processor.py:743} INFO - Processing file /Library/Frameworks/Python.framework/Versions/3.9/lib/python3.9/site-packages/airflow/example_dags/example_branch_day_of_week_operator.py for tasks to queue
[2023-01-10T20:23:21.129-0500] {logging_mixin.py:137} INFO - [2023-01-10T20:23:21.129-0500] {dagbag.py:538} INFO - Filling up the DagBag from /Library/Frameworks/Python.framework/Versions/3.9/lib/python3.9/site-packages/airflow/example_dags/example_branch_day_of_week_operator.py
[2023-01-10T20:23:21.158-0500] {processor.py:753} INFO - DAG(s) dict_keys(['example_weekday_branch_operator']) retrieved from /Library/Frameworks/Python.framework/Versions/3.9/lib/python3.9/site-packages/airflow/example_dags/example_branch_day_of_week_operator.py
[2023-01-10T20:23:21.909-0500] {logging_mixin.py:137} INFO - [2023-01-10T20:23:21.909-0500] {dag.py:2676} INFO - Sync 1 DAGs
[2023-01-10T20:23:21.928-0500] {logging_mixin.py:137} INFO - [2023-01-10T20:23:21.928-0500] {dag.py:3423} INFO - Setting next_dagrun for example_weekday_branch_operator to 2023-01-10T00:00:00+00:00, run_after=2023-01-11T00:00:00+00:00
[2023-01-10T20:23:21.946-0500] {processor.py:175} INFO - Processing /Library/Frameworks/Python.framework/Versions/3.9/lib/python3.9/site-packages/airflow/example_dags/example_branch_day_of_week_operator.py took 0.823 seconds
[2023-01-10T20:25:55.669-0500] {processor.py:153} INFO - Started process (PID=3179) to work on /Library/Frameworks/Python.framework/Versions/3.9/lib/python3.9/site-packages/airflow/example_dags/example_branch_day_of_week_operator.py
[2023-01-10T20:25:55.675-0500] {processor.py:743} INFO - Processing file /Library/Frameworks/Python.framework/Versions/3.9/lib/python3.9/site-packages/airflow/example_dags/example_branch_day_of_week_operator.py for tasks to queue
[2023-01-10T20:25:55.675-0500] {logging_mixin.py:137} INFO - [2023-01-10T20:25:55.675-0500] {dagbag.py:538} INFO - Filling up the DagBag from /Library/Frameworks/Python.framework/Versions/3.9/lib/python3.9/site-packages/airflow/example_dags/example_branch_day_of_week_operator.py
[2023-01-10T20:25:55.703-0500] {processor.py:753} INFO - DAG(s) dict_keys(['example_weekday_branch_operator']) retrieved from /Library/Frameworks/Python.framework/Versions/3.9/lib/python3.9/site-packages/airflow/example_dags/example_branch_day_of_week_operator.py
[2023-01-10T20:25:56.453-0500] {logging_mixin.py:137} INFO - [2023-01-10T20:25:56.453-0500] {dag.py:2676} INFO - Sync 1 DAGs
[2023-01-10T20:25:56.473-0500] {logging_mixin.py:137} INFO - [2023-01-10T20:25:56.473-0500] {dag.py:3423} INFO - Setting next_dagrun for example_weekday_branch_operator to 2023-01-10T00:00:00+00:00, run_after=2023-01-11T00:00:00+00:00
[2023-01-10T20:25:56.491-0500] {processor.py:175} INFO - Processing /Library/Frameworks/Python.framework/Versions/3.9/lib/python3.9/site-packages/airflow/example_dags/example_branch_day_of_week_operator.py took 0.822 seconds
[2023-01-10T20:28:38.378-0500] {processor.py:153} INFO - Started process (PID=3321) to work on /Library/Frameworks/Python.framework/Versions/3.9/lib/python3.9/site-packages/airflow/example_dags/example_branch_day_of_week_operator.py
[2023-01-10T20:28:38.383-0500] {processor.py:743} INFO - Processing file /Library/Frameworks/Python.framework/Versions/3.9/lib/python3.9/site-packages/airflow/example_dags/example_branch_day_of_week_operator.py for tasks to queue
[2023-01-10T20:28:38.384-0500] {logging_mixin.py:137} INFO - [2023-01-10T20:28:38.383-0500] {dagbag.py:538} INFO - Filling up the DagBag from /Library/Frameworks/Python.framework/Versions/3.9/lib/python3.9/site-packages/airflow/example_dags/example_branch_day_of_week_operator.py
[2023-01-10T20:28:38.412-0500] {processor.py:753} INFO - DAG(s) dict_keys(['example_weekday_branch_operator']) retrieved from /Library/Frameworks/Python.framework/Versions/3.9/lib/python3.9/site-packages/airflow/example_dags/example_branch_day_of_week_operator.py
[2023-01-10T20:28:39.157-0500] {logging_mixin.py:137} INFO - [2023-01-10T20:28:39.157-0500] {dag.py:2676} INFO - Sync 1 DAGs
[2023-01-10T20:28:39.180-0500] {logging_mixin.py:137} INFO - [2023-01-10T20:28:39.179-0500] {dag.py:3423} INFO - Setting next_dagrun for example_weekday_branch_operator to 2023-01-10T00:00:00+00:00, run_after=2023-01-11T00:00:00+00:00
[2023-01-10T20:28:39.202-0500] {processor.py:175} INFO - Processing /Library/Frameworks/Python.framework/Versions/3.9/lib/python3.9/site-packages/airflow/example_dags/example_branch_day_of_week_operator.py took 0.825 seconds
[2023-01-10T20:31:19.453-0500] {processor.py:153} INFO - Started process (PID=3406) to work on /Library/Frameworks/Python.framework/Versions/3.9/lib/python3.9/site-packages/airflow/example_dags/example_branch_day_of_week_operator.py
[2023-01-10T20:31:19.459-0500] {processor.py:743} INFO - Processing file /Library/Frameworks/Python.framework/Versions/3.9/lib/python3.9/site-packages/airflow/example_dags/example_branch_day_of_week_operator.py for tasks to queue
[2023-01-10T20:31:19.459-0500] {logging_mixin.py:137} INFO - [2023-01-10T20:31:19.459-0500] {dagbag.py:538} INFO - Filling up the DagBag from /Library/Frameworks/Python.framework/Versions/3.9/lib/python3.9/site-packages/airflow/example_dags/example_branch_day_of_week_operator.py
[2023-01-10T20:31:19.489-0500] {processor.py:753} INFO - DAG(s) dict_keys(['example_weekday_branch_operator']) retrieved from /Library/Frameworks/Python.framework/Versions/3.9/lib/python3.9/site-packages/airflow/example_dags/example_branch_day_of_week_operator.py
[2023-01-10T20:31:20.224-0500] {logging_mixin.py:137} INFO - [2023-01-10T20:31:20.224-0500] {dag.py:2676} INFO - Sync 1 DAGs
[2023-01-10T20:31:20.244-0500] {logging_mixin.py:137} INFO - [2023-01-10T20:31:20.244-0500] {dag.py:3423} INFO - Setting next_dagrun for example_weekday_branch_operator to 2023-01-10T00:00:00+00:00, run_after=2023-01-11T00:00:00+00:00
[2023-01-10T20:31:20.262-0500] {processor.py:175} INFO - Processing /Library/Frameworks/Python.framework/Versions/3.9/lib/python3.9/site-packages/airflow/example_dags/example_branch_day_of_week_operator.py took 0.810 seconds
[2023-01-10T20:34:30.444-0500] {processor.py:153} INFO - Started process (PID=3636) to work on /Library/Frameworks/Python.framework/Versions/3.9/lib/python3.9/site-packages/airflow/example_dags/example_branch_day_of_week_operator.py
[2023-01-10T20:34:30.451-0500] {processor.py:743} INFO - Processing file /Library/Frameworks/Python.framework/Versions/3.9/lib/python3.9/site-packages/airflow/example_dags/example_branch_day_of_week_operator.py for tasks to queue
[2023-01-10T20:34:30.451-0500] {logging_mixin.py:137} INFO - [2023-01-10T20:34:30.451-0500] {dagbag.py:538} INFO - Filling up the DagBag from /Library/Frameworks/Python.framework/Versions/3.9/lib/python3.9/site-packages/airflow/example_dags/example_branch_day_of_week_operator.py
[2023-01-10T20:34:30.500-0500] {processor.py:753} INFO - DAG(s) dict_keys(['example_weekday_branch_operator']) retrieved from /Library/Frameworks/Python.framework/Versions/3.9/lib/python3.9/site-packages/airflow/example_dags/example_branch_day_of_week_operator.py
[2023-01-10T20:34:31.146-0500] {logging_mixin.py:137} INFO - [2023-01-10T20:34:31.145-0500] {dag.py:2676} INFO - Sync 1 DAGs
[2023-01-10T20:34:31.162-0500] {logging_mixin.py:137} INFO - [2023-01-10T20:34:31.162-0500] {dag.py:3423} INFO - Setting next_dagrun for example_weekday_branch_operator to 2023-01-10T00:00:00+00:00, run_after=2023-01-11T00:00:00+00:00
[2023-01-10T20:34:31.182-0500] {processor.py:175} INFO - Processing /Library/Frameworks/Python.framework/Versions/3.9/lib/python3.9/site-packages/airflow/example_dags/example_branch_day_of_week_operator.py took 0.739 seconds
[2023-01-10T20:37:52.885-0500] {processor.py:153} INFO - Started process (PID=3836) to work on /Library/Frameworks/Python.framework/Versions/3.9/lib/python3.9/site-packages/airflow/example_dags/example_branch_day_of_week_operator.py
[2023-01-10T20:37:52.890-0500] {processor.py:743} INFO - Processing file /Library/Frameworks/Python.framework/Versions/3.9/lib/python3.9/site-packages/airflow/example_dags/example_branch_day_of_week_operator.py for tasks to queue
[2023-01-10T20:37:52.891-0500] {logging_mixin.py:137} INFO - [2023-01-10T20:37:52.891-0500] {dagbag.py:538} INFO - Filling up the DagBag from /Library/Frameworks/Python.framework/Versions/3.9/lib/python3.9/site-packages/airflow/example_dags/example_branch_day_of_week_operator.py
[2023-01-10T20:37:52.928-0500] {processor.py:753} INFO - DAG(s) dict_keys(['example_weekday_branch_operator']) retrieved from /Library/Frameworks/Python.framework/Versions/3.9/lib/python3.9/site-packages/airflow/example_dags/example_branch_day_of_week_operator.py
[2023-01-10T20:37:53.573-0500] {logging_mixin.py:137} INFO - [2023-01-10T20:37:53.572-0500] {dag.py:2676} INFO - Sync 1 DAGs
[2023-01-10T20:37:53.590-0500] {logging_mixin.py:137} INFO - [2023-01-10T20:37:53.589-0500] {dag.py:3423} INFO - Setting next_dagrun for example_weekday_branch_operator to 2023-01-10T00:00:00+00:00, run_after=2023-01-11T00:00:00+00:00
[2023-01-10T20:37:53.608-0500] {processor.py:175} INFO - Processing /Library/Frameworks/Python.framework/Versions/3.9/lib/python3.9/site-packages/airflow/example_dags/example_branch_day_of_week_operator.py took 0.724 seconds
[2023-01-10T20:41:27.237-0500] {processor.py:153} INFO - Started process (PID=3966) to work on /Library/Frameworks/Python.framework/Versions/3.9/lib/python3.9/site-packages/airflow/example_dags/example_branch_day_of_week_operator.py
[2023-01-10T20:41:27.243-0500] {processor.py:743} INFO - Processing file /Library/Frameworks/Python.framework/Versions/3.9/lib/python3.9/site-packages/airflow/example_dags/example_branch_day_of_week_operator.py for tasks to queue
[2023-01-10T20:41:27.243-0500] {logging_mixin.py:137} INFO - [2023-01-10T20:41:27.243-0500] {dagbag.py:538} INFO - Filling up the DagBag from /Library/Frameworks/Python.framework/Versions/3.9/lib/python3.9/site-packages/airflow/example_dags/example_branch_day_of_week_operator.py
[2023-01-10T20:41:27.274-0500] {processor.py:753} INFO - DAG(s) dict_keys(['example_weekday_branch_operator']) retrieved from /Library/Frameworks/Python.framework/Versions/3.9/lib/python3.9/site-packages/airflow/example_dags/example_branch_day_of_week_operator.py
[2023-01-10T20:41:27.909-0500] {logging_mixin.py:137} INFO - [2023-01-10T20:41:27.909-0500] {dag.py:2676} INFO - Sync 1 DAGs
[2023-01-10T20:41:27.927-0500] {logging_mixin.py:137} INFO - [2023-01-10T20:41:27.927-0500] {dag.py:3423} INFO - Setting next_dagrun for example_weekday_branch_operator to 2023-01-10T00:00:00+00:00, run_after=2023-01-11T00:00:00+00:00
[2023-01-10T20:41:27.947-0500] {processor.py:175} INFO - Processing /Library/Frameworks/Python.framework/Versions/3.9/lib/python3.9/site-packages/airflow/example_dags/example_branch_day_of_week_operator.py took 0.710 seconds
[2023-01-10T20:45:02.445-0500] {processor.py:153} INFO - Started process (PID=4197) to work on /Library/Frameworks/Python.framework/Versions/3.9/lib/python3.9/site-packages/airflow/example_dags/example_branch_day_of_week_operator.py
[2023-01-10T20:45:02.464-0500] {processor.py:743} INFO - Processing file /Library/Frameworks/Python.framework/Versions/3.9/lib/python3.9/site-packages/airflow/example_dags/example_branch_day_of_week_operator.py for tasks to queue
[2023-01-10T20:45:02.465-0500] {logging_mixin.py:137} INFO - [2023-01-10T20:45:02.464-0500] {dagbag.py:538} INFO - Filling up the DagBag from /Library/Frameworks/Python.framework/Versions/3.9/lib/python3.9/site-packages/airflow/example_dags/example_branch_day_of_week_operator.py
[2023-01-10T20:45:02.507-0500] {processor.py:753} INFO - DAG(s) dict_keys(['example_weekday_branch_operator']) retrieved from /Library/Frameworks/Python.framework/Versions/3.9/lib/python3.9/site-packages/airflow/example_dags/example_branch_day_of_week_operator.py
[2023-01-10T20:45:03.148-0500] {logging_mixin.py:137} INFO - [2023-01-10T20:45:03.147-0500] {dag.py:2676} INFO - Sync 1 DAGs
[2023-01-10T20:45:03.166-0500] {logging_mixin.py:137} INFO - [2023-01-10T20:45:03.166-0500] {dag.py:3423} INFO - Setting next_dagrun for example_weekday_branch_operator to 2023-01-10T00:00:00+00:00, run_after=2023-01-11T00:00:00+00:00
[2023-01-10T20:45:03.184-0500] {processor.py:175} INFO - Processing /Library/Frameworks/Python.framework/Versions/3.9/lib/python3.9/site-packages/airflow/example_dags/example_branch_day_of_week_operator.py took 0.740 seconds
[2023-01-10T20:48:35.732-0500] {processor.py:153} INFO - Started process (PID=4354) to work on /Library/Frameworks/Python.framework/Versions/3.9/lib/python3.9/site-packages/airflow/example_dags/example_branch_day_of_week_operator.py
[2023-01-10T20:48:35.738-0500] {processor.py:743} INFO - Processing file /Library/Frameworks/Python.framework/Versions/3.9/lib/python3.9/site-packages/airflow/example_dags/example_branch_day_of_week_operator.py for tasks to queue
[2023-01-10T20:48:35.739-0500] {logging_mixin.py:137} INFO - [2023-01-10T20:48:35.739-0500] {dagbag.py:538} INFO - Filling up the DagBag from /Library/Frameworks/Python.framework/Versions/3.9/lib/python3.9/site-packages/airflow/example_dags/example_branch_day_of_week_operator.py
[2023-01-10T20:48:35.771-0500] {processor.py:753} INFO - DAG(s) dict_keys(['example_weekday_branch_operator']) retrieved from /Library/Frameworks/Python.framework/Versions/3.9/lib/python3.9/site-packages/airflow/example_dags/example_branch_day_of_week_operator.py
[2023-01-10T20:48:36.393-0500] {logging_mixin.py:137} INFO - [2023-01-10T20:48:36.393-0500] {dag.py:2676} INFO - Sync 1 DAGs
[2023-01-10T20:48:36.409-0500] {logging_mixin.py:137} INFO - [2023-01-10T20:48:36.409-0500] {dag.py:3423} INFO - Setting next_dagrun for example_weekday_branch_operator to 2023-01-10T00:00:00+00:00, run_after=2023-01-11T00:00:00+00:00
[2023-01-10T20:48:36.428-0500] {processor.py:175} INFO - Processing /Library/Frameworks/Python.framework/Versions/3.9/lib/python3.9/site-packages/airflow/example_dags/example_branch_day_of_week_operator.py took 0.697 seconds
[2023-01-10T20:51:53.723-0500] {processor.py:153} INFO - Started process (PID=4444) to work on /Library/Frameworks/Python.framework/Versions/3.9/lib/python3.9/site-packages/airflow/example_dags/example_branch_day_of_week_operator.py
[2023-01-10T20:51:53.729-0500] {processor.py:743} INFO - Processing file /Library/Frameworks/Python.framework/Versions/3.9/lib/python3.9/site-packages/airflow/example_dags/example_branch_day_of_week_operator.py for tasks to queue
[2023-01-10T20:51:53.730-0500] {logging_mixin.py:137} INFO - [2023-01-10T20:51:53.730-0500] {dagbag.py:538} INFO - Filling up the DagBag from /Library/Frameworks/Python.framework/Versions/3.9/lib/python3.9/site-packages/airflow/example_dags/example_branch_day_of_week_operator.py
[2023-01-10T20:51:53.762-0500] {processor.py:753} INFO - DAG(s) dict_keys(['example_weekday_branch_operator']) retrieved from /Library/Frameworks/Python.framework/Versions/3.9/lib/python3.9/site-packages/airflow/example_dags/example_branch_day_of_week_operator.py
[2023-01-10T20:51:54.394-0500] {logging_mixin.py:137} INFO - [2023-01-10T20:51:54.394-0500] {dag.py:2676} INFO - Sync 1 DAGs
[2023-01-10T20:51:54.410-0500] {logging_mixin.py:137} INFO - [2023-01-10T20:51:54.410-0500] {dag.py:3423} INFO - Setting next_dagrun for example_weekday_branch_operator to 2023-01-10T00:00:00+00:00, run_after=2023-01-11T00:00:00+00:00
[2023-01-10T20:51:54.430-0500] {processor.py:175} INFO - Processing /Library/Frameworks/Python.framework/Versions/3.9/lib/python3.9/site-packages/airflow/example_dags/example_branch_day_of_week_operator.py took 0.707 seconds
[2023-01-10T20:55:11.438-0500] {processor.py:153} INFO - Started process (PID=4603) to work on /Library/Frameworks/Python.framework/Versions/3.9/lib/python3.9/site-packages/airflow/example_dags/example_branch_day_of_week_operator.py
[2023-01-10T20:55:11.443-0500] {processor.py:743} INFO - Processing file /Library/Frameworks/Python.framework/Versions/3.9/lib/python3.9/site-packages/airflow/example_dags/example_branch_day_of_week_operator.py for tasks to queue
[2023-01-10T20:55:11.444-0500] {logging_mixin.py:137} INFO - [2023-01-10T20:55:11.444-0500] {dagbag.py:538} INFO - Filling up the DagBag from /Library/Frameworks/Python.framework/Versions/3.9/lib/python3.9/site-packages/airflow/example_dags/example_branch_day_of_week_operator.py
[2023-01-10T20:55:11.479-0500] {processor.py:753} INFO - DAG(s) dict_keys(['example_weekday_branch_operator']) retrieved from /Library/Frameworks/Python.framework/Versions/3.9/lib/python3.9/site-packages/airflow/example_dags/example_branch_day_of_week_operator.py
[2023-01-10T20:55:12.112-0500] {logging_mixin.py:137} INFO - [2023-01-10T20:55:12.112-0500] {dag.py:2676} INFO - Sync 1 DAGs
[2023-01-10T20:55:12.128-0500] {logging_mixin.py:137} INFO - [2023-01-10T20:55:12.128-0500] {dag.py:3423} INFO - Setting next_dagrun for example_weekday_branch_operator to 2023-01-10T00:00:00+00:00, run_after=2023-01-11T00:00:00+00:00
[2023-01-10T20:55:12.150-0500] {processor.py:175} INFO - Processing /Library/Frameworks/Python.framework/Versions/3.9/lib/python3.9/site-packages/airflow/example_dags/example_branch_day_of_week_operator.py took 0.713 seconds
[2023-01-10T20:58:25.825-0500] {processor.py:153} INFO - Started process (PID=4692) to work on /Library/Frameworks/Python.framework/Versions/3.9/lib/python3.9/site-packages/airflow/example_dags/example_branch_day_of_week_operator.py
[2023-01-10T20:58:25.831-0500] {processor.py:743} INFO - Processing file /Library/Frameworks/Python.framework/Versions/3.9/lib/python3.9/site-packages/airflow/example_dags/example_branch_day_of_week_operator.py for tasks to queue
[2023-01-10T20:58:25.831-0500] {logging_mixin.py:137} INFO - [2023-01-10T20:58:25.831-0500] {dagbag.py:538} INFO - Filling up the DagBag from /Library/Frameworks/Python.framework/Versions/3.9/lib/python3.9/site-packages/airflow/example_dags/example_branch_day_of_week_operator.py
[2023-01-10T20:58:25.860-0500] {processor.py:753} INFO - DAG(s) dict_keys(['example_weekday_branch_operator']) retrieved from /Library/Frameworks/Python.framework/Versions/3.9/lib/python3.9/site-packages/airflow/example_dags/example_branch_day_of_week_operator.py
[2023-01-10T20:58:26.498-0500] {logging_mixin.py:137} INFO - [2023-01-10T20:58:26.498-0500] {dag.py:2676} INFO - Sync 1 DAGs
[2023-01-10T20:58:26.517-0500] {logging_mixin.py:137} INFO - [2023-01-10T20:58:26.517-0500] {dag.py:3423} INFO - Setting next_dagrun for example_weekday_branch_operator to 2023-01-10T00:00:00+00:00, run_after=2023-01-11T00:00:00+00:00
[2023-01-10T20:58:26.536-0500] {processor.py:175} INFO - Processing /Library/Frameworks/Python.framework/Versions/3.9/lib/python3.9/site-packages/airflow/example_dags/example_branch_day_of_week_operator.py took 0.712 seconds
[2023-01-10T21:01:40.322-0500] {processor.py:153} INFO - Started process (PID=4767) to work on /Library/Frameworks/Python.framework/Versions/3.9/lib/python3.9/site-packages/airflow/example_dags/example_branch_day_of_week_operator.py
[2023-01-10T21:01:40.327-0500] {processor.py:743} INFO - Processing file /Library/Frameworks/Python.framework/Versions/3.9/lib/python3.9/site-packages/airflow/example_dags/example_branch_day_of_week_operator.py for tasks to queue
[2023-01-10T21:01:40.328-0500] {logging_mixin.py:137} INFO - [2023-01-10T21:01:40.328-0500] {dagbag.py:538} INFO - Filling up the DagBag from /Library/Frameworks/Python.framework/Versions/3.9/lib/python3.9/site-packages/airflow/example_dags/example_branch_day_of_week_operator.py
[2023-01-10T21:01:40.359-0500] {processor.py:753} INFO - DAG(s) dict_keys(['example_weekday_branch_operator']) retrieved from /Library/Frameworks/Python.framework/Versions/3.9/lib/python3.9/site-packages/airflow/example_dags/example_branch_day_of_week_operator.py
[2023-01-10T21:01:41.015-0500] {logging_mixin.py:137} INFO - [2023-01-10T21:01:41.015-0500] {dag.py:2676} INFO - Sync 1 DAGs
[2023-01-10T21:01:41.033-0500] {logging_mixin.py:137} INFO - [2023-01-10T21:01:41.033-0500] {dag.py:3423} INFO - Setting next_dagrun for example_weekday_branch_operator to 2023-01-10T00:00:00+00:00, run_after=2023-01-11T00:00:00+00:00
[2023-01-10T21:01:41.058-0500] {processor.py:175} INFO - Processing /Library/Frameworks/Python.framework/Versions/3.9/lib/python3.9/site-packages/airflow/example_dags/example_branch_day_of_week_operator.py took 0.736 seconds
[2023-01-10T21:04:47.950-0500] {processor.py:153} INFO - Started process (PID=4925) to work on /Library/Frameworks/Python.framework/Versions/3.9/lib/python3.9/site-packages/airflow/example_dags/example_branch_day_of_week_operator.py
[2023-01-10T21:04:47.955-0500] {processor.py:743} INFO - Processing file /Library/Frameworks/Python.framework/Versions/3.9/lib/python3.9/site-packages/airflow/example_dags/example_branch_day_of_week_operator.py for tasks to queue
[2023-01-10T21:04:47.956-0500] {logging_mixin.py:137} INFO - [2023-01-10T21:04:47.956-0500] {dagbag.py:538} INFO - Filling up the DagBag from /Library/Frameworks/Python.framework/Versions/3.9/lib/python3.9/site-packages/airflow/example_dags/example_branch_day_of_week_operator.py
[2023-01-10T21:04:47.985-0500] {processor.py:753} INFO - DAG(s) dict_keys(['example_weekday_branch_operator']) retrieved from /Library/Frameworks/Python.framework/Versions/3.9/lib/python3.9/site-packages/airflow/example_dags/example_branch_day_of_week_operator.py
[2023-01-10T21:04:48.556-0500] {logging_mixin.py:137} INFO - [2023-01-10T21:04:48.556-0500] {dag.py:2676} INFO - Sync 1 DAGs
[2023-01-10T21:04:48.572-0500] {logging_mixin.py:137} INFO - [2023-01-10T21:04:48.572-0500] {dag.py:3423} INFO - Setting next_dagrun for example_weekday_branch_operator to 2023-01-10T00:00:00+00:00, run_after=2023-01-11T00:00:00+00:00
[2023-01-10T21:04:48.590-0500] {processor.py:175} INFO - Processing /Library/Frameworks/Python.framework/Versions/3.9/lib/python3.9/site-packages/airflow/example_dags/example_branch_day_of_week_operator.py took 0.640 seconds
[2023-01-10T21:07:51.030-0500] {processor.py:153} INFO - Started process (PID=5034) to work on /Library/Frameworks/Python.framework/Versions/3.9/lib/python3.9/site-packages/airflow/example_dags/example_branch_day_of_week_operator.py
[2023-01-10T21:07:51.036-0500] {processor.py:743} INFO - Processing file /Library/Frameworks/Python.framework/Versions/3.9/lib/python3.9/site-packages/airflow/example_dags/example_branch_day_of_week_operator.py for tasks to queue
[2023-01-10T21:07:51.036-0500] {logging_mixin.py:137} INFO - [2023-01-10T21:07:51.036-0500] {dagbag.py:538} INFO - Filling up the DagBag from /Library/Frameworks/Python.framework/Versions/3.9/lib/python3.9/site-packages/airflow/example_dags/example_branch_day_of_week_operator.py
[2023-01-10T21:07:51.065-0500] {processor.py:753} INFO - DAG(s) dict_keys(['example_weekday_branch_operator']) retrieved from /Library/Frameworks/Python.framework/Versions/3.9/lib/python3.9/site-packages/airflow/example_dags/example_branch_day_of_week_operator.py
[2023-01-10T21:07:51.719-0500] {logging_mixin.py:137} INFO - [2023-01-10T21:07:51.719-0500] {dag.py:2676} INFO - Sync 1 DAGs
[2023-01-10T21:07:51.736-0500] {logging_mixin.py:137} INFO - [2023-01-10T21:07:51.736-0500] {dag.py:3423} INFO - Setting next_dagrun for example_weekday_branch_operator to 2023-01-10T00:00:00+00:00, run_after=2023-01-11T00:00:00+00:00
[2023-01-10T21:07:51.758-0500] {processor.py:175} INFO - Processing /Library/Frameworks/Python.framework/Versions/3.9/lib/python3.9/site-packages/airflow/example_dags/example_branch_day_of_week_operator.py took 0.729 seconds
[2023-01-10T21:11:01.472-0500] {processor.py:153} INFO - Started process (PID=5134) to work on /Library/Frameworks/Python.framework/Versions/3.9/lib/python3.9/site-packages/airflow/example_dags/example_branch_day_of_week_operator.py
[2023-01-10T21:11:01.478-0500] {processor.py:743} INFO - Processing file /Library/Frameworks/Python.framework/Versions/3.9/lib/python3.9/site-packages/airflow/example_dags/example_branch_day_of_week_operator.py for tasks to queue
[2023-01-10T21:11:01.479-0500] {logging_mixin.py:137} INFO - [2023-01-10T21:11:01.479-0500] {dagbag.py:538} INFO - Filling up the DagBag from /Library/Frameworks/Python.framework/Versions/3.9/lib/python3.9/site-packages/airflow/example_dags/example_branch_day_of_week_operator.py
[2023-01-10T21:11:01.511-0500] {processor.py:753} INFO - DAG(s) dict_keys(['example_weekday_branch_operator']) retrieved from /Library/Frameworks/Python.framework/Versions/3.9/lib/python3.9/site-packages/airflow/example_dags/example_branch_day_of_week_operator.py
[2023-01-10T21:11:02.146-0500] {logging_mixin.py:137} INFO - [2023-01-10T21:11:02.146-0500] {dag.py:2676} INFO - Sync 1 DAGs
[2023-01-10T21:11:02.163-0500] {logging_mixin.py:137} INFO - [2023-01-10T21:11:02.163-0500] {dag.py:3423} INFO - Setting next_dagrun for example_weekday_branch_operator to 2023-01-10T00:00:00+00:00, run_after=2023-01-11T00:00:00+00:00
[2023-01-10T21:11:02.183-0500] {processor.py:175} INFO - Processing /Library/Frameworks/Python.framework/Versions/3.9/lib/python3.9/site-packages/airflow/example_dags/example_branch_day_of_week_operator.py took 0.711 seconds
[2023-01-10T21:13:59.915-0500] {processor.py:153} INFO - Started process (PID=5234) to work on /Library/Frameworks/Python.framework/Versions/3.9/lib/python3.9/site-packages/airflow/example_dags/example_branch_day_of_week_operator.py
[2023-01-10T21:13:59.920-0500] {processor.py:743} INFO - Processing file /Library/Frameworks/Python.framework/Versions/3.9/lib/python3.9/site-packages/airflow/example_dags/example_branch_day_of_week_operator.py for tasks to queue
[2023-01-10T21:13:59.920-0500] {logging_mixin.py:137} INFO - [2023-01-10T21:13:59.920-0500] {dagbag.py:538} INFO - Filling up the DagBag from /Library/Frameworks/Python.framework/Versions/3.9/lib/python3.9/site-packages/airflow/example_dags/example_branch_day_of_week_operator.py
[2023-01-10T21:13:59.949-0500] {processor.py:753} INFO - DAG(s) dict_keys(['example_weekday_branch_operator']) retrieved from /Library/Frameworks/Python.framework/Versions/3.9/lib/python3.9/site-packages/airflow/example_dags/example_branch_day_of_week_operator.py
[2023-01-10T21:14:00.636-0500] {logging_mixin.py:137} INFO - [2023-01-10T21:14:00.635-0500] {dag.py:2676} INFO - Sync 1 DAGs
[2023-01-10T21:14:00.652-0500] {logging_mixin.py:137} INFO - [2023-01-10T21:14:00.652-0500] {dag.py:3423} INFO - Setting next_dagrun for example_weekday_branch_operator to 2023-01-10T00:00:00+00:00, run_after=2023-01-11T00:00:00+00:00
[2023-01-10T21:14:00.670-0500] {processor.py:175} INFO - Processing /Library/Frameworks/Python.framework/Versions/3.9/lib/python3.9/site-packages/airflow/example_dags/example_branch_day_of_week_operator.py took 0.755 seconds
[2023-01-10T21:17:11.726-0500] {processor.py:153} INFO - Started process (PID=5379) to work on /Library/Frameworks/Python.framework/Versions/3.9/lib/python3.9/site-packages/airflow/example_dags/example_branch_day_of_week_operator.py
[2023-01-10T21:17:11.732-0500] {processor.py:743} INFO - Processing file /Library/Frameworks/Python.framework/Versions/3.9/lib/python3.9/site-packages/airflow/example_dags/example_branch_day_of_week_operator.py for tasks to queue
[2023-01-10T21:17:11.732-0500] {logging_mixin.py:137} INFO - [2023-01-10T21:17:11.732-0500] {dagbag.py:538} INFO - Filling up the DagBag from /Library/Frameworks/Python.framework/Versions/3.9/lib/python3.9/site-packages/airflow/example_dags/example_branch_day_of_week_operator.py
[2023-01-10T21:17:11.770-0500] {processor.py:753} INFO - DAG(s) dict_keys(['example_weekday_branch_operator']) retrieved from /Library/Frameworks/Python.framework/Versions/3.9/lib/python3.9/site-packages/airflow/example_dags/example_branch_day_of_week_operator.py
[2023-01-10T21:17:12.430-0500] {logging_mixin.py:137} INFO - [2023-01-10T21:17:12.430-0500] {dag.py:2676} INFO - Sync 1 DAGs
[2023-01-10T21:17:12.446-0500] {logging_mixin.py:137} INFO - [2023-01-10T21:17:12.445-0500] {dag.py:3423} INFO - Setting next_dagrun for example_weekday_branch_operator to 2023-01-10T00:00:00+00:00, run_after=2023-01-11T00:00:00+00:00
[2023-01-10T21:17:12.474-0500] {processor.py:175} INFO - Processing /Library/Frameworks/Python.framework/Versions/3.9/lib/python3.9/site-packages/airflow/example_dags/example_branch_day_of_week_operator.py took 0.749 seconds
[2023-01-10T21:21:18.440-0500] {processor.py:153} INFO - Started process (PID=5575) to work on /Library/Frameworks/Python.framework/Versions/3.9/lib/python3.9/site-packages/airflow/example_dags/example_branch_day_of_week_operator.py
[2023-01-10T21:21:18.446-0500] {processor.py:743} INFO - Processing file /Library/Frameworks/Python.framework/Versions/3.9/lib/python3.9/site-packages/airflow/example_dags/example_branch_day_of_week_operator.py for tasks to queue
[2023-01-10T21:21:18.447-0500] {logging_mixin.py:137} INFO - [2023-01-10T21:21:18.447-0500] {dagbag.py:538} INFO - Filling up the DagBag from /Library/Frameworks/Python.framework/Versions/3.9/lib/python3.9/site-packages/airflow/example_dags/example_branch_day_of_week_operator.py
[2023-01-10T21:21:18.480-0500] {processor.py:753} INFO - DAG(s) dict_keys(['example_weekday_branch_operator']) retrieved from /Library/Frameworks/Python.framework/Versions/3.9/lib/python3.9/site-packages/airflow/example_dags/example_branch_day_of_week_operator.py
[2023-01-10T21:21:19.061-0500] {logging_mixin.py:137} INFO - [2023-01-10T21:21:19.060-0500] {dag.py:2676} INFO - Sync 1 DAGs
[2023-01-10T21:21:19.076-0500] {logging_mixin.py:137} INFO - [2023-01-10T21:21:19.076-0500] {dag.py:3423} INFO - Setting next_dagrun for example_weekday_branch_operator to 2023-01-10T00:00:00+00:00, run_after=2023-01-11T00:00:00+00:00
[2023-01-10T21:21:19.094-0500] {processor.py:175} INFO - Processing /Library/Frameworks/Python.framework/Versions/3.9/lib/python3.9/site-packages/airflow/example_dags/example_branch_day_of_week_operator.py took 0.654 seconds
[2023-01-10T22:22:49.142-0500] {processor.py:153} INFO - Started process (PID=6242) to work on /Library/Frameworks/Python.framework/Versions/3.9/lib/python3.9/site-packages/airflow/example_dags/example_branch_day_of_week_operator.py
[2023-01-10T22:22:49.154-0500] {processor.py:743} INFO - Processing file /Library/Frameworks/Python.framework/Versions/3.9/lib/python3.9/site-packages/airflow/example_dags/example_branch_day_of_week_operator.py for tasks to queue
[2023-01-10T22:22:49.155-0500] {logging_mixin.py:137} INFO - [2023-01-10T22:22:49.155-0500] {dagbag.py:538} INFO - Filling up the DagBag from /Library/Frameworks/Python.framework/Versions/3.9/lib/python3.9/site-packages/airflow/example_dags/example_branch_day_of_week_operator.py
[2023-01-10T22:22:49.351-0500] {processor.py:753} INFO - DAG(s) dict_keys(['example_weekday_branch_operator']) retrieved from /Library/Frameworks/Python.framework/Versions/3.9/lib/python3.9/site-packages/airflow/example_dags/example_branch_day_of_week_operator.py
[2023-01-10T22:22:51.861-0500] {logging_mixin.py:137} INFO - [2023-01-10T22:22:51.861-0500] {dag.py:2676} INFO - Sync 1 DAGs
[2023-01-10T22:22:51.894-0500] {logging_mixin.py:137} INFO - [2023-01-10T22:22:51.894-0500] {dag.py:3423} INFO - Setting next_dagrun for example_weekday_branch_operator to 2023-01-10T00:00:00+00:00, run_after=2023-01-11T00:00:00+00:00
[2023-01-10T22:22:51.950-0500] {processor.py:175} INFO - Processing /Library/Frameworks/Python.framework/Versions/3.9/lib/python3.9/site-packages/airflow/example_dags/example_branch_day_of_week_operator.py took 2.810 seconds
[2023-01-10T22:29:52.370-0500] {processor.py:153} INFO - Started process (PID=6423) to work on /Library/Frameworks/Python.framework/Versions/3.9/lib/python3.9/site-packages/airflow/example_dags/example_branch_day_of_week_operator.py
[2023-01-10T22:29:52.375-0500] {processor.py:743} INFO - Processing file /Library/Frameworks/Python.framework/Versions/3.9/lib/python3.9/site-packages/airflow/example_dags/example_branch_day_of_week_operator.py for tasks to queue
[2023-01-10T22:29:52.376-0500] {logging_mixin.py:137} INFO - [2023-01-10T22:29:52.376-0500] {dagbag.py:538} INFO - Filling up the DagBag from /Library/Frameworks/Python.framework/Versions/3.9/lib/python3.9/site-packages/airflow/example_dags/example_branch_day_of_week_operator.py
[2023-01-10T22:29:52.409-0500] {processor.py:753} INFO - DAG(s) dict_keys(['example_weekday_branch_operator']) retrieved from /Library/Frameworks/Python.framework/Versions/3.9/lib/python3.9/site-packages/airflow/example_dags/example_branch_day_of_week_operator.py
[2023-01-10T22:29:53.068-0500] {logging_mixin.py:137} INFO - [2023-01-10T22:29:53.067-0500] {dag.py:2676} INFO - Sync 1 DAGs
[2023-01-10T22:29:53.095-0500] {logging_mixin.py:137} INFO - [2023-01-10T22:29:53.095-0500] {dag.py:3423} INFO - Setting next_dagrun for example_weekday_branch_operator to 2023-01-10T00:00:00+00:00, run_after=2023-01-11T00:00:00+00:00
[2023-01-10T22:29:53.123-0500] {processor.py:175} INFO - Processing /Library/Frameworks/Python.framework/Versions/3.9/lib/python3.9/site-packages/airflow/example_dags/example_branch_day_of_week_operator.py took 0.754 seconds
[2023-01-11T11:18:46.769-0500] {processor.py:153} INFO - Started process (PID=7038) to work on /Library/Frameworks/Python.framework/Versions/3.9/lib/python3.9/site-packages/airflow/example_dags/example_branch_day_of_week_operator.py
[2023-01-11T11:18:46.783-0500] {processor.py:743} INFO - Processing file /Library/Frameworks/Python.framework/Versions/3.9/lib/python3.9/site-packages/airflow/example_dags/example_branch_day_of_week_operator.py for tasks to queue
[2023-01-11T11:18:46.784-0500] {logging_mixin.py:137} INFO - [2023-01-11T11:18:46.783-0500] {dagbag.py:538} INFO - Filling up the DagBag from /Library/Frameworks/Python.framework/Versions/3.9/lib/python3.9/site-packages/airflow/example_dags/example_branch_day_of_week_operator.py
[2023-01-11T11:18:46.845-0500] {processor.py:753} INFO - DAG(s) dict_keys(['example_weekday_branch_operator']) retrieved from /Library/Frameworks/Python.framework/Versions/3.9/lib/python3.9/site-packages/airflow/example_dags/example_branch_day_of_week_operator.py
[2023-01-11T11:18:47.721-0500] {logging_mixin.py:137} INFO - [2023-01-11T11:18:47.721-0500] {dag.py:2676} INFO - Sync 1 DAGs
[2023-01-11T11:18:47.743-0500] {logging_mixin.py:137} INFO - [2023-01-11T11:18:47.743-0500] {dag.py:3423} INFO - Setting next_dagrun for example_weekday_branch_operator to 2023-01-10T00:00:00+00:00, run_after=2023-01-11T00:00:00+00:00
[2023-01-11T11:18:47.771-0500] {processor.py:175} INFO - Processing /Library/Frameworks/Python.framework/Versions/3.9/lib/python3.9/site-packages/airflow/example_dags/example_branch_day_of_week_operator.py took 1.003 seconds
[2023-01-11T11:22:16.078-0500] {processor.py:153} INFO - Started process (PID=7235) to work on /Library/Frameworks/Python.framework/Versions/3.9/lib/python3.9/site-packages/airflow/example_dags/example_branch_day_of_week_operator.py
[2023-01-11T11:22:16.083-0500] {processor.py:743} INFO - Processing file /Library/Frameworks/Python.framework/Versions/3.9/lib/python3.9/site-packages/airflow/example_dags/example_branch_day_of_week_operator.py for tasks to queue
[2023-01-11T11:22:16.084-0500] {logging_mixin.py:137} INFO - [2023-01-11T11:22:16.084-0500] {dagbag.py:538} INFO - Filling up the DagBag from /Library/Frameworks/Python.framework/Versions/3.9/lib/python3.9/site-packages/airflow/example_dags/example_branch_day_of_week_operator.py
[2023-01-11T11:22:16.128-0500] {processor.py:753} INFO - DAG(s) dict_keys(['example_weekday_branch_operator']) retrieved from /Library/Frameworks/Python.framework/Versions/3.9/lib/python3.9/site-packages/airflow/example_dags/example_branch_day_of_week_operator.py
[2023-01-11T11:22:16.724-0500] {logging_mixin.py:137} INFO - [2023-01-11T11:22:16.724-0500] {dag.py:2676} INFO - Sync 1 DAGs
[2023-01-11T11:22:16.740-0500] {logging_mixin.py:137} INFO - [2023-01-11T11:22:16.740-0500] {dag.py:3423} INFO - Setting next_dagrun for example_weekday_branch_operator to 2023-01-10T00:00:00+00:00, run_after=2023-01-11T00:00:00+00:00
[2023-01-11T11:22:16.760-0500] {processor.py:175} INFO - Processing /Library/Frameworks/Python.framework/Versions/3.9/lib/python3.9/site-packages/airflow/example_dags/example_branch_day_of_week_operator.py took 0.683 seconds
[2023-01-11T11:26:03.952-0500] {processor.py:153} INFO - Started process (PID=8146) to work on /Library/Frameworks/Python.framework/Versions/3.9/lib/python3.9/site-packages/airflow/example_dags/example_branch_day_of_week_operator.py
[2023-01-11T11:26:03.958-0500] {processor.py:743} INFO - Processing file /Library/Frameworks/Python.framework/Versions/3.9/lib/python3.9/site-packages/airflow/example_dags/example_branch_day_of_week_operator.py for tasks to queue
[2023-01-11T11:26:03.958-0500] {logging_mixin.py:137} INFO - [2023-01-11T11:26:03.958-0500] {dagbag.py:538} INFO - Filling up the DagBag from /Library/Frameworks/Python.framework/Versions/3.9/lib/python3.9/site-packages/airflow/example_dags/example_branch_day_of_week_operator.py
[2023-01-11T11:26:03.991-0500] {processor.py:753} INFO - DAG(s) dict_keys(['example_weekday_branch_operator']) retrieved from /Library/Frameworks/Python.framework/Versions/3.9/lib/python3.9/site-packages/airflow/example_dags/example_branch_day_of_week_operator.py
[2023-01-11T11:26:04.697-0500] {logging_mixin.py:137} INFO - [2023-01-11T11:26:04.697-0500] {dag.py:2676} INFO - Sync 1 DAGs
[2023-01-11T11:26:04.716-0500] {logging_mixin.py:137} INFO - [2023-01-11T11:26:04.716-0500] {dag.py:3423} INFO - Setting next_dagrun for example_weekday_branch_operator to 2023-01-10T00:00:00+00:00, run_after=2023-01-11T00:00:00+00:00
[2023-01-11T11:26:04.737-0500] {processor.py:175} INFO - Processing /Library/Frameworks/Python.framework/Versions/3.9/lib/python3.9/site-packages/airflow/example_dags/example_branch_day_of_week_operator.py took 0.786 seconds
[2023-01-11T11:29:29.267-0500] {processor.py:153} INFO - Started process (PID=8291) to work on /Library/Frameworks/Python.framework/Versions/3.9/lib/python3.9/site-packages/airflow/example_dags/example_branch_day_of_week_operator.py
[2023-01-11T11:29:29.273-0500] {processor.py:743} INFO - Processing file /Library/Frameworks/Python.framework/Versions/3.9/lib/python3.9/site-packages/airflow/example_dags/example_branch_day_of_week_operator.py for tasks to queue
[2023-01-11T11:29:29.274-0500] {logging_mixin.py:137} INFO - [2023-01-11T11:29:29.273-0500] {dagbag.py:538} INFO - Filling up the DagBag from /Library/Frameworks/Python.framework/Versions/3.9/lib/python3.9/site-packages/airflow/example_dags/example_branch_day_of_week_operator.py
[2023-01-11T11:29:29.308-0500] {processor.py:753} INFO - DAG(s) dict_keys(['example_weekday_branch_operator']) retrieved from /Library/Frameworks/Python.framework/Versions/3.9/lib/python3.9/site-packages/airflow/example_dags/example_branch_day_of_week_operator.py
[2023-01-11T11:29:29.908-0500] {logging_mixin.py:137} INFO - [2023-01-11T11:29:29.908-0500] {dag.py:2676} INFO - Sync 1 DAGs
[2023-01-11T11:29:29.925-0500] {logging_mixin.py:137} INFO - [2023-01-11T11:29:29.924-0500] {dag.py:3423} INFO - Setting next_dagrun for example_weekday_branch_operator to 2023-01-10T00:00:00+00:00, run_after=2023-01-11T00:00:00+00:00
[2023-01-11T11:29:29.946-0500] {processor.py:175} INFO - Processing /Library/Frameworks/Python.framework/Versions/3.9/lib/python3.9/site-packages/airflow/example_dags/example_branch_day_of_week_operator.py took 0.679 seconds
[2023-01-11T11:41:39.696-0500] {processor.py:153} INFO - Started process (PID=8597) to work on /Library/Frameworks/Python.framework/Versions/3.9/lib/python3.9/site-packages/airflow/example_dags/example_branch_day_of_week_operator.py
[2023-01-11T11:41:39.702-0500] {processor.py:743} INFO - Processing file /Library/Frameworks/Python.framework/Versions/3.9/lib/python3.9/site-packages/airflow/example_dags/example_branch_day_of_week_operator.py for tasks to queue
[2023-01-11T11:41:39.703-0500] {logging_mixin.py:137} INFO - [2023-01-11T11:41:39.702-0500] {dagbag.py:538} INFO - Filling up the DagBag from /Library/Frameworks/Python.framework/Versions/3.9/lib/python3.9/site-packages/airflow/example_dags/example_branch_day_of_week_operator.py
[2023-01-11T11:41:39.749-0500] {processor.py:753} INFO - DAG(s) dict_keys(['example_weekday_branch_operator']) retrieved from /Library/Frameworks/Python.framework/Versions/3.9/lib/python3.9/site-packages/airflow/example_dags/example_branch_day_of_week_operator.py
[2023-01-11T11:41:40.730-0500] {logging_mixin.py:137} INFO - [2023-01-11T11:41:40.730-0500] {dag.py:2676} INFO - Sync 1 DAGs
[2023-01-11T11:41:40.753-0500] {logging_mixin.py:137} INFO - [2023-01-11T11:41:40.753-0500] {dag.py:3423} INFO - Setting next_dagrun for example_weekday_branch_operator to 2023-01-10T00:00:00+00:00, run_after=2023-01-11T00:00:00+00:00
[2023-01-11T11:41:40.781-0500] {processor.py:175} INFO - Processing /Library/Frameworks/Python.framework/Versions/3.9/lib/python3.9/site-packages/airflow/example_dags/example_branch_day_of_week_operator.py took 1.086 seconds
[2023-01-11T11:45:36.899-0500] {processor.py:153} INFO - Started process (PID=8853) to work on /Library/Frameworks/Python.framework/Versions/3.9/lib/python3.9/site-packages/airflow/example_dags/example_branch_day_of_week_operator.py
[2023-01-11T11:45:36.904-0500] {processor.py:743} INFO - Processing file /Library/Frameworks/Python.framework/Versions/3.9/lib/python3.9/site-packages/airflow/example_dags/example_branch_day_of_week_operator.py for tasks to queue
[2023-01-11T11:45:36.904-0500] {logging_mixin.py:137} INFO - [2023-01-11T11:45:36.904-0500] {dagbag.py:538} INFO - Filling up the DagBag from /Library/Frameworks/Python.framework/Versions/3.9/lib/python3.9/site-packages/airflow/example_dags/example_branch_day_of_week_operator.py
[2023-01-11T11:45:36.964-0500] {processor.py:753} INFO - DAG(s) dict_keys(['example_weekday_branch_operator']) retrieved from /Library/Frameworks/Python.framework/Versions/3.9/lib/python3.9/site-packages/airflow/example_dags/example_branch_day_of_week_operator.py
[2023-01-11T11:45:37.752-0500] {logging_mixin.py:137} INFO - [2023-01-11T11:45:37.752-0500] {dag.py:2676} INFO - Sync 1 DAGs
[2023-01-11T11:45:37.770-0500] {logging_mixin.py:137} INFO - [2023-01-11T11:45:37.770-0500] {dag.py:3423} INFO - Setting next_dagrun for example_weekday_branch_operator to 2023-01-10T00:00:00+00:00, run_after=2023-01-11T00:00:00+00:00
[2023-01-11T11:45:37.792-0500] {processor.py:175} INFO - Processing /Library/Frameworks/Python.framework/Versions/3.9/lib/python3.9/site-packages/airflow/example_dags/example_branch_day_of_week_operator.py took 0.894 seconds
[2023-01-11T11:49:04.740-0500] {processor.py:153} INFO - Started process (PID=8949) to work on /Library/Frameworks/Python.framework/Versions/3.9/lib/python3.9/site-packages/airflow/example_dags/example_branch_day_of_week_operator.py
[2023-01-11T11:49:04.746-0500] {processor.py:743} INFO - Processing file /Library/Frameworks/Python.framework/Versions/3.9/lib/python3.9/site-packages/airflow/example_dags/example_branch_day_of_week_operator.py for tasks to queue
[2023-01-11T11:49:04.747-0500] {logging_mixin.py:137} INFO - [2023-01-11T11:49:04.747-0500] {dagbag.py:538} INFO - Filling up the DagBag from /Library/Frameworks/Python.framework/Versions/3.9/lib/python3.9/site-packages/airflow/example_dags/example_branch_day_of_week_operator.py
[2023-01-11T11:49:04.783-0500] {processor.py:753} INFO - DAG(s) dict_keys(['example_weekday_branch_operator']) retrieved from /Library/Frameworks/Python.framework/Versions/3.9/lib/python3.9/site-packages/airflow/example_dags/example_branch_day_of_week_operator.py
[2023-01-11T11:49:05.468-0500] {logging_mixin.py:137} INFO - [2023-01-11T11:49:05.468-0500] {dag.py:2676} INFO - Sync 1 DAGs
[2023-01-11T11:49:05.486-0500] {logging_mixin.py:137} INFO - [2023-01-11T11:49:05.485-0500] {dag.py:3423} INFO - Setting next_dagrun for example_weekday_branch_operator to 2023-01-10T00:00:00+00:00, run_after=2023-01-11T00:00:00+00:00
[2023-01-11T11:49:05.506-0500] {processor.py:175} INFO - Processing /Library/Frameworks/Python.framework/Versions/3.9/lib/python3.9/site-packages/airflow/example_dags/example_branch_day_of_week_operator.py took 0.767 seconds
[2023-01-11T11:52:33.076-0500] {processor.py:153} INFO - Started process (PID=9189) to work on /Library/Frameworks/Python.framework/Versions/3.9/lib/python3.9/site-packages/airflow/example_dags/example_branch_day_of_week_operator.py
[2023-01-11T11:52:33.081-0500] {processor.py:743} INFO - Processing file /Library/Frameworks/Python.framework/Versions/3.9/lib/python3.9/site-packages/airflow/example_dags/example_branch_day_of_week_operator.py for tasks to queue
[2023-01-11T11:52:33.081-0500] {logging_mixin.py:137} INFO - [2023-01-11T11:52:33.081-0500] {dagbag.py:538} INFO - Filling up the DagBag from /Library/Frameworks/Python.framework/Versions/3.9/lib/python3.9/site-packages/airflow/example_dags/example_branch_day_of_week_operator.py
[2023-01-11T11:52:33.111-0500] {processor.py:753} INFO - DAG(s) dict_keys(['example_weekday_branch_operator']) retrieved from /Library/Frameworks/Python.framework/Versions/3.9/lib/python3.9/site-packages/airflow/example_dags/example_branch_day_of_week_operator.py
[2023-01-11T11:52:33.713-0500] {logging_mixin.py:137} INFO - [2023-01-11T11:52:33.713-0500] {dag.py:2676} INFO - Sync 1 DAGs
[2023-01-11T11:52:33.730-0500] {logging_mixin.py:137} INFO - [2023-01-11T11:52:33.730-0500] {dag.py:3423} INFO - Setting next_dagrun for example_weekday_branch_operator to 2023-01-10T00:00:00+00:00, run_after=2023-01-11T00:00:00+00:00
[2023-01-11T11:52:33.754-0500] {processor.py:175} INFO - Processing /Library/Frameworks/Python.framework/Versions/3.9/lib/python3.9/site-packages/airflow/example_dags/example_branch_day_of_week_operator.py took 0.679 seconds
[2023-01-11T11:56:18.434-0500] {processor.py:153} INFO - Started process (PID=9374) to work on /Library/Frameworks/Python.framework/Versions/3.9/lib/python3.9/site-packages/airflow/example_dags/example_branch_day_of_week_operator.py
[2023-01-11T11:56:18.439-0500] {processor.py:743} INFO - Processing file /Library/Frameworks/Python.framework/Versions/3.9/lib/python3.9/site-packages/airflow/example_dags/example_branch_day_of_week_operator.py for tasks to queue
[2023-01-11T11:56:18.440-0500] {logging_mixin.py:137} INFO - [2023-01-11T11:56:18.440-0500] {dagbag.py:538} INFO - Filling up the DagBag from /Library/Frameworks/Python.framework/Versions/3.9/lib/python3.9/site-packages/airflow/example_dags/example_branch_day_of_week_operator.py
[2023-01-11T11:56:18.473-0500] {processor.py:753} INFO - DAG(s) dict_keys(['example_weekday_branch_operator']) retrieved from /Library/Frameworks/Python.framework/Versions/3.9/lib/python3.9/site-packages/airflow/example_dags/example_branch_day_of_week_operator.py
[2023-01-11T11:56:19.101-0500] {logging_mixin.py:137} INFO - [2023-01-11T11:56:19.100-0500] {dag.py:2676} INFO - Sync 1 DAGs
[2023-01-11T11:56:19.118-0500] {logging_mixin.py:137} INFO - [2023-01-11T11:56:19.118-0500] {dag.py:3423} INFO - Setting next_dagrun for example_weekday_branch_operator to 2023-01-10T00:00:00+00:00, run_after=2023-01-11T00:00:00+00:00
[2023-01-11T11:56:19.137-0500] {processor.py:175} INFO - Processing /Library/Frameworks/Python.framework/Versions/3.9/lib/python3.9/site-packages/airflow/example_dags/example_branch_day_of_week_operator.py took 0.704 seconds
[2023-01-11T11:59:49.086-0500] {processor.py:153} INFO - Started process (PID=9485) to work on /Library/Frameworks/Python.framework/Versions/3.9/lib/python3.9/site-packages/airflow/example_dags/example_branch_day_of_week_operator.py
[2023-01-11T11:59:49.092-0500] {processor.py:743} INFO - Processing file /Library/Frameworks/Python.framework/Versions/3.9/lib/python3.9/site-packages/airflow/example_dags/example_branch_day_of_week_operator.py for tasks to queue
[2023-01-11T11:59:49.093-0500] {logging_mixin.py:137} INFO - [2023-01-11T11:59:49.093-0500] {dagbag.py:538} INFO - Filling up the DagBag from /Library/Frameworks/Python.framework/Versions/3.9/lib/python3.9/site-packages/airflow/example_dags/example_branch_day_of_week_operator.py
[2023-01-11T11:59:49.126-0500] {processor.py:753} INFO - DAG(s) dict_keys(['example_weekday_branch_operator']) retrieved from /Library/Frameworks/Python.framework/Versions/3.9/lib/python3.9/site-packages/airflow/example_dags/example_branch_day_of_week_operator.py
[2023-01-11T11:59:49.737-0500] {logging_mixin.py:137} INFO - [2023-01-11T11:59:49.737-0500] {dag.py:2676} INFO - Sync 1 DAGs
[2023-01-11T11:59:49.753-0500] {logging_mixin.py:137} INFO - [2023-01-11T11:59:49.753-0500] {dag.py:3423} INFO - Setting next_dagrun for example_weekday_branch_operator to 2023-01-10T00:00:00+00:00, run_after=2023-01-11T00:00:00+00:00
[2023-01-11T11:59:49.774-0500] {processor.py:175} INFO - Processing /Library/Frameworks/Python.framework/Versions/3.9/lib/python3.9/site-packages/airflow/example_dags/example_branch_day_of_week_operator.py took 0.688 seconds
[2023-01-11T12:03:09.743-0500] {processor.py:153} INFO - Started process (PID=9685) to work on /Library/Frameworks/Python.framework/Versions/3.9/lib/python3.9/site-packages/airflow/example_dags/example_branch_day_of_week_operator.py
[2023-01-11T12:03:09.749-0500] {processor.py:743} INFO - Processing file /Library/Frameworks/Python.framework/Versions/3.9/lib/python3.9/site-packages/airflow/example_dags/example_branch_day_of_week_operator.py for tasks to queue
[2023-01-11T12:03:09.750-0500] {logging_mixin.py:137} INFO - [2023-01-11T12:03:09.750-0500] {dagbag.py:538} INFO - Filling up the DagBag from /Library/Frameworks/Python.framework/Versions/3.9/lib/python3.9/site-packages/airflow/example_dags/example_branch_day_of_week_operator.py
[2023-01-11T12:03:09.784-0500] {processor.py:753} INFO - DAG(s) dict_keys(['example_weekday_branch_operator']) retrieved from /Library/Frameworks/Python.framework/Versions/3.9/lib/python3.9/site-packages/airflow/example_dags/example_branch_day_of_week_operator.py
[2023-01-11T12:03:10.444-0500] {logging_mixin.py:137} INFO - [2023-01-11T12:03:10.443-0500] {dag.py:2676} INFO - Sync 1 DAGs
[2023-01-11T12:03:10.462-0500] {logging_mixin.py:137} INFO - [2023-01-11T12:03:10.462-0500] {dag.py:3423} INFO - Setting next_dagrun for example_weekday_branch_operator to 2023-01-10T00:00:00+00:00, run_after=2023-01-11T00:00:00+00:00
[2023-01-11T12:03:10.483-0500] {processor.py:175} INFO - Processing /Library/Frameworks/Python.framework/Versions/3.9/lib/python3.9/site-packages/airflow/example_dags/example_branch_day_of_week_operator.py took 0.741 seconds
[2023-01-11T12:06:30.215-0500] {processor.py:153} INFO - Started process (PID=9782) to work on /Library/Frameworks/Python.framework/Versions/3.9/lib/python3.9/site-packages/airflow/example_dags/example_branch_day_of_week_operator.py
[2023-01-11T12:06:30.220-0500] {processor.py:743} INFO - Processing file /Library/Frameworks/Python.framework/Versions/3.9/lib/python3.9/site-packages/airflow/example_dags/example_branch_day_of_week_operator.py for tasks to queue
[2023-01-11T12:06:30.221-0500] {logging_mixin.py:137} INFO - [2023-01-11T12:06:30.220-0500] {dagbag.py:538} INFO - Filling up the DagBag from /Library/Frameworks/Python.framework/Versions/3.9/lib/python3.9/site-packages/airflow/example_dags/example_branch_day_of_week_operator.py
[2023-01-11T12:06:30.255-0500] {processor.py:753} INFO - DAG(s) dict_keys(['example_weekday_branch_operator']) retrieved from /Library/Frameworks/Python.framework/Versions/3.9/lib/python3.9/site-packages/airflow/example_dags/example_branch_day_of_week_operator.py
[2023-01-11T12:06:30.946-0500] {logging_mixin.py:137} INFO - [2023-01-11T12:06:30.945-0500] {dag.py:2676} INFO - Sync 1 DAGs
[2023-01-11T12:06:30.965-0500] {logging_mixin.py:137} INFO - [2023-01-11T12:06:30.965-0500] {dag.py:3423} INFO - Setting next_dagrun for example_weekday_branch_operator to 2023-01-10T00:00:00+00:00, run_after=2023-01-11T00:00:00+00:00
[2023-01-11T12:06:30.988-0500] {processor.py:175} INFO - Processing /Library/Frameworks/Python.framework/Versions/3.9/lib/python3.9/site-packages/airflow/example_dags/example_branch_day_of_week_operator.py took 0.774 seconds
[2023-01-11T12:09:55.286-0500] {processor.py:153} INFO - Started process (PID=9870) to work on /Library/Frameworks/Python.framework/Versions/3.9/lib/python3.9/site-packages/airflow/example_dags/example_branch_day_of_week_operator.py
[2023-01-11T12:09:55.292-0500] {processor.py:743} INFO - Processing file /Library/Frameworks/Python.framework/Versions/3.9/lib/python3.9/site-packages/airflow/example_dags/example_branch_day_of_week_operator.py for tasks to queue
[2023-01-11T12:09:55.293-0500] {logging_mixin.py:137} INFO - [2023-01-11T12:09:55.293-0500] {dagbag.py:538} INFO - Filling up the DagBag from /Library/Frameworks/Python.framework/Versions/3.9/lib/python3.9/site-packages/airflow/example_dags/example_branch_day_of_week_operator.py
[2023-01-11T12:09:55.328-0500] {processor.py:753} INFO - DAG(s) dict_keys(['example_weekday_branch_operator']) retrieved from /Library/Frameworks/Python.framework/Versions/3.9/lib/python3.9/site-packages/airflow/example_dags/example_branch_day_of_week_operator.py
[2023-01-11T12:09:55.935-0500] {logging_mixin.py:137} INFO - [2023-01-11T12:09:55.935-0500] {dag.py:2676} INFO - Sync 1 DAGs
[2023-01-11T12:09:55.952-0500] {logging_mixin.py:137} INFO - [2023-01-11T12:09:55.951-0500] {dag.py:3423} INFO - Setting next_dagrun for example_weekday_branch_operator to 2023-01-10T00:00:00+00:00, run_after=2023-01-11T00:00:00+00:00
[2023-01-11T12:09:55.970-0500] {processor.py:175} INFO - Processing /Library/Frameworks/Python.framework/Versions/3.9/lib/python3.9/site-packages/airflow/example_dags/example_branch_day_of_week_operator.py took 0.685 seconds
[2023-01-11T12:13:10.704-0500] {processor.py:153} INFO - Started process (PID=10014) to work on /Library/Frameworks/Python.framework/Versions/3.9/lib/python3.9/site-packages/airflow/example_dags/example_branch_day_of_week_operator.py
[2023-01-11T12:13:10.710-0500] {processor.py:743} INFO - Processing file /Library/Frameworks/Python.framework/Versions/3.9/lib/python3.9/site-packages/airflow/example_dags/example_branch_day_of_week_operator.py for tasks to queue
[2023-01-11T12:13:10.710-0500] {logging_mixin.py:137} INFO - [2023-01-11T12:13:10.710-0500] {dagbag.py:538} INFO - Filling up the DagBag from /Library/Frameworks/Python.framework/Versions/3.9/lib/python3.9/site-packages/airflow/example_dags/example_branch_day_of_week_operator.py
[2023-01-11T12:13:10.745-0500] {processor.py:753} INFO - DAG(s) dict_keys(['example_weekday_branch_operator']) retrieved from /Library/Frameworks/Python.framework/Versions/3.9/lib/python3.9/site-packages/airflow/example_dags/example_branch_day_of_week_operator.py
[2023-01-11T12:13:11.413-0500] {logging_mixin.py:137} INFO - [2023-01-11T12:13:11.413-0500] {dag.py:2676} INFO - Sync 1 DAGs
[2023-01-11T12:13:11.430-0500] {logging_mixin.py:137} INFO - [2023-01-11T12:13:11.430-0500] {dag.py:3423} INFO - Setting next_dagrun for example_weekday_branch_operator to 2023-01-10T00:00:00+00:00, run_after=2023-01-11T00:00:00+00:00
[2023-01-11T12:13:11.452-0500] {processor.py:175} INFO - Processing /Library/Frameworks/Python.framework/Versions/3.9/lib/python3.9/site-packages/airflow/example_dags/example_branch_day_of_week_operator.py took 0.749 seconds
[2023-01-11T12:16:38.394-0500] {processor.py:153} INFO - Started process (PID=10132) to work on /Library/Frameworks/Python.framework/Versions/3.9/lib/python3.9/site-packages/airflow/example_dags/example_branch_day_of_week_operator.py
[2023-01-11T12:16:38.400-0500] {processor.py:743} INFO - Processing file /Library/Frameworks/Python.framework/Versions/3.9/lib/python3.9/site-packages/airflow/example_dags/example_branch_day_of_week_operator.py for tasks to queue
[2023-01-11T12:16:38.400-0500] {logging_mixin.py:137} INFO - [2023-01-11T12:16:38.400-0500] {dagbag.py:538} INFO - Filling up the DagBag from /Library/Frameworks/Python.framework/Versions/3.9/lib/python3.9/site-packages/airflow/example_dags/example_branch_day_of_week_operator.py
[2023-01-11T12:16:38.436-0500] {processor.py:753} INFO - DAG(s) dict_keys(['example_weekday_branch_operator']) retrieved from /Library/Frameworks/Python.framework/Versions/3.9/lib/python3.9/site-packages/airflow/example_dags/example_branch_day_of_week_operator.py
[2023-01-11T12:16:39.081-0500] {logging_mixin.py:137} INFO - [2023-01-11T12:16:39.081-0500] {dag.py:2676} INFO - Sync 1 DAGs
[2023-01-11T12:16:39.102-0500] {logging_mixin.py:137} INFO - [2023-01-11T12:16:39.102-0500] {dag.py:3423} INFO - Setting next_dagrun for example_weekday_branch_operator to 2023-01-10T00:00:00+00:00, run_after=2023-01-11T00:00:00+00:00
[2023-01-11T12:16:39.124-0500] {processor.py:175} INFO - Processing /Library/Frameworks/Python.framework/Versions/3.9/lib/python3.9/site-packages/airflow/example_dags/example_branch_day_of_week_operator.py took 0.730 seconds
[2023-01-11T12:20:06.192-0500] {processor.py:153} INFO - Started process (PID=10301) to work on /Library/Frameworks/Python.framework/Versions/3.9/lib/python3.9/site-packages/airflow/example_dags/example_branch_day_of_week_operator.py
[2023-01-11T12:20:06.197-0500] {processor.py:743} INFO - Processing file /Library/Frameworks/Python.framework/Versions/3.9/lib/python3.9/site-packages/airflow/example_dags/example_branch_day_of_week_operator.py for tasks to queue
[2023-01-11T12:20:06.198-0500] {logging_mixin.py:137} INFO - [2023-01-11T12:20:06.198-0500] {dagbag.py:538} INFO - Filling up the DagBag from /Library/Frameworks/Python.framework/Versions/3.9/lib/python3.9/site-packages/airflow/example_dags/example_branch_day_of_week_operator.py
[2023-01-11T12:20:06.233-0500] {processor.py:753} INFO - DAG(s) dict_keys(['example_weekday_branch_operator']) retrieved from /Library/Frameworks/Python.framework/Versions/3.9/lib/python3.9/site-packages/airflow/example_dags/example_branch_day_of_week_operator.py
[2023-01-11T12:20:06.869-0500] {logging_mixin.py:137} INFO - [2023-01-11T12:20:06.869-0500] {dag.py:2676} INFO - Sync 1 DAGs
[2023-01-11T12:20:06.887-0500] {logging_mixin.py:137} INFO - [2023-01-11T12:20:06.887-0500] {dag.py:3423} INFO - Setting next_dagrun for example_weekday_branch_operator to 2023-01-10T00:00:00+00:00, run_after=2023-01-11T00:00:00+00:00
[2023-01-11T12:20:06.907-0500] {processor.py:175} INFO - Processing /Library/Frameworks/Python.framework/Versions/3.9/lib/python3.9/site-packages/airflow/example_dags/example_branch_day_of_week_operator.py took 0.716 seconds
[2023-01-11T16:20:16.779-0500] {processor.py:153} INFO - Started process (PID=11021) to work on /Library/Frameworks/Python.framework/Versions/3.9/lib/python3.9/site-packages/airflow/example_dags/example_branch_day_of_week_operator.py
[2023-01-11T16:20:16.784-0500] {processor.py:743} INFO - Processing file /Library/Frameworks/Python.framework/Versions/3.9/lib/python3.9/site-packages/airflow/example_dags/example_branch_day_of_week_operator.py for tasks to queue
[2023-01-11T16:20:16.785-0500] {logging_mixin.py:137} INFO - [2023-01-11T16:20:16.785-0500] {dagbag.py:538} INFO - Filling up the DagBag from /Library/Frameworks/Python.framework/Versions/3.9/lib/python3.9/site-packages/airflow/example_dags/example_branch_day_of_week_operator.py
[2023-01-11T16:20:16.866-0500] {processor.py:753} INFO - DAG(s) dict_keys(['example_weekday_branch_operator']) retrieved from /Library/Frameworks/Python.framework/Versions/3.9/lib/python3.9/site-packages/airflow/example_dags/example_branch_day_of_week_operator.py
[2023-01-11T16:20:17.762-0500] {logging_mixin.py:137} INFO - [2023-01-11T16:20:17.762-0500] {dag.py:2676} INFO - Sync 1 DAGs
[2023-01-11T16:20:17.785-0500] {logging_mixin.py:137} INFO - [2023-01-11T16:20:17.785-0500] {dag.py:3423} INFO - Setting next_dagrun for example_weekday_branch_operator to 2023-01-10T00:00:00+00:00, run_after=2023-01-11T00:00:00+00:00
[2023-01-11T16:20:17.849-0500] {processor.py:175} INFO - Processing /Library/Frameworks/Python.framework/Versions/3.9/lib/python3.9/site-packages/airflow/example_dags/example_branch_day_of_week_operator.py took 1.071 seconds
[2023-01-11T16:24:11.709-0500] {processor.py:153} INFO - Started process (PID=11198) to work on /Library/Frameworks/Python.framework/Versions/3.9/lib/python3.9/site-packages/airflow/example_dags/example_branch_day_of_week_operator.py
[2023-01-11T16:24:11.715-0500] {processor.py:743} INFO - Processing file /Library/Frameworks/Python.framework/Versions/3.9/lib/python3.9/site-packages/airflow/example_dags/example_branch_day_of_week_operator.py for tasks to queue
[2023-01-11T16:24:11.715-0500] {logging_mixin.py:137} INFO - [2023-01-11T16:24:11.715-0500] {dagbag.py:538} INFO - Filling up the DagBag from /Library/Frameworks/Python.framework/Versions/3.9/lib/python3.9/site-packages/airflow/example_dags/example_branch_day_of_week_operator.py
[2023-01-11T16:24:11.760-0500] {processor.py:753} INFO - DAG(s) dict_keys(['example_weekday_branch_operator']) retrieved from /Library/Frameworks/Python.framework/Versions/3.9/lib/python3.9/site-packages/airflow/example_dags/example_branch_day_of_week_operator.py
[2023-01-11T16:24:12.408-0500] {logging_mixin.py:137} INFO - [2023-01-11T16:24:12.408-0500] {dag.py:2676} INFO - Sync 1 DAGs
[2023-01-11T16:24:12.429-0500] {logging_mixin.py:137} INFO - [2023-01-11T16:24:12.428-0500] {dag.py:3423} INFO - Setting next_dagrun for example_weekday_branch_operator to 2023-01-10T00:00:00+00:00, run_after=2023-01-11T00:00:00+00:00
[2023-01-11T16:24:12.456-0500] {processor.py:175} INFO - Processing /Library/Frameworks/Python.framework/Versions/3.9/lib/python3.9/site-packages/airflow/example_dags/example_branch_day_of_week_operator.py took 0.747 seconds
[2023-01-11T16:27:38.464-0500] {processor.py:153} INFO - Started process (PID=11364) to work on /Library/Frameworks/Python.framework/Versions/3.9/lib/python3.9/site-packages/airflow/example_dags/example_branch_day_of_week_operator.py
[2023-01-11T16:27:38.470-0500] {processor.py:743} INFO - Processing file /Library/Frameworks/Python.framework/Versions/3.9/lib/python3.9/site-packages/airflow/example_dags/example_branch_day_of_week_operator.py for tasks to queue
[2023-01-11T16:27:38.470-0500] {logging_mixin.py:137} INFO - [2023-01-11T16:27:38.470-0500] {dagbag.py:538} INFO - Filling up the DagBag from /Library/Frameworks/Python.framework/Versions/3.9/lib/python3.9/site-packages/airflow/example_dags/example_branch_day_of_week_operator.py
[2023-01-11T16:27:38.503-0500] {processor.py:753} INFO - DAG(s) dict_keys(['example_weekday_branch_operator']) retrieved from /Library/Frameworks/Python.framework/Versions/3.9/lib/python3.9/site-packages/airflow/example_dags/example_branch_day_of_week_operator.py
[2023-01-11T16:27:39.164-0500] {logging_mixin.py:137} INFO - [2023-01-11T16:27:39.164-0500] {dag.py:2676} INFO - Sync 1 DAGs
[2023-01-11T16:27:39.181-0500] {logging_mixin.py:137} INFO - [2023-01-11T16:27:39.181-0500] {dag.py:3423} INFO - Setting next_dagrun for example_weekday_branch_operator to 2023-01-10T00:00:00+00:00, run_after=2023-01-11T00:00:00+00:00
[2023-01-11T16:27:39.202-0500] {processor.py:175} INFO - Processing /Library/Frameworks/Python.framework/Versions/3.9/lib/python3.9/site-packages/airflow/example_dags/example_branch_day_of_week_operator.py took 0.739 seconds
[2023-01-11T16:30:59.678-0500] {processor.py:153} INFO - Started process (PID=11466) to work on /Library/Frameworks/Python.framework/Versions/3.9/lib/python3.9/site-packages/airflow/example_dags/example_branch_day_of_week_operator.py
[2023-01-11T16:30:59.684-0500] {processor.py:743} INFO - Processing file /Library/Frameworks/Python.framework/Versions/3.9/lib/python3.9/site-packages/airflow/example_dags/example_branch_day_of_week_operator.py for tasks to queue
[2023-01-11T16:30:59.684-0500] {logging_mixin.py:137} INFO - [2023-01-11T16:30:59.684-0500] {dagbag.py:538} INFO - Filling up the DagBag from /Library/Frameworks/Python.framework/Versions/3.9/lib/python3.9/site-packages/airflow/example_dags/example_branch_day_of_week_operator.py
[2023-01-11T16:30:59.719-0500] {processor.py:753} INFO - DAG(s) dict_keys(['example_weekday_branch_operator']) retrieved from /Library/Frameworks/Python.framework/Versions/3.9/lib/python3.9/site-packages/airflow/example_dags/example_branch_day_of_week_operator.py
[2023-01-11T16:31:00.393-0500] {logging_mixin.py:137} INFO - [2023-01-11T16:31:00.392-0500] {dag.py:2676} INFO - Sync 1 DAGs
[2023-01-11T16:31:00.410-0500] {logging_mixin.py:137} INFO - [2023-01-11T16:31:00.410-0500] {dag.py:3423} INFO - Setting next_dagrun for example_weekday_branch_operator to 2023-01-10T00:00:00+00:00, run_after=2023-01-11T00:00:00+00:00
[2023-01-11T16:31:00.433-0500] {processor.py:175} INFO - Processing /Library/Frameworks/Python.framework/Versions/3.9/lib/python3.9/site-packages/airflow/example_dags/example_branch_day_of_week_operator.py took 0.756 seconds
[2023-01-11T16:34:31.254-0500] {processor.py:153} INFO - Started process (PID=11555) to work on /Library/Frameworks/Python.framework/Versions/3.9/lib/python3.9/site-packages/airflow/example_dags/example_branch_day_of_week_operator.py
[2023-01-11T16:34:31.260-0500] {processor.py:743} INFO - Processing file /Library/Frameworks/Python.framework/Versions/3.9/lib/python3.9/site-packages/airflow/example_dags/example_branch_day_of_week_operator.py for tasks to queue
[2023-01-11T16:34:31.260-0500] {logging_mixin.py:137} INFO - [2023-01-11T16:34:31.260-0500] {dagbag.py:538} INFO - Filling up the DagBag from /Library/Frameworks/Python.framework/Versions/3.9/lib/python3.9/site-packages/airflow/example_dags/example_branch_day_of_week_operator.py
[2023-01-11T16:34:31.293-0500] {processor.py:753} INFO - DAG(s) dict_keys(['example_weekday_branch_operator']) retrieved from /Library/Frameworks/Python.framework/Versions/3.9/lib/python3.9/site-packages/airflow/example_dags/example_branch_day_of_week_operator.py
[2023-01-11T16:34:31.941-0500] {logging_mixin.py:137} INFO - [2023-01-11T16:34:31.940-0500] {dag.py:2676} INFO - Sync 1 DAGs
[2023-01-11T16:34:31.959-0500] {logging_mixin.py:137} INFO - [2023-01-11T16:34:31.959-0500] {dag.py:3423} INFO - Setting next_dagrun for example_weekday_branch_operator to 2023-01-10T00:00:00+00:00, run_after=2023-01-11T00:00:00+00:00
[2023-01-11T16:34:31.981-0500] {processor.py:175} INFO - Processing /Library/Frameworks/Python.framework/Versions/3.9/lib/python3.9/site-packages/airflow/example_dags/example_branch_day_of_week_operator.py took 0.728 seconds
[2023-01-11T16:48:56.581-0500] {processor.py:153} INFO - Started process (PID=12017) to work on /Library/Frameworks/Python.framework/Versions/3.9/lib/python3.9/site-packages/airflow/example_dags/example_branch_day_of_week_operator.py
[2023-01-11T16:48:56.592-0500] {processor.py:743} INFO - Processing file /Library/Frameworks/Python.framework/Versions/3.9/lib/python3.9/site-packages/airflow/example_dags/example_branch_day_of_week_operator.py for tasks to queue
[2023-01-11T16:48:56.593-0500] {logging_mixin.py:137} INFO - [2023-01-11T16:48:56.593-0500] {dagbag.py:538} INFO - Filling up the DagBag from /Library/Frameworks/Python.framework/Versions/3.9/lib/python3.9/site-packages/airflow/example_dags/example_branch_day_of_week_operator.py
[2023-01-11T16:48:56.661-0500] {processor.py:753} INFO - DAG(s) dict_keys(['example_weekday_branch_operator']) retrieved from /Library/Frameworks/Python.framework/Versions/3.9/lib/python3.9/site-packages/airflow/example_dags/example_branch_day_of_week_operator.py
[2023-01-11T16:48:57.937-0500] {logging_mixin.py:137} INFO - [2023-01-11T16:48:57.937-0500] {dag.py:2676} INFO - Sync 1 DAGs
[2023-01-11T16:48:57.974-0500] {logging_mixin.py:137} INFO - [2023-01-11T16:48:57.973-0500] {dag.py:3423} INFO - Setting next_dagrun for example_weekday_branch_operator to 2023-01-10T00:00:00+00:00, run_after=2023-01-11T00:00:00+00:00
[2023-01-11T16:48:58.014-0500] {processor.py:175} INFO - Processing /Library/Frameworks/Python.framework/Versions/3.9/lib/python3.9/site-packages/airflow/example_dags/example_branch_day_of_week_operator.py took 1.434 seconds
[2023-01-11T16:53:47.212-0500] {processor.py:153} INFO - Started process (PID=12249) to work on /Library/Frameworks/Python.framework/Versions/3.9/lib/python3.9/site-packages/airflow/example_dags/example_branch_day_of_week_operator.py
[2023-01-11T16:53:47.218-0500] {processor.py:743} INFO - Processing file /Library/Frameworks/Python.framework/Versions/3.9/lib/python3.9/site-packages/airflow/example_dags/example_branch_day_of_week_operator.py for tasks to queue
[2023-01-11T16:53:47.218-0500] {logging_mixin.py:137} INFO - [2023-01-11T16:53:47.218-0500] {dagbag.py:538} INFO - Filling up the DagBag from /Library/Frameworks/Python.framework/Versions/3.9/lib/python3.9/site-packages/airflow/example_dags/example_branch_day_of_week_operator.py
[2023-01-11T16:53:47.252-0500] {processor.py:753} INFO - DAG(s) dict_keys(['example_weekday_branch_operator']) retrieved from /Library/Frameworks/Python.framework/Versions/3.9/lib/python3.9/site-packages/airflow/example_dags/example_branch_day_of_week_operator.py
[2023-01-11T16:53:48.092-0500] {logging_mixin.py:137} INFO - [2023-01-11T16:53:48.092-0500] {dag.py:2676} INFO - Sync 1 DAGs
[2023-01-11T16:53:48.117-0500] {logging_mixin.py:137} INFO - [2023-01-11T16:53:48.117-0500] {dag.py:3423} INFO - Setting next_dagrun for example_weekday_branch_operator to 2023-01-10T00:00:00+00:00, run_after=2023-01-11T00:00:00+00:00
[2023-01-11T16:53:48.144-0500] {processor.py:175} INFO - Processing /Library/Frameworks/Python.framework/Versions/3.9/lib/python3.9/site-packages/airflow/example_dags/example_branch_day_of_week_operator.py took 0.932 seconds
[2023-01-11T16:57:32.167-0500] {processor.py:153} INFO - Started process (PID=12355) to work on /Library/Frameworks/Python.framework/Versions/3.9/lib/python3.9/site-packages/airflow/example_dags/example_branch_day_of_week_operator.py
[2023-01-11T16:57:32.173-0500] {processor.py:743} INFO - Processing file /Library/Frameworks/Python.framework/Versions/3.9/lib/python3.9/site-packages/airflow/example_dags/example_branch_day_of_week_operator.py for tasks to queue
[2023-01-11T16:57:32.173-0500] {logging_mixin.py:137} INFO - [2023-01-11T16:57:32.173-0500] {dagbag.py:538} INFO - Filling up the DagBag from /Library/Frameworks/Python.framework/Versions/3.9/lib/python3.9/site-packages/airflow/example_dags/example_branch_day_of_week_operator.py
[2023-01-11T16:57:32.208-0500] {processor.py:753} INFO - DAG(s) dict_keys(['example_weekday_branch_operator']) retrieved from /Library/Frameworks/Python.framework/Versions/3.9/lib/python3.9/site-packages/airflow/example_dags/example_branch_day_of_week_operator.py
[2023-01-11T16:57:32.839-0500] {logging_mixin.py:137} INFO - [2023-01-11T16:57:32.839-0500] {dag.py:2676} INFO - Sync 1 DAGs
[2023-01-11T16:57:32.856-0500] {logging_mixin.py:137} INFO - [2023-01-11T16:57:32.856-0500] {dag.py:3423} INFO - Setting next_dagrun for example_weekday_branch_operator to 2023-01-10T00:00:00+00:00, run_after=2023-01-11T00:00:00+00:00
[2023-01-11T16:57:32.878-0500] {processor.py:175} INFO - Processing /Library/Frameworks/Python.framework/Versions/3.9/lib/python3.9/site-packages/airflow/example_dags/example_branch_day_of_week_operator.py took 0.711 seconds
[2023-01-11T17:01:18.433-0500] {processor.py:153} INFO - Started process (PID=13057) to work on /Library/Frameworks/Python.framework/Versions/3.9/lib/python3.9/site-packages/airflow/example_dags/example_branch_day_of_week_operator.py
[2023-01-11T17:01:18.439-0500] {processor.py:743} INFO - Processing file /Library/Frameworks/Python.framework/Versions/3.9/lib/python3.9/site-packages/airflow/example_dags/example_branch_day_of_week_operator.py for tasks to queue
[2023-01-11T17:01:18.439-0500] {logging_mixin.py:137} INFO - [2023-01-11T17:01:18.439-0500] {dagbag.py:538} INFO - Filling up the DagBag from /Library/Frameworks/Python.framework/Versions/3.9/lib/python3.9/site-packages/airflow/example_dags/example_branch_day_of_week_operator.py
[2023-01-11T17:01:18.472-0500] {processor.py:753} INFO - DAG(s) dict_keys(['example_weekday_branch_operator']) retrieved from /Library/Frameworks/Python.framework/Versions/3.9/lib/python3.9/site-packages/airflow/example_dags/example_branch_day_of_week_operator.py
[2023-01-11T17:01:19.570-0500] {logging_mixin.py:137} INFO - [2023-01-11T17:01:19.570-0500] {dag.py:2676} INFO - Sync 1 DAGs
[2023-01-11T17:01:19.588-0500] {logging_mixin.py:137} INFO - [2023-01-11T17:01:19.588-0500] {dag.py:3423} INFO - Setting next_dagrun for example_weekday_branch_operator to 2023-01-10T00:00:00+00:00, run_after=2023-01-11T00:00:00+00:00
[2023-01-11T17:01:19.610-0500] {processor.py:175} INFO - Processing /Library/Frameworks/Python.framework/Versions/3.9/lib/python3.9/site-packages/airflow/example_dags/example_branch_day_of_week_operator.py took 1.178 seconds
