[2023-01-10T20:13:33.168-0500] {processor.py:153} INFO - Started process (PID=2624) to work on /Library/Frameworks/Python.framework/Versions/3.9/lib/python3.9/site-packages/airflow/example_dags/example_bash_operator.py
[2023-01-10T20:13:33.178-0500] {processor.py:743} INFO - Processing file /Library/Frameworks/Python.framework/Versions/3.9/lib/python3.9/site-packages/airflow/example_dags/example_bash_operator.py for tasks to queue
[2023-01-10T20:13:33.179-0500] {logging_mixin.py:137} INFO - [2023-01-10T20:13:33.178-0500] {dagbag.py:538} INFO - Filling up the DagBag from /Library/Frameworks/Python.framework/Versions/3.9/lib/python3.9/site-packages/airflow/example_dags/example_bash_operator.py
[2023-01-10T20:13:33.343-0500] {processor.py:753} INFO - DAG(s) dict_keys(['example_bash_operator']) retrieved from /Library/Frameworks/Python.framework/Versions/3.9/lib/python3.9/site-packages/airflow/example_dags/example_bash_operator.py
[2023-01-10T20:13:34.609-0500] {logging_mixin.py:137} INFO - [2023-01-10T20:13:34.609-0500] {dag.py:2676} INFO - Sync 1 DAGs
[2023-01-10T20:13:34.642-0500] {logging_mixin.py:137} INFO - [2023-01-10T20:13:34.642-0500] {dag.py:3423} INFO - Setting next_dagrun for example_bash_operator to 2023-01-10T00:00:00+00:00, run_after=2023-01-11T00:00:00+00:00
[2023-01-10T20:13:34.674-0500] {processor.py:175} INFO - Processing /Library/Frameworks/Python.framework/Versions/3.9/lib/python3.9/site-packages/airflow/example_dags/example_bash_operator.py took 1.507 seconds
[2023-01-10T20:18:01.558-0500] {processor.py:153} INFO - Started process (PID=2870) to work on /Library/Frameworks/Python.framework/Versions/3.9/lib/python3.9/site-packages/airflow/example_dags/example_bash_operator.py
[2023-01-10T20:18:01.564-0500] {processor.py:743} INFO - Processing file /Library/Frameworks/Python.framework/Versions/3.9/lib/python3.9/site-packages/airflow/example_dags/example_bash_operator.py for tasks to queue
[2023-01-10T20:18:01.564-0500] {logging_mixin.py:137} INFO - [2023-01-10T20:18:01.564-0500] {dagbag.py:538} INFO - Filling up the DagBag from /Library/Frameworks/Python.framework/Versions/3.9/lib/python3.9/site-packages/airflow/example_dags/example_bash_operator.py
[2023-01-10T20:18:01.655-0500] {processor.py:753} INFO - DAG(s) dict_keys(['example_bash_operator']) retrieved from /Library/Frameworks/Python.framework/Versions/3.9/lib/python3.9/site-packages/airflow/example_dags/example_bash_operator.py
[2023-01-10T20:18:02.391-0500] {logging_mixin.py:137} INFO - [2023-01-10T20:18:02.390-0500] {dag.py:2676} INFO - Sync 1 DAGs
[2023-01-10T20:18:02.408-0500] {logging_mixin.py:137} INFO - [2023-01-10T20:18:02.407-0500] {dag.py:3423} INFO - Setting next_dagrun for example_bash_operator to 2023-01-10T00:00:00+00:00, run_after=2023-01-11T00:00:00+00:00
[2023-01-10T20:18:02.429-0500] {processor.py:175} INFO - Processing /Library/Frameworks/Python.framework/Versions/3.9/lib/python3.9/site-packages/airflow/example_dags/example_bash_operator.py took 0.871 seconds
[2023-01-10T20:20:41.798-0500] {processor.py:153} INFO - Started process (PID=2948) to work on /Library/Frameworks/Python.framework/Versions/3.9/lib/python3.9/site-packages/airflow/example_dags/example_bash_operator.py
[2023-01-10T20:20:41.803-0500] {processor.py:743} INFO - Processing file /Library/Frameworks/Python.framework/Versions/3.9/lib/python3.9/site-packages/airflow/example_dags/example_bash_operator.py for tasks to queue
[2023-01-10T20:20:41.803-0500] {logging_mixin.py:137} INFO - [2023-01-10T20:20:41.803-0500] {dagbag.py:538} INFO - Filling up the DagBag from /Library/Frameworks/Python.framework/Versions/3.9/lib/python3.9/site-packages/airflow/example_dags/example_bash_operator.py
[2023-01-10T20:20:41.883-0500] {processor.py:753} INFO - DAG(s) dict_keys(['example_bash_operator']) retrieved from /Library/Frameworks/Python.framework/Versions/3.9/lib/python3.9/site-packages/airflow/example_dags/example_bash_operator.py
[2023-01-10T20:20:42.600-0500] {logging_mixin.py:137} INFO - [2023-01-10T20:20:42.600-0500] {dag.py:2676} INFO - Sync 1 DAGs
[2023-01-10T20:20:42.618-0500] {logging_mixin.py:137} INFO - [2023-01-10T20:20:42.617-0500] {dag.py:3423} INFO - Setting next_dagrun for example_bash_operator to 2023-01-10T00:00:00+00:00, run_after=2023-01-11T00:00:00+00:00
[2023-01-10T20:20:42.637-0500] {processor.py:175} INFO - Processing /Library/Frameworks/Python.framework/Versions/3.9/lib/python3.9/site-packages/airflow/example_dags/example_bash_operator.py took 0.839 seconds
[2023-01-10T20:23:26.121-0500] {processor.py:153} INFO - Started process (PID=3036) to work on /Library/Frameworks/Python.framework/Versions/3.9/lib/python3.9/site-packages/airflow/example_dags/example_bash_operator.py
[2023-01-10T20:23:26.126-0500] {processor.py:743} INFO - Processing file /Library/Frameworks/Python.framework/Versions/3.9/lib/python3.9/site-packages/airflow/example_dags/example_bash_operator.py for tasks to queue
[2023-01-10T20:23:26.127-0500] {logging_mixin.py:137} INFO - [2023-01-10T20:23:26.127-0500] {dagbag.py:538} INFO - Filling up the DagBag from /Library/Frameworks/Python.framework/Versions/3.9/lib/python3.9/site-packages/airflow/example_dags/example_bash_operator.py
[2023-01-10T20:23:26.210-0500] {processor.py:753} INFO - DAG(s) dict_keys(['example_bash_operator']) retrieved from /Library/Frameworks/Python.framework/Versions/3.9/lib/python3.9/site-packages/airflow/example_dags/example_bash_operator.py
[2023-01-10T20:23:26.941-0500] {logging_mixin.py:137} INFO - [2023-01-10T20:23:26.940-0500] {dag.py:2676} INFO - Sync 1 DAGs
[2023-01-10T20:23:26.958-0500] {logging_mixin.py:137} INFO - [2023-01-10T20:23:26.958-0500] {dag.py:3423} INFO - Setting next_dagrun for example_bash_operator to 2023-01-10T00:00:00+00:00, run_after=2023-01-11T00:00:00+00:00
[2023-01-10T20:23:26.978-0500] {processor.py:175} INFO - Processing /Library/Frameworks/Python.framework/Versions/3.9/lib/python3.9/site-packages/airflow/example_dags/example_bash_operator.py took 0.857 seconds
[2023-01-10T20:26:01.578-0500] {processor.py:153} INFO - Started process (PID=3181) to work on /Library/Frameworks/Python.framework/Versions/3.9/lib/python3.9/site-packages/airflow/example_dags/example_bash_operator.py
[2023-01-10T20:26:01.584-0500] {processor.py:743} INFO - Processing file /Library/Frameworks/Python.framework/Versions/3.9/lib/python3.9/site-packages/airflow/example_dags/example_bash_operator.py for tasks to queue
[2023-01-10T20:26:01.584-0500] {logging_mixin.py:137} INFO - [2023-01-10T20:26:01.584-0500] {dagbag.py:538} INFO - Filling up the DagBag from /Library/Frameworks/Python.framework/Versions/3.9/lib/python3.9/site-packages/airflow/example_dags/example_bash_operator.py
[2023-01-10T20:26:01.667-0500] {processor.py:753} INFO - DAG(s) dict_keys(['example_bash_operator']) retrieved from /Library/Frameworks/Python.framework/Versions/3.9/lib/python3.9/site-packages/airflow/example_dags/example_bash_operator.py
[2023-01-10T20:26:02.367-0500] {logging_mixin.py:137} INFO - [2023-01-10T20:26:02.367-0500] {dag.py:2676} INFO - Sync 1 DAGs
[2023-01-10T20:26:02.383-0500] {logging_mixin.py:137} INFO - [2023-01-10T20:26:02.383-0500] {dag.py:3423} INFO - Setting next_dagrun for example_bash_operator to 2023-01-10T00:00:00+00:00, run_after=2023-01-11T00:00:00+00:00
[2023-01-10T20:26:02.406-0500] {processor.py:175} INFO - Processing /Library/Frameworks/Python.framework/Versions/3.9/lib/python3.9/site-packages/airflow/example_dags/example_bash_operator.py took 0.828 seconds
[2023-01-10T20:28:44.253-0500] {processor.py:153} INFO - Started process (PID=3323) to work on /Library/Frameworks/Python.framework/Versions/3.9/lib/python3.9/site-packages/airflow/example_dags/example_bash_operator.py
[2023-01-10T20:28:44.259-0500] {processor.py:743} INFO - Processing file /Library/Frameworks/Python.framework/Versions/3.9/lib/python3.9/site-packages/airflow/example_dags/example_bash_operator.py for tasks to queue
[2023-01-10T20:28:44.259-0500] {logging_mixin.py:137} INFO - [2023-01-10T20:28:44.259-0500] {dagbag.py:538} INFO - Filling up the DagBag from /Library/Frameworks/Python.framework/Versions/3.9/lib/python3.9/site-packages/airflow/example_dags/example_bash_operator.py
[2023-01-10T20:28:44.338-0500] {processor.py:753} INFO - DAG(s) dict_keys(['example_bash_operator']) retrieved from /Library/Frameworks/Python.framework/Versions/3.9/lib/python3.9/site-packages/airflow/example_dags/example_bash_operator.py
[2023-01-10T20:28:45.059-0500] {logging_mixin.py:137} INFO - [2023-01-10T20:28:45.059-0500] {dag.py:2676} INFO - Sync 1 DAGs
[2023-01-10T20:28:45.079-0500] {logging_mixin.py:137} INFO - [2023-01-10T20:28:45.079-0500] {dag.py:3423} INFO - Setting next_dagrun for example_bash_operator to 2023-01-10T00:00:00+00:00, run_after=2023-01-11T00:00:00+00:00
[2023-01-10T20:28:45.100-0500] {processor.py:175} INFO - Processing /Library/Frameworks/Python.framework/Versions/3.9/lib/python3.9/site-packages/airflow/example_dags/example_bash_operator.py took 0.847 seconds
[2023-01-10T20:31:25.900-0500] {processor.py:153} INFO - Started process (PID=3411) to work on /Library/Frameworks/Python.framework/Versions/3.9/lib/python3.9/site-packages/airflow/example_dags/example_bash_operator.py
[2023-01-10T20:31:25.906-0500] {processor.py:743} INFO - Processing file /Library/Frameworks/Python.framework/Versions/3.9/lib/python3.9/site-packages/airflow/example_dags/example_bash_operator.py for tasks to queue
[2023-01-10T20:31:25.906-0500] {logging_mixin.py:137} INFO - [2023-01-10T20:31:25.906-0500] {dagbag.py:538} INFO - Filling up the DagBag from /Library/Frameworks/Python.framework/Versions/3.9/lib/python3.9/site-packages/airflow/example_dags/example_bash_operator.py
[2023-01-10T20:31:25.997-0500] {processor.py:753} INFO - DAG(s) dict_keys(['example_bash_operator']) retrieved from /Library/Frameworks/Python.framework/Versions/3.9/lib/python3.9/site-packages/airflow/example_dags/example_bash_operator.py
[2023-01-10T20:31:26.715-0500] {logging_mixin.py:137} INFO - [2023-01-10T20:31:26.715-0500] {dag.py:2676} INFO - Sync 1 DAGs
[2023-01-10T20:31:26.732-0500] {logging_mixin.py:137} INFO - [2023-01-10T20:31:26.732-0500] {dag.py:3423} INFO - Setting next_dagrun for example_bash_operator to 2023-01-10T00:00:00+00:00, run_after=2023-01-11T00:00:00+00:00
[2023-01-10T20:31:26.750-0500] {processor.py:175} INFO - Processing /Library/Frameworks/Python.framework/Versions/3.9/lib/python3.9/site-packages/airflow/example_dags/example_bash_operator.py took 0.850 seconds
[2023-01-10T20:34:36.222-0500] {processor.py:153} INFO - Started process (PID=3638) to work on /Library/Frameworks/Python.framework/Versions/3.9/lib/python3.9/site-packages/airflow/example_dags/example_bash_operator.py
[2023-01-10T20:34:36.227-0500] {processor.py:743} INFO - Processing file /Library/Frameworks/Python.framework/Versions/3.9/lib/python3.9/site-packages/airflow/example_dags/example_bash_operator.py for tasks to queue
[2023-01-10T20:34:36.228-0500] {logging_mixin.py:137} INFO - [2023-01-10T20:34:36.228-0500] {dagbag.py:538} INFO - Filling up the DagBag from /Library/Frameworks/Python.framework/Versions/3.9/lib/python3.9/site-packages/airflow/example_dags/example_bash_operator.py
[2023-01-10T20:34:36.286-0500] {processor.py:753} INFO - DAG(s) dict_keys(['example_bash_operator']) retrieved from /Library/Frameworks/Python.framework/Versions/3.9/lib/python3.9/site-packages/airflow/example_dags/example_bash_operator.py
[2023-01-10T20:34:36.892-0500] {logging_mixin.py:137} INFO - [2023-01-10T20:34:36.891-0500] {dag.py:2676} INFO - Sync 1 DAGs
[2023-01-10T20:34:36.910-0500] {logging_mixin.py:137} INFO - [2023-01-10T20:34:36.910-0500] {dag.py:3423} INFO - Setting next_dagrun for example_bash_operator to 2023-01-10T00:00:00+00:00, run_after=2023-01-11T00:00:00+00:00
[2023-01-10T20:34:36.928-0500] {processor.py:175} INFO - Processing /Library/Frameworks/Python.framework/Versions/3.9/lib/python3.9/site-packages/airflow/example_dags/example_bash_operator.py took 0.706 seconds
[2023-01-10T20:38:00.009-0500] {processor.py:153} INFO - Started process (PID=3840) to work on /Library/Frameworks/Python.framework/Versions/3.9/lib/python3.9/site-packages/airflow/example_dags/example_bash_operator.py
[2023-01-10T20:38:00.016-0500] {processor.py:743} INFO - Processing file /Library/Frameworks/Python.framework/Versions/3.9/lib/python3.9/site-packages/airflow/example_dags/example_bash_operator.py for tasks to queue
[2023-01-10T20:38:00.017-0500] {logging_mixin.py:137} INFO - [2023-01-10T20:38:00.016-0500] {dagbag.py:538} INFO - Filling up the DagBag from /Library/Frameworks/Python.framework/Versions/3.9/lib/python3.9/site-packages/airflow/example_dags/example_bash_operator.py
[2023-01-10T20:38:00.101-0500] {processor.py:753} INFO - DAG(s) dict_keys(['example_bash_operator']) retrieved from /Library/Frameworks/Python.framework/Versions/3.9/lib/python3.9/site-packages/airflow/example_dags/example_bash_operator.py
[2023-01-10T20:38:00.912-0500] {logging_mixin.py:137} INFO - [2023-01-10T20:38:00.912-0500] {dag.py:2676} INFO - Sync 1 DAGs
[2023-01-10T20:38:00.934-0500] {logging_mixin.py:137} INFO - [2023-01-10T20:38:00.934-0500] {dag.py:3423} INFO - Setting next_dagrun for example_bash_operator to 2023-01-10T00:00:00+00:00, run_after=2023-01-11T00:00:00+00:00
[2023-01-10T20:38:00.960-0500] {processor.py:175} INFO - Processing /Library/Frameworks/Python.framework/Versions/3.9/lib/python3.9/site-packages/airflow/example_dags/example_bash_operator.py took 0.951 seconds
[2023-01-10T20:41:32.911-0500] {processor.py:153} INFO - Started process (PID=3975) to work on /Library/Frameworks/Python.framework/Versions/3.9/lib/python3.9/site-packages/airflow/example_dags/example_bash_operator.py
[2023-01-10T20:41:32.916-0500] {processor.py:743} INFO - Processing file /Library/Frameworks/Python.framework/Versions/3.9/lib/python3.9/site-packages/airflow/example_dags/example_bash_operator.py for tasks to queue
[2023-01-10T20:41:32.917-0500] {logging_mixin.py:137} INFO - [2023-01-10T20:41:32.917-0500] {dagbag.py:538} INFO - Filling up the DagBag from /Library/Frameworks/Python.framework/Versions/3.9/lib/python3.9/site-packages/airflow/example_dags/example_bash_operator.py
[2023-01-10T20:41:32.990-0500] {processor.py:753} INFO - DAG(s) dict_keys(['example_bash_operator']) retrieved from /Library/Frameworks/Python.framework/Versions/3.9/lib/python3.9/site-packages/airflow/example_dags/example_bash_operator.py
[2023-01-10T20:41:33.618-0500] {logging_mixin.py:137} INFO - [2023-01-10T20:41:33.618-0500] {dag.py:2676} INFO - Sync 1 DAGs
[2023-01-10T20:41:33.637-0500] {logging_mixin.py:137} INFO - [2023-01-10T20:41:33.637-0500] {dag.py:3423} INFO - Setting next_dagrun for example_bash_operator to 2023-01-10T00:00:00+00:00, run_after=2023-01-11T00:00:00+00:00
[2023-01-10T20:41:33.656-0500] {processor.py:175} INFO - Processing /Library/Frameworks/Python.framework/Versions/3.9/lib/python3.9/site-packages/airflow/example_dags/example_bash_operator.py took 0.746 seconds
[2023-01-10T20:45:09.361-0500] {processor.py:153} INFO - Started process (PID=4200) to work on /Library/Frameworks/Python.framework/Versions/3.9/lib/python3.9/site-packages/airflow/example_dags/example_bash_operator.py
[2023-01-10T20:45:09.366-0500] {processor.py:743} INFO - Processing file /Library/Frameworks/Python.framework/Versions/3.9/lib/python3.9/site-packages/airflow/example_dags/example_bash_operator.py for tasks to queue
[2023-01-10T20:45:09.367-0500] {logging_mixin.py:137} INFO - [2023-01-10T20:45:09.367-0500] {dagbag.py:538} INFO - Filling up the DagBag from /Library/Frameworks/Python.framework/Versions/3.9/lib/python3.9/site-packages/airflow/example_dags/example_bash_operator.py
[2023-01-10T20:45:09.430-0500] {processor.py:753} INFO - DAG(s) dict_keys(['example_bash_operator']) retrieved from /Library/Frameworks/Python.framework/Versions/3.9/lib/python3.9/site-packages/airflow/example_dags/example_bash_operator.py
[2023-01-10T20:45:10.065-0500] {logging_mixin.py:137} INFO - [2023-01-10T20:45:10.064-0500] {dag.py:2676} INFO - Sync 1 DAGs
[2023-01-10T20:45:10.084-0500] {logging_mixin.py:137} INFO - [2023-01-10T20:45:10.084-0500] {dag.py:3423} INFO - Setting next_dagrun for example_bash_operator to 2023-01-10T00:00:00+00:00, run_after=2023-01-11T00:00:00+00:00
[2023-01-10T20:45:10.104-0500] {processor.py:175} INFO - Processing /Library/Frameworks/Python.framework/Versions/3.9/lib/python3.9/site-packages/airflow/example_dags/example_bash_operator.py took 0.744 seconds
[2023-01-10T20:48:42.449-0500] {processor.py:153} INFO - Started process (PID=4359) to work on /Library/Frameworks/Python.framework/Versions/3.9/lib/python3.9/site-packages/airflow/example_dags/example_bash_operator.py
[2023-01-10T20:48:42.455-0500] {processor.py:743} INFO - Processing file /Library/Frameworks/Python.framework/Versions/3.9/lib/python3.9/site-packages/airflow/example_dags/example_bash_operator.py for tasks to queue
[2023-01-10T20:48:42.456-0500] {logging_mixin.py:137} INFO - [2023-01-10T20:48:42.456-0500] {dagbag.py:538} INFO - Filling up the DagBag from /Library/Frameworks/Python.framework/Versions/3.9/lib/python3.9/site-packages/airflow/example_dags/example_bash_operator.py
[2023-01-10T20:48:42.529-0500] {processor.py:753} INFO - DAG(s) dict_keys(['example_bash_operator']) retrieved from /Library/Frameworks/Python.framework/Versions/3.9/lib/python3.9/site-packages/airflow/example_dags/example_bash_operator.py
[2023-01-10T20:48:43.169-0500] {logging_mixin.py:137} INFO - [2023-01-10T20:48:43.169-0500] {dag.py:2676} INFO - Sync 1 DAGs
[2023-01-10T20:48:43.188-0500] {logging_mixin.py:137} INFO - [2023-01-10T20:48:43.187-0500] {dag.py:3423} INFO - Setting next_dagrun for example_bash_operator to 2023-01-10T00:00:00+00:00, run_after=2023-01-11T00:00:00+00:00
[2023-01-10T20:48:43.205-0500] {processor.py:175} INFO - Processing /Library/Frameworks/Python.framework/Versions/3.9/lib/python3.9/site-packages/airflow/example_dags/example_bash_operator.py took 0.757 seconds
[2023-01-10T20:52:00.326-0500] {processor.py:153} INFO - Started process (PID=4447) to work on /Library/Frameworks/Python.framework/Versions/3.9/lib/python3.9/site-packages/airflow/example_dags/example_bash_operator.py
[2023-01-10T20:52:00.332-0500] {processor.py:743} INFO - Processing file /Library/Frameworks/Python.framework/Versions/3.9/lib/python3.9/site-packages/airflow/example_dags/example_bash_operator.py for tasks to queue
[2023-01-10T20:52:00.332-0500] {logging_mixin.py:137} INFO - [2023-01-10T20:52:00.332-0500] {dagbag.py:538} INFO - Filling up the DagBag from /Library/Frameworks/Python.framework/Versions/3.9/lib/python3.9/site-packages/airflow/example_dags/example_bash_operator.py
[2023-01-10T20:52:00.393-0500] {processor.py:753} INFO - DAG(s) dict_keys(['example_bash_operator']) retrieved from /Library/Frameworks/Python.framework/Versions/3.9/lib/python3.9/site-packages/airflow/example_dags/example_bash_operator.py
[2023-01-10T20:52:01.015-0500] {logging_mixin.py:137} INFO - [2023-01-10T20:52:01.015-0500] {dag.py:2676} INFO - Sync 1 DAGs
[2023-01-10T20:52:01.032-0500] {logging_mixin.py:137} INFO - [2023-01-10T20:52:01.032-0500] {dag.py:3423} INFO - Setting next_dagrun for example_bash_operator to 2023-01-10T00:00:00+00:00, run_after=2023-01-11T00:00:00+00:00
[2023-01-10T20:52:01.056-0500] {processor.py:175} INFO - Processing /Library/Frameworks/Python.framework/Versions/3.9/lib/python3.9/site-packages/airflow/example_dags/example_bash_operator.py took 0.731 seconds
[2023-01-10T20:55:18.245-0500] {processor.py:153} INFO - Started process (PID=4606) to work on /Library/Frameworks/Python.framework/Versions/3.9/lib/python3.9/site-packages/airflow/example_dags/example_bash_operator.py
[2023-01-10T20:55:18.251-0500] {processor.py:743} INFO - Processing file /Library/Frameworks/Python.framework/Versions/3.9/lib/python3.9/site-packages/airflow/example_dags/example_bash_operator.py for tasks to queue
[2023-01-10T20:55:18.251-0500] {logging_mixin.py:137} INFO - [2023-01-10T20:55:18.251-0500] {dagbag.py:538} INFO - Filling up the DagBag from /Library/Frameworks/Python.framework/Versions/3.9/lib/python3.9/site-packages/airflow/example_dags/example_bash_operator.py
[2023-01-10T20:55:18.309-0500] {processor.py:753} INFO - DAG(s) dict_keys(['example_bash_operator']) retrieved from /Library/Frameworks/Python.framework/Versions/3.9/lib/python3.9/site-packages/airflow/example_dags/example_bash_operator.py
[2023-01-10T20:55:18.927-0500] {logging_mixin.py:137} INFO - [2023-01-10T20:55:18.927-0500] {dag.py:2676} INFO - Sync 1 DAGs
[2023-01-10T20:55:18.945-0500] {logging_mixin.py:137} INFO - [2023-01-10T20:55:18.945-0500] {dag.py:3423} INFO - Setting next_dagrun for example_bash_operator to 2023-01-10T00:00:00+00:00, run_after=2023-01-11T00:00:00+00:00
[2023-01-10T20:55:18.963-0500] {processor.py:175} INFO - Processing /Library/Frameworks/Python.framework/Versions/3.9/lib/python3.9/site-packages/airflow/example_dags/example_bash_operator.py took 0.719 seconds
[2023-01-10T20:58:32.389-0500] {processor.py:153} INFO - Started process (PID=4696) to work on /Library/Frameworks/Python.framework/Versions/3.9/lib/python3.9/site-packages/airflow/example_dags/example_bash_operator.py
[2023-01-10T20:58:32.395-0500] {processor.py:743} INFO - Processing file /Library/Frameworks/Python.framework/Versions/3.9/lib/python3.9/site-packages/airflow/example_dags/example_bash_operator.py for tasks to queue
[2023-01-10T20:58:32.395-0500] {logging_mixin.py:137} INFO - [2023-01-10T20:58:32.395-0500] {dagbag.py:538} INFO - Filling up the DagBag from /Library/Frameworks/Python.framework/Versions/3.9/lib/python3.9/site-packages/airflow/example_dags/example_bash_operator.py
[2023-01-10T20:58:32.452-0500] {processor.py:753} INFO - DAG(s) dict_keys(['example_bash_operator']) retrieved from /Library/Frameworks/Python.framework/Versions/3.9/lib/python3.9/site-packages/airflow/example_dags/example_bash_operator.py
[2023-01-10T20:58:33.074-0500] {logging_mixin.py:137} INFO - [2023-01-10T20:58:33.074-0500] {dag.py:2676} INFO - Sync 1 DAGs
[2023-01-10T20:58:33.092-0500] {logging_mixin.py:137} INFO - [2023-01-10T20:58:33.092-0500] {dag.py:3423} INFO - Setting next_dagrun for example_bash_operator to 2023-01-10T00:00:00+00:00, run_after=2023-01-11T00:00:00+00:00
[2023-01-10T20:58:33.109-0500] {processor.py:175} INFO - Processing /Library/Frameworks/Python.framework/Versions/3.9/lib/python3.9/site-packages/airflow/example_dags/example_bash_operator.py took 0.720 seconds
[2023-01-10T21:01:46.016-0500] {processor.py:153} INFO - Started process (PID=4769) to work on /Library/Frameworks/Python.framework/Versions/3.9/lib/python3.9/site-packages/airflow/example_dags/example_bash_operator.py
[2023-01-10T21:01:46.021-0500] {processor.py:743} INFO - Processing file /Library/Frameworks/Python.framework/Versions/3.9/lib/python3.9/site-packages/airflow/example_dags/example_bash_operator.py for tasks to queue
[2023-01-10T21:01:46.022-0500] {logging_mixin.py:137} INFO - [2023-01-10T21:01:46.022-0500] {dagbag.py:538} INFO - Filling up the DagBag from /Library/Frameworks/Python.framework/Versions/3.9/lib/python3.9/site-packages/airflow/example_dags/example_bash_operator.py
[2023-01-10T21:01:46.079-0500] {processor.py:753} INFO - DAG(s) dict_keys(['example_bash_operator']) retrieved from /Library/Frameworks/Python.framework/Versions/3.9/lib/python3.9/site-packages/airflow/example_dags/example_bash_operator.py
[2023-01-10T21:01:46.692-0500] {logging_mixin.py:137} INFO - [2023-01-10T21:01:46.692-0500] {dag.py:2676} INFO - Sync 1 DAGs
[2023-01-10T21:01:46.710-0500] {logging_mixin.py:137} INFO - [2023-01-10T21:01:46.710-0500] {dag.py:3423} INFO - Setting next_dagrun for example_bash_operator to 2023-01-10T00:00:00+00:00, run_after=2023-01-11T00:00:00+00:00
[2023-01-10T21:01:46.728-0500] {processor.py:175} INFO - Processing /Library/Frameworks/Python.framework/Versions/3.9/lib/python3.9/site-packages/airflow/example_dags/example_bash_operator.py took 0.713 seconds
[2023-01-10T21:04:53.708-0500] {processor.py:153} INFO - Started process (PID=4959) to work on /Library/Frameworks/Python.framework/Versions/3.9/lib/python3.9/site-packages/airflow/example_dags/example_bash_operator.py
[2023-01-10T21:04:53.714-0500] {processor.py:743} INFO - Processing file /Library/Frameworks/Python.framework/Versions/3.9/lib/python3.9/site-packages/airflow/example_dags/example_bash_operator.py for tasks to queue
[2023-01-10T21:04:53.715-0500] {logging_mixin.py:137} INFO - [2023-01-10T21:04:53.715-0500] {dagbag.py:538} INFO - Filling up the DagBag from /Library/Frameworks/Python.framework/Versions/3.9/lib/python3.9/site-packages/airflow/example_dags/example_bash_operator.py
[2023-01-10T21:04:53.775-0500] {processor.py:753} INFO - DAG(s) dict_keys(['example_bash_operator']) retrieved from /Library/Frameworks/Python.framework/Versions/3.9/lib/python3.9/site-packages/airflow/example_dags/example_bash_operator.py
[2023-01-10T21:04:54.387-0500] {logging_mixin.py:137} INFO - [2023-01-10T21:04:54.387-0500] {dag.py:2676} INFO - Sync 1 DAGs
[2023-01-10T21:04:54.404-0500] {logging_mixin.py:137} INFO - [2023-01-10T21:04:54.404-0500] {dag.py:3423} INFO - Setting next_dagrun for example_bash_operator to 2023-01-10T00:00:00+00:00, run_after=2023-01-11T00:00:00+00:00
[2023-01-10T21:04:54.423-0500] {processor.py:175} INFO - Processing /Library/Frameworks/Python.framework/Versions/3.9/lib/python3.9/site-packages/airflow/example_dags/example_bash_operator.py took 0.716 seconds
[2023-01-10T21:07:56.682-0500] {processor.py:153} INFO - Started process (PID=5036) to work on /Library/Frameworks/Python.framework/Versions/3.9/lib/python3.9/site-packages/airflow/example_dags/example_bash_operator.py
[2023-01-10T21:07:56.686-0500] {processor.py:743} INFO - Processing file /Library/Frameworks/Python.framework/Versions/3.9/lib/python3.9/site-packages/airflow/example_dags/example_bash_operator.py for tasks to queue
[2023-01-10T21:07:56.687-0500] {logging_mixin.py:137} INFO - [2023-01-10T21:07:56.687-0500] {dagbag.py:538} INFO - Filling up the DagBag from /Library/Frameworks/Python.framework/Versions/3.9/lib/python3.9/site-packages/airflow/example_dags/example_bash_operator.py
[2023-01-10T21:07:56.743-0500] {processor.py:753} INFO - DAG(s) dict_keys(['example_bash_operator']) retrieved from /Library/Frameworks/Python.framework/Versions/3.9/lib/python3.9/site-packages/airflow/example_dags/example_bash_operator.py
[2023-01-10T21:07:57.344-0500] {logging_mixin.py:137} INFO - [2023-01-10T21:07:57.344-0500] {dag.py:2676} INFO - Sync 1 DAGs
[2023-01-10T21:07:57.362-0500] {logging_mixin.py:137} INFO - [2023-01-10T21:07:57.361-0500] {dag.py:3423} INFO - Setting next_dagrun for example_bash_operator to 2023-01-10T00:00:00+00:00, run_after=2023-01-11T00:00:00+00:00
[2023-01-10T21:07:57.379-0500] {processor.py:175} INFO - Processing /Library/Frameworks/Python.framework/Versions/3.9/lib/python3.9/site-packages/airflow/example_dags/example_bash_operator.py took 0.698 seconds
[2023-01-10T21:11:08.084-0500] {processor.py:153} INFO - Started process (PID=5136) to work on /Library/Frameworks/Python.framework/Versions/3.9/lib/python3.9/site-packages/airflow/example_dags/example_bash_operator.py
[2023-01-10T21:11:08.089-0500] {processor.py:743} INFO - Processing file /Library/Frameworks/Python.framework/Versions/3.9/lib/python3.9/site-packages/airflow/example_dags/example_bash_operator.py for tasks to queue
[2023-01-10T21:11:08.090-0500] {logging_mixin.py:137} INFO - [2023-01-10T21:11:08.090-0500] {dagbag.py:538} INFO - Filling up the DagBag from /Library/Frameworks/Python.framework/Versions/3.9/lib/python3.9/site-packages/airflow/example_dags/example_bash_operator.py
[2023-01-10T21:11:08.146-0500] {processor.py:753} INFO - DAG(s) dict_keys(['example_bash_operator']) retrieved from /Library/Frameworks/Python.framework/Versions/3.9/lib/python3.9/site-packages/airflow/example_dags/example_bash_operator.py
[2023-01-10T21:11:08.770-0500] {logging_mixin.py:137} INFO - [2023-01-10T21:11:08.769-0500] {dag.py:2676} INFO - Sync 1 DAGs
[2023-01-10T21:11:08.788-0500] {logging_mixin.py:137} INFO - [2023-01-10T21:11:08.788-0500] {dag.py:3423} INFO - Setting next_dagrun for example_bash_operator to 2023-01-10T00:00:00+00:00, run_after=2023-01-11T00:00:00+00:00
[2023-01-10T21:11:08.806-0500] {processor.py:175} INFO - Processing /Library/Frameworks/Python.framework/Versions/3.9/lib/python3.9/site-packages/airflow/example_dags/example_bash_operator.py took 0.723 seconds
[2023-01-10T21:14:05.650-0500] {processor.py:153} INFO - Started process (PID=5236) to work on /Library/Frameworks/Python.framework/Versions/3.9/lib/python3.9/site-packages/airflow/example_dags/example_bash_operator.py
[2023-01-10T21:14:05.654-0500] {processor.py:743} INFO - Processing file /Library/Frameworks/Python.framework/Versions/3.9/lib/python3.9/site-packages/airflow/example_dags/example_bash_operator.py for tasks to queue
[2023-01-10T21:14:05.655-0500] {logging_mixin.py:137} INFO - [2023-01-10T21:14:05.655-0500] {dagbag.py:538} INFO - Filling up the DagBag from /Library/Frameworks/Python.framework/Versions/3.9/lib/python3.9/site-packages/airflow/example_dags/example_bash_operator.py
[2023-01-10T21:14:05.708-0500] {processor.py:753} INFO - DAG(s) dict_keys(['example_bash_operator']) retrieved from /Library/Frameworks/Python.framework/Versions/3.9/lib/python3.9/site-packages/airflow/example_dags/example_bash_operator.py
[2023-01-10T21:14:06.322-0500] {logging_mixin.py:137} INFO - [2023-01-10T21:14:06.322-0500] {dag.py:2676} INFO - Sync 1 DAGs
[2023-01-10T21:14:06.344-0500] {logging_mixin.py:137} INFO - [2023-01-10T21:14:06.344-0500] {dag.py:3423} INFO - Setting next_dagrun for example_bash_operator to 2023-01-10T00:00:00+00:00, run_after=2023-01-11T00:00:00+00:00
[2023-01-10T21:14:06.362-0500] {processor.py:175} INFO - Processing /Library/Frameworks/Python.framework/Versions/3.9/lib/python3.9/site-packages/airflow/example_dags/example_bash_operator.py took 0.713 seconds
[2023-01-10T21:17:17.553-0500] {processor.py:153} INFO - Started process (PID=5383) to work on /Library/Frameworks/Python.framework/Versions/3.9/lib/python3.9/site-packages/airflow/example_dags/example_bash_operator.py
[2023-01-10T21:17:17.558-0500] {processor.py:743} INFO - Processing file /Library/Frameworks/Python.framework/Versions/3.9/lib/python3.9/site-packages/airflow/example_dags/example_bash_operator.py for tasks to queue
[2023-01-10T21:17:17.559-0500] {logging_mixin.py:137} INFO - [2023-01-10T21:17:17.559-0500] {dagbag.py:538} INFO - Filling up the DagBag from /Library/Frameworks/Python.framework/Versions/3.9/lib/python3.9/site-packages/airflow/example_dags/example_bash_operator.py
[2023-01-10T21:17:17.623-0500] {processor.py:753} INFO - DAG(s) dict_keys(['example_bash_operator']) retrieved from /Library/Frameworks/Python.framework/Versions/3.9/lib/python3.9/site-packages/airflow/example_dags/example_bash_operator.py
[2023-01-10T21:17:18.294-0500] {logging_mixin.py:137} INFO - [2023-01-10T21:17:18.294-0500] {dag.py:2676} INFO - Sync 1 DAGs
[2023-01-10T21:17:18.313-0500] {logging_mixin.py:137} INFO - [2023-01-10T21:17:18.312-0500] {dag.py:3423} INFO - Setting next_dagrun for example_bash_operator to 2023-01-10T00:00:00+00:00, run_after=2023-01-11T00:00:00+00:00
[2023-01-10T21:17:18.334-0500] {processor.py:175} INFO - Processing /Library/Frameworks/Python.framework/Versions/3.9/lib/python3.9/site-packages/airflow/example_dags/example_bash_operator.py took 0.782 seconds
[2023-01-10T21:21:24.282-0500] {processor.py:153} INFO - Started process (PID=5614) to work on /Library/Frameworks/Python.framework/Versions/3.9/lib/python3.9/site-packages/airflow/example_dags/example_bash_operator.py
[2023-01-10T21:21:24.288-0500] {processor.py:743} INFO - Processing file /Library/Frameworks/Python.framework/Versions/3.9/lib/python3.9/site-packages/airflow/example_dags/example_bash_operator.py for tasks to queue
[2023-01-10T21:21:24.288-0500] {logging_mixin.py:137} INFO - [2023-01-10T21:21:24.288-0500] {dagbag.py:538} INFO - Filling up the DagBag from /Library/Frameworks/Python.framework/Versions/3.9/lib/python3.9/site-packages/airflow/example_dags/example_bash_operator.py
[2023-01-10T21:21:24.346-0500] {processor.py:753} INFO - DAG(s) dict_keys(['example_bash_operator']) retrieved from /Library/Frameworks/Python.framework/Versions/3.9/lib/python3.9/site-packages/airflow/example_dags/example_bash_operator.py
[2023-01-10T21:21:24.926-0500] {logging_mixin.py:137} INFO - [2023-01-10T21:21:24.925-0500] {dag.py:2676} INFO - Sync 1 DAGs
[2023-01-10T21:21:24.942-0500] {logging_mixin.py:137} INFO - [2023-01-10T21:21:24.942-0500] {dag.py:3423} INFO - Setting next_dagrun for example_bash_operator to 2023-01-10T00:00:00+00:00, run_after=2023-01-11T00:00:00+00:00
[2023-01-10T21:21:24.967-0500] {processor.py:175} INFO - Processing /Library/Frameworks/Python.framework/Versions/3.9/lib/python3.9/site-packages/airflow/example_dags/example_bash_operator.py took 0.685 seconds
[2023-01-10T22:23:04.657-0500] {processor.py:153} INFO - Started process (PID=6248) to work on /Library/Frameworks/Python.framework/Versions/3.9/lib/python3.9/site-packages/airflow/example_dags/example_bash_operator.py
[2023-01-10T22:23:04.666-0500] {processor.py:743} INFO - Processing file /Library/Frameworks/Python.framework/Versions/3.9/lib/python3.9/site-packages/airflow/example_dags/example_bash_operator.py for tasks to queue
[2023-01-10T22:23:04.667-0500] {logging_mixin.py:137} INFO - [2023-01-10T22:23:04.667-0500] {dagbag.py:538} INFO - Filling up the DagBag from /Library/Frameworks/Python.framework/Versions/3.9/lib/python3.9/site-packages/airflow/example_dags/example_bash_operator.py
[2023-01-10T22:23:04.853-0500] {processor.py:753} INFO - DAG(s) dict_keys(['example_bash_operator']) retrieved from /Library/Frameworks/Python.framework/Versions/3.9/lib/python3.9/site-packages/airflow/example_dags/example_bash_operator.py
[2023-01-10T22:23:06.562-0500] {logging_mixin.py:137} INFO - [2023-01-10T22:23:06.561-0500] {dag.py:2676} INFO - Sync 1 DAGs
[2023-01-10T22:23:06.595-0500] {logging_mixin.py:137} INFO - [2023-01-10T22:23:06.595-0500] {dag.py:3423} INFO - Setting next_dagrun for example_bash_operator to 2023-01-10T00:00:00+00:00, run_after=2023-01-11T00:00:00+00:00
[2023-01-10T22:23:06.651-0500] {processor.py:175} INFO - Processing /Library/Frameworks/Python.framework/Versions/3.9/lib/python3.9/site-packages/airflow/example_dags/example_bash_operator.py took 1.994 seconds
[2023-01-11T00:29:57.317-0500] {processor.py:153} INFO - Started process (PID=6441) to work on /Library/Frameworks/Python.framework/Versions/3.9/lib/python3.9/site-packages/airflow/example_dags/example_bash_operator.py
[2023-01-11T00:29:57.323-0500] {processor.py:743} INFO - Processing file /Library/Frameworks/Python.framework/Versions/3.9/lib/python3.9/site-packages/airflow/example_dags/example_bash_operator.py for tasks to queue
[2023-01-11T00:29:57.324-0500] {logging_mixin.py:137} INFO - [2023-01-11T00:29:57.323-0500] {dagbag.py:538} INFO - Filling up the DagBag from /Library/Frameworks/Python.framework/Versions/3.9/lib/python3.9/site-packages/airflow/example_dags/example_bash_operator.py
[2023-01-11T00:29:57.384-0500] {processor.py:753} INFO - DAG(s) dict_keys(['example_bash_operator']) retrieved from /Library/Frameworks/Python.framework/Versions/3.9/lib/python3.9/site-packages/airflow/example_dags/example_bash_operator.py
[2023-01-11T00:29:58.021-0500] {logging_mixin.py:137} INFO - [2023-01-11T00:29:58.021-0500] {dag.py:2676} INFO - Sync 1 DAGs
[2023-01-11T00:29:58.037-0500] {logging_mixin.py:137} INFO - [2023-01-11T00:29:58.037-0500] {dag.py:3423} INFO - Setting next_dagrun for example_bash_operator to 2023-01-10T00:00:00+00:00, run_after=2023-01-11T00:00:00+00:00
[2023-01-11T00:29:58.056-0500] {processor.py:175} INFO - Processing /Library/Frameworks/Python.framework/Versions/3.9/lib/python3.9/site-packages/airflow/example_dags/example_bash_operator.py took 0.739 seconds
[2023-01-11T11:20:37.805-0500] {processor.py:153} INFO - Started process (PID=7180) to work on /Library/Frameworks/Python.framework/Versions/3.9/lib/python3.9/site-packages/airflow/example_dags/example_bash_operator.py
[2023-01-11T11:20:37.811-0500] {processor.py:743} INFO - Processing file /Library/Frameworks/Python.framework/Versions/3.9/lib/python3.9/site-packages/airflow/example_dags/example_bash_operator.py for tasks to queue
[2023-01-11T11:20:37.812-0500] {logging_mixin.py:137} INFO - [2023-01-11T11:20:37.812-0500] {dagbag.py:538} INFO - Filling up the DagBag from /Library/Frameworks/Python.framework/Versions/3.9/lib/python3.9/site-packages/airflow/example_dags/example_bash_operator.py
[2023-01-11T11:20:37.885-0500] {processor.py:753} INFO - DAG(s) dict_keys(['example_bash_operator']) retrieved from /Library/Frameworks/Python.framework/Versions/3.9/lib/python3.9/site-packages/airflow/example_dags/example_bash_operator.py
[2023-01-11T11:20:38.606-0500] {logging_mixin.py:137} INFO - [2023-01-11T11:20:38.606-0500] {dag.py:2676} INFO - Sync 1 DAGs
[2023-01-11T11:20:38.624-0500] {logging_mixin.py:137} INFO - [2023-01-11T11:20:38.624-0500] {dag.py:3423} INFO - Setting next_dagrun for example_bash_operator to 2023-01-10T00:00:00+00:00, run_after=2023-01-11T00:00:00+00:00
[2023-01-11T11:20:38.644-0500] {processor.py:175} INFO - Processing /Library/Frameworks/Python.framework/Versions/3.9/lib/python3.9/site-packages/airflow/example_dags/example_bash_operator.py took 0.839 seconds
[2023-01-11T11:23:58.062-0500] {processor.py:153} INFO - Started process (PID=7379) to work on /Library/Frameworks/Python.framework/Versions/3.9/lib/python3.9/site-packages/airflow/example_dags/example_bash_operator.py
[2023-01-11T11:23:58.070-0500] {processor.py:743} INFO - Processing file /Library/Frameworks/Python.framework/Versions/3.9/lib/python3.9/site-packages/airflow/example_dags/example_bash_operator.py for tasks to queue
[2023-01-11T11:23:58.071-0500] {logging_mixin.py:137} INFO - [2023-01-11T11:23:58.071-0500] {dagbag.py:538} INFO - Filling up the DagBag from /Library/Frameworks/Python.framework/Versions/3.9/lib/python3.9/site-packages/airflow/example_dags/example_bash_operator.py
[2023-01-11T11:23:58.142-0500] {processor.py:753} INFO - DAG(s) dict_keys(['example_bash_operator']) retrieved from /Library/Frameworks/Python.framework/Versions/3.9/lib/python3.9/site-packages/airflow/example_dags/example_bash_operator.py
[2023-01-11T11:23:58.846-0500] {logging_mixin.py:137} INFO - [2023-01-11T11:23:58.846-0500] {dag.py:2676} INFO - Sync 1 DAGs
[2023-01-11T11:23:58.863-0500] {logging_mixin.py:137} INFO - [2023-01-11T11:23:58.863-0500] {dag.py:3423} INFO - Setting next_dagrun for example_bash_operator to 2023-01-10T00:00:00+00:00, run_after=2023-01-11T00:00:00+00:00
[2023-01-11T11:23:58.883-0500] {processor.py:175} INFO - Processing /Library/Frameworks/Python.framework/Versions/3.9/lib/python3.9/site-packages/airflow/example_dags/example_bash_operator.py took 0.821 seconds
[2023-01-11T11:27:48.314-0500] {processor.py:153} INFO - Started process (PID=8236) to work on /Library/Frameworks/Python.framework/Versions/3.9/lib/python3.9/site-packages/airflow/example_dags/example_bash_operator.py
[2023-01-11T11:27:48.320-0500] {processor.py:743} INFO - Processing file /Library/Frameworks/Python.framework/Versions/3.9/lib/python3.9/site-packages/airflow/example_dags/example_bash_operator.py for tasks to queue
[2023-01-11T11:27:48.320-0500] {logging_mixin.py:137} INFO - [2023-01-11T11:27:48.320-0500] {dagbag.py:538} INFO - Filling up the DagBag from /Library/Frameworks/Python.framework/Versions/3.9/lib/python3.9/site-packages/airflow/example_dags/example_bash_operator.py
[2023-01-11T11:27:48.379-0500] {processor.py:753} INFO - DAG(s) dict_keys(['example_bash_operator']) retrieved from /Library/Frameworks/Python.framework/Versions/3.9/lib/python3.9/site-packages/airflow/example_dags/example_bash_operator.py
[2023-01-11T11:27:49.078-0500] {logging_mixin.py:137} INFO - [2023-01-11T11:27:49.077-0500] {dag.py:2676} INFO - Sync 1 DAGs
[2023-01-11T11:27:49.095-0500] {logging_mixin.py:137} INFO - [2023-01-11T11:27:49.095-0500] {dag.py:3423} INFO - Setting next_dagrun for example_bash_operator to 2023-01-10T00:00:00+00:00, run_after=2023-01-11T00:00:00+00:00
[2023-01-11T11:27:49.135-0500] {processor.py:175} INFO - Processing /Library/Frameworks/Python.framework/Versions/3.9/lib/python3.9/site-packages/airflow/example_dags/example_bash_operator.py took 0.821 seconds
[2023-01-11T11:31:02.182-0500] {processor.py:153} INFO - Started process (PID=8345) to work on /Library/Frameworks/Python.framework/Versions/3.9/lib/python3.9/site-packages/airflow/example_dags/example_bash_operator.py
[2023-01-11T11:31:02.187-0500] {processor.py:743} INFO - Processing file /Library/Frameworks/Python.framework/Versions/3.9/lib/python3.9/site-packages/airflow/example_dags/example_bash_operator.py for tasks to queue
[2023-01-11T11:31:02.188-0500] {logging_mixin.py:137} INFO - [2023-01-11T11:31:02.188-0500] {dagbag.py:538} INFO - Filling up the DagBag from /Library/Frameworks/Python.framework/Versions/3.9/lib/python3.9/site-packages/airflow/example_dags/example_bash_operator.py
[2023-01-11T11:31:02.256-0500] {processor.py:753} INFO - DAG(s) dict_keys(['example_bash_operator']) retrieved from /Library/Frameworks/Python.framework/Versions/3.9/lib/python3.9/site-packages/airflow/example_dags/example_bash_operator.py
[2023-01-11T11:31:02.861-0500] {logging_mixin.py:137} INFO - [2023-01-11T11:31:02.861-0500] {dag.py:2676} INFO - Sync 1 DAGs
[2023-01-11T11:31:02.879-0500] {logging_mixin.py:137} INFO - [2023-01-11T11:31:02.879-0500] {dag.py:3423} INFO - Setting next_dagrun for example_bash_operator to 2023-01-10T00:00:00+00:00, run_after=2023-01-11T00:00:00+00:00
[2023-01-11T11:31:02.896-0500] {processor.py:175} INFO - Processing /Library/Frameworks/Python.framework/Versions/3.9/lib/python3.9/site-packages/airflow/example_dags/example_bash_operator.py took 0.715 seconds
[2023-01-11T11:43:52.002-0500] {processor.py:153} INFO - Started process (PID=8786) to work on /Library/Frameworks/Python.framework/Versions/3.9/lib/python3.9/site-packages/airflow/example_dags/example_bash_operator.py
[2023-01-11T11:43:52.007-0500] {processor.py:743} INFO - Processing file /Library/Frameworks/Python.framework/Versions/3.9/lib/python3.9/site-packages/airflow/example_dags/example_bash_operator.py for tasks to queue
[2023-01-11T11:43:52.008-0500] {logging_mixin.py:137} INFO - [2023-01-11T11:43:52.008-0500] {dagbag.py:538} INFO - Filling up the DagBag from /Library/Frameworks/Python.framework/Versions/3.9/lib/python3.9/site-packages/airflow/example_dags/example_bash_operator.py
[2023-01-11T11:43:52.082-0500] {processor.py:753} INFO - DAG(s) dict_keys(['example_bash_operator']) retrieved from /Library/Frameworks/Python.framework/Versions/3.9/lib/python3.9/site-packages/airflow/example_dags/example_bash_operator.py
[2023-01-11T11:43:52.804-0500] {logging_mixin.py:137} INFO - [2023-01-11T11:43:52.804-0500] {dag.py:2676} INFO - Sync 1 DAGs
[2023-01-11T11:43:52.822-0500] {logging_mixin.py:137} INFO - [2023-01-11T11:43:52.821-0500] {dag.py:3423} INFO - Setting next_dagrun for example_bash_operator to 2023-01-10T00:00:00+00:00, run_after=2023-01-11T00:00:00+00:00
[2023-01-11T11:43:52.842-0500] {processor.py:175} INFO - Processing /Library/Frameworks/Python.framework/Versions/3.9/lib/python3.9/site-packages/airflow/example_dags/example_bash_operator.py took 0.841 seconds
[2023-01-11T11:47:21.502-0500] {processor.py:153} INFO - Started process (PID=8890) to work on /Library/Frameworks/Python.framework/Versions/3.9/lib/python3.9/site-packages/airflow/example_dags/example_bash_operator.py
[2023-01-11T11:47:21.508-0500] {processor.py:743} INFO - Processing file /Library/Frameworks/Python.framework/Versions/3.9/lib/python3.9/site-packages/airflow/example_dags/example_bash_operator.py for tasks to queue
[2023-01-11T11:47:21.508-0500] {logging_mixin.py:137} INFO - [2023-01-11T11:47:21.508-0500] {dagbag.py:538} INFO - Filling up the DagBag from /Library/Frameworks/Python.framework/Versions/3.9/lib/python3.9/site-packages/airflow/example_dags/example_bash_operator.py
[2023-01-11T11:47:21.561-0500] {processor.py:753} INFO - DAG(s) dict_keys(['example_bash_operator']) retrieved from /Library/Frameworks/Python.framework/Versions/3.9/lib/python3.9/site-packages/airflow/example_dags/example_bash_operator.py
[2023-01-11T11:47:22.198-0500] {logging_mixin.py:137} INFO - [2023-01-11T11:47:22.198-0500] {dag.py:2676} INFO - Sync 1 DAGs
[2023-01-11T11:47:22.217-0500] {logging_mixin.py:137} INFO - [2023-01-11T11:47:22.216-0500] {dag.py:3423} INFO - Setting next_dagrun for example_bash_operator to 2023-01-10T00:00:00+00:00, run_after=2023-01-11T00:00:00+00:00
[2023-01-11T11:47:22.241-0500] {processor.py:175} INFO - Processing /Library/Frameworks/Python.framework/Versions/3.9/lib/python3.9/site-packages/airflow/example_dags/example_bash_operator.py took 0.739 seconds
[2023-01-11T11:50:50.369-0500] {processor.py:153} INFO - Started process (PID=9140) to work on /Library/Frameworks/Python.framework/Versions/3.9/lib/python3.9/site-packages/airflow/example_dags/example_bash_operator.py
[2023-01-11T11:50:50.375-0500] {processor.py:743} INFO - Processing file /Library/Frameworks/Python.framework/Versions/3.9/lib/python3.9/site-packages/airflow/example_dags/example_bash_operator.py for tasks to queue
[2023-01-11T11:50:50.375-0500] {logging_mixin.py:137} INFO - [2023-01-11T11:50:50.375-0500] {dagbag.py:538} INFO - Filling up the DagBag from /Library/Frameworks/Python.framework/Versions/3.9/lib/python3.9/site-packages/airflow/example_dags/example_bash_operator.py
[2023-01-11T11:50:50.438-0500] {processor.py:753} INFO - DAG(s) dict_keys(['example_bash_operator']) retrieved from /Library/Frameworks/Python.framework/Versions/3.9/lib/python3.9/site-packages/airflow/example_dags/example_bash_operator.py
[2023-01-11T11:50:51.057-0500] {logging_mixin.py:137} INFO - [2023-01-11T11:50:51.057-0500] {dag.py:2676} INFO - Sync 1 DAGs
[2023-01-11T11:50:51.075-0500] {logging_mixin.py:137} INFO - [2023-01-11T11:50:51.075-0500] {dag.py:3423} INFO - Setting next_dagrun for example_bash_operator to 2023-01-10T00:00:00+00:00, run_after=2023-01-11T00:00:00+00:00
[2023-01-11T11:50:51.094-0500] {processor.py:175} INFO - Processing /Library/Frameworks/Python.framework/Versions/3.9/lib/python3.9/site-packages/airflow/example_dags/example_bash_operator.py took 0.726 seconds
[2023-01-11T11:54:13.935-0500] {processor.py:153} INFO - Started process (PID=9316) to work on /Library/Frameworks/Python.framework/Versions/3.9/lib/python3.9/site-packages/airflow/example_dags/example_bash_operator.py
[2023-01-11T11:54:13.940-0500] {processor.py:743} INFO - Processing file /Library/Frameworks/Python.framework/Versions/3.9/lib/python3.9/site-packages/airflow/example_dags/example_bash_operator.py for tasks to queue
[2023-01-11T11:54:13.941-0500] {logging_mixin.py:137} INFO - [2023-01-11T11:54:13.940-0500] {dagbag.py:538} INFO - Filling up the DagBag from /Library/Frameworks/Python.framework/Versions/3.9/lib/python3.9/site-packages/airflow/example_dags/example_bash_operator.py
[2023-01-11T11:54:14.002-0500] {processor.py:753} INFO - DAG(s) dict_keys(['example_bash_operator']) retrieved from /Library/Frameworks/Python.framework/Versions/3.9/lib/python3.9/site-packages/airflow/example_dags/example_bash_operator.py
[2023-01-11T11:54:14.663-0500] {logging_mixin.py:137} INFO - [2023-01-11T11:54:14.663-0500] {dag.py:2676} INFO - Sync 1 DAGs
[2023-01-11T11:54:14.682-0500] {logging_mixin.py:137} INFO - [2023-01-11T11:54:14.682-0500] {dag.py:3423} INFO - Setting next_dagrun for example_bash_operator to 2023-01-10T00:00:00+00:00, run_after=2023-01-11T00:00:00+00:00
[2023-01-11T11:54:14.700-0500] {processor.py:175} INFO - Processing /Library/Frameworks/Python.framework/Versions/3.9/lib/python3.9/site-packages/airflow/example_dags/example_bash_operator.py took 0.766 seconds
[2023-01-11T11:58:08.896-0500] {processor.py:153} INFO - Started process (PID=9437) to work on /Library/Frameworks/Python.framework/Versions/3.9/lib/python3.9/site-packages/airflow/example_dags/example_bash_operator.py
[2023-01-11T11:58:08.903-0500] {processor.py:743} INFO - Processing file /Library/Frameworks/Python.framework/Versions/3.9/lib/python3.9/site-packages/airflow/example_dags/example_bash_operator.py for tasks to queue
[2023-01-11T11:58:08.903-0500] {logging_mixin.py:137} INFO - [2023-01-11T11:58:08.903-0500] {dagbag.py:538} INFO - Filling up the DagBag from /Library/Frameworks/Python.framework/Versions/3.9/lib/python3.9/site-packages/airflow/example_dags/example_bash_operator.py
[2023-01-11T11:58:08.969-0500] {processor.py:753} INFO - DAG(s) dict_keys(['example_bash_operator']) retrieved from /Library/Frameworks/Python.framework/Versions/3.9/lib/python3.9/site-packages/airflow/example_dags/example_bash_operator.py
[2023-01-11T11:58:09.598-0500] {logging_mixin.py:137} INFO - [2023-01-11T11:58:09.597-0500] {dag.py:2676} INFO - Sync 1 DAGs
[2023-01-11T11:58:09.618-0500] {logging_mixin.py:137} INFO - [2023-01-11T11:58:09.618-0500] {dag.py:3423} INFO - Setting next_dagrun for example_bash_operator to 2023-01-10T00:00:00+00:00, run_after=2023-01-11T00:00:00+00:00
[2023-01-11T11:58:09.637-0500] {processor.py:175} INFO - Processing /Library/Frameworks/Python.framework/Versions/3.9/lib/python3.9/site-packages/airflow/example_dags/example_bash_operator.py took 0.742 seconds
[2023-01-11T12:01:31.322-0500] {processor.py:153} INFO - Started process (PID=9560) to work on /Library/Frameworks/Python.framework/Versions/3.9/lib/python3.9/site-packages/airflow/example_dags/example_bash_operator.py
[2023-01-11T12:01:31.328-0500] {processor.py:743} INFO - Processing file /Library/Frameworks/Python.framework/Versions/3.9/lib/python3.9/site-packages/airflow/example_dags/example_bash_operator.py for tasks to queue
[2023-01-11T12:01:31.329-0500] {logging_mixin.py:137} INFO - [2023-01-11T12:01:31.329-0500] {dagbag.py:538} INFO - Filling up the DagBag from /Library/Frameworks/Python.framework/Versions/3.9/lib/python3.9/site-packages/airflow/example_dags/example_bash_operator.py
[2023-01-11T12:01:31.389-0500] {processor.py:753} INFO - DAG(s) dict_keys(['example_bash_operator']) retrieved from /Library/Frameworks/Python.framework/Versions/3.9/lib/python3.9/site-packages/airflow/example_dags/example_bash_operator.py
[2023-01-11T12:01:32.037-0500] {logging_mixin.py:137} INFO - [2023-01-11T12:01:32.036-0500] {dag.py:2676} INFO - Sync 1 DAGs
[2023-01-11T12:01:32.057-0500] {logging_mixin.py:137} INFO - [2023-01-11T12:01:32.057-0500] {dag.py:3423} INFO - Setting next_dagrun for example_bash_operator to 2023-01-10T00:00:00+00:00, run_after=2023-01-11T00:00:00+00:00
[2023-01-11T12:01:32.075-0500] {processor.py:175} INFO - Processing /Library/Frameworks/Python.framework/Versions/3.9/lib/python3.9/site-packages/airflow/example_dags/example_bash_operator.py took 0.753 seconds
[2023-01-11T12:04:50.241-0500] {processor.py:153} INFO - Started process (PID=9736) to work on /Library/Frameworks/Python.framework/Versions/3.9/lib/python3.9/site-packages/airflow/example_dags/example_bash_operator.py
[2023-01-11T12:04:50.246-0500] {processor.py:743} INFO - Processing file /Library/Frameworks/Python.framework/Versions/3.9/lib/python3.9/site-packages/airflow/example_dags/example_bash_operator.py for tasks to queue
[2023-01-11T12:04:50.247-0500] {logging_mixin.py:137} INFO - [2023-01-11T12:04:50.247-0500] {dagbag.py:538} INFO - Filling up the DagBag from /Library/Frameworks/Python.framework/Versions/3.9/lib/python3.9/site-packages/airflow/example_dags/example_bash_operator.py
[2023-01-11T12:04:50.309-0500] {processor.py:753} INFO - DAG(s) dict_keys(['example_bash_operator']) retrieved from /Library/Frameworks/Python.framework/Versions/3.9/lib/python3.9/site-packages/airflow/example_dags/example_bash_operator.py
[2023-01-11T12:04:50.944-0500] {logging_mixin.py:137} INFO - [2023-01-11T12:04:50.944-0500] {dag.py:2676} INFO - Sync 1 DAGs
[2023-01-11T12:04:50.963-0500] {logging_mixin.py:137} INFO - [2023-01-11T12:04:50.963-0500] {dag.py:3423} INFO - Setting next_dagrun for example_bash_operator to 2023-01-10T00:00:00+00:00, run_after=2023-01-11T00:00:00+00:00
[2023-01-11T12:04:50.981-0500] {processor.py:175} INFO - Processing /Library/Frameworks/Python.framework/Versions/3.9/lib/python3.9/site-packages/airflow/example_dags/example_bash_operator.py took 0.741 seconds
[2023-01-11T12:08:13.652-0500] {processor.py:153} INFO - Started process (PID=9827) to work on /Library/Frameworks/Python.framework/Versions/3.9/lib/python3.9/site-packages/airflow/example_dags/example_bash_operator.py
[2023-01-11T12:08:13.658-0500] {processor.py:743} INFO - Processing file /Library/Frameworks/Python.framework/Versions/3.9/lib/python3.9/site-packages/airflow/example_dags/example_bash_operator.py for tasks to queue
[2023-01-11T12:08:13.659-0500] {logging_mixin.py:137} INFO - [2023-01-11T12:08:13.659-0500] {dagbag.py:538} INFO - Filling up the DagBag from /Library/Frameworks/Python.framework/Versions/3.9/lib/python3.9/site-packages/airflow/example_dags/example_bash_operator.py
[2023-01-11T12:08:13.722-0500] {processor.py:753} INFO - DAG(s) dict_keys(['example_bash_operator']) retrieved from /Library/Frameworks/Python.framework/Versions/3.9/lib/python3.9/site-packages/airflow/example_dags/example_bash_operator.py
[2023-01-11T12:08:14.392-0500] {logging_mixin.py:137} INFO - [2023-01-11T12:08:14.392-0500] {dag.py:2676} INFO - Sync 1 DAGs
[2023-01-11T12:08:14.409-0500] {logging_mixin.py:137} INFO - [2023-01-11T12:08:14.409-0500] {dag.py:3423} INFO - Setting next_dagrun for example_bash_operator to 2023-01-10T00:00:00+00:00, run_after=2023-01-11T00:00:00+00:00
[2023-01-11T12:08:14.428-0500] {processor.py:175} INFO - Processing /Library/Frameworks/Python.framework/Versions/3.9/lib/python3.9/site-packages/airflow/example_dags/example_bash_operator.py took 0.777 seconds
[2023-01-11T12:11:33.720-0500] {processor.py:153} INFO - Started process (PID=9923) to work on /Library/Frameworks/Python.framework/Versions/3.9/lib/python3.9/site-packages/airflow/example_dags/example_bash_operator.py
[2023-01-11T12:11:33.726-0500] {processor.py:743} INFO - Processing file /Library/Frameworks/Python.framework/Versions/3.9/lib/python3.9/site-packages/airflow/example_dags/example_bash_operator.py for tasks to queue
[2023-01-11T12:11:33.726-0500] {logging_mixin.py:137} INFO - [2023-01-11T12:11:33.726-0500] {dagbag.py:538} INFO - Filling up the DagBag from /Library/Frameworks/Python.framework/Versions/3.9/lib/python3.9/site-packages/airflow/example_dags/example_bash_operator.py
[2023-01-11T12:11:33.785-0500] {processor.py:753} INFO - DAG(s) dict_keys(['example_bash_operator']) retrieved from /Library/Frameworks/Python.framework/Versions/3.9/lib/python3.9/site-packages/airflow/example_dags/example_bash_operator.py
[2023-01-11T12:11:34.405-0500] {logging_mixin.py:137} INFO - [2023-01-11T12:11:34.405-0500] {dag.py:2676} INFO - Sync 1 DAGs
[2023-01-11T12:11:34.423-0500] {logging_mixin.py:137} INFO - [2023-01-11T12:11:34.423-0500] {dag.py:3423} INFO - Setting next_dagrun for example_bash_operator to 2023-01-10T00:00:00+00:00, run_after=2023-01-11T00:00:00+00:00
[2023-01-11T12:11:34.441-0500] {processor.py:175} INFO - Processing /Library/Frameworks/Python.framework/Versions/3.9/lib/python3.9/site-packages/airflow/example_dags/example_bash_operator.py took 0.722 seconds
[2023-01-11T12:14:55.678-0500] {processor.py:153} INFO - Started process (PID=10065) to work on /Library/Frameworks/Python.framework/Versions/3.9/lib/python3.9/site-packages/airflow/example_dags/example_bash_operator.py
[2023-01-11T12:14:55.683-0500] {processor.py:743} INFO - Processing file /Library/Frameworks/Python.framework/Versions/3.9/lib/python3.9/site-packages/airflow/example_dags/example_bash_operator.py for tasks to queue
[2023-01-11T12:14:55.684-0500] {logging_mixin.py:137} INFO - [2023-01-11T12:14:55.684-0500] {dagbag.py:538} INFO - Filling up the DagBag from /Library/Frameworks/Python.framework/Versions/3.9/lib/python3.9/site-packages/airflow/example_dags/example_bash_operator.py
[2023-01-11T12:14:55.746-0500] {processor.py:753} INFO - DAG(s) dict_keys(['example_bash_operator']) retrieved from /Library/Frameworks/Python.framework/Versions/3.9/lib/python3.9/site-packages/airflow/example_dags/example_bash_operator.py
[2023-01-11T12:14:56.376-0500] {logging_mixin.py:137} INFO - [2023-01-11T12:14:56.376-0500] {dag.py:2676} INFO - Sync 1 DAGs
[2023-01-11T12:14:56.393-0500] {logging_mixin.py:137} INFO - [2023-01-11T12:14:56.393-0500] {dag.py:3423} INFO - Setting next_dagrun for example_bash_operator to 2023-01-10T00:00:00+00:00, run_after=2023-01-11T00:00:00+00:00
[2023-01-11T12:14:56.411-0500] {processor.py:175} INFO - Processing /Library/Frameworks/Python.framework/Versions/3.9/lib/python3.9/site-packages/airflow/example_dags/example_bash_operator.py took 0.734 seconds
[2023-01-11T12:18:20.466-0500] {processor.py:153} INFO - Started process (PID=10243) to work on /Library/Frameworks/Python.framework/Versions/3.9/lib/python3.9/site-packages/airflow/example_dags/example_bash_operator.py
[2023-01-11T12:18:20.472-0500] {processor.py:743} INFO - Processing file /Library/Frameworks/Python.framework/Versions/3.9/lib/python3.9/site-packages/airflow/example_dags/example_bash_operator.py for tasks to queue
[2023-01-11T12:18:20.472-0500] {logging_mixin.py:137} INFO - [2023-01-11T12:18:20.472-0500] {dagbag.py:538} INFO - Filling up the DagBag from /Library/Frameworks/Python.framework/Versions/3.9/lib/python3.9/site-packages/airflow/example_dags/example_bash_operator.py
[2023-01-11T12:18:20.533-0500] {processor.py:753} INFO - DAG(s) dict_keys(['example_bash_operator']) retrieved from /Library/Frameworks/Python.framework/Versions/3.9/lib/python3.9/site-packages/airflow/example_dags/example_bash_operator.py
[2023-01-11T12:18:21.166-0500] {logging_mixin.py:137} INFO - [2023-01-11T12:18:21.166-0500] {dag.py:2676} INFO - Sync 1 DAGs
[2023-01-11T12:18:21.185-0500] {logging_mixin.py:137} INFO - [2023-01-11T12:18:21.185-0500] {dag.py:3423} INFO - Setting next_dagrun for example_bash_operator to 2023-01-10T00:00:00+00:00, run_after=2023-01-11T00:00:00+00:00
[2023-01-11T12:18:21.203-0500] {processor.py:175} INFO - Processing /Library/Frameworks/Python.framework/Versions/3.9/lib/python3.9/site-packages/airflow/example_dags/example_bash_operator.py took 0.738 seconds
[2023-01-11T12:21:48.478-0500] {processor.py:153} INFO - Started process (PID=10356) to work on /Library/Frameworks/Python.framework/Versions/3.9/lib/python3.9/site-packages/airflow/example_dags/example_bash_operator.py
[2023-01-11T12:21:48.484-0500] {processor.py:743} INFO - Processing file /Library/Frameworks/Python.framework/Versions/3.9/lib/python3.9/site-packages/airflow/example_dags/example_bash_operator.py for tasks to queue
[2023-01-11T12:21:48.486-0500] {logging_mixin.py:137} INFO - [2023-01-11T12:21:48.485-0500] {dagbag.py:538} INFO - Filling up the DagBag from /Library/Frameworks/Python.framework/Versions/3.9/lib/python3.9/site-packages/airflow/example_dags/example_bash_operator.py
[2023-01-11T12:21:48.546-0500] {processor.py:753} INFO - DAG(s) dict_keys(['example_bash_operator']) retrieved from /Library/Frameworks/Python.framework/Versions/3.9/lib/python3.9/site-packages/airflow/example_dags/example_bash_operator.py
[2023-01-11T12:21:49.118-0500] {logging_mixin.py:137} INFO - [2023-01-11T12:21:49.118-0500] {dag.py:2676} INFO - Sync 1 DAGs
[2023-01-11T12:21:49.135-0500] {logging_mixin.py:137} INFO - [2023-01-11T12:21:49.135-0500] {dag.py:3423} INFO - Setting next_dagrun for example_bash_operator to 2023-01-10T00:00:00+00:00, run_after=2023-01-11T00:00:00+00:00
[2023-01-11T12:21:49.153-0500] {processor.py:175} INFO - Processing /Library/Frameworks/Python.framework/Versions/3.9/lib/python3.9/site-packages/airflow/example_dags/example_bash_operator.py took 0.676 seconds
[2023-01-11T16:22:21.284-0500] {processor.py:153} INFO - Started process (PID=11127) to work on /Library/Frameworks/Python.framework/Versions/3.9/lib/python3.9/site-packages/airflow/example_dags/example_bash_operator.py
[2023-01-11T16:22:21.289-0500] {processor.py:743} INFO - Processing file /Library/Frameworks/Python.framework/Versions/3.9/lib/python3.9/site-packages/airflow/example_dags/example_bash_operator.py for tasks to queue
[2023-01-11T16:22:21.289-0500] {logging_mixin.py:137} INFO - [2023-01-11T16:22:21.289-0500] {dagbag.py:538} INFO - Filling up the DagBag from /Library/Frameworks/Python.framework/Versions/3.9/lib/python3.9/site-packages/airflow/example_dags/example_bash_operator.py
[2023-01-11T16:22:21.357-0500] {processor.py:753} INFO - DAG(s) dict_keys(['example_bash_operator']) retrieved from /Library/Frameworks/Python.framework/Versions/3.9/lib/python3.9/site-packages/airflow/example_dags/example_bash_operator.py
[2023-01-11T16:22:22.253-0500] {logging_mixin.py:137} INFO - [2023-01-11T16:22:22.253-0500] {dag.py:2676} INFO - Sync 1 DAGs
[2023-01-11T16:22:22.281-0500] {logging_mixin.py:137} INFO - [2023-01-11T16:22:22.281-0500] {dag.py:3423} INFO - Setting next_dagrun for example_bash_operator to 2023-01-10T00:00:00+00:00, run_after=2023-01-11T00:00:00+00:00
[2023-01-11T16:22:22.334-0500] {processor.py:175} INFO - Processing /Library/Frameworks/Python.framework/Versions/3.9/lib/python3.9/site-packages/airflow/example_dags/example_bash_operator.py took 1.051 seconds
[2023-01-11T16:25:53.967-0500] {processor.py:153} INFO - Started process (PID=11260) to work on /Library/Frameworks/Python.framework/Versions/3.9/lib/python3.9/site-packages/airflow/example_dags/example_bash_operator.py
[2023-01-11T16:25:53.972-0500] {processor.py:743} INFO - Processing file /Library/Frameworks/Python.framework/Versions/3.9/lib/python3.9/site-packages/airflow/example_dags/example_bash_operator.py for tasks to queue
[2023-01-11T16:25:53.972-0500] {logging_mixin.py:137} INFO - [2023-01-11T16:25:53.972-0500] {dagbag.py:538} INFO - Filling up the DagBag from /Library/Frameworks/Python.framework/Versions/3.9/lib/python3.9/site-packages/airflow/example_dags/example_bash_operator.py
[2023-01-11T16:25:54.028-0500] {processor.py:753} INFO - DAG(s) dict_keys(['example_bash_operator']) retrieved from /Library/Frameworks/Python.framework/Versions/3.9/lib/python3.9/site-packages/airflow/example_dags/example_bash_operator.py
[2023-01-11T16:25:54.606-0500] {logging_mixin.py:137} INFO - [2023-01-11T16:25:54.606-0500] {dag.py:2676} INFO - Sync 1 DAGs
[2023-01-11T16:25:54.624-0500] {logging_mixin.py:137} INFO - [2023-01-11T16:25:54.624-0500] {dag.py:3423} INFO - Setting next_dagrun for example_bash_operator to 2023-01-10T00:00:00+00:00, run_after=2023-01-11T00:00:00+00:00
[2023-01-11T16:25:54.641-0500] {processor.py:175} INFO - Processing /Library/Frameworks/Python.framework/Versions/3.9/lib/python3.9/site-packages/airflow/example_dags/example_bash_operator.py took 0.674 seconds
[2023-01-11T16:29:18.674-0500] {processor.py:153} INFO - Started process (PID=11422) to work on /Library/Frameworks/Python.framework/Versions/3.9/lib/python3.9/site-packages/airflow/example_dags/example_bash_operator.py
[2023-01-11T16:29:18.680-0500] {processor.py:743} INFO - Processing file /Library/Frameworks/Python.framework/Versions/3.9/lib/python3.9/site-packages/airflow/example_dags/example_bash_operator.py for tasks to queue
[2023-01-11T16:29:18.681-0500] {logging_mixin.py:137} INFO - [2023-01-11T16:29:18.681-0500] {dagbag.py:538} INFO - Filling up the DagBag from /Library/Frameworks/Python.framework/Versions/3.9/lib/python3.9/site-packages/airflow/example_dags/example_bash_operator.py
[2023-01-11T16:29:18.739-0500] {processor.py:753} INFO - DAG(s) dict_keys(['example_bash_operator']) retrieved from /Library/Frameworks/Python.framework/Versions/3.9/lib/python3.9/site-packages/airflow/example_dags/example_bash_operator.py
[2023-01-11T16:29:19.340-0500] {logging_mixin.py:137} INFO - [2023-01-11T16:29:19.339-0500] {dag.py:2676} INFO - Sync 1 DAGs
[2023-01-11T16:29:19.358-0500] {logging_mixin.py:137} INFO - [2023-01-11T16:29:19.358-0500] {dag.py:3423} INFO - Setting next_dagrun for example_bash_operator to 2023-01-10T00:00:00+00:00, run_after=2023-01-11T00:00:00+00:00
[2023-01-11T16:29:19.377-0500] {processor.py:175} INFO - Processing /Library/Frameworks/Python.framework/Versions/3.9/lib/python3.9/site-packages/airflow/example_dags/example_bash_operator.py took 0.704 seconds
[2023-01-11T16:32:39.488-0500] {processor.py:153} INFO - Started process (PID=11514) to work on /Library/Frameworks/Python.framework/Versions/3.9/lib/python3.9/site-packages/airflow/example_dags/example_bash_operator.py
[2023-01-11T16:32:39.494-0500] {processor.py:743} INFO - Processing file /Library/Frameworks/Python.framework/Versions/3.9/lib/python3.9/site-packages/airflow/example_dags/example_bash_operator.py for tasks to queue
[2023-01-11T16:32:39.495-0500] {logging_mixin.py:137} INFO - [2023-01-11T16:32:39.495-0500] {dagbag.py:538} INFO - Filling up the DagBag from /Library/Frameworks/Python.framework/Versions/3.9/lib/python3.9/site-packages/airflow/example_dags/example_bash_operator.py
[2023-01-11T16:32:39.555-0500] {processor.py:753} INFO - DAG(s) dict_keys(['example_bash_operator']) retrieved from /Library/Frameworks/Python.framework/Versions/3.9/lib/python3.9/site-packages/airflow/example_dags/example_bash_operator.py
[2023-01-11T16:32:40.174-0500] {logging_mixin.py:137} INFO - [2023-01-11T16:32:40.174-0500] {dag.py:2676} INFO - Sync 1 DAGs
[2023-01-11T16:32:40.195-0500] {logging_mixin.py:137} INFO - [2023-01-11T16:32:40.195-0500] {dag.py:3423} INFO - Setting next_dagrun for example_bash_operator to 2023-01-10T00:00:00+00:00, run_after=2023-01-11T00:00:00+00:00
[2023-01-11T16:32:40.213-0500] {processor.py:175} INFO - Processing /Library/Frameworks/Python.framework/Versions/3.9/lib/python3.9/site-packages/airflow/example_dags/example_bash_operator.py took 0.726 seconds
[2023-01-11T16:36:42.268-0500] {processor.py:153} INFO - Started process (PID=11673) to work on /Library/Frameworks/Python.framework/Versions/3.9/lib/python3.9/site-packages/airflow/example_dags/example_bash_operator.py
[2023-01-11T16:36:42.274-0500] {processor.py:743} INFO - Processing file /Library/Frameworks/Python.framework/Versions/3.9/lib/python3.9/site-packages/airflow/example_dags/example_bash_operator.py for tasks to queue
[2023-01-11T16:36:42.274-0500] {logging_mixin.py:137} INFO - [2023-01-11T16:36:42.274-0500] {dagbag.py:538} INFO - Filling up the DagBag from /Library/Frameworks/Python.framework/Versions/3.9/lib/python3.9/site-packages/airflow/example_dags/example_bash_operator.py
[2023-01-11T16:36:42.345-0500] {processor.py:753} INFO - DAG(s) dict_keys(['example_bash_operator']) retrieved from /Library/Frameworks/Python.framework/Versions/3.9/lib/python3.9/site-packages/airflow/example_dags/example_bash_operator.py
[2023-01-11T16:36:43.581-0500] {logging_mixin.py:137} INFO - [2023-01-11T16:36:43.581-0500] {dag.py:2676} INFO - Sync 1 DAGs
[2023-01-11T16:36:43.604-0500] {logging_mixin.py:137} INFO - [2023-01-11T16:36:43.604-0500] {dag.py:3423} INFO - Setting next_dagrun for example_bash_operator to 2023-01-10T00:00:00+00:00, run_after=2023-01-11T00:00:00+00:00
[2023-01-11T16:36:43.628-0500] {processor.py:175} INFO - Processing /Library/Frameworks/Python.framework/Versions/3.9/lib/python3.9/site-packages/airflow/example_dags/example_bash_operator.py took 1.361 seconds
[2023-01-11T16:51:52.120-0500] {processor.py:153} INFO - Started process (PID=12110) to work on /Library/Frameworks/Python.framework/Versions/3.9/lib/python3.9/site-packages/airflow/example_dags/example_bash_operator.py
[2023-01-11T16:51:52.125-0500] {processor.py:743} INFO - Processing file /Library/Frameworks/Python.framework/Versions/3.9/lib/python3.9/site-packages/airflow/example_dags/example_bash_operator.py for tasks to queue
[2023-01-11T16:51:52.126-0500] {logging_mixin.py:137} INFO - [2023-01-11T16:51:52.126-0500] {dagbag.py:538} INFO - Filling up the DagBag from /Library/Frameworks/Python.framework/Versions/3.9/lib/python3.9/site-packages/airflow/example_dags/example_bash_operator.py
[2023-01-11T16:51:52.190-0500] {processor.py:753} INFO - DAG(s) dict_keys(['example_bash_operator']) retrieved from /Library/Frameworks/Python.framework/Versions/3.9/lib/python3.9/site-packages/airflow/example_dags/example_bash_operator.py
[2023-01-11T16:51:52.866-0500] {logging_mixin.py:137} INFO - [2023-01-11T16:51:52.866-0500] {dag.py:2676} INFO - Sync 1 DAGs
[2023-01-11T16:51:52.886-0500] {logging_mixin.py:137} INFO - [2023-01-11T16:51:52.886-0500] {dag.py:3423} INFO - Setting next_dagrun for example_bash_operator to 2023-01-10T00:00:00+00:00, run_after=2023-01-11T00:00:00+00:00
[2023-01-11T16:51:52.905-0500] {processor.py:175} INFO - Processing /Library/Frameworks/Python.framework/Versions/3.9/lib/python3.9/site-packages/airflow/example_dags/example_bash_operator.py took 0.787 seconds
[2023-01-11T16:55:38.969-0500] {processor.py:153} INFO - Started process (PID=12299) to work on /Library/Frameworks/Python.framework/Versions/3.9/lib/python3.9/site-packages/airflow/example_dags/example_bash_operator.py
[2023-01-11T16:55:38.974-0500] {processor.py:743} INFO - Processing file /Library/Frameworks/Python.framework/Versions/3.9/lib/python3.9/site-packages/airflow/example_dags/example_bash_operator.py for tasks to queue
[2023-01-11T16:55:38.975-0500] {logging_mixin.py:137} INFO - [2023-01-11T16:55:38.975-0500] {dagbag.py:538} INFO - Filling up the DagBag from /Library/Frameworks/Python.framework/Versions/3.9/lib/python3.9/site-packages/airflow/example_dags/example_bash_operator.py
[2023-01-11T16:55:39.031-0500] {processor.py:753} INFO - DAG(s) dict_keys(['example_bash_operator']) retrieved from /Library/Frameworks/Python.framework/Versions/3.9/lib/python3.9/site-packages/airflow/example_dags/example_bash_operator.py
[2023-01-11T16:55:39.631-0500] {logging_mixin.py:137} INFO - [2023-01-11T16:55:39.631-0500] {dag.py:2676} INFO - Sync 1 DAGs
[2023-01-11T16:55:39.649-0500] {logging_mixin.py:137} INFO - [2023-01-11T16:55:39.649-0500] {dag.py:3423} INFO - Setting next_dagrun for example_bash_operator to 2023-01-10T00:00:00+00:00, run_after=2023-01-11T00:00:00+00:00
[2023-01-11T16:55:39.671-0500] {processor.py:175} INFO - Processing /Library/Frameworks/Python.framework/Versions/3.9/lib/python3.9/site-packages/airflow/example_dags/example_bash_operator.py took 0.703 seconds
[2023-01-11T16:59:20.308-0500] {processor.py:153} INFO - Started process (PID=12407) to work on /Library/Frameworks/Python.framework/Versions/3.9/lib/python3.9/site-packages/airflow/example_dags/example_bash_operator.py
[2023-01-11T16:59:20.314-0500] {processor.py:743} INFO - Processing file /Library/Frameworks/Python.framework/Versions/3.9/lib/python3.9/site-packages/airflow/example_dags/example_bash_operator.py for tasks to queue
[2023-01-11T16:59:20.314-0500] {logging_mixin.py:137} INFO - [2023-01-11T16:59:20.314-0500] {dagbag.py:538} INFO - Filling up the DagBag from /Library/Frameworks/Python.framework/Versions/3.9/lib/python3.9/site-packages/airflow/example_dags/example_bash_operator.py
[2023-01-11T16:59:20.378-0500] {processor.py:753} INFO - DAG(s) dict_keys(['example_bash_operator']) retrieved from /Library/Frameworks/Python.framework/Versions/3.9/lib/python3.9/site-packages/airflow/example_dags/example_bash_operator.py
[2023-01-11T16:59:21.046-0500] {logging_mixin.py:137} INFO - [2023-01-11T16:59:21.046-0500] {dag.py:2676} INFO - Sync 1 DAGs
[2023-01-11T16:59:21.066-0500] {logging_mixin.py:137} INFO - [2023-01-11T16:59:21.066-0500] {dag.py:3423} INFO - Setting next_dagrun for example_bash_operator to 2023-01-10T00:00:00+00:00, run_after=2023-01-11T00:00:00+00:00
[2023-01-11T16:59:21.096-0500] {processor.py:175} INFO - Processing /Library/Frameworks/Python.framework/Versions/3.9/lib/python3.9/site-packages/airflow/example_dags/example_bash_operator.py took 0.789 seconds
[2023-01-11T17:03:18.184-0500] {processor.py:153} INFO - Started process (PID=13175) to work on /Library/Frameworks/Python.framework/Versions/3.9/lib/python3.9/site-packages/airflow/example_dags/example_bash_operator.py
[2023-01-11T17:03:18.189-0500] {processor.py:743} INFO - Processing file /Library/Frameworks/Python.framework/Versions/3.9/lib/python3.9/site-packages/airflow/example_dags/example_bash_operator.py for tasks to queue
[2023-01-11T17:03:18.190-0500] {logging_mixin.py:137} INFO - [2023-01-11T17:03:18.190-0500] {dagbag.py:538} INFO - Filling up the DagBag from /Library/Frameworks/Python.framework/Versions/3.9/lib/python3.9/site-packages/airflow/example_dags/example_bash_operator.py
[2023-01-11T17:03:18.250-0500] {processor.py:753} INFO - DAG(s) dict_keys(['example_bash_operator']) retrieved from /Library/Frameworks/Python.framework/Versions/3.9/lib/python3.9/site-packages/airflow/example_dags/example_bash_operator.py
[2023-01-11T17:03:18.870-0500] {logging_mixin.py:137} INFO - [2023-01-11T17:03:18.870-0500] {dag.py:2676} INFO - Sync 1 DAGs
[2023-01-11T17:03:18.889-0500] {logging_mixin.py:137} INFO - [2023-01-11T17:03:18.889-0500] {dag.py:3423} INFO - Setting next_dagrun for example_bash_operator to 2023-01-10T00:00:00+00:00, run_after=2023-01-11T00:00:00+00:00
[2023-01-11T17:03:18.908-0500] {processor.py:175} INFO - Processing /Library/Frameworks/Python.framework/Versions/3.9/lib/python3.9/site-packages/airflow/example_dags/example_bash_operator.py took 0.725 seconds
