[2023-01-10T20:12:52.907-0500] {processor.py:153} INFO - Started process (PID=2603) to work on /Library/Frameworks/Python.framework/Versions/3.9/lib/python3.9/site-packages/airflow/example_dags/example_dag_decorator.py
[2023-01-10T20:12:52.916-0500] {processor.py:743} INFO - Processing file /Library/Frameworks/Python.framework/Versions/3.9/lib/python3.9/site-packages/airflow/example_dags/example_dag_decorator.py for tasks to queue
[2023-01-10T20:12:52.917-0500] {logging_mixin.py:137} INFO - [2023-01-10T20:12:52.917-0500] {dagbag.py:538} INFO - Filling up the DagBag from /Library/Frameworks/Python.framework/Versions/3.9/lib/python3.9/site-packages/airflow/example_dags/example_dag_decorator.py
[2023-01-10T20:12:53.336-0500] {logging_mixin.py:137} INFO - [2023-01-10T20:12:53.336-0500] {taskmixin.py:205} WARNING - Dependency <Task(_PythonDecoratedOperator): prepare_email>, send_email already registered for DAG: example_dag_decorator
[2023-01-10T20:12:53.337-0500] {logging_mixin.py:137} INFO - [2023-01-10T20:12:53.336-0500] {taskmixin.py:205} WARNING - Dependency <Task(EmailOperator): send_email>, prepare_email already registered for DAG: example_dag_decorator
[2023-01-10T20:12:53.399-0500] {processor.py:753} INFO - DAG(s) dict_keys(['example_dag_decorator']) retrieved from /Library/Frameworks/Python.framework/Versions/3.9/lib/python3.9/site-packages/airflow/example_dags/example_dag_decorator.py
[2023-01-10T20:12:54.390-0500] {logging_mixin.py:137} INFO - [2023-01-10T20:12:54.390-0500] {dag.py:2676} INFO - Sync 1 DAGs
[2023-01-10T20:12:54.418-0500] {logging_mixin.py:137} INFO - [2023-01-10T20:12:54.418-0500] {dag.py:3423} INFO - Setting next_dagrun for example_dag_decorator to None, run_after=None
[2023-01-10T20:12:54.451-0500] {processor.py:175} INFO - Processing /Library/Frameworks/Python.framework/Versions/3.9/lib/python3.9/site-packages/airflow/example_dags/example_dag_decorator.py took 1.545 seconds
[2023-01-10T20:16:21.915-0500] {processor.py:153} INFO - Started process (PID=2821) to work on /Library/Frameworks/Python.framework/Versions/3.9/lib/python3.9/site-packages/airflow/example_dags/example_dag_decorator.py
[2023-01-10T20:16:21.921-0500] {processor.py:743} INFO - Processing file /Library/Frameworks/Python.framework/Versions/3.9/lib/python3.9/site-packages/airflow/example_dags/example_dag_decorator.py for tasks to queue
[2023-01-10T20:16:21.921-0500] {logging_mixin.py:137} INFO - [2023-01-10T20:16:21.921-0500] {dagbag.py:538} INFO - Filling up the DagBag from /Library/Frameworks/Python.framework/Versions/3.9/lib/python3.9/site-packages/airflow/example_dags/example_dag_decorator.py
[2023-01-10T20:16:22.178-0500] {logging_mixin.py:137} INFO - [2023-01-10T20:16:22.178-0500] {taskmixin.py:205} WARNING - Dependency <Task(_PythonDecoratedOperator): prepare_email>, send_email already registered for DAG: example_dag_decorator
[2023-01-10T20:16:22.178-0500] {logging_mixin.py:137} INFO - [2023-01-10T20:16:22.178-0500] {taskmixin.py:205} WARNING - Dependency <Task(EmailOperator): send_email>, prepare_email already registered for DAG: example_dag_decorator
[2023-01-10T20:16:22.223-0500] {processor.py:753} INFO - DAG(s) dict_keys(['example_dag_decorator']) retrieved from /Library/Frameworks/Python.framework/Versions/3.9/lib/python3.9/site-packages/airflow/example_dags/example_dag_decorator.py
[2023-01-10T20:16:22.893-0500] {logging_mixin.py:137} INFO - [2023-01-10T20:16:22.892-0500] {dag.py:2676} INFO - Sync 1 DAGs
[2023-01-10T20:16:22.909-0500] {logging_mixin.py:137} INFO - [2023-01-10T20:16:22.908-0500] {dag.py:3423} INFO - Setting next_dagrun for example_dag_decorator to None, run_after=None
[2023-01-10T20:16:22.927-0500] {processor.py:175} INFO - Processing /Library/Frameworks/Python.framework/Versions/3.9/lib/python3.9/site-packages/airflow/example_dags/example_dag_decorator.py took 1.012 seconds
[2023-01-10T20:19:18.998-0500] {processor.py:153} INFO - Started process (PID=2912) to work on /Library/Frameworks/Python.framework/Versions/3.9/lib/python3.9/site-packages/airflow/example_dags/example_dag_decorator.py
[2023-01-10T20:19:19.003-0500] {processor.py:743} INFO - Processing file /Library/Frameworks/Python.framework/Versions/3.9/lib/python3.9/site-packages/airflow/example_dags/example_dag_decorator.py for tasks to queue
[2023-01-10T20:19:19.004-0500] {logging_mixin.py:137} INFO - [2023-01-10T20:19:19.004-0500] {dagbag.py:538} INFO - Filling up the DagBag from /Library/Frameworks/Python.framework/Versions/3.9/lib/python3.9/site-packages/airflow/example_dags/example_dag_decorator.py
[2023-01-10T20:19:19.229-0500] {logging_mixin.py:137} INFO - [2023-01-10T20:19:19.229-0500] {taskmixin.py:205} WARNING - Dependency <Task(_PythonDecoratedOperator): prepare_email>, send_email already registered for DAG: example_dag_decorator
[2023-01-10T20:19:19.229-0500] {logging_mixin.py:137} INFO - [2023-01-10T20:19:19.229-0500] {taskmixin.py:205} WARNING - Dependency <Task(EmailOperator): send_email>, prepare_email already registered for DAG: example_dag_decorator
[2023-01-10T20:19:19.265-0500] {processor.py:753} INFO - DAG(s) dict_keys(['example_dag_decorator']) retrieved from /Library/Frameworks/Python.framework/Versions/3.9/lib/python3.9/site-packages/airflow/example_dags/example_dag_decorator.py
[2023-01-10T20:19:19.834-0500] {logging_mixin.py:137} INFO - [2023-01-10T20:19:19.834-0500] {dag.py:2676} INFO - Sync 1 DAGs
[2023-01-10T20:19:19.849-0500] {logging_mixin.py:137} INFO - [2023-01-10T20:19:19.849-0500] {dag.py:3423} INFO - Setting next_dagrun for example_dag_decorator to None, run_after=None
[2023-01-10T20:19:19.868-0500] {processor.py:175} INFO - Processing /Library/Frameworks/Python.framework/Versions/3.9/lib/python3.9/site-packages/airflow/example_dags/example_dag_decorator.py took 0.871 seconds
[2023-01-10T20:22:00.653-0500] {processor.py:153} INFO - Started process (PID=2995) to work on /Library/Frameworks/Python.framework/Versions/3.9/lib/python3.9/site-packages/airflow/example_dags/example_dag_decorator.py
[2023-01-10T20:22:00.659-0500] {processor.py:743} INFO - Processing file /Library/Frameworks/Python.framework/Versions/3.9/lib/python3.9/site-packages/airflow/example_dags/example_dag_decorator.py for tasks to queue
[2023-01-10T20:22:00.659-0500] {logging_mixin.py:137} INFO - [2023-01-10T20:22:00.659-0500] {dagbag.py:538} INFO - Filling up the DagBag from /Library/Frameworks/Python.framework/Versions/3.9/lib/python3.9/site-packages/airflow/example_dags/example_dag_decorator.py
[2023-01-10T20:22:00.882-0500] {logging_mixin.py:137} INFO - [2023-01-10T20:22:00.882-0500] {taskmixin.py:205} WARNING - Dependency <Task(_PythonDecoratedOperator): prepare_email>, send_email already registered for DAG: example_dag_decorator
[2023-01-10T20:22:00.882-0500] {logging_mixin.py:137} INFO - [2023-01-10T20:22:00.882-0500] {taskmixin.py:205} WARNING - Dependency <Task(EmailOperator): send_email>, prepare_email already registered for DAG: example_dag_decorator
[2023-01-10T20:22:00.917-0500] {processor.py:753} INFO - DAG(s) dict_keys(['example_dag_decorator']) retrieved from /Library/Frameworks/Python.framework/Versions/3.9/lib/python3.9/site-packages/airflow/example_dags/example_dag_decorator.py
[2023-01-10T20:22:01.467-0500] {logging_mixin.py:137} INFO - [2023-01-10T20:22:01.467-0500] {dag.py:2676} INFO - Sync 1 DAGs
[2023-01-10T20:22:01.480-0500] {logging_mixin.py:137} INFO - [2023-01-10T20:22:01.480-0500] {dag.py:3423} INFO - Setting next_dagrun for example_dag_decorator to None, run_after=None
[2023-01-10T20:22:01.502-0500] {processor.py:175} INFO - Processing /Library/Frameworks/Python.framework/Versions/3.9/lib/python3.9/site-packages/airflow/example_dags/example_dag_decorator.py took 0.849 seconds
[2023-01-10T20:24:43.004-0500] {processor.py:153} INFO - Started process (PID=3092) to work on /Library/Frameworks/Python.framework/Versions/3.9/lib/python3.9/site-packages/airflow/example_dags/example_dag_decorator.py
[2023-01-10T20:24:43.009-0500] {processor.py:743} INFO - Processing file /Library/Frameworks/Python.framework/Versions/3.9/lib/python3.9/site-packages/airflow/example_dags/example_dag_decorator.py for tasks to queue
[2023-01-10T20:24:43.009-0500] {logging_mixin.py:137} INFO - [2023-01-10T20:24:43.009-0500] {dagbag.py:538} INFO - Filling up the DagBag from /Library/Frameworks/Python.framework/Versions/3.9/lib/python3.9/site-packages/airflow/example_dags/example_dag_decorator.py
[2023-01-10T20:24:43.232-0500] {logging_mixin.py:137} INFO - [2023-01-10T20:24:43.232-0500] {taskmixin.py:205} WARNING - Dependency <Task(_PythonDecoratedOperator): prepare_email>, send_email already registered for DAG: example_dag_decorator
[2023-01-10T20:24:43.233-0500] {logging_mixin.py:137} INFO - [2023-01-10T20:24:43.232-0500] {taskmixin.py:205} WARNING - Dependency <Task(EmailOperator): send_email>, prepare_email already registered for DAG: example_dag_decorator
[2023-01-10T20:24:43.265-0500] {processor.py:753} INFO - DAG(s) dict_keys(['example_dag_decorator']) retrieved from /Library/Frameworks/Python.framework/Versions/3.9/lib/python3.9/site-packages/airflow/example_dags/example_dag_decorator.py
[2023-01-10T20:24:43.798-0500] {logging_mixin.py:137} INFO - [2023-01-10T20:24:43.797-0500] {dag.py:2676} INFO - Sync 1 DAGs
[2023-01-10T20:24:43.812-0500] {logging_mixin.py:137} INFO - [2023-01-10T20:24:43.812-0500] {dag.py:3423} INFO - Setting next_dagrun for example_dag_decorator to None, run_after=None
[2023-01-10T20:24:43.830-0500] {processor.py:175} INFO - Processing /Library/Frameworks/Python.framework/Versions/3.9/lib/python3.9/site-packages/airflow/example_dags/example_dag_decorator.py took 0.827 seconds
[2023-01-10T20:27:19.891-0500] {processor.py:153} INFO - Started process (PID=3228) to work on /Library/Frameworks/Python.framework/Versions/3.9/lib/python3.9/site-packages/airflow/example_dags/example_dag_decorator.py
[2023-01-10T20:27:19.896-0500] {processor.py:743} INFO - Processing file /Library/Frameworks/Python.framework/Versions/3.9/lib/python3.9/site-packages/airflow/example_dags/example_dag_decorator.py for tasks to queue
[2023-01-10T20:27:19.897-0500] {logging_mixin.py:137} INFO - [2023-01-10T20:27:19.897-0500] {dagbag.py:538} INFO - Filling up the DagBag from /Library/Frameworks/Python.framework/Versions/3.9/lib/python3.9/site-packages/airflow/example_dags/example_dag_decorator.py
[2023-01-10T20:27:20.128-0500] {logging_mixin.py:137} INFO - [2023-01-10T20:27:20.127-0500] {taskmixin.py:205} WARNING - Dependency <Task(_PythonDecoratedOperator): prepare_email>, send_email already registered for DAG: example_dag_decorator
[2023-01-10T20:27:20.128-0500] {logging_mixin.py:137} INFO - [2023-01-10T20:27:20.128-0500] {taskmixin.py:205} WARNING - Dependency <Task(EmailOperator): send_email>, prepare_email already registered for DAG: example_dag_decorator
[2023-01-10T20:27:20.165-0500] {processor.py:753} INFO - DAG(s) dict_keys(['example_dag_decorator']) retrieved from /Library/Frameworks/Python.framework/Versions/3.9/lib/python3.9/site-packages/airflow/example_dags/example_dag_decorator.py
[2023-01-10T20:27:20.779-0500] {logging_mixin.py:137} INFO - [2023-01-10T20:27:20.779-0500] {dag.py:2676} INFO - Sync 1 DAGs
[2023-01-10T20:27:20.794-0500] {logging_mixin.py:137} INFO - [2023-01-10T20:27:20.794-0500] {dag.py:3423} INFO - Setting next_dagrun for example_dag_decorator to None, run_after=None
[2023-01-10T20:27:20.814-0500] {processor.py:175} INFO - Processing /Library/Frameworks/Python.framework/Versions/3.9/lib/python3.9/site-packages/airflow/example_dags/example_dag_decorator.py took 0.925 seconds
[2023-01-10T20:30:00.160-0500] {processor.py:153} INFO - Started process (PID=3355) to work on /Library/Frameworks/Python.framework/Versions/3.9/lib/python3.9/site-packages/airflow/example_dags/example_dag_decorator.py
[2023-01-10T20:30:00.165-0500] {processor.py:743} INFO - Processing file /Library/Frameworks/Python.framework/Versions/3.9/lib/python3.9/site-packages/airflow/example_dags/example_dag_decorator.py for tasks to queue
[2023-01-10T20:30:00.166-0500] {logging_mixin.py:137} INFO - [2023-01-10T20:30:00.166-0500] {dagbag.py:538} INFO - Filling up the DagBag from /Library/Frameworks/Python.framework/Versions/3.9/lib/python3.9/site-packages/airflow/example_dags/example_dag_decorator.py
[2023-01-10T20:30:00.389-0500] {logging_mixin.py:137} INFO - [2023-01-10T20:30:00.389-0500] {taskmixin.py:205} WARNING - Dependency <Task(_PythonDecoratedOperator): prepare_email>, send_email already registered for DAG: example_dag_decorator
[2023-01-10T20:30:00.389-0500] {logging_mixin.py:137} INFO - [2023-01-10T20:30:00.389-0500] {taskmixin.py:205} WARNING - Dependency <Task(EmailOperator): send_email>, prepare_email already registered for DAG: example_dag_decorator
[2023-01-10T20:30:00.426-0500] {processor.py:753} INFO - DAG(s) dict_keys(['example_dag_decorator']) retrieved from /Library/Frameworks/Python.framework/Versions/3.9/lib/python3.9/site-packages/airflow/example_dags/example_dag_decorator.py
[2023-01-10T20:30:00.981-0500] {logging_mixin.py:137} INFO - [2023-01-10T20:30:00.981-0500] {dag.py:2676} INFO - Sync 1 DAGs
[2023-01-10T20:30:00.995-0500] {logging_mixin.py:137} INFO - [2023-01-10T20:30:00.995-0500] {dag.py:3423} INFO - Setting next_dagrun for example_dag_decorator to None, run_after=None
[2023-01-10T20:30:01.014-0500] {processor.py:175} INFO - Processing /Library/Frameworks/Python.framework/Versions/3.9/lib/python3.9/site-packages/airflow/example_dags/example_dag_decorator.py took 0.855 seconds
[2023-01-10T20:32:54.255-0500] {processor.py:153} INFO - Started process (PID=3571) to work on /Library/Frameworks/Python.framework/Versions/3.9/lib/python3.9/site-packages/airflow/example_dags/example_dag_decorator.py
[2023-01-10T20:32:54.260-0500] {processor.py:743} INFO - Processing file /Library/Frameworks/Python.framework/Versions/3.9/lib/python3.9/site-packages/airflow/example_dags/example_dag_decorator.py for tasks to queue
[2023-01-10T20:32:54.260-0500] {logging_mixin.py:137} INFO - [2023-01-10T20:32:54.260-0500] {dagbag.py:538} INFO - Filling up the DagBag from /Library/Frameworks/Python.framework/Versions/3.9/lib/python3.9/site-packages/airflow/example_dags/example_dag_decorator.py
[2023-01-10T20:32:54.506-0500] {logging_mixin.py:137} INFO - [2023-01-10T20:32:54.506-0500] {taskmixin.py:205} WARNING - Dependency <Task(_PythonDecoratedOperator): prepare_email>, send_email already registered for DAG: example_dag_decorator
[2023-01-10T20:32:54.506-0500] {logging_mixin.py:137} INFO - [2023-01-10T20:32:54.506-0500] {taskmixin.py:205} WARNING - Dependency <Task(EmailOperator): send_email>, prepare_email already registered for DAG: example_dag_decorator
[2023-01-10T20:32:54.541-0500] {processor.py:753} INFO - DAG(s) dict_keys(['example_dag_decorator']) retrieved from /Library/Frameworks/Python.framework/Versions/3.9/lib/python3.9/site-packages/airflow/example_dags/example_dag_decorator.py
[2023-01-10T20:32:54.977-0500] {logging_mixin.py:137} INFO - [2023-01-10T20:32:54.977-0500] {dag.py:2676} INFO - Sync 1 DAGs
[2023-01-10T20:32:54.991-0500] {logging_mixin.py:137} INFO - [2023-01-10T20:32:54.991-0500] {dag.py:3423} INFO - Setting next_dagrun for example_dag_decorator to None, run_after=None
[2023-01-10T20:32:55.011-0500] {processor.py:175} INFO - Processing /Library/Frameworks/Python.framework/Versions/3.9/lib/python3.9/site-packages/airflow/example_dags/example_dag_decorator.py took 0.757 seconds
[2023-01-10T20:36:14.322-0500] {processor.py:153} INFO - Started process (PID=3760) to work on /Library/Frameworks/Python.framework/Versions/3.9/lib/python3.9/site-packages/airflow/example_dags/example_dag_decorator.py
[2023-01-10T20:36:14.327-0500] {processor.py:743} INFO - Processing file /Library/Frameworks/Python.framework/Versions/3.9/lib/python3.9/site-packages/airflow/example_dags/example_dag_decorator.py for tasks to queue
[2023-01-10T20:36:14.328-0500] {logging_mixin.py:137} INFO - [2023-01-10T20:36:14.328-0500] {dagbag.py:538} INFO - Filling up the DagBag from /Library/Frameworks/Python.framework/Versions/3.9/lib/python3.9/site-packages/airflow/example_dags/example_dag_decorator.py
[2023-01-10T20:36:14.575-0500] {logging_mixin.py:137} INFO - [2023-01-10T20:36:14.575-0500] {taskmixin.py:205} WARNING - Dependency <Task(_PythonDecoratedOperator): prepare_email>, send_email already registered for DAG: example_dag_decorator
[2023-01-10T20:36:14.576-0500] {logging_mixin.py:137} INFO - [2023-01-10T20:36:14.576-0500] {taskmixin.py:205} WARNING - Dependency <Task(EmailOperator): send_email>, prepare_email already registered for DAG: example_dag_decorator
[2023-01-10T20:36:14.616-0500] {processor.py:753} INFO - DAG(s) dict_keys(['example_dag_decorator']) retrieved from /Library/Frameworks/Python.framework/Versions/3.9/lib/python3.9/site-packages/airflow/example_dags/example_dag_decorator.py
[2023-01-10T20:36:15.125-0500] {logging_mixin.py:137} INFO - [2023-01-10T20:36:15.125-0500] {dag.py:2676} INFO - Sync 1 DAGs
[2023-01-10T20:36:15.140-0500] {logging_mixin.py:137} INFO - [2023-01-10T20:36:15.140-0500] {dag.py:3423} INFO - Setting next_dagrun for example_dag_decorator to None, run_after=None
[2023-01-10T20:36:15.159-0500] {processor.py:175} INFO - Processing /Library/Frameworks/Python.framework/Versions/3.9/lib/python3.9/site-packages/airflow/example_dags/example_dag_decorator.py took 0.838 seconds
[2023-01-10T20:39:40.536-0500] {processor.py:153} INFO - Started process (PID=3902) to work on /Library/Frameworks/Python.framework/Versions/3.9/lib/python3.9/site-packages/airflow/example_dags/example_dag_decorator.py
[2023-01-10T20:39:40.546-0500] {processor.py:743} INFO - Processing file /Library/Frameworks/Python.framework/Versions/3.9/lib/python3.9/site-packages/airflow/example_dags/example_dag_decorator.py for tasks to queue
[2023-01-10T20:39:40.547-0500] {logging_mixin.py:137} INFO - [2023-01-10T20:39:40.547-0500] {dagbag.py:538} INFO - Filling up the DagBag from /Library/Frameworks/Python.framework/Versions/3.9/lib/python3.9/site-packages/airflow/example_dags/example_dag_decorator.py
[2023-01-10T20:39:41.007-0500] {logging_mixin.py:137} INFO - [2023-01-10T20:39:41.007-0500] {taskmixin.py:205} WARNING - Dependency <Task(_PythonDecoratedOperator): prepare_email>, send_email already registered for DAG: example_dag_decorator
[2023-01-10T20:39:41.008-0500] {logging_mixin.py:137} INFO - [2023-01-10T20:39:41.008-0500] {taskmixin.py:205} WARNING - Dependency <Task(EmailOperator): send_email>, prepare_email already registered for DAG: example_dag_decorator
[2023-01-10T20:39:41.049-0500] {processor.py:753} INFO - DAG(s) dict_keys(['example_dag_decorator']) retrieved from /Library/Frameworks/Python.framework/Versions/3.9/lib/python3.9/site-packages/airflow/example_dags/example_dag_decorator.py
[2023-01-10T20:39:41.553-0500] {logging_mixin.py:137} INFO - [2023-01-10T20:39:41.553-0500] {dag.py:2676} INFO - Sync 1 DAGs
[2023-01-10T20:39:41.577-0500] {logging_mixin.py:137} INFO - [2023-01-10T20:39:41.577-0500] {dag.py:3423} INFO - Setting next_dagrun for example_dag_decorator to None, run_after=None
[2023-01-10T20:39:41.603-0500] {processor.py:175} INFO - Processing /Library/Frameworks/Python.framework/Versions/3.9/lib/python3.9/site-packages/airflow/example_dags/example_dag_decorator.py took 1.069 seconds
[2023-01-10T20:43:25.727-0500] {processor.py:153} INFO - Started process (PID=4096) to work on /Library/Frameworks/Python.framework/Versions/3.9/lib/python3.9/site-packages/airflow/example_dags/example_dag_decorator.py
[2023-01-10T20:43:25.733-0500] {processor.py:743} INFO - Processing file /Library/Frameworks/Python.framework/Versions/3.9/lib/python3.9/site-packages/airflow/example_dags/example_dag_decorator.py for tasks to queue
[2023-01-10T20:43:25.733-0500] {logging_mixin.py:137} INFO - [2023-01-10T20:43:25.733-0500] {dagbag.py:538} INFO - Filling up the DagBag from /Library/Frameworks/Python.framework/Versions/3.9/lib/python3.9/site-packages/airflow/example_dags/example_dag_decorator.py
[2023-01-10T20:43:26.051-0500] {logging_mixin.py:137} INFO - [2023-01-10T20:43:26.051-0500] {taskmixin.py:205} WARNING - Dependency <Task(_PythonDecoratedOperator): prepare_email>, send_email already registered for DAG: example_dag_decorator
[2023-01-10T20:43:26.052-0500] {logging_mixin.py:137} INFO - [2023-01-10T20:43:26.052-0500] {taskmixin.py:205} WARNING - Dependency <Task(EmailOperator): send_email>, prepare_email already registered for DAG: example_dag_decorator
[2023-01-10T20:43:26.141-0500] {processor.py:753} INFO - DAG(s) dict_keys(['example_dag_decorator']) retrieved from /Library/Frameworks/Python.framework/Versions/3.9/lib/python3.9/site-packages/airflow/example_dags/example_dag_decorator.py
[2023-01-10T20:43:26.620-0500] {logging_mixin.py:137} INFO - [2023-01-10T20:43:26.620-0500] {dag.py:2676} INFO - Sync 1 DAGs
[2023-01-10T20:43:26.635-0500] {logging_mixin.py:137} INFO - [2023-01-10T20:43:26.635-0500] {dag.py:3423} INFO - Setting next_dagrun for example_dag_decorator to None, run_after=None
[2023-01-10T20:43:26.656-0500] {processor.py:175} INFO - Processing /Library/Frameworks/Python.framework/Versions/3.9/lib/python3.9/site-packages/airflow/example_dags/example_dag_decorator.py took 0.929 seconds
[2023-01-10T20:46:46.676-0500] {processor.py:153} INFO - Started process (PID=4270) to work on /Library/Frameworks/Python.framework/Versions/3.9/lib/python3.9/site-packages/airflow/example_dags/example_dag_decorator.py
[2023-01-10T20:46:46.682-0500] {processor.py:743} INFO - Processing file /Library/Frameworks/Python.framework/Versions/3.9/lib/python3.9/site-packages/airflow/example_dags/example_dag_decorator.py for tasks to queue
[2023-01-10T20:46:46.682-0500] {logging_mixin.py:137} INFO - [2023-01-10T20:46:46.682-0500] {dagbag.py:538} INFO - Filling up the DagBag from /Library/Frameworks/Python.framework/Versions/3.9/lib/python3.9/site-packages/airflow/example_dags/example_dag_decorator.py
[2023-01-10T20:46:46.922-0500] {logging_mixin.py:137} INFO - [2023-01-10T20:46:46.922-0500] {taskmixin.py:205} WARNING - Dependency <Task(_PythonDecoratedOperator): prepare_email>, send_email already registered for DAG: example_dag_decorator
[2023-01-10T20:46:46.922-0500] {logging_mixin.py:137} INFO - [2023-01-10T20:46:46.922-0500] {taskmixin.py:205} WARNING - Dependency <Task(EmailOperator): send_email>, prepare_email already registered for DAG: example_dag_decorator
[2023-01-10T20:46:46.957-0500] {processor.py:753} INFO - DAG(s) dict_keys(['example_dag_decorator']) retrieved from /Library/Frameworks/Python.framework/Versions/3.9/lib/python3.9/site-packages/airflow/example_dags/example_dag_decorator.py
[2023-01-10T20:46:47.373-0500] {logging_mixin.py:137} INFO - [2023-01-10T20:46:47.373-0500] {dag.py:2676} INFO - Sync 1 DAGs
[2023-01-10T20:46:47.388-0500] {logging_mixin.py:137} INFO - [2023-01-10T20:46:47.388-0500] {dag.py:3423} INFO - Setting next_dagrun for example_dag_decorator to None, run_after=None
[2023-01-10T20:46:47.407-0500] {processor.py:175} INFO - Processing /Library/Frameworks/Python.framework/Versions/3.9/lib/python3.9/site-packages/airflow/example_dags/example_dag_decorator.py took 0.731 seconds
[2023-01-10T20:50:17.591-0500] {processor.py:153} INFO - Started process (PID=4400) to work on /Library/Frameworks/Python.framework/Versions/3.9/lib/python3.9/site-packages/airflow/example_dags/example_dag_decorator.py
[2023-01-10T20:50:17.597-0500] {processor.py:743} INFO - Processing file /Library/Frameworks/Python.framework/Versions/3.9/lib/python3.9/site-packages/airflow/example_dags/example_dag_decorator.py for tasks to queue
[2023-01-10T20:50:17.597-0500] {logging_mixin.py:137} INFO - [2023-01-10T20:50:17.597-0500] {dagbag.py:538} INFO - Filling up the DagBag from /Library/Frameworks/Python.framework/Versions/3.9/lib/python3.9/site-packages/airflow/example_dags/example_dag_decorator.py
[2023-01-10T20:50:17.852-0500] {logging_mixin.py:137} INFO - [2023-01-10T20:50:17.852-0500] {taskmixin.py:205} WARNING - Dependency <Task(_PythonDecoratedOperator): prepare_email>, send_email already registered for DAG: example_dag_decorator
[2023-01-10T20:50:17.852-0500] {logging_mixin.py:137} INFO - [2023-01-10T20:50:17.852-0500] {taskmixin.py:205} WARNING - Dependency <Task(EmailOperator): send_email>, prepare_email already registered for DAG: example_dag_decorator
[2023-01-10T20:50:17.888-0500] {processor.py:753} INFO - DAG(s) dict_keys(['example_dag_decorator']) retrieved from /Library/Frameworks/Python.framework/Versions/3.9/lib/python3.9/site-packages/airflow/example_dags/example_dag_decorator.py
[2023-01-10T20:50:18.308-0500] {logging_mixin.py:137} INFO - [2023-01-10T20:50:18.308-0500] {dag.py:2676} INFO - Sync 1 DAGs
[2023-01-10T20:50:18.323-0500] {logging_mixin.py:137} INFO - [2023-01-10T20:50:18.323-0500] {dag.py:3423} INFO - Setting next_dagrun for example_dag_decorator to None, run_after=None
[2023-01-10T20:50:18.342-0500] {processor.py:175} INFO - Processing /Library/Frameworks/Python.framework/Versions/3.9/lib/python3.9/site-packages/airflow/example_dags/example_dag_decorator.py took 0.751 seconds
[2023-01-10T20:53:44.624-0500] {processor.py:153} INFO - Started process (PID=4507) to work on /Library/Frameworks/Python.framework/Versions/3.9/lib/python3.9/site-packages/airflow/example_dags/example_dag_decorator.py
[2023-01-10T20:53:44.630-0500] {processor.py:743} INFO - Processing file /Library/Frameworks/Python.framework/Versions/3.9/lib/python3.9/site-packages/airflow/example_dags/example_dag_decorator.py for tasks to queue
[2023-01-10T20:53:44.630-0500] {logging_mixin.py:137} INFO - [2023-01-10T20:53:44.630-0500] {dagbag.py:538} INFO - Filling up the DagBag from /Library/Frameworks/Python.framework/Versions/3.9/lib/python3.9/site-packages/airflow/example_dags/example_dag_decorator.py
[2023-01-10T20:53:44.873-0500] {logging_mixin.py:137} INFO - [2023-01-10T20:53:44.873-0500] {taskmixin.py:205} WARNING - Dependency <Task(_PythonDecoratedOperator): prepare_email>, send_email already registered for DAG: example_dag_decorator
[2023-01-10T20:53:44.873-0500] {logging_mixin.py:137} INFO - [2023-01-10T20:53:44.873-0500] {taskmixin.py:205} WARNING - Dependency <Task(EmailOperator): send_email>, prepare_email already registered for DAG: example_dag_decorator
[2023-01-10T20:53:44.910-0500] {processor.py:753} INFO - DAG(s) dict_keys(['example_dag_decorator']) retrieved from /Library/Frameworks/Python.framework/Versions/3.9/lib/python3.9/site-packages/airflow/example_dags/example_dag_decorator.py
[2023-01-10T20:53:45.320-0500] {logging_mixin.py:137} INFO - [2023-01-10T20:53:45.319-0500] {dag.py:2676} INFO - Sync 1 DAGs
[2023-01-10T20:53:45.335-0500] {logging_mixin.py:137} INFO - [2023-01-10T20:53:45.335-0500] {dag.py:3423} INFO - Setting next_dagrun for example_dag_decorator to None, run_after=None
[2023-01-10T20:53:45.352-0500] {processor.py:175} INFO - Processing /Library/Frameworks/Python.framework/Versions/3.9/lib/python3.9/site-packages/airflow/example_dags/example_dag_decorator.py took 0.729 seconds
[2023-01-10T20:56:45.216-0500] {processor.py:153} INFO - Started process (PID=4639) to work on /Library/Frameworks/Python.framework/Versions/3.9/lib/python3.9/site-packages/airflow/example_dags/example_dag_decorator.py
[2023-01-10T20:56:45.221-0500] {processor.py:743} INFO - Processing file /Library/Frameworks/Python.framework/Versions/3.9/lib/python3.9/site-packages/airflow/example_dags/example_dag_decorator.py for tasks to queue
[2023-01-10T20:56:45.222-0500] {logging_mixin.py:137} INFO - [2023-01-10T20:56:45.222-0500] {dagbag.py:538} INFO - Filling up the DagBag from /Library/Frameworks/Python.framework/Versions/3.9/lib/python3.9/site-packages/airflow/example_dags/example_dag_decorator.py
[2023-01-10T20:56:45.465-0500] {logging_mixin.py:137} INFO - [2023-01-10T20:56:45.465-0500] {taskmixin.py:205} WARNING - Dependency <Task(_PythonDecoratedOperator): prepare_email>, send_email already registered for DAG: example_dag_decorator
[2023-01-10T20:56:45.465-0500] {logging_mixin.py:137} INFO - [2023-01-10T20:56:45.465-0500] {taskmixin.py:205} WARNING - Dependency <Task(EmailOperator): send_email>, prepare_email already registered for DAG: example_dag_decorator
[2023-01-10T20:56:45.501-0500] {processor.py:753} INFO - DAG(s) dict_keys(['example_dag_decorator']) retrieved from /Library/Frameworks/Python.framework/Versions/3.9/lib/python3.9/site-packages/airflow/example_dags/example_dag_decorator.py
[2023-01-10T20:56:45.909-0500] {logging_mixin.py:137} INFO - [2023-01-10T20:56:45.909-0500] {dag.py:2676} INFO - Sync 1 DAGs
[2023-01-10T20:56:45.925-0500] {logging_mixin.py:137} INFO - [2023-01-10T20:56:45.924-0500] {dag.py:3423} INFO - Setting next_dagrun for example_dag_decorator to None, run_after=None
[2023-01-10T20:56:45.944-0500] {processor.py:175} INFO - Processing /Library/Frameworks/Python.framework/Versions/3.9/lib/python3.9/site-packages/airflow/example_dags/example_dag_decorator.py took 0.729 seconds
[2023-01-10T21:00:10.685-0500] {processor.py:153} INFO - Started process (PID=4733) to work on /Library/Frameworks/Python.framework/Versions/3.9/lib/python3.9/site-packages/airflow/example_dags/example_dag_decorator.py
[2023-01-10T21:00:10.690-0500] {processor.py:743} INFO - Processing file /Library/Frameworks/Python.framework/Versions/3.9/lib/python3.9/site-packages/airflow/example_dags/example_dag_decorator.py for tasks to queue
[2023-01-10T21:00:10.691-0500] {logging_mixin.py:137} INFO - [2023-01-10T21:00:10.691-0500] {dagbag.py:538} INFO - Filling up the DagBag from /Library/Frameworks/Python.framework/Versions/3.9/lib/python3.9/site-packages/airflow/example_dags/example_dag_decorator.py
[2023-01-10T21:00:10.945-0500] {logging_mixin.py:137} INFO - [2023-01-10T21:00:10.945-0500] {taskmixin.py:205} WARNING - Dependency <Task(_PythonDecoratedOperator): prepare_email>, send_email already registered for DAG: example_dag_decorator
[2023-01-10T21:00:10.945-0500] {logging_mixin.py:137} INFO - [2023-01-10T21:00:10.945-0500] {taskmixin.py:205} WARNING - Dependency <Task(EmailOperator): send_email>, prepare_email already registered for DAG: example_dag_decorator
[2023-01-10T21:00:10.985-0500] {processor.py:753} INFO - DAG(s) dict_keys(['example_dag_decorator']) retrieved from /Library/Frameworks/Python.framework/Versions/3.9/lib/python3.9/site-packages/airflow/example_dags/example_dag_decorator.py
[2023-01-10T21:00:11.404-0500] {logging_mixin.py:137} INFO - [2023-01-10T21:00:11.404-0500] {dag.py:2676} INFO - Sync 1 DAGs
[2023-01-10T21:00:11.419-0500] {logging_mixin.py:137} INFO - [2023-01-10T21:00:11.419-0500] {dag.py:3423} INFO - Setting next_dagrun for example_dag_decorator to None, run_after=None
[2023-01-10T21:00:11.438-0500] {processor.py:175} INFO - Processing /Library/Frameworks/Python.framework/Versions/3.9/lib/python3.9/site-packages/airflow/example_dags/example_dag_decorator.py took 0.754 seconds
[2023-01-10T21:03:10.237-0500] {processor.py:153} INFO - Started process (PID=4804) to work on /Library/Frameworks/Python.framework/Versions/3.9/lib/python3.9/site-packages/airflow/example_dags/example_dag_decorator.py
[2023-01-10T21:03:10.243-0500] {processor.py:743} INFO - Processing file /Library/Frameworks/Python.framework/Versions/3.9/lib/python3.9/site-packages/airflow/example_dags/example_dag_decorator.py for tasks to queue
[2023-01-10T21:03:10.243-0500] {logging_mixin.py:137} INFO - [2023-01-10T21:03:10.243-0500] {dagbag.py:538} INFO - Filling up the DagBag from /Library/Frameworks/Python.framework/Versions/3.9/lib/python3.9/site-packages/airflow/example_dags/example_dag_decorator.py
[2023-01-10T21:03:10.485-0500] {logging_mixin.py:137} INFO - [2023-01-10T21:03:10.485-0500] {taskmixin.py:205} WARNING - Dependency <Task(_PythonDecoratedOperator): prepare_email>, send_email already registered for DAG: example_dag_decorator
[2023-01-10T21:03:10.485-0500] {logging_mixin.py:137} INFO - [2023-01-10T21:03:10.485-0500] {taskmixin.py:205} WARNING - Dependency <Task(EmailOperator): send_email>, prepare_email already registered for DAG: example_dag_decorator
[2023-01-10T21:03:10.528-0500] {processor.py:753} INFO - DAG(s) dict_keys(['example_dag_decorator']) retrieved from /Library/Frameworks/Python.framework/Versions/3.9/lib/python3.9/site-packages/airflow/example_dags/example_dag_decorator.py
[2023-01-10T21:03:10.948-0500] {logging_mixin.py:137} INFO - [2023-01-10T21:03:10.948-0500] {dag.py:2676} INFO - Sync 1 DAGs
[2023-01-10T21:03:10.963-0500] {logging_mixin.py:137} INFO - [2023-01-10T21:03:10.963-0500] {dag.py:3423} INFO - Setting next_dagrun for example_dag_decorator to None, run_after=None
[2023-01-10T21:03:10.982-0500] {processor.py:175} INFO - Processing /Library/Frameworks/Python.framework/Versions/3.9/lib/python3.9/site-packages/airflow/example_dags/example_dag_decorator.py took 0.745 seconds
[2023-01-10T21:06:19.485-0500] {processor.py:153} INFO - Started process (PID=5003) to work on /Library/Frameworks/Python.framework/Versions/3.9/lib/python3.9/site-packages/airflow/example_dags/example_dag_decorator.py
[2023-01-10T21:06:19.492-0500] {processor.py:743} INFO - Processing file /Library/Frameworks/Python.framework/Versions/3.9/lib/python3.9/site-packages/airflow/example_dags/example_dag_decorator.py for tasks to queue
[2023-01-10T21:06:19.492-0500] {logging_mixin.py:137} INFO - [2023-01-10T21:06:19.492-0500] {dagbag.py:538} INFO - Filling up the DagBag from /Library/Frameworks/Python.framework/Versions/3.9/lib/python3.9/site-packages/airflow/example_dags/example_dag_decorator.py
[2023-01-10T21:06:19.756-0500] {logging_mixin.py:137} INFO - [2023-01-10T21:06:19.756-0500] {taskmixin.py:205} WARNING - Dependency <Task(_PythonDecoratedOperator): prepare_email>, send_email already registered for DAG: example_dag_decorator
[2023-01-10T21:06:19.756-0500] {logging_mixin.py:137} INFO - [2023-01-10T21:06:19.756-0500] {taskmixin.py:205} WARNING - Dependency <Task(EmailOperator): send_email>, prepare_email already registered for DAG: example_dag_decorator
[2023-01-10T21:06:19.794-0500] {processor.py:753} INFO - DAG(s) dict_keys(['example_dag_decorator']) retrieved from /Library/Frameworks/Python.framework/Versions/3.9/lib/python3.9/site-packages/airflow/example_dags/example_dag_decorator.py
[2023-01-10T21:06:20.222-0500] {logging_mixin.py:137} INFO - [2023-01-10T21:06:20.222-0500] {dag.py:2676} INFO - Sync 1 DAGs
[2023-01-10T21:06:20.237-0500] {logging_mixin.py:137} INFO - [2023-01-10T21:06:20.237-0500] {dag.py:3423} INFO - Setting next_dagrun for example_dag_decorator to None, run_after=None
[2023-01-10T21:06:20.256-0500] {processor.py:175} INFO - Processing /Library/Frameworks/Python.framework/Versions/3.9/lib/python3.9/site-packages/airflow/example_dags/example_dag_decorator.py took 0.772 seconds
[2023-01-10T21:09:25.958-0500] {processor.py:153} INFO - Started process (PID=5093) to work on /Library/Frameworks/Python.framework/Versions/3.9/lib/python3.9/site-packages/airflow/example_dags/example_dag_decorator.py
[2023-01-10T21:09:25.965-0500] {processor.py:743} INFO - Processing file /Library/Frameworks/Python.framework/Versions/3.9/lib/python3.9/site-packages/airflow/example_dags/example_dag_decorator.py for tasks to queue
[2023-01-10T21:09:25.965-0500] {logging_mixin.py:137} INFO - [2023-01-10T21:09:25.965-0500] {dagbag.py:538} INFO - Filling up the DagBag from /Library/Frameworks/Python.framework/Versions/3.9/lib/python3.9/site-packages/airflow/example_dags/example_dag_decorator.py
[2023-01-10T21:09:26.228-0500] {logging_mixin.py:137} INFO - [2023-01-10T21:09:26.227-0500] {taskmixin.py:205} WARNING - Dependency <Task(_PythonDecoratedOperator): prepare_email>, send_email already registered for DAG: example_dag_decorator
[2023-01-10T21:09:26.228-0500] {logging_mixin.py:137} INFO - [2023-01-10T21:09:26.228-0500] {taskmixin.py:205} WARNING - Dependency <Task(EmailOperator): send_email>, prepare_email already registered for DAG: example_dag_decorator
[2023-01-10T21:09:26.261-0500] {processor.py:753} INFO - DAG(s) dict_keys(['example_dag_decorator']) retrieved from /Library/Frameworks/Python.framework/Versions/3.9/lib/python3.9/site-packages/airflow/example_dags/example_dag_decorator.py
[2023-01-10T21:09:26.691-0500] {logging_mixin.py:137} INFO - [2023-01-10T21:09:26.691-0500] {dag.py:2676} INFO - Sync 1 DAGs
[2023-01-10T21:09:26.706-0500] {logging_mixin.py:137} INFO - [2023-01-10T21:09:26.706-0500] {dag.py:3423} INFO - Setting next_dagrun for example_dag_decorator to None, run_after=None
[2023-01-10T21:09:26.725-0500] {processor.py:175} INFO - Processing /Library/Frameworks/Python.framework/Versions/3.9/lib/python3.9/site-packages/airflow/example_dags/example_dag_decorator.py took 0.768 seconds
[2023-01-10T21:12:29.619-0500] {processor.py:153} INFO - Started process (PID=5200) to work on /Library/Frameworks/Python.framework/Versions/3.9/lib/python3.9/site-packages/airflow/example_dags/example_dag_decorator.py
[2023-01-10T21:12:29.623-0500] {processor.py:743} INFO - Processing file /Library/Frameworks/Python.framework/Versions/3.9/lib/python3.9/site-packages/airflow/example_dags/example_dag_decorator.py for tasks to queue
[2023-01-10T21:12:29.624-0500] {logging_mixin.py:137} INFO - [2023-01-10T21:12:29.624-0500] {dagbag.py:538} INFO - Filling up the DagBag from /Library/Frameworks/Python.framework/Versions/3.9/lib/python3.9/site-packages/airflow/example_dags/example_dag_decorator.py
[2023-01-10T21:12:29.864-0500] {logging_mixin.py:137} INFO - [2023-01-10T21:12:29.864-0500] {taskmixin.py:205} WARNING - Dependency <Task(_PythonDecoratedOperator): prepare_email>, send_email already registered for DAG: example_dag_decorator
[2023-01-10T21:12:29.865-0500] {logging_mixin.py:137} INFO - [2023-01-10T21:12:29.864-0500] {taskmixin.py:205} WARNING - Dependency <Task(EmailOperator): send_email>, prepare_email already registered for DAG: example_dag_decorator
[2023-01-10T21:12:29.901-0500] {processor.py:753} INFO - DAG(s) dict_keys(['example_dag_decorator']) retrieved from /Library/Frameworks/Python.framework/Versions/3.9/lib/python3.9/site-packages/airflow/example_dags/example_dag_decorator.py
[2023-01-10T21:12:30.304-0500] {logging_mixin.py:137} INFO - [2023-01-10T21:12:30.304-0500] {dag.py:2676} INFO - Sync 1 DAGs
[2023-01-10T21:12:30.320-0500] {logging_mixin.py:137} INFO - [2023-01-10T21:12:30.319-0500] {dag.py:3423} INFO - Setting next_dagrun for example_dag_decorator to None, run_after=None
[2023-01-10T21:12:30.339-0500] {processor.py:175} INFO - Processing /Library/Frameworks/Python.framework/Versions/3.9/lib/python3.9/site-packages/airflow/example_dags/example_dag_decorator.py took 0.721 seconds
[2023-01-10T21:15:32.057-0500] {processor.py:153} INFO - Started process (PID=5327) to work on /Library/Frameworks/Python.framework/Versions/3.9/lib/python3.9/site-packages/airflow/example_dags/example_dag_decorator.py
[2023-01-10T21:15:32.063-0500] {processor.py:743} INFO - Processing file /Library/Frameworks/Python.framework/Versions/3.9/lib/python3.9/site-packages/airflow/example_dags/example_dag_decorator.py for tasks to queue
[2023-01-10T21:15:32.063-0500] {logging_mixin.py:137} INFO - [2023-01-10T21:15:32.063-0500] {dagbag.py:538} INFO - Filling up the DagBag from /Library/Frameworks/Python.framework/Versions/3.9/lib/python3.9/site-packages/airflow/example_dags/example_dag_decorator.py
[2023-01-10T21:15:32.338-0500] {logging_mixin.py:137} INFO - [2023-01-10T21:15:32.337-0500] {taskmixin.py:205} WARNING - Dependency <Task(_PythonDecoratedOperator): prepare_email>, send_email already registered for DAG: example_dag_decorator
[2023-01-10T21:15:32.338-0500] {logging_mixin.py:137} INFO - [2023-01-10T21:15:32.338-0500] {taskmixin.py:205} WARNING - Dependency <Task(EmailOperator): send_email>, prepare_email already registered for DAG: example_dag_decorator
[2023-01-10T21:15:32.377-0500] {processor.py:753} INFO - DAG(s) dict_keys(['example_dag_decorator']) retrieved from /Library/Frameworks/Python.framework/Versions/3.9/lib/python3.9/site-packages/airflow/example_dags/example_dag_decorator.py
[2023-01-10T21:15:32.801-0500] {logging_mixin.py:137} INFO - [2023-01-10T21:15:32.801-0500] {dag.py:2676} INFO - Sync 1 DAGs
[2023-01-10T21:15:32.816-0500] {logging_mixin.py:137} INFO - [2023-01-10T21:15:32.816-0500] {dag.py:3423} INFO - Setting next_dagrun for example_dag_decorator to None, run_after=None
[2023-01-10T21:15:32.835-0500] {processor.py:175} INFO - Processing /Library/Frameworks/Python.framework/Versions/3.9/lib/python3.9/site-packages/airflow/example_dags/example_dag_decorator.py took 0.779 seconds
[2023-01-10T21:18:50.683-0500] {processor.py:153} INFO - Started process (PID=5412) to work on /Library/Frameworks/Python.framework/Versions/3.9/lib/python3.9/site-packages/airflow/example_dags/example_dag_decorator.py
[2023-01-10T21:18:50.688-0500] {processor.py:743} INFO - Processing file /Library/Frameworks/Python.framework/Versions/3.9/lib/python3.9/site-packages/airflow/example_dags/example_dag_decorator.py for tasks to queue
[2023-01-10T21:18:50.689-0500] {logging_mixin.py:137} INFO - [2023-01-10T21:18:50.689-0500] {dagbag.py:538} INFO - Filling up the DagBag from /Library/Frameworks/Python.framework/Versions/3.9/lib/python3.9/site-packages/airflow/example_dags/example_dag_decorator.py
[2023-01-10T21:18:50.925-0500] {logging_mixin.py:137} INFO - [2023-01-10T21:18:50.925-0500] {taskmixin.py:205} WARNING - Dependency <Task(_PythonDecoratedOperator): prepare_email>, send_email already registered for DAG: example_dag_decorator
[2023-01-10T21:18:50.926-0500] {logging_mixin.py:137} INFO - [2023-01-10T21:18:50.926-0500] {taskmixin.py:205} WARNING - Dependency <Task(EmailOperator): send_email>, prepare_email already registered for DAG: example_dag_decorator
[2023-01-10T21:18:50.959-0500] {processor.py:753} INFO - DAG(s) dict_keys(['example_dag_decorator']) retrieved from /Library/Frameworks/Python.framework/Versions/3.9/lib/python3.9/site-packages/airflow/example_dags/example_dag_decorator.py
[2023-01-10T21:18:51.375-0500] {logging_mixin.py:137} INFO - [2023-01-10T21:18:51.374-0500] {dag.py:2676} INFO - Sync 1 DAGs
[2023-01-10T21:18:51.390-0500] {logging_mixin.py:137} INFO - [2023-01-10T21:18:51.390-0500] {dag.py:3423} INFO - Setting next_dagrun for example_dag_decorator to None, run_after=None
[2023-01-10T21:18:51.412-0500] {processor.py:175} INFO - Processing /Library/Frameworks/Python.framework/Versions/3.9/lib/python3.9/site-packages/airflow/example_dags/example_dag_decorator.py took 0.730 seconds
[2023-01-10T22:22:19.973-0500] {processor.py:153} INFO - Started process (PID=6220) to work on /Library/Frameworks/Python.framework/Versions/3.9/lib/python3.9/site-packages/airflow/example_dags/example_dag_decorator.py
[2023-01-10T22:22:19.982-0500] {processor.py:743} INFO - Processing file /Library/Frameworks/Python.framework/Versions/3.9/lib/python3.9/site-packages/airflow/example_dags/example_dag_decorator.py for tasks to queue
[2023-01-10T22:22:19.983-0500] {logging_mixin.py:137} INFO - [2023-01-10T22:22:19.983-0500] {dagbag.py:538} INFO - Filling up the DagBag from /Library/Frameworks/Python.framework/Versions/3.9/lib/python3.9/site-packages/airflow/example_dags/example_dag_decorator.py
[2023-01-10T22:22:20.372-0500] {logging_mixin.py:137} INFO - [2023-01-10T22:22:20.372-0500] {taskmixin.py:205} WARNING - Dependency <Task(_PythonDecoratedOperator): prepare_email>, send_email already registered for DAG: example_dag_decorator
[2023-01-10T22:22:20.373-0500] {logging_mixin.py:137} INFO - [2023-01-10T22:22:20.373-0500] {taskmixin.py:205} WARNING - Dependency <Task(EmailOperator): send_email>, prepare_email already registered for DAG: example_dag_decorator
[2023-01-10T22:22:20.429-0500] {processor.py:753} INFO - DAG(s) dict_keys(['example_dag_decorator']) retrieved from /Library/Frameworks/Python.framework/Versions/3.9/lib/python3.9/site-packages/airflow/example_dags/example_dag_decorator.py
[2023-01-10T22:22:21.282-0500] {logging_mixin.py:137} INFO - [2023-01-10T22:22:21.282-0500] {dag.py:2676} INFO - Sync 1 DAGs
[2023-01-10T22:22:21.306-0500] {logging_mixin.py:137} INFO - [2023-01-10T22:22:21.306-0500] {dag.py:3423} INFO - Setting next_dagrun for example_dag_decorator to None, run_after=None
[2023-01-10T22:22:21.340-0500] {processor.py:175} INFO - Processing /Library/Frameworks/Python.framework/Versions/3.9/lib/python3.9/site-packages/airflow/example_dags/example_dag_decorator.py took 1.368 seconds
[2023-01-10T22:25:45.968-0500] {processor.py:153} INFO - Started process (PID=6319) to work on /Library/Frameworks/Python.framework/Versions/3.9/lib/python3.9/site-packages/airflow/example_dags/example_dag_decorator.py
[2023-01-10T22:25:45.977-0500] {processor.py:743} INFO - Processing file /Library/Frameworks/Python.framework/Versions/3.9/lib/python3.9/site-packages/airflow/example_dags/example_dag_decorator.py for tasks to queue
[2023-01-10T22:25:45.978-0500] {logging_mixin.py:137} INFO - [2023-01-10T22:25:45.978-0500] {dagbag.py:538} INFO - Filling up the DagBag from /Library/Frameworks/Python.framework/Versions/3.9/lib/python3.9/site-packages/airflow/example_dags/example_dag_decorator.py
[2023-01-10T22:25:46.398-0500] {logging_mixin.py:137} INFO - [2023-01-10T22:25:46.398-0500] {taskmixin.py:205} WARNING - Dependency <Task(_PythonDecoratedOperator): prepare_email>, send_email already registered for DAG: example_dag_decorator
[2023-01-10T22:25:46.398-0500] {logging_mixin.py:137} INFO - [2023-01-10T22:25:46.398-0500] {taskmixin.py:205} WARNING - Dependency <Task(EmailOperator): send_email>, prepare_email already registered for DAG: example_dag_decorator
[2023-01-10T22:25:46.462-0500] {processor.py:753} INFO - DAG(s) dict_keys(['example_dag_decorator']) retrieved from /Library/Frameworks/Python.framework/Versions/3.9/lib/python3.9/site-packages/airflow/example_dags/example_dag_decorator.py
[2023-01-10T22:25:47.257-0500] {logging_mixin.py:137} INFO - [2023-01-10T22:25:47.256-0500] {dag.py:2676} INFO - Sync 1 DAGs
[2023-01-10T22:25:47.284-0500] {logging_mixin.py:137} INFO - [2023-01-10T22:25:47.284-0500] {dag.py:3423} INFO - Setting next_dagrun for example_dag_decorator to None, run_after=None
[2023-01-10T22:25:47.317-0500] {processor.py:175} INFO - Processing /Library/Frameworks/Python.framework/Versions/3.9/lib/python3.9/site-packages/airflow/example_dags/example_dag_decorator.py took 1.350 seconds
[2023-01-11T11:18:24.056-0500] {processor.py:153} INFO - Started process (PID=7004) to work on /Library/Frameworks/Python.framework/Versions/3.9/lib/python3.9/site-packages/airflow/example_dags/example_dag_decorator.py
[2023-01-11T11:18:24.063-0500] {processor.py:743} INFO - Processing file /Library/Frameworks/Python.framework/Versions/3.9/lib/python3.9/site-packages/airflow/example_dags/example_dag_decorator.py for tasks to queue
[2023-01-11T11:18:24.063-0500] {logging_mixin.py:137} INFO - [2023-01-11T11:18:24.063-0500] {dagbag.py:538} INFO - Filling up the DagBag from /Library/Frameworks/Python.framework/Versions/3.9/lib/python3.9/site-packages/airflow/example_dags/example_dag_decorator.py
[2023-01-11T11:18:24.308-0500] {logging_mixin.py:137} INFO - [2023-01-11T11:18:24.307-0500] {taskmixin.py:205} WARNING - Dependency <Task(_PythonDecoratedOperator): prepare_email>, send_email already registered for DAG: example_dag_decorator
[2023-01-11T11:18:24.308-0500] {logging_mixin.py:137} INFO - [2023-01-11T11:18:24.308-0500] {taskmixin.py:205} WARNING - Dependency <Task(EmailOperator): send_email>, prepare_email already registered for DAG: example_dag_decorator
[2023-01-11T11:18:24.346-0500] {processor.py:753} INFO - DAG(s) dict_keys(['example_dag_decorator']) retrieved from /Library/Frameworks/Python.framework/Versions/3.9/lib/python3.9/site-packages/airflow/example_dags/example_dag_decorator.py
[2023-01-11T11:18:24.770-0500] {logging_mixin.py:137} INFO - [2023-01-11T11:18:24.770-0500] {dag.py:2676} INFO - Sync 1 DAGs
[2023-01-11T11:18:24.785-0500] {logging_mixin.py:137} INFO - [2023-01-11T11:18:24.785-0500] {dag.py:3423} INFO - Setting next_dagrun for example_dag_decorator to None, run_after=None
[2023-01-11T11:18:24.806-0500] {processor.py:175} INFO - Processing /Library/Frameworks/Python.framework/Versions/3.9/lib/python3.9/site-packages/airflow/example_dags/example_dag_decorator.py took 0.750 seconds
[2023-01-11T11:21:58.638-0500] {processor.py:153} INFO - Started process (PID=7229) to work on /Library/Frameworks/Python.framework/Versions/3.9/lib/python3.9/site-packages/airflow/example_dags/example_dag_decorator.py
[2023-01-11T11:21:58.643-0500] {processor.py:743} INFO - Processing file /Library/Frameworks/Python.framework/Versions/3.9/lib/python3.9/site-packages/airflow/example_dags/example_dag_decorator.py for tasks to queue
[2023-01-11T11:21:58.644-0500] {logging_mixin.py:137} INFO - [2023-01-11T11:21:58.644-0500] {dagbag.py:538} INFO - Filling up the DagBag from /Library/Frameworks/Python.framework/Versions/3.9/lib/python3.9/site-packages/airflow/example_dags/example_dag_decorator.py
[2023-01-11T11:21:58.883-0500] {logging_mixin.py:137} INFO - [2023-01-11T11:21:58.883-0500] {taskmixin.py:205} WARNING - Dependency <Task(_PythonDecoratedOperator): prepare_email>, send_email already registered for DAG: example_dag_decorator
[2023-01-11T11:21:58.883-0500] {logging_mixin.py:137} INFO - [2023-01-11T11:21:58.883-0500] {taskmixin.py:205} WARNING - Dependency <Task(EmailOperator): send_email>, prepare_email already registered for DAG: example_dag_decorator
[2023-01-11T11:21:58.918-0500] {processor.py:753} INFO - DAG(s) dict_keys(['example_dag_decorator']) retrieved from /Library/Frameworks/Python.framework/Versions/3.9/lib/python3.9/site-packages/airflow/example_dags/example_dag_decorator.py
[2023-01-11T11:21:59.313-0500] {logging_mixin.py:137} INFO - [2023-01-11T11:21:59.313-0500] {dag.py:2676} INFO - Sync 1 DAGs
[2023-01-11T11:21:59.327-0500] {logging_mixin.py:137} INFO - [2023-01-11T11:21:59.327-0500] {dag.py:3423} INFO - Setting next_dagrun for example_dag_decorator to None, run_after=None
[2023-01-11T11:21:59.348-0500] {processor.py:175} INFO - Processing /Library/Frameworks/Python.framework/Versions/3.9/lib/python3.9/site-packages/airflow/example_dags/example_dag_decorator.py took 0.711 seconds
[2023-01-11T11:25:42.766-0500] {processor.py:153} INFO - Started process (PID=8139) to work on /Library/Frameworks/Python.framework/Versions/3.9/lib/python3.9/site-packages/airflow/example_dags/example_dag_decorator.py
[2023-01-11T11:25:42.774-0500] {processor.py:743} INFO - Processing file /Library/Frameworks/Python.framework/Versions/3.9/lib/python3.9/site-packages/airflow/example_dags/example_dag_decorator.py for tasks to queue
[2023-01-11T11:25:42.775-0500] {logging_mixin.py:137} INFO - [2023-01-11T11:25:42.775-0500] {dagbag.py:538} INFO - Filling up the DagBag from /Library/Frameworks/Python.framework/Versions/3.9/lib/python3.9/site-packages/airflow/example_dags/example_dag_decorator.py
[2023-01-11T11:25:43.023-0500] {logging_mixin.py:137} INFO - [2023-01-11T11:25:43.023-0500] {taskmixin.py:205} WARNING - Dependency <Task(_PythonDecoratedOperator): prepare_email>, send_email already registered for DAG: example_dag_decorator
[2023-01-11T11:25:43.023-0500] {logging_mixin.py:137} INFO - [2023-01-11T11:25:43.023-0500] {taskmixin.py:205} WARNING - Dependency <Task(EmailOperator): send_email>, prepare_email already registered for DAG: example_dag_decorator
[2023-01-11T11:25:43.056-0500] {processor.py:753} INFO - DAG(s) dict_keys(['example_dag_decorator']) retrieved from /Library/Frameworks/Python.framework/Versions/3.9/lib/python3.9/site-packages/airflow/example_dags/example_dag_decorator.py
[2023-01-11T11:25:43.543-0500] {logging_mixin.py:137} INFO - [2023-01-11T11:25:43.542-0500] {dag.py:2676} INFO - Sync 1 DAGs
[2023-01-11T11:25:43.557-0500] {logging_mixin.py:137} INFO - [2023-01-11T11:25:43.557-0500] {dag.py:3423} INFO - Setting next_dagrun for example_dag_decorator to None, run_after=None
[2023-01-11T11:25:43.577-0500] {processor.py:175} INFO - Processing /Library/Frameworks/Python.framework/Versions/3.9/lib/python3.9/site-packages/airflow/example_dags/example_dag_decorator.py took 0.812 seconds
[2023-01-11T11:29:11.289-0500] {processor.py:153} INFO - Started process (PID=8283) to work on /Library/Frameworks/Python.framework/Versions/3.9/lib/python3.9/site-packages/airflow/example_dags/example_dag_decorator.py
[2023-01-11T11:29:11.295-0500] {processor.py:743} INFO - Processing file /Library/Frameworks/Python.framework/Versions/3.9/lib/python3.9/site-packages/airflow/example_dags/example_dag_decorator.py for tasks to queue
[2023-01-11T11:29:11.296-0500] {logging_mixin.py:137} INFO - [2023-01-11T11:29:11.296-0500] {dagbag.py:538} INFO - Filling up the DagBag from /Library/Frameworks/Python.framework/Versions/3.9/lib/python3.9/site-packages/airflow/example_dags/example_dag_decorator.py
[2023-01-11T11:29:11.576-0500] {logging_mixin.py:137} INFO - [2023-01-11T11:29:11.576-0500] {taskmixin.py:205} WARNING - Dependency <Task(_PythonDecoratedOperator): prepare_email>, send_email already registered for DAG: example_dag_decorator
[2023-01-11T11:29:11.576-0500] {logging_mixin.py:137} INFO - [2023-01-11T11:29:11.576-0500] {taskmixin.py:205} WARNING - Dependency <Task(EmailOperator): send_email>, prepare_email already registered for DAG: example_dag_decorator
[2023-01-11T11:29:11.615-0500] {processor.py:753} INFO - DAG(s) dict_keys(['example_dag_decorator']) retrieved from /Library/Frameworks/Python.framework/Versions/3.9/lib/python3.9/site-packages/airflow/example_dags/example_dag_decorator.py
[2023-01-11T11:29:12.056-0500] {logging_mixin.py:137} INFO - [2023-01-11T11:29:12.056-0500] {dag.py:2676} INFO - Sync 1 DAGs
[2023-01-11T11:29:12.071-0500] {logging_mixin.py:137} INFO - [2023-01-11T11:29:12.071-0500] {dag.py:3423} INFO - Setting next_dagrun for example_dag_decorator to None, run_after=None
[2023-01-11T11:29:12.094-0500] {processor.py:175} INFO - Processing /Library/Frameworks/Python.framework/Versions/3.9/lib/python3.9/site-packages/airflow/example_dags/example_dag_decorator.py took 0.806 seconds
[2023-01-11T11:32:20.487-0500] {processor.py:153} INFO - Started process (PID=8423) to work on /Library/Frameworks/Python.framework/Versions/3.9/lib/python3.9/site-packages/airflow/example_dags/example_dag_decorator.py
[2023-01-11T11:32:20.492-0500] {processor.py:743} INFO - Processing file /Library/Frameworks/Python.framework/Versions/3.9/lib/python3.9/site-packages/airflow/example_dags/example_dag_decorator.py for tasks to queue
[2023-01-11T11:32:20.493-0500] {logging_mixin.py:137} INFO - [2023-01-11T11:32:20.493-0500] {dagbag.py:538} INFO - Filling up the DagBag from /Library/Frameworks/Python.framework/Versions/3.9/lib/python3.9/site-packages/airflow/example_dags/example_dag_decorator.py
[2023-01-11T11:32:20.725-0500] {logging_mixin.py:137} INFO - [2023-01-11T11:32:20.725-0500] {taskmixin.py:205} WARNING - Dependency <Task(_PythonDecoratedOperator): prepare_email>, send_email already registered for DAG: example_dag_decorator
[2023-01-11T11:32:20.725-0500] {logging_mixin.py:137} INFO - [2023-01-11T11:32:20.725-0500] {taskmixin.py:205} WARNING - Dependency <Task(EmailOperator): send_email>, prepare_email already registered for DAG: example_dag_decorator
[2023-01-11T11:32:20.764-0500] {processor.py:753} INFO - DAG(s) dict_keys(['example_dag_decorator']) retrieved from /Library/Frameworks/Python.framework/Versions/3.9/lib/python3.9/site-packages/airflow/example_dags/example_dag_decorator.py
[2023-01-11T11:32:21.189-0500] {logging_mixin.py:137} INFO - [2023-01-11T11:32:21.189-0500] {dag.py:2676} INFO - Sync 1 DAGs
[2023-01-11T11:32:21.205-0500] {logging_mixin.py:137} INFO - [2023-01-11T11:32:21.205-0500] {dag.py:3423} INFO - Setting next_dagrun for example_dag_decorator to None, run_after=None
[2023-01-11T11:32:21.227-0500] {processor.py:175} INFO - Processing /Library/Frameworks/Python.framework/Versions/3.9/lib/python3.9/site-packages/airflow/example_dags/example_dag_decorator.py took 0.741 seconds
[2023-01-11T11:43:31.252-0500] {processor.py:153} INFO - Started process (PID=8775) to work on /Library/Frameworks/Python.framework/Versions/3.9/lib/python3.9/site-packages/airflow/example_dags/example_dag_decorator.py
[2023-01-11T11:43:31.258-0500] {processor.py:743} INFO - Processing file /Library/Frameworks/Python.framework/Versions/3.9/lib/python3.9/site-packages/airflow/example_dags/example_dag_decorator.py for tasks to queue
[2023-01-11T11:43:31.258-0500] {logging_mixin.py:137} INFO - [2023-01-11T11:43:31.258-0500] {dagbag.py:538} INFO - Filling up the DagBag from /Library/Frameworks/Python.framework/Versions/3.9/lib/python3.9/site-packages/airflow/example_dags/example_dag_decorator.py
[2023-01-11T11:43:31.499-0500] {logging_mixin.py:137} INFO - [2023-01-11T11:43:31.499-0500] {taskmixin.py:205} WARNING - Dependency <Task(_PythonDecoratedOperator): prepare_email>, send_email already registered for DAG: example_dag_decorator
[2023-01-11T11:43:31.499-0500] {logging_mixin.py:137} INFO - [2023-01-11T11:43:31.499-0500] {taskmixin.py:205} WARNING - Dependency <Task(EmailOperator): send_email>, prepare_email already registered for DAG: example_dag_decorator
[2023-01-11T11:43:31.536-0500] {processor.py:753} INFO - DAG(s) dict_keys(['example_dag_decorator']) retrieved from /Library/Frameworks/Python.framework/Versions/3.9/lib/python3.9/site-packages/airflow/example_dags/example_dag_decorator.py
[2023-01-11T11:43:31.946-0500] {logging_mixin.py:137} INFO - [2023-01-11T11:43:31.946-0500] {dag.py:2676} INFO - Sync 1 DAGs
[2023-01-11T11:43:31.962-0500] {logging_mixin.py:137} INFO - [2023-01-11T11:43:31.961-0500] {dag.py:3423} INFO - Setting next_dagrun for example_dag_decorator to None, run_after=None
[2023-01-11T11:43:31.983-0500] {processor.py:175} INFO - Processing /Library/Frameworks/Python.framework/Versions/3.9/lib/python3.9/site-packages/airflow/example_dags/example_dag_decorator.py took 0.732 seconds
[2023-01-11T11:47:01.541-0500] {processor.py:153} INFO - Started process (PID=8882) to work on /Library/Frameworks/Python.framework/Versions/3.9/lib/python3.9/site-packages/airflow/example_dags/example_dag_decorator.py
[2023-01-11T11:47:01.546-0500] {processor.py:743} INFO - Processing file /Library/Frameworks/Python.framework/Versions/3.9/lib/python3.9/site-packages/airflow/example_dags/example_dag_decorator.py for tasks to queue
[2023-01-11T11:47:01.547-0500] {logging_mixin.py:137} INFO - [2023-01-11T11:47:01.547-0500] {dagbag.py:538} INFO - Filling up the DagBag from /Library/Frameworks/Python.framework/Versions/3.9/lib/python3.9/site-packages/airflow/example_dags/example_dag_decorator.py
[2023-01-11T11:47:01.786-0500] {logging_mixin.py:137} INFO - [2023-01-11T11:47:01.785-0500] {taskmixin.py:205} WARNING - Dependency <Task(_PythonDecoratedOperator): prepare_email>, send_email already registered for DAG: example_dag_decorator
[2023-01-11T11:47:01.786-0500] {logging_mixin.py:137} INFO - [2023-01-11T11:47:01.786-0500] {taskmixin.py:205} WARNING - Dependency <Task(EmailOperator): send_email>, prepare_email already registered for DAG: example_dag_decorator
[2023-01-11T11:47:01.822-0500] {processor.py:753} INFO - DAG(s) dict_keys(['example_dag_decorator']) retrieved from /Library/Frameworks/Python.framework/Versions/3.9/lib/python3.9/site-packages/airflow/example_dags/example_dag_decorator.py
[2023-01-11T11:47:02.243-0500] {logging_mixin.py:137} INFO - [2023-01-11T11:47:02.242-0500] {dag.py:2676} INFO - Sync 1 DAGs
[2023-01-11T11:47:02.257-0500] {logging_mixin.py:137} INFO - [2023-01-11T11:47:02.257-0500] {dag.py:3423} INFO - Setting next_dagrun for example_dag_decorator to None, run_after=None
[2023-01-11T11:47:02.280-0500] {processor.py:175} INFO - Processing /Library/Frameworks/Python.framework/Versions/3.9/lib/python3.9/site-packages/airflow/example_dags/example_dag_decorator.py took 0.740 seconds
[2023-01-11T11:50:29.447-0500] {processor.py:153} INFO - Started process (PID=9132) to work on /Library/Frameworks/Python.framework/Versions/3.9/lib/python3.9/site-packages/airflow/example_dags/example_dag_decorator.py
[2023-01-11T11:50:29.453-0500] {processor.py:743} INFO - Processing file /Library/Frameworks/Python.framework/Versions/3.9/lib/python3.9/site-packages/airflow/example_dags/example_dag_decorator.py for tasks to queue
[2023-01-11T11:50:29.454-0500] {logging_mixin.py:137} INFO - [2023-01-11T11:50:29.454-0500] {dagbag.py:538} INFO - Filling up the DagBag from /Library/Frameworks/Python.framework/Versions/3.9/lib/python3.9/site-packages/airflow/example_dags/example_dag_decorator.py
[2023-01-11T11:50:29.707-0500] {logging_mixin.py:137} INFO - [2023-01-11T11:50:29.707-0500] {taskmixin.py:205} WARNING - Dependency <Task(_PythonDecoratedOperator): prepare_email>, send_email already registered for DAG: example_dag_decorator
[2023-01-11T11:50:29.708-0500] {logging_mixin.py:137} INFO - [2023-01-11T11:50:29.708-0500] {taskmixin.py:205} WARNING - Dependency <Task(EmailOperator): send_email>, prepare_email already registered for DAG: example_dag_decorator
[2023-01-11T11:50:29.745-0500] {processor.py:753} INFO - DAG(s) dict_keys(['example_dag_decorator']) retrieved from /Library/Frameworks/Python.framework/Versions/3.9/lib/python3.9/site-packages/airflow/example_dags/example_dag_decorator.py
[2023-01-11T11:50:30.214-0500] {logging_mixin.py:137} INFO - [2023-01-11T11:50:30.213-0500] {dag.py:2676} INFO - Sync 1 DAGs
[2023-01-11T11:50:30.229-0500] {logging_mixin.py:137} INFO - [2023-01-11T11:50:30.228-0500] {dag.py:3423} INFO - Setting next_dagrun for example_dag_decorator to None, run_after=None
[2023-01-11T11:50:30.249-0500] {processor.py:175} INFO - Processing /Library/Frameworks/Python.framework/Versions/3.9/lib/python3.9/site-packages/airflow/example_dags/example_dag_decorator.py took 0.802 seconds
[2023-01-11T11:53:53.239-0500] {processor.py:153} INFO - Started process (PID=9306) to work on /Library/Frameworks/Python.framework/Versions/3.9/lib/python3.9/site-packages/airflow/example_dags/example_dag_decorator.py
[2023-01-11T11:53:53.246-0500] {processor.py:743} INFO - Processing file /Library/Frameworks/Python.framework/Versions/3.9/lib/python3.9/site-packages/airflow/example_dags/example_dag_decorator.py for tasks to queue
[2023-01-11T11:53:53.247-0500] {logging_mixin.py:137} INFO - [2023-01-11T11:53:53.247-0500] {dagbag.py:538} INFO - Filling up the DagBag from /Library/Frameworks/Python.framework/Versions/3.9/lib/python3.9/site-packages/airflow/example_dags/example_dag_decorator.py
[2023-01-11T11:53:53.512-0500] {logging_mixin.py:137} INFO - [2023-01-11T11:53:53.512-0500] {taskmixin.py:205} WARNING - Dependency <Task(_PythonDecoratedOperator): prepare_email>, send_email already registered for DAG: example_dag_decorator
[2023-01-11T11:53:53.512-0500] {logging_mixin.py:137} INFO - [2023-01-11T11:53:53.512-0500] {taskmixin.py:205} WARNING - Dependency <Task(EmailOperator): send_email>, prepare_email already registered for DAG: example_dag_decorator
[2023-01-11T11:53:53.550-0500] {processor.py:753} INFO - DAG(s) dict_keys(['example_dag_decorator']) retrieved from /Library/Frameworks/Python.framework/Versions/3.9/lib/python3.9/site-packages/airflow/example_dags/example_dag_decorator.py
[2023-01-11T11:53:53.978-0500] {logging_mixin.py:137} INFO - [2023-01-11T11:53:53.978-0500] {dag.py:2676} INFO - Sync 1 DAGs
[2023-01-11T11:53:53.995-0500] {logging_mixin.py:137} INFO - [2023-01-11T11:53:53.995-0500] {dag.py:3423} INFO - Setting next_dagrun for example_dag_decorator to None, run_after=None
[2023-01-11T11:53:54.098-0500] {processor.py:175} INFO - Processing /Library/Frameworks/Python.framework/Versions/3.9/lib/python3.9/site-packages/airflow/example_dags/example_dag_decorator.py took 0.859 seconds
[2023-01-11T11:57:48.248-0500] {processor.py:153} INFO - Started process (PID=9424) to work on /Library/Frameworks/Python.framework/Versions/3.9/lib/python3.9/site-packages/airflow/example_dags/example_dag_decorator.py
[2023-01-11T11:57:48.254-0500] {processor.py:743} INFO - Processing file /Library/Frameworks/Python.framework/Versions/3.9/lib/python3.9/site-packages/airflow/example_dags/example_dag_decorator.py for tasks to queue
[2023-01-11T11:57:48.255-0500] {logging_mixin.py:137} INFO - [2023-01-11T11:57:48.255-0500] {dagbag.py:538} INFO - Filling up the DagBag from /Library/Frameworks/Python.framework/Versions/3.9/lib/python3.9/site-packages/airflow/example_dags/example_dag_decorator.py
[2023-01-11T11:57:48.516-0500] {logging_mixin.py:137} INFO - [2023-01-11T11:57:48.515-0500] {taskmixin.py:205} WARNING - Dependency <Task(_PythonDecoratedOperator): prepare_email>, send_email already registered for DAG: example_dag_decorator
[2023-01-11T11:57:48.516-0500] {logging_mixin.py:137} INFO - [2023-01-11T11:57:48.516-0500] {taskmixin.py:205} WARNING - Dependency <Task(EmailOperator): send_email>, prepare_email already registered for DAG: example_dag_decorator
[2023-01-11T11:57:48.552-0500] {processor.py:753} INFO - DAG(s) dict_keys(['example_dag_decorator']) retrieved from /Library/Frameworks/Python.framework/Versions/3.9/lib/python3.9/site-packages/airflow/example_dags/example_dag_decorator.py
[2023-01-11T11:57:49.016-0500] {logging_mixin.py:137} INFO - [2023-01-11T11:57:49.016-0500] {dag.py:2676} INFO - Sync 1 DAGs
[2023-01-11T11:57:49.032-0500] {logging_mixin.py:137} INFO - [2023-01-11T11:57:49.032-0500] {dag.py:3423} INFO - Setting next_dagrun for example_dag_decorator to None, run_after=None
[2023-01-11T11:57:49.051-0500] {processor.py:175} INFO - Processing /Library/Frameworks/Python.framework/Versions/3.9/lib/python3.9/site-packages/airflow/example_dags/example_dag_decorator.py took 0.804 seconds
[2023-01-11T12:01:11.995-0500] {processor.py:153} INFO - Started process (PID=9553) to work on /Library/Frameworks/Python.framework/Versions/3.9/lib/python3.9/site-packages/airflow/example_dags/example_dag_decorator.py
[2023-01-11T12:01:12.000-0500] {processor.py:743} INFO - Processing file /Library/Frameworks/Python.framework/Versions/3.9/lib/python3.9/site-packages/airflow/example_dags/example_dag_decorator.py for tasks to queue
[2023-01-11T12:01:12.000-0500] {logging_mixin.py:137} INFO - [2023-01-11T12:01:12.000-0500] {dagbag.py:538} INFO - Filling up the DagBag from /Library/Frameworks/Python.framework/Versions/3.9/lib/python3.9/site-packages/airflow/example_dags/example_dag_decorator.py
[2023-01-11T12:01:12.269-0500] {logging_mixin.py:137} INFO - [2023-01-11T12:01:12.268-0500] {taskmixin.py:205} WARNING - Dependency <Task(_PythonDecoratedOperator): prepare_email>, send_email already registered for DAG: example_dag_decorator
[2023-01-11T12:01:12.269-0500] {logging_mixin.py:137} INFO - [2023-01-11T12:01:12.269-0500] {taskmixin.py:205} WARNING - Dependency <Task(EmailOperator): send_email>, prepare_email already registered for DAG: example_dag_decorator
[2023-01-11T12:01:12.306-0500] {processor.py:753} INFO - DAG(s) dict_keys(['example_dag_decorator']) retrieved from /Library/Frameworks/Python.framework/Versions/3.9/lib/python3.9/site-packages/airflow/example_dags/example_dag_decorator.py
[2023-01-11T12:01:12.813-0500] {logging_mixin.py:137} INFO - [2023-01-11T12:01:12.813-0500] {dag.py:2676} INFO - Sync 1 DAGs
[2023-01-11T12:01:12.828-0500] {logging_mixin.py:137} INFO - [2023-01-11T12:01:12.828-0500] {dag.py:3423} INFO - Setting next_dagrun for example_dag_decorator to None, run_after=None
[2023-01-11T12:01:12.855-0500] {processor.py:175} INFO - Processing /Library/Frameworks/Python.framework/Versions/3.9/lib/python3.9/site-packages/airflow/example_dags/example_dag_decorator.py took 0.861 seconds
[2023-01-11T12:04:29.896-0500] {processor.py:153} INFO - Started process (PID=9726) to work on /Library/Frameworks/Python.framework/Versions/3.9/lib/python3.9/site-packages/airflow/example_dags/example_dag_decorator.py
[2023-01-11T12:04:29.902-0500] {processor.py:743} INFO - Processing file /Library/Frameworks/Python.framework/Versions/3.9/lib/python3.9/site-packages/airflow/example_dags/example_dag_decorator.py for tasks to queue
[2023-01-11T12:04:29.902-0500] {logging_mixin.py:137} INFO - [2023-01-11T12:04:29.902-0500] {dagbag.py:538} INFO - Filling up the DagBag from /Library/Frameworks/Python.framework/Versions/3.9/lib/python3.9/site-packages/airflow/example_dags/example_dag_decorator.py
[2023-01-11T12:04:30.158-0500] {logging_mixin.py:137} INFO - [2023-01-11T12:04:30.158-0500] {taskmixin.py:205} WARNING - Dependency <Task(_PythonDecoratedOperator): prepare_email>, send_email already registered for DAG: example_dag_decorator
[2023-01-11T12:04:30.159-0500] {logging_mixin.py:137} INFO - [2023-01-11T12:04:30.159-0500] {taskmixin.py:205} WARNING - Dependency <Task(EmailOperator): send_email>, prepare_email already registered for DAG: example_dag_decorator
[2023-01-11T12:04:30.197-0500] {processor.py:753} INFO - DAG(s) dict_keys(['example_dag_decorator']) retrieved from /Library/Frameworks/Python.framework/Versions/3.9/lib/python3.9/site-packages/airflow/example_dags/example_dag_decorator.py
[2023-01-11T12:04:30.622-0500] {logging_mixin.py:137} INFO - [2023-01-11T12:04:30.621-0500] {dag.py:2676} INFO - Sync 1 DAGs
[2023-01-11T12:04:30.636-0500] {logging_mixin.py:137} INFO - [2023-01-11T12:04:30.636-0500] {dag.py:3423} INFO - Setting next_dagrun for example_dag_decorator to None, run_after=None
[2023-01-11T12:04:30.656-0500] {processor.py:175} INFO - Processing /Library/Frameworks/Python.framework/Versions/3.9/lib/python3.9/site-packages/airflow/example_dags/example_dag_decorator.py took 0.761 seconds
[2023-01-11T12:07:52.738-0500] {processor.py:153} INFO - Started process (PID=9818) to work on /Library/Frameworks/Python.framework/Versions/3.9/lib/python3.9/site-packages/airflow/example_dags/example_dag_decorator.py
[2023-01-11T12:07:52.745-0500] {processor.py:743} INFO - Processing file /Library/Frameworks/Python.framework/Versions/3.9/lib/python3.9/site-packages/airflow/example_dags/example_dag_decorator.py for tasks to queue
[2023-01-11T12:07:52.746-0500] {logging_mixin.py:137} INFO - [2023-01-11T12:07:52.746-0500] {dagbag.py:538} INFO - Filling up the DagBag from /Library/Frameworks/Python.framework/Versions/3.9/lib/python3.9/site-packages/airflow/example_dags/example_dag_decorator.py
[2023-01-11T12:07:53.028-0500] {logging_mixin.py:137} INFO - [2023-01-11T12:07:53.027-0500] {taskmixin.py:205} WARNING - Dependency <Task(_PythonDecoratedOperator): prepare_email>, send_email already registered for DAG: example_dag_decorator
[2023-01-11T12:07:53.028-0500] {logging_mixin.py:137} INFO - [2023-01-11T12:07:53.028-0500] {taskmixin.py:205} WARNING - Dependency <Task(EmailOperator): send_email>, prepare_email already registered for DAG: example_dag_decorator
[2023-01-11T12:07:53.071-0500] {processor.py:753} INFO - DAG(s) dict_keys(['example_dag_decorator']) retrieved from /Library/Frameworks/Python.framework/Versions/3.9/lib/python3.9/site-packages/airflow/example_dags/example_dag_decorator.py
[2023-01-11T12:07:53.500-0500] {logging_mixin.py:137} INFO - [2023-01-11T12:07:53.500-0500] {dag.py:2676} INFO - Sync 1 DAGs
[2023-01-11T12:07:53.516-0500] {logging_mixin.py:137} INFO - [2023-01-11T12:07:53.516-0500] {dag.py:3423} INFO - Setting next_dagrun for example_dag_decorator to None, run_after=None
[2023-01-11T12:07:53.537-0500] {processor.py:175} INFO - Processing /Library/Frameworks/Python.framework/Versions/3.9/lib/python3.9/site-packages/airflow/example_dags/example_dag_decorator.py took 0.799 seconds
[2023-01-11T12:11:14.486-0500] {processor.py:153} INFO - Started process (PID=9914) to work on /Library/Frameworks/Python.framework/Versions/3.9/lib/python3.9/site-packages/airflow/example_dags/example_dag_decorator.py
[2023-01-11T12:11:14.492-0500] {processor.py:743} INFO - Processing file /Library/Frameworks/Python.framework/Versions/3.9/lib/python3.9/site-packages/airflow/example_dags/example_dag_decorator.py for tasks to queue
[2023-01-11T12:11:14.492-0500] {logging_mixin.py:137} INFO - [2023-01-11T12:11:14.492-0500] {dagbag.py:538} INFO - Filling up the DagBag from /Library/Frameworks/Python.framework/Versions/3.9/lib/python3.9/site-packages/airflow/example_dags/example_dag_decorator.py
[2023-01-11T12:11:14.742-0500] {logging_mixin.py:137} INFO - [2023-01-11T12:11:14.741-0500] {taskmixin.py:205} WARNING - Dependency <Task(_PythonDecoratedOperator): prepare_email>, send_email already registered for DAG: example_dag_decorator
[2023-01-11T12:11:14.742-0500] {logging_mixin.py:137} INFO - [2023-01-11T12:11:14.742-0500] {taskmixin.py:205} WARNING - Dependency <Task(EmailOperator): send_email>, prepare_email already registered for DAG: example_dag_decorator
[2023-01-11T12:11:14.778-0500] {processor.py:753} INFO - DAG(s) dict_keys(['example_dag_decorator']) retrieved from /Library/Frameworks/Python.framework/Versions/3.9/lib/python3.9/site-packages/airflow/example_dags/example_dag_decorator.py
[2023-01-11T12:11:15.198-0500] {logging_mixin.py:137} INFO - [2023-01-11T12:11:15.198-0500] {dag.py:2676} INFO - Sync 1 DAGs
[2023-01-11T12:11:15.213-0500] {logging_mixin.py:137} INFO - [2023-01-11T12:11:15.212-0500] {dag.py:3423} INFO - Setting next_dagrun for example_dag_decorator to None, run_after=None
[2023-01-11T12:11:15.231-0500] {processor.py:175} INFO - Processing /Library/Frameworks/Python.framework/Versions/3.9/lib/python3.9/site-packages/airflow/example_dags/example_dag_decorator.py took 0.746 seconds
[2023-01-11T12:14:35.150-0500] {processor.py:153} INFO - Started process (PID=10056) to work on /Library/Frameworks/Python.framework/Versions/3.9/lib/python3.9/site-packages/airflow/example_dags/example_dag_decorator.py
[2023-01-11T12:14:35.157-0500] {processor.py:743} INFO - Processing file /Library/Frameworks/Python.framework/Versions/3.9/lib/python3.9/site-packages/airflow/example_dags/example_dag_decorator.py for tasks to queue
[2023-01-11T12:14:35.158-0500] {logging_mixin.py:137} INFO - [2023-01-11T12:14:35.158-0500] {dagbag.py:538} INFO - Filling up the DagBag from /Library/Frameworks/Python.framework/Versions/3.9/lib/python3.9/site-packages/airflow/example_dags/example_dag_decorator.py
[2023-01-11T12:14:35.412-0500] {logging_mixin.py:137} INFO - [2023-01-11T12:14:35.412-0500] {taskmixin.py:205} WARNING - Dependency <Task(_PythonDecoratedOperator): prepare_email>, send_email already registered for DAG: example_dag_decorator
[2023-01-11T12:14:35.413-0500] {logging_mixin.py:137} INFO - [2023-01-11T12:14:35.413-0500] {taskmixin.py:205} WARNING - Dependency <Task(EmailOperator): send_email>, prepare_email already registered for DAG: example_dag_decorator
[2023-01-11T12:14:35.450-0500] {processor.py:753} INFO - DAG(s) dict_keys(['example_dag_decorator']) retrieved from /Library/Frameworks/Python.framework/Versions/3.9/lib/python3.9/site-packages/airflow/example_dags/example_dag_decorator.py
[2023-01-11T12:14:35.899-0500] {logging_mixin.py:137} INFO - [2023-01-11T12:14:35.899-0500] {dag.py:2676} INFO - Sync 1 DAGs
[2023-01-11T12:14:35.917-0500] {logging_mixin.py:137} INFO - [2023-01-11T12:14:35.917-0500] {dag.py:3423} INFO - Setting next_dagrun for example_dag_decorator to None, run_after=None
[2023-01-11T12:14:35.963-0500] {processor.py:175} INFO - Processing /Library/Frameworks/Python.framework/Versions/3.9/lib/python3.9/site-packages/airflow/example_dags/example_dag_decorator.py took 0.813 seconds
[2023-01-11T12:18:00.325-0500] {processor.py:153} INFO - Started process (PID=10229) to work on /Library/Frameworks/Python.framework/Versions/3.9/lib/python3.9/site-packages/airflow/example_dags/example_dag_decorator.py
[2023-01-11T12:18:00.331-0500] {processor.py:743} INFO - Processing file /Library/Frameworks/Python.framework/Versions/3.9/lib/python3.9/site-packages/airflow/example_dags/example_dag_decorator.py for tasks to queue
[2023-01-11T12:18:00.332-0500] {logging_mixin.py:137} INFO - [2023-01-11T12:18:00.332-0500] {dagbag.py:538} INFO - Filling up the DagBag from /Library/Frameworks/Python.framework/Versions/3.9/lib/python3.9/site-packages/airflow/example_dags/example_dag_decorator.py
[2023-01-11T12:18:00.591-0500] {logging_mixin.py:137} INFO - [2023-01-11T12:18:00.591-0500] {taskmixin.py:205} WARNING - Dependency <Task(_PythonDecoratedOperator): prepare_email>, send_email already registered for DAG: example_dag_decorator
[2023-01-11T12:18:00.592-0500] {logging_mixin.py:137} INFO - [2023-01-11T12:18:00.592-0500] {taskmixin.py:205} WARNING - Dependency <Task(EmailOperator): send_email>, prepare_email already registered for DAG: example_dag_decorator
[2023-01-11T12:18:00.628-0500] {processor.py:753} INFO - DAG(s) dict_keys(['example_dag_decorator']) retrieved from /Library/Frameworks/Python.framework/Versions/3.9/lib/python3.9/site-packages/airflow/example_dags/example_dag_decorator.py
[2023-01-11T12:18:01.074-0500] {logging_mixin.py:137} INFO - [2023-01-11T12:18:01.074-0500] {dag.py:2676} INFO - Sync 1 DAGs
[2023-01-11T12:18:01.089-0500] {logging_mixin.py:137} INFO - [2023-01-11T12:18:01.089-0500] {dag.py:3423} INFO - Setting next_dagrun for example_dag_decorator to None, run_after=None
[2023-01-11T12:18:01.110-0500] {processor.py:175} INFO - Processing /Library/Frameworks/Python.framework/Versions/3.9/lib/python3.9/site-packages/airflow/example_dags/example_dag_decorator.py took 0.786 seconds
[2023-01-11T12:21:27.156-0500] {processor.py:153} INFO - Started process (PID=10345) to work on /Library/Frameworks/Python.framework/Versions/3.9/lib/python3.9/site-packages/airflow/example_dags/example_dag_decorator.py
[2023-01-11T12:21:27.163-0500] {processor.py:743} INFO - Processing file /Library/Frameworks/Python.framework/Versions/3.9/lib/python3.9/site-packages/airflow/example_dags/example_dag_decorator.py for tasks to queue
[2023-01-11T12:21:27.164-0500] {logging_mixin.py:137} INFO - [2023-01-11T12:21:27.164-0500] {dagbag.py:538} INFO - Filling up the DagBag from /Library/Frameworks/Python.framework/Versions/3.9/lib/python3.9/site-packages/airflow/example_dags/example_dag_decorator.py
[2023-01-11T12:21:27.416-0500] {logging_mixin.py:137} INFO - [2023-01-11T12:21:27.416-0500] {taskmixin.py:205} WARNING - Dependency <Task(_PythonDecoratedOperator): prepare_email>, send_email already registered for DAG: example_dag_decorator
[2023-01-11T12:21:27.417-0500] {logging_mixin.py:137} INFO - [2023-01-11T12:21:27.416-0500] {taskmixin.py:205} WARNING - Dependency <Task(EmailOperator): send_email>, prepare_email already registered for DAG: example_dag_decorator
[2023-01-11T12:21:27.455-0500] {processor.py:753} INFO - DAG(s) dict_keys(['example_dag_decorator']) retrieved from /Library/Frameworks/Python.framework/Versions/3.9/lib/python3.9/site-packages/airflow/example_dags/example_dag_decorator.py
[2023-01-11T12:21:27.922-0500] {logging_mixin.py:137} INFO - [2023-01-11T12:21:27.921-0500] {dag.py:2676} INFO - Sync 1 DAGs
[2023-01-11T12:21:27.938-0500] {logging_mixin.py:137} INFO - [2023-01-11T12:21:27.938-0500] {dag.py:3423} INFO - Setting next_dagrun for example_dag_decorator to None, run_after=None
[2023-01-11T12:21:27.958-0500] {processor.py:175} INFO - Processing /Library/Frameworks/Python.framework/Versions/3.9/lib/python3.9/site-packages/airflow/example_dags/example_dag_decorator.py took 0.803 seconds
[2023-01-11T16:22:01.959-0500] {processor.py:153} INFO - Started process (PID=11116) to work on /Library/Frameworks/Python.framework/Versions/3.9/lib/python3.9/site-packages/airflow/example_dags/example_dag_decorator.py
[2023-01-11T16:22:01.965-0500] {processor.py:743} INFO - Processing file /Library/Frameworks/Python.framework/Versions/3.9/lib/python3.9/site-packages/airflow/example_dags/example_dag_decorator.py for tasks to queue
[2023-01-11T16:22:01.965-0500] {logging_mixin.py:137} INFO - [2023-01-11T16:22:01.965-0500] {dagbag.py:538} INFO - Filling up the DagBag from /Library/Frameworks/Python.framework/Versions/3.9/lib/python3.9/site-packages/airflow/example_dags/example_dag_decorator.py
[2023-01-11T16:22:02.223-0500] {logging_mixin.py:137} INFO - [2023-01-11T16:22:02.222-0500] {taskmixin.py:205} WARNING - Dependency <Task(_PythonDecoratedOperator): prepare_email>, send_email already registered for DAG: example_dag_decorator
[2023-01-11T16:22:02.223-0500] {logging_mixin.py:137} INFO - [2023-01-11T16:22:02.223-0500] {taskmixin.py:205} WARNING - Dependency <Task(EmailOperator): send_email>, prepare_email already registered for DAG: example_dag_decorator
[2023-01-11T16:22:02.261-0500] {processor.py:753} INFO - DAG(s) dict_keys(['example_dag_decorator']) retrieved from /Library/Frameworks/Python.framework/Versions/3.9/lib/python3.9/site-packages/airflow/example_dags/example_dag_decorator.py
[2023-01-11T16:22:02.659-0500] {logging_mixin.py:137} INFO - [2023-01-11T16:22:02.659-0500] {dag.py:2676} INFO - Sync 1 DAGs
[2023-01-11T16:22:02.674-0500] {logging_mixin.py:137} INFO - [2023-01-11T16:22:02.673-0500] {dag.py:3423} INFO - Setting next_dagrun for example_dag_decorator to None, run_after=None
[2023-01-11T16:22:02.696-0500] {processor.py:175} INFO - Processing /Library/Frameworks/Python.framework/Versions/3.9/lib/python3.9/site-packages/airflow/example_dags/example_dag_decorator.py took 0.737 seconds
[2023-01-11T16:25:31.796-0500] {processor.py:153} INFO - Started process (PID=11247) to work on /Library/Frameworks/Python.framework/Versions/3.9/lib/python3.9/site-packages/airflow/example_dags/example_dag_decorator.py
[2023-01-11T16:25:31.815-0500] {processor.py:743} INFO - Processing file /Library/Frameworks/Python.framework/Versions/3.9/lib/python3.9/site-packages/airflow/example_dags/example_dag_decorator.py for tasks to queue
[2023-01-11T16:25:31.817-0500] {logging_mixin.py:137} INFO - [2023-01-11T16:25:31.816-0500] {dagbag.py:538} INFO - Filling up the DagBag from /Library/Frameworks/Python.framework/Versions/3.9/lib/python3.9/site-packages/airflow/example_dags/example_dag_decorator.py
[2023-01-11T16:25:32.109-0500] {logging_mixin.py:137} INFO - [2023-01-11T16:25:32.109-0500] {taskmixin.py:205} WARNING - Dependency <Task(_PythonDecoratedOperator): prepare_email>, send_email already registered for DAG: example_dag_decorator
[2023-01-11T16:25:32.110-0500] {logging_mixin.py:137} INFO - [2023-01-11T16:25:32.110-0500] {taskmixin.py:205} WARNING - Dependency <Task(EmailOperator): send_email>, prepare_email already registered for DAG: example_dag_decorator
[2023-01-11T16:25:32.146-0500] {processor.py:753} INFO - DAG(s) dict_keys(['example_dag_decorator']) retrieved from /Library/Frameworks/Python.framework/Versions/3.9/lib/python3.9/site-packages/airflow/example_dags/example_dag_decorator.py
[2023-01-11T16:25:32.577-0500] {logging_mixin.py:137} INFO - [2023-01-11T16:25:32.577-0500] {dag.py:2676} INFO - Sync 1 DAGs
[2023-01-11T16:25:32.591-0500] {logging_mixin.py:137} INFO - [2023-01-11T16:25:32.591-0500] {dag.py:3423} INFO - Setting next_dagrun for example_dag_decorator to None, run_after=None
[2023-01-11T16:25:32.620-0500] {processor.py:175} INFO - Processing /Library/Frameworks/Python.framework/Versions/3.9/lib/python3.9/site-packages/airflow/example_dags/example_dag_decorator.py took 0.825 seconds
[2023-01-11T16:28:59.420-0500] {processor.py:153} INFO - Started process (PID=11405) to work on /Library/Frameworks/Python.framework/Versions/3.9/lib/python3.9/site-packages/airflow/example_dags/example_dag_decorator.py
[2023-01-11T16:28:59.425-0500] {processor.py:743} INFO - Processing file /Library/Frameworks/Python.framework/Versions/3.9/lib/python3.9/site-packages/airflow/example_dags/example_dag_decorator.py for tasks to queue
[2023-01-11T16:28:59.426-0500] {logging_mixin.py:137} INFO - [2023-01-11T16:28:59.426-0500] {dagbag.py:538} INFO - Filling up the DagBag from /Library/Frameworks/Python.framework/Versions/3.9/lib/python3.9/site-packages/airflow/example_dags/example_dag_decorator.py
[2023-01-11T16:28:59.687-0500] {logging_mixin.py:137} INFO - [2023-01-11T16:28:59.687-0500] {taskmixin.py:205} WARNING - Dependency <Task(_PythonDecoratedOperator): prepare_email>, send_email already registered for DAG: example_dag_decorator
[2023-01-11T16:28:59.687-0500] {logging_mixin.py:137} INFO - [2023-01-11T16:28:59.687-0500] {taskmixin.py:205} WARNING - Dependency <Task(EmailOperator): send_email>, prepare_email already registered for DAG: example_dag_decorator
[2023-01-11T16:28:59.725-0500] {processor.py:753} INFO - DAG(s) dict_keys(['example_dag_decorator']) retrieved from /Library/Frameworks/Python.framework/Versions/3.9/lib/python3.9/site-packages/airflow/example_dags/example_dag_decorator.py
[2023-01-11T16:29:00.145-0500] {logging_mixin.py:137} INFO - [2023-01-11T16:29:00.144-0500] {dag.py:2676} INFO - Sync 1 DAGs
[2023-01-11T16:29:00.160-0500] {logging_mixin.py:137} INFO - [2023-01-11T16:29:00.160-0500] {dag.py:3423} INFO - Setting next_dagrun for example_dag_decorator to None, run_after=None
[2023-01-11T16:29:00.179-0500] {processor.py:175} INFO - Processing /Library/Frameworks/Python.framework/Versions/3.9/lib/python3.9/site-packages/airflow/example_dags/example_dag_decorator.py took 0.760 seconds
[2023-01-11T16:32:19.109-0500] {processor.py:153} INFO - Started process (PID=11507) to work on /Library/Frameworks/Python.framework/Versions/3.9/lib/python3.9/site-packages/airflow/example_dags/example_dag_decorator.py
[2023-01-11T16:32:19.115-0500] {processor.py:743} INFO - Processing file /Library/Frameworks/Python.framework/Versions/3.9/lib/python3.9/site-packages/airflow/example_dags/example_dag_decorator.py for tasks to queue
[2023-01-11T16:32:19.115-0500] {logging_mixin.py:137} INFO - [2023-01-11T16:32:19.115-0500] {dagbag.py:538} INFO - Filling up the DagBag from /Library/Frameworks/Python.framework/Versions/3.9/lib/python3.9/site-packages/airflow/example_dags/example_dag_decorator.py
[2023-01-11T16:32:19.353-0500] {logging_mixin.py:137} INFO - [2023-01-11T16:32:19.353-0500] {taskmixin.py:205} WARNING - Dependency <Task(_PythonDecoratedOperator): prepare_email>, send_email already registered for DAG: example_dag_decorator
[2023-01-11T16:32:19.353-0500] {logging_mixin.py:137} INFO - [2023-01-11T16:32:19.353-0500] {taskmixin.py:205} WARNING - Dependency <Task(EmailOperator): send_email>, prepare_email already registered for DAG: example_dag_decorator
[2023-01-11T16:32:19.388-0500] {processor.py:753} INFO - DAG(s) dict_keys(['example_dag_decorator']) retrieved from /Library/Frameworks/Python.framework/Versions/3.9/lib/python3.9/site-packages/airflow/example_dags/example_dag_decorator.py
[2023-01-11T16:32:19.811-0500] {logging_mixin.py:137} INFO - [2023-01-11T16:32:19.810-0500] {dag.py:2676} INFO - Sync 1 DAGs
[2023-01-11T16:32:19.827-0500] {logging_mixin.py:137} INFO - [2023-01-11T16:32:19.826-0500] {dag.py:3423} INFO - Setting next_dagrun for example_dag_decorator to None, run_after=None
[2023-01-11T16:32:19.847-0500] {processor.py:175} INFO - Processing /Library/Frameworks/Python.framework/Versions/3.9/lib/python3.9/site-packages/airflow/example_dags/example_dag_decorator.py took 0.739 seconds
[2023-01-11T16:36:05.361-0500] {processor.py:153} INFO - Started process (PID=11598) to work on /Library/Frameworks/Python.framework/Versions/3.9/lib/python3.9/site-packages/airflow/example_dags/example_dag_decorator.py
[2023-01-11T16:36:05.367-0500] {processor.py:743} INFO - Processing file /Library/Frameworks/Python.framework/Versions/3.9/lib/python3.9/site-packages/airflow/example_dags/example_dag_decorator.py for tasks to queue
[2023-01-11T16:36:05.368-0500] {logging_mixin.py:137} INFO - [2023-01-11T16:36:05.368-0500] {dagbag.py:538} INFO - Filling up the DagBag from /Library/Frameworks/Python.framework/Versions/3.9/lib/python3.9/site-packages/airflow/example_dags/example_dag_decorator.py
[2023-01-11T16:36:05.672-0500] {logging_mixin.py:137} INFO - [2023-01-11T16:36:05.672-0500] {taskmixin.py:205} WARNING - Dependency <Task(_PythonDecoratedOperator): prepare_email>, send_email already registered for DAG: example_dag_decorator
[2023-01-11T16:36:05.672-0500] {logging_mixin.py:137} INFO - [2023-01-11T16:36:05.672-0500] {taskmixin.py:205} WARNING - Dependency <Task(EmailOperator): send_email>, prepare_email already registered for DAG: example_dag_decorator
[2023-01-11T16:36:05.742-0500] {processor.py:753} INFO - DAG(s) dict_keys(['example_dag_decorator']) retrieved from /Library/Frameworks/Python.framework/Versions/3.9/lib/python3.9/site-packages/airflow/example_dags/example_dag_decorator.py
[2023-01-11T16:36:06.790-0500] {logging_mixin.py:137} INFO - [2023-01-11T16:36:06.790-0500] {dag.py:2676} INFO - Sync 1 DAGs
[2023-01-11T16:36:06.832-0500] {logging_mixin.py:137} INFO - [2023-01-11T16:36:06.832-0500] {dag.py:3423} INFO - Setting next_dagrun for example_dag_decorator to None, run_after=None
[2023-01-11T16:36:06.860-0500] {processor.py:175} INFO - Processing /Library/Frameworks/Python.framework/Versions/3.9/lib/python3.9/site-packages/airflow/example_dags/example_dag_decorator.py took 1.499 seconds
[2023-01-11T16:48:42.358-0500] {processor.py:153} INFO - Started process (PID=12015) to work on /Library/Frameworks/Python.framework/Versions/3.9/lib/python3.9/site-packages/airflow/example_dags/example_dag_decorator.py
[2023-01-11T16:48:42.369-0500] {processor.py:743} INFO - Processing file /Library/Frameworks/Python.framework/Versions/3.9/lib/python3.9/site-packages/airflow/example_dags/example_dag_decorator.py for tasks to queue
[2023-01-11T16:48:42.370-0500] {logging_mixin.py:137} INFO - [2023-01-11T16:48:42.370-0500] {dagbag.py:538} INFO - Filling up the DagBag from /Library/Frameworks/Python.framework/Versions/3.9/lib/python3.9/site-packages/airflow/example_dags/example_dag_decorator.py
[2023-01-11T16:48:43.015-0500] {logging_mixin.py:137} INFO - [2023-01-11T16:48:43.015-0500] {taskmixin.py:205} WARNING - Dependency <Task(_PythonDecoratedOperator): prepare_email>, send_email already registered for DAG: example_dag_decorator
[2023-01-11T16:48:43.016-0500] {logging_mixin.py:137} INFO - [2023-01-11T16:48:43.016-0500] {taskmixin.py:205} WARNING - Dependency <Task(EmailOperator): send_email>, prepare_email already registered for DAG: example_dag_decorator
[2023-01-11T16:48:43.122-0500] {processor.py:753} INFO - DAG(s) dict_keys(['example_dag_decorator']) retrieved from /Library/Frameworks/Python.framework/Versions/3.9/lib/python3.9/site-packages/airflow/example_dags/example_dag_decorator.py
[2023-01-11T16:48:44.383-0500] {logging_mixin.py:137} INFO - [2023-01-11T16:48:44.382-0500] {dag.py:2676} INFO - Sync 1 DAGs
[2023-01-11T16:48:44.430-0500] {logging_mixin.py:137} INFO - [2023-01-11T16:48:44.430-0500] {dag.py:3423} INFO - Setting next_dagrun for example_dag_decorator to None, run_after=None
[2023-01-11T16:48:44.485-0500] {processor.py:175} INFO - Processing /Library/Frameworks/Python.framework/Versions/3.9/lib/python3.9/site-packages/airflow/example_dags/example_dag_decorator.py took 2.128 seconds
[2023-01-11T16:53:39.939-0500] {processor.py:153} INFO - Started process (PID=12246) to work on /Library/Frameworks/Python.framework/Versions/3.9/lib/python3.9/site-packages/airflow/example_dags/example_dag_decorator.py
[2023-01-11T16:53:39.946-0500] {processor.py:743} INFO - Processing file /Library/Frameworks/Python.framework/Versions/3.9/lib/python3.9/site-packages/airflow/example_dags/example_dag_decorator.py for tasks to queue
[2023-01-11T16:53:39.947-0500] {logging_mixin.py:137} INFO - [2023-01-11T16:53:39.947-0500] {dagbag.py:538} INFO - Filling up the DagBag from /Library/Frameworks/Python.framework/Versions/3.9/lib/python3.9/site-packages/airflow/example_dags/example_dag_decorator.py
[2023-01-11T16:53:40.237-0500] {logging_mixin.py:137} INFO - [2023-01-11T16:53:40.237-0500] {taskmixin.py:205} WARNING - Dependency <Task(_PythonDecoratedOperator): prepare_email>, send_email already registered for DAG: example_dag_decorator
[2023-01-11T16:53:40.238-0500] {logging_mixin.py:137} INFO - [2023-01-11T16:53:40.238-0500] {taskmixin.py:205} WARNING - Dependency <Task(EmailOperator): send_email>, prepare_email already registered for DAG: example_dag_decorator
[2023-01-11T16:53:40.278-0500] {processor.py:753} INFO - DAG(s) dict_keys(['example_dag_decorator']) retrieved from /Library/Frameworks/Python.framework/Versions/3.9/lib/python3.9/site-packages/airflow/example_dags/example_dag_decorator.py
[2023-01-11T16:53:40.790-0500] {logging_mixin.py:137} INFO - [2023-01-11T16:53:40.789-0500] {dag.py:2676} INFO - Sync 1 DAGs
[2023-01-11T16:53:40.808-0500] {logging_mixin.py:137} INFO - [2023-01-11T16:53:40.808-0500] {dag.py:3423} INFO - Setting next_dagrun for example_dag_decorator to None, run_after=None
[2023-01-11T16:53:40.830-0500] {processor.py:175} INFO - Processing /Library/Frameworks/Python.framework/Versions/3.9/lib/python3.9/site-packages/airflow/example_dags/example_dag_decorator.py took 0.892 seconds
[2023-01-11T16:57:25.293-0500] {processor.py:153} INFO - Started process (PID=12353) to work on /Library/Frameworks/Python.framework/Versions/3.9/lib/python3.9/site-packages/airflow/example_dags/example_dag_decorator.py
[2023-01-11T16:57:25.299-0500] {processor.py:743} INFO - Processing file /Library/Frameworks/Python.framework/Versions/3.9/lib/python3.9/site-packages/airflow/example_dags/example_dag_decorator.py for tasks to queue
[2023-01-11T16:57:25.299-0500] {logging_mixin.py:137} INFO - [2023-01-11T16:57:25.299-0500] {dagbag.py:538} INFO - Filling up the DagBag from /Library/Frameworks/Python.framework/Versions/3.9/lib/python3.9/site-packages/airflow/example_dags/example_dag_decorator.py
[2023-01-11T16:57:25.561-0500] {logging_mixin.py:137} INFO - [2023-01-11T16:57:25.561-0500] {taskmixin.py:205} WARNING - Dependency <Task(_PythonDecoratedOperator): prepare_email>, send_email already registered for DAG: example_dag_decorator
[2023-01-11T16:57:25.561-0500] {logging_mixin.py:137} INFO - [2023-01-11T16:57:25.561-0500] {taskmixin.py:205} WARNING - Dependency <Task(EmailOperator): send_email>, prepare_email already registered for DAG: example_dag_decorator
[2023-01-11T16:57:25.600-0500] {processor.py:753} INFO - DAG(s) dict_keys(['example_dag_decorator']) retrieved from /Library/Frameworks/Python.framework/Versions/3.9/lib/python3.9/site-packages/airflow/example_dags/example_dag_decorator.py
[2023-01-11T16:57:26.046-0500] {logging_mixin.py:137} INFO - [2023-01-11T16:57:26.046-0500] {dag.py:2676} INFO - Sync 1 DAGs
[2023-01-11T16:57:26.065-0500] {logging_mixin.py:137} INFO - [2023-01-11T16:57:26.065-0500] {dag.py:3423} INFO - Setting next_dagrun for example_dag_decorator to None, run_after=None
[2023-01-11T16:57:26.086-0500] {processor.py:175} INFO - Processing /Library/Frameworks/Python.framework/Versions/3.9/lib/python3.9/site-packages/airflow/example_dags/example_dag_decorator.py took 0.794 seconds
[2023-01-11T17:01:11.518-0500] {processor.py:153} INFO - Started process (PID=13035) to work on /Library/Frameworks/Python.framework/Versions/3.9/lib/python3.9/site-packages/airflow/example_dags/example_dag_decorator.py
[2023-01-11T17:01:11.523-0500] {processor.py:743} INFO - Processing file /Library/Frameworks/Python.framework/Versions/3.9/lib/python3.9/site-packages/airflow/example_dags/example_dag_decorator.py for tasks to queue
[2023-01-11T17:01:11.524-0500] {logging_mixin.py:137} INFO - [2023-01-11T17:01:11.524-0500] {dagbag.py:538} INFO - Filling up the DagBag from /Library/Frameworks/Python.framework/Versions/3.9/lib/python3.9/site-packages/airflow/example_dags/example_dag_decorator.py
[2023-01-11T17:01:11.784-0500] {logging_mixin.py:137} INFO - [2023-01-11T17:01:11.783-0500] {taskmixin.py:205} WARNING - Dependency <Task(_PythonDecoratedOperator): prepare_email>, send_email already registered for DAG: example_dag_decorator
[2023-01-11T17:01:11.784-0500] {logging_mixin.py:137} INFO - [2023-01-11T17:01:11.784-0500] {taskmixin.py:205} WARNING - Dependency <Task(EmailOperator): send_email>, prepare_email already registered for DAG: example_dag_decorator
[2023-01-11T17:01:11.821-0500] {processor.py:753} INFO - DAG(s) dict_keys(['example_dag_decorator']) retrieved from /Library/Frameworks/Python.framework/Versions/3.9/lib/python3.9/site-packages/airflow/example_dags/example_dag_decorator.py
[2023-01-11T17:01:12.273-0500] {logging_mixin.py:137} INFO - [2023-01-11T17:01:12.273-0500] {dag.py:2676} INFO - Sync 1 DAGs
[2023-01-11T17:01:12.289-0500] {logging_mixin.py:137} INFO - [2023-01-11T17:01:12.289-0500] {dag.py:3423} INFO - Setting next_dagrun for example_dag_decorator to None, run_after=None
[2023-01-11T17:01:12.321-0500] {processor.py:175} INFO - Processing /Library/Frameworks/Python.framework/Versions/3.9/lib/python3.9/site-packages/airflow/example_dags/example_dag_decorator.py took 0.804 seconds
