[2023-01-10T20:12:30.989-0500] {processor.py:153} INFO - Started process (PID=2151) to work on /Library/Frameworks/Python.framework/Versions/3.9/lib/python3.9/site-packages/airflow/example_dags/example_latest_only_with_trigger.py
[2023-01-10T20:12:30.999-0500] {processor.py:743} INFO - Processing file /Library/Frameworks/Python.framework/Versions/3.9/lib/python3.9/site-packages/airflow/example_dags/example_latest_only_with_trigger.py for tasks to queue
[2023-01-10T20:12:30.999-0500] {logging_mixin.py:137} INFO - [2023-01-10T20:12:30.999-0500] {dagbag.py:538} INFO - Filling up the DagBag from /Library/Frameworks/Python.framework/Versions/3.9/lib/python3.9/site-packages/airflow/example_dags/example_latest_only_with_trigger.py
[2023-01-10T20:12:31.053-0500] {processor.py:753} INFO - DAG(s) dict_keys(['latest_only_with_trigger']) retrieved from /Library/Frameworks/Python.framework/Versions/3.9/lib/python3.9/site-packages/airflow/example_dags/example_latest_only_with_trigger.py
[2023-01-10T20:12:32.437-0500] {logging_mixin.py:137} INFO - [2023-01-10T20:12:32.437-0500] {dag.py:2676} INFO - Sync 1 DAGs
[2023-01-10T20:12:32.467-0500] {logging_mixin.py:137} INFO - [2023-01-10T20:12:32.467-0500] {dag.py:3423} INFO - Setting next_dagrun for latest_only_with_trigger to 2023-01-10T21:12:32.467411+00:00, run_after=2023-01-11T01:12:32.467411+00:00
[2023-01-10T20:12:32.501-0500] {processor.py:175} INFO - Processing /Library/Frameworks/Python.framework/Versions/3.9/lib/python3.9/site-packages/airflow/example_dags/example_latest_only_with_trigger.py took 1.512 seconds
[2023-01-10T20:16:04.257-0500] {processor.py:153} INFO - Started process (PID=2811) to work on /Library/Frameworks/Python.framework/Versions/3.9/lib/python3.9/site-packages/airflow/example_dags/example_latest_only_with_trigger.py
[2023-01-10T20:16:04.265-0500] {processor.py:743} INFO - Processing file /Library/Frameworks/Python.framework/Versions/3.9/lib/python3.9/site-packages/airflow/example_dags/example_latest_only_with_trigger.py for tasks to queue
[2023-01-10T20:16:04.266-0500] {logging_mixin.py:137} INFO - [2023-01-10T20:16:04.266-0500] {dagbag.py:538} INFO - Filling up the DagBag from /Library/Frameworks/Python.framework/Versions/3.9/lib/python3.9/site-packages/airflow/example_dags/example_latest_only_with_trigger.py
[2023-01-10T20:16:04.328-0500] {processor.py:753} INFO - DAG(s) dict_keys(['latest_only_with_trigger']) retrieved from /Library/Frameworks/Python.framework/Versions/3.9/lib/python3.9/site-packages/airflow/example_dags/example_latest_only_with_trigger.py
[2023-01-10T20:16:05.659-0500] {logging_mixin.py:137} INFO - [2023-01-10T20:16:05.659-0500] {dag.py:2676} INFO - Sync 1 DAGs
[2023-01-10T20:16:05.679-0500] {logging_mixin.py:137} INFO - [2023-01-10T20:16:05.679-0500] {dag.py:3423} INFO - Setting next_dagrun for latest_only_with_trigger to 2023-01-10T21:16:05.679591+00:00, run_after=2023-01-11T01:16:05.679591+00:00
[2023-01-10T20:16:05.706-0500] {processor.py:175} INFO - Processing /Library/Frameworks/Python.framework/Versions/3.9/lib/python3.9/site-packages/airflow/example_dags/example_latest_only_with_trigger.py took 1.449 seconds
[2023-01-10T20:19:04.749-0500] {processor.py:153} INFO - Started process (PID=2907) to work on /Library/Frameworks/Python.framework/Versions/3.9/lib/python3.9/site-packages/airflow/example_dags/example_latest_only_with_trigger.py
[2023-01-10T20:19:04.754-0500] {processor.py:743} INFO - Processing file /Library/Frameworks/Python.framework/Versions/3.9/lib/python3.9/site-packages/airflow/example_dags/example_latest_only_with_trigger.py for tasks to queue
[2023-01-10T20:19:04.755-0500] {logging_mixin.py:137} INFO - [2023-01-10T20:19:04.754-0500] {dagbag.py:538} INFO - Filling up the DagBag from /Library/Frameworks/Python.framework/Versions/3.9/lib/python3.9/site-packages/airflow/example_dags/example_latest_only_with_trigger.py
[2023-01-10T20:19:04.782-0500] {processor.py:753} INFO - DAG(s) dict_keys(['latest_only_with_trigger']) retrieved from /Library/Frameworks/Python.framework/Versions/3.9/lib/python3.9/site-packages/airflow/example_dags/example_latest_only_with_trigger.py
[2023-01-10T20:19:05.545-0500] {logging_mixin.py:137} INFO - [2023-01-10T20:19:05.545-0500] {dag.py:2676} INFO - Sync 1 DAGs
[2023-01-10T20:19:05.564-0500] {logging_mixin.py:137} INFO - [2023-01-10T20:19:05.564-0500] {dag.py:3423} INFO - Setting next_dagrun for latest_only_with_trigger to 2023-01-10T21:19:05.564078+00:00, run_after=2023-01-11T01:19:05.564078+00:00
[2023-01-10T20:19:05.582-0500] {processor.py:175} INFO - Processing /Library/Frameworks/Python.framework/Versions/3.9/lib/python3.9/site-packages/airflow/example_dags/example_latest_only_with_trigger.py took 0.834 seconds
[2023-01-10T20:21:46.340-0500] {processor.py:153} INFO - Started process (PID=2987) to work on /Library/Frameworks/Python.framework/Versions/3.9/lib/python3.9/site-packages/airflow/example_dags/example_latest_only_with_trigger.py
[2023-01-10T20:21:46.345-0500] {processor.py:743} INFO - Processing file /Library/Frameworks/Python.framework/Versions/3.9/lib/python3.9/site-packages/airflow/example_dags/example_latest_only_with_trigger.py for tasks to queue
[2023-01-10T20:21:46.345-0500] {logging_mixin.py:137} INFO - [2023-01-10T20:21:46.345-0500] {dagbag.py:538} INFO - Filling up the DagBag from /Library/Frameworks/Python.framework/Versions/3.9/lib/python3.9/site-packages/airflow/example_dags/example_latest_only_with_trigger.py
[2023-01-10T20:21:46.372-0500] {processor.py:753} INFO - DAG(s) dict_keys(['latest_only_with_trigger']) retrieved from /Library/Frameworks/Python.framework/Versions/3.9/lib/python3.9/site-packages/airflow/example_dags/example_latest_only_with_trigger.py
[2023-01-10T20:21:47.122-0500] {logging_mixin.py:137} INFO - [2023-01-10T20:21:47.122-0500] {dag.py:2676} INFO - Sync 1 DAGs
[2023-01-10T20:21:47.139-0500] {logging_mixin.py:137} INFO - [2023-01-10T20:21:47.139-0500] {dag.py:3423} INFO - Setting next_dagrun for latest_only_with_trigger to 2023-01-10T21:21:47.139259+00:00, run_after=2023-01-11T01:21:47.139259+00:00
[2023-01-10T20:21:47.156-0500] {processor.py:175} INFO - Processing /Library/Frameworks/Python.framework/Versions/3.9/lib/python3.9/site-packages/airflow/example_dags/example_latest_only_with_trigger.py took 0.816 seconds
[2023-01-10T20:24:28.124-0500] {processor.py:153} INFO - Started process (PID=3084) to work on /Library/Frameworks/Python.framework/Versions/3.9/lib/python3.9/site-packages/airflow/example_dags/example_latest_only_with_trigger.py
[2023-01-10T20:24:28.130-0500] {processor.py:743} INFO - Processing file /Library/Frameworks/Python.framework/Versions/3.9/lib/python3.9/site-packages/airflow/example_dags/example_latest_only_with_trigger.py for tasks to queue
[2023-01-10T20:24:28.130-0500] {logging_mixin.py:137} INFO - [2023-01-10T20:24:28.130-0500] {dagbag.py:538} INFO - Filling up the DagBag from /Library/Frameworks/Python.framework/Versions/3.9/lib/python3.9/site-packages/airflow/example_dags/example_latest_only_with_trigger.py
[2023-01-10T20:24:28.156-0500] {processor.py:753} INFO - DAG(s) dict_keys(['latest_only_with_trigger']) retrieved from /Library/Frameworks/Python.framework/Versions/3.9/lib/python3.9/site-packages/airflow/example_dags/example_latest_only_with_trigger.py
[2023-01-10T20:24:28.903-0500] {logging_mixin.py:137} INFO - [2023-01-10T20:24:28.902-0500] {dag.py:2676} INFO - Sync 1 DAGs
[2023-01-10T20:24:28.921-0500] {logging_mixin.py:137} INFO - [2023-01-10T20:24:28.921-0500] {dag.py:3423} INFO - Setting next_dagrun for latest_only_with_trigger to 2023-01-10T21:24:28.921196+00:00, run_after=2023-01-11T01:24:28.921196+00:00
[2023-01-10T20:24:28.939-0500] {processor.py:175} INFO - Processing /Library/Frameworks/Python.framework/Versions/3.9/lib/python3.9/site-packages/airflow/example_dags/example_latest_only_with_trigger.py took 0.816 seconds
[2023-01-10T20:27:05.895-0500] {processor.py:153} INFO - Started process (PID=3214) to work on /Library/Frameworks/Python.framework/Versions/3.9/lib/python3.9/site-packages/airflow/example_dags/example_latest_only_with_trigger.py
[2023-01-10T20:27:05.900-0500] {processor.py:743} INFO - Processing file /Library/Frameworks/Python.framework/Versions/3.9/lib/python3.9/site-packages/airflow/example_dags/example_latest_only_with_trigger.py for tasks to queue
[2023-01-10T20:27:05.900-0500] {logging_mixin.py:137} INFO - [2023-01-10T20:27:05.900-0500] {dagbag.py:538} INFO - Filling up the DagBag from /Library/Frameworks/Python.framework/Versions/3.9/lib/python3.9/site-packages/airflow/example_dags/example_latest_only_with_trigger.py
[2023-01-10T20:27:05.930-0500] {processor.py:753} INFO - DAG(s) dict_keys(['latest_only_with_trigger']) retrieved from /Library/Frameworks/Python.framework/Versions/3.9/lib/python3.9/site-packages/airflow/example_dags/example_latest_only_with_trigger.py
[2023-01-10T20:27:06.680-0500] {logging_mixin.py:137} INFO - [2023-01-10T20:27:06.680-0500] {dag.py:2676} INFO - Sync 1 DAGs
[2023-01-10T20:27:06.698-0500] {logging_mixin.py:137} INFO - [2023-01-10T20:27:06.698-0500] {dag.py:3423} INFO - Setting next_dagrun for latest_only_with_trigger to 2023-01-10T21:27:06.698621+00:00, run_after=2023-01-11T01:27:06.698621+00:00
[2023-01-10T20:27:06.720-0500] {processor.py:175} INFO - Processing /Library/Frameworks/Python.framework/Versions/3.9/lib/python3.9/site-packages/airflow/example_dags/example_latest_only_with_trigger.py took 0.826 seconds
[2023-01-10T20:29:46.254-0500] {processor.py:153} INFO - Started process (PID=3348) to work on /Library/Frameworks/Python.framework/Versions/3.9/lib/python3.9/site-packages/airflow/example_dags/example_latest_only_with_trigger.py
[2023-01-10T20:29:46.259-0500] {processor.py:743} INFO - Processing file /Library/Frameworks/Python.framework/Versions/3.9/lib/python3.9/site-packages/airflow/example_dags/example_latest_only_with_trigger.py for tasks to queue
[2023-01-10T20:29:46.259-0500] {logging_mixin.py:137} INFO - [2023-01-10T20:29:46.259-0500] {dagbag.py:538} INFO - Filling up the DagBag from /Library/Frameworks/Python.framework/Versions/3.9/lib/python3.9/site-packages/airflow/example_dags/example_latest_only_with_trigger.py
[2023-01-10T20:29:46.285-0500] {processor.py:753} INFO - DAG(s) dict_keys(['latest_only_with_trigger']) retrieved from /Library/Frameworks/Python.framework/Versions/3.9/lib/python3.9/site-packages/airflow/example_dags/example_latest_only_with_trigger.py
[2023-01-10T20:29:47.041-0500] {logging_mixin.py:137} INFO - [2023-01-10T20:29:47.041-0500] {dag.py:2676} INFO - Sync 1 DAGs
[2023-01-10T20:29:47.061-0500] {logging_mixin.py:137} INFO - [2023-01-10T20:29:47.060-0500] {dag.py:3423} INFO - Setting next_dagrun for latest_only_with_trigger to 2023-01-10T21:29:47.060717+00:00, run_after=2023-01-11T01:29:47.060717+00:00
[2023-01-10T20:29:47.079-0500] {processor.py:175} INFO - Processing /Library/Frameworks/Python.framework/Versions/3.9/lib/python3.9/site-packages/airflow/example_dags/example_latest_only_with_trigger.py took 0.826 seconds
[2023-01-10T20:32:36.004-0500] {processor.py:153} INFO - Started process (PID=3559) to work on /Library/Frameworks/Python.framework/Versions/3.9/lib/python3.9/site-packages/airflow/example_dags/example_latest_only_with_trigger.py
[2023-01-10T20:32:36.022-0500] {processor.py:743} INFO - Processing file /Library/Frameworks/Python.framework/Versions/3.9/lib/python3.9/site-packages/airflow/example_dags/example_latest_only_with_trigger.py for tasks to queue
[2023-01-10T20:32:36.023-0500] {logging_mixin.py:137} INFO - [2023-01-10T20:32:36.023-0500] {dagbag.py:538} INFO - Filling up the DagBag from /Library/Frameworks/Python.framework/Versions/3.9/lib/python3.9/site-packages/airflow/example_dags/example_latest_only_with_trigger.py
[2023-01-10T20:32:36.118-0500] {processor.py:753} INFO - DAG(s) dict_keys(['latest_only_with_trigger']) retrieved from /Library/Frameworks/Python.framework/Versions/3.9/lib/python3.9/site-packages/airflow/example_dags/example_latest_only_with_trigger.py
[2023-01-10T20:32:37.543-0500] {logging_mixin.py:137} INFO - [2023-01-10T20:32:37.542-0500] {dag.py:2676} INFO - Sync 1 DAGs
[2023-01-10T20:32:37.568-0500] {logging_mixin.py:137} INFO - [2023-01-10T20:32:37.568-0500] {dag.py:3423} INFO - Setting next_dagrun for latest_only_with_trigger to 2023-01-10T21:32:37.568234+00:00, run_after=2023-01-11T01:32:37.568234+00:00
[2023-01-10T20:32:37.640-0500] {processor.py:175} INFO - Processing /Library/Frameworks/Python.framework/Versions/3.9/lib/python3.9/site-packages/airflow/example_dags/example_latest_only_with_trigger.py took 1.642 seconds
[2023-01-10T20:35:56.945-0500] {processor.py:153} INFO - Started process (PID=3754) to work on /Library/Frameworks/Python.framework/Versions/3.9/lib/python3.9/site-packages/airflow/example_dags/example_latest_only_with_trigger.py
[2023-01-10T20:35:56.951-0500] {processor.py:743} INFO - Processing file /Library/Frameworks/Python.framework/Versions/3.9/lib/python3.9/site-packages/airflow/example_dags/example_latest_only_with_trigger.py for tasks to queue
[2023-01-10T20:35:56.951-0500] {logging_mixin.py:137} INFO - [2023-01-10T20:35:56.951-0500] {dagbag.py:538} INFO - Filling up the DagBag from /Library/Frameworks/Python.framework/Versions/3.9/lib/python3.9/site-packages/airflow/example_dags/example_latest_only_with_trigger.py
[2023-01-10T20:35:56.983-0500] {processor.py:753} INFO - DAG(s) dict_keys(['latest_only_with_trigger']) retrieved from /Library/Frameworks/Python.framework/Versions/3.9/lib/python3.9/site-packages/airflow/example_dags/example_latest_only_with_trigger.py
[2023-01-10T20:35:57.706-0500] {logging_mixin.py:137} INFO - [2023-01-10T20:35:57.706-0500] {dag.py:2676} INFO - Sync 1 DAGs
[2023-01-10T20:35:57.725-0500] {logging_mixin.py:137} INFO - [2023-01-10T20:35:57.725-0500] {dag.py:3423} INFO - Setting next_dagrun for latest_only_with_trigger to 2023-01-10T21:35:57.724764+00:00, run_after=2023-01-11T01:35:57.724764+00:00
[2023-01-10T20:35:57.750-0500] {processor.py:175} INFO - Processing /Library/Frameworks/Python.framework/Versions/3.9/lib/python3.9/site-packages/airflow/example_dags/example_latest_only_with_trigger.py took 0.806 seconds
[2023-01-10T20:39:24.008-0500] {processor.py:153} INFO - Started process (PID=3896) to work on /Library/Frameworks/Python.framework/Versions/3.9/lib/python3.9/site-packages/airflow/example_dags/example_latest_only_with_trigger.py
[2023-01-10T20:39:24.014-0500] {processor.py:743} INFO - Processing file /Library/Frameworks/Python.framework/Versions/3.9/lib/python3.9/site-packages/airflow/example_dags/example_latest_only_with_trigger.py for tasks to queue
[2023-01-10T20:39:24.014-0500] {logging_mixin.py:137} INFO - [2023-01-10T20:39:24.014-0500] {dagbag.py:538} INFO - Filling up the DagBag from /Library/Frameworks/Python.framework/Versions/3.9/lib/python3.9/site-packages/airflow/example_dags/example_latest_only_with_trigger.py
[2023-01-10T20:39:24.046-0500] {processor.py:753} INFO - DAG(s) dict_keys(['latest_only_with_trigger']) retrieved from /Library/Frameworks/Python.framework/Versions/3.9/lib/python3.9/site-packages/airflow/example_dags/example_latest_only_with_trigger.py
[2023-01-10T20:39:24.715-0500] {logging_mixin.py:137} INFO - [2023-01-10T20:39:24.714-0500] {dag.py:2676} INFO - Sync 1 DAGs
[2023-01-10T20:39:24.732-0500] {logging_mixin.py:137} INFO - [2023-01-10T20:39:24.731-0500] {dag.py:3423} INFO - Setting next_dagrun for latest_only_with_trigger to 2023-01-10T21:39:24.731770+00:00, run_after=2023-01-11T01:39:24.731770+00:00
[2023-01-10T20:39:24.750-0500] {processor.py:175} INFO - Processing /Library/Frameworks/Python.framework/Versions/3.9/lib/python3.9/site-packages/airflow/example_dags/example_latest_only_with_trigger.py took 0.743 seconds
[2023-01-10T20:43:09.691-0500] {processor.py:153} INFO - Started process (PID=4085) to work on /Library/Frameworks/Python.framework/Versions/3.9/lib/python3.9/site-packages/airflow/example_dags/example_latest_only_with_trigger.py
[2023-01-10T20:43:09.697-0500] {processor.py:743} INFO - Processing file /Library/Frameworks/Python.framework/Versions/3.9/lib/python3.9/site-packages/airflow/example_dags/example_latest_only_with_trigger.py for tasks to queue
[2023-01-10T20:43:09.697-0500] {logging_mixin.py:137} INFO - [2023-01-10T20:43:09.697-0500] {dagbag.py:538} INFO - Filling up the DagBag from /Library/Frameworks/Python.framework/Versions/3.9/lib/python3.9/site-packages/airflow/example_dags/example_latest_only_with_trigger.py
[2023-01-10T20:43:09.727-0500] {processor.py:753} INFO - DAG(s) dict_keys(['latest_only_with_trigger']) retrieved from /Library/Frameworks/Python.framework/Versions/3.9/lib/python3.9/site-packages/airflow/example_dags/example_latest_only_with_trigger.py
[2023-01-10T20:43:10.386-0500] {logging_mixin.py:137} INFO - [2023-01-10T20:43:10.386-0500] {dag.py:2676} INFO - Sync 1 DAGs
[2023-01-10T20:43:10.402-0500] {logging_mixin.py:137} INFO - [2023-01-10T20:43:10.402-0500] {dag.py:3423} INFO - Setting next_dagrun for latest_only_with_trigger to 2023-01-10T21:43:10.402100+00:00, run_after=2023-01-11T01:43:10.402100+00:00
[2023-01-10T20:43:10.428-0500] {processor.py:175} INFO - Processing /Library/Frameworks/Python.framework/Versions/3.9/lib/python3.9/site-packages/airflow/example_dags/example_latest_only_with_trigger.py took 0.738 seconds
[2023-01-10T20:46:30.200-0500] {processor.py:153} INFO - Started process (PID=4254) to work on /Library/Frameworks/Python.framework/Versions/3.9/lib/python3.9/site-packages/airflow/example_dags/example_latest_only_with_trigger.py
[2023-01-10T20:46:30.206-0500] {processor.py:743} INFO - Processing file /Library/Frameworks/Python.framework/Versions/3.9/lib/python3.9/site-packages/airflow/example_dags/example_latest_only_with_trigger.py for tasks to queue
[2023-01-10T20:46:30.207-0500] {logging_mixin.py:137} INFO - [2023-01-10T20:46:30.207-0500] {dagbag.py:538} INFO - Filling up the DagBag from /Library/Frameworks/Python.framework/Versions/3.9/lib/python3.9/site-packages/airflow/example_dags/example_latest_only_with_trigger.py
[2023-01-10T20:46:30.241-0500] {processor.py:753} INFO - DAG(s) dict_keys(['latest_only_with_trigger']) retrieved from /Library/Frameworks/Python.framework/Versions/3.9/lib/python3.9/site-packages/airflow/example_dags/example_latest_only_with_trigger.py
[2023-01-10T20:46:30.883-0500] {logging_mixin.py:137} INFO - [2023-01-10T20:46:30.882-0500] {dag.py:2676} INFO - Sync 1 DAGs
[2023-01-10T20:46:30.898-0500] {logging_mixin.py:137} INFO - [2023-01-10T20:46:30.898-0500] {dag.py:3423} INFO - Setting next_dagrun for latest_only_with_trigger to 2023-01-10T21:46:30.898582+00:00, run_after=2023-01-11T01:46:30.898582+00:00
[2023-01-10T20:46:30.918-0500] {processor.py:175} INFO - Processing /Library/Frameworks/Python.framework/Versions/3.9/lib/python3.9/site-packages/airflow/example_dags/example_latest_only_with_trigger.py took 0.719 seconds
[2023-01-10T20:50:01.062-0500] {processor.py:153} INFO - Started process (PID=4390) to work on /Library/Frameworks/Python.framework/Versions/3.9/lib/python3.9/site-packages/airflow/example_dags/example_latest_only_with_trigger.py
[2023-01-10T20:50:01.068-0500] {processor.py:743} INFO - Processing file /Library/Frameworks/Python.framework/Versions/3.9/lib/python3.9/site-packages/airflow/example_dags/example_latest_only_with_trigger.py for tasks to queue
[2023-01-10T20:50:01.068-0500] {logging_mixin.py:137} INFO - [2023-01-10T20:50:01.068-0500] {dagbag.py:538} INFO - Filling up the DagBag from /Library/Frameworks/Python.framework/Versions/3.9/lib/python3.9/site-packages/airflow/example_dags/example_latest_only_with_trigger.py
[2023-01-10T20:50:01.100-0500] {processor.py:753} INFO - DAG(s) dict_keys(['latest_only_with_trigger']) retrieved from /Library/Frameworks/Python.framework/Versions/3.9/lib/python3.9/site-packages/airflow/example_dags/example_latest_only_with_trigger.py
[2023-01-10T20:50:01.740-0500] {logging_mixin.py:137} INFO - [2023-01-10T20:50:01.740-0500] {dag.py:2676} INFO - Sync 1 DAGs
[2023-01-10T20:50:01.756-0500] {logging_mixin.py:137} INFO - [2023-01-10T20:50:01.756-0500] {dag.py:3423} INFO - Setting next_dagrun for latest_only_with_trigger to 2023-01-10T21:50:01.756509+00:00, run_after=2023-01-11T01:50:01.756509+00:00
[2023-01-10T20:50:01.775-0500] {processor.py:175} INFO - Processing /Library/Frameworks/Python.framework/Versions/3.9/lib/python3.9/site-packages/airflow/example_dags/example_latest_only_with_trigger.py took 0.713 seconds
[2023-01-10T20:53:29.863-0500] {processor.py:153} INFO - Started process (PID=4498) to work on /Library/Frameworks/Python.framework/Versions/3.9/lib/python3.9/site-packages/airflow/example_dags/example_latest_only_with_trigger.py
[2023-01-10T20:53:29.869-0500] {processor.py:743} INFO - Processing file /Library/Frameworks/Python.framework/Versions/3.9/lib/python3.9/site-packages/airflow/example_dags/example_latest_only_with_trigger.py for tasks to queue
[2023-01-10T20:53:29.870-0500] {logging_mixin.py:137} INFO - [2023-01-10T20:53:29.870-0500] {dagbag.py:538} INFO - Filling up the DagBag from /Library/Frameworks/Python.framework/Versions/3.9/lib/python3.9/site-packages/airflow/example_dags/example_latest_only_with_trigger.py
[2023-01-10T20:53:29.897-0500] {processor.py:753} INFO - DAG(s) dict_keys(['latest_only_with_trigger']) retrieved from /Library/Frameworks/Python.framework/Versions/3.9/lib/python3.9/site-packages/airflow/example_dags/example_latest_only_with_trigger.py
[2023-01-10T20:53:30.525-0500] {logging_mixin.py:137} INFO - [2023-01-10T20:53:30.525-0500] {dag.py:2676} INFO - Sync 1 DAGs
[2023-01-10T20:53:30.541-0500] {logging_mixin.py:137} INFO - [2023-01-10T20:53:30.541-0500] {dag.py:3423} INFO - Setting next_dagrun for latest_only_with_trigger to 2023-01-10T21:53:30.541156+00:00, run_after=2023-01-11T01:53:30.541156+00:00
[2023-01-10T20:53:30.564-0500] {processor.py:175} INFO - Processing /Library/Frameworks/Python.framework/Versions/3.9/lib/python3.9/site-packages/airflow/example_dags/example_latest_only_with_trigger.py took 0.702 seconds
[2023-01-10T20:56:29.709-0500] {processor.py:153} INFO - Started process (PID=4634) to work on /Library/Frameworks/Python.framework/Versions/3.9/lib/python3.9/site-packages/airflow/example_dags/example_latest_only_with_trigger.py
[2023-01-10T20:56:29.715-0500] {processor.py:743} INFO - Processing file /Library/Frameworks/Python.framework/Versions/3.9/lib/python3.9/site-packages/airflow/example_dags/example_latest_only_with_trigger.py for tasks to queue
[2023-01-10T20:56:29.716-0500] {logging_mixin.py:137} INFO - [2023-01-10T20:56:29.716-0500] {dagbag.py:538} INFO - Filling up the DagBag from /Library/Frameworks/Python.framework/Versions/3.9/lib/python3.9/site-packages/airflow/example_dags/example_latest_only_with_trigger.py
[2023-01-10T20:56:29.750-0500] {processor.py:753} INFO - DAG(s) dict_keys(['latest_only_with_trigger']) retrieved from /Library/Frameworks/Python.framework/Versions/3.9/lib/python3.9/site-packages/airflow/example_dags/example_latest_only_with_trigger.py
[2023-01-10T20:56:30.355-0500] {logging_mixin.py:137} INFO - [2023-01-10T20:56:30.354-0500] {dag.py:2676} INFO - Sync 1 DAGs
[2023-01-10T20:56:30.370-0500] {logging_mixin.py:137} INFO - [2023-01-10T20:56:30.370-0500] {dag.py:3423} INFO - Setting next_dagrun for latest_only_with_trigger to 2023-01-10T21:56:30.370704+00:00, run_after=2023-01-11T01:56:30.370704+00:00
[2023-01-10T20:56:30.389-0500] {processor.py:175} INFO - Processing /Library/Frameworks/Python.framework/Versions/3.9/lib/python3.9/site-packages/airflow/example_dags/example_latest_only_with_trigger.py took 0.681 seconds
[2023-01-10T20:59:55.994-0500] {processor.py:153} INFO - Started process (PID=4725) to work on /Library/Frameworks/Python.framework/Versions/3.9/lib/python3.9/site-packages/airflow/example_dags/example_latest_only_with_trigger.py
[2023-01-10T20:59:55.999-0500] {processor.py:743} INFO - Processing file /Library/Frameworks/Python.framework/Versions/3.9/lib/python3.9/site-packages/airflow/example_dags/example_latest_only_with_trigger.py for tasks to queue
[2023-01-10T20:59:56.000-0500] {logging_mixin.py:137} INFO - [2023-01-10T20:59:56.000-0500] {dagbag.py:538} INFO - Filling up the DagBag from /Library/Frameworks/Python.framework/Versions/3.9/lib/python3.9/site-packages/airflow/example_dags/example_latest_only_with_trigger.py
[2023-01-10T20:59:56.026-0500] {processor.py:753} INFO - DAG(s) dict_keys(['latest_only_with_trigger']) retrieved from /Library/Frameworks/Python.framework/Versions/3.9/lib/python3.9/site-packages/airflow/example_dags/example_latest_only_with_trigger.py
[2023-01-10T20:59:56.629-0500] {logging_mixin.py:137} INFO - [2023-01-10T20:59:56.629-0500] {dag.py:2676} INFO - Sync 1 DAGs
[2023-01-10T20:59:56.645-0500] {logging_mixin.py:137} INFO - [2023-01-10T20:59:56.645-0500] {dag.py:3423} INFO - Setting next_dagrun for latest_only_with_trigger to 2023-01-10T21:59:56.645341+00:00, run_after=2023-01-11T01:59:56.645341+00:00
[2023-01-10T20:59:56.664-0500] {processor.py:175} INFO - Processing /Library/Frameworks/Python.framework/Versions/3.9/lib/python3.9/site-packages/airflow/example_dags/example_latest_only_with_trigger.py took 0.671 seconds
[2023-01-10T21:02:54.243-0500] {processor.py:153} INFO - Started process (PID=4799) to work on /Library/Frameworks/Python.framework/Versions/3.9/lib/python3.9/site-packages/airflow/example_dags/example_latest_only_with_trigger.py
[2023-01-10T21:02:54.249-0500] {processor.py:743} INFO - Processing file /Library/Frameworks/Python.framework/Versions/3.9/lib/python3.9/site-packages/airflow/example_dags/example_latest_only_with_trigger.py for tasks to queue
[2023-01-10T21:02:54.249-0500] {logging_mixin.py:137} INFO - [2023-01-10T21:02:54.249-0500] {dagbag.py:538} INFO - Filling up the DagBag from /Library/Frameworks/Python.framework/Versions/3.9/lib/python3.9/site-packages/airflow/example_dags/example_latest_only_with_trigger.py
[2023-01-10T21:02:54.278-0500] {processor.py:753} INFO - DAG(s) dict_keys(['latest_only_with_trigger']) retrieved from /Library/Frameworks/Python.framework/Versions/3.9/lib/python3.9/site-packages/airflow/example_dags/example_latest_only_with_trigger.py
[2023-01-10T21:02:54.930-0500] {logging_mixin.py:137} INFO - [2023-01-10T21:02:54.930-0500] {dag.py:2676} INFO - Sync 1 DAGs
[2023-01-10T21:02:54.947-0500] {logging_mixin.py:137} INFO - [2023-01-10T21:02:54.947-0500] {dag.py:3423} INFO - Setting next_dagrun for latest_only_with_trigger to 2023-01-10T22:02:54.947097+00:00, run_after=2023-01-11T02:02:54.947097+00:00
[2023-01-10T21:02:54.967-0500] {processor.py:175} INFO - Processing /Library/Frameworks/Python.framework/Versions/3.9/lib/python3.9/site-packages/airflow/example_dags/example_latest_only_with_trigger.py took 0.724 seconds
[2023-01-10T21:06:04.693-0500] {processor.py:153} INFO - Started process (PID=4993) to work on /Library/Frameworks/Python.framework/Versions/3.9/lib/python3.9/site-packages/airflow/example_dags/example_latest_only_with_trigger.py
[2023-01-10T21:06:04.699-0500] {processor.py:743} INFO - Processing file /Library/Frameworks/Python.framework/Versions/3.9/lib/python3.9/site-packages/airflow/example_dags/example_latest_only_with_trigger.py for tasks to queue
[2023-01-10T21:06:04.700-0500] {logging_mixin.py:137} INFO - [2023-01-10T21:06:04.699-0500] {dagbag.py:538} INFO - Filling up the DagBag from /Library/Frameworks/Python.framework/Versions/3.9/lib/python3.9/site-packages/airflow/example_dags/example_latest_only_with_trigger.py
[2023-01-10T21:06:04.728-0500] {processor.py:753} INFO - DAG(s) dict_keys(['latest_only_with_trigger']) retrieved from /Library/Frameworks/Python.framework/Versions/3.9/lib/python3.9/site-packages/airflow/example_dags/example_latest_only_with_trigger.py
[2023-01-10T21:06:05.374-0500] {logging_mixin.py:137} INFO - [2023-01-10T21:06:05.373-0500] {dag.py:2676} INFO - Sync 1 DAGs
[2023-01-10T21:06:05.389-0500] {logging_mixin.py:137} INFO - [2023-01-10T21:06:05.389-0500] {dag.py:3423} INFO - Setting next_dagrun for latest_only_with_trigger to 2023-01-10T22:06:05.389145+00:00, run_after=2023-01-11T02:06:05.389145+00:00
[2023-01-10T21:06:05.409-0500] {processor.py:175} INFO - Processing /Library/Frameworks/Python.framework/Versions/3.9/lib/python3.9/site-packages/airflow/example_dags/example_latest_only_with_trigger.py took 0.717 seconds
[2023-01-10T21:09:09.261-0500] {processor.py:153} INFO - Started process (PID=5088) to work on /Library/Frameworks/Python.framework/Versions/3.9/lib/python3.9/site-packages/airflow/example_dags/example_latest_only_with_trigger.py
[2023-01-10T21:09:09.267-0500] {processor.py:743} INFO - Processing file /Library/Frameworks/Python.framework/Versions/3.9/lib/python3.9/site-packages/airflow/example_dags/example_latest_only_with_trigger.py for tasks to queue
[2023-01-10T21:09:09.268-0500] {logging_mixin.py:137} INFO - [2023-01-10T21:09:09.268-0500] {dagbag.py:538} INFO - Filling up the DagBag from /Library/Frameworks/Python.framework/Versions/3.9/lib/python3.9/site-packages/airflow/example_dags/example_latest_only_with_trigger.py
[2023-01-10T21:09:09.297-0500] {processor.py:753} INFO - DAG(s) dict_keys(['latest_only_with_trigger']) retrieved from /Library/Frameworks/Python.framework/Versions/3.9/lib/python3.9/site-packages/airflow/example_dags/example_latest_only_with_trigger.py
[2023-01-10T21:09:09.918-0500] {logging_mixin.py:137} INFO - [2023-01-10T21:09:09.918-0500] {dag.py:2676} INFO - Sync 1 DAGs
[2023-01-10T21:09:09.935-0500] {logging_mixin.py:137} INFO - [2023-01-10T21:09:09.934-0500] {dag.py:3423} INFO - Setting next_dagrun for latest_only_with_trigger to 2023-01-10T22:09:09.934730+00:00, run_after=2023-01-11T02:09:09.934730+00:00
[2023-01-10T21:09:09.954-0500] {processor.py:175} INFO - Processing /Library/Frameworks/Python.framework/Versions/3.9/lib/python3.9/site-packages/airflow/example_dags/example_latest_only_with_trigger.py took 0.694 seconds
[2023-01-10T21:12:14.786-0500] {processor.py:153} INFO - Started process (PID=5195) to work on /Library/Frameworks/Python.framework/Versions/3.9/lib/python3.9/site-packages/airflow/example_dags/example_latest_only_with_trigger.py
[2023-01-10T21:12:14.791-0500] {processor.py:743} INFO - Processing file /Library/Frameworks/Python.framework/Versions/3.9/lib/python3.9/site-packages/airflow/example_dags/example_latest_only_with_trigger.py for tasks to queue
[2023-01-10T21:12:14.791-0500] {logging_mixin.py:137} INFO - [2023-01-10T21:12:14.791-0500] {dagbag.py:538} INFO - Filling up the DagBag from /Library/Frameworks/Python.framework/Versions/3.9/lib/python3.9/site-packages/airflow/example_dags/example_latest_only_with_trigger.py
[2023-01-10T21:12:14.819-0500] {processor.py:753} INFO - DAG(s) dict_keys(['latest_only_with_trigger']) retrieved from /Library/Frameworks/Python.framework/Versions/3.9/lib/python3.9/site-packages/airflow/example_dags/example_latest_only_with_trigger.py
[2023-01-10T21:12:15.424-0500] {logging_mixin.py:137} INFO - [2023-01-10T21:12:15.424-0500] {dag.py:2676} INFO - Sync 1 DAGs
[2023-01-10T21:12:15.439-0500] {logging_mixin.py:137} INFO - [2023-01-10T21:12:15.438-0500] {dag.py:3423} INFO - Setting next_dagrun for latest_only_with_trigger to 2023-01-10T22:12:15.438828+00:00, run_after=2023-01-11T02:12:15.438828+00:00
[2023-01-10T21:12:15.457-0500] {processor.py:175} INFO - Processing /Library/Frameworks/Python.framework/Versions/3.9/lib/python3.9/site-packages/airflow/example_dags/example_latest_only_with_trigger.py took 0.672 seconds
[2023-01-10T21:15:14.698-0500] {processor.py:153} INFO - Started process (PID=5322) to work on /Library/Frameworks/Python.framework/Versions/3.9/lib/python3.9/site-packages/airflow/example_dags/example_latest_only_with_trigger.py
[2023-01-10T21:15:14.703-0500] {processor.py:743} INFO - Processing file /Library/Frameworks/Python.framework/Versions/3.9/lib/python3.9/site-packages/airflow/example_dags/example_latest_only_with_trigger.py for tasks to queue
[2023-01-10T21:15:14.704-0500] {logging_mixin.py:137} INFO - [2023-01-10T21:15:14.704-0500] {dagbag.py:538} INFO - Filling up the DagBag from /Library/Frameworks/Python.framework/Versions/3.9/lib/python3.9/site-packages/airflow/example_dags/example_latest_only_with_trigger.py
[2023-01-10T21:15:14.731-0500] {processor.py:753} INFO - DAG(s) dict_keys(['latest_only_with_trigger']) retrieved from /Library/Frameworks/Python.framework/Versions/3.9/lib/python3.9/site-packages/airflow/example_dags/example_latest_only_with_trigger.py
[2023-01-10T21:15:15.359-0500] {logging_mixin.py:137} INFO - [2023-01-10T21:15:15.359-0500] {dag.py:2676} INFO - Sync 1 DAGs
[2023-01-10T21:15:15.375-0500] {logging_mixin.py:137} INFO - [2023-01-10T21:15:15.375-0500] {dag.py:3423} INFO - Setting next_dagrun for latest_only_with_trigger to 2023-01-10T22:15:15.375236+00:00, run_after=2023-01-11T02:15:15.375236+00:00
[2023-01-10T21:15:15.393-0500] {processor.py:175} INFO - Processing /Library/Frameworks/Python.framework/Versions/3.9/lib/python3.9/site-packages/airflow/example_dags/example_latest_only_with_trigger.py took 0.695 seconds
[2023-01-10T21:18:34.932-0500] {processor.py:153} INFO - Started process (PID=5407) to work on /Library/Frameworks/Python.framework/Versions/3.9/lib/python3.9/site-packages/airflow/example_dags/example_latest_only_with_trigger.py
[2023-01-10T21:18:34.937-0500] {processor.py:743} INFO - Processing file /Library/Frameworks/Python.framework/Versions/3.9/lib/python3.9/site-packages/airflow/example_dags/example_latest_only_with_trigger.py for tasks to queue
[2023-01-10T21:18:34.938-0500] {logging_mixin.py:137} INFO - [2023-01-10T21:18:34.938-0500] {dagbag.py:538} INFO - Filling up the DagBag from /Library/Frameworks/Python.framework/Versions/3.9/lib/python3.9/site-packages/airflow/example_dags/example_latest_only_with_trigger.py
[2023-01-10T21:18:34.965-0500] {processor.py:753} INFO - DAG(s) dict_keys(['latest_only_with_trigger']) retrieved from /Library/Frameworks/Python.framework/Versions/3.9/lib/python3.9/site-packages/airflow/example_dags/example_latest_only_with_trigger.py
[2023-01-10T21:18:35.571-0500] {logging_mixin.py:137} INFO - [2023-01-10T21:18:35.570-0500] {dag.py:2676} INFO - Sync 1 DAGs
[2023-01-10T21:18:35.585-0500] {logging_mixin.py:137} INFO - [2023-01-10T21:18:35.585-0500] {dag.py:3423} INFO - Setting next_dagrun for latest_only_with_trigger to 2023-01-10T22:18:35.585667+00:00, run_after=2023-01-11T02:18:35.585667+00:00
[2023-01-10T21:18:35.609-0500] {processor.py:175} INFO - Processing /Library/Frameworks/Python.framework/Versions/3.9/lib/python3.9/site-packages/airflow/example_dags/example_latest_only_with_trigger.py took 0.678 seconds
[2023-01-10T22:21:57.031-0500] {processor.py:153} INFO - Started process (PID=6200) to work on /Library/Frameworks/Python.framework/Versions/3.9/lib/python3.9/site-packages/airflow/example_dags/example_latest_only_with_trigger.py
[2023-01-10T22:21:57.038-0500] {processor.py:743} INFO - Processing file /Library/Frameworks/Python.framework/Versions/3.9/lib/python3.9/site-packages/airflow/example_dags/example_latest_only_with_trigger.py for tasks to queue
[2023-01-10T22:21:57.039-0500] {logging_mixin.py:137} INFO - [2023-01-10T22:21:57.039-0500] {dagbag.py:538} INFO - Filling up the DagBag from /Library/Frameworks/Python.framework/Versions/3.9/lib/python3.9/site-packages/airflow/example_dags/example_latest_only_with_trigger.py
[2023-01-10T22:21:57.090-0500] {processor.py:753} INFO - DAG(s) dict_keys(['latest_only_with_trigger']) retrieved from /Library/Frameworks/Python.framework/Versions/3.9/lib/python3.9/site-packages/airflow/example_dags/example_latest_only_with_trigger.py
[2023-01-10T22:21:57.919-0500] {logging_mixin.py:137} INFO - [2023-01-10T22:21:57.919-0500] {dag.py:2676} INFO - Sync 1 DAGs
[2023-01-10T22:21:57.937-0500] {logging_mixin.py:137} INFO - [2023-01-10T22:21:57.937-0500] {dag.py:3423} INFO - Setting next_dagrun for latest_only_with_trigger to 2023-01-10T23:21:57.937602+00:00, run_after=2023-01-11T03:21:57.937602+00:00
[2023-01-10T22:21:57.959-0500] {processor.py:175} INFO - Processing /Library/Frameworks/Python.framework/Versions/3.9/lib/python3.9/site-packages/airflow/example_dags/example_latest_only_with_trigger.py took 0.928 seconds
[2023-01-10T22:25:23.710-0500] {processor.py:153} INFO - Started process (PID=6311) to work on /Library/Frameworks/Python.framework/Versions/3.9/lib/python3.9/site-packages/airflow/example_dags/example_latest_only_with_trigger.py
[2023-01-10T22:25:23.719-0500] {processor.py:743} INFO - Processing file /Library/Frameworks/Python.framework/Versions/3.9/lib/python3.9/site-packages/airflow/example_dags/example_latest_only_with_trigger.py for tasks to queue
[2023-01-10T22:25:23.720-0500] {logging_mixin.py:137} INFO - [2023-01-10T22:25:23.720-0500] {dagbag.py:538} INFO - Filling up the DagBag from /Library/Frameworks/Python.framework/Versions/3.9/lib/python3.9/site-packages/airflow/example_dags/example_latest_only_with_trigger.py
[2023-01-10T22:25:23.767-0500] {processor.py:753} INFO - DAG(s) dict_keys(['latest_only_with_trigger']) retrieved from /Library/Frameworks/Python.framework/Versions/3.9/lib/python3.9/site-packages/airflow/example_dags/example_latest_only_with_trigger.py
[2023-01-10T22:25:24.809-0500] {logging_mixin.py:137} INFO - [2023-01-10T22:25:24.809-0500] {dag.py:2676} INFO - Sync 1 DAGs
[2023-01-10T22:25:24.837-0500] {logging_mixin.py:137} INFO - [2023-01-10T22:25:24.837-0500] {dag.py:3423} INFO - Setting next_dagrun for latest_only_with_trigger to 2023-01-10T23:25:24.837392+00:00, run_after=2023-01-11T03:25:24.837392+00:00
[2023-01-10T22:25:24.870-0500] {processor.py:175} INFO - Processing /Library/Frameworks/Python.framework/Versions/3.9/lib/python3.9/site-packages/airflow/example_dags/example_latest_only_with_trigger.py took 1.161 seconds
[2023-01-10T22:29:39.705-0500] {processor.py:153} INFO - Started process (PID=6419) to work on /Library/Frameworks/Python.framework/Versions/3.9/lib/python3.9/site-packages/airflow/example_dags/example_latest_only_with_trigger.py
[2023-01-10T22:29:39.715-0500] {processor.py:743} INFO - Processing file /Library/Frameworks/Python.framework/Versions/3.9/lib/python3.9/site-packages/airflow/example_dags/example_latest_only_with_trigger.py for tasks to queue
[2023-01-10T22:29:39.716-0500] {logging_mixin.py:137} INFO - [2023-01-10T22:29:39.716-0500] {dagbag.py:538} INFO - Filling up the DagBag from /Library/Frameworks/Python.framework/Versions/3.9/lib/python3.9/site-packages/airflow/example_dags/example_latest_only_with_trigger.py
[2023-01-10T22:29:39.756-0500] {processor.py:753} INFO - DAG(s) dict_keys(['latest_only_with_trigger']) retrieved from /Library/Frameworks/Python.framework/Versions/3.9/lib/python3.9/site-packages/airflow/example_dags/example_latest_only_with_trigger.py
[2023-01-10T22:29:40.343-0500] {logging_mixin.py:137} INFO - [2023-01-10T22:29:40.342-0500] {dag.py:2676} INFO - Sync 1 DAGs
[2023-01-10T22:29:40.357-0500] {logging_mixin.py:137} INFO - [2023-01-10T22:29:40.357-0500] {dag.py:3423} INFO - Setting next_dagrun for latest_only_with_trigger to 2023-01-10T23:29:40.357223+00:00, run_after=2023-01-11T03:29:40.357223+00:00
[2023-01-10T22:29:40.376-0500] {processor.py:175} INFO - Processing /Library/Frameworks/Python.framework/Versions/3.9/lib/python3.9/site-packages/airflow/example_dags/example_latest_only_with_trigger.py took 0.671 seconds
[2023-01-11T11:18:08.707-0500] {processor.py:153} INFO - Started process (PID=6997) to work on /Library/Frameworks/Python.framework/Versions/3.9/lib/python3.9/site-packages/airflow/example_dags/example_latest_only_with_trigger.py
[2023-01-11T11:18:08.715-0500] {processor.py:743} INFO - Processing file /Library/Frameworks/Python.framework/Versions/3.9/lib/python3.9/site-packages/airflow/example_dags/example_latest_only_with_trigger.py for tasks to queue
[2023-01-11T11:18:08.715-0500] {logging_mixin.py:137} INFO - [2023-01-11T11:18:08.715-0500] {dagbag.py:538} INFO - Filling up the DagBag from /Library/Frameworks/Python.framework/Versions/3.9/lib/python3.9/site-packages/airflow/example_dags/example_latest_only_with_trigger.py
[2023-01-11T11:18:08.748-0500] {processor.py:753} INFO - DAG(s) dict_keys(['latest_only_with_trigger']) retrieved from /Library/Frameworks/Python.framework/Versions/3.9/lib/python3.9/site-packages/airflow/example_dags/example_latest_only_with_trigger.py
[2023-01-11T11:18:09.378-0500] {logging_mixin.py:137} INFO - [2023-01-11T11:18:09.377-0500] {dag.py:2676} INFO - Sync 1 DAGs
[2023-01-11T11:18:09.393-0500] {logging_mixin.py:137} INFO - [2023-01-11T11:18:09.393-0500] {dag.py:3423} INFO - Setting next_dagrun for latest_only_with_trigger to 2023-01-11T12:18:09.393115+00:00, run_after=2023-01-11T16:18:09.393115+00:00
[2023-01-11T11:18:09.414-0500] {processor.py:175} INFO - Processing /Library/Frameworks/Python.framework/Versions/3.9/lib/python3.9/site-packages/airflow/example_dags/example_latest_only_with_trigger.py took 0.707 seconds
[2023-01-11T11:20:19.231-0500] {processor.py:153} INFO - Started process (PID=7165) to work on /Library/Frameworks/Python.framework/Versions/3.9/lib/python3.9/site-packages/airflow/example_dags/example_latest_only_with_trigger.py
[2023-01-11T11:20:19.237-0500] {processor.py:743} INFO - Processing file /Library/Frameworks/Python.framework/Versions/3.9/lib/python3.9/site-packages/airflow/example_dags/example_latest_only_with_trigger.py for tasks to queue
[2023-01-11T11:20:19.238-0500] {logging_mixin.py:137} INFO - [2023-01-11T11:20:19.238-0500] {dagbag.py:538} INFO - Filling up the DagBag from /Library/Frameworks/Python.framework/Versions/3.9/lib/python3.9/site-packages/airflow/example_dags/example_latest_only_with_trigger.py
[2023-01-11T11:20:19.268-0500] {processor.py:753} INFO - DAG(s) dict_keys(['latest_only_with_trigger']) retrieved from /Library/Frameworks/Python.framework/Versions/3.9/lib/python3.9/site-packages/airflow/example_dags/example_latest_only_with_trigger.py
[2023-01-11T11:20:19.917-0500] {logging_mixin.py:137} INFO - [2023-01-11T11:20:19.916-0500] {dag.py:2676} INFO - Sync 1 DAGs
[2023-01-11T11:20:19.933-0500] {logging_mixin.py:137} INFO - [2023-01-11T11:20:19.932-0500] {dag.py:3423} INFO - Setting next_dagrun for latest_only_with_trigger to 2023-01-11T12:20:19.932745+00:00, run_after=2023-01-11T16:20:19.932745+00:00
[2023-01-11T11:20:19.953-0500] {processor.py:175} INFO - Processing /Library/Frameworks/Python.framework/Versions/3.9/lib/python3.9/site-packages/airflow/example_dags/example_latest_only_with_trigger.py took 0.723 seconds
[2023-01-11T11:23:39.175-0500] {processor.py:153} INFO - Started process (PID=7324) to work on /Library/Frameworks/Python.framework/Versions/3.9/lib/python3.9/site-packages/airflow/example_dags/example_latest_only_with_trigger.py
[2023-01-11T11:23:39.184-0500] {processor.py:743} INFO - Processing file /Library/Frameworks/Python.framework/Versions/3.9/lib/python3.9/site-packages/airflow/example_dags/example_latest_only_with_trigger.py for tasks to queue
[2023-01-11T11:23:39.185-0500] {logging_mixin.py:137} INFO - [2023-01-11T11:23:39.184-0500] {dagbag.py:538} INFO - Filling up the DagBag from /Library/Frameworks/Python.framework/Versions/3.9/lib/python3.9/site-packages/airflow/example_dags/example_latest_only_with_trigger.py
[2023-01-11T11:23:39.227-0500] {processor.py:753} INFO - DAG(s) dict_keys(['latest_only_with_trigger']) retrieved from /Library/Frameworks/Python.framework/Versions/3.9/lib/python3.9/site-packages/airflow/example_dags/example_latest_only_with_trigger.py
[2023-01-11T11:23:39.926-0500] {logging_mixin.py:137} INFO - [2023-01-11T11:23:39.926-0500] {dag.py:2676} INFO - Sync 1 DAGs
[2023-01-11T11:23:39.943-0500] {logging_mixin.py:137} INFO - [2023-01-11T11:23:39.943-0500] {dag.py:3423} INFO - Setting next_dagrun for latest_only_with_trigger to 2023-01-11T12:23:39.943546+00:00, run_after=2023-01-11T16:23:39.943546+00:00
[2023-01-11T11:23:39.962-0500] {processor.py:175} INFO - Processing /Library/Frameworks/Python.framework/Versions/3.9/lib/python3.9/site-packages/airflow/example_dags/example_latest_only_with_trigger.py took 0.789 seconds
[2023-01-11T11:27:30.276-0500] {processor.py:153} INFO - Started process (PID=8222) to work on /Library/Frameworks/Python.framework/Versions/3.9/lib/python3.9/site-packages/airflow/example_dags/example_latest_only_with_trigger.py
[2023-01-11T11:27:30.282-0500] {processor.py:743} INFO - Processing file /Library/Frameworks/Python.framework/Versions/3.9/lib/python3.9/site-packages/airflow/example_dags/example_latest_only_with_trigger.py for tasks to queue
[2023-01-11T11:27:30.282-0500] {logging_mixin.py:137} INFO - [2023-01-11T11:27:30.282-0500] {dagbag.py:538} INFO - Filling up the DagBag from /Library/Frameworks/Python.framework/Versions/3.9/lib/python3.9/site-packages/airflow/example_dags/example_latest_only_with_trigger.py
[2023-01-11T11:27:30.313-0500] {processor.py:753} INFO - DAG(s) dict_keys(['latest_only_with_trigger']) retrieved from /Library/Frameworks/Python.framework/Versions/3.9/lib/python3.9/site-packages/airflow/example_dags/example_latest_only_with_trigger.py
[2023-01-11T11:27:30.957-0500] {logging_mixin.py:137} INFO - [2023-01-11T11:27:30.956-0500] {dag.py:2676} INFO - Sync 1 DAGs
[2023-01-11T11:27:30.973-0500] {logging_mixin.py:137} INFO - [2023-01-11T11:27:30.973-0500] {dag.py:3423} INFO - Setting next_dagrun for latest_only_with_trigger to 2023-01-11T12:27:30.972976+00:00, run_after=2023-01-11T16:27:30.972976+00:00
[2023-01-11T11:27:30.994-0500] {processor.py:175} INFO - Processing /Library/Frameworks/Python.framework/Versions/3.9/lib/python3.9/site-packages/airflow/example_dags/example_latest_only_with_trigger.py took 0.718 seconds
[2023-01-11T11:30:47.305-0500] {processor.py:153} INFO - Started process (PID=8339) to work on /Library/Frameworks/Python.framework/Versions/3.9/lib/python3.9/site-packages/airflow/example_dags/example_latest_only_with_trigger.py
[2023-01-11T11:30:47.310-0500] {processor.py:743} INFO - Processing file /Library/Frameworks/Python.framework/Versions/3.9/lib/python3.9/site-packages/airflow/example_dags/example_latest_only_with_trigger.py for tasks to queue
[2023-01-11T11:30:47.311-0500] {logging_mixin.py:137} INFO - [2023-01-11T11:30:47.311-0500] {dagbag.py:538} INFO - Filling up the DagBag from /Library/Frameworks/Python.framework/Versions/3.9/lib/python3.9/site-packages/airflow/example_dags/example_latest_only_with_trigger.py
[2023-01-11T11:30:47.341-0500] {processor.py:753} INFO - DAG(s) dict_keys(['latest_only_with_trigger']) retrieved from /Library/Frameworks/Python.framework/Versions/3.9/lib/python3.9/site-packages/airflow/example_dags/example_latest_only_with_trigger.py
[2023-01-11T11:30:47.933-0500] {logging_mixin.py:137} INFO - [2023-01-11T11:30:47.933-0500] {dag.py:2676} INFO - Sync 1 DAGs
[2023-01-11T11:30:47.948-0500] {logging_mixin.py:137} INFO - [2023-01-11T11:30:47.948-0500] {dag.py:3423} INFO - Setting next_dagrun for latest_only_with_trigger to 2023-01-11T12:30:47.948626+00:00, run_after=2023-01-11T16:30:47.948626+00:00
[2023-01-11T11:30:47.971-0500] {processor.py:175} INFO - Processing /Library/Frameworks/Python.framework/Versions/3.9/lib/python3.9/site-packages/airflow/example_dags/example_latest_only_with_trigger.py took 0.666 seconds
[2023-01-11T11:43:11.557-0500] {processor.py:153} INFO - Started process (PID=8765) to work on /Library/Frameworks/Python.framework/Versions/3.9/lib/python3.9/site-packages/airflow/example_dags/example_latest_only_with_trigger.py
[2023-01-11T11:43:11.565-0500] {processor.py:743} INFO - Processing file /Library/Frameworks/Python.framework/Versions/3.9/lib/python3.9/site-packages/airflow/example_dags/example_latest_only_with_trigger.py for tasks to queue
[2023-01-11T11:43:11.566-0500] {logging_mixin.py:137} INFO - [2023-01-11T11:43:11.566-0500] {dagbag.py:538} INFO - Filling up the DagBag from /Library/Frameworks/Python.framework/Versions/3.9/lib/python3.9/site-packages/airflow/example_dags/example_latest_only_with_trigger.py
[2023-01-11T11:43:11.618-0500] {processor.py:753} INFO - DAG(s) dict_keys(['latest_only_with_trigger']) retrieved from /Library/Frameworks/Python.framework/Versions/3.9/lib/python3.9/site-packages/airflow/example_dags/example_latest_only_with_trigger.py
[2023-01-11T11:43:12.641-0500] {logging_mixin.py:137} INFO - [2023-01-11T11:43:12.641-0500] {dag.py:2676} INFO - Sync 1 DAGs
[2023-01-11T11:43:12.657-0500] {logging_mixin.py:137} INFO - [2023-01-11T11:43:12.657-0500] {dag.py:3423} INFO - Setting next_dagrun for latest_only_with_trigger to 2023-01-11T12:43:12.657381+00:00, run_after=2023-01-11T16:43:12.657381+00:00
[2023-01-11T11:43:12.714-0500] {processor.py:175} INFO - Processing /Library/Frameworks/Python.framework/Versions/3.9/lib/python3.9/site-packages/airflow/example_dags/example_latest_only_with_trigger.py took 1.158 seconds
[2023-01-11T11:45:22.563-0500] {processor.py:153} INFO - Started process (PID=8844) to work on /Library/Frameworks/Python.framework/Versions/3.9/lib/python3.9/site-packages/airflow/example_dags/example_latest_only_with_trigger.py
[2023-01-11T11:45:22.568-0500] {processor.py:743} INFO - Processing file /Library/Frameworks/Python.framework/Versions/3.9/lib/python3.9/site-packages/airflow/example_dags/example_latest_only_with_trigger.py for tasks to queue
[2023-01-11T11:45:22.569-0500] {logging_mixin.py:137} INFO - [2023-01-11T11:45:22.569-0500] {dagbag.py:538} INFO - Filling up the DagBag from /Library/Frameworks/Python.framework/Versions/3.9/lib/python3.9/site-packages/airflow/example_dags/example_latest_only_with_trigger.py
[2023-01-11T11:45:22.600-0500] {processor.py:753} INFO - DAG(s) dict_keys(['latest_only_with_trigger']) retrieved from /Library/Frameworks/Python.framework/Versions/3.9/lib/python3.9/site-packages/airflow/example_dags/example_latest_only_with_trigger.py
[2023-01-11T11:45:23.314-0500] {logging_mixin.py:137} INFO - [2023-01-11T11:45:23.314-0500] {dag.py:2676} INFO - Sync 1 DAGs
[2023-01-11T11:45:23.330-0500] {logging_mixin.py:137} INFO - [2023-01-11T11:45:23.330-0500] {dag.py:3423} INFO - Setting next_dagrun for latest_only_with_trigger to 2023-01-11T12:45:23.330711+00:00, run_after=2023-01-11T16:45:23.330711+00:00
[2023-01-11T11:45:23.354-0500] {processor.py:175} INFO - Processing /Library/Frameworks/Python.framework/Versions/3.9/lib/python3.9/site-packages/airflow/example_dags/example_latest_only_with_trigger.py took 0.792 seconds
[2023-01-11T11:48:51.307-0500] {processor.py:153} INFO - Started process (PID=8945) to work on /Library/Frameworks/Python.framework/Versions/3.9/lib/python3.9/site-packages/airflow/example_dags/example_latest_only_with_trigger.py
[2023-01-11T11:48:51.313-0500] {processor.py:743} INFO - Processing file /Library/Frameworks/Python.framework/Versions/3.9/lib/python3.9/site-packages/airflow/example_dags/example_latest_only_with_trigger.py for tasks to queue
[2023-01-11T11:48:51.313-0500] {logging_mixin.py:137} INFO - [2023-01-11T11:48:51.313-0500] {dagbag.py:538} INFO - Filling up the DagBag from /Library/Frameworks/Python.framework/Versions/3.9/lib/python3.9/site-packages/airflow/example_dags/example_latest_only_with_trigger.py
[2023-01-11T11:48:51.349-0500] {processor.py:753} INFO - DAG(s) dict_keys(['latest_only_with_trigger']) retrieved from /Library/Frameworks/Python.framework/Versions/3.9/lib/python3.9/site-packages/airflow/example_dags/example_latest_only_with_trigger.py
[2023-01-11T11:48:51.996-0500] {logging_mixin.py:137} INFO - [2023-01-11T11:48:51.996-0500] {dag.py:2676} INFO - Sync 1 DAGs
[2023-01-11T11:48:52.012-0500] {logging_mixin.py:137} INFO - [2023-01-11T11:48:52.012-0500] {dag.py:3423} INFO - Setting next_dagrun for latest_only_with_trigger to 2023-01-11T12:48:52.011977+00:00, run_after=2023-01-11T16:48:52.011977+00:00
[2023-01-11T11:48:52.036-0500] {processor.py:175} INFO - Processing /Library/Frameworks/Python.framework/Versions/3.9/lib/python3.9/site-packages/airflow/example_dags/example_latest_only_with_trigger.py took 0.730 seconds
[2023-01-11T11:52:19.198-0500] {processor.py:153} INFO - Started process (PID=9172) to work on /Library/Frameworks/Python.framework/Versions/3.9/lib/python3.9/site-packages/airflow/example_dags/example_latest_only_with_trigger.py
[2023-01-11T11:52:19.203-0500] {processor.py:743} INFO - Processing file /Library/Frameworks/Python.framework/Versions/3.9/lib/python3.9/site-packages/airflow/example_dags/example_latest_only_with_trigger.py for tasks to queue
[2023-01-11T11:52:19.204-0500] {logging_mixin.py:137} INFO - [2023-01-11T11:52:19.204-0500] {dagbag.py:538} INFO - Filling up the DagBag from /Library/Frameworks/Python.framework/Versions/3.9/lib/python3.9/site-packages/airflow/example_dags/example_latest_only_with_trigger.py
[2023-01-11T11:52:19.230-0500] {processor.py:753} INFO - DAG(s) dict_keys(['latest_only_with_trigger']) retrieved from /Library/Frameworks/Python.framework/Versions/3.9/lib/python3.9/site-packages/airflow/example_dags/example_latest_only_with_trigger.py
[2023-01-11T11:52:19.881-0500] {logging_mixin.py:137} INFO - [2023-01-11T11:52:19.881-0500] {dag.py:2676} INFO - Sync 1 DAGs
[2023-01-11T11:52:19.900-0500] {logging_mixin.py:137} INFO - [2023-01-11T11:52:19.899-0500] {dag.py:3423} INFO - Setting next_dagrun for latest_only_with_trigger to 2023-01-11T12:52:19.899617+00:00, run_after=2023-01-11T16:52:19.899617+00:00
[2023-01-11T11:52:19.921-0500] {processor.py:175} INFO - Processing /Library/Frameworks/Python.framework/Versions/3.9/lib/python3.9/site-packages/airflow/example_dags/example_latest_only_with_trigger.py took 0.724 seconds
[2023-01-11T11:56:04.503-0500] {processor.py:153} INFO - Started process (PID=9361) to work on /Library/Frameworks/Python.framework/Versions/3.9/lib/python3.9/site-packages/airflow/example_dags/example_latest_only_with_trigger.py
[2023-01-11T11:56:04.509-0500] {processor.py:743} INFO - Processing file /Library/Frameworks/Python.framework/Versions/3.9/lib/python3.9/site-packages/airflow/example_dags/example_latest_only_with_trigger.py for tasks to queue
[2023-01-11T11:56:04.509-0500] {logging_mixin.py:137} INFO - [2023-01-11T11:56:04.509-0500] {dagbag.py:538} INFO - Filling up the DagBag from /Library/Frameworks/Python.framework/Versions/3.9/lib/python3.9/site-packages/airflow/example_dags/example_latest_only_with_trigger.py
[2023-01-11T11:56:04.539-0500] {processor.py:753} INFO - DAG(s) dict_keys(['latest_only_with_trigger']) retrieved from /Library/Frameworks/Python.framework/Versions/3.9/lib/python3.9/site-packages/airflow/example_dags/example_latest_only_with_trigger.py
[2023-01-11T11:56:05.197-0500] {logging_mixin.py:137} INFO - [2023-01-11T11:56:05.197-0500] {dag.py:2676} INFO - Sync 1 DAGs
[2023-01-11T11:56:05.215-0500] {logging_mixin.py:137} INFO - [2023-01-11T11:56:05.215-0500] {dag.py:3423} INFO - Setting next_dagrun for latest_only_with_trigger to 2023-01-11T12:56:05.215197+00:00, run_after=2023-01-11T16:56:05.215197+00:00
[2023-01-11T11:56:05.255-0500] {processor.py:175} INFO - Processing /Library/Frameworks/Python.framework/Versions/3.9/lib/python3.9/site-packages/airflow/example_dags/example_latest_only_with_trigger.py took 0.753 seconds
[2023-01-11T11:59:35.448-0500] {processor.py:153} INFO - Started process (PID=9479) to work on /Library/Frameworks/Python.framework/Versions/3.9/lib/python3.9/site-packages/airflow/example_dags/example_latest_only_with_trigger.py
[2023-01-11T11:59:35.453-0500] {processor.py:743} INFO - Processing file /Library/Frameworks/Python.framework/Versions/3.9/lib/python3.9/site-packages/airflow/example_dags/example_latest_only_with_trigger.py for tasks to queue
[2023-01-11T11:59:35.453-0500] {logging_mixin.py:137} INFO - [2023-01-11T11:59:35.453-0500] {dagbag.py:538} INFO - Filling up the DagBag from /Library/Frameworks/Python.framework/Versions/3.9/lib/python3.9/site-packages/airflow/example_dags/example_latest_only_with_trigger.py
[2023-01-11T11:59:35.484-0500] {processor.py:753} INFO - DAG(s) dict_keys(['latest_only_with_trigger']) retrieved from /Library/Frameworks/Python.framework/Versions/3.9/lib/python3.9/site-packages/airflow/example_dags/example_latest_only_with_trigger.py
[2023-01-11T11:59:36.142-0500] {logging_mixin.py:137} INFO - [2023-01-11T11:59:36.141-0500] {dag.py:2676} INFO - Sync 1 DAGs
[2023-01-11T11:59:36.157-0500] {logging_mixin.py:137} INFO - [2023-01-11T11:59:36.157-0500] {dag.py:3423} INFO - Setting next_dagrun for latest_only_with_trigger to 2023-01-11T12:59:36.157638+00:00, run_after=2023-01-11T16:59:36.157638+00:00
[2023-01-11T11:59:36.178-0500] {processor.py:175} INFO - Processing /Library/Frameworks/Python.framework/Versions/3.9/lib/python3.9/site-packages/airflow/example_dags/example_latest_only_with_trigger.py took 0.731 seconds
[2023-01-11T12:02:57.097-0500] {processor.py:153} INFO - Started process (PID=9674) to work on /Library/Frameworks/Python.framework/Versions/3.9/lib/python3.9/site-packages/airflow/example_dags/example_latest_only_with_trigger.py
[2023-01-11T12:02:57.103-0500] {processor.py:743} INFO - Processing file /Library/Frameworks/Python.framework/Versions/3.9/lib/python3.9/site-packages/airflow/example_dags/example_latest_only_with_trigger.py for tasks to queue
[2023-01-11T12:02:57.104-0500] {logging_mixin.py:137} INFO - [2023-01-11T12:02:57.104-0500] {dagbag.py:538} INFO - Filling up the DagBag from /Library/Frameworks/Python.framework/Versions/3.9/lib/python3.9/site-packages/airflow/example_dags/example_latest_only_with_trigger.py
[2023-01-11T12:02:57.136-0500] {processor.py:753} INFO - DAG(s) dict_keys(['latest_only_with_trigger']) retrieved from /Library/Frameworks/Python.framework/Versions/3.9/lib/python3.9/site-packages/airflow/example_dags/example_latest_only_with_trigger.py
[2023-01-11T12:02:57.786-0500] {logging_mixin.py:137} INFO - [2023-01-11T12:02:57.786-0500] {dag.py:2676} INFO - Sync 1 DAGs
[2023-01-11T12:02:57.802-0500] {logging_mixin.py:137} INFO - [2023-01-11T12:02:57.802-0500] {dag.py:3423} INFO - Setting next_dagrun for latest_only_with_trigger to 2023-01-11T13:02:57.802700+00:00, run_after=2023-01-11T17:02:57.802700+00:00
[2023-01-11T12:02:57.824-0500] {processor.py:175} INFO - Processing /Library/Frameworks/Python.framework/Versions/3.9/lib/python3.9/site-packages/airflow/example_dags/example_latest_only_with_trigger.py took 0.727 seconds
[2023-01-11T12:06:16.340-0500] {processor.py:153} INFO - Started process (PID=9774) to work on /Library/Frameworks/Python.framework/Versions/3.9/lib/python3.9/site-packages/airflow/example_dags/example_latest_only_with_trigger.py
[2023-01-11T12:06:16.346-0500] {processor.py:743} INFO - Processing file /Library/Frameworks/Python.framework/Versions/3.9/lib/python3.9/site-packages/airflow/example_dags/example_latest_only_with_trigger.py for tasks to queue
[2023-01-11T12:06:16.346-0500] {logging_mixin.py:137} INFO - [2023-01-11T12:06:16.346-0500] {dagbag.py:538} INFO - Filling up the DagBag from /Library/Frameworks/Python.framework/Versions/3.9/lib/python3.9/site-packages/airflow/example_dags/example_latest_only_with_trigger.py
[2023-01-11T12:06:16.380-0500] {processor.py:753} INFO - DAG(s) dict_keys(['latest_only_with_trigger']) retrieved from /Library/Frameworks/Python.framework/Versions/3.9/lib/python3.9/site-packages/airflow/example_dags/example_latest_only_with_trigger.py
[2023-01-11T12:06:17.032-0500] {logging_mixin.py:137} INFO - [2023-01-11T12:06:17.031-0500] {dag.py:2676} INFO - Sync 1 DAGs
[2023-01-11T12:06:17.050-0500] {logging_mixin.py:137} INFO - [2023-01-11T12:06:17.049-0500] {dag.py:3423} INFO - Setting next_dagrun for latest_only_with_trigger to 2023-01-11T13:06:17.049832+00:00, run_after=2023-01-11T17:06:17.049832+00:00
[2023-01-11T12:06:17.071-0500] {processor.py:175} INFO - Processing /Library/Frameworks/Python.framework/Versions/3.9/lib/python3.9/site-packages/airflow/example_dags/example_latest_only_with_trigger.py took 0.731 seconds
[2023-01-11T12:09:42.973-0500] {processor.py:153} INFO - Started process (PID=9866) to work on /Library/Frameworks/Python.framework/Versions/3.9/lib/python3.9/site-packages/airflow/example_dags/example_latest_only_with_trigger.py
[2023-01-11T12:09:42.980-0500] {processor.py:743} INFO - Processing file /Library/Frameworks/Python.framework/Versions/3.9/lib/python3.9/site-packages/airflow/example_dags/example_latest_only_with_trigger.py for tasks to queue
[2023-01-11T12:09:42.980-0500] {logging_mixin.py:137} INFO - [2023-01-11T12:09:42.980-0500] {dagbag.py:538} INFO - Filling up the DagBag from /Library/Frameworks/Python.framework/Versions/3.9/lib/python3.9/site-packages/airflow/example_dags/example_latest_only_with_trigger.py
[2023-01-11T12:09:43.011-0500] {processor.py:753} INFO - DAG(s) dict_keys(['latest_only_with_trigger']) retrieved from /Library/Frameworks/Python.framework/Versions/3.9/lib/python3.9/site-packages/airflow/example_dags/example_latest_only_with_trigger.py
[2023-01-11T12:09:43.618-0500] {logging_mixin.py:137} INFO - [2023-01-11T12:09:43.617-0500] {dag.py:2676} INFO - Sync 1 DAGs
[2023-01-11T12:09:43.633-0500] {logging_mixin.py:137} INFO - [2023-01-11T12:09:43.633-0500] {dag.py:3423} INFO - Setting next_dagrun for latest_only_with_trigger to 2023-01-11T13:09:43.633060+00:00, run_after=2023-01-11T17:09:43.633060+00:00
[2023-01-11T12:09:43.652-0500] {processor.py:175} INFO - Processing /Library/Frameworks/Python.framework/Versions/3.9/lib/python3.9/site-packages/airflow/example_dags/example_latest_only_with_trigger.py took 0.679 seconds
[2023-01-11T12:12:57.147-0500] {processor.py:153} INFO - Started process (PID=10010) to work on /Library/Frameworks/Python.framework/Versions/3.9/lib/python3.9/site-packages/airflow/example_dags/example_latest_only_with_trigger.py
[2023-01-11T12:12:57.155-0500] {processor.py:743} INFO - Processing file /Library/Frameworks/Python.framework/Versions/3.9/lib/python3.9/site-packages/airflow/example_dags/example_latest_only_with_trigger.py for tasks to queue
[2023-01-11T12:12:57.156-0500] {logging_mixin.py:137} INFO - [2023-01-11T12:12:57.156-0500] {dagbag.py:538} INFO - Filling up the DagBag from /Library/Frameworks/Python.framework/Versions/3.9/lib/python3.9/site-packages/airflow/example_dags/example_latest_only_with_trigger.py
[2023-01-11T12:12:57.194-0500] {processor.py:753} INFO - DAG(s) dict_keys(['latest_only_with_trigger']) retrieved from /Library/Frameworks/Python.framework/Versions/3.9/lib/python3.9/site-packages/airflow/example_dags/example_latest_only_with_trigger.py
[2023-01-11T12:12:57.844-0500] {logging_mixin.py:137} INFO - [2023-01-11T12:12:57.843-0500] {dag.py:2676} INFO - Sync 1 DAGs
[2023-01-11T12:12:57.863-0500] {logging_mixin.py:137} INFO - [2023-01-11T12:12:57.863-0500] {dag.py:3423} INFO - Setting next_dagrun for latest_only_with_trigger to 2023-01-11T13:12:57.863080+00:00, run_after=2023-01-11T17:12:57.863080+00:00
[2023-01-11T12:12:57.885-0500] {processor.py:175} INFO - Processing /Library/Frameworks/Python.framework/Versions/3.9/lib/python3.9/site-packages/airflow/example_dags/example_latest_only_with_trigger.py took 0.739 seconds
[2023-01-11T12:16:24.773-0500] {processor.py:153} INFO - Started process (PID=10128) to work on /Library/Frameworks/Python.framework/Versions/3.9/lib/python3.9/site-packages/airflow/example_dags/example_latest_only_with_trigger.py
[2023-01-11T12:16:24.779-0500] {processor.py:743} INFO - Processing file /Library/Frameworks/Python.framework/Versions/3.9/lib/python3.9/site-packages/airflow/example_dags/example_latest_only_with_trigger.py for tasks to queue
[2023-01-11T12:16:24.781-0500] {logging_mixin.py:137} INFO - [2023-01-11T12:16:24.780-0500] {dagbag.py:538} INFO - Filling up the DagBag from /Library/Frameworks/Python.framework/Versions/3.9/lib/python3.9/site-packages/airflow/example_dags/example_latest_only_with_trigger.py
[2023-01-11T12:16:24.821-0500] {processor.py:753} INFO - DAG(s) dict_keys(['latest_only_with_trigger']) retrieved from /Library/Frameworks/Python.framework/Versions/3.9/lib/python3.9/site-packages/airflow/example_dags/example_latest_only_with_trigger.py
[2023-01-11T12:16:25.641-0500] {logging_mixin.py:137} INFO - [2023-01-11T12:16:25.641-0500] {dag.py:2676} INFO - Sync 1 DAGs
[2023-01-11T12:16:25.655-0500] {logging_mixin.py:137} INFO - [2023-01-11T12:16:25.655-0500] {dag.py:3423} INFO - Setting next_dagrun for latest_only_with_trigger to 2023-01-11T13:16:25.655662+00:00, run_after=2023-01-11T17:16:25.655662+00:00
[2023-01-11T12:16:25.677-0500] {processor.py:175} INFO - Processing /Library/Frameworks/Python.framework/Versions/3.9/lib/python3.9/site-packages/airflow/example_dags/example_latest_only_with_trigger.py took 0.905 seconds
[2023-01-11T12:19:52.645-0500] {processor.py:153} INFO - Started process (PID=10297) to work on /Library/Frameworks/Python.framework/Versions/3.9/lib/python3.9/site-packages/airflow/example_dags/example_latest_only_with_trigger.py
[2023-01-11T12:19:52.651-0500] {processor.py:743} INFO - Processing file /Library/Frameworks/Python.framework/Versions/3.9/lib/python3.9/site-packages/airflow/example_dags/example_latest_only_with_trigger.py for tasks to queue
[2023-01-11T12:19:52.652-0500] {logging_mixin.py:137} INFO - [2023-01-11T12:19:52.651-0500] {dagbag.py:538} INFO - Filling up the DagBag from /Library/Frameworks/Python.framework/Versions/3.9/lib/python3.9/site-packages/airflow/example_dags/example_latest_only_with_trigger.py
[2023-01-11T12:19:52.682-0500] {processor.py:753} INFO - DAG(s) dict_keys(['latest_only_with_trigger']) retrieved from /Library/Frameworks/Python.framework/Versions/3.9/lib/python3.9/site-packages/airflow/example_dags/example_latest_only_with_trigger.py
[2023-01-11T12:19:53.316-0500] {logging_mixin.py:137} INFO - [2023-01-11T12:19:53.316-0500] {dag.py:2676} INFO - Sync 1 DAGs
[2023-01-11T12:19:53.332-0500] {logging_mixin.py:137} INFO - [2023-01-11T12:19:53.332-0500] {dag.py:3423} INFO - Setting next_dagrun for latest_only_with_trigger to 2023-01-11T13:19:53.331969+00:00, run_after=2023-01-11T17:19:53.331969+00:00
[2023-01-11T12:19:53.352-0500] {processor.py:175} INFO - Processing /Library/Frameworks/Python.framework/Versions/3.9/lib/python3.9/site-packages/airflow/example_dags/example_latest_only_with_trigger.py took 0.708 seconds
[2023-01-11T15:57:39.647-0500] {processor.py:153} INFO - Started process (PID=10927) to work on /Library/Frameworks/Python.framework/Versions/3.9/lib/python3.9/site-packages/airflow/example_dags/example_latest_only_with_trigger.py
[2023-01-11T15:57:39.655-0500] {processor.py:743} INFO - Processing file /Library/Frameworks/Python.framework/Versions/3.9/lib/python3.9/site-packages/airflow/example_dags/example_latest_only_with_trigger.py for tasks to queue
[2023-01-11T15:57:39.656-0500] {logging_mixin.py:137} INFO - [2023-01-11T15:57:39.655-0500] {dagbag.py:538} INFO - Filling up the DagBag from /Library/Frameworks/Python.framework/Versions/3.9/lib/python3.9/site-packages/airflow/example_dags/example_latest_only_with_trigger.py
[2023-01-11T15:57:39.686-0500] {processor.py:753} INFO - DAG(s) dict_keys(['latest_only_with_trigger']) retrieved from /Library/Frameworks/Python.framework/Versions/3.9/lib/python3.9/site-packages/airflow/example_dags/example_latest_only_with_trigger.py
[2023-01-11T15:57:40.266-0500] {logging_mixin.py:137} INFO - [2023-01-11T15:57:40.266-0500] {dag.py:2676} INFO - Sync 1 DAGs
[2023-01-11T15:57:40.281-0500] {logging_mixin.py:137} INFO - [2023-01-11T15:57:40.281-0500] {dag.py:3423} INFO - Setting next_dagrun for latest_only_with_trigger to 2023-01-11T16:57:40.281002+00:00, run_after=2023-01-11T20:57:40.281002+00:00
[2023-01-11T15:57:40.300-0500] {processor.py:175} INFO - Processing /Library/Frameworks/Python.framework/Versions/3.9/lib/python3.9/site-packages/airflow/example_dags/example_latest_only_with_trigger.py took 0.653 seconds
[2023-01-11T16:21:48.030-0500] {processor.py:153} INFO - Started process (PID=11112) to work on /Library/Frameworks/Python.framework/Versions/3.9/lib/python3.9/site-packages/airflow/example_dags/example_latest_only_with_trigger.py
[2023-01-11T16:21:48.036-0500] {processor.py:743} INFO - Processing file /Library/Frameworks/Python.framework/Versions/3.9/lib/python3.9/site-packages/airflow/example_dags/example_latest_only_with_trigger.py for tasks to queue
[2023-01-11T16:21:48.038-0500] {logging_mixin.py:137} INFO - [2023-01-11T16:21:48.037-0500] {dagbag.py:538} INFO - Filling up the DagBag from /Library/Frameworks/Python.framework/Versions/3.9/lib/python3.9/site-packages/airflow/example_dags/example_latest_only_with_trigger.py
[2023-01-11T16:21:48.083-0500] {processor.py:753} INFO - DAG(s) dict_keys(['latest_only_with_trigger']) retrieved from /Library/Frameworks/Python.framework/Versions/3.9/lib/python3.9/site-packages/airflow/example_dags/example_latest_only_with_trigger.py
[2023-01-11T16:21:48.777-0500] {logging_mixin.py:137} INFO - [2023-01-11T16:21:48.776-0500] {dag.py:2676} INFO - Sync 1 DAGs
[2023-01-11T16:21:48.791-0500] {logging_mixin.py:137} INFO - [2023-01-11T16:21:48.791-0500] {dag.py:3423} INFO - Setting next_dagrun for latest_only_with_trigger to 2023-01-11T17:21:48.791389+00:00, run_after=2023-01-11T21:21:48.791389+00:00
[2023-01-11T16:21:48.812-0500] {processor.py:175} INFO - Processing /Library/Frameworks/Python.framework/Versions/3.9/lib/python3.9/site-packages/airflow/example_dags/example_latest_only_with_trigger.py took 0.782 seconds
[2023-01-11T16:23:57.986-0500] {processor.py:153} INFO - Started process (PID=11194) to work on /Library/Frameworks/Python.framework/Versions/3.9/lib/python3.9/site-packages/airflow/example_dags/example_latest_only_with_trigger.py
[2023-01-11T16:23:57.992-0500] {processor.py:743} INFO - Processing file /Library/Frameworks/Python.framework/Versions/3.9/lib/python3.9/site-packages/airflow/example_dags/example_latest_only_with_trigger.py for tasks to queue
[2023-01-11T16:23:57.993-0500] {logging_mixin.py:137} INFO - [2023-01-11T16:23:57.993-0500] {dagbag.py:538} INFO - Filling up the DagBag from /Library/Frameworks/Python.framework/Versions/3.9/lib/python3.9/site-packages/airflow/example_dags/example_latest_only_with_trigger.py
[2023-01-11T16:23:58.029-0500] {processor.py:753} INFO - DAG(s) dict_keys(['latest_only_with_trigger']) retrieved from /Library/Frameworks/Python.framework/Versions/3.9/lib/python3.9/site-packages/airflow/example_dags/example_latest_only_with_trigger.py
[2023-01-11T16:23:58.672-0500] {logging_mixin.py:137} INFO - [2023-01-11T16:23:58.671-0500] {dag.py:2676} INFO - Sync 1 DAGs
[2023-01-11T16:23:58.691-0500] {logging_mixin.py:137} INFO - [2023-01-11T16:23:58.690-0500] {dag.py:3423} INFO - Setting next_dagrun for latest_only_with_trigger to 2023-01-11T17:23:58.690776+00:00, run_after=2023-01-11T21:23:58.690776+00:00
[2023-01-11T16:23:58.711-0500] {processor.py:175} INFO - Processing /Library/Frameworks/Python.framework/Versions/3.9/lib/python3.9/site-packages/airflow/example_dags/example_latest_only_with_trigger.py took 0.726 seconds
[2023-01-11T16:27:26.114-0500] {processor.py:153} INFO - Started process (PID=11359) to work on /Library/Frameworks/Python.framework/Versions/3.9/lib/python3.9/site-packages/airflow/example_dags/example_latest_only_with_trigger.py
[2023-01-11T16:27:26.120-0500] {processor.py:743} INFO - Processing file /Library/Frameworks/Python.framework/Versions/3.9/lib/python3.9/site-packages/airflow/example_dags/example_latest_only_with_trigger.py for tasks to queue
[2023-01-11T16:27:26.120-0500] {logging_mixin.py:137} INFO - [2023-01-11T16:27:26.120-0500] {dagbag.py:538} INFO - Filling up the DagBag from /Library/Frameworks/Python.framework/Versions/3.9/lib/python3.9/site-packages/airflow/example_dags/example_latest_only_with_trigger.py
[2023-01-11T16:27:26.152-0500] {processor.py:753} INFO - DAG(s) dict_keys(['latest_only_with_trigger']) retrieved from /Library/Frameworks/Python.framework/Versions/3.9/lib/python3.9/site-packages/airflow/example_dags/example_latest_only_with_trigger.py
[2023-01-11T16:27:26.793-0500] {logging_mixin.py:137} INFO - [2023-01-11T16:27:26.793-0500] {dag.py:2676} INFO - Sync 1 DAGs
[2023-01-11T16:27:26.809-0500] {logging_mixin.py:137} INFO - [2023-01-11T16:27:26.809-0500] {dag.py:3423} INFO - Setting next_dagrun for latest_only_with_trigger to 2023-01-11T17:27:26.808922+00:00, run_after=2023-01-11T21:27:26.808922+00:00
[2023-01-11T16:27:26.827-0500] {processor.py:175} INFO - Processing /Library/Frameworks/Python.framework/Versions/3.9/lib/python3.9/site-packages/airflow/example_dags/example_latest_only_with_trigger.py took 0.714 seconds
[2023-01-11T16:30:45.909-0500] {processor.py:153} INFO - Started process (PID=11461) to work on /Library/Frameworks/Python.framework/Versions/3.9/lib/python3.9/site-packages/airflow/example_dags/example_latest_only_with_trigger.py
[2023-01-11T16:30:45.916-0500] {processor.py:743} INFO - Processing file /Library/Frameworks/Python.framework/Versions/3.9/lib/python3.9/site-packages/airflow/example_dags/example_latest_only_with_trigger.py for tasks to queue
[2023-01-11T16:30:45.916-0500] {logging_mixin.py:137} INFO - [2023-01-11T16:30:45.916-0500] {dagbag.py:538} INFO - Filling up the DagBag from /Library/Frameworks/Python.framework/Versions/3.9/lib/python3.9/site-packages/airflow/example_dags/example_latest_only_with_trigger.py
[2023-01-11T16:30:45.947-0500] {processor.py:753} INFO - DAG(s) dict_keys(['latest_only_with_trigger']) retrieved from /Library/Frameworks/Python.framework/Versions/3.9/lib/python3.9/site-packages/airflow/example_dags/example_latest_only_with_trigger.py
[2023-01-11T16:30:46.594-0500] {logging_mixin.py:137} INFO - [2023-01-11T16:30:46.594-0500] {dag.py:2676} INFO - Sync 1 DAGs
[2023-01-11T16:30:46.610-0500] {logging_mixin.py:137} INFO - [2023-01-11T16:30:46.610-0500] {dag.py:3423} INFO - Setting next_dagrun for latest_only_with_trigger to 2023-01-11T17:30:46.610335+00:00, run_after=2023-01-11T21:30:46.610335+00:00
[2023-01-11T16:30:46.629-0500] {processor.py:175} INFO - Processing /Library/Frameworks/Python.framework/Versions/3.9/lib/python3.9/site-packages/airflow/example_dags/example_latest_only_with_trigger.py took 0.720 seconds
[2023-01-11T16:34:15.628-0500] {processor.py:153} INFO - Started process (PID=11551) to work on /Library/Frameworks/Python.framework/Versions/3.9/lib/python3.9/site-packages/airflow/example_dags/example_latest_only_with_trigger.py
[2023-01-11T16:34:15.634-0500] {processor.py:743} INFO - Processing file /Library/Frameworks/Python.framework/Versions/3.9/lib/python3.9/site-packages/airflow/example_dags/example_latest_only_with_trigger.py for tasks to queue
[2023-01-11T16:34:15.634-0500] {logging_mixin.py:137} INFO - [2023-01-11T16:34:15.634-0500] {dagbag.py:538} INFO - Filling up the DagBag from /Library/Frameworks/Python.framework/Versions/3.9/lib/python3.9/site-packages/airflow/example_dags/example_latest_only_with_trigger.py
[2023-01-11T16:34:15.664-0500] {processor.py:753} INFO - DAG(s) dict_keys(['latest_only_with_trigger']) retrieved from /Library/Frameworks/Python.framework/Versions/3.9/lib/python3.9/site-packages/airflow/example_dags/example_latest_only_with_trigger.py
[2023-01-11T16:34:16.290-0500] {logging_mixin.py:137} INFO - [2023-01-11T16:34:16.289-0500] {dag.py:2676} INFO - Sync 1 DAGs
[2023-01-11T16:34:16.306-0500] {logging_mixin.py:137} INFO - [2023-01-11T16:34:16.305-0500] {dag.py:3423} INFO - Setting next_dagrun for latest_only_with_trigger to 2023-01-11T17:34:16.305820+00:00, run_after=2023-01-11T21:34:16.305820+00:00
[2023-01-11T16:34:16.325-0500] {processor.py:175} INFO - Processing /Library/Frameworks/Python.framework/Versions/3.9/lib/python3.9/site-packages/airflow/example_dags/example_latest_only_with_trigger.py took 0.698 seconds
[2023-01-11T16:47:10.007-0500] {processor.py:153} INFO - Started process (PID=11976) to work on /Library/Frameworks/Python.framework/Versions/3.9/lib/python3.9/site-packages/airflow/example_dags/example_latest_only_with_trigger.py
[2023-01-11T16:47:10.023-0500] {processor.py:743} INFO - Processing file /Library/Frameworks/Python.framework/Versions/3.9/lib/python3.9/site-packages/airflow/example_dags/example_latest_only_with_trigger.py for tasks to queue
[2023-01-11T16:47:10.024-0500] {logging_mixin.py:137} INFO - [2023-01-11T16:47:10.024-0500] {dagbag.py:538} INFO - Filling up the DagBag from /Library/Frameworks/Python.framework/Versions/3.9/lib/python3.9/site-packages/airflow/example_dags/example_latest_only_with_trigger.py
[2023-01-11T16:47:10.131-0500] {processor.py:753} INFO - DAG(s) dict_keys(['latest_only_with_trigger']) retrieved from /Library/Frameworks/Python.framework/Versions/3.9/lib/python3.9/site-packages/airflow/example_dags/example_latest_only_with_trigger.py
[2023-01-11T16:47:12.422-0500] {logging_mixin.py:137} INFO - [2023-01-11T16:47:12.421-0500] {dag.py:2676} INFO - Sync 1 DAGs
[2023-01-11T16:47:12.740-0500] {logging_mixin.py:137} INFO - [2023-01-11T16:47:12.740-0500] {dag.py:3423} INFO - Setting next_dagrun for latest_only_with_trigger to 2023-01-11T17:47:12.740166+00:00, run_after=2023-01-11T21:47:12.740166+00:00
[2023-01-11T16:47:12.803-0500] {processor.py:175} INFO - Processing /Library/Frameworks/Python.framework/Versions/3.9/lib/python3.9/site-packages/airflow/example_dags/example_latest_only_with_trigger.py took 2.797 seconds
[2023-01-11T16:51:24.737-0500] {processor.py:153} INFO - Started process (PID=12090) to work on /Library/Frameworks/Python.framework/Versions/3.9/lib/python3.9/site-packages/airflow/example_dags/example_latest_only_with_trigger.py
[2023-01-11T16:51:24.747-0500] {processor.py:743} INFO - Processing file /Library/Frameworks/Python.framework/Versions/3.9/lib/python3.9/site-packages/airflow/example_dags/example_latest_only_with_trigger.py for tasks to queue
[2023-01-11T16:51:24.748-0500] {logging_mixin.py:137} INFO - [2023-01-11T16:51:24.748-0500] {dagbag.py:538} INFO - Filling up the DagBag from /Library/Frameworks/Python.framework/Versions/3.9/lib/python3.9/site-packages/airflow/example_dags/example_latest_only_with_trigger.py
[2023-01-11T16:51:24.786-0500] {processor.py:753} INFO - DAG(s) dict_keys(['latest_only_with_trigger']) retrieved from /Library/Frameworks/Python.framework/Versions/3.9/lib/python3.9/site-packages/airflow/example_dags/example_latest_only_with_trigger.py
[2023-01-11T16:51:25.422-0500] {logging_mixin.py:137} INFO - [2023-01-11T16:51:25.422-0500] {dag.py:2676} INFO - Sync 1 DAGs
[2023-01-11T16:51:25.439-0500] {logging_mixin.py:137} INFO - [2023-01-11T16:51:25.439-0500] {dag.py:3423} INFO - Setting next_dagrun for latest_only_with_trigger to 2023-01-11T17:51:25.439128+00:00, run_after=2023-01-11T21:51:25.439128+00:00
[2023-01-11T16:51:25.458-0500] {processor.py:175} INFO - Processing /Library/Frameworks/Python.framework/Versions/3.9/lib/python3.9/site-packages/airflow/example_dags/example_latest_only_with_trigger.py took 0.721 seconds
[2023-01-11T16:55:13.247-0500] {processor.py:153} INFO - Started process (PID=12289) to work on /Library/Frameworks/Python.framework/Versions/3.9/lib/python3.9/site-packages/airflow/example_dags/example_latest_only_with_trigger.py
[2023-01-11T16:55:13.253-0500] {processor.py:743} INFO - Processing file /Library/Frameworks/Python.framework/Versions/3.9/lib/python3.9/site-packages/airflow/example_dags/example_latest_only_with_trigger.py for tasks to queue
[2023-01-11T16:55:13.262-0500] {logging_mixin.py:137} INFO - [2023-01-11T16:55:13.262-0500] {dagbag.py:538} INFO - Filling up the DagBag from /Library/Frameworks/Python.framework/Versions/3.9/lib/python3.9/site-packages/airflow/example_dags/example_latest_only_with_trigger.py
[2023-01-11T16:55:13.294-0500] {processor.py:753} INFO - DAG(s) dict_keys(['latest_only_with_trigger']) retrieved from /Library/Frameworks/Python.framework/Versions/3.9/lib/python3.9/site-packages/airflow/example_dags/example_latest_only_with_trigger.py
[2023-01-11T16:55:13.947-0500] {logging_mixin.py:137} INFO - [2023-01-11T16:55:13.947-0500] {dag.py:2676} INFO - Sync 1 DAGs
[2023-01-11T16:55:13.964-0500] {logging_mixin.py:137} INFO - [2023-01-11T16:55:13.964-0500] {dag.py:3423} INFO - Setting next_dagrun for latest_only_with_trigger to 2023-01-11T17:55:13.964282+00:00, run_after=2023-01-11T21:55:13.964282+00:00
[2023-01-11T16:55:13.986-0500] {processor.py:175} INFO - Processing /Library/Frameworks/Python.framework/Versions/3.9/lib/python3.9/site-packages/airflow/example_dags/example_latest_only_with_trigger.py took 0.740 seconds
[2023-01-11T16:58:52.830-0500] {processor.py:153} INFO - Started process (PID=12393) to work on /Library/Frameworks/Python.framework/Versions/3.9/lib/python3.9/site-packages/airflow/example_dags/example_latest_only_with_trigger.py
[2023-01-11T16:58:52.837-0500] {processor.py:743} INFO - Processing file /Library/Frameworks/Python.framework/Versions/3.9/lib/python3.9/site-packages/airflow/example_dags/example_latest_only_with_trigger.py for tasks to queue
[2023-01-11T16:58:52.837-0500] {logging_mixin.py:137} INFO - [2023-01-11T16:58:52.837-0500] {dagbag.py:538} INFO - Filling up the DagBag from /Library/Frameworks/Python.framework/Versions/3.9/lib/python3.9/site-packages/airflow/example_dags/example_latest_only_with_trigger.py
[2023-01-11T16:58:52.888-0500] {processor.py:753} INFO - DAG(s) dict_keys(['latest_only_with_trigger']) retrieved from /Library/Frameworks/Python.framework/Versions/3.9/lib/python3.9/site-packages/airflow/example_dags/example_latest_only_with_trigger.py
[2023-01-11T16:58:53.609-0500] {logging_mixin.py:137} INFO - [2023-01-11T16:58:53.609-0500] {dag.py:2676} INFO - Sync 1 DAGs
[2023-01-11T16:58:53.629-0500] {logging_mixin.py:137} INFO - [2023-01-11T16:58:53.629-0500] {dag.py:3423} INFO - Setting next_dagrun for latest_only_with_trigger to 2023-01-11T17:58:53.629019+00:00, run_after=2023-01-11T21:58:53.629019+00:00
[2023-01-11T16:58:53.651-0500] {processor.py:175} INFO - Processing /Library/Frameworks/Python.framework/Versions/3.9/lib/python3.9/site-packages/airflow/example_dags/example_latest_only_with_trigger.py took 0.821 seconds
[2023-01-11T17:02:49.842-0500] {processor.py:153} INFO - Started process (PID=13109) to work on /Library/Frameworks/Python.framework/Versions/3.9/lib/python3.9/site-packages/airflow/example_dags/example_latest_only_with_trigger.py
[2023-01-11T17:02:49.848-0500] {processor.py:743} INFO - Processing file /Library/Frameworks/Python.framework/Versions/3.9/lib/python3.9/site-packages/airflow/example_dags/example_latest_only_with_trigger.py for tasks to queue
[2023-01-11T17:02:49.849-0500] {logging_mixin.py:137} INFO - [2023-01-11T17:02:49.849-0500] {dagbag.py:538} INFO - Filling up the DagBag from /Library/Frameworks/Python.framework/Versions/3.9/lib/python3.9/site-packages/airflow/example_dags/example_latest_only_with_trigger.py
[2023-01-11T17:02:49.881-0500] {processor.py:753} INFO - DAG(s) dict_keys(['latest_only_with_trigger']) retrieved from /Library/Frameworks/Python.framework/Versions/3.9/lib/python3.9/site-packages/airflow/example_dags/example_latest_only_with_trigger.py
[2023-01-11T17:02:50.563-0500] {logging_mixin.py:137} INFO - [2023-01-11T17:02:50.563-0500] {dag.py:2676} INFO - Sync 1 DAGs
[2023-01-11T17:02:50.581-0500] {logging_mixin.py:137} INFO - [2023-01-11T17:02:50.581-0500] {dag.py:3423} INFO - Setting next_dagrun for latest_only_with_trigger to 2023-01-11T18:02:50.581366+00:00, run_after=2023-01-11T22:02:50.581366+00:00
[2023-01-11T17:02:50.602-0500] {processor.py:175} INFO - Processing /Library/Frameworks/Python.framework/Versions/3.9/lib/python3.9/site-packages/airflow/example_dags/example_latest_only_with_trigger.py took 0.760 seconds
