[2023-01-10T20:12:39.532-0500] {processor.py:153} INFO - Started process (PID=2361) to work on /Library/Frameworks/Python.framework/Versions/3.9/lib/python3.9/site-packages/airflow/example_dags/example_kubernetes_executor.py
[2023-01-10T20:12:39.543-0500] {processor.py:743} INFO - Processing file /Library/Frameworks/Python.framework/Versions/3.9/lib/python3.9/site-packages/airflow/example_dags/example_kubernetes_executor.py for tasks to queue
[2023-01-10T20:12:39.544-0500] {logging_mixin.py:137} INFO - [2023-01-10T20:12:39.543-0500] {dagbag.py:538} INFO - Filling up the DagBag from /Library/Frameworks/Python.framework/Versions/3.9/lib/python3.9/site-packages/airflow/example_dags/example_kubernetes_executor.py
[2023-01-10T20:12:39.665-0500] {logging_mixin.py:137} INFO - [2023-01-10T20:12:39.664-0500] {example_kubernetes_executor.py:41} WARNING - The example_kubernetes_executor example DAG requires the kubernetes provider. Please install it with: pip install apache-airflow[cncf.kubernetes]
[2023-01-10T20:12:39.665-0500] {processor.py:755} WARNING - No viable dags retrieved from /Library/Frameworks/Python.framework/Versions/3.9/lib/python3.9/site-packages/airflow/example_dags/example_kubernetes_executor.py
[2023-01-10T20:12:40.956-0500] {processor.py:175} INFO - Processing /Library/Frameworks/Python.framework/Versions/3.9/lib/python3.9/site-packages/airflow/example_dags/example_kubernetes_executor.py took 1.425 seconds
[2023-01-10T20:16:11.789-0500] {processor.py:153} INFO - Started process (PID=2818) to work on /Library/Frameworks/Python.framework/Versions/3.9/lib/python3.9/site-packages/airflow/example_dags/example_kubernetes_executor.py
[2023-01-10T20:16:11.800-0500] {processor.py:743} INFO - Processing file /Library/Frameworks/Python.framework/Versions/3.9/lib/python3.9/site-packages/airflow/example_dags/example_kubernetes_executor.py for tasks to queue
[2023-01-10T20:16:11.801-0500] {logging_mixin.py:137} INFO - [2023-01-10T20:16:11.801-0500] {dagbag.py:538} INFO - Filling up the DagBag from /Library/Frameworks/Python.framework/Versions/3.9/lib/python3.9/site-packages/airflow/example_dags/example_kubernetes_executor.py
[2023-01-10T20:16:12.008-0500] {logging_mixin.py:137} INFO - [2023-01-10T20:16:12.007-0500] {example_kubernetes_executor.py:41} WARNING - The example_kubernetes_executor example DAG requires the kubernetes provider. Please install it with: pip install apache-airflow[cncf.kubernetes]
[2023-01-10T20:16:12.009-0500] {processor.py:755} WARNING - No viable dags retrieved from /Library/Frameworks/Python.framework/Versions/3.9/lib/python3.9/site-packages/airflow/example_dags/example_kubernetes_executor.py
[2023-01-10T20:16:12.872-0500] {processor.py:175} INFO - Processing /Library/Frameworks/Python.framework/Versions/3.9/lib/python3.9/site-packages/airflow/example_dags/example_kubernetes_executor.py took 1.084 seconds
[2023-01-10T20:19:10.676-0500] {processor.py:153} INFO - Started process (PID=2909) to work on /Library/Frameworks/Python.framework/Versions/3.9/lib/python3.9/site-packages/airflow/example_dags/example_kubernetes_executor.py
[2023-01-10T20:19:10.681-0500] {processor.py:743} INFO - Processing file /Library/Frameworks/Python.framework/Versions/3.9/lib/python3.9/site-packages/airflow/example_dags/example_kubernetes_executor.py for tasks to queue
[2023-01-10T20:19:10.682-0500] {logging_mixin.py:137} INFO - [2023-01-10T20:19:10.682-0500] {dagbag.py:538} INFO - Filling up the DagBag from /Library/Frameworks/Python.framework/Versions/3.9/lib/python3.9/site-packages/airflow/example_dags/example_kubernetes_executor.py
[2023-01-10T20:19:10.726-0500] {logging_mixin.py:137} INFO - [2023-01-10T20:19:10.726-0500] {example_kubernetes_executor.py:41} WARNING - The example_kubernetes_executor example DAG requires the kubernetes provider. Please install it with: pip install apache-airflow[cncf.kubernetes]
[2023-01-10T20:19:10.726-0500] {processor.py:755} WARNING - No viable dags retrieved from /Library/Frameworks/Python.framework/Versions/3.9/lib/python3.9/site-packages/airflow/example_dags/example_kubernetes_executor.py
[2023-01-10T20:19:11.385-0500] {processor.py:175} INFO - Processing /Library/Frameworks/Python.framework/Versions/3.9/lib/python3.9/site-packages/airflow/example_dags/example_kubernetes_executor.py took 0.709 seconds
[2023-01-10T20:21:52.277-0500] {processor.py:153} INFO - Started process (PID=2990) to work on /Library/Frameworks/Python.framework/Versions/3.9/lib/python3.9/site-packages/airflow/example_dags/example_kubernetes_executor.py
[2023-01-10T20:21:52.282-0500] {processor.py:743} INFO - Processing file /Library/Frameworks/Python.framework/Versions/3.9/lib/python3.9/site-packages/airflow/example_dags/example_kubernetes_executor.py for tasks to queue
[2023-01-10T20:21:52.283-0500] {logging_mixin.py:137} INFO - [2023-01-10T20:21:52.283-0500] {dagbag.py:538} INFO - Filling up the DagBag from /Library/Frameworks/Python.framework/Versions/3.9/lib/python3.9/site-packages/airflow/example_dags/example_kubernetes_executor.py
[2023-01-10T20:21:52.323-0500] {logging_mixin.py:137} INFO - [2023-01-10T20:21:52.323-0500] {example_kubernetes_executor.py:41} WARNING - The example_kubernetes_executor example DAG requires the kubernetes provider. Please install it with: pip install apache-airflow[cncf.kubernetes]
[2023-01-10T20:21:52.324-0500] {processor.py:755} WARNING - No viable dags retrieved from /Library/Frameworks/Python.framework/Versions/3.9/lib/python3.9/site-packages/airflow/example_dags/example_kubernetes_executor.py
[2023-01-10T20:21:52.958-0500] {processor.py:175} INFO - Processing /Library/Frameworks/Python.framework/Versions/3.9/lib/python3.9/site-packages/airflow/example_dags/example_kubernetes_executor.py took 0.681 seconds
[2023-01-10T20:24:34.117-0500] {processor.py:153} INFO - Started process (PID=3086) to work on /Library/Frameworks/Python.framework/Versions/3.9/lib/python3.9/site-packages/airflow/example_dags/example_kubernetes_executor.py
[2023-01-10T20:24:34.123-0500] {processor.py:743} INFO - Processing file /Library/Frameworks/Python.framework/Versions/3.9/lib/python3.9/site-packages/airflow/example_dags/example_kubernetes_executor.py for tasks to queue
[2023-01-10T20:24:34.123-0500] {logging_mixin.py:137} INFO - [2023-01-10T20:24:34.123-0500] {dagbag.py:538} INFO - Filling up the DagBag from /Library/Frameworks/Python.framework/Versions/3.9/lib/python3.9/site-packages/airflow/example_dags/example_kubernetes_executor.py
[2023-01-10T20:24:34.165-0500] {logging_mixin.py:137} INFO - [2023-01-10T20:24:34.164-0500] {example_kubernetes_executor.py:41} WARNING - The example_kubernetes_executor example DAG requires the kubernetes provider. Please install it with: pip install apache-airflow[cncf.kubernetes]
[2023-01-10T20:24:34.165-0500] {processor.py:755} WARNING - No viable dags retrieved from /Library/Frameworks/Python.framework/Versions/3.9/lib/python3.9/site-packages/airflow/example_dags/example_kubernetes_executor.py
[2023-01-10T20:24:34.822-0500] {processor.py:175} INFO - Processing /Library/Frameworks/Python.framework/Versions/3.9/lib/python3.9/site-packages/airflow/example_dags/example_kubernetes_executor.py took 0.705 seconds
[2023-01-10T20:27:11.801-0500] {processor.py:153} INFO - Started process (PID=3220) to work on /Library/Frameworks/Python.framework/Versions/3.9/lib/python3.9/site-packages/airflow/example_dags/example_kubernetes_executor.py
[2023-01-10T20:27:11.807-0500] {processor.py:743} INFO - Processing file /Library/Frameworks/Python.framework/Versions/3.9/lib/python3.9/site-packages/airflow/example_dags/example_kubernetes_executor.py for tasks to queue
[2023-01-10T20:27:11.807-0500] {logging_mixin.py:137} INFO - [2023-01-10T20:27:11.807-0500] {dagbag.py:538} INFO - Filling up the DagBag from /Library/Frameworks/Python.framework/Versions/3.9/lib/python3.9/site-packages/airflow/example_dags/example_kubernetes_executor.py
[2023-01-10T20:27:11.848-0500] {logging_mixin.py:137} INFO - [2023-01-10T20:27:11.848-0500] {example_kubernetes_executor.py:41} WARNING - The example_kubernetes_executor example DAG requires the kubernetes provider. Please install it with: pip install apache-airflow[cncf.kubernetes]
[2023-01-10T20:27:11.848-0500] {processor.py:755} WARNING - No viable dags retrieved from /Library/Frameworks/Python.framework/Versions/3.9/lib/python3.9/site-packages/airflow/example_dags/example_kubernetes_executor.py
[2023-01-10T20:27:12.526-0500] {processor.py:175} INFO - Processing /Library/Frameworks/Python.framework/Versions/3.9/lib/python3.9/site-packages/airflow/example_dags/example_kubernetes_executor.py took 0.725 seconds
[2023-01-10T20:29:51.885-0500] {processor.py:153} INFO - Started process (PID=3350) to work on /Library/Frameworks/Python.framework/Versions/3.9/lib/python3.9/site-packages/airflow/example_dags/example_kubernetes_executor.py
[2023-01-10T20:29:51.890-0500] {processor.py:743} INFO - Processing file /Library/Frameworks/Python.framework/Versions/3.9/lib/python3.9/site-packages/airflow/example_dags/example_kubernetes_executor.py for tasks to queue
[2023-01-10T20:29:51.891-0500] {logging_mixin.py:137} INFO - [2023-01-10T20:29:51.891-0500] {dagbag.py:538} INFO - Filling up the DagBag from /Library/Frameworks/Python.framework/Versions/3.9/lib/python3.9/site-packages/airflow/example_dags/example_kubernetes_executor.py
[2023-01-10T20:29:51.931-0500] {logging_mixin.py:137} INFO - [2023-01-10T20:29:51.931-0500] {example_kubernetes_executor.py:41} WARNING - The example_kubernetes_executor example DAG requires the kubernetes provider. Please install it with: pip install apache-airflow[cncf.kubernetes]
[2023-01-10T20:29:51.931-0500] {processor.py:755} WARNING - No viable dags retrieved from /Library/Frameworks/Python.framework/Versions/3.9/lib/python3.9/site-packages/airflow/example_dags/example_kubernetes_executor.py
[2023-01-10T20:29:52.601-0500] {processor.py:175} INFO - Processing /Library/Frameworks/Python.framework/Versions/3.9/lib/python3.9/site-packages/airflow/example_dags/example_kubernetes_executor.py took 0.716 seconds
[2023-01-10T20:32:44.731-0500] {processor.py:153} INFO - Started process (PID=3566) to work on /Library/Frameworks/Python.framework/Versions/3.9/lib/python3.9/site-packages/airflow/example_dags/example_kubernetes_executor.py
[2023-01-10T20:32:44.736-0500] {processor.py:743} INFO - Processing file /Library/Frameworks/Python.framework/Versions/3.9/lib/python3.9/site-packages/airflow/example_dags/example_kubernetes_executor.py for tasks to queue
[2023-01-10T20:32:44.737-0500] {logging_mixin.py:137} INFO - [2023-01-10T20:32:44.737-0500] {dagbag.py:538} INFO - Filling up the DagBag from /Library/Frameworks/Python.framework/Versions/3.9/lib/python3.9/site-packages/airflow/example_dags/example_kubernetes_executor.py
[2023-01-10T20:32:44.806-0500] {processor.py:753} INFO - DAG(s) dict_keys(['example_kubernetes_executor']) retrieved from /Library/Frameworks/Python.framework/Versions/3.9/lib/python3.9/site-packages/airflow/example_dags/example_kubernetes_executor.py
[2023-01-10T20:32:45.617-0500] {logging_mixin.py:137} INFO - [2023-01-10T20:32:45.616-0500] {manager.py:504} INFO - Created Permission View: can edit on DAG:example_kubernetes_executor
[2023-01-10T20:32:45.625-0500] {logging_mixin.py:137} INFO - [2023-01-10T20:32:45.625-0500] {manager.py:504} INFO - Created Permission View: can read on DAG:example_kubernetes_executor
[2023-01-10T20:32:45.632-0500] {logging_mixin.py:137} INFO - [2023-01-10T20:32:45.632-0500] {manager.py:504} INFO - Created Permission View: can delete on DAG:example_kubernetes_executor
[2023-01-10T20:32:45.633-0500] {logging_mixin.py:137} INFO - [2023-01-10T20:32:45.633-0500] {dag.py:2676} INFO - Sync 1 DAGs
[2023-01-10T20:32:45.644-0500] {logging_mixin.py:137} INFO - [2023-01-10T20:32:45.644-0500] {dag.py:2697} INFO - Creating ORM DAG for example_kubernetes_executor
[2023-01-10T20:32:45.651-0500] {logging_mixin.py:137} INFO - [2023-01-10T20:32:45.651-0500] {dag.py:3423} INFO - Setting next_dagrun for example_kubernetes_executor to None, run_after=None
[2023-01-10T20:32:45.675-0500] {processor.py:175} INFO - Processing /Library/Frameworks/Python.framework/Versions/3.9/lib/python3.9/site-packages/airflow/example_dags/example_kubernetes_executor.py took 0.945 seconds
[2023-01-10T20:36:04.008-0500] {processor.py:153} INFO - Started process (PID=3757) to work on /Library/Frameworks/Python.framework/Versions/3.9/lib/python3.9/site-packages/airflow/example_dags/example_kubernetes_executor.py
[2023-01-10T20:36:04.014-0500] {processor.py:743} INFO - Processing file /Library/Frameworks/Python.framework/Versions/3.9/lib/python3.9/site-packages/airflow/example_dags/example_kubernetes_executor.py for tasks to queue
[2023-01-10T20:36:04.014-0500] {logging_mixin.py:137} INFO - [2023-01-10T20:36:04.014-0500] {dagbag.py:538} INFO - Filling up the DagBag from /Library/Frameworks/Python.framework/Versions/3.9/lib/python3.9/site-packages/airflow/example_dags/example_kubernetes_executor.py
[2023-01-10T20:36:04.075-0500] {processor.py:753} INFO - DAG(s) dict_keys(['example_kubernetes_executor']) retrieved from /Library/Frameworks/Python.framework/Versions/3.9/lib/python3.9/site-packages/airflow/example_dags/example_kubernetes_executor.py
[2023-01-10T20:36:04.696-0500] {logging_mixin.py:137} INFO - [2023-01-10T20:36:04.696-0500] {dag.py:2676} INFO - Sync 1 DAGs
[2023-01-10T20:36:04.714-0500] {logging_mixin.py:137} INFO - [2023-01-10T20:36:04.714-0500] {dag.py:3423} INFO - Setting next_dagrun for example_kubernetes_executor to None, run_after=None
[2023-01-10T20:36:04.734-0500] {processor.py:175} INFO - Processing /Library/Frameworks/Python.framework/Versions/3.9/lib/python3.9/site-packages/airflow/example_dags/example_kubernetes_executor.py took 0.726 seconds
[2023-01-10T20:39:30.677-0500] {processor.py:153} INFO - Started process (PID=3898) to work on /Library/Frameworks/Python.framework/Versions/3.9/lib/python3.9/site-packages/airflow/example_dags/example_kubernetes_executor.py
[2023-01-10T20:39:30.687-0500] {processor.py:743} INFO - Processing file /Library/Frameworks/Python.framework/Versions/3.9/lib/python3.9/site-packages/airflow/example_dags/example_kubernetes_executor.py for tasks to queue
[2023-01-10T20:39:30.688-0500] {logging_mixin.py:137} INFO - [2023-01-10T20:39:30.688-0500] {dagbag.py:538} INFO - Filling up the DagBag from /Library/Frameworks/Python.framework/Versions/3.9/lib/python3.9/site-packages/airflow/example_dags/example_kubernetes_executor.py
[2023-01-10T20:39:30.767-0500] {processor.py:753} INFO - DAG(s) dict_keys(['example_kubernetes_executor']) retrieved from /Library/Frameworks/Python.framework/Versions/3.9/lib/python3.9/site-packages/airflow/example_dags/example_kubernetes_executor.py
[2023-01-10T20:39:31.384-0500] {logging_mixin.py:137} INFO - [2023-01-10T20:39:31.384-0500] {dag.py:2676} INFO - Sync 1 DAGs
[2023-01-10T20:39:31.400-0500] {logging_mixin.py:137} INFO - [2023-01-10T20:39:31.400-0500] {dag.py:3423} INFO - Setting next_dagrun for example_kubernetes_executor to None, run_after=None
[2023-01-10T20:39:31.418-0500] {processor.py:175} INFO - Processing /Library/Frameworks/Python.framework/Versions/3.9/lib/python3.9/site-packages/airflow/example_dags/example_kubernetes_executor.py took 0.747 seconds
[2023-01-10T20:43:15.482-0500] {processor.py:153} INFO - Started process (PID=4089) to work on /Library/Frameworks/Python.framework/Versions/3.9/lib/python3.9/site-packages/airflow/example_dags/example_kubernetes_executor.py
[2023-01-10T20:43:15.488-0500] {processor.py:743} INFO - Processing file /Library/Frameworks/Python.framework/Versions/3.9/lib/python3.9/site-packages/airflow/example_dags/example_kubernetes_executor.py for tasks to queue
[2023-01-10T20:43:15.488-0500] {logging_mixin.py:137} INFO - [2023-01-10T20:43:15.488-0500] {dagbag.py:538} INFO - Filling up the DagBag from /Library/Frameworks/Python.framework/Versions/3.9/lib/python3.9/site-packages/airflow/example_dags/example_kubernetes_executor.py
[2023-01-10T20:43:15.543-0500] {processor.py:753} INFO - DAG(s) dict_keys(['example_kubernetes_executor']) retrieved from /Library/Frameworks/Python.framework/Versions/3.9/lib/python3.9/site-packages/airflow/example_dags/example_kubernetes_executor.py
[2023-01-10T20:43:16.178-0500] {logging_mixin.py:137} INFO - [2023-01-10T20:43:16.177-0500] {dag.py:2676} INFO - Sync 1 DAGs
[2023-01-10T20:43:16.195-0500] {logging_mixin.py:137} INFO - [2023-01-10T20:43:16.194-0500] {dag.py:3423} INFO - Setting next_dagrun for example_kubernetes_executor to None, run_after=None
[2023-01-10T20:43:16.215-0500] {processor.py:175} INFO - Processing /Library/Frameworks/Python.framework/Versions/3.9/lib/python3.9/site-packages/airflow/example_dags/example_kubernetes_executor.py took 0.734 seconds
[2023-01-10T20:46:35.941-0500] {processor.py:153} INFO - Started process (PID=4259) to work on /Library/Frameworks/Python.framework/Versions/3.9/lib/python3.9/site-packages/airflow/example_dags/example_kubernetes_executor.py
[2023-01-10T20:46:35.947-0500] {processor.py:743} INFO - Processing file /Library/Frameworks/Python.framework/Versions/3.9/lib/python3.9/site-packages/airflow/example_dags/example_kubernetes_executor.py for tasks to queue
[2023-01-10T20:46:35.947-0500] {logging_mixin.py:137} INFO - [2023-01-10T20:46:35.947-0500] {dagbag.py:538} INFO - Filling up the DagBag from /Library/Frameworks/Python.framework/Versions/3.9/lib/python3.9/site-packages/airflow/example_dags/example_kubernetes_executor.py
[2023-01-10T20:46:36.004-0500] {processor.py:753} INFO - DAG(s) dict_keys(['example_kubernetes_executor']) retrieved from /Library/Frameworks/Python.framework/Versions/3.9/lib/python3.9/site-packages/airflow/example_dags/example_kubernetes_executor.py
[2023-01-10T20:46:37.020-0500] {logging_mixin.py:137} INFO - [2023-01-10T20:46:37.020-0500] {dag.py:2676} INFO - Sync 1 DAGs
[2023-01-10T20:46:37.038-0500] {logging_mixin.py:137} INFO - [2023-01-10T20:46:37.038-0500] {dag.py:3423} INFO - Setting next_dagrun for example_kubernetes_executor to None, run_after=None
[2023-01-10T20:46:37.058-0500] {processor.py:175} INFO - Processing /Library/Frameworks/Python.framework/Versions/3.9/lib/python3.9/site-packages/airflow/example_dags/example_kubernetes_executor.py took 1.118 seconds
[2023-01-10T20:50:07.062-0500] {processor.py:153} INFO - Started process (PID=4392) to work on /Library/Frameworks/Python.framework/Versions/3.9/lib/python3.9/site-packages/airflow/example_dags/example_kubernetes_executor.py
[2023-01-10T20:50:07.067-0500] {processor.py:743} INFO - Processing file /Library/Frameworks/Python.framework/Versions/3.9/lib/python3.9/site-packages/airflow/example_dags/example_kubernetes_executor.py for tasks to queue
[2023-01-10T20:50:07.068-0500] {logging_mixin.py:137} INFO - [2023-01-10T20:50:07.067-0500] {dagbag.py:538} INFO - Filling up the DagBag from /Library/Frameworks/Python.framework/Versions/3.9/lib/python3.9/site-packages/airflow/example_dags/example_kubernetes_executor.py
[2023-01-10T20:50:07.128-0500] {processor.py:753} INFO - DAG(s) dict_keys(['example_kubernetes_executor']) retrieved from /Library/Frameworks/Python.framework/Versions/3.9/lib/python3.9/site-packages/airflow/example_dags/example_kubernetes_executor.py
[2023-01-10T20:50:07.800-0500] {logging_mixin.py:137} INFO - [2023-01-10T20:50:07.800-0500] {dag.py:2676} INFO - Sync 1 DAGs
[2023-01-10T20:50:07.817-0500] {logging_mixin.py:137} INFO - [2023-01-10T20:50:07.816-0500] {dag.py:3423} INFO - Setting next_dagrun for example_kubernetes_executor to None, run_after=None
[2023-01-10T20:50:07.835-0500] {processor.py:175} INFO - Processing /Library/Frameworks/Python.framework/Versions/3.9/lib/python3.9/site-packages/airflow/example_dags/example_kubernetes_executor.py took 0.774 seconds
[2023-01-10T20:53:35.601-0500] {processor.py:153} INFO - Started process (PID=4504) to work on /Library/Frameworks/Python.framework/Versions/3.9/lib/python3.9/site-packages/airflow/example_dags/example_kubernetes_executor.py
[2023-01-10T20:53:35.607-0500] {processor.py:743} INFO - Processing file /Library/Frameworks/Python.framework/Versions/3.9/lib/python3.9/site-packages/airflow/example_dags/example_kubernetes_executor.py for tasks to queue
[2023-01-10T20:53:35.607-0500] {logging_mixin.py:137} INFO - [2023-01-10T20:53:35.607-0500] {dagbag.py:538} INFO - Filling up the DagBag from /Library/Frameworks/Python.framework/Versions/3.9/lib/python3.9/site-packages/airflow/example_dags/example_kubernetes_executor.py
[2023-01-10T20:53:35.661-0500] {processor.py:753} INFO - DAG(s) dict_keys(['example_kubernetes_executor']) retrieved from /Library/Frameworks/Python.framework/Versions/3.9/lib/python3.9/site-packages/airflow/example_dags/example_kubernetes_executor.py
[2023-01-10T20:53:36.267-0500] {logging_mixin.py:137} INFO - [2023-01-10T20:53:36.267-0500] {dag.py:2676} INFO - Sync 1 DAGs
[2023-01-10T20:53:36.283-0500] {logging_mixin.py:137} INFO - [2023-01-10T20:53:36.283-0500] {dag.py:3423} INFO - Setting next_dagrun for example_kubernetes_executor to None, run_after=None
[2023-01-10T20:53:36.301-0500] {processor.py:175} INFO - Processing /Library/Frameworks/Python.framework/Versions/3.9/lib/python3.9/site-packages/airflow/example_dags/example_kubernetes_executor.py took 0.702 seconds
[2023-01-10T20:56:36.205-0500] {processor.py:153} INFO - Started process (PID=4636) to work on /Library/Frameworks/Python.framework/Versions/3.9/lib/python3.9/site-packages/airflow/example_dags/example_kubernetes_executor.py
[2023-01-10T20:56:36.211-0500] {processor.py:743} INFO - Processing file /Library/Frameworks/Python.framework/Versions/3.9/lib/python3.9/site-packages/airflow/example_dags/example_kubernetes_executor.py for tasks to queue
[2023-01-10T20:56:36.212-0500] {logging_mixin.py:137} INFO - [2023-01-10T20:56:36.212-0500] {dagbag.py:538} INFO - Filling up the DagBag from /Library/Frameworks/Python.framework/Versions/3.9/lib/python3.9/site-packages/airflow/example_dags/example_kubernetes_executor.py
[2023-01-10T20:56:36.266-0500] {processor.py:753} INFO - DAG(s) dict_keys(['example_kubernetes_executor']) retrieved from /Library/Frameworks/Python.framework/Versions/3.9/lib/python3.9/site-packages/airflow/example_dags/example_kubernetes_executor.py
[2023-01-10T20:56:36.866-0500] {logging_mixin.py:137} INFO - [2023-01-10T20:56:36.865-0500] {dag.py:2676} INFO - Sync 1 DAGs
[2023-01-10T20:56:36.881-0500] {logging_mixin.py:137} INFO - [2023-01-10T20:56:36.881-0500] {dag.py:3423} INFO - Setting next_dagrun for example_kubernetes_executor to None, run_after=None
[2023-01-10T20:56:36.899-0500] {processor.py:175} INFO - Processing /Library/Frameworks/Python.framework/Versions/3.9/lib/python3.9/site-packages/airflow/example_dags/example_kubernetes_executor.py took 0.694 seconds
[2023-01-10T21:00:01.619-0500] {processor.py:153} INFO - Started process (PID=4728) to work on /Library/Frameworks/Python.framework/Versions/3.9/lib/python3.9/site-packages/airflow/example_dags/example_kubernetes_executor.py
[2023-01-10T21:00:01.625-0500] {processor.py:743} INFO - Processing file /Library/Frameworks/Python.framework/Versions/3.9/lib/python3.9/site-packages/airflow/example_dags/example_kubernetes_executor.py for tasks to queue
[2023-01-10T21:00:01.625-0500] {logging_mixin.py:137} INFO - [2023-01-10T21:00:01.625-0500] {dagbag.py:538} INFO - Filling up the DagBag from /Library/Frameworks/Python.framework/Versions/3.9/lib/python3.9/site-packages/airflow/example_dags/example_kubernetes_executor.py
[2023-01-10T21:00:01.683-0500] {processor.py:753} INFO - DAG(s) dict_keys(['example_kubernetes_executor']) retrieved from /Library/Frameworks/Python.framework/Versions/3.9/lib/python3.9/site-packages/airflow/example_dags/example_kubernetes_executor.py
[2023-01-10T21:00:02.288-0500] {logging_mixin.py:137} INFO - [2023-01-10T21:00:02.288-0500] {dag.py:2676} INFO - Sync 1 DAGs
[2023-01-10T21:00:02.304-0500] {logging_mixin.py:137} INFO - [2023-01-10T21:00:02.304-0500] {dag.py:3423} INFO - Setting next_dagrun for example_kubernetes_executor to None, run_after=None
[2023-01-10T21:00:02.321-0500] {processor.py:175} INFO - Processing /Library/Frameworks/Python.framework/Versions/3.9/lib/python3.9/site-packages/airflow/example_dags/example_kubernetes_executor.py took 0.703 seconds
[2023-01-10T21:03:00.028-0500] {processor.py:153} INFO - Started process (PID=4801) to work on /Library/Frameworks/Python.framework/Versions/3.9/lib/python3.9/site-packages/airflow/example_dags/example_kubernetes_executor.py
[2023-01-10T21:03:00.033-0500] {processor.py:743} INFO - Processing file /Library/Frameworks/Python.framework/Versions/3.9/lib/python3.9/site-packages/airflow/example_dags/example_kubernetes_executor.py for tasks to queue
[2023-01-10T21:03:00.034-0500] {logging_mixin.py:137} INFO - [2023-01-10T21:03:00.034-0500] {dagbag.py:538} INFO - Filling up the DagBag from /Library/Frameworks/Python.framework/Versions/3.9/lib/python3.9/site-packages/airflow/example_dags/example_kubernetes_executor.py
[2023-01-10T21:03:00.088-0500] {processor.py:753} INFO - DAG(s) dict_keys(['example_kubernetes_executor']) retrieved from /Library/Frameworks/Python.framework/Versions/3.9/lib/python3.9/site-packages/airflow/example_dags/example_kubernetes_executor.py
[2023-01-10T21:03:00.722-0500] {logging_mixin.py:137} INFO - [2023-01-10T21:03:00.721-0500] {dag.py:2676} INFO - Sync 1 DAGs
[2023-01-10T21:03:00.739-0500] {logging_mixin.py:137} INFO - [2023-01-10T21:03:00.739-0500] {dag.py:3423} INFO - Setting next_dagrun for example_kubernetes_executor to None, run_after=None
[2023-01-10T21:03:00.763-0500] {processor.py:175} INFO - Processing /Library/Frameworks/Python.framework/Versions/3.9/lib/python3.9/site-packages/airflow/example_dags/example_kubernetes_executor.py took 0.736 seconds
[2023-01-10T21:06:10.273-0500] {processor.py:153} INFO - Started process (PID=4995) to work on /Library/Frameworks/Python.framework/Versions/3.9/lib/python3.9/site-packages/airflow/example_dags/example_kubernetes_executor.py
[2023-01-10T21:06:10.280-0500] {processor.py:743} INFO - Processing file /Library/Frameworks/Python.framework/Versions/3.9/lib/python3.9/site-packages/airflow/example_dags/example_kubernetes_executor.py for tasks to queue
[2023-01-10T21:06:10.280-0500] {logging_mixin.py:137} INFO - [2023-01-10T21:06:10.280-0500] {dagbag.py:538} INFO - Filling up the DagBag from /Library/Frameworks/Python.framework/Versions/3.9/lib/python3.9/site-packages/airflow/example_dags/example_kubernetes_executor.py
[2023-01-10T21:06:10.334-0500] {processor.py:753} INFO - DAG(s) dict_keys(['example_kubernetes_executor']) retrieved from /Library/Frameworks/Python.framework/Versions/3.9/lib/python3.9/site-packages/airflow/example_dags/example_kubernetes_executor.py
[2023-01-10T21:06:10.952-0500] {logging_mixin.py:137} INFO - [2023-01-10T21:06:10.952-0500] {dag.py:2676} INFO - Sync 1 DAGs
[2023-01-10T21:06:10.968-0500] {logging_mixin.py:137} INFO - [2023-01-10T21:06:10.968-0500] {dag.py:3423} INFO - Setting next_dagrun for example_kubernetes_executor to None, run_after=None
[2023-01-10T21:06:10.987-0500] {processor.py:175} INFO - Processing /Library/Frameworks/Python.framework/Versions/3.9/lib/python3.9/site-packages/airflow/example_dags/example_kubernetes_executor.py took 0.714 seconds
[2023-01-10T21:09:15.782-0500] {processor.py:153} INFO - Started process (PID=5090) to work on /Library/Frameworks/Python.framework/Versions/3.9/lib/python3.9/site-packages/airflow/example_dags/example_kubernetes_executor.py
[2023-01-10T21:09:15.788-0500] {processor.py:743} INFO - Processing file /Library/Frameworks/Python.framework/Versions/3.9/lib/python3.9/site-packages/airflow/example_dags/example_kubernetes_executor.py for tasks to queue
[2023-01-10T21:09:15.789-0500] {logging_mixin.py:137} INFO - [2023-01-10T21:09:15.788-0500] {dagbag.py:538} INFO - Filling up the DagBag from /Library/Frameworks/Python.framework/Versions/3.9/lib/python3.9/site-packages/airflow/example_dags/example_kubernetes_executor.py
[2023-01-10T21:09:15.844-0500] {processor.py:753} INFO - DAG(s) dict_keys(['example_kubernetes_executor']) retrieved from /Library/Frameworks/Python.framework/Versions/3.9/lib/python3.9/site-packages/airflow/example_dags/example_kubernetes_executor.py
[2023-01-10T21:09:16.456-0500] {logging_mixin.py:137} INFO - [2023-01-10T21:09:16.456-0500] {dag.py:2676} INFO - Sync 1 DAGs
[2023-01-10T21:09:16.475-0500] {logging_mixin.py:137} INFO - [2023-01-10T21:09:16.475-0500] {dag.py:3423} INFO - Setting next_dagrun for example_kubernetes_executor to None, run_after=None
[2023-01-10T21:09:16.493-0500] {processor.py:175} INFO - Processing /Library/Frameworks/Python.framework/Versions/3.9/lib/python3.9/site-packages/airflow/example_dags/example_kubernetes_executor.py took 0.711 seconds
[2023-01-10T21:12:21.236-0500] {processor.py:153} INFO - Started process (PID=5197) to work on /Library/Frameworks/Python.framework/Versions/3.9/lib/python3.9/site-packages/airflow/example_dags/example_kubernetes_executor.py
[2023-01-10T21:12:21.241-0500] {processor.py:743} INFO - Processing file /Library/Frameworks/Python.framework/Versions/3.9/lib/python3.9/site-packages/airflow/example_dags/example_kubernetes_executor.py for tasks to queue
[2023-01-10T21:12:21.241-0500] {logging_mixin.py:137} INFO - [2023-01-10T21:12:21.241-0500] {dagbag.py:538} INFO - Filling up the DagBag from /Library/Frameworks/Python.framework/Versions/3.9/lib/python3.9/site-packages/airflow/example_dags/example_kubernetes_executor.py
[2023-01-10T21:12:21.294-0500] {processor.py:753} INFO - DAG(s) dict_keys(['example_kubernetes_executor']) retrieved from /Library/Frameworks/Python.framework/Versions/3.9/lib/python3.9/site-packages/airflow/example_dags/example_kubernetes_executor.py
[2023-01-10T21:12:21.908-0500] {logging_mixin.py:137} INFO - [2023-01-10T21:12:21.908-0500] {dag.py:2676} INFO - Sync 1 DAGs
[2023-01-10T21:12:21.924-0500] {logging_mixin.py:137} INFO - [2023-01-10T21:12:21.924-0500] {dag.py:3423} INFO - Setting next_dagrun for example_kubernetes_executor to None, run_after=None
[2023-01-10T21:12:21.942-0500] {processor.py:175} INFO - Processing /Library/Frameworks/Python.framework/Versions/3.9/lib/python3.9/site-packages/airflow/example_dags/example_kubernetes_executor.py took 0.707 seconds
[2023-01-10T21:15:21.689-0500] {processor.py:153} INFO - Started process (PID=5324) to work on /Library/Frameworks/Python.framework/Versions/3.9/lib/python3.9/site-packages/airflow/example_dags/example_kubernetes_executor.py
[2023-01-10T21:15:21.694-0500] {processor.py:743} INFO - Processing file /Library/Frameworks/Python.framework/Versions/3.9/lib/python3.9/site-packages/airflow/example_dags/example_kubernetes_executor.py for tasks to queue
[2023-01-10T21:15:21.695-0500] {logging_mixin.py:137} INFO - [2023-01-10T21:15:21.695-0500] {dagbag.py:538} INFO - Filling up the DagBag from /Library/Frameworks/Python.framework/Versions/3.9/lib/python3.9/site-packages/airflow/example_dags/example_kubernetes_executor.py
[2023-01-10T21:15:21.754-0500] {processor.py:753} INFO - DAG(s) dict_keys(['example_kubernetes_executor']) retrieved from /Library/Frameworks/Python.framework/Versions/3.9/lib/python3.9/site-packages/airflow/example_dags/example_kubernetes_executor.py
[2023-01-10T21:15:22.389-0500] {logging_mixin.py:137} INFO - [2023-01-10T21:15:22.389-0500] {dag.py:2676} INFO - Sync 1 DAGs
[2023-01-10T21:15:22.408-0500] {logging_mixin.py:137} INFO - [2023-01-10T21:15:22.408-0500] {dag.py:3423} INFO - Setting next_dagrun for example_kubernetes_executor to None, run_after=None
[2023-01-10T21:15:22.429-0500] {processor.py:175} INFO - Processing /Library/Frameworks/Python.framework/Versions/3.9/lib/python3.9/site-packages/airflow/example_dags/example_kubernetes_executor.py took 0.740 seconds
[2023-01-10T21:18:41.442-0500] {processor.py:153} INFO - Started process (PID=5409) to work on /Library/Frameworks/Python.framework/Versions/3.9/lib/python3.9/site-packages/airflow/example_dags/example_kubernetes_executor.py
[2023-01-10T21:18:41.448-0500] {processor.py:743} INFO - Processing file /Library/Frameworks/Python.framework/Versions/3.9/lib/python3.9/site-packages/airflow/example_dags/example_kubernetes_executor.py for tasks to queue
[2023-01-10T21:18:41.448-0500] {logging_mixin.py:137} INFO - [2023-01-10T21:18:41.448-0500] {dagbag.py:538} INFO - Filling up the DagBag from /Library/Frameworks/Python.framework/Versions/3.9/lib/python3.9/site-packages/airflow/example_dags/example_kubernetes_executor.py
[2023-01-10T21:18:41.510-0500] {processor.py:753} INFO - DAG(s) dict_keys(['example_kubernetes_executor']) retrieved from /Library/Frameworks/Python.framework/Versions/3.9/lib/python3.9/site-packages/airflow/example_dags/example_kubernetes_executor.py
[2023-01-10T21:18:42.114-0500] {logging_mixin.py:137} INFO - [2023-01-10T21:18:42.113-0500] {dag.py:2676} INFO - Sync 1 DAGs
[2023-01-10T21:18:42.129-0500] {logging_mixin.py:137} INFO - [2023-01-10T21:18:42.129-0500] {dag.py:3423} INFO - Setting next_dagrun for example_kubernetes_executor to None, run_after=None
[2023-01-10T21:18:42.147-0500] {processor.py:175} INFO - Processing /Library/Frameworks/Python.framework/Versions/3.9/lib/python3.9/site-packages/airflow/example_dags/example_kubernetes_executor.py took 0.706 seconds
[2023-01-10T22:22:05.254-0500] {processor.py:153} INFO - Started process (PID=6205) to work on /Library/Frameworks/Python.framework/Versions/3.9/lib/python3.9/site-packages/airflow/example_dags/example_kubernetes_executor.py
[2023-01-10T22:22:05.263-0500] {processor.py:743} INFO - Processing file /Library/Frameworks/Python.framework/Versions/3.9/lib/python3.9/site-packages/airflow/example_dags/example_kubernetes_executor.py for tasks to queue
[2023-01-10T22:22:05.263-0500] {logging_mixin.py:137} INFO - [2023-01-10T22:22:05.263-0500] {dagbag.py:538} INFO - Filling up the DagBag from /Library/Frameworks/Python.framework/Versions/3.9/lib/python3.9/site-packages/airflow/example_dags/example_kubernetes_executor.py
[2023-01-10T22:22:05.361-0500] {processor.py:753} INFO - DAG(s) dict_keys(['example_kubernetes_executor']) retrieved from /Library/Frameworks/Python.framework/Versions/3.9/lib/python3.9/site-packages/airflow/example_dags/example_kubernetes_executor.py
[2023-01-10T22:22:06.452-0500] {logging_mixin.py:137} INFO - [2023-01-10T22:22:06.451-0500] {dag.py:2676} INFO - Sync 1 DAGs
[2023-01-10T22:22:06.482-0500] {logging_mixin.py:137} INFO - [2023-01-10T22:22:06.482-0500] {dag.py:3423} INFO - Setting next_dagrun for example_kubernetes_executor to None, run_after=None
[2023-01-10T22:22:06.515-0500] {processor.py:175} INFO - Processing /Library/Frameworks/Python.framework/Versions/3.9/lib/python3.9/site-packages/airflow/example_dags/example_kubernetes_executor.py took 1.262 seconds
[2023-01-10T22:25:32.602-0500] {processor.py:153} INFO - Started process (PID=6316) to work on /Library/Frameworks/Python.framework/Versions/3.9/lib/python3.9/site-packages/airflow/example_dags/example_kubernetes_executor.py
[2023-01-10T22:25:32.611-0500] {processor.py:743} INFO - Processing file /Library/Frameworks/Python.framework/Versions/3.9/lib/python3.9/site-packages/airflow/example_dags/example_kubernetes_executor.py for tasks to queue
[2023-01-10T22:25:32.612-0500] {logging_mixin.py:137} INFO - [2023-01-10T22:25:32.611-0500] {dagbag.py:538} INFO - Filling up the DagBag from /Library/Frameworks/Python.framework/Versions/3.9/lib/python3.9/site-packages/airflow/example_dags/example_kubernetes_executor.py
[2023-01-10T22:25:32.716-0500] {processor.py:753} INFO - DAG(s) dict_keys(['example_kubernetes_executor']) retrieved from /Library/Frameworks/Python.framework/Versions/3.9/lib/python3.9/site-packages/airflow/example_dags/example_kubernetes_executor.py
[2023-01-10T22:25:33.851-0500] {logging_mixin.py:137} INFO - [2023-01-10T22:25:33.851-0500] {dag.py:2676} INFO - Sync 1 DAGs
[2023-01-10T22:25:33.880-0500] {logging_mixin.py:137} INFO - [2023-01-10T22:25:33.880-0500] {dag.py:3423} INFO - Setting next_dagrun for example_kubernetes_executor to None, run_after=None
[2023-01-10T22:25:33.911-0500] {processor.py:175} INFO - Processing /Library/Frameworks/Python.framework/Versions/3.9/lib/python3.9/site-packages/airflow/example_dags/example_kubernetes_executor.py took 1.310 seconds
[2023-01-11T11:18:13.882-0500] {processor.py:153} INFO - Started process (PID=7001) to work on /Library/Frameworks/Python.framework/Versions/3.9/lib/python3.9/site-packages/airflow/example_dags/example_kubernetes_executor.py
[2023-01-11T11:18:13.888-0500] {processor.py:743} INFO - Processing file /Library/Frameworks/Python.framework/Versions/3.9/lib/python3.9/site-packages/airflow/example_dags/example_kubernetes_executor.py for tasks to queue
[2023-01-11T11:18:13.888-0500] {logging_mixin.py:137} INFO - [2023-01-11T11:18:13.888-0500] {dagbag.py:538} INFO - Filling up the DagBag from /Library/Frameworks/Python.framework/Versions/3.9/lib/python3.9/site-packages/airflow/example_dags/example_kubernetes_executor.py
[2023-01-11T11:18:13.941-0500] {processor.py:753} INFO - DAG(s) dict_keys(['example_kubernetes_executor']) retrieved from /Library/Frameworks/Python.framework/Versions/3.9/lib/python3.9/site-packages/airflow/example_dags/example_kubernetes_executor.py
[2023-01-11T11:18:14.569-0500] {logging_mixin.py:137} INFO - [2023-01-11T11:18:14.568-0500] {dag.py:2676} INFO - Sync 1 DAGs
[2023-01-11T11:18:14.585-0500] {logging_mixin.py:137} INFO - [2023-01-11T11:18:14.585-0500] {dag.py:3423} INFO - Setting next_dagrun for example_kubernetes_executor to None, run_after=None
[2023-01-11T11:18:14.607-0500] {processor.py:175} INFO - Processing /Library/Frameworks/Python.framework/Versions/3.9/lib/python3.9/site-packages/airflow/example_dags/example_kubernetes_executor.py took 0.726 seconds
[2023-01-11T11:20:26.357-0500] {processor.py:153} INFO - Started process (PID=7168) to work on /Library/Frameworks/Python.framework/Versions/3.9/lib/python3.9/site-packages/airflow/example_dags/example_kubernetes_executor.py
[2023-01-11T11:20:26.363-0500] {processor.py:743} INFO - Processing file /Library/Frameworks/Python.framework/Versions/3.9/lib/python3.9/site-packages/airflow/example_dags/example_kubernetes_executor.py for tasks to queue
[2023-01-11T11:20:26.363-0500] {logging_mixin.py:137} INFO - [2023-01-11T11:20:26.363-0500] {dagbag.py:538} INFO - Filling up the DagBag from /Library/Frameworks/Python.framework/Versions/3.9/lib/python3.9/site-packages/airflow/example_dags/example_kubernetes_executor.py
[2023-01-11T11:20:26.446-0500] {processor.py:753} INFO - DAG(s) dict_keys(['example_kubernetes_executor']) retrieved from /Library/Frameworks/Python.framework/Versions/3.9/lib/python3.9/site-packages/airflow/example_dags/example_kubernetes_executor.py
[2023-01-11T11:20:27.266-0500] {logging_mixin.py:137} INFO - [2023-01-11T11:20:27.266-0500] {dag.py:2676} INFO - Sync 1 DAGs
[2023-01-11T11:20:27.282-0500] {logging_mixin.py:137} INFO - [2023-01-11T11:20:27.282-0500] {dag.py:3423} INFO - Setting next_dagrun for example_kubernetes_executor to None, run_after=None
[2023-01-11T11:20:27.305-0500] {processor.py:175} INFO - Processing /Library/Frameworks/Python.framework/Versions/3.9/lib/python3.9/site-packages/airflow/example_dags/example_kubernetes_executor.py took 0.949 seconds
[2023-01-11T11:23:46.637-0500] {processor.py:153} INFO - Started process (PID=7362) to work on /Library/Frameworks/Python.framework/Versions/3.9/lib/python3.9/site-packages/airflow/example_dags/example_kubernetes_executor.py
[2023-01-11T11:23:46.644-0500] {processor.py:743} INFO - Processing file /Library/Frameworks/Python.framework/Versions/3.9/lib/python3.9/site-packages/airflow/example_dags/example_kubernetes_executor.py for tasks to queue
[2023-01-11T11:23:46.645-0500] {logging_mixin.py:137} INFO - [2023-01-11T11:23:46.645-0500] {dagbag.py:538} INFO - Filling up the DagBag from /Library/Frameworks/Python.framework/Versions/3.9/lib/python3.9/site-packages/airflow/example_dags/example_kubernetes_executor.py
[2023-01-11T11:23:46.744-0500] {processor.py:753} INFO - DAG(s) dict_keys(['example_kubernetes_executor']) retrieved from /Library/Frameworks/Python.framework/Versions/3.9/lib/python3.9/site-packages/airflow/example_dags/example_kubernetes_executor.py
[2023-01-11T11:23:47.997-0500] {logging_mixin.py:137} INFO - [2023-01-11T11:23:47.996-0500] {dag.py:2676} INFO - Sync 1 DAGs
[2023-01-11T11:23:48.030-0500] {logging_mixin.py:137} INFO - [2023-01-11T11:23:48.030-0500] {dag.py:3423} INFO - Setting next_dagrun for example_kubernetes_executor to None, run_after=None
[2023-01-11T11:23:48.104-0500] {processor.py:175} INFO - Processing /Library/Frameworks/Python.framework/Versions/3.9/lib/python3.9/site-packages/airflow/example_dags/example_kubernetes_executor.py took 1.474 seconds
[2023-01-11T11:27:37.055-0500] {processor.py:153} INFO - Started process (PID=8231) to work on /Library/Frameworks/Python.framework/Versions/3.9/lib/python3.9/site-packages/airflow/example_dags/example_kubernetes_executor.py
[2023-01-11T11:27:37.063-0500] {processor.py:743} INFO - Processing file /Library/Frameworks/Python.framework/Versions/3.9/lib/python3.9/site-packages/airflow/example_dags/example_kubernetes_executor.py for tasks to queue
[2023-01-11T11:27:37.063-0500] {logging_mixin.py:137} INFO - [2023-01-11T11:27:37.063-0500] {dagbag.py:538} INFO - Filling up the DagBag from /Library/Frameworks/Python.framework/Versions/3.9/lib/python3.9/site-packages/airflow/example_dags/example_kubernetes_executor.py
[2023-01-11T11:27:37.164-0500] {processor.py:753} INFO - DAG(s) dict_keys(['example_kubernetes_executor']) retrieved from /Library/Frameworks/Python.framework/Versions/3.9/lib/python3.9/site-packages/airflow/example_dags/example_kubernetes_executor.py
[2023-01-11T11:27:37.838-0500] {logging_mixin.py:137} INFO - [2023-01-11T11:27:37.838-0500] {dag.py:2676} INFO - Sync 1 DAGs
[2023-01-11T11:27:37.855-0500] {logging_mixin.py:137} INFO - [2023-01-11T11:27:37.855-0500] {dag.py:3423} INFO - Setting next_dagrun for example_kubernetes_executor to None, run_after=None
[2023-01-11T11:27:37.875-0500] {processor.py:175} INFO - Processing /Library/Frameworks/Python.framework/Versions/3.9/lib/python3.9/site-packages/airflow/example_dags/example_kubernetes_executor.py took 0.820 seconds
[2023-01-11T11:30:53.656-0500] {processor.py:153} INFO - Started process (PID=8341) to work on /Library/Frameworks/Python.framework/Versions/3.9/lib/python3.9/site-packages/airflow/example_dags/example_kubernetes_executor.py
[2023-01-11T11:30:53.662-0500] {processor.py:743} INFO - Processing file /Library/Frameworks/Python.framework/Versions/3.9/lib/python3.9/site-packages/airflow/example_dags/example_kubernetes_executor.py for tasks to queue
[2023-01-11T11:30:53.663-0500] {logging_mixin.py:137} INFO - [2023-01-11T11:30:53.663-0500] {dagbag.py:538} INFO - Filling up the DagBag from /Library/Frameworks/Python.framework/Versions/3.9/lib/python3.9/site-packages/airflow/example_dags/example_kubernetes_executor.py
[2023-01-11T11:30:53.719-0500] {processor.py:753} INFO - DAG(s) dict_keys(['example_kubernetes_executor']) retrieved from /Library/Frameworks/Python.framework/Versions/3.9/lib/python3.9/site-packages/airflow/example_dags/example_kubernetes_executor.py
[2023-01-11T11:30:54.306-0500] {logging_mixin.py:137} INFO - [2023-01-11T11:30:54.305-0500] {dag.py:2676} INFO - Sync 1 DAGs
[2023-01-11T11:30:54.321-0500] {logging_mixin.py:137} INFO - [2023-01-11T11:30:54.321-0500] {dag.py:3423} INFO - Setting next_dagrun for example_kubernetes_executor to None, run_after=None
[2023-01-11T11:30:54.340-0500] {processor.py:175} INFO - Processing /Library/Frameworks/Python.framework/Versions/3.9/lib/python3.9/site-packages/airflow/example_dags/example_kubernetes_executor.py took 0.684 seconds
[2023-01-11T11:43:19.921-0500] {processor.py:153} INFO - Started process (PID=8768) to work on /Library/Frameworks/Python.framework/Versions/3.9/lib/python3.9/site-packages/airflow/example_dags/example_kubernetes_executor.py
[2023-01-11T11:43:19.926-0500] {processor.py:743} INFO - Processing file /Library/Frameworks/Python.framework/Versions/3.9/lib/python3.9/site-packages/airflow/example_dags/example_kubernetes_executor.py for tasks to queue
[2023-01-11T11:43:19.927-0500] {logging_mixin.py:137} INFO - [2023-01-11T11:43:19.926-0500] {dagbag.py:538} INFO - Filling up the DagBag from /Library/Frameworks/Python.framework/Versions/3.9/lib/python3.9/site-packages/airflow/example_dags/example_kubernetes_executor.py
[2023-01-11T11:43:19.994-0500] {processor.py:753} INFO - DAG(s) dict_keys(['example_kubernetes_executor']) retrieved from /Library/Frameworks/Python.framework/Versions/3.9/lib/python3.9/site-packages/airflow/example_dags/example_kubernetes_executor.py
[2023-01-11T11:43:20.668-0500] {logging_mixin.py:137} INFO - [2023-01-11T11:43:20.667-0500] {dag.py:2676} INFO - Sync 1 DAGs
[2023-01-11T11:43:20.686-0500] {logging_mixin.py:137} INFO - [2023-01-11T11:43:20.685-0500] {dag.py:3423} INFO - Setting next_dagrun for example_kubernetes_executor to None, run_after=None
[2023-01-11T11:43:20.704-0500] {processor.py:175} INFO - Processing /Library/Frameworks/Python.framework/Versions/3.9/lib/python3.9/site-packages/airflow/example_dags/example_kubernetes_executor.py took 0.784 seconds
[2023-01-11T11:45:29.923-0500] {processor.py:153} INFO - Started process (PID=8850) to work on /Library/Frameworks/Python.framework/Versions/3.9/lib/python3.9/site-packages/airflow/example_dags/example_kubernetes_executor.py
[2023-01-11T11:45:29.928-0500] {processor.py:743} INFO - Processing file /Library/Frameworks/Python.framework/Versions/3.9/lib/python3.9/site-packages/airflow/example_dags/example_kubernetes_executor.py for tasks to queue
[2023-01-11T11:45:29.929-0500] {logging_mixin.py:137} INFO - [2023-01-11T11:45:29.929-0500] {dagbag.py:538} INFO - Filling up the DagBag from /Library/Frameworks/Python.framework/Versions/3.9/lib/python3.9/site-packages/airflow/example_dags/example_kubernetes_executor.py
[2023-01-11T11:45:29.999-0500] {processor.py:753} INFO - DAG(s) dict_keys(['example_kubernetes_executor']) retrieved from /Library/Frameworks/Python.framework/Versions/3.9/lib/python3.9/site-packages/airflow/example_dags/example_kubernetes_executor.py
[2023-01-11T11:45:30.692-0500] {logging_mixin.py:137} INFO - [2023-01-11T11:45:30.692-0500] {dag.py:2676} INFO - Sync 1 DAGs
[2023-01-11T11:45:30.710-0500] {logging_mixin.py:137} INFO - [2023-01-11T11:45:30.710-0500] {dag.py:3423} INFO - Setting next_dagrun for example_kubernetes_executor to None, run_after=None
[2023-01-11T11:45:30.731-0500] {processor.py:175} INFO - Processing /Library/Frameworks/Python.framework/Versions/3.9/lib/python3.9/site-packages/airflow/example_dags/example_kubernetes_executor.py took 0.809 seconds
[2023-01-11T11:48:57.952-0500] {processor.py:153} INFO - Started process (PID=8947) to work on /Library/Frameworks/Python.framework/Versions/3.9/lib/python3.9/site-packages/airflow/example_dags/example_kubernetes_executor.py
[2023-01-11T11:48:57.958-0500] {processor.py:743} INFO - Processing file /Library/Frameworks/Python.framework/Versions/3.9/lib/python3.9/site-packages/airflow/example_dags/example_kubernetes_executor.py for tasks to queue
[2023-01-11T11:48:57.959-0500] {logging_mixin.py:137} INFO - [2023-01-11T11:48:57.959-0500] {dagbag.py:538} INFO - Filling up the DagBag from /Library/Frameworks/Python.framework/Versions/3.9/lib/python3.9/site-packages/airflow/example_dags/example_kubernetes_executor.py
[2023-01-11T11:48:58.015-0500] {processor.py:753} INFO - DAG(s) dict_keys(['example_kubernetes_executor']) retrieved from /Library/Frameworks/Python.framework/Versions/3.9/lib/python3.9/site-packages/airflow/example_dags/example_kubernetes_executor.py
[2023-01-11T11:48:58.661-0500] {logging_mixin.py:137} INFO - [2023-01-11T11:48:58.661-0500] {dag.py:2676} INFO - Sync 1 DAGs
[2023-01-11T11:48:58.677-0500] {logging_mixin.py:137} INFO - [2023-01-11T11:48:58.677-0500] {dag.py:3423} INFO - Setting next_dagrun for example_kubernetes_executor to None, run_after=None
[2023-01-11T11:48:58.701-0500] {processor.py:175} INFO - Processing /Library/Frameworks/Python.framework/Versions/3.9/lib/python3.9/site-packages/airflow/example_dags/example_kubernetes_executor.py took 0.750 seconds
[2023-01-11T11:52:26.456-0500] {processor.py:153} INFO - Started process (PID=9174) to work on /Library/Frameworks/Python.framework/Versions/3.9/lib/python3.9/site-packages/airflow/example_dags/example_kubernetes_executor.py
[2023-01-11T11:52:26.461-0500] {processor.py:743} INFO - Processing file /Library/Frameworks/Python.framework/Versions/3.9/lib/python3.9/site-packages/airflow/example_dags/example_kubernetes_executor.py for tasks to queue
[2023-01-11T11:52:26.462-0500] {logging_mixin.py:137} INFO - [2023-01-11T11:52:26.462-0500] {dagbag.py:538} INFO - Filling up the DagBag from /Library/Frameworks/Python.framework/Versions/3.9/lib/python3.9/site-packages/airflow/example_dags/example_kubernetes_executor.py
[2023-01-11T11:52:26.528-0500] {processor.py:753} INFO - DAG(s) dict_keys(['example_kubernetes_executor']) retrieved from /Library/Frameworks/Python.framework/Versions/3.9/lib/python3.9/site-packages/airflow/example_dags/example_kubernetes_executor.py
[2023-01-11T11:52:27.154-0500] {logging_mixin.py:137} INFO - [2023-01-11T11:52:27.154-0500] {dag.py:2676} INFO - Sync 1 DAGs
[2023-01-11T11:52:27.171-0500] {logging_mixin.py:137} INFO - [2023-01-11T11:52:27.171-0500] {dag.py:3423} INFO - Setting next_dagrun for example_kubernetes_executor to None, run_after=None
[2023-01-11T11:52:27.190-0500] {processor.py:175} INFO - Processing /Library/Frameworks/Python.framework/Versions/3.9/lib/python3.9/site-packages/airflow/example_dags/example_kubernetes_executor.py took 0.734 seconds
[2023-01-11T11:56:11.832-0500] {processor.py:153} INFO - Started process (PID=9370) to work on /Library/Frameworks/Python.framework/Versions/3.9/lib/python3.9/site-packages/airflow/example_dags/example_kubernetes_executor.py
[2023-01-11T11:56:11.837-0500] {processor.py:743} INFO - Processing file /Library/Frameworks/Python.framework/Versions/3.9/lib/python3.9/site-packages/airflow/example_dags/example_kubernetes_executor.py for tasks to queue
[2023-01-11T11:56:11.837-0500] {logging_mixin.py:137} INFO - [2023-01-11T11:56:11.837-0500] {dagbag.py:538} INFO - Filling up the DagBag from /Library/Frameworks/Python.framework/Versions/3.9/lib/python3.9/site-packages/airflow/example_dags/example_kubernetes_executor.py
[2023-01-11T11:56:11.928-0500] {processor.py:753} INFO - DAG(s) dict_keys(['example_kubernetes_executor']) retrieved from /Library/Frameworks/Python.framework/Versions/3.9/lib/python3.9/site-packages/airflow/example_dags/example_kubernetes_executor.py
[2023-01-11T11:56:12.660-0500] {logging_mixin.py:137} INFO - [2023-01-11T11:56:12.660-0500] {dag.py:2676} INFO - Sync 1 DAGs
[2023-01-11T11:56:12.679-0500] {logging_mixin.py:137} INFO - [2023-01-11T11:56:12.679-0500] {dag.py:3423} INFO - Setting next_dagrun for example_kubernetes_executor to None, run_after=None
[2023-01-11T11:56:12.701-0500] {processor.py:175} INFO - Processing /Library/Frameworks/Python.framework/Versions/3.9/lib/python3.9/site-packages/airflow/example_dags/example_kubernetes_executor.py took 0.870 seconds
[2023-01-11T11:59:42.340-0500] {processor.py:153} INFO - Started process (PID=9482) to work on /Library/Frameworks/Python.framework/Versions/3.9/lib/python3.9/site-packages/airflow/example_dags/example_kubernetes_executor.py
[2023-01-11T11:59:42.346-0500] {processor.py:743} INFO - Processing file /Library/Frameworks/Python.framework/Versions/3.9/lib/python3.9/site-packages/airflow/example_dags/example_kubernetes_executor.py for tasks to queue
[2023-01-11T11:59:42.346-0500] {logging_mixin.py:137} INFO - [2023-01-11T11:59:42.346-0500] {dagbag.py:538} INFO - Filling up the DagBag from /Library/Frameworks/Python.framework/Versions/3.9/lib/python3.9/site-packages/airflow/example_dags/example_kubernetes_executor.py
[2023-01-11T11:59:42.406-0500] {processor.py:753} INFO - DAG(s) dict_keys(['example_kubernetes_executor']) retrieved from /Library/Frameworks/Python.framework/Versions/3.9/lib/python3.9/site-packages/airflow/example_dags/example_kubernetes_executor.py
[2023-01-11T11:59:43.056-0500] {logging_mixin.py:137} INFO - [2023-01-11T11:59:43.055-0500] {dag.py:2676} INFO - Sync 1 DAGs
[2023-01-11T11:59:43.074-0500] {logging_mixin.py:137} INFO - [2023-01-11T11:59:43.074-0500] {dag.py:3423} INFO - Setting next_dagrun for example_kubernetes_executor to None, run_after=None
[2023-01-11T11:59:43.098-0500] {processor.py:175} INFO - Processing /Library/Frameworks/Python.framework/Versions/3.9/lib/python3.9/site-packages/airflow/example_dags/example_kubernetes_executor.py took 0.759 seconds
[2023-01-11T12:03:02.979-0500] {processor.py:153} INFO - Started process (PID=9680) to work on /Library/Frameworks/Python.framework/Versions/3.9/lib/python3.9/site-packages/airflow/example_dags/example_kubernetes_executor.py
[2023-01-11T12:03:02.985-0500] {processor.py:743} INFO - Processing file /Library/Frameworks/Python.framework/Versions/3.9/lib/python3.9/site-packages/airflow/example_dags/example_kubernetes_executor.py for tasks to queue
[2023-01-11T12:03:02.985-0500] {logging_mixin.py:137} INFO - [2023-01-11T12:03:02.985-0500] {dagbag.py:538} INFO - Filling up the DagBag from /Library/Frameworks/Python.framework/Versions/3.9/lib/python3.9/site-packages/airflow/example_dags/example_kubernetes_executor.py
[2023-01-11T12:03:03.048-0500] {processor.py:753} INFO - DAG(s) dict_keys(['example_kubernetes_executor']) retrieved from /Library/Frameworks/Python.framework/Versions/3.9/lib/python3.9/site-packages/airflow/example_dags/example_kubernetes_executor.py
[2023-01-11T12:03:03.772-0500] {logging_mixin.py:137} INFO - [2023-01-11T12:03:03.772-0500] {dag.py:2676} INFO - Sync 1 DAGs
[2023-01-11T12:03:03.789-0500] {logging_mixin.py:137} INFO - [2023-01-11T12:03:03.789-0500] {dag.py:3423} INFO - Setting next_dagrun for example_kubernetes_executor to None, run_after=None
[2023-01-11T12:03:03.811-0500] {processor.py:175} INFO - Processing /Library/Frameworks/Python.framework/Versions/3.9/lib/python3.9/site-packages/airflow/example_dags/example_kubernetes_executor.py took 0.832 seconds
[2023-01-11T12:06:23.275-0500] {processor.py:153} INFO - Started process (PID=9777) to work on /Library/Frameworks/Python.framework/Versions/3.9/lib/python3.9/site-packages/airflow/example_dags/example_kubernetes_executor.py
[2023-01-11T12:06:23.280-0500] {processor.py:743} INFO - Processing file /Library/Frameworks/Python.framework/Versions/3.9/lib/python3.9/site-packages/airflow/example_dags/example_kubernetes_executor.py for tasks to queue
[2023-01-11T12:06:23.281-0500] {logging_mixin.py:137} INFO - [2023-01-11T12:06:23.281-0500] {dagbag.py:538} INFO - Filling up the DagBag from /Library/Frameworks/Python.framework/Versions/3.9/lib/python3.9/site-packages/airflow/example_dags/example_kubernetes_executor.py
[2023-01-11T12:06:23.337-0500] {processor.py:753} INFO - DAG(s) dict_keys(['example_kubernetes_executor']) retrieved from /Library/Frameworks/Python.framework/Versions/3.9/lib/python3.9/site-packages/airflow/example_dags/example_kubernetes_executor.py
[2023-01-11T12:06:23.986-0500] {logging_mixin.py:137} INFO - [2023-01-11T12:06:23.986-0500] {dag.py:2676} INFO - Sync 1 DAGs
[2023-01-11T12:06:24.003-0500] {logging_mixin.py:137} INFO - [2023-01-11T12:06:24.003-0500] {dag.py:3423} INFO - Setting next_dagrun for example_kubernetes_executor to None, run_after=None
[2023-01-11T12:06:24.024-0500] {processor.py:175} INFO - Processing /Library/Frameworks/Python.framework/Versions/3.9/lib/python3.9/site-packages/airflow/example_dags/example_kubernetes_executor.py took 0.750 seconds
[2023-01-11T12:09:49.628-0500] {processor.py:153} INFO - Started process (PID=9868) to work on /Library/Frameworks/Python.framework/Versions/3.9/lib/python3.9/site-packages/airflow/example_dags/example_kubernetes_executor.py
[2023-01-11T12:09:49.635-0500] {processor.py:743} INFO - Processing file /Library/Frameworks/Python.framework/Versions/3.9/lib/python3.9/site-packages/airflow/example_dags/example_kubernetes_executor.py for tasks to queue
[2023-01-11T12:09:49.635-0500] {logging_mixin.py:137} INFO - [2023-01-11T12:09:49.635-0500] {dagbag.py:538} INFO - Filling up the DagBag from /Library/Frameworks/Python.framework/Versions/3.9/lib/python3.9/site-packages/airflow/example_dags/example_kubernetes_executor.py
[2023-01-11T12:09:49.694-0500] {processor.py:753} INFO - DAG(s) dict_keys(['example_kubernetes_executor']) retrieved from /Library/Frameworks/Python.framework/Versions/3.9/lib/python3.9/site-packages/airflow/example_dags/example_kubernetes_executor.py
[2023-01-11T12:09:50.315-0500] {logging_mixin.py:137} INFO - [2023-01-11T12:09:50.314-0500] {dag.py:2676} INFO - Sync 1 DAGs
[2023-01-11T12:09:50.332-0500] {logging_mixin.py:137} INFO - [2023-01-11T12:09:50.331-0500] {dag.py:3423} INFO - Setting next_dagrun for example_kubernetes_executor to None, run_after=None
[2023-01-11T12:09:50.350-0500] {processor.py:175} INFO - Processing /Library/Frameworks/Python.framework/Versions/3.9/lib/python3.9/site-packages/airflow/example_dags/example_kubernetes_executor.py took 0.723 seconds
[2023-01-11T12:13:03.941-0500] {processor.py:153} INFO - Started process (PID=10012) to work on /Library/Frameworks/Python.framework/Versions/3.9/lib/python3.9/site-packages/airflow/example_dags/example_kubernetes_executor.py
[2023-01-11T12:13:03.947-0500] {processor.py:743} INFO - Processing file /Library/Frameworks/Python.framework/Versions/3.9/lib/python3.9/site-packages/airflow/example_dags/example_kubernetes_executor.py for tasks to queue
[2023-01-11T12:13:03.948-0500] {logging_mixin.py:137} INFO - [2023-01-11T12:13:03.948-0500] {dagbag.py:538} INFO - Filling up the DagBag from /Library/Frameworks/Python.framework/Versions/3.9/lib/python3.9/site-packages/airflow/example_dags/example_kubernetes_executor.py
[2023-01-11T12:13:04.006-0500] {processor.py:753} INFO - DAG(s) dict_keys(['example_kubernetes_executor']) retrieved from /Library/Frameworks/Python.framework/Versions/3.9/lib/python3.9/site-packages/airflow/example_dags/example_kubernetes_executor.py
[2023-01-11T12:13:04.621-0500] {logging_mixin.py:137} INFO - [2023-01-11T12:13:04.620-0500] {dag.py:2676} INFO - Sync 1 DAGs
[2023-01-11T12:13:04.637-0500] {logging_mixin.py:137} INFO - [2023-01-11T12:13:04.636-0500] {dag.py:3423} INFO - Setting next_dagrun for example_kubernetes_executor to None, run_after=None
[2023-01-11T12:13:04.659-0500] {processor.py:175} INFO - Processing /Library/Frameworks/Python.framework/Versions/3.9/lib/python3.9/site-packages/airflow/example_dags/example_kubernetes_executor.py took 0.718 seconds
[2023-01-11T12:16:31.644-0500] {processor.py:153} INFO - Started process (PID=10130) to work on /Library/Frameworks/Python.framework/Versions/3.9/lib/python3.9/site-packages/airflow/example_dags/example_kubernetes_executor.py
[2023-01-11T12:16:31.650-0500] {processor.py:743} INFO - Processing file /Library/Frameworks/Python.framework/Versions/3.9/lib/python3.9/site-packages/airflow/example_dags/example_kubernetes_executor.py for tasks to queue
[2023-01-11T12:16:31.651-0500] {logging_mixin.py:137} INFO - [2023-01-11T12:16:31.651-0500] {dagbag.py:538} INFO - Filling up the DagBag from /Library/Frameworks/Python.framework/Versions/3.9/lib/python3.9/site-packages/airflow/example_dags/example_kubernetes_executor.py
[2023-01-11T12:16:31.706-0500] {processor.py:753} INFO - DAG(s) dict_keys(['example_kubernetes_executor']) retrieved from /Library/Frameworks/Python.framework/Versions/3.9/lib/python3.9/site-packages/airflow/example_dags/example_kubernetes_executor.py
[2023-01-11T12:16:32.362-0500] {logging_mixin.py:137} INFO - [2023-01-11T12:16:32.362-0500] {dag.py:2676} INFO - Sync 1 DAGs
[2023-01-11T12:16:32.378-0500] {logging_mixin.py:137} INFO - [2023-01-11T12:16:32.378-0500] {dag.py:3423} INFO - Setting next_dagrun for example_kubernetes_executor to None, run_after=None
[2023-01-11T12:16:32.400-0500] {processor.py:175} INFO - Processing /Library/Frameworks/Python.framework/Versions/3.9/lib/python3.9/site-packages/airflow/example_dags/example_kubernetes_executor.py took 0.757 seconds
[2023-01-11T12:19:59.330-0500] {processor.py:153} INFO - Started process (PID=10299) to work on /Library/Frameworks/Python.framework/Versions/3.9/lib/python3.9/site-packages/airflow/example_dags/example_kubernetes_executor.py
[2023-01-11T12:19:59.336-0500] {processor.py:743} INFO - Processing file /Library/Frameworks/Python.framework/Versions/3.9/lib/python3.9/site-packages/airflow/example_dags/example_kubernetes_executor.py for tasks to queue
[2023-01-11T12:19:59.337-0500] {logging_mixin.py:137} INFO - [2023-01-11T12:19:59.337-0500] {dagbag.py:538} INFO - Filling up the DagBag from /Library/Frameworks/Python.framework/Versions/3.9/lib/python3.9/site-packages/airflow/example_dags/example_kubernetes_executor.py
[2023-01-11T12:19:59.395-0500] {processor.py:753} INFO - DAG(s) dict_keys(['example_kubernetes_executor']) retrieved from /Library/Frameworks/Python.framework/Versions/3.9/lib/python3.9/site-packages/airflow/example_dags/example_kubernetes_executor.py
[2023-01-11T12:20:00.086-0500] {logging_mixin.py:137} INFO - [2023-01-11T12:20:00.086-0500] {dag.py:2676} INFO - Sync 1 DAGs
[2023-01-11T12:20:00.103-0500] {logging_mixin.py:137} INFO - [2023-01-11T12:20:00.103-0500] {dag.py:3423} INFO - Setting next_dagrun for example_kubernetes_executor to None, run_after=None
[2023-01-11T12:20:00.126-0500] {processor.py:175} INFO - Processing /Library/Frameworks/Python.framework/Versions/3.9/lib/python3.9/site-packages/airflow/example_dags/example_kubernetes_executor.py took 0.797 seconds
[2023-01-11T16:20:04.531-0500] {processor.py:153} INFO - Started process (PID=10966) to work on /Library/Frameworks/Python.framework/Versions/3.9/lib/python3.9/site-packages/airflow/example_dags/example_kubernetes_executor.py
[2023-01-11T16:20:04.537-0500] {processor.py:743} INFO - Processing file /Library/Frameworks/Python.framework/Versions/3.9/lib/python3.9/site-packages/airflow/example_dags/example_kubernetes_executor.py for tasks to queue
[2023-01-11T16:20:04.537-0500] {logging_mixin.py:137} INFO - [2023-01-11T16:20:04.537-0500] {dagbag.py:538} INFO - Filling up the DagBag from /Library/Frameworks/Python.framework/Versions/3.9/lib/python3.9/site-packages/airflow/example_dags/example_kubernetes_executor.py
[2023-01-11T16:20:04.735-0500] {processor.py:753} INFO - DAG(s) dict_keys(['example_kubernetes_executor']) retrieved from /Library/Frameworks/Python.framework/Versions/3.9/lib/python3.9/site-packages/airflow/example_dags/example_kubernetes_executor.py
[2023-01-11T16:20:05.662-0500] {logging_mixin.py:137} INFO - [2023-01-11T16:20:05.662-0500] {dag.py:2676} INFO - Sync 1 DAGs
[2023-01-11T16:20:05.682-0500] {logging_mixin.py:137} INFO - [2023-01-11T16:20:05.682-0500] {dag.py:3423} INFO - Setting next_dagrun for example_kubernetes_executor to None, run_after=None
[2023-01-11T16:20:05.711-0500] {processor.py:175} INFO - Processing /Library/Frameworks/Python.framework/Versions/3.9/lib/python3.9/site-packages/airflow/example_dags/example_kubernetes_executor.py took 1.182 seconds
[2023-01-11T16:24:04.848-0500] {processor.py:153} INFO - Started process (PID=11196) to work on /Library/Frameworks/Python.framework/Versions/3.9/lib/python3.9/site-packages/airflow/example_dags/example_kubernetes_executor.py
[2023-01-11T16:24:04.854-0500] {processor.py:743} INFO - Processing file /Library/Frameworks/Python.framework/Versions/3.9/lib/python3.9/site-packages/airflow/example_dags/example_kubernetes_executor.py for tasks to queue
[2023-01-11T16:24:04.855-0500] {logging_mixin.py:137} INFO - [2023-01-11T16:24:04.855-0500] {dagbag.py:538} INFO - Filling up the DagBag from /Library/Frameworks/Python.framework/Versions/3.9/lib/python3.9/site-packages/airflow/example_dags/example_kubernetes_executor.py
[2023-01-11T16:24:04.928-0500] {processor.py:753} INFO - DAG(s) dict_keys(['example_kubernetes_executor']) retrieved from /Library/Frameworks/Python.framework/Versions/3.9/lib/python3.9/site-packages/airflow/example_dags/example_kubernetes_executor.py
[2023-01-11T16:24:05.596-0500] {logging_mixin.py:137} INFO - [2023-01-11T16:24:05.596-0500] {dag.py:2676} INFO - Sync 1 DAGs
[2023-01-11T16:24:05.613-0500] {logging_mixin.py:137} INFO - [2023-01-11T16:24:05.613-0500] {dag.py:3423} INFO - Setting next_dagrun for example_kubernetes_executor to None, run_after=None
[2023-01-11T16:24:05.641-0500] {processor.py:175} INFO - Processing /Library/Frameworks/Python.framework/Versions/3.9/lib/python3.9/site-packages/airflow/example_dags/example_kubernetes_executor.py took 0.793 seconds
[2023-01-11T16:27:32.761-0500] {processor.py:153} INFO - Started process (PID=11361) to work on /Library/Frameworks/Python.framework/Versions/3.9/lib/python3.9/site-packages/airflow/example_dags/example_kubernetes_executor.py
[2023-01-11T16:27:32.767-0500] {processor.py:743} INFO - Processing file /Library/Frameworks/Python.framework/Versions/3.9/lib/python3.9/site-packages/airflow/example_dags/example_kubernetes_executor.py for tasks to queue
[2023-01-11T16:27:32.768-0500] {logging_mixin.py:137} INFO - [2023-01-11T16:27:32.768-0500] {dagbag.py:538} INFO - Filling up the DagBag from /Library/Frameworks/Python.framework/Versions/3.9/lib/python3.9/site-packages/airflow/example_dags/example_kubernetes_executor.py
[2023-01-11T16:27:32.827-0500] {processor.py:753} INFO - DAG(s) dict_keys(['example_kubernetes_executor']) retrieved from /Library/Frameworks/Python.framework/Versions/3.9/lib/python3.9/site-packages/airflow/example_dags/example_kubernetes_executor.py
[2023-01-11T16:27:33.438-0500] {logging_mixin.py:137} INFO - [2023-01-11T16:27:33.438-0500] {dag.py:2676} INFO - Sync 1 DAGs
[2023-01-11T16:27:33.454-0500] {logging_mixin.py:137} INFO - [2023-01-11T16:27:33.454-0500] {dag.py:3423} INFO - Setting next_dagrun for example_kubernetes_executor to None, run_after=None
[2023-01-11T16:27:33.475-0500] {processor.py:175} INFO - Processing /Library/Frameworks/Python.framework/Versions/3.9/lib/python3.9/site-packages/airflow/example_dags/example_kubernetes_executor.py took 0.715 seconds
[2023-01-11T16:30:52.634-0500] {processor.py:153} INFO - Started process (PID=11463) to work on /Library/Frameworks/Python.framework/Versions/3.9/lib/python3.9/site-packages/airflow/example_dags/example_kubernetes_executor.py
[2023-01-11T16:30:52.640-0500] {processor.py:743} INFO - Processing file /Library/Frameworks/Python.framework/Versions/3.9/lib/python3.9/site-packages/airflow/example_dags/example_kubernetes_executor.py for tasks to queue
[2023-01-11T16:30:52.640-0500] {logging_mixin.py:137} INFO - [2023-01-11T16:30:52.640-0500] {dagbag.py:538} INFO - Filling up the DagBag from /Library/Frameworks/Python.framework/Versions/3.9/lib/python3.9/site-packages/airflow/example_dags/example_kubernetes_executor.py
[2023-01-11T16:30:52.707-0500] {processor.py:753} INFO - DAG(s) dict_keys(['example_kubernetes_executor']) retrieved from /Library/Frameworks/Python.framework/Versions/3.9/lib/python3.9/site-packages/airflow/example_dags/example_kubernetes_executor.py
[2023-01-11T16:30:53.364-0500] {logging_mixin.py:137} INFO - [2023-01-11T16:30:53.364-0500] {dag.py:2676} INFO - Sync 1 DAGs
[2023-01-11T16:30:53.382-0500] {logging_mixin.py:137} INFO - [2023-01-11T16:30:53.382-0500] {dag.py:3423} INFO - Setting next_dagrun for example_kubernetes_executor to None, run_after=None
[2023-01-11T16:30:53.402-0500] {processor.py:175} INFO - Processing /Library/Frameworks/Python.framework/Versions/3.9/lib/python3.9/site-packages/airflow/example_dags/example_kubernetes_executor.py took 0.769 seconds
[2023-01-11T16:34:23.965-0500] {processor.py:153} INFO - Started process (PID=11553) to work on /Library/Frameworks/Python.framework/Versions/3.9/lib/python3.9/site-packages/airflow/example_dags/example_kubernetes_executor.py
[2023-01-11T16:34:23.977-0500] {processor.py:743} INFO - Processing file /Library/Frameworks/Python.framework/Versions/3.9/lib/python3.9/site-packages/airflow/example_dags/example_kubernetes_executor.py for tasks to queue
[2023-01-11T16:34:23.978-0500] {logging_mixin.py:137} INFO - [2023-01-11T16:34:23.977-0500] {dagbag.py:538} INFO - Filling up the DagBag from /Library/Frameworks/Python.framework/Versions/3.9/lib/python3.9/site-packages/airflow/example_dags/example_kubernetes_executor.py
[2023-01-11T16:34:24.093-0500] {processor.py:753} INFO - DAG(s) dict_keys(['example_kubernetes_executor']) retrieved from /Library/Frameworks/Python.framework/Versions/3.9/lib/python3.9/site-packages/airflow/example_dags/example_kubernetes_executor.py
[2023-01-11T16:34:25.400-0500] {logging_mixin.py:137} INFO - [2023-01-11T16:34:25.400-0500] {dag.py:2676} INFO - Sync 1 DAGs
[2023-01-11T16:34:25.436-0500] {logging_mixin.py:137} INFO - [2023-01-11T16:34:25.436-0500] {dag.py:3423} INFO - Setting next_dagrun for example_kubernetes_executor to None, run_after=None
[2023-01-11T16:34:25.476-0500] {processor.py:175} INFO - Processing /Library/Frameworks/Python.framework/Versions/3.9/lib/python3.9/site-packages/airflow/example_dags/example_kubernetes_executor.py took 1.513 seconds
[2023-01-11T16:48:01.142-0500] {processor.py:153} INFO - Started process (PID=11996) to work on /Library/Frameworks/Python.framework/Versions/3.9/lib/python3.9/site-packages/airflow/example_dags/example_kubernetes_executor.py
[2023-01-11T16:48:01.178-0500] {processor.py:743} INFO - Processing file /Library/Frameworks/Python.framework/Versions/3.9/lib/python3.9/site-packages/airflow/example_dags/example_kubernetes_executor.py for tasks to queue
[2023-01-11T16:48:01.181-0500] {logging_mixin.py:137} INFO - [2023-01-11T16:48:01.180-0500] {dagbag.py:538} INFO - Filling up the DagBag from /Library/Frameworks/Python.framework/Versions/3.9/lib/python3.9/site-packages/airflow/example_dags/example_kubernetes_executor.py
[2023-01-11T16:48:01.642-0500] {processor.py:753} INFO - DAG(s) dict_keys(['example_kubernetes_executor']) retrieved from /Library/Frameworks/Python.framework/Versions/3.9/lib/python3.9/site-packages/airflow/example_dags/example_kubernetes_executor.py
[2023-01-11T16:48:10.810-0500] {logging_mixin.py:137} INFO - [2023-01-11T16:48:10.809-0500] {dag.py:2676} INFO - Sync 1 DAGs
[2023-01-11T16:48:10.869-0500] {logging_mixin.py:137} INFO - [2023-01-11T16:48:10.869-0500] {dag.py:3423} INFO - Setting next_dagrun for example_kubernetes_executor to None, run_after=None
[2023-01-11T16:48:10.958-0500] {processor.py:175} INFO - Processing /Library/Frameworks/Python.framework/Versions/3.9/lib/python3.9/site-packages/airflow/example_dags/example_kubernetes_executor.py took 9.817 seconds
[2023-01-11T16:51:31.531-0500] {processor.py:153} INFO - Started process (PID=12092) to work on /Library/Frameworks/Python.framework/Versions/3.9/lib/python3.9/site-packages/airflow/example_dags/example_kubernetes_executor.py
[2023-01-11T16:51:31.537-0500] {processor.py:743} INFO - Processing file /Library/Frameworks/Python.framework/Versions/3.9/lib/python3.9/site-packages/airflow/example_dags/example_kubernetes_executor.py for tasks to queue
[2023-01-11T16:51:31.537-0500] {logging_mixin.py:137} INFO - [2023-01-11T16:51:31.537-0500] {dagbag.py:538} INFO - Filling up the DagBag from /Library/Frameworks/Python.framework/Versions/3.9/lib/python3.9/site-packages/airflow/example_dags/example_kubernetes_executor.py
[2023-01-11T16:51:31.601-0500] {processor.py:753} INFO - DAG(s) dict_keys(['example_kubernetes_executor']) retrieved from /Library/Frameworks/Python.framework/Versions/3.9/lib/python3.9/site-packages/airflow/example_dags/example_kubernetes_executor.py
[2023-01-11T16:51:32.261-0500] {logging_mixin.py:137} INFO - [2023-01-11T16:51:32.260-0500] {dag.py:2676} INFO - Sync 1 DAGs
[2023-01-11T16:51:32.278-0500] {logging_mixin.py:137} INFO - [2023-01-11T16:51:32.278-0500] {dag.py:3423} INFO - Setting next_dagrun for example_kubernetes_executor to None, run_after=None
[2023-01-11T16:51:32.295-0500] {processor.py:175} INFO - Processing /Library/Frameworks/Python.framework/Versions/3.9/lib/python3.9/site-packages/airflow/example_dags/example_kubernetes_executor.py took 0.765 seconds
[2023-01-11T16:55:19.923-0500] {processor.py:153} INFO - Started process (PID=12291) to work on /Library/Frameworks/Python.framework/Versions/3.9/lib/python3.9/site-packages/airflow/example_dags/example_kubernetes_executor.py
[2023-01-11T16:55:19.929-0500] {processor.py:743} INFO - Processing file /Library/Frameworks/Python.framework/Versions/3.9/lib/python3.9/site-packages/airflow/example_dags/example_kubernetes_executor.py for tasks to queue
[2023-01-11T16:55:19.929-0500] {logging_mixin.py:137} INFO - [2023-01-11T16:55:19.929-0500] {dagbag.py:538} INFO - Filling up the DagBag from /Library/Frameworks/Python.framework/Versions/3.9/lib/python3.9/site-packages/airflow/example_dags/example_kubernetes_executor.py
[2023-01-11T16:55:19.987-0500] {processor.py:753} INFO - DAG(s) dict_keys(['example_kubernetes_executor']) retrieved from /Library/Frameworks/Python.framework/Versions/3.9/lib/python3.9/site-packages/airflow/example_dags/example_kubernetes_executor.py
[2023-01-11T16:55:20.615-0500] {logging_mixin.py:137} INFO - [2023-01-11T16:55:20.614-0500] {dag.py:2676} INFO - Sync 1 DAGs
[2023-01-11T16:55:20.632-0500] {logging_mixin.py:137} INFO - [2023-01-11T16:55:20.631-0500] {dag.py:3423} INFO - Setting next_dagrun for example_kubernetes_executor to None, run_after=None
[2023-01-11T16:55:20.650-0500] {processor.py:175} INFO - Processing /Library/Frameworks/Python.framework/Versions/3.9/lib/python3.9/site-packages/airflow/example_dags/example_kubernetes_executor.py took 0.728 seconds
[2023-01-11T16:58:59.455-0500] {processor.py:153} INFO - Started process (PID=12398) to work on /Library/Frameworks/Python.framework/Versions/3.9/lib/python3.9/site-packages/airflow/example_dags/example_kubernetes_executor.py
[2023-01-11T16:58:59.461-0500] {processor.py:743} INFO - Processing file /Library/Frameworks/Python.framework/Versions/3.9/lib/python3.9/site-packages/airflow/example_dags/example_kubernetes_executor.py for tasks to queue
[2023-01-11T16:58:59.461-0500] {logging_mixin.py:137} INFO - [2023-01-11T16:58:59.461-0500] {dagbag.py:538} INFO - Filling up the DagBag from /Library/Frameworks/Python.framework/Versions/3.9/lib/python3.9/site-packages/airflow/example_dags/example_kubernetes_executor.py
[2023-01-11T16:58:59.521-0500] {processor.py:753} INFO - DAG(s) dict_keys(['example_kubernetes_executor']) retrieved from /Library/Frameworks/Python.framework/Versions/3.9/lib/python3.9/site-packages/airflow/example_dags/example_kubernetes_executor.py
[2023-01-11T16:59:00.206-0500] {logging_mixin.py:137} INFO - [2023-01-11T16:59:00.206-0500] {dag.py:2676} INFO - Sync 1 DAGs
[2023-01-11T16:59:00.223-0500] {logging_mixin.py:137} INFO - [2023-01-11T16:59:00.223-0500] {dag.py:3423} INFO - Setting next_dagrun for example_kubernetes_executor to None, run_after=None
[2023-01-11T16:59:00.243-0500] {processor.py:175} INFO - Processing /Library/Frameworks/Python.framework/Versions/3.9/lib/python3.9/site-packages/airflow/example_dags/example_kubernetes_executor.py took 0.789 seconds
[2023-01-11T17:02:57.380-0500] {processor.py:153} INFO - Started process (PID=13127) to work on /Library/Frameworks/Python.framework/Versions/3.9/lib/python3.9/site-packages/airflow/example_dags/example_kubernetes_executor.py
[2023-01-11T17:02:57.386-0500] {processor.py:743} INFO - Processing file /Library/Frameworks/Python.framework/Versions/3.9/lib/python3.9/site-packages/airflow/example_dags/example_kubernetes_executor.py for tasks to queue
[2023-01-11T17:02:57.386-0500] {logging_mixin.py:137} INFO - [2023-01-11T17:02:57.386-0500] {dagbag.py:538} INFO - Filling up the DagBag from /Library/Frameworks/Python.framework/Versions/3.9/lib/python3.9/site-packages/airflow/example_dags/example_kubernetes_executor.py
[2023-01-11T17:02:57.466-0500] {processor.py:753} INFO - DAG(s) dict_keys(['example_kubernetes_executor']) retrieved from /Library/Frameworks/Python.framework/Versions/3.9/lib/python3.9/site-packages/airflow/example_dags/example_kubernetes_executor.py
[2023-01-11T17:02:58.180-0500] {logging_mixin.py:137} INFO - [2023-01-11T17:02:58.180-0500] {dag.py:2676} INFO - Sync 1 DAGs
[2023-01-11T17:02:58.200-0500] {logging_mixin.py:137} INFO - [2023-01-11T17:02:58.199-0500] {dag.py:3423} INFO - Setting next_dagrun for example_kubernetes_executor to None, run_after=None
[2023-01-11T17:02:58.221-0500] {processor.py:175} INFO - Processing /Library/Frameworks/Python.framework/Versions/3.9/lib/python3.9/site-packages/airflow/example_dags/example_kubernetes_executor.py took 0.842 seconds
