[2023-01-10T20:12:22.704-0500] {processor.py:153} INFO - Started process (PID=2095) to work on /Library/Frameworks/Python.framework/Versions/3.9/lib/python3.9/site-packages/airflow/example_dags/example_nested_branch_dag.py
[2023-01-10T20:12:22.715-0500] {processor.py:743} INFO - Processing file /Library/Frameworks/Python.framework/Versions/3.9/lib/python3.9/site-packages/airflow/example_dags/example_nested_branch_dag.py for tasks to queue
[2023-01-10T20:12:22.716-0500] {logging_mixin.py:137} INFO - [2023-01-10T20:12:22.716-0500] {dagbag.py:538} INFO - Filling up the DagBag from /Library/Frameworks/Python.framework/Versions/3.9/lib/python3.9/site-packages/airflow/example_dags/example_nested_branch_dag.py
[2023-01-10T20:12:22.872-0500] {processor.py:753} INFO - DAG(s) dict_keys(['example_nested_branch_dag']) retrieved from /Library/Frameworks/Python.framework/Versions/3.9/lib/python3.9/site-packages/airflow/example_dags/example_nested_branch_dag.py
[2023-01-10T20:12:24.240-0500] {logging_mixin.py:137} INFO - [2023-01-10T20:12:24.239-0500] {dag.py:2676} INFO - Sync 1 DAGs
[2023-01-10T20:12:24.274-0500] {logging_mixin.py:137} INFO - [2023-01-10T20:12:24.274-0500] {dag.py:3423} INFO - Setting next_dagrun for example_nested_branch_dag to 2023-01-10T00:00:00+00:00, run_after=2023-01-11T00:00:00+00:00
[2023-01-10T20:12:24.308-0500] {processor.py:175} INFO - Processing /Library/Frameworks/Python.framework/Versions/3.9/lib/python3.9/site-packages/airflow/example_dags/example_nested_branch_dag.py took 1.606 seconds
[2023-01-10T20:15:53.645-0500] {processor.py:153} INFO - Started process (PID=2809) to work on /Library/Frameworks/Python.framework/Versions/3.9/lib/python3.9/site-packages/airflow/example_dags/example_nested_branch_dag.py
[2023-01-10T20:15:53.663-0500] {processor.py:743} INFO - Processing file /Library/Frameworks/Python.framework/Versions/3.9/lib/python3.9/site-packages/airflow/example_dags/example_nested_branch_dag.py for tasks to queue
[2023-01-10T20:15:53.667-0500] {logging_mixin.py:137} INFO - [2023-01-10T20:15:53.664-0500] {dagbag.py:538} INFO - Filling up the DagBag from /Library/Frameworks/Python.framework/Versions/3.9/lib/python3.9/site-packages/airflow/example_dags/example_nested_branch_dag.py
[2023-01-10T20:15:54.084-0500] {processor.py:753} INFO - DAG(s) dict_keys(['example_nested_branch_dag']) retrieved from /Library/Frameworks/Python.framework/Versions/3.9/lib/python3.9/site-packages/airflow/example_dags/example_nested_branch_dag.py
[2023-01-10T20:15:56.589-0500] {logging_mixin.py:137} INFO - [2023-01-10T20:15:56.589-0500] {dag.py:2676} INFO - Sync 1 DAGs
[2023-01-10T20:15:56.630-0500] {logging_mixin.py:137} INFO - [2023-01-10T20:15:56.630-0500] {dag.py:3423} INFO - Setting next_dagrun for example_nested_branch_dag to 2023-01-10T00:00:00+00:00, run_after=2023-01-11T00:00:00+00:00
[2023-01-10T20:15:56.673-0500] {processor.py:175} INFO - Processing /Library/Frameworks/Python.framework/Versions/3.9/lib/python3.9/site-packages/airflow/example_dags/example_nested_branch_dag.py took 3.030 seconds
[2023-01-10T20:17:41.607-0500] {processor.py:153} INFO - Started process (PID=2860) to work on /Library/Frameworks/Python.framework/Versions/3.9/lib/python3.9/site-packages/airflow/example_dags/example_nested_branch_dag.py
[2023-01-10T20:17:41.613-0500] {processor.py:743} INFO - Processing file /Library/Frameworks/Python.framework/Versions/3.9/lib/python3.9/site-packages/airflow/example_dags/example_nested_branch_dag.py for tasks to queue
[2023-01-10T20:17:41.613-0500] {logging_mixin.py:137} INFO - [2023-01-10T20:17:41.613-0500] {dagbag.py:538} INFO - Filling up the DagBag from /Library/Frameworks/Python.framework/Versions/3.9/lib/python3.9/site-packages/airflow/example_dags/example_nested_branch_dag.py
[2023-01-10T20:17:41.687-0500] {processor.py:753} INFO - DAG(s) dict_keys(['example_nested_branch_dag']) retrieved from /Library/Frameworks/Python.framework/Versions/3.9/lib/python3.9/site-packages/airflow/example_dags/example_nested_branch_dag.py
[2023-01-10T20:17:42.440-0500] {logging_mixin.py:137} INFO - [2023-01-10T20:17:42.440-0500] {dag.py:2676} INFO - Sync 1 DAGs
[2023-01-10T20:17:42.458-0500] {logging_mixin.py:137} INFO - [2023-01-10T20:17:42.458-0500] {dag.py:3423} INFO - Setting next_dagrun for example_nested_branch_dag to 2023-01-10T00:00:00+00:00, run_after=2023-01-11T00:00:00+00:00
[2023-01-10T20:17:42.477-0500] {processor.py:175} INFO - Processing /Library/Frameworks/Python.framework/Versions/3.9/lib/python3.9/site-packages/airflow/example_dags/example_nested_branch_dag.py took 0.871 seconds
[2023-01-10T20:20:22.311-0500] {processor.py:153} INFO - Started process (PID=2941) to work on /Library/Frameworks/Python.framework/Versions/3.9/lib/python3.9/site-packages/airflow/example_dags/example_nested_branch_dag.py
[2023-01-10T20:20:22.316-0500] {processor.py:743} INFO - Processing file /Library/Frameworks/Python.framework/Versions/3.9/lib/python3.9/site-packages/airflow/example_dags/example_nested_branch_dag.py for tasks to queue
[2023-01-10T20:20:22.317-0500] {logging_mixin.py:137} INFO - [2023-01-10T20:20:22.317-0500] {dagbag.py:538} INFO - Filling up the DagBag from /Library/Frameworks/Python.framework/Versions/3.9/lib/python3.9/site-packages/airflow/example_dags/example_nested_branch_dag.py
[2023-01-10T20:20:22.389-0500] {processor.py:753} INFO - DAG(s) dict_keys(['example_nested_branch_dag']) retrieved from /Library/Frameworks/Python.framework/Versions/3.9/lib/python3.9/site-packages/airflow/example_dags/example_nested_branch_dag.py
[2023-01-10T20:20:23.096-0500] {logging_mixin.py:137} INFO - [2023-01-10T20:20:23.096-0500] {dag.py:2676} INFO - Sync 1 DAGs
[2023-01-10T20:20:23.116-0500] {logging_mixin.py:137} INFO - [2023-01-10T20:20:23.116-0500] {dag.py:3423} INFO - Setting next_dagrun for example_nested_branch_dag to 2023-01-10T00:00:00+00:00, run_after=2023-01-11T00:00:00+00:00
[2023-01-10T20:20:23.139-0500] {processor.py:175} INFO - Processing /Library/Frameworks/Python.framework/Versions/3.9/lib/python3.9/site-packages/airflow/example_dags/example_nested_branch_dag.py took 0.828 seconds
[2023-01-10T20:23:07.156-0500] {processor.py:153} INFO - Started process (PID=3028) to work on /Library/Frameworks/Python.framework/Versions/3.9/lib/python3.9/site-packages/airflow/example_dags/example_nested_branch_dag.py
[2023-01-10T20:23:07.161-0500] {processor.py:743} INFO - Processing file /Library/Frameworks/Python.framework/Versions/3.9/lib/python3.9/site-packages/airflow/example_dags/example_nested_branch_dag.py for tasks to queue
[2023-01-10T20:23:07.161-0500] {logging_mixin.py:137} INFO - [2023-01-10T20:23:07.161-0500] {dagbag.py:538} INFO - Filling up the DagBag from /Library/Frameworks/Python.framework/Versions/3.9/lib/python3.9/site-packages/airflow/example_dags/example_nested_branch_dag.py
[2023-01-10T20:23:07.232-0500] {processor.py:753} INFO - DAG(s) dict_keys(['example_nested_branch_dag']) retrieved from /Library/Frameworks/Python.framework/Versions/3.9/lib/python3.9/site-packages/airflow/example_dags/example_nested_branch_dag.py
[2023-01-10T20:23:07.962-0500] {logging_mixin.py:137} INFO - [2023-01-10T20:23:07.962-0500] {dag.py:2676} INFO - Sync 1 DAGs
[2023-01-10T20:23:07.980-0500] {logging_mixin.py:137} INFO - [2023-01-10T20:23:07.979-0500] {dag.py:3423} INFO - Setting next_dagrun for example_nested_branch_dag to 2023-01-10T00:00:00+00:00, run_after=2023-01-11T00:00:00+00:00
[2023-01-10T20:23:07.999-0500] {processor.py:175} INFO - Processing /Library/Frameworks/Python.framework/Versions/3.9/lib/python3.9/site-packages/airflow/example_dags/example_nested_branch_dag.py took 0.844 seconds
[2023-01-10T20:25:41.691-0500] {processor.py:153} INFO - Started process (PID=3172) to work on /Library/Frameworks/Python.framework/Versions/3.9/lib/python3.9/site-packages/airflow/example_dags/example_nested_branch_dag.py
[2023-01-10T20:25:41.696-0500] {processor.py:743} INFO - Processing file /Library/Frameworks/Python.framework/Versions/3.9/lib/python3.9/site-packages/airflow/example_dags/example_nested_branch_dag.py for tasks to queue
[2023-01-10T20:25:41.697-0500] {logging_mixin.py:137} INFO - [2023-01-10T20:25:41.697-0500] {dagbag.py:538} INFO - Filling up the DagBag from /Library/Frameworks/Python.framework/Versions/3.9/lib/python3.9/site-packages/airflow/example_dags/example_nested_branch_dag.py
[2023-01-10T20:25:41.769-0500] {processor.py:753} INFO - DAG(s) dict_keys(['example_nested_branch_dag']) retrieved from /Library/Frameworks/Python.framework/Versions/3.9/lib/python3.9/site-packages/airflow/example_dags/example_nested_branch_dag.py
[2023-01-10T20:25:42.508-0500] {logging_mixin.py:137} INFO - [2023-01-10T20:25:42.508-0500] {dag.py:2676} INFO - Sync 1 DAGs
[2023-01-10T20:25:42.525-0500] {logging_mixin.py:137} INFO - [2023-01-10T20:25:42.525-0500] {dag.py:3423} INFO - Setting next_dagrun for example_nested_branch_dag to 2023-01-10T00:00:00+00:00, run_after=2023-01-11T00:00:00+00:00
[2023-01-10T20:25:42.552-0500] {processor.py:175} INFO - Processing /Library/Frameworks/Python.framework/Versions/3.9/lib/python3.9/site-packages/airflow/example_dags/example_nested_branch_dag.py took 0.861 seconds
[2023-01-10T20:28:24.367-0500] {processor.py:153} INFO - Started process (PID=3314) to work on /Library/Frameworks/Python.framework/Versions/3.9/lib/python3.9/site-packages/airflow/example_dags/example_nested_branch_dag.py
[2023-01-10T20:28:24.372-0500] {processor.py:743} INFO - Processing file /Library/Frameworks/Python.framework/Versions/3.9/lib/python3.9/site-packages/airflow/example_dags/example_nested_branch_dag.py for tasks to queue
[2023-01-10T20:28:24.373-0500] {logging_mixin.py:137} INFO - [2023-01-10T20:28:24.373-0500] {dagbag.py:538} INFO - Filling up the DagBag from /Library/Frameworks/Python.framework/Versions/3.9/lib/python3.9/site-packages/airflow/example_dags/example_nested_branch_dag.py
[2023-01-10T20:28:24.446-0500] {processor.py:753} INFO - DAG(s) dict_keys(['example_nested_branch_dag']) retrieved from /Library/Frameworks/Python.framework/Versions/3.9/lib/python3.9/site-packages/airflow/example_dags/example_nested_branch_dag.py
[2023-01-10T20:28:25.169-0500] {logging_mixin.py:137} INFO - [2023-01-10T20:28:25.169-0500] {dag.py:2676} INFO - Sync 1 DAGs
[2023-01-10T20:28:25.191-0500] {logging_mixin.py:137} INFO - [2023-01-10T20:28:25.191-0500] {dag.py:3423} INFO - Setting next_dagrun for example_nested_branch_dag to 2023-01-10T00:00:00+00:00, run_after=2023-01-11T00:00:00+00:00
[2023-01-10T20:28:25.211-0500] {processor.py:175} INFO - Processing /Library/Frameworks/Python.framework/Versions/3.9/lib/python3.9/site-packages/airflow/example_dags/example_nested_branch_dag.py took 0.845 seconds
[2023-01-10T20:31:04.243-0500] {processor.py:153} INFO - Started process (PID=3382) to work on /Library/Frameworks/Python.framework/Versions/3.9/lib/python3.9/site-packages/airflow/example_dags/example_nested_branch_dag.py
[2023-01-10T20:31:04.249-0500] {processor.py:743} INFO - Processing file /Library/Frameworks/Python.framework/Versions/3.9/lib/python3.9/site-packages/airflow/example_dags/example_nested_branch_dag.py for tasks to queue
[2023-01-10T20:31:04.249-0500] {logging_mixin.py:137} INFO - [2023-01-10T20:31:04.249-0500] {dagbag.py:538} INFO - Filling up the DagBag from /Library/Frameworks/Python.framework/Versions/3.9/lib/python3.9/site-packages/airflow/example_dags/example_nested_branch_dag.py
[2023-01-10T20:31:04.329-0500] {processor.py:753} INFO - DAG(s) dict_keys(['example_nested_branch_dag']) retrieved from /Library/Frameworks/Python.framework/Versions/3.9/lib/python3.9/site-packages/airflow/example_dags/example_nested_branch_dag.py
[2023-01-10T20:31:05.050-0500] {logging_mixin.py:137} INFO - [2023-01-10T20:31:05.050-0500] {dag.py:2676} INFO - Sync 1 DAGs
[2023-01-10T20:31:05.073-0500] {logging_mixin.py:137} INFO - [2023-01-10T20:31:05.073-0500] {dag.py:3423} INFO - Setting next_dagrun for example_nested_branch_dag to 2023-01-10T00:00:00+00:00, run_after=2023-01-11T00:00:00+00:00
[2023-01-10T20:31:05.121-0500] {processor.py:175} INFO - Processing /Library/Frameworks/Python.framework/Versions/3.9/lib/python3.9/site-packages/airflow/example_dags/example_nested_branch_dag.py took 0.878 seconds
[2023-01-10T20:34:13.305-0500] {processor.py:153} INFO - Started process (PID=3618) to work on /Library/Frameworks/Python.framework/Versions/3.9/lib/python3.9/site-packages/airflow/example_dags/example_nested_branch_dag.py
[2023-01-10T20:34:13.312-0500] {processor.py:743} INFO - Processing file /Library/Frameworks/Python.framework/Versions/3.9/lib/python3.9/site-packages/airflow/example_dags/example_nested_branch_dag.py for tasks to queue
[2023-01-10T20:34:13.312-0500] {logging_mixin.py:137} INFO - [2023-01-10T20:34:13.312-0500] {dagbag.py:538} INFO - Filling up the DagBag from /Library/Frameworks/Python.framework/Versions/3.9/lib/python3.9/site-packages/airflow/example_dags/example_nested_branch_dag.py
[2023-01-10T20:34:13.367-0500] {processor.py:753} INFO - DAG(s) dict_keys(['example_nested_branch_dag']) retrieved from /Library/Frameworks/Python.framework/Versions/3.9/lib/python3.9/site-packages/airflow/example_dags/example_nested_branch_dag.py
[2023-01-10T20:34:13.993-0500] {logging_mixin.py:137} INFO - [2023-01-10T20:34:13.992-0500] {dag.py:2676} INFO - Sync 1 DAGs
[2023-01-10T20:34:14.014-0500] {logging_mixin.py:137} INFO - [2023-01-10T20:34:14.013-0500] {dag.py:3423} INFO - Setting next_dagrun for example_nested_branch_dag to 2023-01-10T00:00:00+00:00, run_after=2023-01-11T00:00:00+00:00
[2023-01-10T20:34:14.032-0500] {processor.py:175} INFO - Processing /Library/Frameworks/Python.framework/Versions/3.9/lib/python3.9/site-packages/airflow/example_dags/example_nested_branch_dag.py took 0.727 seconds
[2023-01-10T20:37:35.248-0500] {processor.py:153} INFO - Started process (PID=3831) to work on /Library/Frameworks/Python.framework/Versions/3.9/lib/python3.9/site-packages/airflow/example_dags/example_nested_branch_dag.py
[2023-01-10T20:37:35.254-0500] {processor.py:743} INFO - Processing file /Library/Frameworks/Python.framework/Versions/3.9/lib/python3.9/site-packages/airflow/example_dags/example_nested_branch_dag.py for tasks to queue
[2023-01-10T20:37:35.255-0500] {logging_mixin.py:137} INFO - [2023-01-10T20:37:35.255-0500] {dagbag.py:538} INFO - Filling up the DagBag from /Library/Frameworks/Python.framework/Versions/3.9/lib/python3.9/site-packages/airflow/example_dags/example_nested_branch_dag.py
[2023-01-10T20:37:35.313-0500] {processor.py:753} INFO - DAG(s) dict_keys(['example_nested_branch_dag']) retrieved from /Library/Frameworks/Python.framework/Versions/3.9/lib/python3.9/site-packages/airflow/example_dags/example_nested_branch_dag.py
[2023-01-10T20:37:35.996-0500] {logging_mixin.py:137} INFO - [2023-01-10T20:37:35.995-0500] {dag.py:2676} INFO - Sync 1 DAGs
[2023-01-10T20:37:36.018-0500] {logging_mixin.py:137} INFO - [2023-01-10T20:37:36.018-0500] {dag.py:3423} INFO - Setting next_dagrun for example_nested_branch_dag to 2023-01-10T00:00:00+00:00, run_after=2023-01-11T00:00:00+00:00
[2023-01-10T20:37:36.037-0500] {processor.py:175} INFO - Processing /Library/Frameworks/Python.framework/Versions/3.9/lib/python3.9/site-packages/airflow/example_dags/example_nested_branch_dag.py took 0.790 seconds
[2023-01-10T20:41:11.369-0500] {processor.py:153} INFO - Started process (PID=3955) to work on /Library/Frameworks/Python.framework/Versions/3.9/lib/python3.9/site-packages/airflow/example_dags/example_nested_branch_dag.py
[2023-01-10T20:41:11.375-0500] {processor.py:743} INFO - Processing file /Library/Frameworks/Python.framework/Versions/3.9/lib/python3.9/site-packages/airflow/example_dags/example_nested_branch_dag.py for tasks to queue
[2023-01-10T20:41:11.376-0500] {logging_mixin.py:137} INFO - [2023-01-10T20:41:11.376-0500] {dagbag.py:538} INFO - Filling up the DagBag from /Library/Frameworks/Python.framework/Versions/3.9/lib/python3.9/site-packages/airflow/example_dags/example_nested_branch_dag.py
[2023-01-10T20:41:11.432-0500] {processor.py:753} INFO - DAG(s) dict_keys(['example_nested_branch_dag']) retrieved from /Library/Frameworks/Python.framework/Versions/3.9/lib/python3.9/site-packages/airflow/example_dags/example_nested_branch_dag.py
[2023-01-10T20:41:12.072-0500] {logging_mixin.py:137} INFO - [2023-01-10T20:41:12.072-0500] {dag.py:2676} INFO - Sync 1 DAGs
[2023-01-10T20:41:12.090-0500] {logging_mixin.py:137} INFO - [2023-01-10T20:41:12.090-0500] {dag.py:3423} INFO - Setting next_dagrun for example_nested_branch_dag to 2023-01-10T00:00:00+00:00, run_after=2023-01-11T00:00:00+00:00
[2023-01-10T20:41:12.108-0500] {processor.py:175} INFO - Processing /Library/Frameworks/Python.framework/Versions/3.9/lib/python3.9/site-packages/airflow/example_dags/example_nested_branch_dag.py took 0.740 seconds
[2023-01-10T20:44:46.267-0500] {processor.py:153} INFO - Started process (PID=4173) to work on /Library/Frameworks/Python.framework/Versions/3.9/lib/python3.9/site-packages/airflow/example_dags/example_nested_branch_dag.py
[2023-01-10T20:44:46.273-0500] {processor.py:743} INFO - Processing file /Library/Frameworks/Python.framework/Versions/3.9/lib/python3.9/site-packages/airflow/example_dags/example_nested_branch_dag.py for tasks to queue
[2023-01-10T20:44:46.273-0500] {logging_mixin.py:137} INFO - [2023-01-10T20:44:46.273-0500] {dagbag.py:538} INFO - Filling up the DagBag from /Library/Frameworks/Python.framework/Versions/3.9/lib/python3.9/site-packages/airflow/example_dags/example_nested_branch_dag.py
[2023-01-10T20:44:46.325-0500] {processor.py:753} INFO - DAG(s) dict_keys(['example_nested_branch_dag']) retrieved from /Library/Frameworks/Python.framework/Versions/3.9/lib/python3.9/site-packages/airflow/example_dags/example_nested_branch_dag.py
[2023-01-10T20:44:46.914-0500] {logging_mixin.py:137} INFO - [2023-01-10T20:44:46.913-0500] {dag.py:2676} INFO - Sync 1 DAGs
[2023-01-10T20:44:46.932-0500] {logging_mixin.py:137} INFO - [2023-01-10T20:44:46.931-0500] {dag.py:3423} INFO - Setting next_dagrun for example_nested_branch_dag to 2023-01-10T00:00:00+00:00, run_after=2023-01-11T00:00:00+00:00
[2023-01-10T20:44:46.949-0500] {processor.py:175} INFO - Processing /Library/Frameworks/Python.framework/Versions/3.9/lib/python3.9/site-packages/airflow/example_dags/example_nested_branch_dag.py took 0.682 seconds
[2023-01-10T20:48:19.023-0500] {processor.py:153} INFO - Started process (PID=4348) to work on /Library/Frameworks/Python.framework/Versions/3.9/lib/python3.9/site-packages/airflow/example_dags/example_nested_branch_dag.py
[2023-01-10T20:48:19.028-0500] {processor.py:743} INFO - Processing file /Library/Frameworks/Python.framework/Versions/3.9/lib/python3.9/site-packages/airflow/example_dags/example_nested_branch_dag.py for tasks to queue
[2023-01-10T20:48:19.028-0500] {logging_mixin.py:137} INFO - [2023-01-10T20:48:19.028-0500] {dagbag.py:538} INFO - Filling up the DagBag from /Library/Frameworks/Python.framework/Versions/3.9/lib/python3.9/site-packages/airflow/example_dags/example_nested_branch_dag.py
[2023-01-10T20:48:19.081-0500] {processor.py:753} INFO - DAG(s) dict_keys(['example_nested_branch_dag']) retrieved from /Library/Frameworks/Python.framework/Versions/3.9/lib/python3.9/site-packages/airflow/example_dags/example_nested_branch_dag.py
[2023-01-10T20:48:19.711-0500] {logging_mixin.py:137} INFO - [2023-01-10T20:48:19.711-0500] {dag.py:2676} INFO - Sync 1 DAGs
[2023-01-10T20:48:19.729-0500] {logging_mixin.py:137} INFO - [2023-01-10T20:48:19.729-0500] {dag.py:3423} INFO - Setting next_dagrun for example_nested_branch_dag to 2023-01-10T00:00:00+00:00, run_after=2023-01-11T00:00:00+00:00
[2023-01-10T20:48:19.747-0500] {processor.py:175} INFO - Processing /Library/Frameworks/Python.framework/Versions/3.9/lib/python3.9/site-packages/airflow/example_dags/example_nested_branch_dag.py took 0.725 seconds
[2023-01-10T20:51:37.957-0500] {processor.py:153} INFO - Started process (PID=4430) to work on /Library/Frameworks/Python.framework/Versions/3.9/lib/python3.9/site-packages/airflow/example_dags/example_nested_branch_dag.py
[2023-01-10T20:51:37.963-0500] {processor.py:743} INFO - Processing file /Library/Frameworks/Python.framework/Versions/3.9/lib/python3.9/site-packages/airflow/example_dags/example_nested_branch_dag.py for tasks to queue
[2023-01-10T20:51:37.963-0500] {logging_mixin.py:137} INFO - [2023-01-10T20:51:37.963-0500] {dagbag.py:538} INFO - Filling up the DagBag from /Library/Frameworks/Python.framework/Versions/3.9/lib/python3.9/site-packages/airflow/example_dags/example_nested_branch_dag.py
[2023-01-10T20:51:38.019-0500] {processor.py:753} INFO - DAG(s) dict_keys(['example_nested_branch_dag']) retrieved from /Library/Frameworks/Python.framework/Versions/3.9/lib/python3.9/site-packages/airflow/example_dags/example_nested_branch_dag.py
[2023-01-10T20:51:38.673-0500] {logging_mixin.py:137} INFO - [2023-01-10T20:51:38.672-0500] {dag.py:2676} INFO - Sync 1 DAGs
[2023-01-10T20:51:38.693-0500] {logging_mixin.py:137} INFO - [2023-01-10T20:51:38.693-0500] {dag.py:3423} INFO - Setting next_dagrun for example_nested_branch_dag to 2023-01-10T00:00:00+00:00, run_after=2023-01-11T00:00:00+00:00
[2023-01-10T20:51:38.712-0500] {processor.py:175} INFO - Processing /Library/Frameworks/Python.framework/Versions/3.9/lib/python3.9/site-packages/airflow/example_dags/example_nested_branch_dag.py took 0.756 seconds
[2023-01-10T20:54:55.912-0500] {processor.py:153} INFO - Started process (PID=4597) to work on /Library/Frameworks/Python.framework/Versions/3.9/lib/python3.9/site-packages/airflow/example_dags/example_nested_branch_dag.py
[2023-01-10T20:54:55.918-0500] {processor.py:743} INFO - Processing file /Library/Frameworks/Python.framework/Versions/3.9/lib/python3.9/site-packages/airflow/example_dags/example_nested_branch_dag.py for tasks to queue
[2023-01-10T20:54:55.919-0500] {logging_mixin.py:137} INFO - [2023-01-10T20:54:55.918-0500] {dagbag.py:538} INFO - Filling up the DagBag from /Library/Frameworks/Python.framework/Versions/3.9/lib/python3.9/site-packages/airflow/example_dags/example_nested_branch_dag.py
[2023-01-10T20:54:55.976-0500] {processor.py:753} INFO - DAG(s) dict_keys(['example_nested_branch_dag']) retrieved from /Library/Frameworks/Python.framework/Versions/3.9/lib/python3.9/site-packages/airflow/example_dags/example_nested_branch_dag.py
[2023-01-10T20:54:56.621-0500] {logging_mixin.py:137} INFO - [2023-01-10T20:54:56.621-0500] {dag.py:2676} INFO - Sync 1 DAGs
[2023-01-10T20:54:56.638-0500] {logging_mixin.py:137} INFO - [2023-01-10T20:54:56.638-0500] {dag.py:3423} INFO - Setting next_dagrun for example_nested_branch_dag to 2023-01-10T00:00:00+00:00, run_after=2023-01-11T00:00:00+00:00
[2023-01-10T20:54:56.657-0500] {processor.py:175} INFO - Processing /Library/Frameworks/Python.framework/Versions/3.9/lib/python3.9/site-packages/airflow/example_dags/example_nested_branch_dag.py took 0.746 seconds
[2023-01-10T20:57:57.812-0500] {processor.py:153} INFO - Started process (PID=4668) to work on /Library/Frameworks/Python.framework/Versions/3.9/lib/python3.9/site-packages/airflow/example_dags/example_nested_branch_dag.py
[2023-01-10T20:57:57.818-0500] {processor.py:743} INFO - Processing file /Library/Frameworks/Python.framework/Versions/3.9/lib/python3.9/site-packages/airflow/example_dags/example_nested_branch_dag.py for tasks to queue
[2023-01-10T20:57:57.819-0500] {logging_mixin.py:137} INFO - [2023-01-10T20:57:57.819-0500] {dagbag.py:538} INFO - Filling up the DagBag from /Library/Frameworks/Python.framework/Versions/3.9/lib/python3.9/site-packages/airflow/example_dags/example_nested_branch_dag.py
[2023-01-10T20:57:57.873-0500] {processor.py:753} INFO - DAG(s) dict_keys(['example_nested_branch_dag']) retrieved from /Library/Frameworks/Python.framework/Versions/3.9/lib/python3.9/site-packages/airflow/example_dags/example_nested_branch_dag.py
[2023-01-10T20:57:58.485-0500] {logging_mixin.py:137} INFO - [2023-01-10T20:57:58.485-0500] {dag.py:2676} INFO - Sync 1 DAGs
[2023-01-10T20:57:58.503-0500] {logging_mixin.py:137} INFO - [2023-01-10T20:57:58.503-0500] {dag.py:3423} INFO - Setting next_dagrun for example_nested_branch_dag to 2023-01-10T00:00:00+00:00, run_after=2023-01-11T00:00:00+00:00
[2023-01-10T20:57:58.521-0500] {processor.py:175} INFO - Processing /Library/Frameworks/Python.framework/Versions/3.9/lib/python3.9/site-packages/airflow/example_dags/example_nested_branch_dag.py took 0.709 seconds
[2023-01-10T20:59:49.445-0500] {processor.py:153} INFO - Started process (PID=4723) to work on /Library/Frameworks/Python.framework/Versions/3.9/lib/python3.9/site-packages/airflow/example_dags/example_nested_branch_dag.py
[2023-01-10T20:59:49.450-0500] {processor.py:743} INFO - Processing file /Library/Frameworks/Python.framework/Versions/3.9/lib/python3.9/site-packages/airflow/example_dags/example_nested_branch_dag.py for tasks to queue
[2023-01-10T20:59:49.451-0500] {logging_mixin.py:137} INFO - [2023-01-10T20:59:49.450-0500] {dagbag.py:538} INFO - Filling up the DagBag from /Library/Frameworks/Python.framework/Versions/3.9/lib/python3.9/site-packages/airflow/example_dags/example_nested_branch_dag.py
[2023-01-10T20:59:49.501-0500] {processor.py:753} INFO - DAG(s) dict_keys(['example_nested_branch_dag']) retrieved from /Library/Frameworks/Python.framework/Versions/3.9/lib/python3.9/site-packages/airflow/example_dags/example_nested_branch_dag.py
[2023-01-10T20:59:50.124-0500] {logging_mixin.py:137} INFO - [2023-01-10T20:59:50.123-0500] {dag.py:2676} INFO - Sync 1 DAGs
[2023-01-10T20:59:50.141-0500] {logging_mixin.py:137} INFO - [2023-01-10T20:59:50.141-0500] {dag.py:3423} INFO - Setting next_dagrun for example_nested_branch_dag to 2023-01-10T00:00:00+00:00, run_after=2023-01-11T00:00:00+00:00
[2023-01-10T20:59:50.160-0500] {processor.py:175} INFO - Processing /Library/Frameworks/Python.framework/Versions/3.9/lib/python3.9/site-packages/airflow/example_dags/example_nested_branch_dag.py took 0.716 seconds
[2023-01-10T21:02:47.587-0500] {processor.py:153} INFO - Started process (PID=4796) to work on /Library/Frameworks/Python.framework/Versions/3.9/lib/python3.9/site-packages/airflow/example_dags/example_nested_branch_dag.py
[2023-01-10T21:02:47.592-0500] {processor.py:743} INFO - Processing file /Library/Frameworks/Python.framework/Versions/3.9/lib/python3.9/site-packages/airflow/example_dags/example_nested_branch_dag.py for tasks to queue
[2023-01-10T21:02:47.593-0500] {logging_mixin.py:137} INFO - [2023-01-10T21:02:47.593-0500] {dagbag.py:538} INFO - Filling up the DagBag from /Library/Frameworks/Python.framework/Versions/3.9/lib/python3.9/site-packages/airflow/example_dags/example_nested_branch_dag.py
[2023-01-10T21:02:47.651-0500] {processor.py:753} INFO - DAG(s) dict_keys(['example_nested_branch_dag']) retrieved from /Library/Frameworks/Python.framework/Versions/3.9/lib/python3.9/site-packages/airflow/example_dags/example_nested_branch_dag.py
[2023-01-10T21:02:48.283-0500] {logging_mixin.py:137} INFO - [2023-01-10T21:02:48.283-0500] {dag.py:2676} INFO - Sync 1 DAGs
[2023-01-10T21:02:48.300-0500] {logging_mixin.py:137} INFO - [2023-01-10T21:02:48.300-0500] {dag.py:3423} INFO - Setting next_dagrun for example_nested_branch_dag to 2023-01-10T00:00:00+00:00, run_after=2023-01-11T00:00:00+00:00
[2023-01-10T21:02:48.318-0500] {processor.py:175} INFO - Processing /Library/Frameworks/Python.framework/Versions/3.9/lib/python3.9/site-packages/airflow/example_dags/example_nested_branch_dag.py took 0.732 seconds
[2023-01-10T21:04:34.954-0500] {processor.py:153} INFO - Started process (PID=4838) to work on /Library/Frameworks/Python.framework/Versions/3.9/lib/python3.9/site-packages/airflow/example_dags/example_nested_branch_dag.py
[2023-01-10T21:04:34.961-0500] {processor.py:743} INFO - Processing file /Library/Frameworks/Python.framework/Versions/3.9/lib/python3.9/site-packages/airflow/example_dags/example_nested_branch_dag.py for tasks to queue
[2023-01-10T21:04:34.962-0500] {logging_mixin.py:137} INFO - [2023-01-10T21:04:34.961-0500] {dagbag.py:538} INFO - Filling up the DagBag from /Library/Frameworks/Python.framework/Versions/3.9/lib/python3.9/site-packages/airflow/example_dags/example_nested_branch_dag.py
[2023-01-10T21:04:35.019-0500] {processor.py:753} INFO - DAG(s) dict_keys(['example_nested_branch_dag']) retrieved from /Library/Frameworks/Python.framework/Versions/3.9/lib/python3.9/site-packages/airflow/example_dags/example_nested_branch_dag.py
[2023-01-10T21:04:35.691-0500] {logging_mixin.py:137} INFO - [2023-01-10T21:04:35.691-0500] {dag.py:2676} INFO - Sync 1 DAGs
[2023-01-10T21:04:35.708-0500] {logging_mixin.py:137} INFO - [2023-01-10T21:04:35.708-0500] {dag.py:3423} INFO - Setting next_dagrun for example_nested_branch_dag to 2023-01-10T00:00:00+00:00, run_after=2023-01-11T00:00:00+00:00
[2023-01-10T21:04:35.730-0500] {processor.py:175} INFO - Processing /Library/Frameworks/Python.framework/Versions/3.9/lib/python3.9/site-packages/airflow/example_dags/example_nested_branch_dag.py took 0.777 seconds
[2023-01-10T21:07:38.728-0500] {processor.py:153} INFO - Started process (PID=5030) to work on /Library/Frameworks/Python.framework/Versions/3.9/lib/python3.9/site-packages/airflow/example_dags/example_nested_branch_dag.py
[2023-01-10T21:07:38.734-0500] {processor.py:743} INFO - Processing file /Library/Frameworks/Python.framework/Versions/3.9/lib/python3.9/site-packages/airflow/example_dags/example_nested_branch_dag.py for tasks to queue
[2023-01-10T21:07:38.734-0500] {logging_mixin.py:137} INFO - [2023-01-10T21:07:38.734-0500] {dagbag.py:538} INFO - Filling up the DagBag from /Library/Frameworks/Python.framework/Versions/3.9/lib/python3.9/site-packages/airflow/example_dags/example_nested_branch_dag.py
[2023-01-10T21:07:38.787-0500] {processor.py:753} INFO - DAG(s) dict_keys(['example_nested_branch_dag']) retrieved from /Library/Frameworks/Python.framework/Versions/3.9/lib/python3.9/site-packages/airflow/example_dags/example_nested_branch_dag.py
[2023-01-10T21:07:39.409-0500] {logging_mixin.py:137} INFO - [2023-01-10T21:07:39.409-0500] {dag.py:2676} INFO - Sync 1 DAGs
[2023-01-10T21:07:39.427-0500] {logging_mixin.py:137} INFO - [2023-01-10T21:07:39.426-0500] {dag.py:3423} INFO - Setting next_dagrun for example_nested_branch_dag to 2023-01-10T00:00:00+00:00, run_after=2023-01-11T00:00:00+00:00
[2023-01-10T21:07:39.447-0500] {processor.py:175} INFO - Processing /Library/Frameworks/Python.framework/Versions/3.9/lib/python3.9/site-packages/airflow/example_dags/example_nested_branch_dag.py took 0.720 seconds
[2023-01-10T21:10:49.165-0500] {processor.py:153} INFO - Started process (PID=5130) to work on /Library/Frameworks/Python.framework/Versions/3.9/lib/python3.9/site-packages/airflow/example_dags/example_nested_branch_dag.py
[2023-01-10T21:10:49.171-0500] {processor.py:743} INFO - Processing file /Library/Frameworks/Python.framework/Versions/3.9/lib/python3.9/site-packages/airflow/example_dags/example_nested_branch_dag.py for tasks to queue
[2023-01-10T21:10:49.172-0500] {logging_mixin.py:137} INFO - [2023-01-10T21:10:49.172-0500] {dagbag.py:538} INFO - Filling up the DagBag from /Library/Frameworks/Python.framework/Versions/3.9/lib/python3.9/site-packages/airflow/example_dags/example_nested_branch_dag.py
[2023-01-10T21:10:49.243-0500] {processor.py:753} INFO - DAG(s) dict_keys(['example_nested_branch_dag']) retrieved from /Library/Frameworks/Python.framework/Versions/3.9/lib/python3.9/site-packages/airflow/example_dags/example_nested_branch_dag.py
[2023-01-10T21:10:49.877-0500] {logging_mixin.py:137} INFO - [2023-01-10T21:10:49.877-0500] {dag.py:2676} INFO - Sync 1 DAGs
[2023-01-10T21:10:49.895-0500] {logging_mixin.py:137} INFO - [2023-01-10T21:10:49.895-0500] {dag.py:3423} INFO - Setting next_dagrun for example_nested_branch_dag to 2023-01-10T00:00:00+00:00, run_after=2023-01-11T00:00:00+00:00
[2023-01-10T21:10:49.913-0500] {processor.py:175} INFO - Processing /Library/Frameworks/Python.framework/Versions/3.9/lib/python3.9/site-packages/airflow/example_dags/example_nested_branch_dag.py took 0.749 seconds
[2023-01-10T21:13:47.683-0500] {processor.py:153} INFO - Started process (PID=5230) to work on /Library/Frameworks/Python.framework/Versions/3.9/lib/python3.9/site-packages/airflow/example_dags/example_nested_branch_dag.py
[2023-01-10T21:13:47.688-0500] {processor.py:743} INFO - Processing file /Library/Frameworks/Python.framework/Versions/3.9/lib/python3.9/site-packages/airflow/example_dags/example_nested_branch_dag.py for tasks to queue
[2023-01-10T21:13:47.688-0500] {logging_mixin.py:137} INFO - [2023-01-10T21:13:47.688-0500] {dagbag.py:538} INFO - Filling up the DagBag from /Library/Frameworks/Python.framework/Versions/3.9/lib/python3.9/site-packages/airflow/example_dags/example_nested_branch_dag.py
[2023-01-10T21:13:47.740-0500] {processor.py:753} INFO - DAG(s) dict_keys(['example_nested_branch_dag']) retrieved from /Library/Frameworks/Python.framework/Versions/3.9/lib/python3.9/site-packages/airflow/example_dags/example_nested_branch_dag.py
[2023-01-10T21:13:48.360-0500] {logging_mixin.py:137} INFO - [2023-01-10T21:13:48.359-0500] {dag.py:2676} INFO - Sync 1 DAGs
[2023-01-10T21:13:48.378-0500] {logging_mixin.py:137} INFO - [2023-01-10T21:13:48.378-0500] {dag.py:3423} INFO - Setting next_dagrun for example_nested_branch_dag to 2023-01-10T00:00:00+00:00, run_after=2023-01-11T00:00:00+00:00
[2023-01-10T21:13:48.397-0500] {processor.py:175} INFO - Processing /Library/Frameworks/Python.framework/Versions/3.9/lib/python3.9/site-packages/airflow/example_dags/example_nested_branch_dag.py took 0.715 seconds
[2023-01-10T21:16:58.096-0500] {processor.py:153} INFO - Started process (PID=5373) to work on /Library/Frameworks/Python.framework/Versions/3.9/lib/python3.9/site-packages/airflow/example_dags/example_nested_branch_dag.py
[2023-01-10T21:16:58.101-0500] {processor.py:743} INFO - Processing file /Library/Frameworks/Python.framework/Versions/3.9/lib/python3.9/site-packages/airflow/example_dags/example_nested_branch_dag.py for tasks to queue
[2023-01-10T21:16:58.102-0500] {logging_mixin.py:137} INFO - [2023-01-10T21:16:58.102-0500] {dagbag.py:538} INFO - Filling up the DagBag from /Library/Frameworks/Python.framework/Versions/3.9/lib/python3.9/site-packages/airflow/example_dags/example_nested_branch_dag.py
[2023-01-10T21:16:58.160-0500] {processor.py:753} INFO - DAG(s) dict_keys(['example_nested_branch_dag']) retrieved from /Library/Frameworks/Python.framework/Versions/3.9/lib/python3.9/site-packages/airflow/example_dags/example_nested_branch_dag.py
[2023-01-10T21:16:59.063-0500] {logging_mixin.py:137} INFO - [2023-01-10T21:16:59.063-0500] {dag.py:2676} INFO - Sync 1 DAGs
[2023-01-10T21:16:59.088-0500] {logging_mixin.py:137} INFO - [2023-01-10T21:16:59.087-0500] {dag.py:3423} INFO - Setting next_dagrun for example_nested_branch_dag to 2023-01-10T00:00:00+00:00, run_after=2023-01-11T00:00:00+00:00
[2023-01-10T21:16:59.119-0500] {processor.py:175} INFO - Processing /Library/Frameworks/Python.framework/Versions/3.9/lib/python3.9/site-packages/airflow/example_dags/example_nested_branch_dag.py took 1.024 seconds
[2023-01-10T21:21:06.440-0500] {processor.py:153} INFO - Started process (PID=5570) to work on /Library/Frameworks/Python.framework/Versions/3.9/lib/python3.9/site-packages/airflow/example_dags/example_nested_branch_dag.py
[2023-01-10T21:21:06.445-0500] {processor.py:743} INFO - Processing file /Library/Frameworks/Python.framework/Versions/3.9/lib/python3.9/site-packages/airflow/example_dags/example_nested_branch_dag.py for tasks to queue
[2023-01-10T21:21:06.446-0500] {logging_mixin.py:137} INFO - [2023-01-10T21:21:06.446-0500] {dagbag.py:538} INFO - Filling up the DagBag from /Library/Frameworks/Python.framework/Versions/3.9/lib/python3.9/site-packages/airflow/example_dags/example_nested_branch_dag.py
[2023-01-10T21:21:06.496-0500] {processor.py:753} INFO - DAG(s) dict_keys(['example_nested_branch_dag']) retrieved from /Library/Frameworks/Python.framework/Versions/3.9/lib/python3.9/site-packages/airflow/example_dags/example_nested_branch_dag.py
[2023-01-10T21:21:07.072-0500] {logging_mixin.py:137} INFO - [2023-01-10T21:21:07.072-0500] {dag.py:2676} INFO - Sync 1 DAGs
[2023-01-10T21:21:07.089-0500] {logging_mixin.py:137} INFO - [2023-01-10T21:21:07.089-0500] {dag.py:3423} INFO - Setting next_dagrun for example_nested_branch_dag to 2023-01-10T00:00:00+00:00, run_after=2023-01-11T00:00:00+00:00
[2023-01-10T21:21:07.111-0500] {processor.py:175} INFO - Processing /Library/Frameworks/Python.framework/Versions/3.9/lib/python3.9/site-packages/airflow/example_dags/example_nested_branch_dag.py took 0.672 seconds
[2023-01-10T22:21:42.436-0500] {processor.py:153} INFO - Started process (PID=6170) to work on /Library/Frameworks/Python.framework/Versions/3.9/lib/python3.9/site-packages/airflow/example_dags/example_nested_branch_dag.py
[2023-01-10T22:21:42.446-0500] {processor.py:743} INFO - Processing file /Library/Frameworks/Python.framework/Versions/3.9/lib/python3.9/site-packages/airflow/example_dags/example_nested_branch_dag.py for tasks to queue
[2023-01-10T22:21:42.447-0500] {logging_mixin.py:137} INFO - [2023-01-10T22:21:42.447-0500] {dagbag.py:538} INFO - Filling up the DagBag from /Library/Frameworks/Python.framework/Versions/3.9/lib/python3.9/site-packages/airflow/example_dags/example_nested_branch_dag.py
[2023-01-10T22:21:42.565-0500] {processor.py:753} INFO - DAG(s) dict_keys(['example_nested_branch_dag']) retrieved from /Library/Frameworks/Python.framework/Versions/3.9/lib/python3.9/site-packages/airflow/example_dags/example_nested_branch_dag.py
[2023-01-10T22:21:43.942-0500] {logging_mixin.py:137} INFO - [2023-01-10T22:21:43.942-0500] {dag.py:2676} INFO - Sync 1 DAGs
[2023-01-10T22:21:43.975-0500] {logging_mixin.py:137} INFO - [2023-01-10T22:21:43.975-0500] {dag.py:3423} INFO - Setting next_dagrun for example_nested_branch_dag to 2023-01-10T00:00:00+00:00, run_after=2023-01-11T00:00:00+00:00
[2023-01-10T22:21:44.005-0500] {processor.py:175} INFO - Processing /Library/Frameworks/Python.framework/Versions/3.9/lib/python3.9/site-packages/airflow/example_dags/example_nested_branch_dag.py took 1.570 seconds
[2023-01-10T22:25:14.563-0500] {processor.py:153} INFO - Started process (PID=6301) to work on /Library/Frameworks/Python.framework/Versions/3.9/lib/python3.9/site-packages/airflow/example_dags/example_nested_branch_dag.py
[2023-01-10T22:25:14.571-0500] {processor.py:743} INFO - Processing file /Library/Frameworks/Python.framework/Versions/3.9/lib/python3.9/site-packages/airflow/example_dags/example_nested_branch_dag.py for tasks to queue
[2023-01-10T22:25:14.572-0500] {logging_mixin.py:137} INFO - [2023-01-10T22:25:14.572-0500] {dagbag.py:538} INFO - Filling up the DagBag from /Library/Frameworks/Python.framework/Versions/3.9/lib/python3.9/site-packages/airflow/example_dags/example_nested_branch_dag.py
[2023-01-10T22:25:14.661-0500] {processor.py:753} INFO - DAG(s) dict_keys(['example_nested_branch_dag']) retrieved from /Library/Frameworks/Python.framework/Versions/3.9/lib/python3.9/site-packages/airflow/example_dags/example_nested_branch_dag.py
[2023-01-10T22:25:16.126-0500] {logging_mixin.py:137} INFO - [2023-01-10T22:25:16.125-0500] {dag.py:2676} INFO - Sync 1 DAGs
[2023-01-10T22:25:16.163-0500] {logging_mixin.py:137} INFO - [2023-01-10T22:25:16.163-0500] {dag.py:3423} INFO - Setting next_dagrun for example_nested_branch_dag to 2023-01-10T00:00:00+00:00, run_after=2023-01-11T00:00:00+00:00
[2023-01-10T22:25:16.207-0500] {processor.py:175} INFO - Processing /Library/Frameworks/Python.framework/Versions/3.9/lib/python3.9/site-packages/airflow/example_dags/example_nested_branch_dag.py took 1.644 seconds
[2023-01-10T22:29:34.795-0500] {processor.py:153} INFO - Started process (PID=6416) to work on /Library/Frameworks/Python.framework/Versions/3.9/lib/python3.9/site-packages/airflow/example_dags/example_nested_branch_dag.py
[2023-01-10T22:29:34.802-0500] {processor.py:743} INFO - Processing file /Library/Frameworks/Python.framework/Versions/3.9/lib/python3.9/site-packages/airflow/example_dags/example_nested_branch_dag.py for tasks to queue
[2023-01-10T22:29:34.807-0500] {logging_mixin.py:137} INFO - [2023-01-10T22:29:34.806-0500] {dagbag.py:538} INFO - Filling up the DagBag from /Library/Frameworks/Python.framework/Versions/3.9/lib/python3.9/site-packages/airflow/example_dags/example_nested_branch_dag.py
[2023-01-10T22:29:34.861-0500] {processor.py:753} INFO - DAG(s) dict_keys(['example_nested_branch_dag']) retrieved from /Library/Frameworks/Python.framework/Versions/3.9/lib/python3.9/site-packages/airflow/example_dags/example_nested_branch_dag.py
[2023-01-10T22:29:35.463-0500] {logging_mixin.py:137} INFO - [2023-01-10T22:29:35.462-0500] {dag.py:2676} INFO - Sync 1 DAGs
[2023-01-10T22:29:35.480-0500] {logging_mixin.py:137} INFO - [2023-01-10T22:29:35.480-0500] {dag.py:3423} INFO - Setting next_dagrun for example_nested_branch_dag to 2023-01-10T00:00:00+00:00, run_after=2023-01-11T00:00:00+00:00
[2023-01-10T22:29:35.496-0500] {processor.py:175} INFO - Processing /Library/Frameworks/Python.framework/Versions/3.9/lib/python3.9/site-packages/airflow/example_dags/example_nested_branch_dag.py took 0.701 seconds
[2023-01-11T11:18:01.090-0500] {processor.py:153} INFO - Started process (PID=6985) to work on /Library/Frameworks/Python.framework/Versions/3.9/lib/python3.9/site-packages/airflow/example_dags/example_nested_branch_dag.py
[2023-01-11T11:18:01.096-0500] {processor.py:743} INFO - Processing file /Library/Frameworks/Python.framework/Versions/3.9/lib/python3.9/site-packages/airflow/example_dags/example_nested_branch_dag.py for tasks to queue
[2023-01-11T11:18:01.096-0500] {logging_mixin.py:137} INFO - [2023-01-11T11:18:01.096-0500] {dagbag.py:538} INFO - Filling up the DagBag from /Library/Frameworks/Python.framework/Versions/3.9/lib/python3.9/site-packages/airflow/example_dags/example_nested_branch_dag.py
[2023-01-11T11:18:01.163-0500] {processor.py:753} INFO - DAG(s) dict_keys(['example_nested_branch_dag']) retrieved from /Library/Frameworks/Python.framework/Versions/3.9/lib/python3.9/site-packages/airflow/example_dags/example_nested_branch_dag.py
[2023-01-11T11:18:02.178-0500] {logging_mixin.py:137} INFO - [2023-01-11T11:18:02.178-0500] {dag.py:2676} INFO - Sync 1 DAGs
[2023-01-11T11:18:02.206-0500] {logging_mixin.py:137} INFO - [2023-01-11T11:18:02.205-0500] {dag.py:3423} INFO - Setting next_dagrun for example_nested_branch_dag to 2023-01-10T00:00:00+00:00, run_after=2023-01-11T00:00:00+00:00
[2023-01-11T11:18:02.233-0500] {processor.py:175} INFO - Processing /Library/Frameworks/Python.framework/Versions/3.9/lib/python3.9/site-packages/airflow/example_dags/example_nested_branch_dag.py took 1.149 seconds
[2023-01-11T11:20:12.383-0500] {processor.py:153} INFO - Started process (PID=7162) to work on /Library/Frameworks/Python.framework/Versions/3.9/lib/python3.9/site-packages/airflow/example_dags/example_nested_branch_dag.py
[2023-01-11T11:20:12.390-0500] {processor.py:743} INFO - Processing file /Library/Frameworks/Python.framework/Versions/3.9/lib/python3.9/site-packages/airflow/example_dags/example_nested_branch_dag.py for tasks to queue
[2023-01-11T11:20:12.390-0500] {logging_mixin.py:137} INFO - [2023-01-11T11:20:12.390-0500] {dagbag.py:538} INFO - Filling up the DagBag from /Library/Frameworks/Python.framework/Versions/3.9/lib/python3.9/site-packages/airflow/example_dags/example_nested_branch_dag.py
[2023-01-11T11:20:12.450-0500] {processor.py:753} INFO - DAG(s) dict_keys(['example_nested_branch_dag']) retrieved from /Library/Frameworks/Python.framework/Versions/3.9/lib/python3.9/site-packages/airflow/example_dags/example_nested_branch_dag.py
[2023-01-11T11:20:13.328-0500] {logging_mixin.py:137} INFO - [2023-01-11T11:20:13.327-0500] {dag.py:2676} INFO - Sync 1 DAGs
[2023-01-11T11:20:13.347-0500] {logging_mixin.py:137} INFO - [2023-01-11T11:20:13.347-0500] {dag.py:3423} INFO - Setting next_dagrun for example_nested_branch_dag to 2023-01-10T00:00:00+00:00, run_after=2023-01-11T00:00:00+00:00
[2023-01-11T11:20:13.377-0500] {processor.py:175} INFO - Processing /Library/Frameworks/Python.framework/Versions/3.9/lib/python3.9/site-packages/airflow/example_dags/example_nested_branch_dag.py took 0.994 seconds
[2023-01-11T11:23:31.525-0500] {processor.py:153} INFO - Started process (PID=7311) to work on /Library/Frameworks/Python.framework/Versions/3.9/lib/python3.9/site-packages/airflow/example_dags/example_nested_branch_dag.py
[2023-01-11T11:23:31.531-0500] {processor.py:743} INFO - Processing file /Library/Frameworks/Python.framework/Versions/3.9/lib/python3.9/site-packages/airflow/example_dags/example_nested_branch_dag.py for tasks to queue
[2023-01-11T11:23:31.531-0500] {logging_mixin.py:137} INFO - [2023-01-11T11:23:31.531-0500] {dagbag.py:538} INFO - Filling up the DagBag from /Library/Frameworks/Python.framework/Versions/3.9/lib/python3.9/site-packages/airflow/example_dags/example_nested_branch_dag.py
[2023-01-11T11:23:31.592-0500] {processor.py:753} INFO - DAG(s) dict_keys(['example_nested_branch_dag']) retrieved from /Library/Frameworks/Python.framework/Versions/3.9/lib/python3.9/site-packages/airflow/example_dags/example_nested_branch_dag.py
[2023-01-11T11:23:32.246-0500] {logging_mixin.py:137} INFO - [2023-01-11T11:23:32.245-0500] {dag.py:2676} INFO - Sync 1 DAGs
[2023-01-11T11:23:32.262-0500] {logging_mixin.py:137} INFO - [2023-01-11T11:23:32.262-0500] {dag.py:3423} INFO - Setting next_dagrun for example_nested_branch_dag to 2023-01-10T00:00:00+00:00, run_after=2023-01-11T00:00:00+00:00
[2023-01-11T11:23:32.286-0500] {processor.py:175} INFO - Processing /Library/Frameworks/Python.framework/Versions/3.9/lib/python3.9/site-packages/airflow/example_dags/example_nested_branch_dag.py took 0.762 seconds
[2023-01-11T11:27:24.013-0500] {processor.py:153} INFO - Started process (PID=8220) to work on /Library/Frameworks/Python.framework/Versions/3.9/lib/python3.9/site-packages/airflow/example_dags/example_nested_branch_dag.py
[2023-01-11T11:27:24.019-0500] {processor.py:743} INFO - Processing file /Library/Frameworks/Python.framework/Versions/3.9/lib/python3.9/site-packages/airflow/example_dags/example_nested_branch_dag.py for tasks to queue
[2023-01-11T11:27:24.020-0500] {logging_mixin.py:137} INFO - [2023-01-11T11:27:24.020-0500] {dagbag.py:538} INFO - Filling up the DagBag from /Library/Frameworks/Python.framework/Versions/3.9/lib/python3.9/site-packages/airflow/example_dags/example_nested_branch_dag.py
[2023-01-11T11:27:24.086-0500] {processor.py:753} INFO - DAG(s) dict_keys(['example_nested_branch_dag']) retrieved from /Library/Frameworks/Python.framework/Versions/3.9/lib/python3.9/site-packages/airflow/example_dags/example_nested_branch_dag.py
[2023-01-11T11:27:24.775-0500] {logging_mixin.py:137} INFO - [2023-01-11T11:27:24.775-0500] {dag.py:2676} INFO - Sync 1 DAGs
[2023-01-11T11:27:24.792-0500] {logging_mixin.py:137} INFO - [2023-01-11T11:27:24.792-0500] {dag.py:3423} INFO - Setting next_dagrun for example_nested_branch_dag to 2023-01-10T00:00:00+00:00, run_after=2023-01-11T00:00:00+00:00
[2023-01-11T11:27:24.811-0500] {processor.py:175} INFO - Processing /Library/Frameworks/Python.framework/Versions/3.9/lib/python3.9/site-packages/airflow/example_dags/example_nested_branch_dag.py took 0.799 seconds
[2023-01-11T11:30:41.667-0500] {processor.py:153} INFO - Started process (PID=8337) to work on /Library/Frameworks/Python.framework/Versions/3.9/lib/python3.9/site-packages/airflow/example_dags/example_nested_branch_dag.py
[2023-01-11T11:30:41.673-0500] {processor.py:743} INFO - Processing file /Library/Frameworks/Python.framework/Versions/3.9/lib/python3.9/site-packages/airflow/example_dags/example_nested_branch_dag.py for tasks to queue
[2023-01-11T11:30:41.673-0500] {logging_mixin.py:137} INFO - [2023-01-11T11:30:41.673-0500] {dagbag.py:538} INFO - Filling up the DagBag from /Library/Frameworks/Python.framework/Versions/3.9/lib/python3.9/site-packages/airflow/example_dags/example_nested_branch_dag.py
[2023-01-11T11:30:41.728-0500] {processor.py:753} INFO - DAG(s) dict_keys(['example_nested_branch_dag']) retrieved from /Library/Frameworks/Python.framework/Versions/3.9/lib/python3.9/site-packages/airflow/example_dags/example_nested_branch_dag.py
[2023-01-11T11:30:42.309-0500] {logging_mixin.py:137} INFO - [2023-01-11T11:30:42.309-0500] {dag.py:2676} INFO - Sync 1 DAGs
[2023-01-11T11:30:42.327-0500] {logging_mixin.py:137} INFO - [2023-01-11T11:30:42.327-0500] {dag.py:3423} INFO - Setting next_dagrun for example_nested_branch_dag to 2023-01-10T00:00:00+00:00, run_after=2023-01-11T00:00:00+00:00
[2023-01-11T11:30:42.344-0500] {processor.py:175} INFO - Processing /Library/Frameworks/Python.framework/Versions/3.9/lib/python3.9/site-packages/airflow/example_dags/example_nested_branch_dag.py took 0.678 seconds
[2023-01-11T11:43:03.618-0500] {processor.py:153} INFO - Started process (PID=8755) to work on /Library/Frameworks/Python.framework/Versions/3.9/lib/python3.9/site-packages/airflow/example_dags/example_nested_branch_dag.py
[2023-01-11T11:43:03.623-0500] {processor.py:743} INFO - Processing file /Library/Frameworks/Python.framework/Versions/3.9/lib/python3.9/site-packages/airflow/example_dags/example_nested_branch_dag.py for tasks to queue
[2023-01-11T11:43:03.624-0500] {logging_mixin.py:137} INFO - [2023-01-11T11:43:03.624-0500] {dagbag.py:538} INFO - Filling up the DagBag from /Library/Frameworks/Python.framework/Versions/3.9/lib/python3.9/site-packages/airflow/example_dags/example_nested_branch_dag.py
[2023-01-11T11:43:03.681-0500] {processor.py:753} INFO - DAG(s) dict_keys(['example_nested_branch_dag']) retrieved from /Library/Frameworks/Python.framework/Versions/3.9/lib/python3.9/site-packages/airflow/example_dags/example_nested_branch_dag.py
[2023-01-11T11:43:04.319-0500] {logging_mixin.py:137} INFO - [2023-01-11T11:43:04.319-0500] {dag.py:2676} INFO - Sync 1 DAGs
[2023-01-11T11:43:04.336-0500] {logging_mixin.py:137} INFO - [2023-01-11T11:43:04.336-0500] {dag.py:3423} INFO - Setting next_dagrun for example_nested_branch_dag to 2023-01-10T00:00:00+00:00, run_after=2023-01-11T00:00:00+00:00
[2023-01-11T11:43:04.356-0500] {processor.py:175} INFO - Processing /Library/Frameworks/Python.framework/Versions/3.9/lib/python3.9/site-packages/airflow/example_dags/example_nested_branch_dag.py took 0.739 seconds
[2023-01-11T11:45:16.088-0500] {processor.py:153} INFO - Started process (PID=8842) to work on /Library/Frameworks/Python.framework/Versions/3.9/lib/python3.9/site-packages/airflow/example_dags/example_nested_branch_dag.py
[2023-01-11T11:45:16.094-0500] {processor.py:743} INFO - Processing file /Library/Frameworks/Python.framework/Versions/3.9/lib/python3.9/site-packages/airflow/example_dags/example_nested_branch_dag.py for tasks to queue
[2023-01-11T11:45:16.095-0500] {logging_mixin.py:137} INFO - [2023-01-11T11:45:16.095-0500] {dagbag.py:538} INFO - Filling up the DagBag from /Library/Frameworks/Python.framework/Versions/3.9/lib/python3.9/site-packages/airflow/example_dags/example_nested_branch_dag.py
[2023-01-11T11:45:16.148-0500] {processor.py:753} INFO - DAG(s) dict_keys(['example_nested_branch_dag']) retrieved from /Library/Frameworks/Python.framework/Versions/3.9/lib/python3.9/site-packages/airflow/example_dags/example_nested_branch_dag.py
[2023-01-11T11:45:16.778-0500] {logging_mixin.py:137} INFO - [2023-01-11T11:45:16.777-0500] {dag.py:2676} INFO - Sync 1 DAGs
[2023-01-11T11:45:16.794-0500] {logging_mixin.py:137} INFO - [2023-01-11T11:45:16.794-0500] {dag.py:3423} INFO - Setting next_dagrun for example_nested_branch_dag to 2023-01-10T00:00:00+00:00, run_after=2023-01-11T00:00:00+00:00
[2023-01-11T11:45:16.813-0500] {processor.py:175} INFO - Processing /Library/Frameworks/Python.framework/Versions/3.9/lib/python3.9/site-packages/airflow/example_dags/example_nested_branch_dag.py took 0.726 seconds
[2023-01-11T11:48:44.529-0500] {processor.py:153} INFO - Started process (PID=8943) to work on /Library/Frameworks/Python.framework/Versions/3.9/lib/python3.9/site-packages/airflow/example_dags/example_nested_branch_dag.py
[2023-01-11T11:48:44.535-0500] {processor.py:743} INFO - Processing file /Library/Frameworks/Python.framework/Versions/3.9/lib/python3.9/site-packages/airflow/example_dags/example_nested_branch_dag.py for tasks to queue
[2023-01-11T11:48:44.535-0500] {logging_mixin.py:137} INFO - [2023-01-11T11:48:44.535-0500] {dagbag.py:538} INFO - Filling up the DagBag from /Library/Frameworks/Python.framework/Versions/3.9/lib/python3.9/site-packages/airflow/example_dags/example_nested_branch_dag.py
[2023-01-11T11:48:44.591-0500] {processor.py:753} INFO - DAG(s) dict_keys(['example_nested_branch_dag']) retrieved from /Library/Frameworks/Python.framework/Versions/3.9/lib/python3.9/site-packages/airflow/example_dags/example_nested_branch_dag.py
[2023-01-11T11:48:45.319-0500] {logging_mixin.py:137} INFO - [2023-01-11T11:48:45.319-0500] {dag.py:2676} INFO - Sync 1 DAGs
[2023-01-11T11:48:45.337-0500] {logging_mixin.py:137} INFO - [2023-01-11T11:48:45.337-0500] {dag.py:3423} INFO - Setting next_dagrun for example_nested_branch_dag to 2023-01-10T00:00:00+00:00, run_after=2023-01-11T00:00:00+00:00
[2023-01-11T11:48:45.354-0500] {processor.py:175} INFO - Processing /Library/Frameworks/Python.framework/Versions/3.9/lib/python3.9/site-packages/airflow/example_dags/example_nested_branch_dag.py took 0.826 seconds
[2023-01-11T11:52:12.486-0500] {processor.py:153} INFO - Started process (PID=9170) to work on /Library/Frameworks/Python.framework/Versions/3.9/lib/python3.9/site-packages/airflow/example_dags/example_nested_branch_dag.py
[2023-01-11T11:52:12.492-0500] {processor.py:743} INFO - Processing file /Library/Frameworks/Python.framework/Versions/3.9/lib/python3.9/site-packages/airflow/example_dags/example_nested_branch_dag.py for tasks to queue
[2023-01-11T11:52:12.493-0500] {logging_mixin.py:137} INFO - [2023-01-11T11:52:12.492-0500] {dagbag.py:538} INFO - Filling up the DagBag from /Library/Frameworks/Python.framework/Versions/3.9/lib/python3.9/site-packages/airflow/example_dags/example_nested_branch_dag.py
[2023-01-11T11:52:12.552-0500] {processor.py:753} INFO - DAG(s) dict_keys(['example_nested_branch_dag']) retrieved from /Library/Frameworks/Python.framework/Versions/3.9/lib/python3.9/site-packages/airflow/example_dags/example_nested_branch_dag.py
[2023-01-11T11:52:13.185-0500] {logging_mixin.py:137} INFO - [2023-01-11T11:52:13.184-0500] {dag.py:2676} INFO - Sync 1 DAGs
[2023-01-11T11:52:13.203-0500] {logging_mixin.py:137} INFO - [2023-01-11T11:52:13.203-0500] {dag.py:3423} INFO - Setting next_dagrun for example_nested_branch_dag to 2023-01-10T00:00:00+00:00, run_after=2023-01-11T00:00:00+00:00
[2023-01-11T11:52:13.222-0500] {processor.py:175} INFO - Processing /Library/Frameworks/Python.framework/Versions/3.9/lib/python3.9/site-packages/airflow/example_dags/example_nested_branch_dag.py took 0.736 seconds
[2023-01-11T11:55:56.738-0500] {processor.py:153} INFO - Started process (PID=9352) to work on /Library/Frameworks/Python.framework/Versions/3.9/lib/python3.9/site-packages/airflow/example_dags/example_nested_branch_dag.py
[2023-01-11T11:55:56.748-0500] {processor.py:743} INFO - Processing file /Library/Frameworks/Python.framework/Versions/3.9/lib/python3.9/site-packages/airflow/example_dags/example_nested_branch_dag.py for tasks to queue
[2023-01-11T11:55:56.748-0500] {logging_mixin.py:137} INFO - [2023-01-11T11:55:56.748-0500] {dagbag.py:538} INFO - Filling up the DagBag from /Library/Frameworks/Python.framework/Versions/3.9/lib/python3.9/site-packages/airflow/example_dags/example_nested_branch_dag.py
[2023-01-11T11:55:56.864-0500] {processor.py:753} INFO - DAG(s) dict_keys(['example_nested_branch_dag']) retrieved from /Library/Frameworks/Python.framework/Versions/3.9/lib/python3.9/site-packages/airflow/example_dags/example_nested_branch_dag.py
[2023-01-11T11:55:58.009-0500] {logging_mixin.py:137} INFO - [2023-01-11T11:55:58.008-0500] {dag.py:2676} INFO - Sync 1 DAGs
[2023-01-11T11:55:58.035-0500] {logging_mixin.py:137} INFO - [2023-01-11T11:55:58.035-0500] {dag.py:3423} INFO - Setting next_dagrun for example_nested_branch_dag to 2023-01-10T00:00:00+00:00, run_after=2023-01-11T00:00:00+00:00
[2023-01-11T11:55:58.064-0500] {processor.py:175} INFO - Processing /Library/Frameworks/Python.framework/Versions/3.9/lib/python3.9/site-packages/airflow/example_dags/example_nested_branch_dag.py took 1.327 seconds
[2023-01-11T11:59:29.706-0500] {processor.py:153} INFO - Started process (PID=9477) to work on /Library/Frameworks/Python.framework/Versions/3.9/lib/python3.9/site-packages/airflow/example_dags/example_nested_branch_dag.py
[2023-01-11T11:59:29.712-0500] {processor.py:743} INFO - Processing file /Library/Frameworks/Python.framework/Versions/3.9/lib/python3.9/site-packages/airflow/example_dags/example_nested_branch_dag.py for tasks to queue
[2023-01-11T11:59:29.713-0500] {logging_mixin.py:137} INFO - [2023-01-11T11:59:29.712-0500] {dagbag.py:538} INFO - Filling up the DagBag from /Library/Frameworks/Python.framework/Versions/3.9/lib/python3.9/site-packages/airflow/example_dags/example_nested_branch_dag.py
[2023-01-11T11:59:29.766-0500] {processor.py:753} INFO - DAG(s) dict_keys(['example_nested_branch_dag']) retrieved from /Library/Frameworks/Python.framework/Versions/3.9/lib/python3.9/site-packages/airflow/example_dags/example_nested_branch_dag.py
[2023-01-11T11:59:30.404-0500] {logging_mixin.py:137} INFO - [2023-01-11T11:59:30.403-0500] {dag.py:2676} INFO - Sync 1 DAGs
[2023-01-11T11:59:30.421-0500] {logging_mixin.py:137} INFO - [2023-01-11T11:59:30.421-0500] {dag.py:3423} INFO - Setting next_dagrun for example_nested_branch_dag to 2023-01-10T00:00:00+00:00, run_after=2023-01-11T00:00:00+00:00
[2023-01-11T11:59:30.441-0500] {processor.py:175} INFO - Processing /Library/Frameworks/Python.framework/Versions/3.9/lib/python3.9/site-packages/airflow/example_dags/example_nested_branch_dag.py took 0.735 seconds
[2023-01-11T12:02:50.422-0500] {processor.py:153} INFO - Started process (PID=9664) to work on /Library/Frameworks/Python.framework/Versions/3.9/lib/python3.9/site-packages/airflow/example_dags/example_nested_branch_dag.py
[2023-01-11T12:02:50.428-0500] {processor.py:743} INFO - Processing file /Library/Frameworks/Python.framework/Versions/3.9/lib/python3.9/site-packages/airflow/example_dags/example_nested_branch_dag.py for tasks to queue
[2023-01-11T12:02:50.428-0500] {logging_mixin.py:137} INFO - [2023-01-11T12:02:50.428-0500] {dagbag.py:538} INFO - Filling up the DagBag from /Library/Frameworks/Python.framework/Versions/3.9/lib/python3.9/site-packages/airflow/example_dags/example_nested_branch_dag.py
[2023-01-11T12:02:50.482-0500] {processor.py:753} INFO - DAG(s) dict_keys(['example_nested_branch_dag']) retrieved from /Library/Frameworks/Python.framework/Versions/3.9/lib/python3.9/site-packages/airflow/example_dags/example_nested_branch_dag.py
[2023-01-11T12:02:51.117-0500] {logging_mixin.py:137} INFO - [2023-01-11T12:02:51.117-0500] {dag.py:2676} INFO - Sync 1 DAGs
[2023-01-11T12:02:51.136-0500] {logging_mixin.py:137} INFO - [2023-01-11T12:02:51.136-0500] {dag.py:3423} INFO - Setting next_dagrun for example_nested_branch_dag to 2023-01-10T00:00:00+00:00, run_after=2023-01-11T00:00:00+00:00
[2023-01-11T12:02:51.155-0500] {processor.py:175} INFO - Processing /Library/Frameworks/Python.framework/Versions/3.9/lib/python3.9/site-packages/airflow/example_dags/example_nested_branch_dag.py took 0.733 seconds
[2023-01-11T12:06:09.508-0500] {processor.py:153} INFO - Started process (PID=9766) to work on /Library/Frameworks/Python.framework/Versions/3.9/lib/python3.9/site-packages/airflow/example_dags/example_nested_branch_dag.py
[2023-01-11T12:06:09.514-0500] {processor.py:743} INFO - Processing file /Library/Frameworks/Python.framework/Versions/3.9/lib/python3.9/site-packages/airflow/example_dags/example_nested_branch_dag.py for tasks to queue
[2023-01-11T12:06:09.514-0500] {logging_mixin.py:137} INFO - [2023-01-11T12:06:09.514-0500] {dagbag.py:538} INFO - Filling up the DagBag from /Library/Frameworks/Python.framework/Versions/3.9/lib/python3.9/site-packages/airflow/example_dags/example_nested_branch_dag.py
[2023-01-11T12:06:09.572-0500] {processor.py:753} INFO - DAG(s) dict_keys(['example_nested_branch_dag']) retrieved from /Library/Frameworks/Python.framework/Versions/3.9/lib/python3.9/site-packages/airflow/example_dags/example_nested_branch_dag.py
[2023-01-11T12:06:10.326-0500] {logging_mixin.py:137} INFO - [2023-01-11T12:06:10.326-0500] {dag.py:2676} INFO - Sync 1 DAGs
[2023-01-11T12:06:10.344-0500] {logging_mixin.py:137} INFO - [2023-01-11T12:06:10.343-0500] {dag.py:3423} INFO - Setting next_dagrun for example_nested_branch_dag to 2023-01-10T00:00:00+00:00, run_after=2023-01-11T00:00:00+00:00
[2023-01-11T12:06:10.361-0500] {processor.py:175} INFO - Processing /Library/Frameworks/Python.framework/Versions/3.9/lib/python3.9/site-packages/airflow/example_dags/example_nested_branch_dag.py took 0.854 seconds
[2023-01-11T12:09:35.840-0500] {processor.py:153} INFO - Started process (PID=9864) to work on /Library/Frameworks/Python.framework/Versions/3.9/lib/python3.9/site-packages/airflow/example_dags/example_nested_branch_dag.py
[2023-01-11T12:09:35.845-0500] {processor.py:743} INFO - Processing file /Library/Frameworks/Python.framework/Versions/3.9/lib/python3.9/site-packages/airflow/example_dags/example_nested_branch_dag.py for tasks to queue
[2023-01-11T12:09:35.846-0500] {logging_mixin.py:137} INFO - [2023-01-11T12:09:35.846-0500] {dagbag.py:538} INFO - Filling up the DagBag from /Library/Frameworks/Python.framework/Versions/3.9/lib/python3.9/site-packages/airflow/example_dags/example_nested_branch_dag.py
[2023-01-11T12:09:35.901-0500] {processor.py:753} INFO - DAG(s) dict_keys(['example_nested_branch_dag']) retrieved from /Library/Frameworks/Python.framework/Versions/3.9/lib/python3.9/site-packages/airflow/example_dags/example_nested_branch_dag.py
[2023-01-11T12:09:36.541-0500] {logging_mixin.py:137} INFO - [2023-01-11T12:09:36.541-0500] {dag.py:2676} INFO - Sync 1 DAGs
[2023-01-11T12:09:36.559-0500] {logging_mixin.py:137} INFO - [2023-01-11T12:09:36.559-0500] {dag.py:3423} INFO - Setting next_dagrun for example_nested_branch_dag to 2023-01-10T00:00:00+00:00, run_after=2023-01-11T00:00:00+00:00
[2023-01-11T12:09:36.582-0500] {processor.py:175} INFO - Processing /Library/Frameworks/Python.framework/Versions/3.9/lib/python3.9/site-packages/airflow/example_dags/example_nested_branch_dag.py took 0.743 seconds
[2023-01-11T12:12:50.957-0500] {processor.py:153} INFO - Started process (PID=10002) to work on /Library/Frameworks/Python.framework/Versions/3.9/lib/python3.9/site-packages/airflow/example_dags/example_nested_branch_dag.py
[2023-01-11T12:12:50.962-0500] {processor.py:743} INFO - Processing file /Library/Frameworks/Python.framework/Versions/3.9/lib/python3.9/site-packages/airflow/example_dags/example_nested_branch_dag.py for tasks to queue
[2023-01-11T12:12:50.963-0500] {logging_mixin.py:137} INFO - [2023-01-11T12:12:50.963-0500] {dagbag.py:538} INFO - Filling up the DagBag from /Library/Frameworks/Python.framework/Versions/3.9/lib/python3.9/site-packages/airflow/example_dags/example_nested_branch_dag.py
[2023-01-11T12:12:51.022-0500] {processor.py:753} INFO - DAG(s) dict_keys(['example_nested_branch_dag']) retrieved from /Library/Frameworks/Python.framework/Versions/3.9/lib/python3.9/site-packages/airflow/example_dags/example_nested_branch_dag.py
[2023-01-11T12:12:51.658-0500] {logging_mixin.py:137} INFO - [2023-01-11T12:12:51.658-0500] {dag.py:2676} INFO - Sync 1 DAGs
[2023-01-11T12:12:51.675-0500] {logging_mixin.py:137} INFO - [2023-01-11T12:12:51.675-0500] {dag.py:3423} INFO - Setting next_dagrun for example_nested_branch_dag to 2023-01-10T00:00:00+00:00, run_after=2023-01-11T00:00:00+00:00
[2023-01-11T12:12:51.695-0500] {processor.py:175} INFO - Processing /Library/Frameworks/Python.framework/Versions/3.9/lib/python3.9/site-packages/airflow/example_dags/example_nested_branch_dag.py took 0.739 seconds
[2023-01-11T12:16:19.006-0500] {processor.py:153} INFO - Started process (PID=10126) to work on /Library/Frameworks/Python.framework/Versions/3.9/lib/python3.9/site-packages/airflow/example_dags/example_nested_branch_dag.py
[2023-01-11T12:16:19.011-0500] {processor.py:743} INFO - Processing file /Library/Frameworks/Python.framework/Versions/3.9/lib/python3.9/site-packages/airflow/example_dags/example_nested_branch_dag.py for tasks to queue
[2023-01-11T12:16:19.012-0500] {logging_mixin.py:137} INFO - [2023-01-11T12:16:19.012-0500] {dagbag.py:538} INFO - Filling up the DagBag from /Library/Frameworks/Python.framework/Versions/3.9/lib/python3.9/site-packages/airflow/example_dags/example_nested_branch_dag.py
[2023-01-11T12:16:19.061-0500] {processor.py:753} INFO - DAG(s) dict_keys(['example_nested_branch_dag']) retrieved from /Library/Frameworks/Python.framework/Versions/3.9/lib/python3.9/site-packages/airflow/example_dags/example_nested_branch_dag.py
[2023-01-11T12:16:19.652-0500] {logging_mixin.py:137} INFO - [2023-01-11T12:16:19.652-0500] {dag.py:2676} INFO - Sync 1 DAGs
[2023-01-11T12:16:19.669-0500] {logging_mixin.py:137} INFO - [2023-01-11T12:16:19.669-0500] {dag.py:3423} INFO - Setting next_dagrun for example_nested_branch_dag to 2023-01-10T00:00:00+00:00, run_after=2023-01-11T00:00:00+00:00
[2023-01-11T12:16:19.687-0500] {processor.py:175} INFO - Processing /Library/Frameworks/Python.framework/Versions/3.9/lib/python3.9/site-packages/airflow/example_dags/example_nested_branch_dag.py took 0.682 seconds
[2023-01-11T12:19:45.736-0500] {processor.py:153} INFO - Started process (PID=10295) to work on /Library/Frameworks/Python.framework/Versions/3.9/lib/python3.9/site-packages/airflow/example_dags/example_nested_branch_dag.py
[2023-01-11T12:19:45.743-0500] {processor.py:743} INFO - Processing file /Library/Frameworks/Python.framework/Versions/3.9/lib/python3.9/site-packages/airflow/example_dags/example_nested_branch_dag.py for tasks to queue
[2023-01-11T12:19:45.743-0500] {logging_mixin.py:137} INFO - [2023-01-11T12:19:45.743-0500] {dagbag.py:538} INFO - Filling up the DagBag from /Library/Frameworks/Python.framework/Versions/3.9/lib/python3.9/site-packages/airflow/example_dags/example_nested_branch_dag.py
[2023-01-11T12:19:45.801-0500] {processor.py:753} INFO - DAG(s) dict_keys(['example_nested_branch_dag']) retrieved from /Library/Frameworks/Python.framework/Versions/3.9/lib/python3.9/site-packages/airflow/example_dags/example_nested_branch_dag.py
[2023-01-11T12:19:46.405-0500] {logging_mixin.py:137} INFO - [2023-01-11T12:19:46.405-0500] {dag.py:2676} INFO - Sync 1 DAGs
[2023-01-11T12:19:46.422-0500] {logging_mixin.py:137} INFO - [2023-01-11T12:19:46.422-0500] {dag.py:3423} INFO - Setting next_dagrun for example_nested_branch_dag to 2023-01-10T00:00:00+00:00, run_after=2023-01-11T00:00:00+00:00
[2023-01-11T12:19:46.441-0500] {processor.py:175} INFO - Processing /Library/Frameworks/Python.framework/Versions/3.9/lib/python3.9/site-packages/airflow/example_dags/example_nested_branch_dag.py took 0.706 seconds
[2023-01-11T15:57:33.807-0500] {processor.py:153} INFO - Started process (PID=10924) to work on /Library/Frameworks/Python.framework/Versions/3.9/lib/python3.9/site-packages/airflow/example_dags/example_nested_branch_dag.py
[2023-01-11T15:57:33.814-0500] {processor.py:743} INFO - Processing file /Library/Frameworks/Python.framework/Versions/3.9/lib/python3.9/site-packages/airflow/example_dags/example_nested_branch_dag.py for tasks to queue
[2023-01-11T15:57:33.815-0500] {logging_mixin.py:137} INFO - [2023-01-11T15:57:33.814-0500] {dagbag.py:538} INFO - Filling up the DagBag from /Library/Frameworks/Python.framework/Versions/3.9/lib/python3.9/site-packages/airflow/example_dags/example_nested_branch_dag.py
[2023-01-11T15:57:33.873-0500] {processor.py:753} INFO - DAG(s) dict_keys(['example_nested_branch_dag']) retrieved from /Library/Frameworks/Python.framework/Versions/3.9/lib/python3.9/site-packages/airflow/example_dags/example_nested_branch_dag.py
[2023-01-11T15:57:34.452-0500] {logging_mixin.py:137} INFO - [2023-01-11T15:57:34.452-0500] {dag.py:2676} INFO - Sync 1 DAGs
[2023-01-11T15:57:34.469-0500] {logging_mixin.py:137} INFO - [2023-01-11T15:57:34.468-0500] {dag.py:3423} INFO - Setting next_dagrun for example_nested_branch_dag to 2023-01-10T00:00:00+00:00, run_after=2023-01-11T00:00:00+00:00
[2023-01-11T15:57:34.487-0500] {processor.py:175} INFO - Processing /Library/Frameworks/Python.framework/Versions/3.9/lib/python3.9/site-packages/airflow/example_dags/example_nested_branch_dag.py took 0.681 seconds
[2023-01-11T16:21:41.344-0500] {processor.py:153} INFO - Started process (PID=11108) to work on /Library/Frameworks/Python.framework/Versions/3.9/lib/python3.9/site-packages/airflow/example_dags/example_nested_branch_dag.py
[2023-01-11T16:21:41.350-0500] {processor.py:743} INFO - Processing file /Library/Frameworks/Python.framework/Versions/3.9/lib/python3.9/site-packages/airflow/example_dags/example_nested_branch_dag.py for tasks to queue
[2023-01-11T16:21:41.351-0500] {logging_mixin.py:137} INFO - [2023-01-11T16:21:41.351-0500] {dagbag.py:538} INFO - Filling up the DagBag from /Library/Frameworks/Python.framework/Versions/3.9/lib/python3.9/site-packages/airflow/example_dags/example_nested_branch_dag.py
[2023-01-11T16:21:41.404-0500] {processor.py:753} INFO - DAG(s) dict_keys(['example_nested_branch_dag']) retrieved from /Library/Frameworks/Python.framework/Versions/3.9/lib/python3.9/site-packages/airflow/example_dags/example_nested_branch_dag.py
[2023-01-11T16:21:41.996-0500] {logging_mixin.py:137} INFO - [2023-01-11T16:21:41.995-0500] {dag.py:2676} INFO - Sync 1 DAGs
[2023-01-11T16:21:42.013-0500] {logging_mixin.py:137} INFO - [2023-01-11T16:21:42.013-0500] {dag.py:3423} INFO - Setting next_dagrun for example_nested_branch_dag to 2023-01-10T00:00:00+00:00, run_after=2023-01-11T00:00:00+00:00
[2023-01-11T16:21:42.037-0500] {processor.py:175} INFO - Processing /Library/Frameworks/Python.framework/Versions/3.9/lib/python3.9/site-packages/airflow/example_dags/example_nested_branch_dag.py took 0.694 seconds
[2023-01-11T16:23:51.043-0500] {processor.py:153} INFO - Started process (PID=11192) to work on /Library/Frameworks/Python.framework/Versions/3.9/lib/python3.9/site-packages/airflow/example_dags/example_nested_branch_dag.py
[2023-01-11T16:23:51.049-0500] {processor.py:743} INFO - Processing file /Library/Frameworks/Python.framework/Versions/3.9/lib/python3.9/site-packages/airflow/example_dags/example_nested_branch_dag.py for tasks to queue
[2023-01-11T16:23:51.049-0500] {logging_mixin.py:137} INFO - [2023-01-11T16:23:51.049-0500] {dagbag.py:538} INFO - Filling up the DagBag from /Library/Frameworks/Python.framework/Versions/3.9/lib/python3.9/site-packages/airflow/example_dags/example_nested_branch_dag.py
[2023-01-11T16:23:51.104-0500] {processor.py:753} INFO - DAG(s) dict_keys(['example_nested_branch_dag']) retrieved from /Library/Frameworks/Python.framework/Versions/3.9/lib/python3.9/site-packages/airflow/example_dags/example_nested_branch_dag.py
[2023-01-11T16:23:51.776-0500] {logging_mixin.py:137} INFO - [2023-01-11T16:23:51.776-0500] {dag.py:2676} INFO - Sync 1 DAGs
[2023-01-11T16:23:51.793-0500] {logging_mixin.py:137} INFO - [2023-01-11T16:23:51.793-0500] {dag.py:3423} INFO - Setting next_dagrun for example_nested_branch_dag to 2023-01-10T00:00:00+00:00, run_after=2023-01-11T00:00:00+00:00
[2023-01-11T16:23:51.821-0500] {processor.py:175} INFO - Processing /Library/Frameworks/Python.framework/Versions/3.9/lib/python3.9/site-packages/airflow/example_dags/example_nested_branch_dag.py took 0.779 seconds
[2023-01-11T16:27:19.303-0500] {processor.py:153} INFO - Started process (PID=11357) to work on /Library/Frameworks/Python.framework/Versions/3.9/lib/python3.9/site-packages/airflow/example_dags/example_nested_branch_dag.py
[2023-01-11T16:27:19.310-0500] {processor.py:743} INFO - Processing file /Library/Frameworks/Python.framework/Versions/3.9/lib/python3.9/site-packages/airflow/example_dags/example_nested_branch_dag.py for tasks to queue
[2023-01-11T16:27:19.310-0500] {logging_mixin.py:137} INFO - [2023-01-11T16:27:19.310-0500] {dagbag.py:538} INFO - Filling up the DagBag from /Library/Frameworks/Python.framework/Versions/3.9/lib/python3.9/site-packages/airflow/example_dags/example_nested_branch_dag.py
[2023-01-11T16:27:19.365-0500] {processor.py:753} INFO - DAG(s) dict_keys(['example_nested_branch_dag']) retrieved from /Library/Frameworks/Python.framework/Versions/3.9/lib/python3.9/site-packages/airflow/example_dags/example_nested_branch_dag.py
[2023-01-11T16:27:20.023-0500] {logging_mixin.py:137} INFO - [2023-01-11T16:27:20.022-0500] {dag.py:2676} INFO - Sync 1 DAGs
[2023-01-11T16:27:20.042-0500] {logging_mixin.py:137} INFO - [2023-01-11T16:27:20.041-0500] {dag.py:3423} INFO - Setting next_dagrun for example_nested_branch_dag to 2023-01-10T00:00:00+00:00, run_after=2023-01-11T00:00:00+00:00
[2023-01-11T16:27:20.060-0500] {processor.py:175} INFO - Processing /Library/Frameworks/Python.framework/Versions/3.9/lib/python3.9/site-packages/airflow/example_dags/example_nested_branch_dag.py took 0.757 seconds
[2023-01-11T16:30:40.268-0500] {processor.py:153} INFO - Started process (PID=11459) to work on /Library/Frameworks/Python.framework/Versions/3.9/lib/python3.9/site-packages/airflow/example_dags/example_nested_branch_dag.py
[2023-01-11T16:30:40.274-0500] {processor.py:743} INFO - Processing file /Library/Frameworks/Python.framework/Versions/3.9/lib/python3.9/site-packages/airflow/example_dags/example_nested_branch_dag.py for tasks to queue
[2023-01-11T16:30:40.274-0500] {logging_mixin.py:137} INFO - [2023-01-11T16:30:40.274-0500] {dagbag.py:538} INFO - Filling up the DagBag from /Library/Frameworks/Python.framework/Versions/3.9/lib/python3.9/site-packages/airflow/example_dags/example_nested_branch_dag.py
[2023-01-11T16:30:40.328-0500] {processor.py:753} INFO - DAG(s) dict_keys(['example_nested_branch_dag']) retrieved from /Library/Frameworks/Python.framework/Versions/3.9/lib/python3.9/site-packages/airflow/example_dags/example_nested_branch_dag.py
[2023-01-11T16:30:40.948-0500] {logging_mixin.py:137} INFO - [2023-01-11T16:30:40.948-0500] {dag.py:2676} INFO - Sync 1 DAGs
[2023-01-11T16:30:40.966-0500] {logging_mixin.py:137} INFO - [2023-01-11T16:30:40.966-0500] {dag.py:3423} INFO - Setting next_dagrun for example_nested_branch_dag to 2023-01-10T00:00:00+00:00, run_after=2023-01-11T00:00:00+00:00
[2023-01-11T16:30:40.984-0500] {processor.py:175} INFO - Processing /Library/Frameworks/Python.framework/Versions/3.9/lib/python3.9/site-packages/airflow/example_dags/example_nested_branch_dag.py took 0.717 seconds
[2023-01-11T16:34:08.842-0500] {processor.py:153} INFO - Started process (PID=11547) to work on /Library/Frameworks/Python.framework/Versions/3.9/lib/python3.9/site-packages/airflow/example_dags/example_nested_branch_dag.py
[2023-01-11T16:34:08.848-0500] {processor.py:743} INFO - Processing file /Library/Frameworks/Python.framework/Versions/3.9/lib/python3.9/site-packages/airflow/example_dags/example_nested_branch_dag.py for tasks to queue
[2023-01-11T16:34:08.849-0500] {logging_mixin.py:137} INFO - [2023-01-11T16:34:08.849-0500] {dagbag.py:538} INFO - Filling up the DagBag from /Library/Frameworks/Python.framework/Versions/3.9/lib/python3.9/site-packages/airflow/example_dags/example_nested_branch_dag.py
[2023-01-11T16:34:08.904-0500] {processor.py:753} INFO - DAG(s) dict_keys(['example_nested_branch_dag']) retrieved from /Library/Frameworks/Python.framework/Versions/3.9/lib/python3.9/site-packages/airflow/example_dags/example_nested_branch_dag.py
[2023-01-11T16:34:09.522-0500] {logging_mixin.py:137} INFO - [2023-01-11T16:34:09.521-0500] {dag.py:2676} INFO - Sync 1 DAGs
[2023-01-11T16:34:09.540-0500] {logging_mixin.py:137} INFO - [2023-01-11T16:34:09.540-0500] {dag.py:3423} INFO - Setting next_dagrun for example_nested_branch_dag to 2023-01-10T00:00:00+00:00, run_after=2023-01-11T00:00:00+00:00
[2023-01-11T16:34:09.562-0500] {processor.py:175} INFO - Processing /Library/Frameworks/Python.framework/Versions/3.9/lib/python3.9/site-packages/airflow/example_dags/example_nested_branch_dag.py took 0.720 seconds
[2023-01-11T16:46:34.745-0500] {processor.py:153} INFO - Started process (PID=11854) to work on /Library/Frameworks/Python.framework/Versions/3.9/lib/python3.9/site-packages/airflow/example_dags/example_nested_branch_dag.py
[2023-01-11T16:46:34.755-0500] {processor.py:743} INFO - Processing file /Library/Frameworks/Python.framework/Versions/3.9/lib/python3.9/site-packages/airflow/example_dags/example_nested_branch_dag.py for tasks to queue
[2023-01-11T16:46:34.756-0500] {logging_mixin.py:137} INFO - [2023-01-11T16:46:34.756-0500] {dagbag.py:538} INFO - Filling up the DagBag from /Library/Frameworks/Python.framework/Versions/3.9/lib/python3.9/site-packages/airflow/example_dags/example_nested_branch_dag.py
[2023-01-11T16:46:34.887-0500] {processor.py:753} INFO - DAG(s) dict_keys(['example_nested_branch_dag']) retrieved from /Library/Frameworks/Python.framework/Versions/3.9/lib/python3.9/site-packages/airflow/example_dags/example_nested_branch_dag.py
[2023-01-11T16:46:36.300-0500] {logging_mixin.py:137} INFO - [2023-01-11T16:46:36.299-0500] {dag.py:2676} INFO - Sync 1 DAGs
[2023-01-11T16:46:36.336-0500] {logging_mixin.py:137} INFO - [2023-01-11T16:46:36.336-0500] {dag.py:3423} INFO - Setting next_dagrun for example_nested_branch_dag to 2023-01-10T00:00:00+00:00, run_after=2023-01-11T00:00:00+00:00
[2023-01-11T16:46:36.410-0500] {processor.py:175} INFO - Processing /Library/Frameworks/Python.framework/Versions/3.9/lib/python3.9/site-packages/airflow/example_dags/example_nested_branch_dag.py took 1.667 seconds
[2023-01-11T16:51:18.093-0500] {processor.py:153} INFO - Started process (PID=12088) to work on /Library/Frameworks/Python.framework/Versions/3.9/lib/python3.9/site-packages/airflow/example_dags/example_nested_branch_dag.py
[2023-01-11T16:51:18.099-0500] {processor.py:743} INFO - Processing file /Library/Frameworks/Python.framework/Versions/3.9/lib/python3.9/site-packages/airflow/example_dags/example_nested_branch_dag.py for tasks to queue
[2023-01-11T16:51:18.099-0500] {logging_mixin.py:137} INFO - [2023-01-11T16:51:18.099-0500] {dagbag.py:538} INFO - Filling up the DagBag from /Library/Frameworks/Python.framework/Versions/3.9/lib/python3.9/site-packages/airflow/example_dags/example_nested_branch_dag.py
[2023-01-11T16:51:18.163-0500] {processor.py:753} INFO - DAG(s) dict_keys(['example_nested_branch_dag']) retrieved from /Library/Frameworks/Python.framework/Versions/3.9/lib/python3.9/site-packages/airflow/example_dags/example_nested_branch_dag.py
[2023-01-11T16:51:18.784-0500] {logging_mixin.py:137} INFO - [2023-01-11T16:51:18.784-0500] {dag.py:2676} INFO - Sync 1 DAGs
[2023-01-11T16:51:18.802-0500] {logging_mixin.py:137} INFO - [2023-01-11T16:51:18.802-0500] {dag.py:3423} INFO - Setting next_dagrun for example_nested_branch_dag to 2023-01-10T00:00:00+00:00, run_after=2023-01-11T00:00:00+00:00
[2023-01-11T16:51:18.822-0500] {processor.py:175} INFO - Processing /Library/Frameworks/Python.framework/Versions/3.9/lib/python3.9/site-packages/airflow/example_dags/example_nested_branch_dag.py took 0.730 seconds
[2023-01-11T16:53:23.541-0500] {processor.py:153} INFO - Started process (PID=12214) to work on /Library/Frameworks/Python.framework/Versions/3.9/lib/python3.9/site-packages/airflow/example_dags/example_nested_branch_dag.py
[2023-01-11T16:53:23.548-0500] {processor.py:743} INFO - Processing file /Library/Frameworks/Python.framework/Versions/3.9/lib/python3.9/site-packages/airflow/example_dags/example_nested_branch_dag.py for tasks to queue
[2023-01-11T16:53:23.549-0500] {logging_mixin.py:137} INFO - [2023-01-11T16:53:23.549-0500] {dagbag.py:538} INFO - Filling up the DagBag from /Library/Frameworks/Python.framework/Versions/3.9/lib/python3.9/site-packages/airflow/example_dags/example_nested_branch_dag.py
[2023-01-11T16:53:23.613-0500] {processor.py:753} INFO - DAG(s) dict_keys(['example_nested_branch_dag']) retrieved from /Library/Frameworks/Python.framework/Versions/3.9/lib/python3.9/site-packages/airflow/example_dags/example_nested_branch_dag.py
[2023-01-11T16:53:24.396-0500] {logging_mixin.py:137} INFO - [2023-01-11T16:53:24.396-0500] {dag.py:2676} INFO - Sync 1 DAGs
[2023-01-11T16:53:24.418-0500] {logging_mixin.py:137} INFO - [2023-01-11T16:53:24.418-0500] {dag.py:3423} INFO - Setting next_dagrun for example_nested_branch_dag to 2023-01-10T00:00:00+00:00, run_after=2023-01-11T00:00:00+00:00
[2023-01-11T16:53:24.441-0500] {processor.py:175} INFO - Processing /Library/Frameworks/Python.framework/Versions/3.9/lib/python3.9/site-packages/airflow/example_dags/example_nested_branch_dag.py took 0.901 seconds
[2023-01-11T16:57:10.521-0500] {processor.py:153} INFO - Started process (PID=12346) to work on /Library/Frameworks/Python.framework/Versions/3.9/lib/python3.9/site-packages/airflow/example_dags/example_nested_branch_dag.py
[2023-01-11T16:57:10.527-0500] {processor.py:743} INFO - Processing file /Library/Frameworks/Python.framework/Versions/3.9/lib/python3.9/site-packages/airflow/example_dags/example_nested_branch_dag.py for tasks to queue
[2023-01-11T16:57:10.528-0500] {logging_mixin.py:137} INFO - [2023-01-11T16:57:10.528-0500] {dagbag.py:538} INFO - Filling up the DagBag from /Library/Frameworks/Python.framework/Versions/3.9/lib/python3.9/site-packages/airflow/example_dags/example_nested_branch_dag.py
[2023-01-11T16:57:10.602-0500] {processor.py:753} INFO - DAG(s) dict_keys(['example_nested_branch_dag']) retrieved from /Library/Frameworks/Python.framework/Versions/3.9/lib/python3.9/site-packages/airflow/example_dags/example_nested_branch_dag.py
[2023-01-11T16:57:11.329-0500] {logging_mixin.py:137} INFO - [2023-01-11T16:57:11.328-0500] {dag.py:2676} INFO - Sync 1 DAGs
[2023-01-11T16:57:11.352-0500] {logging_mixin.py:137} INFO - [2023-01-11T16:57:11.352-0500] {dag.py:3423} INFO - Setting next_dagrun for example_nested_branch_dag to 2023-01-10T00:00:00+00:00, run_after=2023-01-11T00:00:00+00:00
[2023-01-11T16:57:11.378-0500] {processor.py:175} INFO - Processing /Library/Frameworks/Python.framework/Versions/3.9/lib/python3.9/site-packages/airflow/example_dags/example_nested_branch_dag.py took 0.858 seconds
[2023-01-11T17:00:50.566-0500] {processor.py:153} INFO - Started process (PID=12544) to work on /Library/Frameworks/Python.framework/Versions/3.9/lib/python3.9/site-packages/airflow/example_dags/example_nested_branch_dag.py
[2023-01-11T17:00:55.689-0500] {processor.py:743} INFO - Processing file /Library/Frameworks/Python.framework/Versions/3.9/lib/python3.9/site-packages/airflow/example_dags/example_nested_branch_dag.py for tasks to queue
[2023-01-11T17:00:55.696-0500] {logging_mixin.py:137} INFO - [2023-01-11T17:00:55.696-0500] {dagbag.py:538} INFO - Filling up the DagBag from /Library/Frameworks/Python.framework/Versions/3.9/lib/python3.9/site-packages/airflow/example_dags/example_nested_branch_dag.py
[2023-01-11T17:00:55.805-0500] {processor.py:753} INFO - DAG(s) dict_keys(['example_nested_branch_dag']) retrieved from /Library/Frameworks/Python.framework/Versions/3.9/lib/python3.9/site-packages/airflow/example_dags/example_nested_branch_dag.py
[2023-01-11T17:00:57.321-0500] {logging_mixin.py:137} INFO - [2023-01-11T17:00:57.321-0500] {dag.py:2676} INFO - Sync 1 DAGs
[2023-01-11T17:00:57.345-0500] {logging_mixin.py:137} INFO - [2023-01-11T17:00:57.345-0500] {dag.py:3423} INFO - Setting next_dagrun for example_nested_branch_dag to 2023-01-10T00:00:00+00:00, run_after=2023-01-11T00:00:00+00:00
[2023-01-11T17:00:57.492-0500] {processor.py:175} INFO - Processing /Library/Frameworks/Python.framework/Versions/3.9/lib/python3.9/site-packages/airflow/example_dags/example_nested_branch_dag.py took 6.927 seconds
