[2023-01-10T20:12:26.703-0500] {processor.py:153} INFO - Started process (PID=2122) to work on /Library/Frameworks/Python.framework/Versions/3.9/lib/python3.9/site-packages/airflow/example_dags/example_local_kubernetes_executor.py
[2023-01-10T20:12:26.712-0500] {processor.py:743} INFO - Processing file /Library/Frameworks/Python.framework/Versions/3.9/lib/python3.9/site-packages/airflow/example_dags/example_local_kubernetes_executor.py for tasks to queue
[2023-01-10T20:12:26.713-0500] {logging_mixin.py:137} INFO - [2023-01-10T20:12:26.713-0500] {dagbag.py:538} INFO - Filling up the DagBag from /Library/Frameworks/Python.framework/Versions/3.9/lib/python3.9/site-packages/airflow/example_dags/example_local_kubernetes_executor.py
[2023-01-10T20:12:26.814-0500] {logging_mixin.py:137} INFO - [2023-01-10T20:12:26.813-0500] {example_local_kubernetes_executor.py:39} WARNING - Could not import DAGs in example_local_kubernetes_executor.py
Traceback (most recent call last):
  File "/Library/Frameworks/Python.framework/Versions/3.9/lib/python3.9/site-packages/airflow/example_dags/example_local_kubernetes_executor.py", line 37, in <module>
    from kubernetes.client import models as k8s
ModuleNotFoundError: No module named 'kubernetes'
[2023-01-10T20:12:26.815-0500] {logging_mixin.py:137} INFO - [2023-01-10T20:12:26.814-0500] {example_local_kubernetes_executor.py:40} WARNING - Install Kubernetes dependencies with: pip install apache-airflow[cncf.kubernetes]
[2023-01-10T20:12:26.815-0500] {processor.py:755} WARNING - No viable dags retrieved from /Library/Frameworks/Python.framework/Versions/3.9/lib/python3.9/site-packages/airflow/example_dags/example_local_kubernetes_executor.py
[2023-01-10T20:12:28.037-0500] {processor.py:175} INFO - Processing /Library/Frameworks/Python.framework/Versions/3.9/lib/python3.9/site-packages/airflow/example_dags/example_local_kubernetes_executor.py took 1.335 seconds
[2023-01-10T20:16:00.494-0500] {processor.py:153} INFO - Started process (PID=2810) to work on /Library/Frameworks/Python.framework/Versions/3.9/lib/python3.9/site-packages/airflow/example_dags/example_local_kubernetes_executor.py
[2023-01-10T20:16:00.511-0500] {processor.py:743} INFO - Processing file /Library/Frameworks/Python.framework/Versions/3.9/lib/python3.9/site-packages/airflow/example_dags/example_local_kubernetes_executor.py for tasks to queue
[2023-01-10T20:16:00.512-0500] {logging_mixin.py:137} INFO - [2023-01-10T20:16:00.512-0500] {dagbag.py:538} INFO - Filling up the DagBag from /Library/Frameworks/Python.framework/Versions/3.9/lib/python3.9/site-packages/airflow/example_dags/example_local_kubernetes_executor.py
[2023-01-10T20:16:00.577-0500] {logging_mixin.py:137} INFO - [2023-01-10T20:16:00.576-0500] {example_local_kubernetes_executor.py:39} WARNING - Could not import DAGs in example_local_kubernetes_executor.py
Traceback (most recent call last):
  File "/Library/Frameworks/Python.framework/Versions/3.9/lib/python3.9/site-packages/airflow/example_dags/example_local_kubernetes_executor.py", line 37, in <module>
    from kubernetes.client import models as k8s
ModuleNotFoundError: No module named 'kubernetes'
[2023-01-10T20:16:00.577-0500] {logging_mixin.py:137} INFO - [2023-01-10T20:16:00.577-0500] {example_local_kubernetes_executor.py:40} WARNING - Install Kubernetes dependencies with: pip install apache-airflow[cncf.kubernetes]
[2023-01-10T20:16:00.577-0500] {processor.py:755} WARNING - No viable dags retrieved from /Library/Frameworks/Python.framework/Versions/3.9/lib/python3.9/site-packages/airflow/example_dags/example_local_kubernetes_executor.py
[2023-01-10T20:16:01.390-0500] {processor.py:175} INFO - Processing /Library/Frameworks/Python.framework/Versions/3.9/lib/python3.9/site-packages/airflow/example_dags/example_local_kubernetes_executor.py took 0.896 seconds
[2023-01-10T20:19:01.949-0500] {processor.py:153} INFO - Started process (PID=2904) to work on /Library/Frameworks/Python.framework/Versions/3.9/lib/python3.9/site-packages/airflow/example_dags/example_local_kubernetes_executor.py
[2023-01-10T20:19:01.954-0500] {processor.py:743} INFO - Processing file /Library/Frameworks/Python.framework/Versions/3.9/lib/python3.9/site-packages/airflow/example_dags/example_local_kubernetes_executor.py for tasks to queue
[2023-01-10T20:19:01.955-0500] {logging_mixin.py:137} INFO - [2023-01-10T20:19:01.955-0500] {dagbag.py:538} INFO - Filling up the DagBag from /Library/Frameworks/Python.framework/Versions/3.9/lib/python3.9/site-packages/airflow/example_dags/example_local_kubernetes_executor.py
[2023-01-10T20:19:02.003-0500] {logging_mixin.py:137} INFO - [2023-01-10T20:19:02.003-0500] {example_local_kubernetes_executor.py:39} WARNING - Could not import DAGs in example_local_kubernetes_executor.py
Traceback (most recent call last):
  File "/Library/Frameworks/Python.framework/Versions/3.9/lib/python3.9/site-packages/airflow/example_dags/example_local_kubernetes_executor.py", line 37, in <module>
    from kubernetes.client import models as k8s
ModuleNotFoundError: No module named 'kubernetes'
[2023-01-10T20:19:02.003-0500] {logging_mixin.py:137} INFO - [2023-01-10T20:19:02.003-0500] {example_local_kubernetes_executor.py:40} WARNING - Install Kubernetes dependencies with: pip install apache-airflow[cncf.kubernetes]
[2023-01-10T20:19:02.003-0500] {processor.py:755} WARNING - No viable dags retrieved from /Library/Frameworks/Python.framework/Versions/3.9/lib/python3.9/site-packages/airflow/example_dags/example_local_kubernetes_executor.py
[2023-01-10T20:19:02.686-0500] {processor.py:175} INFO - Processing /Library/Frameworks/Python.framework/Versions/3.9/lib/python3.9/site-packages/airflow/example_dags/example_local_kubernetes_executor.py took 0.738 seconds
[2023-01-10T20:21:43.712-0500] {processor.py:153} INFO - Started process (PID=2986) to work on /Library/Frameworks/Python.framework/Versions/3.9/lib/python3.9/site-packages/airflow/example_dags/example_local_kubernetes_executor.py
[2023-01-10T20:21:43.718-0500] {processor.py:743} INFO - Processing file /Library/Frameworks/Python.framework/Versions/3.9/lib/python3.9/site-packages/airflow/example_dags/example_local_kubernetes_executor.py for tasks to queue
[2023-01-10T20:21:43.718-0500] {logging_mixin.py:137} INFO - [2023-01-10T20:21:43.718-0500] {dagbag.py:538} INFO - Filling up the DagBag from /Library/Frameworks/Python.framework/Versions/3.9/lib/python3.9/site-packages/airflow/example_dags/example_local_kubernetes_executor.py
[2023-01-10T20:21:43.765-0500] {logging_mixin.py:137} INFO - [2023-01-10T20:21:43.764-0500] {example_local_kubernetes_executor.py:39} WARNING - Could not import DAGs in example_local_kubernetes_executor.py
Traceback (most recent call last):
  File "/Library/Frameworks/Python.framework/Versions/3.9/lib/python3.9/site-packages/airflow/example_dags/example_local_kubernetes_executor.py", line 37, in <module>
    from kubernetes.client import models as k8s
ModuleNotFoundError: No module named 'kubernetes'
[2023-01-10T20:21:43.765-0500] {logging_mixin.py:137} INFO - [2023-01-10T20:21:43.765-0500] {example_local_kubernetes_executor.py:40} WARNING - Install Kubernetes dependencies with: pip install apache-airflow[cncf.kubernetes]
[2023-01-10T20:21:43.765-0500] {processor.py:755} WARNING - No viable dags retrieved from /Library/Frameworks/Python.framework/Versions/3.9/lib/python3.9/site-packages/airflow/example_dags/example_local_kubernetes_executor.py
[2023-01-10T20:21:44.420-0500] {processor.py:175} INFO - Processing /Library/Frameworks/Python.framework/Versions/3.9/lib/python3.9/site-packages/airflow/example_dags/example_local_kubernetes_executor.py took 0.708 seconds
[2023-01-10T20:24:25.804-0500] {processor.py:153} INFO - Started process (PID=3083) to work on /Library/Frameworks/Python.framework/Versions/3.9/lib/python3.9/site-packages/airflow/example_dags/example_local_kubernetes_executor.py
[2023-01-10T20:24:25.809-0500] {processor.py:743} INFO - Processing file /Library/Frameworks/Python.framework/Versions/3.9/lib/python3.9/site-packages/airflow/example_dags/example_local_kubernetes_executor.py for tasks to queue
[2023-01-10T20:24:25.810-0500] {logging_mixin.py:137} INFO - [2023-01-10T20:24:25.810-0500] {dagbag.py:538} INFO - Filling up the DagBag from /Library/Frameworks/Python.framework/Versions/3.9/lib/python3.9/site-packages/airflow/example_dags/example_local_kubernetes_executor.py
[2023-01-10T20:24:25.851-0500] {logging_mixin.py:137} INFO - [2023-01-10T20:24:25.851-0500] {example_local_kubernetes_executor.py:39} WARNING - Could not import DAGs in example_local_kubernetes_executor.py
Traceback (most recent call last):
  File "/Library/Frameworks/Python.framework/Versions/3.9/lib/python3.9/site-packages/airflow/example_dags/example_local_kubernetes_executor.py", line 37, in <module>
    from kubernetes.client import models as k8s
ModuleNotFoundError: No module named 'kubernetes'
[2023-01-10T20:24:25.852-0500] {logging_mixin.py:137} INFO - [2023-01-10T20:24:25.852-0500] {example_local_kubernetes_executor.py:40} WARNING - Install Kubernetes dependencies with: pip install apache-airflow[cncf.kubernetes]
[2023-01-10T20:24:25.852-0500] {processor.py:755} WARNING - No viable dags retrieved from /Library/Frameworks/Python.framework/Versions/3.9/lib/python3.9/site-packages/airflow/example_dags/example_local_kubernetes_executor.py
[2023-01-10T20:24:26.501-0500] {processor.py:175} INFO - Processing /Library/Frameworks/Python.framework/Versions/3.9/lib/python3.9/site-packages/airflow/example_dags/example_local_kubernetes_executor.py took 0.697 seconds
[2023-01-10T20:27:03.045-0500] {processor.py:153} INFO - Started process (PID=3211) to work on /Library/Frameworks/Python.framework/Versions/3.9/lib/python3.9/site-packages/airflow/example_dags/example_local_kubernetes_executor.py
[2023-01-10T20:27:03.051-0500] {processor.py:743} INFO - Processing file /Library/Frameworks/Python.framework/Versions/3.9/lib/python3.9/site-packages/airflow/example_dags/example_local_kubernetes_executor.py for tasks to queue
[2023-01-10T20:27:03.051-0500] {logging_mixin.py:137} INFO - [2023-01-10T20:27:03.051-0500] {dagbag.py:538} INFO - Filling up the DagBag from /Library/Frameworks/Python.framework/Versions/3.9/lib/python3.9/site-packages/airflow/example_dags/example_local_kubernetes_executor.py
[2023-01-10T20:27:03.095-0500] {logging_mixin.py:137} INFO - [2023-01-10T20:27:03.094-0500] {example_local_kubernetes_executor.py:39} WARNING - Could not import DAGs in example_local_kubernetes_executor.py
Traceback (most recent call last):
  File "/Library/Frameworks/Python.framework/Versions/3.9/lib/python3.9/site-packages/airflow/example_dags/example_local_kubernetes_executor.py", line 37, in <module>
    from kubernetes.client import models as k8s
ModuleNotFoundError: No module named 'kubernetes'
[2023-01-10T20:27:03.095-0500] {logging_mixin.py:137} INFO - [2023-01-10T20:27:03.095-0500] {example_local_kubernetes_executor.py:40} WARNING - Install Kubernetes dependencies with: pip install apache-airflow[cncf.kubernetes]
[2023-01-10T20:27:03.095-0500] {processor.py:755} WARNING - No viable dags retrieved from /Library/Frameworks/Python.framework/Versions/3.9/lib/python3.9/site-packages/airflow/example_dags/example_local_kubernetes_executor.py
[2023-01-10T20:27:03.791-0500] {processor.py:175} INFO - Processing /Library/Frameworks/Python.framework/Versions/3.9/lib/python3.9/site-packages/airflow/example_dags/example_local_kubernetes_executor.py took 0.747 seconds
[2023-01-10T20:29:43.326-0500] {processor.py:153} INFO - Started process (PID=3347) to work on /Library/Frameworks/Python.framework/Versions/3.9/lib/python3.9/site-packages/airflow/example_dags/example_local_kubernetes_executor.py
[2023-01-10T20:29:43.332-0500] {processor.py:743} INFO - Processing file /Library/Frameworks/Python.framework/Versions/3.9/lib/python3.9/site-packages/airflow/example_dags/example_local_kubernetes_executor.py for tasks to queue
[2023-01-10T20:29:43.332-0500] {logging_mixin.py:137} INFO - [2023-01-10T20:29:43.332-0500] {dagbag.py:538} INFO - Filling up the DagBag from /Library/Frameworks/Python.framework/Versions/3.9/lib/python3.9/site-packages/airflow/example_dags/example_local_kubernetes_executor.py
[2023-01-10T20:29:43.381-0500] {logging_mixin.py:137} INFO - [2023-01-10T20:29:43.380-0500] {example_local_kubernetes_executor.py:39} WARNING - Could not import DAGs in example_local_kubernetes_executor.py
Traceback (most recent call last):
  File "/Library/Frameworks/Python.framework/Versions/3.9/lib/python3.9/site-packages/airflow/example_dags/example_local_kubernetes_executor.py", line 37, in <module>
    from kubernetes.client import models as k8s
ModuleNotFoundError: No module named 'kubernetes'
[2023-01-10T20:29:43.381-0500] {logging_mixin.py:137} INFO - [2023-01-10T20:29:43.381-0500] {example_local_kubernetes_executor.py:40} WARNING - Install Kubernetes dependencies with: pip install apache-airflow[cncf.kubernetes]
[2023-01-10T20:29:43.381-0500] {processor.py:755} WARNING - No viable dags retrieved from /Library/Frameworks/Python.framework/Versions/3.9/lib/python3.9/site-packages/airflow/example_dags/example_local_kubernetes_executor.py
[2023-01-10T20:29:44.049-0500] {processor.py:175} INFO - Processing /Library/Frameworks/Python.framework/Versions/3.9/lib/python3.9/site-packages/airflow/example_dags/example_local_kubernetes_executor.py took 0.723 seconds
[2023-01-10T20:32:31.458-0500] {processor.py:153} INFO - Started process (PID=3549) to work on /Library/Frameworks/Python.framework/Versions/3.9/lib/python3.9/site-packages/airflow/example_dags/example_local_kubernetes_executor.py
[2023-01-10T20:32:31.463-0500] {processor.py:743} INFO - Processing file /Library/Frameworks/Python.framework/Versions/3.9/lib/python3.9/site-packages/airflow/example_dags/example_local_kubernetes_executor.py for tasks to queue
[2023-01-10T20:32:31.464-0500] {logging_mixin.py:137} INFO - [2023-01-10T20:32:31.464-0500] {dagbag.py:538} INFO - Filling up the DagBag from /Library/Frameworks/Python.framework/Versions/3.9/lib/python3.9/site-packages/airflow/example_dags/example_local_kubernetes_executor.py
[2023-01-10T20:32:31.516-0500] {processor.py:753} INFO - DAG(s) dict_keys(['example_local_kubernetes_executor']) retrieved from /Library/Frameworks/Python.framework/Versions/3.9/lib/python3.9/site-packages/airflow/example_dags/example_local_kubernetes_executor.py
[2023-01-10T20:32:32.477-0500] {logging_mixin.py:137} INFO - [2023-01-10T20:32:32.477-0500] {manager.py:504} INFO - Created Permission View: can edit on DAG:example_local_kubernetes_executor
[2023-01-10T20:32:32.489-0500] {logging_mixin.py:137} INFO - [2023-01-10T20:32:32.489-0500] {manager.py:504} INFO - Created Permission View: can delete on DAG:example_local_kubernetes_executor
[2023-01-10T20:32:32.499-0500] {logging_mixin.py:137} INFO - [2023-01-10T20:32:32.499-0500] {manager.py:504} INFO - Created Permission View: can read on DAG:example_local_kubernetes_executor
[2023-01-10T20:32:32.499-0500] {logging_mixin.py:137} INFO - [2023-01-10T20:32:32.499-0500] {dag.py:2676} INFO - Sync 1 DAGs
[2023-01-10T20:32:32.512-0500] {logging_mixin.py:137} INFO - [2023-01-10T20:32:32.512-0500] {dag.py:2697} INFO - Creating ORM DAG for example_local_kubernetes_executor
[2023-01-10T20:32:32.521-0500] {logging_mixin.py:137} INFO - [2023-01-10T20:32:32.520-0500] {dag.py:3423} INFO - Setting next_dagrun for example_local_kubernetes_executor to None, run_after=None
[2023-01-10T20:32:32.538-0500] {processor.py:175} INFO - Processing /Library/Frameworks/Python.framework/Versions/3.9/lib/python3.9/site-packages/airflow/example_dags/example_local_kubernetes_executor.py took 1.081 seconds
[2023-01-10T20:35:53.335-0500] {processor.py:153} INFO - Started process (PID=3753) to work on /Library/Frameworks/Python.framework/Versions/3.9/lib/python3.9/site-packages/airflow/example_dags/example_local_kubernetes_executor.py
[2023-01-10T20:35:53.341-0500] {processor.py:743} INFO - Processing file /Library/Frameworks/Python.framework/Versions/3.9/lib/python3.9/site-packages/airflow/example_dags/example_local_kubernetes_executor.py for tasks to queue
[2023-01-10T20:35:53.341-0500] {logging_mixin.py:137} INFO - [2023-01-10T20:35:53.341-0500] {dagbag.py:538} INFO - Filling up the DagBag from /Library/Frameworks/Python.framework/Versions/3.9/lib/python3.9/site-packages/airflow/example_dags/example_local_kubernetes_executor.py
[2023-01-10T20:35:53.401-0500] {processor.py:753} INFO - DAG(s) dict_keys(['example_local_kubernetes_executor']) retrieved from /Library/Frameworks/Python.framework/Versions/3.9/lib/python3.9/site-packages/airflow/example_dags/example_local_kubernetes_executor.py
[2023-01-10T20:35:54.031-0500] {logging_mixin.py:137} INFO - [2023-01-10T20:35:54.031-0500] {dag.py:2676} INFO - Sync 1 DAGs
[2023-01-10T20:35:54.048-0500] {logging_mixin.py:137} INFO - [2023-01-10T20:35:54.048-0500] {dag.py:3423} INFO - Setting next_dagrun for example_local_kubernetes_executor to None, run_after=None
[2023-01-10T20:35:54.066-0500] {processor.py:175} INFO - Processing /Library/Frameworks/Python.framework/Versions/3.9/lib/python3.9/site-packages/airflow/example_dags/example_local_kubernetes_executor.py took 0.731 seconds
[2023-01-10T20:39:21.258-0500] {processor.py:153} INFO - Started process (PID=3895) to work on /Library/Frameworks/Python.framework/Versions/3.9/lib/python3.9/site-packages/airflow/example_dags/example_local_kubernetes_executor.py
[2023-01-10T20:39:21.263-0500] {processor.py:743} INFO - Processing file /Library/Frameworks/Python.framework/Versions/3.9/lib/python3.9/site-packages/airflow/example_dags/example_local_kubernetes_executor.py for tasks to queue
[2023-01-10T20:39:21.264-0500] {logging_mixin.py:137} INFO - [2023-01-10T20:39:21.264-0500] {dagbag.py:538} INFO - Filling up the DagBag from /Library/Frameworks/Python.framework/Versions/3.9/lib/python3.9/site-packages/airflow/example_dags/example_local_kubernetes_executor.py
[2023-01-10T20:39:21.315-0500] {processor.py:753} INFO - DAG(s) dict_keys(['example_local_kubernetes_executor']) retrieved from /Library/Frameworks/Python.framework/Versions/3.9/lib/python3.9/site-packages/airflow/example_dags/example_local_kubernetes_executor.py
[2023-01-10T20:39:21.931-0500] {logging_mixin.py:137} INFO - [2023-01-10T20:39:21.931-0500] {dag.py:2676} INFO - Sync 1 DAGs
[2023-01-10T20:39:21.947-0500] {logging_mixin.py:137} INFO - [2023-01-10T20:39:21.947-0500] {dag.py:3423} INFO - Setting next_dagrun for example_local_kubernetes_executor to None, run_after=None
[2023-01-10T20:39:21.964-0500] {processor.py:175} INFO - Processing /Library/Frameworks/Python.framework/Versions/3.9/lib/python3.9/site-packages/airflow/example_dags/example_local_kubernetes_executor.py took 0.708 seconds
[2023-01-10T20:43:06.387-0500] {processor.py:153} INFO - Started process (PID=4082) to work on /Library/Frameworks/Python.framework/Versions/3.9/lib/python3.9/site-packages/airflow/example_dags/example_local_kubernetes_executor.py
[2023-01-10T20:43:06.393-0500] {processor.py:743} INFO - Processing file /Library/Frameworks/Python.framework/Versions/3.9/lib/python3.9/site-packages/airflow/example_dags/example_local_kubernetes_executor.py for tasks to queue
[2023-01-10T20:43:06.393-0500] {logging_mixin.py:137} INFO - [2023-01-10T20:43:06.393-0500] {dagbag.py:538} INFO - Filling up the DagBag from /Library/Frameworks/Python.framework/Versions/3.9/lib/python3.9/site-packages/airflow/example_dags/example_local_kubernetes_executor.py
[2023-01-10T20:43:06.446-0500] {processor.py:753} INFO - DAG(s) dict_keys(['example_local_kubernetes_executor']) retrieved from /Library/Frameworks/Python.framework/Versions/3.9/lib/python3.9/site-packages/airflow/example_dags/example_local_kubernetes_executor.py
[2023-01-10T20:43:07.068-0500] {logging_mixin.py:137} INFO - [2023-01-10T20:43:07.068-0500] {dag.py:2676} INFO - Sync 1 DAGs
[2023-01-10T20:43:07.084-0500] {logging_mixin.py:137} INFO - [2023-01-10T20:43:07.084-0500] {dag.py:3423} INFO - Setting next_dagrun for example_local_kubernetes_executor to None, run_after=None
[2023-01-10T20:43:07.101-0500] {processor.py:175} INFO - Processing /Library/Frameworks/Python.framework/Versions/3.9/lib/python3.9/site-packages/airflow/example_dags/example_local_kubernetes_executor.py took 0.715 seconds
[2023-01-10T20:46:26.784-0500] {processor.py:153} INFO - Started process (PID=4251) to work on /Library/Frameworks/Python.framework/Versions/3.9/lib/python3.9/site-packages/airflow/example_dags/example_local_kubernetes_executor.py
[2023-01-10T20:46:26.789-0500] {processor.py:743} INFO - Processing file /Library/Frameworks/Python.framework/Versions/3.9/lib/python3.9/site-packages/airflow/example_dags/example_local_kubernetes_executor.py for tasks to queue
[2023-01-10T20:46:26.789-0500] {logging_mixin.py:137} INFO - [2023-01-10T20:46:26.789-0500] {dagbag.py:538} INFO - Filling up the DagBag from /Library/Frameworks/Python.framework/Versions/3.9/lib/python3.9/site-packages/airflow/example_dags/example_local_kubernetes_executor.py
[2023-01-10T20:46:26.843-0500] {processor.py:753} INFO - DAG(s) dict_keys(['example_local_kubernetes_executor']) retrieved from /Library/Frameworks/Python.framework/Versions/3.9/lib/python3.9/site-packages/airflow/example_dags/example_local_kubernetes_executor.py
[2023-01-10T20:46:27.455-0500] {logging_mixin.py:137} INFO - [2023-01-10T20:46:27.454-0500] {dag.py:2676} INFO - Sync 1 DAGs
[2023-01-10T20:46:27.471-0500] {logging_mixin.py:137} INFO - [2023-01-10T20:46:27.470-0500] {dag.py:3423} INFO - Setting next_dagrun for example_local_kubernetes_executor to None, run_after=None
[2023-01-10T20:46:27.518-0500] {processor.py:175} INFO - Processing /Library/Frameworks/Python.framework/Versions/3.9/lib/python3.9/site-packages/airflow/example_dags/example_local_kubernetes_executor.py took 0.735 seconds
[2023-01-10T20:49:57.762-0500] {processor.py:153} INFO - Started process (PID=4389) to work on /Library/Frameworks/Python.framework/Versions/3.9/lib/python3.9/site-packages/airflow/example_dags/example_local_kubernetes_executor.py
[2023-01-10T20:49:57.768-0500] {processor.py:743} INFO - Processing file /Library/Frameworks/Python.framework/Versions/3.9/lib/python3.9/site-packages/airflow/example_dags/example_local_kubernetes_executor.py for tasks to queue
[2023-01-10T20:49:57.768-0500] {logging_mixin.py:137} INFO - [2023-01-10T20:49:57.768-0500] {dagbag.py:538} INFO - Filling up the DagBag from /Library/Frameworks/Python.framework/Versions/3.9/lib/python3.9/site-packages/airflow/example_dags/example_local_kubernetes_executor.py
[2023-01-10T20:49:57.822-0500] {processor.py:753} INFO - DAG(s) dict_keys(['example_local_kubernetes_executor']) retrieved from /Library/Frameworks/Python.framework/Versions/3.9/lib/python3.9/site-packages/airflow/example_dags/example_local_kubernetes_executor.py
[2023-01-10T20:49:58.450-0500] {logging_mixin.py:137} INFO - [2023-01-10T20:49:58.450-0500] {dag.py:2676} INFO - Sync 1 DAGs
[2023-01-10T20:49:58.466-0500] {logging_mixin.py:137} INFO - [2023-01-10T20:49:58.466-0500] {dag.py:3423} INFO - Setting next_dagrun for example_local_kubernetes_executor to None, run_after=None
[2023-01-10T20:49:58.487-0500] {processor.py:175} INFO - Processing /Library/Frameworks/Python.framework/Versions/3.9/lib/python3.9/site-packages/airflow/example_dags/example_local_kubernetes_executor.py took 0.725 seconds
[2023-01-10T20:53:26.612-0500] {processor.py:153} INFO - Started process (PID=4494) to work on /Library/Frameworks/Python.framework/Versions/3.9/lib/python3.9/site-packages/airflow/example_dags/example_local_kubernetes_executor.py
[2023-01-10T20:53:26.618-0500] {processor.py:743} INFO - Processing file /Library/Frameworks/Python.framework/Versions/3.9/lib/python3.9/site-packages/airflow/example_dags/example_local_kubernetes_executor.py for tasks to queue
[2023-01-10T20:53:26.618-0500] {logging_mixin.py:137} INFO - [2023-01-10T20:53:26.618-0500] {dagbag.py:538} INFO - Filling up the DagBag from /Library/Frameworks/Python.framework/Versions/3.9/lib/python3.9/site-packages/airflow/example_dags/example_local_kubernetes_executor.py
[2023-01-10T20:53:26.668-0500] {processor.py:753} INFO - DAG(s) dict_keys(['example_local_kubernetes_executor']) retrieved from /Library/Frameworks/Python.framework/Versions/3.9/lib/python3.9/site-packages/airflow/example_dags/example_local_kubernetes_executor.py
[2023-01-10T20:53:27.269-0500] {logging_mixin.py:137} INFO - [2023-01-10T20:53:27.269-0500] {dag.py:2676} INFO - Sync 1 DAGs
[2023-01-10T20:53:27.285-0500] {logging_mixin.py:137} INFO - [2023-01-10T20:53:27.285-0500] {dag.py:3423} INFO - Setting next_dagrun for example_local_kubernetes_executor to None, run_after=None
[2023-01-10T20:53:27.302-0500] {processor.py:175} INFO - Processing /Library/Frameworks/Python.framework/Versions/3.9/lib/python3.9/site-packages/airflow/example_dags/example_local_kubernetes_executor.py took 0.691 seconds
[2023-01-10T20:56:27.341-0500] {processor.py:153} INFO - Started process (PID=4633) to work on /Library/Frameworks/Python.framework/Versions/3.9/lib/python3.9/site-packages/airflow/example_dags/example_local_kubernetes_executor.py
[2023-01-10T20:56:27.347-0500] {processor.py:743} INFO - Processing file /Library/Frameworks/Python.framework/Versions/3.9/lib/python3.9/site-packages/airflow/example_dags/example_local_kubernetes_executor.py for tasks to queue
[2023-01-10T20:56:27.348-0500] {logging_mixin.py:137} INFO - [2023-01-10T20:56:27.348-0500] {dagbag.py:538} INFO - Filling up the DagBag from /Library/Frameworks/Python.framework/Versions/3.9/lib/python3.9/site-packages/airflow/example_dags/example_local_kubernetes_executor.py
[2023-01-10T20:56:27.416-0500] {processor.py:753} INFO - DAG(s) dict_keys(['example_local_kubernetes_executor']) retrieved from /Library/Frameworks/Python.framework/Versions/3.9/lib/python3.9/site-packages/airflow/example_dags/example_local_kubernetes_executor.py
[2023-01-10T20:56:28.020-0500] {logging_mixin.py:137} INFO - [2023-01-10T20:56:28.020-0500] {dag.py:2676} INFO - Sync 1 DAGs
[2023-01-10T20:56:28.036-0500] {logging_mixin.py:137} INFO - [2023-01-10T20:56:28.036-0500] {dag.py:3423} INFO - Setting next_dagrun for example_local_kubernetes_executor to None, run_after=None
[2023-01-10T20:56:28.053-0500] {processor.py:175} INFO - Processing /Library/Frameworks/Python.framework/Versions/3.9/lib/python3.9/site-packages/airflow/example_dags/example_local_kubernetes_executor.py took 0.713 seconds
[2023-01-10T20:59:52.717-0500] {processor.py:153} INFO - Started process (PID=4724) to work on /Library/Frameworks/Python.framework/Versions/3.9/lib/python3.9/site-packages/airflow/example_dags/example_local_kubernetes_executor.py
[2023-01-10T20:59:52.723-0500] {processor.py:743} INFO - Processing file /Library/Frameworks/Python.framework/Versions/3.9/lib/python3.9/site-packages/airflow/example_dags/example_local_kubernetes_executor.py for tasks to queue
[2023-01-10T20:59:52.724-0500] {logging_mixin.py:137} INFO - [2023-01-10T20:59:52.723-0500] {dagbag.py:538} INFO - Filling up the DagBag from /Library/Frameworks/Python.framework/Versions/3.9/lib/python3.9/site-packages/airflow/example_dags/example_local_kubernetes_executor.py
[2023-01-10T20:59:52.775-0500] {processor.py:753} INFO - DAG(s) dict_keys(['example_local_kubernetes_executor']) retrieved from /Library/Frameworks/Python.framework/Versions/3.9/lib/python3.9/site-packages/airflow/example_dags/example_local_kubernetes_executor.py
[2023-01-10T20:59:53.400-0500] {logging_mixin.py:137} INFO - [2023-01-10T20:59:53.400-0500] {dag.py:2676} INFO - Sync 1 DAGs
[2023-01-10T20:59:53.416-0500] {logging_mixin.py:137} INFO - [2023-01-10T20:59:53.416-0500] {dag.py:3423} INFO - Setting next_dagrun for example_local_kubernetes_executor to None, run_after=None
[2023-01-10T20:59:53.433-0500] {processor.py:175} INFO - Processing /Library/Frameworks/Python.framework/Versions/3.9/lib/python3.9/site-packages/airflow/example_dags/example_local_kubernetes_executor.py took 0.717 seconds
[2023-01-10T21:02:50.929-0500] {processor.py:153} INFO - Started process (PID=4798) to work on /Library/Frameworks/Python.framework/Versions/3.9/lib/python3.9/site-packages/airflow/example_dags/example_local_kubernetes_executor.py
[2023-01-10T21:02:50.934-0500] {processor.py:743} INFO - Processing file /Library/Frameworks/Python.framework/Versions/3.9/lib/python3.9/site-packages/airflow/example_dags/example_local_kubernetes_executor.py for tasks to queue
[2023-01-10T21:02:50.935-0500] {logging_mixin.py:137} INFO - [2023-01-10T21:02:50.935-0500] {dagbag.py:538} INFO - Filling up the DagBag from /Library/Frameworks/Python.framework/Versions/3.9/lib/python3.9/site-packages/airflow/example_dags/example_local_kubernetes_executor.py
[2023-01-10T21:02:50.985-0500] {processor.py:753} INFO - DAG(s) dict_keys(['example_local_kubernetes_executor']) retrieved from /Library/Frameworks/Python.framework/Versions/3.9/lib/python3.9/site-packages/airflow/example_dags/example_local_kubernetes_executor.py
[2023-01-10T21:02:51.609-0500] {logging_mixin.py:137} INFO - [2023-01-10T21:02:51.609-0500] {dag.py:2676} INFO - Sync 1 DAGs
[2023-01-10T21:02:51.626-0500] {logging_mixin.py:137} INFO - [2023-01-10T21:02:51.626-0500] {dag.py:3423} INFO - Setting next_dagrun for example_local_kubernetes_executor to None, run_after=None
[2023-01-10T21:02:51.643-0500] {processor.py:175} INFO - Processing /Library/Frameworks/Python.framework/Versions/3.9/lib/python3.9/site-packages/airflow/example_dags/example_local_kubernetes_executor.py took 0.715 seconds
[2023-01-10T21:06:01.297-0500] {processor.py:153} INFO - Started process (PID=4992) to work on /Library/Frameworks/Python.framework/Versions/3.9/lib/python3.9/site-packages/airflow/example_dags/example_local_kubernetes_executor.py
[2023-01-10T21:06:01.302-0500] {processor.py:743} INFO - Processing file /Library/Frameworks/Python.framework/Versions/3.9/lib/python3.9/site-packages/airflow/example_dags/example_local_kubernetes_executor.py for tasks to queue
[2023-01-10T21:06:01.303-0500] {logging_mixin.py:137} INFO - [2023-01-10T21:06:01.303-0500] {dagbag.py:538} INFO - Filling up the DagBag from /Library/Frameworks/Python.framework/Versions/3.9/lib/python3.9/site-packages/airflow/example_dags/example_local_kubernetes_executor.py
[2023-01-10T21:06:01.354-0500] {processor.py:753} INFO - DAG(s) dict_keys(['example_local_kubernetes_executor']) retrieved from /Library/Frameworks/Python.framework/Versions/3.9/lib/python3.9/site-packages/airflow/example_dags/example_local_kubernetes_executor.py
[2023-01-10T21:06:02.005-0500] {logging_mixin.py:137} INFO - [2023-01-10T21:06:02.004-0500] {dag.py:2676} INFO - Sync 1 DAGs
[2023-01-10T21:06:02.021-0500] {logging_mixin.py:137} INFO - [2023-01-10T21:06:02.021-0500] {dag.py:3423} INFO - Setting next_dagrun for example_local_kubernetes_executor to None, run_after=None
[2023-01-10T21:06:02.038-0500] {processor.py:175} INFO - Processing /Library/Frameworks/Python.framework/Versions/3.9/lib/python3.9/site-packages/airflow/example_dags/example_local_kubernetes_executor.py took 0.742 seconds
[2023-01-10T21:09:05.873-0500] {processor.py:153} INFO - Started process (PID=5087) to work on /Library/Frameworks/Python.framework/Versions/3.9/lib/python3.9/site-packages/airflow/example_dags/example_local_kubernetes_executor.py
[2023-01-10T21:09:05.878-0500] {processor.py:743} INFO - Processing file /Library/Frameworks/Python.framework/Versions/3.9/lib/python3.9/site-packages/airflow/example_dags/example_local_kubernetes_executor.py for tasks to queue
[2023-01-10T21:09:05.879-0500] {logging_mixin.py:137} INFO - [2023-01-10T21:09:05.879-0500] {dagbag.py:538} INFO - Filling up the DagBag from /Library/Frameworks/Python.framework/Versions/3.9/lib/python3.9/site-packages/airflow/example_dags/example_local_kubernetes_executor.py
[2023-01-10T21:09:05.937-0500] {processor.py:753} INFO - DAG(s) dict_keys(['example_local_kubernetes_executor']) retrieved from /Library/Frameworks/Python.framework/Versions/3.9/lib/python3.9/site-packages/airflow/example_dags/example_local_kubernetes_executor.py
[2023-01-10T21:09:06.593-0500] {logging_mixin.py:137} INFO - [2023-01-10T21:09:06.593-0500] {dag.py:2676} INFO - Sync 1 DAGs
[2023-01-10T21:09:06.610-0500] {logging_mixin.py:137} INFO - [2023-01-10T21:09:06.610-0500] {dag.py:3423} INFO - Setting next_dagrun for example_local_kubernetes_executor to None, run_after=None
[2023-01-10T21:09:06.627-0500] {processor.py:175} INFO - Processing /Library/Frameworks/Python.framework/Versions/3.9/lib/python3.9/site-packages/airflow/example_dags/example_local_kubernetes_executor.py took 0.755 seconds
[2023-01-10T21:12:12.362-0500] {processor.py:153} INFO - Started process (PID=5194) to work on /Library/Frameworks/Python.framework/Versions/3.9/lib/python3.9/site-packages/airflow/example_dags/example_local_kubernetes_executor.py
[2023-01-10T21:12:12.367-0500] {processor.py:743} INFO - Processing file /Library/Frameworks/Python.framework/Versions/3.9/lib/python3.9/site-packages/airflow/example_dags/example_local_kubernetes_executor.py for tasks to queue
[2023-01-10T21:12:12.367-0500] {logging_mixin.py:137} INFO - [2023-01-10T21:12:12.367-0500] {dagbag.py:538} INFO - Filling up the DagBag from /Library/Frameworks/Python.framework/Versions/3.9/lib/python3.9/site-packages/airflow/example_dags/example_local_kubernetes_executor.py
[2023-01-10T21:12:12.417-0500] {processor.py:753} INFO - DAG(s) dict_keys(['example_local_kubernetes_executor']) retrieved from /Library/Frameworks/Python.framework/Versions/3.9/lib/python3.9/site-packages/airflow/example_dags/example_local_kubernetes_executor.py
[2023-01-10T21:12:13.008-0500] {logging_mixin.py:137} INFO - [2023-01-10T21:12:13.008-0500] {dag.py:2676} INFO - Sync 1 DAGs
[2023-01-10T21:12:13.024-0500] {logging_mixin.py:137} INFO - [2023-01-10T21:12:13.024-0500] {dag.py:3423} INFO - Setting next_dagrun for example_local_kubernetes_executor to None, run_after=None
[2023-01-10T21:12:13.049-0500] {processor.py:175} INFO - Processing /Library/Frameworks/Python.framework/Versions/3.9/lib/python3.9/site-packages/airflow/example_dags/example_local_kubernetes_executor.py took 0.688 seconds
[2023-01-10T21:15:11.476-0500] {processor.py:153} INFO - Started process (PID=5321) to work on /Library/Frameworks/Python.framework/Versions/3.9/lib/python3.9/site-packages/airflow/example_dags/example_local_kubernetes_executor.py
[2023-01-10T21:15:11.481-0500] {processor.py:743} INFO - Processing file /Library/Frameworks/Python.framework/Versions/3.9/lib/python3.9/site-packages/airflow/example_dags/example_local_kubernetes_executor.py for tasks to queue
[2023-01-10T21:15:11.481-0500] {logging_mixin.py:137} INFO - [2023-01-10T21:15:11.481-0500] {dagbag.py:538} INFO - Filling up the DagBag from /Library/Frameworks/Python.framework/Versions/3.9/lib/python3.9/site-packages/airflow/example_dags/example_local_kubernetes_executor.py
[2023-01-10T21:15:11.533-0500] {processor.py:753} INFO - DAG(s) dict_keys(['example_local_kubernetes_executor']) retrieved from /Library/Frameworks/Python.framework/Versions/3.9/lib/python3.9/site-packages/airflow/example_dags/example_local_kubernetes_executor.py
[2023-01-10T21:15:12.121-0500] {logging_mixin.py:137} INFO - [2023-01-10T21:15:12.120-0500] {dag.py:2676} INFO - Sync 1 DAGs
[2023-01-10T21:15:12.137-0500] {logging_mixin.py:137} INFO - [2023-01-10T21:15:12.137-0500] {dag.py:3423} INFO - Setting next_dagrun for example_local_kubernetes_executor to None, run_after=None
[2023-01-10T21:15:12.154-0500] {processor.py:175} INFO - Processing /Library/Frameworks/Python.framework/Versions/3.9/lib/python3.9/site-packages/airflow/example_dags/example_local_kubernetes_executor.py took 0.678 seconds
[2023-01-10T21:18:31.702-0500] {processor.py:153} INFO - Started process (PID=5406) to work on /Library/Frameworks/Python.framework/Versions/3.9/lib/python3.9/site-packages/airflow/example_dags/example_local_kubernetes_executor.py
[2023-01-10T21:18:31.707-0500] {processor.py:743} INFO - Processing file /Library/Frameworks/Python.framework/Versions/3.9/lib/python3.9/site-packages/airflow/example_dags/example_local_kubernetes_executor.py for tasks to queue
[2023-01-10T21:18:31.708-0500] {logging_mixin.py:137} INFO - [2023-01-10T21:18:31.708-0500] {dagbag.py:538} INFO - Filling up the DagBag from /Library/Frameworks/Python.framework/Versions/3.9/lib/python3.9/site-packages/airflow/example_dags/example_local_kubernetes_executor.py
[2023-01-10T21:18:31.762-0500] {processor.py:753} INFO - DAG(s) dict_keys(['example_local_kubernetes_executor']) retrieved from /Library/Frameworks/Python.framework/Versions/3.9/lib/python3.9/site-packages/airflow/example_dags/example_local_kubernetes_executor.py
[2023-01-10T21:18:32.369-0500] {logging_mixin.py:137} INFO - [2023-01-10T21:18:32.369-0500] {dag.py:2676} INFO - Sync 1 DAGs
[2023-01-10T21:18:32.385-0500] {logging_mixin.py:137} INFO - [2023-01-10T21:18:32.385-0500] {dag.py:3423} INFO - Setting next_dagrun for example_local_kubernetes_executor to None, run_after=None
[2023-01-10T21:18:32.403-0500] {processor.py:175} INFO - Processing /Library/Frameworks/Python.framework/Versions/3.9/lib/python3.9/site-packages/airflow/example_dags/example_local_kubernetes_executor.py took 0.702 seconds
[2023-01-10T22:21:50.422-0500] {processor.py:153} INFO - Started process (PID=6188) to work on /Library/Frameworks/Python.framework/Versions/3.9/lib/python3.9/site-packages/airflow/example_dags/example_local_kubernetes_executor.py
[2023-01-10T22:21:50.429-0500] {processor.py:743} INFO - Processing file /Library/Frameworks/Python.framework/Versions/3.9/lib/python3.9/site-packages/airflow/example_dags/example_local_kubernetes_executor.py for tasks to queue
[2023-01-10T22:21:50.429-0500] {logging_mixin.py:137} INFO - [2023-01-10T22:21:50.429-0500] {dagbag.py:538} INFO - Filling up the DagBag from /Library/Frameworks/Python.framework/Versions/3.9/lib/python3.9/site-packages/airflow/example_dags/example_local_kubernetes_executor.py
[2023-01-10T22:21:50.519-0500] {processor.py:753} INFO - DAG(s) dict_keys(['example_local_kubernetes_executor']) retrieved from /Library/Frameworks/Python.framework/Versions/3.9/lib/python3.9/site-packages/airflow/example_dags/example_local_kubernetes_executor.py
[2023-01-10T22:21:51.470-0500] {logging_mixin.py:137} INFO - [2023-01-10T22:21:51.470-0500] {dag.py:2676} INFO - Sync 1 DAGs
[2023-01-10T22:21:51.492-0500] {logging_mixin.py:137} INFO - [2023-01-10T22:21:51.492-0500] {dag.py:3423} INFO - Setting next_dagrun for example_local_kubernetes_executor to None, run_after=None
[2023-01-10T22:21:51.516-0500] {processor.py:175} INFO - Processing /Library/Frameworks/Python.framework/Versions/3.9/lib/python3.9/site-packages/airflow/example_dags/example_local_kubernetes_executor.py took 1.095 seconds
[2023-01-10T22:25:18.976-0500] {processor.py:153} INFO - Started process (PID=6304) to work on /Library/Frameworks/Python.framework/Versions/3.9/lib/python3.9/site-packages/airflow/example_dags/example_local_kubernetes_executor.py
[2023-01-10T22:25:18.985-0500] {processor.py:743} INFO - Processing file /Library/Frameworks/Python.framework/Versions/3.9/lib/python3.9/site-packages/airflow/example_dags/example_local_kubernetes_executor.py for tasks to queue
[2023-01-10T22:25:18.986-0500] {logging_mixin.py:137} INFO - [2023-01-10T22:25:18.986-0500] {dagbag.py:538} INFO - Filling up the DagBag from /Library/Frameworks/Python.framework/Versions/3.9/lib/python3.9/site-packages/airflow/example_dags/example_local_kubernetes_executor.py
[2023-01-10T22:25:19.070-0500] {processor.py:753} INFO - DAG(s) dict_keys(['example_local_kubernetes_executor']) retrieved from /Library/Frameworks/Python.framework/Versions/3.9/lib/python3.9/site-packages/airflow/example_dags/example_local_kubernetes_executor.py
[2023-01-10T22:25:20.114-0500] {logging_mixin.py:137} INFO - [2023-01-10T22:25:20.113-0500] {dag.py:2676} INFO - Sync 1 DAGs
[2023-01-10T22:25:20.141-0500] {logging_mixin.py:137} INFO - [2023-01-10T22:25:20.141-0500] {dag.py:3423} INFO - Setting next_dagrun for example_local_kubernetes_executor to None, run_after=None
[2023-01-10T22:25:20.176-0500] {processor.py:175} INFO - Processing /Library/Frameworks/Python.framework/Versions/3.9/lib/python3.9/site-packages/airflow/example_dags/example_local_kubernetes_executor.py took 1.200 seconds
[2023-01-10T22:29:37.101-0500] {processor.py:153} INFO - Started process (PID=6418) to work on /Library/Frameworks/Python.framework/Versions/3.9/lib/python3.9/site-packages/airflow/example_dags/example_local_kubernetes_executor.py
[2023-01-10T22:29:37.106-0500] {processor.py:743} INFO - Processing file /Library/Frameworks/Python.framework/Versions/3.9/lib/python3.9/site-packages/airflow/example_dags/example_local_kubernetes_executor.py for tasks to queue
[2023-01-10T22:29:37.106-0500] {logging_mixin.py:137} INFO - [2023-01-10T22:29:37.106-0500] {dagbag.py:538} INFO - Filling up the DagBag from /Library/Frameworks/Python.framework/Versions/3.9/lib/python3.9/site-packages/airflow/example_dags/example_local_kubernetes_executor.py
[2023-01-10T22:29:37.162-0500] {processor.py:753} INFO - DAG(s) dict_keys(['example_local_kubernetes_executor']) retrieved from /Library/Frameworks/Python.framework/Versions/3.9/lib/python3.9/site-packages/airflow/example_dags/example_local_kubernetes_executor.py
[2023-01-10T22:29:37.775-0500] {logging_mixin.py:137} INFO - [2023-01-10T22:29:37.775-0500] {dag.py:2676} INFO - Sync 1 DAGs
[2023-01-10T22:29:37.791-0500] {logging_mixin.py:137} INFO - [2023-01-10T22:29:37.791-0500] {dag.py:3423} INFO - Setting next_dagrun for example_local_kubernetes_executor to None, run_after=None
[2023-01-10T22:29:37.809-0500] {processor.py:175} INFO - Processing /Library/Frameworks/Python.framework/Versions/3.9/lib/python3.9/site-packages/airflow/example_dags/example_local_kubernetes_executor.py took 0.708 seconds
[2023-01-11T11:18:05.167-0500] {processor.py:153} INFO - Started process (PID=6992) to work on /Library/Frameworks/Python.framework/Versions/3.9/lib/python3.9/site-packages/airflow/example_dags/example_local_kubernetes_executor.py
[2023-01-11T11:18:05.173-0500] {processor.py:743} INFO - Processing file /Library/Frameworks/Python.framework/Versions/3.9/lib/python3.9/site-packages/airflow/example_dags/example_local_kubernetes_executor.py for tasks to queue
[2023-01-11T11:18:05.174-0500] {logging_mixin.py:137} INFO - [2023-01-11T11:18:05.174-0500] {dagbag.py:538} INFO - Filling up the DagBag from /Library/Frameworks/Python.framework/Versions/3.9/lib/python3.9/site-packages/airflow/example_dags/example_local_kubernetes_executor.py
[2023-01-11T11:18:05.241-0500] {processor.py:753} INFO - DAG(s) dict_keys(['example_local_kubernetes_executor']) retrieved from /Library/Frameworks/Python.framework/Versions/3.9/lib/python3.9/site-packages/airflow/example_dags/example_local_kubernetes_executor.py
[2023-01-11T11:18:06.006-0500] {logging_mixin.py:137} INFO - [2023-01-11T11:18:06.006-0500] {dag.py:2676} INFO - Sync 1 DAGs
[2023-01-11T11:18:06.024-0500] {logging_mixin.py:137} INFO - [2023-01-11T11:18:06.024-0500] {dag.py:3423} INFO - Setting next_dagrun for example_local_kubernetes_executor to None, run_after=None
[2023-01-11T11:18:06.045-0500] {processor.py:175} INFO - Processing /Library/Frameworks/Python.framework/Versions/3.9/lib/python3.9/site-packages/airflow/example_dags/example_local_kubernetes_executor.py took 0.879 seconds
[2023-01-11T11:20:15.981-0500] {processor.py:153} INFO - Started process (PID=7164) to work on /Library/Frameworks/Python.framework/Versions/3.9/lib/python3.9/site-packages/airflow/example_dags/example_local_kubernetes_executor.py
[2023-01-11T11:20:15.987-0500] {processor.py:743} INFO - Processing file /Library/Frameworks/Python.framework/Versions/3.9/lib/python3.9/site-packages/airflow/example_dags/example_local_kubernetes_executor.py for tasks to queue
[2023-01-11T11:20:15.988-0500] {logging_mixin.py:137} INFO - [2023-01-11T11:20:15.988-0500] {dagbag.py:538} INFO - Filling up the DagBag from /Library/Frameworks/Python.framework/Versions/3.9/lib/python3.9/site-packages/airflow/example_dags/example_local_kubernetes_executor.py
[2023-01-11T11:20:16.040-0500] {processor.py:753} INFO - DAG(s) dict_keys(['example_local_kubernetes_executor']) retrieved from /Library/Frameworks/Python.framework/Versions/3.9/lib/python3.9/site-packages/airflow/example_dags/example_local_kubernetes_executor.py
[2023-01-11T11:20:16.643-0500] {logging_mixin.py:137} INFO - [2023-01-11T11:20:16.643-0500] {dag.py:2676} INFO - Sync 1 DAGs
[2023-01-11T11:20:16.660-0500] {logging_mixin.py:137} INFO - [2023-01-11T11:20:16.660-0500] {dag.py:3423} INFO - Setting next_dagrun for example_local_kubernetes_executor to None, run_after=None
[2023-01-11T11:20:16.678-0500] {processor.py:175} INFO - Processing /Library/Frameworks/Python.framework/Versions/3.9/lib/python3.9/site-packages/airflow/example_dags/example_local_kubernetes_executor.py took 0.697 seconds
[2023-01-11T11:23:35.083-0500] {processor.py:153} INFO - Started process (PID=7312) to work on /Library/Frameworks/Python.framework/Versions/3.9/lib/python3.9/site-packages/airflow/example_dags/example_local_kubernetes_executor.py
[2023-01-11T11:23:35.088-0500] {processor.py:743} INFO - Processing file /Library/Frameworks/Python.framework/Versions/3.9/lib/python3.9/site-packages/airflow/example_dags/example_local_kubernetes_executor.py for tasks to queue
[2023-01-11T11:23:35.089-0500] {logging_mixin.py:137} INFO - [2023-01-11T11:23:35.089-0500] {dagbag.py:538} INFO - Filling up the DagBag from /Library/Frameworks/Python.framework/Versions/3.9/lib/python3.9/site-packages/airflow/example_dags/example_local_kubernetes_executor.py
[2023-01-11T11:23:35.200-0500] {processor.py:753} INFO - DAG(s) dict_keys(['example_local_kubernetes_executor']) retrieved from /Library/Frameworks/Python.framework/Versions/3.9/lib/python3.9/site-packages/airflow/example_dags/example_local_kubernetes_executor.py
[2023-01-11T11:23:35.835-0500] {logging_mixin.py:137} INFO - [2023-01-11T11:23:35.835-0500] {dag.py:2676} INFO - Sync 1 DAGs
[2023-01-11T11:23:35.854-0500] {logging_mixin.py:137} INFO - [2023-01-11T11:23:35.854-0500] {dag.py:3423} INFO - Setting next_dagrun for example_local_kubernetes_executor to None, run_after=None
[2023-01-11T11:23:35.875-0500] {processor.py:175} INFO - Processing /Library/Frameworks/Python.framework/Versions/3.9/lib/python3.9/site-packages/airflow/example_dags/example_local_kubernetes_executor.py took 0.793 seconds
[2023-01-11T11:27:26.841-0500] {processor.py:153} INFO - Started process (PID=8221) to work on /Library/Frameworks/Python.framework/Versions/3.9/lib/python3.9/site-packages/airflow/example_dags/example_local_kubernetes_executor.py
[2023-01-11T11:27:26.846-0500] {processor.py:743} INFO - Processing file /Library/Frameworks/Python.framework/Versions/3.9/lib/python3.9/site-packages/airflow/example_dags/example_local_kubernetes_executor.py for tasks to queue
[2023-01-11T11:27:26.847-0500] {logging_mixin.py:137} INFO - [2023-01-11T11:27:26.847-0500] {dagbag.py:538} INFO - Filling up the DagBag from /Library/Frameworks/Python.framework/Versions/3.9/lib/python3.9/site-packages/airflow/example_dags/example_local_kubernetes_executor.py
[2023-01-11T11:27:26.898-0500] {processor.py:753} INFO - DAG(s) dict_keys(['example_local_kubernetes_executor']) retrieved from /Library/Frameworks/Python.framework/Versions/3.9/lib/python3.9/site-packages/airflow/example_dags/example_local_kubernetes_executor.py
[2023-01-11T11:27:27.568-0500] {logging_mixin.py:137} INFO - [2023-01-11T11:27:27.568-0500] {dag.py:2676} INFO - Sync 1 DAGs
[2023-01-11T11:27:27.585-0500] {logging_mixin.py:137} INFO - [2023-01-11T11:27:27.585-0500] {dag.py:3423} INFO - Setting next_dagrun for example_local_kubernetes_executor to None, run_after=None
[2023-01-11T11:27:27.606-0500] {processor.py:175} INFO - Processing /Library/Frameworks/Python.framework/Versions/3.9/lib/python3.9/site-packages/airflow/example_dags/example_local_kubernetes_executor.py took 0.765 seconds
[2023-01-11T11:30:44.894-0500] {processor.py:153} INFO - Started process (PID=8338) to work on /Library/Frameworks/Python.framework/Versions/3.9/lib/python3.9/site-packages/airflow/example_dags/example_local_kubernetes_executor.py
[2023-01-11T11:30:44.900-0500] {processor.py:743} INFO - Processing file /Library/Frameworks/Python.framework/Versions/3.9/lib/python3.9/site-packages/airflow/example_dags/example_local_kubernetes_executor.py for tasks to queue
[2023-01-11T11:30:44.901-0500] {logging_mixin.py:137} INFO - [2023-01-11T11:30:44.901-0500] {dagbag.py:538} INFO - Filling up the DagBag from /Library/Frameworks/Python.framework/Versions/3.9/lib/python3.9/site-packages/airflow/example_dags/example_local_kubernetes_executor.py
[2023-01-11T11:30:44.958-0500] {processor.py:753} INFO - DAG(s) dict_keys(['example_local_kubernetes_executor']) retrieved from /Library/Frameworks/Python.framework/Versions/3.9/lib/python3.9/site-packages/airflow/example_dags/example_local_kubernetes_executor.py
[2023-01-11T11:30:45.557-0500] {logging_mixin.py:137} INFO - [2023-01-11T11:30:45.556-0500] {dag.py:2676} INFO - Sync 1 DAGs
[2023-01-11T11:30:45.573-0500] {logging_mixin.py:137} INFO - [2023-01-11T11:30:45.572-0500] {dag.py:3423} INFO - Setting next_dagrun for example_local_kubernetes_executor to None, run_after=None
[2023-01-11T11:30:45.596-0500] {processor.py:175} INFO - Processing /Library/Frameworks/Python.framework/Versions/3.9/lib/python3.9/site-packages/airflow/example_dags/example_local_kubernetes_executor.py took 0.703 seconds
[2023-01-11T11:43:07.273-0500] {processor.py:153} INFO - Started process (PID=8756) to work on /Library/Frameworks/Python.framework/Versions/3.9/lib/python3.9/site-packages/airflow/example_dags/example_local_kubernetes_executor.py
[2023-01-11T11:43:07.283-0500] {processor.py:743} INFO - Processing file /Library/Frameworks/Python.framework/Versions/3.9/lib/python3.9/site-packages/airflow/example_dags/example_local_kubernetes_executor.py for tasks to queue
[2023-01-11T11:43:07.284-0500] {logging_mixin.py:137} INFO - [2023-01-11T11:43:07.284-0500] {dagbag.py:538} INFO - Filling up the DagBag from /Library/Frameworks/Python.framework/Versions/3.9/lib/python3.9/site-packages/airflow/example_dags/example_local_kubernetes_executor.py
[2023-01-11T11:43:07.337-0500] {processor.py:753} INFO - DAG(s) dict_keys(['example_local_kubernetes_executor']) retrieved from /Library/Frameworks/Python.framework/Versions/3.9/lib/python3.9/site-packages/airflow/example_dags/example_local_kubernetes_executor.py
[2023-01-11T11:43:08.417-0500] {logging_mixin.py:137} INFO - [2023-01-11T11:43:08.416-0500] {dag.py:2676} INFO - Sync 1 DAGs
[2023-01-11T11:43:08.435-0500] {logging_mixin.py:137} INFO - [2023-01-11T11:43:08.435-0500] {dag.py:3423} INFO - Setting next_dagrun for example_local_kubernetes_executor to None, run_after=None
[2023-01-11T11:43:08.546-0500] {processor.py:175} INFO - Processing /Library/Frameworks/Python.framework/Versions/3.9/lib/python3.9/site-packages/airflow/example_dags/example_local_kubernetes_executor.py took 1.274 seconds
[2023-01-11T11:45:19.292-0500] {processor.py:153} INFO - Started process (PID=8843) to work on /Library/Frameworks/Python.framework/Versions/3.9/lib/python3.9/site-packages/airflow/example_dags/example_local_kubernetes_executor.py
[2023-01-11T11:45:19.298-0500] {processor.py:743} INFO - Processing file /Library/Frameworks/Python.framework/Versions/3.9/lib/python3.9/site-packages/airflow/example_dags/example_local_kubernetes_executor.py for tasks to queue
[2023-01-11T11:45:19.298-0500] {logging_mixin.py:137} INFO - [2023-01-11T11:45:19.298-0500] {dagbag.py:538} INFO - Filling up the DagBag from /Library/Frameworks/Python.framework/Versions/3.9/lib/python3.9/site-packages/airflow/example_dags/example_local_kubernetes_executor.py
[2023-01-11T11:45:19.352-0500] {processor.py:753} INFO - DAG(s) dict_keys(['example_local_kubernetes_executor']) retrieved from /Library/Frameworks/Python.framework/Versions/3.9/lib/python3.9/site-packages/airflow/example_dags/example_local_kubernetes_executor.py
[2023-01-11T11:45:19.951-0500] {logging_mixin.py:137} INFO - [2023-01-11T11:45:19.951-0500] {dag.py:2676} INFO - Sync 1 DAGs
[2023-01-11T11:45:19.967-0500] {logging_mixin.py:137} INFO - [2023-01-11T11:45:19.967-0500] {dag.py:3423} INFO - Setting next_dagrun for example_local_kubernetes_executor to None, run_after=None
[2023-01-11T11:45:19.983-0500] {processor.py:175} INFO - Processing /Library/Frameworks/Python.framework/Versions/3.9/lib/python3.9/site-packages/airflow/example_dags/example_local_kubernetes_executor.py took 0.692 seconds
[2023-01-11T11:48:48.025-0500] {processor.py:153} INFO - Started process (PID=8944) to work on /Library/Frameworks/Python.framework/Versions/3.9/lib/python3.9/site-packages/airflow/example_dags/example_local_kubernetes_executor.py
[2023-01-11T11:48:48.031-0500] {processor.py:743} INFO - Processing file /Library/Frameworks/Python.framework/Versions/3.9/lib/python3.9/site-packages/airflow/example_dags/example_local_kubernetes_executor.py for tasks to queue
[2023-01-11T11:48:48.031-0500] {logging_mixin.py:137} INFO - [2023-01-11T11:48:48.031-0500] {dagbag.py:538} INFO - Filling up the DagBag from /Library/Frameworks/Python.framework/Versions/3.9/lib/python3.9/site-packages/airflow/example_dags/example_local_kubernetes_executor.py
[2023-01-11T11:48:48.087-0500] {processor.py:753} INFO - DAG(s) dict_keys(['example_local_kubernetes_executor']) retrieved from /Library/Frameworks/Python.framework/Versions/3.9/lib/python3.9/site-packages/airflow/example_dags/example_local_kubernetes_executor.py
[2023-01-11T11:48:48.713-0500] {logging_mixin.py:137} INFO - [2023-01-11T11:48:48.713-0500] {dag.py:2676} INFO - Sync 1 DAGs
[2023-01-11T11:48:48.730-0500] {logging_mixin.py:137} INFO - [2023-01-11T11:48:48.730-0500] {dag.py:3423} INFO - Setting next_dagrun for example_local_kubernetes_executor to None, run_after=None
[2023-01-11T11:48:48.748-0500] {processor.py:175} INFO - Processing /Library/Frameworks/Python.framework/Versions/3.9/lib/python3.9/site-packages/airflow/example_dags/example_local_kubernetes_executor.py took 0.724 seconds
[2023-01-11T11:52:15.804-0500] {processor.py:153} INFO - Started process (PID=9171) to work on /Library/Frameworks/Python.framework/Versions/3.9/lib/python3.9/site-packages/airflow/example_dags/example_local_kubernetes_executor.py
[2023-01-11T11:52:15.810-0500] {processor.py:743} INFO - Processing file /Library/Frameworks/Python.framework/Versions/3.9/lib/python3.9/site-packages/airflow/example_dags/example_local_kubernetes_executor.py for tasks to queue
[2023-01-11T11:52:15.811-0500] {logging_mixin.py:137} INFO - [2023-01-11T11:52:15.811-0500] {dagbag.py:538} INFO - Filling up the DagBag from /Library/Frameworks/Python.framework/Versions/3.9/lib/python3.9/site-packages/airflow/example_dags/example_local_kubernetes_executor.py
[2023-01-11T11:52:15.864-0500] {processor.py:753} INFO - DAG(s) dict_keys(['example_local_kubernetes_executor']) retrieved from /Library/Frameworks/Python.framework/Versions/3.9/lib/python3.9/site-packages/airflow/example_dags/example_local_kubernetes_executor.py
[2023-01-11T11:52:16.512-0500] {logging_mixin.py:137} INFO - [2023-01-11T11:52:16.512-0500] {dag.py:2676} INFO - Sync 1 DAGs
[2023-01-11T11:52:16.528-0500] {logging_mixin.py:137} INFO - [2023-01-11T11:52:16.528-0500] {dag.py:3423} INFO - Setting next_dagrun for example_local_kubernetes_executor to None, run_after=None
[2023-01-11T11:52:16.545-0500] {processor.py:175} INFO - Processing /Library/Frameworks/Python.framework/Versions/3.9/lib/python3.9/site-packages/airflow/example_dags/example_local_kubernetes_executor.py took 0.741 seconds
[2023-01-11T11:56:01.008-0500] {processor.py:153} INFO - Started process (PID=9355) to work on /Library/Frameworks/Python.framework/Versions/3.9/lib/python3.9/site-packages/airflow/example_dags/example_local_kubernetes_executor.py
[2023-01-11T11:56:01.015-0500] {processor.py:743} INFO - Processing file /Library/Frameworks/Python.framework/Versions/3.9/lib/python3.9/site-packages/airflow/example_dags/example_local_kubernetes_executor.py for tasks to queue
[2023-01-11T11:56:01.015-0500] {logging_mixin.py:137} INFO - [2023-01-11T11:56:01.015-0500] {dagbag.py:538} INFO - Filling up the DagBag from /Library/Frameworks/Python.framework/Versions/3.9/lib/python3.9/site-packages/airflow/example_dags/example_local_kubernetes_executor.py
[2023-01-11T11:56:01.085-0500] {processor.py:753} INFO - DAG(s) dict_keys(['example_local_kubernetes_executor']) retrieved from /Library/Frameworks/Python.framework/Versions/3.9/lib/python3.9/site-packages/airflow/example_dags/example_local_kubernetes_executor.py
[2023-01-11T11:56:01.776-0500] {logging_mixin.py:137} INFO - [2023-01-11T11:56:01.776-0500] {dag.py:2676} INFO - Sync 1 DAGs
[2023-01-11T11:56:01.794-0500] {logging_mixin.py:137} INFO - [2023-01-11T11:56:01.794-0500] {dag.py:3423} INFO - Setting next_dagrun for example_local_kubernetes_executor to None, run_after=None
[2023-01-11T11:56:01.814-0500] {processor.py:175} INFO - Processing /Library/Frameworks/Python.framework/Versions/3.9/lib/python3.9/site-packages/airflow/example_dags/example_local_kubernetes_executor.py took 0.806 seconds
[2023-01-11T11:59:32.050-0500] {processor.py:153} INFO - Started process (PID=9478) to work on /Library/Frameworks/Python.framework/Versions/3.9/lib/python3.9/site-packages/airflow/example_dags/example_local_kubernetes_executor.py
[2023-01-11T11:59:32.056-0500] {processor.py:743} INFO - Processing file /Library/Frameworks/Python.framework/Versions/3.9/lib/python3.9/site-packages/airflow/example_dags/example_local_kubernetes_executor.py for tasks to queue
[2023-01-11T11:59:32.056-0500] {logging_mixin.py:137} INFO - [2023-01-11T11:59:32.056-0500] {dagbag.py:538} INFO - Filling up the DagBag from /Library/Frameworks/Python.framework/Versions/3.9/lib/python3.9/site-packages/airflow/example_dags/example_local_kubernetes_executor.py
[2023-01-11T11:59:32.110-0500] {processor.py:753} INFO - DAG(s) dict_keys(['example_local_kubernetes_executor']) retrieved from /Library/Frameworks/Python.framework/Versions/3.9/lib/python3.9/site-packages/airflow/example_dags/example_local_kubernetes_executor.py
[2023-01-11T11:59:32.760-0500] {logging_mixin.py:137} INFO - [2023-01-11T11:59:32.760-0500] {dag.py:2676} INFO - Sync 1 DAGs
[2023-01-11T11:59:32.777-0500] {logging_mixin.py:137} INFO - [2023-01-11T11:59:32.777-0500] {dag.py:3423} INFO - Setting next_dagrun for example_local_kubernetes_executor to None, run_after=None
[2023-01-11T11:59:32.796-0500] {processor.py:175} INFO - Processing /Library/Frameworks/Python.framework/Versions/3.9/lib/python3.9/site-packages/airflow/example_dags/example_local_kubernetes_executor.py took 0.747 seconds
[2023-01-11T12:02:53.780-0500] {processor.py:153} INFO - Started process (PID=9670) to work on /Library/Frameworks/Python.framework/Versions/3.9/lib/python3.9/site-packages/airflow/example_dags/example_local_kubernetes_executor.py
[2023-01-11T12:02:53.786-0500] {processor.py:743} INFO - Processing file /Library/Frameworks/Python.framework/Versions/3.9/lib/python3.9/site-packages/airflow/example_dags/example_local_kubernetes_executor.py for tasks to queue
[2023-01-11T12:02:53.787-0500] {logging_mixin.py:137} INFO - [2023-01-11T12:02:53.787-0500] {dagbag.py:538} INFO - Filling up the DagBag from /Library/Frameworks/Python.framework/Versions/3.9/lib/python3.9/site-packages/airflow/example_dags/example_local_kubernetes_executor.py
[2023-01-11T12:02:53.840-0500] {processor.py:753} INFO - DAG(s) dict_keys(['example_local_kubernetes_executor']) retrieved from /Library/Frameworks/Python.framework/Versions/3.9/lib/python3.9/site-packages/airflow/example_dags/example_local_kubernetes_executor.py
[2023-01-11T12:02:54.470-0500] {logging_mixin.py:137} INFO - [2023-01-11T12:02:54.470-0500] {dag.py:2676} INFO - Sync 1 DAGs
[2023-01-11T12:02:54.486-0500] {logging_mixin.py:137} INFO - [2023-01-11T12:02:54.486-0500] {dag.py:3423} INFO - Setting next_dagrun for example_local_kubernetes_executor to None, run_after=None
[2023-01-11T12:02:54.505-0500] {processor.py:175} INFO - Processing /Library/Frameworks/Python.framework/Versions/3.9/lib/python3.9/site-packages/airflow/example_dags/example_local_kubernetes_executor.py took 0.725 seconds
[2023-01-11T12:06:13.030-0500] {processor.py:153} INFO - Started process (PID=9770) to work on /Library/Frameworks/Python.framework/Versions/3.9/lib/python3.9/site-packages/airflow/example_dags/example_local_kubernetes_executor.py
[2023-01-11T12:06:13.036-0500] {processor.py:743} INFO - Processing file /Library/Frameworks/Python.framework/Versions/3.9/lib/python3.9/site-packages/airflow/example_dags/example_local_kubernetes_executor.py for tasks to queue
[2023-01-11T12:06:13.036-0500] {logging_mixin.py:137} INFO - [2023-01-11T12:06:13.036-0500] {dagbag.py:538} INFO - Filling up the DagBag from /Library/Frameworks/Python.framework/Versions/3.9/lib/python3.9/site-packages/airflow/example_dags/example_local_kubernetes_executor.py
[2023-01-11T12:06:13.095-0500] {processor.py:753} INFO - DAG(s) dict_keys(['example_local_kubernetes_executor']) retrieved from /Library/Frameworks/Python.framework/Versions/3.9/lib/python3.9/site-packages/airflow/example_dags/example_local_kubernetes_executor.py
[2023-01-11T12:06:13.730-0500] {logging_mixin.py:137} INFO - [2023-01-11T12:06:13.730-0500] {dag.py:2676} INFO - Sync 1 DAGs
[2023-01-11T12:06:13.747-0500] {logging_mixin.py:137} INFO - [2023-01-11T12:06:13.747-0500] {dag.py:3423} INFO - Setting next_dagrun for example_local_kubernetes_executor to None, run_after=None
[2023-01-11T12:06:13.765-0500] {processor.py:175} INFO - Processing /Library/Frameworks/Python.framework/Versions/3.9/lib/python3.9/site-packages/airflow/example_dags/example_local_kubernetes_executor.py took 0.736 seconds
[2023-01-11T12:09:39.596-0500] {processor.py:153} INFO - Started process (PID=9865) to work on /Library/Frameworks/Python.framework/Versions/3.9/lib/python3.9/site-packages/airflow/example_dags/example_local_kubernetes_executor.py
[2023-01-11T12:09:39.603-0500] {processor.py:743} INFO - Processing file /Library/Frameworks/Python.framework/Versions/3.9/lib/python3.9/site-packages/airflow/example_dags/example_local_kubernetes_executor.py for tasks to queue
[2023-01-11T12:09:39.604-0500] {logging_mixin.py:137} INFO - [2023-01-11T12:09:39.604-0500] {dagbag.py:538} INFO - Filling up the DagBag from /Library/Frameworks/Python.framework/Versions/3.9/lib/python3.9/site-packages/airflow/example_dags/example_local_kubernetes_executor.py
[2023-01-11T12:09:39.659-0500] {processor.py:753} INFO - DAG(s) dict_keys(['example_local_kubernetes_executor']) retrieved from /Library/Frameworks/Python.framework/Versions/3.9/lib/python3.9/site-packages/airflow/example_dags/example_local_kubernetes_executor.py
[2023-01-11T12:09:40.287-0500] {logging_mixin.py:137} INFO - [2023-01-11T12:09:40.286-0500] {dag.py:2676} INFO - Sync 1 DAGs
[2023-01-11T12:09:40.325-0500] {logging_mixin.py:137} INFO - [2023-01-11T12:09:40.325-0500] {dag.py:3423} INFO - Setting next_dagrun for example_local_kubernetes_executor to None, run_after=None
[2023-01-11T12:09:40.344-0500] {processor.py:175} INFO - Processing /Library/Frameworks/Python.framework/Versions/3.9/lib/python3.9/site-packages/airflow/example_dags/example_local_kubernetes_executor.py took 0.749 seconds
[2023-01-11T12:12:53.722-0500] {processor.py:153} INFO - Started process (PID=10008) to work on /Library/Frameworks/Python.framework/Versions/3.9/lib/python3.9/site-packages/airflow/example_dags/example_local_kubernetes_executor.py
[2023-01-11T12:12:53.728-0500] {processor.py:743} INFO - Processing file /Library/Frameworks/Python.framework/Versions/3.9/lib/python3.9/site-packages/airflow/example_dags/example_local_kubernetes_executor.py for tasks to queue
[2023-01-11T12:12:53.729-0500] {logging_mixin.py:137} INFO - [2023-01-11T12:12:53.729-0500] {dagbag.py:538} INFO - Filling up the DagBag from /Library/Frameworks/Python.framework/Versions/3.9/lib/python3.9/site-packages/airflow/example_dags/example_local_kubernetes_executor.py
[2023-01-11T12:12:53.786-0500] {processor.py:753} INFO - DAG(s) dict_keys(['example_local_kubernetes_executor']) retrieved from /Library/Frameworks/Python.framework/Versions/3.9/lib/python3.9/site-packages/airflow/example_dags/example_local_kubernetes_executor.py
[2023-01-11T12:12:54.465-0500] {logging_mixin.py:137} INFO - [2023-01-11T12:12:54.465-0500] {dag.py:2676} INFO - Sync 1 DAGs
[2023-01-11T12:12:54.482-0500] {logging_mixin.py:137} INFO - [2023-01-11T12:12:54.482-0500] {dag.py:3423} INFO - Setting next_dagrun for example_local_kubernetes_executor to None, run_after=None
[2023-01-11T12:12:54.501-0500] {processor.py:175} INFO - Processing /Library/Frameworks/Python.framework/Versions/3.9/lib/python3.9/site-packages/airflow/example_dags/example_local_kubernetes_executor.py took 0.780 seconds
[2023-01-11T12:16:22.136-0500] {processor.py:153} INFO - Started process (PID=10127) to work on /Library/Frameworks/Python.framework/Versions/3.9/lib/python3.9/site-packages/airflow/example_dags/example_local_kubernetes_executor.py
[2023-01-11T12:16:22.142-0500] {processor.py:743} INFO - Processing file /Library/Frameworks/Python.framework/Versions/3.9/lib/python3.9/site-packages/airflow/example_dags/example_local_kubernetes_executor.py for tasks to queue
[2023-01-11T12:16:22.142-0500] {logging_mixin.py:137} INFO - [2023-01-11T12:16:22.142-0500] {dagbag.py:538} INFO - Filling up the DagBag from /Library/Frameworks/Python.framework/Versions/3.9/lib/python3.9/site-packages/airflow/example_dags/example_local_kubernetes_executor.py
[2023-01-11T12:16:22.192-0500] {processor.py:753} INFO - DAG(s) dict_keys(['example_local_kubernetes_executor']) retrieved from /Library/Frameworks/Python.framework/Versions/3.9/lib/python3.9/site-packages/airflow/example_dags/example_local_kubernetes_executor.py
[2023-01-11T12:16:22.770-0500] {logging_mixin.py:137} INFO - [2023-01-11T12:16:22.770-0500] {dag.py:2676} INFO - Sync 1 DAGs
[2023-01-11T12:16:22.785-0500] {logging_mixin.py:137} INFO - [2023-01-11T12:16:22.785-0500] {dag.py:3423} INFO - Setting next_dagrun for example_local_kubernetes_executor to None, run_after=None
[2023-01-11T12:16:22.802-0500] {processor.py:175} INFO - Processing /Library/Frameworks/Python.framework/Versions/3.9/lib/python3.9/site-packages/airflow/example_dags/example_local_kubernetes_executor.py took 0.666 seconds
[2023-01-11T12:19:48.989-0500] {processor.py:153} INFO - Started process (PID=10296) to work on /Library/Frameworks/Python.framework/Versions/3.9/lib/python3.9/site-packages/airflow/example_dags/example_local_kubernetes_executor.py
[2023-01-11T12:19:48.994-0500] {processor.py:743} INFO - Processing file /Library/Frameworks/Python.framework/Versions/3.9/lib/python3.9/site-packages/airflow/example_dags/example_local_kubernetes_executor.py for tasks to queue
[2023-01-11T12:19:48.995-0500] {logging_mixin.py:137} INFO - [2023-01-11T12:19:48.995-0500] {dagbag.py:538} INFO - Filling up the DagBag from /Library/Frameworks/Python.framework/Versions/3.9/lib/python3.9/site-packages/airflow/example_dags/example_local_kubernetes_executor.py
[2023-01-11T12:19:49.058-0500] {processor.py:753} INFO - DAG(s) dict_keys(['example_local_kubernetes_executor']) retrieved from /Library/Frameworks/Python.framework/Versions/3.9/lib/python3.9/site-packages/airflow/example_dags/example_local_kubernetes_executor.py
[2023-01-11T12:19:49.717-0500] {logging_mixin.py:137} INFO - [2023-01-11T12:19:49.717-0500] {dag.py:2676} INFO - Sync 1 DAGs
[2023-01-11T12:19:49.734-0500] {logging_mixin.py:137} INFO - [2023-01-11T12:19:49.734-0500] {dag.py:3423} INFO - Setting next_dagrun for example_local_kubernetes_executor to None, run_after=None
[2023-01-11T12:19:49.752-0500] {processor.py:175} INFO - Processing /Library/Frameworks/Python.framework/Versions/3.9/lib/python3.9/site-packages/airflow/example_dags/example_local_kubernetes_executor.py took 0.764 seconds
[2023-01-11T15:57:36.460-0500] {processor.py:153} INFO - Started process (PID=10926) to work on /Library/Frameworks/Python.framework/Versions/3.9/lib/python3.9/site-packages/airflow/example_dags/example_local_kubernetes_executor.py
[2023-01-11T15:57:36.466-0500] {processor.py:743} INFO - Processing file /Library/Frameworks/Python.framework/Versions/3.9/lib/python3.9/site-packages/airflow/example_dags/example_local_kubernetes_executor.py for tasks to queue
[2023-01-11T15:57:36.468-0500] {logging_mixin.py:137} INFO - [2023-01-11T15:57:36.467-0500] {dagbag.py:538} INFO - Filling up the DagBag from /Library/Frameworks/Python.framework/Versions/3.9/lib/python3.9/site-packages/airflow/example_dags/example_local_kubernetes_executor.py
[2023-01-11T15:57:36.523-0500] {processor.py:753} INFO - DAG(s) dict_keys(['example_local_kubernetes_executor']) retrieved from /Library/Frameworks/Python.framework/Versions/3.9/lib/python3.9/site-packages/airflow/example_dags/example_local_kubernetes_executor.py
[2023-01-11T15:57:37.104-0500] {logging_mixin.py:137} INFO - [2023-01-11T15:57:37.103-0500] {dag.py:2676} INFO - Sync 1 DAGs
[2023-01-11T15:57:37.119-0500] {logging_mixin.py:137} INFO - [2023-01-11T15:57:37.119-0500] {dag.py:3423} INFO - Setting next_dagrun for example_local_kubernetes_executor to None, run_after=None
[2023-01-11T15:57:37.137-0500] {processor.py:175} INFO - Processing /Library/Frameworks/Python.framework/Versions/3.9/lib/python3.9/site-packages/airflow/example_dags/example_local_kubernetes_executor.py took 0.677 seconds
[2023-01-11T16:21:44.707-0500] {processor.py:153} INFO - Started process (PID=11111) to work on /Library/Frameworks/Python.framework/Versions/3.9/lib/python3.9/site-packages/airflow/example_dags/example_local_kubernetes_executor.py
[2023-01-11T16:21:44.713-0500] {processor.py:743} INFO - Processing file /Library/Frameworks/Python.framework/Versions/3.9/lib/python3.9/site-packages/airflow/example_dags/example_local_kubernetes_executor.py for tasks to queue
[2023-01-11T16:21:44.713-0500] {logging_mixin.py:137} INFO - [2023-01-11T16:21:44.713-0500] {dagbag.py:538} INFO - Filling up the DagBag from /Library/Frameworks/Python.framework/Versions/3.9/lib/python3.9/site-packages/airflow/example_dags/example_local_kubernetes_executor.py
[2023-01-11T16:21:44.777-0500] {processor.py:753} INFO - DAG(s) dict_keys(['example_local_kubernetes_executor']) retrieved from /Library/Frameworks/Python.framework/Versions/3.9/lib/python3.9/site-packages/airflow/example_dags/example_local_kubernetes_executor.py
[2023-01-11T16:21:45.405-0500] {logging_mixin.py:137} INFO - [2023-01-11T16:21:45.404-0500] {dag.py:2676} INFO - Sync 1 DAGs
[2023-01-11T16:21:45.422-0500] {logging_mixin.py:137} INFO - [2023-01-11T16:21:45.421-0500] {dag.py:3423} INFO - Setting next_dagrun for example_local_kubernetes_executor to None, run_after=None
[2023-01-11T16:21:45.440-0500] {processor.py:175} INFO - Processing /Library/Frameworks/Python.framework/Versions/3.9/lib/python3.9/site-packages/airflow/example_dags/example_local_kubernetes_executor.py took 0.734 seconds
[2023-01-11T16:23:54.518-0500] {processor.py:153} INFO - Started process (PID=11193) to work on /Library/Frameworks/Python.framework/Versions/3.9/lib/python3.9/site-packages/airflow/example_dags/example_local_kubernetes_executor.py
[2023-01-11T16:23:54.524-0500] {processor.py:743} INFO - Processing file /Library/Frameworks/Python.framework/Versions/3.9/lib/python3.9/site-packages/airflow/example_dags/example_local_kubernetes_executor.py for tasks to queue
[2023-01-11T16:23:54.524-0500] {logging_mixin.py:137} INFO - [2023-01-11T16:23:54.524-0500] {dagbag.py:538} INFO - Filling up the DagBag from /Library/Frameworks/Python.framework/Versions/3.9/lib/python3.9/site-packages/airflow/example_dags/example_local_kubernetes_executor.py
[2023-01-11T16:23:54.587-0500] {processor.py:753} INFO - DAG(s) dict_keys(['example_local_kubernetes_executor']) retrieved from /Library/Frameworks/Python.framework/Versions/3.9/lib/python3.9/site-packages/airflow/example_dags/example_local_kubernetes_executor.py
[2023-01-11T16:23:55.253-0500] {logging_mixin.py:137} INFO - [2023-01-11T16:23:55.253-0500] {dag.py:2676} INFO - Sync 1 DAGs
[2023-01-11T16:23:55.270-0500] {logging_mixin.py:137} INFO - [2023-01-11T16:23:55.270-0500] {dag.py:3423} INFO - Setting next_dagrun for example_local_kubernetes_executor to None, run_after=None
[2023-01-11T16:23:55.305-0500] {processor.py:175} INFO - Processing /Library/Frameworks/Python.framework/Versions/3.9/lib/python3.9/site-packages/airflow/example_dags/example_local_kubernetes_executor.py took 0.787 seconds
[2023-01-11T16:27:22.673-0500] {processor.py:153} INFO - Started process (PID=11358) to work on /Library/Frameworks/Python.framework/Versions/3.9/lib/python3.9/site-packages/airflow/example_dags/example_local_kubernetes_executor.py
[2023-01-11T16:27:22.679-0500] {processor.py:743} INFO - Processing file /Library/Frameworks/Python.framework/Versions/3.9/lib/python3.9/site-packages/airflow/example_dags/example_local_kubernetes_executor.py for tasks to queue
[2023-01-11T16:27:22.679-0500] {logging_mixin.py:137} INFO - [2023-01-11T16:27:22.679-0500] {dagbag.py:538} INFO - Filling up the DagBag from /Library/Frameworks/Python.framework/Versions/3.9/lib/python3.9/site-packages/airflow/example_dags/example_local_kubernetes_executor.py
[2023-01-11T16:27:22.736-0500] {processor.py:753} INFO - DAG(s) dict_keys(['example_local_kubernetes_executor']) retrieved from /Library/Frameworks/Python.framework/Versions/3.9/lib/python3.9/site-packages/airflow/example_dags/example_local_kubernetes_executor.py
[2023-01-11T16:27:23.376-0500] {logging_mixin.py:137} INFO - [2023-01-11T16:27:23.375-0500] {dag.py:2676} INFO - Sync 1 DAGs
[2023-01-11T16:27:23.393-0500] {logging_mixin.py:137} INFO - [2023-01-11T16:27:23.393-0500] {dag.py:3423} INFO - Setting next_dagrun for example_local_kubernetes_executor to None, run_after=None
[2023-01-11T16:27:23.411-0500] {processor.py:175} INFO - Processing /Library/Frameworks/Python.framework/Versions/3.9/lib/python3.9/site-packages/airflow/example_dags/example_local_kubernetes_executor.py took 0.739 seconds
[2023-01-11T16:30:42.541-0500] {processor.py:153} INFO - Started process (PID=11460) to work on /Library/Frameworks/Python.framework/Versions/3.9/lib/python3.9/site-packages/airflow/example_dags/example_local_kubernetes_executor.py
[2023-01-11T16:30:42.547-0500] {processor.py:743} INFO - Processing file /Library/Frameworks/Python.framework/Versions/3.9/lib/python3.9/site-packages/airflow/example_dags/example_local_kubernetes_executor.py for tasks to queue
[2023-01-11T16:30:42.547-0500] {logging_mixin.py:137} INFO - [2023-01-11T16:30:42.547-0500] {dagbag.py:538} INFO - Filling up the DagBag from /Library/Frameworks/Python.framework/Versions/3.9/lib/python3.9/site-packages/airflow/example_dags/example_local_kubernetes_executor.py
[2023-01-11T16:30:42.598-0500] {processor.py:753} INFO - DAG(s) dict_keys(['example_local_kubernetes_executor']) retrieved from /Library/Frameworks/Python.framework/Versions/3.9/lib/python3.9/site-packages/airflow/example_dags/example_local_kubernetes_executor.py
[2023-01-11T16:30:43.216-0500] {logging_mixin.py:137} INFO - [2023-01-11T16:30:43.215-0500] {dag.py:2676} INFO - Sync 1 DAGs
[2023-01-11T16:30:43.233-0500] {logging_mixin.py:137} INFO - [2023-01-11T16:30:43.233-0500] {dag.py:3423} INFO - Setting next_dagrun for example_local_kubernetes_executor to None, run_after=None
[2023-01-11T16:30:43.251-0500] {processor.py:175} INFO - Processing /Library/Frameworks/Python.framework/Versions/3.9/lib/python3.9/site-packages/airflow/example_dags/example_local_kubernetes_executor.py took 0.711 seconds
[2023-01-11T16:34:12.145-0500] {processor.py:153} INFO - Started process (PID=11548) to work on /Library/Frameworks/Python.framework/Versions/3.9/lib/python3.9/site-packages/airflow/example_dags/example_local_kubernetes_executor.py
[2023-01-11T16:34:12.151-0500] {processor.py:743} INFO - Processing file /Library/Frameworks/Python.framework/Versions/3.9/lib/python3.9/site-packages/airflow/example_dags/example_local_kubernetes_executor.py for tasks to queue
[2023-01-11T16:34:12.151-0500] {logging_mixin.py:137} INFO - [2023-01-11T16:34:12.151-0500] {dagbag.py:538} INFO - Filling up the DagBag from /Library/Frameworks/Python.framework/Versions/3.9/lib/python3.9/site-packages/airflow/example_dags/example_local_kubernetes_executor.py
[2023-01-11T16:34:12.205-0500] {processor.py:753} INFO - DAG(s) dict_keys(['example_local_kubernetes_executor']) retrieved from /Library/Frameworks/Python.framework/Versions/3.9/lib/python3.9/site-packages/airflow/example_dags/example_local_kubernetes_executor.py
[2023-01-11T16:34:12.832-0500] {logging_mixin.py:137} INFO - [2023-01-11T16:34:12.832-0500] {dag.py:2676} INFO - Sync 1 DAGs
[2023-01-11T16:34:12.849-0500] {logging_mixin.py:137} INFO - [2023-01-11T16:34:12.849-0500] {dag.py:3423} INFO - Setting next_dagrun for example_local_kubernetes_executor to None, run_after=None
[2023-01-11T16:34:12.867-0500] {processor.py:175} INFO - Processing /Library/Frameworks/Python.framework/Versions/3.9/lib/python3.9/site-packages/airflow/example_dags/example_local_kubernetes_executor.py took 0.723 seconds
[2023-01-11T16:46:47.703-0500] {processor.py:153} INFO - Started process (PID=11890) to work on /Library/Frameworks/Python.framework/Versions/3.9/lib/python3.9/site-packages/airflow/example_dags/example_local_kubernetes_executor.py
[2023-01-11T16:46:47.716-0500] {processor.py:743} INFO - Processing file /Library/Frameworks/Python.framework/Versions/3.9/lib/python3.9/site-packages/airflow/example_dags/example_local_kubernetes_executor.py for tasks to queue
[2023-01-11T16:46:47.717-0500] {logging_mixin.py:137} INFO - [2023-01-11T16:46:47.717-0500] {dagbag.py:538} INFO - Filling up the DagBag from /Library/Frameworks/Python.framework/Versions/3.9/lib/python3.9/site-packages/airflow/example_dags/example_local_kubernetes_executor.py
[2023-01-11T16:46:47.938-0500] {processor.py:753} INFO - DAG(s) dict_keys(['example_local_kubernetes_executor']) retrieved from /Library/Frameworks/Python.framework/Versions/3.9/lib/python3.9/site-packages/airflow/example_dags/example_local_kubernetes_executor.py
[2023-01-11T16:47:02.174-0500] {logging_mixin.py:137} INFO - [2023-01-11T16:47:02.174-0500] {dag.py:2676} INFO - Sync 1 DAGs
[2023-01-11T16:47:02.219-0500] {logging_mixin.py:137} INFO - [2023-01-11T16:47:02.219-0500] {dag.py:3423} INFO - Setting next_dagrun for example_local_kubernetes_executor to None, run_after=None
[2023-01-11T16:47:02.262-0500] {processor.py:175} INFO - Processing /Library/Frameworks/Python.framework/Versions/3.9/lib/python3.9/site-packages/airflow/example_dags/example_local_kubernetes_executor.py took 14.560 seconds
[2023-01-11T16:51:21.387-0500] {processor.py:153} INFO - Started process (PID=12089) to work on /Library/Frameworks/Python.framework/Versions/3.9/lib/python3.9/site-packages/airflow/example_dags/example_local_kubernetes_executor.py
[2023-01-11T16:51:21.392-0500] {processor.py:743} INFO - Processing file /Library/Frameworks/Python.framework/Versions/3.9/lib/python3.9/site-packages/airflow/example_dags/example_local_kubernetes_executor.py for tasks to queue
[2023-01-11T16:51:21.393-0500] {logging_mixin.py:137} INFO - [2023-01-11T16:51:21.393-0500] {dagbag.py:538} INFO - Filling up the DagBag from /Library/Frameworks/Python.framework/Versions/3.9/lib/python3.9/site-packages/airflow/example_dags/example_local_kubernetes_executor.py
[2023-01-11T16:51:21.452-0500] {processor.py:753} INFO - DAG(s) dict_keys(['example_local_kubernetes_executor']) retrieved from /Library/Frameworks/Python.framework/Versions/3.9/lib/python3.9/site-packages/airflow/example_dags/example_local_kubernetes_executor.py
[2023-01-11T16:51:22.095-0500] {logging_mixin.py:137} INFO - [2023-01-11T16:51:22.095-0500] {dag.py:2676} INFO - Sync 1 DAGs
[2023-01-11T16:51:22.112-0500] {logging_mixin.py:137} INFO - [2023-01-11T16:51:22.112-0500] {dag.py:3423} INFO - Setting next_dagrun for example_local_kubernetes_executor to None, run_after=None
[2023-01-11T16:51:22.131-0500] {processor.py:175} INFO - Processing /Library/Frameworks/Python.framework/Versions/3.9/lib/python3.9/site-packages/airflow/example_dags/example_local_kubernetes_executor.py took 0.745 seconds
[2023-01-11T16:53:27.502-0500] {processor.py:153} INFO - Started process (PID=12227) to work on /Library/Frameworks/Python.framework/Versions/3.9/lib/python3.9/site-packages/airflow/example_dags/example_local_kubernetes_executor.py
[2023-01-11T16:53:27.516-0500] {processor.py:743} INFO - Processing file /Library/Frameworks/Python.framework/Versions/3.9/lib/python3.9/site-packages/airflow/example_dags/example_local_kubernetes_executor.py for tasks to queue
[2023-01-11T16:53:27.517-0500] {logging_mixin.py:137} INFO - [2023-01-11T16:53:27.516-0500] {dagbag.py:538} INFO - Filling up the DagBag from /Library/Frameworks/Python.framework/Versions/3.9/lib/python3.9/site-packages/airflow/example_dags/example_local_kubernetes_executor.py
[2023-01-11T16:53:27.588-0500] {processor.py:753} INFO - DAG(s) dict_keys(['example_local_kubernetes_executor']) retrieved from /Library/Frameworks/Python.framework/Versions/3.9/lib/python3.9/site-packages/airflow/example_dags/example_local_kubernetes_executor.py
[2023-01-11T16:53:28.386-0500] {logging_mixin.py:137} INFO - [2023-01-11T16:53:28.386-0500] {dag.py:2676} INFO - Sync 1 DAGs
[2023-01-11T16:53:28.406-0500] {logging_mixin.py:137} INFO - [2023-01-11T16:53:28.406-0500] {dag.py:3423} INFO - Setting next_dagrun for example_local_kubernetes_executor to None, run_after=None
[2023-01-11T16:53:28.427-0500] {processor.py:175} INFO - Processing /Library/Frameworks/Python.framework/Versions/3.9/lib/python3.9/site-packages/airflow/example_dags/example_local_kubernetes_executor.py took 0.926 seconds
[2023-01-11T16:57:14.137-0500] {processor.py:153} INFO - Started process (PID=12349) to work on /Library/Frameworks/Python.framework/Versions/3.9/lib/python3.9/site-packages/airflow/example_dags/example_local_kubernetes_executor.py
[2023-01-11T16:57:14.144-0500] {processor.py:743} INFO - Processing file /Library/Frameworks/Python.framework/Versions/3.9/lib/python3.9/site-packages/airflow/example_dags/example_local_kubernetes_executor.py for tasks to queue
[2023-01-11T16:57:14.144-0500] {logging_mixin.py:137} INFO - [2023-01-11T16:57:14.144-0500] {dagbag.py:538} INFO - Filling up the DagBag from /Library/Frameworks/Python.framework/Versions/3.9/lib/python3.9/site-packages/airflow/example_dags/example_local_kubernetes_executor.py
[2023-01-11T16:57:14.206-0500] {processor.py:753} INFO - DAG(s) dict_keys(['example_local_kubernetes_executor']) retrieved from /Library/Frameworks/Python.framework/Versions/3.9/lib/python3.9/site-packages/airflow/example_dags/example_local_kubernetes_executor.py
[2023-01-11T16:57:14.981-0500] {logging_mixin.py:137} INFO - [2023-01-11T16:57:14.980-0500] {dag.py:2676} INFO - Sync 1 DAGs
[2023-01-11T16:57:15.002-0500] {logging_mixin.py:137} INFO - [2023-01-11T16:57:15.002-0500] {dag.py:3423} INFO - Setting next_dagrun for example_local_kubernetes_executor to None, run_after=None
[2023-01-11T16:57:15.025-0500] {processor.py:175} INFO - Processing /Library/Frameworks/Python.framework/Versions/3.9/lib/python3.9/site-packages/airflow/example_dags/example_local_kubernetes_executor.py took 0.889 seconds
[2023-01-11T17:01:01.326-0500] {processor.py:153} INFO - Started process (PID=12561) to work on /Library/Frameworks/Python.framework/Versions/3.9/lib/python3.9/site-packages/airflow/example_dags/example_local_kubernetes_executor.py
[2023-01-11T17:01:01.332-0500] {processor.py:743} INFO - Processing file /Library/Frameworks/Python.framework/Versions/3.9/lib/python3.9/site-packages/airflow/example_dags/example_local_kubernetes_executor.py for tasks to queue
[2023-01-11T17:01:01.333-0500] {logging_mixin.py:137} INFO - [2023-01-11T17:01:01.333-0500] {dagbag.py:538} INFO - Filling up the DagBag from /Library/Frameworks/Python.framework/Versions/3.9/lib/python3.9/site-packages/airflow/example_dags/example_local_kubernetes_executor.py
[2023-01-11T17:01:01.406-0500] {processor.py:753} INFO - DAG(s) dict_keys(['example_local_kubernetes_executor']) retrieved from /Library/Frameworks/Python.framework/Versions/3.9/lib/python3.9/site-packages/airflow/example_dags/example_local_kubernetes_executor.py
[2023-01-11T17:01:02.190-0500] {logging_mixin.py:137} INFO - [2023-01-11T17:01:02.189-0500] {dag.py:2676} INFO - Sync 1 DAGs
[2023-01-11T17:01:02.207-0500] {logging_mixin.py:137} INFO - [2023-01-11T17:01:02.207-0500] {dag.py:3423} INFO - Setting next_dagrun for example_local_kubernetes_executor to None, run_after=None
[2023-01-11T17:01:02.225-0500] {processor.py:175} INFO - Processing /Library/Frameworks/Python.framework/Versions/3.9/lib/python3.9/site-packages/airflow/example_dags/example_local_kubernetes_executor.py took 0.900 seconds
