[2023-01-10T20:12:43.815-0500] {processor.py:153} INFO - Started process (PID=2601) to work on /Library/Frameworks/Python.framework/Versions/3.9/lib/python3.9/site-packages/airflow/example_dags/example_external_task_marker_dag.py
[2023-01-10T20:12:43.824-0500] {processor.py:743} INFO - Processing file /Library/Frameworks/Python.framework/Versions/3.9/lib/python3.9/site-packages/airflow/example_dags/example_external_task_marker_dag.py for tasks to queue
[2023-01-10T20:12:43.825-0500] {logging_mixin.py:137} INFO - [2023-01-10T20:12:43.825-0500] {dagbag.py:538} INFO - Filling up the DagBag from /Library/Frameworks/Python.framework/Versions/3.9/lib/python3.9/site-packages/airflow/example_dags/example_external_task_marker_dag.py
[2023-01-10T20:12:43.882-0500] {processor.py:753} INFO - DAG(s) dict_keys(['example_external_task_marker_parent', 'example_external_task_marker_child']) retrieved from /Library/Frameworks/Python.framework/Versions/3.9/lib/python3.9/site-packages/airflow/example_dags/example_external_task_marker_dag.py
[2023-01-10T20:12:46.099-0500] {logging_mixin.py:137} INFO - [2023-01-10T20:12:46.098-0500] {dag.py:2676} INFO - Sync 2 DAGs
[2023-01-10T20:12:46.127-0500] {logging_mixin.py:137} INFO - [2023-01-10T20:12:46.127-0500] {dag.py:3423} INFO - Setting next_dagrun for example_external_task_marker_child to None, run_after=None
[2023-01-10T20:12:46.131-0500] {logging_mixin.py:137} INFO - [2023-01-10T20:12:46.131-0500] {dag.py:3423} INFO - Setting next_dagrun for example_external_task_marker_parent to None, run_after=None
[2023-01-10T20:12:46.163-0500] {processor.py:175} INFO - Processing /Library/Frameworks/Python.framework/Versions/3.9/lib/python3.9/site-packages/airflow/example_dags/example_external_task_marker_dag.py took 2.350 seconds
[2023-01-10T20:16:15.163-0500] {processor.py:153} INFO - Started process (PID=2819) to work on /Library/Frameworks/Python.framework/Versions/3.9/lib/python3.9/site-packages/airflow/example_dags/example_external_task_marker_dag.py
[2023-01-10T20:16:15.168-0500] {processor.py:743} INFO - Processing file /Library/Frameworks/Python.framework/Versions/3.9/lib/python3.9/site-packages/airflow/example_dags/example_external_task_marker_dag.py for tasks to queue
[2023-01-10T20:16:15.169-0500] {logging_mixin.py:137} INFO - [2023-01-10T20:16:15.169-0500] {dagbag.py:538} INFO - Filling up the DagBag from /Library/Frameworks/Python.framework/Versions/3.9/lib/python3.9/site-packages/airflow/example_dags/example_external_task_marker_dag.py
[2023-01-10T20:16:15.198-0500] {processor.py:753} INFO - DAG(s) dict_keys(['example_external_task_marker_parent', 'example_external_task_marker_child']) retrieved from /Library/Frameworks/Python.framework/Versions/3.9/lib/python3.9/site-packages/airflow/example_dags/example_external_task_marker_dag.py
[2023-01-10T20:16:16.589-0500] {logging_mixin.py:137} INFO - [2023-01-10T20:16:16.589-0500] {dag.py:2676} INFO - Sync 2 DAGs
[2023-01-10T20:16:16.606-0500] {logging_mixin.py:137} INFO - [2023-01-10T20:16:16.606-0500] {dag.py:3423} INFO - Setting next_dagrun for example_external_task_marker_child to None, run_after=None
[2023-01-10T20:16:16.610-0500] {logging_mixin.py:137} INFO - [2023-01-10T20:16:16.610-0500] {dag.py:3423} INFO - Setting next_dagrun for example_external_task_marker_parent to None, run_after=None
[2023-01-10T20:16:16.628-0500] {processor.py:175} INFO - Processing /Library/Frameworks/Python.framework/Versions/3.9/lib/python3.9/site-packages/airflow/example_dags/example_external_task_marker_dag.py took 1.466 seconds
[2023-01-10T20:19:12.690-0500] {processor.py:153} INFO - Started process (PID=2910) to work on /Library/Frameworks/Python.framework/Versions/3.9/lib/python3.9/site-packages/airflow/example_dags/example_external_task_marker_dag.py
[2023-01-10T20:19:12.695-0500] {processor.py:743} INFO - Processing file /Library/Frameworks/Python.framework/Versions/3.9/lib/python3.9/site-packages/airflow/example_dags/example_external_task_marker_dag.py for tasks to queue
[2023-01-10T20:19:12.696-0500] {logging_mixin.py:137} INFO - [2023-01-10T20:19:12.696-0500] {dagbag.py:538} INFO - Filling up the DagBag from /Library/Frameworks/Python.framework/Versions/3.9/lib/python3.9/site-packages/airflow/example_dags/example_external_task_marker_dag.py
[2023-01-10T20:19:12.722-0500] {processor.py:753} INFO - DAG(s) dict_keys(['example_external_task_marker_parent', 'example_external_task_marker_child']) retrieved from /Library/Frameworks/Python.framework/Versions/3.9/lib/python3.9/site-packages/airflow/example_dags/example_external_task_marker_dag.py
[2023-01-10T20:19:13.698-0500] {logging_mixin.py:137} INFO - [2023-01-10T20:19:13.697-0500] {dag.py:2676} INFO - Sync 2 DAGs
[2023-01-10T20:19:13.713-0500] {logging_mixin.py:137} INFO - [2023-01-10T20:19:13.712-0500] {dag.py:3423} INFO - Setting next_dagrun for example_external_task_marker_child to None, run_after=None
[2023-01-10T20:19:13.715-0500] {logging_mixin.py:137} INFO - [2023-01-10T20:19:13.715-0500] {dag.py:3423} INFO - Setting next_dagrun for example_external_task_marker_parent to None, run_after=None
[2023-01-10T20:19:13.733-0500] {processor.py:175} INFO - Processing /Library/Frameworks/Python.framework/Versions/3.9/lib/python3.9/site-packages/airflow/example_dags/example_external_task_marker_dag.py took 1.043 seconds
[2023-01-10T20:21:55.127-0500] {processor.py:153} INFO - Started process (PID=2992) to work on /Library/Frameworks/Python.framework/Versions/3.9/lib/python3.9/site-packages/airflow/example_dags/example_external_task_marker_dag.py
[2023-01-10T20:21:55.132-0500] {processor.py:743} INFO - Processing file /Library/Frameworks/Python.framework/Versions/3.9/lib/python3.9/site-packages/airflow/example_dags/example_external_task_marker_dag.py for tasks to queue
[2023-01-10T20:21:55.132-0500] {logging_mixin.py:137} INFO - [2023-01-10T20:21:55.132-0500] {dagbag.py:538} INFO - Filling up the DagBag from /Library/Frameworks/Python.framework/Versions/3.9/lib/python3.9/site-packages/airflow/example_dags/example_external_task_marker_dag.py
[2023-01-10T20:21:55.159-0500] {processor.py:753} INFO - DAG(s) dict_keys(['example_external_task_marker_child', 'example_external_task_marker_parent']) retrieved from /Library/Frameworks/Python.framework/Versions/3.9/lib/python3.9/site-packages/airflow/example_dags/example_external_task_marker_dag.py
[2023-01-10T20:21:56.028-0500] {logging_mixin.py:137} INFO - [2023-01-10T20:21:56.028-0500] {dag.py:2676} INFO - Sync 2 DAGs
[2023-01-10T20:21:56.043-0500] {logging_mixin.py:137} INFO - [2023-01-10T20:21:56.043-0500] {dag.py:3423} INFO - Setting next_dagrun for example_external_task_marker_child to None, run_after=None
[2023-01-10T20:21:56.045-0500] {logging_mixin.py:137} INFO - [2023-01-10T20:21:56.045-0500] {dag.py:3423} INFO - Setting next_dagrun for example_external_task_marker_parent to None, run_after=None
[2023-01-10T20:21:56.063-0500] {processor.py:175} INFO - Processing /Library/Frameworks/Python.framework/Versions/3.9/lib/python3.9/site-packages/airflow/example_dags/example_external_task_marker_dag.py took 0.937 seconds
[2023-01-10T20:24:36.963-0500] {processor.py:153} INFO - Started process (PID=3087) to work on /Library/Frameworks/Python.framework/Versions/3.9/lib/python3.9/site-packages/airflow/example_dags/example_external_task_marker_dag.py
[2023-01-10T20:24:36.968-0500] {processor.py:743} INFO - Processing file /Library/Frameworks/Python.framework/Versions/3.9/lib/python3.9/site-packages/airflow/example_dags/example_external_task_marker_dag.py for tasks to queue
[2023-01-10T20:24:36.969-0500] {logging_mixin.py:137} INFO - [2023-01-10T20:24:36.969-0500] {dagbag.py:538} INFO - Filling up the DagBag from /Library/Frameworks/Python.framework/Versions/3.9/lib/python3.9/site-packages/airflow/example_dags/example_external_task_marker_dag.py
[2023-01-10T20:24:36.994-0500] {processor.py:753} INFO - DAG(s) dict_keys(['example_external_task_marker_parent', 'example_external_task_marker_child']) retrieved from /Library/Frameworks/Python.framework/Versions/3.9/lib/python3.9/site-packages/airflow/example_dags/example_external_task_marker_dag.py
[2023-01-10T20:24:37.892-0500] {logging_mixin.py:137} INFO - [2023-01-10T20:24:37.892-0500] {dag.py:2676} INFO - Sync 2 DAGs
[2023-01-10T20:24:37.907-0500] {logging_mixin.py:137} INFO - [2023-01-10T20:24:37.907-0500] {dag.py:3423} INFO - Setting next_dagrun for example_external_task_marker_child to None, run_after=None
[2023-01-10T20:24:37.910-0500] {logging_mixin.py:137} INFO - [2023-01-10T20:24:37.910-0500] {dag.py:3423} INFO - Setting next_dagrun for example_external_task_marker_parent to None, run_after=None
[2023-01-10T20:24:37.926-0500] {processor.py:175} INFO - Processing /Library/Frameworks/Python.framework/Versions/3.9/lib/python3.9/site-packages/airflow/example_dags/example_external_task_marker_dag.py took 0.963 seconds
[2023-01-10T20:27:13.858-0500] {processor.py:153} INFO - Started process (PID=3221) to work on /Library/Frameworks/Python.framework/Versions/3.9/lib/python3.9/site-packages/airflow/example_dags/example_external_task_marker_dag.py
[2023-01-10T20:27:13.863-0500] {processor.py:743} INFO - Processing file /Library/Frameworks/Python.framework/Versions/3.9/lib/python3.9/site-packages/airflow/example_dags/example_external_task_marker_dag.py for tasks to queue
[2023-01-10T20:27:13.864-0500] {logging_mixin.py:137} INFO - [2023-01-10T20:27:13.864-0500] {dagbag.py:538} INFO - Filling up the DagBag from /Library/Frameworks/Python.framework/Versions/3.9/lib/python3.9/site-packages/airflow/example_dags/example_external_task_marker_dag.py
[2023-01-10T20:27:13.890-0500] {processor.py:753} INFO - DAG(s) dict_keys(['example_external_task_marker_child', 'example_external_task_marker_parent']) retrieved from /Library/Frameworks/Python.framework/Versions/3.9/lib/python3.9/site-packages/airflow/example_dags/example_external_task_marker_dag.py
[2023-01-10T20:27:14.801-0500] {logging_mixin.py:137} INFO - [2023-01-10T20:27:14.801-0500] {dag.py:2676} INFO - Sync 2 DAGs
[2023-01-10T20:27:14.817-0500] {logging_mixin.py:137} INFO - [2023-01-10T20:27:14.817-0500] {dag.py:3423} INFO - Setting next_dagrun for example_external_task_marker_child to None, run_after=None
[2023-01-10T20:27:14.820-0500] {logging_mixin.py:137} INFO - [2023-01-10T20:27:14.820-0500] {dag.py:3423} INFO - Setting next_dagrun for example_external_task_marker_parent to None, run_after=None
[2023-01-10T20:27:14.837-0500] {processor.py:175} INFO - Processing /Library/Frameworks/Python.framework/Versions/3.9/lib/python3.9/site-packages/airflow/example_dags/example_external_task_marker_dag.py took 0.980 seconds
[2023-01-10T20:29:54.739-0500] {processor.py:153} INFO - Started process (PID=3352) to work on /Library/Frameworks/Python.framework/Versions/3.9/lib/python3.9/site-packages/airflow/example_dags/example_external_task_marker_dag.py
[2023-01-10T20:29:54.744-0500] {processor.py:743} INFO - Processing file /Library/Frameworks/Python.framework/Versions/3.9/lib/python3.9/site-packages/airflow/example_dags/example_external_task_marker_dag.py for tasks to queue
[2023-01-10T20:29:54.745-0500] {logging_mixin.py:137} INFO - [2023-01-10T20:29:54.744-0500] {dagbag.py:538} INFO - Filling up the DagBag from /Library/Frameworks/Python.framework/Versions/3.9/lib/python3.9/site-packages/airflow/example_dags/example_external_task_marker_dag.py
[2023-01-10T20:29:54.770-0500] {processor.py:753} INFO - DAG(s) dict_keys(['example_external_task_marker_parent', 'example_external_task_marker_child']) retrieved from /Library/Frameworks/Python.framework/Versions/3.9/lib/python3.9/site-packages/airflow/example_dags/example_external_task_marker_dag.py
[2023-01-10T20:29:55.650-0500] {logging_mixin.py:137} INFO - [2023-01-10T20:29:55.650-0500] {dag.py:2676} INFO - Sync 2 DAGs
[2023-01-10T20:29:55.665-0500] {logging_mixin.py:137} INFO - [2023-01-10T20:29:55.665-0500] {dag.py:3423} INFO - Setting next_dagrun for example_external_task_marker_child to None, run_after=None
[2023-01-10T20:29:55.668-0500] {logging_mixin.py:137} INFO - [2023-01-10T20:29:55.668-0500] {dag.py:3423} INFO - Setting next_dagrun for example_external_task_marker_parent to None, run_after=None
[2023-01-10T20:29:55.686-0500] {processor.py:175} INFO - Processing /Library/Frameworks/Python.framework/Versions/3.9/lib/python3.9/site-packages/airflow/example_dags/example_external_task_marker_dag.py took 0.948 seconds
[2023-01-10T20:32:48.311-0500] {processor.py:153} INFO - Started process (PID=3568) to work on /Library/Frameworks/Python.framework/Versions/3.9/lib/python3.9/site-packages/airflow/example_dags/example_external_task_marker_dag.py
[2023-01-10T20:32:48.316-0500] {processor.py:743} INFO - Processing file /Library/Frameworks/Python.framework/Versions/3.9/lib/python3.9/site-packages/airflow/example_dags/example_external_task_marker_dag.py for tasks to queue
[2023-01-10T20:32:48.317-0500] {logging_mixin.py:137} INFO - [2023-01-10T20:32:48.317-0500] {dagbag.py:538} INFO - Filling up the DagBag from /Library/Frameworks/Python.framework/Versions/3.9/lib/python3.9/site-packages/airflow/example_dags/example_external_task_marker_dag.py
[2023-01-10T20:32:48.345-0500] {processor.py:753} INFO - DAG(s) dict_keys(['example_external_task_marker_child', 'example_external_task_marker_parent']) retrieved from /Library/Frameworks/Python.framework/Versions/3.9/lib/python3.9/site-packages/airflow/example_dags/example_external_task_marker_dag.py
[2023-01-10T20:32:49.250-0500] {logging_mixin.py:137} INFO - [2023-01-10T20:32:49.249-0500] {dag.py:2676} INFO - Sync 2 DAGs
[2023-01-10T20:32:49.264-0500] {logging_mixin.py:137} INFO - [2023-01-10T20:32:49.264-0500] {dag.py:3423} INFO - Setting next_dagrun for example_external_task_marker_child to None, run_after=None
[2023-01-10T20:32:49.267-0500] {logging_mixin.py:137} INFO - [2023-01-10T20:32:49.267-0500] {dag.py:3423} INFO - Setting next_dagrun for example_external_task_marker_parent to None, run_after=None
[2023-01-10T20:32:49.286-0500] {processor.py:175} INFO - Processing /Library/Frameworks/Python.framework/Versions/3.9/lib/python3.9/site-packages/airflow/example_dags/example_external_task_marker_dag.py took 0.976 seconds
[2023-01-10T20:36:07.383-0500] {processor.py:153} INFO - Started process (PID=3758) to work on /Library/Frameworks/Python.framework/Versions/3.9/lib/python3.9/site-packages/airflow/example_dags/example_external_task_marker_dag.py
[2023-01-10T20:36:07.389-0500] {processor.py:743} INFO - Processing file /Library/Frameworks/Python.framework/Versions/3.9/lib/python3.9/site-packages/airflow/example_dags/example_external_task_marker_dag.py for tasks to queue
[2023-01-10T20:36:07.389-0500] {logging_mixin.py:137} INFO - [2023-01-10T20:36:07.389-0500] {dagbag.py:538} INFO - Filling up the DagBag from /Library/Frameworks/Python.framework/Versions/3.9/lib/python3.9/site-packages/airflow/example_dags/example_external_task_marker_dag.py
[2023-01-10T20:36:07.417-0500] {processor.py:753} INFO - DAG(s) dict_keys(['example_external_task_marker_parent', 'example_external_task_marker_child']) retrieved from /Library/Frameworks/Python.framework/Versions/3.9/lib/python3.9/site-packages/airflow/example_dags/example_external_task_marker_dag.py
[2023-01-10T20:36:08.267-0500] {logging_mixin.py:137} INFO - [2023-01-10T20:36:08.267-0500] {dag.py:2676} INFO - Sync 2 DAGs
[2023-01-10T20:36:08.284-0500] {logging_mixin.py:137} INFO - [2023-01-10T20:36:08.284-0500] {dag.py:3423} INFO - Setting next_dagrun for example_external_task_marker_child to None, run_after=None
[2023-01-10T20:36:08.286-0500] {logging_mixin.py:137} INFO - [2023-01-10T20:36:08.286-0500] {dag.py:3423} INFO - Setting next_dagrun for example_external_task_marker_parent to None, run_after=None
[2023-01-10T20:36:08.305-0500] {processor.py:175} INFO - Processing /Library/Frameworks/Python.framework/Versions/3.9/lib/python3.9/site-packages/airflow/example_dags/example_external_task_marker_dag.py took 0.923 seconds
[2023-01-10T20:39:33.566-0500] {processor.py:153} INFO - Started process (PID=3900) to work on /Library/Frameworks/Python.framework/Versions/3.9/lib/python3.9/site-packages/airflow/example_dags/example_external_task_marker_dag.py
[2023-01-10T20:39:33.571-0500] {processor.py:743} INFO - Processing file /Library/Frameworks/Python.framework/Versions/3.9/lib/python3.9/site-packages/airflow/example_dags/example_external_task_marker_dag.py for tasks to queue
[2023-01-10T20:39:33.572-0500] {logging_mixin.py:137} INFO - [2023-01-10T20:39:33.572-0500] {dagbag.py:538} INFO - Filling up the DagBag from /Library/Frameworks/Python.framework/Versions/3.9/lib/python3.9/site-packages/airflow/example_dags/example_external_task_marker_dag.py
[2023-01-10T20:39:33.600-0500] {processor.py:753} INFO - DAG(s) dict_keys(['example_external_task_marker_parent', 'example_external_task_marker_child']) retrieved from /Library/Frameworks/Python.framework/Versions/3.9/lib/python3.9/site-packages/airflow/example_dags/example_external_task_marker_dag.py
[2023-01-10T20:39:34.472-0500] {logging_mixin.py:137} INFO - [2023-01-10T20:39:34.472-0500] {dag.py:2676} INFO - Sync 2 DAGs
[2023-01-10T20:39:34.487-0500] {logging_mixin.py:137} INFO - [2023-01-10T20:39:34.487-0500] {dag.py:3423} INFO - Setting next_dagrun for example_external_task_marker_child to None, run_after=None
[2023-01-10T20:39:34.490-0500] {logging_mixin.py:137} INFO - [2023-01-10T20:39:34.489-0500] {dag.py:3423} INFO - Setting next_dagrun for example_external_task_marker_parent to None, run_after=None
[2023-01-10T20:39:34.507-0500] {processor.py:175} INFO - Processing /Library/Frameworks/Python.framework/Versions/3.9/lib/python3.9/site-packages/airflow/example_dags/example_external_task_marker_dag.py took 0.941 seconds
[2023-01-10T20:43:18.781-0500] {processor.py:153} INFO - Started process (PID=4092) to work on /Library/Frameworks/Python.framework/Versions/3.9/lib/python3.9/site-packages/airflow/example_dags/example_external_task_marker_dag.py
[2023-01-10T20:43:18.787-0500] {processor.py:743} INFO - Processing file /Library/Frameworks/Python.framework/Versions/3.9/lib/python3.9/site-packages/airflow/example_dags/example_external_task_marker_dag.py for tasks to queue
[2023-01-10T20:43:18.787-0500] {logging_mixin.py:137} INFO - [2023-01-10T20:43:18.787-0500] {dagbag.py:538} INFO - Filling up the DagBag from /Library/Frameworks/Python.framework/Versions/3.9/lib/python3.9/site-packages/airflow/example_dags/example_external_task_marker_dag.py
[2023-01-10T20:43:18.815-0500] {processor.py:753} INFO - DAG(s) dict_keys(['example_external_task_marker_parent', 'example_external_task_marker_child']) retrieved from /Library/Frameworks/Python.framework/Versions/3.9/lib/python3.9/site-packages/airflow/example_dags/example_external_task_marker_dag.py
[2023-01-10T20:43:19.648-0500] {logging_mixin.py:137} INFO - [2023-01-10T20:43:19.648-0500] {dag.py:2676} INFO - Sync 2 DAGs
[2023-01-10T20:43:19.664-0500] {logging_mixin.py:137} INFO - [2023-01-10T20:43:19.664-0500] {dag.py:3423} INFO - Setting next_dagrun for example_external_task_marker_child to None, run_after=None
[2023-01-10T20:43:19.667-0500] {logging_mixin.py:137} INFO - [2023-01-10T20:43:19.666-0500] {dag.py:3423} INFO - Setting next_dagrun for example_external_task_marker_parent to None, run_after=None
[2023-01-10T20:43:19.686-0500] {processor.py:175} INFO - Processing /Library/Frameworks/Python.framework/Versions/3.9/lib/python3.9/site-packages/airflow/example_dags/example_external_task_marker_dag.py took 0.905 seconds
[2023-01-10T20:46:39.610-0500] {processor.py:153} INFO - Started process (PID=4265) to work on /Library/Frameworks/Python.framework/Versions/3.9/lib/python3.9/site-packages/airflow/example_dags/example_external_task_marker_dag.py
[2023-01-10T20:46:39.616-0500] {processor.py:743} INFO - Processing file /Library/Frameworks/Python.framework/Versions/3.9/lib/python3.9/site-packages/airflow/example_dags/example_external_task_marker_dag.py for tasks to queue
[2023-01-10T20:46:39.616-0500] {logging_mixin.py:137} INFO - [2023-01-10T20:46:39.616-0500] {dagbag.py:538} INFO - Filling up the DagBag from /Library/Frameworks/Python.framework/Versions/3.9/lib/python3.9/site-packages/airflow/example_dags/example_external_task_marker_dag.py
[2023-01-10T20:46:39.645-0500] {processor.py:753} INFO - DAG(s) dict_keys(['example_external_task_marker_parent', 'example_external_task_marker_child']) retrieved from /Library/Frameworks/Python.framework/Versions/3.9/lib/python3.9/site-packages/airflow/example_dags/example_external_task_marker_dag.py
[2023-01-10T20:46:40.534-0500] {logging_mixin.py:137} INFO - [2023-01-10T20:46:40.533-0500] {dag.py:2676} INFO - Sync 2 DAGs
[2023-01-10T20:46:40.550-0500] {logging_mixin.py:137} INFO - [2023-01-10T20:46:40.550-0500] {dag.py:3423} INFO - Setting next_dagrun for example_external_task_marker_child to None, run_after=None
[2023-01-10T20:46:40.553-0500] {logging_mixin.py:137} INFO - [2023-01-10T20:46:40.552-0500] {dag.py:3423} INFO - Setting next_dagrun for example_external_task_marker_parent to None, run_after=None
[2023-01-10T20:46:40.570-0500] {processor.py:175} INFO - Processing /Library/Frameworks/Python.framework/Versions/3.9/lib/python3.9/site-packages/airflow/example_dags/example_external_task_marker_dag.py took 0.960 seconds
[2023-01-10T20:50:10.725-0500] {processor.py:153} INFO - Started process (PID=4398) to work on /Library/Frameworks/Python.framework/Versions/3.9/lib/python3.9/site-packages/airflow/example_dags/example_external_task_marker_dag.py
[2023-01-10T20:50:10.731-0500] {processor.py:743} INFO - Processing file /Library/Frameworks/Python.framework/Versions/3.9/lib/python3.9/site-packages/airflow/example_dags/example_external_task_marker_dag.py for tasks to queue
[2023-01-10T20:50:10.732-0500] {logging_mixin.py:137} INFO - [2023-01-10T20:50:10.732-0500] {dagbag.py:538} INFO - Filling up the DagBag from /Library/Frameworks/Python.framework/Versions/3.9/lib/python3.9/site-packages/airflow/example_dags/example_external_task_marker_dag.py
[2023-01-10T20:50:10.761-0500] {processor.py:753} INFO - DAG(s) dict_keys(['example_external_task_marker_child', 'example_external_task_marker_parent']) retrieved from /Library/Frameworks/Python.framework/Versions/3.9/lib/python3.9/site-packages/airflow/example_dags/example_external_task_marker_dag.py
[2023-01-10T20:50:11.668-0500] {logging_mixin.py:137} INFO - [2023-01-10T20:50:11.668-0500] {dag.py:2676} INFO - Sync 2 DAGs
[2023-01-10T20:50:11.684-0500] {logging_mixin.py:137} INFO - [2023-01-10T20:50:11.684-0500] {dag.py:3423} INFO - Setting next_dagrun for example_external_task_marker_child to None, run_after=None
[2023-01-10T20:50:11.686-0500] {logging_mixin.py:137} INFO - [2023-01-10T20:50:11.686-0500] {dag.py:3423} INFO - Setting next_dagrun for example_external_task_marker_parent to None, run_after=None
[2023-01-10T20:50:11.705-0500] {processor.py:175} INFO - Processing /Library/Frameworks/Python.framework/Versions/3.9/lib/python3.9/site-packages/airflow/example_dags/example_external_task_marker_dag.py took 0.980 seconds
[2023-01-10T20:53:38.805-0500] {processor.py:153} INFO - Started process (PID=4505) to work on /Library/Frameworks/Python.framework/Versions/3.9/lib/python3.9/site-packages/airflow/example_dags/example_external_task_marker_dag.py
[2023-01-10T20:53:38.811-0500] {processor.py:743} INFO - Processing file /Library/Frameworks/Python.framework/Versions/3.9/lib/python3.9/site-packages/airflow/example_dags/example_external_task_marker_dag.py for tasks to queue
[2023-01-10T20:53:38.811-0500] {logging_mixin.py:137} INFO - [2023-01-10T20:53:38.811-0500] {dagbag.py:538} INFO - Filling up the DagBag from /Library/Frameworks/Python.framework/Versions/3.9/lib/python3.9/site-packages/airflow/example_dags/example_external_task_marker_dag.py
[2023-01-10T20:53:38.839-0500] {processor.py:753} INFO - DAG(s) dict_keys(['example_external_task_marker_parent', 'example_external_task_marker_child']) retrieved from /Library/Frameworks/Python.framework/Versions/3.9/lib/python3.9/site-packages/airflow/example_dags/example_external_task_marker_dag.py
[2023-01-10T20:53:39.597-0500] {logging_mixin.py:137} INFO - [2023-01-10T20:53:39.597-0500] {dag.py:2676} INFO - Sync 2 DAGs
[2023-01-10T20:53:39.612-0500] {logging_mixin.py:137} INFO - [2023-01-10T20:53:39.612-0500] {dag.py:3423} INFO - Setting next_dagrun for example_external_task_marker_child to None, run_after=None
[2023-01-10T20:53:39.614-0500] {logging_mixin.py:137} INFO - [2023-01-10T20:53:39.614-0500] {dag.py:3423} INFO - Setting next_dagrun for example_external_task_marker_parent to None, run_after=None
[2023-01-10T20:53:39.630-0500] {processor.py:175} INFO - Processing /Library/Frameworks/Python.framework/Versions/3.9/lib/python3.9/site-packages/airflow/example_dags/example_external_task_marker_dag.py took 0.827 seconds
[2023-01-10T20:56:39.420-0500] {processor.py:153} INFO - Started process (PID=4637) to work on /Library/Frameworks/Python.framework/Versions/3.9/lib/python3.9/site-packages/airflow/example_dags/example_external_task_marker_dag.py
[2023-01-10T20:56:39.426-0500] {processor.py:743} INFO - Processing file /Library/Frameworks/Python.framework/Versions/3.9/lib/python3.9/site-packages/airflow/example_dags/example_external_task_marker_dag.py for tasks to queue
[2023-01-10T20:56:39.426-0500] {logging_mixin.py:137} INFO - [2023-01-10T20:56:39.426-0500] {dagbag.py:538} INFO - Filling up the DagBag from /Library/Frameworks/Python.framework/Versions/3.9/lib/python3.9/site-packages/airflow/example_dags/example_external_task_marker_dag.py
[2023-01-10T20:56:39.454-0500] {processor.py:753} INFO - DAG(s) dict_keys(['example_external_task_marker_child', 'example_external_task_marker_parent']) retrieved from /Library/Frameworks/Python.framework/Versions/3.9/lib/python3.9/site-packages/airflow/example_dags/example_external_task_marker_dag.py
[2023-01-10T20:56:40.229-0500] {logging_mixin.py:137} INFO - [2023-01-10T20:56:40.229-0500] {dag.py:2676} INFO - Sync 2 DAGs
[2023-01-10T20:56:40.244-0500] {logging_mixin.py:137} INFO - [2023-01-10T20:56:40.244-0500] {dag.py:3423} INFO - Setting next_dagrun for example_external_task_marker_child to None, run_after=None
[2023-01-10T20:56:40.246-0500] {logging_mixin.py:137} INFO - [2023-01-10T20:56:40.246-0500] {dag.py:3423} INFO - Setting next_dagrun for example_external_task_marker_parent to None, run_after=None
[2023-01-10T20:56:40.264-0500] {processor.py:175} INFO - Processing /Library/Frameworks/Python.framework/Versions/3.9/lib/python3.9/site-packages/airflow/example_dags/example_external_task_marker_dag.py took 0.845 seconds
[2023-01-10T21:00:04.876-0500] {processor.py:153} INFO - Started process (PID=4729) to work on /Library/Frameworks/Python.framework/Versions/3.9/lib/python3.9/site-packages/airflow/example_dags/example_external_task_marker_dag.py
[2023-01-10T21:00:04.882-0500] {processor.py:743} INFO - Processing file /Library/Frameworks/Python.framework/Versions/3.9/lib/python3.9/site-packages/airflow/example_dags/example_external_task_marker_dag.py for tasks to queue
[2023-01-10T21:00:04.882-0500] {logging_mixin.py:137} INFO - [2023-01-10T21:00:04.882-0500] {dagbag.py:538} INFO - Filling up the DagBag from /Library/Frameworks/Python.framework/Versions/3.9/lib/python3.9/site-packages/airflow/example_dags/example_external_task_marker_dag.py
[2023-01-10T21:00:04.909-0500] {processor.py:753} INFO - DAG(s) dict_keys(['example_external_task_marker_parent', 'example_external_task_marker_child']) retrieved from /Library/Frameworks/Python.framework/Versions/3.9/lib/python3.9/site-packages/airflow/example_dags/example_external_task_marker_dag.py
[2023-01-10T21:00:05.668-0500] {logging_mixin.py:137} INFO - [2023-01-10T21:00:05.668-0500] {dag.py:2676} INFO - Sync 2 DAGs
[2023-01-10T21:00:05.683-0500] {logging_mixin.py:137} INFO - [2023-01-10T21:00:05.683-0500] {dag.py:3423} INFO - Setting next_dagrun for example_external_task_marker_child to None, run_after=None
[2023-01-10T21:00:05.686-0500] {logging_mixin.py:137} INFO - [2023-01-10T21:00:05.685-0500] {dag.py:3423} INFO - Setting next_dagrun for example_external_task_marker_parent to None, run_after=None
[2023-01-10T21:00:05.702-0500] {processor.py:175} INFO - Processing /Library/Frameworks/Python.framework/Versions/3.9/lib/python3.9/site-packages/airflow/example_dags/example_external_task_marker_dag.py took 0.827 seconds
[2023-01-10T21:03:03.394-0500] {processor.py:153} INFO - Started process (PID=4802) to work on /Library/Frameworks/Python.framework/Versions/3.9/lib/python3.9/site-packages/airflow/example_dags/example_external_task_marker_dag.py
[2023-01-10T21:03:03.400-0500] {processor.py:743} INFO - Processing file /Library/Frameworks/Python.framework/Versions/3.9/lib/python3.9/site-packages/airflow/example_dags/example_external_task_marker_dag.py for tasks to queue
[2023-01-10T21:03:03.401-0500] {logging_mixin.py:137} INFO - [2023-01-10T21:03:03.400-0500] {dagbag.py:538} INFO - Filling up the DagBag from /Library/Frameworks/Python.framework/Versions/3.9/lib/python3.9/site-packages/airflow/example_dags/example_external_task_marker_dag.py
[2023-01-10T21:03:03.429-0500] {processor.py:753} INFO - DAG(s) dict_keys(['example_external_task_marker_child', 'example_external_task_marker_parent']) retrieved from /Library/Frameworks/Python.framework/Versions/3.9/lib/python3.9/site-packages/airflow/example_dags/example_external_task_marker_dag.py
[2023-01-10T21:03:04.218-0500] {logging_mixin.py:137} INFO - [2023-01-10T21:03:04.217-0500] {dag.py:2676} INFO - Sync 2 DAGs
[2023-01-10T21:03:04.234-0500] {logging_mixin.py:137} INFO - [2023-01-10T21:03:04.234-0500] {dag.py:3423} INFO - Setting next_dagrun for example_external_task_marker_child to None, run_after=None
[2023-01-10T21:03:04.237-0500] {logging_mixin.py:137} INFO - [2023-01-10T21:03:04.236-0500] {dag.py:3423} INFO - Setting next_dagrun for example_external_task_marker_parent to None, run_after=None
[2023-01-10T21:03:04.255-0500] {processor.py:175} INFO - Processing /Library/Frameworks/Python.framework/Versions/3.9/lib/python3.9/site-packages/airflow/example_dags/example_external_task_marker_dag.py took 0.862 seconds
[2023-01-10T21:06:12.626-0500] {processor.py:153} INFO - Started process (PID=4996) to work on /Library/Frameworks/Python.framework/Versions/3.9/lib/python3.9/site-packages/airflow/example_dags/example_external_task_marker_dag.py
[2023-01-10T21:06:12.631-0500] {processor.py:743} INFO - Processing file /Library/Frameworks/Python.framework/Versions/3.9/lib/python3.9/site-packages/airflow/example_dags/example_external_task_marker_dag.py for tasks to queue
[2023-01-10T21:06:12.632-0500] {logging_mixin.py:137} INFO - [2023-01-10T21:06:12.632-0500] {dagbag.py:538} INFO - Filling up the DagBag from /Library/Frameworks/Python.framework/Versions/3.9/lib/python3.9/site-packages/airflow/example_dags/example_external_task_marker_dag.py
[2023-01-10T21:06:12.662-0500] {processor.py:753} INFO - DAG(s) dict_keys(['example_external_task_marker_child', 'example_external_task_marker_parent']) retrieved from /Library/Frameworks/Python.framework/Versions/3.9/lib/python3.9/site-packages/airflow/example_dags/example_external_task_marker_dag.py
[2023-01-10T21:06:13.445-0500] {logging_mixin.py:137} INFO - [2023-01-10T21:06:13.444-0500] {dag.py:2676} INFO - Sync 2 DAGs
[2023-01-10T21:06:13.460-0500] {logging_mixin.py:137} INFO - [2023-01-10T21:06:13.460-0500] {dag.py:3423} INFO - Setting next_dagrun for example_external_task_marker_child to None, run_after=None
[2023-01-10T21:06:13.462-0500] {logging_mixin.py:137} INFO - [2023-01-10T21:06:13.462-0500] {dag.py:3423} INFO - Setting next_dagrun for example_external_task_marker_parent to None, run_after=None
[2023-01-10T21:06:13.479-0500] {processor.py:175} INFO - Processing /Library/Frameworks/Python.framework/Versions/3.9/lib/python3.9/site-packages/airflow/example_dags/example_external_task_marker_dag.py took 0.854 seconds
[2023-01-10T21:09:19.078-0500] {processor.py:153} INFO - Started process (PID=5091) to work on /Library/Frameworks/Python.framework/Versions/3.9/lib/python3.9/site-packages/airflow/example_dags/example_external_task_marker_dag.py
[2023-01-10T21:09:19.084-0500] {processor.py:743} INFO - Processing file /Library/Frameworks/Python.framework/Versions/3.9/lib/python3.9/site-packages/airflow/example_dags/example_external_task_marker_dag.py for tasks to queue
[2023-01-10T21:09:19.084-0500] {logging_mixin.py:137} INFO - [2023-01-10T21:09:19.084-0500] {dagbag.py:538} INFO - Filling up the DagBag from /Library/Frameworks/Python.framework/Versions/3.9/lib/python3.9/site-packages/airflow/example_dags/example_external_task_marker_dag.py
[2023-01-10T21:09:19.114-0500] {processor.py:753} INFO - DAG(s) dict_keys(['example_external_task_marker_parent', 'example_external_task_marker_child']) retrieved from /Library/Frameworks/Python.framework/Versions/3.9/lib/python3.9/site-packages/airflow/example_dags/example_external_task_marker_dag.py
[2023-01-10T21:09:19.942-0500] {logging_mixin.py:137} INFO - [2023-01-10T21:09:19.942-0500] {dag.py:2676} INFO - Sync 2 DAGs
[2023-01-10T21:09:19.957-0500] {logging_mixin.py:137} INFO - [2023-01-10T21:09:19.957-0500] {dag.py:3423} INFO - Setting next_dagrun for example_external_task_marker_child to None, run_after=None
[2023-01-10T21:09:19.959-0500] {logging_mixin.py:137} INFO - [2023-01-10T21:09:19.959-0500] {dag.py:3423} INFO - Setting next_dagrun for example_external_task_marker_parent to None, run_after=None
[2023-01-10T21:09:19.977-0500] {processor.py:175} INFO - Processing /Library/Frameworks/Python.framework/Versions/3.9/lib/python3.9/site-packages/airflow/example_dags/example_external_task_marker_dag.py took 0.900 seconds
[2023-01-10T21:12:24.496-0500] {processor.py:153} INFO - Started process (PID=5198) to work on /Library/Frameworks/Python.framework/Versions/3.9/lib/python3.9/site-packages/airflow/example_dags/example_external_task_marker_dag.py
[2023-01-10T21:12:24.501-0500] {processor.py:743} INFO - Processing file /Library/Frameworks/Python.framework/Versions/3.9/lib/python3.9/site-packages/airflow/example_dags/example_external_task_marker_dag.py for tasks to queue
[2023-01-10T21:12:24.501-0500] {logging_mixin.py:137} INFO - [2023-01-10T21:12:24.501-0500] {dagbag.py:538} INFO - Filling up the DagBag from /Library/Frameworks/Python.framework/Versions/3.9/lib/python3.9/site-packages/airflow/example_dags/example_external_task_marker_dag.py
[2023-01-10T21:12:24.529-0500] {processor.py:753} INFO - DAG(s) dict_keys(['example_external_task_marker_child', 'example_external_task_marker_parent']) retrieved from /Library/Frameworks/Python.framework/Versions/3.9/lib/python3.9/site-packages/airflow/example_dags/example_external_task_marker_dag.py
[2023-01-10T21:12:25.286-0500] {logging_mixin.py:137} INFO - [2023-01-10T21:12:25.286-0500] {dag.py:2676} INFO - Sync 2 DAGs
[2023-01-10T21:12:25.302-0500] {logging_mixin.py:137} INFO - [2023-01-10T21:12:25.302-0500] {dag.py:3423} INFO - Setting next_dagrun for example_external_task_marker_child to None, run_after=None
[2023-01-10T21:12:25.304-0500] {logging_mixin.py:137} INFO - [2023-01-10T21:12:25.304-0500] {dag.py:3423} INFO - Setting next_dagrun for example_external_task_marker_parent to None, run_after=None
[2023-01-10T21:12:25.321-0500] {processor.py:175} INFO - Processing /Library/Frameworks/Python.framework/Versions/3.9/lib/python3.9/site-packages/airflow/example_dags/example_external_task_marker_dag.py took 0.826 seconds
[2023-01-10T21:15:25.021-0500] {processor.py:153} INFO - Started process (PID=5325) to work on /Library/Frameworks/Python.framework/Versions/3.9/lib/python3.9/site-packages/airflow/example_dags/example_external_task_marker_dag.py
[2023-01-10T21:15:25.026-0500] {processor.py:743} INFO - Processing file /Library/Frameworks/Python.framework/Versions/3.9/lib/python3.9/site-packages/airflow/example_dags/example_external_task_marker_dag.py for tasks to queue
[2023-01-10T21:15:25.027-0500] {logging_mixin.py:137} INFO - [2023-01-10T21:15:25.027-0500] {dagbag.py:538} INFO - Filling up the DagBag from /Library/Frameworks/Python.framework/Versions/3.9/lib/python3.9/site-packages/airflow/example_dags/example_external_task_marker_dag.py
[2023-01-10T21:15:25.056-0500] {processor.py:753} INFO - DAG(s) dict_keys(['example_external_task_marker_child', 'example_external_task_marker_parent']) retrieved from /Library/Frameworks/Python.framework/Versions/3.9/lib/python3.9/site-packages/airflow/example_dags/example_external_task_marker_dag.py
[2023-01-10T21:15:26.061-0500] {logging_mixin.py:137} INFO - [2023-01-10T21:15:26.060-0500] {dag.py:2676} INFO - Sync 2 DAGs
[2023-01-10T21:15:26.077-0500] {logging_mixin.py:137} INFO - [2023-01-10T21:15:26.077-0500] {dag.py:3423} INFO - Setting next_dagrun for example_external_task_marker_child to None, run_after=None
[2023-01-10T21:15:26.080-0500] {logging_mixin.py:137} INFO - [2023-01-10T21:15:26.079-0500] {dag.py:3423} INFO - Setting next_dagrun for example_external_task_marker_parent to None, run_after=None
[2023-01-10T21:15:26.096-0500] {processor.py:175} INFO - Processing /Library/Frameworks/Python.framework/Versions/3.9/lib/python3.9/site-packages/airflow/example_dags/example_external_task_marker_dag.py took 1.075 seconds
[2023-01-10T21:18:43.933-0500] {processor.py:153} INFO - Started process (PID=5410) to work on /Library/Frameworks/Python.framework/Versions/3.9/lib/python3.9/site-packages/airflow/example_dags/example_external_task_marker_dag.py
[2023-01-10T21:18:43.939-0500] {processor.py:743} INFO - Processing file /Library/Frameworks/Python.framework/Versions/3.9/lib/python3.9/site-packages/airflow/example_dags/example_external_task_marker_dag.py for tasks to queue
[2023-01-10T21:18:43.939-0500] {logging_mixin.py:137} INFO - [2023-01-10T21:18:43.939-0500] {dagbag.py:538} INFO - Filling up the DagBag from /Library/Frameworks/Python.framework/Versions/3.9/lib/python3.9/site-packages/airflow/example_dags/example_external_task_marker_dag.py
[2023-01-10T21:18:43.976-0500] {processor.py:753} INFO - DAG(s) dict_keys(['example_external_task_marker_parent', 'example_external_task_marker_child']) retrieved from /Library/Frameworks/Python.framework/Versions/3.9/lib/python3.9/site-packages/airflow/example_dags/example_external_task_marker_dag.py
[2023-01-10T21:18:44.818-0500] {logging_mixin.py:137} INFO - [2023-01-10T21:18:44.818-0500] {dag.py:2676} INFO - Sync 2 DAGs
[2023-01-10T21:18:44.832-0500] {logging_mixin.py:137} INFO - [2023-01-10T21:18:44.832-0500] {dag.py:3423} INFO - Setting next_dagrun for example_external_task_marker_child to None, run_after=None
[2023-01-10T21:18:44.834-0500] {logging_mixin.py:137} INFO - [2023-01-10T21:18:44.834-0500] {dag.py:3423} INFO - Setting next_dagrun for example_external_task_marker_parent to None, run_after=None
[2023-01-10T21:18:44.855-0500] {processor.py:175} INFO - Processing /Library/Frameworks/Python.framework/Versions/3.9/lib/python3.9/site-packages/airflow/example_dags/example_external_task_marker_dag.py took 0.923 seconds
[2023-01-10T22:22:10.321-0500] {processor.py:153} INFO - Started process (PID=6216) to work on /Library/Frameworks/Python.framework/Versions/3.9/lib/python3.9/site-packages/airflow/example_dags/example_external_task_marker_dag.py
[2023-01-10T22:22:10.330-0500] {processor.py:743} INFO - Processing file /Library/Frameworks/Python.framework/Versions/3.9/lib/python3.9/site-packages/airflow/example_dags/example_external_task_marker_dag.py for tasks to queue
[2023-01-10T22:22:10.331-0500] {logging_mixin.py:137} INFO - [2023-01-10T22:22:10.330-0500] {dagbag.py:538} INFO - Filling up the DagBag from /Library/Frameworks/Python.framework/Versions/3.9/lib/python3.9/site-packages/airflow/example_dags/example_external_task_marker_dag.py
[2023-01-10T22:22:10.591-0500] {processor.py:753} INFO - DAG(s) dict_keys(['example_external_task_marker_parent', 'example_external_task_marker_child']) retrieved from /Library/Frameworks/Python.framework/Versions/3.9/lib/python3.9/site-packages/airflow/example_dags/example_external_task_marker_dag.py
[2023-01-10T22:22:12.326-0500] {logging_mixin.py:137} INFO - [2023-01-10T22:22:12.326-0500] {dag.py:2676} INFO - Sync 2 DAGs
[2023-01-10T22:22:12.369-0500] {logging_mixin.py:137} INFO - [2023-01-10T22:22:12.369-0500] {dag.py:3423} INFO - Setting next_dagrun for example_external_task_marker_child to None, run_after=None
[2023-01-10T22:22:12.374-0500] {logging_mixin.py:137} INFO - [2023-01-10T22:22:12.374-0500] {dag.py:3423} INFO - Setting next_dagrun for example_external_task_marker_parent to None, run_after=None
[2023-01-10T22:22:12.402-0500] {processor.py:175} INFO - Processing /Library/Frameworks/Python.framework/Versions/3.9/lib/python3.9/site-packages/airflow/example_dags/example_external_task_marker_dag.py took 2.083 seconds
[2023-01-10T22:25:36.537-0500] {processor.py:153} INFO - Started process (PID=6317) to work on /Library/Frameworks/Python.framework/Versions/3.9/lib/python3.9/site-packages/airflow/example_dags/example_external_task_marker_dag.py
[2023-01-10T22:25:36.546-0500] {processor.py:743} INFO - Processing file /Library/Frameworks/Python.framework/Versions/3.9/lib/python3.9/site-packages/airflow/example_dags/example_external_task_marker_dag.py for tasks to queue
[2023-01-10T22:25:36.547-0500] {logging_mixin.py:137} INFO - [2023-01-10T22:25:36.547-0500] {dagbag.py:538} INFO - Filling up the DagBag from /Library/Frameworks/Python.framework/Versions/3.9/lib/python3.9/site-packages/airflow/example_dags/example_external_task_marker_dag.py
[2023-01-10T22:25:36.599-0500] {processor.py:753} INFO - DAG(s) dict_keys(['example_external_task_marker_parent', 'example_external_task_marker_child']) retrieved from /Library/Frameworks/Python.framework/Versions/3.9/lib/python3.9/site-packages/airflow/example_dags/example_external_task_marker_dag.py
[2023-01-10T22:25:38.169-0500] {logging_mixin.py:137} INFO - [2023-01-10T22:25:38.168-0500] {dag.py:2676} INFO - Sync 2 DAGs
[2023-01-10T22:25:38.198-0500] {logging_mixin.py:137} INFO - [2023-01-10T22:25:38.198-0500] {dag.py:3423} INFO - Setting next_dagrun for example_external_task_marker_child to None, run_after=None
[2023-01-10T22:25:38.203-0500] {logging_mixin.py:137} INFO - [2023-01-10T22:25:38.203-0500] {dag.py:3423} INFO - Setting next_dagrun for example_external_task_marker_parent to None, run_after=None
[2023-01-10T22:25:38.233-0500] {processor.py:175} INFO - Processing /Library/Frameworks/Python.framework/Versions/3.9/lib/python3.9/site-packages/airflow/example_dags/example_external_task_marker_dag.py took 1.697 seconds
[2023-01-11T11:18:17.184-0500] {processor.py:153} INFO - Started process (PID=7002) to work on /Library/Frameworks/Python.framework/Versions/3.9/lib/python3.9/site-packages/airflow/example_dags/example_external_task_marker_dag.py
[2023-01-11T11:18:17.189-0500] {processor.py:743} INFO - Processing file /Library/Frameworks/Python.framework/Versions/3.9/lib/python3.9/site-packages/airflow/example_dags/example_external_task_marker_dag.py for tasks to queue
[2023-01-11T11:18:17.190-0500] {logging_mixin.py:137} INFO - [2023-01-11T11:18:17.190-0500] {dagbag.py:538} INFO - Filling up the DagBag from /Library/Frameworks/Python.framework/Versions/3.9/lib/python3.9/site-packages/airflow/example_dags/example_external_task_marker_dag.py
[2023-01-11T11:18:17.219-0500] {processor.py:753} INFO - DAG(s) dict_keys(['example_external_task_marker_parent', 'example_external_task_marker_child']) retrieved from /Library/Frameworks/Python.framework/Versions/3.9/lib/python3.9/site-packages/airflow/example_dags/example_external_task_marker_dag.py
[2023-01-11T11:18:18.183-0500] {logging_mixin.py:137} INFO - [2023-01-11T11:18:18.182-0500] {dag.py:2676} INFO - Sync 2 DAGs
[2023-01-11T11:18:18.199-0500] {logging_mixin.py:137} INFO - [2023-01-11T11:18:18.198-0500] {dag.py:3423} INFO - Setting next_dagrun for example_external_task_marker_child to None, run_after=None
[2023-01-11T11:18:18.201-0500] {logging_mixin.py:137} INFO - [2023-01-11T11:18:18.201-0500] {dag.py:3423} INFO - Setting next_dagrun for example_external_task_marker_parent to None, run_after=None
[2023-01-11T11:18:18.217-0500] {processor.py:175} INFO - Processing /Library/Frameworks/Python.framework/Versions/3.9/lib/python3.9/site-packages/airflow/example_dags/example_external_task_marker_dag.py took 1.034 seconds
[2023-01-11T11:20:30.421-0500] {processor.py:153} INFO - Started process (PID=7172) to work on /Library/Frameworks/Python.framework/Versions/3.9/lib/python3.9/site-packages/airflow/example_dags/example_external_task_marker_dag.py
[2023-01-11T11:20:30.439-0500] {processor.py:743} INFO - Processing file /Library/Frameworks/Python.framework/Versions/3.9/lib/python3.9/site-packages/airflow/example_dags/example_external_task_marker_dag.py for tasks to queue
[2023-01-11T11:20:30.440-0500] {logging_mixin.py:137} INFO - [2023-01-11T11:20:30.440-0500] {dagbag.py:538} INFO - Filling up the DagBag from /Library/Frameworks/Python.framework/Versions/3.9/lib/python3.9/site-packages/airflow/example_dags/example_external_task_marker_dag.py
[2023-01-11T11:20:30.487-0500] {processor.py:753} INFO - DAG(s) dict_keys(['example_external_task_marker_parent', 'example_external_task_marker_child']) retrieved from /Library/Frameworks/Python.framework/Versions/3.9/lib/python3.9/site-packages/airflow/example_dags/example_external_task_marker_dag.py
[2023-01-11T11:20:31.673-0500] {logging_mixin.py:137} INFO - [2023-01-11T11:20:31.672-0500] {dag.py:2676} INFO - Sync 2 DAGs
[2023-01-11T11:20:31.705-0500] {logging_mixin.py:137} INFO - [2023-01-11T11:20:31.704-0500] {dag.py:3423} INFO - Setting next_dagrun for example_external_task_marker_child to None, run_after=None
[2023-01-11T11:20:31.711-0500] {logging_mixin.py:137} INFO - [2023-01-11T11:20:31.710-0500] {dag.py:3423} INFO - Setting next_dagrun for example_external_task_marker_parent to None, run_after=None
[2023-01-11T11:20:31.741-0500] {processor.py:175} INFO - Processing /Library/Frameworks/Python.framework/Versions/3.9/lib/python3.9/site-packages/airflow/example_dags/example_external_task_marker_dag.py took 1.321 seconds
[2023-01-11T11:23:51.258-0500] {processor.py:153} INFO - Started process (PID=7376) to work on /Library/Frameworks/Python.framework/Versions/3.9/lib/python3.9/site-packages/airflow/example_dags/example_external_task_marker_dag.py
[2023-01-11T11:23:51.265-0500] {processor.py:743} INFO - Processing file /Library/Frameworks/Python.framework/Versions/3.9/lib/python3.9/site-packages/airflow/example_dags/example_external_task_marker_dag.py for tasks to queue
[2023-01-11T11:23:51.266-0500] {logging_mixin.py:137} INFO - [2023-01-11T11:23:51.265-0500] {dagbag.py:538} INFO - Filling up the DagBag from /Library/Frameworks/Python.framework/Versions/3.9/lib/python3.9/site-packages/airflow/example_dags/example_external_task_marker_dag.py
[2023-01-11T11:23:51.297-0500] {processor.py:753} INFO - DAG(s) dict_keys(['example_external_task_marker_parent', 'example_external_task_marker_child']) retrieved from /Library/Frameworks/Python.framework/Versions/3.9/lib/python3.9/site-packages/airflow/example_dags/example_external_task_marker_dag.py
[2023-01-11T11:23:52.338-0500] {logging_mixin.py:137} INFO - [2023-01-11T11:23:52.338-0500] {dag.py:2676} INFO - Sync 2 DAGs
[2023-01-11T11:23:52.356-0500] {logging_mixin.py:137} INFO - [2023-01-11T11:23:52.356-0500] {dag.py:3423} INFO - Setting next_dagrun for example_external_task_marker_child to None, run_after=None
[2023-01-11T11:23:52.359-0500] {logging_mixin.py:137} INFO - [2023-01-11T11:23:52.359-0500] {dag.py:3423} INFO - Setting next_dagrun for example_external_task_marker_parent to None, run_after=None
[2023-01-11T11:23:52.379-0500] {processor.py:175} INFO - Processing /Library/Frameworks/Python.framework/Versions/3.9/lib/python3.9/site-packages/airflow/example_dags/example_external_task_marker_dag.py took 1.122 seconds
[2023-01-11T11:27:40.508-0500] {processor.py:153} INFO - Started process (PID=8234) to work on /Library/Frameworks/Python.framework/Versions/3.9/lib/python3.9/site-packages/airflow/example_dags/example_external_task_marker_dag.py
[2023-01-11T11:27:40.515-0500] {processor.py:743} INFO - Processing file /Library/Frameworks/Python.framework/Versions/3.9/lib/python3.9/site-packages/airflow/example_dags/example_external_task_marker_dag.py for tasks to queue
[2023-01-11T11:27:40.515-0500] {logging_mixin.py:137} INFO - [2023-01-11T11:27:40.515-0500] {dagbag.py:538} INFO - Filling up the DagBag from /Library/Frameworks/Python.framework/Versions/3.9/lib/python3.9/site-packages/airflow/example_dags/example_external_task_marker_dag.py
[2023-01-11T11:27:40.544-0500] {processor.py:753} INFO - DAG(s) dict_keys(['example_external_task_marker_parent', 'example_external_task_marker_child']) retrieved from /Library/Frameworks/Python.framework/Versions/3.9/lib/python3.9/site-packages/airflow/example_dags/example_external_task_marker_dag.py
[2023-01-11T11:27:41.501-0500] {logging_mixin.py:137} INFO - [2023-01-11T11:27:41.500-0500] {dag.py:2676} INFO - Sync 2 DAGs
[2023-01-11T11:27:41.526-0500] {logging_mixin.py:137} INFO - [2023-01-11T11:27:41.525-0500] {dag.py:3423} INFO - Setting next_dagrun for example_external_task_marker_child to None, run_after=None
[2023-01-11T11:27:41.529-0500] {logging_mixin.py:137} INFO - [2023-01-11T11:27:41.529-0500] {dag.py:3423} INFO - Setting next_dagrun for example_external_task_marker_parent to None, run_after=None
[2023-01-11T11:27:41.552-0500] {processor.py:175} INFO - Processing /Library/Frameworks/Python.framework/Versions/3.9/lib/python3.9/site-packages/airflow/example_dags/example_external_task_marker_dag.py took 1.044 seconds
[2023-01-11T11:30:57.049-0500] {processor.py:153} INFO - Started process (PID=8343) to work on /Library/Frameworks/Python.framework/Versions/3.9/lib/python3.9/site-packages/airflow/example_dags/example_external_task_marker_dag.py
[2023-01-11T11:30:57.055-0500] {processor.py:743} INFO - Processing file /Library/Frameworks/Python.framework/Versions/3.9/lib/python3.9/site-packages/airflow/example_dags/example_external_task_marker_dag.py for tasks to queue
[2023-01-11T11:30:57.056-0500] {logging_mixin.py:137} INFO - [2023-01-11T11:30:57.055-0500] {dagbag.py:538} INFO - Filling up the DagBag from /Library/Frameworks/Python.framework/Versions/3.9/lib/python3.9/site-packages/airflow/example_dags/example_external_task_marker_dag.py
[2023-01-11T11:30:57.087-0500] {processor.py:753} INFO - DAG(s) dict_keys(['example_external_task_marker_child', 'example_external_task_marker_parent']) retrieved from /Library/Frameworks/Python.framework/Versions/3.9/lib/python3.9/site-packages/airflow/example_dags/example_external_task_marker_dag.py
[2023-01-11T11:30:57.826-0500] {logging_mixin.py:137} INFO - [2023-01-11T11:30:57.825-0500] {dag.py:2676} INFO - Sync 2 DAGs
[2023-01-11T11:30:57.840-0500] {logging_mixin.py:137} INFO - [2023-01-11T11:30:57.840-0500] {dag.py:3423} INFO - Setting next_dagrun for example_external_task_marker_child to None, run_after=None
[2023-01-11T11:30:57.843-0500] {logging_mixin.py:137} INFO - [2023-01-11T11:30:57.842-0500] {dag.py:3423} INFO - Setting next_dagrun for example_external_task_marker_parent to None, run_after=None
[2023-01-11T11:30:57.864-0500] {processor.py:175} INFO - Processing /Library/Frameworks/Python.framework/Versions/3.9/lib/python3.9/site-packages/airflow/example_dags/example_external_task_marker_dag.py took 0.816 seconds
[2023-01-11T11:43:23.454-0500] {processor.py:153} INFO - Started process (PID=8770) to work on /Library/Frameworks/Python.framework/Versions/3.9/lib/python3.9/site-packages/airflow/example_dags/example_external_task_marker_dag.py
[2023-01-11T11:43:23.460-0500] {processor.py:743} INFO - Processing file /Library/Frameworks/Python.framework/Versions/3.9/lib/python3.9/site-packages/airflow/example_dags/example_external_task_marker_dag.py for tasks to queue
[2023-01-11T11:43:23.461-0500] {logging_mixin.py:137} INFO - [2023-01-11T11:43:23.460-0500] {dagbag.py:538} INFO - Filling up the DagBag from /Library/Frameworks/Python.framework/Versions/3.9/lib/python3.9/site-packages/airflow/example_dags/example_external_task_marker_dag.py
[2023-01-11T11:43:23.538-0500] {processor.py:753} INFO - DAG(s) dict_keys(['example_external_task_marker_child', 'example_external_task_marker_parent']) retrieved from /Library/Frameworks/Python.framework/Versions/3.9/lib/python3.9/site-packages/airflow/example_dags/example_external_task_marker_dag.py
[2023-01-11T11:43:24.591-0500] {logging_mixin.py:137} INFO - [2023-01-11T11:43:24.590-0500] {dag.py:2676} INFO - Sync 2 DAGs
[2023-01-11T11:43:24.607-0500] {logging_mixin.py:137} INFO - [2023-01-11T11:43:24.607-0500] {dag.py:3423} INFO - Setting next_dagrun for example_external_task_marker_child to None, run_after=None
[2023-01-11T11:43:24.609-0500] {logging_mixin.py:137} INFO - [2023-01-11T11:43:24.609-0500] {dag.py:3423} INFO - Setting next_dagrun for example_external_task_marker_parent to None, run_after=None
[2023-01-11T11:43:24.628-0500] {processor.py:175} INFO - Processing /Library/Frameworks/Python.framework/Versions/3.9/lib/python3.9/site-packages/airflow/example_dags/example_external_task_marker_dag.py took 1.174 seconds
[2023-01-11T11:46:54.453-0500] {processor.py:153} INFO - Started process (PID=8880) to work on /Library/Frameworks/Python.framework/Versions/3.9/lib/python3.9/site-packages/airflow/example_dags/example_external_task_marker_dag.py
[2023-01-11T11:46:54.459-0500] {processor.py:743} INFO - Processing file /Library/Frameworks/Python.framework/Versions/3.9/lib/python3.9/site-packages/airflow/example_dags/example_external_task_marker_dag.py for tasks to queue
[2023-01-11T11:46:54.459-0500] {logging_mixin.py:137} INFO - [2023-01-11T11:46:54.459-0500] {dagbag.py:538} INFO - Filling up the DagBag from /Library/Frameworks/Python.framework/Versions/3.9/lib/python3.9/site-packages/airflow/example_dags/example_external_task_marker_dag.py
[2023-01-11T11:46:54.487-0500] {processor.py:753} INFO - DAG(s) dict_keys(['example_external_task_marker_parent', 'example_external_task_marker_child']) retrieved from /Library/Frameworks/Python.framework/Versions/3.9/lib/python3.9/site-packages/airflow/example_dags/example_external_task_marker_dag.py
[2023-01-11T11:46:55.391-0500] {logging_mixin.py:137} INFO - [2023-01-11T11:46:55.390-0500] {dag.py:2676} INFO - Sync 2 DAGs
[2023-01-11T11:46:55.407-0500] {logging_mixin.py:137} INFO - [2023-01-11T11:46:55.407-0500] {dag.py:3423} INFO - Setting next_dagrun for example_external_task_marker_child to None, run_after=None
[2023-01-11T11:46:55.410-0500] {logging_mixin.py:137} INFO - [2023-01-11T11:46:55.409-0500] {dag.py:3423} INFO - Setting next_dagrun for example_external_task_marker_parent to None, run_after=None
[2023-01-11T11:46:55.430-0500] {processor.py:175} INFO - Processing /Library/Frameworks/Python.framework/Versions/3.9/lib/python3.9/site-packages/airflow/example_dags/example_external_task_marker_dag.py took 0.978 seconds
[2023-01-11T11:50:22.445-0500] {processor.py:153} INFO - Started process (PID=9129) to work on /Library/Frameworks/Python.framework/Versions/3.9/lib/python3.9/site-packages/airflow/example_dags/example_external_task_marker_dag.py
[2023-01-11T11:50:22.451-0500] {processor.py:743} INFO - Processing file /Library/Frameworks/Python.framework/Versions/3.9/lib/python3.9/site-packages/airflow/example_dags/example_external_task_marker_dag.py for tasks to queue
[2023-01-11T11:50:22.452-0500] {logging_mixin.py:137} INFO - [2023-01-11T11:50:22.452-0500] {dagbag.py:538} INFO - Filling up the DagBag from /Library/Frameworks/Python.framework/Versions/3.9/lib/python3.9/site-packages/airflow/example_dags/example_external_task_marker_dag.py
[2023-01-11T11:50:22.487-0500] {processor.py:753} INFO - DAG(s) dict_keys(['example_external_task_marker_child', 'example_external_task_marker_parent']) retrieved from /Library/Frameworks/Python.framework/Versions/3.9/lib/python3.9/site-packages/airflow/example_dags/example_external_task_marker_dag.py
[2023-01-11T11:50:23.333-0500] {logging_mixin.py:137} INFO - [2023-01-11T11:50:23.333-0500] {dag.py:2676} INFO - Sync 2 DAGs
[2023-01-11T11:50:23.348-0500] {logging_mixin.py:137} INFO - [2023-01-11T11:50:23.348-0500] {dag.py:3423} INFO - Setting next_dagrun for example_external_task_marker_child to None, run_after=None
[2023-01-11T11:50:23.351-0500] {logging_mixin.py:137} INFO - [2023-01-11T11:50:23.350-0500] {dag.py:3423} INFO - Setting next_dagrun for example_external_task_marker_parent to None, run_after=None
[2023-01-11T11:50:23.371-0500] {processor.py:175} INFO - Processing /Library/Frameworks/Python.framework/Versions/3.9/lib/python3.9/site-packages/airflow/example_dags/example_external_task_marker_dag.py took 0.927 seconds
[2023-01-11T11:53:46.140-0500] {processor.py:153} INFO - Started process (PID=9302) to work on /Library/Frameworks/Python.framework/Versions/3.9/lib/python3.9/site-packages/airflow/example_dags/example_external_task_marker_dag.py
[2023-01-11T11:53:46.146-0500] {processor.py:743} INFO - Processing file /Library/Frameworks/Python.framework/Versions/3.9/lib/python3.9/site-packages/airflow/example_dags/example_external_task_marker_dag.py for tasks to queue
[2023-01-11T11:53:46.146-0500] {logging_mixin.py:137} INFO - [2023-01-11T11:53:46.146-0500] {dagbag.py:538} INFO - Filling up the DagBag from /Library/Frameworks/Python.framework/Versions/3.9/lib/python3.9/site-packages/airflow/example_dags/example_external_task_marker_dag.py
[2023-01-11T11:53:46.175-0500] {processor.py:753} INFO - DAG(s) dict_keys(['example_external_task_marker_parent', 'example_external_task_marker_child']) retrieved from /Library/Frameworks/Python.framework/Versions/3.9/lib/python3.9/site-packages/airflow/example_dags/example_external_task_marker_dag.py
[2023-01-11T11:53:47.061-0500] {logging_mixin.py:137} INFO - [2023-01-11T11:53:47.060-0500] {dag.py:2676} INFO - Sync 2 DAGs
[2023-01-11T11:53:47.075-0500] {logging_mixin.py:137} INFO - [2023-01-11T11:53:47.075-0500] {dag.py:3423} INFO - Setting next_dagrun for example_external_task_marker_child to None, run_after=None
[2023-01-11T11:53:47.077-0500] {logging_mixin.py:137} INFO - [2023-01-11T11:53:47.077-0500] {dag.py:3423} INFO - Setting next_dagrun for example_external_task_marker_parent to None, run_after=None
[2023-01-11T11:53:47.097-0500] {processor.py:175} INFO - Processing /Library/Frameworks/Python.framework/Versions/3.9/lib/python3.9/site-packages/airflow/example_dags/example_external_task_marker_dag.py took 0.957 seconds
[2023-01-11T11:57:41.225-0500] {processor.py:153} INFO - Started process (PID=9422) to work on /Library/Frameworks/Python.framework/Versions/3.9/lib/python3.9/site-packages/airflow/example_dags/example_external_task_marker_dag.py
[2023-01-11T11:57:41.233-0500] {processor.py:743} INFO - Processing file /Library/Frameworks/Python.framework/Versions/3.9/lib/python3.9/site-packages/airflow/example_dags/example_external_task_marker_dag.py for tasks to queue
[2023-01-11T11:57:41.233-0500] {logging_mixin.py:137} INFO - [2023-01-11T11:57:41.233-0500] {dagbag.py:538} INFO - Filling up the DagBag from /Library/Frameworks/Python.framework/Versions/3.9/lib/python3.9/site-packages/airflow/example_dags/example_external_task_marker_dag.py
[2023-01-11T11:57:41.264-0500] {processor.py:753} INFO - DAG(s) dict_keys(['example_external_task_marker_child', 'example_external_task_marker_parent']) retrieved from /Library/Frameworks/Python.framework/Versions/3.9/lib/python3.9/site-packages/airflow/example_dags/example_external_task_marker_dag.py
[2023-01-11T11:57:42.097-0500] {logging_mixin.py:137} INFO - [2023-01-11T11:57:42.096-0500] {dag.py:2676} INFO - Sync 2 DAGs
[2023-01-11T11:57:42.112-0500] {logging_mixin.py:137} INFO - [2023-01-11T11:57:42.112-0500] {dag.py:3423} INFO - Setting next_dagrun for example_external_task_marker_child to None, run_after=None
[2023-01-11T11:57:42.114-0500] {logging_mixin.py:137} INFO - [2023-01-11T11:57:42.114-0500] {dag.py:3423} INFO - Setting next_dagrun for example_external_task_marker_parent to None, run_after=None
[2023-01-11T11:57:42.133-0500] {processor.py:175} INFO - Processing /Library/Frameworks/Python.framework/Versions/3.9/lib/python3.9/site-packages/airflow/example_dags/example_external_task_marker_dag.py took 0.909 seconds
[2023-01-11T12:01:04.725-0500] {processor.py:153} INFO - Started process (PID=9549) to work on /Library/Frameworks/Python.framework/Versions/3.9/lib/python3.9/site-packages/airflow/example_dags/example_external_task_marker_dag.py
[2023-01-11T12:01:04.731-0500] {processor.py:743} INFO - Processing file /Library/Frameworks/Python.framework/Versions/3.9/lib/python3.9/site-packages/airflow/example_dags/example_external_task_marker_dag.py for tasks to queue
[2023-01-11T12:01:04.732-0500] {logging_mixin.py:137} INFO - [2023-01-11T12:01:04.732-0500] {dagbag.py:538} INFO - Filling up the DagBag from /Library/Frameworks/Python.framework/Versions/3.9/lib/python3.9/site-packages/airflow/example_dags/example_external_task_marker_dag.py
[2023-01-11T12:01:04.767-0500] {processor.py:753} INFO - DAG(s) dict_keys(['example_external_task_marker_child', 'example_external_task_marker_parent']) retrieved from /Library/Frameworks/Python.framework/Versions/3.9/lib/python3.9/site-packages/airflow/example_dags/example_external_task_marker_dag.py
[2023-01-11T12:01:05.580-0500] {logging_mixin.py:137} INFO - [2023-01-11T12:01:05.580-0500] {dag.py:2676} INFO - Sync 2 DAGs
[2023-01-11T12:01:05.595-0500] {logging_mixin.py:137} INFO - [2023-01-11T12:01:05.595-0500] {dag.py:3423} INFO - Setting next_dagrun for example_external_task_marker_child to None, run_after=None
[2023-01-11T12:01:05.598-0500] {logging_mixin.py:137} INFO - [2023-01-11T12:01:05.597-0500] {dag.py:3423} INFO - Setting next_dagrun for example_external_task_marker_parent to None, run_after=None
[2023-01-11T12:01:05.616-0500] {processor.py:175} INFO - Processing /Library/Frameworks/Python.framework/Versions/3.9/lib/python3.9/site-packages/airflow/example_dags/example_external_task_marker_dag.py took 0.892 seconds
[2023-01-11T12:04:23.016-0500] {processor.py:153} INFO - Started process (PID=9723) to work on /Library/Frameworks/Python.framework/Versions/3.9/lib/python3.9/site-packages/airflow/example_dags/example_external_task_marker_dag.py
[2023-01-11T12:04:23.021-0500] {processor.py:743} INFO - Processing file /Library/Frameworks/Python.framework/Versions/3.9/lib/python3.9/site-packages/airflow/example_dags/example_external_task_marker_dag.py for tasks to queue
[2023-01-11T12:04:23.022-0500] {logging_mixin.py:137} INFO - [2023-01-11T12:04:23.022-0500] {dagbag.py:538} INFO - Filling up the DagBag from /Library/Frameworks/Python.framework/Versions/3.9/lib/python3.9/site-packages/airflow/example_dags/example_external_task_marker_dag.py
[2023-01-11T12:04:23.051-0500] {processor.py:753} INFO - DAG(s) dict_keys(['example_external_task_marker_parent', 'example_external_task_marker_child']) retrieved from /Library/Frameworks/Python.framework/Versions/3.9/lib/python3.9/site-packages/airflow/example_dags/example_external_task_marker_dag.py
[2023-01-11T12:04:23.850-0500] {logging_mixin.py:137} INFO - [2023-01-11T12:04:23.850-0500] {dag.py:2676} INFO - Sync 2 DAGs
[2023-01-11T12:04:23.866-0500] {logging_mixin.py:137} INFO - [2023-01-11T12:04:23.866-0500] {dag.py:3423} INFO - Setting next_dagrun for example_external_task_marker_child to None, run_after=None
[2023-01-11T12:04:23.868-0500] {logging_mixin.py:137} INFO - [2023-01-11T12:04:23.868-0500] {dag.py:3423} INFO - Setting next_dagrun for example_external_task_marker_parent to None, run_after=None
[2023-01-11T12:04:23.884-0500] {processor.py:175} INFO - Processing /Library/Frameworks/Python.framework/Versions/3.9/lib/python3.9/site-packages/airflow/example_dags/example_external_task_marker_dag.py took 0.869 seconds
[2023-01-11T12:07:45.837-0500] {processor.py:153} INFO - Started process (PID=9816) to work on /Library/Frameworks/Python.framework/Versions/3.9/lib/python3.9/site-packages/airflow/example_dags/example_external_task_marker_dag.py
[2023-01-11T12:07:45.843-0500] {processor.py:743} INFO - Processing file /Library/Frameworks/Python.framework/Versions/3.9/lib/python3.9/site-packages/airflow/example_dags/example_external_task_marker_dag.py for tasks to queue
[2023-01-11T12:07:45.843-0500] {logging_mixin.py:137} INFO - [2023-01-11T12:07:45.843-0500] {dagbag.py:538} INFO - Filling up the DagBag from /Library/Frameworks/Python.framework/Versions/3.9/lib/python3.9/site-packages/airflow/example_dags/example_external_task_marker_dag.py
[2023-01-11T12:07:45.871-0500] {processor.py:753} INFO - DAG(s) dict_keys(['example_external_task_marker_child', 'example_external_task_marker_parent']) retrieved from /Library/Frameworks/Python.framework/Versions/3.9/lib/python3.9/site-packages/airflow/example_dags/example_external_task_marker_dag.py
[2023-01-11T12:07:46.695-0500] {logging_mixin.py:137} INFO - [2023-01-11T12:07:46.694-0500] {dag.py:2676} INFO - Sync 2 DAGs
[2023-01-11T12:07:46.710-0500] {logging_mixin.py:137} INFO - [2023-01-11T12:07:46.710-0500] {dag.py:3423} INFO - Setting next_dagrun for example_external_task_marker_child to None, run_after=None
[2023-01-11T12:07:46.713-0500] {logging_mixin.py:137} INFO - [2023-01-11T12:07:46.713-0500] {dag.py:3423} INFO - Setting next_dagrun for example_external_task_marker_parent to None, run_after=None
[2023-01-11T12:07:46.752-0500] {processor.py:175} INFO - Processing /Library/Frameworks/Python.framework/Versions/3.9/lib/python3.9/site-packages/airflow/example_dags/example_external_task_marker_dag.py took 0.916 seconds
[2023-01-11T12:11:07.579-0500] {processor.py:153} INFO - Started process (PID=9912) to work on /Library/Frameworks/Python.framework/Versions/3.9/lib/python3.9/site-packages/airflow/example_dags/example_external_task_marker_dag.py
[2023-01-11T12:11:07.585-0500] {processor.py:743} INFO - Processing file /Library/Frameworks/Python.framework/Versions/3.9/lib/python3.9/site-packages/airflow/example_dags/example_external_task_marker_dag.py for tasks to queue
[2023-01-11T12:11:07.586-0500] {logging_mixin.py:137} INFO - [2023-01-11T12:11:07.585-0500] {dagbag.py:538} INFO - Filling up the DagBag from /Library/Frameworks/Python.framework/Versions/3.9/lib/python3.9/site-packages/airflow/example_dags/example_external_task_marker_dag.py
[2023-01-11T12:11:07.615-0500] {processor.py:753} INFO - DAG(s) dict_keys(['example_external_task_marker_child', 'example_external_task_marker_parent']) retrieved from /Library/Frameworks/Python.framework/Versions/3.9/lib/python3.9/site-packages/airflow/example_dags/example_external_task_marker_dag.py
[2023-01-11T12:11:08.451-0500] {logging_mixin.py:137} INFO - [2023-01-11T12:11:08.451-0500] {dag.py:2676} INFO - Sync 2 DAGs
[2023-01-11T12:11:08.466-0500] {logging_mixin.py:137} INFO - [2023-01-11T12:11:08.466-0500] {dag.py:3423} INFO - Setting next_dagrun for example_external_task_marker_child to None, run_after=None
[2023-01-11T12:11:08.468-0500] {logging_mixin.py:137} INFO - [2023-01-11T12:11:08.468-0500] {dag.py:3423} INFO - Setting next_dagrun for example_external_task_marker_parent to None, run_after=None
[2023-01-11T12:11:08.487-0500] {processor.py:175} INFO - Processing /Library/Frameworks/Python.framework/Versions/3.9/lib/python3.9/site-packages/airflow/example_dags/example_external_task_marker_dag.py took 0.909 seconds
[2023-01-11T12:14:28.110-0500] {processor.py:153} INFO - Started process (PID=10050) to work on /Library/Frameworks/Python.framework/Versions/3.9/lib/python3.9/site-packages/airflow/example_dags/example_external_task_marker_dag.py
[2023-01-11T12:14:28.116-0500] {processor.py:743} INFO - Processing file /Library/Frameworks/Python.framework/Versions/3.9/lib/python3.9/site-packages/airflow/example_dags/example_external_task_marker_dag.py for tasks to queue
[2023-01-11T12:14:28.116-0500] {logging_mixin.py:137} INFO - [2023-01-11T12:14:28.116-0500] {dagbag.py:538} INFO - Filling up the DagBag from /Library/Frameworks/Python.framework/Versions/3.9/lib/python3.9/site-packages/airflow/example_dags/example_external_task_marker_dag.py
[2023-01-11T12:14:28.148-0500] {processor.py:753} INFO - DAG(s) dict_keys(['example_external_task_marker_child', 'example_external_task_marker_parent']) retrieved from /Library/Frameworks/Python.framework/Versions/3.9/lib/python3.9/site-packages/airflow/example_dags/example_external_task_marker_dag.py
[2023-01-11T12:14:29.056-0500] {logging_mixin.py:137} INFO - [2023-01-11T12:14:29.055-0500] {dag.py:2676} INFO - Sync 2 DAGs
[2023-01-11T12:14:29.071-0500] {logging_mixin.py:137} INFO - [2023-01-11T12:14:29.071-0500] {dag.py:3423} INFO - Setting next_dagrun for example_external_task_marker_child to None, run_after=None
[2023-01-11T12:14:29.073-0500] {logging_mixin.py:137} INFO - [2023-01-11T12:14:29.073-0500] {dag.py:3423} INFO - Setting next_dagrun for example_external_task_marker_parent to None, run_after=None
[2023-01-11T12:14:29.095-0500] {processor.py:175} INFO - Processing /Library/Frameworks/Python.framework/Versions/3.9/lib/python3.9/site-packages/airflow/example_dags/example_external_task_marker_dag.py took 0.987 seconds
[2023-01-11T12:17:53.847-0500] {processor.py:153} INFO - Started process (PID=10224) to work on /Library/Frameworks/Python.framework/Versions/3.9/lib/python3.9/site-packages/airflow/example_dags/example_external_task_marker_dag.py
[2023-01-11T12:17:53.852-0500] {processor.py:743} INFO - Processing file /Library/Frameworks/Python.framework/Versions/3.9/lib/python3.9/site-packages/airflow/example_dags/example_external_task_marker_dag.py for tasks to queue
[2023-01-11T12:17:53.853-0500] {logging_mixin.py:137} INFO - [2023-01-11T12:17:53.853-0500] {dagbag.py:538} INFO - Filling up the DagBag from /Library/Frameworks/Python.framework/Versions/3.9/lib/python3.9/site-packages/airflow/example_dags/example_external_task_marker_dag.py
[2023-01-11T12:17:53.881-0500] {processor.py:753} INFO - DAG(s) dict_keys(['example_external_task_marker_parent', 'example_external_task_marker_child']) retrieved from /Library/Frameworks/Python.framework/Versions/3.9/lib/python3.9/site-packages/airflow/example_dags/example_external_task_marker_dag.py
[2023-01-11T12:17:54.741-0500] {logging_mixin.py:137} INFO - [2023-01-11T12:17:54.741-0500] {dag.py:2676} INFO - Sync 2 DAGs
[2023-01-11T12:17:54.758-0500] {logging_mixin.py:137} INFO - [2023-01-11T12:17:54.758-0500] {dag.py:3423} INFO - Setting next_dagrun for example_external_task_marker_child to None, run_after=None
[2023-01-11T12:17:54.760-0500] {logging_mixin.py:137} INFO - [2023-01-11T12:17:54.760-0500] {dag.py:3423} INFO - Setting next_dagrun for example_external_task_marker_parent to None, run_after=None
[2023-01-11T12:17:54.778-0500] {processor.py:175} INFO - Processing /Library/Frameworks/Python.framework/Versions/3.9/lib/python3.9/site-packages/airflow/example_dags/example_external_task_marker_dag.py took 0.932 seconds
[2023-01-11T12:21:20.488-0500] {processor.py:153} INFO - Started process (PID=10343) to work on /Library/Frameworks/Python.framework/Versions/3.9/lib/python3.9/site-packages/airflow/example_dags/example_external_task_marker_dag.py
[2023-01-11T12:21:20.494-0500] {processor.py:743} INFO - Processing file /Library/Frameworks/Python.framework/Versions/3.9/lib/python3.9/site-packages/airflow/example_dags/example_external_task_marker_dag.py for tasks to queue
[2023-01-11T12:21:20.494-0500] {logging_mixin.py:137} INFO - [2023-01-11T12:21:20.494-0500] {dagbag.py:538} INFO - Filling up the DagBag from /Library/Frameworks/Python.framework/Versions/3.9/lib/python3.9/site-packages/airflow/example_dags/example_external_task_marker_dag.py
[2023-01-11T12:21:20.521-0500] {processor.py:753} INFO - DAG(s) dict_keys(['example_external_task_marker_child', 'example_external_task_marker_parent']) retrieved from /Library/Frameworks/Python.framework/Versions/3.9/lib/python3.9/site-packages/airflow/example_dags/example_external_task_marker_dag.py
[2023-01-11T12:21:21.273-0500] {logging_mixin.py:137} INFO - [2023-01-11T12:21:21.273-0500] {dag.py:2676} INFO - Sync 2 DAGs
[2023-01-11T12:21:21.289-0500] {logging_mixin.py:137} INFO - [2023-01-11T12:21:21.289-0500] {dag.py:3423} INFO - Setting next_dagrun for example_external_task_marker_child to None, run_after=None
[2023-01-11T12:21:21.291-0500] {logging_mixin.py:137} INFO - [2023-01-11T12:21:21.291-0500] {dag.py:3423} INFO - Setting next_dagrun for example_external_task_marker_parent to None, run_after=None
[2023-01-11T12:21:21.311-0500] {processor.py:175} INFO - Processing /Library/Frameworks/Python.framework/Versions/3.9/lib/python3.9/site-packages/airflow/example_dags/example_external_task_marker_dag.py took 0.824 seconds
[2023-01-11T16:21:54.561-0500] {processor.py:153} INFO - Started process (PID=11114) to work on /Library/Frameworks/Python.framework/Versions/3.9/lib/python3.9/site-packages/airflow/example_dags/example_external_task_marker_dag.py
[2023-01-11T16:21:54.566-0500] {processor.py:743} INFO - Processing file /Library/Frameworks/Python.framework/Versions/3.9/lib/python3.9/site-packages/airflow/example_dags/example_external_task_marker_dag.py for tasks to queue
[2023-01-11T16:21:54.567-0500] {logging_mixin.py:137} INFO - [2023-01-11T16:21:54.567-0500] {dagbag.py:538} INFO - Filling up the DagBag from /Library/Frameworks/Python.framework/Versions/3.9/lib/python3.9/site-packages/airflow/example_dags/example_external_task_marker_dag.py
[2023-01-11T16:21:54.594-0500] {processor.py:753} INFO - DAG(s) dict_keys(['example_external_task_marker_parent', 'example_external_task_marker_child']) retrieved from /Library/Frameworks/Python.framework/Versions/3.9/lib/python3.9/site-packages/airflow/example_dags/example_external_task_marker_dag.py
[2023-01-11T16:21:55.575-0500] {logging_mixin.py:137} INFO - [2023-01-11T16:21:55.575-0500] {dag.py:2676} INFO - Sync 2 DAGs
[2023-01-11T16:21:55.591-0500] {logging_mixin.py:137} INFO - [2023-01-11T16:21:55.591-0500] {dag.py:3423} INFO - Setting next_dagrun for example_external_task_marker_child to None, run_after=None
[2023-01-11T16:21:55.594-0500] {logging_mixin.py:137} INFO - [2023-01-11T16:21:55.594-0500] {dag.py:3423} INFO - Setting next_dagrun for example_external_task_marker_parent to None, run_after=None
[2023-01-11T16:21:55.617-0500] {processor.py:175} INFO - Processing /Library/Frameworks/Python.framework/Versions/3.9/lib/python3.9/site-packages/airflow/example_dags/example_external_task_marker_dag.py took 1.057 seconds
[2023-01-11T16:25:24.511-0500] {processor.py:153} INFO - Started process (PID=11245) to work on /Library/Frameworks/Python.framework/Versions/3.9/lib/python3.9/site-packages/airflow/example_dags/example_external_task_marker_dag.py
[2023-01-11T16:25:24.518-0500] {processor.py:743} INFO - Processing file /Library/Frameworks/Python.framework/Versions/3.9/lib/python3.9/site-packages/airflow/example_dags/example_external_task_marker_dag.py for tasks to queue
[2023-01-11T16:25:24.518-0500] {logging_mixin.py:137} INFO - [2023-01-11T16:25:24.518-0500] {dagbag.py:538} INFO - Filling up the DagBag from /Library/Frameworks/Python.framework/Versions/3.9/lib/python3.9/site-packages/airflow/example_dags/example_external_task_marker_dag.py
[2023-01-11T16:25:24.549-0500] {processor.py:753} INFO - DAG(s) dict_keys(['example_external_task_marker_child', 'example_external_task_marker_parent']) retrieved from /Library/Frameworks/Python.framework/Versions/3.9/lib/python3.9/site-packages/airflow/example_dags/example_external_task_marker_dag.py
[2023-01-11T16:25:25.619-0500] {logging_mixin.py:137} INFO - [2023-01-11T16:25:25.619-0500] {dag.py:2676} INFO - Sync 2 DAGs
[2023-01-11T16:25:25.635-0500] {logging_mixin.py:137} INFO - [2023-01-11T16:25:25.635-0500] {dag.py:3423} INFO - Setting next_dagrun for example_external_task_marker_child to None, run_after=None
[2023-01-11T16:25:25.637-0500] {logging_mixin.py:137} INFO - [2023-01-11T16:25:25.637-0500] {dag.py:3423} INFO - Setting next_dagrun for example_external_task_marker_parent to None, run_after=None
[2023-01-11T16:25:25.659-0500] {processor.py:175} INFO - Processing /Library/Frameworks/Python.framework/Versions/3.9/lib/python3.9/site-packages/airflow/example_dags/example_external_task_marker_dag.py took 1.148 seconds
[2023-01-11T16:28:52.718-0500] {processor.py:153} INFO - Started process (PID=11400) to work on /Library/Frameworks/Python.framework/Versions/3.9/lib/python3.9/site-packages/airflow/example_dags/example_external_task_marker_dag.py
[2023-01-11T16:28:52.723-0500] {processor.py:743} INFO - Processing file /Library/Frameworks/Python.framework/Versions/3.9/lib/python3.9/site-packages/airflow/example_dags/example_external_task_marker_dag.py for tasks to queue
[2023-01-11T16:28:52.723-0500] {logging_mixin.py:137} INFO - [2023-01-11T16:28:52.723-0500] {dagbag.py:538} INFO - Filling up the DagBag from /Library/Frameworks/Python.framework/Versions/3.9/lib/python3.9/site-packages/airflow/example_dags/example_external_task_marker_dag.py
[2023-01-11T16:28:52.750-0500] {processor.py:753} INFO - DAG(s) dict_keys(['example_external_task_marker_parent', 'example_external_task_marker_child']) retrieved from /Library/Frameworks/Python.framework/Versions/3.9/lib/python3.9/site-packages/airflow/example_dags/example_external_task_marker_dag.py
[2023-01-11T16:28:53.480-0500] {logging_mixin.py:137} INFO - [2023-01-11T16:28:53.480-0500] {dag.py:2676} INFO - Sync 2 DAGs
[2023-01-11T16:28:53.495-0500] {logging_mixin.py:137} INFO - [2023-01-11T16:28:53.495-0500] {dag.py:3423} INFO - Setting next_dagrun for example_external_task_marker_child to None, run_after=None
[2023-01-11T16:28:53.498-0500] {logging_mixin.py:137} INFO - [2023-01-11T16:28:53.498-0500] {dag.py:3423} INFO - Setting next_dagrun for example_external_task_marker_parent to None, run_after=None
[2023-01-11T16:28:53.517-0500] {processor.py:175} INFO - Processing /Library/Frameworks/Python.framework/Versions/3.9/lib/python3.9/site-packages/airflow/example_dags/example_external_task_marker_dag.py took 0.800 seconds
[2023-01-11T16:32:12.309-0500] {processor.py:153} INFO - Started process (PID=11503) to work on /Library/Frameworks/Python.framework/Versions/3.9/lib/python3.9/site-packages/airflow/example_dags/example_external_task_marker_dag.py
[2023-01-11T16:32:12.315-0500] {processor.py:743} INFO - Processing file /Library/Frameworks/Python.framework/Versions/3.9/lib/python3.9/site-packages/airflow/example_dags/example_external_task_marker_dag.py for tasks to queue
[2023-01-11T16:32:12.316-0500] {logging_mixin.py:137} INFO - [2023-01-11T16:32:12.316-0500] {dagbag.py:538} INFO - Filling up the DagBag from /Library/Frameworks/Python.framework/Versions/3.9/lib/python3.9/site-packages/airflow/example_dags/example_external_task_marker_dag.py
[2023-01-11T16:32:12.346-0500] {processor.py:753} INFO - DAG(s) dict_keys(['example_external_task_marker_parent', 'example_external_task_marker_child']) retrieved from /Library/Frameworks/Python.framework/Versions/3.9/lib/python3.9/site-packages/airflow/example_dags/example_external_task_marker_dag.py
[2023-01-11T16:32:13.127-0500] {logging_mixin.py:137} INFO - [2023-01-11T16:32:13.127-0500] {dag.py:2676} INFO - Sync 2 DAGs
[2023-01-11T16:32:13.144-0500] {logging_mixin.py:137} INFO - [2023-01-11T16:32:13.143-0500] {dag.py:3423} INFO - Setting next_dagrun for example_external_task_marker_child to None, run_after=None
[2023-01-11T16:32:13.146-0500] {logging_mixin.py:137} INFO - [2023-01-11T16:32:13.146-0500] {dag.py:3423} INFO - Setting next_dagrun for example_external_task_marker_parent to None, run_after=None
[2023-01-11T16:32:13.166-0500] {processor.py:175} INFO - Processing /Library/Frameworks/Python.framework/Versions/3.9/lib/python3.9/site-packages/airflow/example_dags/example_external_task_marker_dag.py took 0.857 seconds
[2023-01-11T16:35:57.455-0500] {processor.py:153} INFO - Started process (PID=11596) to work on /Library/Frameworks/Python.framework/Versions/3.9/lib/python3.9/site-packages/airflow/example_dags/example_external_task_marker_dag.py
[2023-01-11T16:35:57.461-0500] {processor.py:743} INFO - Processing file /Library/Frameworks/Python.framework/Versions/3.9/lib/python3.9/site-packages/airflow/example_dags/example_external_task_marker_dag.py for tasks to queue
[2023-01-11T16:35:57.462-0500] {logging_mixin.py:137} INFO - [2023-01-11T16:35:57.462-0500] {dagbag.py:538} INFO - Filling up the DagBag from /Library/Frameworks/Python.framework/Versions/3.9/lib/python3.9/site-packages/airflow/example_dags/example_external_task_marker_dag.py
[2023-01-11T16:35:57.494-0500] {processor.py:753} INFO - DAG(s) dict_keys(['example_external_task_marker_parent', 'example_external_task_marker_child']) retrieved from /Library/Frameworks/Python.framework/Versions/3.9/lib/python3.9/site-packages/airflow/example_dags/example_external_task_marker_dag.py
[2023-01-11T16:35:58.333-0500] {logging_mixin.py:137} INFO - [2023-01-11T16:35:58.333-0500] {dag.py:2676} INFO - Sync 2 DAGs
[2023-01-11T16:35:58.350-0500] {logging_mixin.py:137} INFO - [2023-01-11T16:35:58.350-0500] {dag.py:3423} INFO - Setting next_dagrun for example_external_task_marker_child to None, run_after=None
[2023-01-11T16:35:58.354-0500] {logging_mixin.py:137} INFO - [2023-01-11T16:35:58.354-0500] {dag.py:3423} INFO - Setting next_dagrun for example_external_task_marker_parent to None, run_after=None
[2023-01-11T16:35:58.374-0500] {processor.py:175} INFO - Processing /Library/Frameworks/Python.framework/Versions/3.9/lib/python3.9/site-packages/airflow/example_dags/example_external_task_marker_dag.py took 0.920 seconds
[2023-01-11T16:48:26.132-0500] {processor.py:153} INFO - Started process (PID=12004) to work on /Library/Frameworks/Python.framework/Versions/3.9/lib/python3.9/site-packages/airflow/example_dags/example_external_task_marker_dag.py
[2023-01-11T16:48:26.161-0500] {processor.py:743} INFO - Processing file /Library/Frameworks/Python.framework/Versions/3.9/lib/python3.9/site-packages/airflow/example_dags/example_external_task_marker_dag.py for tasks to queue
[2023-01-11T16:48:26.164-0500] {logging_mixin.py:137} INFO - [2023-01-11T16:48:26.163-0500] {dagbag.py:538} INFO - Filling up the DagBag from /Library/Frameworks/Python.framework/Versions/3.9/lib/python3.9/site-packages/airflow/example_dags/example_external_task_marker_dag.py
[2023-01-11T16:48:26.459-0500] {processor.py:753} INFO - DAG(s) dict_keys(['example_external_task_marker_child', 'example_external_task_marker_parent']) retrieved from /Library/Frameworks/Python.framework/Versions/3.9/lib/python3.9/site-packages/airflow/example_dags/example_external_task_marker_dag.py
[2023-01-11T16:48:30.756-0500] {logging_mixin.py:137} INFO - [2023-01-11T16:48:30.755-0500] {dag.py:2676} INFO - Sync 2 DAGs
[2023-01-11T16:48:30.793-0500] {logging_mixin.py:137} INFO - [2023-01-11T16:48:30.793-0500] {dag.py:3423} INFO - Setting next_dagrun for example_external_task_marker_child to None, run_after=None
[2023-01-11T16:48:30.798-0500] {logging_mixin.py:137} INFO - [2023-01-11T16:48:30.798-0500] {dag.py:3423} INFO - Setting next_dagrun for example_external_task_marker_parent to None, run_after=None
[2023-01-11T16:48:30.836-0500] {processor.py:175} INFO - Processing /Library/Frameworks/Python.framework/Versions/3.9/lib/python3.9/site-packages/airflow/example_dags/example_external_task_marker_dag.py took 4.706 seconds
[2023-01-11T16:53:31.289-0500] {processor.py:153} INFO - Started process (PID=12244) to work on /Library/Frameworks/Python.framework/Versions/3.9/lib/python3.9/site-packages/airflow/example_dags/example_external_task_marker_dag.py
[2023-01-11T16:53:31.296-0500] {processor.py:743} INFO - Processing file /Library/Frameworks/Python.framework/Versions/3.9/lib/python3.9/site-packages/airflow/example_dags/example_external_task_marker_dag.py for tasks to queue
[2023-01-11T16:53:31.297-0500] {logging_mixin.py:137} INFO - [2023-01-11T16:53:31.297-0500] {dagbag.py:538} INFO - Filling up the DagBag from /Library/Frameworks/Python.framework/Versions/3.9/lib/python3.9/site-packages/airflow/example_dags/example_external_task_marker_dag.py
[2023-01-11T16:53:31.331-0500] {processor.py:753} INFO - DAG(s) dict_keys(['example_external_task_marker_parent', 'example_external_task_marker_child']) retrieved from /Library/Frameworks/Python.framework/Versions/3.9/lib/python3.9/site-packages/airflow/example_dags/example_external_task_marker_dag.py
[2023-01-11T16:53:32.344-0500] {logging_mixin.py:137} INFO - [2023-01-11T16:53:32.344-0500] {dag.py:2676} INFO - Sync 2 DAGs
[2023-01-11T16:53:32.362-0500] {logging_mixin.py:137} INFO - [2023-01-11T16:53:32.362-0500] {dag.py:3423} INFO - Setting next_dagrun for example_external_task_marker_child to None, run_after=None
[2023-01-11T16:53:32.365-0500] {logging_mixin.py:137} INFO - [2023-01-11T16:53:32.365-0500] {dag.py:3423} INFO - Setting next_dagrun for example_external_task_marker_parent to None, run_after=None
[2023-01-11T16:53:32.386-0500] {processor.py:175} INFO - Processing /Library/Frameworks/Python.framework/Versions/3.9/lib/python3.9/site-packages/airflow/example_dags/example_external_task_marker_dag.py took 1.097 seconds
[2023-01-11T16:57:18.100-0500] {processor.py:153} INFO - Started process (PID=12351) to work on /Library/Frameworks/Python.framework/Versions/3.9/lib/python3.9/site-packages/airflow/example_dags/example_external_task_marker_dag.py
[2023-01-11T16:57:18.105-0500] {processor.py:743} INFO - Processing file /Library/Frameworks/Python.framework/Versions/3.9/lib/python3.9/site-packages/airflow/example_dags/example_external_task_marker_dag.py for tasks to queue
[2023-01-11T16:57:18.106-0500] {logging_mixin.py:137} INFO - [2023-01-11T16:57:18.106-0500] {dagbag.py:538} INFO - Filling up the DagBag from /Library/Frameworks/Python.framework/Versions/3.9/lib/python3.9/site-packages/airflow/example_dags/example_external_task_marker_dag.py
[2023-01-11T16:57:18.138-0500] {processor.py:753} INFO - DAG(s) dict_keys(['example_external_task_marker_parent', 'example_external_task_marker_child']) retrieved from /Library/Frameworks/Python.framework/Versions/3.9/lib/python3.9/site-packages/airflow/example_dags/example_external_task_marker_dag.py
[2023-01-11T16:57:19.091-0500] {logging_mixin.py:137} INFO - [2023-01-11T16:57:19.091-0500] {dag.py:2676} INFO - Sync 2 DAGs
[2023-01-11T16:57:19.112-0500] {logging_mixin.py:137} INFO - [2023-01-11T16:57:19.112-0500] {dag.py:3423} INFO - Setting next_dagrun for example_external_task_marker_child to None, run_after=None
[2023-01-11T16:57:19.115-0500] {logging_mixin.py:137} INFO - [2023-01-11T16:57:19.115-0500] {dag.py:3423} INFO - Setting next_dagrun for example_external_task_marker_parent to None, run_after=None
[2023-01-11T16:57:19.138-0500] {processor.py:175} INFO - Processing /Library/Frameworks/Python.framework/Versions/3.9/lib/python3.9/site-packages/airflow/example_dags/example_external_task_marker_dag.py took 1.038 seconds
[2023-01-11T17:01:04.768-0500] {processor.py:153} INFO - Started process (PID=12602) to work on /Library/Frameworks/Python.framework/Versions/3.9/lib/python3.9/site-packages/airflow/example_dags/example_external_task_marker_dag.py
[2023-01-11T17:01:04.773-0500] {processor.py:743} INFO - Processing file /Library/Frameworks/Python.framework/Versions/3.9/lib/python3.9/site-packages/airflow/example_dags/example_external_task_marker_dag.py for tasks to queue
[2023-01-11T17:01:04.774-0500] {logging_mixin.py:137} INFO - [2023-01-11T17:01:04.774-0500] {dagbag.py:538} INFO - Filling up the DagBag from /Library/Frameworks/Python.framework/Versions/3.9/lib/python3.9/site-packages/airflow/example_dags/example_external_task_marker_dag.py
[2023-01-11T17:01:04.803-0500] {processor.py:753} INFO - DAG(s) dict_keys(['example_external_task_marker_child', 'example_external_task_marker_parent']) retrieved from /Library/Frameworks/Python.framework/Versions/3.9/lib/python3.9/site-packages/airflow/example_dags/example_external_task_marker_dag.py
[2023-01-11T17:01:05.730-0500] {logging_mixin.py:137} INFO - [2023-01-11T17:01:05.730-0500] {dag.py:2676} INFO - Sync 2 DAGs
[2023-01-11T17:01:05.746-0500] {logging_mixin.py:137} INFO - [2023-01-11T17:01:05.746-0500] {dag.py:3423} INFO - Setting next_dagrun for example_external_task_marker_child to None, run_after=None
[2023-01-11T17:01:05.749-0500] {logging_mixin.py:137} INFO - [2023-01-11T17:01:05.749-0500] {dag.py:3423} INFO - Setting next_dagrun for example_external_task_marker_parent to None, run_after=None
[2023-01-11T17:01:05.766-0500] {processor.py:175} INFO - Processing /Library/Frameworks/Python.framework/Versions/3.9/lib/python3.9/site-packages/airflow/example_dags/example_external_task_marker_dag.py took 0.999 seconds
