[2023-01-10T20:12:34.999-0500] {processor.py:153} INFO - Started process (PID=2162) to work on /Library/Frameworks/Python.framework/Versions/3.9/lib/python3.9/site-packages/airflow/example_dags/example_latest_only.py
[2023-01-10T20:12:35.009-0500] {processor.py:743} INFO - Processing file /Library/Frameworks/Python.framework/Versions/3.9/lib/python3.9/site-packages/airflow/example_dags/example_latest_only.py for tasks to queue
[2023-01-10T20:12:35.010-0500] {logging_mixin.py:137} INFO - [2023-01-10T20:12:35.009-0500] {dagbag.py:538} INFO - Filling up the DagBag from /Library/Frameworks/Python.framework/Versions/3.9/lib/python3.9/site-packages/airflow/example_dags/example_latest_only.py
[2023-01-10T20:12:35.060-0500] {processor.py:753} INFO - DAG(s) dict_keys(['latest_only']) retrieved from /Library/Frameworks/Python.framework/Versions/3.9/lib/python3.9/site-packages/airflow/example_dags/example_latest_only.py
[2023-01-10T20:12:36.463-0500] {logging_mixin.py:137} INFO - [2023-01-10T20:12:36.463-0500] {dag.py:2676} INFO - Sync 1 DAGs
[2023-01-10T20:12:36.495-0500] {logging_mixin.py:137} INFO - [2023-01-10T20:12:36.494-0500] {dag.py:3423} INFO - Setting next_dagrun for latest_only to 2023-01-10T21:12:36.494536+00:00, run_after=2023-01-11T01:12:36.494536+00:00
[2023-01-10T20:12:36.531-0500] {processor.py:175} INFO - Processing /Library/Frameworks/Python.framework/Versions/3.9/lib/python3.9/site-packages/airflow/example_dags/example_latest_only.py took 1.532 seconds
[2023-01-10T20:16:08.099-0500] {processor.py:153} INFO - Started process (PID=2813) to work on /Library/Frameworks/Python.framework/Versions/3.9/lib/python3.9/site-packages/airflow/example_dags/example_latest_only.py
[2023-01-10T20:16:08.108-0500] {processor.py:743} INFO - Processing file /Library/Frameworks/Python.framework/Versions/3.9/lib/python3.9/site-packages/airflow/example_dags/example_latest_only.py for tasks to queue
[2023-01-10T20:16:08.108-0500] {logging_mixin.py:137} INFO - [2023-01-10T20:16:08.108-0500] {dagbag.py:538} INFO - Filling up the DagBag from /Library/Frameworks/Python.framework/Versions/3.9/lib/python3.9/site-packages/airflow/example_dags/example_latest_only.py
[2023-01-10T20:16:08.136-0500] {processor.py:753} INFO - DAG(s) dict_keys(['latest_only']) retrieved from /Library/Frameworks/Python.framework/Versions/3.9/lib/python3.9/site-packages/airflow/example_dags/example_latest_only.py
[2023-01-10T20:16:09.047-0500] {logging_mixin.py:137} INFO - [2023-01-10T20:16:09.047-0500] {dag.py:2676} INFO - Sync 1 DAGs
[2023-01-10T20:16:09.063-0500] {logging_mixin.py:137} INFO - [2023-01-10T20:16:09.063-0500] {dag.py:3423} INFO - Setting next_dagrun for latest_only to 2023-01-10T21:16:09.063617+00:00, run_after=2023-01-11T01:16:09.063617+00:00
[2023-01-10T20:16:09.161-0500] {processor.py:175} INFO - Processing /Library/Frameworks/Python.framework/Versions/3.9/lib/python3.9/site-packages/airflow/example_dags/example_latest_only.py took 1.062 seconds
[2023-01-10T20:19:07.729-0500] {processor.py:153} INFO - Started process (PID=2908) to work on /Library/Frameworks/Python.framework/Versions/3.9/lib/python3.9/site-packages/airflow/example_dags/example_latest_only.py
[2023-01-10T20:19:07.735-0500] {processor.py:743} INFO - Processing file /Library/Frameworks/Python.framework/Versions/3.9/lib/python3.9/site-packages/airflow/example_dags/example_latest_only.py for tasks to queue
[2023-01-10T20:19:07.735-0500] {logging_mixin.py:137} INFO - [2023-01-10T20:19:07.735-0500] {dagbag.py:538} INFO - Filling up the DagBag from /Library/Frameworks/Python.framework/Versions/3.9/lib/python3.9/site-packages/airflow/example_dags/example_latest_only.py
[2023-01-10T20:19:07.761-0500] {processor.py:753} INFO - DAG(s) dict_keys(['latest_only']) retrieved from /Library/Frameworks/Python.framework/Versions/3.9/lib/python3.9/site-packages/airflow/example_dags/example_latest_only.py
[2023-01-10T20:19:08.509-0500] {logging_mixin.py:137} INFO - [2023-01-10T20:19:08.508-0500] {dag.py:2676} INFO - Sync 1 DAGs
[2023-01-10T20:19:08.527-0500] {logging_mixin.py:137} INFO - [2023-01-10T20:19:08.527-0500] {dag.py:3423} INFO - Setting next_dagrun for latest_only to 2023-01-10T21:19:08.527093+00:00, run_after=2023-01-11T01:19:08.527093+00:00
[2023-01-10T20:19:08.547-0500] {processor.py:175} INFO - Processing /Library/Frameworks/Python.framework/Versions/3.9/lib/python3.9/site-packages/airflow/example_dags/example_latest_only.py took 0.818 seconds
[2023-01-10T20:21:49.294-0500] {processor.py:153} INFO - Started process (PID=2989) to work on /Library/Frameworks/Python.framework/Versions/3.9/lib/python3.9/site-packages/airflow/example_dags/example_latest_only.py
[2023-01-10T20:21:49.300-0500] {processor.py:743} INFO - Processing file /Library/Frameworks/Python.framework/Versions/3.9/lib/python3.9/site-packages/airflow/example_dags/example_latest_only.py for tasks to queue
[2023-01-10T20:21:49.300-0500] {logging_mixin.py:137} INFO - [2023-01-10T20:21:49.300-0500] {dagbag.py:538} INFO - Filling up the DagBag from /Library/Frameworks/Python.framework/Versions/3.9/lib/python3.9/site-packages/airflow/example_dags/example_latest_only.py
[2023-01-10T20:21:49.326-0500] {processor.py:753} INFO - DAG(s) dict_keys(['latest_only']) retrieved from /Library/Frameworks/Python.framework/Versions/3.9/lib/python3.9/site-packages/airflow/example_dags/example_latest_only.py
[2023-01-10T20:21:50.134-0500] {logging_mixin.py:137} INFO - [2023-01-10T20:21:50.134-0500] {dag.py:2676} INFO - Sync 1 DAGs
[2023-01-10T20:21:50.151-0500] {logging_mixin.py:137} INFO - [2023-01-10T20:21:50.151-0500] {dag.py:3423} INFO - Setting next_dagrun for latest_only to 2023-01-10T21:21:50.150945+00:00, run_after=2023-01-11T01:21:50.150945+00:00
[2023-01-10T20:21:50.173-0500] {processor.py:175} INFO - Processing /Library/Frameworks/Python.framework/Versions/3.9/lib/python3.9/site-packages/airflow/example_dags/example_latest_only.py took 0.879 seconds
[2023-01-10T20:24:31.086-0500] {processor.py:153} INFO - Started process (PID=3085) to work on /Library/Frameworks/Python.framework/Versions/3.9/lib/python3.9/site-packages/airflow/example_dags/example_latest_only.py
[2023-01-10T20:24:31.091-0500] {processor.py:743} INFO - Processing file /Library/Frameworks/Python.framework/Versions/3.9/lib/python3.9/site-packages/airflow/example_dags/example_latest_only.py for tasks to queue
[2023-01-10T20:24:31.092-0500] {logging_mixin.py:137} INFO - [2023-01-10T20:24:31.092-0500] {dagbag.py:538} INFO - Filling up the DagBag from /Library/Frameworks/Python.framework/Versions/3.9/lib/python3.9/site-packages/airflow/example_dags/example_latest_only.py
[2023-01-10T20:24:31.117-0500] {processor.py:753} INFO - DAG(s) dict_keys(['latest_only']) retrieved from /Library/Frameworks/Python.framework/Versions/3.9/lib/python3.9/site-packages/airflow/example_dags/example_latest_only.py
[2023-01-10T20:24:31.840-0500] {logging_mixin.py:137} INFO - [2023-01-10T20:24:31.839-0500] {dag.py:2676} INFO - Sync 1 DAGs
[2023-01-10T20:24:31.859-0500] {logging_mixin.py:137} INFO - [2023-01-10T20:24:31.859-0500] {dag.py:3423} INFO - Setting next_dagrun for latest_only to 2023-01-10T21:24:31.859535+00:00, run_after=2023-01-11T01:24:31.859535+00:00
[2023-01-10T20:24:31.878-0500] {processor.py:175} INFO - Processing /Library/Frameworks/Python.framework/Versions/3.9/lib/python3.9/site-packages/airflow/example_dags/example_latest_only.py took 0.792 seconds
[2023-01-10T20:27:08.879-0500] {processor.py:153} INFO - Started process (PID=3219) to work on /Library/Frameworks/Python.framework/Versions/3.9/lib/python3.9/site-packages/airflow/example_dags/example_latest_only.py
[2023-01-10T20:27:08.884-0500] {processor.py:743} INFO - Processing file /Library/Frameworks/Python.framework/Versions/3.9/lib/python3.9/site-packages/airflow/example_dags/example_latest_only.py for tasks to queue
[2023-01-10T20:27:08.885-0500] {logging_mixin.py:137} INFO - [2023-01-10T20:27:08.885-0500] {dagbag.py:538} INFO - Filling up the DagBag from /Library/Frameworks/Python.framework/Versions/3.9/lib/python3.9/site-packages/airflow/example_dags/example_latest_only.py
[2023-01-10T20:27:08.910-0500] {processor.py:753} INFO - DAG(s) dict_keys(['latest_only']) retrieved from /Library/Frameworks/Python.framework/Versions/3.9/lib/python3.9/site-packages/airflow/example_dags/example_latest_only.py
[2023-01-10T20:27:09.667-0500] {logging_mixin.py:137} INFO - [2023-01-10T20:27:09.667-0500] {dag.py:2676} INFO - Sync 1 DAGs
[2023-01-10T20:27:09.688-0500] {logging_mixin.py:137} INFO - [2023-01-10T20:27:09.687-0500] {dag.py:3423} INFO - Setting next_dagrun for latest_only to 2023-01-10T21:27:09.687707+00:00, run_after=2023-01-11T01:27:09.687707+00:00
[2023-01-10T20:27:09.707-0500] {processor.py:175} INFO - Processing /Library/Frameworks/Python.framework/Versions/3.9/lib/python3.9/site-packages/airflow/example_dags/example_latest_only.py took 0.829 seconds
[2023-01-10T20:29:49.202-0500] {processor.py:153} INFO - Started process (PID=3349) to work on /Library/Frameworks/Python.framework/Versions/3.9/lib/python3.9/site-packages/airflow/example_dags/example_latest_only.py
[2023-01-10T20:29:49.207-0500] {processor.py:743} INFO - Processing file /Library/Frameworks/Python.framework/Versions/3.9/lib/python3.9/site-packages/airflow/example_dags/example_latest_only.py for tasks to queue
[2023-01-10T20:29:49.208-0500] {logging_mixin.py:137} INFO - [2023-01-10T20:29:49.208-0500] {dagbag.py:538} INFO - Filling up the DagBag from /Library/Frameworks/Python.framework/Versions/3.9/lib/python3.9/site-packages/airflow/example_dags/example_latest_only.py
[2023-01-10T20:29:49.234-0500] {processor.py:753} INFO - DAG(s) dict_keys(['latest_only']) retrieved from /Library/Frameworks/Python.framework/Versions/3.9/lib/python3.9/site-packages/airflow/example_dags/example_latest_only.py
[2023-01-10T20:29:49.975-0500] {logging_mixin.py:137} INFO - [2023-01-10T20:29:49.975-0500] {dag.py:2676} INFO - Sync 1 DAGs
[2023-01-10T20:29:49.993-0500] {logging_mixin.py:137} INFO - [2023-01-10T20:29:49.992-0500] {dag.py:3423} INFO - Setting next_dagrun for latest_only to 2023-01-10T21:29:49.992855+00:00, run_after=2023-01-11T01:29:49.992855+00:00
[2023-01-10T20:29:50.011-0500] {processor.py:175} INFO - Processing /Library/Frameworks/Python.framework/Versions/3.9/lib/python3.9/site-packages/airflow/example_dags/example_latest_only.py took 0.809 seconds
[2023-01-10T20:32:41.583-0500] {processor.py:153} INFO - Started process (PID=3562) to work on /Library/Frameworks/Python.framework/Versions/3.9/lib/python3.9/site-packages/airflow/example_dags/example_latest_only.py
[2023-01-10T20:32:41.589-0500] {processor.py:743} INFO - Processing file /Library/Frameworks/Python.framework/Versions/3.9/lib/python3.9/site-packages/airflow/example_dags/example_latest_only.py for tasks to queue
[2023-01-10T20:32:41.590-0500] {logging_mixin.py:137} INFO - [2023-01-10T20:32:41.590-0500] {dagbag.py:538} INFO - Filling up the DagBag from /Library/Frameworks/Python.framework/Versions/3.9/lib/python3.9/site-packages/airflow/example_dags/example_latest_only.py
[2023-01-10T20:32:41.628-0500] {processor.py:753} INFO - DAG(s) dict_keys(['latest_only']) retrieved from /Library/Frameworks/Python.framework/Versions/3.9/lib/python3.9/site-packages/airflow/example_dags/example_latest_only.py
[2023-01-10T20:32:42.571-0500] {logging_mixin.py:137} INFO - [2023-01-10T20:32:42.571-0500] {dag.py:2676} INFO - Sync 1 DAGs
[2023-01-10T20:32:42.591-0500] {logging_mixin.py:137} INFO - [2023-01-10T20:32:42.591-0500] {dag.py:3423} INFO - Setting next_dagrun for latest_only to 2023-01-10T21:32:42.591102+00:00, run_after=2023-01-11T01:32:42.591102+00:00
[2023-01-10T20:32:42.616-0500] {processor.py:175} INFO - Processing /Library/Frameworks/Python.framework/Versions/3.9/lib/python3.9/site-packages/airflow/example_dags/example_latest_only.py took 1.034 seconds
[2023-01-10T20:36:00.517-0500] {processor.py:153} INFO - Started process (PID=3756) to work on /Library/Frameworks/Python.framework/Versions/3.9/lib/python3.9/site-packages/airflow/example_dags/example_latest_only.py
[2023-01-10T20:36:00.523-0500] {processor.py:743} INFO - Processing file /Library/Frameworks/Python.framework/Versions/3.9/lib/python3.9/site-packages/airflow/example_dags/example_latest_only.py for tasks to queue
[2023-01-10T20:36:00.523-0500] {logging_mixin.py:137} INFO - [2023-01-10T20:36:00.523-0500] {dagbag.py:538} INFO - Filling up the DagBag from /Library/Frameworks/Python.framework/Versions/3.9/lib/python3.9/site-packages/airflow/example_dags/example_latest_only.py
[2023-01-10T20:36:00.553-0500] {processor.py:753} INFO - DAG(s) dict_keys(['latest_only']) retrieved from /Library/Frameworks/Python.framework/Versions/3.9/lib/python3.9/site-packages/airflow/example_dags/example_latest_only.py
[2023-01-10T20:36:01.233-0500] {logging_mixin.py:137} INFO - [2023-01-10T20:36:01.233-0500] {dag.py:2676} INFO - Sync 1 DAGs
[2023-01-10T20:36:01.254-0500] {logging_mixin.py:137} INFO - [2023-01-10T20:36:01.254-0500] {dag.py:3423} INFO - Setting next_dagrun for latest_only to 2023-01-10T21:36:01.253899+00:00, run_after=2023-01-11T01:36:01.253899+00:00
[2023-01-10T20:36:01.274-0500] {processor.py:175} INFO - Processing /Library/Frameworks/Python.framework/Versions/3.9/lib/python3.9/site-packages/airflow/example_dags/example_latest_only.py took 0.758 seconds
[2023-01-10T20:39:27.349-0500] {processor.py:153} INFO - Started process (PID=3897) to work on /Library/Frameworks/Python.framework/Versions/3.9/lib/python3.9/site-packages/airflow/example_dags/example_latest_only.py
[2023-01-10T20:39:27.355-0500] {processor.py:743} INFO - Processing file /Library/Frameworks/Python.framework/Versions/3.9/lib/python3.9/site-packages/airflow/example_dags/example_latest_only.py for tasks to queue
[2023-01-10T20:39:27.356-0500] {logging_mixin.py:137} INFO - [2023-01-10T20:39:27.356-0500] {dagbag.py:538} INFO - Filling up the DagBag from /Library/Frameworks/Python.framework/Versions/3.9/lib/python3.9/site-packages/airflow/example_dags/example_latest_only.py
[2023-01-10T20:39:27.385-0500] {processor.py:753} INFO - DAG(s) dict_keys(['latest_only']) retrieved from /Library/Frameworks/Python.framework/Versions/3.9/lib/python3.9/site-packages/airflow/example_dags/example_latest_only.py
[2023-01-10T20:39:28.011-0500] {logging_mixin.py:137} INFO - [2023-01-10T20:39:28.010-0500] {dag.py:2676} INFO - Sync 1 DAGs
[2023-01-10T20:39:28.026-0500] {logging_mixin.py:137} INFO - [2023-01-10T20:39:28.026-0500] {dag.py:3423} INFO - Setting next_dagrun for latest_only to 2023-01-10T21:39:28.026205+00:00, run_after=2023-01-11T01:39:28.026205+00:00
[2023-01-10T20:39:28.044-0500] {processor.py:175} INFO - Processing /Library/Frameworks/Python.framework/Versions/3.9/lib/python3.9/site-packages/airflow/example_dags/example_latest_only.py took 0.695 seconds
[2023-01-10T20:43:12.922-0500] {processor.py:153} INFO - Started process (PID=4088) to work on /Library/Frameworks/Python.framework/Versions/3.9/lib/python3.9/site-packages/airflow/example_dags/example_latest_only.py
[2023-01-10T20:43:12.928-0500] {processor.py:743} INFO - Processing file /Library/Frameworks/Python.framework/Versions/3.9/lib/python3.9/site-packages/airflow/example_dags/example_latest_only.py for tasks to queue
[2023-01-10T20:43:12.929-0500] {logging_mixin.py:137} INFO - [2023-01-10T20:43:12.929-0500] {dagbag.py:538} INFO - Filling up the DagBag from /Library/Frameworks/Python.framework/Versions/3.9/lib/python3.9/site-packages/airflow/example_dags/example_latest_only.py
[2023-01-10T20:43:12.957-0500] {processor.py:753} INFO - DAG(s) dict_keys(['latest_only']) retrieved from /Library/Frameworks/Python.framework/Versions/3.9/lib/python3.9/site-packages/airflow/example_dags/example_latest_only.py
[2023-01-10T20:43:13.583-0500] {logging_mixin.py:137} INFO - [2023-01-10T20:43:13.583-0500] {dag.py:2676} INFO - Sync 1 DAGs
[2023-01-10T20:43:13.598-0500] {logging_mixin.py:137} INFO - [2023-01-10T20:43:13.598-0500] {dag.py:3423} INFO - Setting next_dagrun for latest_only to 2023-01-10T21:43:13.598101+00:00, run_after=2023-01-11T01:43:13.598101+00:00
[2023-01-10T20:43:13.616-0500] {processor.py:175} INFO - Processing /Library/Frameworks/Python.framework/Versions/3.9/lib/python3.9/site-packages/airflow/example_dags/example_latest_only.py took 0.695 seconds
[2023-01-10T20:46:32.585-0500] {processor.py:153} INFO - Started process (PID=4256) to work on /Library/Frameworks/Python.framework/Versions/3.9/lib/python3.9/site-packages/airflow/example_dags/example_latest_only.py
[2023-01-10T20:46:32.590-0500] {processor.py:743} INFO - Processing file /Library/Frameworks/Python.framework/Versions/3.9/lib/python3.9/site-packages/airflow/example_dags/example_latest_only.py for tasks to queue
[2023-01-10T20:46:32.591-0500] {logging_mixin.py:137} INFO - [2023-01-10T20:46:32.590-0500] {dagbag.py:538} INFO - Filling up the DagBag from /Library/Frameworks/Python.framework/Versions/3.9/lib/python3.9/site-packages/airflow/example_dags/example_latest_only.py
[2023-01-10T20:46:32.625-0500] {processor.py:753} INFO - DAG(s) dict_keys(['latest_only']) retrieved from /Library/Frameworks/Python.framework/Versions/3.9/lib/python3.9/site-packages/airflow/example_dags/example_latest_only.py
[2023-01-10T20:46:33.275-0500] {logging_mixin.py:137} INFO - [2023-01-10T20:46:33.274-0500] {dag.py:2676} INFO - Sync 1 DAGs
[2023-01-10T20:46:33.290-0500] {logging_mixin.py:137} INFO - [2023-01-10T20:46:33.290-0500] {dag.py:3423} INFO - Setting next_dagrun for latest_only to 2023-01-10T21:46:33.290724+00:00, run_after=2023-01-11T01:46:33.290724+00:00
[2023-01-10T20:46:33.312-0500] {processor.py:175} INFO - Processing /Library/Frameworks/Python.framework/Versions/3.9/lib/python3.9/site-packages/airflow/example_dags/example_latest_only.py took 0.727 seconds
[2023-01-10T20:50:03.412-0500] {processor.py:153} INFO - Started process (PID=4391) to work on /Library/Frameworks/Python.framework/Versions/3.9/lib/python3.9/site-packages/airflow/example_dags/example_latest_only.py
[2023-01-10T20:50:03.417-0500] {processor.py:743} INFO - Processing file /Library/Frameworks/Python.framework/Versions/3.9/lib/python3.9/site-packages/airflow/example_dags/example_latest_only.py for tasks to queue
[2023-01-10T20:50:03.418-0500] {logging_mixin.py:137} INFO - [2023-01-10T20:50:03.418-0500] {dagbag.py:538} INFO - Filling up the DagBag from /Library/Frameworks/Python.framework/Versions/3.9/lib/python3.9/site-packages/airflow/example_dags/example_latest_only.py
[2023-01-10T20:50:03.448-0500] {processor.py:753} INFO - DAG(s) dict_keys(['latest_only']) retrieved from /Library/Frameworks/Python.framework/Versions/3.9/lib/python3.9/site-packages/airflow/example_dags/example_latest_only.py
[2023-01-10T20:50:04.076-0500] {logging_mixin.py:137} INFO - [2023-01-10T20:50:04.075-0500] {dag.py:2676} INFO - Sync 1 DAGs
[2023-01-10T20:50:04.091-0500] {logging_mixin.py:137} INFO - [2023-01-10T20:50:04.091-0500] {dag.py:3423} INFO - Setting next_dagrun for latest_only to 2023-01-10T21:50:04.091516+00:00, run_after=2023-01-11T01:50:04.091516+00:00
[2023-01-10T20:50:04.109-0500] {processor.py:175} INFO - Processing /Library/Frameworks/Python.framework/Versions/3.9/lib/python3.9/site-packages/airflow/example_dags/example_latest_only.py took 0.698 seconds
[2023-01-10T20:53:32.384-0500] {processor.py:153} INFO - Started process (PID=4502) to work on /Library/Frameworks/Python.framework/Versions/3.9/lib/python3.9/site-packages/airflow/example_dags/example_latest_only.py
[2023-01-10T20:53:32.391-0500] {processor.py:743} INFO - Processing file /Library/Frameworks/Python.framework/Versions/3.9/lib/python3.9/site-packages/airflow/example_dags/example_latest_only.py for tasks to queue
[2023-01-10T20:53:32.391-0500] {logging_mixin.py:137} INFO - [2023-01-10T20:53:32.391-0500] {dagbag.py:538} INFO - Filling up the DagBag from /Library/Frameworks/Python.framework/Versions/3.9/lib/python3.9/site-packages/airflow/example_dags/example_latest_only.py
[2023-01-10T20:53:32.419-0500] {processor.py:753} INFO - DAG(s) dict_keys(['latest_only']) retrieved from /Library/Frameworks/Python.framework/Versions/3.9/lib/python3.9/site-packages/airflow/example_dags/example_latest_only.py
[2023-01-10T20:53:33.025-0500] {logging_mixin.py:137} INFO - [2023-01-10T20:53:33.025-0500] {dag.py:2676} INFO - Sync 1 DAGs
[2023-01-10T20:53:33.041-0500] {logging_mixin.py:137} INFO - [2023-01-10T20:53:33.041-0500] {dag.py:3423} INFO - Setting next_dagrun for latest_only to 2023-01-10T21:53:33.041190+00:00, run_after=2023-01-11T01:53:33.041190+00:00
[2023-01-10T20:53:33.060-0500] {processor.py:175} INFO - Processing /Library/Frameworks/Python.framework/Versions/3.9/lib/python3.9/site-packages/airflow/example_dags/example_latest_only.py took 0.678 seconds
[2023-01-10T20:56:32.953-0500] {processor.py:153} INFO - Started process (PID=4635) to work on /Library/Frameworks/Python.framework/Versions/3.9/lib/python3.9/site-packages/airflow/example_dags/example_latest_only.py
[2023-01-10T20:56:32.959-0500] {processor.py:743} INFO - Processing file /Library/Frameworks/Python.framework/Versions/3.9/lib/python3.9/site-packages/airflow/example_dags/example_latest_only.py for tasks to queue
[2023-01-10T20:56:32.959-0500] {logging_mixin.py:137} INFO - [2023-01-10T20:56:32.959-0500] {dagbag.py:538} INFO - Filling up the DagBag from /Library/Frameworks/Python.framework/Versions/3.9/lib/python3.9/site-packages/airflow/example_dags/example_latest_only.py
[2023-01-10T20:56:32.988-0500] {processor.py:753} INFO - DAG(s) dict_keys(['latest_only']) retrieved from /Library/Frameworks/Python.framework/Versions/3.9/lib/python3.9/site-packages/airflow/example_dags/example_latest_only.py
[2023-01-10T20:56:33.595-0500] {logging_mixin.py:137} INFO - [2023-01-10T20:56:33.594-0500] {dag.py:2676} INFO - Sync 1 DAGs
[2023-01-10T20:56:33.610-0500] {logging_mixin.py:137} INFO - [2023-01-10T20:56:33.610-0500] {dag.py:3423} INFO - Setting next_dagrun for latest_only to 2023-01-10T21:56:33.609938+00:00, run_after=2023-01-11T01:56:33.609938+00:00
[2023-01-10T20:56:33.628-0500] {processor.py:175} INFO - Processing /Library/Frameworks/Python.framework/Versions/3.9/lib/python3.9/site-packages/airflow/example_dags/example_latest_only.py took 0.676 seconds
[2023-01-10T20:59:58.408-0500] {processor.py:153} INFO - Started process (PID=4727) to work on /Library/Frameworks/Python.framework/Versions/3.9/lib/python3.9/site-packages/airflow/example_dags/example_latest_only.py
[2023-01-10T20:59:58.414-0500] {processor.py:743} INFO - Processing file /Library/Frameworks/Python.framework/Versions/3.9/lib/python3.9/site-packages/airflow/example_dags/example_latest_only.py for tasks to queue
[2023-01-10T20:59:58.414-0500] {logging_mixin.py:137} INFO - [2023-01-10T20:59:58.414-0500] {dagbag.py:538} INFO - Filling up the DagBag from /Library/Frameworks/Python.framework/Versions/3.9/lib/python3.9/site-packages/airflow/example_dags/example_latest_only.py
[2023-01-10T20:59:58.443-0500] {processor.py:753} INFO - DAG(s) dict_keys(['latest_only']) retrieved from /Library/Frameworks/Python.framework/Versions/3.9/lib/python3.9/site-packages/airflow/example_dags/example_latest_only.py
[2023-01-10T20:59:59.064-0500] {logging_mixin.py:137} INFO - [2023-01-10T20:59:59.064-0500] {dag.py:2676} INFO - Sync 1 DAGs
[2023-01-10T20:59:59.080-0500] {logging_mixin.py:137} INFO - [2023-01-10T20:59:59.079-0500] {dag.py:3423} INFO - Setting next_dagrun for latest_only to 2023-01-10T21:59:59.079853+00:00, run_after=2023-01-11T01:59:59.079853+00:00
[2023-01-10T20:59:59.098-0500] {processor.py:175} INFO - Processing /Library/Frameworks/Python.framework/Versions/3.9/lib/python3.9/site-packages/airflow/example_dags/example_latest_only.py took 0.690 seconds
[2023-01-10T21:02:57.499-0500] {processor.py:153} INFO - Started process (PID=4800) to work on /Library/Frameworks/Python.framework/Versions/3.9/lib/python3.9/site-packages/airflow/example_dags/example_latest_only.py
[2023-01-10T21:02:57.505-0500] {processor.py:743} INFO - Processing file /Library/Frameworks/Python.framework/Versions/3.9/lib/python3.9/site-packages/airflow/example_dags/example_latest_only.py for tasks to queue
[2023-01-10T21:02:57.505-0500] {logging_mixin.py:137} INFO - [2023-01-10T21:02:57.505-0500] {dagbag.py:538} INFO - Filling up the DagBag from /Library/Frameworks/Python.framework/Versions/3.9/lib/python3.9/site-packages/airflow/example_dags/example_latest_only.py
[2023-01-10T21:02:57.531-0500] {processor.py:753} INFO - DAG(s) dict_keys(['latest_only']) retrieved from /Library/Frameworks/Python.framework/Versions/3.9/lib/python3.9/site-packages/airflow/example_dags/example_latest_only.py
[2023-01-10T21:02:58.160-0500] {logging_mixin.py:137} INFO - [2023-01-10T21:02:58.159-0500] {dag.py:2676} INFO - Sync 1 DAGs
[2023-01-10T21:02:58.174-0500] {logging_mixin.py:137} INFO - [2023-01-10T21:02:58.174-0500] {dag.py:3423} INFO - Setting next_dagrun for latest_only to 2023-01-10T22:02:58.174535+00:00, run_after=2023-01-11T02:02:58.174535+00:00
[2023-01-10T21:02:58.194-0500] {processor.py:175} INFO - Processing /Library/Frameworks/Python.framework/Versions/3.9/lib/python3.9/site-packages/airflow/example_dags/example_latest_only.py took 0.696 seconds
[2023-01-10T21:06:08.013-0500] {processor.py:153} INFO - Started process (PID=4994) to work on /Library/Frameworks/Python.framework/Versions/3.9/lib/python3.9/site-packages/airflow/example_dags/example_latest_only.py
[2023-01-10T21:06:08.019-0500] {processor.py:743} INFO - Processing file /Library/Frameworks/Python.framework/Versions/3.9/lib/python3.9/site-packages/airflow/example_dags/example_latest_only.py for tasks to queue
[2023-01-10T21:06:08.020-0500] {logging_mixin.py:137} INFO - [2023-01-10T21:06:08.020-0500] {dagbag.py:538} INFO - Filling up the DagBag from /Library/Frameworks/Python.framework/Versions/3.9/lib/python3.9/site-packages/airflow/example_dags/example_latest_only.py
[2023-01-10T21:06:08.047-0500] {processor.py:753} INFO - DAG(s) dict_keys(['latest_only']) retrieved from /Library/Frameworks/Python.framework/Versions/3.9/lib/python3.9/site-packages/airflow/example_dags/example_latest_only.py
[2023-01-10T21:06:08.664-0500] {logging_mixin.py:137} INFO - [2023-01-10T21:06:08.663-0500] {dag.py:2676} INFO - Sync 1 DAGs
[2023-01-10T21:06:08.679-0500] {logging_mixin.py:137} INFO - [2023-01-10T21:06:08.679-0500] {dag.py:3423} INFO - Setting next_dagrun for latest_only to 2023-01-10T22:06:08.679372+00:00, run_after=2023-01-11T02:06:08.679372+00:00
[2023-01-10T21:06:08.699-0500] {processor.py:175} INFO - Processing /Library/Frameworks/Python.framework/Versions/3.9/lib/python3.9/site-packages/airflow/example_dags/example_latest_only.py took 0.686 seconds
[2023-01-10T21:09:12.530-0500] {processor.py:153} INFO - Started process (PID=5089) to work on /Library/Frameworks/Python.framework/Versions/3.9/lib/python3.9/site-packages/airflow/example_dags/example_latest_only.py
[2023-01-10T21:09:12.537-0500] {processor.py:743} INFO - Processing file /Library/Frameworks/Python.framework/Versions/3.9/lib/python3.9/site-packages/airflow/example_dags/example_latest_only.py for tasks to queue
[2023-01-10T21:09:12.537-0500] {logging_mixin.py:137} INFO - [2023-01-10T21:09:12.537-0500] {dagbag.py:538} INFO - Filling up the DagBag from /Library/Frameworks/Python.framework/Versions/3.9/lib/python3.9/site-packages/airflow/example_dags/example_latest_only.py
[2023-01-10T21:09:12.564-0500] {processor.py:753} INFO - DAG(s) dict_keys(['latest_only']) retrieved from /Library/Frameworks/Python.framework/Versions/3.9/lib/python3.9/site-packages/airflow/example_dags/example_latest_only.py
[2023-01-10T21:09:13.189-0500] {logging_mixin.py:137} INFO - [2023-01-10T21:09:13.188-0500] {dag.py:2676} INFO - Sync 1 DAGs
[2023-01-10T21:09:13.204-0500] {logging_mixin.py:137} INFO - [2023-01-10T21:09:13.204-0500] {dag.py:3423} INFO - Setting next_dagrun for latest_only to 2023-01-10T22:09:13.204390+00:00, run_after=2023-01-11T02:09:13.204390+00:00
[2023-01-10T21:09:13.223-0500] {processor.py:175} INFO - Processing /Library/Frameworks/Python.framework/Versions/3.9/lib/python3.9/site-packages/airflow/example_dags/example_latest_only.py took 0.693 seconds
[2023-01-10T21:12:18.006-0500] {processor.py:153} INFO - Started process (PID=5196) to work on /Library/Frameworks/Python.framework/Versions/3.9/lib/python3.9/site-packages/airflow/example_dags/example_latest_only.py
[2023-01-10T21:12:18.011-0500] {processor.py:743} INFO - Processing file /Library/Frameworks/Python.framework/Versions/3.9/lib/python3.9/site-packages/airflow/example_dags/example_latest_only.py for tasks to queue
[2023-01-10T21:12:18.011-0500] {logging_mixin.py:137} INFO - [2023-01-10T21:12:18.011-0500] {dagbag.py:538} INFO - Filling up the DagBag from /Library/Frameworks/Python.framework/Versions/3.9/lib/python3.9/site-packages/airflow/example_dags/example_latest_only.py
[2023-01-10T21:12:18.037-0500] {processor.py:753} INFO - DAG(s) dict_keys(['latest_only']) retrieved from /Library/Frameworks/Python.framework/Versions/3.9/lib/python3.9/site-packages/airflow/example_dags/example_latest_only.py
[2023-01-10T21:12:18.643-0500] {logging_mixin.py:137} INFO - [2023-01-10T21:12:18.643-0500] {dag.py:2676} INFO - Sync 1 DAGs
[2023-01-10T21:12:18.659-0500] {logging_mixin.py:137} INFO - [2023-01-10T21:12:18.658-0500] {dag.py:3423} INFO - Setting next_dagrun for latest_only to 2023-01-10T22:12:18.658723+00:00, run_after=2023-01-11T02:12:18.658723+00:00
[2023-01-10T21:12:18.677-0500] {processor.py:175} INFO - Processing /Library/Frameworks/Python.framework/Versions/3.9/lib/python3.9/site-packages/airflow/example_dags/example_latest_only.py took 0.672 seconds
[2023-01-10T21:15:18.203-0500] {processor.py:153} INFO - Started process (PID=5323) to work on /Library/Frameworks/Python.framework/Versions/3.9/lib/python3.9/site-packages/airflow/example_dags/example_latest_only.py
[2023-01-10T21:15:18.209-0500] {processor.py:743} INFO - Processing file /Library/Frameworks/Python.framework/Versions/3.9/lib/python3.9/site-packages/airflow/example_dags/example_latest_only.py for tasks to queue
[2023-01-10T21:15:18.209-0500] {logging_mixin.py:137} INFO - [2023-01-10T21:15:18.209-0500] {dagbag.py:538} INFO - Filling up the DagBag from /Library/Frameworks/Python.framework/Versions/3.9/lib/python3.9/site-packages/airflow/example_dags/example_latest_only.py
[2023-01-10T21:15:18.238-0500] {processor.py:753} INFO - DAG(s) dict_keys(['latest_only']) retrieved from /Library/Frameworks/Python.framework/Versions/3.9/lib/python3.9/site-packages/airflow/example_dags/example_latest_only.py
[2023-01-10T21:15:18.998-0500] {logging_mixin.py:137} INFO - [2023-01-10T21:15:18.998-0500] {dag.py:2676} INFO - Sync 1 DAGs
[2023-01-10T21:15:19.015-0500] {logging_mixin.py:137} INFO - [2023-01-10T21:15:19.015-0500] {dag.py:3423} INFO - Setting next_dagrun for latest_only to 2023-01-10T22:15:19.015361+00:00, run_after=2023-01-11T02:15:19.015361+00:00
[2023-01-10T21:15:19.034-0500] {processor.py:175} INFO - Processing /Library/Frameworks/Python.framework/Versions/3.9/lib/python3.9/site-packages/airflow/example_dags/example_latest_only.py took 0.832 seconds
[2023-01-10T21:18:38.162-0500] {processor.py:153} INFO - Started process (PID=5408) to work on /Library/Frameworks/Python.framework/Versions/3.9/lib/python3.9/site-packages/airflow/example_dags/example_latest_only.py
[2023-01-10T21:18:38.167-0500] {processor.py:743} INFO - Processing file /Library/Frameworks/Python.framework/Versions/3.9/lib/python3.9/site-packages/airflow/example_dags/example_latest_only.py for tasks to queue
[2023-01-10T21:18:38.169-0500] {logging_mixin.py:137} INFO - [2023-01-10T21:18:38.168-0500] {dagbag.py:538} INFO - Filling up the DagBag from /Library/Frameworks/Python.framework/Versions/3.9/lib/python3.9/site-packages/airflow/example_dags/example_latest_only.py
[2023-01-10T21:18:38.214-0500] {processor.py:753} INFO - DAG(s) dict_keys(['latest_only']) retrieved from /Library/Frameworks/Python.framework/Versions/3.9/lib/python3.9/site-packages/airflow/example_dags/example_latest_only.py
[2023-01-10T21:18:38.823-0500] {logging_mixin.py:137} INFO - [2023-01-10T21:18:38.823-0500] {dag.py:2676} INFO - Sync 1 DAGs
[2023-01-10T21:18:38.838-0500] {logging_mixin.py:137} INFO - [2023-01-10T21:18:38.837-0500] {dag.py:3423} INFO - Setting next_dagrun for latest_only to 2023-01-10T22:18:38.837840+00:00, run_after=2023-01-11T02:18:38.837840+00:00
[2023-01-10T21:18:38.862-0500] {processor.py:175} INFO - Processing /Library/Frameworks/Python.framework/Versions/3.9/lib/python3.9/site-packages/airflow/example_dags/example_latest_only.py took 0.700 seconds
[2023-01-10T22:22:00.844-0500] {processor.py:153} INFO - Started process (PID=6204) to work on /Library/Frameworks/Python.framework/Versions/3.9/lib/python3.9/site-packages/airflow/example_dags/example_latest_only.py
[2023-01-10T22:22:00.850-0500] {processor.py:743} INFO - Processing file /Library/Frameworks/Python.framework/Versions/3.9/lib/python3.9/site-packages/airflow/example_dags/example_latest_only.py for tasks to queue
[2023-01-10T22:22:00.850-0500] {logging_mixin.py:137} INFO - [2023-01-10T22:22:00.850-0500] {dagbag.py:538} INFO - Filling up the DagBag from /Library/Frameworks/Python.framework/Versions/3.9/lib/python3.9/site-packages/airflow/example_dags/example_latest_only.py
[2023-01-10T22:22:00.904-0500] {processor.py:753} INFO - DAG(s) dict_keys(['latest_only']) retrieved from /Library/Frameworks/Python.framework/Versions/3.9/lib/python3.9/site-packages/airflow/example_dags/example_latest_only.py
[2023-01-10T22:22:01.960-0500] {logging_mixin.py:137} INFO - [2023-01-10T22:22:01.960-0500] {dag.py:2676} INFO - Sync 1 DAGs
[2023-01-10T22:22:01.982-0500] {logging_mixin.py:137} INFO - [2023-01-10T22:22:01.982-0500] {dag.py:3423} INFO - Setting next_dagrun for latest_only to 2023-01-10T23:22:01.982506+00:00, run_after=2023-01-11T03:22:01.982506+00:00
[2023-01-10T22:22:02.037-0500] {processor.py:175} INFO - Processing /Library/Frameworks/Python.framework/Versions/3.9/lib/python3.9/site-packages/airflow/example_dags/example_latest_only.py took 1.194 seconds
[2023-01-10T22:25:27.709-0500] {processor.py:153} INFO - Started process (PID=6313) to work on /Library/Frameworks/Python.framework/Versions/3.9/lib/python3.9/site-packages/airflow/example_dags/example_latest_only.py
[2023-01-10T22:25:27.718-0500] {processor.py:743} INFO - Processing file /Library/Frameworks/Python.framework/Versions/3.9/lib/python3.9/site-packages/airflow/example_dags/example_latest_only.py for tasks to queue
[2023-01-10T22:25:27.719-0500] {logging_mixin.py:137} INFO - [2023-01-10T22:25:27.719-0500] {dagbag.py:538} INFO - Filling up the DagBag from /Library/Frameworks/Python.framework/Versions/3.9/lib/python3.9/site-packages/airflow/example_dags/example_latest_only.py
[2023-01-10T22:25:27.765-0500] {processor.py:753} INFO - DAG(s) dict_keys(['latest_only']) retrieved from /Library/Frameworks/Python.framework/Versions/3.9/lib/python3.9/site-packages/airflow/example_dags/example_latest_only.py
[2023-01-10T22:25:28.853-0500] {logging_mixin.py:137} INFO - [2023-01-10T22:25:28.853-0500] {dag.py:2676} INFO - Sync 1 DAGs
[2023-01-10T22:25:28.882-0500] {logging_mixin.py:137} INFO - [2023-01-10T22:25:28.881-0500] {dag.py:3423} INFO - Setting next_dagrun for latest_only to 2023-01-10T23:25:28.881678+00:00, run_after=2023-01-11T03:25:28.881678+00:00
[2023-01-10T22:25:28.921-0500] {processor.py:175} INFO - Processing /Library/Frameworks/Python.framework/Versions/3.9/lib/python3.9/site-packages/airflow/example_dags/example_latest_only.py took 1.213 seconds
[2023-01-10T22:29:42.914-0500] {processor.py:153} INFO - Started process (PID=6420) to work on /Library/Frameworks/Python.framework/Versions/3.9/lib/python3.9/site-packages/airflow/example_dags/example_latest_only.py
[2023-01-10T22:29:42.920-0500] {processor.py:743} INFO - Processing file /Library/Frameworks/Python.framework/Versions/3.9/lib/python3.9/site-packages/airflow/example_dags/example_latest_only.py for tasks to queue
[2023-01-10T22:29:42.921-0500] {logging_mixin.py:137} INFO - [2023-01-10T22:29:42.921-0500] {dagbag.py:538} INFO - Filling up the DagBag from /Library/Frameworks/Python.framework/Versions/3.9/lib/python3.9/site-packages/airflow/example_dags/example_latest_only.py
[2023-01-10T22:29:42.951-0500] {processor.py:753} INFO - DAG(s) dict_keys(['latest_only']) retrieved from /Library/Frameworks/Python.framework/Versions/3.9/lib/python3.9/site-packages/airflow/example_dags/example_latest_only.py
[2023-01-10T22:29:43.541-0500] {logging_mixin.py:137} INFO - [2023-01-10T22:29:43.541-0500] {dag.py:2676} INFO - Sync 1 DAGs
[2023-01-10T22:29:43.555-0500] {logging_mixin.py:137} INFO - [2023-01-10T22:29:43.555-0500] {dag.py:3423} INFO - Setting next_dagrun for latest_only to 2023-01-10T23:29:43.554938+00:00, run_after=2023-01-11T03:29:43.554938+00:00
[2023-01-10T22:29:43.573-0500] {processor.py:175} INFO - Processing /Library/Frameworks/Python.framework/Versions/3.9/lib/python3.9/site-packages/airflow/example_dags/example_latest_only.py took 0.659 seconds
[2023-01-11T11:18:11.319-0500] {processor.py:153} INFO - Started process (PID=6999) to work on /Library/Frameworks/Python.framework/Versions/3.9/lib/python3.9/site-packages/airflow/example_dags/example_latest_only.py
[2023-01-11T11:18:11.325-0500] {processor.py:743} INFO - Processing file /Library/Frameworks/Python.framework/Versions/3.9/lib/python3.9/site-packages/airflow/example_dags/example_latest_only.py for tasks to queue
[2023-01-11T11:18:11.326-0500] {logging_mixin.py:137} INFO - [2023-01-11T11:18:11.325-0500] {dagbag.py:538} INFO - Filling up the DagBag from /Library/Frameworks/Python.framework/Versions/3.9/lib/python3.9/site-packages/airflow/example_dags/example_latest_only.py
[2023-01-11T11:18:11.354-0500] {processor.py:753} INFO - DAG(s) dict_keys(['latest_only']) retrieved from /Library/Frameworks/Python.framework/Versions/3.9/lib/python3.9/site-packages/airflow/example_dags/example_latest_only.py
[2023-01-11T11:18:12.099-0500] {logging_mixin.py:137} INFO - [2023-01-11T11:18:12.099-0500] {dag.py:2676} INFO - Sync 1 DAGs
[2023-01-11T11:18:12.114-0500] {logging_mixin.py:137} INFO - [2023-01-11T11:18:12.114-0500] {dag.py:3423} INFO - Setting next_dagrun for latest_only to 2023-01-11T12:18:12.114706+00:00, run_after=2023-01-11T16:18:12.114706+00:00
[2023-01-11T11:18:12.134-0500] {processor.py:175} INFO - Processing /Library/Frameworks/Python.framework/Versions/3.9/lib/python3.9/site-packages/airflow/example_dags/example_latest_only.py took 0.815 seconds
[2023-01-11T11:20:22.809-0500] {processor.py:153} INFO - Started process (PID=7167) to work on /Library/Frameworks/Python.framework/Versions/3.9/lib/python3.9/site-packages/airflow/example_dags/example_latest_only.py
[2023-01-11T11:20:22.815-0500] {processor.py:743} INFO - Processing file /Library/Frameworks/Python.framework/Versions/3.9/lib/python3.9/site-packages/airflow/example_dags/example_latest_only.py for tasks to queue
[2023-01-11T11:20:22.816-0500] {logging_mixin.py:137} INFO - [2023-01-11T11:20:22.816-0500] {dagbag.py:538} INFO - Filling up the DagBag from /Library/Frameworks/Python.framework/Versions/3.9/lib/python3.9/site-packages/airflow/example_dags/example_latest_only.py
[2023-01-11T11:20:22.844-0500] {processor.py:753} INFO - DAG(s) dict_keys(['latest_only']) retrieved from /Library/Frameworks/Python.framework/Versions/3.9/lib/python3.9/site-packages/airflow/example_dags/example_latest_only.py
[2023-01-11T11:20:23.489-0500] {logging_mixin.py:137} INFO - [2023-01-11T11:20:23.488-0500] {dag.py:2676} INFO - Sync 1 DAGs
[2023-01-11T11:20:23.506-0500] {logging_mixin.py:137} INFO - [2023-01-11T11:20:23.506-0500] {dag.py:3423} INFO - Setting next_dagrun for latest_only to 2023-01-11T12:20:23.505952+00:00, run_after=2023-01-11T16:20:23.505952+00:00
[2023-01-11T11:20:23.533-0500] {processor.py:175} INFO - Processing /Library/Frameworks/Python.framework/Versions/3.9/lib/python3.9/site-packages/airflow/example_dags/example_latest_only.py took 0.725 seconds
[2023-01-11T11:23:42.225-0500] {processor.py:153} INFO - Started process (PID=7350) to work on /Library/Frameworks/Python.framework/Versions/3.9/lib/python3.9/site-packages/airflow/example_dags/example_latest_only.py
[2023-01-11T11:23:42.231-0500] {processor.py:743} INFO - Processing file /Library/Frameworks/Python.framework/Versions/3.9/lib/python3.9/site-packages/airflow/example_dags/example_latest_only.py for tasks to queue
[2023-01-11T11:23:42.232-0500] {logging_mixin.py:137} INFO - [2023-01-11T11:23:42.232-0500] {dagbag.py:538} INFO - Filling up the DagBag from /Library/Frameworks/Python.framework/Versions/3.9/lib/python3.9/site-packages/airflow/example_dags/example_latest_only.py
[2023-01-11T11:23:42.268-0500] {processor.py:753} INFO - DAG(s) dict_keys(['latest_only']) retrieved from /Library/Frameworks/Python.framework/Versions/3.9/lib/python3.9/site-packages/airflow/example_dags/example_latest_only.py
[2023-01-11T11:23:43.056-0500] {logging_mixin.py:137} INFO - [2023-01-11T11:23:43.055-0500] {dag.py:2676} INFO - Sync 1 DAGs
[2023-01-11T11:23:43.072-0500] {logging_mixin.py:137} INFO - [2023-01-11T11:23:43.071-0500] {dag.py:3423} INFO - Setting next_dagrun for latest_only to 2023-01-11T12:23:43.071769+00:00, run_after=2023-01-11T16:23:43.071769+00:00
[2023-01-11T11:23:43.096-0500] {processor.py:175} INFO - Processing /Library/Frameworks/Python.framework/Versions/3.9/lib/python3.9/site-packages/airflow/example_dags/example_latest_only.py took 0.872 seconds
[2023-01-11T11:27:32.880-0500] {processor.py:153} INFO - Started process (PID=8224) to work on /Library/Frameworks/Python.framework/Versions/3.9/lib/python3.9/site-packages/airflow/example_dags/example_latest_only.py
[2023-01-11T11:27:32.886-0500] {processor.py:743} INFO - Processing file /Library/Frameworks/Python.framework/Versions/3.9/lib/python3.9/site-packages/airflow/example_dags/example_latest_only.py for tasks to queue
[2023-01-11T11:27:32.886-0500] {logging_mixin.py:137} INFO - [2023-01-11T11:27:32.886-0500] {dagbag.py:538} INFO - Filling up the DagBag from /Library/Frameworks/Python.framework/Versions/3.9/lib/python3.9/site-packages/airflow/example_dags/example_latest_only.py
[2023-01-11T11:27:32.911-0500] {processor.py:753} INFO - DAG(s) dict_keys(['latest_only']) retrieved from /Library/Frameworks/Python.framework/Versions/3.9/lib/python3.9/site-packages/airflow/example_dags/example_latest_only.py
[2023-01-11T11:27:33.910-0500] {logging_mixin.py:137} INFO - [2023-01-11T11:27:33.910-0500] {dag.py:2676} INFO - Sync 1 DAGs
[2023-01-11T11:27:33.927-0500] {logging_mixin.py:137} INFO - [2023-01-11T11:27:33.927-0500] {dag.py:3423} INFO - Setting next_dagrun for latest_only to 2023-01-11T12:27:33.927462+00:00, run_after=2023-01-11T16:27:33.927462+00:00
[2023-01-11T11:27:33.950-0500] {processor.py:175} INFO - Processing /Library/Frameworks/Python.framework/Versions/3.9/lib/python3.9/site-packages/airflow/example_dags/example_latest_only.py took 1.070 seconds
[2023-01-11T11:30:50.493-0500] {processor.py:153} INFO - Started process (PID=8340) to work on /Library/Frameworks/Python.framework/Versions/3.9/lib/python3.9/site-packages/airflow/example_dags/example_latest_only.py
[2023-01-11T11:30:50.499-0500] {processor.py:743} INFO - Processing file /Library/Frameworks/Python.framework/Versions/3.9/lib/python3.9/site-packages/airflow/example_dags/example_latest_only.py for tasks to queue
[2023-01-11T11:30:50.499-0500] {logging_mixin.py:137} INFO - [2023-01-11T11:30:50.499-0500] {dagbag.py:538} INFO - Filling up the DagBag from /Library/Frameworks/Python.framework/Versions/3.9/lib/python3.9/site-packages/airflow/example_dags/example_latest_only.py
[2023-01-11T11:30:50.528-0500] {processor.py:753} INFO - DAG(s) dict_keys(['latest_only']) retrieved from /Library/Frameworks/Python.framework/Versions/3.9/lib/python3.9/site-packages/airflow/example_dags/example_latest_only.py
[2023-01-11T11:30:51.116-0500] {logging_mixin.py:137} INFO - [2023-01-11T11:30:51.116-0500] {dag.py:2676} INFO - Sync 1 DAGs
[2023-01-11T11:30:51.131-0500] {logging_mixin.py:137} INFO - [2023-01-11T11:30:51.131-0500] {dag.py:3423} INFO - Setting next_dagrun for latest_only to 2023-01-11T12:30:51.131322+00:00, run_after=2023-01-11T16:30:51.131322+00:00
[2023-01-11T11:30:51.155-0500] {processor.py:175} INFO - Processing /Library/Frameworks/Python.framework/Versions/3.9/lib/python3.9/site-packages/airflow/example_dags/example_latest_only.py took 0.663 seconds
[2023-01-11T11:43:15.435-0500] {processor.py:153} INFO - Started process (PID=8766) to work on /Library/Frameworks/Python.framework/Versions/3.9/lib/python3.9/site-packages/airflow/example_dags/example_latest_only.py
[2023-01-11T11:43:15.441-0500] {processor.py:743} INFO - Processing file /Library/Frameworks/Python.framework/Versions/3.9/lib/python3.9/site-packages/airflow/example_dags/example_latest_only.py for tasks to queue
[2023-01-11T11:43:15.441-0500] {logging_mixin.py:137} INFO - [2023-01-11T11:43:15.441-0500] {dagbag.py:538} INFO - Filling up the DagBag from /Library/Frameworks/Python.framework/Versions/3.9/lib/python3.9/site-packages/airflow/example_dags/example_latest_only.py
[2023-01-11T11:43:15.473-0500] {processor.py:753} INFO - DAG(s) dict_keys(['latest_only']) retrieved from /Library/Frameworks/Python.framework/Versions/3.9/lib/python3.9/site-packages/airflow/example_dags/example_latest_only.py
[2023-01-11T11:43:16.582-0500] {logging_mixin.py:137} INFO - [2023-01-11T11:43:16.581-0500] {dag.py:2676} INFO - Sync 1 DAGs
[2023-01-11T11:43:16.611-0500] {logging_mixin.py:137} INFO - [2023-01-11T11:43:16.611-0500] {dag.py:3423} INFO - Setting next_dagrun for latest_only to 2023-01-11T12:43:16.610945+00:00, run_after=2023-01-11T16:43:16.610945+00:00
[2023-01-11T11:43:16.657-0500] {processor.py:175} INFO - Processing /Library/Frameworks/Python.framework/Versions/3.9/lib/python3.9/site-packages/airflow/example_dags/example_latest_only.py took 1.224 seconds
[2023-01-11T11:45:26.422-0500] {processor.py:153} INFO - Started process (PID=8846) to work on /Library/Frameworks/Python.framework/Versions/3.9/lib/python3.9/site-packages/airflow/example_dags/example_latest_only.py
[2023-01-11T11:45:26.428-0500] {processor.py:743} INFO - Processing file /Library/Frameworks/Python.framework/Versions/3.9/lib/python3.9/site-packages/airflow/example_dags/example_latest_only.py for tasks to queue
[2023-01-11T11:45:26.428-0500] {logging_mixin.py:137} INFO - [2023-01-11T11:45:26.428-0500] {dagbag.py:538} INFO - Filling up the DagBag from /Library/Frameworks/Python.framework/Versions/3.9/lib/python3.9/site-packages/airflow/example_dags/example_latest_only.py
[2023-01-11T11:45:26.459-0500] {processor.py:753} INFO - DAG(s) dict_keys(['latest_only']) retrieved from /Library/Frameworks/Python.framework/Versions/3.9/lib/python3.9/site-packages/airflow/example_dags/example_latest_only.py
[2023-01-11T11:45:27.206-0500] {logging_mixin.py:137} INFO - [2023-01-11T11:45:27.205-0500] {dag.py:2676} INFO - Sync 1 DAGs
[2023-01-11T11:45:27.223-0500] {logging_mixin.py:137} INFO - [2023-01-11T11:45:27.222-0500] {dag.py:3423} INFO - Setting next_dagrun for latest_only to 2023-01-11T12:45:27.222726+00:00, run_after=2023-01-11T16:45:27.222726+00:00
[2023-01-11T11:45:27.242-0500] {processor.py:175} INFO - Processing /Library/Frameworks/Python.framework/Versions/3.9/lib/python3.9/site-packages/airflow/example_dags/example_latest_only.py took 0.821 seconds
[2023-01-11T11:48:54.584-0500] {processor.py:153} INFO - Started process (PID=8946) to work on /Library/Frameworks/Python.framework/Versions/3.9/lib/python3.9/site-packages/airflow/example_dags/example_latest_only.py
[2023-01-11T11:48:54.590-0500] {processor.py:743} INFO - Processing file /Library/Frameworks/Python.framework/Versions/3.9/lib/python3.9/site-packages/airflow/example_dags/example_latest_only.py for tasks to queue
[2023-01-11T11:48:54.591-0500] {logging_mixin.py:137} INFO - [2023-01-11T11:48:54.591-0500] {dagbag.py:538} INFO - Filling up the DagBag from /Library/Frameworks/Python.framework/Versions/3.9/lib/python3.9/site-packages/airflow/example_dags/example_latest_only.py
[2023-01-11T11:48:54.632-0500] {processor.py:753} INFO - DAG(s) dict_keys(['latest_only']) retrieved from /Library/Frameworks/Python.framework/Versions/3.9/lib/python3.9/site-packages/airflow/example_dags/example_latest_only.py
[2023-01-11T11:48:55.265-0500] {logging_mixin.py:137} INFO - [2023-01-11T11:48:55.265-0500] {dag.py:2676} INFO - Sync 1 DAGs
[2023-01-11T11:48:55.281-0500] {logging_mixin.py:137} INFO - [2023-01-11T11:48:55.281-0500] {dag.py:3423} INFO - Setting next_dagrun for latest_only to 2023-01-11T12:48:55.280950+00:00, run_after=2023-01-11T16:48:55.280950+00:00
[2023-01-11T11:48:55.305-0500] {processor.py:175} INFO - Processing /Library/Frameworks/Python.framework/Versions/3.9/lib/python3.9/site-packages/airflow/example_dags/example_latest_only.py took 0.722 seconds
[2023-01-11T11:52:22.584-0500] {processor.py:153} INFO - Started process (PID=9173) to work on /Library/Frameworks/Python.framework/Versions/3.9/lib/python3.9/site-packages/airflow/example_dags/example_latest_only.py
[2023-01-11T11:52:22.590-0500] {processor.py:743} INFO - Processing file /Library/Frameworks/Python.framework/Versions/3.9/lib/python3.9/site-packages/airflow/example_dags/example_latest_only.py for tasks to queue
[2023-01-11T11:52:22.590-0500] {logging_mixin.py:137} INFO - [2023-01-11T11:52:22.590-0500] {dagbag.py:538} INFO - Filling up the DagBag from /Library/Frameworks/Python.framework/Versions/3.9/lib/python3.9/site-packages/airflow/example_dags/example_latest_only.py
[2023-01-11T11:52:22.617-0500] {processor.py:753} INFO - DAG(s) dict_keys(['latest_only']) retrieved from /Library/Frameworks/Python.framework/Versions/3.9/lib/python3.9/site-packages/airflow/example_dags/example_latest_only.py
[2023-01-11T11:52:23.232-0500] {logging_mixin.py:137} INFO - [2023-01-11T11:52:23.232-0500] {dag.py:2676} INFO - Sync 1 DAGs
[2023-01-11T11:52:23.249-0500] {logging_mixin.py:137} INFO - [2023-01-11T11:52:23.249-0500] {dag.py:3423} INFO - Setting next_dagrun for latest_only to 2023-01-11T12:52:23.248856+00:00, run_after=2023-01-11T16:52:23.248856+00:00
[2023-01-11T11:52:23.294-0500] {processor.py:175} INFO - Processing /Library/Frameworks/Python.framework/Versions/3.9/lib/python3.9/site-packages/airflow/example_dags/example_latest_only.py took 0.710 seconds
[2023-01-11T11:56:08.341-0500] {processor.py:153} INFO - Started process (PID=9363) to work on /Library/Frameworks/Python.framework/Versions/3.9/lib/python3.9/site-packages/airflow/example_dags/example_latest_only.py
[2023-01-11T11:56:08.346-0500] {processor.py:743} INFO - Processing file /Library/Frameworks/Python.framework/Versions/3.9/lib/python3.9/site-packages/airflow/example_dags/example_latest_only.py for tasks to queue
[2023-01-11T11:56:08.346-0500] {logging_mixin.py:137} INFO - [2023-01-11T11:56:08.346-0500] {dagbag.py:538} INFO - Filling up the DagBag from /Library/Frameworks/Python.framework/Versions/3.9/lib/python3.9/site-packages/airflow/example_dags/example_latest_only.py
[2023-01-11T11:56:08.376-0500] {processor.py:753} INFO - DAG(s) dict_keys(['latest_only']) retrieved from /Library/Frameworks/Python.framework/Versions/3.9/lib/python3.9/site-packages/airflow/example_dags/example_latest_only.py
[2023-01-11T11:56:09.457-0500] {logging_mixin.py:137} INFO - [2023-01-11T11:56:09.456-0500] {dag.py:2676} INFO - Sync 1 DAGs
[2023-01-11T11:56:09.475-0500] {logging_mixin.py:137} INFO - [2023-01-11T11:56:09.475-0500] {dag.py:3423} INFO - Setting next_dagrun for latest_only to 2023-01-11T12:56:09.474983+00:00, run_after=2023-01-11T16:56:09.474983+00:00
[2023-01-11T11:56:09.497-0500] {processor.py:175} INFO - Processing /Library/Frameworks/Python.framework/Versions/3.9/lib/python3.9/site-packages/airflow/example_dags/example_latest_only.py took 1.157 seconds
[2023-01-11T11:59:39.008-0500] {processor.py:153} INFO - Started process (PID=9480) to work on /Library/Frameworks/Python.framework/Versions/3.9/lib/python3.9/site-packages/airflow/example_dags/example_latest_only.py
[2023-01-11T11:59:39.015-0500] {processor.py:743} INFO - Processing file /Library/Frameworks/Python.framework/Versions/3.9/lib/python3.9/site-packages/airflow/example_dags/example_latest_only.py for tasks to queue
[2023-01-11T11:59:39.016-0500] {logging_mixin.py:137} INFO - [2023-01-11T11:59:39.016-0500] {dagbag.py:538} INFO - Filling up the DagBag from /Library/Frameworks/Python.framework/Versions/3.9/lib/python3.9/site-packages/airflow/example_dags/example_latest_only.py
[2023-01-11T11:59:39.050-0500] {processor.py:753} INFO - DAG(s) dict_keys(['latest_only']) retrieved from /Library/Frameworks/Python.framework/Versions/3.9/lib/python3.9/site-packages/airflow/example_dags/example_latest_only.py
[2023-01-11T11:59:39.711-0500] {logging_mixin.py:137} INFO - [2023-01-11T11:59:39.710-0500] {dag.py:2676} INFO - Sync 1 DAGs
[2023-01-11T11:59:39.727-0500] {logging_mixin.py:137} INFO - [2023-01-11T11:59:39.727-0500] {dag.py:3423} INFO - Setting next_dagrun for latest_only to 2023-01-11T12:59:39.727016+00:00, run_after=2023-01-11T16:59:39.727016+00:00
[2023-01-11T11:59:39.747-0500] {processor.py:175} INFO - Processing /Library/Frameworks/Python.framework/Versions/3.9/lib/python3.9/site-packages/airflow/example_dags/example_latest_only.py took 0.739 seconds
[2023-01-11T12:03:00.383-0500] {processor.py:153} INFO - Started process (PID=9677) to work on /Library/Frameworks/Python.framework/Versions/3.9/lib/python3.9/site-packages/airflow/example_dags/example_latest_only.py
[2023-01-11T12:03:00.388-0500] {processor.py:743} INFO - Processing file /Library/Frameworks/Python.framework/Versions/3.9/lib/python3.9/site-packages/airflow/example_dags/example_latest_only.py for tasks to queue
[2023-01-11T12:03:00.389-0500] {logging_mixin.py:137} INFO - [2023-01-11T12:03:00.389-0500] {dagbag.py:538} INFO - Filling up the DagBag from /Library/Frameworks/Python.framework/Versions/3.9/lib/python3.9/site-packages/airflow/example_dags/example_latest_only.py
[2023-01-11T12:03:00.419-0500] {processor.py:753} INFO - DAG(s) dict_keys(['latest_only']) retrieved from /Library/Frameworks/Python.framework/Versions/3.9/lib/python3.9/site-packages/airflow/example_dags/example_latest_only.py
[2023-01-11T12:03:01.070-0500] {logging_mixin.py:137} INFO - [2023-01-11T12:03:01.069-0500] {dag.py:2676} INFO - Sync 1 DAGs
[2023-01-11T12:03:01.085-0500] {logging_mixin.py:137} INFO - [2023-01-11T12:03:01.085-0500] {dag.py:3423} INFO - Setting next_dagrun for latest_only to 2023-01-11T13:03:01.084908+00:00, run_after=2023-01-11T17:03:01.084908+00:00
[2023-01-11T12:03:01.103-0500] {processor.py:175} INFO - Processing /Library/Frameworks/Python.framework/Versions/3.9/lib/python3.9/site-packages/airflow/example_dags/example_latest_only.py took 0.721 seconds
[2023-01-11T12:06:19.615-0500] {processor.py:153} INFO - Started process (PID=9775) to work on /Library/Frameworks/Python.framework/Versions/3.9/lib/python3.9/site-packages/airflow/example_dags/example_latest_only.py
[2023-01-11T12:06:19.621-0500] {processor.py:743} INFO - Processing file /Library/Frameworks/Python.framework/Versions/3.9/lib/python3.9/site-packages/airflow/example_dags/example_latest_only.py for tasks to queue
[2023-01-11T12:06:19.621-0500] {logging_mixin.py:137} INFO - [2023-01-11T12:06:19.621-0500] {dagbag.py:538} INFO - Filling up the DagBag from /Library/Frameworks/Python.framework/Versions/3.9/lib/python3.9/site-packages/airflow/example_dags/example_latest_only.py
[2023-01-11T12:06:19.648-0500] {processor.py:753} INFO - DAG(s) dict_keys(['latest_only']) retrieved from /Library/Frameworks/Python.framework/Versions/3.9/lib/python3.9/site-packages/airflow/example_dags/example_latest_only.py
[2023-01-11T12:06:20.265-0500] {logging_mixin.py:137} INFO - [2023-01-11T12:06:20.265-0500] {dag.py:2676} INFO - Sync 1 DAGs
[2023-01-11T12:06:20.281-0500] {logging_mixin.py:137} INFO - [2023-01-11T12:06:20.281-0500] {dag.py:3423} INFO - Setting next_dagrun for latest_only to 2023-01-11T13:06:20.280933+00:00, run_after=2023-01-11T17:06:20.280933+00:00
[2023-01-11T12:06:20.301-0500] {processor.py:175} INFO - Processing /Library/Frameworks/Python.framework/Versions/3.9/lib/python3.9/site-packages/airflow/example_dags/example_latest_only.py took 0.687 seconds
[2023-01-11T12:09:46.290-0500] {processor.py:153} INFO - Started process (PID=9867) to work on /Library/Frameworks/Python.framework/Versions/3.9/lib/python3.9/site-packages/airflow/example_dags/example_latest_only.py
[2023-01-11T12:09:46.297-0500] {processor.py:743} INFO - Processing file /Library/Frameworks/Python.framework/Versions/3.9/lib/python3.9/site-packages/airflow/example_dags/example_latest_only.py for tasks to queue
[2023-01-11T12:09:46.297-0500] {logging_mixin.py:137} INFO - [2023-01-11T12:09:46.297-0500] {dagbag.py:538} INFO - Filling up the DagBag from /Library/Frameworks/Python.framework/Versions/3.9/lib/python3.9/site-packages/airflow/example_dags/example_latest_only.py
[2023-01-11T12:09:46.327-0500] {processor.py:753} INFO - DAG(s) dict_keys(['latest_only']) retrieved from /Library/Frameworks/Python.framework/Versions/3.9/lib/python3.9/site-packages/airflow/example_dags/example_latest_only.py
[2023-01-11T12:09:46.949-0500] {logging_mixin.py:137} INFO - [2023-01-11T12:09:46.949-0500] {dag.py:2676} INFO - Sync 1 DAGs
[2023-01-11T12:09:46.964-0500] {logging_mixin.py:137} INFO - [2023-01-11T12:09:46.964-0500] {dag.py:3423} INFO - Setting next_dagrun for latest_only to 2023-01-11T13:09:46.964551+00:00, run_after=2023-01-11T17:09:46.964551+00:00
[2023-01-11T12:09:46.986-0500] {processor.py:175} INFO - Processing /Library/Frameworks/Python.framework/Versions/3.9/lib/python3.9/site-packages/airflow/example_dags/example_latest_only.py took 0.697 seconds
[2023-01-11T12:13:00.591-0500] {processor.py:153} INFO - Started process (PID=10011) to work on /Library/Frameworks/Python.framework/Versions/3.9/lib/python3.9/site-packages/airflow/example_dags/example_latest_only.py
[2023-01-11T12:13:00.597-0500] {processor.py:743} INFO - Processing file /Library/Frameworks/Python.framework/Versions/3.9/lib/python3.9/site-packages/airflow/example_dags/example_latest_only.py for tasks to queue
[2023-01-11T12:13:00.598-0500] {logging_mixin.py:137} INFO - [2023-01-11T12:13:00.597-0500] {dagbag.py:538} INFO - Filling up the DagBag from /Library/Frameworks/Python.framework/Versions/3.9/lib/python3.9/site-packages/airflow/example_dags/example_latest_only.py
[2023-01-11T12:13:00.630-0500] {processor.py:753} INFO - DAG(s) dict_keys(['latest_only']) retrieved from /Library/Frameworks/Python.framework/Versions/3.9/lib/python3.9/site-packages/airflow/example_dags/example_latest_only.py
[2023-01-11T12:13:01.283-0500] {logging_mixin.py:137} INFO - [2023-01-11T12:13:01.283-0500] {dag.py:2676} INFO - Sync 1 DAGs
[2023-01-11T12:13:01.300-0500] {logging_mixin.py:137} INFO - [2023-01-11T12:13:01.300-0500] {dag.py:3423} INFO - Setting next_dagrun for latest_only to 2023-01-11T13:13:01.300606+00:00, run_after=2023-01-11T17:13:01.300606+00:00
[2023-01-11T12:13:01.323-0500] {processor.py:175} INFO - Processing /Library/Frameworks/Python.framework/Versions/3.9/lib/python3.9/site-packages/airflow/example_dags/example_latest_only.py took 0.733 seconds
[2023-01-11T12:16:28.303-0500] {processor.py:153} INFO - Started process (PID=10129) to work on /Library/Frameworks/Python.framework/Versions/3.9/lib/python3.9/site-packages/airflow/example_dags/example_latest_only.py
[2023-01-11T12:16:28.310-0500] {processor.py:743} INFO - Processing file /Library/Frameworks/Python.framework/Versions/3.9/lib/python3.9/site-packages/airflow/example_dags/example_latest_only.py for tasks to queue
[2023-01-11T12:16:28.311-0500] {logging_mixin.py:137} INFO - [2023-01-11T12:16:28.310-0500] {dagbag.py:538} INFO - Filling up the DagBag from /Library/Frameworks/Python.framework/Versions/3.9/lib/python3.9/site-packages/airflow/example_dags/example_latest_only.py
[2023-01-11T12:16:28.345-0500] {processor.py:753} INFO - DAG(s) dict_keys(['latest_only']) retrieved from /Library/Frameworks/Python.framework/Versions/3.9/lib/python3.9/site-packages/airflow/example_dags/example_latest_only.py
[2023-01-11T12:16:28.971-0500] {logging_mixin.py:137} INFO - [2023-01-11T12:16:28.970-0500] {dag.py:2676} INFO - Sync 1 DAGs
[2023-01-11T12:16:28.985-0500] {logging_mixin.py:137} INFO - [2023-01-11T12:16:28.985-0500] {dag.py:3423} INFO - Setting next_dagrun for latest_only to 2023-01-11T13:16:28.985509+00:00, run_after=2023-01-11T17:16:28.985509+00:00
[2023-01-11T12:16:29.006-0500] {processor.py:175} INFO - Processing /Library/Frameworks/Python.framework/Versions/3.9/lib/python3.9/site-packages/airflow/example_dags/example_latest_only.py took 0.704 seconds
[2023-01-11T12:19:55.925-0500] {processor.py:153} INFO - Started process (PID=10298) to work on /Library/Frameworks/Python.framework/Versions/3.9/lib/python3.9/site-packages/airflow/example_dags/example_latest_only.py
[2023-01-11T12:19:55.932-0500] {processor.py:743} INFO - Processing file /Library/Frameworks/Python.framework/Versions/3.9/lib/python3.9/site-packages/airflow/example_dags/example_latest_only.py for tasks to queue
[2023-01-11T12:19:55.933-0500] {logging_mixin.py:137} INFO - [2023-01-11T12:19:55.932-0500] {dagbag.py:538} INFO - Filling up the DagBag from /Library/Frameworks/Python.framework/Versions/3.9/lib/python3.9/site-packages/airflow/example_dags/example_latest_only.py
[2023-01-11T12:19:55.968-0500] {processor.py:753} INFO - DAG(s) dict_keys(['latest_only']) retrieved from /Library/Frameworks/Python.framework/Versions/3.9/lib/python3.9/site-packages/airflow/example_dags/example_latest_only.py
[2023-01-11T12:19:56.642-0500] {logging_mixin.py:137} INFO - [2023-01-11T12:19:56.642-0500] {dag.py:2676} INFO - Sync 1 DAGs
[2023-01-11T12:19:56.657-0500] {logging_mixin.py:137} INFO - [2023-01-11T12:19:56.657-0500] {dag.py:3423} INFO - Setting next_dagrun for latest_only to 2023-01-11T13:19:56.656880+00:00, run_after=2023-01-11T17:19:56.656880+00:00
[2023-01-11T12:19:56.679-0500] {processor.py:175} INFO - Processing /Library/Frameworks/Python.framework/Versions/3.9/lib/python3.9/site-packages/airflow/example_dags/example_latest_only.py took 0.755 seconds
[2023-01-11T15:57:42.916-0500] {processor.py:153} INFO - Started process (PID=10928) to work on /Library/Frameworks/Python.framework/Versions/3.9/lib/python3.9/site-packages/airflow/example_dags/example_latest_only.py
[2023-01-11T15:57:42.921-0500] {processor.py:743} INFO - Processing file /Library/Frameworks/Python.framework/Versions/3.9/lib/python3.9/site-packages/airflow/example_dags/example_latest_only.py for tasks to queue
[2023-01-11T15:57:42.922-0500] {logging_mixin.py:137} INFO - [2023-01-11T15:57:42.922-0500] {dagbag.py:538} INFO - Filling up the DagBag from /Library/Frameworks/Python.framework/Versions/3.9/lib/python3.9/site-packages/airflow/example_dags/example_latest_only.py
[2023-01-11T15:57:42.948-0500] {processor.py:753} INFO - DAG(s) dict_keys(['latest_only']) retrieved from /Library/Frameworks/Python.framework/Versions/3.9/lib/python3.9/site-packages/airflow/example_dags/example_latest_only.py
[2023-01-11T15:57:43.552-0500] {logging_mixin.py:137} INFO - [2023-01-11T15:57:43.552-0500] {dag.py:2676} INFO - Sync 1 DAGs
[2023-01-11T15:57:43.568-0500] {logging_mixin.py:137} INFO - [2023-01-11T15:57:43.567-0500] {dag.py:3423} INFO - Setting next_dagrun for latest_only to 2023-01-11T16:57:43.567829+00:00, run_after=2023-01-11T20:57:43.567829+00:00
[2023-01-11T15:57:43.586-0500] {processor.py:175} INFO - Processing /Library/Frameworks/Python.framework/Versions/3.9/lib/python3.9/site-packages/airflow/example_dags/example_latest_only.py took 0.670 seconds
[2023-01-11T16:21:51.388-0500] {processor.py:153} INFO - Started process (PID=11113) to work on /Library/Frameworks/Python.framework/Versions/3.9/lib/python3.9/site-packages/airflow/example_dags/example_latest_only.py
[2023-01-11T16:21:51.394-0500] {processor.py:743} INFO - Processing file /Library/Frameworks/Python.framework/Versions/3.9/lib/python3.9/site-packages/airflow/example_dags/example_latest_only.py for tasks to queue
[2023-01-11T16:21:51.395-0500] {logging_mixin.py:137} INFO - [2023-01-11T16:21:51.395-0500] {dagbag.py:538} INFO - Filling up the DagBag from /Library/Frameworks/Python.framework/Versions/3.9/lib/python3.9/site-packages/airflow/example_dags/example_latest_only.py
[2023-01-11T16:21:51.425-0500] {processor.py:753} INFO - DAG(s) dict_keys(['latest_only']) retrieved from /Library/Frameworks/Python.framework/Versions/3.9/lib/python3.9/site-packages/airflow/example_dags/example_latest_only.py
[2023-01-11T16:21:52.020-0500] {logging_mixin.py:137} INFO - [2023-01-11T16:21:52.020-0500] {dag.py:2676} INFO - Sync 1 DAGs
[2023-01-11T16:21:52.036-0500] {logging_mixin.py:137} INFO - [2023-01-11T16:21:52.035-0500] {dag.py:3423} INFO - Setting next_dagrun for latest_only to 2023-01-11T17:21:52.035744+00:00, run_after=2023-01-11T21:21:52.035744+00:00
[2023-01-11T16:21:52.056-0500] {processor.py:175} INFO - Processing /Library/Frameworks/Python.framework/Versions/3.9/lib/python3.9/site-packages/airflow/example_dags/example_latest_only.py took 0.669 seconds
[2023-01-11T16:24:01.344-0500] {processor.py:153} INFO - Started process (PID=11195) to work on /Library/Frameworks/Python.framework/Versions/3.9/lib/python3.9/site-packages/airflow/example_dags/example_latest_only.py
[2023-01-11T16:24:01.350-0500] {processor.py:743} INFO - Processing file /Library/Frameworks/Python.framework/Versions/3.9/lib/python3.9/site-packages/airflow/example_dags/example_latest_only.py for tasks to queue
[2023-01-11T16:24:01.351-0500] {logging_mixin.py:137} INFO - [2023-01-11T16:24:01.350-0500] {dagbag.py:538} INFO - Filling up the DagBag from /Library/Frameworks/Python.framework/Versions/3.9/lib/python3.9/site-packages/airflow/example_dags/example_latest_only.py
[2023-01-11T16:24:01.378-0500] {processor.py:753} INFO - DAG(s) dict_keys(['latest_only']) retrieved from /Library/Frameworks/Python.framework/Versions/3.9/lib/python3.9/site-packages/airflow/example_dags/example_latest_only.py
[2023-01-11T16:24:02.046-0500] {logging_mixin.py:137} INFO - [2023-01-11T16:24:02.046-0500] {dag.py:2676} INFO - Sync 1 DAGs
[2023-01-11T16:24:02.062-0500] {logging_mixin.py:137} INFO - [2023-01-11T16:24:02.062-0500] {dag.py:3423} INFO - Setting next_dagrun for latest_only to 2023-01-11T17:24:02.062271+00:00, run_after=2023-01-11T21:24:02.062271+00:00
[2023-01-11T16:24:02.084-0500] {processor.py:175} INFO - Processing /Library/Frameworks/Python.framework/Versions/3.9/lib/python3.9/site-packages/airflow/example_dags/example_latest_only.py took 0.740 seconds
[2023-01-11T16:27:29.461-0500] {processor.py:153} INFO - Started process (PID=11360) to work on /Library/Frameworks/Python.framework/Versions/3.9/lib/python3.9/site-packages/airflow/example_dags/example_latest_only.py
[2023-01-11T16:27:29.469-0500] {processor.py:743} INFO - Processing file /Library/Frameworks/Python.framework/Versions/3.9/lib/python3.9/site-packages/airflow/example_dags/example_latest_only.py for tasks to queue
[2023-01-11T16:27:29.469-0500] {logging_mixin.py:137} INFO - [2023-01-11T16:27:29.469-0500] {dagbag.py:538} INFO - Filling up the DagBag from /Library/Frameworks/Python.framework/Versions/3.9/lib/python3.9/site-packages/airflow/example_dags/example_latest_only.py
[2023-01-11T16:27:29.498-0500] {processor.py:753} INFO - DAG(s) dict_keys(['latest_only']) retrieved from /Library/Frameworks/Python.framework/Versions/3.9/lib/python3.9/site-packages/airflow/example_dags/example_latest_only.py
[2023-01-11T16:27:30.126-0500] {logging_mixin.py:137} INFO - [2023-01-11T16:27:30.125-0500] {dag.py:2676} INFO - Sync 1 DAGs
[2023-01-11T16:27:30.141-0500] {logging_mixin.py:137} INFO - [2023-01-11T16:27:30.141-0500] {dag.py:3423} INFO - Setting next_dagrun for latest_only to 2023-01-11T17:27:30.141245+00:00, run_after=2023-01-11T21:27:30.141245+00:00
[2023-01-11T16:27:30.163-0500] {processor.py:175} INFO - Processing /Library/Frameworks/Python.framework/Versions/3.9/lib/python3.9/site-packages/airflow/example_dags/example_latest_only.py took 0.703 seconds
[2023-01-11T16:30:49.372-0500] {processor.py:153} INFO - Started process (PID=11462) to work on /Library/Frameworks/Python.framework/Versions/3.9/lib/python3.9/site-packages/airflow/example_dags/example_latest_only.py
[2023-01-11T16:30:49.378-0500] {processor.py:743} INFO - Processing file /Library/Frameworks/Python.framework/Versions/3.9/lib/python3.9/site-packages/airflow/example_dags/example_latest_only.py for tasks to queue
[2023-01-11T16:30:49.378-0500] {logging_mixin.py:137} INFO - [2023-01-11T16:30:49.378-0500] {dagbag.py:538} INFO - Filling up the DagBag from /Library/Frameworks/Python.framework/Versions/3.9/lib/python3.9/site-packages/airflow/example_dags/example_latest_only.py
[2023-01-11T16:30:49.405-0500] {processor.py:753} INFO - DAG(s) dict_keys(['latest_only']) retrieved from /Library/Frameworks/Python.framework/Versions/3.9/lib/python3.9/site-packages/airflow/example_dags/example_latest_only.py
[2023-01-11T16:30:50.046-0500] {logging_mixin.py:137} INFO - [2023-01-11T16:30:50.045-0500] {dag.py:2676} INFO - Sync 1 DAGs
[2023-01-11T16:30:50.062-0500] {logging_mixin.py:137} INFO - [2023-01-11T16:30:50.062-0500] {dag.py:3423} INFO - Setting next_dagrun for latest_only to 2023-01-11T17:30:50.062306+00:00, run_after=2023-01-11T21:30:50.062306+00:00
[2023-01-11T16:30:50.081-0500] {processor.py:175} INFO - Processing /Library/Frameworks/Python.framework/Versions/3.9/lib/python3.9/site-packages/airflow/example_dags/example_latest_only.py took 0.710 seconds
[2023-01-11T16:34:18.898-0500] {processor.py:153} INFO - Started process (PID=11552) to work on /Library/Frameworks/Python.framework/Versions/3.9/lib/python3.9/site-packages/airflow/example_dags/example_latest_only.py
[2023-01-11T16:34:18.904-0500] {processor.py:743} INFO - Processing file /Library/Frameworks/Python.framework/Versions/3.9/lib/python3.9/site-packages/airflow/example_dags/example_latest_only.py for tasks to queue
[2023-01-11T16:34:18.904-0500] {logging_mixin.py:137} INFO - [2023-01-11T16:34:18.904-0500] {dagbag.py:538} INFO - Filling up the DagBag from /Library/Frameworks/Python.framework/Versions/3.9/lib/python3.9/site-packages/airflow/example_dags/example_latest_only.py
[2023-01-11T16:34:18.932-0500] {processor.py:753} INFO - DAG(s) dict_keys(['latest_only']) retrieved from /Library/Frameworks/Python.framework/Versions/3.9/lib/python3.9/site-packages/airflow/example_dags/example_latest_only.py
[2023-01-11T16:34:19.585-0500] {logging_mixin.py:137} INFO - [2023-01-11T16:34:19.584-0500] {dag.py:2676} INFO - Sync 1 DAGs
[2023-01-11T16:34:19.602-0500] {logging_mixin.py:137} INFO - [2023-01-11T16:34:19.602-0500] {dag.py:3423} INFO - Setting next_dagrun for latest_only to 2023-01-11T17:34:19.602368+00:00, run_after=2023-01-11T21:34:19.602368+00:00
[2023-01-11T16:34:19.622-0500] {processor.py:175} INFO - Processing /Library/Frameworks/Python.framework/Versions/3.9/lib/python3.9/site-packages/airflow/example_dags/example_latest_only.py took 0.724 seconds
[2023-01-11T16:47:29.875-0500] {processor.py:153} INFO - Started process (PID=11984) to work on /Library/Frameworks/Python.framework/Versions/3.9/lib/python3.9/site-packages/airflow/example_dags/example_latest_only.py
[2023-01-11T16:47:29.909-0500] {processor.py:743} INFO - Processing file /Library/Frameworks/Python.framework/Versions/3.9/lib/python3.9/site-packages/airflow/example_dags/example_latest_only.py for tasks to queue
[2023-01-11T16:47:29.910-0500] {logging_mixin.py:137} INFO - [2023-01-11T16:47:29.910-0500] {dagbag.py:538} INFO - Filling up the DagBag from /Library/Frameworks/Python.framework/Versions/3.9/lib/python3.9/site-packages/airflow/example_dags/example_latest_only.py
[2023-01-11T16:47:30.408-0500] {processor.py:753} INFO - DAG(s) dict_keys(['latest_only']) retrieved from /Library/Frameworks/Python.framework/Versions/3.9/lib/python3.9/site-packages/airflow/example_dags/example_latest_only.py
[2023-01-11T16:47:37.807-0500] {logging_mixin.py:137} INFO - [2023-01-11T16:47:37.806-0500] {dag.py:2676} INFO - Sync 1 DAGs
[2023-01-11T16:47:37.949-0500] {logging_mixin.py:137} INFO - [2023-01-11T16:47:37.949-0500] {dag.py:3423} INFO - Setting next_dagrun for latest_only to 2023-01-11T17:47:37.948878+00:00, run_after=2023-01-11T21:47:37.948878+00:00
[2023-01-11T16:47:38.150-0500] {processor.py:175} INFO - Processing /Library/Frameworks/Python.framework/Versions/3.9/lib/python3.9/site-packages/airflow/example_dags/example_latest_only.py took 8.276 seconds
[2023-01-11T16:51:28.064-0500] {processor.py:153} INFO - Started process (PID=12091) to work on /Library/Frameworks/Python.framework/Versions/3.9/lib/python3.9/site-packages/airflow/example_dags/example_latest_only.py
[2023-01-11T16:51:28.070-0500] {processor.py:743} INFO - Processing file /Library/Frameworks/Python.framework/Versions/3.9/lib/python3.9/site-packages/airflow/example_dags/example_latest_only.py for tasks to queue
[2023-01-11T16:51:28.070-0500] {logging_mixin.py:137} INFO - [2023-01-11T16:51:28.070-0500] {dagbag.py:538} INFO - Filling up the DagBag from /Library/Frameworks/Python.framework/Versions/3.9/lib/python3.9/site-packages/airflow/example_dags/example_latest_only.py
[2023-01-11T16:51:28.098-0500] {processor.py:753} INFO - DAG(s) dict_keys(['latest_only']) retrieved from /Library/Frameworks/Python.framework/Versions/3.9/lib/python3.9/site-packages/airflow/example_dags/example_latest_only.py
[2023-01-11T16:51:28.762-0500] {logging_mixin.py:137} INFO - [2023-01-11T16:51:28.761-0500] {dag.py:2676} INFO - Sync 1 DAGs
[2023-01-11T16:51:28.779-0500] {logging_mixin.py:137} INFO - [2023-01-11T16:51:28.779-0500] {dag.py:3423} INFO - Setting next_dagrun for latest_only to 2023-01-11T17:51:28.779361+00:00, run_after=2023-01-11T21:51:28.779361+00:00
[2023-01-11T16:51:28.799-0500] {processor.py:175} INFO - Processing /Library/Frameworks/Python.framework/Versions/3.9/lib/python3.9/site-packages/airflow/example_dags/example_latest_only.py took 0.736 seconds
[2023-01-11T16:55:16.521-0500] {processor.py:153} INFO - Started process (PID=12290) to work on /Library/Frameworks/Python.framework/Versions/3.9/lib/python3.9/site-packages/airflow/example_dags/example_latest_only.py
[2023-01-11T16:55:16.527-0500] {processor.py:743} INFO - Processing file /Library/Frameworks/Python.framework/Versions/3.9/lib/python3.9/site-packages/airflow/example_dags/example_latest_only.py for tasks to queue
[2023-01-11T16:55:16.528-0500] {logging_mixin.py:137} INFO - [2023-01-11T16:55:16.528-0500] {dagbag.py:538} INFO - Filling up the DagBag from /Library/Frameworks/Python.framework/Versions/3.9/lib/python3.9/site-packages/airflow/example_dags/example_latest_only.py
[2023-01-11T16:55:16.556-0500] {processor.py:753} INFO - DAG(s) dict_keys(['latest_only']) retrieved from /Library/Frameworks/Python.framework/Versions/3.9/lib/python3.9/site-packages/airflow/example_dags/example_latest_only.py
[2023-01-11T16:55:17.265-0500] {logging_mixin.py:137} INFO - [2023-01-11T16:55:17.264-0500] {dag.py:2676} INFO - Sync 1 DAGs
[2023-01-11T16:55:17.281-0500] {logging_mixin.py:137} INFO - [2023-01-11T16:55:17.281-0500] {dag.py:3423} INFO - Setting next_dagrun for latest_only to 2023-01-11T17:55:17.281296+00:00, run_after=2023-01-11T21:55:17.281296+00:00
[2023-01-11T16:55:17.301-0500] {processor.py:175} INFO - Processing /Library/Frameworks/Python.framework/Versions/3.9/lib/python3.9/site-packages/airflow/example_dags/example_latest_only.py took 0.780 seconds
[2023-01-11T16:58:56.700-0500] {processor.py:153} INFO - Started process (PID=12397) to work on /Library/Frameworks/Python.framework/Versions/3.9/lib/python3.9/site-packages/airflow/example_dags/example_latest_only.py
[2023-01-11T16:58:56.705-0500] {processor.py:743} INFO - Processing file /Library/Frameworks/Python.framework/Versions/3.9/lib/python3.9/site-packages/airflow/example_dags/example_latest_only.py for tasks to queue
[2023-01-11T16:58:56.706-0500] {logging_mixin.py:137} INFO - [2023-01-11T16:58:56.706-0500] {dagbag.py:538} INFO - Filling up the DagBag from /Library/Frameworks/Python.framework/Versions/3.9/lib/python3.9/site-packages/airflow/example_dags/example_latest_only.py
[2023-01-11T16:58:56.737-0500] {processor.py:753} INFO - DAG(s) dict_keys(['latest_only']) retrieved from /Library/Frameworks/Python.framework/Versions/3.9/lib/python3.9/site-packages/airflow/example_dags/example_latest_only.py
[2023-01-11T16:58:57.401-0500] {logging_mixin.py:137} INFO - [2023-01-11T16:58:57.400-0500] {dag.py:2676} INFO - Sync 1 DAGs
[2023-01-11T16:58:57.418-0500] {logging_mixin.py:137} INFO - [2023-01-11T16:58:57.418-0500] {dag.py:3423} INFO - Setting next_dagrun for latest_only to 2023-01-11T17:58:57.418450+00:00, run_after=2023-01-11T21:58:57.418450+00:00
[2023-01-11T16:58:57.439-0500] {processor.py:175} INFO - Processing /Library/Frameworks/Python.framework/Versions/3.9/lib/python3.9/site-packages/airflow/example_dags/example_latest_only.py took 0.740 seconds
[2023-01-11T17:02:54.079-0500] {processor.py:153} INFO - Started process (PID=13114) to work on /Library/Frameworks/Python.framework/Versions/3.9/lib/python3.9/site-packages/airflow/example_dags/example_latest_only.py
[2023-01-11T17:02:54.085-0500] {processor.py:743} INFO - Processing file /Library/Frameworks/Python.framework/Versions/3.9/lib/python3.9/site-packages/airflow/example_dags/example_latest_only.py for tasks to queue
[2023-01-11T17:02:54.085-0500] {logging_mixin.py:137} INFO - [2023-01-11T17:02:54.085-0500] {dagbag.py:538} INFO - Filling up the DagBag from /Library/Frameworks/Python.framework/Versions/3.9/lib/python3.9/site-packages/airflow/example_dags/example_latest_only.py
[2023-01-11T17:02:54.118-0500] {processor.py:753} INFO - DAG(s) dict_keys(['latest_only']) retrieved from /Library/Frameworks/Python.framework/Versions/3.9/lib/python3.9/site-packages/airflow/example_dags/example_latest_only.py
[2023-01-11T17:02:55.114-0500] {logging_mixin.py:137} INFO - [2023-01-11T17:02:55.113-0500] {dag.py:2676} INFO - Sync 1 DAGs
[2023-01-11T17:02:55.133-0500] {logging_mixin.py:137} INFO - [2023-01-11T17:02:55.132-0500] {dag.py:3423} INFO - Setting next_dagrun for latest_only to 2023-01-11T18:02:55.132718+00:00, run_after=2023-01-11T22:02:55.132718+00:00
[2023-01-11T17:02:55.208-0500] {processor.py:175} INFO - Processing /Library/Frameworks/Python.framework/Versions/3.9/lib/python3.9/site-packages/airflow/example_dags/example_latest_only.py took 1.130 seconds
