[2023-01-10T20:13:20.053-0500] {processor.py:153} INFO - Started process (PID=2621) to work on /Library/Frameworks/Python.framework/Versions/3.9/lib/python3.9/site-packages/airflow/example_dags/example_branch_labels.py
[2023-01-10T20:13:20.063-0500] {processor.py:743} INFO - Processing file /Library/Frameworks/Python.framework/Versions/3.9/lib/python3.9/site-packages/airflow/example_dags/example_branch_labels.py for tasks to queue
[2023-01-10T20:13:20.064-0500] {logging_mixin.py:137} INFO - [2023-01-10T20:13:20.063-0500] {dagbag.py:538} INFO - Filling up the DagBag from /Library/Frameworks/Python.framework/Versions/3.9/lib/python3.9/site-packages/airflow/example_dags/example_branch_labels.py
[2023-01-10T20:13:20.120-0500] {processor.py:753} INFO - DAG(s) dict_keys(['example_branch_labels']) retrieved from /Library/Frameworks/Python.framework/Versions/3.9/lib/python3.9/site-packages/airflow/example_dags/example_branch_labels.py
[2023-01-10T20:13:21.462-0500] {logging_mixin.py:137} INFO - [2023-01-10T20:13:21.462-0500] {dag.py:2676} INFO - Sync 1 DAGs
[2023-01-10T20:13:21.494-0500] {logging_mixin.py:137} INFO - [2023-01-10T20:13:21.494-0500] {dag.py:3423} INFO - Setting next_dagrun for example_branch_labels to 2023-01-10T00:00:00+00:00, run_after=2023-01-11T00:00:00+00:00
[2023-01-10T20:13:21.525-0500] {processor.py:175} INFO - Processing /Library/Frameworks/Python.framework/Versions/3.9/lib/python3.9/site-packages/airflow/example_dags/example_branch_labels.py took 1.473 seconds
[2023-01-10T20:17:52.804-0500] {processor.py:153} INFO - Started process (PID=2866) to work on /Library/Frameworks/Python.framework/Versions/3.9/lib/python3.9/site-packages/airflow/example_dags/example_branch_labels.py
[2023-01-10T20:17:52.809-0500] {processor.py:743} INFO - Processing file /Library/Frameworks/Python.framework/Versions/3.9/lib/python3.9/site-packages/airflow/example_dags/example_branch_labels.py for tasks to queue
[2023-01-10T20:17:52.809-0500] {logging_mixin.py:137} INFO - [2023-01-10T20:17:52.809-0500] {dagbag.py:538} INFO - Filling up the DagBag from /Library/Frameworks/Python.framework/Versions/3.9/lib/python3.9/site-packages/airflow/example_dags/example_branch_labels.py
[2023-01-10T20:17:52.836-0500] {processor.py:753} INFO - DAG(s) dict_keys(['example_branch_labels']) retrieved from /Library/Frameworks/Python.framework/Versions/3.9/lib/python3.9/site-packages/airflow/example_dags/example_branch_labels.py
[2023-01-10T20:17:53.610-0500] {logging_mixin.py:137} INFO - [2023-01-10T20:17:53.610-0500] {dag.py:2676} INFO - Sync 1 DAGs
[2023-01-10T20:17:53.632-0500] {logging_mixin.py:137} INFO - [2023-01-10T20:17:53.632-0500] {dag.py:3423} INFO - Setting next_dagrun for example_branch_labels to 2023-01-10T00:00:00+00:00, run_after=2023-01-11T00:00:00+00:00
[2023-01-10T20:17:53.654-0500] {processor.py:175} INFO - Processing /Library/Frameworks/Python.framework/Versions/3.9/lib/python3.9/site-packages/airflow/example_dags/example_branch_labels.py took 0.851 seconds
[2023-01-10T20:20:34.004-0500] {processor.py:153} INFO - Started process (PID=2945) to work on /Library/Frameworks/Python.framework/Versions/3.9/lib/python3.9/site-packages/airflow/example_dags/example_branch_labels.py
[2023-01-10T20:20:34.009-0500] {processor.py:743} INFO - Processing file /Library/Frameworks/Python.framework/Versions/3.9/lib/python3.9/site-packages/airflow/example_dags/example_branch_labels.py for tasks to queue
[2023-01-10T20:20:34.009-0500] {logging_mixin.py:137} INFO - [2023-01-10T20:20:34.009-0500] {dagbag.py:538} INFO - Filling up the DagBag from /Library/Frameworks/Python.framework/Versions/3.9/lib/python3.9/site-packages/airflow/example_dags/example_branch_labels.py
[2023-01-10T20:20:34.035-0500] {processor.py:753} INFO - DAG(s) dict_keys(['example_branch_labels']) retrieved from /Library/Frameworks/Python.framework/Versions/3.9/lib/python3.9/site-packages/airflow/example_dags/example_branch_labels.py
[2023-01-10T20:20:34.787-0500] {logging_mixin.py:137} INFO - [2023-01-10T20:20:34.787-0500] {dag.py:2676} INFO - Sync 1 DAGs
[2023-01-10T20:20:34.808-0500] {logging_mixin.py:137} INFO - [2023-01-10T20:20:34.807-0500] {dag.py:3423} INFO - Setting next_dagrun for example_branch_labels to 2023-01-10T00:00:00+00:00, run_after=2023-01-11T00:00:00+00:00
[2023-01-10T20:20:34.827-0500] {processor.py:175} INFO - Processing /Library/Frameworks/Python.framework/Versions/3.9/lib/python3.9/site-packages/airflow/example_dags/example_branch_labels.py took 0.824 seconds
[2023-01-10T20:23:19.199-0500] {processor.py:153} INFO - Started process (PID=3032) to work on /Library/Frameworks/Python.framework/Versions/3.9/lib/python3.9/site-packages/airflow/example_dags/example_branch_labels.py
[2023-01-10T20:23:19.205-0500] {processor.py:743} INFO - Processing file /Library/Frameworks/Python.framework/Versions/3.9/lib/python3.9/site-packages/airflow/example_dags/example_branch_labels.py for tasks to queue
[2023-01-10T20:23:19.205-0500] {logging_mixin.py:137} INFO - [2023-01-10T20:23:19.205-0500] {dagbag.py:538} INFO - Filling up the DagBag from /Library/Frameworks/Python.framework/Versions/3.9/lib/python3.9/site-packages/airflow/example_dags/example_branch_labels.py
[2023-01-10T20:23:19.232-0500] {processor.py:753} INFO - DAG(s) dict_keys(['example_branch_labels']) retrieved from /Library/Frameworks/Python.framework/Versions/3.9/lib/python3.9/site-packages/airflow/example_dags/example_branch_labels.py
[2023-01-10T20:23:19.965-0500] {logging_mixin.py:137} INFO - [2023-01-10T20:23:19.965-0500] {dag.py:2676} INFO - Sync 1 DAGs
[2023-01-10T20:23:19.986-0500] {logging_mixin.py:137} INFO - [2023-01-10T20:23:19.985-0500] {dag.py:3423} INFO - Setting next_dagrun for example_branch_labels to 2023-01-10T00:00:00+00:00, run_after=2023-01-11T00:00:00+00:00
[2023-01-10T20:23:20.004-0500] {processor.py:175} INFO - Processing /Library/Frameworks/Python.framework/Versions/3.9/lib/python3.9/site-packages/airflow/example_dags/example_branch_labels.py took 0.806 seconds
[2023-01-10T20:25:52.705-0500] {processor.py:153} INFO - Started process (PID=3178) to work on /Library/Frameworks/Python.framework/Versions/3.9/lib/python3.9/site-packages/airflow/example_dags/example_branch_labels.py
[2023-01-10T20:25:52.710-0500] {processor.py:743} INFO - Processing file /Library/Frameworks/Python.framework/Versions/3.9/lib/python3.9/site-packages/airflow/example_dags/example_branch_labels.py for tasks to queue
[2023-01-10T20:25:52.710-0500] {logging_mixin.py:137} INFO - [2023-01-10T20:25:52.710-0500] {dagbag.py:538} INFO - Filling up the DagBag from /Library/Frameworks/Python.framework/Versions/3.9/lib/python3.9/site-packages/airflow/example_dags/example_branch_labels.py
[2023-01-10T20:25:52.736-0500] {processor.py:753} INFO - DAG(s) dict_keys(['example_branch_labels']) retrieved from /Library/Frameworks/Python.framework/Versions/3.9/lib/python3.9/site-packages/airflow/example_dags/example_branch_labels.py
[2023-01-10T20:25:53.482-0500] {logging_mixin.py:137} INFO - [2023-01-10T20:25:53.481-0500] {dag.py:2676} INFO - Sync 1 DAGs
[2023-01-10T20:25:53.500-0500] {logging_mixin.py:137} INFO - [2023-01-10T20:25:53.500-0500] {dag.py:3423} INFO - Setting next_dagrun for example_branch_labels to 2023-01-10T00:00:00+00:00, run_after=2023-01-11T00:00:00+00:00
[2023-01-10T20:25:53.520-0500] {processor.py:175} INFO - Processing /Library/Frameworks/Python.framework/Versions/3.9/lib/python3.9/site-packages/airflow/example_dags/example_branch_labels.py took 0.815 seconds
[2023-01-10T20:28:35.406-0500] {processor.py:153} INFO - Started process (PID=3320) to work on /Library/Frameworks/Python.framework/Versions/3.9/lib/python3.9/site-packages/airflow/example_dags/example_branch_labels.py
[2023-01-10T20:28:35.411-0500] {processor.py:743} INFO - Processing file /Library/Frameworks/Python.framework/Versions/3.9/lib/python3.9/site-packages/airflow/example_dags/example_branch_labels.py for tasks to queue
[2023-01-10T20:28:35.412-0500] {logging_mixin.py:137} INFO - [2023-01-10T20:28:35.412-0500] {dagbag.py:538} INFO - Filling up the DagBag from /Library/Frameworks/Python.framework/Versions/3.9/lib/python3.9/site-packages/airflow/example_dags/example_branch_labels.py
[2023-01-10T20:28:35.438-0500] {processor.py:753} INFO - DAG(s) dict_keys(['example_branch_labels']) retrieved from /Library/Frameworks/Python.framework/Versions/3.9/lib/python3.9/site-packages/airflow/example_dags/example_branch_labels.py
[2023-01-10T20:28:36.202-0500] {logging_mixin.py:137} INFO - [2023-01-10T20:28:36.202-0500] {dag.py:2676} INFO - Sync 1 DAGs
[2023-01-10T20:28:36.221-0500] {logging_mixin.py:137} INFO - [2023-01-10T20:28:36.221-0500] {dag.py:3423} INFO - Setting next_dagrun for example_branch_labels to 2023-01-10T00:00:00+00:00, run_after=2023-01-11T00:00:00+00:00
[2023-01-10T20:28:36.240-0500] {processor.py:175} INFO - Processing /Library/Frameworks/Python.framework/Versions/3.9/lib/python3.9/site-packages/airflow/example_dags/example_branch_labels.py took 0.835 seconds
[2023-01-10T20:31:16.472-0500] {processor.py:153} INFO - Started process (PID=3403) to work on /Library/Frameworks/Python.framework/Versions/3.9/lib/python3.9/site-packages/airflow/example_dags/example_branch_labels.py
[2023-01-10T20:31:16.477-0500] {processor.py:743} INFO - Processing file /Library/Frameworks/Python.framework/Versions/3.9/lib/python3.9/site-packages/airflow/example_dags/example_branch_labels.py for tasks to queue
[2023-01-10T20:31:16.477-0500] {logging_mixin.py:137} INFO - [2023-01-10T20:31:16.477-0500] {dagbag.py:538} INFO - Filling up the DagBag from /Library/Frameworks/Python.framework/Versions/3.9/lib/python3.9/site-packages/airflow/example_dags/example_branch_labels.py
[2023-01-10T20:31:16.511-0500] {processor.py:753} INFO - DAG(s) dict_keys(['example_branch_labels']) retrieved from /Library/Frameworks/Python.framework/Versions/3.9/lib/python3.9/site-packages/airflow/example_dags/example_branch_labels.py
[2023-01-10T20:31:17.251-0500] {logging_mixin.py:137} INFO - [2023-01-10T20:31:17.250-0500] {dag.py:2676} INFO - Sync 1 DAGs
[2023-01-10T20:31:17.270-0500] {logging_mixin.py:137} INFO - [2023-01-10T20:31:17.270-0500] {dag.py:3423} INFO - Setting next_dagrun for example_branch_labels to 2023-01-10T00:00:00+00:00, run_after=2023-01-11T00:00:00+00:00
[2023-01-10T20:31:17.294-0500] {processor.py:175} INFO - Processing /Library/Frameworks/Python.framework/Versions/3.9/lib/python3.9/site-packages/airflow/example_dags/example_branch_labels.py took 0.823 seconds
[2023-01-10T20:34:27.191-0500] {processor.py:153} INFO - Started process (PID=3631) to work on /Library/Frameworks/Python.framework/Versions/3.9/lib/python3.9/site-packages/airflow/example_dags/example_branch_labels.py
[2023-01-10T20:34:27.197-0500] {processor.py:743} INFO - Processing file /Library/Frameworks/Python.framework/Versions/3.9/lib/python3.9/site-packages/airflow/example_dags/example_branch_labels.py for tasks to queue
[2023-01-10T20:34:27.197-0500] {logging_mixin.py:137} INFO - [2023-01-10T20:34:27.197-0500] {dagbag.py:538} INFO - Filling up the DagBag from /Library/Frameworks/Python.framework/Versions/3.9/lib/python3.9/site-packages/airflow/example_dags/example_branch_labels.py
[2023-01-10T20:34:27.226-0500] {processor.py:753} INFO - DAG(s) dict_keys(['example_branch_labels']) retrieved from /Library/Frameworks/Python.framework/Versions/3.9/lib/python3.9/site-packages/airflow/example_dags/example_branch_labels.py
[2023-01-10T20:34:27.853-0500] {logging_mixin.py:137} INFO - [2023-01-10T20:34:27.853-0500] {dag.py:2676} INFO - Sync 1 DAGs
[2023-01-10T20:34:27.869-0500] {logging_mixin.py:137} INFO - [2023-01-10T20:34:27.869-0500] {dag.py:3423} INFO - Setting next_dagrun for example_branch_labels to 2023-01-10T00:00:00+00:00, run_after=2023-01-11T00:00:00+00:00
[2023-01-10T20:34:27.888-0500] {processor.py:175} INFO - Processing /Library/Frameworks/Python.framework/Versions/3.9/lib/python3.9/site-packages/airflow/example_dags/example_branch_labels.py took 0.697 seconds
[2023-01-10T20:37:49.498-0500] {processor.py:153} INFO - Started process (PID=3835) to work on /Library/Frameworks/Python.framework/Versions/3.9/lib/python3.9/site-packages/airflow/example_dags/example_branch_labels.py
[2023-01-10T20:37:49.504-0500] {processor.py:743} INFO - Processing file /Library/Frameworks/Python.framework/Versions/3.9/lib/python3.9/site-packages/airflow/example_dags/example_branch_labels.py for tasks to queue
[2023-01-10T20:37:49.505-0500] {logging_mixin.py:137} INFO - [2023-01-10T20:37:49.505-0500] {dagbag.py:538} INFO - Filling up the DagBag from /Library/Frameworks/Python.framework/Versions/3.9/lib/python3.9/site-packages/airflow/example_dags/example_branch_labels.py
[2023-01-10T20:37:49.536-0500] {processor.py:753} INFO - DAG(s) dict_keys(['example_branch_labels']) retrieved from /Library/Frameworks/Python.framework/Versions/3.9/lib/python3.9/site-packages/airflow/example_dags/example_branch_labels.py
[2023-01-10T20:37:50.189-0500] {logging_mixin.py:137} INFO - [2023-01-10T20:37:50.188-0500] {dag.py:2676} INFO - Sync 1 DAGs
[2023-01-10T20:37:50.208-0500] {logging_mixin.py:137} INFO - [2023-01-10T20:37:50.208-0500] {dag.py:3423} INFO - Setting next_dagrun for example_branch_labels to 2023-01-10T00:00:00+00:00, run_after=2023-01-11T00:00:00+00:00
[2023-01-10T20:37:50.228-0500] {processor.py:175} INFO - Processing /Library/Frameworks/Python.framework/Versions/3.9/lib/python3.9/site-packages/airflow/example_dags/example_branch_labels.py took 0.730 seconds
[2023-01-10T20:41:23.843-0500] {processor.py:153} INFO - Started process (PID=3963) to work on /Library/Frameworks/Python.framework/Versions/3.9/lib/python3.9/site-packages/airflow/example_dags/example_branch_labels.py
[2023-01-10T20:41:23.848-0500] {processor.py:743} INFO - Processing file /Library/Frameworks/Python.framework/Versions/3.9/lib/python3.9/site-packages/airflow/example_dags/example_branch_labels.py for tasks to queue
[2023-01-10T20:41:23.849-0500] {logging_mixin.py:137} INFO - [2023-01-10T20:41:23.849-0500] {dagbag.py:538} INFO - Filling up the DagBag from /Library/Frameworks/Python.framework/Versions/3.9/lib/python3.9/site-packages/airflow/example_dags/example_branch_labels.py
[2023-01-10T20:41:23.876-0500] {processor.py:753} INFO - DAG(s) dict_keys(['example_branch_labels']) retrieved from /Library/Frameworks/Python.framework/Versions/3.9/lib/python3.9/site-packages/airflow/example_dags/example_branch_labels.py
[2023-01-10T20:41:24.504-0500] {logging_mixin.py:137} INFO - [2023-01-10T20:41:24.503-0500] {dag.py:2676} INFO - Sync 1 DAGs
[2023-01-10T20:41:24.520-0500] {logging_mixin.py:137} INFO - [2023-01-10T20:41:24.520-0500] {dag.py:3423} INFO - Setting next_dagrun for example_branch_labels to 2023-01-10T00:00:00+00:00, run_after=2023-01-11T00:00:00+00:00
[2023-01-10T20:41:24.541-0500] {processor.py:175} INFO - Processing /Library/Frameworks/Python.framework/Versions/3.9/lib/python3.9/site-packages/airflow/example_dags/example_branch_labels.py took 0.698 seconds
[2023-01-10T20:44:59.166-0500] {processor.py:153} INFO - Started process (PID=4196) to work on /Library/Frameworks/Python.framework/Versions/3.9/lib/python3.9/site-packages/airflow/example_dags/example_branch_labels.py
[2023-01-10T20:44:59.172-0500] {processor.py:743} INFO - Processing file /Library/Frameworks/Python.framework/Versions/3.9/lib/python3.9/site-packages/airflow/example_dags/example_branch_labels.py for tasks to queue
[2023-01-10T20:44:59.172-0500] {logging_mixin.py:137} INFO - [2023-01-10T20:44:59.172-0500] {dagbag.py:538} INFO - Filling up the DagBag from /Library/Frameworks/Python.framework/Versions/3.9/lib/python3.9/site-packages/airflow/example_dags/example_branch_labels.py
[2023-01-10T20:44:59.200-0500] {processor.py:753} INFO - DAG(s) dict_keys(['example_branch_labels']) retrieved from /Library/Frameworks/Python.framework/Versions/3.9/lib/python3.9/site-packages/airflow/example_dags/example_branch_labels.py
[2023-01-10T20:44:59.817-0500] {logging_mixin.py:137} INFO - [2023-01-10T20:44:59.816-0500] {dag.py:2676} INFO - Sync 1 DAGs
[2023-01-10T20:44:59.833-0500] {logging_mixin.py:137} INFO - [2023-01-10T20:44:59.833-0500] {dag.py:3423} INFO - Setting next_dagrun for example_branch_labels to 2023-01-10T00:00:00+00:00, run_after=2023-01-11T00:00:00+00:00
[2023-01-10T20:44:59.853-0500] {processor.py:175} INFO - Processing /Library/Frameworks/Python.framework/Versions/3.9/lib/python3.9/site-packages/airflow/example_dags/example_branch_labels.py took 0.687 seconds
[2023-01-10T20:48:32.315-0500] {processor.py:153} INFO - Started process (PID=4353) to work on /Library/Frameworks/Python.framework/Versions/3.9/lib/python3.9/site-packages/airflow/example_dags/example_branch_labels.py
[2023-01-10T20:48:32.321-0500] {processor.py:743} INFO - Processing file /Library/Frameworks/Python.framework/Versions/3.9/lib/python3.9/site-packages/airflow/example_dags/example_branch_labels.py for tasks to queue
[2023-01-10T20:48:32.322-0500] {logging_mixin.py:137} INFO - [2023-01-10T20:48:32.322-0500] {dagbag.py:538} INFO - Filling up the DagBag from /Library/Frameworks/Python.framework/Versions/3.9/lib/python3.9/site-packages/airflow/example_dags/example_branch_labels.py
[2023-01-10T20:48:32.353-0500] {processor.py:753} INFO - DAG(s) dict_keys(['example_branch_labels']) retrieved from /Library/Frameworks/Python.framework/Versions/3.9/lib/python3.9/site-packages/airflow/example_dags/example_branch_labels.py
[2023-01-10T20:48:32.991-0500] {logging_mixin.py:137} INFO - [2023-01-10T20:48:32.991-0500] {dag.py:2676} INFO - Sync 1 DAGs
[2023-01-10T20:48:33.008-0500] {logging_mixin.py:137} INFO - [2023-01-10T20:48:33.008-0500] {dag.py:3423} INFO - Setting next_dagrun for example_branch_labels to 2023-01-10T00:00:00+00:00, run_after=2023-01-11T00:00:00+00:00
[2023-01-10T20:48:33.026-0500] {processor.py:175} INFO - Processing /Library/Frameworks/Python.framework/Versions/3.9/lib/python3.9/site-packages/airflow/example_dags/example_branch_labels.py took 0.713 seconds
[2023-01-10T20:51:50.311-0500] {processor.py:153} INFO - Started process (PID=4442) to work on /Library/Frameworks/Python.framework/Versions/3.9/lib/python3.9/site-packages/airflow/example_dags/example_branch_labels.py
[2023-01-10T20:51:50.316-0500] {processor.py:743} INFO - Processing file /Library/Frameworks/Python.framework/Versions/3.9/lib/python3.9/site-packages/airflow/example_dags/example_branch_labels.py for tasks to queue
[2023-01-10T20:51:50.316-0500] {logging_mixin.py:137} INFO - [2023-01-10T20:51:50.316-0500] {dagbag.py:538} INFO - Filling up the DagBag from /Library/Frameworks/Python.framework/Versions/3.9/lib/python3.9/site-packages/airflow/example_dags/example_branch_labels.py
[2023-01-10T20:51:50.345-0500] {processor.py:753} INFO - DAG(s) dict_keys(['example_branch_labels']) retrieved from /Library/Frameworks/Python.framework/Versions/3.9/lib/python3.9/site-packages/airflow/example_dags/example_branch_labels.py
[2023-01-10T20:51:51.078-0500] {logging_mixin.py:137} INFO - [2023-01-10T20:51:51.077-0500] {dag.py:2676} INFO - Sync 1 DAGs
[2023-01-10T20:51:51.095-0500] {logging_mixin.py:137} INFO - [2023-01-10T20:51:51.095-0500] {dag.py:3423} INFO - Setting next_dagrun for example_branch_labels to 2023-01-10T00:00:00+00:00, run_after=2023-01-11T00:00:00+00:00
[2023-01-10T20:51:51.114-0500] {processor.py:175} INFO - Processing /Library/Frameworks/Python.framework/Versions/3.9/lib/python3.9/site-packages/airflow/example_dags/example_branch_labels.py took 0.804 seconds
[2023-01-10T20:55:08.205-0500] {processor.py:153} INFO - Started process (PID=4602) to work on /Library/Frameworks/Python.framework/Versions/3.9/lib/python3.9/site-packages/airflow/example_dags/example_branch_labels.py
[2023-01-10T20:55:08.211-0500] {processor.py:743} INFO - Processing file /Library/Frameworks/Python.framework/Versions/3.9/lib/python3.9/site-packages/airflow/example_dags/example_branch_labels.py for tasks to queue
[2023-01-10T20:55:08.212-0500] {logging_mixin.py:137} INFO - [2023-01-10T20:55:08.212-0500] {dagbag.py:538} INFO - Filling up the DagBag from /Library/Frameworks/Python.framework/Versions/3.9/lib/python3.9/site-packages/airflow/example_dags/example_branch_labels.py
[2023-01-10T20:55:08.244-0500] {processor.py:753} INFO - DAG(s) dict_keys(['example_branch_labels']) retrieved from /Library/Frameworks/Python.framework/Versions/3.9/lib/python3.9/site-packages/airflow/example_dags/example_branch_labels.py
[2023-01-10T20:55:08.869-0500] {logging_mixin.py:137} INFO - [2023-01-10T20:55:08.868-0500] {dag.py:2676} INFO - Sync 1 DAGs
[2023-01-10T20:55:08.885-0500] {logging_mixin.py:137} INFO - [2023-01-10T20:55:08.885-0500] {dag.py:3423} INFO - Setting next_dagrun for example_branch_labels to 2023-01-10T00:00:00+00:00, run_after=2023-01-11T00:00:00+00:00
[2023-01-10T20:55:08.903-0500] {processor.py:175} INFO - Processing /Library/Frameworks/Python.framework/Versions/3.9/lib/python3.9/site-packages/airflow/example_dags/example_branch_labels.py took 0.699 seconds
[2023-01-10T20:58:19.311-0500] {processor.py:153} INFO - Started process (PID=4685) to work on /Library/Frameworks/Python.framework/Versions/3.9/lib/python3.9/site-packages/airflow/example_dags/example_branch_labels.py
[2023-01-10T20:58:19.317-0500] {processor.py:743} INFO - Processing file /Library/Frameworks/Python.framework/Versions/3.9/lib/python3.9/site-packages/airflow/example_dags/example_branch_labels.py for tasks to queue
[2023-01-10T20:58:19.317-0500] {logging_mixin.py:137} INFO - [2023-01-10T20:58:19.317-0500] {dagbag.py:538} INFO - Filling up the DagBag from /Library/Frameworks/Python.framework/Versions/3.9/lib/python3.9/site-packages/airflow/example_dags/example_branch_labels.py
[2023-01-10T20:58:19.346-0500] {processor.py:753} INFO - DAG(s) dict_keys(['example_branch_labels']) retrieved from /Library/Frameworks/Python.framework/Versions/3.9/lib/python3.9/site-packages/airflow/example_dags/example_branch_labels.py
[2023-01-10T20:58:20.016-0500] {logging_mixin.py:137} INFO - [2023-01-10T20:58:20.016-0500] {dag.py:2676} INFO - Sync 1 DAGs
[2023-01-10T20:58:20.036-0500] {logging_mixin.py:137} INFO - [2023-01-10T20:58:20.036-0500] {dag.py:3423} INFO - Setting next_dagrun for example_branch_labels to 2023-01-10T00:00:00+00:00, run_after=2023-01-11T00:00:00+00:00
[2023-01-10T20:58:20.055-0500] {processor.py:175} INFO - Processing /Library/Frameworks/Python.framework/Versions/3.9/lib/python3.9/site-packages/airflow/example_dags/example_branch_labels.py took 0.745 seconds
[2023-01-10T21:01:37.043-0500] {processor.py:153} INFO - Started process (PID=4766) to work on /Library/Frameworks/Python.framework/Versions/3.9/lib/python3.9/site-packages/airflow/example_dags/example_branch_labels.py
[2023-01-10T21:01:37.049-0500] {processor.py:743} INFO - Processing file /Library/Frameworks/Python.framework/Versions/3.9/lib/python3.9/site-packages/airflow/example_dags/example_branch_labels.py for tasks to queue
[2023-01-10T21:01:37.049-0500] {logging_mixin.py:137} INFO - [2023-01-10T21:01:37.049-0500] {dagbag.py:538} INFO - Filling up the DagBag from /Library/Frameworks/Python.framework/Versions/3.9/lib/python3.9/site-packages/airflow/example_dags/example_branch_labels.py
[2023-01-10T21:01:37.076-0500] {processor.py:753} INFO - DAG(s) dict_keys(['example_branch_labels']) retrieved from /Library/Frameworks/Python.framework/Versions/3.9/lib/python3.9/site-packages/airflow/example_dags/example_branch_labels.py
[2023-01-10T21:01:37.701-0500] {logging_mixin.py:137} INFO - [2023-01-10T21:01:37.701-0500] {dag.py:2676} INFO - Sync 1 DAGs
[2023-01-10T21:01:37.718-0500] {logging_mixin.py:137} INFO - [2023-01-10T21:01:37.717-0500] {dag.py:3423} INFO - Setting next_dagrun for example_branch_labels to 2023-01-10T00:00:00+00:00, run_after=2023-01-11T00:00:00+00:00
[2023-01-10T21:01:37.738-0500] {processor.py:175} INFO - Processing /Library/Frameworks/Python.framework/Versions/3.9/lib/python3.9/site-packages/airflow/example_dags/example_branch_labels.py took 0.695 seconds
[2023-01-10T21:04:44.801-0500] {processor.py:153} INFO - Started process (PID=4923) to work on /Library/Frameworks/Python.framework/Versions/3.9/lib/python3.9/site-packages/airflow/example_dags/example_branch_labels.py
[2023-01-10T21:04:44.807-0500] {processor.py:743} INFO - Processing file /Library/Frameworks/Python.framework/Versions/3.9/lib/python3.9/site-packages/airflow/example_dags/example_branch_labels.py for tasks to queue
[2023-01-10T21:04:44.807-0500] {logging_mixin.py:137} INFO - [2023-01-10T21:04:44.807-0500] {dagbag.py:538} INFO - Filling up the DagBag from /Library/Frameworks/Python.framework/Versions/3.9/lib/python3.9/site-packages/airflow/example_dags/example_branch_labels.py
[2023-01-10T21:04:44.835-0500] {processor.py:753} INFO - DAG(s) dict_keys(['example_branch_labels']) retrieved from /Library/Frameworks/Python.framework/Versions/3.9/lib/python3.9/site-packages/airflow/example_dags/example_branch_labels.py
[2023-01-10T21:04:45.434-0500] {logging_mixin.py:137} INFO - [2023-01-10T21:04:45.434-0500] {dag.py:2676} INFO - Sync 1 DAGs
[2023-01-10T21:04:45.451-0500] {logging_mixin.py:137} INFO - [2023-01-10T21:04:45.450-0500] {dag.py:3423} INFO - Setting next_dagrun for example_branch_labels to 2023-01-10T00:00:00+00:00, run_after=2023-01-11T00:00:00+00:00
[2023-01-10T21:04:45.469-0500] {processor.py:175} INFO - Processing /Library/Frameworks/Python.framework/Versions/3.9/lib/python3.9/site-packages/airflow/example_dags/example_branch_labels.py took 0.668 seconds
[2023-01-10T21:07:47.700-0500] {processor.py:153} INFO - Started process (PID=5033) to work on /Library/Frameworks/Python.framework/Versions/3.9/lib/python3.9/site-packages/airflow/example_dags/example_branch_labels.py
[2023-01-10T21:07:47.705-0500] {processor.py:743} INFO - Processing file /Library/Frameworks/Python.framework/Versions/3.9/lib/python3.9/site-packages/airflow/example_dags/example_branch_labels.py for tasks to queue
[2023-01-10T21:07:47.706-0500] {logging_mixin.py:137} INFO - [2023-01-10T21:07:47.706-0500] {dagbag.py:538} INFO - Filling up the DagBag from /Library/Frameworks/Python.framework/Versions/3.9/lib/python3.9/site-packages/airflow/example_dags/example_branch_labels.py
[2023-01-10T21:07:47.736-0500] {processor.py:753} INFO - DAG(s) dict_keys(['example_branch_labels']) retrieved from /Library/Frameworks/Python.framework/Versions/3.9/lib/python3.9/site-packages/airflow/example_dags/example_branch_labels.py
[2023-01-10T21:07:48.371-0500] {logging_mixin.py:137} INFO - [2023-01-10T21:07:48.371-0500] {dag.py:2676} INFO - Sync 1 DAGs
[2023-01-10T21:07:48.387-0500] {logging_mixin.py:137} INFO - [2023-01-10T21:07:48.387-0500] {dag.py:3423} INFO - Setting next_dagrun for example_branch_labels to 2023-01-10T00:00:00+00:00, run_after=2023-01-11T00:00:00+00:00
[2023-01-10T21:07:48.408-0500] {processor.py:175} INFO - Processing /Library/Frameworks/Python.framework/Versions/3.9/lib/python3.9/site-packages/airflow/example_dags/example_branch_labels.py took 0.709 seconds
[2023-01-10T21:10:59.137-0500] {processor.py:153} INFO - Started process (PID=5133) to work on /Library/Frameworks/Python.framework/Versions/3.9/lib/python3.9/site-packages/airflow/example_dags/example_branch_labels.py
[2023-01-10T21:10:59.144-0500] {processor.py:743} INFO - Processing file /Library/Frameworks/Python.framework/Versions/3.9/lib/python3.9/site-packages/airflow/example_dags/example_branch_labels.py for tasks to queue
[2023-01-10T21:10:59.144-0500] {logging_mixin.py:137} INFO - [2023-01-10T21:10:59.144-0500] {dagbag.py:538} INFO - Filling up the DagBag from /Library/Frameworks/Python.framework/Versions/3.9/lib/python3.9/site-packages/airflow/example_dags/example_branch_labels.py
[2023-01-10T21:10:59.173-0500] {processor.py:753} INFO - DAG(s) dict_keys(['example_branch_labels']) retrieved from /Library/Frameworks/Python.framework/Versions/3.9/lib/python3.9/site-packages/airflow/example_dags/example_branch_labels.py
[2023-01-10T21:10:59.807-0500] {logging_mixin.py:137} INFO - [2023-01-10T21:10:59.807-0500] {dag.py:2676} INFO - Sync 1 DAGs
[2023-01-10T21:10:59.825-0500] {logging_mixin.py:137} INFO - [2023-01-10T21:10:59.825-0500] {dag.py:3423} INFO - Setting next_dagrun for example_branch_labels to 2023-01-10T00:00:00+00:00, run_after=2023-01-11T00:00:00+00:00
[2023-01-10T21:10:59.844-0500] {processor.py:175} INFO - Processing /Library/Frameworks/Python.framework/Versions/3.9/lib/python3.9/site-packages/airflow/example_dags/example_branch_labels.py took 0.707 seconds
[2023-01-10T21:13:56.531-0500] {processor.py:153} INFO - Started process (PID=5233) to work on /Library/Frameworks/Python.framework/Versions/3.9/lib/python3.9/site-packages/airflow/example_dags/example_branch_labels.py
[2023-01-10T21:13:56.536-0500] {processor.py:743} INFO - Processing file /Library/Frameworks/Python.framework/Versions/3.9/lib/python3.9/site-packages/airflow/example_dags/example_branch_labels.py for tasks to queue
[2023-01-10T21:13:56.536-0500] {logging_mixin.py:137} INFO - [2023-01-10T21:13:56.536-0500] {dagbag.py:538} INFO - Filling up the DagBag from /Library/Frameworks/Python.framework/Versions/3.9/lib/python3.9/site-packages/airflow/example_dags/example_branch_labels.py
[2023-01-10T21:13:56.565-0500] {processor.py:753} INFO - DAG(s) dict_keys(['example_branch_labels']) retrieved from /Library/Frameworks/Python.framework/Versions/3.9/lib/python3.9/site-packages/airflow/example_dags/example_branch_labels.py
[2023-01-10T21:13:57.236-0500] {logging_mixin.py:137} INFO - [2023-01-10T21:13:57.236-0500] {dag.py:2676} INFO - Sync 1 DAGs
[2023-01-10T21:13:57.251-0500] {logging_mixin.py:137} INFO - [2023-01-10T21:13:57.251-0500] {dag.py:3423} INFO - Setting next_dagrun for example_branch_labels to 2023-01-10T00:00:00+00:00, run_after=2023-01-11T00:00:00+00:00
[2023-01-10T21:13:57.269-0500] {processor.py:175} INFO - Processing /Library/Frameworks/Python.framework/Versions/3.9/lib/python3.9/site-packages/airflow/example_dags/example_branch_labels.py took 0.739 seconds
[2023-01-10T21:17:08.286-0500] {processor.py:153} INFO - Started process (PID=5378) to work on /Library/Frameworks/Python.framework/Versions/3.9/lib/python3.9/site-packages/airflow/example_dags/example_branch_labels.py
[2023-01-10T21:17:08.291-0500] {processor.py:743} INFO - Processing file /Library/Frameworks/Python.framework/Versions/3.9/lib/python3.9/site-packages/airflow/example_dags/example_branch_labels.py for tasks to queue
[2023-01-10T21:17:08.292-0500] {logging_mixin.py:137} INFO - [2023-01-10T21:17:08.292-0500] {dagbag.py:538} INFO - Filling up the DagBag from /Library/Frameworks/Python.framework/Versions/3.9/lib/python3.9/site-packages/airflow/example_dags/example_branch_labels.py
[2023-01-10T21:17:08.320-0500] {processor.py:753} INFO - DAG(s) dict_keys(['example_branch_labels']) retrieved from /Library/Frameworks/Python.framework/Versions/3.9/lib/python3.9/site-packages/airflow/example_dags/example_branch_labels.py
[2023-01-10T21:17:08.988-0500] {logging_mixin.py:137} INFO - [2023-01-10T21:17:08.988-0500] {dag.py:2676} INFO - Sync 1 DAGs
[2023-01-10T21:17:09.005-0500] {logging_mixin.py:137} INFO - [2023-01-10T21:17:09.004-0500] {dag.py:3423} INFO - Setting next_dagrun for example_branch_labels to 2023-01-10T00:00:00+00:00, run_after=2023-01-11T00:00:00+00:00
[2023-01-10T21:17:09.031-0500] {processor.py:175} INFO - Processing /Library/Frameworks/Python.framework/Versions/3.9/lib/python3.9/site-packages/airflow/example_dags/example_branch_labels.py took 0.746 seconds
[2023-01-10T21:21:15.277-0500] {processor.py:153} INFO - Started process (PID=5574) to work on /Library/Frameworks/Python.framework/Versions/3.9/lib/python3.9/site-packages/airflow/example_dags/example_branch_labels.py
[2023-01-10T21:21:15.282-0500] {processor.py:743} INFO - Processing file /Library/Frameworks/Python.framework/Versions/3.9/lib/python3.9/site-packages/airflow/example_dags/example_branch_labels.py for tasks to queue
[2023-01-10T21:21:15.283-0500] {logging_mixin.py:137} INFO - [2023-01-10T21:21:15.283-0500] {dagbag.py:538} INFO - Filling up the DagBag from /Library/Frameworks/Python.framework/Versions/3.9/lib/python3.9/site-packages/airflow/example_dags/example_branch_labels.py
[2023-01-10T21:21:15.310-0500] {processor.py:753} INFO - DAG(s) dict_keys(['example_branch_labels']) retrieved from /Library/Frameworks/Python.framework/Versions/3.9/lib/python3.9/site-packages/airflow/example_dags/example_branch_labels.py
[2023-01-10T21:21:15.896-0500] {logging_mixin.py:137} INFO - [2023-01-10T21:21:15.895-0500] {dag.py:2676} INFO - Sync 1 DAGs
[2023-01-10T21:21:15.911-0500] {logging_mixin.py:137} INFO - [2023-01-10T21:21:15.911-0500] {dag.py:3423} INFO - Setting next_dagrun for example_branch_labels to 2023-01-10T00:00:00+00:00, run_after=2023-01-11T00:00:00+00:00
[2023-01-10T21:21:15.934-0500] {processor.py:175} INFO - Processing /Library/Frameworks/Python.framework/Versions/3.9/lib/python3.9/site-packages/airflow/example_dags/example_branch_labels.py took 0.658 seconds
[2023-01-10T22:22:43.613-0500] {processor.py:153} INFO - Started process (PID=6236) to work on /Library/Frameworks/Python.framework/Versions/3.9/lib/python3.9/site-packages/airflow/example_dags/example_branch_labels.py
[2023-01-10T22:22:43.622-0500] {processor.py:743} INFO - Processing file /Library/Frameworks/Python.framework/Versions/3.9/lib/python3.9/site-packages/airflow/example_dags/example_branch_labels.py for tasks to queue
[2023-01-10T22:22:43.623-0500] {logging_mixin.py:137} INFO - [2023-01-10T22:22:43.623-0500] {dagbag.py:538} INFO - Filling up the DagBag from /Library/Frameworks/Python.framework/Versions/3.9/lib/python3.9/site-packages/airflow/example_dags/example_branch_labels.py
[2023-01-10T22:22:43.694-0500] {processor.py:753} INFO - DAG(s) dict_keys(['example_branch_labels']) retrieved from /Library/Frameworks/Python.framework/Versions/3.9/lib/python3.9/site-packages/airflow/example_dags/example_branch_labels.py
[2023-01-10T22:22:45.103-0500] {logging_mixin.py:137} INFO - [2023-01-10T22:22:45.103-0500] {dag.py:2676} INFO - Sync 1 DAGs
[2023-01-10T22:22:45.141-0500] {logging_mixin.py:137} INFO - [2023-01-10T22:22:45.141-0500] {dag.py:3423} INFO - Setting next_dagrun for example_branch_labels to 2023-01-10T00:00:00+00:00, run_after=2023-01-11T00:00:00+00:00
[2023-01-10T22:22:45.177-0500] {processor.py:175} INFO - Processing /Library/Frameworks/Python.framework/Versions/3.9/lib/python3.9/site-packages/airflow/example_dags/example_branch_labels.py took 1.566 seconds
[2023-01-10T22:29:49.231-0500] {processor.py:153} INFO - Started process (PID=6422) to work on /Library/Frameworks/Python.framework/Versions/3.9/lib/python3.9/site-packages/airflow/example_dags/example_branch_labels.py
[2023-01-10T22:29:49.238-0500] {processor.py:743} INFO - Processing file /Library/Frameworks/Python.framework/Versions/3.9/lib/python3.9/site-packages/airflow/example_dags/example_branch_labels.py for tasks to queue
[2023-01-10T22:29:49.238-0500] {logging_mixin.py:137} INFO - [2023-01-10T22:29:49.238-0500] {dagbag.py:538} INFO - Filling up the DagBag from /Library/Frameworks/Python.framework/Versions/3.9/lib/python3.9/site-packages/airflow/example_dags/example_branch_labels.py
[2023-01-10T22:29:49.268-0500] {processor.py:753} INFO - DAG(s) dict_keys(['example_branch_labels']) retrieved from /Library/Frameworks/Python.framework/Versions/3.9/lib/python3.9/site-packages/airflow/example_dags/example_branch_labels.py
[2023-01-10T22:29:49.850-0500] {logging_mixin.py:137} INFO - [2023-01-10T22:29:49.850-0500] {dag.py:2676} INFO - Sync 1 DAGs
[2023-01-10T22:29:49.867-0500] {logging_mixin.py:137} INFO - [2023-01-10T22:29:49.866-0500] {dag.py:3423} INFO - Setting next_dagrun for example_branch_labels to 2023-01-10T00:00:00+00:00, run_after=2023-01-11T00:00:00+00:00
[2023-01-10T22:29:49.884-0500] {processor.py:175} INFO - Processing /Library/Frameworks/Python.framework/Versions/3.9/lib/python3.9/site-packages/airflow/example_dags/example_branch_labels.py took 0.653 seconds
[2023-01-11T11:18:41.213-0500] {processor.py:153} INFO - Started process (PID=7021) to work on /Library/Frameworks/Python.framework/Versions/3.9/lib/python3.9/site-packages/airflow/example_dags/example_branch_labels.py
[2023-01-11T11:18:41.219-0500] {processor.py:743} INFO - Processing file /Library/Frameworks/Python.framework/Versions/3.9/lib/python3.9/site-packages/airflow/example_dags/example_branch_labels.py for tasks to queue
[2023-01-11T11:18:41.219-0500] {logging_mixin.py:137} INFO - [2023-01-11T11:18:41.219-0500] {dagbag.py:538} INFO - Filling up the DagBag from /Library/Frameworks/Python.framework/Versions/3.9/lib/python3.9/site-packages/airflow/example_dags/example_branch_labels.py
[2023-01-11T11:18:41.267-0500] {processor.py:753} INFO - DAG(s) dict_keys(['example_branch_labels']) retrieved from /Library/Frameworks/Python.framework/Versions/3.9/lib/python3.9/site-packages/airflow/example_dags/example_branch_labels.py
[2023-01-11T11:18:43.230-0500] {logging_mixin.py:137} INFO - [2023-01-11T11:18:43.229-0500] {dag.py:2676} INFO - Sync 1 DAGs
[2023-01-11T11:18:43.286-0500] {logging_mixin.py:137} INFO - [2023-01-11T11:18:43.286-0500] {dag.py:3423} INFO - Setting next_dagrun for example_branch_labels to 2023-01-10T00:00:00+00:00, run_after=2023-01-11T00:00:00+00:00
[2023-01-11T11:18:43.354-0500] {processor.py:175} INFO - Processing /Library/Frameworks/Python.framework/Versions/3.9/lib/python3.9/site-packages/airflow/example_dags/example_branch_labels.py took 2.142 seconds
[2023-01-11T11:22:12.860-0500] {processor.py:153} INFO - Started process (PID=7234) to work on /Library/Frameworks/Python.framework/Versions/3.9/lib/python3.9/site-packages/airflow/example_dags/example_branch_labels.py
[2023-01-11T11:22:12.866-0500] {processor.py:743} INFO - Processing file /Library/Frameworks/Python.framework/Versions/3.9/lib/python3.9/site-packages/airflow/example_dags/example_branch_labels.py for tasks to queue
[2023-01-11T11:22:12.866-0500] {logging_mixin.py:137} INFO - [2023-01-11T11:22:12.866-0500] {dagbag.py:538} INFO - Filling up the DagBag from /Library/Frameworks/Python.framework/Versions/3.9/lib/python3.9/site-packages/airflow/example_dags/example_branch_labels.py
[2023-01-11T11:22:12.897-0500] {processor.py:753} INFO - DAG(s) dict_keys(['example_branch_labels']) retrieved from /Library/Frameworks/Python.framework/Versions/3.9/lib/python3.9/site-packages/airflow/example_dags/example_branch_labels.py
[2023-01-11T11:22:13.500-0500] {logging_mixin.py:137} INFO - [2023-01-11T11:22:13.500-0500] {dag.py:2676} INFO - Sync 1 DAGs
[2023-01-11T11:22:13.517-0500] {logging_mixin.py:137} INFO - [2023-01-11T11:22:13.517-0500] {dag.py:3423} INFO - Setting next_dagrun for example_branch_labels to 2023-01-10T00:00:00+00:00, run_after=2023-01-11T00:00:00+00:00
[2023-01-11T11:22:13.538-0500] {processor.py:175} INFO - Processing /Library/Frameworks/Python.framework/Versions/3.9/lib/python3.9/site-packages/airflow/example_dags/example_branch_labels.py took 0.678 seconds
[2023-01-11T11:26:00.251-0500] {processor.py:153} INFO - Started process (PID=8145) to work on /Library/Frameworks/Python.framework/Versions/3.9/lib/python3.9/site-packages/airflow/example_dags/example_branch_labels.py
[2023-01-11T11:26:00.257-0500] {processor.py:743} INFO - Processing file /Library/Frameworks/Python.framework/Versions/3.9/lib/python3.9/site-packages/airflow/example_dags/example_branch_labels.py for tasks to queue
[2023-01-11T11:26:00.257-0500] {logging_mixin.py:137} INFO - [2023-01-11T11:26:00.257-0500] {dagbag.py:538} INFO - Filling up the DagBag from /Library/Frameworks/Python.framework/Versions/3.9/lib/python3.9/site-packages/airflow/example_dags/example_branch_labels.py
[2023-01-11T11:26:00.286-0500] {processor.py:753} INFO - DAG(s) dict_keys(['example_branch_labels']) retrieved from /Library/Frameworks/Python.framework/Versions/3.9/lib/python3.9/site-packages/airflow/example_dags/example_branch_labels.py
[2023-01-11T11:26:01.107-0500] {logging_mixin.py:137} INFO - [2023-01-11T11:26:01.106-0500] {dag.py:2676} INFO - Sync 1 DAGs
[2023-01-11T11:26:01.125-0500] {logging_mixin.py:137} INFO - [2023-01-11T11:26:01.125-0500] {dag.py:3423} INFO - Setting next_dagrun for example_branch_labels to 2023-01-10T00:00:00+00:00, run_after=2023-01-11T00:00:00+00:00
[2023-01-11T11:26:01.153-0500] {processor.py:175} INFO - Processing /Library/Frameworks/Python.framework/Versions/3.9/lib/python3.9/site-packages/airflow/example_dags/example_branch_labels.py took 0.903 seconds
[2023-01-11T11:29:26.004-0500] {processor.py:153} INFO - Started process (PID=8290) to work on /Library/Frameworks/Python.framework/Versions/3.9/lib/python3.9/site-packages/airflow/example_dags/example_branch_labels.py
[2023-01-11T11:29:26.010-0500] {processor.py:743} INFO - Processing file /Library/Frameworks/Python.framework/Versions/3.9/lib/python3.9/site-packages/airflow/example_dags/example_branch_labels.py for tasks to queue
[2023-01-11T11:29:26.010-0500] {logging_mixin.py:137} INFO - [2023-01-11T11:29:26.010-0500] {dagbag.py:538} INFO - Filling up the DagBag from /Library/Frameworks/Python.framework/Versions/3.9/lib/python3.9/site-packages/airflow/example_dags/example_branch_labels.py
[2023-01-11T11:29:26.041-0500] {processor.py:753} INFO - DAG(s) dict_keys(['example_branch_labels']) retrieved from /Library/Frameworks/Python.framework/Versions/3.9/lib/python3.9/site-packages/airflow/example_dags/example_branch_labels.py
[2023-01-11T11:29:26.666-0500] {logging_mixin.py:137} INFO - [2023-01-11T11:29:26.665-0500] {dag.py:2676} INFO - Sync 1 DAGs
[2023-01-11T11:29:26.686-0500] {logging_mixin.py:137} INFO - [2023-01-11T11:29:26.685-0500] {dag.py:3423} INFO - Setting next_dagrun for example_branch_labels to 2023-01-10T00:00:00+00:00, run_after=2023-01-11T00:00:00+00:00
[2023-01-11T11:29:26.736-0500] {processor.py:175} INFO - Processing /Library/Frameworks/Python.framework/Versions/3.9/lib/python3.9/site-packages/airflow/example_dags/example_branch_labels.py took 0.733 seconds
[2023-01-11T11:41:31.563-0500] {processor.py:153} INFO - Started process (PID=8523) to work on /Library/Frameworks/Python.framework/Versions/3.9/lib/python3.9/site-packages/airflow/example_dags/example_branch_labels.py
[2023-01-11T11:41:31.581-0500] {processor.py:743} INFO - Processing file /Library/Frameworks/Python.framework/Versions/3.9/lib/python3.9/site-packages/airflow/example_dags/example_branch_labels.py for tasks to queue
[2023-01-11T11:41:31.582-0500] {logging_mixin.py:137} INFO - [2023-01-11T11:41:31.581-0500] {dagbag.py:538} INFO - Filling up the DagBag from /Library/Frameworks/Python.framework/Versions/3.9/lib/python3.9/site-packages/airflow/example_dags/example_branch_labels.py
[2023-01-11T11:41:31.635-0500] {processor.py:753} INFO - DAG(s) dict_keys(['example_branch_labels']) retrieved from /Library/Frameworks/Python.framework/Versions/3.9/lib/python3.9/site-packages/airflow/example_dags/example_branch_labels.py
[2023-01-11T11:41:34.078-0500] {logging_mixin.py:137} INFO - [2023-01-11T11:41:34.078-0500] {dag.py:2676} INFO - Sync 1 DAGs
[2023-01-11T11:41:34.126-0500] {logging_mixin.py:137} INFO - [2023-01-11T11:41:34.125-0500] {dag.py:3423} INFO - Setting next_dagrun for example_branch_labels to 2023-01-10T00:00:00+00:00, run_after=2023-01-11T00:00:00+00:00
[2023-01-11T11:41:34.279-0500] {processor.py:175} INFO - Processing /Library/Frameworks/Python.framework/Versions/3.9/lib/python3.9/site-packages/airflow/example_dags/example_branch_labels.py took 2.716 seconds
[2023-01-11T11:45:33.545-0500] {processor.py:153} INFO - Started process (PID=8851) to work on /Library/Frameworks/Python.framework/Versions/3.9/lib/python3.9/site-packages/airflow/example_dags/example_branch_labels.py
[2023-01-11T11:45:33.551-0500] {processor.py:743} INFO - Processing file /Library/Frameworks/Python.framework/Versions/3.9/lib/python3.9/site-packages/airflow/example_dags/example_branch_labels.py for tasks to queue
[2023-01-11T11:45:33.552-0500] {logging_mixin.py:137} INFO - [2023-01-11T11:45:33.552-0500] {dagbag.py:538} INFO - Filling up the DagBag from /Library/Frameworks/Python.framework/Versions/3.9/lib/python3.9/site-packages/airflow/example_dags/example_branch_labels.py
[2023-01-11T11:45:33.583-0500] {processor.py:753} INFO - DAG(s) dict_keys(['example_branch_labels']) retrieved from /Library/Frameworks/Python.framework/Versions/3.9/lib/python3.9/site-packages/airflow/example_dags/example_branch_labels.py
[2023-01-11T11:45:34.215-0500] {logging_mixin.py:137} INFO - [2023-01-11T11:45:34.215-0500] {dag.py:2676} INFO - Sync 1 DAGs
[2023-01-11T11:45:34.232-0500] {logging_mixin.py:137} INFO - [2023-01-11T11:45:34.232-0500] {dag.py:3423} INFO - Setting next_dagrun for example_branch_labels to 2023-01-10T00:00:00+00:00, run_after=2023-01-11T00:00:00+00:00
[2023-01-11T11:45:34.258-0500] {processor.py:175} INFO - Processing /Library/Frameworks/Python.framework/Versions/3.9/lib/python3.9/site-packages/airflow/example_dags/example_branch_labels.py took 0.713 seconds
[2023-01-11T11:49:01.340-0500] {processor.py:153} INFO - Started process (PID=8948) to work on /Library/Frameworks/Python.framework/Versions/3.9/lib/python3.9/site-packages/airflow/example_dags/example_branch_labels.py
[2023-01-11T11:49:01.345-0500] {processor.py:743} INFO - Processing file /Library/Frameworks/Python.framework/Versions/3.9/lib/python3.9/site-packages/airflow/example_dags/example_branch_labels.py for tasks to queue
[2023-01-11T11:49:01.346-0500] {logging_mixin.py:137} INFO - [2023-01-11T11:49:01.346-0500] {dagbag.py:538} INFO - Filling up the DagBag from /Library/Frameworks/Python.framework/Versions/3.9/lib/python3.9/site-packages/airflow/example_dags/example_branch_labels.py
[2023-01-11T11:49:01.375-0500] {processor.py:753} INFO - DAG(s) dict_keys(['example_branch_labels']) retrieved from /Library/Frameworks/Python.framework/Versions/3.9/lib/python3.9/site-packages/airflow/example_dags/example_branch_labels.py
[2023-01-11T11:49:02.025-0500] {logging_mixin.py:137} INFO - [2023-01-11T11:49:02.025-0500] {dag.py:2676} INFO - Sync 1 DAGs
[2023-01-11T11:49:02.046-0500] {logging_mixin.py:137} INFO - [2023-01-11T11:49:02.046-0500] {dag.py:3423} INFO - Setting next_dagrun for example_branch_labels to 2023-01-10T00:00:00+00:00, run_after=2023-01-11T00:00:00+00:00
[2023-01-11T11:49:02.070-0500] {processor.py:175} INFO - Processing /Library/Frameworks/Python.framework/Versions/3.9/lib/python3.9/site-packages/airflow/example_dags/example_branch_labels.py took 0.731 seconds
[2023-01-11T11:52:29.781-0500] {processor.py:153} INFO - Started process (PID=9188) to work on /Library/Frameworks/Python.framework/Versions/3.9/lib/python3.9/site-packages/airflow/example_dags/example_branch_labels.py
[2023-01-11T11:52:29.786-0500] {processor.py:743} INFO - Processing file /Library/Frameworks/Python.framework/Versions/3.9/lib/python3.9/site-packages/airflow/example_dags/example_branch_labels.py for tasks to queue
[2023-01-11T11:52:29.787-0500] {logging_mixin.py:137} INFO - [2023-01-11T11:52:29.787-0500] {dagbag.py:538} INFO - Filling up the DagBag from /Library/Frameworks/Python.framework/Versions/3.9/lib/python3.9/site-packages/airflow/example_dags/example_branch_labels.py
[2023-01-11T11:52:29.815-0500] {processor.py:753} INFO - DAG(s) dict_keys(['example_branch_labels']) retrieved from /Library/Frameworks/Python.framework/Versions/3.9/lib/python3.9/site-packages/airflow/example_dags/example_branch_labels.py
[2023-01-11T11:52:30.460-0500] {logging_mixin.py:137} INFO - [2023-01-11T11:52:30.459-0500] {dag.py:2676} INFO - Sync 1 DAGs
[2023-01-11T11:52:30.476-0500] {logging_mixin.py:137} INFO - [2023-01-11T11:52:30.476-0500] {dag.py:3423} INFO - Setting next_dagrun for example_branch_labels to 2023-01-10T00:00:00+00:00, run_after=2023-01-11T00:00:00+00:00
[2023-01-11T11:52:30.498-0500] {processor.py:175} INFO - Processing /Library/Frameworks/Python.framework/Versions/3.9/lib/python3.9/site-packages/airflow/example_dags/example_branch_labels.py took 0.718 seconds
[2023-01-11T11:56:15.488-0500] {processor.py:153} INFO - Started process (PID=9373) to work on /Library/Frameworks/Python.framework/Versions/3.9/lib/python3.9/site-packages/airflow/example_dags/example_branch_labels.py
[2023-01-11T11:56:15.494-0500] {processor.py:743} INFO - Processing file /Library/Frameworks/Python.framework/Versions/3.9/lib/python3.9/site-packages/airflow/example_dags/example_branch_labels.py for tasks to queue
[2023-01-11T11:56:15.495-0500] {logging_mixin.py:137} INFO - [2023-01-11T11:56:15.495-0500] {dagbag.py:538} INFO - Filling up the DagBag from /Library/Frameworks/Python.framework/Versions/3.9/lib/python3.9/site-packages/airflow/example_dags/example_branch_labels.py
[2023-01-11T11:56:15.528-0500] {processor.py:753} INFO - DAG(s) dict_keys(['example_branch_labels']) retrieved from /Library/Frameworks/Python.framework/Versions/3.9/lib/python3.9/site-packages/airflow/example_dags/example_branch_labels.py
[2023-01-11T11:56:16.197-0500] {logging_mixin.py:137} INFO - [2023-01-11T11:56:16.197-0500] {dag.py:2676} INFO - Sync 1 DAGs
[2023-01-11T11:56:16.214-0500] {logging_mixin.py:137} INFO - [2023-01-11T11:56:16.214-0500] {dag.py:3423} INFO - Setting next_dagrun for example_branch_labels to 2023-01-10T00:00:00+00:00, run_after=2023-01-11T00:00:00+00:00
[2023-01-11T11:56:16.236-0500] {processor.py:175} INFO - Processing /Library/Frameworks/Python.framework/Versions/3.9/lib/python3.9/site-packages/airflow/example_dags/example_branch_labels.py took 0.749 seconds
[2023-01-11T11:59:45.715-0500] {processor.py:153} INFO - Started process (PID=9483) to work on /Library/Frameworks/Python.framework/Versions/3.9/lib/python3.9/site-packages/airflow/example_dags/example_branch_labels.py
[2023-01-11T11:59:45.721-0500] {processor.py:743} INFO - Processing file /Library/Frameworks/Python.framework/Versions/3.9/lib/python3.9/site-packages/airflow/example_dags/example_branch_labels.py for tasks to queue
[2023-01-11T11:59:45.722-0500] {logging_mixin.py:137} INFO - [2023-01-11T11:59:45.721-0500] {dagbag.py:538} INFO - Filling up the DagBag from /Library/Frameworks/Python.framework/Versions/3.9/lib/python3.9/site-packages/airflow/example_dags/example_branch_labels.py
[2023-01-11T11:59:45.752-0500] {processor.py:753} INFO - DAG(s) dict_keys(['example_branch_labels']) retrieved from /Library/Frameworks/Python.framework/Versions/3.9/lib/python3.9/site-packages/airflow/example_dags/example_branch_labels.py
[2023-01-11T11:59:46.398-0500] {logging_mixin.py:137} INFO - [2023-01-11T11:59:46.397-0500] {dag.py:2676} INFO - Sync 1 DAGs
[2023-01-11T11:59:46.416-0500] {logging_mixin.py:137} INFO - [2023-01-11T11:59:46.416-0500] {dag.py:3423} INFO - Setting next_dagrun for example_branch_labels to 2023-01-10T00:00:00+00:00, run_after=2023-01-11T00:00:00+00:00
[2023-01-11T11:59:46.439-0500] {processor.py:175} INFO - Processing /Library/Frameworks/Python.framework/Versions/3.9/lib/python3.9/site-packages/airflow/example_dags/example_branch_labels.py took 0.724 seconds
[2023-01-11T12:03:06.420-0500] {processor.py:153} INFO - Started process (PID=9683) to work on /Library/Frameworks/Python.framework/Versions/3.9/lib/python3.9/site-packages/airflow/example_dags/example_branch_labels.py
[2023-01-11T12:03:06.426-0500] {processor.py:743} INFO - Processing file /Library/Frameworks/Python.framework/Versions/3.9/lib/python3.9/site-packages/airflow/example_dags/example_branch_labels.py for tasks to queue
[2023-01-11T12:03:06.427-0500] {logging_mixin.py:137} INFO - [2023-01-11T12:03:06.426-0500] {dagbag.py:538} INFO - Filling up the DagBag from /Library/Frameworks/Python.framework/Versions/3.9/lib/python3.9/site-packages/airflow/example_dags/example_branch_labels.py
[2023-01-11T12:03:06.460-0500] {processor.py:753} INFO - DAG(s) dict_keys(['example_branch_labels']) retrieved from /Library/Frameworks/Python.framework/Versions/3.9/lib/python3.9/site-packages/airflow/example_dags/example_branch_labels.py
[2023-01-11T12:03:07.096-0500] {logging_mixin.py:137} INFO - [2023-01-11T12:03:07.096-0500] {dag.py:2676} INFO - Sync 1 DAGs
[2023-01-11T12:03:07.114-0500] {logging_mixin.py:137} INFO - [2023-01-11T12:03:07.114-0500] {dag.py:3423} INFO - Setting next_dagrun for example_branch_labels to 2023-01-10T00:00:00+00:00, run_after=2023-01-11T00:00:00+00:00
[2023-01-11T12:03:07.133-0500] {processor.py:175} INFO - Processing /Library/Frameworks/Python.framework/Versions/3.9/lib/python3.9/site-packages/airflow/example_dags/example_branch_labels.py took 0.713 seconds
[2023-01-11T12:06:26.653-0500] {processor.py:153} INFO - Started process (PID=9779) to work on /Library/Frameworks/Python.framework/Versions/3.9/lib/python3.9/site-packages/airflow/example_dags/example_branch_labels.py
[2023-01-11T12:06:26.660-0500] {processor.py:743} INFO - Processing file /Library/Frameworks/Python.framework/Versions/3.9/lib/python3.9/site-packages/airflow/example_dags/example_branch_labels.py for tasks to queue
[2023-01-11T12:06:26.660-0500] {logging_mixin.py:137} INFO - [2023-01-11T12:06:26.660-0500] {dagbag.py:538} INFO - Filling up the DagBag from /Library/Frameworks/Python.framework/Versions/3.9/lib/python3.9/site-packages/airflow/example_dags/example_branch_labels.py
[2023-01-11T12:06:26.690-0500] {processor.py:753} INFO - DAG(s) dict_keys(['example_branch_labels']) retrieved from /Library/Frameworks/Python.framework/Versions/3.9/lib/python3.9/site-packages/airflow/example_dags/example_branch_labels.py
[2023-01-11T12:06:27.406-0500] {logging_mixin.py:137} INFO - [2023-01-11T12:06:27.406-0500] {dag.py:2676} INFO - Sync 1 DAGs
[2023-01-11T12:06:27.423-0500] {logging_mixin.py:137} INFO - [2023-01-11T12:06:27.423-0500] {dag.py:3423} INFO - Setting next_dagrun for example_branch_labels to 2023-01-10T00:00:00+00:00, run_after=2023-01-11T00:00:00+00:00
[2023-01-11T12:06:27.442-0500] {processor.py:175} INFO - Processing /Library/Frameworks/Python.framework/Versions/3.9/lib/python3.9/site-packages/airflow/example_dags/example_branch_labels.py took 0.790 seconds
[2023-01-11T12:09:52.869-0500] {processor.py:153} INFO - Started process (PID=9869) to work on /Library/Frameworks/Python.framework/Versions/3.9/lib/python3.9/site-packages/airflow/example_dags/example_branch_labels.py
[2023-01-11T12:09:52.876-0500] {processor.py:743} INFO - Processing file /Library/Frameworks/Python.framework/Versions/3.9/lib/python3.9/site-packages/airflow/example_dags/example_branch_labels.py for tasks to queue
[2023-01-11T12:09:52.876-0500] {logging_mixin.py:137} INFO - [2023-01-11T12:09:52.876-0500] {dagbag.py:538} INFO - Filling up the DagBag from /Library/Frameworks/Python.framework/Versions/3.9/lib/python3.9/site-packages/airflow/example_dags/example_branch_labels.py
[2023-01-11T12:09:52.908-0500] {processor.py:753} INFO - DAG(s) dict_keys(['example_branch_labels']) retrieved from /Library/Frameworks/Python.framework/Versions/3.9/lib/python3.9/site-packages/airflow/example_dags/example_branch_labels.py
[2023-01-11T12:09:53.550-0500] {logging_mixin.py:137} INFO - [2023-01-11T12:09:53.550-0500] {dag.py:2676} INFO - Sync 1 DAGs
[2023-01-11T12:09:53.567-0500] {logging_mixin.py:137} INFO - [2023-01-11T12:09:53.567-0500] {dag.py:3423} INFO - Setting next_dagrun for example_branch_labels to 2023-01-10T00:00:00+00:00, run_after=2023-01-11T00:00:00+00:00
[2023-01-11T12:09:53.585-0500] {processor.py:175} INFO - Processing /Library/Frameworks/Python.framework/Versions/3.9/lib/python3.9/site-packages/airflow/example_dags/example_branch_labels.py took 0.718 seconds
[2023-01-11T12:13:07.337-0500] {processor.py:153} INFO - Started process (PID=10013) to work on /Library/Frameworks/Python.framework/Versions/3.9/lib/python3.9/site-packages/airflow/example_dags/example_branch_labels.py
[2023-01-11T12:13:07.343-0500] {processor.py:743} INFO - Processing file /Library/Frameworks/Python.framework/Versions/3.9/lib/python3.9/site-packages/airflow/example_dags/example_branch_labels.py for tasks to queue
[2023-01-11T12:13:07.344-0500] {logging_mixin.py:137} INFO - [2023-01-11T12:13:07.344-0500] {dagbag.py:538} INFO - Filling up the DagBag from /Library/Frameworks/Python.framework/Versions/3.9/lib/python3.9/site-packages/airflow/example_dags/example_branch_labels.py
[2023-01-11T12:13:07.372-0500] {processor.py:753} INFO - DAG(s) dict_keys(['example_branch_labels']) retrieved from /Library/Frameworks/Python.framework/Versions/3.9/lib/python3.9/site-packages/airflow/example_dags/example_branch_labels.py
[2023-01-11T12:13:08.040-0500] {logging_mixin.py:137} INFO - [2023-01-11T12:13:08.040-0500] {dag.py:2676} INFO - Sync 1 DAGs
[2023-01-11T12:13:08.057-0500] {logging_mixin.py:137} INFO - [2023-01-11T12:13:08.056-0500] {dag.py:3423} INFO - Setting next_dagrun for example_branch_labels to 2023-01-10T00:00:00+00:00, run_after=2023-01-11T00:00:00+00:00
[2023-01-11T12:13:08.077-0500] {processor.py:175} INFO - Processing /Library/Frameworks/Python.framework/Versions/3.9/lib/python3.9/site-packages/airflow/example_dags/example_branch_labels.py took 0.740 seconds
[2023-01-11T12:16:35.027-0500] {processor.py:153} INFO - Started process (PID=10131) to work on /Library/Frameworks/Python.framework/Versions/3.9/lib/python3.9/site-packages/airflow/example_dags/example_branch_labels.py
[2023-01-11T12:16:35.034-0500] {processor.py:743} INFO - Processing file /Library/Frameworks/Python.framework/Versions/3.9/lib/python3.9/site-packages/airflow/example_dags/example_branch_labels.py for tasks to queue
[2023-01-11T12:16:35.035-0500] {logging_mixin.py:137} INFO - [2023-01-11T12:16:35.035-0500] {dagbag.py:538} INFO - Filling up the DagBag from /Library/Frameworks/Python.framework/Versions/3.9/lib/python3.9/site-packages/airflow/example_dags/example_branch_labels.py
[2023-01-11T12:16:35.066-0500] {processor.py:753} INFO - DAG(s) dict_keys(['example_branch_labels']) retrieved from /Library/Frameworks/Python.framework/Versions/3.9/lib/python3.9/site-packages/airflow/example_dags/example_branch_labels.py
[2023-01-11T12:16:35.717-0500] {logging_mixin.py:137} INFO - [2023-01-11T12:16:35.716-0500] {dag.py:2676} INFO - Sync 1 DAGs
[2023-01-11T12:16:35.735-0500] {logging_mixin.py:137} INFO - [2023-01-11T12:16:35.734-0500] {dag.py:3423} INFO - Setting next_dagrun for example_branch_labels to 2023-01-10T00:00:00+00:00, run_after=2023-01-11T00:00:00+00:00
[2023-01-11T12:16:35.755-0500] {processor.py:175} INFO - Processing /Library/Frameworks/Python.framework/Versions/3.9/lib/python3.9/site-packages/airflow/example_dags/example_branch_labels.py took 0.728 seconds
[2023-01-11T12:20:02.833-0500] {processor.py:153} INFO - Started process (PID=10300) to work on /Library/Frameworks/Python.framework/Versions/3.9/lib/python3.9/site-packages/airflow/example_dags/example_branch_labels.py
[2023-01-11T12:20:02.838-0500] {processor.py:743} INFO - Processing file /Library/Frameworks/Python.framework/Versions/3.9/lib/python3.9/site-packages/airflow/example_dags/example_branch_labels.py for tasks to queue
[2023-01-11T12:20:02.839-0500] {logging_mixin.py:137} INFO - [2023-01-11T12:20:02.838-0500] {dagbag.py:538} INFO - Filling up the DagBag from /Library/Frameworks/Python.framework/Versions/3.9/lib/python3.9/site-packages/airflow/example_dags/example_branch_labels.py
[2023-01-11T12:20:02.869-0500] {processor.py:753} INFO - DAG(s) dict_keys(['example_branch_labels']) retrieved from /Library/Frameworks/Python.framework/Versions/3.9/lib/python3.9/site-packages/airflow/example_dags/example_branch_labels.py
[2023-01-11T12:20:03.493-0500] {logging_mixin.py:137} INFO - [2023-01-11T12:20:03.493-0500] {dag.py:2676} INFO - Sync 1 DAGs
[2023-01-11T12:20:03.509-0500] {logging_mixin.py:137} INFO - [2023-01-11T12:20:03.509-0500] {dag.py:3423} INFO - Setting next_dagrun for example_branch_labels to 2023-01-10T00:00:00+00:00, run_after=2023-01-11T00:00:00+00:00
[2023-01-11T12:20:03.528-0500] {processor.py:175} INFO - Processing /Library/Frameworks/Python.framework/Versions/3.9/lib/python3.9/site-packages/airflow/example_dags/example_branch_labels.py took 0.696 seconds
[2023-01-11T16:20:11.558-0500] {processor.py:153} INFO - Started process (PID=11001) to work on /Library/Frameworks/Python.framework/Versions/3.9/lib/python3.9/site-packages/airflow/example_dags/example_branch_labels.py
[2023-01-11T16:20:11.564-0500] {processor.py:743} INFO - Processing file /Library/Frameworks/Python.framework/Versions/3.9/lib/python3.9/site-packages/airflow/example_dags/example_branch_labels.py for tasks to queue
[2023-01-11T16:20:11.565-0500] {logging_mixin.py:137} INFO - [2023-01-11T16:20:11.565-0500] {dagbag.py:538} INFO - Filling up the DagBag from /Library/Frameworks/Python.framework/Versions/3.9/lib/python3.9/site-packages/airflow/example_dags/example_branch_labels.py
[2023-01-11T16:20:11.624-0500] {processor.py:753} INFO - DAG(s) dict_keys(['example_branch_labels']) retrieved from /Library/Frameworks/Python.framework/Versions/3.9/lib/python3.9/site-packages/airflow/example_dags/example_branch_labels.py
[2023-01-11T16:20:12.587-0500] {logging_mixin.py:137} INFO - [2023-01-11T16:20:12.587-0500] {dag.py:2676} INFO - Sync 1 DAGs
[2023-01-11T16:20:12.611-0500] {logging_mixin.py:137} INFO - [2023-01-11T16:20:12.611-0500] {dag.py:3423} INFO - Setting next_dagrun for example_branch_labels to 2023-01-10T00:00:00+00:00, run_after=2023-01-11T00:00:00+00:00
[2023-01-11T16:20:12.643-0500] {processor.py:175} INFO - Processing /Library/Frameworks/Python.framework/Versions/3.9/lib/python3.9/site-packages/airflow/example_dags/example_branch_labels.py took 1.086 seconds
[2023-01-11T16:24:08.180-0500] {processor.py:153} INFO - Started process (PID=11197) to work on /Library/Frameworks/Python.framework/Versions/3.9/lib/python3.9/site-packages/airflow/example_dags/example_branch_labels.py
[2023-01-11T16:24:08.185-0500] {processor.py:743} INFO - Processing file /Library/Frameworks/Python.framework/Versions/3.9/lib/python3.9/site-packages/airflow/example_dags/example_branch_labels.py for tasks to queue
[2023-01-11T16:24:08.192-0500] {logging_mixin.py:137} INFO - [2023-01-11T16:24:08.192-0500] {dagbag.py:538} INFO - Filling up the DagBag from /Library/Frameworks/Python.framework/Versions/3.9/lib/python3.9/site-packages/airflow/example_dags/example_branch_labels.py
[2023-01-11T16:24:08.230-0500] {processor.py:753} INFO - DAG(s) dict_keys(['example_branch_labels']) retrieved from /Library/Frameworks/Python.framework/Versions/3.9/lib/python3.9/site-packages/airflow/example_dags/example_branch_labels.py
[2023-01-11T16:24:08.958-0500] {logging_mixin.py:137} INFO - [2023-01-11T16:24:08.958-0500] {dag.py:2676} INFO - Sync 1 DAGs
[2023-01-11T16:24:08.975-0500] {logging_mixin.py:137} INFO - [2023-01-11T16:24:08.975-0500] {dag.py:3423} INFO - Setting next_dagrun for example_branch_labels to 2023-01-10T00:00:00+00:00, run_after=2023-01-11T00:00:00+00:00
[2023-01-11T16:24:09.014-0500] {processor.py:175} INFO - Processing /Library/Frameworks/Python.framework/Versions/3.9/lib/python3.9/site-packages/airflow/example_dags/example_branch_labels.py took 0.835 seconds
[2023-01-11T16:27:36.095-0500] {processor.py:153} INFO - Started process (PID=11362) to work on /Library/Frameworks/Python.framework/Versions/3.9/lib/python3.9/site-packages/airflow/example_dags/example_branch_labels.py
[2023-01-11T16:27:36.100-0500] {processor.py:743} INFO - Processing file /Library/Frameworks/Python.framework/Versions/3.9/lib/python3.9/site-packages/airflow/example_dags/example_branch_labels.py for tasks to queue
[2023-01-11T16:27:36.101-0500] {logging_mixin.py:137} INFO - [2023-01-11T16:27:36.101-0500] {dagbag.py:538} INFO - Filling up the DagBag from /Library/Frameworks/Python.framework/Versions/3.9/lib/python3.9/site-packages/airflow/example_dags/example_branch_labels.py
[2023-01-11T16:27:36.129-0500] {processor.py:753} INFO - DAG(s) dict_keys(['example_branch_labels']) retrieved from /Library/Frameworks/Python.framework/Versions/3.9/lib/python3.9/site-packages/airflow/example_dags/example_branch_labels.py
[2023-01-11T16:27:36.744-0500] {logging_mixin.py:137} INFO - [2023-01-11T16:27:36.744-0500] {dag.py:2676} INFO - Sync 1 DAGs
[2023-01-11T16:27:36.764-0500] {logging_mixin.py:137} INFO - [2023-01-11T16:27:36.764-0500] {dag.py:3423} INFO - Setting next_dagrun for example_branch_labels to 2023-01-10T00:00:00+00:00, run_after=2023-01-11T00:00:00+00:00
[2023-01-11T16:27:36.815-0500] {processor.py:175} INFO - Processing /Library/Frameworks/Python.framework/Versions/3.9/lib/python3.9/site-packages/airflow/example_dags/example_branch_labels.py took 0.720 seconds
[2023-01-11T16:30:56.171-0500] {processor.py:153} INFO - Started process (PID=11465) to work on /Library/Frameworks/Python.framework/Versions/3.9/lib/python3.9/site-packages/airflow/example_dags/example_branch_labels.py
[2023-01-11T16:30:56.177-0500] {processor.py:743} INFO - Processing file /Library/Frameworks/Python.framework/Versions/3.9/lib/python3.9/site-packages/airflow/example_dags/example_branch_labels.py for tasks to queue
[2023-01-11T16:30:56.177-0500] {logging_mixin.py:137} INFO - [2023-01-11T16:30:56.177-0500] {dagbag.py:538} INFO - Filling up the DagBag from /Library/Frameworks/Python.framework/Versions/3.9/lib/python3.9/site-packages/airflow/example_dags/example_branch_labels.py
[2023-01-11T16:30:56.208-0500] {processor.py:753} INFO - DAG(s) dict_keys(['example_branch_labels']) retrieved from /Library/Frameworks/Python.framework/Versions/3.9/lib/python3.9/site-packages/airflow/example_dags/example_branch_labels.py
[2023-01-11T16:30:56.857-0500] {logging_mixin.py:137} INFO - [2023-01-11T16:30:56.857-0500] {dag.py:2676} INFO - Sync 1 DAGs
[2023-01-11T16:30:56.876-0500] {logging_mixin.py:137} INFO - [2023-01-11T16:30:56.876-0500] {dag.py:3423} INFO - Setting next_dagrun for example_branch_labels to 2023-01-10T00:00:00+00:00, run_after=2023-01-11T00:00:00+00:00
[2023-01-11T16:30:56.901-0500] {processor.py:175} INFO - Processing /Library/Frameworks/Python.framework/Versions/3.9/lib/python3.9/site-packages/airflow/example_dags/example_branch_labels.py took 0.731 seconds
[2023-01-11T16:34:28.379-0500] {processor.py:153} INFO - Started process (PID=11554) to work on /Library/Frameworks/Python.framework/Versions/3.9/lib/python3.9/site-packages/airflow/example_dags/example_branch_labels.py
[2023-01-11T16:34:28.385-0500] {processor.py:743} INFO - Processing file /Library/Frameworks/Python.framework/Versions/3.9/lib/python3.9/site-packages/airflow/example_dags/example_branch_labels.py for tasks to queue
[2023-01-11T16:34:28.386-0500] {logging_mixin.py:137} INFO - [2023-01-11T16:34:28.386-0500] {dagbag.py:538} INFO - Filling up the DagBag from /Library/Frameworks/Python.framework/Versions/3.9/lib/python3.9/site-packages/airflow/example_dags/example_branch_labels.py
[2023-01-11T16:34:28.418-0500] {processor.py:753} INFO - DAG(s) dict_keys(['example_branch_labels']) retrieved from /Library/Frameworks/Python.framework/Versions/3.9/lib/python3.9/site-packages/airflow/example_dags/example_branch_labels.py
[2023-01-11T16:34:29.059-0500] {logging_mixin.py:137} INFO - [2023-01-11T16:34:29.059-0500] {dag.py:2676} INFO - Sync 1 DAGs
[2023-01-11T16:34:29.076-0500] {logging_mixin.py:137} INFO - [2023-01-11T16:34:29.076-0500] {dag.py:3423} INFO - Setting next_dagrun for example_branch_labels to 2023-01-10T00:00:00+00:00, run_after=2023-01-11T00:00:00+00:00
[2023-01-11T16:34:29.096-0500] {processor.py:175} INFO - Processing /Library/Frameworks/Python.framework/Versions/3.9/lib/python3.9/site-packages/airflow/example_dags/example_branch_labels.py took 0.717 seconds
[2023-01-11T16:48:49.056-0500] {processor.py:153} INFO - Started process (PID=12016) to work on /Library/Frameworks/Python.framework/Versions/3.9/lib/python3.9/site-packages/airflow/example_dags/example_branch_labels.py
[2023-01-11T16:48:49.075-0500] {processor.py:743} INFO - Processing file /Library/Frameworks/Python.framework/Versions/3.9/lib/python3.9/site-packages/airflow/example_dags/example_branch_labels.py for tasks to queue
[2023-01-11T16:48:49.076-0500] {logging_mixin.py:137} INFO - [2023-01-11T16:48:49.075-0500] {dagbag.py:538} INFO - Filling up the DagBag from /Library/Frameworks/Python.framework/Versions/3.9/lib/python3.9/site-packages/airflow/example_dags/example_branch_labels.py
[2023-01-11T16:48:49.158-0500] {processor.py:753} INFO - DAG(s) dict_keys(['example_branch_labels']) retrieved from /Library/Frameworks/Python.framework/Versions/3.9/lib/python3.9/site-packages/airflow/example_dags/example_branch_labels.py
[2023-01-11T16:48:52.000-0500] {logging_mixin.py:137} INFO - [2023-01-11T16:48:52.000-0500] {dag.py:2676} INFO - Sync 1 DAGs
[2023-01-11T16:48:52.039-0500] {logging_mixin.py:137} INFO - [2023-01-11T16:48:52.039-0500] {dag.py:3423} INFO - Setting next_dagrun for example_branch_labels to 2023-01-10T00:00:00+00:00, run_after=2023-01-11T00:00:00+00:00
[2023-01-11T16:48:52.084-0500] {processor.py:175} INFO - Processing /Library/Frameworks/Python.framework/Versions/3.9/lib/python3.9/site-packages/airflow/example_dags/example_branch_labels.py took 3.029 seconds
[2023-01-11T16:53:43.633-0500] {processor.py:153} INFO - Started process (PID=12248) to work on /Library/Frameworks/Python.framework/Versions/3.9/lib/python3.9/site-packages/airflow/example_dags/example_branch_labels.py
[2023-01-11T16:53:43.639-0500] {processor.py:743} INFO - Processing file /Library/Frameworks/Python.framework/Versions/3.9/lib/python3.9/site-packages/airflow/example_dags/example_branch_labels.py for tasks to queue
[2023-01-11T16:53:43.640-0500] {logging_mixin.py:137} INFO - [2023-01-11T16:53:43.640-0500] {dagbag.py:538} INFO - Filling up the DagBag from /Library/Frameworks/Python.framework/Versions/3.9/lib/python3.9/site-packages/airflow/example_dags/example_branch_labels.py
[2023-01-11T16:53:43.673-0500] {processor.py:753} INFO - DAG(s) dict_keys(['example_branch_labels']) retrieved from /Library/Frameworks/Python.framework/Versions/3.9/lib/python3.9/site-packages/airflow/example_dags/example_branch_labels.py
[2023-01-11T16:53:44.408-0500] {logging_mixin.py:137} INFO - [2023-01-11T16:53:44.408-0500] {dag.py:2676} INFO - Sync 1 DAGs
[2023-01-11T16:53:44.428-0500] {logging_mixin.py:137} INFO - [2023-01-11T16:53:44.428-0500] {dag.py:3423} INFO - Setting next_dagrun for example_branch_labels to 2023-01-10T00:00:00+00:00, run_after=2023-01-11T00:00:00+00:00
[2023-01-11T16:53:44.449-0500] {processor.py:175} INFO - Processing /Library/Frameworks/Python.framework/Versions/3.9/lib/python3.9/site-packages/airflow/example_dags/example_branch_labels.py took 0.816 seconds
[2023-01-11T16:57:28.740-0500] {processor.py:153} INFO - Started process (PID=12354) to work on /Library/Frameworks/Python.framework/Versions/3.9/lib/python3.9/site-packages/airflow/example_dags/example_branch_labels.py
[2023-01-11T16:57:28.746-0500] {processor.py:743} INFO - Processing file /Library/Frameworks/Python.framework/Versions/3.9/lib/python3.9/site-packages/airflow/example_dags/example_branch_labels.py for tasks to queue
[2023-01-11T16:57:28.747-0500] {logging_mixin.py:137} INFO - [2023-01-11T16:57:28.747-0500] {dagbag.py:538} INFO - Filling up the DagBag from /Library/Frameworks/Python.framework/Versions/3.9/lib/python3.9/site-packages/airflow/example_dags/example_branch_labels.py
[2023-01-11T16:57:28.786-0500] {processor.py:753} INFO - DAG(s) dict_keys(['example_branch_labels']) retrieved from /Library/Frameworks/Python.framework/Versions/3.9/lib/python3.9/site-packages/airflow/example_dags/example_branch_labels.py
[2023-01-11T16:57:29.446-0500] {logging_mixin.py:137} INFO - [2023-01-11T16:57:29.446-0500] {dag.py:2676} INFO - Sync 1 DAGs
[2023-01-11T16:57:29.464-0500] {logging_mixin.py:137} INFO - [2023-01-11T16:57:29.464-0500] {dag.py:3423} INFO - Setting next_dagrun for example_branch_labels to 2023-01-10T00:00:00+00:00, run_after=2023-01-11T00:00:00+00:00
[2023-01-11T16:57:29.486-0500] {processor.py:175} INFO - Processing /Library/Frameworks/Python.framework/Versions/3.9/lib/python3.9/site-packages/airflow/example_dags/example_branch_labels.py took 0.746 seconds
[2023-01-11T17:01:14.996-0500] {processor.py:153} INFO - Started process (PID=13056) to work on /Library/Frameworks/Python.framework/Versions/3.9/lib/python3.9/site-packages/airflow/example_dags/example_branch_labels.py
[2023-01-11T17:01:15.001-0500] {processor.py:743} INFO - Processing file /Library/Frameworks/Python.framework/Versions/3.9/lib/python3.9/site-packages/airflow/example_dags/example_branch_labels.py for tasks to queue
[2023-01-11T17:01:15.002-0500] {logging_mixin.py:137} INFO - [2023-01-11T17:01:15.002-0500] {dagbag.py:538} INFO - Filling up the DagBag from /Library/Frameworks/Python.framework/Versions/3.9/lib/python3.9/site-packages/airflow/example_dags/example_branch_labels.py
[2023-01-11T17:01:15.032-0500] {processor.py:753} INFO - DAG(s) dict_keys(['example_branch_labels']) retrieved from /Library/Frameworks/Python.framework/Versions/3.9/lib/python3.9/site-packages/airflow/example_dags/example_branch_labels.py
[2023-01-11T17:01:15.740-0500] {logging_mixin.py:137} INFO - [2023-01-11T17:01:15.740-0500] {dag.py:2676} INFO - Sync 1 DAGs
[2023-01-11T17:01:15.758-0500] {logging_mixin.py:137} INFO - [2023-01-11T17:01:15.758-0500] {dag.py:3423} INFO - Setting next_dagrun for example_branch_labels to 2023-01-10T00:00:00+00:00, run_after=2023-01-11T00:00:00+00:00
[2023-01-11T17:01:15.779-0500] {processor.py:175} INFO - Processing /Library/Frameworks/Python.framework/Versions/3.9/lib/python3.9/site-packages/airflow/example_dags/example_branch_labels.py took 0.783 seconds
