[2023-01-10T20:13:16.541-0500] {processor.py:153} INFO - Started process (PID=2617) to work on /Library/Frameworks/Python.framework/Versions/3.9/lib/python3.9/site-packages/airflow/example_dags/example_branch_operator.py
[2023-01-10T20:13:16.551-0500] {processor.py:743} INFO - Processing file /Library/Frameworks/Python.framework/Versions/3.9/lib/python3.9/site-packages/airflow/example_dags/example_branch_operator.py for tasks to queue
[2023-01-10T20:13:16.552-0500] {logging_mixin.py:137} INFO - [2023-01-10T20:13:16.551-0500] {dagbag.py:538} INFO - Filling up the DagBag from /Library/Frameworks/Python.framework/Versions/3.9/lib/python3.9/site-packages/airflow/example_dags/example_branch_operator.py
[2023-01-10T20:13:16.633-0500] {processor.py:753} INFO - DAG(s) dict_keys(['example_branch_operator']) retrieved from /Library/Frameworks/Python.framework/Versions/3.9/lib/python3.9/site-packages/airflow/example_dags/example_branch_operator.py
[2023-01-10T20:13:17.983-0500] {logging_mixin.py:137} INFO - [2023-01-10T20:13:17.982-0500] {dag.py:2676} INFO - Sync 1 DAGs
[2023-01-10T20:13:18.015-0500] {logging_mixin.py:137} INFO - [2023-01-10T20:13:18.015-0500] {dag.py:3423} INFO - Setting next_dagrun for example_branch_operator to 2023-01-10T00:00:00+00:00, run_after=2023-01-11T00:00:00+00:00
[2023-01-10T20:13:18.049-0500] {processor.py:175} INFO - Processing /Library/Frameworks/Python.framework/Versions/3.9/lib/python3.9/site-packages/airflow/example_dags/example_branch_operator.py took 1.509 seconds
[2023-01-10T20:17:49.761-0500] {processor.py:153} INFO - Started process (PID=2865) to work on /Library/Frameworks/Python.framework/Versions/3.9/lib/python3.9/site-packages/airflow/example_dags/example_branch_operator.py
[2023-01-10T20:17:49.767-0500] {processor.py:743} INFO - Processing file /Library/Frameworks/Python.framework/Versions/3.9/lib/python3.9/site-packages/airflow/example_dags/example_branch_operator.py for tasks to queue
[2023-01-10T20:17:49.767-0500] {logging_mixin.py:137} INFO - [2023-01-10T20:17:49.767-0500] {dagbag.py:538} INFO - Filling up the DagBag from /Library/Frameworks/Python.framework/Versions/3.9/lib/python3.9/site-packages/airflow/example_dags/example_branch_operator.py
[2023-01-10T20:17:49.806-0500] {processor.py:753} INFO - DAG(s) dict_keys(['example_branch_operator']) retrieved from /Library/Frameworks/Python.framework/Versions/3.9/lib/python3.9/site-packages/airflow/example_dags/example_branch_operator.py
[2023-01-10T20:17:50.554-0500] {logging_mixin.py:137} INFO - [2023-01-10T20:17:50.554-0500] {dag.py:2676} INFO - Sync 1 DAGs
[2023-01-10T20:17:50.572-0500] {logging_mixin.py:137} INFO - [2023-01-10T20:17:50.572-0500] {dag.py:3423} INFO - Setting next_dagrun for example_branch_operator to 2023-01-10T00:00:00+00:00, run_after=2023-01-11T00:00:00+00:00
[2023-01-10T20:17:50.593-0500] {processor.py:175} INFO - Processing /Library/Frameworks/Python.framework/Versions/3.9/lib/python3.9/site-packages/airflow/example_dags/example_branch_operator.py took 0.833 seconds
[2023-01-10T20:20:31.072-0500] {processor.py:153} INFO - Started process (PID=2944) to work on /Library/Frameworks/Python.framework/Versions/3.9/lib/python3.9/site-packages/airflow/example_dags/example_branch_operator.py
[2023-01-10T20:20:31.078-0500] {processor.py:743} INFO - Processing file /Library/Frameworks/Python.framework/Versions/3.9/lib/python3.9/site-packages/airflow/example_dags/example_branch_operator.py for tasks to queue
[2023-01-10T20:20:31.078-0500] {logging_mixin.py:137} INFO - [2023-01-10T20:20:31.078-0500] {dagbag.py:538} INFO - Filling up the DagBag from /Library/Frameworks/Python.framework/Versions/3.9/lib/python3.9/site-packages/airflow/example_dags/example_branch_operator.py
[2023-01-10T20:20:31.119-0500] {processor.py:753} INFO - DAG(s) dict_keys(['example_branch_operator']) retrieved from /Library/Frameworks/Python.framework/Versions/3.9/lib/python3.9/site-packages/airflow/example_dags/example_branch_operator.py
[2023-01-10T20:20:31.871-0500] {logging_mixin.py:137} INFO - [2023-01-10T20:20:31.871-0500] {dag.py:2676} INFO - Sync 1 DAGs
[2023-01-10T20:20:31.889-0500] {logging_mixin.py:137} INFO - [2023-01-10T20:20:31.888-0500] {dag.py:3423} INFO - Setting next_dagrun for example_branch_operator to 2023-01-10T00:00:00+00:00, run_after=2023-01-11T00:00:00+00:00
[2023-01-10T20:20:31.907-0500] {processor.py:175} INFO - Processing /Library/Frameworks/Python.framework/Versions/3.9/lib/python3.9/site-packages/airflow/example_dags/example_branch_operator.py took 0.835 seconds
[2023-01-10T20:23:16.234-0500] {processor.py:153} INFO - Started process (PID=3031) to work on /Library/Frameworks/Python.framework/Versions/3.9/lib/python3.9/site-packages/airflow/example_dags/example_branch_operator.py
[2023-01-10T20:23:16.239-0500] {processor.py:743} INFO - Processing file /Library/Frameworks/Python.framework/Versions/3.9/lib/python3.9/site-packages/airflow/example_dags/example_branch_operator.py for tasks to queue
[2023-01-10T20:23:16.239-0500] {logging_mixin.py:137} INFO - [2023-01-10T20:23:16.239-0500] {dagbag.py:538} INFO - Filling up the DagBag from /Library/Frameworks/Python.framework/Versions/3.9/lib/python3.9/site-packages/airflow/example_dags/example_branch_operator.py
[2023-01-10T20:23:16.280-0500] {processor.py:753} INFO - DAG(s) dict_keys(['example_branch_operator']) retrieved from /Library/Frameworks/Python.framework/Versions/3.9/lib/python3.9/site-packages/airflow/example_dags/example_branch_operator.py
[2023-01-10T20:23:17.034-0500] {logging_mixin.py:137} INFO - [2023-01-10T20:23:17.034-0500] {dag.py:2676} INFO - Sync 1 DAGs
[2023-01-10T20:23:17.055-0500] {logging_mixin.py:137} INFO - [2023-01-10T20:23:17.055-0500] {dag.py:3423} INFO - Setting next_dagrun for example_branch_operator to 2023-01-10T00:00:00+00:00, run_after=2023-01-11T00:00:00+00:00
[2023-01-10T20:23:17.073-0500] {processor.py:175} INFO - Processing /Library/Frameworks/Python.framework/Versions/3.9/lib/python3.9/site-packages/airflow/example_dags/example_branch_operator.py took 0.840 seconds
[2023-01-10T20:25:49.843-0500] {processor.py:153} INFO - Started process (PID=3177) to work on /Library/Frameworks/Python.framework/Versions/3.9/lib/python3.9/site-packages/airflow/example_dags/example_branch_operator.py
[2023-01-10T20:25:49.848-0500] {processor.py:743} INFO - Processing file /Library/Frameworks/Python.framework/Versions/3.9/lib/python3.9/site-packages/airflow/example_dags/example_branch_operator.py for tasks to queue
[2023-01-10T20:25:49.848-0500] {logging_mixin.py:137} INFO - [2023-01-10T20:25:49.848-0500] {dagbag.py:538} INFO - Filling up the DagBag from /Library/Frameworks/Python.framework/Versions/3.9/lib/python3.9/site-packages/airflow/example_dags/example_branch_operator.py
[2023-01-10T20:25:49.887-0500] {processor.py:753} INFO - DAG(s) dict_keys(['example_branch_operator']) retrieved from /Library/Frameworks/Python.framework/Versions/3.9/lib/python3.9/site-packages/airflow/example_dags/example_branch_operator.py
[2023-01-10T20:25:50.610-0500] {logging_mixin.py:137} INFO - [2023-01-10T20:25:50.610-0500] {dag.py:2676} INFO - Sync 1 DAGs
[2023-01-10T20:25:50.628-0500] {logging_mixin.py:137} INFO - [2023-01-10T20:25:50.628-0500] {dag.py:3423} INFO - Setting next_dagrun for example_branch_operator to 2023-01-10T00:00:00+00:00, run_after=2023-01-11T00:00:00+00:00
[2023-01-10T20:25:50.647-0500] {processor.py:175} INFO - Processing /Library/Frameworks/Python.framework/Versions/3.9/lib/python3.9/site-packages/airflow/example_dags/example_branch_operator.py took 0.805 seconds
[2023-01-10T20:28:33.166-0500] {processor.py:153} INFO - Started process (PID=3319) to work on /Library/Frameworks/Python.framework/Versions/3.9/lib/python3.9/site-packages/airflow/example_dags/example_branch_operator.py
[2023-01-10T20:28:33.171-0500] {processor.py:743} INFO - Processing file /Library/Frameworks/Python.framework/Versions/3.9/lib/python3.9/site-packages/airflow/example_dags/example_branch_operator.py for tasks to queue
[2023-01-10T20:28:33.172-0500] {logging_mixin.py:137} INFO - [2023-01-10T20:28:33.171-0500] {dagbag.py:538} INFO - Filling up the DagBag from /Library/Frameworks/Python.framework/Versions/3.9/lib/python3.9/site-packages/airflow/example_dags/example_branch_operator.py
[2023-01-10T20:28:33.210-0500] {processor.py:753} INFO - DAG(s) dict_keys(['example_branch_operator']) retrieved from /Library/Frameworks/Python.framework/Versions/3.9/lib/python3.9/site-packages/airflow/example_dags/example_branch_operator.py
[2023-01-10T20:28:33.965-0500] {logging_mixin.py:137} INFO - [2023-01-10T20:28:33.965-0500] {dag.py:2676} INFO - Sync 1 DAGs
[2023-01-10T20:28:33.984-0500] {logging_mixin.py:137} INFO - [2023-01-10T20:28:33.984-0500] {dag.py:3423} INFO - Setting next_dagrun for example_branch_operator to 2023-01-10T00:00:00+00:00, run_after=2023-01-11T00:00:00+00:00
[2023-01-10T20:28:34.004-0500] {processor.py:175} INFO - Processing /Library/Frameworks/Python.framework/Versions/3.9/lib/python3.9/site-packages/airflow/example_dags/example_branch_operator.py took 0.838 seconds
[2023-01-10T20:31:13.518-0500] {processor.py:153} INFO - Started process (PID=3394) to work on /Library/Frameworks/Python.framework/Versions/3.9/lib/python3.9/site-packages/airflow/example_dags/example_branch_operator.py
[2023-01-10T20:31:13.524-0500] {processor.py:743} INFO - Processing file /Library/Frameworks/Python.framework/Versions/3.9/lib/python3.9/site-packages/airflow/example_dags/example_branch_operator.py for tasks to queue
[2023-01-10T20:31:13.524-0500] {logging_mixin.py:137} INFO - [2023-01-10T20:31:13.524-0500] {dagbag.py:538} INFO - Filling up the DagBag from /Library/Frameworks/Python.framework/Versions/3.9/lib/python3.9/site-packages/airflow/example_dags/example_branch_operator.py
[2023-01-10T20:31:13.566-0500] {processor.py:753} INFO - DAG(s) dict_keys(['example_branch_operator']) retrieved from /Library/Frameworks/Python.framework/Versions/3.9/lib/python3.9/site-packages/airflow/example_dags/example_branch_operator.py
[2023-01-10T20:31:14.320-0500] {logging_mixin.py:137} INFO - [2023-01-10T20:31:14.319-0500] {dag.py:2676} INFO - Sync 1 DAGs
[2023-01-10T20:31:14.338-0500] {logging_mixin.py:137} INFO - [2023-01-10T20:31:14.338-0500] {dag.py:3423} INFO - Setting next_dagrun for example_branch_operator to 2023-01-10T00:00:00+00:00, run_after=2023-01-11T00:00:00+00:00
[2023-01-10T20:31:14.359-0500] {processor.py:175} INFO - Processing /Library/Frameworks/Python.framework/Versions/3.9/lib/python3.9/site-packages/airflow/example_dags/example_branch_operator.py took 0.842 seconds
[2023-01-10T20:34:23.923-0500] {processor.py:153} INFO - Started process (PID=3627) to work on /Library/Frameworks/Python.framework/Versions/3.9/lib/python3.9/site-packages/airflow/example_dags/example_branch_operator.py
[2023-01-10T20:34:23.929-0500] {processor.py:743} INFO - Processing file /Library/Frameworks/Python.framework/Versions/3.9/lib/python3.9/site-packages/airflow/example_dags/example_branch_operator.py for tasks to queue
[2023-01-10T20:34:23.929-0500] {logging_mixin.py:137} INFO - [2023-01-10T20:34:23.929-0500] {dagbag.py:538} INFO - Filling up the DagBag from /Library/Frameworks/Python.framework/Versions/3.9/lib/python3.9/site-packages/airflow/example_dags/example_branch_operator.py
[2023-01-10T20:34:23.970-0500] {processor.py:753} INFO - DAG(s) dict_keys(['example_branch_operator']) retrieved from /Library/Frameworks/Python.framework/Versions/3.9/lib/python3.9/site-packages/airflow/example_dags/example_branch_operator.py
[2023-01-10T20:34:24.583-0500] {logging_mixin.py:137} INFO - [2023-01-10T20:34:24.582-0500] {dag.py:2676} INFO - Sync 1 DAGs
[2023-01-10T20:34:24.600-0500] {logging_mixin.py:137} INFO - [2023-01-10T20:34:24.600-0500] {dag.py:3423} INFO - Setting next_dagrun for example_branch_operator to 2023-01-10T00:00:00+00:00, run_after=2023-01-11T00:00:00+00:00
[2023-01-10T20:34:24.619-0500] {processor.py:175} INFO - Processing /Library/Frameworks/Python.framework/Versions/3.9/lib/python3.9/site-packages/airflow/example_dags/example_branch_operator.py took 0.696 seconds
[2023-01-10T20:37:46.080-0500] {processor.py:153} INFO - Started process (PID=3834) to work on /Library/Frameworks/Python.framework/Versions/3.9/lib/python3.9/site-packages/airflow/example_dags/example_branch_operator.py
[2023-01-10T20:37:46.087-0500] {processor.py:743} INFO - Processing file /Library/Frameworks/Python.framework/Versions/3.9/lib/python3.9/site-packages/airflow/example_dags/example_branch_operator.py for tasks to queue
[2023-01-10T20:37:46.088-0500] {logging_mixin.py:137} INFO - [2023-01-10T20:37:46.088-0500] {dagbag.py:538} INFO - Filling up the DagBag from /Library/Frameworks/Python.framework/Versions/3.9/lib/python3.9/site-packages/airflow/example_dags/example_branch_operator.py
[2023-01-10T20:37:46.136-0500] {processor.py:753} INFO - DAG(s) dict_keys(['example_branch_operator']) retrieved from /Library/Frameworks/Python.framework/Versions/3.9/lib/python3.9/site-packages/airflow/example_dags/example_branch_operator.py
[2023-01-10T20:37:46.840-0500] {logging_mixin.py:137} INFO - [2023-01-10T20:37:46.839-0500] {dag.py:2676} INFO - Sync 1 DAGs
[2023-01-10T20:37:46.859-0500] {logging_mixin.py:137} INFO - [2023-01-10T20:37:46.859-0500] {dag.py:3423} INFO - Setting next_dagrun for example_branch_operator to 2023-01-10T00:00:00+00:00, run_after=2023-01-11T00:00:00+00:00
[2023-01-10T20:37:46.878-0500] {processor.py:175} INFO - Processing /Library/Frameworks/Python.framework/Versions/3.9/lib/python3.9/site-packages/airflow/example_dags/example_branch_operator.py took 0.798 seconds
[2023-01-10T20:41:20.590-0500] {processor.py:153} INFO - Started process (PID=3958) to work on /Library/Frameworks/Python.framework/Versions/3.9/lib/python3.9/site-packages/airflow/example_dags/example_branch_operator.py
[2023-01-10T20:41:20.596-0500] {processor.py:743} INFO - Processing file /Library/Frameworks/Python.framework/Versions/3.9/lib/python3.9/site-packages/airflow/example_dags/example_branch_operator.py for tasks to queue
[2023-01-10T20:41:20.597-0500] {logging_mixin.py:137} INFO - [2023-01-10T20:41:20.596-0500] {dagbag.py:538} INFO - Filling up the DagBag from /Library/Frameworks/Python.framework/Versions/3.9/lib/python3.9/site-packages/airflow/example_dags/example_branch_operator.py
[2023-01-10T20:41:20.640-0500] {processor.py:753} INFO - DAG(s) dict_keys(['example_branch_operator']) retrieved from /Library/Frameworks/Python.framework/Versions/3.9/lib/python3.9/site-packages/airflow/example_dags/example_branch_operator.py
[2023-01-10T20:41:21.247-0500] {logging_mixin.py:137} INFO - [2023-01-10T20:41:21.247-0500] {dag.py:2676} INFO - Sync 1 DAGs
[2023-01-10T20:41:21.264-0500] {logging_mixin.py:137} INFO - [2023-01-10T20:41:21.264-0500] {dag.py:3423} INFO - Setting next_dagrun for example_branch_operator to 2023-01-10T00:00:00+00:00, run_after=2023-01-11T00:00:00+00:00
[2023-01-10T20:41:21.283-0500] {processor.py:175} INFO - Processing /Library/Frameworks/Python.framework/Versions/3.9/lib/python3.9/site-packages/airflow/example_dags/example_branch_operator.py took 0.694 seconds
[2023-01-10T20:44:55.758-0500] {processor.py:153} INFO - Started process (PID=4192) to work on /Library/Frameworks/Python.framework/Versions/3.9/lib/python3.9/site-packages/airflow/example_dags/example_branch_operator.py
[2023-01-10T20:44:55.763-0500] {processor.py:743} INFO - Processing file /Library/Frameworks/Python.framework/Versions/3.9/lib/python3.9/site-packages/airflow/example_dags/example_branch_operator.py for tasks to queue
[2023-01-10T20:44:55.764-0500] {logging_mixin.py:137} INFO - [2023-01-10T20:44:55.764-0500] {dagbag.py:538} INFO - Filling up the DagBag from /Library/Frameworks/Python.framework/Versions/3.9/lib/python3.9/site-packages/airflow/example_dags/example_branch_operator.py
[2023-01-10T20:44:55.815-0500] {processor.py:753} INFO - DAG(s) dict_keys(['example_branch_operator']) retrieved from /Library/Frameworks/Python.framework/Versions/3.9/lib/python3.9/site-packages/airflow/example_dags/example_branch_operator.py
[2023-01-10T20:44:56.479-0500] {logging_mixin.py:137} INFO - [2023-01-10T20:44:56.479-0500] {dag.py:2676} INFO - Sync 1 DAGs
[2023-01-10T20:44:56.499-0500] {logging_mixin.py:137} INFO - [2023-01-10T20:44:56.498-0500] {dag.py:3423} INFO - Setting next_dagrun for example_branch_operator to 2023-01-10T00:00:00+00:00, run_after=2023-01-11T00:00:00+00:00
[2023-01-10T20:44:56.518-0500] {processor.py:175} INFO - Processing /Library/Frameworks/Python.framework/Versions/3.9/lib/python3.9/site-packages/airflow/example_dags/example_branch_operator.py took 0.761 seconds
[2023-01-10T20:48:29.003-0500] {processor.py:153} INFO - Started process (PID=4352) to work on /Library/Frameworks/Python.framework/Versions/3.9/lib/python3.9/site-packages/airflow/example_dags/example_branch_operator.py
[2023-01-10T20:48:29.010-0500] {processor.py:743} INFO - Processing file /Library/Frameworks/Python.framework/Versions/3.9/lib/python3.9/site-packages/airflow/example_dags/example_branch_operator.py for tasks to queue
[2023-01-10T20:48:29.011-0500] {logging_mixin.py:137} INFO - [2023-01-10T20:48:29.011-0500] {dagbag.py:538} INFO - Filling up the DagBag from /Library/Frameworks/Python.framework/Versions/3.9/lib/python3.9/site-packages/airflow/example_dags/example_branch_operator.py
[2023-01-10T20:48:29.059-0500] {processor.py:753} INFO - DAG(s) dict_keys(['example_branch_operator']) retrieved from /Library/Frameworks/Python.framework/Versions/3.9/lib/python3.9/site-packages/airflow/example_dags/example_branch_operator.py
[2023-01-10T20:48:29.676-0500] {logging_mixin.py:137} INFO - [2023-01-10T20:48:29.675-0500] {dag.py:2676} INFO - Sync 1 DAGs
[2023-01-10T20:48:29.692-0500] {logging_mixin.py:137} INFO - [2023-01-10T20:48:29.692-0500] {dag.py:3423} INFO - Setting next_dagrun for example_branch_operator to 2023-01-10T00:00:00+00:00, run_after=2023-01-11T00:00:00+00:00
[2023-01-10T20:48:29.712-0500] {processor.py:175} INFO - Processing /Library/Frameworks/Python.framework/Versions/3.9/lib/python3.9/site-packages/airflow/example_dags/example_branch_operator.py took 0.710 seconds
[2023-01-10T20:51:47.910-0500] {processor.py:153} INFO - Started process (PID=4441) to work on /Library/Frameworks/Python.framework/Versions/3.9/lib/python3.9/site-packages/airflow/example_dags/example_branch_operator.py
[2023-01-10T20:51:47.916-0500] {processor.py:743} INFO - Processing file /Library/Frameworks/Python.framework/Versions/3.9/lib/python3.9/site-packages/airflow/example_dags/example_branch_operator.py for tasks to queue
[2023-01-10T20:51:47.916-0500] {logging_mixin.py:137} INFO - [2023-01-10T20:51:47.916-0500] {dagbag.py:538} INFO - Filling up the DagBag from /Library/Frameworks/Python.framework/Versions/3.9/lib/python3.9/site-packages/airflow/example_dags/example_branch_operator.py
[2023-01-10T20:51:47.967-0500] {processor.py:753} INFO - DAG(s) dict_keys(['example_branch_operator']) retrieved from /Library/Frameworks/Python.framework/Versions/3.9/lib/python3.9/site-packages/airflow/example_dags/example_branch_operator.py
[2023-01-10T20:51:48.631-0500] {logging_mixin.py:137} INFO - [2023-01-10T20:51:48.631-0500] {dag.py:2676} INFO - Sync 1 DAGs
[2023-01-10T20:51:48.649-0500] {logging_mixin.py:137} INFO - [2023-01-10T20:51:48.649-0500] {dag.py:3423} INFO - Setting next_dagrun for example_branch_operator to 2023-01-10T00:00:00+00:00, run_after=2023-01-11T00:00:00+00:00
[2023-01-10T20:51:48.668-0500] {processor.py:175} INFO - Processing /Library/Frameworks/Python.framework/Versions/3.9/lib/python3.9/site-packages/airflow/example_dags/example_branch_operator.py took 0.759 seconds
[2023-01-10T20:55:05.872-0500] {processor.py:153} INFO - Started process (PID=4601) to work on /Library/Frameworks/Python.framework/Versions/3.9/lib/python3.9/site-packages/airflow/example_dags/example_branch_operator.py
[2023-01-10T20:55:05.878-0500] {processor.py:743} INFO - Processing file /Library/Frameworks/Python.framework/Versions/3.9/lib/python3.9/site-packages/airflow/example_dags/example_branch_operator.py for tasks to queue
[2023-01-10T20:55:05.879-0500] {logging_mixin.py:137} INFO - [2023-01-10T20:55:05.879-0500] {dagbag.py:538} INFO - Filling up the DagBag from /Library/Frameworks/Python.framework/Versions/3.9/lib/python3.9/site-packages/airflow/example_dags/example_branch_operator.py
[2023-01-10T20:55:05.931-0500] {processor.py:753} INFO - DAG(s) dict_keys(['example_branch_operator']) retrieved from /Library/Frameworks/Python.framework/Versions/3.9/lib/python3.9/site-packages/airflow/example_dags/example_branch_operator.py
[2023-01-10T20:55:06.561-0500] {logging_mixin.py:137} INFO - [2023-01-10T20:55:06.561-0500] {dag.py:2676} INFO - Sync 1 DAGs
[2023-01-10T20:55:06.578-0500] {logging_mixin.py:137} INFO - [2023-01-10T20:55:06.578-0500] {dag.py:3423} INFO - Setting next_dagrun for example_branch_operator to 2023-01-10T00:00:00+00:00, run_after=2023-01-11T00:00:00+00:00
[2023-01-10T20:55:06.598-0500] {processor.py:175} INFO - Processing /Library/Frameworks/Python.framework/Versions/3.9/lib/python3.9/site-packages/airflow/example_dags/example_branch_operator.py took 0.727 seconds
[2023-01-10T20:58:12.282-0500] {processor.py:153} INFO - Started process (PID=4677) to work on /Library/Frameworks/Python.framework/Versions/3.9/lib/python3.9/site-packages/airflow/example_dags/example_branch_operator.py
[2023-01-10T20:58:12.288-0500] {processor.py:743} INFO - Processing file /Library/Frameworks/Python.framework/Versions/3.9/lib/python3.9/site-packages/airflow/example_dags/example_branch_operator.py for tasks to queue
[2023-01-10T20:58:12.289-0500] {logging_mixin.py:137} INFO - [2023-01-10T20:58:12.288-0500] {dagbag.py:538} INFO - Filling up the DagBag from /Library/Frameworks/Python.framework/Versions/3.9/lib/python3.9/site-packages/airflow/example_dags/example_branch_operator.py
[2023-01-10T20:58:12.333-0500] {processor.py:753} INFO - DAG(s) dict_keys(['example_branch_operator']) retrieved from /Library/Frameworks/Python.framework/Versions/3.9/lib/python3.9/site-packages/airflow/example_dags/example_branch_operator.py
[2023-01-10T20:58:12.956-0500] {logging_mixin.py:137} INFO - [2023-01-10T20:58:12.956-0500] {dag.py:2676} INFO - Sync 1 DAGs
[2023-01-10T20:58:12.974-0500] {logging_mixin.py:137} INFO - [2023-01-10T20:58:12.974-0500] {dag.py:3423} INFO - Setting next_dagrun for example_branch_operator to 2023-01-10T00:00:00+00:00, run_after=2023-01-11T00:00:00+00:00
[2023-01-10T20:58:12.991-0500] {processor.py:175} INFO - Processing /Library/Frameworks/Python.framework/Versions/3.9/lib/python3.9/site-packages/airflow/example_dags/example_branch_operator.py took 0.710 seconds
[2023-01-10T21:01:33.799-0500] {processor.py:153} INFO - Started process (PID=4765) to work on /Library/Frameworks/Python.framework/Versions/3.9/lib/python3.9/site-packages/airflow/example_dags/example_branch_operator.py
[2023-01-10T21:01:33.805-0500] {processor.py:743} INFO - Processing file /Library/Frameworks/Python.framework/Versions/3.9/lib/python3.9/site-packages/airflow/example_dags/example_branch_operator.py for tasks to queue
[2023-01-10T21:01:33.806-0500] {logging_mixin.py:137} INFO - [2023-01-10T21:01:33.805-0500] {dagbag.py:538} INFO - Filling up the DagBag from /Library/Frameworks/Python.framework/Versions/3.9/lib/python3.9/site-packages/airflow/example_dags/example_branch_operator.py
[2023-01-10T21:01:33.848-0500] {processor.py:753} INFO - DAG(s) dict_keys(['example_branch_operator']) retrieved from /Library/Frameworks/Python.framework/Versions/3.9/lib/python3.9/site-packages/airflow/example_dags/example_branch_operator.py
[2023-01-10T21:01:34.468-0500] {logging_mixin.py:137} INFO - [2023-01-10T21:01:34.467-0500] {dag.py:2676} INFO - Sync 1 DAGs
[2023-01-10T21:01:34.485-0500] {logging_mixin.py:137} INFO - [2023-01-10T21:01:34.485-0500] {dag.py:3423} INFO - Setting next_dagrun for example_branch_operator to 2023-01-10T00:00:00+00:00, run_after=2023-01-11T00:00:00+00:00
[2023-01-10T21:01:34.503-0500] {processor.py:175} INFO - Processing /Library/Frameworks/Python.framework/Versions/3.9/lib/python3.9/site-packages/airflow/example_dags/example_branch_operator.py took 0.705 seconds
[2023-01-10T21:04:41.667-0500] {processor.py:153} INFO - Started process (PID=4915) to work on /Library/Frameworks/Python.framework/Versions/3.9/lib/python3.9/site-packages/airflow/example_dags/example_branch_operator.py
[2023-01-10T21:04:41.672-0500] {processor.py:743} INFO - Processing file /Library/Frameworks/Python.framework/Versions/3.9/lib/python3.9/site-packages/airflow/example_dags/example_branch_operator.py for tasks to queue
[2023-01-10T21:04:41.672-0500] {logging_mixin.py:137} INFO - [2023-01-10T21:04:41.672-0500] {dagbag.py:538} INFO - Filling up the DagBag from /Library/Frameworks/Python.framework/Versions/3.9/lib/python3.9/site-packages/airflow/example_dags/example_branch_operator.py
[2023-01-10T21:04:41.714-0500] {processor.py:753} INFO - DAG(s) dict_keys(['example_branch_operator']) retrieved from /Library/Frameworks/Python.framework/Versions/3.9/lib/python3.9/site-packages/airflow/example_dags/example_branch_operator.py
[2023-01-10T21:04:42.307-0500] {logging_mixin.py:137} INFO - [2023-01-10T21:04:42.306-0500] {dag.py:2676} INFO - Sync 1 DAGs
[2023-01-10T21:04:42.324-0500] {logging_mixin.py:137} INFO - [2023-01-10T21:04:42.324-0500] {dag.py:3423} INFO - Setting next_dagrun for example_branch_operator to 2023-01-10T00:00:00+00:00, run_after=2023-01-11T00:00:00+00:00
[2023-01-10T21:04:42.341-0500] {processor.py:175} INFO - Processing /Library/Frameworks/Python.framework/Versions/3.9/lib/python3.9/site-packages/airflow/example_dags/example_branch_operator.py took 0.675 seconds
[2023-01-10T21:07:44.416-0500] {processor.py:153} INFO - Started process (PID=5032) to work on /Library/Frameworks/Python.framework/Versions/3.9/lib/python3.9/site-packages/airflow/example_dags/example_branch_operator.py
[2023-01-10T21:07:44.422-0500] {processor.py:743} INFO - Processing file /Library/Frameworks/Python.framework/Versions/3.9/lib/python3.9/site-packages/airflow/example_dags/example_branch_operator.py for tasks to queue
[2023-01-10T21:07:44.423-0500] {logging_mixin.py:137} INFO - [2023-01-10T21:07:44.422-0500] {dagbag.py:538} INFO - Filling up the DagBag from /Library/Frameworks/Python.framework/Versions/3.9/lib/python3.9/site-packages/airflow/example_dags/example_branch_operator.py
[2023-01-10T21:07:44.463-0500] {processor.py:753} INFO - DAG(s) dict_keys(['example_branch_operator']) retrieved from /Library/Frameworks/Python.framework/Versions/3.9/lib/python3.9/site-packages/airflow/example_dags/example_branch_operator.py
[2023-01-10T21:07:45.089-0500] {logging_mixin.py:137} INFO - [2023-01-10T21:07:45.088-0500] {dag.py:2676} INFO - Sync 1 DAGs
[2023-01-10T21:07:45.107-0500] {logging_mixin.py:137} INFO - [2023-01-10T21:07:45.107-0500] {dag.py:3423} INFO - Setting next_dagrun for example_branch_operator to 2023-01-10T00:00:00+00:00, run_after=2023-01-11T00:00:00+00:00
[2023-01-10T21:07:45.125-0500] {processor.py:175} INFO - Processing /Library/Frameworks/Python.framework/Versions/3.9/lib/python3.9/site-packages/airflow/example_dags/example_branch_operator.py took 0.710 seconds
[2023-01-10T21:10:55.847-0500] {processor.py:153} INFO - Started process (PID=5132) to work on /Library/Frameworks/Python.framework/Versions/3.9/lib/python3.9/site-packages/airflow/example_dags/example_branch_operator.py
[2023-01-10T21:10:55.852-0500] {processor.py:743} INFO - Processing file /Library/Frameworks/Python.framework/Versions/3.9/lib/python3.9/site-packages/airflow/example_dags/example_branch_operator.py for tasks to queue
[2023-01-10T21:10:55.853-0500] {logging_mixin.py:137} INFO - [2023-01-10T21:10:55.853-0500] {dagbag.py:538} INFO - Filling up the DagBag from /Library/Frameworks/Python.framework/Versions/3.9/lib/python3.9/site-packages/airflow/example_dags/example_branch_operator.py
[2023-01-10T21:10:55.895-0500] {processor.py:753} INFO - DAG(s) dict_keys(['example_branch_operator']) retrieved from /Library/Frameworks/Python.framework/Versions/3.9/lib/python3.9/site-packages/airflow/example_dags/example_branch_operator.py
[2023-01-10T21:10:56.508-0500] {logging_mixin.py:137} INFO - [2023-01-10T21:10:56.508-0500] {dag.py:2676} INFO - Sync 1 DAGs
[2023-01-10T21:10:56.526-0500] {logging_mixin.py:137} INFO - [2023-01-10T21:10:56.526-0500] {dag.py:3423} INFO - Setting next_dagrun for example_branch_operator to 2023-01-10T00:00:00+00:00, run_after=2023-01-11T00:00:00+00:00
[2023-01-10T21:10:56.546-0500] {processor.py:175} INFO - Processing /Library/Frameworks/Python.framework/Versions/3.9/lib/python3.9/site-packages/airflow/example_dags/example_branch_operator.py took 0.700 seconds
[2023-01-10T21:13:53.307-0500] {processor.py:153} INFO - Started process (PID=5232) to work on /Library/Frameworks/Python.framework/Versions/3.9/lib/python3.9/site-packages/airflow/example_dags/example_branch_operator.py
[2023-01-10T21:13:53.312-0500] {processor.py:743} INFO - Processing file /Library/Frameworks/Python.framework/Versions/3.9/lib/python3.9/site-packages/airflow/example_dags/example_branch_operator.py for tasks to queue
[2023-01-10T21:13:53.312-0500] {logging_mixin.py:137} INFO - [2023-01-10T21:13:53.312-0500] {dagbag.py:538} INFO - Filling up the DagBag from /Library/Frameworks/Python.framework/Versions/3.9/lib/python3.9/site-packages/airflow/example_dags/example_branch_operator.py
[2023-01-10T21:13:53.353-0500] {processor.py:753} INFO - DAG(s) dict_keys(['example_branch_operator']) retrieved from /Library/Frameworks/Python.framework/Versions/3.9/lib/python3.9/site-packages/airflow/example_dags/example_branch_operator.py
[2023-01-10T21:13:53.960-0500] {logging_mixin.py:137} INFO - [2023-01-10T21:13:53.959-0500] {dag.py:2676} INFO - Sync 1 DAGs
[2023-01-10T21:13:53.977-0500] {logging_mixin.py:137} INFO - [2023-01-10T21:13:53.977-0500] {dag.py:3423} INFO - Setting next_dagrun for example_branch_operator to 2023-01-10T00:00:00+00:00, run_after=2023-01-11T00:00:00+00:00
[2023-01-10T21:13:53.994-0500] {processor.py:175} INFO - Processing /Library/Frameworks/Python.framework/Versions/3.9/lib/python3.9/site-packages/airflow/example_dags/example_branch_operator.py took 0.688 seconds
[2023-01-10T21:17:04.941-0500] {processor.py:153} INFO - Started process (PID=5376) to work on /Library/Frameworks/Python.framework/Versions/3.9/lib/python3.9/site-packages/airflow/example_dags/example_branch_operator.py
[2023-01-10T21:17:04.946-0500] {processor.py:743} INFO - Processing file /Library/Frameworks/Python.framework/Versions/3.9/lib/python3.9/site-packages/airflow/example_dags/example_branch_operator.py for tasks to queue
[2023-01-10T21:17:04.946-0500] {logging_mixin.py:137} INFO - [2023-01-10T21:17:04.946-0500] {dagbag.py:538} INFO - Filling up the DagBag from /Library/Frameworks/Python.framework/Versions/3.9/lib/python3.9/site-packages/airflow/example_dags/example_branch_operator.py
[2023-01-10T21:17:04.988-0500] {processor.py:753} INFO - DAG(s) dict_keys(['example_branch_operator']) retrieved from /Library/Frameworks/Python.framework/Versions/3.9/lib/python3.9/site-packages/airflow/example_dags/example_branch_operator.py
[2023-01-10T21:17:05.640-0500] {logging_mixin.py:137} INFO - [2023-01-10T21:17:05.639-0500] {dag.py:2676} INFO - Sync 1 DAGs
[2023-01-10T21:17:05.657-0500] {logging_mixin.py:137} INFO - [2023-01-10T21:17:05.657-0500] {dag.py:3423} INFO - Setting next_dagrun for example_branch_operator to 2023-01-10T00:00:00+00:00, run_after=2023-01-11T00:00:00+00:00
[2023-01-10T21:17:05.686-0500] {processor.py:175} INFO - Processing /Library/Frameworks/Python.framework/Versions/3.9/lib/python3.9/site-packages/airflow/example_dags/example_branch_operator.py took 0.746 seconds
[2023-01-10T21:21:12.125-0500] {processor.py:153} INFO - Started process (PID=5573) to work on /Library/Frameworks/Python.framework/Versions/3.9/lib/python3.9/site-packages/airflow/example_dags/example_branch_operator.py
[2023-01-10T21:21:12.133-0500] {processor.py:743} INFO - Processing file /Library/Frameworks/Python.framework/Versions/3.9/lib/python3.9/site-packages/airflow/example_dags/example_branch_operator.py for tasks to queue
[2023-01-10T21:21:12.134-0500] {logging_mixin.py:137} INFO - [2023-01-10T21:21:12.134-0500] {dagbag.py:538} INFO - Filling up the DagBag from /Library/Frameworks/Python.framework/Versions/3.9/lib/python3.9/site-packages/airflow/example_dags/example_branch_operator.py
[2023-01-10T21:21:12.175-0500] {processor.py:753} INFO - DAG(s) dict_keys(['example_branch_operator']) retrieved from /Library/Frameworks/Python.framework/Versions/3.9/lib/python3.9/site-packages/airflow/example_dags/example_branch_operator.py
[2023-01-10T21:21:12.756-0500] {logging_mixin.py:137} INFO - [2023-01-10T21:21:12.756-0500] {dag.py:2676} INFO - Sync 1 DAGs
[2023-01-10T21:21:12.773-0500] {logging_mixin.py:137} INFO - [2023-01-10T21:21:12.773-0500] {dag.py:3423} INFO - Setting next_dagrun for example_branch_operator to 2023-01-10T00:00:00+00:00, run_after=2023-01-11T00:00:00+00:00
[2023-01-10T21:21:12.790-0500] {processor.py:175} INFO - Processing /Library/Frameworks/Python.framework/Versions/3.9/lib/python3.9/site-packages/airflow/example_dags/example_branch_operator.py took 0.665 seconds
[2023-01-10T22:22:38.982-0500] {processor.py:153} INFO - Started process (PID=6231) to work on /Library/Frameworks/Python.framework/Versions/3.9/lib/python3.9/site-packages/airflow/example_dags/example_branch_operator.py
[2023-01-10T22:22:38.990-0500] {processor.py:743} INFO - Processing file /Library/Frameworks/Python.framework/Versions/3.9/lib/python3.9/site-packages/airflow/example_dags/example_branch_operator.py for tasks to queue
[2023-01-10T22:22:38.991-0500] {logging_mixin.py:137} INFO - [2023-01-10T22:22:38.991-0500] {dagbag.py:538} INFO - Filling up the DagBag from /Library/Frameworks/Python.framework/Versions/3.9/lib/python3.9/site-packages/airflow/example_dags/example_branch_operator.py
[2023-01-10T22:22:39.057-0500] {processor.py:753} INFO - DAG(s) dict_keys(['example_branch_operator']) retrieved from /Library/Frameworks/Python.framework/Versions/3.9/lib/python3.9/site-packages/airflow/example_dags/example_branch_operator.py
[2023-01-10T22:22:40.082-0500] {logging_mixin.py:137} INFO - [2023-01-10T22:22:40.082-0500] {dag.py:2676} INFO - Sync 1 DAGs
[2023-01-10T22:22:40.114-0500] {logging_mixin.py:137} INFO - [2023-01-10T22:22:40.113-0500] {dag.py:3423} INFO - Setting next_dagrun for example_branch_operator to 2023-01-10T00:00:00+00:00, run_after=2023-01-11T00:00:00+00:00
[2023-01-10T22:22:40.147-0500] {processor.py:175} INFO - Processing /Library/Frameworks/Python.framework/Versions/3.9/lib/python3.9/site-packages/airflow/example_dags/example_branch_operator.py took 1.166 seconds
[2023-01-10T22:29:46.065-0500] {processor.py:153} INFO - Started process (PID=6421) to work on /Library/Frameworks/Python.framework/Versions/3.9/lib/python3.9/site-packages/airflow/example_dags/example_branch_operator.py
[2023-01-10T22:29:46.071-0500] {processor.py:743} INFO - Processing file /Library/Frameworks/Python.framework/Versions/3.9/lib/python3.9/site-packages/airflow/example_dags/example_branch_operator.py for tasks to queue
[2023-01-10T22:29:46.071-0500] {logging_mixin.py:137} INFO - [2023-01-10T22:29:46.071-0500] {dagbag.py:538} INFO - Filling up the DagBag from /Library/Frameworks/Python.framework/Versions/3.9/lib/python3.9/site-packages/airflow/example_dags/example_branch_operator.py
[2023-01-10T22:29:46.112-0500] {processor.py:753} INFO - DAG(s) dict_keys(['example_branch_operator']) retrieved from /Library/Frameworks/Python.framework/Versions/3.9/lib/python3.9/site-packages/airflow/example_dags/example_branch_operator.py
[2023-01-10T22:29:46.694-0500] {logging_mixin.py:137} INFO - [2023-01-10T22:29:46.693-0500] {dag.py:2676} INFO - Sync 1 DAGs
[2023-01-10T22:29:46.710-0500] {logging_mixin.py:137} INFO - [2023-01-10T22:29:46.709-0500] {dag.py:3423} INFO - Setting next_dagrun for example_branch_operator to 2023-01-10T00:00:00+00:00, run_after=2023-01-11T00:00:00+00:00
[2023-01-10T22:29:46.727-0500] {processor.py:175} INFO - Processing /Library/Frameworks/Python.framework/Versions/3.9/lib/python3.9/site-packages/airflow/example_dags/example_branch_operator.py took 0.663 seconds
[2023-01-11T11:18:37.818-0500] {processor.py:153} INFO - Started process (PID=7019) to work on /Library/Frameworks/Python.framework/Versions/3.9/lib/python3.9/site-packages/airflow/example_dags/example_branch_operator.py
[2023-01-11T11:18:37.824-0500] {processor.py:743} INFO - Processing file /Library/Frameworks/Python.framework/Versions/3.9/lib/python3.9/site-packages/airflow/example_dags/example_branch_operator.py for tasks to queue
[2023-01-11T11:18:37.825-0500] {logging_mixin.py:137} INFO - [2023-01-11T11:18:37.825-0500] {dagbag.py:538} INFO - Filling up the DagBag from /Library/Frameworks/Python.framework/Versions/3.9/lib/python3.9/site-packages/airflow/example_dags/example_branch_operator.py
[2023-01-11T11:18:37.870-0500] {processor.py:753} INFO - DAG(s) dict_keys(['example_branch_operator']) retrieved from /Library/Frameworks/Python.framework/Versions/3.9/lib/python3.9/site-packages/airflow/example_dags/example_branch_operator.py
[2023-01-11T11:18:38.513-0500] {logging_mixin.py:137} INFO - [2023-01-11T11:18:38.513-0500] {dag.py:2676} INFO - Sync 1 DAGs
[2023-01-11T11:18:38.533-0500] {logging_mixin.py:137} INFO - [2023-01-11T11:18:38.533-0500] {dag.py:3423} INFO - Setting next_dagrun for example_branch_operator to 2023-01-10T00:00:00+00:00, run_after=2023-01-11T00:00:00+00:00
[2023-01-11T11:18:38.551-0500] {processor.py:175} INFO - Processing /Library/Frameworks/Python.framework/Versions/3.9/lib/python3.9/site-packages/airflow/example_dags/example_branch_operator.py took 0.734 seconds
[2023-01-11T11:22:09.561-0500] {processor.py:153} INFO - Started process (PID=7233) to work on /Library/Frameworks/Python.framework/Versions/3.9/lib/python3.9/site-packages/airflow/example_dags/example_branch_operator.py
[2023-01-11T11:22:09.568-0500] {processor.py:743} INFO - Processing file /Library/Frameworks/Python.framework/Versions/3.9/lib/python3.9/site-packages/airflow/example_dags/example_branch_operator.py for tasks to queue
[2023-01-11T11:22:09.569-0500] {logging_mixin.py:137} INFO - [2023-01-11T11:22:09.569-0500] {dagbag.py:538} INFO - Filling up the DagBag from /Library/Frameworks/Python.framework/Versions/3.9/lib/python3.9/site-packages/airflow/example_dags/example_branch_operator.py
[2023-01-11T11:22:09.611-0500] {processor.py:753} INFO - DAG(s) dict_keys(['example_branch_operator']) retrieved from /Library/Frameworks/Python.framework/Versions/3.9/lib/python3.9/site-packages/airflow/example_dags/example_branch_operator.py
[2023-01-11T11:22:10.197-0500] {logging_mixin.py:137} INFO - [2023-01-11T11:22:10.197-0500] {dag.py:2676} INFO - Sync 1 DAGs
[2023-01-11T11:22:10.215-0500] {logging_mixin.py:137} INFO - [2023-01-11T11:22:10.215-0500] {dag.py:3423} INFO - Setting next_dagrun for example_branch_operator to 2023-01-10T00:00:00+00:00, run_after=2023-01-11T00:00:00+00:00
[2023-01-11T11:22:10.247-0500] {processor.py:175} INFO - Processing /Library/Frameworks/Python.framework/Versions/3.9/lib/python3.9/site-packages/airflow/example_dags/example_branch_operator.py took 0.686 seconds
[2023-01-11T11:25:56.834-0500] {processor.py:153} INFO - Started process (PID=8144) to work on /Library/Frameworks/Python.framework/Versions/3.9/lib/python3.9/site-packages/airflow/example_dags/example_branch_operator.py
[2023-01-11T11:25:56.843-0500] {processor.py:743} INFO - Processing file /Library/Frameworks/Python.framework/Versions/3.9/lib/python3.9/site-packages/airflow/example_dags/example_branch_operator.py for tasks to queue
[2023-01-11T11:25:56.844-0500] {logging_mixin.py:137} INFO - [2023-01-11T11:25:56.844-0500] {dagbag.py:538} INFO - Filling up the DagBag from /Library/Frameworks/Python.framework/Versions/3.9/lib/python3.9/site-packages/airflow/example_dags/example_branch_operator.py
[2023-01-11T11:25:56.902-0500] {processor.py:753} INFO - DAG(s) dict_keys(['example_branch_operator']) retrieved from /Library/Frameworks/Python.framework/Versions/3.9/lib/python3.9/site-packages/airflow/example_dags/example_branch_operator.py
[2023-01-11T11:25:57.551-0500] {logging_mixin.py:137} INFO - [2023-01-11T11:25:57.551-0500] {dag.py:2676} INFO - Sync 1 DAGs
[2023-01-11T11:25:57.590-0500] {logging_mixin.py:137} INFO - [2023-01-11T11:25:57.590-0500] {dag.py:3423} INFO - Setting next_dagrun for example_branch_operator to 2023-01-10T00:00:00+00:00, run_after=2023-01-11T00:00:00+00:00
[2023-01-11T11:25:57.629-0500] {processor.py:175} INFO - Processing /Library/Frameworks/Python.framework/Versions/3.9/lib/python3.9/site-packages/airflow/example_dags/example_branch_operator.py took 0.795 seconds
[2023-01-11T11:29:23.639-0500] {processor.py:153} INFO - Started process (PID=8288) to work on /Library/Frameworks/Python.framework/Versions/3.9/lib/python3.9/site-packages/airflow/example_dags/example_branch_operator.py
[2023-01-11T11:29:23.644-0500] {processor.py:743} INFO - Processing file /Library/Frameworks/Python.framework/Versions/3.9/lib/python3.9/site-packages/airflow/example_dags/example_branch_operator.py for tasks to queue
[2023-01-11T11:29:23.645-0500] {logging_mixin.py:137} INFO - [2023-01-11T11:29:23.645-0500] {dagbag.py:538} INFO - Filling up the DagBag from /Library/Frameworks/Python.framework/Versions/3.9/lib/python3.9/site-packages/airflow/example_dags/example_branch_operator.py
[2023-01-11T11:29:23.688-0500] {processor.py:753} INFO - DAG(s) dict_keys(['example_branch_operator']) retrieved from /Library/Frameworks/Python.framework/Versions/3.9/lib/python3.9/site-packages/airflow/example_dags/example_branch_operator.py
[2023-01-11T11:29:24.308-0500] {logging_mixin.py:137} INFO - [2023-01-11T11:29:24.308-0500] {dag.py:2676} INFO - Sync 1 DAGs
[2023-01-11T11:29:24.327-0500] {logging_mixin.py:137} INFO - [2023-01-11T11:29:24.327-0500] {dag.py:3423} INFO - Setting next_dagrun for example_branch_operator to 2023-01-10T00:00:00+00:00, run_after=2023-01-11T00:00:00+00:00
[2023-01-11T11:29:24.350-0500] {processor.py:175} INFO - Processing /Library/Frameworks/Python.framework/Versions/3.9/lib/python3.9/site-packages/airflow/example_dags/example_branch_operator.py took 0.712 seconds
[2023-01-11T11:36:50.079-0500] {processor.py:153} INFO - Started process (PID=8520) to work on /Library/Frameworks/Python.framework/Versions/3.9/lib/python3.9/site-packages/airflow/example_dags/example_branch_operator.py
[2023-01-11T11:36:50.084-0500] {processor.py:743} INFO - Processing file /Library/Frameworks/Python.framework/Versions/3.9/lib/python3.9/site-packages/airflow/example_dags/example_branch_operator.py for tasks to queue
[2023-01-11T11:36:50.084-0500] {logging_mixin.py:137} INFO - [2023-01-11T11:36:50.084-0500] {dagbag.py:538} INFO - Filling up the DagBag from /Library/Frameworks/Python.framework/Versions/3.9/lib/python3.9/site-packages/airflow/example_dags/example_branch_operator.py
[2023-01-11T11:36:50.125-0500] {processor.py:753} INFO - DAG(s) dict_keys(['example_branch_operator']) retrieved from /Library/Frameworks/Python.framework/Versions/3.9/lib/python3.9/site-packages/airflow/example_dags/example_branch_operator.py
[2023-01-11T11:36:50.702-0500] {logging_mixin.py:137} INFO - [2023-01-11T11:36:50.702-0500] {dag.py:2676} INFO - Sync 1 DAGs
[2023-01-11T11:36:50.719-0500] {logging_mixin.py:137} INFO - [2023-01-11T11:36:50.719-0500] {dag.py:3423} INFO - Setting next_dagrun for example_branch_operator to 2023-01-10T00:00:00+00:00, run_after=2023-01-11T00:00:00+00:00
[2023-01-11T11:36:50.744-0500] {processor.py:175} INFO - Processing /Library/Frameworks/Python.framework/Versions/3.9/lib/python3.9/site-packages/airflow/example_dags/example_branch_operator.py took 0.666 seconds
[2023-01-11T11:43:44.915-0500] {processor.py:153} INFO - Started process (PID=8781) to work on /Library/Frameworks/Python.framework/Versions/3.9/lib/python3.9/site-packages/airflow/example_dags/example_branch_operator.py
[2023-01-11T11:43:44.920-0500] {processor.py:743} INFO - Processing file /Library/Frameworks/Python.framework/Versions/3.9/lib/python3.9/site-packages/airflow/example_dags/example_branch_operator.py for tasks to queue
[2023-01-11T11:43:44.921-0500] {logging_mixin.py:137} INFO - [2023-01-11T11:43:44.921-0500] {dagbag.py:538} INFO - Filling up the DagBag from /Library/Frameworks/Python.framework/Versions/3.9/lib/python3.9/site-packages/airflow/example_dags/example_branch_operator.py
[2023-01-11T11:43:44.985-0500] {processor.py:753} INFO - DAG(s) dict_keys(['example_branch_operator']) retrieved from /Library/Frameworks/Python.framework/Versions/3.9/lib/python3.9/site-packages/airflow/example_dags/example_branch_operator.py
[2023-01-11T11:43:45.639-0500] {logging_mixin.py:137} INFO - [2023-01-11T11:43:45.638-0500] {dag.py:2676} INFO - Sync 1 DAGs
[2023-01-11T11:43:45.659-0500] {logging_mixin.py:137} INFO - [2023-01-11T11:43:45.659-0500] {dag.py:3423} INFO - Setting next_dagrun for example_branch_operator to 2023-01-10T00:00:00+00:00, run_after=2023-01-11T00:00:00+00:00
[2023-01-11T11:43:45.685-0500] {processor.py:175} INFO - Processing /Library/Frameworks/Python.framework/Versions/3.9/lib/python3.9/site-packages/airflow/example_dags/example_branch_operator.py took 0.771 seconds
[2023-01-11T11:47:15.537-0500] {processor.py:153} INFO - Started process (PID=8887) to work on /Library/Frameworks/Python.framework/Versions/3.9/lib/python3.9/site-packages/airflow/example_dags/example_branch_operator.py
[2023-01-11T11:47:15.543-0500] {processor.py:743} INFO - Processing file /Library/Frameworks/Python.framework/Versions/3.9/lib/python3.9/site-packages/airflow/example_dags/example_branch_operator.py for tasks to queue
[2023-01-11T11:47:15.543-0500] {logging_mixin.py:137} INFO - [2023-01-11T11:47:15.543-0500] {dagbag.py:538} INFO - Filling up the DagBag from /Library/Frameworks/Python.framework/Versions/3.9/lib/python3.9/site-packages/airflow/example_dags/example_branch_operator.py
[2023-01-11T11:47:15.585-0500] {processor.py:753} INFO - DAG(s) dict_keys(['example_branch_operator']) retrieved from /Library/Frameworks/Python.framework/Versions/3.9/lib/python3.9/site-packages/airflow/example_dags/example_branch_operator.py
[2023-01-11T11:47:16.216-0500] {logging_mixin.py:137} INFO - [2023-01-11T11:47:16.215-0500] {dag.py:2676} INFO - Sync 1 DAGs
[2023-01-11T11:47:16.233-0500] {logging_mixin.py:137} INFO - [2023-01-11T11:47:16.233-0500] {dag.py:3423} INFO - Setting next_dagrun for example_branch_operator to 2023-01-10T00:00:00+00:00, run_after=2023-01-11T00:00:00+00:00
[2023-01-11T11:47:16.251-0500] {processor.py:175} INFO - Processing /Library/Frameworks/Python.framework/Versions/3.9/lib/python3.9/site-packages/airflow/example_dags/example_branch_operator.py took 0.715 seconds
[2023-01-11T11:50:43.569-0500] {processor.py:153} INFO - Started process (PID=9138) to work on /Library/Frameworks/Python.framework/Versions/3.9/lib/python3.9/site-packages/airflow/example_dags/example_branch_operator.py
[2023-01-11T11:50:43.575-0500] {processor.py:743} INFO - Processing file /Library/Frameworks/Python.framework/Versions/3.9/lib/python3.9/site-packages/airflow/example_dags/example_branch_operator.py for tasks to queue
[2023-01-11T11:50:43.575-0500] {logging_mixin.py:137} INFO - [2023-01-11T11:50:43.575-0500] {dagbag.py:538} INFO - Filling up the DagBag from /Library/Frameworks/Python.framework/Versions/3.9/lib/python3.9/site-packages/airflow/example_dags/example_branch_operator.py
[2023-01-11T11:50:43.618-0500] {processor.py:753} INFO - DAG(s) dict_keys(['example_branch_operator']) retrieved from /Library/Frameworks/Python.framework/Versions/3.9/lib/python3.9/site-packages/airflow/example_dags/example_branch_operator.py
[2023-01-11T11:50:44.234-0500] {logging_mixin.py:137} INFO - [2023-01-11T11:50:44.234-0500] {dag.py:2676} INFO - Sync 1 DAGs
[2023-01-11T11:50:44.255-0500] {logging_mixin.py:137} INFO - [2023-01-11T11:50:44.255-0500] {dag.py:3423} INFO - Setting next_dagrun for example_branch_operator to 2023-01-10T00:00:00+00:00, run_after=2023-01-11T00:00:00+00:00
[2023-01-11T11:50:44.274-0500] {processor.py:175} INFO - Processing /Library/Frameworks/Python.framework/Versions/3.9/lib/python3.9/site-packages/airflow/example_dags/example_branch_operator.py took 0.706 seconds
[2023-01-11T11:54:06.764-0500] {processor.py:153} INFO - Started process (PID=9313) to work on /Library/Frameworks/Python.framework/Versions/3.9/lib/python3.9/site-packages/airflow/example_dags/example_branch_operator.py
[2023-01-11T11:54:06.770-0500] {processor.py:743} INFO - Processing file /Library/Frameworks/Python.framework/Versions/3.9/lib/python3.9/site-packages/airflow/example_dags/example_branch_operator.py for tasks to queue
[2023-01-11T11:54:06.770-0500] {logging_mixin.py:137} INFO - [2023-01-11T11:54:06.770-0500] {dagbag.py:538} INFO - Filling up the DagBag from /Library/Frameworks/Python.framework/Versions/3.9/lib/python3.9/site-packages/airflow/example_dags/example_branch_operator.py
[2023-01-11T11:54:06.814-0500] {processor.py:753} INFO - DAG(s) dict_keys(['example_branch_operator']) retrieved from /Library/Frameworks/Python.framework/Versions/3.9/lib/python3.9/site-packages/airflow/example_dags/example_branch_operator.py
[2023-01-11T11:54:07.653-0500] {logging_mixin.py:137} INFO - [2023-01-11T11:54:07.652-0500] {dag.py:2676} INFO - Sync 1 DAGs
[2023-01-11T11:54:07.687-0500] {logging_mixin.py:137} INFO - [2023-01-11T11:54:07.687-0500] {dag.py:3423} INFO - Setting next_dagrun for example_branch_operator to 2023-01-10T00:00:00+00:00, run_after=2023-01-11T00:00:00+00:00
[2023-01-11T11:54:07.725-0500] {processor.py:175} INFO - Processing /Library/Frameworks/Python.framework/Versions/3.9/lib/python3.9/site-packages/airflow/example_dags/example_branch_operator.py took 0.961 seconds
[2023-01-11T11:58:02.043-0500] {processor.py:153} INFO - Started process (PID=9434) to work on /Library/Frameworks/Python.framework/Versions/3.9/lib/python3.9/site-packages/airflow/example_dags/example_branch_operator.py
[2023-01-11T11:58:02.049-0500] {processor.py:743} INFO - Processing file /Library/Frameworks/Python.framework/Versions/3.9/lib/python3.9/site-packages/airflow/example_dags/example_branch_operator.py for tasks to queue
[2023-01-11T11:58:02.050-0500] {logging_mixin.py:137} INFO - [2023-01-11T11:58:02.050-0500] {dagbag.py:538} INFO - Filling up the DagBag from /Library/Frameworks/Python.framework/Versions/3.9/lib/python3.9/site-packages/airflow/example_dags/example_branch_operator.py
[2023-01-11T11:58:02.095-0500] {processor.py:753} INFO - DAG(s) dict_keys(['example_branch_operator']) retrieved from /Library/Frameworks/Python.framework/Versions/3.9/lib/python3.9/site-packages/airflow/example_dags/example_branch_operator.py
[2023-01-11T11:58:02.740-0500] {logging_mixin.py:137} INFO - [2023-01-11T11:58:02.740-0500] {dag.py:2676} INFO - Sync 1 DAGs
[2023-01-11T11:58:02.759-0500] {logging_mixin.py:137} INFO - [2023-01-11T11:58:02.759-0500] {dag.py:3423} INFO - Setting next_dagrun for example_branch_operator to 2023-01-10T00:00:00+00:00, run_after=2023-01-11T00:00:00+00:00
[2023-01-11T11:58:02.784-0500] {processor.py:175} INFO - Processing /Library/Frameworks/Python.framework/Versions/3.9/lib/python3.9/site-packages/airflow/example_dags/example_branch_operator.py took 0.741 seconds
[2023-01-11T12:01:24.537-0500] {processor.py:153} INFO - Started process (PID=9558) to work on /Library/Frameworks/Python.framework/Versions/3.9/lib/python3.9/site-packages/airflow/example_dags/example_branch_operator.py
[2023-01-11T12:01:24.543-0500] {processor.py:743} INFO - Processing file /Library/Frameworks/Python.framework/Versions/3.9/lib/python3.9/site-packages/airflow/example_dags/example_branch_operator.py for tasks to queue
[2023-01-11T12:01:24.544-0500] {logging_mixin.py:137} INFO - [2023-01-11T12:01:24.544-0500] {dagbag.py:538} INFO - Filling up the DagBag from /Library/Frameworks/Python.framework/Versions/3.9/lib/python3.9/site-packages/airflow/example_dags/example_branch_operator.py
[2023-01-11T12:01:24.602-0500] {processor.py:753} INFO - DAG(s) dict_keys(['example_branch_operator']) retrieved from /Library/Frameworks/Python.framework/Versions/3.9/lib/python3.9/site-packages/airflow/example_dags/example_branch_operator.py
[2023-01-11T12:01:25.248-0500] {logging_mixin.py:137} INFO - [2023-01-11T12:01:25.247-0500] {dag.py:2676} INFO - Sync 1 DAGs
[2023-01-11T12:01:25.265-0500] {logging_mixin.py:137} INFO - [2023-01-11T12:01:25.265-0500] {dag.py:3423} INFO - Setting next_dagrun for example_branch_operator to 2023-01-10T00:00:00+00:00, run_after=2023-01-11T00:00:00+00:00
[2023-01-11T12:01:25.285-0500] {processor.py:175} INFO - Processing /Library/Frameworks/Python.framework/Versions/3.9/lib/python3.9/site-packages/airflow/example_dags/example_branch_operator.py took 0.748 seconds
[2023-01-11T12:04:43.379-0500] {processor.py:153} INFO - Started process (PID=9734) to work on /Library/Frameworks/Python.framework/Versions/3.9/lib/python3.9/site-packages/airflow/example_dags/example_branch_operator.py
[2023-01-11T12:04:43.387-0500] {processor.py:743} INFO - Processing file /Library/Frameworks/Python.framework/Versions/3.9/lib/python3.9/site-packages/airflow/example_dags/example_branch_operator.py for tasks to queue
[2023-01-11T12:04:43.388-0500] {logging_mixin.py:137} INFO - [2023-01-11T12:04:43.388-0500] {dagbag.py:538} INFO - Filling up the DagBag from /Library/Frameworks/Python.framework/Versions/3.9/lib/python3.9/site-packages/airflow/example_dags/example_branch_operator.py
[2023-01-11T12:04:43.433-0500] {processor.py:753} INFO - DAG(s) dict_keys(['example_branch_operator']) retrieved from /Library/Frameworks/Python.framework/Versions/3.9/lib/python3.9/site-packages/airflow/example_dags/example_branch_operator.py
[2023-01-11T12:04:44.048-0500] {logging_mixin.py:137} INFO - [2023-01-11T12:04:44.048-0500] {dag.py:2676} INFO - Sync 1 DAGs
[2023-01-11T12:04:44.065-0500] {logging_mixin.py:137} INFO - [2023-01-11T12:04:44.065-0500] {dag.py:3423} INFO - Setting next_dagrun for example_branch_operator to 2023-01-10T00:00:00+00:00, run_after=2023-01-11T00:00:00+00:00
[2023-01-11T12:04:44.083-0500] {processor.py:175} INFO - Processing /Library/Frameworks/Python.framework/Versions/3.9/lib/python3.9/site-packages/airflow/example_dags/example_branch_operator.py took 0.704 seconds
[2023-01-11T12:08:06.704-0500] {processor.py:153} INFO - Started process (PID=9825) to work on /Library/Frameworks/Python.framework/Versions/3.9/lib/python3.9/site-packages/airflow/example_dags/example_branch_operator.py
[2023-01-11T12:08:06.711-0500] {processor.py:743} INFO - Processing file /Library/Frameworks/Python.framework/Versions/3.9/lib/python3.9/site-packages/airflow/example_dags/example_branch_operator.py for tasks to queue
[2023-01-11T12:08:06.711-0500] {logging_mixin.py:137} INFO - [2023-01-11T12:08:06.711-0500] {dagbag.py:538} INFO - Filling up the DagBag from /Library/Frameworks/Python.framework/Versions/3.9/lib/python3.9/site-packages/airflow/example_dags/example_branch_operator.py
[2023-01-11T12:08:06.756-0500] {processor.py:753} INFO - DAG(s) dict_keys(['example_branch_operator']) retrieved from /Library/Frameworks/Python.framework/Versions/3.9/lib/python3.9/site-packages/airflow/example_dags/example_branch_operator.py
[2023-01-11T12:08:07.416-0500] {logging_mixin.py:137} INFO - [2023-01-11T12:08:07.415-0500] {dag.py:2676} INFO - Sync 1 DAGs
[2023-01-11T12:08:07.437-0500] {logging_mixin.py:137} INFO - [2023-01-11T12:08:07.437-0500] {dag.py:3423} INFO - Setting next_dagrun for example_branch_operator to 2023-01-10T00:00:00+00:00, run_after=2023-01-11T00:00:00+00:00
[2023-01-11T12:08:07.460-0500] {processor.py:175} INFO - Processing /Library/Frameworks/Python.framework/Versions/3.9/lib/python3.9/site-packages/airflow/example_dags/example_branch_operator.py took 0.757 seconds
[2023-01-11T12:11:26.702-0500] {processor.py:153} INFO - Started process (PID=9918) to work on /Library/Frameworks/Python.framework/Versions/3.9/lib/python3.9/site-packages/airflow/example_dags/example_branch_operator.py
[2023-01-11T12:11:26.708-0500] {processor.py:743} INFO - Processing file /Library/Frameworks/Python.framework/Versions/3.9/lib/python3.9/site-packages/airflow/example_dags/example_branch_operator.py for tasks to queue
[2023-01-11T12:11:26.709-0500] {logging_mixin.py:137} INFO - [2023-01-11T12:11:26.709-0500] {dagbag.py:538} INFO - Filling up the DagBag from /Library/Frameworks/Python.framework/Versions/3.9/lib/python3.9/site-packages/airflow/example_dags/example_branch_operator.py
[2023-01-11T12:11:26.754-0500] {processor.py:753} INFO - DAG(s) dict_keys(['example_branch_operator']) retrieved from /Library/Frameworks/Python.framework/Versions/3.9/lib/python3.9/site-packages/airflow/example_dags/example_branch_operator.py
[2023-01-11T12:11:27.367-0500] {logging_mixin.py:137} INFO - [2023-01-11T12:11:27.366-0500] {dag.py:2676} INFO - Sync 1 DAGs
[2023-01-11T12:11:27.385-0500] {logging_mixin.py:137} INFO - [2023-01-11T12:11:27.385-0500] {dag.py:3423} INFO - Setting next_dagrun for example_branch_operator to 2023-01-10T00:00:00+00:00, run_after=2023-01-11T00:00:00+00:00
[2023-01-11T12:11:27.404-0500] {processor.py:175} INFO - Processing /Library/Frameworks/Python.framework/Versions/3.9/lib/python3.9/site-packages/airflow/example_dags/example_branch_operator.py took 0.702 seconds
[2023-01-11T12:14:48.916-0500] {processor.py:153} INFO - Started process (PID=10063) to work on /Library/Frameworks/Python.framework/Versions/3.9/lib/python3.9/site-packages/airflow/example_dags/example_branch_operator.py
[2023-01-11T12:14:48.922-0500] {processor.py:743} INFO - Processing file /Library/Frameworks/Python.framework/Versions/3.9/lib/python3.9/site-packages/airflow/example_dags/example_branch_operator.py for tasks to queue
[2023-01-11T12:14:48.923-0500] {logging_mixin.py:137} INFO - [2023-01-11T12:14:48.923-0500] {dagbag.py:538} INFO - Filling up the DagBag from /Library/Frameworks/Python.framework/Versions/3.9/lib/python3.9/site-packages/airflow/example_dags/example_branch_operator.py
[2023-01-11T12:14:48.967-0500] {processor.py:753} INFO - DAG(s) dict_keys(['example_branch_operator']) retrieved from /Library/Frameworks/Python.framework/Versions/3.9/lib/python3.9/site-packages/airflow/example_dags/example_branch_operator.py
[2023-01-11T12:14:49.614-0500] {logging_mixin.py:137} INFO - [2023-01-11T12:14:49.614-0500] {dag.py:2676} INFO - Sync 1 DAGs
[2023-01-11T12:14:49.634-0500] {logging_mixin.py:137} INFO - [2023-01-11T12:14:49.634-0500] {dag.py:3423} INFO - Setting next_dagrun for example_branch_operator to 2023-01-10T00:00:00+00:00, run_after=2023-01-11T00:00:00+00:00
[2023-01-11T12:14:49.656-0500] {processor.py:175} INFO - Processing /Library/Frameworks/Python.framework/Versions/3.9/lib/python3.9/site-packages/airflow/example_dags/example_branch_operator.py took 0.740 seconds
[2023-01-11T12:18:13.702-0500] {processor.py:153} INFO - Started process (PID=10241) to work on /Library/Frameworks/Python.framework/Versions/3.9/lib/python3.9/site-packages/airflow/example_dags/example_branch_operator.py
[2023-01-11T12:18:13.708-0500] {processor.py:743} INFO - Processing file /Library/Frameworks/Python.framework/Versions/3.9/lib/python3.9/site-packages/airflow/example_dags/example_branch_operator.py for tasks to queue
[2023-01-11T12:18:13.708-0500] {logging_mixin.py:137} INFO - [2023-01-11T12:18:13.708-0500] {dagbag.py:538} INFO - Filling up the DagBag from /Library/Frameworks/Python.framework/Versions/3.9/lib/python3.9/site-packages/airflow/example_dags/example_branch_operator.py
[2023-01-11T12:18:13.759-0500] {processor.py:753} INFO - DAG(s) dict_keys(['example_branch_operator']) retrieved from /Library/Frameworks/Python.framework/Versions/3.9/lib/python3.9/site-packages/airflow/example_dags/example_branch_operator.py
[2023-01-11T12:18:14.462-0500] {logging_mixin.py:137} INFO - [2023-01-11T12:18:14.462-0500] {dag.py:2676} INFO - Sync 1 DAGs
[2023-01-11T12:18:14.482-0500] {logging_mixin.py:137} INFO - [2023-01-11T12:18:14.482-0500] {dag.py:3423} INFO - Setting next_dagrun for example_branch_operator to 2023-01-10T00:00:00+00:00, run_after=2023-01-11T00:00:00+00:00
[2023-01-11T12:18:14.501-0500] {processor.py:175} INFO - Processing /Library/Frameworks/Python.framework/Versions/3.9/lib/python3.9/site-packages/airflow/example_dags/example_branch_operator.py took 0.800 seconds
[2023-01-11T12:21:42.444-0500] {processor.py:153} INFO - Started process (PID=10354) to work on /Library/Frameworks/Python.framework/Versions/3.9/lib/python3.9/site-packages/airflow/example_dags/example_branch_operator.py
[2023-01-11T12:21:42.450-0500] {processor.py:743} INFO - Processing file /Library/Frameworks/Python.framework/Versions/3.9/lib/python3.9/site-packages/airflow/example_dags/example_branch_operator.py for tasks to queue
[2023-01-11T12:21:42.451-0500] {logging_mixin.py:137} INFO - [2023-01-11T12:21:42.451-0500] {dagbag.py:538} INFO - Filling up the DagBag from /Library/Frameworks/Python.framework/Versions/3.9/lib/python3.9/site-packages/airflow/example_dags/example_branch_operator.py
[2023-01-11T12:21:42.499-0500] {processor.py:753} INFO - DAG(s) dict_keys(['example_branch_operator']) retrieved from /Library/Frameworks/Python.framework/Versions/3.9/lib/python3.9/site-packages/airflow/example_dags/example_branch_operator.py
[2023-01-11T12:21:43.155-0500] {logging_mixin.py:137} INFO - [2023-01-11T12:21:43.155-0500] {dag.py:2676} INFO - Sync 1 DAGs
[2023-01-11T12:21:43.176-0500] {logging_mixin.py:137} INFO - [2023-01-11T12:21:43.176-0500] {dag.py:3423} INFO - Setting next_dagrun for example_branch_operator to 2023-01-10T00:00:00+00:00, run_after=2023-01-11T00:00:00+00:00
[2023-01-11T12:21:43.231-0500] {processor.py:175} INFO - Processing /Library/Frameworks/Python.framework/Versions/3.9/lib/python3.9/site-packages/airflow/example_dags/example_branch_operator.py took 0.787 seconds
[2023-01-11T16:22:14.330-0500] {processor.py:153} INFO - Started process (PID=11120) to work on /Library/Frameworks/Python.framework/Versions/3.9/lib/python3.9/site-packages/airflow/example_dags/example_branch_operator.py
[2023-01-11T16:22:14.337-0500] {processor.py:743} INFO - Processing file /Library/Frameworks/Python.framework/Versions/3.9/lib/python3.9/site-packages/airflow/example_dags/example_branch_operator.py for tasks to queue
[2023-01-11T16:22:14.338-0500] {logging_mixin.py:137} INFO - [2023-01-11T16:22:14.338-0500] {dagbag.py:538} INFO - Filling up the DagBag from /Library/Frameworks/Python.framework/Versions/3.9/lib/python3.9/site-packages/airflow/example_dags/example_branch_operator.py
[2023-01-11T16:22:14.392-0500] {processor.py:753} INFO - DAG(s) dict_keys(['example_branch_operator']) retrieved from /Library/Frameworks/Python.framework/Versions/3.9/lib/python3.9/site-packages/airflow/example_dags/example_branch_operator.py
[2023-01-11T16:22:15.053-0500] {logging_mixin.py:137} INFO - [2023-01-11T16:22:15.053-0500] {dag.py:2676} INFO - Sync 1 DAGs
[2023-01-11T16:22:15.075-0500] {logging_mixin.py:137} INFO - [2023-01-11T16:22:15.074-0500] {dag.py:3423} INFO - Setting next_dagrun for example_branch_operator to 2023-01-10T00:00:00+00:00, run_after=2023-01-11T00:00:00+00:00
[2023-01-11T16:22:15.100-0500] {processor.py:175} INFO - Processing /Library/Frameworks/Python.framework/Versions/3.9/lib/python3.9/site-packages/airflow/example_dags/example_branch_operator.py took 0.771 seconds
[2023-01-11T16:25:47.116-0500] {processor.py:153} INFO - Started process (PID=11252) to work on /Library/Frameworks/Python.framework/Versions/3.9/lib/python3.9/site-packages/airflow/example_dags/example_branch_operator.py
[2023-01-11T16:25:47.122-0500] {processor.py:743} INFO - Processing file /Library/Frameworks/Python.framework/Versions/3.9/lib/python3.9/site-packages/airflow/example_dags/example_branch_operator.py for tasks to queue
[2023-01-11T16:25:47.122-0500] {logging_mixin.py:137} INFO - [2023-01-11T16:25:47.122-0500] {dagbag.py:538} INFO - Filling up the DagBag from /Library/Frameworks/Python.framework/Versions/3.9/lib/python3.9/site-packages/airflow/example_dags/example_branch_operator.py
[2023-01-11T16:25:47.180-0500] {processor.py:753} INFO - DAG(s) dict_keys(['example_branch_operator']) retrieved from /Library/Frameworks/Python.framework/Versions/3.9/lib/python3.9/site-packages/airflow/example_dags/example_branch_operator.py
[2023-01-11T16:25:47.852-0500] {logging_mixin.py:137} INFO - [2023-01-11T16:25:47.852-0500] {dag.py:2676} INFO - Sync 1 DAGs
[2023-01-11T16:25:47.871-0500] {logging_mixin.py:137} INFO - [2023-01-11T16:25:47.870-0500] {dag.py:3423} INFO - Setting next_dagrun for example_branch_operator to 2023-01-10T00:00:00+00:00, run_after=2023-01-11T00:00:00+00:00
[2023-01-11T16:25:47.890-0500] {processor.py:175} INFO - Processing /Library/Frameworks/Python.framework/Versions/3.9/lib/python3.9/site-packages/airflow/example_dags/example_branch_operator.py took 0.775 seconds
[2023-01-11T16:29:12.142-0500] {processor.py:153} INFO - Started process (PID=11417) to work on /Library/Frameworks/Python.framework/Versions/3.9/lib/python3.9/site-packages/airflow/example_dags/example_branch_operator.py
[2023-01-11T16:29:12.147-0500] {processor.py:743} INFO - Processing file /Library/Frameworks/Python.framework/Versions/3.9/lib/python3.9/site-packages/airflow/example_dags/example_branch_operator.py for tasks to queue
[2023-01-11T16:29:12.148-0500] {logging_mixin.py:137} INFO - [2023-01-11T16:29:12.148-0500] {dagbag.py:538} INFO - Filling up the DagBag from /Library/Frameworks/Python.framework/Versions/3.9/lib/python3.9/site-packages/airflow/example_dags/example_branch_operator.py
[2023-01-11T16:29:12.191-0500] {processor.py:753} INFO - DAG(s) dict_keys(['example_branch_operator']) retrieved from /Library/Frameworks/Python.framework/Versions/3.9/lib/python3.9/site-packages/airflow/example_dags/example_branch_operator.py
[2023-01-11T16:29:12.797-0500] {logging_mixin.py:137} INFO - [2023-01-11T16:29:12.796-0500] {dag.py:2676} INFO - Sync 1 DAGs
[2023-01-11T16:29:12.814-0500] {logging_mixin.py:137} INFO - [2023-01-11T16:29:12.814-0500] {dag.py:3423} INFO - Setting next_dagrun for example_branch_operator to 2023-01-10T00:00:00+00:00, run_after=2023-01-11T00:00:00+00:00
[2023-01-11T16:29:12.833-0500] {processor.py:175} INFO - Processing /Library/Frameworks/Python.framework/Versions/3.9/lib/python3.9/site-packages/airflow/example_dags/example_branch_operator.py took 0.692 seconds
[2023-01-11T16:32:32.681-0500] {processor.py:153} INFO - Started process (PID=11512) to work on /Library/Frameworks/Python.framework/Versions/3.9/lib/python3.9/site-packages/airflow/example_dags/example_branch_operator.py
[2023-01-11T16:32:32.687-0500] {processor.py:743} INFO - Processing file /Library/Frameworks/Python.framework/Versions/3.9/lib/python3.9/site-packages/airflow/example_dags/example_branch_operator.py for tasks to queue
[2023-01-11T16:32:32.687-0500] {logging_mixin.py:137} INFO - [2023-01-11T16:32:32.687-0500] {dagbag.py:538} INFO - Filling up the DagBag from /Library/Frameworks/Python.framework/Versions/3.9/lib/python3.9/site-packages/airflow/example_dags/example_branch_operator.py
[2023-01-11T16:32:32.735-0500] {processor.py:753} INFO - DAG(s) dict_keys(['example_branch_operator']) retrieved from /Library/Frameworks/Python.framework/Versions/3.9/lib/python3.9/site-packages/airflow/example_dags/example_branch_operator.py
[2023-01-11T16:32:33.362-0500] {logging_mixin.py:137} INFO - [2023-01-11T16:32:33.361-0500] {dag.py:2676} INFO - Sync 1 DAGs
[2023-01-11T16:32:33.381-0500] {logging_mixin.py:137} INFO - [2023-01-11T16:32:33.380-0500] {dag.py:3423} INFO - Setting next_dagrun for example_branch_operator to 2023-01-10T00:00:00+00:00, run_after=2023-01-11T00:00:00+00:00
[2023-01-11T16:32:33.401-0500] {processor.py:175} INFO - Processing /Library/Frameworks/Python.framework/Versions/3.9/lib/python3.9/site-packages/airflow/example_dags/example_branch_operator.py took 0.722 seconds
[2023-01-11T16:36:26.994-0500] {processor.py:153} INFO - Started process (PID=11644) to work on /Library/Frameworks/Python.framework/Versions/3.9/lib/python3.9/site-packages/airflow/example_dags/example_branch_operator.py
[2023-01-11T16:36:27.000-0500] {processor.py:743} INFO - Processing file /Library/Frameworks/Python.framework/Versions/3.9/lib/python3.9/site-packages/airflow/example_dags/example_branch_operator.py for tasks to queue
[2023-01-11T16:36:27.001-0500] {logging_mixin.py:137} INFO - [2023-01-11T16:36:27.001-0500] {dagbag.py:538} INFO - Filling up the DagBag from /Library/Frameworks/Python.framework/Versions/3.9/lib/python3.9/site-packages/airflow/example_dags/example_branch_operator.py
[2023-01-11T16:36:27.169-0500] {processor.py:753} INFO - DAG(s) dict_keys(['example_branch_operator']) retrieved from /Library/Frameworks/Python.framework/Versions/3.9/lib/python3.9/site-packages/airflow/example_dags/example_branch_operator.py
[2023-01-11T16:36:28.683-0500] {logging_mixin.py:137} INFO - [2023-01-11T16:36:28.680-0500] {dag.py:2676} INFO - Sync 1 DAGs
[2023-01-11T16:36:28.741-0500] {logging_mixin.py:137} INFO - [2023-01-11T16:36:28.740-0500] {dag.py:3423} INFO - Setting next_dagrun for example_branch_operator to 2023-01-10T00:00:00+00:00, run_after=2023-01-11T00:00:00+00:00
[2023-01-11T16:36:28.810-0500] {processor.py:175} INFO - Processing /Library/Frameworks/Python.framework/Versions/3.9/lib/python3.9/site-packages/airflow/example_dags/example_branch_operator.py took 1.817 seconds
[2023-01-11T16:51:45.440-0500] {processor.py:153} INFO - Started process (PID=12106) to work on /Library/Frameworks/Python.framework/Versions/3.9/lib/python3.9/site-packages/airflow/example_dags/example_branch_operator.py
[2023-01-11T16:51:45.447-0500] {processor.py:743} INFO - Processing file /Library/Frameworks/Python.framework/Versions/3.9/lib/python3.9/site-packages/airflow/example_dags/example_branch_operator.py for tasks to queue
[2023-01-11T16:51:45.448-0500] {logging_mixin.py:137} INFO - [2023-01-11T16:51:45.448-0500] {dagbag.py:538} INFO - Filling up the DagBag from /Library/Frameworks/Python.framework/Versions/3.9/lib/python3.9/site-packages/airflow/example_dags/example_branch_operator.py
[2023-01-11T16:51:45.491-0500] {processor.py:753} INFO - DAG(s) dict_keys(['example_branch_operator']) retrieved from /Library/Frameworks/Python.framework/Versions/3.9/lib/python3.9/site-packages/airflow/example_dags/example_branch_operator.py
[2023-01-11T16:51:46.131-0500] {logging_mixin.py:137} INFO - [2023-01-11T16:51:46.130-0500] {dag.py:2676} INFO - Sync 1 DAGs
[2023-01-11T16:51:46.149-0500] {logging_mixin.py:137} INFO - [2023-01-11T16:51:46.149-0500] {dag.py:3423} INFO - Setting next_dagrun for example_branch_operator to 2023-01-10T00:00:00+00:00, run_after=2023-01-11T00:00:00+00:00
[2023-01-11T16:51:46.174-0500] {processor.py:175} INFO - Processing /Library/Frameworks/Python.framework/Versions/3.9/lib/python3.9/site-packages/airflow/example_dags/example_branch_operator.py took 0.735 seconds
[2023-01-11T16:55:32.328-0500] {processor.py:153} INFO - Started process (PID=12297) to work on /Library/Frameworks/Python.framework/Versions/3.9/lib/python3.9/site-packages/airflow/example_dags/example_branch_operator.py
[2023-01-11T16:55:32.334-0500] {processor.py:743} INFO - Processing file /Library/Frameworks/Python.framework/Versions/3.9/lib/python3.9/site-packages/airflow/example_dags/example_branch_operator.py for tasks to queue
[2023-01-11T16:55:32.335-0500] {logging_mixin.py:137} INFO - [2023-01-11T16:55:32.335-0500] {dagbag.py:538} INFO - Filling up the DagBag from /Library/Frameworks/Python.framework/Versions/3.9/lib/python3.9/site-packages/airflow/example_dags/example_branch_operator.py
[2023-01-11T16:55:32.379-0500] {processor.py:753} INFO - DAG(s) dict_keys(['example_branch_operator']) retrieved from /Library/Frameworks/Python.framework/Versions/3.9/lib/python3.9/site-packages/airflow/example_dags/example_branch_operator.py
[2023-01-11T16:55:33.011-0500] {logging_mixin.py:137} INFO - [2023-01-11T16:55:33.011-0500] {dag.py:2676} INFO - Sync 1 DAGs
[2023-01-11T16:55:33.029-0500] {logging_mixin.py:137} INFO - [2023-01-11T16:55:33.029-0500] {dag.py:3423} INFO - Setting next_dagrun for example_branch_operator to 2023-01-10T00:00:00+00:00, run_after=2023-01-11T00:00:00+00:00
[2023-01-11T16:55:33.051-0500] {processor.py:175} INFO - Processing /Library/Frameworks/Python.framework/Versions/3.9/lib/python3.9/site-packages/airflow/example_dags/example_branch_operator.py took 0.723 seconds
[2023-01-11T16:59:13.519-0500] {processor.py:153} INFO - Started process (PID=12405) to work on /Library/Frameworks/Python.framework/Versions/3.9/lib/python3.9/site-packages/airflow/example_dags/example_branch_operator.py
[2023-01-11T16:59:13.525-0500] {processor.py:743} INFO - Processing file /Library/Frameworks/Python.framework/Versions/3.9/lib/python3.9/site-packages/airflow/example_dags/example_branch_operator.py for tasks to queue
[2023-01-11T16:59:13.526-0500] {logging_mixin.py:137} INFO - [2023-01-11T16:59:13.526-0500] {dagbag.py:538} INFO - Filling up the DagBag from /Library/Frameworks/Python.framework/Versions/3.9/lib/python3.9/site-packages/airflow/example_dags/example_branch_operator.py
[2023-01-11T16:59:13.572-0500] {processor.py:753} INFO - DAG(s) dict_keys(['example_branch_operator']) retrieved from /Library/Frameworks/Python.framework/Versions/3.9/lib/python3.9/site-packages/airflow/example_dags/example_branch_operator.py
[2023-01-11T16:59:14.256-0500] {logging_mixin.py:137} INFO - [2023-01-11T16:59:14.256-0500] {dag.py:2676} INFO - Sync 1 DAGs
[2023-01-11T16:59:14.276-0500] {logging_mixin.py:137} INFO - [2023-01-11T16:59:14.275-0500] {dag.py:3423} INFO - Setting next_dagrun for example_branch_operator to 2023-01-10T00:00:00+00:00, run_after=2023-01-11T00:00:00+00:00
[2023-01-11T16:59:14.305-0500] {processor.py:175} INFO - Processing /Library/Frameworks/Python.framework/Versions/3.9/lib/python3.9/site-packages/airflow/example_dags/example_branch_operator.py took 0.786 seconds
[2023-01-11T17:03:11.972-0500] {processor.py:153} INFO - Started process (PID=13172) to work on /Library/Frameworks/Python.framework/Versions/3.9/lib/python3.9/site-packages/airflow/example_dags/example_branch_operator.py
[2023-01-11T17:03:11.977-0500] {processor.py:743} INFO - Processing file /Library/Frameworks/Python.framework/Versions/3.9/lib/python3.9/site-packages/airflow/example_dags/example_branch_operator.py for tasks to queue
[2023-01-11T17:03:11.978-0500] {logging_mixin.py:137} INFO - [2023-01-11T17:03:11.978-0500] {dagbag.py:538} INFO - Filling up the DagBag from /Library/Frameworks/Python.framework/Versions/3.9/lib/python3.9/site-packages/airflow/example_dags/example_branch_operator.py
[2023-01-11T17:03:12.024-0500] {processor.py:753} INFO - DAG(s) dict_keys(['example_branch_operator']) retrieved from /Library/Frameworks/Python.framework/Versions/3.9/lib/python3.9/site-packages/airflow/example_dags/example_branch_operator.py
[2023-01-11T17:03:12.677-0500] {logging_mixin.py:137} INFO - [2023-01-11T17:03:12.677-0500] {dag.py:2676} INFO - Sync 1 DAGs
[2023-01-11T17:03:12.696-0500] {logging_mixin.py:137} INFO - [2023-01-11T17:03:12.696-0500] {dag.py:3423} INFO - Setting next_dagrun for example_branch_operator to 2023-01-10T00:00:00+00:00, run_after=2023-01-11T00:00:00+00:00
[2023-01-11T17:03:12.716-0500] {processor.py:175} INFO - Processing /Library/Frameworks/Python.framework/Versions/3.9/lib/python3.9/site-packages/airflow/example_dags/example_branch_operator.py took 0.745 seconds
