[2023-01-10T20:13:04.135-0500] {processor.py:153} INFO - Started process (PID=2611) to work on /Library/Frameworks/Python.framework/Versions/3.9/lib/python3.9/site-packages/airflow/example_dags/example_branch_python_dop_operator_3.py
[2023-01-10T20:13:04.148-0500] {processor.py:743} INFO - Processing file /Library/Frameworks/Python.framework/Versions/3.9/lib/python3.9/site-packages/airflow/example_dags/example_branch_python_dop_operator_3.py for tasks to queue
[2023-01-10T20:13:04.149-0500] {logging_mixin.py:137} INFO - [2023-01-10T20:13:04.149-0500] {dagbag.py:538} INFO - Filling up the DagBag from /Library/Frameworks/Python.framework/Versions/3.9/lib/python3.9/site-packages/airflow/example_dags/example_branch_python_dop_operator_3.py
[2023-01-10T20:13:04.371-0500] {processor.py:753} INFO - DAG(s) dict_keys(['example_branch_dop_operator_v3']) retrieved from /Library/Frameworks/Python.framework/Versions/3.9/lib/python3.9/site-packages/airflow/example_dags/example_branch_python_dop_operator_3.py
[2023-01-10T20:13:06.158-0500] {logging_mixin.py:137} INFO - [2023-01-10T20:13:06.158-0500] {dag.py:2676} INFO - Sync 1 DAGs
[2023-01-10T20:13:06.209-0500] {logging_mixin.py:137} INFO - [2023-01-10T20:13:06.209-0500] {dag.py:3423} INFO - Setting next_dagrun for example_branch_dop_operator_v3 to 2023-01-11T01:12:00+00:00, run_after=2023-01-11T01:13:00+00:00
[2023-01-10T20:13:06.261-0500] {processor.py:175} INFO - Processing /Library/Frameworks/Python.framework/Versions/3.9/lib/python3.9/site-packages/airflow/example_dags/example_branch_python_dop_operator_3.py took 2.130 seconds
[2023-01-10T20:17:43.679-0500] {processor.py:153} INFO - Started process (PID=2861) to work on /Library/Frameworks/Python.framework/Versions/3.9/lib/python3.9/site-packages/airflow/example_dags/example_branch_python_dop_operator_3.py
[2023-01-10T20:17:43.685-0500] {processor.py:743} INFO - Processing file /Library/Frameworks/Python.framework/Versions/3.9/lib/python3.9/site-packages/airflow/example_dags/example_branch_python_dop_operator_3.py for tasks to queue
[2023-01-10T20:17:43.686-0500] {logging_mixin.py:137} INFO - [2023-01-10T20:17:43.686-0500] {dagbag.py:538} INFO - Filling up the DagBag from /Library/Frameworks/Python.framework/Versions/3.9/lib/python3.9/site-packages/airflow/example_dags/example_branch_python_dop_operator_3.py
[2023-01-10T20:17:43.760-0500] {processor.py:753} INFO - DAG(s) dict_keys(['example_branch_dop_operator_v3']) retrieved from /Library/Frameworks/Python.framework/Versions/3.9/lib/python3.9/site-packages/airflow/example_dags/example_branch_python_dop_operator_3.py
[2023-01-10T20:17:44.465-0500] {logging_mixin.py:137} INFO - [2023-01-10T20:17:44.465-0500] {dag.py:2676} INFO - Sync 1 DAGs
[2023-01-10T20:17:44.486-0500] {logging_mixin.py:137} INFO - [2023-01-10T20:17:44.486-0500] {dag.py:3423} INFO - Setting next_dagrun for example_branch_dop_operator_v3 to 2023-01-11T01:16:00+00:00, run_after=2023-01-11T01:17:00+00:00
[2023-01-10T20:17:44.505-0500] {processor.py:175} INFO - Processing /Library/Frameworks/Python.framework/Versions/3.9/lib/python3.9/site-packages/airflow/example_dags/example_branch_python_dop_operator_3.py took 0.826 seconds
[2023-01-10T20:20:25.221-0500] {processor.py:153} INFO - Started process (PID=2942) to work on /Library/Frameworks/Python.framework/Versions/3.9/lib/python3.9/site-packages/airflow/example_dags/example_branch_python_dop_operator_3.py
[2023-01-10T20:20:25.226-0500] {processor.py:743} INFO - Processing file /Library/Frameworks/Python.framework/Versions/3.9/lib/python3.9/site-packages/airflow/example_dags/example_branch_python_dop_operator_3.py for tasks to queue
[2023-01-10T20:20:25.227-0500] {logging_mixin.py:137} INFO - [2023-01-10T20:20:25.227-0500] {dagbag.py:538} INFO - Filling up the DagBag from /Library/Frameworks/Python.framework/Versions/3.9/lib/python3.9/site-packages/airflow/example_dags/example_branch_python_dop_operator_3.py
[2023-01-10T20:20:25.303-0500] {processor.py:753} INFO - DAG(s) dict_keys(['example_branch_dop_operator_v3']) retrieved from /Library/Frameworks/Python.framework/Versions/3.9/lib/python3.9/site-packages/airflow/example_dags/example_branch_python_dop_operator_3.py
[2023-01-10T20:20:25.995-0500] {logging_mixin.py:137} INFO - [2023-01-10T20:20:25.994-0500] {dag.py:2676} INFO - Sync 1 DAGs
[2023-01-10T20:20:26.015-0500] {logging_mixin.py:137} INFO - [2023-01-10T20:20:26.015-0500] {dag.py:3423} INFO - Setting next_dagrun for example_branch_dop_operator_v3 to 2023-01-11T01:19:00+00:00, run_after=2023-01-11T01:20:00+00:00
[2023-01-10T20:20:26.034-0500] {processor.py:175} INFO - Processing /Library/Frameworks/Python.framework/Versions/3.9/lib/python3.9/site-packages/airflow/example_dags/example_branch_python_dop_operator_3.py took 0.814 seconds
[2023-01-10T20:23:10.206-0500] {processor.py:153} INFO - Started process (PID=3029) to work on /Library/Frameworks/Python.framework/Versions/3.9/lib/python3.9/site-packages/airflow/example_dags/example_branch_python_dop_operator_3.py
[2023-01-10T20:23:10.211-0500] {processor.py:743} INFO - Processing file /Library/Frameworks/Python.framework/Versions/3.9/lib/python3.9/site-packages/airflow/example_dags/example_branch_python_dop_operator_3.py for tasks to queue
[2023-01-10T20:23:10.212-0500] {logging_mixin.py:137} INFO - [2023-01-10T20:23:10.212-0500] {dagbag.py:538} INFO - Filling up the DagBag from /Library/Frameworks/Python.framework/Versions/3.9/lib/python3.9/site-packages/airflow/example_dags/example_branch_python_dop_operator_3.py
[2023-01-10T20:23:10.285-0500] {processor.py:753} INFO - DAG(s) dict_keys(['example_branch_dop_operator_v3']) retrieved from /Library/Frameworks/Python.framework/Versions/3.9/lib/python3.9/site-packages/airflow/example_dags/example_branch_python_dop_operator_3.py
[2023-01-10T20:23:10.997-0500] {logging_mixin.py:137} INFO - [2023-01-10T20:23:10.997-0500] {dag.py:2676} INFO - Sync 1 DAGs
[2023-01-10T20:23:11.018-0500] {logging_mixin.py:137} INFO - [2023-01-10T20:23:11.018-0500] {dag.py:3423} INFO - Setting next_dagrun for example_branch_dop_operator_v3 to 2023-01-11T01:22:00+00:00, run_after=2023-01-11T01:23:00+00:00
[2023-01-10T20:23:11.036-0500] {processor.py:175} INFO - Processing /Library/Frameworks/Python.framework/Versions/3.9/lib/python3.9/site-packages/airflow/example_dags/example_branch_python_dop_operator_3.py took 0.830 seconds
[2023-01-10T20:25:44.657-0500] {processor.py:153} INFO - Started process (PID=3173) to work on /Library/Frameworks/Python.framework/Versions/3.9/lib/python3.9/site-packages/airflow/example_dags/example_branch_python_dop_operator_3.py
[2023-01-10T20:25:44.662-0500] {processor.py:743} INFO - Processing file /Library/Frameworks/Python.framework/Versions/3.9/lib/python3.9/site-packages/airflow/example_dags/example_branch_python_dop_operator_3.py for tasks to queue
[2023-01-10T20:25:44.662-0500] {logging_mixin.py:137} INFO - [2023-01-10T20:25:44.662-0500] {dagbag.py:538} INFO - Filling up the DagBag from /Library/Frameworks/Python.framework/Versions/3.9/lib/python3.9/site-packages/airflow/example_dags/example_branch_python_dop_operator_3.py
[2023-01-10T20:25:44.735-0500] {processor.py:753} INFO - DAG(s) dict_keys(['example_branch_dop_operator_v3']) retrieved from /Library/Frameworks/Python.framework/Versions/3.9/lib/python3.9/site-packages/airflow/example_dags/example_branch_python_dop_operator_3.py
[2023-01-10T20:25:45.470-0500] {logging_mixin.py:137} INFO - [2023-01-10T20:25:45.469-0500] {dag.py:2676} INFO - Sync 1 DAGs
[2023-01-10T20:25:45.490-0500] {logging_mixin.py:137} INFO - [2023-01-10T20:25:45.490-0500] {dag.py:3423} INFO - Setting next_dagrun for example_branch_dop_operator_v3 to 2023-01-11T01:24:00+00:00, run_after=2023-01-11T01:25:00+00:00
[2023-01-10T20:25:45.508-0500] {processor.py:175} INFO - Processing /Library/Frameworks/Python.framework/Versions/3.9/lib/python3.9/site-packages/airflow/example_dags/example_branch_python_dop_operator_3.py took 0.852 seconds
[2023-01-10T20:28:27.308-0500] {processor.py:153} INFO - Started process (PID=3315) to work on /Library/Frameworks/Python.framework/Versions/3.9/lib/python3.9/site-packages/airflow/example_dags/example_branch_python_dop_operator_3.py
[2023-01-10T20:28:27.313-0500] {processor.py:743} INFO - Processing file /Library/Frameworks/Python.framework/Versions/3.9/lib/python3.9/site-packages/airflow/example_dags/example_branch_python_dop_operator_3.py for tasks to queue
[2023-01-10T20:28:27.314-0500] {logging_mixin.py:137} INFO - [2023-01-10T20:28:27.313-0500] {dagbag.py:538} INFO - Filling up the DagBag from /Library/Frameworks/Python.framework/Versions/3.9/lib/python3.9/site-packages/airflow/example_dags/example_branch_python_dop_operator_3.py
[2023-01-10T20:28:27.385-0500] {processor.py:753} INFO - DAG(s) dict_keys(['example_branch_dop_operator_v3']) retrieved from /Library/Frameworks/Python.framework/Versions/3.9/lib/python3.9/site-packages/airflow/example_dags/example_branch_python_dop_operator_3.py
[2023-01-10T20:28:28.088-0500] {logging_mixin.py:137} INFO - [2023-01-10T20:28:28.088-0500] {dag.py:2676} INFO - Sync 1 DAGs
[2023-01-10T20:28:28.108-0500] {logging_mixin.py:137} INFO - [2023-01-10T20:28:28.108-0500] {dag.py:3423} INFO - Setting next_dagrun for example_branch_dop_operator_v3 to 2023-01-11T01:27:00+00:00, run_after=2023-01-11T01:28:00+00:00
[2023-01-10T20:28:28.131-0500] {processor.py:175} INFO - Processing /Library/Frameworks/Python.framework/Versions/3.9/lib/python3.9/site-packages/airflow/example_dags/example_branch_python_dop_operator_3.py took 0.823 seconds
[2023-01-10T20:31:07.276-0500] {processor.py:153} INFO - Started process (PID=3383) to work on /Library/Frameworks/Python.framework/Versions/3.9/lib/python3.9/site-packages/airflow/example_dags/example_branch_python_dop_operator_3.py
[2023-01-10T20:31:07.281-0500] {processor.py:743} INFO - Processing file /Library/Frameworks/Python.framework/Versions/3.9/lib/python3.9/site-packages/airflow/example_dags/example_branch_python_dop_operator_3.py for tasks to queue
[2023-01-10T20:31:07.282-0500] {logging_mixin.py:137} INFO - [2023-01-10T20:31:07.282-0500] {dagbag.py:538} INFO - Filling up the DagBag from /Library/Frameworks/Python.framework/Versions/3.9/lib/python3.9/site-packages/airflow/example_dags/example_branch_python_dop_operator_3.py
[2023-01-10T20:31:07.360-0500] {processor.py:753} INFO - DAG(s) dict_keys(['example_branch_dop_operator_v3']) retrieved from /Library/Frameworks/Python.framework/Versions/3.9/lib/python3.9/site-packages/airflow/example_dags/example_branch_python_dop_operator_3.py
[2023-01-10T20:31:08.055-0500] {logging_mixin.py:137} INFO - [2023-01-10T20:31:08.054-0500] {dag.py:2676} INFO - Sync 1 DAGs
[2023-01-10T20:31:08.075-0500] {logging_mixin.py:137} INFO - [2023-01-10T20:31:08.075-0500] {dag.py:3423} INFO - Setting next_dagrun for example_branch_dop_operator_v3 to 2023-01-11T01:30:00+00:00, run_after=2023-01-11T01:31:00+00:00
[2023-01-10T20:31:08.097-0500] {processor.py:175} INFO - Processing /Library/Frameworks/Python.framework/Versions/3.9/lib/python3.9/site-packages/airflow/example_dags/example_branch_python_dop_operator_3.py took 0.822 seconds
[2023-01-10T20:34:17.166-0500] {processor.py:153} INFO - Started process (PID=3619) to work on /Library/Frameworks/Python.framework/Versions/3.9/lib/python3.9/site-packages/airflow/example_dags/example_branch_python_dop_operator_3.py
[2023-01-10T20:34:17.171-0500] {processor.py:743} INFO - Processing file /Library/Frameworks/Python.framework/Versions/3.9/lib/python3.9/site-packages/airflow/example_dags/example_branch_python_dop_operator_3.py for tasks to queue
[2023-01-10T20:34:17.172-0500] {logging_mixin.py:137} INFO - [2023-01-10T20:34:17.172-0500] {dagbag.py:538} INFO - Filling up the DagBag from /Library/Frameworks/Python.framework/Versions/3.9/lib/python3.9/site-packages/airflow/example_dags/example_branch_python_dop_operator_3.py
[2023-01-10T20:34:17.249-0500] {processor.py:753} INFO - DAG(s) dict_keys(['example_branch_dop_operator_v3']) retrieved from /Library/Frameworks/Python.framework/Versions/3.9/lib/python3.9/site-packages/airflow/example_dags/example_branch_python_dop_operator_3.py
[2023-01-10T20:34:18.070-0500] {logging_mixin.py:137} INFO - [2023-01-10T20:34:18.069-0500] {dag.py:2676} INFO - Sync 1 DAGs
[2023-01-10T20:34:18.102-0500] {logging_mixin.py:137} INFO - [2023-01-10T20:34:18.102-0500] {dag.py:3423} INFO - Setting next_dagrun for example_branch_dop_operator_v3 to 2023-01-11T01:33:00+00:00, run_after=2023-01-11T01:34:00+00:00
[2023-01-10T20:34:18.128-0500] {processor.py:175} INFO - Processing /Library/Frameworks/Python.framework/Versions/3.9/lib/python3.9/site-packages/airflow/example_dags/example_branch_python_dop_operator_3.py took 0.962 seconds
[2023-01-10T20:37:39.009-0500] {processor.py:153} INFO - Started process (PID=3832) to work on /Library/Frameworks/Python.framework/Versions/3.9/lib/python3.9/site-packages/airflow/example_dags/example_branch_python_dop_operator_3.py
[2023-01-10T20:37:39.014-0500] {processor.py:743} INFO - Processing file /Library/Frameworks/Python.framework/Versions/3.9/lib/python3.9/site-packages/airflow/example_dags/example_branch_python_dop_operator_3.py for tasks to queue
[2023-01-10T20:37:39.015-0500] {logging_mixin.py:137} INFO - [2023-01-10T20:37:39.015-0500] {dagbag.py:538} INFO - Filling up the DagBag from /Library/Frameworks/Python.framework/Versions/3.9/lib/python3.9/site-packages/airflow/example_dags/example_branch_python_dop_operator_3.py
[2023-01-10T20:37:39.069-0500] {processor.py:753} INFO - DAG(s) dict_keys(['example_branch_dop_operator_v3']) retrieved from /Library/Frameworks/Python.framework/Versions/3.9/lib/python3.9/site-packages/airflow/example_dags/example_branch_python_dop_operator_3.py
[2023-01-10T20:37:39.719-0500] {logging_mixin.py:137} INFO - [2023-01-10T20:37:39.718-0500] {dag.py:2676} INFO - Sync 1 DAGs
[2023-01-10T20:37:39.741-0500] {logging_mixin.py:137} INFO - [2023-01-10T20:37:39.741-0500] {dag.py:3423} INFO - Setting next_dagrun for example_branch_dop_operator_v3 to 2023-01-11T01:36:00+00:00, run_after=2023-01-11T01:37:00+00:00
[2023-01-10T20:37:39.759-0500] {processor.py:175} INFO - Processing /Library/Frameworks/Python.framework/Versions/3.9/lib/python3.9/site-packages/airflow/example_dags/example_branch_python_dop_operator_3.py took 0.751 seconds
[2023-01-10T20:41:14.782-0500] {processor.py:153} INFO - Started process (PID=3956) to work on /Library/Frameworks/Python.framework/Versions/3.9/lib/python3.9/site-packages/airflow/example_dags/example_branch_python_dop_operator_3.py
[2023-01-10T20:41:14.787-0500] {processor.py:743} INFO - Processing file /Library/Frameworks/Python.framework/Versions/3.9/lib/python3.9/site-packages/airflow/example_dags/example_branch_python_dop_operator_3.py for tasks to queue
[2023-01-10T20:41:14.788-0500] {logging_mixin.py:137} INFO - [2023-01-10T20:41:14.787-0500] {dagbag.py:538} INFO - Filling up the DagBag from /Library/Frameworks/Python.framework/Versions/3.9/lib/python3.9/site-packages/airflow/example_dags/example_branch_python_dop_operator_3.py
[2023-01-10T20:41:14.841-0500] {processor.py:753} INFO - DAG(s) dict_keys(['example_branch_dop_operator_v3']) retrieved from /Library/Frameworks/Python.framework/Versions/3.9/lib/python3.9/site-packages/airflow/example_dags/example_branch_python_dop_operator_3.py
[2023-01-10T20:41:15.469-0500] {logging_mixin.py:137} INFO - [2023-01-10T20:41:15.469-0500] {dag.py:2676} INFO - Sync 1 DAGs
[2023-01-10T20:41:15.492-0500] {logging_mixin.py:137} INFO - [2023-01-10T20:41:15.492-0500] {dag.py:3423} INFO - Setting next_dagrun for example_branch_dop_operator_v3 to 2023-01-11T01:40:00+00:00, run_after=2023-01-11T01:41:00+00:00
[2023-01-10T20:41:15.511-0500] {processor.py:175} INFO - Processing /Library/Frameworks/Python.framework/Versions/3.9/lib/python3.9/site-packages/airflow/example_dags/example_branch_python_dop_operator_3.py took 0.730 seconds
[2023-01-10T20:44:49.532-0500] {processor.py:153} INFO - Started process (PID=4178) to work on /Library/Frameworks/Python.framework/Versions/3.9/lib/python3.9/site-packages/airflow/example_dags/example_branch_python_dop_operator_3.py
[2023-01-10T20:44:49.537-0500] {processor.py:743} INFO - Processing file /Library/Frameworks/Python.framework/Versions/3.9/lib/python3.9/site-packages/airflow/example_dags/example_branch_python_dop_operator_3.py for tasks to queue
[2023-01-10T20:44:49.538-0500] {logging_mixin.py:137} INFO - [2023-01-10T20:44:49.538-0500] {dagbag.py:538} INFO - Filling up the DagBag from /Library/Frameworks/Python.framework/Versions/3.9/lib/python3.9/site-packages/airflow/example_dags/example_branch_python_dop_operator_3.py
[2023-01-10T20:44:49.589-0500] {processor.py:753} INFO - DAG(s) dict_keys(['example_branch_dop_operator_v3']) retrieved from /Library/Frameworks/Python.framework/Versions/3.9/lib/python3.9/site-packages/airflow/example_dags/example_branch_python_dop_operator_3.py
[2023-01-10T20:44:50.182-0500] {logging_mixin.py:137} INFO - [2023-01-10T20:44:50.181-0500] {dag.py:2676} INFO - Sync 1 DAGs
[2023-01-10T20:44:50.203-0500] {logging_mixin.py:137} INFO - [2023-01-10T20:44:50.203-0500] {dag.py:3423} INFO - Setting next_dagrun for example_branch_dop_operator_v3 to 2023-01-11T01:43:00+00:00, run_after=2023-01-11T01:44:00+00:00
[2023-01-10T20:44:50.222-0500] {processor.py:175} INFO - Processing /Library/Frameworks/Python.framework/Versions/3.9/lib/python3.9/site-packages/airflow/example_dags/example_branch_python_dop_operator_3.py took 0.691 seconds
[2023-01-10T20:48:21.992-0500] {processor.py:153} INFO - Started process (PID=4349) to work on /Library/Frameworks/Python.framework/Versions/3.9/lib/python3.9/site-packages/airflow/example_dags/example_branch_python_dop_operator_3.py
[2023-01-10T20:48:21.999-0500] {processor.py:743} INFO - Processing file /Library/Frameworks/Python.framework/Versions/3.9/lib/python3.9/site-packages/airflow/example_dags/example_branch_python_dop_operator_3.py for tasks to queue
[2023-01-10T20:48:22.000-0500] {logging_mixin.py:137} INFO - [2023-01-10T20:48:22.000-0500] {dagbag.py:538} INFO - Filling up the DagBag from /Library/Frameworks/Python.framework/Versions/3.9/lib/python3.9/site-packages/airflow/example_dags/example_branch_python_dop_operator_3.py
[2023-01-10T20:48:22.059-0500] {processor.py:753} INFO - DAG(s) dict_keys(['example_branch_dop_operator_v3']) retrieved from /Library/Frameworks/Python.framework/Versions/3.9/lib/python3.9/site-packages/airflow/example_dags/example_branch_python_dop_operator_3.py
[2023-01-10T20:48:22.687-0500] {logging_mixin.py:137} INFO - [2023-01-10T20:48:22.687-0500] {dag.py:2676} INFO - Sync 1 DAGs
[2023-01-10T20:48:22.707-0500] {logging_mixin.py:137} INFO - [2023-01-10T20:48:22.707-0500] {dag.py:3423} INFO - Setting next_dagrun for example_branch_dop_operator_v3 to 2023-01-11T01:47:00+00:00, run_after=2023-01-11T01:48:00+00:00
[2023-01-10T20:48:22.729-0500] {processor.py:175} INFO - Processing /Library/Frameworks/Python.framework/Versions/3.9/lib/python3.9/site-packages/airflow/example_dags/example_branch_python_dop_operator_3.py took 0.737 seconds
[2023-01-10T20:51:41.274-0500] {processor.py:153} INFO - Started process (PID=4434) to work on /Library/Frameworks/Python.framework/Versions/3.9/lib/python3.9/site-packages/airflow/example_dags/example_branch_python_dop_operator_3.py
[2023-01-10T20:51:41.281-0500] {processor.py:743} INFO - Processing file /Library/Frameworks/Python.framework/Versions/3.9/lib/python3.9/site-packages/airflow/example_dags/example_branch_python_dop_operator_3.py for tasks to queue
[2023-01-10T20:51:41.281-0500] {logging_mixin.py:137} INFO - [2023-01-10T20:51:41.281-0500] {dagbag.py:538} INFO - Filling up the DagBag from /Library/Frameworks/Python.framework/Versions/3.9/lib/python3.9/site-packages/airflow/example_dags/example_branch_python_dop_operator_3.py
[2023-01-10T20:51:41.337-0500] {processor.py:753} INFO - DAG(s) dict_keys(['example_branch_dop_operator_v3']) retrieved from /Library/Frameworks/Python.framework/Versions/3.9/lib/python3.9/site-packages/airflow/example_dags/example_branch_python_dop_operator_3.py
[2023-01-10T20:51:41.969-0500] {logging_mixin.py:137} INFO - [2023-01-10T20:51:41.968-0500] {dag.py:2676} INFO - Sync 1 DAGs
[2023-01-10T20:51:41.991-0500] {logging_mixin.py:137} INFO - [2023-01-10T20:51:41.991-0500] {dag.py:3423} INFO - Setting next_dagrun for example_branch_dop_operator_v3 to 2023-01-11T01:50:00+00:00, run_after=2023-01-11T01:51:00+00:00
[2023-01-10T20:51:42.010-0500] {processor.py:175} INFO - Processing /Library/Frameworks/Python.framework/Versions/3.9/lib/python3.9/site-packages/airflow/example_dags/example_branch_python_dop_operator_3.py took 0.737 seconds
[2023-01-10T20:54:59.225-0500] {processor.py:153} INFO - Started process (PID=4599) to work on /Library/Frameworks/Python.framework/Versions/3.9/lib/python3.9/site-packages/airflow/example_dags/example_branch_python_dop_operator_3.py
[2023-01-10T20:54:59.231-0500] {processor.py:743} INFO - Processing file /Library/Frameworks/Python.framework/Versions/3.9/lib/python3.9/site-packages/airflow/example_dags/example_branch_python_dop_operator_3.py for tasks to queue
[2023-01-10T20:54:59.231-0500] {logging_mixin.py:137} INFO - [2023-01-10T20:54:59.231-0500] {dagbag.py:538} INFO - Filling up the DagBag from /Library/Frameworks/Python.framework/Versions/3.9/lib/python3.9/site-packages/airflow/example_dags/example_branch_python_dop_operator_3.py
[2023-01-10T20:54:59.285-0500] {processor.py:753} INFO - DAG(s) dict_keys(['example_branch_dop_operator_v3']) retrieved from /Library/Frameworks/Python.framework/Versions/3.9/lib/python3.9/site-packages/airflow/example_dags/example_branch_python_dop_operator_3.py
[2023-01-10T20:54:59.923-0500] {logging_mixin.py:137} INFO - [2023-01-10T20:54:59.923-0500] {dag.py:2676} INFO - Sync 1 DAGs
[2023-01-10T20:54:59.944-0500] {logging_mixin.py:137} INFO - [2023-01-10T20:54:59.943-0500] {dag.py:3423} INFO - Setting next_dagrun for example_branch_dop_operator_v3 to 2023-01-11T01:53:00+00:00, run_after=2023-01-11T01:54:00+00:00
[2023-01-10T20:54:59.963-0500] {processor.py:175} INFO - Processing /Library/Frameworks/Python.framework/Versions/3.9/lib/python3.9/site-packages/airflow/example_dags/example_branch_python_dop_operator_3.py took 0.739 seconds
[2023-01-10T20:58:01.094-0500] {processor.py:153} INFO - Started process (PID=4670) to work on /Library/Frameworks/Python.framework/Versions/3.9/lib/python3.9/site-packages/airflow/example_dags/example_branch_python_dop_operator_3.py
[2023-01-10T20:58:01.099-0500] {processor.py:743} INFO - Processing file /Library/Frameworks/Python.framework/Versions/3.9/lib/python3.9/site-packages/airflow/example_dags/example_branch_python_dop_operator_3.py for tasks to queue
[2023-01-10T20:58:01.100-0500] {logging_mixin.py:137} INFO - [2023-01-10T20:58:01.100-0500] {dagbag.py:538} INFO - Filling up the DagBag from /Library/Frameworks/Python.framework/Versions/3.9/lib/python3.9/site-packages/airflow/example_dags/example_branch_python_dop_operator_3.py
[2023-01-10T20:58:01.153-0500] {processor.py:753} INFO - DAG(s) dict_keys(['example_branch_dop_operator_v3']) retrieved from /Library/Frameworks/Python.framework/Versions/3.9/lib/python3.9/site-packages/airflow/example_dags/example_branch_python_dop_operator_3.py
[2023-01-10T20:58:01.760-0500] {logging_mixin.py:137} INFO - [2023-01-10T20:58:01.760-0500] {dag.py:2676} INFO - Sync 1 DAGs
[2023-01-10T20:58:01.780-0500] {logging_mixin.py:137} INFO - [2023-01-10T20:58:01.780-0500] {dag.py:3423} INFO - Setting next_dagrun for example_branch_dop_operator_v3 to 2023-01-11T01:57:00+00:00, run_after=2023-01-11T01:58:00+00:00
[2023-01-10T20:58:01.797-0500] {processor.py:175} INFO - Processing /Library/Frameworks/Python.framework/Versions/3.9/lib/python3.9/site-packages/airflow/example_dags/example_branch_python_dop_operator_3.py took 0.705 seconds
[2023-01-10T21:00:17.211-0500] {processor.py:153} INFO - Started process (PID=4735) to work on /Library/Frameworks/Python.framework/Versions/3.9/lib/python3.9/site-packages/airflow/example_dags/example_branch_python_dop_operator_3.py
[2023-01-10T21:00:17.216-0500] {processor.py:743} INFO - Processing file /Library/Frameworks/Python.framework/Versions/3.9/lib/python3.9/site-packages/airflow/example_dags/example_branch_python_dop_operator_3.py for tasks to queue
[2023-01-10T21:00:17.217-0500] {logging_mixin.py:137} INFO - [2023-01-10T21:00:17.217-0500] {dagbag.py:538} INFO - Filling up the DagBag from /Library/Frameworks/Python.framework/Versions/3.9/lib/python3.9/site-packages/airflow/example_dags/example_branch_python_dop_operator_3.py
[2023-01-10T21:00:17.270-0500] {processor.py:753} INFO - DAG(s) dict_keys(['example_branch_dop_operator_v3']) retrieved from /Library/Frameworks/Python.framework/Versions/3.9/lib/python3.9/site-packages/airflow/example_dags/example_branch_python_dop_operator_3.py
[2023-01-10T21:00:17.877-0500] {logging_mixin.py:137} INFO - [2023-01-10T21:00:17.877-0500] {dag.py:2676} INFO - Sync 1 DAGs
[2023-01-10T21:00:17.897-0500] {logging_mixin.py:137} INFO - [2023-01-10T21:00:17.897-0500] {dag.py:3423} INFO - Setting next_dagrun for example_branch_dop_operator_v3 to 2023-01-11T01:59:00+00:00, run_after=2023-01-11T02:00:00+00:00
[2023-01-10T21:00:17.915-0500] {processor.py:175} INFO - Processing /Library/Frameworks/Python.framework/Versions/3.9/lib/python3.9/site-packages/airflow/example_dags/example_branch_python_dop_operator_3.py took 0.705 seconds
[2023-01-10T21:03:16.942-0500] {processor.py:153} INFO - Started process (PID=4806) to work on /Library/Frameworks/Python.framework/Versions/3.9/lib/python3.9/site-packages/airflow/example_dags/example_branch_python_dop_operator_3.py
[2023-01-10T21:03:16.947-0500] {processor.py:743} INFO - Processing file /Library/Frameworks/Python.framework/Versions/3.9/lib/python3.9/site-packages/airflow/example_dags/example_branch_python_dop_operator_3.py for tasks to queue
[2023-01-10T21:03:16.947-0500] {logging_mixin.py:137} INFO - [2023-01-10T21:03:16.947-0500] {dagbag.py:538} INFO - Filling up the DagBag from /Library/Frameworks/Python.framework/Versions/3.9/lib/python3.9/site-packages/airflow/example_dags/example_branch_python_dop_operator_3.py
[2023-01-10T21:03:16.999-0500] {processor.py:753} INFO - DAG(s) dict_keys(['example_branch_dop_operator_v3']) retrieved from /Library/Frameworks/Python.framework/Versions/3.9/lib/python3.9/site-packages/airflow/example_dags/example_branch_python_dop_operator_3.py
[2023-01-10T21:03:17.654-0500] {logging_mixin.py:137} INFO - [2023-01-10T21:03:17.654-0500] {dag.py:2676} INFO - Sync 1 DAGs
[2023-01-10T21:03:17.674-0500] {logging_mixin.py:137} INFO - [2023-01-10T21:03:17.674-0500] {dag.py:3423} INFO - Setting next_dagrun for example_branch_dop_operator_v3 to 2023-01-11T02:02:00+00:00, run_after=2023-01-11T02:03:00+00:00
[2023-01-10T21:03:17.693-0500] {processor.py:175} INFO - Processing /Library/Frameworks/Python.framework/Versions/3.9/lib/python3.9/site-packages/airflow/example_dags/example_branch_python_dop_operator_3.py took 0.751 seconds
[2023-01-10T21:06:25.875-0500] {processor.py:153} INFO - Started process (PID=5005) to work on /Library/Frameworks/Python.framework/Versions/3.9/lib/python3.9/site-packages/airflow/example_dags/example_branch_python_dop_operator_3.py
[2023-01-10T21:06:25.881-0500] {processor.py:743} INFO - Processing file /Library/Frameworks/Python.framework/Versions/3.9/lib/python3.9/site-packages/airflow/example_dags/example_branch_python_dop_operator_3.py for tasks to queue
[2023-01-10T21:06:25.881-0500] {logging_mixin.py:137} INFO - [2023-01-10T21:06:25.881-0500] {dagbag.py:538} INFO - Filling up the DagBag from /Library/Frameworks/Python.framework/Versions/3.9/lib/python3.9/site-packages/airflow/example_dags/example_branch_python_dop_operator_3.py
[2023-01-10T21:06:25.946-0500] {processor.py:753} INFO - DAG(s) dict_keys(['example_branch_dop_operator_v3']) retrieved from /Library/Frameworks/Python.framework/Versions/3.9/lib/python3.9/site-packages/airflow/example_dags/example_branch_python_dop_operator_3.py
[2023-01-10T21:06:26.633-0500] {logging_mixin.py:137} INFO - [2023-01-10T21:06:26.633-0500] {dag.py:2676} INFO - Sync 1 DAGs
[2023-01-10T21:06:26.654-0500] {logging_mixin.py:137} INFO - [2023-01-10T21:06:26.654-0500] {dag.py:3423} INFO - Setting next_dagrun for example_branch_dop_operator_v3 to 2023-01-11T02:05:00+00:00, run_after=2023-01-11T02:06:00+00:00
[2023-01-10T21:06:26.671-0500] {processor.py:175} INFO - Processing /Library/Frameworks/Python.framework/Versions/3.9/lib/python3.9/site-packages/airflow/example_dags/example_branch_python_dop_operator_3.py took 0.797 seconds
[2023-01-10T21:09:32.713-0500] {processor.py:153} INFO - Started process (PID=5095) to work on /Library/Frameworks/Python.framework/Versions/3.9/lib/python3.9/site-packages/airflow/example_dags/example_branch_python_dop_operator_3.py
[2023-01-10T21:09:32.720-0500] {processor.py:743} INFO - Processing file /Library/Frameworks/Python.framework/Versions/3.9/lib/python3.9/site-packages/airflow/example_dags/example_branch_python_dop_operator_3.py for tasks to queue
[2023-01-10T21:09:32.721-0500] {logging_mixin.py:137} INFO - [2023-01-10T21:09:32.721-0500] {dagbag.py:538} INFO - Filling up the DagBag from /Library/Frameworks/Python.framework/Versions/3.9/lib/python3.9/site-packages/airflow/example_dags/example_branch_python_dop_operator_3.py
[2023-01-10T21:09:32.777-0500] {processor.py:753} INFO - DAG(s) dict_keys(['example_branch_dop_operator_v3']) retrieved from /Library/Frameworks/Python.framework/Versions/3.9/lib/python3.9/site-packages/airflow/example_dags/example_branch_python_dop_operator_3.py
[2023-01-10T21:09:33.411-0500] {logging_mixin.py:137} INFO - [2023-01-10T21:09:33.411-0500] {dag.py:2676} INFO - Sync 1 DAGs
[2023-01-10T21:09:33.432-0500] {logging_mixin.py:137} INFO - [2023-01-10T21:09:33.431-0500] {dag.py:3423} INFO - Setting next_dagrun for example_branch_dop_operator_v3 to 2023-01-11T02:08:00+00:00, run_after=2023-01-11T02:09:00+00:00
[2023-01-10T21:09:33.451-0500] {processor.py:175} INFO - Processing /Library/Frameworks/Python.framework/Versions/3.9/lib/python3.9/site-packages/airflow/example_dags/example_branch_python_dop_operator_3.py took 0.739 seconds
[2023-01-10T21:12:36.134-0500] {processor.py:153} INFO - Started process (PID=5202) to work on /Library/Frameworks/Python.framework/Versions/3.9/lib/python3.9/site-packages/airflow/example_dags/example_branch_python_dop_operator_3.py
[2023-01-10T21:12:36.139-0500] {processor.py:743} INFO - Processing file /Library/Frameworks/Python.framework/Versions/3.9/lib/python3.9/site-packages/airflow/example_dags/example_branch_python_dop_operator_3.py for tasks to queue
[2023-01-10T21:12:36.140-0500] {logging_mixin.py:137} INFO - [2023-01-10T21:12:36.140-0500] {dagbag.py:538} INFO - Filling up the DagBag from /Library/Frameworks/Python.framework/Versions/3.9/lib/python3.9/site-packages/airflow/example_dags/example_branch_python_dop_operator_3.py
[2023-01-10T21:12:36.194-0500] {processor.py:753} INFO - DAG(s) dict_keys(['example_branch_dop_operator_v3']) retrieved from /Library/Frameworks/Python.framework/Versions/3.9/lib/python3.9/site-packages/airflow/example_dags/example_branch_python_dop_operator_3.py
[2023-01-10T21:12:36.792-0500] {logging_mixin.py:137} INFO - [2023-01-10T21:12:36.791-0500] {dag.py:2676} INFO - Sync 1 DAGs
[2023-01-10T21:12:36.813-0500] {logging_mixin.py:137} INFO - [2023-01-10T21:12:36.813-0500] {dag.py:3423} INFO - Setting next_dagrun for example_branch_dop_operator_v3 to 2023-01-11T02:11:00+00:00, run_after=2023-01-11T02:12:00+00:00
[2023-01-10T21:12:36.831-0500] {processor.py:175} INFO - Processing /Library/Frameworks/Python.framework/Versions/3.9/lib/python3.9/site-packages/airflow/example_dags/example_branch_python_dop_operator_3.py took 0.697 seconds
[2023-01-10T21:15:38.673-0500] {processor.py:153} INFO - Started process (PID=5329) to work on /Library/Frameworks/Python.framework/Versions/3.9/lib/python3.9/site-packages/airflow/example_dags/example_branch_python_dop_operator_3.py
[2023-01-10T21:15:38.679-0500] {processor.py:743} INFO - Processing file /Library/Frameworks/Python.framework/Versions/3.9/lib/python3.9/site-packages/airflow/example_dags/example_branch_python_dop_operator_3.py for tasks to queue
[2023-01-10T21:15:38.679-0500] {logging_mixin.py:137} INFO - [2023-01-10T21:15:38.679-0500] {dagbag.py:538} INFO - Filling up the DagBag from /Library/Frameworks/Python.framework/Versions/3.9/lib/python3.9/site-packages/airflow/example_dags/example_branch_python_dop_operator_3.py
[2023-01-10T21:15:38.729-0500] {processor.py:753} INFO - DAG(s) dict_keys(['example_branch_dop_operator_v3']) retrieved from /Library/Frameworks/Python.framework/Versions/3.9/lib/python3.9/site-packages/airflow/example_dags/example_branch_python_dop_operator_3.py
[2023-01-10T21:15:39.376-0500] {logging_mixin.py:137} INFO - [2023-01-10T21:15:39.376-0500] {dag.py:2676} INFO - Sync 1 DAGs
[2023-01-10T21:15:39.400-0500] {logging_mixin.py:137} INFO - [2023-01-10T21:15:39.399-0500] {dag.py:3423} INFO - Setting next_dagrun for example_branch_dop_operator_v3 to 2023-01-11T02:14:00+00:00, run_after=2023-01-11T02:15:00+00:00
[2023-01-10T21:15:39.417-0500] {processor.py:175} INFO - Processing /Library/Frameworks/Python.framework/Versions/3.9/lib/python3.9/site-packages/airflow/example_dags/example_branch_python_dop_operator_3.py took 0.745 seconds
[2023-01-10T21:18:56.569-0500] {processor.py:153} INFO - Started process (PID=5414) to work on /Library/Frameworks/Python.framework/Versions/3.9/lib/python3.9/site-packages/airflow/example_dags/example_branch_python_dop_operator_3.py
[2023-01-10T21:18:56.576-0500] {processor.py:743} INFO - Processing file /Library/Frameworks/Python.framework/Versions/3.9/lib/python3.9/site-packages/airflow/example_dags/example_branch_python_dop_operator_3.py for tasks to queue
[2023-01-10T21:18:56.577-0500] {logging_mixin.py:137} INFO - [2023-01-10T21:18:56.577-0500] {dagbag.py:538} INFO - Filling up the DagBag from /Library/Frameworks/Python.framework/Versions/3.9/lib/python3.9/site-packages/airflow/example_dags/example_branch_python_dop_operator_3.py
[2023-01-10T21:18:56.648-0500] {processor.py:753} INFO - DAG(s) dict_keys(['example_branch_dop_operator_v3']) retrieved from /Library/Frameworks/Python.framework/Versions/3.9/lib/python3.9/site-packages/airflow/example_dags/example_branch_python_dop_operator_3.py
[2023-01-10T21:18:57.304-0500] {logging_mixin.py:137} INFO - [2023-01-10T21:18:57.304-0500] {dag.py:2676} INFO - Sync 1 DAGs
[2023-01-10T21:18:57.327-0500] {logging_mixin.py:137} INFO - [2023-01-10T21:18:57.327-0500] {dag.py:3423} INFO - Setting next_dagrun for example_branch_dop_operator_v3 to 2023-01-11T02:17:00+00:00, run_after=2023-01-11T02:18:00+00:00
[2023-01-10T21:18:57.355-0500] {processor.py:175} INFO - Processing /Library/Frameworks/Python.framework/Versions/3.9/lib/python3.9/site-packages/airflow/example_dags/example_branch_python_dop_operator_3.py took 0.788 seconds
[2023-01-10T22:22:30.153-0500] {processor.py:153} INFO - Started process (PID=6225) to work on /Library/Frameworks/Python.framework/Versions/3.9/lib/python3.9/site-packages/airflow/example_dags/example_branch_python_dop_operator_3.py
[2023-01-10T22:22:30.162-0500] {processor.py:743} INFO - Processing file /Library/Frameworks/Python.framework/Versions/3.9/lib/python3.9/site-packages/airflow/example_dags/example_branch_python_dop_operator_3.py for tasks to queue
[2023-01-10T22:22:30.163-0500] {logging_mixin.py:137} INFO - [2023-01-10T22:22:30.163-0500] {dagbag.py:538} INFO - Filling up the DagBag from /Library/Frameworks/Python.framework/Versions/3.9/lib/python3.9/site-packages/airflow/example_dags/example_branch_python_dop_operator_3.py
[2023-01-10T22:22:30.259-0500] {processor.py:753} INFO - DAG(s) dict_keys(['example_branch_dop_operator_v3']) retrieved from /Library/Frameworks/Python.framework/Versions/3.9/lib/python3.9/site-packages/airflow/example_dags/example_branch_python_dop_operator_3.py
[2023-01-10T22:22:31.336-0500] {logging_mixin.py:137} INFO - [2023-01-10T22:22:31.335-0500] {dag.py:2676} INFO - Sync 1 DAGs
[2023-01-10T22:22:31.374-0500] {logging_mixin.py:137} INFO - [2023-01-10T22:22:31.373-0500] {dag.py:3423} INFO - Setting next_dagrun for example_branch_dop_operator_v3 to 2023-01-11T03:21:00+00:00, run_after=2023-01-11T03:22:00+00:00
[2023-01-10T22:22:31.405-0500] {processor.py:175} INFO - Processing /Library/Frameworks/Python.framework/Versions/3.9/lib/python3.9/site-packages/airflow/example_dags/example_branch_python_dop_operator_3.py took 1.253 seconds
[2023-01-10T22:25:55.102-0500] {processor.py:153} INFO - Started process (PID=6323) to work on /Library/Frameworks/Python.framework/Versions/3.9/lib/python3.9/site-packages/airflow/example_dags/example_branch_python_dop_operator_3.py
[2023-01-10T22:25:55.111-0500] {processor.py:743} INFO - Processing file /Library/Frameworks/Python.framework/Versions/3.9/lib/python3.9/site-packages/airflow/example_dags/example_branch_python_dop_operator_3.py for tasks to queue
[2023-01-10T22:25:55.112-0500] {logging_mixin.py:137} INFO - [2023-01-10T22:25:55.112-0500] {dagbag.py:538} INFO - Filling up the DagBag from /Library/Frameworks/Python.framework/Versions/3.9/lib/python3.9/site-packages/airflow/example_dags/example_branch_python_dop_operator_3.py
[2023-01-10T22:25:55.210-0500] {processor.py:753} INFO - DAG(s) dict_keys(['example_branch_dop_operator_v3']) retrieved from /Library/Frameworks/Python.framework/Versions/3.9/lib/python3.9/site-packages/airflow/example_dags/example_branch_python_dop_operator_3.py
[2023-01-10T22:25:56.355-0500] {logging_mixin.py:137} INFO - [2023-01-10T22:25:56.355-0500] {dag.py:2676} INFO - Sync 1 DAGs
[2023-01-10T22:25:56.393-0500] {logging_mixin.py:137} INFO - [2023-01-10T22:25:56.393-0500] {dag.py:3423} INFO - Setting next_dagrun for example_branch_dop_operator_v3 to 2023-01-11T03:24:00+00:00, run_after=2023-01-11T03:25:00+00:00
[2023-01-10T22:25:56.425-0500] {processor.py:175} INFO - Processing /Library/Frameworks/Python.framework/Versions/3.9/lib/python3.9/site-packages/airflow/example_dags/example_branch_python_dop_operator_3.py took 1.325 seconds
[2023-01-11T11:18:31.021-0500] {processor.py:153} INFO - Started process (PID=7009) to work on /Library/Frameworks/Python.framework/Versions/3.9/lib/python3.9/site-packages/airflow/example_dags/example_branch_python_dop_operator_3.py
[2023-01-11T11:18:31.026-0500] {processor.py:743} INFO - Processing file /Library/Frameworks/Python.framework/Versions/3.9/lib/python3.9/site-packages/airflow/example_dags/example_branch_python_dop_operator_3.py for tasks to queue
[2023-01-11T11:18:31.026-0500] {logging_mixin.py:137} INFO - [2023-01-11T11:18:31.026-0500] {dagbag.py:538} INFO - Filling up the DagBag from /Library/Frameworks/Python.framework/Versions/3.9/lib/python3.9/site-packages/airflow/example_dags/example_branch_python_dop_operator_3.py
[2023-01-11T11:18:31.077-0500] {processor.py:753} INFO - DAG(s) dict_keys(['example_branch_dop_operator_v3']) retrieved from /Library/Frameworks/Python.framework/Versions/3.9/lib/python3.9/site-packages/airflow/example_dags/example_branch_python_dop_operator_3.py
[2023-01-11T11:18:31.678-0500] {logging_mixin.py:137} INFO - [2023-01-11T11:18:31.677-0500] {dag.py:2676} INFO - Sync 1 DAGs
[2023-01-11T11:18:31.698-0500] {logging_mixin.py:137} INFO - [2023-01-11T11:18:31.698-0500] {dag.py:3423} INFO - Setting next_dagrun for example_branch_dop_operator_v3 to 2023-01-11T16:17:00+00:00, run_after=2023-01-11T16:18:00+00:00
[2023-01-11T11:18:31.716-0500] {processor.py:175} INFO - Processing /Library/Frameworks/Python.framework/Versions/3.9/lib/python3.9/site-packages/airflow/example_dags/example_branch_python_dop_operator_3.py took 0.696 seconds
[2023-01-11T11:22:03.108-0500] {processor.py:153} INFO - Started process (PID=7231) to work on /Library/Frameworks/Python.framework/Versions/3.9/lib/python3.9/site-packages/airflow/example_dags/example_branch_python_dop_operator_3.py
[2023-01-11T11:22:03.115-0500] {processor.py:743} INFO - Processing file /Library/Frameworks/Python.framework/Versions/3.9/lib/python3.9/site-packages/airflow/example_dags/example_branch_python_dop_operator_3.py for tasks to queue
[2023-01-11T11:22:03.116-0500] {logging_mixin.py:137} INFO - [2023-01-11T11:22:03.116-0500] {dagbag.py:538} INFO - Filling up the DagBag from /Library/Frameworks/Python.framework/Versions/3.9/lib/python3.9/site-packages/airflow/example_dags/example_branch_python_dop_operator_3.py
[2023-01-11T11:22:03.171-0500] {processor.py:753} INFO - DAG(s) dict_keys(['example_branch_dop_operator_v3']) retrieved from /Library/Frameworks/Python.framework/Versions/3.9/lib/python3.9/site-packages/airflow/example_dags/example_branch_python_dop_operator_3.py
[2023-01-11T11:22:03.756-0500] {logging_mixin.py:137} INFO - [2023-01-11T11:22:03.756-0500] {dag.py:2676} INFO - Sync 1 DAGs
[2023-01-11T11:22:03.776-0500] {logging_mixin.py:137} INFO - [2023-01-11T11:22:03.776-0500] {dag.py:3423} INFO - Setting next_dagrun for example_branch_dop_operator_v3 to 2023-01-11T16:21:00+00:00, run_after=2023-01-11T16:22:00+00:00
[2023-01-11T11:22:03.807-0500] {processor.py:175} INFO - Processing /Library/Frameworks/Python.framework/Versions/3.9/lib/python3.9/site-packages/airflow/example_dags/example_branch_python_dop_operator_3.py took 0.699 seconds
[2023-01-11T11:25:49.680-0500] {processor.py:153} INFO - Started process (PID=8141) to work on /Library/Frameworks/Python.framework/Versions/3.9/lib/python3.9/site-packages/airflow/example_dags/example_branch_python_dop_operator_3.py
[2023-01-11T11:25:49.685-0500] {processor.py:743} INFO - Processing file /Library/Frameworks/Python.framework/Versions/3.9/lib/python3.9/site-packages/airflow/example_dags/example_branch_python_dop_operator_3.py for tasks to queue
[2023-01-11T11:25:49.686-0500] {logging_mixin.py:137} INFO - [2023-01-11T11:25:49.686-0500] {dagbag.py:538} INFO - Filling up the DagBag from /Library/Frameworks/Python.framework/Versions/3.9/lib/python3.9/site-packages/airflow/example_dags/example_branch_python_dop_operator_3.py
[2023-01-11T11:25:49.738-0500] {processor.py:753} INFO - DAG(s) dict_keys(['example_branch_dop_operator_v3']) retrieved from /Library/Frameworks/Python.framework/Versions/3.9/lib/python3.9/site-packages/airflow/example_dags/example_branch_python_dop_operator_3.py
[2023-01-11T11:25:50.377-0500] {logging_mixin.py:137} INFO - [2023-01-11T11:25:50.377-0500] {dag.py:2676} INFO - Sync 1 DAGs
[2023-01-11T11:25:50.400-0500] {logging_mixin.py:137} INFO - [2023-01-11T11:25:50.400-0500] {dag.py:3423} INFO - Setting next_dagrun for example_branch_dop_operator_v3 to 2023-01-11T16:24:00+00:00, run_after=2023-01-11T16:25:00+00:00
[2023-01-11T11:25:50.420-0500] {processor.py:175} INFO - Processing /Library/Frameworks/Python.framework/Versions/3.9/lib/python3.9/site-packages/airflow/example_dags/example_branch_python_dop_operator_3.py took 0.741 seconds
[2023-01-11T11:29:17.014-0500] {processor.py:153} INFO - Started process (PID=8285) to work on /Library/Frameworks/Python.framework/Versions/3.9/lib/python3.9/site-packages/airflow/example_dags/example_branch_python_dop_operator_3.py
[2023-01-11T11:29:17.020-0500] {processor.py:743} INFO - Processing file /Library/Frameworks/Python.framework/Versions/3.9/lib/python3.9/site-packages/airflow/example_dags/example_branch_python_dop_operator_3.py for tasks to queue
[2023-01-11T11:29:17.021-0500] {logging_mixin.py:137} INFO - [2023-01-11T11:29:17.021-0500] {dagbag.py:538} INFO - Filling up the DagBag from /Library/Frameworks/Python.framework/Versions/3.9/lib/python3.9/site-packages/airflow/example_dags/example_branch_python_dop_operator_3.py
[2023-01-11T11:29:17.071-0500] {processor.py:753} INFO - DAG(s) dict_keys(['example_branch_dop_operator_v3']) retrieved from /Library/Frameworks/Python.framework/Versions/3.9/lib/python3.9/site-packages/airflow/example_dags/example_branch_python_dop_operator_3.py
[2023-01-11T11:29:17.654-0500] {logging_mixin.py:137} INFO - [2023-01-11T11:29:17.654-0500] {dag.py:2676} INFO - Sync 1 DAGs
[2023-01-11T11:29:17.676-0500] {logging_mixin.py:137} INFO - [2023-01-11T11:29:17.676-0500] {dag.py:3423} INFO - Setting next_dagrun for example_branch_dop_operator_v3 to 2023-01-11T16:28:00+00:00, run_after=2023-01-11T16:29:00+00:00
[2023-01-11T11:29:17.697-0500] {processor.py:175} INFO - Processing /Library/Frameworks/Python.framework/Versions/3.9/lib/python3.9/site-packages/airflow/example_dags/example_branch_python_dop_operator_3.py took 0.684 seconds
[2023-01-11T11:36:44.054-0500] {processor.py:153} INFO - Started process (PID=8516) to work on /Library/Frameworks/Python.framework/Versions/3.9/lib/python3.9/site-packages/airflow/example_dags/example_branch_python_dop_operator_3.py
[2023-01-11T11:36:44.060-0500] {processor.py:743} INFO - Processing file /Library/Frameworks/Python.framework/Versions/3.9/lib/python3.9/site-packages/airflow/example_dags/example_branch_python_dop_operator_3.py for tasks to queue
[2023-01-11T11:36:44.061-0500] {logging_mixin.py:137} INFO - [2023-01-11T11:36:44.061-0500] {dagbag.py:538} INFO - Filling up the DagBag from /Library/Frameworks/Python.framework/Versions/3.9/lib/python3.9/site-packages/airflow/example_dags/example_branch_python_dop_operator_3.py
[2023-01-11T11:36:44.113-0500] {processor.py:753} INFO - DAG(s) dict_keys(['example_branch_dop_operator_v3']) retrieved from /Library/Frameworks/Python.framework/Versions/3.9/lib/python3.9/site-packages/airflow/example_dags/example_branch_python_dop_operator_3.py
[2023-01-11T11:36:44.695-0500] {logging_mixin.py:137} INFO - [2023-01-11T11:36:44.695-0500] {dag.py:2676} INFO - Sync 1 DAGs
[2023-01-11T11:36:44.715-0500] {logging_mixin.py:137} INFO - [2023-01-11T11:36:44.715-0500] {dag.py:3423} INFO - Setting next_dagrun for example_branch_dop_operator_v3 to 2023-01-11T16:35:00+00:00, run_after=2023-01-11T16:36:00+00:00
[2023-01-11T11:36:44.732-0500] {processor.py:175} INFO - Processing /Library/Frameworks/Python.framework/Versions/3.9/lib/python3.9/site-packages/airflow/example_dags/example_branch_python_dop_operator_3.py took 0.678 seconds
[2023-01-11T11:43:38.164-0500] {processor.py:153} INFO - Started process (PID=8778) to work on /Library/Frameworks/Python.framework/Versions/3.9/lib/python3.9/site-packages/airflow/example_dags/example_branch_python_dop_operator_3.py
[2023-01-11T11:43:38.170-0500] {processor.py:743} INFO - Processing file /Library/Frameworks/Python.framework/Versions/3.9/lib/python3.9/site-packages/airflow/example_dags/example_branch_python_dop_operator_3.py for tasks to queue
[2023-01-11T11:43:38.170-0500] {logging_mixin.py:137} INFO - [2023-01-11T11:43:38.170-0500] {dagbag.py:538} INFO - Filling up the DagBag from /Library/Frameworks/Python.framework/Versions/3.9/lib/python3.9/site-packages/airflow/example_dags/example_branch_python_dop_operator_3.py
[2023-01-11T11:43:38.246-0500] {processor.py:753} INFO - DAG(s) dict_keys(['example_branch_dop_operator_v3']) retrieved from /Library/Frameworks/Python.framework/Versions/3.9/lib/python3.9/site-packages/airflow/example_dags/example_branch_python_dop_operator_3.py
[2023-01-11T11:43:38.903-0500] {logging_mixin.py:137} INFO - [2023-01-11T11:43:38.903-0500] {dag.py:2676} INFO - Sync 1 DAGs
[2023-01-11T11:43:38.924-0500] {logging_mixin.py:137} INFO - [2023-01-11T11:43:38.924-0500] {dag.py:3423} INFO - Setting next_dagrun for example_branch_dop_operator_v3 to 2023-01-11T16:42:00+00:00, run_after=2023-01-11T16:43:00+00:00
[2023-01-11T11:43:38.942-0500] {processor.py:175} INFO - Processing /Library/Frameworks/Python.framework/Versions/3.9/lib/python3.9/site-packages/airflow/example_dags/example_branch_python_dop_operator_3.py took 0.778 seconds
[2023-01-11T11:47:09.095-0500] {processor.py:153} INFO - Started process (PID=8885) to work on /Library/Frameworks/Python.framework/Versions/3.9/lib/python3.9/site-packages/airflow/example_dags/example_branch_python_dop_operator_3.py
[2023-01-11T11:47:09.100-0500] {processor.py:743} INFO - Processing file /Library/Frameworks/Python.framework/Versions/3.9/lib/python3.9/site-packages/airflow/example_dags/example_branch_python_dop_operator_3.py for tasks to queue
[2023-01-11T11:47:09.101-0500] {logging_mixin.py:137} INFO - [2023-01-11T11:47:09.101-0500] {dagbag.py:538} INFO - Filling up the DagBag from /Library/Frameworks/Python.framework/Versions/3.9/lib/python3.9/site-packages/airflow/example_dags/example_branch_python_dop_operator_3.py
[2023-01-11T11:47:09.157-0500] {processor.py:753} INFO - DAG(s) dict_keys(['example_branch_dop_operator_v3']) retrieved from /Library/Frameworks/Python.framework/Versions/3.9/lib/python3.9/site-packages/airflow/example_dags/example_branch_python_dop_operator_3.py
[2023-01-11T11:47:09.820-0500] {logging_mixin.py:137} INFO - [2023-01-11T11:47:09.820-0500] {dag.py:2676} INFO - Sync 1 DAGs
[2023-01-11T11:47:09.842-0500] {logging_mixin.py:137} INFO - [2023-01-11T11:47:09.842-0500] {dag.py:3423} INFO - Setting next_dagrun for example_branch_dop_operator_v3 to 2023-01-11T16:46:00+00:00, run_after=2023-01-11T16:47:00+00:00
[2023-01-11T11:47:09.861-0500] {processor.py:175} INFO - Processing /Library/Frameworks/Python.framework/Versions/3.9/lib/python3.9/site-packages/airflow/example_dags/example_branch_python_dop_operator_3.py took 0.767 seconds
[2023-01-11T11:50:36.624-0500] {processor.py:153} INFO - Started process (PID=9135) to work on /Library/Frameworks/Python.framework/Versions/3.9/lib/python3.9/site-packages/airflow/example_dags/example_branch_python_dop_operator_3.py
[2023-01-11T11:50:36.629-0500] {processor.py:743} INFO - Processing file /Library/Frameworks/Python.framework/Versions/3.9/lib/python3.9/site-packages/airflow/example_dags/example_branch_python_dop_operator_3.py for tasks to queue
[2023-01-11T11:50:36.630-0500] {logging_mixin.py:137} INFO - [2023-01-11T11:50:36.630-0500] {dagbag.py:538} INFO - Filling up the DagBag from /Library/Frameworks/Python.framework/Versions/3.9/lib/python3.9/site-packages/airflow/example_dags/example_branch_python_dop_operator_3.py
[2023-01-11T11:50:36.689-0500] {processor.py:753} INFO - DAG(s) dict_keys(['example_branch_dop_operator_v3']) retrieved from /Library/Frameworks/Python.framework/Versions/3.9/lib/python3.9/site-packages/airflow/example_dags/example_branch_python_dop_operator_3.py
[2023-01-11T11:50:37.348-0500] {logging_mixin.py:137} INFO - [2023-01-11T11:50:37.348-0500] {dag.py:2676} INFO - Sync 1 DAGs
[2023-01-11T11:50:37.381-0500] {logging_mixin.py:137} INFO - [2023-01-11T11:50:37.381-0500] {dag.py:3423} INFO - Setting next_dagrun for example_branch_dop_operator_v3 to 2023-01-11T16:49:00+00:00, run_after=2023-01-11T16:50:00+00:00
[2023-01-11T11:50:37.419-0500] {processor.py:175} INFO - Processing /Library/Frameworks/Python.framework/Versions/3.9/lib/python3.9/site-packages/airflow/example_dags/example_branch_python_dop_operator_3.py took 0.795 seconds
[2023-01-11T11:54:00.032-0500] {processor.py:153} INFO - Started process (PID=9309) to work on /Library/Frameworks/Python.framework/Versions/3.9/lib/python3.9/site-packages/airflow/example_dags/example_branch_python_dop_operator_3.py
[2023-01-11T11:54:00.038-0500] {processor.py:743} INFO - Processing file /Library/Frameworks/Python.framework/Versions/3.9/lib/python3.9/site-packages/airflow/example_dags/example_branch_python_dop_operator_3.py for tasks to queue
[2023-01-11T11:54:00.038-0500] {logging_mixin.py:137} INFO - [2023-01-11T11:54:00.038-0500] {dagbag.py:538} INFO - Filling up the DagBag from /Library/Frameworks/Python.framework/Versions/3.9/lib/python3.9/site-packages/airflow/example_dags/example_branch_python_dop_operator_3.py
[2023-01-11T11:54:00.096-0500] {processor.py:753} INFO - DAG(s) dict_keys(['example_branch_dop_operator_v3']) retrieved from /Library/Frameworks/Python.framework/Versions/3.9/lib/python3.9/site-packages/airflow/example_dags/example_branch_python_dop_operator_3.py
[2023-01-11T11:54:00.785-0500] {logging_mixin.py:137} INFO - [2023-01-11T11:54:00.785-0500] {dag.py:2676} INFO - Sync 1 DAGs
[2023-01-11T11:54:00.807-0500] {logging_mixin.py:137} INFO - [2023-01-11T11:54:00.807-0500] {dag.py:3423} INFO - Setting next_dagrun for example_branch_dop_operator_v3 to 2023-01-11T16:53:00+00:00, run_after=2023-01-11T16:54:00+00:00
[2023-01-11T11:54:00.832-0500] {processor.py:175} INFO - Processing /Library/Frameworks/Python.framework/Versions/3.9/lib/python3.9/site-packages/airflow/example_dags/example_branch_python_dop_operator_3.py took 0.801 seconds
[2023-01-11T11:57:55.266-0500] {processor.py:153} INFO - Started process (PID=9429) to work on /Library/Frameworks/Python.framework/Versions/3.9/lib/python3.9/site-packages/airflow/example_dags/example_branch_python_dop_operator_3.py
[2023-01-11T11:57:55.271-0500] {processor.py:743} INFO - Processing file /Library/Frameworks/Python.framework/Versions/3.9/lib/python3.9/site-packages/airflow/example_dags/example_branch_python_dop_operator_3.py for tasks to queue
[2023-01-11T11:57:55.272-0500] {logging_mixin.py:137} INFO - [2023-01-11T11:57:55.271-0500] {dagbag.py:538} INFO - Filling up the DagBag from /Library/Frameworks/Python.framework/Versions/3.9/lib/python3.9/site-packages/airflow/example_dags/example_branch_python_dop_operator_3.py
[2023-01-11T11:57:55.335-0500] {processor.py:753} INFO - DAG(s) dict_keys(['example_branch_dop_operator_v3']) retrieved from /Library/Frameworks/Python.framework/Versions/3.9/lib/python3.9/site-packages/airflow/example_dags/example_branch_python_dop_operator_3.py
[2023-01-11T11:57:56.020-0500] {logging_mixin.py:137} INFO - [2023-01-11T11:57:56.020-0500] {dag.py:2676} INFO - Sync 1 DAGs
[2023-01-11T11:57:56.040-0500] {logging_mixin.py:137} INFO - [2023-01-11T11:57:56.040-0500] {dag.py:3423} INFO - Setting next_dagrun for example_branch_dop_operator_v3 to 2023-01-11T16:56:00+00:00, run_after=2023-01-11T16:57:00+00:00
[2023-01-11T11:57:56.058-0500] {processor.py:175} INFO - Processing /Library/Frameworks/Python.framework/Versions/3.9/lib/python3.9/site-packages/airflow/example_dags/example_branch_python_dop_operator_3.py took 0.793 seconds
[2023-01-11T12:01:18.398-0500] {processor.py:153} INFO - Started process (PID=9556) to work on /Library/Frameworks/Python.framework/Versions/3.9/lib/python3.9/site-packages/airflow/example_dags/example_branch_python_dop_operator_3.py
[2023-01-11T12:01:18.403-0500] {processor.py:743} INFO - Processing file /Library/Frameworks/Python.framework/Versions/3.9/lib/python3.9/site-packages/airflow/example_dags/example_branch_python_dop_operator_3.py for tasks to queue
[2023-01-11T12:01:18.403-0500] {logging_mixin.py:137} INFO - [2023-01-11T12:01:18.403-0500] {dagbag.py:538} INFO - Filling up the DagBag from /Library/Frameworks/Python.framework/Versions/3.9/lib/python3.9/site-packages/airflow/example_dags/example_branch_python_dop_operator_3.py
[2023-01-11T12:01:18.453-0500] {processor.py:753} INFO - DAG(s) dict_keys(['example_branch_dop_operator_v3']) retrieved from /Library/Frameworks/Python.framework/Versions/3.9/lib/python3.9/site-packages/airflow/example_dags/example_branch_python_dop_operator_3.py
[2023-01-11T12:01:19.053-0500] {logging_mixin.py:137} INFO - [2023-01-11T12:01:19.052-0500] {dag.py:2676} INFO - Sync 1 DAGs
[2023-01-11T12:01:19.073-0500] {logging_mixin.py:137} INFO - [2023-01-11T12:01:19.073-0500] {dag.py:3423} INFO - Setting next_dagrun for example_branch_dop_operator_v3 to 2023-01-11T17:00:00+00:00, run_after=2023-01-11T17:01:00+00:00
[2023-01-11T12:01:19.090-0500] {processor.py:175} INFO - Processing /Library/Frameworks/Python.framework/Versions/3.9/lib/python3.9/site-packages/airflow/example_dags/example_branch_python_dop_operator_3.py took 0.693 seconds
[2023-01-11T12:04:36.584-0500] {processor.py:153} INFO - Started process (PID=9728) to work on /Library/Frameworks/Python.framework/Versions/3.9/lib/python3.9/site-packages/airflow/example_dags/example_branch_python_dop_operator_3.py
[2023-01-11T12:04:36.589-0500] {processor.py:743} INFO - Processing file /Library/Frameworks/Python.framework/Versions/3.9/lib/python3.9/site-packages/airflow/example_dags/example_branch_python_dop_operator_3.py for tasks to queue
[2023-01-11T12:04:36.589-0500] {logging_mixin.py:137} INFO - [2023-01-11T12:04:36.589-0500] {dagbag.py:538} INFO - Filling up the DagBag from /Library/Frameworks/Python.framework/Versions/3.9/lib/python3.9/site-packages/airflow/example_dags/example_branch_python_dop_operator_3.py
[2023-01-11T12:04:36.641-0500] {processor.py:753} INFO - DAG(s) dict_keys(['example_branch_dop_operator_v3']) retrieved from /Library/Frameworks/Python.framework/Versions/3.9/lib/python3.9/site-packages/airflow/example_dags/example_branch_python_dop_operator_3.py
[2023-01-11T12:04:37.294-0500] {logging_mixin.py:137} INFO - [2023-01-11T12:04:37.294-0500] {dag.py:2676} INFO - Sync 1 DAGs
[2023-01-11T12:04:37.315-0500] {logging_mixin.py:137} INFO - [2023-01-11T12:04:37.315-0500] {dag.py:3423} INFO - Setting next_dagrun for example_branch_dop_operator_v3 to 2023-01-11T17:03:00+00:00, run_after=2023-01-11T17:04:00+00:00
[2023-01-11T12:04:37.336-0500] {processor.py:175} INFO - Processing /Library/Frameworks/Python.framework/Versions/3.9/lib/python3.9/site-packages/airflow/example_dags/example_branch_python_dop_operator_3.py took 0.752 seconds
[2023-01-11T12:07:59.615-0500] {processor.py:153} INFO - Started process (PID=9822) to work on /Library/Frameworks/Python.framework/Versions/3.9/lib/python3.9/site-packages/airflow/example_dags/example_branch_python_dop_operator_3.py
[2023-01-11T12:07:59.622-0500] {processor.py:743} INFO - Processing file /Library/Frameworks/Python.framework/Versions/3.9/lib/python3.9/site-packages/airflow/example_dags/example_branch_python_dop_operator_3.py for tasks to queue
[2023-01-11T12:07:59.623-0500] {logging_mixin.py:137} INFO - [2023-01-11T12:07:59.623-0500] {dagbag.py:538} INFO - Filling up the DagBag from /Library/Frameworks/Python.framework/Versions/3.9/lib/python3.9/site-packages/airflow/example_dags/example_branch_python_dop_operator_3.py
[2023-01-11T12:07:59.675-0500] {processor.py:753} INFO - DAG(s) dict_keys(['example_branch_dop_operator_v3']) retrieved from /Library/Frameworks/Python.framework/Versions/3.9/lib/python3.9/site-packages/airflow/example_dags/example_branch_python_dop_operator_3.py
[2023-01-11T12:08:00.331-0500] {logging_mixin.py:137} INFO - [2023-01-11T12:08:00.330-0500] {dag.py:2676} INFO - Sync 1 DAGs
[2023-01-11T12:08:00.351-0500] {logging_mixin.py:137} INFO - [2023-01-11T12:08:00.351-0500] {dag.py:3423} INFO - Setting next_dagrun for example_branch_dop_operator_v3 to 2023-01-11T17:07:00+00:00, run_after=2023-01-11T17:08:00+00:00
[2023-01-11T12:08:00.373-0500] {processor.py:175} INFO - Processing /Library/Frameworks/Python.framework/Versions/3.9/lib/python3.9/site-packages/airflow/example_dags/example_branch_python_dop_operator_3.py took 0.758 seconds
[2023-01-11T12:11:20.965-0500] {processor.py:153} INFO - Started process (PID=9916) to work on /Library/Frameworks/Python.framework/Versions/3.9/lib/python3.9/site-packages/airflow/example_dags/example_branch_python_dop_operator_3.py
[2023-01-11T12:11:20.971-0500] {processor.py:743} INFO - Processing file /Library/Frameworks/Python.framework/Versions/3.9/lib/python3.9/site-packages/airflow/example_dags/example_branch_python_dop_operator_3.py for tasks to queue
[2023-01-11T12:11:20.972-0500] {logging_mixin.py:137} INFO - [2023-01-11T12:11:20.971-0500] {dagbag.py:538} INFO - Filling up the DagBag from /Library/Frameworks/Python.framework/Versions/3.9/lib/python3.9/site-packages/airflow/example_dags/example_branch_python_dop_operator_3.py
[2023-01-11T12:11:21.020-0500] {processor.py:753} INFO - DAG(s) dict_keys(['example_branch_dop_operator_v3']) retrieved from /Library/Frameworks/Python.framework/Versions/3.9/lib/python3.9/site-packages/airflow/example_dags/example_branch_python_dop_operator_3.py
[2023-01-11T12:11:21.605-0500] {logging_mixin.py:137} INFO - [2023-01-11T12:11:21.605-0500] {dag.py:2676} INFO - Sync 1 DAGs
[2023-01-11T12:11:21.625-0500] {logging_mixin.py:137} INFO - [2023-01-11T12:11:21.625-0500] {dag.py:3423} INFO - Setting next_dagrun for example_branch_dop_operator_v3 to 2023-01-11T17:10:00+00:00, run_after=2023-01-11T17:11:00+00:00
[2023-01-11T12:11:21.645-0500] {processor.py:175} INFO - Processing /Library/Frameworks/Python.framework/Versions/3.9/lib/python3.9/site-packages/airflow/example_dags/example_branch_python_dop_operator_3.py took 0.680 seconds
[2023-01-11T12:14:42.005-0500] {processor.py:153} INFO - Started process (PID=10060) to work on /Library/Frameworks/Python.framework/Versions/3.9/lib/python3.9/site-packages/airflow/example_dags/example_branch_python_dop_operator_3.py
[2023-01-11T12:14:42.012-0500] {processor.py:743} INFO - Processing file /Library/Frameworks/Python.framework/Versions/3.9/lib/python3.9/site-packages/airflow/example_dags/example_branch_python_dop_operator_3.py for tasks to queue
[2023-01-11T12:14:42.012-0500] {logging_mixin.py:137} INFO - [2023-01-11T12:14:42.012-0500] {dagbag.py:538} INFO - Filling up the DagBag from /Library/Frameworks/Python.framework/Versions/3.9/lib/python3.9/site-packages/airflow/example_dags/example_branch_python_dop_operator_3.py
[2023-01-11T12:14:42.080-0500] {processor.py:753} INFO - DAG(s) dict_keys(['example_branch_dop_operator_v3']) retrieved from /Library/Frameworks/Python.framework/Versions/3.9/lib/python3.9/site-packages/airflow/example_dags/example_branch_python_dop_operator_3.py
[2023-01-11T12:14:42.733-0500] {logging_mixin.py:137} INFO - [2023-01-11T12:14:42.733-0500] {dag.py:2676} INFO - Sync 1 DAGs
[2023-01-11T12:14:42.754-0500] {logging_mixin.py:137} INFO - [2023-01-11T12:14:42.754-0500] {dag.py:3423} INFO - Setting next_dagrun for example_branch_dop_operator_v3 to 2023-01-11T17:13:00+00:00, run_after=2023-01-11T17:14:00+00:00
[2023-01-11T12:14:42.777-0500] {processor.py:175} INFO - Processing /Library/Frameworks/Python.framework/Versions/3.9/lib/python3.9/site-packages/airflow/example_dags/example_branch_python_dop_operator_3.py took 0.772 seconds
[2023-01-11T12:18:06.692-0500] {processor.py:153} INFO - Started process (PID=10236) to work on /Library/Frameworks/Python.framework/Versions/3.9/lib/python3.9/site-packages/airflow/example_dags/example_branch_python_dop_operator_3.py
[2023-01-11T12:18:06.698-0500] {processor.py:743} INFO - Processing file /Library/Frameworks/Python.framework/Versions/3.9/lib/python3.9/site-packages/airflow/example_dags/example_branch_python_dop_operator_3.py for tasks to queue
[2023-01-11T12:18:06.698-0500] {logging_mixin.py:137} INFO - [2023-01-11T12:18:06.698-0500] {dagbag.py:538} INFO - Filling up the DagBag from /Library/Frameworks/Python.framework/Versions/3.9/lib/python3.9/site-packages/airflow/example_dags/example_branch_python_dop_operator_3.py
[2023-01-11T12:18:06.754-0500] {processor.py:753} INFO - DAG(s) dict_keys(['example_branch_dop_operator_v3']) retrieved from /Library/Frameworks/Python.framework/Versions/3.9/lib/python3.9/site-packages/airflow/example_dags/example_branch_python_dop_operator_3.py
[2023-01-11T12:18:07.444-0500] {logging_mixin.py:137} INFO - [2023-01-11T12:18:07.444-0500] {dag.py:2676} INFO - Sync 1 DAGs
[2023-01-11T12:18:07.465-0500] {logging_mixin.py:137} INFO - [2023-01-11T12:18:07.465-0500] {dag.py:3423} INFO - Setting next_dagrun for example_branch_dop_operator_v3 to 2023-01-11T17:17:00+00:00, run_after=2023-01-11T17:18:00+00:00
[2023-01-11T12:18:07.484-0500] {processor.py:175} INFO - Processing /Library/Frameworks/Python.framework/Versions/3.9/lib/python3.9/site-packages/airflow/example_dags/example_branch_python_dop_operator_3.py took 0.793 seconds
[2023-01-11T12:21:35.553-0500] {processor.py:153} INFO - Started process (PID=10348) to work on /Library/Frameworks/Python.framework/Versions/3.9/lib/python3.9/site-packages/airflow/example_dags/example_branch_python_dop_operator_3.py
[2023-01-11T12:21:35.560-0500] {processor.py:743} INFO - Processing file /Library/Frameworks/Python.framework/Versions/3.9/lib/python3.9/site-packages/airflow/example_dags/example_branch_python_dop_operator_3.py for tasks to queue
[2023-01-11T12:21:35.560-0500] {logging_mixin.py:137} INFO - [2023-01-11T12:21:35.560-0500] {dagbag.py:538} INFO - Filling up the DagBag from /Library/Frameworks/Python.framework/Versions/3.9/lib/python3.9/site-packages/airflow/example_dags/example_branch_python_dop_operator_3.py
[2023-01-11T12:21:35.636-0500] {processor.py:753} INFO - DAG(s) dict_keys(['example_branch_dop_operator_v3']) retrieved from /Library/Frameworks/Python.framework/Versions/3.9/lib/python3.9/site-packages/airflow/example_dags/example_branch_python_dop_operator_3.py
[2023-01-11T12:21:36.327-0500] {logging_mixin.py:137} INFO - [2023-01-11T12:21:36.327-0500] {dag.py:2676} INFO - Sync 1 DAGs
[2023-01-11T12:21:36.351-0500] {logging_mixin.py:137} INFO - [2023-01-11T12:21:36.351-0500] {dag.py:3423} INFO - Setting next_dagrun for example_branch_dop_operator_v3 to 2023-01-11T17:20:00+00:00, run_after=2023-01-11T17:21:00+00:00
[2023-01-11T12:21:36.373-0500] {processor.py:175} INFO - Processing /Library/Frameworks/Python.framework/Versions/3.9/lib/python3.9/site-packages/airflow/example_dags/example_branch_python_dop_operator_3.py took 0.819 seconds
[2023-01-11T16:22:08.442-0500] {processor.py:153} INFO - Started process (PID=11118) to work on /Library/Frameworks/Python.framework/Versions/3.9/lib/python3.9/site-packages/airflow/example_dags/example_branch_python_dop_operator_3.py
[2023-01-11T16:22:08.448-0500] {processor.py:743} INFO - Processing file /Library/Frameworks/Python.framework/Versions/3.9/lib/python3.9/site-packages/airflow/example_dags/example_branch_python_dop_operator_3.py for tasks to queue
[2023-01-11T16:22:08.448-0500] {logging_mixin.py:137} INFO - [2023-01-11T16:22:08.448-0500] {dagbag.py:538} INFO - Filling up the DagBag from /Library/Frameworks/Python.framework/Versions/3.9/lib/python3.9/site-packages/airflow/example_dags/example_branch_python_dop_operator_3.py
[2023-01-11T16:22:08.499-0500] {processor.py:753} INFO - DAG(s) dict_keys(['example_branch_dop_operator_v3']) retrieved from /Library/Frameworks/Python.framework/Versions/3.9/lib/python3.9/site-packages/airflow/example_dags/example_branch_python_dop_operator_3.py
[2023-01-11T16:22:09.077-0500] {logging_mixin.py:137} INFO - [2023-01-11T16:22:09.077-0500] {dag.py:2676} INFO - Sync 1 DAGs
[2023-01-11T16:22:09.099-0500] {logging_mixin.py:137} INFO - [2023-01-11T16:22:09.098-0500] {dag.py:3423} INFO - Setting next_dagrun for example_branch_dop_operator_v3 to 2023-01-11T21:21:00+00:00, run_after=2023-01-11T21:22:00+00:00
[2023-01-11T16:22:09.117-0500] {processor.py:175} INFO - Processing /Library/Frameworks/Python.framework/Versions/3.9/lib/python3.9/site-packages/airflow/example_dags/example_branch_python_dop_operator_3.py took 0.675 seconds
[2023-01-11T16:25:38.480-0500] {processor.py:153} INFO - Started process (PID=11249) to work on /Library/Frameworks/Python.framework/Versions/3.9/lib/python3.9/site-packages/airflow/example_dags/example_branch_python_dop_operator_3.py
[2023-01-11T16:25:38.485-0500] {processor.py:743} INFO - Processing file /Library/Frameworks/Python.framework/Versions/3.9/lib/python3.9/site-packages/airflow/example_dags/example_branch_python_dop_operator_3.py for tasks to queue
[2023-01-11T16:25:38.485-0500] {logging_mixin.py:137} INFO - [2023-01-11T16:25:38.485-0500] {dagbag.py:538} INFO - Filling up the DagBag from /Library/Frameworks/Python.framework/Versions/3.9/lib/python3.9/site-packages/airflow/example_dags/example_branch_python_dop_operator_3.py
[2023-01-11T16:25:38.538-0500] {processor.py:753} INFO - DAG(s) dict_keys(['example_branch_dop_operator_v3']) retrieved from /Library/Frameworks/Python.framework/Versions/3.9/lib/python3.9/site-packages/airflow/example_dags/example_branch_python_dop_operator_3.py
[2023-01-11T16:25:39.213-0500] {logging_mixin.py:137} INFO - [2023-01-11T16:25:39.212-0500] {dag.py:2676} INFO - Sync 1 DAGs
[2023-01-11T16:25:39.234-0500] {logging_mixin.py:137} INFO - [2023-01-11T16:25:39.234-0500] {dag.py:3423} INFO - Setting next_dagrun for example_branch_dop_operator_v3 to 2023-01-11T21:24:00+00:00, run_after=2023-01-11T21:25:00+00:00
[2023-01-11T16:25:39.256-0500] {processor.py:175} INFO - Processing /Library/Frameworks/Python.framework/Versions/3.9/lib/python3.9/site-packages/airflow/example_dags/example_branch_python_dop_operator_3.py took 0.777 seconds
[2023-01-11T16:29:05.078-0500] {processor.py:153} INFO - Started process (PID=11410) to work on /Library/Frameworks/Python.framework/Versions/3.9/lib/python3.9/site-packages/airflow/example_dags/example_branch_python_dop_operator_3.py
[2023-01-11T16:29:05.085-0500] {processor.py:743} INFO - Processing file /Library/Frameworks/Python.framework/Versions/3.9/lib/python3.9/site-packages/airflow/example_dags/example_branch_python_dop_operator_3.py for tasks to queue
[2023-01-11T16:29:05.086-0500] {logging_mixin.py:137} INFO - [2023-01-11T16:29:05.086-0500] {dagbag.py:538} INFO - Filling up the DagBag from /Library/Frameworks/Python.framework/Versions/3.9/lib/python3.9/site-packages/airflow/example_dags/example_branch_python_dop_operator_3.py
[2023-01-11T16:29:05.138-0500] {processor.py:753} INFO - DAG(s) dict_keys(['example_branch_dop_operator_v3']) retrieved from /Library/Frameworks/Python.framework/Versions/3.9/lib/python3.9/site-packages/airflow/example_dags/example_branch_python_dop_operator_3.py
[2023-01-11T16:29:05.740-0500] {logging_mixin.py:137} INFO - [2023-01-11T16:29:05.740-0500] {dag.py:2676} INFO - Sync 1 DAGs
[2023-01-11T16:29:05.761-0500] {logging_mixin.py:137} INFO - [2023-01-11T16:29:05.761-0500] {dag.py:3423} INFO - Setting next_dagrun for example_branch_dop_operator_v3 to 2023-01-11T21:28:00+00:00, run_after=2023-01-11T21:29:00+00:00
[2023-01-11T16:29:05.781-0500] {processor.py:175} INFO - Processing /Library/Frameworks/Python.framework/Versions/3.9/lib/python3.9/site-packages/airflow/example_dags/example_branch_python_dop_operator_3.py took 0.704 seconds
[2023-01-11T16:32:26.035-0500] {processor.py:153} INFO - Started process (PID=11510) to work on /Library/Frameworks/Python.framework/Versions/3.9/lib/python3.9/site-packages/airflow/example_dags/example_branch_python_dop_operator_3.py
[2023-01-11T16:32:26.040-0500] {processor.py:743} INFO - Processing file /Library/Frameworks/Python.framework/Versions/3.9/lib/python3.9/site-packages/airflow/example_dags/example_branch_python_dop_operator_3.py for tasks to queue
[2023-01-11T16:32:26.040-0500] {logging_mixin.py:137} INFO - [2023-01-11T16:32:26.040-0500] {dagbag.py:538} INFO - Filling up the DagBag from /Library/Frameworks/Python.framework/Versions/3.9/lib/python3.9/site-packages/airflow/example_dags/example_branch_python_dop_operator_3.py
[2023-01-11T16:32:26.093-0500] {processor.py:753} INFO - DAG(s) dict_keys(['example_branch_dop_operator_v3']) retrieved from /Library/Frameworks/Python.framework/Versions/3.9/lib/python3.9/site-packages/airflow/example_dags/example_branch_python_dop_operator_3.py
[2023-01-11T16:32:26.705-0500] {logging_mixin.py:137} INFO - [2023-01-11T16:32:26.705-0500] {dag.py:2676} INFO - Sync 1 DAGs
[2023-01-11T16:32:26.726-0500] {logging_mixin.py:137} INFO - [2023-01-11T16:32:26.726-0500] {dag.py:3423} INFO - Setting next_dagrun for example_branch_dop_operator_v3 to 2023-01-11T21:31:00+00:00, run_after=2023-01-11T21:32:00+00:00
[2023-01-11T16:32:26.746-0500] {processor.py:175} INFO - Processing /Library/Frameworks/Python.framework/Versions/3.9/lib/python3.9/site-packages/airflow/example_dags/example_branch_python_dop_operator_3.py took 0.712 seconds
[2023-01-11T16:36:19.980-0500] {processor.py:153} INFO - Started process (PID=11633) to work on /Library/Frameworks/Python.framework/Versions/3.9/lib/python3.9/site-packages/airflow/example_dags/example_branch_python_dop_operator_3.py
[2023-01-11T16:36:19.991-0500] {processor.py:743} INFO - Processing file /Library/Frameworks/Python.framework/Versions/3.9/lib/python3.9/site-packages/airflow/example_dags/example_branch_python_dop_operator_3.py for tasks to queue
[2023-01-11T16:36:19.991-0500] {logging_mixin.py:137} INFO - [2023-01-11T16:36:19.991-0500] {dagbag.py:538} INFO - Filling up the DagBag from /Library/Frameworks/Python.framework/Versions/3.9/lib/python3.9/site-packages/airflow/example_dags/example_branch_python_dop_operator_3.py
[2023-01-11T16:36:20.113-0500] {processor.py:753} INFO - DAG(s) dict_keys(['example_branch_dop_operator_v3']) retrieved from /Library/Frameworks/Python.framework/Versions/3.9/lib/python3.9/site-packages/airflow/example_dags/example_branch_python_dop_operator_3.py
[2023-01-11T16:36:21.215-0500] {logging_mixin.py:137} INFO - [2023-01-11T16:36:21.215-0500] {dag.py:2676} INFO - Sync 1 DAGs
[2023-01-11T16:36:21.241-0500] {logging_mixin.py:137} INFO - [2023-01-11T16:36:21.241-0500] {dag.py:3423} INFO - Setting next_dagrun for example_branch_dop_operator_v3 to 2023-01-11T21:35:00+00:00, run_after=2023-01-11T21:36:00+00:00
[2023-01-11T16:36:21.266-0500] {processor.py:175} INFO - Processing /Library/Frameworks/Python.framework/Versions/3.9/lib/python3.9/site-packages/airflow/example_dags/example_branch_python_dop_operator_3.py took 1.287 seconds
[2023-01-11T16:51:38.486-0500] {processor.py:153} INFO - Started process (PID=12098) to work on /Library/Frameworks/Python.framework/Versions/3.9/lib/python3.9/site-packages/airflow/example_dags/example_branch_python_dop_operator_3.py
[2023-01-11T16:51:38.491-0500] {processor.py:743} INFO - Processing file /Library/Frameworks/Python.framework/Versions/3.9/lib/python3.9/site-packages/airflow/example_dags/example_branch_python_dop_operator_3.py for tasks to queue
[2023-01-11T16:51:38.492-0500] {logging_mixin.py:137} INFO - [2023-01-11T16:51:38.491-0500] {dagbag.py:538} INFO - Filling up the DagBag from /Library/Frameworks/Python.framework/Versions/3.9/lib/python3.9/site-packages/airflow/example_dags/example_branch_python_dop_operator_3.py
[2023-01-11T16:51:38.548-0500] {processor.py:753} INFO - DAG(s) dict_keys(['example_branch_dop_operator_v3']) retrieved from /Library/Frameworks/Python.framework/Versions/3.9/lib/python3.9/site-packages/airflow/example_dags/example_branch_python_dop_operator_3.py
[2023-01-11T16:51:39.159-0500] {logging_mixin.py:137} INFO - [2023-01-11T16:51:39.159-0500] {dag.py:2676} INFO - Sync 1 DAGs
[2023-01-11T16:51:39.182-0500] {logging_mixin.py:137} INFO - [2023-01-11T16:51:39.182-0500] {dag.py:3423} INFO - Setting next_dagrun for example_branch_dop_operator_v3 to 2023-01-11T21:50:00+00:00, run_after=2023-01-11T21:51:00+00:00
[2023-01-11T16:51:39.200-0500] {processor.py:175} INFO - Processing /Library/Frameworks/Python.framework/Versions/3.9/lib/python3.9/site-packages/airflow/example_dags/example_branch_python_dop_operator_3.py took 0.715 seconds
[2023-01-11T16:55:26.478-0500] {processor.py:153} INFO - Started process (PID=12293) to work on /Library/Frameworks/Python.framework/Versions/3.9/lib/python3.9/site-packages/airflow/example_dags/example_branch_python_dop_operator_3.py
[2023-01-11T16:55:26.485-0500] {processor.py:743} INFO - Processing file /Library/Frameworks/Python.framework/Versions/3.9/lib/python3.9/site-packages/airflow/example_dags/example_branch_python_dop_operator_3.py for tasks to queue
[2023-01-11T16:55:26.485-0500] {logging_mixin.py:137} INFO - [2023-01-11T16:55:26.485-0500] {dagbag.py:538} INFO - Filling up the DagBag from /Library/Frameworks/Python.framework/Versions/3.9/lib/python3.9/site-packages/airflow/example_dags/example_branch_python_dop_operator_3.py
[2023-01-11T16:55:26.538-0500] {processor.py:753} INFO - DAG(s) dict_keys(['example_branch_dop_operator_v3']) retrieved from /Library/Frameworks/Python.framework/Versions/3.9/lib/python3.9/site-packages/airflow/example_dags/example_branch_python_dop_operator_3.py
[2023-01-11T16:55:27.156-0500] {logging_mixin.py:137} INFO - [2023-01-11T16:55:27.155-0500] {dag.py:2676} INFO - Sync 1 DAGs
[2023-01-11T16:55:27.177-0500] {logging_mixin.py:137} INFO - [2023-01-11T16:55:27.177-0500] {dag.py:3423} INFO - Setting next_dagrun for example_branch_dop_operator_v3 to 2023-01-11T21:54:00+00:00, run_after=2023-01-11T21:55:00+00:00
[2023-01-11T16:55:27.196-0500] {processor.py:175} INFO - Processing /Library/Frameworks/Python.framework/Versions/3.9/lib/python3.9/site-packages/airflow/example_dags/example_branch_python_dop_operator_3.py took 0.718 seconds
[2023-01-11T16:59:06.185-0500] {processor.py:153} INFO - Started process (PID=12402) to work on /Library/Frameworks/Python.framework/Versions/3.9/lib/python3.9/site-packages/airflow/example_dags/example_branch_python_dop_operator_3.py
[2023-01-11T16:59:06.190-0500] {processor.py:743} INFO - Processing file /Library/Frameworks/Python.framework/Versions/3.9/lib/python3.9/site-packages/airflow/example_dags/example_branch_python_dop_operator_3.py for tasks to queue
[2023-01-11T16:59:06.191-0500] {logging_mixin.py:137} INFO - [2023-01-11T16:59:06.191-0500] {dagbag.py:538} INFO - Filling up the DagBag from /Library/Frameworks/Python.framework/Versions/3.9/lib/python3.9/site-packages/airflow/example_dags/example_branch_python_dop_operator_3.py
[2023-01-11T16:59:06.247-0500] {processor.py:753} INFO - DAG(s) dict_keys(['example_branch_dop_operator_v3']) retrieved from /Library/Frameworks/Python.framework/Versions/3.9/lib/python3.9/site-packages/airflow/example_dags/example_branch_python_dop_operator_3.py
[2023-01-11T16:59:06.904-0500] {logging_mixin.py:137} INFO - [2023-01-11T16:59:06.903-0500] {dag.py:2676} INFO - Sync 1 DAGs
[2023-01-11T16:59:06.928-0500] {logging_mixin.py:137} INFO - [2023-01-11T16:59:06.928-0500] {dag.py:3423} INFO - Setting next_dagrun for example_branch_dop_operator_v3 to 2023-01-11T21:58:00+00:00, run_after=2023-01-11T21:59:00+00:00
[2023-01-11T16:59:06.948-0500] {processor.py:175} INFO - Processing /Library/Frameworks/Python.framework/Versions/3.9/lib/python3.9/site-packages/airflow/example_dags/example_branch_python_dop_operator_3.py took 0.764 seconds
[2023-01-11T17:03:04.610-0500] {processor.py:153} INFO - Started process (PID=13131) to work on /Library/Frameworks/Python.framework/Versions/3.9/lib/python3.9/site-packages/airflow/example_dags/example_branch_python_dop_operator_3.py
[2023-01-11T17:03:04.618-0500] {processor.py:743} INFO - Processing file /Library/Frameworks/Python.framework/Versions/3.9/lib/python3.9/site-packages/airflow/example_dags/example_branch_python_dop_operator_3.py for tasks to queue
[2023-01-11T17:03:04.618-0500] {logging_mixin.py:137} INFO - [2023-01-11T17:03:04.618-0500] {dagbag.py:538} INFO - Filling up the DagBag from /Library/Frameworks/Python.framework/Versions/3.9/lib/python3.9/site-packages/airflow/example_dags/example_branch_python_dop_operator_3.py
[2023-01-11T17:03:04.681-0500] {processor.py:753} INFO - DAG(s) dict_keys(['example_branch_dop_operator_v3']) retrieved from /Library/Frameworks/Python.framework/Versions/3.9/lib/python3.9/site-packages/airflow/example_dags/example_branch_python_dop_operator_3.py
[2023-01-11T17:03:05.333-0500] {logging_mixin.py:137} INFO - [2023-01-11T17:03:05.333-0500] {dag.py:2676} INFO - Sync 1 DAGs
[2023-01-11T17:03:05.357-0500] {logging_mixin.py:137} INFO - [2023-01-11T17:03:05.357-0500] {dag.py:3423} INFO - Setting next_dagrun for example_branch_dop_operator_v3 to 2023-01-11T22:02:00+00:00, run_after=2023-01-11T22:03:00+00:00
[2023-01-11T17:03:05.377-0500] {processor.py:175} INFO - Processing /Library/Frameworks/Python.framework/Versions/3.9/lib/python3.9/site-packages/airflow/example_dags/example_branch_python_dop_operator_3.py took 0.768 seconds
