[2023-01-12T06:00:41.992-0500] {processor.py:153} INFO - Started process (PID=14525) to work on /Library/Frameworks/Python.framework/Versions/3.9/lib/python3.9/site-packages/airflow/example_dags/subdags/subdag.py
[2023-01-12T06:00:42.000-0500] {processor.py:743} INFO - Processing file /Library/Frameworks/Python.framework/Versions/3.9/lib/python3.9/site-packages/airflow/example_dags/subdags/subdag.py for tasks to queue
[2023-01-12T06:00:42.001-0500] {logging_mixin.py:137} INFO - [2023-01-12T06:00:42.000-0500] {dagbag.py:538} INFO - Filling up the DagBag from /Library/Frameworks/Python.framework/Versions/3.9/lib/python3.9/site-packages/airflow/example_dags/subdags/subdag.py
[2023-01-12T06:00:42.052-0500] {processor.py:755} WARNING - No viable dags retrieved from /Library/Frameworks/Python.framework/Versions/3.9/lib/python3.9/site-packages/airflow/example_dags/subdags/subdag.py
[2023-01-12T06:00:46.116-0500] {processor.py:175} INFO - Processing /Library/Frameworks/Python.framework/Versions/3.9/lib/python3.9/site-packages/airflow/example_dags/subdags/subdag.py took 4.125 seconds
[2023-01-12T07:24:01.533-0500] {processor.py:153} INFO - Started process (PID=15019) to work on /Library/Frameworks/Python.framework/Versions/3.9/lib/python3.9/site-packages/airflow/example_dags/subdags/subdag.py
[2023-01-12T07:24:01.538-0500] {processor.py:743} INFO - Processing file /Library/Frameworks/Python.framework/Versions/3.9/lib/python3.9/site-packages/airflow/example_dags/subdags/subdag.py for tasks to queue
[2023-01-12T07:24:01.539-0500] {logging_mixin.py:137} INFO - [2023-01-12T07:24:01.539-0500] {dagbag.py:538} INFO - Filling up the DagBag from /Library/Frameworks/Python.framework/Versions/3.9/lib/python3.9/site-packages/airflow/example_dags/subdags/subdag.py
[2023-01-12T07:24:01.562-0500] {processor.py:755} WARNING - No viable dags retrieved from /Library/Frameworks/Python.framework/Versions/3.9/lib/python3.9/site-packages/airflow/example_dags/subdags/subdag.py
[2023-01-12T07:24:02.163-0500] {processor.py:175} INFO - Processing /Library/Frameworks/Python.framework/Versions/3.9/lib/python3.9/site-packages/airflow/example_dags/subdags/subdag.py took 0.630 seconds
[2023-01-12T07:25:52.509-0500] {processor.py:153} INFO - Started process (PID=15070) to work on /Library/Frameworks/Python.framework/Versions/3.9/lib/python3.9/site-packages/airflow/example_dags/subdags/subdag.py
[2023-01-12T07:25:52.515-0500] {processor.py:743} INFO - Processing file /Library/Frameworks/Python.framework/Versions/3.9/lib/python3.9/site-packages/airflow/example_dags/subdags/subdag.py for tasks to queue
[2023-01-12T07:25:52.515-0500] {logging_mixin.py:137} INFO - [2023-01-12T07:25:52.515-0500] {dagbag.py:538} INFO - Filling up the DagBag from /Library/Frameworks/Python.framework/Versions/3.9/lib/python3.9/site-packages/airflow/example_dags/subdags/subdag.py
[2023-01-12T07:25:52.544-0500] {processor.py:755} WARNING - No viable dags retrieved from /Library/Frameworks/Python.framework/Versions/3.9/lib/python3.9/site-packages/airflow/example_dags/subdags/subdag.py
[2023-01-12T07:25:53.718-0500] {processor.py:175} INFO - Processing /Library/Frameworks/Python.framework/Versions/3.9/lib/python3.9/site-packages/airflow/example_dags/subdags/subdag.py took 1.211 seconds
[2023-01-12T07:27:39.854-0500] {processor.py:153} INFO - Started process (PID=15145) to work on /Library/Frameworks/Python.framework/Versions/3.9/lib/python3.9/site-packages/airflow/example_dags/subdags/subdag.py
[2023-01-12T07:27:39.860-0500] {processor.py:743} INFO - Processing file /Library/Frameworks/Python.framework/Versions/3.9/lib/python3.9/site-packages/airflow/example_dags/subdags/subdag.py for tasks to queue
[2023-01-12T07:27:39.860-0500] {logging_mixin.py:137} INFO - [2023-01-12T07:27:39.860-0500] {dagbag.py:538} INFO - Filling up the DagBag from /Library/Frameworks/Python.framework/Versions/3.9/lib/python3.9/site-packages/airflow/example_dags/subdags/subdag.py
[2023-01-12T07:27:39.877-0500] {processor.py:755} WARNING - No viable dags retrieved from /Library/Frameworks/Python.framework/Versions/3.9/lib/python3.9/site-packages/airflow/example_dags/subdags/subdag.py
[2023-01-12T07:27:40.516-0500] {processor.py:175} INFO - Processing /Library/Frameworks/Python.framework/Versions/3.9/lib/python3.9/site-packages/airflow/example_dags/subdags/subdag.py took 0.662 seconds
[2023-01-12T07:29:22.921-0500] {processor.py:153} INFO - Started process (PID=15205) to work on /Library/Frameworks/Python.framework/Versions/3.9/lib/python3.9/site-packages/airflow/example_dags/subdags/subdag.py
[2023-01-12T07:29:22.927-0500] {processor.py:743} INFO - Processing file /Library/Frameworks/Python.framework/Versions/3.9/lib/python3.9/site-packages/airflow/example_dags/subdags/subdag.py for tasks to queue
[2023-01-12T07:29:22.928-0500] {logging_mixin.py:137} INFO - [2023-01-12T07:29:22.928-0500] {dagbag.py:538} INFO - Filling up the DagBag from /Library/Frameworks/Python.framework/Versions/3.9/lib/python3.9/site-packages/airflow/example_dags/subdags/subdag.py
[2023-01-12T07:29:22.944-0500] {processor.py:755} WARNING - No viable dags retrieved from /Library/Frameworks/Python.framework/Versions/3.9/lib/python3.9/site-packages/airflow/example_dags/subdags/subdag.py
[2023-01-12T07:29:23.556-0500] {processor.py:175} INFO - Processing /Library/Frameworks/Python.framework/Versions/3.9/lib/python3.9/site-packages/airflow/example_dags/subdags/subdag.py took 0.635 seconds
[2023-01-12T07:31:17.210-0500] {processor.py:153} INFO - Started process (PID=15345) to work on /Library/Frameworks/Python.framework/Versions/3.9/lib/python3.9/site-packages/airflow/example_dags/subdags/subdag.py
[2023-01-12T07:31:17.218-0500] {processor.py:743} INFO - Processing file /Library/Frameworks/Python.framework/Versions/3.9/lib/python3.9/site-packages/airflow/example_dags/subdags/subdag.py for tasks to queue
[2023-01-12T07:31:17.219-0500] {logging_mixin.py:137} INFO - [2023-01-12T07:31:17.218-0500] {dagbag.py:538} INFO - Filling up the DagBag from /Library/Frameworks/Python.framework/Versions/3.9/lib/python3.9/site-packages/airflow/example_dags/subdags/subdag.py
[2023-01-12T07:31:17.240-0500] {processor.py:755} WARNING - No viable dags retrieved from /Library/Frameworks/Python.framework/Versions/3.9/lib/python3.9/site-packages/airflow/example_dags/subdags/subdag.py
[2023-01-12T07:31:18.001-0500] {processor.py:175} INFO - Processing /Library/Frameworks/Python.framework/Versions/3.9/lib/python3.9/site-packages/airflow/example_dags/subdags/subdag.py took 0.793 seconds
[2023-01-12T07:33:03.223-0500] {processor.py:153} INFO - Started process (PID=15488) to work on /Library/Frameworks/Python.framework/Versions/3.9/lib/python3.9/site-packages/airflow/example_dags/subdags/subdag.py
[2023-01-12T07:33:03.229-0500] {processor.py:743} INFO - Processing file /Library/Frameworks/Python.framework/Versions/3.9/lib/python3.9/site-packages/airflow/example_dags/subdags/subdag.py for tasks to queue
[2023-01-12T07:33:03.230-0500] {logging_mixin.py:137} INFO - [2023-01-12T07:33:03.229-0500] {dagbag.py:538} INFO - Filling up the DagBag from /Library/Frameworks/Python.framework/Versions/3.9/lib/python3.9/site-packages/airflow/example_dags/subdags/subdag.py
[2023-01-12T07:33:03.246-0500] {processor.py:755} WARNING - No viable dags retrieved from /Library/Frameworks/Python.framework/Versions/3.9/lib/python3.9/site-packages/airflow/example_dags/subdags/subdag.py
[2023-01-12T07:33:04.020-0500] {processor.py:175} INFO - Processing /Library/Frameworks/Python.framework/Versions/3.9/lib/python3.9/site-packages/airflow/example_dags/subdags/subdag.py took 0.798 seconds
[2023-01-12T07:34:51.104-0500] {processor.py:153} INFO - Started process (PID=15530) to work on /Library/Frameworks/Python.framework/Versions/3.9/lib/python3.9/site-packages/airflow/example_dags/subdags/subdag.py
[2023-01-12T07:34:51.111-0500] {processor.py:743} INFO - Processing file /Library/Frameworks/Python.framework/Versions/3.9/lib/python3.9/site-packages/airflow/example_dags/subdags/subdag.py for tasks to queue
[2023-01-12T07:34:51.111-0500] {logging_mixin.py:137} INFO - [2023-01-12T07:34:51.111-0500] {dagbag.py:538} INFO - Filling up the DagBag from /Library/Frameworks/Python.framework/Versions/3.9/lib/python3.9/site-packages/airflow/example_dags/subdags/subdag.py
[2023-01-12T07:34:51.134-0500] {processor.py:755} WARNING - No viable dags retrieved from /Library/Frameworks/Python.framework/Versions/3.9/lib/python3.9/site-packages/airflow/example_dags/subdags/subdag.py
[2023-01-12T07:34:52.087-0500] {processor.py:175} INFO - Processing /Library/Frameworks/Python.framework/Versions/3.9/lib/python3.9/site-packages/airflow/example_dags/subdags/subdag.py took 0.983 seconds
[2023-01-12T07:36:39.766-0500] {processor.py:153} INFO - Started process (PID=15573) to work on /Library/Frameworks/Python.framework/Versions/3.9/lib/python3.9/site-packages/airflow/example_dags/subdags/subdag.py
[2023-01-12T07:36:39.771-0500] {processor.py:743} INFO - Processing file /Library/Frameworks/Python.framework/Versions/3.9/lib/python3.9/site-packages/airflow/example_dags/subdags/subdag.py for tasks to queue
[2023-01-12T07:36:39.772-0500] {logging_mixin.py:137} INFO - [2023-01-12T07:36:39.772-0500] {dagbag.py:538} INFO - Filling up the DagBag from /Library/Frameworks/Python.framework/Versions/3.9/lib/python3.9/site-packages/airflow/example_dags/subdags/subdag.py
[2023-01-12T07:36:39.788-0500] {processor.py:755} WARNING - No viable dags retrieved from /Library/Frameworks/Python.framework/Versions/3.9/lib/python3.9/site-packages/airflow/example_dags/subdags/subdag.py
[2023-01-12T07:36:40.418-0500] {processor.py:175} INFO - Processing /Library/Frameworks/Python.framework/Versions/3.9/lib/python3.9/site-packages/airflow/example_dags/subdags/subdag.py took 0.653 seconds
[2023-01-12T07:38:26.375-0500] {processor.py:153} INFO - Started process (PID=15619) to work on /Library/Frameworks/Python.framework/Versions/3.9/lib/python3.9/site-packages/airflow/example_dags/subdags/subdag.py
[2023-01-12T07:38:26.382-0500] {processor.py:743} INFO - Processing file /Library/Frameworks/Python.framework/Versions/3.9/lib/python3.9/site-packages/airflow/example_dags/subdags/subdag.py for tasks to queue
[2023-01-12T07:38:26.383-0500] {logging_mixin.py:137} INFO - [2023-01-12T07:38:26.382-0500] {dagbag.py:538} INFO - Filling up the DagBag from /Library/Frameworks/Python.framework/Versions/3.9/lib/python3.9/site-packages/airflow/example_dags/subdags/subdag.py
[2023-01-12T07:38:26.401-0500] {processor.py:755} WARNING - No viable dags retrieved from /Library/Frameworks/Python.framework/Versions/3.9/lib/python3.9/site-packages/airflow/example_dags/subdags/subdag.py
[2023-01-12T07:38:27.068-0500] {processor.py:175} INFO - Processing /Library/Frameworks/Python.framework/Versions/3.9/lib/python3.9/site-packages/airflow/example_dags/subdags/subdag.py took 0.694 seconds
[2023-01-12T07:40:26.232-0500] {processor.py:153} INFO - Started process (PID=15741) to work on /Library/Frameworks/Python.framework/Versions/3.9/lib/python3.9/site-packages/airflow/example_dags/subdags/subdag.py
[2023-01-12T07:40:26.240-0500] {processor.py:743} INFO - Processing file /Library/Frameworks/Python.framework/Versions/3.9/lib/python3.9/site-packages/airflow/example_dags/subdags/subdag.py for tasks to queue
[2023-01-12T07:40:26.241-0500] {logging_mixin.py:137} INFO - [2023-01-12T07:40:26.240-0500] {dagbag.py:538} INFO - Filling up the DagBag from /Library/Frameworks/Python.framework/Versions/3.9/lib/python3.9/site-packages/airflow/example_dags/subdags/subdag.py
[2023-01-12T07:40:26.262-0500] {processor.py:755} WARNING - No viable dags retrieved from /Library/Frameworks/Python.framework/Versions/3.9/lib/python3.9/site-packages/airflow/example_dags/subdags/subdag.py
[2023-01-12T07:40:27.031-0500] {processor.py:175} INFO - Processing /Library/Frameworks/Python.framework/Versions/3.9/lib/python3.9/site-packages/airflow/example_dags/subdags/subdag.py took 0.799 seconds
[2023-01-12T07:42:28.538-0500] {processor.py:153} INFO - Started process (PID=15783) to work on /Library/Frameworks/Python.framework/Versions/3.9/lib/python3.9/site-packages/airflow/example_dags/subdags/subdag.py
[2023-01-12T07:42:28.546-0500] {processor.py:743} INFO - Processing file /Library/Frameworks/Python.framework/Versions/3.9/lib/python3.9/site-packages/airflow/example_dags/subdags/subdag.py for tasks to queue
[2023-01-12T07:42:28.548-0500] {logging_mixin.py:137} INFO - [2023-01-12T07:42:28.548-0500] {dagbag.py:538} INFO - Filling up the DagBag from /Library/Frameworks/Python.framework/Versions/3.9/lib/python3.9/site-packages/airflow/example_dags/subdags/subdag.py
[2023-01-12T07:42:28.569-0500] {processor.py:755} WARNING - No viable dags retrieved from /Library/Frameworks/Python.framework/Versions/3.9/lib/python3.9/site-packages/airflow/example_dags/subdags/subdag.py
[2023-01-12T07:42:29.480-0500] {processor.py:175} INFO - Processing /Library/Frameworks/Python.framework/Versions/3.9/lib/python3.9/site-packages/airflow/example_dags/subdags/subdag.py took 0.943 seconds
[2023-01-12T07:44:29.605-0500] {processor.py:153} INFO - Started process (PID=15843) to work on /Library/Frameworks/Python.framework/Versions/3.9/lib/python3.9/site-packages/airflow/example_dags/subdags/subdag.py
[2023-01-12T07:44:29.613-0500] {processor.py:743} INFO - Processing file /Library/Frameworks/Python.framework/Versions/3.9/lib/python3.9/site-packages/airflow/example_dags/subdags/subdag.py for tasks to queue
[2023-01-12T07:44:29.614-0500] {logging_mixin.py:137} INFO - [2023-01-12T07:44:29.614-0500] {dagbag.py:538} INFO - Filling up the DagBag from /Library/Frameworks/Python.framework/Versions/3.9/lib/python3.9/site-packages/airflow/example_dags/subdags/subdag.py
[2023-01-12T07:44:29.636-0500] {processor.py:755} WARNING - No viable dags retrieved from /Library/Frameworks/Python.framework/Versions/3.9/lib/python3.9/site-packages/airflow/example_dags/subdags/subdag.py
[2023-01-12T07:44:30.449-0500] {processor.py:175} INFO - Processing /Library/Frameworks/Python.framework/Versions/3.9/lib/python3.9/site-packages/airflow/example_dags/subdags/subdag.py took 0.844 seconds
[2023-01-12T07:46:26.375-0500] {processor.py:153} INFO - Started process (PID=15889) to work on /Library/Frameworks/Python.framework/Versions/3.9/lib/python3.9/site-packages/airflow/example_dags/subdags/subdag.py
[2023-01-12T07:46:26.382-0500] {processor.py:743} INFO - Processing file /Library/Frameworks/Python.framework/Versions/3.9/lib/python3.9/site-packages/airflow/example_dags/subdags/subdag.py for tasks to queue
[2023-01-12T07:46:26.383-0500] {logging_mixin.py:137} INFO - [2023-01-12T07:46:26.383-0500] {dagbag.py:538} INFO - Filling up the DagBag from /Library/Frameworks/Python.framework/Versions/3.9/lib/python3.9/site-packages/airflow/example_dags/subdags/subdag.py
[2023-01-12T07:46:26.404-0500] {processor.py:755} WARNING - No viable dags retrieved from /Library/Frameworks/Python.framework/Versions/3.9/lib/python3.9/site-packages/airflow/example_dags/subdags/subdag.py
[2023-01-12T07:46:27.286-0500] {processor.py:175} INFO - Processing /Library/Frameworks/Python.framework/Versions/3.9/lib/python3.9/site-packages/airflow/example_dags/subdags/subdag.py took 0.911 seconds
[2023-01-12T07:48:14.146-0500] {processor.py:153} INFO - Started process (PID=15946) to work on /Library/Frameworks/Python.framework/Versions/3.9/lib/python3.9/site-packages/airflow/example_dags/subdags/subdag.py
[2023-01-12T07:48:14.152-0500] {processor.py:743} INFO - Processing file /Library/Frameworks/Python.framework/Versions/3.9/lib/python3.9/site-packages/airflow/example_dags/subdags/subdag.py for tasks to queue
[2023-01-12T07:48:14.152-0500] {logging_mixin.py:137} INFO - [2023-01-12T07:48:14.152-0500] {dagbag.py:538} INFO - Filling up the DagBag from /Library/Frameworks/Python.framework/Versions/3.9/lib/python3.9/site-packages/airflow/example_dags/subdags/subdag.py
[2023-01-12T07:48:14.168-0500] {processor.py:755} WARNING - No viable dags retrieved from /Library/Frameworks/Python.framework/Versions/3.9/lib/python3.9/site-packages/airflow/example_dags/subdags/subdag.py
[2023-01-12T07:48:14.778-0500] {processor.py:175} INFO - Processing /Library/Frameworks/Python.framework/Versions/3.9/lib/python3.9/site-packages/airflow/example_dags/subdags/subdag.py took 0.633 seconds
[2023-01-12T07:50:18.321-0500] {processor.py:153} INFO - Started process (PID=16068) to work on /Library/Frameworks/Python.framework/Versions/3.9/lib/python3.9/site-packages/airflow/example_dags/subdags/subdag.py
[2023-01-12T07:50:18.329-0500] {processor.py:743} INFO - Processing file /Library/Frameworks/Python.framework/Versions/3.9/lib/python3.9/site-packages/airflow/example_dags/subdags/subdag.py for tasks to queue
[2023-01-12T07:50:18.329-0500] {logging_mixin.py:137} INFO - [2023-01-12T07:50:18.329-0500] {dagbag.py:538} INFO - Filling up the DagBag from /Library/Frameworks/Python.framework/Versions/3.9/lib/python3.9/site-packages/airflow/example_dags/subdags/subdag.py
[2023-01-12T07:50:18.363-0500] {processor.py:755} WARNING - No viable dags retrieved from /Library/Frameworks/Python.framework/Versions/3.9/lib/python3.9/site-packages/airflow/example_dags/subdags/subdag.py
[2023-01-12T07:50:19.308-0500] {processor.py:175} INFO - Processing /Library/Frameworks/Python.framework/Versions/3.9/lib/python3.9/site-packages/airflow/example_dags/subdags/subdag.py took 0.987 seconds
[2023-01-12T07:52:23.582-0500] {processor.py:153} INFO - Started process (PID=16117) to work on /Library/Frameworks/Python.framework/Versions/3.9/lib/python3.9/site-packages/airflow/example_dags/subdags/subdag.py
[2023-01-12T07:52:23.588-0500] {processor.py:743} INFO - Processing file /Library/Frameworks/Python.framework/Versions/3.9/lib/python3.9/site-packages/airflow/example_dags/subdags/subdag.py for tasks to queue
[2023-01-12T07:52:23.589-0500] {logging_mixin.py:137} INFO - [2023-01-12T07:52:23.589-0500] {dagbag.py:538} INFO - Filling up the DagBag from /Library/Frameworks/Python.framework/Versions/3.9/lib/python3.9/site-packages/airflow/example_dags/subdags/subdag.py
[2023-01-12T07:52:23.608-0500] {processor.py:755} WARNING - No viable dags retrieved from /Library/Frameworks/Python.framework/Versions/3.9/lib/python3.9/site-packages/airflow/example_dags/subdags/subdag.py
[2023-01-12T07:52:24.326-0500] {processor.py:175} INFO - Processing /Library/Frameworks/Python.framework/Versions/3.9/lib/python3.9/site-packages/airflow/example_dags/subdags/subdag.py took 0.746 seconds
[2023-01-12T07:54:14.586-0500] {processor.py:153} INFO - Started process (PID=16153) to work on /Library/Frameworks/Python.framework/Versions/3.9/lib/python3.9/site-packages/airflow/example_dags/subdags/subdag.py
[2023-01-12T07:54:14.592-0500] {processor.py:743} INFO - Processing file /Library/Frameworks/Python.framework/Versions/3.9/lib/python3.9/site-packages/airflow/example_dags/subdags/subdag.py for tasks to queue
[2023-01-12T07:54:14.592-0500] {logging_mixin.py:137} INFO - [2023-01-12T07:54:14.592-0500] {dagbag.py:538} INFO - Filling up the DagBag from /Library/Frameworks/Python.framework/Versions/3.9/lib/python3.9/site-packages/airflow/example_dags/subdags/subdag.py
[2023-01-12T07:54:14.610-0500] {processor.py:755} WARNING - No viable dags retrieved from /Library/Frameworks/Python.framework/Versions/3.9/lib/python3.9/site-packages/airflow/example_dags/subdags/subdag.py
[2023-01-12T07:54:15.527-0500] {processor.py:175} INFO - Processing /Library/Frameworks/Python.framework/Versions/3.9/lib/python3.9/site-packages/airflow/example_dags/subdags/subdag.py took 0.941 seconds
[2023-01-12T07:56:09.505-0500] {processor.py:153} INFO - Started process (PID=16191) to work on /Library/Frameworks/Python.framework/Versions/3.9/lib/python3.9/site-packages/airflow/example_dags/subdags/subdag.py
[2023-01-12T07:56:09.511-0500] {processor.py:743} INFO - Processing file /Library/Frameworks/Python.framework/Versions/3.9/lib/python3.9/site-packages/airflow/example_dags/subdags/subdag.py for tasks to queue
[2023-01-12T07:56:09.512-0500] {logging_mixin.py:137} INFO - [2023-01-12T07:56:09.512-0500] {dagbag.py:538} INFO - Filling up the DagBag from /Library/Frameworks/Python.framework/Versions/3.9/lib/python3.9/site-packages/airflow/example_dags/subdags/subdag.py
[2023-01-12T07:56:09.530-0500] {processor.py:755} WARNING - No viable dags retrieved from /Library/Frameworks/Python.framework/Versions/3.9/lib/python3.9/site-packages/airflow/example_dags/subdags/subdag.py
[2023-01-12T07:56:10.177-0500] {processor.py:175} INFO - Processing /Library/Frameworks/Python.framework/Versions/3.9/lib/python3.9/site-packages/airflow/example_dags/subdags/subdag.py took 0.673 seconds
[2023-01-12T07:58:17.095-0500] {processor.py:153} INFO - Started process (PID=16355) to work on /Library/Frameworks/Python.framework/Versions/3.9/lib/python3.9/site-packages/airflow/example_dags/subdags/subdag.py
[2023-01-12T07:58:17.107-0500] {processor.py:743} INFO - Processing file /Library/Frameworks/Python.framework/Versions/3.9/lib/python3.9/site-packages/airflow/example_dags/subdags/subdag.py for tasks to queue
[2023-01-12T07:58:17.108-0500] {logging_mixin.py:137} INFO - [2023-01-12T07:58:17.107-0500] {dagbag.py:538} INFO - Filling up the DagBag from /Library/Frameworks/Python.framework/Versions/3.9/lib/python3.9/site-packages/airflow/example_dags/subdags/subdag.py
[2023-01-12T07:58:17.131-0500] {processor.py:755} WARNING - No viable dags retrieved from /Library/Frameworks/Python.framework/Versions/3.9/lib/python3.9/site-packages/airflow/example_dags/subdags/subdag.py
[2023-01-12T07:58:18.001-0500] {processor.py:175} INFO - Processing /Library/Frameworks/Python.framework/Versions/3.9/lib/python3.9/site-packages/airflow/example_dags/subdags/subdag.py took 0.907 seconds
[2023-01-12T08:00:09.439-0500] {processor.py:153} INFO - Started process (PID=16448) to work on /Library/Frameworks/Python.framework/Versions/3.9/lib/python3.9/site-packages/airflow/example_dags/subdags/subdag.py
[2023-01-12T08:00:09.445-0500] {processor.py:743} INFO - Processing file /Library/Frameworks/Python.framework/Versions/3.9/lib/python3.9/site-packages/airflow/example_dags/subdags/subdag.py for tasks to queue
[2023-01-12T08:00:09.446-0500] {logging_mixin.py:137} INFO - [2023-01-12T08:00:09.446-0500] {dagbag.py:538} INFO - Filling up the DagBag from /Library/Frameworks/Python.framework/Versions/3.9/lib/python3.9/site-packages/airflow/example_dags/subdags/subdag.py
[2023-01-12T08:00:09.465-0500] {processor.py:755} WARNING - No viable dags retrieved from /Library/Frameworks/Python.framework/Versions/3.9/lib/python3.9/site-packages/airflow/example_dags/subdags/subdag.py
[2023-01-12T08:00:10.170-0500] {processor.py:175} INFO - Processing /Library/Frameworks/Python.framework/Versions/3.9/lib/python3.9/site-packages/airflow/example_dags/subdags/subdag.py took 0.732 seconds
[2023-01-12T08:03:03.688-0500] {processor.py:153} INFO - Started process (PID=16519) to work on /Library/Frameworks/Python.framework/Versions/3.9/lib/python3.9/site-packages/airflow/example_dags/subdags/subdag.py
[2023-01-12T08:03:03.698-0500] {processor.py:743} INFO - Processing file /Library/Frameworks/Python.framework/Versions/3.9/lib/python3.9/site-packages/airflow/example_dags/subdags/subdag.py for tasks to queue
[2023-01-12T08:03:03.699-0500] {logging_mixin.py:137} INFO - [2023-01-12T08:03:03.699-0500] {dagbag.py:538} INFO - Filling up the DagBag from /Library/Frameworks/Python.framework/Versions/3.9/lib/python3.9/site-packages/airflow/example_dags/subdags/subdag.py
[2023-01-12T08:03:03.732-0500] {processor.py:755} WARNING - No viable dags retrieved from /Library/Frameworks/Python.framework/Versions/3.9/lib/python3.9/site-packages/airflow/example_dags/subdags/subdag.py
[2023-01-12T08:03:05.152-0500] {processor.py:175} INFO - Processing /Library/Frameworks/Python.framework/Versions/3.9/lib/python3.9/site-packages/airflow/example_dags/subdags/subdag.py took 1.466 seconds
[2023-01-12T08:07:24.972-0500] {processor.py:153} INFO - Started process (PID=16631) to work on /Library/Frameworks/Python.framework/Versions/3.9/lib/python3.9/site-packages/airflow/example_dags/subdags/subdag.py
[2023-01-12T08:07:24.985-0500] {processor.py:743} INFO - Processing file /Library/Frameworks/Python.framework/Versions/3.9/lib/python3.9/site-packages/airflow/example_dags/subdags/subdag.py for tasks to queue
[2023-01-12T08:07:24.987-0500] {logging_mixin.py:137} INFO - [2023-01-12T08:07:24.986-0500] {dagbag.py:538} INFO - Filling up the DagBag from /Library/Frameworks/Python.framework/Versions/3.9/lib/python3.9/site-packages/airflow/example_dags/subdags/subdag.py
[2023-01-12T08:07:25.038-0500] {processor.py:755} WARNING - No viable dags retrieved from /Library/Frameworks/Python.framework/Versions/3.9/lib/python3.9/site-packages/airflow/example_dags/subdags/subdag.py
[2023-01-12T08:07:34.237-0500] {processor.py:175} INFO - Processing /Library/Frameworks/Python.framework/Versions/3.9/lib/python3.9/site-packages/airflow/example_dags/subdags/subdag.py took 9.266 seconds
[2023-01-12T08:11:32.122-0500] {processor.py:153} INFO - Started process (PID=16780) to work on /Library/Frameworks/Python.framework/Versions/3.9/lib/python3.9/site-packages/airflow/example_dags/subdags/subdag.py
[2023-01-12T08:11:32.132-0500] {processor.py:743} INFO - Processing file /Library/Frameworks/Python.framework/Versions/3.9/lib/python3.9/site-packages/airflow/example_dags/subdags/subdag.py for tasks to queue
[2023-01-12T08:11:32.133-0500] {logging_mixin.py:137} INFO - [2023-01-12T08:11:32.133-0500] {dagbag.py:538} INFO - Filling up the DagBag from /Library/Frameworks/Python.framework/Versions/3.9/lib/python3.9/site-packages/airflow/example_dags/subdags/subdag.py
[2023-01-12T08:11:32.163-0500] {processor.py:755} WARNING - No viable dags retrieved from /Library/Frameworks/Python.framework/Versions/3.9/lib/python3.9/site-packages/airflow/example_dags/subdags/subdag.py
[2023-01-12T08:11:33.396-0500] {processor.py:175} INFO - Processing /Library/Frameworks/Python.framework/Versions/3.9/lib/python3.9/site-packages/airflow/example_dags/subdags/subdag.py took 1.275 seconds
[2023-01-12T08:22:06.675-0500] {processor.py:153} INFO - Started process (PID=17322) to work on /Library/Frameworks/Python.framework/Versions/3.9/lib/python3.9/site-packages/airflow/example_dags/subdags/subdag.py
[2023-01-12T08:22:06.685-0500] {processor.py:743} INFO - Processing file /Library/Frameworks/Python.framework/Versions/3.9/lib/python3.9/site-packages/airflow/example_dags/subdags/subdag.py for tasks to queue
[2023-01-12T08:22:06.686-0500] {logging_mixin.py:137} INFO - [2023-01-12T08:22:06.685-0500] {dagbag.py:538} INFO - Filling up the DagBag from /Library/Frameworks/Python.framework/Versions/3.9/lib/python3.9/site-packages/airflow/example_dags/subdags/subdag.py
[2023-01-12T08:22:06.718-0500] {processor.py:755} WARNING - No viable dags retrieved from /Library/Frameworks/Python.framework/Versions/3.9/lib/python3.9/site-packages/airflow/example_dags/subdags/subdag.py
[2023-01-12T08:22:17.479-0500] {processor.py:175} INFO - Processing /Library/Frameworks/Python.framework/Versions/3.9/lib/python3.9/site-packages/airflow/example_dags/subdags/subdag.py took 10.800 seconds
[2023-01-12T08:30:32.676-0500] {processor.py:153} INFO - Started process (PID=17624) to work on /Library/Frameworks/Python.framework/Versions/3.9/lib/python3.9/site-packages/airflow/example_dags/subdags/subdag.py
[2023-01-12T08:30:32.687-0500] {processor.py:743} INFO - Processing file /Library/Frameworks/Python.framework/Versions/3.9/lib/python3.9/site-packages/airflow/example_dags/subdags/subdag.py for tasks to queue
[2023-01-12T08:30:32.688-0500] {logging_mixin.py:137} INFO - [2023-01-12T08:30:32.688-0500] {dagbag.py:538} INFO - Filling up the DagBag from /Library/Frameworks/Python.framework/Versions/3.9/lib/python3.9/site-packages/airflow/example_dags/subdags/subdag.py
[2023-01-12T08:30:32.753-0500] {processor.py:755} WARNING - No viable dags retrieved from /Library/Frameworks/Python.framework/Versions/3.9/lib/python3.9/site-packages/airflow/example_dags/subdags/subdag.py
[2023-01-12T08:30:39.308-0500] {processor.py:175} INFO - Processing /Library/Frameworks/Python.framework/Versions/3.9/lib/python3.9/site-packages/airflow/example_dags/subdags/subdag.py took 6.633 seconds
